slurmstepd-chamb: error: Unable to create TMPDIR [/tmp/user/30108]: Permission denied
slurmstepd-chamb: error: Setting TMPDIR to /tmp
Found path: /home/j/jensenj/PycharmProjects/Federer-Jr./src/../crawler_single/linux/dynamic_server/crawler_dynamic.x86_64
Mono path[0] = '/home/j/jensenj/PycharmProjects/Federer-Jr./src/../crawler_single/linux/dynamic_server/crawler_dynamic_Data/Managed'
Mono config path = '/home/j/jensenj/PycharmProjects/Federer-Jr./src/../crawler_single/linux/dynamic_server/crawler_dynamic_Data/MonoBleedingEdge/etc'
Preloaded 'lib_burst_generated.so'
Preloaded 'libgrpc_csharp_ext.x64.so'
Initialize engine version: 2019.3.15f1 (59ff3e03856d)
[Subsystems] Discovering subsystems at path /home/j/jensenj/PycharmProjects/Federer-Jr./src/../crawler_single/linux/dynamic_server/crawler_dynamic_Data/UnitySubsystems
Forcing GfxDevice: Null
GfxDevice: creating device client; threaded=0
NullGfxDevice:
    Version:  NULL 1.0 [1.0]
    Renderer: Null Device
    Vendor:   Unity Technologies
Begin MonoManager ReloadAssembly
- Completed reload, in  0.102 seconds
WARNING: Shader Unsupported: 'Autodesk Interactive' - All passes removed
WARNING: Shader Did you use #pragma only_renderers and omit this platform?
UnloadTime: 0.443704 ms
Fallback handler could not load library /home/j/jensenj/PycharmProjects/Federer-Jr./src/../crawler_single/linux/dynamic_server/crawler_dynamic_Data/Mono/libcoreclr.so
Fallback handler could not load library /home/j/jensenj/PycharmProjects/Federer-Jr./src/../crawler_single/linux/dynamic_server/crawler_dynamic_Data/Mono/libcoreclr.so
Fallback handler could not load library /home/j/jensenj/PycharmProjects/Federer-Jr./src/../crawler_single/linux/dynamic_server/crawler_dynamic_Data/Mono/libcoreclr.so
Fallback handler could not load library /home/j/jensenj/PycharmProjects/Federer-Jr./src/../crawler_single/linux/dynamic_server/crawler_dynamic_Data/Mono/libSystem.dylib
Fallback handler could not load library /home/j/jensenj/PycharmProjects/Federer-Jr./src/../crawler_single/linux/dynamic_server/crawler_dynamic_Data/Mono/libSystem.dylib.so
Fallback handler could not load library /home/j/jensenj/PycharmProjects/Federer-Jr./src/../crawler_single/linux/dynamic_server/crawler_dynamic_Data/Mono/libSystem.dylib
Fallback handler could not load library /home/j/jensenj/PycharmProjects/Federer-Jr./src/../crawler_single/linux/dynamic_server/crawler_dynamic_Data/Mono/libcoreclr.so
Fallback handler could not load library /home/j/jensenj/PycharmProjects/Federer-Jr./src/../crawler_single/linux/dynamic_server/crawler_dynamic_Data/Mono/libcoreclr.so
Fallback handler could not load library /home/j/jensenj/PycharmProjects/Federer-Jr./src/../crawler_single/linux/dynamic_server/crawler_dynamic_Data/Mono/libcoreclr.so
Fallback handler could not load library /home/j/jensenj/PycharmProjects/Federer-Jr./src/../crawler_single/linux/dynamic_server/crawler_dynamic_Data/Mono/libSystem.dylib
Fallback handler could not load library /home/j/jensenj/PycharmProjects/Federer-Jr./src/../crawler_single/linux/dynamic_server/crawler_dynamic_Data/Mono/libSystem.dylib.so
Fallback handler could not load library /home/j/jensenj/PycharmProjects/Federer-Jr./src/../crawler_single/linux/dynamic_server/crawler_dynamic_Data/Mono/libSystem.dylib
/home/j/jensenj/.local/lib/python3.6/site-packages/tensorboard/compat/tensorflow_stub/dtypes.py:541: FutureWarning: Passing (type, 1) or '1type' as a synonym of type is deprecated; in a future version of numpy, it will be understood as (type, (1,)) / '(1,)type'.
  _np_qint8 = np.dtype([("qint8", np.int8, 1)])
/home/j/jensenj/.local/lib/python3.6/site-packages/tensorboard/compat/tensorflow_stub/dtypes.py:542: FutureWarning: Passing (type, 1) or '1type' as a synonym of type is deprecated; in a future version of numpy, it will be understood as (type, (1,)) / '(1,)type'.
  _np_quint8 = np.dtype([("quint8", np.uint8, 1)])
/home/j/jensenj/.local/lib/python3.6/site-packages/tensorboard/compat/tensorflow_stub/dtypes.py:543: FutureWarning: Passing (type, 1) or '1type' as a synonym of type is deprecated; in a future version of numpy, it will be understood as (type, (1,)) / '(1,)type'.
  _np_qint16 = np.dtype([("qint16", np.int16, 1)])
/home/j/jensenj/.local/lib/python3.6/site-packages/tensorboard/compat/tensorflow_stub/dtypes.py:544: FutureWarning: Passing (type, 1) or '1type' as a synonym of type is deprecated; in a future version of numpy, it will be understood as (type, (1,)) / '(1,)type'.
  _np_quint16 = np.dtype([("quint16", np.uint16, 1)])
/home/j/jensenj/.local/lib/python3.6/site-packages/tensorboard/compat/tensorflow_stub/dtypes.py:545: FutureWarning: Passing (type, 1) or '1type' as a synonym of type is deprecated; in a future version of numpy, it will be understood as (type, (1,)) / '(1,)type'.
  _np_qint32 = np.dtype([("qint32", np.int32, 1)])
/home/j/jensenj/.local/lib/python3.6/site-packages/tensorboard/compat/tensorflow_stub/dtypes.py:550: FutureWarning: Passing (type, 1) or '1type' as a synonym of type is deprecated; in a future version of numpy, it will be understood as (type, (1,)) / '(1,)type'.
  np_resource = np.dtype([("resource", np.ubyte, 1)])
2020-06-25 12:35:21 INFO [environment.py:108] Connected to Unity environment with package version 1.0.2 and communication version 1.0.0
2020-06-25 12:35:21 INFO [environment.py:265] Connected new brain:
CrawlerDynamic?team=0
2020-06-25 12:35:21 WARNING [__init__.py:92] The environment contains multiple observations. You must define allow_multiple_obs=True to receive them all. Otherwise, only the first visual observation (or vector observation ifthere are no visual observations) will be provided in the observation.
update_time_steps: 10240 , ppo_epochs: 8 , beta:  0.1 , gamma 0.9
0 : -0.9160164911299944
1 : -3.490239039529115
2 : -1.1506797261536121
3 : -0.7145150215364993
4 : -0.9925330830737948
5 : 2.7535141091793776
6 : -0.16109974775463343
7 : -0.7368633551523089
8 : -1.2339668564964086
9 : -0.32551966793835163
10 : 2.6892855253536254
11 : -1.1219940255396068
12 : -1.7627883851528168
13 : -0.7194258449599147
14 : -1.2756422981619835
15 : -1.550961796194315
16 : -1.3265806660056114
17 : -3.3749262476339936
18 : -1.918514200951904
19 : -1.228444941341877
20 : -0.785339985974133
21 : -1.6958006992936134
22 : -1.0657650982029736
23 : -1.1409085863269866
24 : 2.694370023906231
25 : -1.8594688847661018
26 : -0.696515301708132
27 : -1.0229395190253854
28 : -2.416329298168421
29 : -3.474887170828879
30 : -1.78766318410635
31 : -2.3183221579529345
32 : -1.5267041279003024
33 : 4.1721082157455385
34 : -0.8461267179809511
35 : -1.5239853356033564
36 : -1.3990952661260962
37 : -1.1798141566105187
38 : -2.146162074059248
39 : 0.4443825683556497
40 : -0.9800957506522536
41 : -1.420497315004468
42 : -0.9740249747410417
43 : -1.1892267055809498
44 : -2.411169869825244
45 : -0.9305504015646875
46 : 5.6087151151150465
47 : 5.877672800794244
48 : -1.4142804322764277
49 : -0.898618278093636
50 : -1.4375198944471776
51 : -1.2100677089765668
52 : 0.08204312203451991
53 : 1.1107240887358785
54 : 2.101836766116321
55 : -0.9052592730149627
56 : -1.6084726229310036
57 : -1.226213400484994
58 : 0.29722205735743046
59 : -1.6195082012563944
60 : -0.4525466770865023
61 : -1.02481200825423
62 : -1.3195038051344454
63 : -1.61361274542287
64 : -1.3116016359999776
65 : -0.9866800708696246
66 : -0.8554564937949181
67 : -1.7750660553574562
68 : -1.3944943165406585
69 : -1.6204553060233593
70 : -1.312875107396394
71 : -0.9256524741649628
72 : 0.24049478769302368
73 : -1.0934393093921244
74 : 0.06084463372826576
75 : -0.19898851588368416
76 : -1.1380200067069381
77 : -1.4653274528682232
78 : -0.7142310775816441
79 : -2.0449935237993486
80 : -1.2720746998675168
81 : -1.4862048346549273
82 : -1.5449730707332492
83 : -1.4105081823654473
84 : -0.9311331445351243
85 : -1.0771007862640545
86 : -3.11530257249251
87 : -0.9154423484578729
88 : -0.8846907231491059
89 : -1.1798226269893348
90 : -1.880787892267108
91 : -1.8809509873390198
92 : -1.1624685782007873
93 : -1.58052897779271
94 : -4.601653894409537
95 : -3.9746020794846117
96 : -1.0863720010966063
97 : -0.4746468337252736
98 : -1.2816185113042593
99 : -0.9809162234887481
100 : 2.749316059052944
101 : -1.3354208711534739
102 : -1.7599030919373035
103 : -0.6391868693754077
104 : -1.3197879660874605
105 : -1.7133963350206614
106 : -0.5512400437146425
107 : -1.3542149784043431
108 : -1.7300069140037522
109 : -1.70574896549806
110 : -0.9723942782729864
111 : -1.6120476555079222
112 : -2.3959268424659967
113 : -1.203932770062238
114 : -1.1436123307794333
115 : -2.9436657866463065
116 : -0.91638891864568
117 : -1.1982810269109905
118 : -1.6413205014541745
119 : -2.1109773106873035
120 : -0.8588811252266169
121 : -0.731631392147392
122 : 0.9314090078696609
123 : -2.1303381621837616
124 : -1.6319185122847557
125 : -2.552964015863836
126 : -0.9957351414486766
127 : -1.3497184915468097
128 : -3.197356660850346
129 : 0.8520704847760499
130 : -1.5315545126795769
131 : -1.315468143671751
132 : -1.5501944115385413
133 : -0.7842164901085198
134 : -1.5023365672677755
135 : -1.6592381880618632
136 : -0.9839712996035814
137 : -0.7396648065187037
138 : -1.8307421207427979
139 : -1.819057658314705
140 : -0.4580318487714976
141 : -0.8769883182831109
142 : -0.7390235271304846
143 : -0.7303833020851016
144 : -1.6121001541614532
145 : -1.5587368248961866
146 : -1.5279451021924615
147 : -3.6514238072559237
148 : -1.2837971560657024
149 : -0.7741932552307844
150 : -3.6157036684453487
151 : -1.7525272441562265
152 : -1.1494572162628174
153 : -3.789047204423696
154 : -1.4309607902541757
155 : -7.62832747772336
156 : -1.056084590498358
157 : -2.9510065536014736
158 : -0.5525300204753876
159 : -1.3035139762796462
160 : -0.9418293121270835
161 : -2.884397741407156
162 : -1.654571303166449
163 : -0.9755941242910922
164 : 0.1642396659590304
165 : -3.616733143106103
166 : -4.124721136991866
167 : -1.5151976570487022
168 : -1.2924784966744483
169 : -1.3300576056353748
170 : -1.7353077605366707
171 : -1.1238114731386304
172 : -1.04886744171381
173 : 5.966417409479618
174 : -1.0776844592764974
175 : -0.8021078249439597
176 : -1.70862470054999
177 : 0.18314383504912257
178 : -1.6595385409891605
179 : -0.6189075671136379
180 : -0.33644408360123634
181 : 0.26058738958090544
182 : -1.4147300142794847
183 : -0.8184722475707531
184 : -1.8252001479268074
185 : -1.3999739605933428
186 : -1.2829704582691193
187 : -2.461426882073283
188 : -1.7521568983793259
189 : -1.541673470288515
190 : -1.4970124391838908
191 : -5.529031751211733
192 : 0.10956572089344263
193 : -1.4757797964848578
194 : 0.9792388416826725
195 : -1.4359491914510727
196 : -1.2059444542974234
197 : -1.553373227827251
198 : -0.44607572350651026
199 : -2.2673471570014954
200 : 1.0273452729452401
201 : -2.7986352667212486
202 : -1.1558591038919985
203 : -1.5490890350192785
204 : -0.840782537125051
205 : -1.2457662960514426
206 : -1.0740124566946179
207 : -0.7183913616463542
208 : -1.8786218594759703
209 : -0.787513520102948
210 : -1.906192955095321
211 : -2.556978814303875
212 : -1.606523829861544
213 : -0.8197788493707776
214 : 5.036403323756531
215 : -1.1451547276228666
216 : -1.0020044539123774
217 : -0.8316487297415733
218 : -1.5056167878210545
219 : -1.8151492229662836
220 : -0.6065753120929003
221 : -1.3631843328475952
222 : -1.0541105478769168
223 : -1.203234588901978
224 : -2.3245342448353767
225 : -1.3365501929074526
226 : -1.2258027116768062
227 : -0.4850358439143747
228 : -1.8824503719806671
229 : 0.7733125919476151
230 : -2.6564957960508764
231 : -2.8317218832671642
232 : -1.710595928132534
233 : 2.230037983506918
234 : -1.65125823719427
235 : -0.46288929134607315
236 : -2.0438384860754013
237 : 0.7550655994564295
238 : -1.1911093639209867
239 : -2.152590647339821
240 : -0.9757958725094795
241 : -1.957285732962191
242 : -1.123431789688766
243 : -2.069811651483178
244 : -1.6246588500216603
245 : -0.9506076369434595
246 : -0.4076504912227392
247 : -2.060481298714876
248 : -0.734923180192709
249 : -1.9440697357058525
250 : -1.878881418146193
251 : -1.6785045303404331
252 : -1.722443173872307
253 : -0.9915017476305366
254 : -1.3276896786410362
255 : -1.351499118609354
256 : -1.5330543862655759
257 : -3.565983870998025
258 : -1.2460960131138563
259 : -1.6554784537293017
260 : -7.286402273923159
261 : -1.466004234738648
262 : -1.4862673818133771
263 : -1.7132874242961407
264 : -1.308109977748245
265 : -1.203245994169265
266 : -1.131711988709867
267 : -1.153778983047232
268 : 0.46012157504446805
269 : -1.282019879668951
270 : -0.8972286963835359
271 : 3.887749718502164
272 : -1.4917092705145478
273 : -1.6747181378304958
274 : -1.4839250352233648
275 : 0.15199986286461353
276 : -2.4009779393672943
277 : -3.2621949361637235
278 : -1.0003535277210176
279 : -1.2039067409932613
280 : -1.8292633853852749
281 : -1.0965512990951538
282 : -5.30801997333765
283 : -1.3915689550340176
284 : -1.023086717352271
285 : -1.1688943803310394
286 : -1.6925978539511561
287 : 1.1483119893819094
288 : -0.7318383464589715
289 : -1.3401901256293058
290 : -3.059176728129387
291 : -1.424447976052761
292 : -1.1200833865441382
293 : -1.798723767278716
294 : -1.8476287983357906
295 : -0.9809612287208438
296 : -4.759891587775201
297 : -1.7020209138281643
298 : -1.6312642572447658
299 : -3.432927345857024
300 : 1.6731020039878786
301 : -1.4615780375897884
302 : -2.186338777653873
303 : -4.910041328519583
304 : 9.30361969023943
305 : -0.7273068660870194
306 : -1.1997013362124562
307 : -1.4010070003569126
308 : -2.672839853912592
309 : -1.0920280462596565
310 : -0.1446649469435215
311 : -2.2767835706472397
312 : -1.6673981081694365
313 : -5.648746229708195
314 : -1.0777725409716368
315 : -0.8916562180966139
316 : -3.853012690320611
317 : -0.7397042401134968
318 : -1.0804910231381655
319 : -1.5834893099963665
320 : -1.3105839677155018
321 : -0.7269816491752863/home/j/jensenj/.local/lib/python3.6/site-packages/gym/logger.py:30: UserWarning: [33mWARN: Box bound precision lowered by casting to float32[0m
  warnings.warn(colorize('%s: %s'%('WARN', msg % args), 'yellow'))
/home/j/jensenj/.local/lib/python3.6/site-packages/numpy/core/_methods.py:160: RuntimeWarning: invalid value encountered in reduce
  ret = umr_sum(arr, axis, dtype, out, keepdims)

322 : -2.0547053064219654
323 : -1.6846967339515686
324 : -2.5971590490080416
325 : -1.5692897476255894
326 : -0.8631273303180933
327 : -1.8938068896532059
328 : -0.7564518433064222
329 : -1.3756269090808928
330 : 0.3918436970561743
331 : -1.388645256171003
332 : -0.19203523686155677
333 : -1.9451991096138954
334 : -1.0801692120730877
335 : -0.7791560785844922
336 : -1.46654617250897
337 : 0.5535430556628853
338 : -2.036159905605018
339 : -0.7055952362716198
340 : -1.2694431343115866
341 : -1.2380455089733005
342 : -0.8085349146276712
343 : -0.6779142189770937
344 : -1.7766298726201057
345 : -1.197444541961886
346 : -4.854620261117816
347 : -0.9422259777784348
348 : -1.2496807482093573
349 : 0.2941848896443844
350 : -1.720379683189094
351 : -0.04079880751669407
352 : -1.1655861996114254
353 : -0.9005540255457163
354 : -4.155693811364472
355 : -1.5752548454329371
356 : -1.2829138952074572
357 : 0.4836827153339982
358 : -0.9391290377825499
359 : -0.8063693079166114
360 : -1.603068593190983
361 : -0.7719205329194665
362 : 0.9045129898004234
363 : -2.0141037963330746
364 : -0.1574499700218439
365 : 0.563114901073277
366 : -1.690952567383647
367 : -1.0768458684906363
368 : -0.29102960508316755
369 : -0.7653405610471964
370 : -1.4564123088493943
371 : -0.778471315279603
372 : -1.7065301351249218
373 : -1.8455052506178617
374 : -1.5580215640366077
375 : 1.4021227974444628
376 : -1.7636909186840057
377 : -2.8818556033074856
378 : -4.31735897809267
379 : -0.8910712720826268
380 : -1.0679774307645857
381 : -1.6020300118252635
382 : -2.763406141777523
383 : -2.427483232691884
384 : -2.105520747601986
385 : -0.44474939350038767
386 : -3.023716622032225
387 : -1.052695584949106
388 : -1.4573829174041748
389 : -1.795695148408413
390 : 1.915792876854539
391 : -1.9029176756739616
392 : -0.31535838544368744
393 : -1.2043012222275138
394 : -1.3871600066777319
395 : -2.2254394721239805
396 : -1.3884421437978745
397 : -0.7493052463978529
398 : -3.6438810364343226
399 : -1.0022890870459378
400 : -1.0949395368807018
401 : 1.6631552428007126
402 : -1.6717220544815063
403 : -1.479201806243509
404 : -1.1284123491495848
405 : -0.8659424781799316
406 : -6.062690287362784
407 : -1.7887753704562783
408 : -1.5316487443633378
409 : -1.8573866594815627
410 : -1.8320366574916989
411 : -1.7558166207745671
412 : -1.4795589707791805
413 : -4.028203737922013
414 : -1.4943390600383282
415 : -0.38617475517094135
416 : -1.2973478408530354
417 : -0.3788970848545432
418 : -1.9299637135118246
419 : -0.7465767562389374
420 : -4.517461331561208
421 : -1.5831328369677067
422 : -1.317404300905764
423 : 0.23764633014798164
424 : 2.0780133679509163
425 : -2.331888913642615
426 : -1.05788760073483
427 : -1.6503549050539732
428 : -1.180761156603694
429 : -1.5416328106075525
430 : -5.198560872580856
431 : -2.4841824960894883
432 : -1.1797671113163233
433 : -1.4143029367551208
434 : 0.017652470618486404
435 : -1.2928335308097303
436 : -2.0302150254137814
437 : -1.4297441095113754
438 : -2.2876798678189516
439 : -3.646592454984784
440 : -1.1776226675137877
441 : -1.798908601514995
442 : -2.1133804470300674
443 : -2.6016733972355723
444 : -1.4869362660683692
445 : -1.0228833248838782
446 : -0.8495401786640286
447 : -1.6289217472076416
448 : -0.8466422511264682
449 : -2.274994120001793
450 : -1.2065805541351438
451 : -1.577583534643054
452 : -0.8931765384040773
453 : -1.0733760222792625
454 : -0.8484004735946655
455 : -1.968507844954729
456 : -1.6594730950891972
457 : -1.4582609683275223
458 : -0.3634788659401238
459 : -1.8154232278466225
460 : -2.1561777275055647
461 : -1.1057041669264436
462 : -1.7016077172011137
463 : -2.027741387486458
464 : -1.3131011165678501
465 : -3.49397624284029
466 : -1.2712961095385253
467 : -12.050843919627368
468 : -5.5881600878201425
469 : -1.4866403434425592
470 : -1.0614273259416223
471 : -1.285165042616427
472 : -1.1666134903207421
473 : -1.5132846301421523
474 : 1.5471072904765606
475 : -1.8865119889378548
476 : -2.2690334003418684
477 : -3.1607305025681853
478 : -1.2108159449417144
479 : -6.806278740987182
480 : -1.5054326807148755
481 : -0.9175990298390388
482 : -1.0476129846647382
483 : -1.4925195518881083
484 : -1.8220950961112976
485 : -1.6273433398455381
486 : -1.7934856973588467
487 : -1.059672063216567
488 : -2.3772353902459145
489 : -0.7789349565282464
490 : -2.0962744280695915
491 : -1.4188424367457628
492 : -0.9390884125605226
493 : -1.529092013835907
494 : -0.9283418543636799
495 : -1.1268538106232882
496 : -1.122296885587275
497 : -1.2809173727873713
498 : -1.2066979993251152
499 : -1.0605429951101542
500 : -1.888379730284214
501 : -2.590233901515603
502 : -0.9360638093203306
503 : -0.7374441027641296
504 : -1.8142696470022202
505 : -1.5837770942598581
506 : -1.946079894900322
507 : -1.558780051767826
508 : -1.7613443434238434
509 : -1.5608710199594498
510 : -1.276227549649775
511 : -6.690057518426329
512 : -3.364804250188172
513 : -6.967605970799923
514 : 0.16286318586207926
515 : -1.4626404894515872
516 : -1.596056491136551
517 : -12.009887743741274
518 : -1.3777566496282816
519 : -1.4324795063585043
520 : -1.1579929657746106
521 : -4.189344750251621
522 : -1.531691306270659
523 : -0.5572491763159633
524 : -0.8250344023108482
525 : -0.33282368816435337
526 : -1.2642870228737593
527 : -0.22509344527497888
528 : 0.17336238082498312
529 : -1.4677023785188794
530 : -0.6928076772019267
531 : 1.760075795929879
532 : -1.6080737188458443
533 : -1.331640102667734
534 : -1.772190798772499
535 : -2.205552354454994
536 : -1.9774520564824343
537 : -1.0131616783328354
538 : 3.174131518229842
539 : -1.1345179853960872
540 : 0.5655869292095304
541 : 1.7903675884008408
542 : -2.180083220358938
543 : -0.7059662025421858
544 : -0.9914261300582439
545 : -4.161369550973177
546 : -1.8844735361635685
547 : -0.7025808193720877
548 : -2.0559953078627586
549 : -0.9956164555624127
550 : -3.3377115856856108
551 : -0.8786671757698059
552 : -7.665034000761807
553 : -1.9466613251715899
554 : -3.231135204434395
555 : -3.4435211019590497
556 : -0.6957268826663494
557 : -0.9047574996948242
558 : -2.7604034561663866
559 : -1.3410272137261927
560 : -1.384777040220797
561 : -1.6772297360002995
562 : -1.5231904298998415
563 : -1.7801667973399162
564 : -6.757146945921704
565 : -0.9839973403140903
566 : -0.7920449282974005
567 : -1.1160845663398504
568 : -0.2137949790339917
569 : -0.8390849269926548
570 : -0.33350480627268553
571 : -1.2625113152898848
572 : -0.6700633661821485
573 : -2.000251574907452
574 : -0.9229690795764327
575 : -1.140128827188164
576 : -0.9259217591024935
577 : -2.8250529509969056
578 : -1.7380186039954424
579 : 0.09463303023949265
580 : -1.3392251962795854
581 : -1.9735890701413155
582 : -1.2966190646402538
583 : -2.0855735009536147
584 : -1.0552687617018819
585 : -1.223785551264882
586 : -1.3717861156910658
587 : -0.7447673296555877
588 : -2.171999044716358
589 : 0.16152671817690134
590 : -1.9479151600971818
591 : -1.9172190204262733
592 : 0.6752358870580792
593 : -0.8232645308598876
594 : -1.2211440191604197
595 : 0.008083370514214039
596 : -0.48807364283129573
597 : -1.2875767229124904
598 : -0.4070994611829519
599 : -1.8792970646172762
600 : -1.40802304726094
601 : -1.0884591089561582
602 : -1.324732550419867
603 : -0.7466931450180709
604 : -1.226494534406811
605 : -1.4063388272188604
606 : -1.0640356321819127
607 : -0.9115265710279346
608 : -1.7937790639698505
609 : -1.3476047236472368
610 : -0.7744881530525163
611 : -1.840944331139326
612 : -1.3685511788353324
613 : -1.5683590434491634
614 : -0.6380364545620978
615 : -1.0259601813741028
616 : -0.662609476596117
617 : -1.1045763487927616
618 : -2.4097445383667946
619 : -2.5636270996183157
620 : -1.1557590262964368
621 : -1.3129131263121963
622 : -1.7983800135552883
623 : -1.4998229406774044
624 : -3.1610591476783156
625 : 2.0724525712430477
626 : -1.3014010193292052
627 : -0.6636461848393083
628 : -1.212651425972581
629 : -1.971641793847084
630 : -1.6701991222798824
631 : -1.1583074708469212
632 : -0.26874104980379343
633 : -2.2827832996845245
634 : -1.4440608816221356
635 : -0.6939914096146822
636 : -1.1512666270136833
637 : -0.7857044865377247
638 : 0.6005906159989536
639 : -2.0627175886183977
640 : -1.4141916036605835
641 : -0.9557395749725401
642 : -1.7782511059194803
643 : -1.3737433245405555
644 : -1.2018567565828562
645 : -1.9011724689044058
646 : 0.7866324419155717
647 : -1.2795920642092824
648 : -1.400092663243413
649 : -1.0439227558672428
650 : -0.27479743026196957
651 : -1.9028379684314132
652 : -1.6802626312710345
653 : -2.4434931175783277
654 : -1.287108635995537
655 : -1.4195228833705187
656 : -1.3893964770250022
657 : -1.070243963971734
658 : -2.856680196709931
659 : -2.0592986345291138
660 : -0.44145084638148546
661 : -0.5556032699532807
662 : -2.0973396305926144
663 : -2.693842252716422
!!! updated
664 : -1.7068335435469635
665 : -0.8008587006479502
666 : -0.7146764546632767
667 : -0.8773109470494092
Setting up 2 worker threads for Enlighten.
  Thread -> id: 7efc25397700 -> priority: 1 
  Thread -> id: 7efc24b96700 -> priority: 1 
Traceback (most recent call last):
  File "main.py", line 123, in <module>
    returns = [episode(env, agent, i) for i in range(training_episodes)]
  File "main.py", line 123, in <listcomp>
    returns = [episode(env, agent, i) for i in range(training_episodes)]
  File "main.py", line 30, in episode
    next_state, reward, done, _ = env.step(action.numpy()[0])
  File "/home/j/jensenj/.local/lib/python3.6/site-packages/gym_unity/envs/__init__.py", line 177, in step
    self._env.step()
  File "/home/j/jensenj/.local/lib/python3.6/site-packages/mlagents_envs/timers.py", line 305, in wrapped
    return func(*args, **kwargs)
  File "/home/j/jensenj/.local/lib/python3.6/site-packages/mlagents_envs/environment.py", line 319, in step
    self._update_state(rl_output)
  File "/home/j/jensenj/.local/lib/python3.6/site-packages/mlagents_envs/environment.py", line 275, in _update_state
    agent_info_list, self._env_specs[brain_name]
  File "/home/j/jensenj/.local/lib/python3.6/site-packages/mlagents_envs/timers.py", line 305, in wrapped
    return func(*args, **kwargs)
  File "/home/j/jensenj/.local/lib/python3.6/site-packages/mlagents_envs/rpc_utils.py", line 188, in steps_from_proto
    obs_index, obs_shape, decision_agent_info_list
  File "/home/j/jensenj/.local/lib/python3.6/site-packages/mlagents_envs/timers.py", line 305, in wrapped
    return func(*args, **kwargs)
  File "/home/j/jensenj/.local/lib/python3.6/site-packages/mlagents_envs/rpc_utils.py", line 152, in _process_vector_observation
    _raise_on_nan_and_inf(np_obs, "observations")
  File "/home/j/jensenj/.local/lib/python3.6/site-packages/mlagents_envs/rpc_utils.py", line 130, in _raise_on_nan_and_inf
    raise RuntimeError(f"The {source} provided had NaN values.")
RuntimeError: The observations provided had NaN values.
2020-06-25 12:47:53 INFO [environment.py:418] Environment shut down with return code 0.
