slurmstepd-brenz: error: Unable to create TMPDIR [/tmp/user/30108]: Permission denied
slurmstepd-brenz: error: Setting TMPDIR to /tmp
Found path: /home/j/jensenj/PycharmProjects/Federer-Jr./src/../crawler_single/linux/dynamic_server/crawler_dynamic.x86_64
Mono path[0] = '/home/j/jensenj/PycharmProjects/Federer-Jr./src/../crawler_single/linux/dynamic_server/crawler_dynamic_Data/Managed'
Mono config path = '/home/j/jensenj/PycharmProjects/Federer-Jr./src/../crawler_single/linux/dynamic_server/crawler_dynamic_Data/MonoBleedingEdge/etc'
Preloaded 'lib_burst_generated.so'
Preloaded 'libgrpc_csharp_ext.x64.so'
Initialize engine version: 2019.3.15f1 (59ff3e03856d)
[Subsystems] Discovering subsystems at path /home/j/jensenj/PycharmProjects/Federer-Jr./src/../crawler_single/linux/dynamic_server/crawler_dynamic_Data/UnitySubsystems
Forcing GfxDevice: Null
GfxDevice: creating device client; threaded=0
NullGfxDevice:
    Version:  NULL 1.0 [1.0]
    Renderer: Null Device
    Vendor:   Unity Technologies
Begin MonoManager ReloadAssembly
- Completed reload, in  0.096 seconds
WARNING: Shader Unsupported: 'Autodesk Interactive' - All passes removed
WARNING: Shader Did you use #pragma only_renderers and omit this platform?
UnloadTime: 0.434974 ms
Fallback handler could not load library /home/j/jensenj/PycharmProjects/Federer-Jr./src/../crawler_single/linux/dynamic_server/crawler_dynamic_Data/Mono/libcoreclr.so
Fallback handler could not load library /home/j/jensenj/PycharmProjects/Federer-Jr./src/../crawler_single/linux/dynamic_server/crawler_dynamic_Data/Mono/libcoreclr.so
Fallback handler could not load library /home/j/jensenj/PycharmProjects/Federer-Jr./src/../crawler_single/linux/dynamic_server/crawler_dynamic_Data/Mono/libcoreclr.so
Fallback handler could not load library /home/j/jensenj/PycharmProjects/Federer-Jr./src/../crawler_single/linux/dynamic_server/crawler_dynamic_Data/Mono/libSystem.dylib
Fallback handler could not load library /home/j/jensenj/PycharmProjects/Federer-Jr./src/../crawler_single/linux/dynamic_server/crawler_dynamic_Data/Mono/libSystem.dylib.so
Fallback handler could not load library /home/j/jensenj/PycharmProjects/Federer-Jr./src/../crawler_single/linux/dynamic_server/crawler_dynamic_Data/Mono/libSystem.dylib
Fallback handler could not load library /home/j/jensenj/PycharmProjects/Federer-Jr./src/../crawler_single/linux/dynamic_server/crawler_dynamic_Data/Mono/libcoreclr.so
Fallback handler could not load library /home/j/jensenj/PycharmProjects/Federer-Jr./src/../crawler_single/linux/dynamic_server/crawler_dynamic_Data/Mono/libcoreclr.so
Fallback handler could not load library /home/j/jensenj/PycharmProjects/Federer-Jr./src/../crawler_single/linux/dynamic_server/crawler_dynamic_Data/Mono/libcoreclr.so
Fallback handler could not load library /home/j/jensenj/PycharmProjects/Federer-Jr./src/../crawler_single/linux/dynamic_server/crawler_dynamic_Data/Mono/libSystem.dylib
Fallback handler could not load library /home/j/jensenj/PycharmProjects/Federer-Jr./src/../crawler_single/linux/dynamic_server/crawler_dynamic_Data/Mono/libSystem.dylib.so
Fallback handler could not load library /home/j/jensenj/PycharmProjects/Federer-Jr./src/../crawler_single/linux/dynamic_server/crawler_dynamic_Data/Mono/libSystem.dylib
/home/j/jensenj/.local/lib/python3.6/site-packages/tensorboard/compat/tensorflow_stub/dtypes.py:541: FutureWarning: Passing (type, 1) or '1type' as a synonym of type is deprecated; in a future version of numpy, it will be understood as (type, (1,)) / '(1,)type'.
  _np_qint8 = np.dtype([("qint8", np.int8, 1)])
/home/j/jensenj/.local/lib/python3.6/site-packages/tensorboard/compat/tensorflow_stub/dtypes.py:542: FutureWarning: Passing (type, 1) or '1type' as a synonym of type is deprecated; in a future version of numpy, it will be understood as (type, (1,)) / '(1,)type'.
  _np_quint8 = np.dtype([("quint8", np.uint8, 1)])
/home/j/jensenj/.local/lib/python3.6/site-packages/tensorboard/compat/tensorflow_stub/dtypes.py:543: FutureWarning: Passing (type, 1) or '1type' as a synonym of type is deprecated; in a future version of numpy, it will be understood as (type, (1,)) / '(1,)type'.
  _np_qint16 = np.dtype([("qint16", np.int16, 1)])
/home/j/jensenj/.local/lib/python3.6/site-packages/tensorboard/compat/tensorflow_stub/dtypes.py:544: FutureWarning: Passing (type, 1) or '1type' as a synonym of type is deprecated; in a future version of numpy, it will be understood as (type, (1,)) / '(1,)type'.
  _np_quint16 = np.dtype([("quint16", np.uint16, 1)])
/home/j/jensenj/.local/lib/python3.6/site-packages/tensorboard/compat/tensorflow_stub/dtypes.py:545: FutureWarning: Passing (type, 1) or '1type' as a synonym of type is deprecated; in a future version of numpy, it will be understood as (type, (1,)) / '(1,)type'.
  _np_qint32 = np.dtype([("qint32", np.int32, 1)])
/home/j/jensenj/.local/lib/python3.6/site-packages/tensorboard/compat/tensorflow_stub/dtypes.py:550: FutureWarning: Passing (type, 1) or '1type' as a synonym of type is deprecated; in a future version of numpy, it will be understood as (type, (1,)) / '(1,)type'.
  np_resource = np.dtype([("resource", np.ubyte, 1)])
2020-06-25 12:03:21 INFO [environment.py:108] Connected to Unity environment with package version 1.0.2 and communication version 1.0.0
2020-06-25 12:03:21 INFO [environment.py:265] Connected new brain:
CrawlerDynamic?team=0
2020-06-25 12:03:21 WARNING [__init__.py:92] The environment contains multiple observations. You must define allow_multiple_obs=True to receive them all. Otherwise, only the first visual observation (or vector observation ifthere are no visual observations) will be provided in the observation.
/home/j/jensenj/.local/lib/python3.6/site-packages/gym/logger.py:30: UserWarning: [33mWARN: Box bound precision lowered by casting to float32[0m
  warnings.warn(colorize('%s: %s'%('WARN', msg % args), 'yellow'))
/home/j/jensenj/.local/lib/python3.6/site-packages/numpy/core/_methods.py:160: RuntimeWarning: invalid value encountered in reduce
  ret = umr_sum(arr, axis, dtype, out, keepdims)
update_time_steps: 4096 , ppo_epochs: 2 , beta:  0.1 , gamma 0.99
0 : -1.4665232999250293
1 : -0.7974491091445088
2 : -5.255186720751226
3 : -0.5096145244315267
4 : -0.8486206410452724
5 : -0.7976539223454893
6 : -4.249146068934351
7 : -1.0175903486087918
8 : -1.642562690190971
9 : -1.194382649846375
10 : -0.9365607034415007
11 : 0.45757759269326925
12 : -6.081066099926829
13 : 1.860957701690495
14 : -2.528540648985654
15 : -1.3115658136084676
16 : -1.7388023445382714
17 : 3.3495445363223553
18 : -1.6080698212608695
19 : -2.1512909652665257
20 : 2.3022058862261474
21 : -0.900002010166645
22 : -0.9342357041314244
23 : -0.7691531395539641
24 : -9.669012436876073
25 : -1.622433789074421
26 : -1.0609070230275393
27 : -0.5367809068411589
28 : -1.3420271198265254
29 : -1.1569938901811838
30 : -1.0253969207406044
31 : -1.3808004651218653
32 : -1.0473214698722586
33 : -1.3274581246078014
34 : 0.12593380035832524
35 : -2.799646989442408
36 : -1.1957652841228992
37 : -1.7908053398132324
38 : -3.8788627511821687
39 : -2.0177797051146626
40 : -6.95362953201402
41 : -1.382748331874609
42 : -0.2231871783733368
43 : -1.2629501968622208
44 : -0.6104685626924038
45 : -1.052691656164825
46 : 6.101300545036793
47 : -0.664850905071944
48 : -1.0639111194759607
49 : -3.3144575492478907
50 : -1.4254548531025648
51 : -1.6922765038907528
52 : -5.482137680519372
53 : 0.07078849896788597
54 : -0.8437525522895157
55 : -16.050278019625694
56 : -3.7705972413532436
57 : -1.2211043634451926
58 : -3.72846466768533
59 : -1.2629260029643774
60 : -1.9449116084724665
61 : 1.2381203327095136
62 : -1.1556515381671488
63 : -1.1824143873527646
64 : -1.656287745339796
65 : 0.6168880239129066
66 : -1.0894309971481562
67 : -1.6777198389172554
68 : -1.225366917438805
69 : -2.3841586373746395
70 : -1.6260406570509076
71 : 0.3770091354381293
72 : -0.9168282877653837
73 : -2.0195472752675414
74 : -1.0379243516363204
75 : -2.5554844103753567
76 : -2.110092770308256
77 : -1.5263883639127016
78 : -1.2862438363954425
79 : -1.5434687724336982
80 : -1.1950734835118055
81 : -1.1300290948711336
82 : -1.5326678603887558
83 : -1.4402954666875303
84 : -1.8867921233177185
85 : -0.5736137293279171
86 : -1.0456374296918511
87 : -1.0710783125832677
88 : 1.3226607735268772
89 : -0.9445388521999121
90 : 3.827049385756254
91 : -1.9231977653689682
92 : 8.762453554198146
93 : -6.258619372732937
94 : -0.7668421296402812
95 : -0.7927343037445098
96 : 1.9694911241531372
97 : -2.457107111811638
98 : -1.047472425736487
99 : -1.1440301234833896
100 : -3.21742994338274
101 : -7.436673998832703
102 : -0.9149911673739552
103 : -0.4588758675381541
104 : -1.431836787611246
105 : -4.345285036601126
106 : -1.9530467153526843
107 : -2.224128996953368
108 : -1.7273788638412952
109 : -1.0109931663610041
110 : -1.94677645387128
111 : -1.2754578609019518
112 : -3.312284972053021
113 : 2.328059297055006
114 : -2.000502766110003
115 : 1.583539104089141
116 : -1.576108788314741
117 : 0.3944102395325899
118 : -1.1465820935554802
119 : -0.9952428881078959
120 : 0.640958805102855
121 : -2.8098604204133153
122 : 3.351574412547052
123 : -1.6435372214764357
124 : -1.5350402318872511
125 : -3.201541588641703
126 : -0.7252172511070967
127 : -0.6738107870332897
128 : -1.8464138470590115
129 : -1.2408847603946924
130 : -4.112420552410185
131 : -1.6382513791322708
132 : -1.4727445784956217
133 : -1.260747309308499
134 : -1.1169309141114354
135 : -1.2105441355379298
136 : -1.4953539706766605
137 : -0.15962485875934362
138 : -0.2645806483924389
139 : 0.6247400792781264
140 : -1.6430199593305588
141 : -1.3623507265001535
142 : -5.352490806020796
143 : -3.0464443787932396
144 : -1.2009715754538774
145 : -1.171815621200949
146 : -0.4929398726671934
147 : -1.2765482775866985
148 : -3.1272928696125746
149 : -2.045507119037211
150 : -0.6690284512005746
151 : -2.6240775799378753
152 : 1.6085056294687092
153 : -2.6289062183350325
154 : 3.0907722441479564
155 : -1.6787191219627857
156 : -1.1189268603920937
157 : -1.546819057315588
158 : -1.326328061055392
159 : -0.9243430076166987
160 : -1.3989106873050332
161 : -1.476948137395084
162 : -2.14172088727355
163 : -1.1922047957777977
164 : -1.3852517642080784
165 : -0.48258714750409126
166 : 2.3739575650542974
167 : -0.7707474599592388
168 : 0.5001137801446021
169 : -1.578617399558425
170 : -1.9845199366100132
171 : 1.2359150513075292
172 : -1.4894680740544572
173 : -1.5436263103038073
174 : 4.112911253236234
175 : -1.6570460721850395
176 : -1.7861734218895435
177 : -1.2183945327997208
178 : -5.127413902897388
179 : -0.9972102157771587
180 : -1.0781034575775266
181 : -1.485662903636694
182 : -1.0772031703963876
183 : 0.6940841716714203
184 : -1.269284339621663
185 : -2.1825299616903067
186 : -2.83896459126845
187 : -0.7587064299732447
188 : -1.5127492044121027
189 : -1.6117188669741154
190 : -12.892400242621079
191 : -4.125293477787636
192 : -1.3577970005571842
193 : 2.3096363856457174
!!! updated
194 : 5.933949329890311
195 : -2.423549233470112
196 : -2.080162787809968
197 : -0.5612095659598708
Setting up 2 worker threads for Enlighten.
  Thread -> id: 7f8cc37fe700 -> priority: 1 
  Thread -> id: 7f8cc2ffd700 -> priority: 1 
Traceback (most recent call last):
  File "main.py", line 123, in <module>
    returns = [episode(env, agent, i) for i in range(training_episodes)]
  File "main.py", line 123, in <listcomp>
    returns = [episode(env, agent, i) for i in range(training_episodes)]
  File "main.py", line 30, in episode
    next_state, reward, done, _ = env.step(action.numpy()[0])
  File "/home/j/jensenj/.local/lib/python3.6/site-packages/gym_unity/envs/__init__.py", line 177, in step
    self._env.step()
  File "/home/j/jensenj/.local/lib/python3.6/site-packages/mlagents_envs/timers.py", line 305, in wrapped
    return func(*args, **kwargs)
  File "/home/j/jensenj/.local/lib/python3.6/site-packages/mlagents_envs/environment.py", line 319, in step
    self._update_state(rl_output)
  File "/home/j/jensenj/.local/lib/python3.6/site-packages/mlagents_envs/environment.py", line 275, in _update_state
    agent_info_list, self._env_specs[brain_name]
  File "/home/j/jensenj/.local/lib/python3.6/site-packages/mlagents_envs/timers.py", line 305, in wrapped
    return func(*args, **kwargs)
  File "/home/j/jensenj/.local/lib/python3.6/site-packages/mlagents_envs/rpc_utils.py", line 188, in steps_from_proto
    obs_index, obs_shape, decision_agent_info_list
  File "/home/j/jensenj/.local/lib/python3.6/site-packages/mlagents_envs/timers.py", line 305, in wrapped
    return func(*args, **kwargs)
  File "/home/j/jensenj/.local/lib/python3.6/site-packages/mlagents_envs/rpc_utils.py", line 152, in _process_vector_observation
    _raise_on_nan_and_inf(np_obs, "observations")
  File "/home/j/jensenj/.local/lib/python3.6/site-packages/mlagents_envs/rpc_utils.py", line 130, in _raise_on_nan_and_inf
    raise RuntimeError(f"The {source} provided had NaN values.")
RuntimeError: The observations provided had NaN values.
2020-06-25 12:08:06 INFO [environment.py:418] Environment shut down with return code 0.
