slurmstepd-frommbach: error: Unable to create TMPDIR [/tmp/user/30108]: Permission denied
slurmstepd-frommbach: error: Setting TMPDIR to /tmp
Found path: /home/j/jensenj/PycharmProjects/Federer-Jr./src/../crawler_single/linux/dynamic_server/crawler_dynamic.x86_64
Mono path[0] = '/home/j/jensenj/PycharmProjects/Federer-Jr./src/../crawler_single/linux/dynamic_server/crawler_dynamic_Data/Managed'
Mono config path = '/home/j/jensenj/PycharmProjects/Federer-Jr./src/../crawler_single/linux/dynamic_server/crawler_dynamic_Data/MonoBleedingEdge/etc'
Preloaded 'lib_burst_generated.so'
Preloaded 'libgrpc_csharp_ext.x64.so'
Initialize engine version: 2019.3.15f1 (59ff3e03856d)
[Subsystems] Discovering subsystems at path /home/j/jensenj/PycharmProjects/Federer-Jr./src/../crawler_single/linux/dynamic_server/crawler_dynamic_Data/UnitySubsystems
Forcing GfxDevice: Null
GfxDevice: creating device client; threaded=0
NullGfxDevice:
    Version:  NULL 1.0 [1.0]
    Renderer: Null Device
    Vendor:   Unity Technologies
Begin MonoManager ReloadAssembly
- Completed reload, in  0.097 seconds
WARNING: Shader Unsupported: 'Autodesk Interactive' - All passes removed
WARNING: Shader Did you use #pragma only_renderers and omit this platform?
UnloadTime: 0.447473 ms
Fallback handler could not load library /home/j/jensenj/PycharmProjects/Federer-Jr./src/../crawler_single/linux/dynamic_server/crawler_dynamic_Data/Mono/libcoreclr.so
Fallback handler could not load library /home/j/jensenj/PycharmProjects/Federer-Jr./src/../crawler_single/linux/dynamic_server/crawler_dynamic_Data/Mono/libcoreclr.so
Fallback handler could not load library /home/j/jensenj/PycharmProjects/Federer-Jr./src/../crawler_single/linux/dynamic_server/crawler_dynamic_Data/Mono/libcoreclr.so
Fallback handler could not load library /home/j/jensenj/PycharmProjects/Federer-Jr./src/../crawler_single/linux/dynamic_server/crawler_dynamic_Data/Mono/libSystem.dylib
Fallback handler could not load library /home/j/jensenj/PycharmProjects/Federer-Jr./src/../crawler_single/linux/dynamic_server/crawler_dynamic_Data/Mono/libSystem.dylib.so
Fallback handler could not load library /home/j/jensenj/PycharmProjects/Federer-Jr./src/../crawler_single/linux/dynamic_server/crawler_dynamic_Data/Mono/libSystem.dylib
Fallback handler could not load library /home/j/jensenj/PycharmProjects/Federer-Jr./src/../crawler_single/linux/dynamic_server/crawler_dynamic_Data/Mono/libcoreclr.so
Fallback handler could not load library /home/j/jensenj/PycharmProjects/Federer-Jr./src/../crawler_single/linux/dynamic_server/crawler_dynamic_Data/Mono/libcoreclr.so
Fallback handler could not load library /home/j/jensenj/PycharmProjects/Federer-Jr./src/../crawler_single/linux/dynamic_server/crawler_dynamic_Data/Mono/libcoreclr.so
Fallback handler could not load library /home/j/jensenj/PycharmProjects/Federer-Jr./src/../crawler_single/linux/dynamic_server/crawler_dynamic_Data/Mono/libSystem.dylib
Fallback handler could not load library /home/j/jensenj/PycharmProjects/Federer-Jr./src/../crawler_single/linux/dynamic_server/crawler_dynamic_Data/Mono/libSystem.dylib.so
Fallback handler could not load library /home/j/jensenj/PycharmProjects/Federer-Jr./src/../crawler_single/linux/dynamic_server/crawler_dynamic_Data/Mono/libSystem.dylib
/home/j/jensenj/.local/lib/python3.6/site-packages/tensorboard/compat/tensorflow_stub/dtypes.py:541: FutureWarning: Passing (type, 1) or '1type' as a synonym of type is deprecated; in a future version of numpy, it will be understood as (type, (1,)) / '(1,)type'.
  _np_qint8 = np.dtype([("qint8", np.int8, 1)])
/home/j/jensenj/.local/lib/python3.6/site-packages/tensorboard/compat/tensorflow_stub/dtypes.py:542: FutureWarning: Passing (type, 1) or '1type' as a synonym of type is deprecated; in a future version of numpy, it will be understood as (type, (1,)) / '(1,)type'.
  _np_quint8 = np.dtype([("quint8", np.uint8, 1)])
/home/j/jensenj/.local/lib/python3.6/site-packages/tensorboard/compat/tensorflow_stub/dtypes.py:543: FutureWarning: Passing (type, 1) or '1type' as a synonym of type is deprecated; in a future version of numpy, it will be understood as (type, (1,)) / '(1,)type'.
  _np_qint16 = np.dtype([("qint16", np.int16, 1)])
/home/j/jensenj/.local/lib/python3.6/site-packages/tensorboard/compat/tensorflow_stub/dtypes.py:544: FutureWarning: Passing (type, 1) or '1type' as a synonym of type is deprecated; in a future version of numpy, it will be understood as (type, (1,)) / '(1,)type'.
  _np_quint16 = np.dtype([("quint16", np.uint16, 1)])
/home/j/jensenj/.local/lib/python3.6/site-packages/tensorboard/compat/tensorflow_stub/dtypes.py:545: FutureWarning: Passing (type, 1) or '1type' as a synonym of type is deprecated; in a future version of numpy, it will be understood as (type, (1,)) / '(1,)type'.
  _np_qint32 = np.dtype([("qint32", np.int32, 1)])
/home/j/jensenj/.local/lib/python3.6/site-packages/tensorboard/compat/tensorflow_stub/dtypes.py:550: FutureWarning: Passing (type, 1) or '1type' as a synonym of type is deprecated; in a future version of numpy, it will be understood as (type, (1,)) / '(1,)type'.
  np_resource = np.dtype([("resource", np.ubyte, 1)])
2020-06-25 12:31:51 INFO [environment.py:108] Connected to Unity environment with package version 1.0.2 and communication version 1.0.0
2020-06-25 12:31:51 INFO [environment.py:265] Connected new brain:
CrawlerDynamic?team=0
2020-06-25 12:31:51 WARNING [__init__.py:92] The environment contains multiple observations. You must define allow_multiple_obs=True to receive them all. Otherwise, only the first visual observation (or vector observation ifthere are no visual observations) will be provided in the observation.
/home/j/jensenj/.local/lib/python3.6/site-packages/gym/logger.py:30: UserWarning: [33mWARN: Box bound precision lowered by casting to float32[0m
  warnings.warn(colorize('%s: %s'%('WARN', msg % args), 'yellow'))
/home/j/jensenj/.local/lib/python3.6/site-packages/numpy/core/_methods.py:160: RuntimeWarning: invalid value encountered in reduce
  ret = umr_sum(arr, axis, dtype, out, keepdims)
update_time_steps: 10240 , ppo_epochs: 4 , beta:  0.01 , gamma 0.99
0 : -0.36964013054966927
1 : -4.813396786339581
2 : -0.8904617000371218
3 : -1.668903201352805
4 : 1.0185960698872805
5 : -3.2650415366515517
6 : -2.3280593641102314
7 : -1.4826872507110238
8 : 4.804320382419974
9 : 8.40937340061646
10 : 8.016321553848684
11 : -1.3489861711859703
12 : -0.897502591367811
13 : -1.1383910216391087
14 : -0.6461421512067318
15 : -1.6962510515004396
16 : -4.829254967160523
17 : -0.6525715505704284
18 : -1.6703905947506428
19 : -0.8964850921183825
20 : -0.9319416573271155
21 : -2.5087126626167446
22 : -0.7273736819624901
23 : -1.5268929647281766
24 : -1.8585907071828842
25 : -3.8674597311764956
26 : -0.9195504859089851
27 : -1.4021840179339051
28 : -0.9806859157979488
29 : -1.1870025154203176
30 : 5.886939301621169
31 : -1.4140284396708012
32 : -12.461151589639485
33 : -0.4982862384058535
34 : -4.652697839774191
35 : -1.606768999248743
36 : -1.368863707408309
37 : -1.7702978812158108
38 : -1.3354778932407498
39 : -1.0456962743774056
40 : -2.9973866092041135
41 : -3.0122746927663684
42 : -1.7694568047299981
43 : -1.5593804465606809
44 : -0.3169679827988148
45 : -1.3800801057368517
46 : -6.474893136648461
47 : 7.783818708034232
48 : -1.6831969656050205
49 : -1.5546346567571163
50 : -2.351152716204524
51 : -1.4378565475344658
52 : -3.2016491424292326
53 : -6.442659464664757
54 : -1.5099168047308922
55 : -4.948555813869461
56 : -1.582393303513527
57 : -0.7943316139280796
58 : -0.6497050793841481
59 : -3.354077619034797
60 : -1.85116695612669
61 : -4.434507982805371
62 : 4.292429790832102
63 : -2.1555310264229774
64 : -1.8712924048304558
65 : -1.7326175956986845
66 : -0.8302349075675011
67 : -0.7522520236670971
68 : -11.376119213877246
69 : -1.001307224854827
70 : -1.8747555972076952
71 : -5.161766939796507
72 : -0.7845482751727104
73 : -2.050754867028445
74 : -2.1948562087491155
75 : 1.8317291038110852
76 : -1.8556218727026135
77 : -1.0200139372609556
78 : 7.626183080021292
79 : 0.431050187908113
80 : 0.6320576840080321
81 : -4.338310037739575
82 : -4.371274563483894
83 : -1.3618566635996103
84 : 2.7337954957038164
85 : 0.3980744555592537
86 : -0.06292339786887169
87 : -6.080039649270475
88 : 0.18382004648447037
89 : -3.0873892894014716
90 : -0.2946487432345748
91 : -1.1145100658759475
92 : 3.2172954492270947
93 : -0.18706835946068168
94 : -1.5855349553748965
95 : 1.9985147677361965
96 : 20.331850623711944
97 : -3.0471650138497353
98 : -8.862219366244972
99 : -2.250758359208703
100 : 1.105406985618174
101 : -2.6571112535893917
102 : -3.855285972589627
103 : -7.455930199939758
104 : -0.984458944760263
105 : -1.3416566654923372
106 : -5.11729171872139
107 : 7.587194265332073
108 : -1.5323665589094162
109 : -1.38174491468817
110 : -0.928350125439465
111 : -3.0214820452965796
112 : -0.3312995433807373
113 : -6.2376270443201065
114 : -4.424805042333901
115 : -1.2468635458499193
116 : -11.842915484216064
117 : -2.412395120598376
118 : -22.635076636448503
119 : -1.3227384379133582
120 : -0.6036243168637156
121 : 4.618812085594982
122 : -2.146059086546302
123 : -0.6669726832769811
124 : -0.35112077184021473
125 : -0.6966516585089266
126 : 0.40361626213416457
127 : -1.4696367671713233
128 : 2.2651362363249063
129 : -1.6587261334061623
130 : 0.13404978811740875
131 : -2.391050733625889
132 : -9.277200021781027
133 : 1.105523713864386
134 : -1.7509993609128287
135 : 5.597830293700099
136 : -1.7248036083765328
137 : -1.92076038941741
138 : -1.7729447768069804
139 : -1.331064616329968
140 : 12.12744988547638
141 : -1.645561189390719
142 : -1.137563799507916
143 : -1.7360977604985237
144 : -0.8926252787932754
145 : -5.207668143790215
146 : -12.991984714753926
147 : -0.8611744700465351
148 : 0.05310473404824734
149 : -1.9697060212492943
150 : -3.7350994497537613
151 : -10.012226280290633
152 : -4.767941474914551
153 : 14.11570746684447
154 : 2.029031131416559
155 : -0.9083852979820222
156 : -1.4194899466820061
157 : -1.1476109959185123
158 : 4.68966729240492
159 : -1.0065052355639637
160 : -0.7147876899689436
161 : 5.696301339194179
162 : -1.3948159534484148
163 : -1.2497582556679845
164 : -1.2825106121599674
165 : 0.23889944329857826
166 : -0.7548457384109497
167 : 12.049653537105769
168 : -1.6482265405356884
169 : 0.7535270862281322
170 : -1.138567571528256
171 : 0.05556135904043913
172 : -2.4554455894976854
173 : -0.8774694157764316
174 : 2.0001887241378427
175 : -2.064988622441888
176 : -1.0486137382686138
177 : 4.4030921519733965
178 : -0.7762803826481104
179 : -3.195730666164309
180 : -0.542172335088253
181 : 0.14422109303995967
182 : 0.8855207250453532
183 : -0.006798765854910016
184 : -5.729713281616569
185 : -1.9360817403066903
186 : -1.0872612837702036
187 : -0.24733679229393601
188 : -1.222780855372548
189 : 3.858309736009687
190 : 2.361935816705227
191 : -1.0781961157917976
192 : -3.2840537931770086
193 : 0.36528138257563114
194 : 1.9627172597683966
195 : 1.696783572435379
196 : -2.8443170748651028
197 : -5.5246428097598255
198 : -2.565790805965662
199 : -1.0046949731186032
200 : -1.8644555360078812
201 : -2.0538291179109365
202 : -9.929779430327471
203 : -2.02042418718338
204 : -0.952102383133024
205 : -1.2927506840787828
206 : -2.810973759740591
207 : -0.8747681728564203
208 : -2.452152257785201
209 : -1.3442552164196968
210 : 0.8158588884398341
211 : -0.04910907242447138
212 : -2.1049895896576345
213 : -0.9115850571542978
214 : -3.4377093511866406
215 : 11.992786173708737
216 : -2.091698721051216
217 : -1.4228546973317862
218 : -0.11020356323570013
219 : -4.649670684942976
220 : -0.33244782499969006
221 : -5.58516749960836
222 : -10.76773283816874
223 : 6.713327206671238
224 : -3.265038162469864
225 : -1.6774595184251666
226 : -0.8609218206256628
227 : -2.279043896123767
228 : -4.356457804329693
229 : -2.7413203604519367
230 : 1.0897596748545766
231 : -1.7498934352770448
232 : -2.3339259903877974
233 : -0.857330015860498
234 : -2.8776196986436844
235 : 1.146389347501099
236 : -1.4857133068144321
237 : -0.7370593631640077
238 : -2.9737733397632837
239 : -0.23069481819402426
240 : -0.1171336118131876
241 : -1.3571123434230685
242 : 0.027373882418032736
243 : -1.8821917618624866
244 : 0.08149186754599214
245 : -0.8094154931604862
246 : -1.6041599628515542
247 : -0.7061772425659001
248 : -2.3440207010135055
249 : -3.233814526349306
250 : 0.015415546484291553
251 : -1.44495190680027
252 : -0.17655808478593826
253 : -2.379378435201943
254 : -1.3892776472494006
255 : -0.48376605100929737
256 : -1.0733736110851169
257 : -3.0695400796830654
258 : 4.398583867587149
259 : -2.137963160406798
260 : -2.6550828483887017
261 : -1.5009683957323432
262 : -1.261126983910799
263 : -1.0839944675099105
264 : -1.9972514882683754
265 : -1.3645869148895144
266 : -1.4282347317785025
267 : 0.46050881780683994
268 : -3.431537352502346
269 : -6.6422809162177145
270 : -1.2906532736960799
271 : -3.44416387565434
272 : -1.0305891763418913
273 : -2.436455871909857
274 : -1.652050660457462
275 : 7.5805919572740095
276 : -3.0320528596639633
277 : -1.574843604117632
278 : -2.7003693403676152
279 : -2.959736987017095
280 : 3.0177154056727886
281 : 0.5695655955933034
282 : -0.8549990076571703
283 : 0.017083327285945415
284 : 0.3677170006558299
285 : -1.2992796190083027
286 : -3.0936021162196994
287 : 1.1794414431788027
288 : -1.3617834723554552
289 : -5.147803159430623
290 : -1.0383517653681338
291 : -1.1716903075575829
292 : 1.6159230438061059
293 : -5.702470051124692
294 : -0.4500358020886779
295 : -2.3811581186018884
296 : -3.970860719680786
297 : -1.3156670141033828
298 : -0.13102590152993798
299 : -9.026948201935738
300 : 5.267865839181468
301 : -4.2885624510236084
302 : -1.6000552140176296
303 : -0.43552557565271854
304 : -1.4259897656738758
305 : -0.4682145956903696
306 : -3.7073378826025873
307 : -1.4540429399348795
308 : 1.184693916235119
309 : -1.0603220891207457
310 : -0.6174608040601015
311 : -12.88820597389713
312 : -2.906479340977967
313 : -1.6240926086902618
314 : -10.040057953447104
315 : -1.5099418764002621
316 : 9.637016617693007
!!! updated
317 : 3.7994529101997614
318 : -1.1316886469721794
319 : -1.2736469265073538
320 : -0.7077839840203524
Setting up 2 worker threads for Enlighten.
  Thread -> id: 7f5c23591700 -> priority: 1 
  Thread -> id: 7f5c22d90700 -> priority: 1 
Traceback (most recent call last):
  File "main.py", line 123, in <module>
    returns = [episode(env, agent, i) for i in range(training_episodes)]
  File "main.py", line 123, in <listcomp>
    returns = [episode(env, agent, i) for i in range(training_episodes)]
  File "main.py", line 30, in episode
    next_state, reward, done, _ = env.step(action.numpy()[0])
  File "/home/j/jensenj/.local/lib/python3.6/site-packages/gym_unity/envs/__init__.py", line 177, in step
    self._env.step()
  File "/home/j/jensenj/.local/lib/python3.6/site-packages/mlagents_envs/timers.py", line 305, in wrapped
    return func(*args, **kwargs)
  File "/home/j/jensenj/.local/lib/python3.6/site-packages/mlagents_envs/environment.py", line 319, in step
    self._update_state(rl_output)
  File "/home/j/jensenj/.local/lib/python3.6/site-packages/mlagents_envs/environment.py", line 275, in _update_state
    agent_info_list, self._env_specs[brain_name]
  File "/home/j/jensenj/.local/lib/python3.6/site-packages/mlagents_envs/timers.py", line 305, in wrapped
    return func(*args, **kwargs)
  File "/home/j/jensenj/.local/lib/python3.6/site-packages/mlagents_envs/rpc_utils.py", line 188, in steps_from_proto
    obs_index, obs_shape, decision_agent_info_list
  File "/home/j/jensenj/.local/lib/python3.6/site-packages/mlagents_envs/timers.py", line 305, in wrapped
    return func(*args, **kwargs)
  File "/home/j/jensenj/.local/lib/python3.6/site-packages/mlagents_envs/rpc_utils.py", line 152, in _process_vector_observation
    _raise_on_nan_and_inf(np_obs, "observations")
  File "/home/j/jensenj/.local/lib/python3.6/site-packages/mlagents_envs/rpc_utils.py", line 130, in _raise_on_nan_and_inf
    raise RuntimeError(f"The {source} provided had NaN values.")
RuntimeError: The observations provided had NaN values.
2020-06-25 12:43:48 INFO [environment.py:418] Environment shut down with return code 0.
