slurmstepd-duernbach: error: Unable to create TMPDIR [/tmp/user/30108]: Permission denied
slurmstepd-duernbach: error: Setting TMPDIR to /tmp
Found path: /home/j/jensenj/PycharmProjects/Federer-Jr./src/../crawler_single/linux/dynamic_server/crawler_dynamic.x86_64
Mono path[0] = '/home/j/jensenj/PycharmProjects/Federer-Jr./src/../crawler_single/linux/dynamic_server/crawler_dynamic_Data/Managed'
Mono config path = '/home/j/jensenj/PycharmProjects/Federer-Jr./src/../crawler_single/linux/dynamic_server/crawler_dynamic_Data/MonoBleedingEdge/etc'
Preloaded 'lib_burst_generated.so'
Preloaded 'libgrpc_csharp_ext.x64.so'
Initialize engine version: 2019.3.15f1 (59ff3e03856d)
[Subsystems] Discovering subsystems at path /home/j/jensenj/PycharmProjects/Federer-Jr./src/../crawler_single/linux/dynamic_server/crawler_dynamic_Data/UnitySubsystems
Forcing GfxDevice: Null
GfxDevice: creating device client; threaded=0
NullGfxDevice:
    Version:  NULL 1.0 [1.0]
    Renderer: Null Device
    Vendor:   Unity Technologies
Begin MonoManager ReloadAssembly
- Completed reload, in  0.093 seconds
WARNING: Shader Unsupported: 'Autodesk Interactive' - All passes removed
WARNING: Shader Did you use #pragma only_renderers and omit this platform?
UnloadTime: 0.431367 ms
Fallback handler could not load library /home/j/jensenj/PycharmProjects/Federer-Jr./src/../crawler_single/linux/dynamic_server/crawler_dynamic_Data/Mono/libcoreclr.so
Fallback handler could not load library /home/j/jensenj/PycharmProjects/Federer-Jr./src/../crawler_single/linux/dynamic_server/crawler_dynamic_Data/Mono/libcoreclr.so
Fallback handler could not load library /home/j/jensenj/PycharmProjects/Federer-Jr./src/../crawler_single/linux/dynamic_server/crawler_dynamic_Data/Mono/libcoreclr.so
Fallback handler could not load library /home/j/jensenj/PycharmProjects/Federer-Jr./src/../crawler_single/linux/dynamic_server/crawler_dynamic_Data/Mono/libSystem.dylib
Fallback handler could not load library /home/j/jensenj/PycharmProjects/Federer-Jr./src/../crawler_single/linux/dynamic_server/crawler_dynamic_Data/Mono/libSystem.dylib.so
Fallback handler could not load library /home/j/jensenj/PycharmProjects/Federer-Jr./src/../crawler_single/linux/dynamic_server/crawler_dynamic_Data/Mono/libSystem.dylib
Fallback handler could not load library /home/j/jensenj/PycharmProjects/Federer-Jr./src/../crawler_single/linux/dynamic_server/crawler_dynamic_Data/Mono/libcoreclr.so
Fallback handler could not load library /home/j/jensenj/PycharmProjects/Federer-Jr./src/../crawler_single/linux/dynamic_server/crawler_dynamic_Data/Mono/libcoreclr.so
Fallback handler could not load library /home/j/jensenj/PycharmProjects/Federer-Jr./src/../crawler_single/linux/dynamic_server/crawler_dynamic_Data/Mono/libcoreclr.so
Fallback handler could not load library /home/j/jensenj/PycharmProjects/Federer-Jr./src/../crawler_single/linux/dynamic_server/crawler_dynamic_Data/Mono/libSystem.dylib
Fallback handler could not load library /home/j/jensenj/PycharmProjects/Federer-Jr./src/../crawler_single/linux/dynamic_server/crawler_dynamic_Data/Mono/libSystem.dylib.so
Fallback handler could not load library /home/j/jensenj/PycharmProjects/Federer-Jr./src/../crawler_single/linux/dynamic_server/crawler_dynamic_Data/Mono/libSystem.dylib
/home/j/jensenj/.local/lib/python3.6/site-packages/tensorboard/compat/tensorflow_stub/dtypes.py:541: FutureWarning: Passing (type, 1) or '1type' as a synonym of type is deprecated; in a future version of numpy, it will be understood as (type, (1,)) / '(1,)type'.
  _np_qint8 = np.dtype([("qint8", np.int8, 1)])
/home/j/jensenj/.local/lib/python3.6/site-packages/tensorboard/compat/tensorflow_stub/dtypes.py:542: FutureWarning: Passing (type, 1) or '1type' as a synonym of type is deprecated; in a future version of numpy, it will be understood as (type, (1,)) / '(1,)type'.
  _np_quint8 = np.dtype([("quint8", np.uint8, 1)])
/home/j/jensenj/.local/lib/python3.6/site-packages/tensorboard/compat/tensorflow_stub/dtypes.py:543: FutureWarning: Passing (type, 1) or '1type' as a synonym of type is deprecated; in a future version of numpy, it will be understood as (type, (1,)) / '(1,)type'.
  _np_qint16 = np.dtype([("qint16", np.int16, 1)])
/home/j/jensenj/.local/lib/python3.6/site-packages/tensorboard/compat/tensorflow_stub/dtypes.py:544: FutureWarning: Passing (type, 1) or '1type' as a synonym of type is deprecated; in a future version of numpy, it will be understood as (type, (1,)) / '(1,)type'.
  _np_quint16 = np.dtype([("quint16", np.uint16, 1)])
/home/j/jensenj/.local/lib/python3.6/site-packages/tensorboard/compat/tensorflow_stub/dtypes.py:545: FutureWarning: Passing (type, 1) or '1type' as a synonym of type is deprecated; in a future version of numpy, it will be understood as (type, (1,)) / '(1,)type'.
  _np_qint32 = np.dtype([("qint32", np.int32, 1)])
/home/j/jensenj/.local/lib/python3.6/site-packages/tensorboard/compat/tensorflow_stub/dtypes.py:550: FutureWarning: Passing (type, 1) or '1type' as a synonym of type is deprecated; in a future version of numpy, it will be understood as (type, (1,)) / '(1,)type'.
  np_resource = np.dtype([("resource", np.ubyte, 1)])
2020-06-25 12:08:21 INFO [environment.py:108] Connected to Unity environment with package version 1.0.2 and communication version 1.0.0
2020-06-25 12:08:21 INFO [environment.py:265] Connected new brain:
CrawlerDynamic?team=0
2020-06-25 12:08:21 WARNING [__init__.py:92] The environment contains multiple observations. You must define allow_multiple_obs=True to receive them all. Otherwise, only the first visual observation (or vector observation ifthere are no visual observations) will be provided in the observation.
/home/j/jensenj/.local/lib/python3.6/site-packages/gym/logger.py:30: UserWarning: [33mWARN: Box bound precision lowered by casting to float32[0m
  warnings.warn(colorize('%s: %s'%('WARN', msg % args), 'yellow'))
/home/j/jensenj/.local/lib/python3.6/site-packages/numpy/core/_methods.py:160: RuntimeWarning: invalid value encountered in reduce
  ret = umr_sum(arr, axis, dtype, out, keepdims)
update_time_steps: 4096 , ppo_epochs: 32 , beta:  0.01 , gamma 0.99
0 : -0.6383355800062418
1 : -0.9872531433356926
2 : -0.9246260952204466
3 : -1.4877082407474518
4 : -1.5250748544931412
5 : -1.646794868633151
6 : -1.4420481361448765
7 : -2.4396926909685135
8 : -3.0818883911706507
9 : -1.7105761803686619
10 : -0.9948342679999769
11 : -1.3198662726208568
12 : -0.7708616439485922
13 : -1.505270172841847
14 : -1.1734494920819998
15 : -4.650877304375172
16 : -0.9858449068851769
17 : -1.09861451247707
18 : -1.1953159868717194
19 : -0.8638228895142674
20 : 0.22048042714595795
21 : -1.7248995713889599
22 : -1.9866462694481015
23 : -1.1900971673894674
24 : -0.021986832842230797
25 : -0.7573797320947051
26 : -0.9845912102609873
27 : -1.3358288840390742
28 : -1.1407623961567879
29 : -3.0742598036304116
30 : -2.1728337816894054
31 : -1.554299023002386
32 : -1.3386946939863265
33 : 0.09902534913271666
34 : -1.1395231997594237
35 : -1.9549592547118664
36 : -1.4332612380385399
37 : -2.0737939700484276
38 : -0.9968383018858731
39 : -1.0172779369167984
40 : -1.0573874176479876
41 : -1.876226813532412
42 : -0.7528932942077518
43 : -1.2055574166588485
44 : 0.581906583160162
45 : -1.4000596925616264
46 : -0.9084204528480768
47 : -0.9237342868000269
48 : 2.244482477195561
49 : -1.5222967406734824
50 : -1.6242009671404958
51 : -1.2297253772849217
52 : 1.7440037680789828
53 : -6.96300302259624
54 : 4.931741236243397
55 : -10.540020575746894
56 : -0.37933389842510223
57 : -1.5199459735304117
58 : -1.1454653684049845
59 : -1.5420707613229752
60 : -1.1407198880333453
61 : -1.597650008276105
62 : -1.4461494274437428
63 : -1.3250180520117283
64 : -1.22799840150401
65 : -0.9588950970210135
66 : -0.9977838860359043
67 : -9.983567574061453
68 : -0.9629363506101072
69 : -3.6450731102377176
70 : -1.0163644570857286
71 : -0.7364824833348393
72 : -1.6606069505214691
73 : -1.6105062067508698
74 : -1.6201478065922856
75 : -2.0992160751484334
76 : 0.07668499718420208
77 : -1.7296569161117077
78 : 0.6732046408578753
79 : -1.4488370902836323
80 : -0.7450212445110083
81 : -0.33779915794730186
82 : -1.7212583497166634
83 : -0.6689171781763434
84 : -1.1561208674684167
85 : -0.590221053455025
86 : -1.7646498875692487
87 : -6.333317601587623
88 : -0.9935600869357586
89 : -0.8044139267876744
90 : -1.2841531485319138
91 : -1.3251964661758393
92 : -1.3123791739344597
93 : -3.1342302560806274
94 : -1.595804801210761
95 : -0.5326800891198218
96 : -2.9607898220419884
97 : -1.793781515210867
98 : -1.24934277869761
99 : 1.3217737451195717
100 : -1.818491157144308
101 : -1.3608347345143557
102 : 2.0854787789285183
103 : -1.870330659672618
104 : -1.613909725798294
105 : -1.7524200500920415
106 : -1.3983665108680725
107 : -0.6854673437774181
108 : -1.0285083875060081
109 : -1.622211942449212
110 : -0.9180276989936829
111 : 2.4719731668010354
112 : -1.1711303954944015
113 : -1.6704960446804762
114 : -3.144230118021369
115 : -2.1744844540953636
116 : -1.7254523606970906
117 : -1.5802104258909822
118 : -1.18314074492082
119 : -1.5306326039135456
120 : -1.4011713713407516
121 : -1.7710395362228155
122 : -3.406182121951133
123 : -0.8248869571834803
124 : -0.9668592824600637
125 : -1.6676790341734886
126 : -2.073000779375434
127 : -2.51765900477767
128 : -1.9418467096984386
129 : -0.849271435290575
130 : -1.0325590460561216
131 : -1.2495331531390548
132 : -1.6153495721518993
133 : -0.8976689765695482
134 : -2.7516178684309125
135 : -1.127628876361996
136 : -1.828045698814094
137 : -0.07529318029992282
138 : -1.0606349483132362
139 : -1.176646325737238
140 : -0.8747351658530533
141 : -1.6524787219241261
142 : -1.3089406248182058
143 : -7.2030053194612265
144 : -1.1120921364054084
145 : -0.874384886585176
146 : 3.591017388738692
147 : -0.6213538907468319
148 : 7.588420583866537
149 : -1.4784959089010954
150 : -1.5127704609185457
151 : -3.4005761966109276
152 : -4.355935365892947
153 : -2.1777055710554123
154 : -2.5784365758299828
155 : 0.2662601894699037
156 : -2.631233649328351
157 : -0.2430018400773406
158 : -2.5890049003064632
159 : -3.4947098065167665
160 : -2.1699767410755157
161 : -1.828571348451078
162 : -1.3120850804261863
163 : 0.05225575575605035
164 : -0.6942310470622033
165 : 0.3011292847804725
166 : -0.03256293013691902
167 : -1.2480727713555098
168 : -1.2751007862389088
169 : -3.5543676312081516
170 : -2.1199639216065407
171 : -0.8857839135453105
172 : 1.062945183366537
173 : -1.2517927857115865
174 : -1.251731791999191
175 : -0.9598252093419433
176 : -1.2654279633425176
177 : 0.6585659026168287
178 : -1.4594440795481205
179 : -1.8333890918875113
180 : -0.12021080683916807
181 : -1.2374910302460194
182 : -0.8264874164015055
183 : -1.5849838508293033
184 : -1.1478391455020756
185 : 1.5004012631252408
186 : -1.5190828505437821
187 : -1.2587342821061611
188 : -2.511090289801359
189 : -1.9529665280133486
190 : -1.3299722522497177
191 : -1.423967647831887
192 : -1.4291830342262983
193 : -3.7426885180175304
194 : -1.2816640362143517
195 : -0.2016555485315621
196 : -0.31648233346641064
197 : -1.800463816151023
198 : -2.2388272946700454
199 : -0.5178072415292263
200 : -2.335704457014799
201 : 1.320771336555481
202 : -2.8232103139162064
203 : -2.5866974452510476
204 : -1.4418359976261854
205 : -0.4910615412518382
206 : -1.0121668940410018
207 : -1.6234482368454337
208 : -2.9235731596127152
209 : -1.5847657714039087
210 : -2.263947426341474
211 : -1.2059330381453037
212 : -2.2649266263470054
213 : -1.7978055961430073
214 : -0.13267969130538404
215 : -0.9189570415765047
216 : 0.20498188119381666
217 : -1.5811036918312311
218 : 0.040063971653580666
219 : 5.331879813224077
220 : -2.8199867703951895
221 : -0.8853040095418692
222 : -0.21826165914535522
223 : 0.02826827671378851
224 : 4.945641363039613
225 : -0.9320590700954199
226 : -1.2902753758244216
227 : -1.4356241691857576
228 : -0.9060643455013633
229 : -1.5822996348142624
230 : -1.4970579547807574
231 : -1.7594141634181142
232 : -1.3787062112241983
233 : -1.4612788055092096
234 : 0.23692091228440404
235 : -1.033983192872256
236 : -1.9110999256372452
237 : -0.9056790517643094
238 : -0.482943101786077
239 : -1.8032548353075981
240 : -1.1635080333799124
241 : -1.0575338611379266
242 : -3.4891056194901466
243 : -0.5300147136440501
244 : -1.7556939367204905
245 : -2.3875619545578957
246 : 1.0057539865374565
247 : -1.222646783106029
!!! updated
248 : 2.0847090957686305
249 : -1.4168459996581078
Setting up 2 worker threads for Enlighten.
  Thread -> id: 7f3c92198700 -> priority: 1 
  Thread -> id: 7f3c91997700 -> priority: 1 
Traceback (most recent call last):
  File "main.py", line 123, in <module>
    returns = [episode(env, agent, i) for i in range(training_episodes)]
  File "main.py", line 123, in <listcomp>
    returns = [episode(env, agent, i) for i in range(training_episodes)]
  File "main.py", line 30, in episode
    next_state, reward, done, _ = env.step(action.numpy()[0])
  File "/home/j/jensenj/.local/lib/python3.6/site-packages/gym_unity/envs/__init__.py", line 177, in step
    self._env.step()
  File "/home/j/jensenj/.local/lib/python3.6/site-packages/mlagents_envs/timers.py", line 305, in wrapped
    return func(*args, **kwargs)
  File "/home/j/jensenj/.local/lib/python3.6/site-packages/mlagents_envs/environment.py", line 319, in step
    self._update_state(rl_output)
  File "/home/j/jensenj/.local/lib/python3.6/site-packages/mlagents_envs/environment.py", line 275, in _update_state
    agent_info_list, self._env_specs[brain_name]
  File "/home/j/jensenj/.local/lib/python3.6/site-packages/mlagents_envs/timers.py", line 305, in wrapped
    return func(*args, **kwargs)
  File "/home/j/jensenj/.local/lib/python3.6/site-packages/mlagents_envs/rpc_utils.py", line 188, in steps_from_proto
    obs_index, obs_shape, decision_agent_info_list
  File "/home/j/jensenj/.local/lib/python3.6/site-packages/mlagents_envs/timers.py", line 305, in wrapped
    return func(*args, **kwargs)
  File "/home/j/jensenj/.local/lib/python3.6/site-packages/mlagents_envs/rpc_utils.py", line 152, in _process_vector_observation
    _raise_on_nan_and_inf(np_obs, "observations")
  File "/home/j/jensenj/.local/lib/python3.6/site-packages/mlagents_envs/rpc_utils.py", line 130, in _raise_on_nan_and_inf
    raise RuntimeError(f"The {source} provided had NaN values.")
RuntimeError: The observations provided had NaN values.
2020-06-25 12:14:32 INFO [environment.py:418] Environment shut down with return code 0.
