slurmstepd-oybach: error: Unable to create TMPDIR [/tmp/user/30108]: Permission denied
slurmstepd-oybach: error: Setting TMPDIR to /tmp
Found path: /home/j/jensenj/PycharmProjects/Federer-Jr./src/../crawler_single/linux/dynamic_server/crawler_dynamic.x86_64
Mono path[0] = '/home/j/jensenj/PycharmProjects/Federer-Jr./src/../crawler_single/linux/dynamic_server/crawler_dynamic_Data/Managed'
Mono config path = '/home/j/jensenj/PycharmProjects/Federer-Jr./src/../crawler_single/linux/dynamic_server/crawler_dynamic_Data/MonoBleedingEdge/etc'
Preloaded 'lib_burst_generated.so'
Preloaded 'libgrpc_csharp_ext.x64.so'
Initialize engine version: 2019.3.15f1 (59ff3e03856d)
[Subsystems] Discovering subsystems at path /home/j/jensenj/PycharmProjects/Federer-Jr./src/../crawler_single/linux/dynamic_server/crawler_dynamic_Data/UnitySubsystems
Forcing GfxDevice: Null
GfxDevice: creating device client; threaded=0
NullGfxDevice:
    Version:  NULL 1.0 [1.0]
    Renderer: Null Device
    Vendor:   Unity Technologies
Begin MonoManager ReloadAssembly
- Completed reload, in  0.097 seconds
WARNING: Shader Unsupported: 'Autodesk Interactive' - All passes removed
WARNING: Shader Did you use #pragma only_renderers and omit this platform?
UnloadTime: 0.437638 ms
Fallback handler could not load library /home/j/jensenj/PycharmProjects/Federer-Jr./src/../crawler_single/linux/dynamic_server/crawler_dynamic_Data/Mono/libcoreclr.so
Fallback handler could not load library /home/j/jensenj/PycharmProjects/Federer-Jr./src/../crawler_single/linux/dynamic_server/crawler_dynamic_Data/Mono/libcoreclr.so
Fallback handler could not load library /home/j/jensenj/PycharmProjects/Federer-Jr./src/../crawler_single/linux/dynamic_server/crawler_dynamic_Data/Mono/libcoreclr.so
Fallback handler could not load library /home/j/jensenj/PycharmProjects/Federer-Jr./src/../crawler_single/linux/dynamic_server/crawler_dynamic_Data/Mono/libSystem.dylib
Fallback handler could not load library /home/j/jensenj/PycharmProjects/Federer-Jr./src/../crawler_single/linux/dynamic_server/crawler_dynamic_Data/Mono/libSystem.dylib.so
Fallback handler could not load library /home/j/jensenj/PycharmProjects/Federer-Jr./src/../crawler_single/linux/dynamic_server/crawler_dynamic_Data/Mono/libSystem.dylib
Fallback handler could not load library /home/j/jensenj/PycharmProjects/Federer-Jr./src/../crawler_single/linux/dynamic_server/crawler_dynamic_Data/Mono/libcoreclr.so
Fallback handler could not load library /home/j/jensenj/PycharmProjects/Federer-Jr./src/../crawler_single/linux/dynamic_server/crawler_dynamic_Data/Mono/libcoreclr.so
Fallback handler could not load library /home/j/jensenj/PycharmProjects/Federer-Jr./src/../crawler_single/linux/dynamic_server/crawler_dynamic_Data/Mono/libcoreclr.so
Fallback handler could not load library /home/j/jensenj/PycharmProjects/Federer-Jr./src/../crawler_single/linux/dynamic_server/crawler_dynamic_Data/Mono/libSystem.dylib
Fallback handler could not load library /home/j/jensenj/PycharmProjects/Federer-Jr./src/../crawler_single/linux/dynamic_server/crawler_dynamic_Data/Mono/libSystem.dylib.so
Fallback handler could not load library /home/j/jensenj/PycharmProjects/Federer-Jr./src/../crawler_single/linux/dynamic_server/crawler_dynamic_Data/Mono/libSystem.dylib
/home/j/jensenj/.local/lib/python3.6/site-packages/tensorboard/compat/tensorflow_stub/dtypes.py:541: FutureWarning: Passing (type, 1) or '1type' as a synonym of type is deprecated; in a future version of numpy, it will be understood as (type, (1,)) / '(1,)type'.
  _np_qint8 = np.dtype([("qint8", np.int8, 1)])
/home/j/jensenj/.local/lib/python3.6/site-packages/tensorboard/compat/tensorflow_stub/dtypes.py:542: FutureWarning: Passing (type, 1) or '1type' as a synonym of type is deprecated; in a future version of numpy, it will be understood as (type, (1,)) / '(1,)type'.
  _np_quint8 = np.dtype([("quint8", np.uint8, 1)])
/home/j/jensenj/.local/lib/python3.6/site-packages/tensorboard/compat/tensorflow_stub/dtypes.py:543: FutureWarning: Passing (type, 1) or '1type' as a synonym of type is deprecated; in a future version of numpy, it will be understood as (type, (1,)) / '(1,)type'.
  _np_qint16 = np.dtype([("qint16", np.int16, 1)])
/home/j/jensenj/.local/lib/python3.6/site-packages/tensorboard/compat/tensorflow_stub/dtypes.py:544: FutureWarning: Passing (type, 1) or '1type' as a synonym of type is deprecated; in a future version of numpy, it will be understood as (type, (1,)) / '(1,)type'.
  _np_quint16 = np.dtype([("quint16", np.uint16, 1)])
/home/j/jensenj/.local/lib/python3.6/site-packages/tensorboard/compat/tensorflow_stub/dtypes.py:545: FutureWarning: Passing (type, 1) or '1type' as a synonym of type is deprecated; in a future version of numpy, it will be understood as (type, (1,)) / '(1,)type'.
  _np_qint32 = np.dtype([("qint32", np.int32, 1)])
/home/j/jensenj/.local/lib/python3.6/site-packages/tensorboard/compat/tensorflow_stub/dtypes.py:550: FutureWarning: Passing (type, 1) or '1type' as a synonym of type is deprecated; in a future version of numpy, it will be understood as (type, (1,)) / '(1,)type'.
  np_resource = np.dtype([("resource", np.ubyte, 1)])
2020-06-25 12:31:21 INFO [environment.py:108] Connected to Unity environment with package version 1.0.2 and communication version 1.0.0
2020-06-25 12:31:21 INFO [environment.py:265] Connected new brain:
CrawlerDynamic?team=0
2020-06-25 12:31:21 WARNING [__init__.py:92] The environment contains multiple observations. You must define allow_multiple_obs=True to receive them all. Otherwise, only the first visual observation (or vector observation ifthere are no visual observations) will be provided in the observation.
update_time_steps: 10240 , ppo_epochs: 4 , beta:  0.01 , gamma 0.9
0 : -0.9502384783700109
1 : -2.835349620319903
2 : -0.8981353593990207
3 : -1.4631939139217138
4 : -2.349864988354966
5 : -1.2899335771799088
6 : -0.8599161133170128
7 : -0.6911934614181519
8 : -1.5596899390220642
9 : -0.9162709186784923
10 : -1.4869742328301072
11 : -2.121910606510937
12 : -3.7326542399823666
13 : -1.289019181393087
14 : -2.1219367384910583
15 : -1.4300650134682655
16 : -1.6331753320991993
17 : -0.401622524484992
18 : -2.1340143801644444
19 : 9.455850510159507
20 : -1.627542668953538
21 : -1.2023224807344377
22 : 1.785783392842859
23 : 1.3157063592225313
24 : -1.8657272942364216
25 : -1.3953488804399967
26 : 0.22615844011306763
27 : -1.3691940335556865
28 : -1.154394926968962
29 : -1.588254675269127
30 : -3.056134767830372
31 : 0.10681351087987423
32 : -10.120995250530541
33 : -1.247827752493322
34 : -1.2762646758928895
35 : -1.7986160814762115
36 : -1.4710838901810348
37 : -1.6513509275391698
38 : -0.9389486825093627
39 : -0.0842193856369704
40 : -1.3066002193372697
41 : -1.082775386981666
42 : -1.7970368936657906
43 : -0.47480206890031695
44 : -0.7648629490286112
45 : -1.6256608520634472
46 : -1.4528608936816454
47 : -0.5206226650625467
48 : -1.4759397767484188
49 : -7.205120198428631
50 : -1.1977683978620917
51 : -1.1989107159897685
52 : -1.4798191953450441
53 : -1.513707342557609
54 : -1.4288863763213158
55 : -0.9584148125723004
56 : -0.9601849466562271
57 : -1.011048918357119
58 : -1.0380387189798057
59 : 0.15982201509177685
60 : -2.4897052329033613
61 : -1.7826541736721992
62 : -0.3293872317299247
63 : 1.2825760310515761
64 : -1.2873545214533806
65 : -0.8315523893106729
66 : -2.4446125477552414
67 : -0.7757795359939337
68 : -0.878549094311893
69 : -0.6434552185237408
70 : -0.8996771555393934
71 : -1.5799424415454268
72 : -2.1664363369345665
73 : -0.5438184733502567
74 : -4.8632438369095325
75 : -2.163148491643369
76 : -0.9580582333728671
77 : -1.0318255089223385
78 : -1.294813500251621
79 : 0.3768686926923692
80 : -3.232229753397405
81 : -3.187544085085392
82 : -1.827029973268509
83 : -0.7563760224729776
84 : -1.0746538185048848
85 : -1.3868836807087064
86 : -0.7502504871226847
87 : -0.5282083423808217
88 : 1.9788724780082703
89 : 0.27651975862681866
90 : -2.785104565322399
91 : -5.511289000511169
92 : 6.62892186595127
93 : -1.527062134584412
94 : -1.1070637069642544
95 : -2.3329653590917587
96 : -0.9221619004383683
97 : -1.5214036898687482
98 : -3.7483421228826046
99 : -1.3269067103974521
100 : -1.651591967791319
101 : -0.8612344032153487
102 : -6.280340097844601
103 : -1.4454417899250984
104 : 1.935505268163979
105 : -2.7592640346847475
106 : -1.6003118176013231
107 : -0.5866457493975759
108 : 0.36869874224066734
109 : 0.04002684727311134
110 : 1.9064240539446473
111 : -0.39655835926532745
112 : -1.7735703848302364
113 : -1.7982439585030079
114 : -1.3698662566021085
115 : -2.4322063326835632
116 : -1.3029290339909494
117 : -1.7621132461354136
118 : -1.7985644731670618
119 : -1.6033845283091068
120 : -1.3707567490637302
121 : -1.4362712278962135
122 : -1.566783083602786
123 : -1.333241536282003
124 : -0.6245018732734025
125 : -1.769324216991663
126 : -1.9356431178748608
127 : -1.669294672086835
128 : -1.405816936865449
129 : -0.8658826053142548
130 : -1.2446081573143601
131 : -1.0547795090824366
132 : -1.0189170867670327
133 : -1.5435983650386333
134 : -4.326952385250479
135 : -1.3039096388965845
136 : -1.0777101130224764
137 : 0.3068235218524933
138 : -0.2153857914963737
139 : -1.0076021272689104
140 : -1.3992146477103233
141 : -1.0930113513022661
142 : 0.3713295035995543
143 : -1.4231361290439963
144 : -0.7181083261966705
145 : -0.5433418890461326
146 : -0.9903711378574371
147 : 1.1729724453762174
148 : -1.1981513779610395
149 : -0.6419020490720868
150 : -1.2686188016086817
151 : -1.6154890665784478
152 : -3.150685094296932
153 : -0.3093243781477213
154 : -0.9533663913607597
155 : -0.759063443634659
156 : -0.6766213197261095
157 : -1.1127475965768099
158 : -1.5444963190238923
159 : -1.0721117472276092
160 : -0.941297322511673
161 : -1.4266392281278968
162 : -0.9238390028476715
163 : -1.4183719158172607
164 : -0.4255509730428457
165 : -1.6522160843014717
166 : -0.9514859891496599
167 : -1.604530013166368
168 : -0.8803112404420972
169 : 1.102582719293423
170 : -2.1847177296876907
171 : -0.9902894804254174
172 : -1.9464693476911634
173 : -2.9277645589318126
174 : -1.9700043424963951
175 : -0.8417370701208711
176 : 0.1776842875406146
177 : -1.1862524659372866
178 : -1.2685414031147957
179 : 2.995136247947812
180 : -1.3341532603371888
181 : -0.9998619095422328
182 : -0.7611224530264735
183 : -1.1143807016778737
184 : -5.2765152817592025
185 : -3.1220668414607644
186 : -3.524717058520764
187 : -0.7119479048997164
188 : -1.034438299946487
189 : -2.0400328673422337
190 : -1.6273809894919395
191 : -1.7132525965571404
192 : -1.164910695515573
193 : -0.5848712865263224
194 : 1.8807637356221676
195 : -0.8823087895289063
196 : -1.533260278403759
197 : -1.6932105887681246
198 : -5.385146841406822
199 : -0.6351693384349346
200 : -1.207071954733692
201 : -0.5648159165866673
202 : -1.2527400706894696
203 : -2.3158808348234743
204 : -1.342019336298108
205 : -5.813191266730428
206 : -1.3200376480817795
207 : 1.8068953496403992
208 : -1.6258400226361118
209 : -1.0382649940438569
210 : -0.829571817535907
211 : 1.8089166097342968
212 : -1.1062922603450716
213 : -1.458910470828414
214 : 0.8401316776871681
215 : -1.6912532802671194
216 : -1.2505894287023693
217 : -1.406598771456629
218 : -0.6459317533299327
219 : -1.0596528183668852
220 : -0.2605354730039835
221 : -1.4595035160891712
222 : 3.91330398991704
223 : -1.5103962533175945
224 : -1.18478746060282
225 : -1.082661799620837
226 : -1.0579362194985151
227 : -1.2652810639701784
228 : -1.2270807353779674
229 : -4.965512433089316
230 : -1.0522536265198141
231 : -4.206007989123464
232 : -0.7311681732535362
233 : -4.322658538818359
234 : -1.1091689524473622
235 : -0.8128129448741674
236 : -1.3408779255114496
237 : -1.833257868885994
238 : -3.266410332173109
239 : -1.4262646781280637
240 : -0.962381633464247
241 : -1.1651189089752734
242 : -1.3937336094677448
243 : -1.1244991291314363
244 : -1.6496669007465243
245 : -0.5778598189353943
246 : -1.467368746176362
247 : -0.4500192254781723
248 : -2.7546970434486866
249 : -1.0267054121941328
250 : -0.3574908170849085
251 : -1.1498213426675647
252 : -3.0663222653092816
253 : 2.3639885894954205
254 : -4.869312856346369
255 : -0.9416705574840307
256 : -1.3800417883321643
257 : 2.059681594837457
258 : -1.7792739309370518
259 : -1.9019110850058496
260 : -1.2718832266982645
261 : -1.748297780752182
262 : -1.89393937215209
263 : -0.9422691641375422
264 : -0.32110772281885147
265 : -2.1533870883286
266 : -1.5417234883643687
267 : -0.9571300772950053
268 : -1.0036517544649541
269 : -1.775198670104146
270 : -0.7718878649175167
271 : -1.2459657057188451
272 : 3.2629979690536857
273 : -7.330241814255714
274 : -1.4451788552105427
275 : -3.11897025257349
276 : -1.4762886203825474
277 : -1.4953167513012886
278 : -2.8077985905110836
279 : -0.5883460072800517
280 : -2.643881246447563
281 : -2.414696005405858
282 : -1.3378658429719508
283 : -0.25605916942004114
284 : -0.784912867937237
285 : 0.9356691166758537
286 : -2.6445682123303413
287 : -1.120505303144455
288 : -0.4117168849334121
289 : -6.668993607163429
290 : -2.4130881428718567
291 : -4.814589141518809
292 : -4.403895941097289
293 : -1.5023309416137636
294 : -0.583620426710695
295 : -1.1751849129796028
296 : 1.8718506135046482
297 : -1.7932308167219162
298 : -1.184788215905428
299 : -6.90084171295166
300 : -1.5409067841246724
301 : -1.6170916957780719
302 : -1.2894494226202369
303 : -1.617737852036953
304 : -1.12534833047539
305 : -1.5331218047067523
306 : -1.5700744166970253
307 : -0.5592849180102348
308 : -1.2482660976238549
309 : -1.08986100461334
310 : -1.4332634494639933
311 : -3.46917587518692
312 : -1.106833724770695
313 : -1.3169021412031725
314 : -8.37563842535019
315 : -1.6566006690263748
316 : -0.4394958093762398
317 : -1.435418939217925
318 : -0.7447642618790269
319 : -1.2132194368168712
320 : -1.5210506040602922
321 : -1.8837052211165428/home/j/jensenj/.local/lib/python3.6/site-packages/gym/logger.py:30: UserWarning: [33mWARN: Box bound precision lowered by casting to float32[0m
  warnings.warn(colorize('%s: %s'%('WARN', msg % args), 'yellow'))
/home/j/jensenj/.local/lib/python3.6/site-packages/numpy/core/_methods.py:160: RuntimeWarning: invalid value encountered in reduce
  ret = umr_sum(arr, axis, dtype, out, keepdims)

322 : -1.4128383304923773
323 : -2.8552437126636505
324 : 0.8881977256387472
325 : -1.0872106784954667
326 : -1.356219484936446
327 : 3.9388047009706497
328 : 0.5237176325172186
329 : 0.32645554654300213
330 : -1.1936255091568455
331 : -1.2413530796766281
332 : -0.18941448349505663
333 : -3.577634843531996
334 : -1.1913042813539505
335 : -1.3565748310647905
336 : -1.7911476008594036
337 : -1.5859676990658045
338 : -5.344592157751322
339 : -1.4775958638638258
340 : -1.455127365887165
341 : 0.9022720623761415
342 : -1.052671908866614
343 : -1.106732379179448
344 : -5.753923892043531
345 : -1.1388562978245318
346 : 0.5464134551584721
347 : 2.58348431577906
348 : -1.5621362375095487
349 : -1.2536340579390526
350 : -2.0139056779444218
351 : -0.7477685119956732
352 : -0.8928917404264212
353 : -2.406889198347926
354 : -0.9118040758185089
355 : 2.853872625157237
356 : -1.493215431459248
357 : -2.7882649898529053
358 : -1.9015102162957191
359 : -2.179028369486332
360 : -0.9783928375691175
361 : -1.0370405879803002
362 : -0.8708537500351667
363 : -1.1594386361539364
364 : -0.7226173235103488
365 : -0.8720142086967826
366 : -1.1898382692597806
367 : -1.290688894689083
368 : -0.7305872328579426
369 : -1.689490670338273
370 : -1.4049888318404555
371 : -0.8764262448530644
372 : -0.8352709906175733
373 : -1.1545104521792382
374 : -1.1836315030232072
375 : -1.1595413321629167
376 : -1.9925812035799026
377 : -0.7417321540415287
378 : -3.0080215986818075
379 : -0.9826102387160063
380 : -2.022617953363806
381 : 0.7730030957609415
382 : -1.2929948982782662
383 : -1.3669622167944908
384 : -1.6812385122757405
385 : -0.8637687237933278
386 : -0.9197361124679446
387 : -0.7610605992376804
388 : -1.4426859073573723
389 : -0.7806568131782115
390 : -2.186944535933435
391 : -1.0163129922002554
392 : 0.6911412877961993
393 : -1.1428395044058561
394 : 2.5791520792990923
395 : -4.443791294470429
396 : -1.0283647533506155
397 : -1.40720035135746
398 : 6.6940855998545885
399 : -1.3642053501680493
400 : -1.230572503991425
401 : -1.0471564810723066
402 : -0.8018148653209209
403 : -0.9236478977836668
404 : -1.4471367420628667
405 : -2.37687037140131
406 : -0.5888568572700024
407 : -1.133462022524327
408 : -2.3093258051667362
409 : -4.545710027217865
410 : -1.1569636706262827
411 : 1.9487809361889958
412 : -0.9552433816716075
413 : 1.459289338439703
414 : -1.1258392876479775
415 : -4.229969373205677
416 : -1.2506077755242586
417 : -3.5657795928418636
418 : -1.4809084944427013
419 : -1.3539620079100132
420 : -1.183160106651485
421 : -0.5421092547476292
422 : -1.9611391904763877
423 : -1.3753095557913184
424 : -0.7679070895537734
425 : 0.1713556321337819
426 : -1.488049287814647
427 : -1.075888391584158
428 : -1.2705244664102793
429 : -1.7904168497771025
430 : -1.4857687866315246
431 : -1.6140695363283157
432 : -2.092314548790455
433 : -0.7336377128958702
434 : -1.331564293068368
435 : -1.09705631993711
436 : -1.3008293472230434
437 : -3.819117416103836
438 : -1.8908331133425236
439 : -1.7685398869216442
440 : -1.31570287165232
441 : -1.0296560139395297
442 : -1.3916332768276334
443 : -1.1127447560429573
444 : -1.5015121549367905
445 : -1.472973975352943
446 : -1.3381673907861114
447 : -1.3558212500065565
448 : -1.6970195409376174
449 : -1.3818780747242272
450 : -0.9481561430729926
451 : -0.8441776507534087
452 : -0.28885527490638196
453 : 8.781542583950795
454 : -0.459272600710392
455 : -0.9605051958933473
456 : -1.6371964365243912
457 : -1.4031774308532476
458 : -1.6870030649006367
459 : -1.466310277581215
460 : -4.171630839817226
461 : -4.089539162814617
462 : -1.7526830453425646
463 : -3.252288568066433
464 : -0.9031520001590252
465 : 0.791959588881582
466 : -2.1220976635813713
467 : -1.252318429760635
468 : -0.8805760927498341
469 : -2.930949032306671
470 : 2.6332635590806603
471 : -1.5435895826667547
472 : 1.0417317869141698
473 : -1.4051989875733852
474 : -2.652208182029426
475 : -1.4829316046088934
476 : -1.4547529956325889
477 : 1.0298491618596017
478 : -1.4154400809202343
479 : -1.512205715291202
480 : -2.2512273639440536
481 : -1.0802648093085736
482 : -1.5870312852784991
483 : -0.8690926041454077
484 : -1.5374629013240337
485 : 1.8056153422221541
486 : -1.043276475276798
487 : -2.6316452864557505
488 : -1.1803644597530365
489 : -1.0356018347665668
490 : -0.7423211958084721
491 : -0.9086181996390224
492 : -1.5075780227780342
493 : -1.3750693574547768
494 : -1.1107040731876623
495 : -1.3883891785517335
496 : -1.7031834051012993
497 : -0.5602785553783178
498 : -3.41741069406271
499 : -1.7764106839895248
500 : -0.4707014709711075
501 : -3.181208159774542
502 : -1.2808503871783614
503 : -1.9492190927267075
504 : -1.2511275615543127
505 : -1.877468280494213
506 : 4.599561053328216
507 : -0.9809044869616628
508 : -3.9942744383588433
509 : -1.8837126232683659
510 : -1.2672591768205166
511 : -1.374154665041715
512 : -1.2740641422569752
513 : -0.4696096358820796
514 : -1.6154173742979765
515 : -1.345438061049208
516 : 0.04866584297269583
517 : -0.07801065314561129
518 : -1.2628254280425608
519 : 0.13873163517564535
520 : -2.5219334240537137
521 : -2.836394581012428
522 : -1.1229522959329188
523 : -1.0964019277598709
524 : -1.8551517762243748
525 : -1.387168625369668
526 : -1.319368036929518
527 : -0.9919990035705268
528 : -7.055879496969283
529 : -1.527822290547192
530 : -0.31216041557490826
531 : -4.102720953989774
532 : -1.9475161731243134
533 : -1.307936118915677
534 : -1.6754262358881533
535 : -0.3242273572832346
536 : -1.1942556533031166
537 : -0.8738999078050256
538 : -0.9391307383775711
539 : -1.5257238689810038
540 : -1.0931725706905127
541 : -2.6730783339589834
542 : -1.9702782288659364
543 : -0.2896856842562556
544 : -1.666645411401987
545 : -0.8709614668041468
546 : 1.2018140833824873
547 : -1.5295023433864117
548 : 0.1634561289101839
549 : -3.5336523801088333
550 : -1.0437751435674727
551 : -0.9054439100436866
552 : -1.1738987984135747
553 : -1.2338496809825301
554 : -7.71226167678833
555 : -4.133186041377485
556 : -1.708127568475902
557 : -1.0851744511164725
558 : -1.9087688331492245
559 : -1.1354116788133979
560 : -1.1710568121634424
561 : -1.1335658417083323
562 : -1.6339876307174563
563 : 0.3278227197006345
564 : -1.4687814833596349
565 : -0.711189606692642
566 : -1.2153130946680903
567 : -1.2787177977152169
568 : -0.610073272138834
569 : -1.8233905886299908
570 : 3.681819485500455
571 : -1.1462443177588284
572 : -2.1107369903475046
573 : -0.9829242597334087
574 : -0.8511662231758237
575 : 2.002606511116028
576 : -2.716191344545223
577 : 2.0414005368947983
578 : -0.9126839162781835
579 : -1.2256969064474106
580 : -1.271207442972809
581 : -1.2996288537979126
582 : -1.004668249282986
583 : -1.4676013295538723
584 : -1.2089897394180298
585 : -1.244109964929521
586 : 2.3924886411987245
587 : -1.0784353497438133
588 : -0.7390734516084194
589 : -1.6763417939655483
590 : 0.037291680462658405
591 : -0.9064942356199026
592 : -1.4181658769957721
593 : 0.2684993101283908
594 : -0.9066129736602306
595 : 0.30572299286723137
596 : -0.9738339595496655
597 : -1.4115580646321177
598 : -1.4703019969165325
599 : -0.7122849533334374
600 : -3.13863093405962
601 : -1.1907111071050167
602 : -0.8232726603746414
603 : -0.3842016840353608
604 : -1.3334259632974863
605 : -2.6781398663297296
606 : -0.7819852018728852
607 : -6.530542520806193
608 : -1.5623445995151997
609 : -1.4375105053186417
610 : -1.6685344316065311
611 : -2.921419649384916
612 : -8.08325694128871
613 : -0.6781498324126005
614 : -2.2894010450690985
615 : -1.0022806506603956
616 : -2.273013803176582
617 : -0.8997286185622215
618 : -2.352688495069742
619 : -1.2937214178964496
620 : 0.03293075645342469
621 : 3.5314391953870654
622 : -1.594427527859807
623 : -0.7278175698593259
624 : -0.09988939017057419
625 : -2.4421486854553223
626 : -1.028875408694148
627 : -0.46561599522829056
628 : -7.986312970519066
629 : -0.9736337028443813
630 : 3.517500284127891
631 : -2.5348277534358203
632 : -1.5433200686238706
633 : -1.0841084364801645
634 : -1.356531868223101
635 : -1.415991922840476
636 : 1.4885683818720281
637 : -1.998226536437869
638 : -0.887677303981036
639 : -1.3670535068958998
640 : -0.6950536761432886
641 : 2.3241763385012746
642 : -1.9279080033302307
643 : -1.3873971099965274
644 : -1.2815997118595988
645 : -2.125248584896326
646 : 0.04329330613836646
647 : -1.175465030129999
648 : -3.376883203163743
649 : -2.557147021405399
650 : -1.3729471741244197
651 : -0.6817017300054431
652 : -4.939005161635578
653 : -0.7199651715345681
654 : -1.9594700075685978
!!! updated
655 : -1.0962496923748404
656 : -0.8981815031729639
657 : -0.9954691142775118
658 : -0.9454327006824315
659 : -1.0763808833435178
660 : -1.2200258313678205
Setting up 2 worker threads for Enlighten.
  Thread -> id: 7efe31f97700 -> priority: 1 
  Thread -> id: 7efe31796700 -> priority: 1 
Traceback (most recent call last):
  File "main.py", line 123, in <module>
    returns = [episode(env, agent, i) for i in range(training_episodes)]
  File "main.py", line 123, in <listcomp>
    returns = [episode(env, agent, i) for i in range(training_episodes)]
  File "main.py", line 30, in episode
    next_state, reward, done, _ = env.step(action.numpy()[0])
  File "/home/j/jensenj/.local/lib/python3.6/site-packages/gym_unity/envs/__init__.py", line 177, in step
    self._env.step()
  File "/home/j/jensenj/.local/lib/python3.6/site-packages/mlagents_envs/timers.py", line 305, in wrapped
    return func(*args, **kwargs)
  File "/home/j/jensenj/.local/lib/python3.6/site-packages/mlagents_envs/environment.py", line 319, in step
    self._update_state(rl_output)
  File "/home/j/jensenj/.local/lib/python3.6/site-packages/mlagents_envs/environment.py", line 275, in _update_state
    agent_info_list, self._env_specs[brain_name]
  File "/home/j/jensenj/.local/lib/python3.6/site-packages/mlagents_envs/timers.py", line 305, in wrapped
    return func(*args, **kwargs)
  File "/home/j/jensenj/.local/lib/python3.6/site-packages/mlagents_envs/rpc_utils.py", line 188, in steps_from_proto
    obs_index, obs_shape, decision_agent_info_list
  File "/home/j/jensenj/.local/lib/python3.6/site-packages/mlagents_envs/timers.py", line 305, in wrapped
    return func(*args, **kwargs)
  File "/home/j/jensenj/.local/lib/python3.6/site-packages/mlagents_envs/rpc_utils.py", line 152, in _process_vector_observation
    _raise_on_nan_and_inf(np_obs, "observations")
  File "/home/j/jensenj/.local/lib/python3.6/site-packages/mlagents_envs/rpc_utils.py", line 130, in _raise_on_nan_and_inf
    raise RuntimeError(f"The {source} provided had NaN values.")
RuntimeError: The observations provided had NaN values.
2020-06-25 12:43:10 INFO [environment.py:418] Environment shut down with return code 0.
