slurmstepd-chamb: error: Unable to create TMPDIR [/tmp/user/30108]: Permission denied
slurmstepd-chamb: error: Setting TMPDIR to /tmp
Found path: /home/j/jensenj/PycharmProjects/Federer-Jr./src/../crawler_single/linux/dynamic_server/crawler_dynamic.x86_64
Mono path[0] = '/home/j/jensenj/PycharmProjects/Federer-Jr./src/../crawler_single/linux/dynamic_server/crawler_dynamic_Data/Managed'
Mono config path = '/home/j/jensenj/PycharmProjects/Federer-Jr./src/../crawler_single/linux/dynamic_server/crawler_dynamic_Data/MonoBleedingEdge/etc'
Preloaded 'lib_burst_generated.so'
Preloaded 'libgrpc_csharp_ext.x64.so'
Initialize engine version: 2019.3.15f1 (59ff3e03856d)
[Subsystems] Discovering subsystems at path /home/j/jensenj/PycharmProjects/Federer-Jr./src/../crawler_single/linux/dynamic_server/crawler_dynamic_Data/UnitySubsystems
Forcing GfxDevice: Null
GfxDevice: creating device client; threaded=0
NullGfxDevice:
    Version:  NULL 1.0 [1.0]
    Renderer: Null Device
    Vendor:   Unity Technologies
Begin MonoManager ReloadAssembly
- Completed reload, in  0.096 seconds
WARNING: Shader Unsupported: 'Autodesk Interactive' - All passes removed
WARNING: Shader Did you use #pragma only_renderers and omit this platform?
UnloadTime: 0.399694 ms
Fallback handler could not load library /home/j/jensenj/PycharmProjects/Federer-Jr./src/../crawler_single/linux/dynamic_server/crawler_dynamic_Data/Mono/libcoreclr.so
Fallback handler could not load library /home/j/jensenj/PycharmProjects/Federer-Jr./src/../crawler_single/linux/dynamic_server/crawler_dynamic_Data/Mono/libcoreclr.so
Fallback handler could not load library /home/j/jensenj/PycharmProjects/Federer-Jr./src/../crawler_single/linux/dynamic_server/crawler_dynamic_Data/Mono/libcoreclr.so
Fallback handler could not load library /home/j/jensenj/PycharmProjects/Federer-Jr./src/../crawler_single/linux/dynamic_server/crawler_dynamic_Data/Mono/libSystem.dylib
Fallback handler could not load library /home/j/jensenj/PycharmProjects/Federer-Jr./src/../crawler_single/linux/dynamic_server/crawler_dynamic_Data/Mono/libSystem.dylib.so
Fallback handler could not load library /home/j/jensenj/PycharmProjects/Federer-Jr./src/../crawler_single/linux/dynamic_server/crawler_dynamic_Data/Mono/libSystem.dylib
Fallback handler could not load library /home/j/jensenj/PycharmProjects/Federer-Jr./src/../crawler_single/linux/dynamic_server/crawler_dynamic_Data/Mono/libcoreclr.so
Fallback handler could not load library /home/j/jensenj/PycharmProjects/Federer-Jr./src/../crawler_single/linux/dynamic_server/crawler_dynamic_Data/Mono/libcoreclr.so
Fallback handler could not load library /home/j/jensenj/PycharmProjects/Federer-Jr./src/../crawler_single/linux/dynamic_server/crawler_dynamic_Data/Mono/libcoreclr.so
Fallback handler could not load library /home/j/jensenj/PycharmProjects/Federer-Jr./src/../crawler_single/linux/dynamic_server/crawler_dynamic_Data/Mono/libSystem.dylib
Fallback handler could not load library /home/j/jensenj/PycharmProjects/Federer-Jr./src/../crawler_single/linux/dynamic_server/crawler_dynamic_Data/Mono/libSystem.dylib.so
Fallback handler could not load library /home/j/jensenj/PycharmProjects/Federer-Jr./src/../crawler_single/linux/dynamic_server/crawler_dynamic_Data/Mono/libSystem.dylib
/home/j/jensenj/.local/lib/python3.6/site-packages/tensorboard/compat/tensorflow_stub/dtypes.py:541: FutureWarning: Passing (type, 1) or '1type' as a synonym of type is deprecated; in a future version of numpy, it will be understood as (type, (1,)) / '(1,)type'.
  _np_qint8 = np.dtype([("qint8", np.int8, 1)])
/home/j/jensenj/.local/lib/python3.6/site-packages/tensorboard/compat/tensorflow_stub/dtypes.py:542: FutureWarning: Passing (type, 1) or '1type' as a synonym of type is deprecated; in a future version of numpy, it will be understood as (type, (1,)) / '(1,)type'.
  _np_quint8 = np.dtype([("quint8", np.uint8, 1)])
/home/j/jensenj/.local/lib/python3.6/site-packages/tensorboard/compat/tensorflow_stub/dtypes.py:543: FutureWarning: Passing (type, 1) or '1type' as a synonym of type is deprecated; in a future version of numpy, it will be understood as (type, (1,)) / '(1,)type'.
  _np_qint16 = np.dtype([("qint16", np.int16, 1)])
/home/j/jensenj/.local/lib/python3.6/site-packages/tensorboard/compat/tensorflow_stub/dtypes.py:544: FutureWarning: Passing (type, 1) or '1type' as a synonym of type is deprecated; in a future version of numpy, it will be understood as (type, (1,)) / '(1,)type'.
  _np_quint16 = np.dtype([("quint16", np.uint16, 1)])
/home/j/jensenj/.local/lib/python3.6/site-packages/tensorboard/compat/tensorflow_stub/dtypes.py:545: FutureWarning: Passing (type, 1) or '1type' as a synonym of type is deprecated; in a future version of numpy, it will be understood as (type, (1,)) / '(1,)type'.
  _np_qint32 = np.dtype([("qint32", np.int32, 1)])
/home/j/jensenj/.local/lib/python3.6/site-packages/tensorboard/compat/tensorflow_stub/dtypes.py:550: FutureWarning: Passing (type, 1) or '1type' as a synonym of type is deprecated; in a future version of numpy, it will be understood as (type, (1,)) / '(1,)type'.
  np_resource = np.dtype([("resource", np.ubyte, 1)])
2020-06-25 12:03:21 INFO [environment.py:108] Connected to Unity environment with package version 1.0.2 and communication version 1.0.0
2020-06-25 12:03:21 INFO [environment.py:265] Connected new brain:
CrawlerDynamic?team=0
2020-06-25 12:03:21 WARNING [__init__.py:92] The environment contains multiple observations. You must define allow_multiple_obs=True to receive them all. Otherwise, only the first visual observation (or vector observation ifthere are no visual observations) will be provided in the observation.
Internal: JobTempAlloc has allocations that are more than 4 frames old - this is not allowed and likely a leak 
(Filename:  Line: 554)

/home/j/jensenj/.local/lib/python3.6/site-packages/gym/logger.py:30: UserWarning: [33mWARN: Box bound precision lowered by casting to float32[0m
  warnings.warn(colorize('%s: %s'%('WARN', msg % args), 'yellow'))
/home/j/jensenj/.local/lib/python3.6/site-packages/numpy/core/_methods.py:160: RuntimeWarning: invalid value encountered in reduce
  ret = umr_sum(arr, axis, dtype, out, keepdims)
update_time_steps: 4096 , ppo_epochs: 4 , beta:  0.001 , gamma 0.9
0 : -1.580281206406653
1 : -1.0141740385442972
2 : -11.482566694263369
3 : -1.8290516445413232
4 : -6.226246002363041
5 : -1.807704258710146
6 : -0.4568102387711406
7 : -1.8188414881005883
8 : -4.709773377049714
9 : -1.3091427161125466
10 : -1.5677303760312498
11 : -7.089842459186912
12 : -2.7107443851418793
13 : 13.04182870790828
14 : -1.5689479829743505
15 : -1.076169319683686
16 : -3.3245275067165494
17 : -2.3531902246177197
18 : -1.3700109012424946
19 : -0.9888743618503213
20 : -2.4129832750186324
21 : -1.2690580440685153
22 : -0.370059113483876
23 : -1.0569303536321968
24 : -7.936392931267619
25 : -1.2663406450301409
26 : -0.797510864213109
27 : -1.6887099505402148
28 : 2.600163044873625
29 : -0.2959824870340526
30 : -1.9616474406793714
31 : -2.653222122695297
32 : -1.2345129009336233
33 : 2.3780386624857783
34 : -1.3811672385782003
35 : -1.0916257798671722
36 : -1.319964673370123
37 : -1.7225026902742684
38 : -1.3929900866933167
39 : -0.13834021985530853
40 : 1.7511975443921983
41 : -1.2377852499485016
42 : -9.945905129425228
43 : 0.1878386940807104
44 : 0.5891364952549338
45 : -0.48798460979014635
46 : -0.7143989698961377
47 : -2.131293905666098
48 : -1.1684363335371017
49 : -6.896806169301271
50 : -0.8685055039823055
51 : -0.9943456935579889
52 : -0.9542022384703159
53 : -4.199012077879161
54 : -8.260655627120286
55 : 7.267286208458245
56 : -1.2537653879262507
57 : 2.7524347226135433
58 : -1.8172079846262932
59 : -0.9894407778047025
60 : -1.5026801386848092
61 : -1.45241496572271
62 : -1.5750255808234215
63 : 0.5470611453056335
64 : 0.02380130672827363
65 : -1.532945258077234
66 : -1.3445731804240495
67 : -1.9533513928763568
68 : -1.7551577074918896
69 : -1.6966954357922077
70 : -0.18707230174914002
71 : 0.28667700104415417
72 : -1.0799575694836676
73 : -9.908339044079185
74 : -2.0047924630343914
75 : -0.8905283892527223
76 : -1.2116126203909516
77 : -4.121758487774059
78 : -1.942940853536129
79 : -1.2111174575984478
80 : -1.360975426621735
81 : -1.722491528838873
82 : -2.104692293331027
83 : 7.466405081562698
84 : -4.629341180436313
85 : -1.0849746903404593
86 : -1.8897303529083729
87 : -2.273406758205965
88 : -6.882229229900986
89 : 0.8516718801110983
90 : 0.8305000765249133
91 : -1.3999167457222939
92 : -1.5407680254429579
93 : -0.272294401191175
94 : -1.3472416158765554
95 : -1.5440549114719033
96 : 1.5390196898952127
97 : 4.936947289854288
98 : -0.6120541216805577
99 : -3.4425244433805346
100 : 4.113641708157957
101 : 2.0376891708001494
102 : -0.8616062710061669
103 : 8.735711609013379
104 : -0.5228741653263569
105 : -2.563157444819808
106 : -0.5472938464954495
107 : 3.5432772198691964
108 : -1.1454992520739324
109 : -0.7642280552536249
110 : -3.0998973003588617
111 : -0.8192252861335874
112 : -0.07032981375232339
113 : -0.491266171913594
114 : -4.907884843181819
115 : -0.6858108034357429
116 : -2.4525552364066243
117 : -1.8187514380551875
118 : 3.128269685432315
119 : -1.5496450066566467
120 : -1.9422646621242166
121 : 0.4084726432338357
122 : -2.438598059117794
123 : -1.385685607790947
124 : -3.5360459038056433
125 : -1.0120899421162903
126 : -1.1326837660744786
127 : -0.13334035966545343
128 : -1.8771834708750248
129 : 2.860507965553552
130 : -2.670027393847704
131 : -1.632440029643476
132 : -0.8181360880844295
133 : -2.775035703089088
134 : -1.4430317231453955
135 : -2.1328854807652533
136 : 2.5106192943640053
137 : -1.2210284117609262
138 : -0.6557176411151886
139 : 8.776220250874758
140 : -0.7625003522261977
141 : -5.171586964279413
142 : -1.591061354149133
143 : -1.1987500344985165
144 : -1.8448098106309772
145 : 3.977998977061361
146 : -0.8732566963881254
147 : 3.318577254191041
148 : -2.0166367925703526
149 : 15.557544448878616
150 : -1.6444901037029922
151 : -1.0733211094047874
152 : -9.077849118039012
153 : -2.1558841965161264
154 : 0.7323866882361472
155 : -1.6742581222206354
156 : -1.5116405300796032
!!! updated
157 : -0.8569476939737797
158 : -1.4292869605123997
159 : -2.170505354180932
160 : -0.8137802104465663
161 : -0.5086633358150721
162 : -1.1691006710752845
163 : -1.4477808827068657
164 : -1.00435960595496
165 : -1.0712055191397667
166 : -1.2830096613615751
167 : -1.9518818343058228
168 : -0.9329449376091361
169 : -0.2594100870192051
170 : -1.7302623614668846
171 : -1.0958337164483964
172 : -1.279908213764429
173 : -1.0346881984733045
174 : -0.8431548923254013
175 : -2.008091928437352
176 : -1.324765870347619
177 : -1.9700059033930302
178 : -1.0995576255954802
179 : -1.2837771107442677
180 : -1.4101135954260826
181 : -0.37013411708176136
182 : -1.4141287805978209
183 : -0.7165818847715855
184 : -2.1744789630174637
185 : -1.6138488836586475
186 : -1.5962625853717327
187 : -1.743483455851674
188 : -1.3643310461193323
189 : -2.167527568526566
190 : -1.2520430153235793
191 : -0.5250599980354309
192 : -1.6333602890372276
193 : -1.4500991343520582
194 : -1.218294459860772
195 : -0.9219226790592074
196 : -1.2355345664545894
197 : -1.7310139229521155
198 : -1.2049420935218222
199 : -1.7323568421415985
200 : -1.153153876774013
201 : -0.9459747634828091
202 : -1.1092048259451985
203 : -1.3374413857236505
204 : -2.4441590383648872
205 : -1.8929664348252118
206 : -1.6175009831786156
207 : -1.1063883560709655
208 : -1.3679310576990247
209 : -0.3626464158296585
210 : -1.1120866615092382
211 : -1.809129761531949
212 : -1.6855909749865532
213 : -1.838011377491057
214 : -1.5611503683030605
215 : -1.8569579729810357
216 : -1.144217568449676
217 : -1.6709893411025405
218 : -1.484391126781702
219 : -1.8094000583514571
220 : -1.518006805330515
221 : -1.4313815266359597
222 : -1.5020569786429405
223 : -1.141617867629975
224 : -1.4623702727258205
225 : -1.9788034707307816
226 : -1.4824314713478088
227 : -1.4414248536340892
228 : -1.3272039177827537
229 : -0.39335281401872635
230 : -1.5971025596372783
231 : -1.91775991814211
232 : -2.2697450518608093
233 : -1.4581371522508562
234 : -1.142734311055392
235 : -1.2348236020188779
236 : -1.4259718209505081
237 : -1.829362754477188
238 : -1.6670511811971664
239 : -0.9953127028420568
240 : -2.133875161409378
241 : -1.0576352984644473
242 : -1.4991232715547085
243 : -1.385898423846811
244 : -1.940375342965126
245 : -1.5505127096548676
246 : -2.101214349269867
247 : -0.3425512984395027
248 : -1.578427281230688
249 : -1.997747517656535
250 : -1.4422555025666952
251 : -1.7058254891308025
252 : -0.9564716001041234
253 : -0.6512346472591162
254 : -1.3792634829878807
255 : -1.4800224327482283
256 : -1.1093297190964222
257 : -1.8388932961970568
258 : -1.688818283379078
259 : -1.3426452898420393
260 : -1.971029132604599
261 : -1.5632074428722262
262 : -0.8828403437510133
263 : -0.6150508299469948
264 : -0.9619836234487593
265 : -1.5186579804867506
266 : -1.1788009088486433
267 : -1.1641816534101963
268 : -1.350430415943265
269 : -1.8442965727299452
270 : -1.5986140258610249
271 : -0.6594279706478119
272 : -1.430274711921811
273 : -1.6973321046680212
274 : -1.6467197872698307
275 : -0.36540254205465317
276 : -0.9601406762376428
277 : -0.4940900579094887
278 : -1.7752165235579014
279 : -1.721881682984531
280 : -1.7734505273401737
281 : -1.8821810046210885
282 : -1.2381581766530871
283 : -0.45591714419424534
284 : -1.8196625486016273
285 : -0.7152537070214748
286 : -1.3265613969415426
287 : -1.4146041343919933
288 : -1.5337430946528912
289 : -0.6027624420821667
290 : -1.3056366019882262
291 : -0.9554326580837369
292 : -1.0469611454755068
293 : -1.8950321399606764
294 : -1.328646281734109
295 : -1.4101372745353729
296 : -1.9535759836435318
297 : -0.3584595136344433
298 : -0.9530669311061502
299 : -0.5700486674904823
300 : -1.4947905614972115
301 : -1.6203491580672562
302 : -1.1209906376898289
303 : -1.5127107580192387
304 : -0.9049194850958884
305 : -1.7862331755459309
306 : -1.4672253634780645
307 : -0.30715523660182953
308 : -1.3713092785328627
309 : -0.7203970104455948
310 : -1.6578667648136616
311 : -1.3931635471526533
312 : -0.8516832729801536
313 : -0.5483017936348915
314 : -0.9760466436855495
315 : -0.7066695690155029
316 : -1.4716665428131819
317 : -1.160346060525626
318 : -1.0904812407679856
319 : -1.8637349605560303
320 : -1.4778252616524696
321 : -0.687957227230072
322 : -2.8536990955471992
323 : -1.5122563326731324
324 : -1.625273591838777
325 : -0.2770346812903881
326 : -1.380657048895955
327 : -0.5427024997770786
328 : -0.9849573150277138
329 : -0.4148070886731148
330 : -1.529046855866909
331 : -1.4580711289308965
332 : -0.9806697466410697
333 : -1.0708512850105762
334 : -1.4939886629581451
335 : -0.46006082370877266
336 : -2.497472256422043
337 : -1.9053711001761258
338 : -1.7214338704943657
339 : -1.9042382147163153
340 : -1.1852348656393588
341 : -1.1927845543250442
342 : -1.5064485780894756
343 : -0.6198474327102304
344 : -1.3698081225156784
345 : -1.9155508689582348
346 : -1.9440088123083115
347 : -1.3763090139254928
348 : -1.5716681443154812
349 : -0.6569543392397463
350 : -1.5155742913484573
351 : -1.9632154740393162
352 : -1.0034031975083053
353 : -1.9104494880884886
354 : -1.6854047328233719
355 : -1.8681466663256288
356 : -1.8063339572399855
357 : -1.2694713473320007
358 : -1.4282320067286491
359 : -1.3798355930484831
360 : -1.0102926245890558
361 : -1.6153943161480129
362 : -1.1653039595112205
363 : -1.8368764389306307
364 : -1.6358153074979782
365 : -1.6613339643226936
366 : -1.5669971816241741
367 : -1.9221137915737927
368 : -1.509312491863966
369 : -1.4382375297136605
370 : -0.8905165493488312
371 : -1.8060024119913578
372 : -1.117461504880339
373 : -1.3182897921651602
374 : -0.8893155278638005
375 : -1.9230162631720304
376 : -1.9705757424235344
377 : -1.722369191236794
378 : -1.4912395551800728
379 : -0.8554506991058588
380 : -1.2380373366177082
381 : -0.6908306106925011
382 : -1.3367403387092054
383 : -0.3142758719623089
384 : -1.3786146137863398
385 : -0.5172276236116886
386 : -1.3976601492613554
387 : -0.808666281402111
388 : -1.5548163801431656
389 : -0.3878416083753109
390 : -2.484882079064846
391 : -0.7640951722860336
392 : -1.534662513062358
393 : -1.8358550448901951
394 : -1.333745808340609
395 : -1.5347246900200844
396 : -1.7464125603437424
397 : -0.3007626533508301
398 : -1.4716556454077363
399 : -0.7273811586201191
400 : -1.146478452021256
401 : -0.5084667131304741
402 : -1.5559532977640629
403 : -0.9672312708571553
404 : -1.5775269530713558
405 : -0.8028573421761394
406 : -1.4080866016447544
407 : -1.732022553915158
408 : -1.523690807633102
409 : -1.6198132084682584
410 : -1.4649239592254162
411 : -1.4736798582598567
412 : -1.3251070119440556
413 : -1.4841546500101686
414 : -2.03319459175691
415 : -1.6983180958777666
416 : -1.6367311030626297
417 : -0.7572503890842199
418 : -1.308699632063508
419 : -1.2869762855116278
420 : -1.1372723393142223
421 : -1.4600561591796577
422 : -1.0931938816793263
423 : -0.8235367890447378
424 : -1.0566501133143902
425 : -1.7044449616223574
426 : -1.3821055255830288
427 : -0.9574831551872194
428 : -1.1005505609791726
429 : -0.4618683271110058
430 : -1.29838683642447
431 : -0.37001271545886993
432 : -1.9995091930031776
433 : -0.5650560185313225
434 : -1.3146891249343753
435 : -0.8989934492856264
436 : -1.808567352592945
437 : -1.2666896567679942
438 : -1.3236276218667626
439 : -1.3585467338562012
440 : -1.4655715636909008
441 : -1.82148162368685
442 : -1.208274694159627
443 : -1.3615858401171863
444 : -1.3668151404708624
445 : -0.743868138641119
446 : -1.140183575451374
447 : -1.0867110639810562
448 : -1.0274964198470116
449 : -1.6581247569993138
450 : -1.4967780113220215
451 : -0.3973141983151436
452 : -1.6858980283141136
453 : -1.937374715693295
454 : -1.5392996557056904
455 : -0.5294051915407181
456 : -0.9468056727200747
457 : -1.348273967858404
458 : -1.0339237642474473
459 : -0.4762226976454258
460 : -1.4972675032913685
461 : -1.0312741533853114
462 : -1.5699531845748425
463 : -1.7374066263437271
464 : -1.3116618879139423
465 : -0.6369968326762319
466 : -1.3467747867107391
467 : -1.8465666687116027
468 : -1.0722721498459578
469 : -1.3321905732154846
470 : -1.0548404934816062
471 : -0.8572943024337292
472 : -1.682973250746727
473 : -0.3081611469388008
474 : -1.5298196710646152
475 : -1.3238125178031623
476 : -0.9672029879875481
477 : -0.6253479570150375
478 : -1.037201972445473
479 : -0.4281907621771097
480 : -1.0763539068866521
481 : -1.0718093267641962
482 : -1.0881919516250491
483 : -0.5191064849495888
484 : -0.857022138312459
485 : -1.449607864022255
486 : -1.2275787368416786
487 : -1.2678953148424625
488 : -1.5370156075805426
489 : -1.3359491869341582
490 : -1.1214093742892146
491 : -1.5484377015382051
492 : -1.2370088305324316
493 : -0.9734376044943929
494 : -1.100183421280235
495 : -0.9426565137691796
496 : -0.9750455850735307
497 : -2.1670916620641947
498 : -1.6392643824219704
499 : -1.3896385729312897
500 : -1.9862731248140335
501 : -1.6191815482452512
502 : -0.9713801862671971
503 : -0.9576571881771088
504 : -1.5640693195164204
505 : -0.43287587724626064
506 : -1.2797571173869073
507 : -0.7755715325474739
508 : -1.2177332658320665
509 : -0.5178781263530254
510 : -1.5202842764556408
511 : -1.8565416759811342
512 : -1.2785194874741137
513 : -1.5533339329995215
514 : -1.3100882759317756
515 : -1.900110075250268
516 : -1.1793987690471113
517 : -1.5135191408917308
518 : -1.0794885398354381
519 : -1.8421333965379745
520 : -1.67965691909194
521 : -1.8721016384661198
522 : -1.3262368626892567
523 : -1.4259869465604424
524 : -1.6535369157791138
525 : -1.8798316568136215
526 : -1.3986613973975182
527 : -0.9512904211878777
528 : -0.9487628769129515
529 : -0.6522143892943859
530 : -1.5321903815492988
531 : -0.3026481829583645
532 : -1.0030393740162253
533 : -0.3230534680187702
534 : -1.469390251673758
535 : -1.108892294112593
536 : -1.3865494709461927
537 : -1.9759313352406025
538 : -0.990866033360362
539 : -1.0941219870001078
540 : -1.188684854656458
541 : -0.9442801401019096
542 : -1.4663995876908302
543 : -1.5558087560348213
544 : -2.1442264951765537
545 : -1.316644492559135
546 : -1.5743691176176071
!!! updated
547 : -1.3302416438236833
548 : -1.1127428975887597
549 : -1.4307987429201603
550 : -1.3991440255194902
Setting up 2 worker threads for Enlighten.
  Thread -> id: 7ffa6895f700 -> priority: 1 
  Thread -> id: 7ffa63fff700 -> priority: 1 
Traceback (most recent call last):
  File "main.py", line 123, in <module>
    returns = [episode(env, agent, i) for i in range(training_episodes)]
  File "main.py", line 123, in <listcomp>
    returns = [episode(env, agent, i) for i in range(training_episodes)]
  File "main.py", line 30, in episode
    next_state, reward, done, _ = env.step(action.numpy()[0])
  File "/home/j/jensenj/.local/lib/python3.6/site-packages/gym_unity/envs/__init__.py", line 177, in step
    self._env.step()
  File "/home/j/jensenj/.local/lib/python3.6/site-packages/mlagents_envs/timers.py", line 305, in wrapped
    return func(*args, **kwargs)
  File "/home/j/jensenj/.local/lib/python3.6/site-packages/mlagents_envs/environment.py", line 319, in step
    self._update_state(rl_output)
  File "/home/j/jensenj/.local/lib/python3.6/site-packages/mlagents_envs/environment.py", line 275, in _update_state
    agent_info_list, self._env_specs[brain_name]
  File "/home/j/jensenj/.local/lib/python3.6/site-packages/mlagents_envs/timers.py", line 305, in wrapped
    return func(*args, **kwargs)
  File "/home/j/jensenj/.local/lib/python3.6/site-packages/mlagents_envs/rpc_utils.py", line 193, in steps_from_proto
    obs_index, obs_shape, terminal_agent_info_list
  File "/home/j/jensenj/.local/lib/python3.6/site-packages/mlagents_envs/timers.py", line 305, in wrapped
    return func(*args, **kwargs)
  File "/home/j/jensenj/.local/lib/python3.6/site-packages/mlagents_envs/rpc_utils.py", line 152, in _process_vector_observation
    _raise_on_nan_and_inf(np_obs, "observations")
  File "/home/j/jensenj/.local/lib/python3.6/site-packages/mlagents_envs/rpc_utils.py", line 130, in _raise_on_nan_and_inf
    raise RuntimeError(f"The {source} provided had NaN values.")
RuntimeError: The observations provided had NaN values.
2020-06-25 12:13:07 INFO [environment.py:418] Environment shut down with return code 0.
