slurmstepd-duernbach: error: Unable to create TMPDIR [/tmp/user/30108]: Permission denied
slurmstepd-duernbach: error: Setting TMPDIR to /tmp
Found path: /home/j/jensenj/PycharmProjects/Federer-Jr./src/../crawler_single/linux/dynamic_server/crawler_dynamic.x86_64
Mono path[0] = '/home/j/jensenj/PycharmProjects/Federer-Jr./src/../crawler_single/linux/dynamic_server/crawler_dynamic_Data/Managed'
Mono config path = '/home/j/jensenj/PycharmProjects/Federer-Jr./src/../crawler_single/linux/dynamic_server/crawler_dynamic_Data/MonoBleedingEdge/etc'
Preloaded 'lib_burst_generated.so'
Preloaded 'libgrpc_csharp_ext.x64.so'
Initialize engine version: 2019.3.15f1 (59ff3e03856d)
[Subsystems] Discovering subsystems at path /home/j/jensenj/PycharmProjects/Federer-Jr./src/../crawler_single/linux/dynamic_server/crawler_dynamic_Data/UnitySubsystems
Forcing GfxDevice: Null
GfxDevice: creating device client; threaded=0
NullGfxDevice:
    Version:  NULL 1.0 [1.0]
    Renderer: Null Device
    Vendor:   Unity Technologies
Begin MonoManager ReloadAssembly
- Completed reload, in  0.094 seconds
WARNING: Shader Unsupported: 'Autodesk Interactive' - All passes removed
WARNING: Shader Did you use #pragma only_renderers and omit this platform?
UnloadTime: 0.440513 ms
Fallback handler could not load library /home/j/jensenj/PycharmProjects/Federer-Jr./src/../crawler_single/linux/dynamic_server/crawler_dynamic_Data/Mono/libcoreclr.so
Fallback handler could not load library /home/j/jensenj/PycharmProjects/Federer-Jr./src/../crawler_single/linux/dynamic_server/crawler_dynamic_Data/Mono/libcoreclr.so
Fallback handler could not load library /home/j/jensenj/PycharmProjects/Federer-Jr./src/../crawler_single/linux/dynamic_server/crawler_dynamic_Data/Mono/libcoreclr.so
Fallback handler could not load library /home/j/jensenj/PycharmProjects/Federer-Jr./src/../crawler_single/linux/dynamic_server/crawler_dynamic_Data/Mono/libSystem.dylib
Fallback handler could not load library /home/j/jensenj/PycharmProjects/Federer-Jr./src/../crawler_single/linux/dynamic_server/crawler_dynamic_Data/Mono/libSystem.dylib.so
Fallback handler could not load library /home/j/jensenj/PycharmProjects/Federer-Jr./src/../crawler_single/linux/dynamic_server/crawler_dynamic_Data/Mono/libSystem.dylib
Fallback handler could not load library /home/j/jensenj/PycharmProjects/Federer-Jr./src/../crawler_single/linux/dynamic_server/crawler_dynamic_Data/Mono/libcoreclr.so
Fallback handler could not load library /home/j/jensenj/PycharmProjects/Federer-Jr./src/../crawler_single/linux/dynamic_server/crawler_dynamic_Data/Mono/libcoreclr.so
Fallback handler could not load library /home/j/jensenj/PycharmProjects/Federer-Jr./src/../crawler_single/linux/dynamic_server/crawler_dynamic_Data/Mono/libcoreclr.so
Fallback handler could not load library /home/j/jensenj/PycharmProjects/Federer-Jr./src/../crawler_single/linux/dynamic_server/crawler_dynamic_Data/Mono/libSystem.dylib
Fallback handler could not load library /home/j/jensenj/PycharmProjects/Federer-Jr./src/../crawler_single/linux/dynamic_server/crawler_dynamic_Data/Mono/libSystem.dylib.so
Fallback handler could not load library /home/j/jensenj/PycharmProjects/Federer-Jr./src/../crawler_single/linux/dynamic_server/crawler_dynamic_Data/Mono/libSystem.dylib
/home/j/jensenj/.local/lib/python3.6/site-packages/tensorboard/compat/tensorflow_stub/dtypes.py:541: FutureWarning: Passing (type, 1) or '1type' as a synonym of type is deprecated; in a future version of numpy, it will be understood as (type, (1,)) / '(1,)type'.
  _np_qint8 = np.dtype([("qint8", np.int8, 1)])
/home/j/jensenj/.local/lib/python3.6/site-packages/tensorboard/compat/tensorflow_stub/dtypes.py:542: FutureWarning: Passing (type, 1) or '1type' as a synonym of type is deprecated; in a future version of numpy, it will be understood as (type, (1,)) / '(1,)type'.
  _np_quint8 = np.dtype([("quint8", np.uint8, 1)])
/home/j/jensenj/.local/lib/python3.6/site-packages/tensorboard/compat/tensorflow_stub/dtypes.py:543: FutureWarning: Passing (type, 1) or '1type' as a synonym of type is deprecated; in a future version of numpy, it will be understood as (type, (1,)) / '(1,)type'.
  _np_qint16 = np.dtype([("qint16", np.int16, 1)])
/home/j/jensenj/.local/lib/python3.6/site-packages/tensorboard/compat/tensorflow_stub/dtypes.py:544: FutureWarning: Passing (type, 1) or '1type' as a synonym of type is deprecated; in a future version of numpy, it will be understood as (type, (1,)) / '(1,)type'.
  _np_quint16 = np.dtype([("quint16", np.uint16, 1)])
/home/j/jensenj/.local/lib/python3.6/site-packages/tensorboard/compat/tensorflow_stub/dtypes.py:545: FutureWarning: Passing (type, 1) or '1type' as a synonym of type is deprecated; in a future version of numpy, it will be understood as (type, (1,)) / '(1,)type'.
  _np_qint32 = np.dtype([("qint32", np.int32, 1)])
/home/j/jensenj/.local/lib/python3.6/site-packages/tensorboard/compat/tensorflow_stub/dtypes.py:550: FutureWarning: Passing (type, 1) or '1type' as a synonym of type is deprecated; in a future version of numpy, it will be understood as (type, (1,)) / '(1,)type'.
  np_resource = np.dtype([("resource", np.ubyte, 1)])
2020-06-25 12:24:51 INFO [environment.py:108] Connected to Unity environment with package version 1.0.2 and communication version 1.0.0
2020-06-25 12:24:51 INFO [environment.py:265] Connected new brain:
CrawlerDynamic?team=0
2020-06-25 12:24:51 WARNING [__init__.py:92] The environment contains multiple observations. You must define allow_multiple_obs=True to receive them all. Otherwise, only the first visual observation (or vector observation ifthere are no visual observations) will be provided in the observation.
/home/j/jensenj/.local/lib/python3.6/site-packages/gym/logger.py:30: UserWarning: [33mWARN: Box bound precision lowered by casting to float32[0m
  warnings.warn(colorize('%s: %s'%('WARN', msg % args), 'yellow'))
/home/j/jensenj/.local/lib/python3.6/site-packages/numpy/core/_methods.py:160: RuntimeWarning: invalid value encountered in reduce
  ret = umr_sum(arr, axis, dtype, out, keepdims)
update_time_steps: 10240 , ppo_epochs: 1 , beta:  0.1 , gamma 0.9
0 : -0.7273089522495866
1 : -2.140677171293646
2 : -1.3178465142846107
3 : 1.1492249323055148
4 : -2.8133620470762253
5 : -0.94050980405882
6 : -0.6882040845230222
7 : 0.313336756080389
8 : -1.876716805389151
9 : -0.2847826946526766
10 : -1.414966145530343
11 : -1.3519710504915565
12 : -10.377405313774943
13 : 3.407335923984647
14 : -0.2829478206112981
15 : -1.7936743912287056
16 : -1.3082199599593878
17 : -1.1606590133160353
18 : -1.8375344986561686
19 : -2.1975930081680417
20 : -0.7398165876511484
21 : -0.5060895439237356
22 : -1.3000435419380665
23 : -3.020158319035545
24 : -1.228271641768515
25 : -1.6771145649254322
26 : -4.270101306494325
27 : -2.3617523638531566
28 : -4.733227958902717
29 : -1.0613504881039262
30 : 0.2422752045094967
31 : -1.5430714963003993
32 : -1.0900534293614328
33 : -0.7263903049752116
34 : 0.8304514507763088
35 : 0.20606240164488554
36 : -1.3600099320756271
37 : -1.9089204091578722
38 : -1.5436962759122252
39 : -0.722011003177613
40 : -1.8208295074291527
41 : 1.4646116700023413
42 : -2.21945271641016
43 : -4.058328834362328
44 : 3.278724400792271
45 : -5.683411683887243
46 : 0.822136553004384
47 : -3.543923052493483
48 : -2.284395083785057
49 : -0.9786654459312558
50 : 1.7351811490952969
51 : -0.9303709659725428
52 : -0.7536515537649393
53 : -0.7988442843779922
54 : -1.4780865274369717
55 : -6.131929752416909
56 : 19.54647036641836
57 : -0.5824414386879653
58 : -4.028832089621574
59 : -1.1683780695311725
60 : -1.2062037041177973
61 : -1.6446884367614985
62 : -1.503568198531866
63 : -0.7598676020279527
64 : -3.5328802093863487
65 : -2.050258501432836
66 : -1.4532029647380114
67 : -0.563866663724184
68 : -0.3564876839518547
69 : -1.5165309207513928
70 : 4.038536127656698
71 : -1.8864639811217785
72 : -0.8480386822484434
73 : -1.6097683496773243
74 : -2.460200906265527
75 : -0.42333331424742937
76 : -1.1708319066092372
77 : -3.635282192379236
78 : 1.741918352432549
79 : -0.9193208417855203
80 : -0.0889018103480339
81 : -1.4532821448519826
82 : -4.329369834624231
83 : -0.5882582538761199
84 : -1.0773166720755398
85 : -0.6195943374186754
86 : -0.8272551205009222
87 : -0.9062538170255721
88 : -1.3742506662383676
89 : -1.0972185609862208
90 : -0.9118827590718865
91 : 2.971375236986205
92 : -1.3747668974101543
93 : -1.0421554930508137
94 : -1.7231893576681614
95 : -3.849214400863275
96 : -0.5942498212680221
97 : -2.2804348953068256
98 : -1.2607034435495734
99 : -1.0813861167989671
100 : -1.7103921715170145
101 : -1.2128775287419558
102 : -2.633345203474164
103 : 3.7777888868004084
104 : -1.8677737545222044
105 : -2.369161349721253
106 : -0.5161772817373276
107 : -7.3073351960629225
108 : -0.9833976035006344
109 : -2.388430694118142
110 : -1.2855098992586136
111 : -1.451028298586607
112 : -1.3348969975486398
113 : -4.269447920843959
114 : -0.7038202024996281
115 : -14.965047021396458
116 : -1.04132161103189
117 : -2.0699837604770437
118 : -1.0022084759548306
119 : -1.33855761308223
120 : -3.287468801718205
121 : -7.28249197313562
122 : -7.904387891525403
123 : -1.2548388657160103
124 : 2.1055110688321292
125 : -2.875342471525073
126 : -1.1968968785367906
127 : -2.658784456551075
128 : -0.5031853313557804
129 : 2.157966603524983
130 : -1.2608291017822921
131 : -0.3505937505979091
132 : -3.6248936178162694
133 : -0.5430336608551443
134 : -1.4040620978921652
135 : 1.2378517668694258
136 : 1.203326368238777
137 : -2.1781270019710064
138 : -1.7107808955479413
139 : -0.7885550009086728
140 : -1.728267315775156
141 : -1.9241984244436026
142 : -1.2476514391601086
143 : -0.7767225299030542
144 : 1.5102661894634366
145 : 2.5512933395802975
146 : -1.7620460838079453
147 : -0.6750725214369595
148 : -1.3225501077249646
149 : -0.8110665520653129
150 : -2.6827698769047856
151 : -0.7973999227397144
152 : -1.177919065579772
153 : -1.431728231953457
154 : -2.5306510739028454
155 : -0.3779934449121356
156 : -4.275363139808178
157 : -1.2009559869766235
158 : -1.4728840664029121
159 : -0.9813800703268498
160 : -1.5955524146556854
161 : -6.116185278282501
162 : 0.22805361077189445
163 : -6.970596740022302
164 : -2.562944510951638
165 : 8.356383007019758
166 : -0.5622279949020594
167 : -0.6343503659591079
168 : -1.2306153159588575
169 : -0.5264543648809195
170 : -3.1743095321580768
171 : -0.8763261376880109
172 : -3.8482502000406384
173 : -1.9752822648733854
174 : -1.1201104521751404
175 : -2.7530223429203033
176 : -0.6765335761010647
177 : -2.9678887706249952
178 : -1.5045076471287757
179 : -1.194166550412774
180 : -0.6966119790449739
181 : -1.296760132536292
182 : 11.241140183992684
183 : -7.564435414969921
184 : 3.750268004834652
185 : -0.8686805497854948
186 : -1.050599040929228
187 : 0.4197217486798763
188 : -0.33429483871441334
189 : -3.8042613747529685
190 : -2.1856616996228695
191 : -0.09053798019886017
192 : -1.34067991678603
193 : -1.5059720501303673
194 : -1.7735189110971987
195 : 1.045077009126544
196 : 1.5078040482476354
197 : -1.5025595482438803
198 : -0.9600735126296058
199 : 2.7891462822444737
200 : -1.0462678847834468
201 : -0.2861939026042819
202 : -1.3072345280088484
203 : -1.7619361381512135
204 : -2.0284147299826145
205 : -1.512606503907591
206 : 2.0401939284056425
207 : -3.677713097189553
208 : -0.7349466299638152
209 : -1.6309026721864939
210 : -1.4789865212514997
211 : -3.3617867757566273
212 : -1.7057203687727451
213 : -6.6844014334492385
214 : -5.946759611368179
215 : -1.3154455260373652
216 : 0.01155041716992855
217 : -1.3341626524925232
218 : -6.074960583820939
219 : -1.2745299087837338
220 : -0.8710851073265076
221 : -2.4847798831760883
222 : -1.7940471321344376
223 : -0.1346075851470232
224 : -0.6548567395657301
225 : -1.1096016275696456
226 : -1.5490495283156633
227 : -3.470164659433067
228 : -1.2663080710917711
229 : -0.8037042520008981
230 : -0.49107567546889186
231 : -6.775053974241018
232 : -1.4991734009236097
233 : -1.350416762754321
234 : -1.7657402269542217
235 : -1.3861005567014217
236 : -2.14378141798079
237 : -1.4280816053505987
238 : -1.0140010095201433
239 : -1.3297564219683409
240 : -1.507423274219036
241 : -2.2088976331287995
242 : -0.5488234674558043
243 : -0.6586520385462791
244 : -0.7541898097842932
245 : -1.1218348676338792
246 : -1.8410898186266422
247 : 1.1801921832375228
248 : -1.5586999710649252
249 : -1.5607176758348942
250 : -4.49502626946196
251 : -1.7784180380403996
252 : -1.1557495698798448
253 : -2.1082914918661118
254 : 0.7804843699559569
255 : -1.0306449737399817
256 : -0.8030230277217925
257 : -4.888207390904427
258 : -0.5221108626574278
259 : -5.065624309238046
260 : -2.3273764913901687
261 : -1.280249583767727
262 : -1.582666415721178
263 : -1.688639733940363
264 : 3.3206541552208364
265 : -2.6457998992409557
266 : -1.8303383872844279
267 : -1.228044405579567
268 : -1.3601351268589497
269 : -1.5550427678972483
270 : -1.1221257047727704
271 : -0.8616756149567664
272 : -0.5611311786342412
273 : -0.08475200738757849
274 : 4.90514999255538
275 : -8.205908419098705
276 : -0.22057157242670655
277 : -1.3448268477804959
278 : -2.340965712442994
279 : -2.1666150502860546
280 : -1.3091693348251283
281 : -1.858966402709484
282 : -0.8312310352921486
283 : -1.6798732094466686
284 : -1.0877788052894175
285 : -1.2688859407790005
286 : -0.7122689578682184
287 : -0.9077172018587589
288 : -1.21575983799994
289 : -2.039640525355935
290 : -1.2093840446323156
291 : -0.9269247315824032
292 : -1.083188507705927
293 : -1.7558262832462788
294 : -3.4709696201607585
295 : -1.8136447928845882
296 : -3.800422703847289
297 : -3.404311329126358
298 : -1.178012569900602
299 : -1.8649771884083748
300 : -0.29183085076510906
301 : -2.1480071814730763
302 : -1.6641769856214523
303 : -1.5457536354660988
304 : -0.944652218837291
305 : -1.1641877312213182
306 : -0.8297456772997975
307 : -0.8842229531146586
308 : -4.926934246905148
309 : -3.340013583539985
310 : -1.787210346199572
311 : -1.5054951375350356
312 : -0.5708681643009186
313 : -0.8352329321205616
314 : 4.281027443241328
315 : -1.5034724464640021
316 : -0.5155322537757456
317 : -1.6533600855618715
318 : -0.9008371573872864
319 : -7.2257733112201095
320 : -7.217401513131335
321 : -1.4369467971846461
322 : -0.6015354397241026
323 : -1.2265428029932082
324 : -1.4883357249200344
325 : -1.1789076970890164
326 : -1.9533212501555681
327 : -2.671204935759306
328 : -1.3867557342164218
329 : 0.6278805364854634
330 : -5.195471117738634
331 : -1.0048240162432194
332 : -1.0257329093292356
333 : -5.371809223666787
334 : -5.678388750529848
335 : -2.4055149741470814
336 : -4.9481554622761905
337 : 0.7052326472476125
338 : -12.591625894419849
339 : -0.9057671788614243
340 : 3.3752262527123094
341 : -1.4789917338639498
342 : -1.3838958302512765
343 : -0.9470521351322532
344 : -1.3290439704433084
345 : 1.6545005787629634
346 : -1.449624600354582
347 : -7.471387047320604
348 : -2.169128216803074
349 : -1.7416110034100711
350 : -0.9341942155733705
351 : -1.6521888822317123
352 : -1.2989117880351841
353 : -1.585293079726398
354 : -0.9533194927498698
355 : -1.273914040531963
356 : 0.21216504834592342
357 : -0.42475873976945877
358 : -2.7298029251396656
359 : -1.2772750509902835
360 : -0.40095317969098687
361 : -1.612241955474019
362 : -0.5656061326153576
363 : -1.1061098300851882
364 : -1.0516758169978857
365 : -0.8337171915918589
366 : -1.1989155928604305
367 : -2.541945831850171
368 : -1.1157613405957818
369 : 4.777335356920958
370 : -1.1022811081493273
371 : -1.3572439588606358
372 : -8.96238787472248
373 : -4.773135599680245
374 : -1.1298045422881842
375 : -1.484290742315352
376 : -0.2437339066527784
377 : -2.289328243583441
378 : -0.7071080515161157
379 : -2.0892434753477573
380 : -0.06069410406053066
381 : -2.7834847792983055
382 : -2.227515692356974
383 : -3.8377934033051133
384 : -3.498722355114296
385 : -0.40612809360027313
386 : -1.2143063270486891
387 : -1.6551735810935497
388 : -3.8413750417530537
389 : -2.2420025086030364
390 : -0.7411603229120374
391 : -2.215040824841708
392 : -1.3326227404177189
393 : -0.8280726708471775
394 : -2.4550220854580402
395 : -1.967603836208582
396 : 0.6056617121212184
397 : 0.589455253444612
398 : -1.6005692034959793
399 : -0.5327645484358072
400 : -1.1413018079474568
401 : -1.4029074432328343
402 : -1.0433736708946526
403 : -0.19480536598712206
404 : -1.1402363209053874
405 : -3.0312913805246353
406 : -1.445400488562882
407 : -1.719081303337589
408 : -1.3694318358320743
409 : -1.3697669100947678
410 : -0.87071125023067
411 : 0.12555867806077003
412 : 2.621439960319549
413 : -8.974772732704878
414 : -1.4246417639078572
415 : -0.30115141393616796
416 : -1.169472873210907
417 : -1.1140718469396234
418 : -1.7370502315461636
419 : 4.045845473185182
420 : -1.6119807846844196
421 : 2.4673830280080438
422 : -2.9553036871366203
423 : 1.9663522862829268
424 : -1.758684430271387
425 : -1.4767027087509632
426 : 1.4246484679169953
427 : 2.5496413819491863
428 : -1.284418372437358
429 : -4.058140884619206
430 : -0.8499432229436934
431 : -1.1604831106960773
432 : -1.1211667992174625
433 : -1.5076330825686455
434 : -1.8390538729727268
435 : -1.5434847371652722
436 : -7.67024577781558
437 : -2.6013434843625873
438 : 0.7403439143672585
439 : -1.889908716082573
440 : -0.24421775713562965
441 : -0.27968823350965977
442 : -0.4013367951847613
443 : -1.25154465920059
444 : -0.848233500495553
445 : -1.515755060594529
446 : -3.327055404894054
447 : -1.2920217621140182
448 : -1.6961765997111797
449 : -1.5257764528505504
450 : -0.9197761164978147
451 : -4.104783304966986
452 : -3.0917076095938683
453 : -0.7105169035494328
454 : 0.08226247411221266
455 : -1.644371650647372
456 : -1.5784996296279132
457 : -1.311057741055265
458 : -0.6363096684217453
459 : -2.4268384966999292
460 : -1.208346676081419
461 : -3.0242835730314255
462 : -0.6505336361005902
463 : -0.5731670251116157
464 : -1.534680879674852
465 : -2.1488456316292286
466 : -1.2561350408941507
467 : -1.3806994520127773
468 : -1.2624464184045792
469 : -1.9942583963274956
470 : -1.5299865398555994
471 : -1.5771604403853416
472 : -5.070919491350651
473 : -1.312771825119853
474 : 7.364187591010705
475 : -0.7751759369857609
476 : -1.3770133098587394
477 : -0.4098128357436508
478 : 1.2499002432450652
479 : -1.807775840163231
480 : -1.4596310891211033
481 : -1.2129234331659973
!!! updated
482 : -1.5687734596431255
483 : -3.547117967158556
484 : -0.8862638832069933
485 : -1.6198407858610153
486 : -1.1496500773355365
487 : -0.8074689768254757
Setting up 2 worker threads for Enlighten.
  Thread -> id: 7f8702198700 -> priority: 1 
  Thread -> id: 7f8701997700 -> priority: 1 
Traceback (most recent call last):
  File "main.py", line 123, in <module>
    returns = [episode(env, agent, i) for i in range(training_episodes)]
  File "main.py", line 123, in <listcomp>
    returns = [episode(env, agent, i) for i in range(training_episodes)]
  File "main.py", line 30, in episode
    next_state, reward, done, _ = env.step(action.numpy()[0])
  File "/home/j/jensenj/.local/lib/python3.6/site-packages/gym_unity/envs/__init__.py", line 177, in step
    self._env.step()
  File "/home/j/jensenj/.local/lib/python3.6/site-packages/mlagents_envs/timers.py", line 305, in wrapped
    return func(*args, **kwargs)
  File "/home/j/jensenj/.local/lib/python3.6/site-packages/mlagents_envs/environment.py", line 319, in step
    self._update_state(rl_output)
  File "/home/j/jensenj/.local/lib/python3.6/site-packages/mlagents_envs/environment.py", line 275, in _update_state
    agent_info_list, self._env_specs[brain_name]
  File "/home/j/jensenj/.local/lib/python3.6/site-packages/mlagents_envs/timers.py", line 305, in wrapped
    return func(*args, **kwargs)
  File "/home/j/jensenj/.local/lib/python3.6/site-packages/mlagents_envs/rpc_utils.py", line 188, in steps_from_proto
    obs_index, obs_shape, decision_agent_info_list
  File "/home/j/jensenj/.local/lib/python3.6/site-packages/mlagents_envs/timers.py", line 305, in wrapped
    return func(*args, **kwargs)
  File "/home/j/jensenj/.local/lib/python3.6/site-packages/mlagents_envs/rpc_utils.py", line 152, in _process_vector_observation
    _raise_on_nan_and_inf(np_obs, "observations")
  File "/home/j/jensenj/.local/lib/python3.6/site-packages/mlagents_envs/rpc_utils.py", line 130, in _raise_on_nan_and_inf
    raise RuntimeError(f"The {source} provided had NaN values.")
RuntimeError: The observations provided had NaN values.
2020-06-25 12:36:22 INFO [environment.py:418] Environment shut down with return code 0.
