slurmstepd-geltnach: error: Unable to create TMPDIR [/tmp/user/30108]: Permission denied
slurmstepd-geltnach: error: Setting TMPDIR to /tmp
Found path: /home/j/jensenj/PycharmProjects/Federer-Jr./src/../crawler_single/linux/dynamic_server/crawler_dynamic.x86_64
Mono path[0] = '/home/j/jensenj/PycharmProjects/Federer-Jr./src/../crawler_single/linux/dynamic_server/crawler_dynamic_Data/Managed'
Mono config path = '/home/j/jensenj/PycharmProjects/Federer-Jr./src/../crawler_single/linux/dynamic_server/crawler_dynamic_Data/MonoBleedingEdge/etc'
Preloaded 'lib_burst_generated.so'
Preloaded 'libgrpc_csharp_ext.x64.so'
Initialize engine version: 2019.3.15f1 (59ff3e03856d)
[Subsystems] Discovering subsystems at path /home/j/jensenj/PycharmProjects/Federer-Jr./src/../crawler_single/linux/dynamic_server/crawler_dynamic_Data/UnitySubsystems
Forcing GfxDevice: Null
GfxDevice: creating device client; threaded=0
NullGfxDevice:
    Version:  NULL 1.0 [1.0]
    Renderer: Null Device
    Vendor:   Unity Technologies
Begin MonoManager ReloadAssembly
- Completed reload, in  0.101 seconds
WARNING: Shader Unsupported: 'Autodesk Interactive' - All passes removed
WARNING: Shader Did you use #pragma only_renderers and omit this platform?
UnloadTime: 0.401636 ms
Fallback handler could not load library /home/j/jensenj/PycharmProjects/Federer-Jr./src/../crawler_single/linux/dynamic_server/crawler_dynamic_Data/Mono/libcoreclr.so
Fallback handler could not load library /home/j/jensenj/PycharmProjects/Federer-Jr./src/../crawler_single/linux/dynamic_server/crawler_dynamic_Data/Mono/libcoreclr.so
Fallback handler could not load library /home/j/jensenj/PycharmProjects/Federer-Jr./src/../crawler_single/linux/dynamic_server/crawler_dynamic_Data/Mono/libcoreclr.so
Fallback handler could not load library /home/j/jensenj/PycharmProjects/Federer-Jr./src/../crawler_single/linux/dynamic_server/crawler_dynamic_Data/Mono/libSystem.dylib
Fallback handler could not load library /home/j/jensenj/PycharmProjects/Federer-Jr./src/../crawler_single/linux/dynamic_server/crawler_dynamic_Data/Mono/libSystem.dylib.so
Fallback handler could not load library /home/j/jensenj/PycharmProjects/Federer-Jr./src/../crawler_single/linux/dynamic_server/crawler_dynamic_Data/Mono/libSystem.dylib
Fallback handler could not load library /home/j/jensenj/PycharmProjects/Federer-Jr./src/../crawler_single/linux/dynamic_server/crawler_dynamic_Data/Mono/libcoreclr.so
Fallback handler could not load library /home/j/jensenj/PycharmProjects/Federer-Jr./src/../crawler_single/linux/dynamic_server/crawler_dynamic_Data/Mono/libcoreclr.so
Fallback handler could not load library /home/j/jensenj/PycharmProjects/Federer-Jr./src/../crawler_single/linux/dynamic_server/crawler_dynamic_Data/Mono/libcoreclr.so
Fallback handler could not load library /home/j/jensenj/PycharmProjects/Federer-Jr./src/../crawler_single/linux/dynamic_server/crawler_dynamic_Data/Mono/libSystem.dylib
Fallback handler could not load library /home/j/jensenj/PycharmProjects/Federer-Jr./src/../crawler_single/linux/dynamic_server/crawler_dynamic_Data/Mono/libSystem.dylib.so
Fallback handler could not load library /home/j/jensenj/PycharmProjects/Federer-Jr./src/../crawler_single/linux/dynamic_server/crawler_dynamic_Data/Mono/libSystem.dylib
/home/j/jensenj/.local/lib/python3.6/site-packages/tensorboard/compat/tensorflow_stub/dtypes.py:541: FutureWarning: Passing (type, 1) or '1type' as a synonym of type is deprecated; in a future version of numpy, it will be understood as (type, (1,)) / '(1,)type'.
  _np_qint8 = np.dtype([("qint8", np.int8, 1)])
/home/j/jensenj/.local/lib/python3.6/site-packages/tensorboard/compat/tensorflow_stub/dtypes.py:542: FutureWarning: Passing (type, 1) or '1type' as a synonym of type is deprecated; in a future version of numpy, it will be understood as (type, (1,)) / '(1,)type'.
  _np_quint8 = np.dtype([("quint8", np.uint8, 1)])
/home/j/jensenj/.local/lib/python3.6/site-packages/tensorboard/compat/tensorflow_stub/dtypes.py:543: FutureWarning: Passing (type, 1) or '1type' as a synonym of type is deprecated; in a future version of numpy, it will be understood as (type, (1,)) / '(1,)type'.
  _np_qint16 = np.dtype([("qint16", np.int16, 1)])
/home/j/jensenj/.local/lib/python3.6/site-packages/tensorboard/compat/tensorflow_stub/dtypes.py:544: FutureWarning: Passing (type, 1) or '1type' as a synonym of type is deprecated; in a future version of numpy, it will be understood as (type, (1,)) / '(1,)type'.
  _np_quint16 = np.dtype([("quint16", np.uint16, 1)])
/home/j/jensenj/.local/lib/python3.6/site-packages/tensorboard/compat/tensorflow_stub/dtypes.py:545: FutureWarning: Passing (type, 1) or '1type' as a synonym of type is deprecated; in a future version of numpy, it will be understood as (type, (1,)) / '(1,)type'.
  _np_qint32 = np.dtype([("qint32", np.int32, 1)])
/home/j/jensenj/.local/lib/python3.6/site-packages/tensorboard/compat/tensorflow_stub/dtypes.py:550: FutureWarning: Passing (type, 1) or '1type' as a synonym of type is deprecated; in a future version of numpy, it will be understood as (type, (1,)) / '(1,)type'.
  np_resource = np.dtype([("resource", np.ubyte, 1)])
2020-06-25 12:06:51 INFO [environment.py:108] Connected to Unity environment with package version 1.0.2 and communication version 1.0.0
2020-06-25 12:06:51 INFO [environment.py:265] Connected new brain:
CrawlerDynamic?team=0
2020-06-25 12:06:51 WARNING [__init__.py:92] The environment contains multiple observations. You must define allow_multiple_obs=True to receive them all. Otherwise, only the first visual observation (or vector observation ifthere are no visual observations) will be provided in the observation.
/home/j/jensenj/.local/lib/python3.6/site-packages/gym/logger.py:30: UserWarning: [33mWARN: Box bound precision lowered by casting to float32[0m
  warnings.warn(colorize('%s: %s'%('WARN', msg % args), 'yellow'))
/home/j/jensenj/.local/lib/python3.6/site-packages/numpy/core/_methods.py:160: RuntimeWarning: invalid value encountered in reduce
  ret = umr_sum(arr, axis, dtype, out, keepdims)
update_time_steps: 4096 , ppo_epochs: 16 , beta:  0.1 , gamma 0.99
0 : -1.6610464449040592
1 : -1.6054767491295934
2 : -0.780509065836668
3 : 6.110000756569207
4 : -0.4676277535036206
5 : -1.2958236318081617
6 : -1.2425866601988673
7 : -0.728980828076601
8 : -1.1703908611088991
9 : -1.177165411412716
10 : -0.9219231088645756
11 : -1.2673501763492823
12 : -3.667651442810893
13 : -1.5415574051439762
14 : 0.8367521865293384
15 : -2.0373643413186073
16 : -0.8300178777426481
17 : -1.6592484372667968
18 : -1.605849758721888
19 : -1.336241303011775
20 : -1.4420997453853488
21 : -1.3634204093832523
22 : -1.1072799870744348
23 : -0.8703332571312785
24 : -2.03966973349452
25 : 1.367713118903339
26 : -1.0798035589978099
27 : -2.4917586953379214
28 : -1.3152884026058018
29 : -1.3432629704475403
30 : -0.21743700746446848
31 : 7.247514425776899
32 : -1.6208425562363118
33 : -4.390249014832079
34 : -1.2536943219602108
35 : -3.8251359751448035
36 : -1.8024181630462408
37 : -1.602968405932188
38 : 5.45045533857774
39 : 2.0972115374170244
40 : -0.16955063166096807
41 : -4.890521260094829
42 : 2.2651298865675926
43 : -1.9311692640185356
44 : -1.0696024661883712
45 : -0.9300251808017492
46 : 1.1138212531805038
47 : -2.353418064303696
48 : -4.3868967816233635
49 : 0.6087758489884436
50 : 4.37155386665836
51 : -0.9343651346862316
52 : 8.344472994795069
53 : -1.207715071272105
54 : -1.171201110817492
55 : -3.3317149821668863
56 : -16.4573628436774
57 : 3.8072996363043785
58 : -1.2959554591216147
59 : -1.1105872867628932
60 : 3.3677575988695025
61 : -1.6531848851591349
62 : -1.6589631005190313
63 : -5.89968763384968
64 : -1.5788765363395214
65 : -1.1331151260528713
66 : -1.0479902988299727
67 : 1.3726849472150207
68 : -1.3450422203168273
69 : -0.6230314271524549
70 : -0.787144641391933
71 : -0.7261315966024995
72 : -1.8443624638020992
73 : -6.175351047888398
74 : -3.113840544130653
75 : -1.5571529548615217
76 : -1.1178030977025628
77 : -1.5103691881522536
78 : 0.157644584774971
79 : -0.28274581115692854
80 : 5.117204783950001
81 : -1.2327546402812004
82 : -1.6650134436786175
83 : -4.486129661556333
84 : -2.654578547924757
85 : -1.5114388801157475
86 : -0.9597319271415472
87 : -2.889863839838654
88 : -1.8977870610542595
89 : -0.9926667583640665
90 : 0.1221470101736486
91 : -5.64565153978765
92 : -4.258324448019266
93 : -3.217121312394738
94 : -1.5357908634468913
95 : -8.78674433939159
96 : -3.6578601989895105
97 : -1.950411394238472
98 : -0.2503157276660204
99 : -2.3412538673728704
100 : -5.012221896089613
101 : -3.0675810128450394
102 : -1.327367746271193
103 : -5.431898915208876
104 : 0.6174683147110045
105 : -0.7188489809632301
106 : -1.6846614312380552
107 : 1.3023822586983442
108 : -0.7753421226516366
109 : -1.5589837357401848
110 : -0.911633063107729
111 : 5.840969292446971
112 : 2.783784942701459
113 : -0.457329198718071
114 : -0.7959528993815184
115 : -0.9554519369266927
116 : 1.645841390825808
117 : -1.2000069241039455
118 : 5.316195588093251
119 : -1.126718076877296
120 : 0.4786036089062691
121 : -21.136113821878098
122 : -1.5926028490066528
123 : -1.5730876792222261
124 : -2.564101956784725
125 : -1.4660240709781647
126 : 1.157160809263587
127 : -4.400384283624589
128 : -1.3417504727840424
129 : -0.17763799522072077
130 : -0.5206440854817629
131 : -1.8458665423095226
132 : -2.9572149347513914
133 : -3.758727938402444
134 : 1.6034800820052624
135 : -2.349652095232159
136 : -1.4194179819896817
137 : -1.9707633256912231
138 : -1.5201424793340266
139 : -0.6879855617880821
140 : -1.3415128011256456
141 : -0.9989700857549906
142 : -4.396908330265433
143 : -1.0325006879866123
144 : -1.418368985876441
145 : -3.4039345583878458
146 : -1.1774107890669256
147 : -1.6375614670105278
148 : -1.5670008212327957
149 : -0.9105485193431377
150 : -0.7931989748030901
151 : -4.1003854288719594
152 : -2.0410508699715137
153 : -1.036061116727069
154 : -1.9606524296104908
155 : -1.4106370895169675
156 : -1.4754581823945045
157 : -1.7485705073922873
158 : -1.066667496226728
159 : -1.3640655539929867
160 : 4.174832628690638
161 : -3.4036891870200634
162 : 0.36649124417454004
163 : 4.095663700718433
164 : 4.460980727337301
165 : -1.0895327273756266
166 : -0.942545029334724
167 : -1.4096189204137772
168 : -1.0328131150454283
169 : 0.26693428959697485
170 : -1.0628536900039762
171 : -0.6412141527980566
172 : -0.175912715960294
173 : -1.9572583325207233
174 : -1.1722212387248874
175 : -4.611365265212953
!!! updated
176 : -1.157489674165845
177 : -1.4986035015899688
178 : -1.372447244822979
179 : -1.4405958312563598
Setting up 2 worker threads for Enlighten.
  Thread -> id: 7fa926ffd700 -> priority: 1 
  Thread -> id: 7fa9267fc700 -> priority: 1 
Traceback (most recent call last):
  File "main.py", line 123, in <module>
    returns = [episode(env, agent, i) for i in range(training_episodes)]
  File "main.py", line 123, in <listcomp>
    returns = [episode(env, agent, i) for i in range(training_episodes)]
  File "main.py", line 30, in episode
    next_state, reward, done, _ = env.step(action.numpy()[0])
  File "/home/j/jensenj/.local/lib/python3.6/site-packages/gym_unity/envs/__init__.py", line 177, in step
    self._env.step()
  File "/home/j/jensenj/.local/lib/python3.6/site-packages/mlagents_envs/timers.py", line 305, in wrapped
    return func(*args, **kwargs)
  File "/home/j/jensenj/.local/lib/python3.6/site-packages/mlagents_envs/environment.py", line 319, in step
    self._update_state(rl_output)
  File "/home/j/jensenj/.local/lib/python3.6/site-packages/mlagents_envs/environment.py", line 275, in _update_state
    agent_info_list, self._env_specs[brain_name]
  File "/home/j/jensenj/.local/lib/python3.6/site-packages/mlagents_envs/timers.py", line 305, in wrapped
    return func(*args, **kwargs)
  File "/home/j/jensenj/.local/lib/python3.6/site-packages/mlagents_envs/rpc_utils.py", line 188, in steps_from_proto
    obs_index, obs_shape, decision_agent_info_list
  File "/home/j/jensenj/.local/lib/python3.6/site-packages/mlagents_envs/timers.py", line 305, in wrapped
    return func(*args, **kwargs)
  File "/home/j/jensenj/.local/lib/python3.6/site-packages/mlagents_envs/rpc_utils.py", line 152, in _process_vector_observation
    _raise_on_nan_and_inf(np_obs, "observations")
  File "/home/j/jensenj/.local/lib/python3.6/site-packages/mlagents_envs/rpc_utils.py", line 130, in _raise_on_nan_and_inf
    raise RuntimeError(f"The {source} provided had NaN values.")
RuntimeError: The observations provided had NaN values.
2020-06-25 12:12:12 INFO [environment.py:418] Environment shut down with return code 0.
