slurmstepd-chamb: error: Unable to create TMPDIR [/tmp/user/30108]: Permission denied
slurmstepd-chamb: error: Setting TMPDIR to /tmp
Found path: /home/j/jensenj/PycharmProjects/Federer-Jr./src/../crawler_single/linux/dynamic_server/crawler_dynamic.x86_64
Mono path[0] = '/home/j/jensenj/PycharmProjects/Federer-Jr./src/../crawler_single/linux/dynamic_server/crawler_dynamic_Data/Managed'
Mono config path = '/home/j/jensenj/PycharmProjects/Federer-Jr./src/../crawler_single/linux/dynamic_server/crawler_dynamic_Data/MonoBleedingEdge/etc'
Preloaded 'lib_burst_generated.so'
Preloaded 'libgrpc_csharp_ext.x64.so'
Initialize engine version: 2019.3.15f1 (59ff3e03856d)
[Subsystems] Discovering subsystems at path /home/j/jensenj/PycharmProjects/Federer-Jr./src/../crawler_single/linux/dynamic_server/crawler_dynamic_Data/UnitySubsystems
Forcing GfxDevice: Null
GfxDevice: creating device client; threaded=0
NullGfxDevice:
    Version:  NULL 1.0 [1.0]
    Renderer: Null Device
    Vendor:   Unity Technologies
Begin MonoManager ReloadAssembly
- Completed reload, in  0.097 seconds
WARNING: Shader Unsupported: 'Autodesk Interactive' - All passes removed
WARNING: Shader Did you use #pragma only_renderers and omit this platform?
UnloadTime: 0.396558 ms
Fallback handler could not load library /home/j/jensenj/PycharmProjects/Federer-Jr./src/../crawler_single/linux/dynamic_server/crawler_dynamic_Data/Mono/libcoreclr.so
Fallback handler could not load library /home/j/jensenj/PycharmProjects/Federer-Jr./src/../crawler_single/linux/dynamic_server/crawler_dynamic_Data/Mono/libcoreclr.so
Fallback handler could not load library /home/j/jensenj/PycharmProjects/Federer-Jr./src/../crawler_single/linux/dynamic_server/crawler_dynamic_Data/Mono/libcoreclr.so
Fallback handler could not load library /home/j/jensenj/PycharmProjects/Federer-Jr./src/../crawler_single/linux/dynamic_server/crawler_dynamic_Data/Mono/libSystem.dylib
Fallback handler could not load library /home/j/jensenj/PycharmProjects/Federer-Jr./src/../crawler_single/linux/dynamic_server/crawler_dynamic_Data/Mono/libSystem.dylib.so
Fallback handler could not load library /home/j/jensenj/PycharmProjects/Federer-Jr./src/../crawler_single/linux/dynamic_server/crawler_dynamic_Data/Mono/libSystem.dylib
Fallback handler could not load library /home/j/jensenj/PycharmProjects/Federer-Jr./src/../crawler_single/linux/dynamic_server/crawler_dynamic_Data/Mono/libcoreclr.so
Fallback handler could not load library /home/j/jensenj/PycharmProjects/Federer-Jr./src/../crawler_single/linux/dynamic_server/crawler_dynamic_Data/Mono/libcoreclr.so
Fallback handler could not load library /home/j/jensenj/PycharmProjects/Federer-Jr./src/../crawler_single/linux/dynamic_server/crawler_dynamic_Data/Mono/libcoreclr.so
Fallback handler could not load library /home/j/jensenj/PycharmProjects/Federer-Jr./src/../crawler_single/linux/dynamic_server/crawler_dynamic_Data/Mono/libSystem.dylib
Fallback handler could not load library /home/j/jensenj/PycharmProjects/Federer-Jr./src/../crawler_single/linux/dynamic_server/crawler_dynamic_Data/Mono/libSystem.dylib.so
Fallback handler could not load library /home/j/jensenj/PycharmProjects/Federer-Jr./src/../crawler_single/linux/dynamic_server/crawler_dynamic_Data/Mono/libSystem.dylib
/home/j/jensenj/.local/lib/python3.6/site-packages/tensorboard/compat/tensorflow_stub/dtypes.py:541: FutureWarning: Passing (type, 1) or '1type' as a synonym of type is deprecated; in a future version of numpy, it will be understood as (type, (1,)) / '(1,)type'.
  _np_qint8 = np.dtype([("qint8", np.int8, 1)])
/home/j/jensenj/.local/lib/python3.6/site-packages/tensorboard/compat/tensorflow_stub/dtypes.py:542: FutureWarning: Passing (type, 1) or '1type' as a synonym of type is deprecated; in a future version of numpy, it will be understood as (type, (1,)) / '(1,)type'.
  _np_quint8 = np.dtype([("quint8", np.uint8, 1)])
/home/j/jensenj/.local/lib/python3.6/site-packages/tensorboard/compat/tensorflow_stub/dtypes.py:543: FutureWarning: Passing (type, 1) or '1type' as a synonym of type is deprecated; in a future version of numpy, it will be understood as (type, (1,)) / '(1,)type'.
  _np_qint16 = np.dtype([("qint16", np.int16, 1)])
/home/j/jensenj/.local/lib/python3.6/site-packages/tensorboard/compat/tensorflow_stub/dtypes.py:544: FutureWarning: Passing (type, 1) or '1type' as a synonym of type is deprecated; in a future version of numpy, it will be understood as (type, (1,)) / '(1,)type'.
  _np_quint16 = np.dtype([("quint16", np.uint16, 1)])
/home/j/jensenj/.local/lib/python3.6/site-packages/tensorboard/compat/tensorflow_stub/dtypes.py:545: FutureWarning: Passing (type, 1) or '1type' as a synonym of type is deprecated; in a future version of numpy, it will be understood as (type, (1,)) / '(1,)type'.
  _np_qint32 = np.dtype([("qint32", np.int32, 1)])
/home/j/jensenj/.local/lib/python3.6/site-packages/tensorboard/compat/tensorflow_stub/dtypes.py:550: FutureWarning: Passing (type, 1) or '1type' as a synonym of type is deprecated; in a future version of numpy, it will be understood as (type, (1,)) / '(1,)type'.
  np_resource = np.dtype([("resource", np.ubyte, 1)])
2020-06-25 12:00:21 INFO [environment.py:108] Connected to Unity environment with package version 1.0.2 and communication version 1.0.0
2020-06-25 12:00:21 INFO [environment.py:265] Connected new brain:
CrawlerDynamic?team=0
2020-06-25 12:00:21 WARNING [__init__.py:92] The environment contains multiple observations. You must define allow_multiple_obs=True to receive them all. Otherwise, only the first visual observation (or vector observation ifthere are no visual observations) will be provided in the observation.
/home/j/jensenj/.local/lib/python3.6/site-packages/gym/logger.py:30: UserWarning: [33mWARN: Box bound precision lowered by casting to float32[0m
  warnings.warn(colorize('%s: %s'%('WARN', msg % args), 'yellow'))
/home/j/jensenj/.local/lib/python3.6/site-packages/numpy/core/_methods.py:160: RuntimeWarning: invalid value encountered in reduce
  ret = umr_sum(arr, axis, dtype, out, keepdims)
update_time_steps: 2048 , ppo_epochs: 16 , beta:  0.001 , gamma 0.99
0 : -1.5622447713976726
1 : -1.3147231719922274
2 : -0.6756625222042203
3 : -3.149409895762801
4 : -1.4859785698354244
5 : -1.4556555338203907
6 : -0.8175423666834831
7 : -1.131116489879787
8 : -1.2792235407978296
9 : 1.0281018763780594
10 : -1.1729996083304286
11 : -1.8990514762699604
12 : -0.8184006244409829
13 : -1.4326732829213142
14 : -1.0321292523294687
15 : -2.29173282161355
16 : -0.9267804063856602
17 : -6.9711589883081615
18 : -3.969723779708147
19 : -1.018950654193759
20 : -7.522510022157803
21 : -1.896389625966549
22 : 0.9491066094487906
23 : -1.171494442038238
24 : -0.7481252495199442
25 : -1.5798319047316909
26 : -0.758787992876023
27 : -0.8571321880444884
28 : -1.272206851746887
29 : -1.1098452531732619
30 : -1.6061381697654724
31 : -2.80485472176224
32 : -1.3711142668034881
33 : 0.9526209095492959
34 : -1.433168739080429
35 : 1.0676249358803034
36 : -1.3644016024190933
37 : -1.4229163015261292
38 : -2.444443643093109
39 : -1.083847570931539
40 : -0.8187782783061266
41 : -1.0458070216700435
42 : 0.16498864581808448
43 : -1.866432387381792
44 : -2.9949419698677957
45 : -1.4768491443246603
46 : -1.2647872073575854
47 : -1.0718708783388138
48 : -1.8506106361746788
49 : -1.0608556400984526
50 : -1.292875443585217
51 : -0.6755811758339405
52 : 0.6216691918671131
53 : -0.8587574418634176
54 : -1.5701762065291405
55 : -6.822724599391222
56 : -1.5545527271460742
57 : -1.1411027263384312
58 : -1.1080503445118666
59 : -0.3919702039565891
60 : -1.3766102087683976
61 : -9.523897374048829
62 : -2.138276328332722
63 : -0.8508046520873904
64 : -1.220669615548104
65 : -1.9844636246562004
66 : -1.4970205686986446
67 : -1.171831446699798
68 : -0.7997836573049426
69 : 2.352632866241038
70 : -0.9341636756435037
71 : -1.21637290623039
72 : -2.197883978486061
73 : -1.2128432923927903
74 : -2.257103852927685
75 : -2.351743229664862
76 : -1.690678491257131
77 : -1.2006728518754244
78 : -1.2169142961502075
79 : -0.8721979963593185
80 : -1.1414775939192623
81 : -3.959748900262639
82 : -0.941527945920825
83 : 0.4975832034833729
84 : -1.546527530066669
85 : -1.3840054236352444
86 : -0.9246431594947353
87 : 0.21553262649104
88 : -8.449447743594646
89 : 4.20926769496873
90 : -1.2683998197317123
91 : -1.242050563218072
92 : -1.3426927775144577
93 : 1.1500599435530603
94 : -8.035947151482105
95 : 2.351372694596648
96 : -2.3281694147735834
97 : -1.8837103694677353
98 : -0.9464551452547312
99 : -1.453084072098136
100 : -2.647819654084742
101 : -1.3818949609994888
102 : -2.115115500986576
103 : 0.4682771093212068
104 : -1.3560639331117272
105 : -1.3684825403615832
106 : -1.4074560776352882
107 : -2.0627173352986574
108 : -1.7271185917779803
109 : -0.9998328350484371
110 : -1.3987168967723846
111 : -0.7565507981926203
112 : -0.9942147545516491
!!! updated
113 : 0.7268699938431382
114 : -1.0217489711940289
115 : -0.8471407266333699
116 : -1.3057714644819498
117 : -1.004253403749317
118 : -1.282557479571551
119 : -1.4490366727113724
Setting up 2 worker threads for Enlighten.
  Thread -> id: 7f8c51e1c700 -> priority: 1 
  Thread -> id: 7f8c5161b700 -> priority: 1 
Traceback (most recent call last):
  File "main.py", line 123, in <module>
    returns = [episode(env, agent, i) for i in range(training_episodes)]
  File "main.py", line 123, in <listcomp>
    returns = [episode(env, agent, i) for i in range(training_episodes)]
  File "main.py", line 30, in episode
    next_state, reward, done, _ = env.step(action.numpy()[0])
  File "/home/j/jensenj/.local/lib/python3.6/site-packages/gym_unity/envs/__init__.py", line 177, in step
    self._env.step()
  File "/home/j/jensenj/.local/lib/python3.6/site-packages/mlagents_envs/timers.py", line 305, in wrapped
    return func(*args, **kwargs)
  File "/home/j/jensenj/.local/lib/python3.6/site-packages/mlagents_envs/environment.py", line 319, in step
    self._update_state(rl_output)
  File "/home/j/jensenj/.local/lib/python3.6/site-packages/mlagents_envs/environment.py", line 275, in _update_state
    agent_info_list, self._env_specs[brain_name]
  File "/home/j/jensenj/.local/lib/python3.6/site-packages/mlagents_envs/timers.py", line 305, in wrapped
    return func(*args, **kwargs)
  File "/home/j/jensenj/.local/lib/python3.6/site-packages/mlagents_envs/rpc_utils.py", line 188, in steps_from_proto
    obs_index, obs_shape, decision_agent_info_list
  File "/home/j/jensenj/.local/lib/python3.6/site-packages/mlagents_envs/timers.py", line 305, in wrapped
    return func(*args, **kwargs)
  File "/home/j/jensenj/.local/lib/python3.6/site-packages/mlagents_envs/rpc_utils.py", line 152, in _process_vector_observation
    _raise_on_nan_and_inf(np_obs, "observations")
  File "/home/j/jensenj/.local/lib/python3.6/site-packages/mlagents_envs/rpc_utils.py", line 130, in _raise_on_nan_and_inf
    raise RuntimeError(f"The {source} provided had NaN values.")
RuntimeError: The observations provided had NaN values.
2020-06-25 12:03:07 INFO [environment.py:418] Environment shut down with return code 0.
