slurmstepd-pyrit: error: Unable to create TMPDIR [/tmp/user/30108]: Permission denied
slurmstepd-pyrit: error: Setting TMPDIR to /tmp
Found path: /home/j/jensenj/PycharmProjects/Federer-Jr./src/../crawler_single/linux/dynamic_server/crawler_dynamic.x86_64
Mono path[0] = '/home/j/jensenj/PycharmProjects/Federer-Jr./src/../crawler_single/linux/dynamic_server/crawler_dynamic_Data/Managed'
Mono config path = '/home/j/jensenj/PycharmProjects/Federer-Jr./src/../crawler_single/linux/dynamic_server/crawler_dynamic_Data/MonoBleedingEdge/etc'
Preloaded 'lib_burst_generated.so'
Preloaded 'libgrpc_csharp_ext.x64.so'
Initialize engine version: 2019.3.15f1 (59ff3e03856d)
[Subsystems] Discovering subsystems at path /home/j/jensenj/PycharmProjects/Federer-Jr./src/../crawler_single/linux/dynamic_server/crawler_dynamic_Data/UnitySubsystems
Forcing GfxDevice: Null
GfxDevice: creating device client; threaded=0
NullGfxDevice:
    Version:  NULL 1.0 [1.0]
    Renderer: Null Device
    Vendor:   Unity Technologies
Begin MonoManager ReloadAssembly
- Completed reload, in  0.118 seconds
WARNING: Shader Unsupported: 'Autodesk Interactive' - All passes removed
WARNING: Shader Did you use #pragma only_renderers and omit this platform?
UnloadTime: 0.342892 ms
Fallback handler could not load library /home/j/jensenj/PycharmProjects/Federer-Jr./src/../crawler_single/linux/dynamic_server/crawler_dynamic_Data/Mono/libcoreclr.so
Fallback handler could not load library /home/j/jensenj/PycharmProjects/Federer-Jr./src/../crawler_single/linux/dynamic_server/crawler_dynamic_Data/Mono/libcoreclr.so
Fallback handler could not load library /home/j/jensenj/PycharmProjects/Federer-Jr./src/../crawler_single/linux/dynamic_server/crawler_dynamic_Data/Mono/libcoreclr.so
Fallback handler could not load library /home/j/jensenj/PycharmProjects/Federer-Jr./src/../crawler_single/linux/dynamic_server/crawler_dynamic_Data/Mono/libSystem.dylib
Fallback handler could not load library /home/j/jensenj/PycharmProjects/Federer-Jr./src/../crawler_single/linux/dynamic_server/crawler_dynamic_Data/Mono/libSystem.dylib.so
Fallback handler could not load library /home/j/jensenj/PycharmProjects/Federer-Jr./src/../crawler_single/linux/dynamic_server/crawler_dynamic_Data/Mono/libSystem.dylib
Fallback handler could not load library /home/j/jensenj/PycharmProjects/Federer-Jr./src/../crawler_single/linux/dynamic_server/crawler_dynamic_Data/Mono/libcoreclr.so
Fallback handler could not load library /home/j/jensenj/PycharmProjects/Federer-Jr./src/../crawler_single/linux/dynamic_server/crawler_dynamic_Data/Mono/libcoreclr.so
Fallback handler could not load library /home/j/jensenj/PycharmProjects/Federer-Jr./src/../crawler_single/linux/dynamic_server/crawler_dynamic_Data/Mono/libcoreclr.so
Fallback handler could not load library /home/j/jensenj/PycharmProjects/Federer-Jr./src/../crawler_single/linux/dynamic_server/crawler_dynamic_Data/Mono/libSystem.dylib
Fallback handler could not load library /home/j/jensenj/PycharmProjects/Federer-Jr./src/../crawler_single/linux/dynamic_server/crawler_dynamic_Data/Mono/libSystem.dylib.so
Fallback handler could not load library /home/j/jensenj/PycharmProjects/Federer-Jr./src/../crawler_single/linux/dynamic_server/crawler_dynamic_Data/Mono/libSystem.dylib
/home/j/jensenj/.local/lib/python3.6/site-packages/tensorboard/compat/tensorflow_stub/dtypes.py:541: FutureWarning: Passing (type, 1) or '1type' as a synonym of type is deprecated; in a future version of numpy, it will be understood as (type, (1,)) / '(1,)type'.
  _np_qint8 = np.dtype([("qint8", np.int8, 1)])
/home/j/jensenj/.local/lib/python3.6/site-packages/tensorboard/compat/tensorflow_stub/dtypes.py:542: FutureWarning: Passing (type, 1) or '1type' as a synonym of type is deprecated; in a future version of numpy, it will be understood as (type, (1,)) / '(1,)type'.
  _np_quint8 = np.dtype([("quint8", np.uint8, 1)])
/home/j/jensenj/.local/lib/python3.6/site-packages/tensorboard/compat/tensorflow_stub/dtypes.py:543: FutureWarning: Passing (type, 1) or '1type' as a synonym of type is deprecated; in a future version of numpy, it will be understood as (type, (1,)) / '(1,)type'.
  _np_qint16 = np.dtype([("qint16", np.int16, 1)])
/home/j/jensenj/.local/lib/python3.6/site-packages/tensorboard/compat/tensorflow_stub/dtypes.py:544: FutureWarning: Passing (type, 1) or '1type' as a synonym of type is deprecated; in a future version of numpy, it will be understood as (type, (1,)) / '(1,)type'.
  _np_quint16 = np.dtype([("quint16", np.uint16, 1)])
/home/j/jensenj/.local/lib/python3.6/site-packages/tensorboard/compat/tensorflow_stub/dtypes.py:545: FutureWarning: Passing (type, 1) or '1type' as a synonym of type is deprecated; in a future version of numpy, it will be understood as (type, (1,)) / '(1,)type'.
  _np_qint32 = np.dtype([("qint32", np.int32, 1)])
/home/j/jensenj/.local/lib/python3.6/site-packages/tensorboard/compat/tensorflow_stub/dtypes.py:550: FutureWarning: Passing (type, 1) or '1type' as a synonym of type is deprecated; in a future version of numpy, it will be understood as (type, (1,)) / '(1,)type'.
  np_resource = np.dtype([("resource", np.ubyte, 1)])
2020-06-25 11:57:51 INFO [environment.py:108] Connected to Unity environment with package version 1.0.2 and communication version 1.0.0
2020-06-25 11:57:51 INFO [environment.py:265] Connected new brain:
CrawlerDynamic?team=0
2020-06-25 11:57:51 WARNING [__init__.py:92] The environment contains multiple observations. You must define allow_multiple_obs=True to receive them all. Otherwise, only the first visual observation (or vector observation ifthere are no visual observations) will be provided in the observation.
/home/j/jensenj/.local/lib/python3.6/site-packages/gym/logger.py:30: UserWarning: [33mWARN: Box bound precision lowered by casting to float32[0m
  warnings.warn(colorize('%s: %s'%('WARN', msg % args), 'yellow'))
update_time_steps: 2048 , ppo_epochs: 2 , beta:  0.01 , gamma 0.9
0 : -1.4084511841647327
1 : -1.0292872786521912
2 : -1.1407550014555454
3 : -1.7359093674458563
4 : -1.8519443310797215
5 : 2.380176555365324
6 : -1.826663488522172
7 : -1.8504641139879823
8 : -0.8755780863575637
9 : -1.7659633876755834
10 : -1.2878485321998596
11 : -0.785844779573381
12 : -1.647649540565908
13 : -1.3165654512122273
14 : -1.8238066723570228
15 : -1.8059160113334656
16 : -2.082429651170969
17 : -1.6272148257121444
18 : -0.02082049404270947
19 : 9.430951660033315
20 : -0.23146682465448976
21 : -1.3289599195122719
22 : -0.9214946366846561
23 : -2.63122533634305
24 : -1.9013137705624104
25 : -1.392180476570502
26 : -0.8412072686478496
27 : -1.3860104363411665
28 : -2.1031078416854143
29 : -1.5516470381990075
30 : -3.047447817400098
31 : -1.9902119897305965
32 : -1.1053610472008586
33 : -1.4541642908006907
34 : -1.2820695266127586
35 : -1.2573823779821396
36 : -1.3148770797997713
37 : -1.2859525363892317
38 : 3.666342157870531
39 : 0.9578385911881924
40 : -1.2819690629839897
41 : -1.2367896913783625
42 : -1.7635275276843458
43 : -1.6348053594119847
44 : -1.2404153114184737
45 : 0.944458369165659
46 : -0.9100288590416312
47 : -2.3000332470983267
48 : -1.2450227392837405
49 : -1.156205757521093
50 : -0.7859245222061872
51 : -0.7003539060242474
52 : 8.201541256159544
53 : -1.638659704476595
54 : -1.293070197571069
55 : -0.3125080415047705
56 : -1.6026799138635397
57 : -2.8450381751172245
58 : -1.57135100197047
59 : -1.0067607145756483
60 : -1.6504483055323362
61 : -2.8522001458331943
62 : -1.451256871689111
63 : -0.18589647416956723
64 : 14.015672203619033
65 : -1.1853215463925153
66 : 2.4784772023558617
67 : -0.9453423735685647
68 : -0.5416106274351478
69 : -1.6551199369132519
70 : -0.8440456790849566
71 : -3.308525850996375
72 : -3.121596544981003
73 : -1.4908799519762397
74 : -0.7145848721265793
75 : -5.660583540331572
76 : -1.561105074826628
77 : -0.6674284897744656
78 : -1.4848460387438536
79 : -0.8332981001585722
80 : -1.5185709930956364
81 : -1.7211228143423796
82 : -2.094676584005356
83 : 0.15568446461111307
84 : -1.1334633026272058
85 : -1.2446689934586175
86 : -6.733194419182837
87 : -1.2409834279678762
88 : -0.8447097474709153
89 : -5.840611543506384
90 : -2.028225027723238
91 : -1.018433095421642
92 : -1.1860093707218766
93 : -1.8115600310266018
94 : -3.3656022460199893
95 : -0.7216514791361988
96 : -0.5477218981832266
97 : -1.2005661674775183
98 : -0.9682106943801045
99 : -5.078904453665018
100 : -1.5418905783444643
101 : -0.8846628866158426
102 : -0.6364153353497386
103 : 3.366902409121394
104 : -1.5489353761076927
105 : -3.196740962564945
106 : -1.8104987944243476
107 : 1.4071253761649132
108 : -1.2871002852916718
109 : -0.8224127679131925
!!! updated
110 : -0.6691040126606822
111 : -1.70187906967476
112 : -1.2670570090413094
113 : -0.9579648282378912
114 : -1.5803520530462265
115 : -1.1636384427547455
116 : -1.652530424296856
117 : -1.1290250904858112
118 : -1.7174000144004822
119 : -1.422696968074888
120 : -0.8830143986269832
121 : -0.5697242692112923
122 : -2.346809702925384
123 : -1.5933570340275764
124 : -1.3216190366074443
125 : -0.9436159152537584
126 : -1.951750318519771
127 : -1.430969923734665
128 : -1.7936683273874223
129 : -2.1385365100577474
130 : -1.7533027604222298
131 : -2.092054009437561
132 : -0.6275063250213861
133 : -2.3325749281793833
134 : 2.262888368219137
135 : -1.1045744051225483
136 : -1.424967042170465
137 : -0.45895336102694273
138 : -0.8667737441137433
139 : -0.3566538207232952
140 : -0.3302091665100306
141 : -1.614750675857067
142 : -2.022219942882657
143 : -1.2429541582241654
144 : -0.5022785626351833
145 : -0.5811527329497039
146 : -0.802411193959415
147 : -1.6216735448688269
148 : -1.5581800863146782
149 : -0.24942828342318535
150 : -2.303615216165781
151 : -2.0904910238459706
152 : -1.5814331024885178
153 : -1.1781371384859085
154 : -3.427410200238228
155 : -0.904472267255187
156 : -0.655696707777679
157 : -0.9098535254597664
158 : -2.0098921260796487
159 : -0.8865677928552032
160 : -0.2531767403706908
161 : -1.3999298233538866
162 : -1.4397874996066093
163 : -1.9045180724933743
164 : -0.44163561053574085
165 : -1.2087997179478407
166 : -0.48318746918812394
167 : -1.1110794404521585
168 : -1.3264617137610912
169 : -0.5575816330965608
170 : -1.2756570782512426
171 : -1.5683509078808129
172 : -1.5805480256676674
173 : -0.8622103277593851
174 : -0.9446299513801932
175 : -2.020485570654273
176 : -1.7328003272414207
177 : -1.9783341493457556
178 : -0.37392706144601107
179 : -0.7512468853965402
180 : -2.711648302152753
181 : -1.9517430365085602
182 : -2.247332579921931
183 : -0.7089031939394772
184 : -1.206501729786396
185 : -0.3142139269039035
186 : -0.7592405434697866
187 : -1.81898602982983
188 : -1.1975200902670622
189 : -2.0454967115074396
190 : -1.0469133574515581
191 : -0.787743165390566
192 : -1.0978872277773917
193 : -1.319618297740817
194 : -2.0363501347601414
195 : -2.0907676182687283
196 : -1.1368702612817287
197 : -1.3061545602977276
198 : -2.074969667941332
199 : -0.5768867977894843
200 : -0.8571570301428437
201 : -0.323247738648206
202 : -1.3028989359736443
203 : -2.0177219975739717
204 : -1.6577182784676552
205 : -1.839302339591086
206 : -2.3667637780308723
207 : -1.1299387095496058
208 : -1.6852754587307572
209 : -1.6407034620642662
210 : -1.2103520007804036
211 : -1.2051196154206991
212 : -1.1013197246938944
213 : -1.223226570058614
214 : -0.3185541611164808
215 : -0.9142490923404694
216 : -1.6949068584945053
217 : -1.819281678646803
218 : -1.0148471374996006
219 : -1.277271979721263
220 : -0.2982882270589471
221 : -0.3108223364688456
222 : -0.6633579460904002
223 : -1.2900498127564788
224 : -2.7007533125579357
225 : -1.3789612483233213
226 : -0.8877782467752695
227 : -0.9504815125837922
228 : -0.30117620900273323
229 : -1.709008939564228
230 : -0.6906591132283211
231 : -1.093467011116445
232 : -0.603472089394927
233 : -0.7860137643292546
234 : -0.985399111174047
235 : -0.962458842433989
236 : -0.6885077636688948
237 : -0.9190374854952097
238 : -1.0396451707929373
239 : -1.7181694507598877
240 : -0.37292956095188856
241 : -1.5249004163779318
242 : -1.199934066462447
243 : -0.832430019043386
244 : -1.5603973865509033
245 : -0.2332941449712962
246 : -0.8298318455927074
!!! updated
247 : -0.7767942398786545
248 : -1.7422453686594963
249 : -0.9764938480220735
250 : -1.063626259099692
251 : -1.2500084391795099
252 : -0.8277623122557998
253 : -1.2965675685554743
254 : -1.4394885525107384
255 : -0.762949628289789
256 : -1.4859602563083172
257 : -1.731920838356018
258 : -1.3767934418283403
259 : -1.6279027163982391
260 : -2.2560660019516945
261 : -1.116014163941145
262 : -0.8860740284435451
263 : -1.4888403750956059
264 : -0.9161029933020473
265 : -1.507183593697846
266 : -0.8515770202502608
267 : -1.0497097223997116
268 : -1.2676242962479591
269 : -1.7415255680680275
270 : -0.8943028040230274
271 : -1.2520386716350913
272 : -1.9406168833374977
273 : -0.838922883849591
274 : -1.5604577250778675
275 : -0.8418074604123831
276 : -1.461319200694561
277 : -0.7969157751649618
278 : -0.8795706289820373
279 : -1.6212305948138237
280 : -0.7979623675346375
281 : -0.8414910952560604
282 : -0.9142627781257033
283 : -1.324257768690586
284 : -0.8897687802091241
285 : -1.6449050083756447
286 : -1.2406049761921167
287 : -1.850424237549305
288 : -1.5583967193961143
289 : -1.0758836213499308
290 : -1.8580834791064262
291 : -1.2788406275212765
292 : -1.4768009739927948
293 : -1.3839274644851685
294 : -1.473148237913847
295 : -1.0851270463317633
296 : -1.6106448322534561
297 : -0.8052711421623826
298 : -1.8456029668450356
299 : -1.6320994719862938
300 : -1.356035086326301
301 : -1.1445144368335605
302 : -1.4282464645802975
303 : -0.8737730467692018
304 : -1.583902657032013
305 : -0.7709209639579058
306 : -1.379229336977005
307 : -1.2715945392847061
308 : -1.7004060298204422
309 : -1.311724804341793
310 : -1.1378791390452534
311 : -1.1939454283565283
312 : -1.1428522793576121
313 : -1.6953547336161137
314 : -0.7759665250778198
315 : -1.3551421232987195
316 : -0.7529289340600371
317 : -1.175564524717629
318 : -1.8236242458224297
319 : -1.0331851444207132
320 : -2.5177508741617203
321 : -1.2367878975346684
322 : -1.1871155961416662
323 : -1.3497802466154099
324 : -1.1236314539564773
325 : -1.3757314393296838
326 : -1.1052315216511488
327 : -1.3940585302188993
328 : -0.8680413914844394
329 : -0.965406232047826
330 : -1.11375811137259
331 : -1.0695379516109824
332 : -1.3671867735683918
333 : -1.3130443021655083
334 : -1.5413415245711803
335 : -1.3821672312915325
336 : -1.244473115541041
337 : -1.0407732888124883
338 : -1.9237797036767006
339 : -2.224591262638569
340 : -1.6933548375964165
341 : -1.2191120027564466
342 : -1.0642881579697132
343 : -1.14131919760257
344 : -1.6947581842541695
345 : -1.2945995477493852
346 : -1.7231342196464539
347 : -1.404385325498879
348 : -1.2164551825262606
349 : -2.238624155521393
350 : -1.4863419272005558
351 : -2.8278898149728775
352 : -1.1559107876382768
353 : -0.92117571644485
354 : -1.6720378380268812
355 : -1.1396898087114096
356 : -1.1264482408296317
357 : -1.6282194666564465
358 : -1.250009237555787
359 : -0.6934472415596247
360 : -1.988772876560688
361 : -0.9022588608786464
362 : -1.7640612423419952
363 : -1.5274326726794243
364 : -1.006764114368707
365 : -1.3626714926213026
366 : -0.8216400472447276
367 : -1.07380713801831
368 : -0.7971582096070051
369 : -0.9067112626507878
370 : -0.897230046801269
371 : -1.850611962378025
372 : -1.3686668993905187
373 : -1.1459950464777648
374 : -1.4214528128504753
375 : -1.01747793587856
376 : -1.2152244141325355
377 : -1.4584432877600193
378 : -0.8817218039184809
379 : -1.1311239153146744
380 : -2.151788130402565
381 : -0.8261338388547301
382 : -1.2473244252614677
383 : -1.4519557282328606
384 : -1.5235347989946604
385 : -1.687051273882389
386 : -1.4866656120866537
387 : -0.8527643722482026
388 : -1.059395051561296
389 : -1.4769666157662868
390 : -1.9999098107218742
391 : -1.7998936623334885
392 : -1.0424567172303796
393 : -1.3720190711319447
394 : -1.9253081157803535
395 : -1.951482631266117
396 : -0.7251231409609318
397 : -0.9207910015247762
398 : -1.5906364619731903
399 : -1.3727722140029073
400 : -0.8487487006932497
401 : -0.9249148140661418
402 : -1.3761241845786572
403 : -1.494884056970477
404 : -0.9637796757742763
405 : -0.7909410735592246
406 : -2.1751532405614853
407 : -1.2180122416466475
408 : -1.8850426636636257
409 : -1.374178795143962
410 : -1.28173141553998
411 : -1.07573778857477
412 : -1.3025762345641851
413 : -2.0103850215673447
414 : -1.1390473353676498
415 : -1.2673606099560857
416 : -0.9740831134840846
417 : -1.1517538568004966
418 : -1.5065323896706104
419 : -1.9268741235136986
420 : -1.3463510256260633
421 : -1.904671810567379
422 : -1.267075851559639
423 : -1.48099847137928
424 : -1.443422270938754
425 : -1.4402179904282093
426 : -1.256396671757102
427 : -1.0205049877986312
428 : -0.8691496043466032
429 : -1.0823495974764228
430 : -0.8643839973956347
431 : -1.6509415805339813
432 : -1.5676626190543175
433 : -1.6596003137528896
434 : -1.8664124980568886
435 : -1.6409307420253754
436 : -0.782620046287775
437 : -1.7605894804000854
438 : -1.517850536853075
439 : -1.1573117001680657
440 : -1.6409819349646568
441 : -2.010884426534176
442 : -1.435137183405459
443 : -1.1380272465758026
444 : -1.0053459252230823
445 : -1.354369841516018
446 : -1.5702812736853957
447 : -1.5127792358398438
448 : -1.720561943948269
449 : -1.7584279850125313
450 : -1.5845685973763466
451 : -0.9374718498438597
452 : -1.4040089547634125
453 : -1.3749480247497559
454 : -0.9080838467925787
455 : -1.4238565191626549
456 : -1.948114424943924
457 : -2.048803359270096
458 : -1.181431288830936
459 : -1.1902289376594126
460 : -0.9821861861273646
461 : -1.0163296200335026
462 : -1.8908188194036484
463 : -1.862907249480486
464 : -1.4645076468586922
465 : -1.8223053850233555
466 : -1.0626763077452779
467 : -1.0981648759916425
468 : -1.6122026592493057
469 : -0.9906996889039874
470 : -1.5373897105455399
471 : -1.2607009666971862
472 : -1.8976004645228386
473 : -1.049235438928008
474 : -1.1061887228861451
475 : -0.6970632486045361
476 : -1.6817229390144348
477 : -1.1783179882913828
478 : -1.051149760838598
479 : -1.5116818435490131
480 : -0.9732884815894067
481 : -0.9794455273076892
482 : -1.8391802459955215
483 : -1.144258000422269
484 : -1.404071781784296
485 : -1.5390895791351795
486 : -1.2889209911227226
487 : -1.3518966548144817
488 : -1.2745916126295924
489 : -0.9178344141691923
490 : -0.8882196885533631
491 : -0.9905260340310633
492 : -1.6746973469853401
493 : -1.5497452057898045
494 : -1.6432869732379913
495 : -1.2169159557670355
496 : -1.0186087666079402
497 : -1.276331203058362
498 : -1.2418276071548462
499 : -1.6018592976033688
500 : -1.3565835263580084
501 : -1.2413616408593953
502 : -1.5419884184375405
!!! updated
503 : -0.9065195368602872
504 : -1.4226064085960388
505 : -0.8900722954422235
506 : -1.2865775171667337
507 : -1.3781753554940224
508 : -1.5078221736475825
509 : -1.6614423468708992
510 : -1.2321574240922928
511 : -1.1525171538814902
512 : -1.5136054456233978
513 : -0.8146899784915149
514 : -2.4366653710603714
515 : -1.146069698035717
516 : -1.480149269104004
517 : -1.2009308468550444
518 : -1.8304051235318184
519 : -1.602459056302905
520 : -2.0236225202679634
521 : -1.4343037456274033
522 : -1.426000733859837
523 : -1.1276676636189222
524 : -1.1730226122308522
525 : -1.6442162245512009
Setting up 6 worker threads for Enlighten.
  Thread -> id: 7fc520f95700 -> priority: 1 
  Thread -> id: 7fc4b7fff700 -> priority: 1 
  Thread -> id: 7fc4b77fe700 -> priority: 1 
  Thread -> id: 7fc4b6ffd700 -> priority: 1 
  Thread -> id: 7fc4b67fc700 -> priority: 1 
  Thread -> id: 7fc4b5ffb700 -> priority: 1 
Traceback (most recent call last):
  File "main.py", line 123, in <module>
    returns = [episode(env, agent, i) for i in range(training_episodes)]
  File "main.py", line 123, in <listcomp>
    returns = [episode(env, agent, i) for i in range(training_episodes)]
  File "main.py", line 30, in episode
    next_state, reward, done, _ = env.step(action.numpy()[0])
  File "/home/j/jensenj/.local/lib/python3.6/site-packages/gym_unity/envs/__init__.py", line 177, in step
    self._env.step()
  File "/home/j/jensenj/.local/lib/python3.6/site-packages/mlagents_envs/timers.py", line 305, in wrapped
    return func(*args, **kwargs)
  File "/home/j/jensenj/.local/lib/python3.6/site-packages/mlagents_envs/environment.py", line 319, in step
    self._update_state(rl_output)
  File "/home/j/jensenj/.local/lib/python3.6/site-packages/mlagents_envs/environment.py", line 275, in _update_state
    agent_info_list, self._env_specs[brain_name]
  File "/home/j/jensenj/.local/lib/python3.6/site-packages/mlagents_envs/timers.py", line 305, in wrapped
    return func(*args, **kwargs)
  File "/home/j/jensenj/.local/lib/python3.6/site-packages/mlagents_envs/rpc_utils.py", line 188, in steps_from_proto
    obs_index, obs_shape, decision_agent_info_list
  File "/home/j/jensenj/.local/lib/python3.6/site-packages/mlagents_envs/timers.py", line 305, in wrapped
    return func(*args, **kwargs)
  File "/home/j/jensenj/.local/lib/python3.6/site-packages/mlagents_envs/rpc_utils.py", line 152, in _process_vector_observation
    _raise_on_nan_and_inf(np_obs, "observations")
  File "/home/j/jensenj/.local/lib/python3.6/site-packages/mlagents_envs/rpc_utils.py", line 132, in _raise_on_nan_and_inf
    raise RuntimeError(f"The {source} provided had Infinite values.")
RuntimeError: The observations provided had Infinite values.
2020-06-25 12:04:53 INFO [environment.py:418] Environment shut down with return code 0.
