slurmstepd-ilz: error: Unable to create TMPDIR [/tmp/user/30108]: Permission denied
slurmstepd-ilz: error: Setting TMPDIR to /tmp
Found path: /home/j/jensenj/PycharmProjects/Federer-Jr./src/../crawler_single/linux/dynamic_server/crawler_dynamic.x86_64
Mono path[0] = '/home/j/jensenj/PycharmProjects/Federer-Jr./src/../crawler_single/linux/dynamic_server/crawler_dynamic_Data/Managed'
Mono config path = '/home/j/jensenj/PycharmProjects/Federer-Jr./src/../crawler_single/linux/dynamic_server/crawler_dynamic_Data/MonoBleedingEdge/etc'
Preloaded 'lib_burst_generated.so'
Preloaded 'libgrpc_csharp_ext.x64.so'
Initialize engine version: 2019.3.15f1 (59ff3e03856d)
[Subsystems] Discovering subsystems at path /home/j/jensenj/PycharmProjects/Federer-Jr./src/../crawler_single/linux/dynamic_server/crawler_dynamic_Data/UnitySubsystems
Forcing GfxDevice: Null
GfxDevice: creating device client; threaded=0
NullGfxDevice:
    Version:  NULL 1.0 [1.0]
    Renderer: Null Device
    Vendor:   Unity Technologies
Begin MonoManager ReloadAssembly
- Completed reload, in  0.098 seconds
WARNING: Shader Unsupported: 'Autodesk Interactive' - All passes removed
WARNING: Shader Did you use #pragma only_renderers and omit this platform?
UnloadTime: 0.402767 ms
Fallback handler could not load library /home/j/jensenj/PycharmProjects/Federer-Jr./src/../crawler_single/linux/dynamic_server/crawler_dynamic_Data/Mono/libcoreclr.so
Fallback handler could not load library /home/j/jensenj/PycharmProjects/Federer-Jr./src/../crawler_single/linux/dynamic_server/crawler_dynamic_Data/Mono/libcoreclr.so
Fallback handler could not load library /home/j/jensenj/PycharmProjects/Federer-Jr./src/../crawler_single/linux/dynamic_server/crawler_dynamic_Data/Mono/libcoreclr.so
Fallback handler could not load library /home/j/jensenj/PycharmProjects/Federer-Jr./src/../crawler_single/linux/dynamic_server/crawler_dynamic_Data/Mono/libSystem.dylib
Fallback handler could not load library /home/j/jensenj/PycharmProjects/Federer-Jr./src/../crawler_single/linux/dynamic_server/crawler_dynamic_Data/Mono/libSystem.dylib.so
Fallback handler could not load library /home/j/jensenj/PycharmProjects/Federer-Jr./src/../crawler_single/linux/dynamic_server/crawler_dynamic_Data/Mono/libSystem.dylib
Fallback handler could not load library /home/j/jensenj/PycharmProjects/Federer-Jr./src/../crawler_single/linux/dynamic_server/crawler_dynamic_Data/Mono/libcoreclr.so
Fallback handler could not load library /home/j/jensenj/PycharmProjects/Federer-Jr./src/../crawler_single/linux/dynamic_server/crawler_dynamic_Data/Mono/libcoreclr.so
Fallback handler could not load library /home/j/jensenj/PycharmProjects/Federer-Jr./src/../crawler_single/linux/dynamic_server/crawler_dynamic_Data/Mono/libcoreclr.so
Fallback handler could not load library /home/j/jensenj/PycharmProjects/Federer-Jr./src/../crawler_single/linux/dynamic_server/crawler_dynamic_Data/Mono/libSystem.dylib
Fallback handler could not load library /home/j/jensenj/PycharmProjects/Federer-Jr./src/../crawler_single/linux/dynamic_server/crawler_dynamic_Data/Mono/libSystem.dylib.so
Fallback handler could not load library /home/j/jensenj/PycharmProjects/Federer-Jr./src/../crawler_single/linux/dynamic_server/crawler_dynamic_Data/Mono/libSystem.dylib
/home/j/jensenj/.local/lib/python3.6/site-packages/tensorboard/compat/tensorflow_stub/dtypes.py:541: FutureWarning: Passing (type, 1) or '1type' as a synonym of type is deprecated; in a future version of numpy, it will be understood as (type, (1,)) / '(1,)type'.
  _np_qint8 = np.dtype([("qint8", np.int8, 1)])
/home/j/jensenj/.local/lib/python3.6/site-packages/tensorboard/compat/tensorflow_stub/dtypes.py:542: FutureWarning: Passing (type, 1) or '1type' as a synonym of type is deprecated; in a future version of numpy, it will be understood as (type, (1,)) / '(1,)type'.
  _np_quint8 = np.dtype([("quint8", np.uint8, 1)])
/home/j/jensenj/.local/lib/python3.6/site-packages/tensorboard/compat/tensorflow_stub/dtypes.py:543: FutureWarning: Passing (type, 1) or '1type' as a synonym of type is deprecated; in a future version of numpy, it will be understood as (type, (1,)) / '(1,)type'.
  _np_qint16 = np.dtype([("qint16", np.int16, 1)])
/home/j/jensenj/.local/lib/python3.6/site-packages/tensorboard/compat/tensorflow_stub/dtypes.py:544: FutureWarning: Passing (type, 1) or '1type' as a synonym of type is deprecated; in a future version of numpy, it will be understood as (type, (1,)) / '(1,)type'.
  _np_quint16 = np.dtype([("quint16", np.uint16, 1)])
/home/j/jensenj/.local/lib/python3.6/site-packages/tensorboard/compat/tensorflow_stub/dtypes.py:545: FutureWarning: Passing (type, 1) or '1type' as a synonym of type is deprecated; in a future version of numpy, it will be understood as (type, (1,)) / '(1,)type'.
  _np_qint32 = np.dtype([("qint32", np.int32, 1)])
/home/j/jensenj/.local/lib/python3.6/site-packages/tensorboard/compat/tensorflow_stub/dtypes.py:550: FutureWarning: Passing (type, 1) or '1type' as a synonym of type is deprecated; in a future version of numpy, it will be understood as (type, (1,)) / '(1,)type'.
  np_resource = np.dtype([("resource", np.ubyte, 1)])
2020-06-25 12:11:21 INFO [environment.py:108] Connected to Unity environment with package version 1.0.2 and communication version 1.0.0
2020-06-25 12:11:21 INFO [environment.py:265] Connected new brain:
CrawlerDynamic?team=0
2020-06-25 12:11:21 WARNING [__init__.py:92] The environment contains multiple observations. You must define allow_multiple_obs=True to receive them all. Otherwise, only the first visual observation (or vector observation ifthere are no visual observations) will be provided in the observation.
/home/j/jensenj/.local/lib/python3.6/site-packages/gym/logger.py:30: UserWarning: [33mWARN: Box bound precision lowered by casting to float32[0m
  warnings.warn(colorize('%s: %s'%('WARN', msg % args), 'yellow'))
/home/j/jensenj/.local/lib/python3.6/site-packages/numpy/core/_methods.py:160: RuntimeWarning: invalid value encountered in reduce
  ret = umr_sum(arr, axis, dtype, out, keepdims)
update_time_steps: 8192 , ppo_epochs: 2 , beta:  0.001 , gamma 0.9
0 : -1.486242301762104
1 : -1.5811101645231247
2 : -0.6136431414633989
3 : -1.5806367173790932
4 : -1.512839574366808
5 : -0.26485700998455286
6 : -0.7085734293796122
7 : -3.2601044876500964
8 : -1.5658373637124896
9 : -1.4565539751201868
10 : -1.2542028445750475
11 : -1.2577625317499042
12 : -1.4878443563356996
13 : -1.2340438649989665
14 : -1.6478363843634725
15 : -0.8874515453353524
16 : -1.1424055059906095
17 : -1.2643599924631417
18 : -6.522503530839458
19 : -1.4148357687518
20 : -2.870478858007118
21 : -0.4752131290733814
22 : -2.290063376305625
23 : -5.741168610751629
24 : -1.7716020718216896
25 : -0.4386996626853943
26 : -1.7425070879980922
27 : -0.3058036440052092
28 : -1.7810176275670528
29 : -1.3804042544215918
30 : -1.5901032872498035
31 : -1.1841914121177979
32 : -0.8114708922803402
33 : -1.2115142322145402
34 : 2.1064946167171
35 : -1.2811121717095375
36 : -1.2305383011698723
37 : -1.0658927543554455
38 : -5.870942004956305
39 : -1.338837947230786
40 : -2.000349060166627
41 : -1.520593035966158
42 : -1.1997812250629067
43 : -0.8943676305934787
44 : -1.1715913678053766
45 : -1.2612159298732877
46 : -0.6922484319657087
47 : -1.8299684450030327
48 : -3.256913147866726
49 : -3.967302769422531
50 : -1.6889683790504932
51 : -2.8918983498588204
52 : -1.7332452982664108
53 : -0.6742659816518426
54 : -1.2200741005362943
55 : -1.4164732021745294
56 : 16.727090793661773
57 : -1.1189653305336833
58 : -1.027785393409431
59 : 4.364764969795942
60 : -3.798106174916029
61 : -1.3309922865591943
62 : -1.293580284807831
63 : -1.7728064730763435
64 : -1.463498555123806
65 : -2.049003515392542
66 : -1.558353079482913
67 : -0.9539126567542553
68 : 3.610805767122656
69 : -1.3196911085397005
70 : -0.7661813851445913
71 : -0.9093563808128238
72 : -0.9966009557247162
73 : -0.9603024902753532
74 : -1.4743995051831007
75 : -1.1678664963692427
76 : -3.3207834605127573
77 : -1.4301034472882748
78 : -0.05657695606350899
79 : -0.5161602227017283
80 : 1.2344377518165857
81 : -2.032739631831646
82 : -0.870279910042882
83 : -4.6422201078385115
84 : -0.9480274822562933
85 : -1.0360557432286441
86 : 1.974284254014492
87 : -1.4175058118999004
88 : -3.6079608649015427
89 : -0.6526715306099504
90 : 0.5340701583772898
91 : -1.5117107592523098
92 : -1.0388320521451533
93 : -1.294258652254939
94 : -1.1350341755896807
95 : -1.1696208787616342
96 : 0.5397801985964179
97 : 0.5071882671909407
98 : -1.5036994982510805
99 : -1.6271625868976116
100 : -1.9464441984891891
101 : -3.419803336262703
102 : 0.794165039435029
103 : -1.8381427377462387
104 : -0.7251761518418789
105 : -0.917593196965754
106 : -0.969895354937762
107 : -0.18442810885608196
108 : -4.396511051803827
109 : -1.2469909372739494
110 : -1.5058218128979206
111 : -1.1316435313783586
112 : -1.3924511084333062
113 : -3.1373820826411247
114 : -1.8932496290653944
115 : -2.679344961885363
116 : -1.8405318446457386
117 : -1.472722066566348
118 : -3.1085202200338244
119 : -3.472567494958639
120 : -2.112797297537327
121 : -0.9780014138668776
122 : -0.9060422335751355
123 : 1.1177782309241593
124 : -0.8024976700544357
125 : -0.6747874412685633
126 : -1.0876784287393093
127 : -0.837823920417577
128 : -0.9810826792381704
129 : -1.8022741377353668
130 : 4.283328007906675
131 : 0.09781878301873803
132 : -1.09029982436914
133 : -1.05562764685601
134 : -0.975403904914856
135 : -1.395428172312677
136 : -1.9592963755130768
137 : -1.4700182974338531
138 : -0.8106443854048848
139 : -1.3449254683218896
140 : -1.564381261356175
141 : -2.261099793948233
142 : -1.5911312401294708
143 : -1.3945135711692274
144 : -2.0164646389894187
145 : -1.152211029548198
146 : -1.0674631902948022
147 : -0.28277910873293877
148 : -1.687814962118864
149 : -0.9941810299642384
150 : -1.6296561490744352
151 : -1.3582629021257162
152 : -1.3339464701712132
153 : -1.2577875242568552
154 : -1.087307735811919
155 : -1.5106736402958632
156 : -1.381892243400216
157 : -1.0809202743694186
158 : -1.5269154086709023
159 : -1.138415802270174
160 : -1.5645859390497208
161 : -1.1773272855207324
162 : -1.1170008033514023
163 : -1.2573125706985593
164 : -1.2065448972862214
165 : 0.6314811261836439
166 : -5.985085612628609
167 : 3.5164736714214087
168 : -1.7327434848994017
169 : -0.901180268265307
170 : -0.8422821457497776
171 : -0.8608491141349077
172 : -1.006173370871693
173 : -0.8697675000876188
174 : -1.4113167533650994
175 : -1.8354506283067167
176 : -1.0098635740578175
177 : 2.331287298584357
178 : -1.141132005956024
179 : -0.7385867480188608
180 : -1.4124051006510854
181 : -0.8274131333455443
182 : -0.8248707524035126
183 : 1.870899373665452
184 : -1.5460232308832929
185 : -1.2865155059844255
186 : -1.2893791538663208
187 : -1.4222020925953984
188 : -0.7492760177701712
189 : -1.6764873377978802
190 : -1.2085613366216421
191 : -2.3276112189050764
192 : -1.2226726287044585
193 : -0.9877863330766559
194 : 0.4062201827764511
195 : -1.1374079920351505
196 : -0.9175880374386907
197 : -1.3146887090988457
198 : -1.2173142470419407
199 : -2.153725177049637
200 : -1.562260314822197
201 : -1.2174071199260652
202 : -0.36495824996382
203 : -2.608264986425638
204 : -0.20954915322363377
205 : -1.6928131966851652
206 : 0.15037903387565166
207 : -0.7904616398736835
208 : -3.3698551673442125
209 : -1.5725876628421247
210 : -0.9795998996123672
211 : -1.288749429397285
212 : -1.0672563002444804
213 : -0.9747923631221056
214 : -1.3450685646384954
215 : -1.7607236560434103
216 : -1.662262849509716
217 : -2.199880165979266
218 : -1.4673322960734367
219 : -1.738377770408988
220 : 0.7919168127700686
221 : -1.0362868085503578
222 : -5.374010371044278
223 : -0.8280915948562324
224 : -1.5857222694903612
225 : -0.7461057081818581
226 : -2.384797014296055
227 : -0.8130289320833981
228 : -1.9095904789865017
229 : -1.097394441952929
230 : -2.0502154333516955
231 : -1.052915744483471
232 : 0.4246428655460477
233 : -1.3834674470126629
234 : -3.857634760439396
235 : 1.6881337221711874
236 : -0.9687475729733706
237 : -1.0788767443737015
238 : -0.9189518167404458
239 : 2.124417382059619
240 : -1.8573707304894924
241 : -0.885399014223367
242 : -1.5878802575170994
243 : -3.6140368189662695
244 : -2.6646251007914543
245 : -0.8664485889021307
246 : 1.1367926727980375
247 : -0.7606093888171017
248 : -3.1866639871150255
249 : -5.1619109231978655
250 : -1.082761900499463
251 : -0.5847990815527737
252 : -2.277193006593734
253 : -6.503035475499928
254 : -1.573606576770544
255 : -1.103621028829366
256 : -1.6884778328239918
257 : -1.3710202369838953
258 : -1.3947400860488415
259 : -1.538533098064363
260 : -1.3296562479808927
261 : -0.7345631779171526
262 : -13.906547255814075
263 : 5.272750286385417
264 : -0.9618301312439144
265 : -1.164327260106802
266 : -1.033005777746439
267 : -4.00258232653141
268 : -2.6810659025795758
269 : -1.6395134963095188
270 : -11.075974030420184
271 : -1.5602111779153347
272 : -7.631797867827117
273 : -1.2182522332295775
274 : -1.0839878781698644
275 : -0.9034090930363163
276 : 1.006796456873417
277 : -1.0346158863976598
278 : 5.074790353421122
279 : -1.6371071038302034
280 : 0.478178174700588
281 : 0.2940503600984812
282 : -2.361867517232895
283 : -2.4202772825956345
284 : -1.1960147391073406
285 : -0.2537560190539807
286 : -1.4922904632985592
287 : -0.9300938528031111
288 : -1.5575237181037664
289 : -1.4919891394674778
290 : -1.5943987159989774
291 : -1.3475409941747785
292 : -1.3605591021478176
293 : -2.053643452003598
294 : -1.663928359746933
295 : -0.29876928706653416
296 : -1.615233851596713
297 : -2.063107281923294
298 : -8.155672542750835
299 : -1.3788749394007027
300 : -1.549888341454789
301 : -1.8203718680888414
302 : -1.0371250752359629
303 : -1.2185125472024083
304 : -0.44112476985901594
305 : -1.5503425253555179
306 : -1.1256244911346585
307 : -1.7767595583572984
308 : -1.5766559331677854
309 : -1.1139096720144153
310 : -1.1735822400078177
311 : -1.009099092334509
312 : -1.4709083708003163
313 : -1.671769391745329
314 : -4.811023279791698
315 : -2.758067775517702
316 : -2.086001370102167
317 : -2.225021027959883
318 : -3.5555554730817676
319 : -3.070834495127201
320 : -0.9575693961232901
321 : -0.7797314659692347
322 : -0.8288601180538535
323 : -0.8741604159586132
324 : 4.067240020260215
325 : -1.011550709605217
326 : -1.5291902292519808
327 : -1.0664127506315708
328 : -1.4147011917084455
329 : -0.8423952832818031
330 : -1.4046651758253574
331 : -1.9288230184465647
332 : -1.4830301720649004
333 : 4.205305110663176
334 : -1.3704130612313747
335 : 3.5763998525217175
336 : -1.8050492824986577
337 : -3.122148061171174
338 : -1.5500654755160213
339 : -1.403726547025144
340 : -2.470533687621355
341 : -1.300957031082362
342 : -1.3677691174671054
343 : -0.9881653869524598
344 : -1.1734857091214508
345 : -1.2707603499293327
346 : -8.200916309840977
347 : -3.7478812164627016
348 : -1.7644905485212803
349 : -1.3404218470677733
350 : -0.6586190573871136
351 : -1.2290814290754497
352 : -0.9228274594061077
353 : -1.3917282950133085
354 : -1.390479577705264
355 : 3.5644857278093696
356 : -1.7325690686702728
357 : -1.1899933239910752
358 : -1.0287752547301352
359 : -1.0945142395794392
360 : -4.705849793739617
361 : -1.6414360795170069
362 : -0.5089178215712309
363 : -0.414762613363564
364 : 0.09729673387482762
365 : -2.180949129164219
366 : -0.004186227917671204
367 : -2.648282120935619
368 : -4.078280031681061
369 : -1.7977669686079025
370 : -1.700074765831232
371 : -0.8324690610170364
372 : 0.6931889122352004
373 : -0.0686978898011148
374 : -1.818495437502861
375 : 1.508840087801218
376 : 3.1145479334518313
377 : -1.2510508839040995
378 : -5.854393608868122
379 : 2.7863735239952803
380 : -3.1219489958602935
381 : 1.8094836473464966
382 : -3.8019869094714522
383 : -3.630384103860706
384 : -3.6417300514876842
385 : -1.3061579335480928
386 : -1.1977710081264377
387 : -1.2262638323009014
388 : 1.6194213486742228
389 : -1.613582132384181
390 : -1.7434088177978992
391 : -0.3852182573173195
392 : -5.847598033491522
393 : -1.9108758056536317
394 : -3.5189838691148907
395 : -1.5340610025450587
396 : -1.510137777775526
397 : -2.3128785248845816
398 : -1.5933995880186558
399 : -0.9411643575876951
400 : -1.1140721216797829
401 : -1.181954070692882
402 : -1.335063203703612
403 : -1.626113216392696
404 : -2.4420003555715084
405 : 0.4196010874584317
406 : -0.9948540274053812
407 : -1.2121895365417004
408 : -6.337181378621608
409 : -1.9556532576680183
410 : -2.290070228278637
411 : -0.9537144722416997
412 : -7.015354420989752
413 : -0.9139382801949978
414 : -2.255919682327658
415 : -2.652717998251319
416 : -0.8843362424522638
417 : -1.1085475934669375
418 : -1.5276330122724175
419 : -1.4094134578481317
420 : -0.9407156836241484
421 : 2.207155463518575
422 : -1.0745632499456406
423 : -6.436830542981625
424 : -1.934864100534469
425 : -2.0663687363266945
426 : -1.2848302703350782
427 : -1.1316407714039087
428 : -1.3029053322970867
429 : -2.462368248961866
430 : -1.8024441450834274
431 : -1.3118197778239846
432 : -6.3070092619163916
433 : -1.6798741864040494
434 : -0.6646955218166113
435 : -1.9958379687741399
436 : -0.8166384529322386
437 : -1.046282960101962
438 : -1.5638927798718214
439 : -2.0716226119548082
440 : -1.518646045587957
441 : 0.31013453006744385
442 : -1.8086416814476252
443 : -1.079895939095877
444 : -1.8489537127315998
445 : -0.840605515986681
446 : -2.424828827381134
447 : -1.349623973481357
448 : -1.7154772393405437
449 : 1.5182853741571307
450 : -1.1001048739999533
451 : 0.22423578053712845
452 : -1.6159124840050936
453 : 1.7388335764408112
454 : -1.565535694360733
455 : -0.7172277292702347
456 : -1.0943459579721093
457 : -4.121127896942198
458 : -1.6498515699058771
459 : -1.4441330544650555
460 : -0.4239548919722438
461 : -1.5775420479476452
462 : -1.6287313550710678
463 : -6.414541739970446
464 : -2.5450308490544558
465 : -3.7913603028282523
466 : -0.8546139411628246
467 : -1.4715266674757004
468 : -1.2606823230162263
469 : -1.0459968680515885
470 : -3.2307500764727592
471 : -1.8201077259145677
472 : -1.3688276505563408
473 : -1.1212533708894625
474 : -1.553525859490037
475 : -0.07591020641848445
476 : -1.013571701478213
477 : -1.5135745517909527
478 : -0.8932094275951385
479 : -1.0856208624318242
480 : -1.1759821269661188
481 : -2.0124097215011716
482 : -1.73085692897439
483 : -1.7589249974116683
484 : -1.2400405388325453
485 : -1.9130093082785606
486 : -2.0580256725661457
487 : -3.483889989554882
488 : -2.190850768238306
489 : -0.8838977068662643
490 : 0.05980942025780678
491 : -1.4305559825152159
492 : -0.9278559708036482
493 : -1.081022565253079
494 : -1.348435454070568
495 : 0.38876901287585497
496 : -1.3763827001675963
497 : -1.6427471525967121
498 : -1.8625669963657856
499 : -0.8212467022240162
500 : -1.8614590354263783
501 : -1.3817378217354417
502 : -3.0262827603146434
503 : -1.9234578236937523
504 : 0.17864630091935396
505 : -8.54329976066947
506 : -1.1273463242687285
507 : -1.9077036269009113
508 : -1.6480462923645973
509 : -2.27928932197392
510 : -2.193134382367134
511 : -1.194450851995498
512 : -1.6465193815529346
513 : -7.3866043500602245
514 : -11.100632258690894
515 : -0.300224048551172
516 : -1.3562388373538852
517 : 0.42639124393463135
518 : -1.495187383145094
519 : -1.2084542540833354
520 : -2.653533462435007
521 : -1.4127134568989277
522 : -2.477435713633895
523 : -0.9444692619144917
524 : -1.3633694192394614
525 : -1.5329300588928163
526 : -1.602616686373949
527 : -1.4544476533774287
528 : -1.1869455771520734
529 : -1.0598712298087776
530 : -1.309717149939388
531 : -1.6269679255783558
532 : -2.172901974990964
533 : -1.6506606054026634
534 : -1.5589260486885905
535 : 0.04517751652747393
536 : 1.8248098129406571
537 : -0.91473633563146
538 : -0.8071960262022913
539 : -1.5099213756620884
!!! updated
Setting up 2 worker threads for Enlighten.
  Thread -> id: 7f26e3a98700 -> priority: 1 
  Thread -> id: 7f26e3297700 -> priority: 1 
Traceback (most recent call last):
  File "main.py", line 123, in <module>
    returns = [episode(env, agent, i) for i in range(training_episodes)]
  File "main.py", line 123, in <listcomp>
    returns = [episode(env, agent, i) for i in range(training_episodes)]
  File "main.py", line 30, in episode
    next_state, reward, done, _ = env.step(action.numpy()[0])
  File "/home/j/jensenj/.local/lib/python3.6/site-packages/gym_unity/envs/__init__.py", line 177, in step
    self._env.step()
  File "/home/j/jensenj/.local/lib/python3.6/site-packages/mlagents_envs/timers.py", line 305, in wrapped
    return func(*args, **kwargs)
  File "/home/j/jensenj/.local/lib/python3.6/site-packages/mlagents_envs/environment.py", line 319, in step
    self._update_state(rl_output)
  File "/home/j/jensenj/.local/lib/python3.6/site-packages/mlagents_envs/environment.py", line 275, in _update_state
    agent_info_list, self._env_specs[brain_name]
  File "/home/j/jensenj/.local/lib/python3.6/site-packages/mlagents_envs/timers.py", line 305, in wrapped
    return func(*args, **kwargs)
  File "/home/j/jensenj/.local/lib/python3.6/site-packages/mlagents_envs/rpc_utils.py", line 188, in steps_from_proto
    obs_index, obs_shape, decision_agent_info_list
  File "/home/j/jensenj/.local/lib/python3.6/site-packages/mlagents_envs/timers.py", line 305, in wrapped
    return func(*args, **kwargs)
  File "/home/j/jensenj/.local/lib/python3.6/site-packages/mlagents_envs/rpc_utils.py", line 152, in _process_vector_observation
    _raise_on_nan_and_inf(np_obs, "observations")
  File "/home/j/jensenj/.local/lib/python3.6/site-packages/mlagents_envs/rpc_utils.py", line 130, in _raise_on_nan_and_inf
    raise RuntimeError(f"The {source} provided had NaN values.")
RuntimeError: The observations provided had NaN values.
2020-06-25 12:20:42 INFO [environment.py:418] Environment shut down with return code 0.
