slurmstepd-fensterbach: error: Unable to create TMPDIR [/tmp/user/30108]: Permission denied
slurmstepd-fensterbach: error: Setting TMPDIR to /tmp
Found path: /home/j/jensenj/PycharmProjects/Federer-Jr./src/../crawler_single/linux/dynamic_server/crawler_dynamic.x86_64
Mono path[0] = '/home/j/jensenj/PycharmProjects/Federer-Jr./src/../crawler_single/linux/dynamic_server/crawler_dynamic_Data/Managed'
Mono config path = '/home/j/jensenj/PycharmProjects/Federer-Jr./src/../crawler_single/linux/dynamic_server/crawler_dynamic_Data/MonoBleedingEdge/etc'
Preloaded 'lib_burst_generated.so'
Preloaded 'libgrpc_csharp_ext.x64.so'
Initialize engine version: 2019.3.15f1 (59ff3e03856d)
[Subsystems] Discovering subsystems at path /home/j/jensenj/PycharmProjects/Federer-Jr./src/../crawler_single/linux/dynamic_server/crawler_dynamic_Data/UnitySubsystems
Forcing GfxDevice: Null
GfxDevice: creating device client; threaded=0
NullGfxDevice:
    Version:  NULL 1.0 [1.0]
    Renderer: Null Device
    Vendor:   Unity Technologies
Begin MonoManager ReloadAssembly
- Completed reload, in  0.096 seconds
WARNING: Shader Unsupported: 'Autodesk Interactive' - All passes removed
WARNING: Shader Did you use #pragma only_renderers and omit this platform?
UnloadTime: 0.395560 ms
Fallback handler could not load library /home/j/jensenj/PycharmProjects/Federer-Jr./src/../crawler_single/linux/dynamic_server/crawler_dynamic_Data/Mono/libcoreclr.so
Fallback handler could not load library /home/j/jensenj/PycharmProjects/Federer-Jr./src/../crawler_single/linux/dynamic_server/crawler_dynamic_Data/Mono/libcoreclr.so
Fallback handler could not load library /home/j/jensenj/PycharmProjects/Federer-Jr./src/../crawler_single/linux/dynamic_server/crawler_dynamic_Data/Mono/libcoreclr.so
Fallback handler could not load library /home/j/jensenj/PycharmProjects/Federer-Jr./src/../crawler_single/linux/dynamic_server/crawler_dynamic_Data/Mono/libSystem.dylib
Fallback handler could not load library /home/j/jensenj/PycharmProjects/Federer-Jr./src/../crawler_single/linux/dynamic_server/crawler_dynamic_Data/Mono/libSystem.dylib.so
Fallback handler could not load library /home/j/jensenj/PycharmProjects/Federer-Jr./src/../crawler_single/linux/dynamic_server/crawler_dynamic_Data/Mono/libSystem.dylib
Fallback handler could not load library /home/j/jensenj/PycharmProjects/Federer-Jr./src/../crawler_single/linux/dynamic_server/crawler_dynamic_Data/Mono/libcoreclr.so
Fallback handler could not load library /home/j/jensenj/PycharmProjects/Federer-Jr./src/../crawler_single/linux/dynamic_server/crawler_dynamic_Data/Mono/libcoreclr.so
Fallback handler could not load library /home/j/jensenj/PycharmProjects/Federer-Jr./src/../crawler_single/linux/dynamic_server/crawler_dynamic_Data/Mono/libcoreclr.so
Fallback handler could not load library /home/j/jensenj/PycharmProjects/Federer-Jr./src/../crawler_single/linux/dynamic_server/crawler_dynamic_Data/Mono/libSystem.dylib
Fallback handler could not load library /home/j/jensenj/PycharmProjects/Federer-Jr./src/../crawler_single/linux/dynamic_server/crawler_dynamic_Data/Mono/libSystem.dylib.so
Fallback handler could not load library /home/j/jensenj/PycharmProjects/Federer-Jr./src/../crawler_single/linux/dynamic_server/crawler_dynamic_Data/Mono/libSystem.dylib
/home/j/jensenj/.local/lib/python3.6/site-packages/tensorboard/compat/tensorflow_stub/dtypes.py:541: FutureWarning: Passing (type, 1) or '1type' as a synonym of type is deprecated; in a future version of numpy, it will be understood as (type, (1,)) / '(1,)type'.
  _np_qint8 = np.dtype([("qint8", np.int8, 1)])
/home/j/jensenj/.local/lib/python3.6/site-packages/tensorboard/compat/tensorflow_stub/dtypes.py:542: FutureWarning: Passing (type, 1) or '1type' as a synonym of type is deprecated; in a future version of numpy, it will be understood as (type, (1,)) / '(1,)type'.
  _np_quint8 = np.dtype([("quint8", np.uint8, 1)])
/home/j/jensenj/.local/lib/python3.6/site-packages/tensorboard/compat/tensorflow_stub/dtypes.py:543: FutureWarning: Passing (type, 1) or '1type' as a synonym of type is deprecated; in a future version of numpy, it will be understood as (type, (1,)) / '(1,)type'.
  _np_qint16 = np.dtype([("qint16", np.int16, 1)])
/home/j/jensenj/.local/lib/python3.6/site-packages/tensorboard/compat/tensorflow_stub/dtypes.py:544: FutureWarning: Passing (type, 1) or '1type' as a synonym of type is deprecated; in a future version of numpy, it will be understood as (type, (1,)) / '(1,)type'.
  _np_quint16 = np.dtype([("quint16", np.uint16, 1)])
/home/j/jensenj/.local/lib/python3.6/site-packages/tensorboard/compat/tensorflow_stub/dtypes.py:545: FutureWarning: Passing (type, 1) or '1type' as a synonym of type is deprecated; in a future version of numpy, it will be understood as (type, (1,)) / '(1,)type'.
  _np_qint32 = np.dtype([("qint32", np.int32, 1)])
/home/j/jensenj/.local/lib/python3.6/site-packages/tensorboard/compat/tensorflow_stub/dtypes.py:550: FutureWarning: Passing (type, 1) or '1type' as a synonym of type is deprecated; in a future version of numpy, it will be understood as (type, (1,)) / '(1,)type'.
  np_resource = np.dtype([("resource", np.ubyte, 1)])
2020-06-25 12:24:21 INFO [environment.py:108] Connected to Unity environment with package version 1.0.2 and communication version 1.0.0
2020-06-25 12:24:21 INFO [environment.py:265] Connected new brain:
CrawlerDynamic?team=0
2020-06-25 12:24:21 WARNING [__init__.py:92] The environment contains multiple observations. You must define allow_multiple_obs=True to receive them all. Otherwise, only the first visual observation (or vector observation ifthere are no visual observations) will be provided in the observation.
update_time_steps: 10240 , ppo_epochs: 1 , beta:  0.01 , gamma 0.99
0 : -1.4056389690376818
1 : -1.0854119546711445
2 : -0.8327048057690263
3 : 0.9584709284827113
4 : 4.529134313575923
5 : -0.8618800789117813
6 : 7.801911956630647
7 : -1.471021180972457
8 : -1.1648691496811807
9 : -1.4928452149033546
10 : -1.2399990749545395
11 : -0.9364217496477067
12 : -2.011126155499369
13 : -1.3968181600794196
14 : -0.8796018159482628
15 : -1.5025181248784065
16 : -1.6467732600867748
17 : 1.2338748024776578
18 : -1.8159585841931403
19 : -7.242320087389089
20 : -7.46930415648967
21 : -1.3615579567849636
22 : -1.4521403461694717
23 : -1.1052269944921136
24 : -0.8721281504258513
25 : -2.4021338084712625
26 : -1.2618708433583379
27 : 0.6414222167804837
28 : -1.528951171785593
29 : -0.6838324144482613
30 : -2.751174946781248
31 : -7.88179237395525
32 : -1.4090769407339394
33 : -0.8049564799293876
34 : 6.4351993929594755
35 : -1.2781854327768087
36 : -3.1568255606107414
37 : -8.873682130128145
38 : -1.8643138259649277
39 : -4.869766746065579
40 : -1.005192644894123
41 : -0.48283722810447216
42 : -1.414010324748233
43 : -8.804249135777354
44 : -1.0144912973046303
45 : 1.3995797336101532
46 : -1.2052379939705133
47 : -0.8286783210933208
48 : -1.078045645263046
49 : 0.6878120922483504
50 : 1.7826431402936578
51 : -0.7860964238643646
52 : -0.8855638634413481
53 : -0.3921799804084003
54 : -2.044725827872753
55 : -0.9297821065410972
56 : -6.370818720664829
57 : -0.010243847966194153
58 : -1.4129596434067935
59 : -0.6605651266872883
60 : -1.3222380308434367
61 : -5.171244390076026
62 : -1.359055818989873
63 : -2.8197717741131783
64 : -1.2135409638285637
65 : -1.6618678104132414
66 : -1.494114076718688
67 : -0.7819194886833429
68 : -1.3869800549000502
69 : -0.3476147335022688
70 : -1.6075978428125381
71 : -0.27345014177262783
72 : -1.45843265671283
73 : -1.2054481506347656
74 : -1.3485084688290954
75 : -0.6859113220125437
76 : -1.376749255694449
77 : -4.214259957429022
78 : -1.0111496918834746
79 : -1.0318509805947542
80 : 1.2419157922267914
81 : -0.7274194308556616
82 : -1.0408131796866655
83 : -1.5073474911041558
84 : -0.9410497739445418
85 : -1.270364256342873
86 : -1.6053495379164815
87 : -1.2591808778233826
88 : -6.124535831622779
89 : 2.4502338469028473
90 : -2.2429401762783527
91 : -1.29698352701962
92 : -1.3911583870649338
93 : -1.1225892743095756
94 : -1.665137981530279
95 : -1.4241116372868419
96 : -0.8642700663767755
97 : -0.1337646059691906
98 : 0.9018713859841228
99 : -2.719115580432117
100 : -1.2658032048493624
101 : -1.6971806921064854
102 : -1.0721161607652903
103 : -1.5939717832952738
104 : -1.429679388180375
105 : -1.705342979170382
106 : -1.5293612219393253
107 : -1.1214311295188963
108 : -1.5065910182893276
109 : -3.665814070496708
110 : 1.5431773625314236
111 : -1.542080873157829
112 : -1.6537095764651895
113 : -0.7856718944385648
114 : -1.1261343085207045
115 : -1.0620309710502625
116 : -1.0468036849051714
117 : -2.5687120424117893
118 : -2.0144154843874276
119 : -1.2497332564089447
120 : -1.7261218205094337
121 : -0.061626136302948
122 : -2.012855239212513
123 : -0.9745617937296629
124 : 0.8222084725275636
125 : -1.0229654205031693
126 : -1.4189574271440506
127 : -1.4359620208851993
128 : -0.93645024811849
129 : -1.583460159599781
130 : -0.419206446968019
131 : -1.5115934354253113
132 : -0.15073254331946373
133 : -1.6361156306229532
134 : -1.5989570021629333
135 : -0.2968282802030444
136 : -1.6086040437221527
137 : -0.8003114755265415
138 : -0.24832091154530644
139 : -0.7559479381889105
140 : 3.066841330844909
141 : -0.622367528732866
142 : -1.3892731424421072
143 : -0.7819696050137281
144 : -0.7008633250370622
145 : -1.1295465789735317
146 : -0.9458202756941319
147 : -1.9378778096288443
148 : -2.208011779934168
149 : -1.3993235684465617
150 : -1.7230999246239662
151 : -1.1470862086862326
152 : -2.344533508643508
153 : -1.0348250921815634
154 : -1.1622182570863515
155 : -1.525150328874588
156 : 2.119347948115319
157 : -0.5769112076959573
158 : 1.0538479138631374
159 : -2.1232424275949597
160 : -1.610725640784949
161 : -1.199571087025106
162 : -0.1606178842484951
163 : -0.914097263943404
164 : -1.9220865806564689
165 : -0.6357955681160092
166 : 0.7573452834039927
167 : -0.4134649485349655
168 : -1.007820963859558
169 : -1.169960806146264
170 : -1.2476283013820648
171 : -4.031958870589733
172 : -1.4148503127507865
173 : -0.8944402826018631
174 : -1.4847876452840865
175 : -0.8253044746816158
176 : -1.2096996819600463
177 : -5.872268285602331
178 : -4.652284210547805
179 : 4.51646033488214
180 : -4.673293770290911
181 : -1.2623642981052399
182 : -1.260355630889535
183 : -1.1136724944226444
184 : 2.8378402926027775
185 : -1.5514120366424322
186 : -1.3360690735280514
187 : 4.030209763906896
188 : -0.6912744531873614
189 : -1.1806843359954655
190 : -1.1232599632348865
191 : -2.0111771058291197
192 : -1.392382905818522
193 : -3.4359534916002303
194 : -0.5607007390353829
195 : 1.7050172798335552
196 : 1.2033865894190967
197 : -0.4326195642352104
198 : -1.3697652174159884
199 : 1.025281913462095
200 : -1.0283579188399017
201 : -0.8018522220663726
202 : -1.995989236049354
203 : -2.1415052828378975
204 : -2.98355595767498
205 : -1.3185377791523933
206 : 2.9101745672523975
207 : -1.2999542239122093
208 : -0.7326787067577243
209 : -1.2353166099637747
210 : -1.252417892217636
211 : 5.143199924379587
212 : -1.1571363788098097
213 : -0.9170693084597588
214 : -1.5933571425266564
215 : -2.692715389886871
216 : -2.483235743828118
217 : -1.7636651135981083
218 : 0.21900608018040657
219 : -1.460922509431839
220 : -1.2132882019504905
221 : -0.9675559024326503
222 : -3.1697267331182957
223 : -0.8701145434752107
224 : -0.5505862226709723
225 : -1.4498634608462453
226 : -1.900729663670063
227 : -1.3339611636474729
228 : -9.293711762875319
229 : -1.1627134922891855
230 : -4.765739807859063
231 : -1.737543151481077
232 : -18.526999048888683
233 : -1.0674369824118912
234 : -1.1007133545354009
235 : -1.414774548728019
236 : -3.5695200758054852
237 : -1.1259587900713086
238 : -1.2998243067413568
239 : -0.9841050496324897
240 : -1.4328762129880488
241 : -2.5078363926149905
242 : -1.0438271432649344
243 : -2.019853825448081
244 : -1.1083532362245023
245 : -0.7742171259596944
246 : -2.4411963783204556
247 : -6.173209133557975
248 : -1.1872819387353957
249 : -0.08080277778208256
250 : -1.4367767618969083
251 : -1.1943783019669354
252 : -1.6214980818331242
253 : -0.8716535083949566
254 : -0.7488630777224898
255 : -2.2174893096089363
256 : -1.0855816900730133
257 : -3.6821753019466996
258 : -2.1072951201349497
259 : -1.3328350246883929
260 : -1.0315334685146809
261 : -0.7762017548084259
262 : -3.9610998104326427
263 : 0.8412195141427219
264 : -1.5351811349391937
265 : -1.6816756874322891
266 : -0.8399589215405285
267 : -1.0063955280929804
268 : -1.8515155501663685
269 : 0.45440873550251126
270 : -1.2662233170121908
271 : -1.4997188914567232
272 : -1.0864812713116407
273 : -2.792532848659903
274 : -1.473813146352768
275 : -2.759627162013203
276 : -0.6089841490611434
277 : -2.947855230420828
278 : -2.0661480966955423
279 : -1.0406503453850746
280 : -1.5232240203768015
281 : -9.826342479325831
282 : -1.1627737921662629
283 : -1.0585730262100697
284 : -0.8451528381556273
285 : -0.751632965169847
286 : -0.02954705385491252
287 : -2.109079926274717
288 : -1.1933824829757214
289 : -1.5189986664336175
290 : -2.0327158672735095
291 : -1.5088151046074927
292 : -1.106931783258915
293 : 0.0992274284362793
294 : 0.6600232212804258
295 : -1.9135860949754715
296 : -2.0124179190024734
297 : -0.7472973531112075
298 : -0.7478552702814341
299 : -0.899694184307009
300 : -0.9794505834579468
301 : -0.5353358509019017
302 : -1.6681482419371605
303 : -1.497730515897274
304 : 0.07279220875352621
305 : -2.253643650561571
306 : -1.605559665709734
307 : -0.7348096175119281
308 : -4.686543612740934
309 : 2.389199492521584
310 : -0.8187752375379205
311 : -1.4999845419079065
312 : -1.6187603622674942
313 : -2.257652380503714
314 : -1.8432320090942085
315 : -2.850422628223896
316 : -0.6612669830210507
317 : -1.2290331460535526
318 : -0.7134762667119503
319 : -1.2824165158672258
320 : 4.780834378674626
321 : -1.6422077175229788
322 : -0.5405854927375913
323 : -1.8713618032634258
324 : -0.9073213262017816
325 : -1.0986864515580237
326 : -1.4678421914577484
327 : -1.3503990098834038
328 : -2.3992162235081196
329 : -1.4396662228973582
330 : -0.8615992553532124
331 : -0.7508350970456377
332 : -0.3981964159756899
333 : -5.585541376029141
334 : -1.7665035594254732
335 : -1.605443837121129
336 : -0.9662600453011692
337 : 5.290092200040817
338 : -3.5885945595800877
339 : -1.7927646115422249
340 : -1.4188110372051597
341 : -2.237606793642044
342 : -1.1518897339701653
343 : -0.2110846396535635
344 : -2.435218146070838
345 : -6.355493764858693
346 : -1.1988812983036041
347 : -1.241170147433877
348 : 4.747306098230183
349 : -1.5924605894833803
350 : -1.3852540864609182
351 : 0.7300632735714316
352 : 0.03245588904246688
353 : -1.1411016816273332
354 : -0.176924180239439
355 : -1.6535564176738262
356 : -1.4140137564390898
357 : -0.5977515275590122
358 : 0.5559694650582969
359 : -1.078434409108013
360 : -2.1252370849251747
361 : -10.07658153027296
362 : -0.2136548850685358
363 : -1.4462221721187234
364 : -1.3993987385183573
365 : -1.2735767841804773
366 : -0.8081373907625675
367 : -1.6496940478682518
368 : -1.5260764108970761
369 : -2.088985127862543
370 : -1.5091831050813198
371 : -0.861365987919271
372 : -2.6041948720812798
373 : -0.6848904760554433
374 : -0.9849265487864614
375 : -1.263036534190178
376 : -0.6785408683354035
377 : -1.5607666168361902
378 : -6.462168929167092
379 : -0.07726345025002956
380 : -13.895046647172421
381 : 0.45772577077150345
382 : -1.222696072421968
383 : -0.9719001860357821
384 : -0.9770998926833272
385 : -0.8061239486560225
386 : -0.7611873606219888
387 : -7.026587883941829
388 : 0.5255259918048978
389 : -2.201926072128117
390 : -2.056511476635933
391 : -1.0063364882953465
392 : -1.3332255419809371
393 : -1.5173120014369488
394 : -1.6772734075784683
395 : -0.947104618884623
396 : -1.4265618808567524
397 : -0.9520925534889102
398 : -1.0659289453178644
399 : -2.4497182685881853
400 : -0.5638568461872637
401 : -2.3559295013546944
402 : -0.045961927622556686
403 : -1.9192331545054913
404 : -1.8013992682099342
405 : -6.4927846640348434
406 : -1.4342589071020484
407 : -1.3057295153848827
408 : 0.9239842016249895
409 : -1.4451343603432178
410 : -0.9768441265914589
411 : -4.0706139439716935
412 : -1.9278621785342693
413 : 0.2233641752973199
414 : -0.6258915225043893
415 : -0.9751279382035136
416 : -1.09092833311297
417 : 3.0654720328748226
418 : -0.018009806517511606
419 : -1.9350656792521477
420 : -1.751948531717062
421 : -0.37707929592579603
422 : -0.9453647173941135
423 : -1.604809869080782
424 : -4.682444121688604
425 : -1.3481632047332823
426 : -0.29411113914102316
427 : -1.1152606423711404
428 : -1.5697673708200455
429 : 0.3900098465383053
430 : 3.8989309538155794
431 : -1.1748149653431028
432 : -0.8174948021769524
433 : -1.8465371115598828
434 : -1.3138498798944056
435 : -1.0036266595125198
436 : -3.610726397484541
437 : -1.0056041898205876
438 : -1.0664775141049176
439 : -1.5059457123279572
440 : -1.1314803240820765
441 : -1.6344781443476677
442 : -1.5611005797982216
443 : -1.215229026041925
444 : -0.7026065438985825
445 : -1.4418168915435672
446 : -2.428193360567093
447 : -3.2944136653095484
448 : -2.5040909140370786
449 : 0.34579225862398744
450 : -0.37641223426908255
451 : -3.0471902722492814
452 : -1.8121474427171052
453 : -1.5054796123877168
454 : -0.5816288120113313
455 : -1.3643248695880175
456 : -1.1259478088468313
457 : -1.3391454983502626
458 : -2.117633353918791
459 : -1.0905191926285625
460 : -0.8224832289852202
461 : -0.1711602583527565
462 : -1.156048495322466
463 : -0.9030297021381557
464 : -1.1218587402254343
465 : -1.4620134364813566
466 : -1.7932580281049013
467 : -0.9090359602123499
468 : -1.0228276099078357
469 : -1.4266644013114274
470 : -1.2242901716381311
471 : 0.43186616618186235
472 : -0.3310180902481079
473 : -1.2420259416103363
474 : -3.377158399671316
475 : -1.2591715613380075
476 : -0.9607564173638821
477 : -0.7702972069382668
478 : -1.324244398623705
479 : -7.514744806103408
480 : -1.1233626697212458
481 : -0.79612897336483
482 : -1.0644030403345823
483 : -0.4321401375345886
484 : -0.8228343783412129
485 : -1.452224399894476
486 : -1.2495778985321522
487 : -0.9495779017452151
488 : -1.1013200907036662
489 : -1.3532707579433918
490 : -1.4150233445689082
491 : -1.3682916481047869
492 : -1.515663974918425
493 : -1.667980364523828
494 : -1.4753552414476871
495 : -1.4251326592639089
496 : -5.100158252287656
497 : -1.7895021678414196
498 : 0.8462525787763298
499 : -1.4924295358359814
500 : 0.9486188143491745
501 : 1.6163884550333023
502 : -1.3682804135605693
503 : -1.9423126592300832
504 : -2.2295898646116257
505 : -0.8946405053138733
506 : -3.316671248525381
507 : -0.34912137873470783
508 : -1.1412451528012753
509 : -1.4855358228087425
510 : -1.8196183803956956
511 : -1.1855012634769082
512 : -4.199622703250498
513 : -2.6327131390571594
514 : -0.7763485284522176
515 : -0.8858757265843451
516 : -1.563612218014896
517 : -0.7890510745346546
518 : 3.171519144438207
519 : -5.370789354201406
520 : -2.6114285718649626
521 : -2.412781059741974
522 : -1.8791779936291277
523 : -1.5149646997451782
524 : -1.6135272327810526
525 : -1.3074778798036277
526 : -1.7814443353563547
527 : -1.450874244561419
528 : 2.048080438748002
529 : -1.3720725169405341
530 : -1.4004510026425123
531 : -1.7082513459026814
532 : -0.933685970492661
533 : -1.2298292866908014
534 : -2.2895473008975387
535 : -0.5877113007009029
536 : 0.3260718248784542
537 : -1.0494769853539765
538 : -2.2420896338298917
539 : -0.9353045616298914
540 : -0.7977325369138271
541 : -2.460570104420185
542 : -0.8433665381744504
543 : -1.0982795879244804
544 : -0.39457916375249624
545 : -1.0239690616726875
546 : -1.4033620804548264
547 : 3.989137640222907
548 : -1.3882961943745613
549 : -1.063504644203931
550 : -4.508682210929692
551 : -0.930231821257621
552 : 3.21397506253561
553 : -2.317430382594466
554 : -1.3422420173883438
555 : -0.1752008255571127
556 : -0.41785505576990545
557 : -0.9650931414216757
558 : -0.7807704685255885
559 : -0.8859585579484701
!!! updated
560 : -4.394113611197099
561 : -1.0509156617335975
562 : -2.0958935525268316
563 : -0.5564055051654577
564 : -0.5761751518584788
565 : -2.8442864292301238
566 : -1.8455132823437452
567 : -1.891431578900665
568 : -1.2734208218753338
569 : -1.9618646577000618
570 : -0.29813702031970024
571 : -2.2256533233448863
572 : -1.7430586388800293
573 : -1.150748617015779
574 : -0.7996298894286156
575 : -1.761664585210383
576 : -0.3020589295774698
577 : -0.2895585186779499
578 : -1.5764834471046925
579 : -1.3823540909215808
580 : -1.5565599189139903
581 : -0.5240316996350884
582 : -1.7855610521510243
583 : -1.5364007237367332
584 : -1.4376117917709053
585 : -1.2788402438163757
586 : -1.45653341896832
587 : -0.6598596014082432
588 : -1.9373691752552986
589 : -0.3300711954943836
590 : -0.8288365015760064
591 : -2.0199931319803
592 : -1.2525846296921372
593 : -2.1731291338801384
594 : -0.8319075331091881
595 : -0.6053420375101268
596 : -1.156801768578589
597 : -0.1578943459317088
598 : -0.5878914878703654
599 : -2.39934582170099
600 : -1.7986239797901362
601 : -2.1184470104053617
602 : -1.5606405186699703
603 : -1.1836227574385703
604 : -2.0087950779125094
605 : -2.091943179257214
606 : -0.3790090032853186
607 : -2.064597576856613
608 : -2.028992949053645
609 : -0.8638196303509176
610 : -0.5363978496752679
611 : -0.9952568304724991
612 : -2.468657764606178
613 : -3.4163624588400126
614 : -1.4620729200541973
615 : -1.1800551041960716
616 : -1.8477593436837196
617 : -1.1681492635980248
618 : -1.7860529855825007
619 : -0.9886718955822289
620 : -2.05651988228783
621 : -1.791215416509658
622 : -1.0671929204836488
623 : -1.9563149656169116
624 : -1.360765729099512
625 : -0.6117286309599876
626 : -1.2102518393658102
627 : -0.9059202051721513
628 : -0.8778839837759733
629 : -1.7289442752953619
630 : -2.0893834587186575
631 : -2.03598702698946
632 : -2.210871735122055
633 : -1.3143915999680758
634 : -1.9840151220560074
635 : -2.115905196405947
636 : -1.1840453390032053
637 : -0.3650188408792019
638 : -1.4176925288047642
639 : -1.5103670842945576/home/j/jensenj/.local/lib/python3.6/site-packages/gym/logger.py:30: UserWarning: [33mWARN: Box bound precision lowered by casting to float32[0m
  warnings.warn(colorize('%s: %s'%('WARN', msg % args), 'yellow'))

640 : -1.719135282561183
641 : -0.6225858880206943
642 : -1.7846686164848506
643 : -1.1807711189612746
644 : -2.0597009863704443
645 : -1.229153296444565
646 : -1.9189070360735059
647 : -1.923381440807134
648 : -2.1438020896166563
649 : -2.0873894970864058
650 : -0.5384597657248378
651 : -1.4092152463272214
652 : -0.40843469463288784
653 : -1.1078433408401906
654 : -0.5100071728229523
655 : -1.5769678661599755
656 : -1.43222139403224
657 : -0.8124938234686852
658 : -1.2632101336494088
659 : -0.5788495196029544
660 : -2.0171432974748313
661 : -2.546556616201997
662 : -1.6111534954980016
663 : -2.145366281270981
664 : -2.077386397868395
665 : -2.2191124269738793
666 : -1.1934123812243342
667 : -0.21878210455179214
668 : -2.0699007995426655
669 : -0.720584861934185
670 : -1.425177052617073
671 : -2.480673799291253
672 : -0.512243565171957
673 : -0.939498377032578
674 : -2.1061590081080794
675 : -1.1177753154188395
676 : -0.6679801736027002
677 : -1.9153212779201567
678 : -0.8987649166956544
679 : -0.6048828228376806
680 : -0.3328560730442405
681 : -1.966304399073124
682 : -2.1451988122425973
683 : -1.243606499163434
684 : -0.7741924463771284
685 : -2.2480980176478624
686 : -1.4094780157320201
687 : -1.9698069733567536
688 : -1.2145607164129615
689 : -0.20315650198608637
690 : -1.968708984553814
691 : -2.0580086754634976
692 : -0.5345757063478231
693 : -1.8659680602140725
694 : -2.0783825935795903
695 : -1.9104572648648173
696 : -1.2298740912228823
697 : -0.16212410060688853
698 : -0.47789221443235874
699 : -2.108916187658906
700 : -0.713363969232887
701 : -1.0526143138995394
702 : -1.356171248946339
703 : -1.0988634042441845
704 : -1.8379929545335472
705 : -2.2890373207628727
706 : -1.7800676608458161
707 : -0.49617420928552747
708 : -2.1277199843898416
709 : -1.0989155261777341
710 : -1.7788763330318034
711 : -2.172065256629139
712 : -0.4094880735501647
713 : -1.3226566575467587
714 : -1.983077454380691
715 : -1.3221444534137845
716 : -0.6621080562472343
717 : -0.5883976221084595
718 : -0.7924399822950363
719 : -1.2036379780620337
720 : -1.2897880412638187
721 : -1.1732872577849776
722 : -2.255922958254814
723 : -1.4464104512007907
724 : -1.9401827245019376
725 : -0.9424127475358546
726 : -0.3833324955776334
727 : -1.9287912612780929
728 : -1.831488541327417
729 : -2.127585513982922
730 : -0.5284995301626623
731 : -0.9125643465667963
732 : -2.1287488667294383
733 : -0.3660024693235755
734 : -1.2662378214299679
735 : -1.4572359193116426
736 : -0.1655909805558622
737 : -1.9669288210570812
738 : -1.5260379971005023
739 : -1.4187145243631676
740 : -2.178019106388092
741 : -2.0152092752978206
742 : -0.33494365122169256
743 : -1.4298023055307567
744 : -1.6569593020249158
745 : -0.3540303688496351
746 : -1.0153951670508832
747 : -1.476287699304521
748 : -1.9424137100577354
749 : -0.9924652664922178
750 : -1.9281259011477232
751 : -0.18178508896380663
752 : -1.3601018078625202
753 : -1.3716118158772588
754 : -1.1506586149334908
755 : -0.9286853838711977
756 : -1.2916955081745982
757 : -0.7142758369445801
758 : -1.5624648872762918
759 : -1.2675687056034803
760 : -0.27385548409074545
761 : -2.0153209809213877
762 : -2.092612107284367
763 : -1.9999647876247764
764 : -1.1771441139280796
765 : -1.3784379241988063
766 : -0.5998979741707444
767 : -2.066531168296933
768 : -1.8852631142362952
769 : -1.0898257246008143
770 : -1.1504786675795913
771 : -0.915785975754261
772 : -1.2531605307012796
773 : -1.6314154397696257
774 : -1.2380426982417703
775 : -0.37966106459498405
776 : -1.9256882718764246
777 : -0.4307189667597413
778 : -1.3821404371410608
779 : -0.3286355994641781
780 : -1.7532849945127964
781 : -2.018324799835682
782 : -2.1577001265250146
783 : -2.230448477435857
784 : -1.975591979920864
785 : -0.5334968166425824
786 : -1.5433434681035578
787 : -1.5147131462581456
788 : -1.216933660209179
789 : -0.4397581499069929
790 : -2.1326903449371457
791 : -1.7943165116012096
792 : -0.10258440021425486
793 : -1.3739267513155937
794 : -1.0529061332345009
795 : -2.1156512778252363
796 : -1.2572055254131556
797 : -0.18674883153289557
798 : -2.0241068936884403
799 : -0.4731149519793689
800 : -1.8541617467999458
801 : -0.7518287356942892
802 : -1.9649472031742334
803 : -1.5192010484170169
804 : -2.1316651199012995
805 : -2.1724353046156466
806 : -0.4347526766359806
807 : -0.6088949902914464
808 : -1.2253945712000132
809 : -0.3545755008235574
810 : -0.5859815841540694
811 : -0.363342153839767
812 : -1.5107475137338042
813 : -1.7100673746317625
814 : -0.6623258157633245
815 : -0.5944167654961348
816 : -1.1630235079210252
817 : -0.7864220999181271
818 : -0.6290362630970776
819 : -0.4543542517349124
820 : -1.1983375921845436
821 : -1.9713034378364682
822 : -2.136381620541215
823 : -0.319033523555845
824 : -1.955932687036693
825 : -1.1713968478143215
826 : -0.8226588568650186
827 : -1.847408720292151
828 : -0.9112338884733617
829 : -0.5447899661958218
830 : -1.2618047799915075
831 : -1.794824140612036
832 : -1.526887338142842
833 : -0.3308182884939015
834 : -2.088649175595492
835 : -0.9825223875232041
836 : -0.43438728991895914
837 : -1.30961748608388
838 : -1.513120016315952
839 : -2.1104027032852173
840 : -1.4425631873309612
841 : -2.0530409226194024
842 : -2.1151794716715813
843 : -0.9227126059122384
844 : -2.144655812997371
845 : -1.3298872644081712
846 : -0.26409984193742275
847 : -1.4371043723076582
848 : -1.5060095543740317
849 : -0.15241313818842173
850 : -1.8053181709256023
851 : -2.1414542784914374
852 : -1.5429415463004261
853 : -1.2899896348826587
854 : -2.641429079696536
855 : -1.6767113851383328
856 : -0.3726015370339155
857 : -2.0389234861359
858 : -2.0572255458682775
859 : -1.0155278868041933
860 : -1.6639111840631813
861 : -0.609725734218955
862 : -1.100361620541662
863 : -0.7573324339464307
864 : -1.625099077820778
865 : -0.529693610034883
866 : -0.3443540232256055
867 : -0.6001822082325816
868 : -1.6266669216565788
869 : -0.39902207627892494
870 : -0.8349084663204849
871 : -0.7458712146617472
872 : -1.3109332975000143
873 : -1.882166463881731
874 : -1.8502398687414825
875 : -0.46645233733579516
876 : -2.10793572710827
877 : -0.37404515501111746
878 : -0.7032643668353558
879 : -1.4615072943270206
880 : -2.1663452200591564
881 : -1.5580111499875784
882 : -0.3154318812303245
883 : -0.8392227618023753
884 : -2.13536386936903
885 : -1.9789397562853992
886 : -0.871631361078471
887 : -1.670734649989754
888 : -0.7022445895709097
889 : -1.9522413741797209
890 : -1.350085698068142
891 : -0.43495857436209917
892 : -1.1439881278201938
893 : -0.4167531174607575
894 : -1.3422815692611039
895 : -2.0160412564873695
896 : -0.5766208660788834
897 : -2.0104213510639966
898 : -1.8436757447198033
899 : -1.15276403632015
900 : -0.2950569321401417
901 : -2.0216823872178793
902 : -1.1791749335825443
903 : -2.1047498285770416
904 : -1.0416199709288776
905 : -1.6479677646420896
906 : -2.474180190358311
907 : -1.7207312972750515
908 : -1.3414892069995403
909 : -2.3165465779602528
910 : -1.876370650716126
911 : -0.7404663795605302
912 : -1.02798355743289
913 : -1.386002121027559
914 : -0.7852769810706377
915 : -2.2256455146707594
916 : -1.918951055034995
917 : -1.9673691778443754
918 : -0.879630817566067
919 : -1.1071256515569985
920 : -0.16335614118725061
921 : -2.123131213709712
922 : -0.8056211993098259
923 : -2.154760744422674
924 : -0.6866770391352475
925 : -1.978165678679943
926 : -1.4600289482623339
927 : -1.1007657982409
928 : -0.7092853337526321
929 : -1.6863613743335009
930 : -2.024958313908428
931 : -0.4547583796083927
932 : -1.2269760724157095
933 : -1.3161551372613758
934 : -0.5249738059937954
935 : -1.2897989926859736
936 : -0.31516517978161573
937 : -0.6780159138143063
938 : -0.4911038763821125
939 : -1.9175013387575746
940 : -1.779443568084389
941 : -1.0959367812611163
942 : -0.472740950062871
943 : -1.651094188913703
944 : -1.7331241219071671
945 : -1.556434737984091
946 : -1.0965551175177097
947 : -0.983099150005728
948 : -1.2604755852371454
949 : -2.0428324099630117
950 : -0.4828716069459915
951 : -0.4082616763189435
952 : -0.2902158061042428
953 : -1.1813118709251285
954 : -1.9466183157637715
955 : -1.5517556680133566
956 : -0.44049861282110214
957 : -0.8431287938728929
958 : -0.7649920792318881
959 : -1.4438768681138754
960 : -1.0164840209763497
961 : -1.7532462533563375
962 : -0.7824433837085962
963 : -1.606287463568151
964 : -1.5483118292177096
965 : -1.4971919932868332
966 : -0.9574151358101517
967 : -1.366644843481481
968 : -0.5284495605155826
969 : -0.35778392665088177
970 : -2.0444789053872228
971 : -1.4309628888149746
972 : -0.7357059041969478
973 : -0.354309992864728
974 : -0.38650556467473507
975 : -1.5100504108704627
976 : -2.1114526567980647
977 : -2.2020387877710164
978 : -2.0439491411671042
979 : -1.6628518593497574
980 : -1.2060711377416737
981 : -1.6086858622729778
982 : -1.4604680631309748
983 : -0.5513680512085557
984 : -1.5489694457501173
985 : -1.9187808218412101
986 : -2.0507181361317635
987 : -1.412273882131558
988 : -1.737843413837254
989 : -0.7381944749504328
990 : -2.0565157821401954
991 : -1.67335534398444
992 : -1.6870118342339993
993 : -1.3632027031853795
994 : -0.929873576387763
995 : -0.9532812740653753
996 : -1.1848814715631306
997 : -1.0824302649125457
998 : -2.03099671471864
999 : -1.4257256002165377
Setting up 2 worker threads for Enlighten.
  Thread -> id: 7f9146025700 -> priority: 1 
  Thread -> id: 7f9145824700 -> priority: 1 
2020-06-25 12:47:16 INFO [environment.py:418] Environment shut down with return code 0.
