slurmstepd-brenz: error: Unable to create TMPDIR [/tmp/user/30108]: Permission denied
slurmstepd-brenz: error: Setting TMPDIR to /tmp
Found path: /home/j/jensenj/PycharmProjects/Federer-Jr./src/../crawler_single/linux/dynamic_server/crawler_dynamic.x86_64
Mono path[0] = '/home/j/jensenj/PycharmProjects/Federer-Jr./src/../crawler_single/linux/dynamic_server/crawler_dynamic_Data/Managed'
Mono config path = '/home/j/jensenj/PycharmProjects/Federer-Jr./src/../crawler_single/linux/dynamic_server/crawler_dynamic_Data/MonoBleedingEdge/etc'
Preloaded 'lib_burst_generated.so'
Preloaded 'libgrpc_csharp_ext.x64.so'
Initialize engine version: 2019.3.15f1 (59ff3e03856d)
[Subsystems] Discovering subsystems at path /home/j/jensenj/PycharmProjects/Federer-Jr./src/../crawler_single/linux/dynamic_server/crawler_dynamic_Data/UnitySubsystems
Forcing GfxDevice: Null
GfxDevice: creating device client; threaded=0
NullGfxDevice:
    Version:  NULL 1.0 [1.0]
    Renderer: Null Device
    Vendor:   Unity Technologies
Begin MonoManager ReloadAssembly
- Completed reload, in  0.096 seconds
WARNING: Shader Unsupported: 'Autodesk Interactive' - All passes removed
WARNING: Shader Did you use #pragma only_renderers and omit this platform?
UnloadTime: 0.396118 ms
Fallback handler could not load library /home/j/jensenj/PycharmProjects/Federer-Jr./src/../crawler_single/linux/dynamic_server/crawler_dynamic_Data/Mono/libcoreclr.so
Fallback handler could not load library /home/j/jensenj/PycharmProjects/Federer-Jr./src/../crawler_single/linux/dynamic_server/crawler_dynamic_Data/Mono/libcoreclr.so
Fallback handler could not load library /home/j/jensenj/PycharmProjects/Federer-Jr./src/../crawler_single/linux/dynamic_server/crawler_dynamic_Data/Mono/libcoreclr.so
Fallback handler could not load library /home/j/jensenj/PycharmProjects/Federer-Jr./src/../crawler_single/linux/dynamic_server/crawler_dynamic_Data/Mono/libSystem.dylib
Fallback handler could not load library /home/j/jensenj/PycharmProjects/Federer-Jr./src/../crawler_single/linux/dynamic_server/crawler_dynamic_Data/Mono/libSystem.dylib.so
Fallback handler could not load library /home/j/jensenj/PycharmProjects/Federer-Jr./src/../crawler_single/linux/dynamic_server/crawler_dynamic_Data/Mono/libSystem.dylib
Fallback handler could not load library /home/j/jensenj/PycharmProjects/Federer-Jr./src/../crawler_single/linux/dynamic_server/crawler_dynamic_Data/Mono/libcoreclr.so
Fallback handler could not load library /home/j/jensenj/PycharmProjects/Federer-Jr./src/../crawler_single/linux/dynamic_server/crawler_dynamic_Data/Mono/libcoreclr.so
Fallback handler could not load library /home/j/jensenj/PycharmProjects/Federer-Jr./src/../crawler_single/linux/dynamic_server/crawler_dynamic_Data/Mono/libcoreclr.so
Fallback handler could not load library /home/j/jensenj/PycharmProjects/Federer-Jr./src/../crawler_single/linux/dynamic_server/crawler_dynamic_Data/Mono/libSystem.dylib
Fallback handler could not load library /home/j/jensenj/PycharmProjects/Federer-Jr./src/../crawler_single/linux/dynamic_server/crawler_dynamic_Data/Mono/libSystem.dylib.so
Fallback handler could not load library /home/j/jensenj/PycharmProjects/Federer-Jr./src/../crawler_single/linux/dynamic_server/crawler_dynamic_Data/Mono/libSystem.dylib
/home/j/jensenj/.local/lib/python3.6/site-packages/tensorboard/compat/tensorflow_stub/dtypes.py:541: FutureWarning: Passing (type, 1) or '1type' as a synonym of type is deprecated; in a future version of numpy, it will be understood as (type, (1,)) / '(1,)type'.
  _np_qint8 = np.dtype([("qint8", np.int8, 1)])
/home/j/jensenj/.local/lib/python3.6/site-packages/tensorboard/compat/tensorflow_stub/dtypes.py:542: FutureWarning: Passing (type, 1) or '1type' as a synonym of type is deprecated; in a future version of numpy, it will be understood as (type, (1,)) / '(1,)type'.
  _np_quint8 = np.dtype([("quint8", np.uint8, 1)])
/home/j/jensenj/.local/lib/python3.6/site-packages/tensorboard/compat/tensorflow_stub/dtypes.py:543: FutureWarning: Passing (type, 1) or '1type' as a synonym of type is deprecated; in a future version of numpy, it will be understood as (type, (1,)) / '(1,)type'.
  _np_qint16 = np.dtype([("qint16", np.int16, 1)])
/home/j/jensenj/.local/lib/python3.6/site-packages/tensorboard/compat/tensorflow_stub/dtypes.py:544: FutureWarning: Passing (type, 1) or '1type' as a synonym of type is deprecated; in a future version of numpy, it will be understood as (type, (1,)) / '(1,)type'.
  _np_quint16 = np.dtype([("quint16", np.uint16, 1)])
/home/j/jensenj/.local/lib/python3.6/site-packages/tensorboard/compat/tensorflow_stub/dtypes.py:545: FutureWarning: Passing (type, 1) or '1type' as a synonym of type is deprecated; in a future version of numpy, it will be understood as (type, (1,)) / '(1,)type'.
  _np_qint32 = np.dtype([("qint32", np.int32, 1)])
/home/j/jensenj/.local/lib/python3.6/site-packages/tensorboard/compat/tensorflow_stub/dtypes.py:550: FutureWarning: Passing (type, 1) or '1type' as a synonym of type is deprecated; in a future version of numpy, it will be understood as (type, (1,)) / '(1,)type'.
  np_resource = np.dtype([("resource", np.ubyte, 1)])
2020-06-25 12:37:21 INFO [environment.py:108] Connected to Unity environment with package version 1.0.2 and communication version 1.0.0
2020-06-25 12:37:21 INFO [environment.py:265] Connected new brain:
CrawlerDynamic?team=0
2020-06-25 12:37:21 WARNING [__init__.py:92] The environment contains multiple observations. You must define allow_multiple_obs=True to receive them all. Otherwise, only the first visual observation (or vector observation ifthere are no visual observations) will be provided in the observation.
update_time_steps: 10240 , ppo_epochs: 16 , beta:  0.1 , gamma 0.9
0 : -1.529614258557558
1 : -1.1014724224805832
2 : -0.7553964024409652
3 : -0.788888287730515
4 : -0.8558135256171227
5 : 2.375963947735727
6 : 1.6110604209825397
7 : -3.397375731728971
8 : -1.533344306051731
9 : -1.0298321660375223
10 : -2.4969733487814665
11 : -0.4748976454138756
12 : 1.7126149535179138
13 : -1.1962426882237196
14 : 0.8236691465135664
15 : -1.2418984286487103
16 : -1.3198378798551857
17 : -1.419807381927967
18 : -0.9580126157961786
19 : -1.4505000934004784
20 : -1.398692530579865
21 : -0.5834064837545156
22 : -1.3203484900295734
23 : -2.9946902617812157
24 : -1.3074639709666371
25 : -0.7000270690768957
26 : -1.9771167514845729
27 : -2.6930465791374445
28 : -1.781597686931491
29 : 0.7034870116040111
30 : -1.75207375921309
31 : -1.0535672632977366
32 : 1.8250587889924645
33 : -1.4992928355932236
34 : -0.9629002502188087
35 : -1.1287789100315422
36 : -1.4968012999743223
37 : -1.3309222534298897
38 : -3.9940718631260097
39 : -1.0694651380181313
40 : -1.2544710799120367
41 : -1.42602111492306
42 : 0.1354845454916358
43 : 3.261072247289121
44 : 0.1412646109238267
45 : 0.06733081862330437
46 : -1.0765616446733475
47 : -1.1305760079994798
48 : -1.2621321938931942
49 : -1.5831324998289347
50 : -1.2274398864246905
51 : -0.9421686520799994
52 : -0.852414621040225
53 : -0.8354621045291424
54 : -2.1144304499030113
55 : -1.1145931247156113
56 : -1.089371670037508
57 : -1.3625657930970192
58 : -1.1202554227784276
59 : -1.2057633865624666
60 : -0.9352558087557554
61 : -1.689197164028883
62 : -1.0995406983420253
63 : -5.9738461365923285
64 : -2.187011635862291
65 : -0.5289037078619003
66 : -1.8005137052387
67 : -0.8602222483605146
68 : 0.1263395231217146
69 : 5.68524674884975
70 : -0.9892616327852011
71 : -1.5208193035796285
72 : -2.19443218735978
73 : -1.3557210862636566
74 : -6.402942702174187
75 : -4.566317655611783
76 : -1.4260119460523129
77 : -1.12162559106946
78 : -1.4464069318491966
79 : -0.9488329915329814
80 : -1.0564482547342777
81 : -0.9233409180305898
82 : 1.1587243946269155
83 : -2.0742138153873384
84 : -1.9513929300010204
85 : -1.1631524236872792
86 : -1.33508441131562
87 : -0.8797475970350206
88 : -1.130340801551938
89 : 0.7380457376129925
90 : -1.8124240711331367
91 : -1.6688762279227376
92 : -0.8721899623051286
93 : -0.7997667463496327
94 : -1.3040287119802088
95 : -1.9890550179407
96 : -0.7908243974670768
97 : -1.2933740923181176
98 : -2.3242383524775505
99 : -1.6215147161856294
100 : 2.0434535425156355
101 : -2.363280287012458
102 : -0.5184528259560466
103 : -3.423207530286163
104 : -2.0052851401269436
105 : -0.6039640447124839
106 : -4.655652702786028
107 : -1.623553954064846
108 : -1.1846592333167791
109 : -1.709112823009491
110 : -0.8630174668505788
111 : -0.8540842924267054
112 : -1.3222620468586683
113 : -1.05528022069484
114 : -1.7625118903815746
115 : -1.162625001044944
116 : -3.904196892865002
117 : -1.521133887115866
118 : -1.7033717632293701
119 : -7.338207311462611
120 : -1.4329629819840193
121 : -1.6046598651446402
122 : -1.3088109688833356
123 : -0.8114393935538828
124 : -1.773717500269413
125 : -1.3327590676490217
126 : -1.2023417581804097
127 : 0.5007345695048571
128 : -1.5669155679643154
129 : -1.6604988649487495
130 : -0.9537090840749443
131 : -1.3450056491419673
132 : 5.104065685532987
133 : -1.4789541019126773
134 : -10.536315803416073
135 : -0.9131447784602642
136 : -0.7442346923053265
137 : -1.7626356184482574
138 : -0.6469725985080004
139 : -2.879841536283493
140 : -1.2039874643087387
141 : -1.2248464645817876
142 : -0.7617696886882186
143 : -0.07650109101086855
144 : -1.773979273159057
145 : 0.06868351669982076
146 : -1.7371256109327078
147 : -1.2028723284602165
148 : -1.6466900687664747
149 : -0.710563300177455
150 : -2.7673885747790337
151 : -2.2491796147078276
152 : -1.958095170557499
153 : 0.5317107019945979
154 : -1.8746321648359299
155 : -2.5710413306951523
156 : -2.0039237700402737
157 : -0.41905649984255433
158 : -2.9998321728780866
159 : -1.3076032013632357
160 : -1.4351538494229317
161 : -1.6261845668777823
162 : -1.5275126621127129
163 : -0.23644008859992027
164 : -1.1391847068443894
165 : -1.2513435375876725
166 : -3.6187154734507203
167 : -2.0866387775167823
168 : -1.0393979148939252
169 : -1.9930755719542503
170 : 2.184584320988506
171 : -2.494556177407503
172 : -0.989775208523497
173 : 1.6490635890513659
174 : -1.1619415624300018
175 : -1.5039920825511217
176 : -1.0105476309545338
177 : -0.9622822152450681
178 : -2.0110290348529816
179 : -0.7027659518644214
180 : -1.2389169093221426
181 : -0.9295728579163551
182 : -2.493342938600108
183 : -3.477401160635054
184 : -2.3270011711865664
185 : -2.5940626598894596
186 : -3.2968877609819174
187 : -0.8254925571382046
188 : -1.4895050604827702
189 : -1.421882065013051
190 : -1.2298607043921947
191 : -1.3636020268313587
192 : -1.1984852124005556
193 : -1.631130250170827
194 : -0.9332478805445135
195 : -1.8631049804389477
196 : -0.9997097039595246
197 : -2.6291288775391877
198 : -2.85065572662279
199 : -4.353269023820758
200 : -2.599354754667729
201 : -2.20232051005587
202 : -1.5880022756755352
203 : -0.6003328179940581
204 : -1.6244395337998867
205 : -0.8241104949265718
206 : -0.6058855950832367
207 : -0.714805432362482
208 : -0.6359528349712491
209 : -0.5585249718278646
210 : -1.051066119223833
211 : -0.7314991308376193
212 : -1.9910809518769383
213 : 0.3522803564555943
214 : -0.9546465622261167
215 : -1.6582397639285773
216 : -1.5085270516574383
217 : -1.0675062825903296
218 : -0.7957932855933905
219 : -0.5860498817637563
220 : -1.1905332198366523
221 : -0.9695943188853562
222 : -1.1838579792529345
223 : 1.1219935957342386
224 : -1.5434002485126257
225 : -1.357918370515108
226 : -7.794234741479158
227 : -1.1790627520531416
228 : -5.227745095267892
229 : -1.903882659971714
230 : -0.10324013000354171
231 : -1.1922983136028051
232 : -1.4970556991174817
233 : -1.4650165345519781
234 : -0.8873256286606193
235 : -1.2583913200069219
236 : -2.761826717760414
237 : -1.0321421278640628
238 : -1.0982863884419203
239 : -0.7350900210440159
240 : -1.8725651162676513
241 : -0.796144962310791
242 : 0.16428490541875362
243 : -1.7167170830070972
244 : -0.7065252102911472
245 : -1.450272691436112
246 : -0.6730983313173056
247 : -5.861069029197097
248 : -0.7468475187197328
249 : -1.8603769885376096
250 : -1.144527812488377
251 : -0.6467061038129032
252 : 0.49545727018266916
253 : -1.1699765538796782
254 : -5.700672959908843
255 : -1.5853363536298275
256 : -1.4646298019215465
257 : -1.784215085208416
258 : 0.2815892929211259
259 : -2.053125312551856
260 : -0.3801950179040432
261 : -1.67814308591187
262 : -0.556347013451159
263 : 0.7120278170332313
264 : 0.06082481611520052
265 : -1.4260513000190258
266 : -1.6008392311632633
267 : -0.6383650153875351
268 : -1.11560645326972
269 : -1.5713770482689142
270 : 4.711651164107025
271 : -1.1250369157642126
272 : 2.4553586691617966
273 : -1.402220408199355
274 : -1.6732656005769968
275 : -1.4262942261993885
276 : -1.3150224117562175
277 : -1.6577082630246878
278 : -0.9656700587365776
279 : -1.4104523668065667
280 : -1.8838083297014236
281 : -1.1178411217406392
282 : -1.7612236581044272
283 : -4.3193479385226965
284 : 2.4559328109025955
285 : -1.4763935296796262
286 : -0.8256750190630555
287 : -1.3168882764875889
288 : -1.0274213505908847
289 : 0.9710999759845436
290 : -0.055972464266233146
291 : -1.4489786950871348
292 : -1.0835185889154673
293 : -5.328740824013948
294 : 0.8745823260396719
295 : -1.2964743776246905
296 : -1.383213204331696
297 : -1.1821406525559723
298 : -2.032748526893556
299 : 0.3663223311305046
300 : -8.541747685521841
301 : -1.5298600448295474
302 : -0.8888784511946142
303 : -1.260700291953981
304 : -0.7735409457236528
305 : -1.4244124623946846
306 : -1.176322942133993
307 : -0.8347765421494842
308 : -1.606005921959877
309 : -1.3639656798914075
310 : -3.060092018917203
311 : -0.742531806230545
312 : -4.560536633245647
313 : -0.9856466334313154
314 : -7.0085979625582695
315 : -2.1072601471096277
316 : -1.8385972380638123
317 : -1.8896229257807136
318 : -1.9944602623581886
319 : 0.5124826692044735
320 : -1.5349234715104103
321 : -0.9202410983853042/home/j/jensenj/.local/lib/python3.6/site-packages/gym/logger.py:30: UserWarning: [33mWARN: Box bound precision lowered by casting to float32[0m
  warnings.warn(colorize('%s: %s'%('WARN', msg % args), 'yellow'))
/home/j/jensenj/.local/lib/python3.6/site-packages/numpy/core/_methods.py:160: RuntimeWarning: invalid value encountered in reduce
  ret = umr_sum(arr, axis, dtype, out, keepdims)

322 : -1.4732294548302889
323 : -1.4142740746028721
324 : -1.1231619082391262
325 : -1.79509661719203
326 : -0.7684028521180153
327 : -1.1842692205682397
328 : -4.72347179427743
329 : -4.573010538006201
330 : -2.3342717103660107
331 : -1.9792242804542184
332 : -1.024357920512557
333 : 3.7655951976776123
334 : -1.747816233895719
335 : -0.8142453040927649
336 : -1.0765934688970447
337 : -3.1358057535253465
338 : -0.8729065516963601
339 : 1.8362245471216738
340 : -1.7116989335045218
341 : -0.8459546840749681
342 : -1.8764679301530123
343 : -6.442978792823851
344 : -1.2738099675625563
345 : -1.2942462284117937
346 : -1.8921948857605457
347 : -2.079486868926324
348 : -1.3609123909845948
349 : -0.9444225188344717
350 : -1.2041579033248127
351 : -1.2170162191614509
352 : -4.726390700787306
353 : -1.8713478744029999
354 : -1.1408460952807218
355 : 2.674800593405962
356 : -1.4011156763881445
357 : -0.34786355681717396
358 : -1.0194764034822583
359 : 0.26952451234683394
360 : -1.3783392822369933
361 : -1.5836754855699837
362 : -0.546908869408071
363 : -1.9356688410043716
364 : -1.2114098686724901
365 : -1.5243202410638332
366 : 2.6779899117536843
367 : -0.9886847054585814
368 : -1.0631136549636722
369 : -0.9454486644826829
370 : 1.832923136651516
371 : -1.328137458593119
372 : -2.2763946522027254
373 : -8.50571494892938
374 : -0.19785942137241364
375 : -1.9536616951227188
376 : -0.022096634842455387
377 : -1.4294639192521572
378 : -1.869443136267364
379 : -0.9333672164939344
380 : -0.9560855310410261
381 : -1.2542301446665078
382 : -1.921477290801704
383 : -1.8613170478492975
384 : -1.6128927348181605
385 : -4.565904267132282
386 : -1.8691286370158195
387 : -0.8644933877512813
388 : -4.322243615984917
389 : -2.2199313826858997
390 : -0.6476860996335745
391 : -1.4583895886316895
392 : -1.8049142863601446
393 : -0.9523037592880428
394 : -2.700101276859641
395 : -0.7032743971794844
396 : -2.2097930535674095
397 : -0.8379901349544525
398 : -2.2784074917435646
399 : -1.2928533288650215
400 : -0.6967058256268501
401 : -0.8934152647852898
402 : -1.6751182302832603
403 : -3.5468579288572073
404 : -1.698377387598157
405 : -0.9473780202679336
406 : -1.3567110914736986
407 : -1.162260599900037
408 : -2.3876724482979625
409 : -1.9447703436017036
410 : 0.6448651421815157
411 : -0.9832076826132834
412 : -1.9308471825206652
413 : -1.0261549586430192
414 : -1.1749588279053569
415 : -1.7668128302320838
416 : -0.8956416249275208
417 : -0.12685824162326753
418 : -1.4293261002749205
419 : -3.361574236303568
420 : -0.5144190504215658
421 : -1.6018261760473251
422 : -0.5398925580084324
423 : 0.27352885995060205
424 : -1.628079717978835
425 : -0.9664655234664679
426 : -4.997678547631949
427 : -0.5018921415321529
428 : -2.0589811876416206
429 : -1.0962733710184693
430 : -1.7246901653707027
431 : -1.350053831934929
432 : -1.260791126638651
433 : -1.0298783355392516
434 : -1.1613640496507287
435 : -1.542495760601014
436 : -1.8981225229799747
437 : -1.02496955730021
438 : -1.3169318363070488
439 : -0.8991894352366216
440 : 1.5136925848200917
441 : -1.102095858892426
442 : -1.1833935864269733
443 : -2.1441931053996086
444 : -1.2384784672176465
445 : -0.8608298860490322
446 : -0.6350984470918775
447 : -1.4019741341471672
448 : -2.800456756260246
449 : -1.0963102681562304
450 : -1.0271389270201325
451 : -1.8304383046925068
452 : -0.6726553663611412
453 : -3.195583313703537
454 : -6.1549657471477985
455 : -1.377421099692583
456 : -3.9670769311487675
457 : -1.6464670933783054
458 : -1.1788675095885992
459 : -1.0568826380185783
460 : -1.3340793680399656
461 : -1.6825972124934196
462 : -1.5643160603940487
463 : -0.9296730440109968
464 : -3.870490883011371
465 : -2.114856466650963
466 : -4.108791884034872
467 : -1.3338212803937495
468 : -1.310764423571527
469 : -0.8712832583114505
470 : -0.5512676425278187
471 : -1.3616847693920135
472 : -1.0145384101197124
473 : -3.1424942389130592
474 : -1.6202071849256754
475 : -1.463259007781744
476 : -1.1404296439141035
477 : -1.2820710502564907
478 : -1.727162390947342
479 : -0.15980983176268637
480 : -0.9557693526148796
481 : -1.0518203033134341
482 : -1.012119421735406
483 : -0.8047477137297392
484 : -0.6177599444054067
485 : -2.437267361674458
486 : -1.5065232594497502
487 : -1.7252935487776995
488 : -1.4840611703693867
489 : -4.197988197207451
490 : -1.9753765612840652
491 : -1.751533754169941
492 : -3.0557506680488586
493 : 2.9681270802393556
494 : -1.8064243607223034
495 : -1.386849619448185
496 : -4.902100898092613
497 : -1.5278461063280702
498 : -2.3308467529714108
499 : -2.1790675967931747
500 : -2.058697611093521
501 : -0.9341810694895685
502 : -0.6187179065309465
503 : -6.0853898072382435
504 : -1.080686392262578
505 : 0.29432447627186775
506 : -1.6978399087674916
507 : -1.5849067531526089
508 : -1.5019735507667065
509 : -1.2944837100803852
510 : -1.4626634172163904
511 : -1.5316593749448657
512 : -1.8337549653369933
513 : -0.38776840548962355
514 : -1.7272183876484632
515 : -1.326349521521479
516 : -1.4782991763204336
517 : -0.896855540573597
518 : -1.1030441909097135
519 : -2.13899930100888
520 : -5.406824896577746
521 : -1.6258845403790474
522 : -4.847609858028591
523 : -1.1254231818020344
524 : -0.9544180193915963
525 : -0.9013655409216881
526 : -0.7514888481236994
527 : -1.2516377307474613
528 : -1.7036324702203274
529 : -0.9662188459187746
530 : -0.6867884481325746
531 : -1.9257101882249117
532 : -1.3208202766254544
533 : -1.7445052610710263
534 : -13.16726266592741
535 : -1.9448447618633509
536 : -1.1817286107689142
537 : -1.2474840097129345
538 : -0.9146891050040722
539 : 2.777245733886957
540 : -1.8698109411634505
541 : -1.3753292206674814
542 : 0.31413680920377374
543 : -0.6141188694164157
544 : -1.7534118392504752
545 : -1.8067325577139854
546 : -4.398819991387427
547 : -0.08843993349000812
548 : -1.1854114774614573
549 : -1.431689671240747
550 : 0.17430184036493301
551 : -0.1526057245209813
552 : -1.5001711323857307
553 : -1.2896798849105835
554 : -1.7117334678769112
555 : -1.6220118422061205
556 : -1.122355925384909
557 : 0.07902206107974052
558 : -1.6513551659882069
559 : -1.8920414801687002
560 : 0.5029296465218067
561 : -1.899215918034315
562 : -1.1278876308351755
563 : 0.5764106120914221
564 : -1.6011505872011185
565 : -1.0656695273937657
566 : -2.015296209603548
567 : -1.4482638626359403
568 : -1.5949984546750784
569 : -0.8152835667133331
570 : -1.5094704572111368
571 : 1.4658533483743668
572 : -1.1570022397208959
573 : -1.3087280187755823
574 : -1.563773326575756
575 : -0.8999206335283816
576 : -1.1060243328101933
577 : -1.9241582807153463
578 : -1.5947539694607258
579 : 0.7051794501021504
580 : -1.5586251695640385
581 : -1.1414965824224055
582 : 2.7144995499402285
583 : -0.8148780083283782
584 : -1.9491501078009605
585 : -0.32073151180520654
586 : -1.9996510557830334
587 : -1.954615716356784
588 : -0.5039372113533318
589 : -1.2033989056944847
590 : -3.481427228078246
591 : -1.0798300381284207
592 : -3.3430676483549178
593 : -0.14260986912995577
594 : -1.2867795210331678
595 : -1.1621564459055662
596 : -1.2266944404691458
597 : -1.367832480929792
598 : -2.1974753690883517
599 : -0.9706085678189993
600 : -1.1932132728397846
601 : -2.2328254925087094
602 : -5.525990217924118
603 : 1.9159024395048618
604 : -0.6830747255589813
605 : -2.2403767239302397
606 : -1.4667854197323322
607 : -1.36967989243567
608 : -1.3557342011481524
609 : -2.447157342918217
610 : -2.008868234232068
611 : -0.7379314228892326
612 : 0.30036128126084805
613 : -0.9405653914436698
614 : -0.8798712976276875
615 : -1.4364123118575662
616 : -0.40239952481351793
617 : -2.1176809184253216
618 : -1.1359154395759106
619 : -0.8035246366634965
620 : -0.790850025601685
621 : -1.905829164199531
622 : -14.970531252212822
623 : -2.0438263663090765
624 : -0.9284027200192213
625 : -1.2057132394984365
626 : -1.894652046263218
627 : -3.5311847142875195
628 : -2.812694491352886
629 : -5.803336724638939
630 : -1.4755050875246525
631 : -1.2801902955397964
632 : -0.9748076358810067
633 : -1.307574843754992
634 : -1.1348069398663938
635 : -0.9904686152003706
636 : -1.812454934231937
637 : -1.236891862936318
638 : -2.186725926119834
639 : -1.615028465166688
640 : -1.1265427307225764
641 : -1.242575197480619
642 : -0.8360033412463963
643 : -1.613147845491767
644 : -1.5181546993553638
645 : -0.9104977557435632
646 : -1.685924330726266
647 : -1.2039350206032395
648 : -2.1790326479822397
649 : -0.6705498818773776
650 : -0.8564927382394671
651 : -0.7948219012469053
652 : -1.5224529467523098
653 : -1.6276328153908253
654 : -1.5924692871049047
655 : -1.0836144813802093
656 : 3.0060303239151835
657 : -4.507226763758808
658 : -1.0487483628094196
659 : -1.9324635192751884
660 : 0.508071850053966
661 : -0.7516090301796794
662 : -1.6625936799682677
663 : 1.8981664925813675
664 : -1.386762335896492
665 : -1.0298621701076627
666 : -0.7429294399917126
667 : -3.5214288169518113
668 : -2.9875596438068897
669 : -1.4980971235781908
670 : -1.7142918449826539
671 : -1.229067894630134
672 : -0.7261163247749209
673 : -1.303327539935708
674 : -1.52579116076231
675 : -1.0709733022376895
676 : -0.548270957544446
677 : -1.0838611274957657
678 : -1.7252010945230722
679 : -0.6352276783436537
680 : -1.1928998562507331
681 : -6.742915338138118
682 : -1.8384721707552671
683 : -1.1734147849492729
684 : -1.5534440465271473
685 : -0.873621167615056
686 : -1.7517152652144432
!!! updated
687 : -0.50552266696468
688 : -0.4583642091602087
689 : -1.4723939448595047
Setting up 2 worker threads for Enlighten.
  Thread -> id: 7f2520f95700 -> priority: 1 
  Thread -> id: 7f24a7fff700 -> priority: 1 
Traceback (most recent call last):
  File "main.py", line 123, in <module>
    returns = [episode(env, agent, i) for i in range(training_episodes)]
  File "main.py", line 123, in <listcomp>
    returns = [episode(env, agent, i) for i in range(training_episodes)]
  File "main.py", line 30, in episode
    next_state, reward, done, _ = env.step(action.numpy()[0])
  File "/home/j/jensenj/.local/lib/python3.6/site-packages/gym_unity/envs/__init__.py", line 177, in step
    self._env.step()
  File "/home/j/jensenj/.local/lib/python3.6/site-packages/mlagents_envs/timers.py", line 305, in wrapped
    return func(*args, **kwargs)
  File "/home/j/jensenj/.local/lib/python3.6/site-packages/mlagents_envs/environment.py", line 319, in step
    self._update_state(rl_output)
  File "/home/j/jensenj/.local/lib/python3.6/site-packages/mlagents_envs/environment.py", line 275, in _update_state
    agent_info_list, self._env_specs[brain_name]
  File "/home/j/jensenj/.local/lib/python3.6/site-packages/mlagents_envs/timers.py", line 305, in wrapped
    return func(*args, **kwargs)
  File "/home/j/jensenj/.local/lib/python3.6/site-packages/mlagents_envs/rpc_utils.py", line 188, in steps_from_proto
    obs_index, obs_shape, decision_agent_info_list
  File "/home/j/jensenj/.local/lib/python3.6/site-packages/mlagents_envs/timers.py", line 305, in wrapped
    return func(*args, **kwargs)
  File "/home/j/jensenj/.local/lib/python3.6/site-packages/mlagents_envs/rpc_utils.py", line 152, in _process_vector_observation
    _raise_on_nan_and_inf(np_obs, "observations")
  File "/home/j/jensenj/.local/lib/python3.6/site-packages/mlagents_envs/rpc_utils.py", line 130, in _raise_on_nan_and_inf
    raise RuntimeError(f"The {source} provided had NaN values.")
RuntimeError: The observations provided had NaN values.
2020-06-25 12:50:45 INFO [environment.py:418] Environment shut down with return code 0.
