slurmstepd-hasslach: error: Unable to create TMPDIR [/tmp/user/30108]: Permission denied
slurmstepd-hasslach: error: Setting TMPDIR to /tmp
Found path: /home/j/jensenj/PycharmProjects/Federer-Jr./src/../crawler_single/linux/dynamic_server/crawler_dynamic.x86_64
Mono path[0] = '/home/j/jensenj/PycharmProjects/Federer-Jr./src/../crawler_single/linux/dynamic_server/crawler_dynamic_Data/Managed'
Mono config path = '/home/j/jensenj/PycharmProjects/Federer-Jr./src/../crawler_single/linux/dynamic_server/crawler_dynamic_Data/MonoBleedingEdge/etc'
Preloaded 'lib_burst_generated.so'
Preloaded 'libgrpc_csharp_ext.x64.so'
Initialize engine version: 2019.3.15f1 (59ff3e03856d)
[Subsystems] Discovering subsystems at path /home/j/jensenj/PycharmProjects/Federer-Jr./src/../crawler_single/linux/dynamic_server/crawler_dynamic_Data/UnitySubsystems
Forcing GfxDevice: Null
GfxDevice: creating device client; threaded=0
NullGfxDevice:
    Version:  NULL 1.0 [1.0]
    Renderer: Null Device
    Vendor:   Unity Technologies
Begin MonoManager ReloadAssembly
- Completed reload, in  0.096 seconds
WARNING: Shader Unsupported: 'Autodesk Interactive' - All passes removed
WARNING: Shader Did you use #pragma only_renderers and omit this platform?
UnloadTime: 0.434421 ms
Fallback handler could not load library /home/j/jensenj/PycharmProjects/Federer-Jr./src/../crawler_single/linux/dynamic_server/crawler_dynamic_Data/Mono/libcoreclr.so
Fallback handler could not load library /home/j/jensenj/PycharmProjects/Federer-Jr./src/../crawler_single/linux/dynamic_server/crawler_dynamic_Data/Mono/libcoreclr.so
Fallback handler could not load library /home/j/jensenj/PycharmProjects/Federer-Jr./src/../crawler_single/linux/dynamic_server/crawler_dynamic_Data/Mono/libcoreclr.so
Fallback handler could not load library /home/j/jensenj/PycharmProjects/Federer-Jr./src/../crawler_single/linux/dynamic_server/crawler_dynamic_Data/Mono/libSystem.dylib
Fallback handler could not load library /home/j/jensenj/PycharmProjects/Federer-Jr./src/../crawler_single/linux/dynamic_server/crawler_dynamic_Data/Mono/libSystem.dylib.so
Fallback handler could not load library /home/j/jensenj/PycharmProjects/Federer-Jr./src/../crawler_single/linux/dynamic_server/crawler_dynamic_Data/Mono/libSystem.dylib
Fallback handler could not load library /home/j/jensenj/PycharmProjects/Federer-Jr./src/../crawler_single/linux/dynamic_server/crawler_dynamic_Data/Mono/libcoreclr.so
Fallback handler could not load library /home/j/jensenj/PycharmProjects/Federer-Jr./src/../crawler_single/linux/dynamic_server/crawler_dynamic_Data/Mono/libcoreclr.so
Fallback handler could not load library /home/j/jensenj/PycharmProjects/Federer-Jr./src/../crawler_single/linux/dynamic_server/crawler_dynamic_Data/Mono/libcoreclr.so
Fallback handler could not load library /home/j/jensenj/PycharmProjects/Federer-Jr./src/../crawler_single/linux/dynamic_server/crawler_dynamic_Data/Mono/libSystem.dylib
Fallback handler could not load library /home/j/jensenj/PycharmProjects/Federer-Jr./src/../crawler_single/linux/dynamic_server/crawler_dynamic_Data/Mono/libSystem.dylib.so
Fallback handler could not load library /home/j/jensenj/PycharmProjects/Federer-Jr./src/../crawler_single/linux/dynamic_server/crawler_dynamic_Data/Mono/libSystem.dylib
/home/j/jensenj/.local/lib/python3.6/site-packages/tensorboard/compat/tensorflow_stub/dtypes.py:541: FutureWarning: Passing (type, 1) or '1type' as a synonym of type is deprecated; in a future version of numpy, it will be understood as (type, (1,)) / '(1,)type'.
  _np_qint8 = np.dtype([("qint8", np.int8, 1)])
/home/j/jensenj/.local/lib/python3.6/site-packages/tensorboard/compat/tensorflow_stub/dtypes.py:542: FutureWarning: Passing (type, 1) or '1type' as a synonym of type is deprecated; in a future version of numpy, it will be understood as (type, (1,)) / '(1,)type'.
  _np_quint8 = np.dtype([("quint8", np.uint8, 1)])
/home/j/jensenj/.local/lib/python3.6/site-packages/tensorboard/compat/tensorflow_stub/dtypes.py:543: FutureWarning: Passing (type, 1) or '1type' as a synonym of type is deprecated; in a future version of numpy, it will be understood as (type, (1,)) / '(1,)type'.
  _np_qint16 = np.dtype([("qint16", np.int16, 1)])
/home/j/jensenj/.local/lib/python3.6/site-packages/tensorboard/compat/tensorflow_stub/dtypes.py:544: FutureWarning: Passing (type, 1) or '1type' as a synonym of type is deprecated; in a future version of numpy, it will be understood as (type, (1,)) / '(1,)type'.
  _np_quint16 = np.dtype([("quint16", np.uint16, 1)])
/home/j/jensenj/.local/lib/python3.6/site-packages/tensorboard/compat/tensorflow_stub/dtypes.py:545: FutureWarning: Passing (type, 1) or '1type' as a synonym of type is deprecated; in a future version of numpy, it will be understood as (type, (1,)) / '(1,)type'.
  _np_qint32 = np.dtype([("qint32", np.int32, 1)])
/home/j/jensenj/.local/lib/python3.6/site-packages/tensorboard/compat/tensorflow_stub/dtypes.py:550: FutureWarning: Passing (type, 1) or '1type' as a synonym of type is deprecated; in a future version of numpy, it will be understood as (type, (1,)) / '(1,)type'.
  np_resource = np.dtype([("resource", np.ubyte, 1)])
2020-06-25 12:42:51 INFO [environment.py:108] Connected to Unity environment with package version 1.0.2 and communication version 1.0.0
2020-06-25 12:42:51 INFO [environment.py:265] Connected new brain:
CrawlerDynamic?team=0
2020-06-25 12:42:51 WARNING [__init__.py:92] The environment contains multiple observations. You must define allow_multiple_obs=True to receive them all. Otherwise, only the first visual observation (or vector observation ifthere are no visual observations) will be provided in the observation.
update_time_steps: 10240 , ppo_epochs: 32 , beta:  0.01 , gamma 0.99
0 : -4.933699483983219
1 : -4.206223342567682
2 : -0.7822009399533272
3 : -2.4203083645552397
4 : -1.4656698275357485
5 : -1.4478380866348743
6 : -1.3884972697123885
7 : -1.6196007076650858
8 : -1.8361793858930469
9 : 0.21589023806154728
10 : 0.4713186719454825
11 : -5.573128859512508
12 : 0.05070415080990642
13 : -1.437437390908599
14 : -1.1687923786230385
15 : -1.8671939643099904
16 : -0.7178064230829477
17 : 5.207302803173661
18 : -4.562345191836357
19 : -1.0022460804320872
20 : -1.4956415249034762
21 : 2.443324886262417
22 : -1.1634526010602713
23 : -0.9851631682831794
24 : -1.1604407411068678
25 : -3.7651202427223325
26 : 0.5272222813218832
27 : 0.8745080288499594
28 : -1.5028239861130714
29 : -0.7840255904011428
30 : -1.7380522042512894
31 : -1.5990345058962703
32 : -1.573386574164033
33 : -2.9399454463273287
34 : -0.9281383794732392
35 : 6.6134770144708455
36 : -1.0290035069920123
37 : -1.4169503934681416
38 : -1.680699072778225
39 : -2.0650316812098026
40 : -5.2765993205830455
41 : 1.084210661239922
42 : 3.876988655887544
43 : -0.9580923616886139
44 : -1.002156140981242
45 : -5.406581622548401
46 : -1.372712666168809
47 : 0.04373520240187645
48 : -2.3756305703427643
49 : -2.265368767082691
50 : -0.9984111376106739
51 : -1.2791505136992782
52 : -2.9607738312333822
53 : -1.7707689348608255
54 : -0.9560187896713614
55 : -0.8173290234990418
56 : -2.2149837790057063
57 : -1.3392447158694267
58 : -4.738484508823603
59 : -1.6324132531881332
60 : -1.315474214963615
61 : -1.42864796705544
62 : -0.9240960814058781
63 : -1.2690937840379775
64 : 0.6598331746645272
65 : -3.0292214925866574
66 : -0.9337568674236536
67 : -0.584709856659174
68 : -0.05410693399608135
69 : -1.7216722797602415
70 : -8.892153459601104
71 : -0.9906904953531921
72 : -1.5321790799498558
73 : -1.662105075083673
74 : -6.384697037748992
75 : -3.793409127742052
76 : -0.2551764603704214
77 : -1.2588485945016146
78 : -0.8573650154285133
79 : -1.318171525374055
80 : -0.8529468299821019
81 : -1.0177009985782206
82 : -0.42750546569004655
83 : -2.463026368059218
84 : -3.5010690786875784
85 : -1.5914277229458094
86 : -3.7855145598296076
87 : 12.780415520071983
88 : -1.4943774337880313
89 : -1.235880224732682
90 : -0.9142444152384996
91 : -1.835601530969143
92 : -1.6890043187886477
93 : 2.596716928295791
94 : -0.8934630951844156
95 : -1.0210241647437215
96 : -6.53380172373727
97 : -1.6258156849071383
98 : -2.0367461116984487
99 : -0.19746710872277617
100 : 0.6513881240971386
101 : -1.7953895973041654
102 : -1.331260334700346
103 : -1.8832552684471011
104 : -0.9234231654554605
105 : -2.0068630995228887
106 : -2.676655688788742
107 : -0.451505727134645
108 : -1.2928041331470013
109 : -0.7705482859164476
110 : 0.8451972221955657
111 : -1.2162006688304245
112 : -0.80161311943084
113 : -2.1514407829381526
114 : -1.0703115360811353
115 : -2.0096935695037246
116 : -1.2160379644483328
117 : -1.079634484834969
118 : -1.1379988782573491
119 : 0.2657894194126129
120 : -1.5813452545553446
121 : -1.7527777240611613
122 : -6.0577854961156845
123 : -1.384146680124104
124 : -5.9680316392332315
125 : -1.0592572106979787
126 : -1.7311518248170614
127 : -2.734792647883296
128 : -1.6653435761108994
129 : -0.7075846455991268
130 : -1.961700178682804
131 : -3.244694050401449
132 : -1.9111356809735298
133 : -1.491558039560914
134 : -2.0461667822673917
135 : -2.440938277170062
136 : 5.6562125869095325
137 : -2.9598437144886702
138 : -1.8313716081902385
139 : 0.9996839519590139
140 : -1.1866716165095568
141 : -0.3118859122041613
142 : -0.7999361674301326
143 : 1.5496957716532052
144 : -1.6243347153067589
145 : -2.0521339755505323
146 : 6.668021836143453
147 : -0.6999739385209978
148 : -1.0246534794569016
149 : -14.011125316144899
150 : -1.0306017072871327
151 : -1.6672724010422826
152 : -2.355313003063202
153 : -2.8672879338264465
154 : 1.1883720569312572
155 : -1.347027831710875
156 : -2.3391439924016595
157 : -1.2042292170226574
158 : -10.717733196914196
159 : -1.1023457115516067
160 : -0.8957653339020908
161 : -1.6888212580233812
162 : -1.0308039309456944
163 : -1.1476008489262313
164 : 2.1288185101002455
165 : -0.9383431524038315
166 : -1.6193548031151295
167 : -0.6188545529730618
168 : -1.0195559894200414
169 : -0.6224402566440403
170 : -1.3115608650259674
171 : -2.265153218526393
172 : -3.546238062903285
173 : -0.09485780820250511
174 : -2.514113577082753
175 : -2.48412196803838
176 : -2.33680609613657
177 : -1.4527646778151393
178 : -1.7844485007226467
179 : -1.4338686801493168
180 : -0.7165683610364795
181 : -1.9338182136416435
182 : -1.2793316822499037
183 : -19.6935137338005
184 : -4.1195719740353525
185 : -5.768753110431135
186 : -1.1295366697013378
187 : -1.0332689713686705
188 : 13.677745718043298
189 : -2.3618055284023285
190 : -2.1060564666986465
191 : -1.4911351315677166
192 : -1.9342672107741237
193 : -1.757604155689478
194 : 2.563387367874384
195 : -4.200175181264058
196 : 2.824659740552306
197 : -2.080039607360959
198 : -1.601366545073688
199 : -3.656413651071489
200 : -1.938881292939186
201 : -1.695654903538525
202 : -3.7271253187209368
203 : -2.767761029303074
204 : -1.4528957242146134
205 : -1.54819905012846
206 : -0.8983292868360877
207 : -1.7947035878896713
208 : 2.4921740228310227
209 : -1.9864015998318791
210 : -1.7845068695023656
211 : -0.7523437459021807
212 : -2.2698517949320376
213 : -4.089869111776352
214 : -1.3007643158198334
215 : -0.8921068808995187
216 : -3.5789277963340282
217 : -0.40563212148845196
218 : 8.86444665491581
219 : -2.450124006718397
220 : -0.7914837477728724
221 : -0.6473263651132584
222 : -1.1699034278281033
223 : -2.3731907117180526
224 : -1.245379735250026
225 : -0.9235211359336972
226 : -2.270344339311123
227 : -1.1714195809327066
228 : -1.0142322375904769
229 : -1.4118715273216367
230 : -1.2827981058508158
231 : -1.7376159450504929
232 : -1.4894854985177517
233 : -0.8012906964868307
234 : -1.752301974222064
235 : -1.5833317458163947
236 : 0.4436235693283379
237 : 2.802541919052601
238 : -1.748303610831499
239 : -0.9730876870453358
240 : -1.2856287378817797
241 : -1.070491898106411
242 : -1.2810443942435086
243 : -0.6754095843061805
244 : -2.663705705665052
245 : -0.784217813052237
246 : -1.8832539385184646
247 : -1.161095835501328
248 : -9.24532680772245
249 : 1.5994335236027837
250 : -1.2359671441372484
251 : -0.04131257813423872
252 : -3.1858691475354135
253 : -1.072857508668676
254 : -1.246858089696616
255 : -0.9311777157709002
256 : -1.9140363493934274
257 : -1.4363162415102124
258 : -2.539892891421914
259 : -1.9545656368136406
260 : -1.1229524184018373
261 : -0.3051198720932007
262 : -2.0186741277575493
263 : -1.1058058734051883
264 : -1.5324608283117414
265 : -1.2172811306081712
266 : -6.616732912836596
267 : -1.7103784950450063
268 : -1.1955839884467423
269 : -1.300720650702715
270 : -1.0601623533293605
271 : -3.9915882609784603
272 : -1.7541790595278144
273 : -1.0954186548478901
274 : -2.960225436836481
275 : -1.046656968537718
276 : -2.446893624961376
277 : -2.644423548132181
278 : -1.0161093762144446
279 : -1.0314834397286177
280 : 1.1612354591488838
281 : -2.754524028627202
282 : -0.970397824421525
283 : -0.7982745328918099
284 : -1.055775576736778
285 : -2.168293889146298
286 : -0.8357546515762806
287 : -0.5859016617760062
288 : -2.932055050972849
289 : -2.3765361681580544
290 : -1.15887072798796
291 : 3.8825503749540076
292 : -2.1478172075003386
293 : -1.4672714117914438
294 : -2.902821559458971
295 : 1.6739435065537691
296 : -1.4293926022946835
297 : -1.405174482613802
298 : -0.5770771806128323
299 : -2.2789978608489037
300 : -1.8956149406731129
301 : -1.9012940609827638
302 : -1.0713738091289997
303 : -0.8310523498803377
304 : -0.9650124702602625
305 : 2.1022152826189995
306 : -1.2420439539127983
307 : -1.6434892741963267
308 : 1.0388278551399708
309 : -1.0606632113922387
310 : -1.384840464219451
311 : -5.286237915046513
312 : -1.7987294420599937
313 : -1.4065620303153992
314 : -0.6025912435725331
315 : -2.3420208911411464
316 : -2.529383803717792
317 : 0.4414530508220196
318 : -1.5494416626170278
319 : -1.0301957628689706
320 : -1.1876395116560161
321 : -1.5349583886563778
322 : -1.6912960782647133
323 : -1.3016699627041817
324 : -1.6305958069860935
325 : -1.372705478221178
326 : -0.4055453147739172
327 : -0.08947765175253153
328 : 4.825562271755189
329 : 0.2883375189267099
330 : 1.2935274131596088
331 : 0.5201390637084842
332 : -1.7080667093396187
333 : -1.114436981966719
334 : -1.2476736655225977
335 : -0.8880454357713461
336 : -4.909620359539986
337 : -9.22298791911453
338 : 1.0065319575369358
339 : -1.6481403773650527
340 : -1.6113180592656136
341 : -1.026755598373711
342 : -0.7352663576602936
343 : -1.9688379019498825
344 : -1.9832567315315828
345 : -1.2752100941725075
346 : -0.5816214252263308
347 : -1.1448058160021901
348 : 0.012166535016149282
349 : -1.2764180758967996
350 : -1.0072725941427052
351 : -1.3579275412485003
352 : -3.9721869360655546
353 : -1.5056431228294969
354 : 0.841602485626936
355 : -4.363099729176611
356 : -1.7857408227864653
357 : -0.9309964273124933
358 : 0.7089056777767837
359 : -2.011906228028238
360 : -1.907568795606494
361 : 2.79550854396075
362 : 3.254957298748195
363 : 1.3366673653945327
364 : 0.1167232331354171
365 : -1.5746566411107779
366 : -3.6038956195116043
367 : -0.9006676496937871
368 : 5.867825945839286
369 : 6.633397001773119
370 : -1.9080619264859706
371 : -1.3731982056051493
372 : -5.906153300777078
373 : 0.6891568552237004
374 : -0.8992655258625746
375 : 0.5084955720230937
376 : -1.659318670630455
377 : -1.5542653109878302
378 : -0.8939901757985353
379 : -1.306889872532338
380 : -0.03362190257757902
381 : -1.5070834741927683
382 : 5.285347331315279
383 : -1.816583201289177
384 : -0.6892491709440947
385 : -3.786534273996949
386 : -2.4267490869387984
387 : -1.7491207495331764
388 : -1.0930039682425559
389 : -1.8991775549948215
390 : -1.048954701051116
391 : 0.3810877725481987
392 : 0.16289820056408644
393 : -1.4214111012406647
394 : -4.422741919755936
395 : -1.238908289000392
396 : -2.669092293828726
397 : -1.1398769784718752
398 : 0.19095035130158067
399 : -0.8896912606433034
400 : -0.541082093026489
401 : -1.5238036438822746
402 : -1.4414821360260248
403 : -0.7410321123898029
404 : -0.24730000644922256
405 : -1.3876652112230659
406 : 0.19453733880072832
407 : -4.870722122490406
408 : -1.7696047239005566
409 : -2.4635064005851746
410 : -5.523907825583592
411 : -3.3475912634748966
412 : -3.1867896451149136
413 : -3.0261025368236005
414 : -0.5660312511026859
415 : -0.00818896759301424
416 : -3.3107129908166826
417 : -0.9195730425417423
418 : -0.8490199837833643
419 : -0.9800603399053216
420 : -1.720703781582415
421 : -0.6432919758372009
422 : -1.1212969729676843
423 : -4.98417979106307
424 : -1.4391355458647013
425 : -1.5756268007680774
426 : -1.2558498056605458
427 : -1.1917062690481544
428 : -0.438839347101748
429 : -1.59541717171669
430 : -3.2390234544873238
431 : -1.1674723494797945
432 : -1.2795591922476888
433 : -4.030641814228147
434 : -1.552769385278225
435 : -1.6889129970222712
436 : -1.1593635100871325
437 : -1.4362138165161014
438 : -2.605521767400205
439 : -0.36058092559687793
440 : -1.2381506375968456
441 : -0.9301752881146967
442 : -0.59171317727305
443 : -17.397451953962445
444 : -8.241889174096286
445 : -9.559913298115134
446 : -3.306892642285675
447 : -1.8701302707195282
448 : -1.3122234996408224
449 : -1.6682995948940516
450 : -3.6403165934607387
451 : -2.6834224835038185
452 : -1.3541962816379964
453 : -1.4334215857088566
454 : 5.3282459657639265
455 : 1.6915641403757036
456 : -1.5516344793140888
457 : -1.439404983073473
458 : -1.8603882621973753
459 : -1.365471812809119
460 : -2.6944375666207634
461 : -5.86157986195758
462 : 1.7494842363521457
463 : -1.7706579342484474
464 : -0.9526151921600103
465 : 1.5743700955063105
466 : -0.41035497561097145
467 : -0.7157543301582336
468 : -1.6168759847059846
469 : -2.1696707317605615
470 : -1.9823534041643143
471 : -0.9789713975042105
472 : -1.7310303878039122
473 : -1.4275934235192835
474 : -0.5015758657827973
475 : -0.911086636595428
476 : -1.3921111077070236
477 : -1.1579284719191492
478 : -0.6988166514784098
479 : -0.3895134227350354
480 : 7.650468539446592
481 : -0.0008208379149436951
482 : -1.5070234211161733
483 : -0.7771788723766804
484 : -1.5464277062565088
485 : -0.9892677529715002
486 : -2.7786087598651648
!!! updated
487 : -1.7230654377490282
488 : -1.4425012730062008
489 : -0.6707601770758629
490 : -1.194965424016118
491 : -1.4466214813292027
492 : -1.451640390790999
493 : -0.45216553658246994
494 : -1.4509178511798382
495 : -2.907790490426123
496 : -1.8704800521954894
497 : -1.6367586590349674
498 : -0.735925461165607
499 : -1.2230750443413854
500 : -1.285601582378149
501 : -1.140255894511938
502 : -1.3471778854727745
503 : -1.113087666220963
504 : -2.464542598463595
505 : -1.58700818894431
506 : 8.392618476878852
507 : -1.075011142063886
508 : -1.0674891909584403
509 : -1.259072148008272
510 : -1.3235604856163263
511 : 2.7728625033050776
512 : -1.72201406955719
513 : -1.0472282217815518
514 : -1.4915088647976518
515 : -1.3538347324356437
516 : -8.32192599028349
517 : -1.7564184926450253
518 : -0.5377130340784788
519 : -2.054032117128372
520 : -0.4142878595739603
521 : -1.4393804334104061
522 : -0.7915657795965672
523 : -1.4391967616975307
524 : -1.3559789154678583
525 : -0.05356242973357439
526 : -0.8661517538130283
527 : -2.2015629927627742
528 : -0.8277146923355758
529 : -0.30823775101453066
530 : -1.6863195593468845
531 : -1.5417123576626182
532 : -1.0145825035870075
533 : -1.4458930799737573
534 : -3.334728894289583
535 : -1.2188805155456066
536 : -7.527201409684494
537 : -1.9142482923343778
538 : -2.0357526317238808
539 : -0.9440221199765801
540 : -0.5578330475836992
541 : -1.3291824423940852
542 : -1.3077478825580329
543 : -1.1458593904972076
544 : -2.1482235798612237
545 : -1.6813615020364523
546 : -4.554441869724542
547 : -1.0164637826383114
548 : -8.253089408390224
549 : 2.6015632078051567
550 : -1.7948234491050243
551 : -1.2528320495039225
552 : -0.718508499674499
553 : -1.2931976430118084
554 : -0.5284913713112473
555 : -0.10195452068001032
556 : -1.792783036828041
557 : -2.3431784994900227
558 : 3.9598791413009167
559 : -1.754949901252985
560 : -0.7489633755758405
561 : -0.8506402252241969
562 : -1.7147739939391613
563 : -2.0061011952348053
564 : -1.5210279328748584
565 : -0.9913933575153351
566 : -0.7656657139305025
567 : -1.1683349781669676
568 : -1.1113638458773494
569 : -1.1578281978145242
570 : -1.372063570190221
571 : 4.08574362937361
572 : 1.496912912465632
573 : -0.5319581925868988
574 : -0.42110180482268333
575 : -1.280983546283096
576 : -1.3803490847349167
577 : -1.1757641937583685
578 : -1.4937488776631653
579 : -0.721789846662432
580 : -1.9182687872089446
581 : -0.9963099288288504
582 : -1.3998104147613049
583 : -1.063525999430567
584 : -0.621407457627356
585 : -1.422077614814043
586 : -1.1691192984580994
587 : -2.720363423228264
588 : -0.8692185059189796
589 : -0.8748432509601116
590 : -1.8168174102902412
591 : 1.8298485958948731
592 : -1.0522182420827448
593 : -1.3017953159287572
594 : -1.1871755647007376
595 : -1.4515938349068165
596 : -2.470110408961773
597 : -1.3366213398985565
598 : -0.5288640260696411
599 : -0.7042446844279766
600 : -0.9710450833663344
601 : -1.098362980876118
602 : -1.0413314416073263
603 : -0.855289856903255
604 : -1.4951493684202433
605 : -0.9598466497845948
606 : -1.3416656646877527
607 : -1.430531330872327
608 : -1.5296336743049324
609 : -1.3782455055043101
610 : -1.5480374544858932
611 : -1.7198317260481417
612 : -1.1054184781387448
613 : -1.706705239135772
614 : -1.742324959486723
615 : -1.9168633483350277
616 : -0.25288480054587126
617 : -0.6864374389406294
618 : -1.3365695364773273
619 : -0.7710877838544548
620 : -1.286466447636485
621 : -1.2208112417720258
622 : -1.5751600908115506
623 : -1.694796035066247
624 : -0.8549603307619691
625 : -0.4143819520249963
626 : -0.95719327731058
627 : -0.20570197887718678
628 : -1.0711467396467924
629 : -1.6507412735372782
630 : -1.4285663943737745
631 : -0.2689868570305407
632 : -1.3723237626254559
633 : -1.1990008521825075
634 : -0.9484770460985601
635 : -1.2106220942223445
636 : -0.7592236902564764
637 : -1.8471091468818486
638 : -0.6036008857190609
639 : -1.0400746525265276
640 : -2.014562141150236/home/j/jensenj/.local/lib/python3.6/site-packages/gym/logger.py:30: UserWarning: [33mWARN: Box bound precision lowered by casting to float32[0m
  warnings.warn(colorize('%s: %s'%('WARN', msg % args), 'yellow'))

641 : -1.769473860040307
642 : -1.4471848411485553
643 : -1.3420748598873615
644 : 4.619940553791821
645 : -2.894812274724245
646 : -0.6540896794758737
647 : -1.4097307957708836
648 : -1.6952334335073829
649 : -0.7696254653856158
650 : -0.9458931004628539
651 : -2.7819978576153517
652 : -18.73846583813429
653 : -1.6860170606523752
654 : -1.4753252286463976
655 : -1.2911178953945637
656 : -0.9396558566950262
657 : -1.3966424390673637
658 : -1.1425238228403032
659 : -2.4319037795066833
660 : -1.5916161257773638
661 : -1.157515849918127
662 : -1.0242691580206156
663 : -0.6745825568214059
664 : -12.24062974867411
665 : -1.6750619877129793
666 : -0.922467939555645
667 : 4.185623813420534
668 : -0.4832894643768668
669 : -2.102979999501258
670 : -0.8574990481138229
671 : -1.006597208790481
672 : -1.3260843232274055
673 : -1.0552371758967638
674 : -0.9483498679473996
675 : -0.9139841375872493
676 : -1.5242903102189302
677 : -2.437559235841036
678 : -0.9799243519082665
679 : -1.156769659370184
680 : -3.2827332811430097
681 : -0.7006056513637304
682 : -0.6731369532644749
683 : -2.48354784399271
684 : -0.85037098871544
685 : -1.2949080718681216
686 : -0.7048248266801238
687 : -1.2285756133496761
688 : -1.0287095541134477
689 : -1.417917175218463
690 : -1.1681927628815174
691 : -0.6196658626431599
692 : -0.7855343758128583
693 : -0.8237103233113885
694 : -1.2584023009985685
695 : -1.1349759814329445
696 : -1.0961245689541101
697 : -1.4987923884764314
698 : -1.5988486111164093
699 : -0.7030280553735793
700 : -2.085283810272813
701 : -1.32140247290954
702 : -1.0456419419497252
703 : -0.9112344570457935
704 : -1.3336207633838058
705 : -0.7607828415930271
706 : -1.7437253966927528
707 : -1.9519917163997889
708 : -1.0153219904750586
709 : -1.0567761603742838
710 : -0.8728838544338942
711 : -0.7606435641646385
712 : -1.1390122501179576
713 : -0.7480205949395895
714 : -1.07305652461946
715 : -1.112370283342898
716 : -1.6589323654770851
717 : -5.500181024894118
718 : -1.8198311924934387
719 : -3.2883237327914685
720 : -1.3435824285261333
721 : -2.093527906574309
722 : -1.4131939020007849
723 : -1.3099281769245863
724 : 3.0063396003097296
725 : 0.28391562309116125
726 : -0.5991989728063345
727 : -1.4846808221191168
728 : -0.9830259922891855
729 : -0.7295688353478909
730 : -1.2308188397437334
731 : -1.237682968378067
732 : -1.191395903006196
733 : -3.8783331140875816
734 : -2.090345528908074
735 : -1.6243311017751694
736 : -0.8960329238325357
737 : -2.1157798916101456
738 : -1.8556154165416956
739 : -2.123388775624335
740 : 6.11517839320004
741 : -1.114246692508459
742 : -0.4588732229312882
743 : -0.7176470253616571
744 : -5.7116447715088725
745 : -1.3692955747246742
746 : -1.2882545285392553
747 : -1.7769199647009373
748 : -0.6230957005172968
749 : -1.5276586711406708
750 : -1.6895662546157837
751 : -0.9002933306619525
752 : -0.7515121954493225
753 : -0.5274837873876095
754 : -0.28972248919308186
755 : -1.6389255411922932
756 : -0.09971707314252853
757 : -2.305100694298744
758 : -0.8255833256989717
759 : -2.3405203819274902
760 : -8.403457800857723
761 : -1.1095597445964813
762 : -1.4534979471936822
763 : -0.7540429956279695
764 : -0.9775341148488224
765 : -2.0245241820812225
766 : -5.781087617855519
767 : -1.5773869883269072
768 : -0.614013135433197
769 : -1.4553083749487996
770 : -1.2384512284770608
771 : -1.2264913395047188
772 : -1.5891778841614723
773 : -2.0140189547091722
774 : -1.675704400986433
775 : -0.5331136602908373
776 : -2.240788869559765
777 : -0.963202035985887
778 : -0.9202114082872868
779 : 1.0573920104652643
780 : -0.7923994679003954
781 : -0.9375251829624176
782 : -3.1075085923075676
783 : -1.0028497227467597
784 : -0.9304557819850743
785 : -1.3310992764309049
786 : -0.41483133379369974
787 : -2.2145380079746246
788 : -0.9115465232171118
789 : -0.9807516154833138
790 : -1.210337309166789
791 : -0.7675785343162715
792 : -1.6341491714119911
793 : -1.5834669172763824
794 : -3.4344335203059018
795 : -0.9788657329045236
796 : -1.7184414267539978
797 : -1.4461663556285203
798 : -1.0073373587802052
799 : -1.3086121380329132
800 : -2.375072628259659
801 : -1.1876211403869092
802 : -1.2598098921589553
803 : -2.4261256642639637
804 : -1.6481054872274399
805 : -1.6326288748532534
806 : -1.6818130258470774
807 : -0.7947605438530445
808 : -1.326093993615359
809 : -0.8561208974570036
810 : -0.8830692614428699
811 : -1.3094728419091552
812 : -1.3353406451642513
813 : -1.0356681642588228
814 : -0.8667722085956484
815 : -1.4561024396680295
816 : -0.8290233509615064
817 : -1.8785249032080173
818 : -1.1837307512760162
819 : -1.6084252521395683
820 : -0.6975908214226365
821 : -0.8146779472008348
822 : -1.3030251190066338
823 : -1.6474626958370209
824 : 7.854505461640656
825 : -0.5088007347658277
826 : -1.1690709851682186
827 : -0.2408692128956318
828 : -1.354116154834628
829 : -1.624088253825903
830 : -0.1022272827103734
831 : -1.4387075435370207
832 : -0.3280880320817232
833 : -0.9532078355550766
834 : -2.174371315166354
835 : -0.9676991794258356
836 : -1.0877936650067568
837 : -1.909028373658657
838 : -1.7190786101855338
839 : -1.6199628598988056
840 : -1.6281320340931416
841 : -1.268079150468111
842 : -1.686011377722025
843 : -1.8411358892917633
844 : -0.7424368280917406
845 : -3.445655924268067
846 : -1.0843097968026996
847 : -1.4046482052654028
848 : -1.629844025708735
849 : 0.1274141576141119
850 : -0.8639851920306683
851 : 1.7906069587916136
852 : -1.613943636417389
853 : -1.3624072168022394
854 : -1.4603674481622875
855 : -1.543507139198482
856 : -1.4497720897197723
857 : -0.8521304642781615
858 : -1.998886838555336
859 : -0.9607186364009976
860 : -1.4160531302914023
861 : -0.5627271495759487
862 : -0.8175074779428542
863 : -0.8924754690378904
864 : -1.6709138713777065
865 : -7.2673081094399095
866 : -1.1576733379624784
867 : -3.6905921092256904
868 : 1.5483748205006123
869 : -1.1377826258540154
870 : -2.680014256387949
871 : -0.8227622099220753
872 : -0.9174178652465343
873 : -2.079649519175291
874 : -0.7162406984716654
875 : -1.7637827843427658
876 : 0.04795156605541706
877 : -0.8934767795726657
878 : -0.4946517385542393
879 : -1.0812543011270463
880 : -1.6141389766708016
881 : -1.3104533171281219
882 : -0.8735715849325061
883 : -1.1143830958753824
884 : -1.7623934959992766
885 : -0.8893374130129814
886 : -0.7372986525297165
887 : -0.5163817387074232
888 : -0.9953498314134777
889 : -1.3313789026578888
890 : -1.6106145929079503
891 : -1.097063357476145
892 : -1.6561639085412025
893 : -1.157524880953133
894 : -0.6695642881095409
895 : 3.417453870177269
896 : -1.5558514222502708
897 : 3.38095486164093
898 : -1.5892529487609863
899 : -1.2851705625653267
900 : -2.5230525583028793
901 : -1.5756847318261862
902 : -1.7117303609848022
903 : -0.9069013856351376
904 : -0.21486106468364596
905 : -1.3365681990981102
906 : -1.2275337036699057
907 : -1.7446392392739654
908 : -1.1092674944666214
909 : -0.9448256297037005
910 : -6.626769259572029
911 : -1.261537592858076
912 : -0.8802867513149977
913 : 1.4269451461732388
914 : -0.7877036528661847
915 : 0.17717304732650518
916 : -1.6604375913739204
917 : -1.171329228207469
918 : -2.9903712924569845
919 : -1.4216839578002691
920 : -1.032124208752066
921 : -0.9261481901630759
922 : -1.2605368047952652
923 : -1.2006248012185097
924 : -4.18966695619747
925 : -2.2140677869319916
926 : -1.010390432085842
927 : -1.593765377998352
928 : -1.6111603882163763
929 : -1.124032925348729
930 : -1.419745048508048
931 : -1.4593717530369759
932 : -1.4956832975149155
933 : 0.26763007836416364
934 : -2.257850555703044
935 : -0.8587226290255785
936 : -0.8174348101019859
937 : -1.2205313914455473
938 : -0.7045929962769151
939 : -2.283248472958803
940 : -0.11274944711476564
941 : -1.5055690631270409
942 : -2.1128402426838875
943 : -0.9490230996161699
944 : 3.257214641198516
945 : -2.0625381665304303
946 : -0.9859651029109955
947 : -1.3345767427235842
948 : -1.25554872257635
949 : -1.1621161457151175
950 : -1.4437767593190074
951 : -1.077752934768796
952 : -1.4801134839653969
953 : -1.5415162546560168
954 : -1.1386194545775652
955 : -1.5493149906396866
956 : -1.14811385050416
957 : -1.3096773872384802
958 : -1.2767624841071665
959 : -0.9624990476295352
960 : -1.500302517786622
961 : -1.4657270363532007
962 : -1.2538772635161877
963 : -0.733530490193516
964 : -0.9503279617056251
965 : -1.0611590836197138
966 : -1.556606980971992
967 : -1.9388087140396237
968 : -0.9949950925074518
969 : -2.1671240031719208
970 : -0.8974678223021328
971 : -0.7394943404942751
972 : -11.128571226727217
973 : 1.232464041095227
974 : -0.49517593439668417
975 : -1.6343385754153132
976 : -1.6039089560508728
977 : -1.5489767268300056
978 : -0.7854377392213792
979 : 1.5944509133696556
980 : -1.9763040021061897
981 : -0.9524329882115126
982 : -1.5826937109231949
983 : -6.141722739674151
984 : -1.8516829945147038
985 : -0.6036859750747681
986 : -1.3161653643473983
987 : -1.325565055012703
988 : -0.6458843499422073
989 : -1.727896150201559
990 : -2.565783053636551
991 : -1.7963944021612406
992 : -0.8674169378355145
993 : -3.3650650531053543
994 : -3.978916955180466
995 : -0.33463530254084617
996 : -1.0395453739911318
997 : -4.232154339551926
998 : -1.8718687910586596
999 : -1.2491587866097689
Setting up 2 worker threads for Enlighten.
  Thread -> id: 7f9006198700 -> priority: 1 
  Thread -> id: 7f9005997700 -> priority: 1 
2020-06-25 13:05:08 INFO [environment.py:418] Environment shut down with return code 0.
