slurmstepd-hasslach: error: Unable to create TMPDIR [/tmp/user/30108]: Permission denied
slurmstepd-hasslach: error: Setting TMPDIR to /tmp
Found path: /home/j/jensenj/PycharmProjects/Federer-Jr./src/../crawler_single/linux/dynamic_server/crawler_dynamic.x86_64
Mono path[0] = '/home/j/jensenj/PycharmProjects/Federer-Jr./src/../crawler_single/linux/dynamic_server/crawler_dynamic_Data/Managed'
Mono config path = '/home/j/jensenj/PycharmProjects/Federer-Jr./src/../crawler_single/linux/dynamic_server/crawler_dynamic_Data/MonoBleedingEdge/etc'
Preloaded 'lib_burst_generated.so'
Preloaded 'libgrpc_csharp_ext.x64.so'
Initialize engine version: 2019.3.15f1 (59ff3e03856d)
[Subsystems] Discovering subsystems at path /home/j/jensenj/PycharmProjects/Federer-Jr./src/../crawler_single/linux/dynamic_server/crawler_dynamic_Data/UnitySubsystems
Forcing GfxDevice: Null
GfxDevice: creating device client; threaded=0
NullGfxDevice:
    Version:  NULL 1.0 [1.0]
    Renderer: Null Device
    Vendor:   Unity Technologies
Begin MonoManager ReloadAssembly
- Completed reload, in  0.096 seconds
WARNING: Shader Unsupported: 'Autodesk Interactive' - All passes removed
WARNING: Shader Did you use #pragma only_renderers and omit this platform?
UnloadTime: 0.443113 ms
Fallback handler could not load library /home/j/jensenj/PycharmProjects/Federer-Jr./src/../crawler_single/linux/dynamic_server/crawler_dynamic_Data/Mono/libcoreclr.so
Fallback handler could not load library /home/j/jensenj/PycharmProjects/Federer-Jr./src/../crawler_single/linux/dynamic_server/crawler_dynamic_Data/Mono/libcoreclr.so
Fallback handler could not load library /home/j/jensenj/PycharmProjects/Federer-Jr./src/../crawler_single/linux/dynamic_server/crawler_dynamic_Data/Mono/libcoreclr.so
Fallback handler could not load library /home/j/jensenj/PycharmProjects/Federer-Jr./src/../crawler_single/linux/dynamic_server/crawler_dynamic_Data/Mono/libSystem.dylib
Fallback handler could not load library /home/j/jensenj/PycharmProjects/Federer-Jr./src/../crawler_single/linux/dynamic_server/crawler_dynamic_Data/Mono/libSystem.dylib.so
Fallback handler could not load library /home/j/jensenj/PycharmProjects/Federer-Jr./src/../crawler_single/linux/dynamic_server/crawler_dynamic_Data/Mono/libSystem.dylib
Fallback handler could not load library /home/j/jensenj/PycharmProjects/Federer-Jr./src/../crawler_single/linux/dynamic_server/crawler_dynamic_Data/Mono/libcoreclr.so
Fallback handler could not load library /home/j/jensenj/PycharmProjects/Federer-Jr./src/../crawler_single/linux/dynamic_server/crawler_dynamic_Data/Mono/libcoreclr.so
Fallback handler could not load library /home/j/jensenj/PycharmProjects/Federer-Jr./src/../crawler_single/linux/dynamic_server/crawler_dynamic_Data/Mono/libcoreclr.so
Fallback handler could not load library /home/j/jensenj/PycharmProjects/Federer-Jr./src/../crawler_single/linux/dynamic_server/crawler_dynamic_Data/Mono/libSystem.dylib
Fallback handler could not load library /home/j/jensenj/PycharmProjects/Federer-Jr./src/../crawler_single/linux/dynamic_server/crawler_dynamic_Data/Mono/libSystem.dylib.so
Fallback handler could not load library /home/j/jensenj/PycharmProjects/Federer-Jr./src/../crawler_single/linux/dynamic_server/crawler_dynamic_Data/Mono/libSystem.dylib
/home/j/jensenj/.local/lib/python3.6/site-packages/tensorboard/compat/tensorflow_stub/dtypes.py:541: FutureWarning: Passing (type, 1) or '1type' as a synonym of type is deprecated; in a future version of numpy, it will be understood as (type, (1,)) / '(1,)type'.
  _np_qint8 = np.dtype([("qint8", np.int8, 1)])
/home/j/jensenj/.local/lib/python3.6/site-packages/tensorboard/compat/tensorflow_stub/dtypes.py:542: FutureWarning: Passing (type, 1) or '1type' as a synonym of type is deprecated; in a future version of numpy, it will be understood as (type, (1,)) / '(1,)type'.
  _np_quint8 = np.dtype([("quint8", np.uint8, 1)])
/home/j/jensenj/.local/lib/python3.6/site-packages/tensorboard/compat/tensorflow_stub/dtypes.py:543: FutureWarning: Passing (type, 1) or '1type' as a synonym of type is deprecated; in a future version of numpy, it will be understood as (type, (1,)) / '(1,)type'.
  _np_qint16 = np.dtype([("qint16", np.int16, 1)])
/home/j/jensenj/.local/lib/python3.6/site-packages/tensorboard/compat/tensorflow_stub/dtypes.py:544: FutureWarning: Passing (type, 1) or '1type' as a synonym of type is deprecated; in a future version of numpy, it will be understood as (type, (1,)) / '(1,)type'.
  _np_quint16 = np.dtype([("quint16", np.uint16, 1)])
/home/j/jensenj/.local/lib/python3.6/site-packages/tensorboard/compat/tensorflow_stub/dtypes.py:545: FutureWarning: Passing (type, 1) or '1type' as a synonym of type is deprecated; in a future version of numpy, it will be understood as (type, (1,)) / '(1,)type'.
  _np_qint32 = np.dtype([("qint32", np.int32, 1)])
/home/j/jensenj/.local/lib/python3.6/site-packages/tensorboard/compat/tensorflow_stub/dtypes.py:550: FutureWarning: Passing (type, 1) or '1type' as a synonym of type is deprecated; in a future version of numpy, it will be understood as (type, (1,)) / '(1,)type'.
  np_resource = np.dtype([("resource", np.ubyte, 1)])
2020-06-25 12:00:51 INFO [environment.py:108] Connected to Unity environment with package version 1.0.2 and communication version 1.0.0
2020-06-25 12:00:51 INFO [environment.py:265] Connected new brain:
CrawlerDynamic?team=0
2020-06-25 12:00:51 WARNING [__init__.py:92] The environment contains multiple observations. You must define allow_multiple_obs=True to receive them all. Otherwise, only the first visual observation (or vector observation ifthere are no visual observations) will be provided in the observation.
/home/j/jensenj/.local/lib/python3.6/site-packages/gym/logger.py:30: UserWarning: [33mWARN: Box bound precision lowered by casting to float32[0m
  warnings.warn(colorize('%s: %s'%('WARN', msg % args), 'yellow'))
/home/j/jensenj/.local/lib/python3.6/site-packages/numpy/core/_methods.py:160: RuntimeWarning: invalid value encountered in reduce
  ret = umr_sum(arr, axis, dtype, out, keepdims)
update_time_steps: 4096 , ppo_epochs: 1 , beta:  0.001 , gamma 0.99
0 : -2.7514532008208334
1 : -1.4518835823982954
2 : -0.9942523902282119
3 : -0.9792883582413197
4 : -1.0092525482177734
5 : -4.200388027355075
6 : -1.6113526560366154
7 : -0.895117168314755
8 : -2.216636024415493
9 : -0.9931741803884506
10 : -1.8491852595470846
11 : -1.5185983180999756
12 : 5.709999461658299
13 : 0.9964675353839993
14 : -1.7759691569954157
15 : -1.1522903582081199
16 : -1.756925798021257
17 : -1.6107594510540366
18 : -1.3153198240324855
19 : -0.9913232121616602
20 : -2.370084088295698
21 : -1.2417538844747469
22 : 4.3890116289258
23 : -1.1787671782076359
24 : -2.0854959217831492
25 : 8.54124738369137
26 : -0.6535579920746386
27 : -1.6106304340064526
28 : -0.8820346374996006
29 : -1.7276959549635649
30 : -3.92712914198637
31 : -1.5480755157768726
32 : -5.265027366229333
33 : 3.142486517317593
34 : -1.2920035854913294
35 : -0.2533016502857208
36 : 0.19394719786942005
37 : -2.4382941015064716
38 : -0.3905352894216776
39 : -0.6963996607810259
40 : -5.459332253783941
41 : -0.637607335112989
42 : -0.9156999239930883
43 : -4.141382864210755
44 : -1.04770396836102
45 : 2.248978355899453
46 : -0.7967313718982041
47 : -1.8840036117471755
48 : 3.836986433248967
49 : -1.638165857642889
50 : -1.8225942854769528
51 : -2.4719592132605612
52 : -0.7812389526516199
53 : -1.7562376540154219
54 : -1.014521091710776
55 : -1.1419781292788684
56 : -1.1700421872083098
57 : -6.374494618270546
58 : -1.2472983784973621
59 : -1.0627939333207905
60 : -6.126408226322383
61 : -1.8752130684442818
62 : -1.6186254252679646
63 : -0.514761540107429
64 : -0.6086477916687727
65 : -1.6220769304782152
66 : 0.8657468669116497
67 : -1.7521798172965646
68 : -0.7782233823090792
69 : -0.8230914697051048
70 : -0.800640138797462
71 : -1.0069460412487388
72 : -1.3245838088914752
73 : -0.878353645093739
74 : -1.0459107179194689
75 : -1.1887369826436043
76 : -1.8540396243333817
77 : -0.5398867288604379
78 : -1.2265433412976563
79 : -1.158871278166771
80 : -5.205564144998789
81 : -2.744981102645397
82 : -1.7392578404396772
83 : -1.4700396340340376
84 : -0.6801032087532803
85 : -1.7280096237082034
86 : -0.6509526721201837
87 : 8.143602102529258
88 : -0.3607818544842303
89 : -2.205156125128269
90 : -1.9600207917392254
91 : -1.7413874715566635
92 : -0.9628014601767063
93 : -1.7520537059754133
94 : -0.7145519964396954
95 : -1.1537922285497189
96 : -1.9626480024307966
97 : -1.3168371010106057
98 : -0.9280036585405469
99 : -0.7877568453550339
100 : -0.6668676112312824
101 : -2.369790744036436
102 : -2.7096586311236024
103 : -2.8990961089730263
104 : -0.9495105394162238
105 : -1.6047133579850197
106 : -1.6122516449540854
107 : -1.6726595852524042
108 : -0.6645365348085761
109 : -1.248734438791871
110 : -1.692334059625864
111 : -1.296547763980925
112 : -0.13406629650853574
113 : -1.3485471196472645
114 : -0.9709563935175538
115 : -1.0440892735496163
116 : -1.9337191144004464
117 : -1.3763225320726633
118 : -1.5314030782319605
119 : -1.3575669918209314
120 : -1.5040854820981622
121 : -1.4172942782752216
122 : -1.557129304856062
123 : -1.5021028583869338
124 : -0.4938862593844533
125 : 1.8584977807477117
126 : -2.258438978344202
127 : -1.1617545515764505
128 : -1.6258985549211502
129 : -2.5040452145040035
130 : -2.9741730205714703
131 : -1.82089614123106
132 : -0.7476632501929998
133 : -2.181709796190262
134 : -4.567330848425627
135 : -0.8216994483955204
136 : -0.7984186643734574
137 : -1.3134960811585188
138 : -2.087011655792594
139 : -1.40984555054456
140 : -1.574721023440361
141 : -1.7982800044119358
142 : -0.7544313534162939
143 : -1.356188379228115
144 : -0.783791130874306
145 : -1.8942276500165462
146 : 1.0069319270551205
147 : -1.3095158077776432
148 : -0.6142786173149943
149 : -1.0581993791274726
150 : -5.383997919037938
151 : -5.910996344871819
152 : -1.0860145259648561
153 : -1.3282975982874632
154 : -1.9260448664426804
155 : 1.0390421659249114
156 : -1.8500942727550864
157 : -2.2253590477630496
158 : -1.8905389220453799
159 : -1.379505273886025
160 : 1.544718015473336
161 : -1.0161922383122146
162 : -1.4528978196904063
163 : -0.9454788095317781
164 : 2.615900105331093
165 : -3.0267461091279984
166 : -0.9856082807527855
167 : -0.6652446468360722
168 : -0.5576083874329925
169 : -1.2275851359590888
170 : -2.286983221769333
171 : -1.6318252002820373
172 : 3.248466035351157
173 : -1.9531980250030756
174 : -1.4439134635031223
175 : -1.3404567819088697
176 : 0.7315568579360843
177 : -0.777465763501823
178 : -0.840907602570951
179 : -4.092476166784763
180 : -1.26126349857077
181 : -0.7982243448495865
182 : -0.2530867154709995
183 : -0.9038326162844896
184 : 3.6147929849103093
185 : -1.0295200468972325
186 : -0.37253771536052227
187 : -0.9210638916119933
188 : -1.7321189753711224
189 : -1.6434064712375402
190 : 0.7760435063391924
191 : -3.5279550002887845
192 : -2.197157818824053
193 : -5.571242414414883
194 : 0.21511940006166697
195 : 0.3483468135818839
196 : -1.0048944619484246
197 : -1.223371527157724
198 : -2.1125784888863564
199 : -4.224357884377241
200 : -1.7426343584666029
201 : -1.5423235772177577
202 : -5.1932592689991
203 : -1.5656459257006645
204 : -1.1492711193859577
205 : -1.1974552934989333
206 : 1.2524459920823574
207 : -1.4861612804234028
208 : -0.8886885363608599
209 : -0.954075288027525
210 : -0.9518737597391009
211 : -12.050326173659414
212 : -1.1253997925668955
213 : -0.4881171891465783
214 : -1.2298657624050975
215 : -0.8830585873220116
216 : 2.176802035421133
217 : 6.086277824826539
218 : 1.8750160094350576
219 : -1.4064603699371219
220 : -0.9595830217003822
221 : -1.466306310147047
222 : -0.8142285221256316
223 : -1.5485463910736144
224 : -1.5245311255566776
225 : 0.08071334287524223
226 : -2.9656257876195014
227 : -0.7392330332659185
228 : -1.0314875533804297
!!! updated
229 : -1.3593851085752249
230 : -1.475332505069673
231 : -0.6369037344120443
232 : -0.964149980340153
233 : -2.0610874416306615
234 : -1.4148041233420372
235 : -1.5843373029492795
236 : -1.5062181651592255
237 : 0.11596838384866714
238 : -1.2161575842183083
239 : -0.2155223311856389
240 : -1.5671151094138622
241 : -2.2237135656177998
242 : -1.4547695331275463
243 : -1.8290466275066137
244 : -0.8921226002275944
245 : -1.1405700617469847
246 : -1.6064059399068356
247 : -2.3521691476926208
248 : -1.178529669996351
249 : -1.182130745262839
250 : -1.2124368604272604
251 : -1.6682081436738372
252 : -0.9517549048177898
253 : -2.16839009989053
254 : -1.2332358872517943
255 : -2.2520180512219667
256 : -1.5574780628085136
257 : -1.4533582192379981
258 : -1.1978723360225558
259 : -1.1953122217091732
260 : -1.9922554902732372
261 : -0.2231871411204338
262 : -0.8590308055281639
263 : -1.7510598562657833
264 : -1.5260093584656715
265 : -2.1014629448764026
266 : -1.745509222149849
267 : 0.028204966336488724
268 : -1.8259898480027914
269 : 0.05288604274392128
270 : -2.1776442863047123
271 : -2.0880587273277342
272 : -1.5522140823304653
273 : 0.0112045519053936
274 : -1.5948107913136482
275 : -2.320403595454991
276 : -1.344030739273876
277 : -0.7328443545848131
278 : -0.9348034793511033
279 : -1.9676256692036986
280 : -1.3020518384873867
281 : -0.03106050193309784
282 : -0.8900706712156534
283 : -0.2789826914668083
284 : -1.5091119520366192
285 : -0.154960410669446
286 : -0.8650322742760181
287 : -1.331944047647994
288 : -1.1000254054088145
289 : 0.07821117714047432
290 : -0.9459524665726349
291 : -1.430688288062811
292 : -1.5002805120311677
293 : -1.5208846852183342
294 : -1.6811812445521355
295 : -1.626106783747673
296 : -1.4620504477061331
297 : -1.5385774970054626
298 : 0.0874943844974041
299 : -2.452418215572834
300 : -2.1922174422070384
301 : -1.3698064088821411
302 : -0.8087209011428058
303 : -1.1836851611733437
304 : -1.6648339219391346
305 : -0.8657040502876043
306 : -1.7737169773317873
307 : -1.5395136810839176
308 : -2.400688980706036
309 : -1.510068628937006
310 : 0.03227326087653637
311 : -1.4386697672307491
312 : -1.942722669802606
313 : -1.1335604956839234
314 : -2.11736895237118
315 : -1.33295114710927
316 : -0.14032025448977947
317 : -1.6808567815460265
318 : -2.56863297149539
319 : -1.5749579966068268
320 : -1.6587559077888727
321 : -1.5593470446765423
322 : -2.070483489893377
323 : -1.0966332098469138
324 : 0.06999164447188377
325 : -2.44963351264596
326 : -0.08781770803034306
327 : -1.4427297487854958
328 : -2.3474097112193704
329 : -1.2578397877514362
330 : -1.999498426914215
331 : -1.2460837941616774
332 : -1.3010342991910875
333 : -1.0101334294304252
334 : -0.10714144632220268
335 : -1.7874433770775795
336 : -2.0773267950862646
337 : -1.190617517568171
338 : -1.5059916409663856
339 : -0.8923656502738595
340 : -1.1473039442207664
341 : -1.640394076704979
342 : -2.1419071252457798
343 : -0.8854222879745066
344 : -0.23667297512292862
345 : -1.6213655956089497
346 : -1.9811139553785324
347 : -1.4634848665446043
348 : -0.568214104976505
349 : -1.5431871935725212
350 : -2.260140690021217
351 : -1.6029999628663063
352 : -2.2542793406173587
353 : -1.317039106739685
354 : 0.05734134092926979
355 : -2.2043752670288086
356 : -1.8146075862459838
357 : -1.3307068143039942
358 : 0.06108022481203079
359 : -1.6041930839419365
360 : -2.0965498448349535
361 : -1.4715873189270496
362 : -1.3130289702676237
363 : -1.5458213426172733
364 : -0.5515283537097275
365 : -0.9647662821225822
366 : -0.9746628815191798
367 : -1.346767551265657
368 : -0.040620846673846245
369 : -1.4848433248698711
370 : -2.208340648561716
371 : -1.2243607905693352
372 : -2.1830328344367445
373 : -1.645926333963871
374 : -0.42497650533914566
375 : -1.96704575791955
376 : -2.148240930400789
377 : -1.4202923402190208
378 : 0.06995272263884544
379 : -1.455365963280201
380 : -2.270202012732625
381 : -1.1903216503560543
382 : -0.05158146657049656
383 : -1.2844570651650429
384 : 0.07090811803936958
385 : -0.8553563980385661
386 : -1.7396724540740252
387 : -1.4020291455090046
388 : -2.013554949313402
389 : -1.305162537842989
390 : -0.7722919450607151
391 : -0.984285406768322
392 : -1.8493971899151802
393 : -1.5896054096519947
394 : -0.6725656492635608
395 : -1.5897684581577778
396 : -0.6890915161930025
397 : -2.3906132951378822
398 : -1.8650127514265478
399 : -1.16141804959625
400 : -2.0862423526123166
401 : -0.8780503766611218
402 : 0.0912487730383873
403 : -1.112567656673491
404 : -0.13245225325226784
405 : -1.8704526871442795
406 : -2.0501496754586697
407 : -1.6230500005185604
408 : -0.17432002164423466
409 : -1.2630283636972308
410 : -0.6902835541404784
411 : -1.274397797882557
412 : -0.30935664288699627
413 : -0.8346491530537605
414 : -1.8478650790639222
415 : -0.9451694637537003
416 : -1.312537772464566
417 : -0.8916235994547606
418 : -1.574212338309735
419 : -0.9199554920196533
420 : -1.2992955343797803
421 : -1.4759824499487877
422 : -0.547291380353272
423 : -1.3061120584607124
424 : -1.9906545728445053
425 : -1.3521896433085203
426 : -1.0246739241993055
427 : -1.6813731854781508
428 : -0.6206069318577647
429 : -1.18573729111813
430 : -2.095600713044405
431 : -1.2492046891711652
432 : -2.286124342121184
433 : -1.0911867329850793
434 : -1.548305350355804
435 : -1.3862977437675
436 : -1.0446104262955487
437 : -1.1620547794736922
438 : -2.180438857525587
439 : -1.2911836626008153
440 : -0.12369238212704659
441 : -2.1905059441924095
442 : -2.0161094116047025
443 : -1.5866257548332214
444 : -0.6321948487311602
445 : -1.6575750038027763
446 : -1.1384227899834514
447 : -1.5389749221503735
448 : 0.1516818255186081
449 : -2.5390898436307907
450 : -0.09912998043000698
451 : -1.0055207507684827
452 : -2.071454497985542
453 : -0.9935712092556059
454 : -2.2521047703921795
455 : -1.1305750680912752
456 : -0.5761527777649462
457 : -0.954478049185127
458 : -2.328189993277192
459 : -1.63837219029665
460 : -0.5533246896229684
461 : -1.7952661141753197
462 : -0.09657811373472214
463 : -1.606150358915329
464 : -0.14078045263886452
465 : -1.5570959765464067
466 : -0.6455511825624853
467 : -1.7860904335975647
468 : -0.09678073041141033
469 : -1.630445685237646
470 : -0.08162621408700943
471 : -1.366420354694128
472 : -1.1076849554665387
473 : -1.7807856649160385
474 : -0.7387435846030712
475 : -1.0665933531709015
476 : -2.1447280421853065
477 : -1.9638149072416127
478 : -0.19309676811099052
479 : -2.266906276345253
480 : -0.7779626287519932
481 : -1.650727540254593
482 : -2.0094230915419757
483 : -1.5523290783166885
484 : -0.9545316972071305
485 : -1.0649851085618138
486 : -2.3264953796751797
487 : -1.471137162297964
488 : -0.08402429521083832
489 : -1.0533299809321761
490 : -2.305290127173066
491 : -1.255052749067545
492 : 0.09164545498788357
493 : -1.2156396443024278
494 : -1.2869901293888688
495 : -1.4923965111374855
496 : -1.4495687803719193
497 : -1.4243497624993324
498 : -1.1259482693858445
499 : -1.288225308060646
500 : -1.360146862687543
501 : -1.019475226290524
502 : -0.7980984060559422
503 : -0.8964181747287512
504 : -0.7058720164932311
505 : -1.2679809369146824
506 : -0.3342305216938257
507 : -1.6491897869855165
508 : -2.0739660738036036
509 : -0.9327613832429051
510 : -0.6857297206297517
511 : -2.2137794233858585
512 : -2.29419516120106
513 : -1.631123851519078
514 : -2.336437990423292
515 : -1.8768615759909153
516 : -2.3233606070280075
517 : -1.3803028352558613
518 : -2.253403354436159
519 : -1.3954774234443903
520 : -0.19666936434805393
521 : -1.5942606143653393
522 : -0.08562721498310566
523 : -1.070774988271296
524 : 0.02878895029425621
525 : -1.7232546024024487
526 : -2.077028765808791
527 : -1.38142110966146
528 : -2.1286203456111252
529 : -1.1119343959726393
530 : -0.317683681845665
531 : -1.1047081049764529
532 : -0.37245950661599636
533 : -1.466031689196825
534 : -0.663304918911308
535 : -1.5739389657974243
536 : -2.2280754251405597
537 : -1.3197495322674513
538 : -1.5520274168811738
539 : -1.5885754227638245
540 : -0.3915026020258665
541 : -1.584272351115942
542 : -1.5410777668002993
543 : -0.8438946269452572
!!! updated
544 : -1.4528610445559025
545 : -1.1835413333028555
546 : -1.1574903016444296
Setting up 2 worker threads for Enlighten.
  Thread -> id: 7f2e16399700 -> priority: 1 
  Thread -> id: 7f2e15b98700 -> priority: 1 
Traceback (most recent call last):
  File "main.py", line 123, in <module>
    returns = [episode(env, agent, i) for i in range(training_episodes)]
  File "main.py", line 123, in <listcomp>
    returns = [episode(env, agent, i) for i in range(training_episodes)]
  File "main.py", line 30, in episode
    next_state, reward, done, _ = env.step(action.numpy()[0])
  File "/home/j/jensenj/.local/lib/python3.6/site-packages/gym_unity/envs/__init__.py", line 177, in step
    self._env.step()
  File "/home/j/jensenj/.local/lib/python3.6/site-packages/mlagents_envs/timers.py", line 305, in wrapped
    return func(*args, **kwargs)
  File "/home/j/jensenj/.local/lib/python3.6/site-packages/mlagents_envs/environment.py", line 319, in step
    self._update_state(rl_output)
  File "/home/j/jensenj/.local/lib/python3.6/site-packages/mlagents_envs/environment.py", line 275, in _update_state
    agent_info_list, self._env_specs[brain_name]
  File "/home/j/jensenj/.local/lib/python3.6/site-packages/mlagents_envs/timers.py", line 305, in wrapped
    return func(*args, **kwargs)
  File "/home/j/jensenj/.local/lib/python3.6/site-packages/mlagents_envs/rpc_utils.py", line 188, in steps_from_proto
    obs_index, obs_shape, decision_agent_info_list
  File "/home/j/jensenj/.local/lib/python3.6/site-packages/mlagents_envs/timers.py", line 305, in wrapped
    return func(*args, **kwargs)
  File "/home/j/jensenj/.local/lib/python3.6/site-packages/mlagents_envs/rpc_utils.py", line 152, in _process_vector_observation
    _raise_on_nan_and_inf(np_obs, "observations")
  File "/home/j/jensenj/.local/lib/python3.6/site-packages/mlagents_envs/rpc_utils.py", line 130, in _raise_on_nan_and_inf
    raise RuntimeError(f"The {source} provided had NaN values.")
RuntimeError: The observations provided had NaN values.
2020-06-25 12:10:08 INFO [environment.py:418] Environment shut down with return code 0.
