slurmstepd-brenz: error: Unable to create TMPDIR [/tmp/user/30108]: Permission denied
slurmstepd-brenz: error: Setting TMPDIR to /tmp
Found path: /home/j/jensenj/PycharmProjects/Federer-Jr./src/../crawler_single/linux/dynamic_server/crawler_dynamic.x86_64
Mono path[0] = '/home/j/jensenj/PycharmProjects/Federer-Jr./src/../crawler_single/linux/dynamic_server/crawler_dynamic_Data/Managed'
Mono config path = '/home/j/jensenj/PycharmProjects/Federer-Jr./src/../crawler_single/linux/dynamic_server/crawler_dynamic_Data/MonoBleedingEdge/etc'
Preloaded 'lib_burst_generated.so'
Preloaded 'libgrpc_csharp_ext.x64.so'
Initialize engine version: 2019.3.15f1 (59ff3e03856d)
[Subsystems] Discovering subsystems at path /home/j/jensenj/PycharmProjects/Federer-Jr./src/../crawler_single/linux/dynamic_server/crawler_dynamic_Data/UnitySubsystems
Forcing GfxDevice: Null
GfxDevice: creating device client; threaded=0
NullGfxDevice:
    Version:  NULL 1.0 [1.0]
    Renderer: Null Device
    Vendor:   Unity Technologies
Begin MonoManager ReloadAssembly
- Completed reload, in  0.097 seconds
WARNING: Shader Unsupported: 'Autodesk Interactive' - All passes removed
WARNING: Shader Did you use #pragma only_renderers and omit this platform?
UnloadTime: 0.422855 ms
Fallback handler could not load library /home/j/jensenj/PycharmProjects/Federer-Jr./src/../crawler_single/linux/dynamic_server/crawler_dynamic_Data/Mono/libcoreclr.so
Fallback handler could not load library /home/j/jensenj/PycharmProjects/Federer-Jr./src/../crawler_single/linux/dynamic_server/crawler_dynamic_Data/Mono/libcoreclr.so
Fallback handler could not load library /home/j/jensenj/PycharmProjects/Federer-Jr./src/../crawler_single/linux/dynamic_server/crawler_dynamic_Data/Mono/libcoreclr.so
Fallback handler could not load library /home/j/jensenj/PycharmProjects/Federer-Jr./src/../crawler_single/linux/dynamic_server/crawler_dynamic_Data/Mono/libSystem.dylib
Fallback handler could not load library /home/j/jensenj/PycharmProjects/Federer-Jr./src/../crawler_single/linux/dynamic_server/crawler_dynamic_Data/Mono/libSystem.dylib.so
Fallback handler could not load library /home/j/jensenj/PycharmProjects/Federer-Jr./src/../crawler_single/linux/dynamic_server/crawler_dynamic_Data/Mono/libSystem.dylib
Fallback handler could not load library /home/j/jensenj/PycharmProjects/Federer-Jr./src/../crawler_single/linux/dynamic_server/crawler_dynamic_Data/Mono/libcoreclr.so
Fallback handler could not load library /home/j/jensenj/PycharmProjects/Federer-Jr./src/../crawler_single/linux/dynamic_server/crawler_dynamic_Data/Mono/libcoreclr.so
Fallback handler could not load library /home/j/jensenj/PycharmProjects/Federer-Jr./src/../crawler_single/linux/dynamic_server/crawler_dynamic_Data/Mono/libcoreclr.so
Fallback handler could not load library /home/j/jensenj/PycharmProjects/Federer-Jr./src/../crawler_single/linux/dynamic_server/crawler_dynamic_Data/Mono/libSystem.dylib
Fallback handler could not load library /home/j/jensenj/PycharmProjects/Federer-Jr./src/../crawler_single/linux/dynamic_server/crawler_dynamic_Data/Mono/libSystem.dylib.so
Fallback handler could not load library /home/j/jensenj/PycharmProjects/Federer-Jr./src/../crawler_single/linux/dynamic_server/crawler_dynamic_Data/Mono/libSystem.dylib
/home/j/jensenj/.local/lib/python3.6/site-packages/tensorboard/compat/tensorflow_stub/dtypes.py:541: FutureWarning: Passing (type, 1) or '1type' as a synonym of type is deprecated; in a future version of numpy, it will be understood as (type, (1,)) / '(1,)type'.
  _np_qint8 = np.dtype([("qint8", np.int8, 1)])
/home/j/jensenj/.local/lib/python3.6/site-packages/tensorboard/compat/tensorflow_stub/dtypes.py:542: FutureWarning: Passing (type, 1) or '1type' as a synonym of type is deprecated; in a future version of numpy, it will be understood as (type, (1,)) / '(1,)type'.
  _np_quint8 = np.dtype([("quint8", np.uint8, 1)])
/home/j/jensenj/.local/lib/python3.6/site-packages/tensorboard/compat/tensorflow_stub/dtypes.py:543: FutureWarning: Passing (type, 1) or '1type' as a synonym of type is deprecated; in a future version of numpy, it will be understood as (type, (1,)) / '(1,)type'.
  _np_qint16 = np.dtype([("qint16", np.int16, 1)])
/home/j/jensenj/.local/lib/python3.6/site-packages/tensorboard/compat/tensorflow_stub/dtypes.py:544: FutureWarning: Passing (type, 1) or '1type' as a synonym of type is deprecated; in a future version of numpy, it will be understood as (type, (1,)) / '(1,)type'.
  _np_quint16 = np.dtype([("quint16", np.uint16, 1)])
/home/j/jensenj/.local/lib/python3.6/site-packages/tensorboard/compat/tensorflow_stub/dtypes.py:545: FutureWarning: Passing (type, 1) or '1type' as a synonym of type is deprecated; in a future version of numpy, it will be understood as (type, (1,)) / '(1,)type'.
  _np_qint32 = np.dtype([("qint32", np.int32, 1)])
/home/j/jensenj/.local/lib/python3.6/site-packages/tensorboard/compat/tensorflow_stub/dtypes.py:550: FutureWarning: Passing (type, 1) or '1type' as a synonym of type is deprecated; in a future version of numpy, it will be understood as (type, (1,)) / '(1,)type'.
  np_resource = np.dtype([("resource", np.ubyte, 1)])
2020-06-25 12:25:24 INFO [environment.py:108] Connected to Unity environment with package version 1.0.2 and communication version 1.0.0
2020-06-25 12:25:24 INFO [environment.py:265] Connected new brain:
CrawlerDynamic?team=0
2020-06-25 12:25:24 WARNING [__init__.py:92] The environment contains multiple observations. You must define allow_multiple_obs=True to receive them all. Otherwise, only the first visual observation (or vector observation ifthere are no visual observations) will be provided in the observation.
update_time_steps: 10240 , ppo_epochs: 2 , beta:  0.001 , gamma 0.99
0 : -1.4029693296179175
1 : -1.2047383328317665
2 : -1.3010516779031605
3 : -1.4951588697731495
4 : -1.469363920390606
5 : -2.4484402458183467
6 : -1.4714818336069584
7 : -1.3983684182167053
8 : -0.48185938969254494
9 : -3.3548166332766414
10 : -3.9408392696641386
11 : 0.002509597921743989
12 : -2.068797579035163
13 : -0.999289290048182
14 : -4.090933863539249
15 : -1.905574157834053
16 : -0.8354718843474984
17 : -1.696253718342632
18 : -1.1371556194499135
19 : -0.9367825104855001
20 : -1.5773300817236304
21 : -1.7041099444031715
22 : -1.0331243071705103
23 : -0.813355152728036
24 : -0.9780109552666545
25 : -1.4990628780797124
26 : 0.5847653700038791
27 : -0.8714961558580399
28 : -0.950283482670784
29 : -1.7444050535559654
30 : -3.5022725239396095
31 : -2.1924119433388114
32 : -0.9526342123281211
33 : 0.6438442170619965
34 : -1.445262247696519
35 : -0.984159704297781
36 : 1.3080001987982541
37 : -0.8189468421041965
38 : -1.770448200404644
39 : -0.20313740754500031
40 : 4.1342792944051325
41 : -1.4125389945693314
42 : -0.11700535472482443
43 : -1.6968545918352902
44 : -0.6051559261977673
45 : -1.7411695988848805
46 : -0.5962856933474541
47 : -1.0319603765383363
48 : -0.94252407271415
49 : -1.5330770835280418
50 : -1.1379293100908399
51 : 0.12753137620165944
52 : -1.0023265345953405
53 : 0.2955580446869135
54 : -1.5618567364290357
55 : -1.7551398132927716
56 : -1.416786354035139
57 : -1.5855739512480795
58 : -1.6026130504906178
59 : -1.5544720850884914
60 : -1.0806792066432536
61 : -1.1147053353488445
62 : -1.4734842688776553
63 : -1.564238926046528
64 : -1.2588193025439978
65 : -1.1367307305335999
66 : -1.5106337666511536
67 : -1.6399663053452969
68 : -1.5281507950276136
69 : 2.165422805119306
70 : -1.020816445350647
71 : -1.4808195466175675
72 : -1.4557589082978666
73 : 0.04892059345729649
74 : -1.0169509099796414
75 : -1.0185897808987647
76 : -7.5831681720446795
77 : 1.034218861721456
78 : -1.199329886585474
79 : -0.9024496846832335
80 : -2.0042163440957665
81 : -2.1439111907966435
82 : -1.835520651191473
83 : -1.6223576869815588
84 : -1.3514177682809532
85 : -1.3870862891199067
86 : -0.9638021434657276
87 : -0.9280928797088563
88 : -1.6028207512572408
89 : -1.6241749562323093
90 : -4.67042138427496
91 : -1.4721880871802568
92 : -0.1326470454223454
93 : -1.649838613346219
94 : -1.5127456933259964
95 : -0.6853904160670936
96 : 1.359102126210928
97 : -0.6708902600221336
98 : 5.825394888874143
99 : -1.813728243112564
100 : -1.250126801431179
101 : -2.325991801917553
102 : -0.7457633288577199
103 : -1.1597187221050262
104 : 2.7953822324052453
105 : -1.358051860705018
106 : -2.231599371880293
107 : -1.6341526549076661
108 : -0.5658540828153491
109 : -0.860993929207325
110 : -0.4817156996577978
111 : -0.8806186364963651
112 : -10.950946615543216
113 : -1.255555747076869
114 : 2.2746446831151843
115 : -1.7164718452841043
116 : -2.2885869732126594
117 : -0.8520403616130352
118 : -1.4369777515530586
119 : -3.944236195180565
120 : -1.9078407548367977
121 : -0.8230433575809002
122 : -1.4749501636251807
123 : -1.705425851047039
124 : -1.7053213603794575
125 : -0.8920145751908422
126 : -1.5058451276272535
127 : -1.5545551674440503
128 : 1.2779936715960503
129 : -2.343311443924904
130 : -2.325338516384363
131 : -1.889823205769062
132 : -1.539652118459344
133 : -2.2546148896217346
134 : -1.3821445144712925
135 : -1.7237528758123517
136 : -1.665718246717006
137 : -2.068790525197983
138 : -1.3747923951596022
139 : -1.6404503285884857
140 : -1.532809916883707
141 : -0.9042081329971552
142 : -2.0910413563251495
143 : -4.261473583988845
144 : -2.2211074884980917
145 : -2.1067605298012495
146 : -1.8895104015246034
147 : -1.0844003548845649
148 : -0.7326149018481374
149 : -1.2140698907896876
150 : -1.499238558113575
151 : 1.2979680029675364
152 : -5.145748050883412
153 : -1.39015957841184
154 : -0.8218351118266582
155 : -1.34937097504735
156 : -2.241834469139576
157 : -1.0102471197023988
158 : -2.7642079619690776
159 : -0.8154645224567503
160 : -1.5573960999026895
161 : -1.4888274781405926
162 : 0.47339462907984853
163 : -1.0228105555288494
164 : -1.5296082776039839
165 : 2.8896263260394335
166 : -1.0144675308838487
167 : -1.2456709006801248
168 : 0.19716056622564793
169 : 11.886079666903242
170 : -1.115253868047148
171 : -0.9096246855333447
172 : -1.4181835437193513
173 : -1.0306127844378352
174 : -1.4760185247287154
175 : -0.740101458504796
176 : -0.8735852930694818
177 : 7.406964970752597
178 : -1.6902257688343525
179 : -1.0023600654676557
180 : 1.3982224143110216
181 : -1.4201048575341702
182 : -0.8757259892299771
183 : -1.015922081656754
184 : -1.473574391566217
185 : -1.3372440915554762
186 : -4.101446946151555
187 : -1.6583033567294478
188 : -1.1791033453773707
189 : -2.082877214998007
190 : -1.627581296255812
191 : -1.5349913276731968
192 : -6.337212553014979
193 : -1.557697650976479
194 : -1.939638938754797
195 : -1.3404032150283456
196 : 7.364760617725551
197 : -1.7180729992687702
198 : -0.19825457222759724
199 : -3.2451366037130356
200 : -1.4273778107017279
201 : -2.050157770747319
202 : -2.901023156940937
203 : -2.021873743738979
204 : -1.4781169099733233
205 : -1.4366442000027746
206 : -0.5087030623108149
207 : -0.6910119780804962
208 : -2.1606171801686287
209 : -8.26028628833592
210 : -1.2172104779165238
211 : -1.0628699227236211
212 : -2.398719608783722
213 : -1.4942437186837196
214 : -1.4708661544136703
215 : -0.7623159335926175
216 : -1.3531166519969702
217 : 2.7586985751986504
218 : -1.3841468610335141
219 : -1.303552770987153
220 : -1.7543159499764442
221 : -2.007967699319124
222 : -2.315791261382401
223 : -1.3612210410647094
224 : -1.2535304152406752
225 : -1.6108031999319792
226 : -3.070184908050578
227 : -2.01549387909472
228 : 1.7857445776462555
229 : 1.414341718889773
230 : -1.1371763832867146
231 : -2.3638622546568513
232 : -1.7603363394737244
233 : 0.2523209236096591
234 : -1.4744053836911917
235 : -2.121448401361704
236 : -1.065594730898738
237 : -2.0495036505162716
238 : -1.7639179937541485
239 : 2.0176217461703345
240 : -1.9176213825121522
241 : -1.046451429836452
242 : -1.1677694777026772
243 : -0.9998205215670168
244 : -2.5034597334451973
245 : 2.3734928807243705
246 : -2.6542917834594846
247 : -4.265950774773955
248 : -0.1112430952489376
249 : -2.122079936787486
250 : -1.32794279884547
251 : -0.8605092577636242
252 : -1.2432203688658774
253 : -6.232366432668641
254 : -1.0558885764330626
255 : -0.9292604764923453
256 : -0.9518606094643474
257 : -1.372226514853537
258 : -1.5193712837062776
259 : -1.1822103252634406
260 : -1.7492963410913944
261 : -1.3896923679858446
262 : -0.060210369527339935
263 : -0.5396259278059006
264 : -1.8475499786436558
265 : -1.0289295874536037
266 : -1.6324367430061102
267 : -0.9222292439080775
268 : -1.1396947475150228
269 : -1.4773896327242255
270 : -1.021524699870497
271 : -1.3121366994455457
272 : -1.003148928284645
273 : -1.8169442862272263
274 : -1.8551527336239815
275 : -2.0278199245221913
276 : -2.421489953994751
277 : -2.0813679601997137
278 : -2.1005541482008994
279 : -1.5711698532104492
280 : -1.2309330981224775
281 : -3.212666265666485
282 : 6.279345528688282
283 : -0.615378309506923
284 : -0.6192005928605795
285 : -1.016115915728733
286 : -0.6699110344052315
287 : -1.7123699001967907
288 : -1.1377654869575053
289 : -3.458207287825644
290 : -1.7659436408430338
291 : -1.3945392649620771
292 : -5.5017822734080255
293 : -1.3970392514020205
294 : -1.5299532115459442
295 : -1.7512689493596554
296 : -0.9900155253708363
297 : -1.8110627853311598
298 : -1.7001696396619081
299 : -1.2317056562751532
300 : -1.2778738015331328
301 : -3.0331484526395798
302 : -1.667593341320753
303 : -1.0559360370971262
304 : -4.537211371585727
305 : -0.7908514039590955
306 : -0.8936361018568277
307 : -1.312929693609476
308 : -1.255148068536073
309 : -0.8935992908664048
310 : -2.4392588837072253
311 : -0.9914801567792892
312 : -1.4348992314189672
313 : -1.5888382494449615
314 : -1.0503258594544604
315 : -1.7977492976933718
316 : -1.3443100117146969
317 : -1.2025219413917512
318 : -2.2595325792208314
319 : -1.0756496884860098
320 : -1.3646001974120736
321/home/j/jensenj/.local/lib/python3.6/site-packages/gym/logger.py:30: UserWarning: [33mWARN: Box bound precision lowered by casting to float32[0m
  warnings.warn(colorize('%s: %s'%('WARN', msg % args), 'yellow'))
/home/j/jensenj/.local/lib/python3.6/site-packages/numpy/core/_methods.py:160: RuntimeWarning: invalid value encountered in reduce
  ret = umr_sum(arr, axis, dtype, out, keepdims)
 : 2.175447778776288
322 : -1.58409159258008
323 : -3.3210434280335903
324 : -0.890323762781918
325 : -1.6201451402157545
326 : -1.3445424046367407
327 : -1.489541606977582
328 : -1.3957072156481445
329 : -0.8334266860038042
330 : 0.37894426193088293
331 : -0.13469268567860126
332 : 3.1207784130237997
333 : -0.9177057282067835
334 : -1.123976795002818
335 : -1.2514245361089706
336 : -1.2192628756165504
337 : -0.957764751277864
338 : -2.93516849540174
339 : 1.3796108992537484
340 : -2.303343975916505
341 : -1.0469974232837558
342 : -3.0334848649799824
343 : -1.229908388108015
344 : -3.4159507830627263
345 : -1.3595741149038076
346 : -1.2006582394242287
347 : -3.4658358693122864
348 : -1.6489655338227749
349 : -1.7943270960822701
350 : -2.0585944429039955
351 : -1.17960468493402
352 : -0.9961341498419642
353 : -0.4403091059066355
354 : -1.4495765697211027
355 : 0.5391022153198719
356 : -1.7312235007993877
357 : -1.0609629701357335
358 : -1.174569538794458
359 : -1.3763241942506284
360 : -1.667767098173499
361 : -1.3909831675700843
362 : 0.014006923418492079
363 : -1.2997237897943705
364 : -0.30132426880300045
365 : -0.9983262736350298
366 : -1.291399928741157
367 : -1.3464935440570116
368 : -1.3593483101576567
369 : -1.028933416120708
370 : -0.6423489572480321
371 : -1.3217128403484821
372 : -0.8124325163662434
373 : -0.8796336357481778
374 : -0.9608824965544045
375 : -2.0997033417224884
376 : -1.8901376659050584
377 : -0.9392932774499059
378 : -0.767386207357049
379 : -1.509693531319499
380 : -1.4885848523117602
381 : -2.5687469989061356
382 : -1.0743041657842696
383 : 0.8230059212073684
384 : -1.3918213453143835
385 : -2.065005755983293
386 : -1.5964500568807125
387 : -3.8652884024195373
388 : -1.640882653184235
389 : -4.54965116456151
390 : -3.285684373229742
391 : -1.2311501610092819
392 : -0.6433730525895953
393 : -0.9091514423489571
394 : -0.8456739857792854
395 : 5.089690596330911
396 : -0.8723660595715046
397 : -1.3942206157371402
398 : -1.9630222879350185
399 : -1.3556879870593548
400 : -0.5927347280085087
401 : -0.16722350008785725
402 : 0.8792789555154741
403 : -1.8847423414699733
404 : -1.499026860576123
405 : -0.7296456405892968
406 : -1.1895681447349489
407 : -4.179861591663212
408 : -1.0462115220725536
409 : -1.344319621566683
410 : -1.0970593113452196
411 : 3.067895332351327
412 : -2.561334300786257
413 : -1.280741199851036
414 : -1.0144847398623824
415 : -1.2830465845763683
416 : -1.099022720940411
417 : -5.402382428757846
418 : 4.770906783640385
419 : -0.9379828618839383
420 : -1.1921758940443397
421 : -1.7109875180758536
422 : -0.4785312614403665
423 : -1.4195072539150715
424 : -2.400124070700258
425 : -0.9227175749838352
426 : -1.6677461257204413
427 : -1.8010380901396275
428 : -0.9211899749934673
429 : -1.5305074802599847
430 : -0.8802331811748445
431 : -1.8367999568581581
432 : -5.434146416373551
433 : -1.1896847998723388
434 : -1.9127641282975674
435 : -1.206259791739285
436 : -0.030844314955174923
437 : -1.1716558299958706
438 : -1.5037223659455776
439 : -1.255136481486261
440 : -5.421961565501988
441 : -7.270527847576886
442 : -7.386668823979562
443 : -1.2130570579320192
444 : -0.8043236612575129
445 : -1.3037193901836872
446 : -0.8889240995049477
447 : -9.671109735965729
448 : -3.3343225037679076
449 : -0.9623134420253336
450 : -1.4426890909671783
451 : 0.0490848021581769
452 : -1.7408223412930965
453 : -0.9354228843003511
454 : -2.5327761098742485
455 : -1.3394862689310685
456 : -1.3544782237149775
457 : -0.06613955739885569
458 : -2.045682705938816
459 : -1.0163535419851542
460 : -1.086698655039072
461 : -0.8324366826564074
462 : -0.9049444957636297
463 : -4.474014132283628
464 : -0.9733979194425046
465 : -0.8199487407691777
466 : -1.3767581786960363
467 : -1.9336904883384705
468 : -0.8301243588211946
469 : -1.6061880178749561
470 : -1.7631882140412927
471 : -1.359155299142003
472 : -1.4345190189778805
473 : -9.04694470204413
474 : -1.1427073287777603
475 : -1.3160560987889767
476 : -5.260149313136935
477 : 3.3509510764852166
478 : -0.9601154550909996
479 : -2.5302779152989388
480 : 1.232760717626661
481 : -3.1516699669882655
482 : -1.280892382375896
483 : -1.298847844824195
484 : -1.6541963145136833
485 : -1.2482004296034575
486 : -0.9845287445932627
487 : -1.0803202148526907
488 : -1.1287383865565062
489 : 1.3276915601454675
490 : -0.2796374426688999
491 : -1.3206382733769715
492 : -0.40491385757923126
493 : -1.210598566569388
494 : -1.0344102773815393
495 : -1.9375804457813501
496 : -0.7733104783110321
497 : -1.4069784693419933
498 : -1.3923989962786436
499 : -1.7470246888697147
500 : -1.6116993995383382
501 : -1.0071402448229492
502 : -0.6771510913968086
503 : -1.606099423021078
504 : -1.17732850369066
505 : -3.194664806127548
506 : -0.04054248100146651
507 : -0.5864254329353571
508 : -0.31694053299725056
509 : -1.2107525384053588
510 : -1.430181612726301
511 : -5.493104228749871
512 : -0.9573949733749032
513 : 3.4958840664476156
514 : -1.436115987598896
515 : 3.6279962062835693
516 : -1.0578320571221411
517 : -3.7038615001365542
518 : -1.6551867257803679
519 : -1.5569650176912546
520 : 0.611579377669841
521 : -1.0510385073721409
522 : -1.3669904889538884
523 : -12.470657392404974
524 : -1.6757958680391312
525 : -1.0694445385597646
526 : -0.8203102704137564
527 : -1.464187177713029
528 : -2.052776798605919
529 : -0.7370329145342112
530 : -0.5697734975256026
531 : -1.2257264722138643
532 : -1.3770168349146843
533 : 0.012729175388813019
534 : -1.2331891115754843
535 : -0.8892769021913409
536 : -1.3391170520335436
537 : -2.516135604120791
538 : -0.6981093655340374
539 : -0.9207667098380625
540 : -1.3397279866039753
541 : -3.2093505263328552
542 : -1.2245101686567068
543 : -1.323424352798611
544 : -3.168838232755661
545 : -1.9126899866387248
546 : -0.9374669585376978
547 : -1.4021690906956792
548 : -1.7138598039746284
549 : -0.7116769794374704
550 : -1.103458609431982
551 : -1.5047838035970926
552 : -1.0127490041777492
553 : -0.6160610821098089
554 : 0.6930576069280505
555 : -1.6420055218040943
556 : -2.055783808697015
557 : -1.6061936258338392
558 : -1.0502334861084819
559 : -1.8139123693108559
560 : -1.442833999171853
561 : -1.8106246925890446
562 : -0.8331516571342945
563 : -1.2819420951418579
564 : -0.5873443959280849
565 : -1.098427502438426
566 : -1.5187102351337671
567 : -0.5816984600387514
568 : -1.200303040444851
569 : -0.6373739703558385
570 : -1.2179105933755636
571 : -1.7099906862713397
572 : -2.102944146376103
573 : -1.1190162152051926
574 : -1.3857473731040955
575 : -0.8974032397381961
576 : -1.0551492543891072
577 : -0.5214892481453717
578 : -1.6082978304475546
579 : -1.393313015345484
580 : -0.8231037827208638
581 : -1.0037382347509265
582 : -1.4532026685774326
583 : -0.5101717272773385
584 : -0.92335773864761
585 : -4.912579281255603
586 : -1.212372220121324
587 : -1.1694820488337427
588 : -1.0505627379752696
589 : 1.0720061315223575
590 : 5.916126299649477
591 : -1.9005436329171062
592 : -0.505383275449276
593 : -1.0210932069458067
594 : -1.6017757430672646
595 : -2.5359022989869118
596 : -1.0587667431682348
597 : -1.0494315065443516
598 : -1.617882241960615
599 : -0.2881904374808073
600 : -0.9855083450675011
601 : -1.8706239741295576
602 : -1.7818037420511246
603 : -2.935543341562152
604 : -1.3034534407779574
605 : -1.9838864151388407
606 : -1.1964070554822683
607 : -2.096460796892643
608 : -1.5472208596765995
609 : -1.3422133182175457
610 : -1.033710188465193
611 : -1.1156284790486097
612 : -0.7626873617991805
613 : -1.8555563744157553
614 : -1.5687953447923064
615 : -0.9247934841550887
616 : -1.8017960842698812
617 : -1.1686904490925372
618 : -1.5923185106366873
619 : -1.490254182368517
620 : -0.9297665115445852
621 : -1.1259934101253748
622 : -2.0007476657629013
623 : -0.8401962022762746
624 : -0.8401015042327344
625 : 0.01631592819467187
626 : 0.13187518250197172
627 : -1.5594497695565224
628 : -1.2132928450591862
629 : -1.7577274329960346
630 : 0.42205482814460993
631 : -1.3918486104812473
632 : -1.3878209660761058
633 : -1.0584462615661323
634 : -0.8804835956543684
635 : -1.9045870751142502
636 : -1.1067150575108826
637 : -0.5779965228866786
638 : -1.4735631560906768
639 : -0.6364295755047351
640 : -0.6372068338096142
641 : -4.499337195418775
642 : -1.5011468455195427
643 : 2.548257052898407
644 : -0.8220530366525054
645 : 0.1873056711629033
646 : -1.9073178842663765
647 : 7.920382579788566
648 : -1.5980911734513938
649 : -1.3577174749225378
650 : -1.1534269955009222
651 : -0.8771856237435713
652 : -2.945562422275543
653 : -1.5711276773363352
654 : -1.1525013353675604
655 : 3.6397684747353196
656 : 3.234605718869716
!!! updated
657 : -1.1248548571020365
658 : -1.8162321969866753
659 : -0.7968851216137409
660 : -0.9594327085651457
661 : -1.0108072208240628
662 : -2.4295089095830917
663 : -1.0474481922574341
664 : -1.304377492517233
665 : -1.3075746148824692
666 : -1.2698311321437359
667 : -1.1545321876183152
668 : -1.2672141566872597
Setting up 2 worker threads for Enlighten.
  Thread -> id: 7f55f0f95700 -> priority: 1 
  Thread -> id: 7f5577fff700 -> priority: 1 
Traceback (most recent call last):
  File "main.py", line 123, in <module>
    returns = [episode(env, agent, i) for i in range(training_episodes)]
  File "main.py", line 123, in <listcomp>
    returns = [episode(env, agent, i) for i in range(training_episodes)]
  File "main.py", line 30, in episode
    next_state, reward, done, _ = env.step(action.numpy()[0])
  File "/home/j/jensenj/.local/lib/python3.6/site-packages/gym_unity/envs/__init__.py", line 177, in step
    self._env.step()
  File "/home/j/jensenj/.local/lib/python3.6/site-packages/mlagents_envs/timers.py", line 305, in wrapped
    return func(*args, **kwargs)
  File "/home/j/jensenj/.local/lib/python3.6/site-packages/mlagents_envs/environment.py", line 319, in step
    self._update_state(rl_output)
  File "/home/j/jensenj/.local/lib/python3.6/site-packages/mlagents_envs/environment.py", line 275, in _update_state
    agent_info_list, self._env_specs[brain_name]
  File "/home/j/jensenj/.local/lib/python3.6/site-packages/mlagents_envs/timers.py", line 305, in wrapped
    return func(*args, **kwargs)
  File "/home/j/jensenj/.local/lib/python3.6/site-packages/mlagents_envs/rpc_utils.py", line 188, in steps_from_proto
    obs_index, obs_shape, decision_agent_info_list
  File "/home/j/jensenj/.local/lib/python3.6/site-packages/mlagents_envs/timers.py", line 305, in wrapped
    return func(*args, **kwargs)
  File "/home/j/jensenj/.local/lib/python3.6/site-packages/mlagents_envs/rpc_utils.py", line 152, in _process_vector_observation
    _raise_on_nan_and_inf(np_obs, "observations")
  File "/home/j/jensenj/.local/lib/python3.6/site-packages/mlagents_envs/rpc_utils.py", line 130, in _raise_on_nan_and_inf
    raise RuntimeError(f"The {source} provided had NaN values.")
RuntimeError: The observations provided had NaN values.
2020-06-25 12:37:08 INFO [environment.py:418] Environment shut down with return code 0.
