slurmstepd-brenz: error: Unable to create TMPDIR [/tmp/user/30108]: Permission denied
slurmstepd-brenz: error: Setting TMPDIR to /tmp
Found path: /home/j/jensenj/PycharmProjects/Federer-Jr./src/../crawler_single/linux/dynamic_server/crawler_dynamic.x86_64
Mono path[0] = '/home/j/jensenj/PycharmProjects/Federer-Jr./src/../crawler_single/linux/dynamic_server/crawler_dynamic_Data/Managed'
Mono config path = '/home/j/jensenj/PycharmProjects/Federer-Jr./src/../crawler_single/linux/dynamic_server/crawler_dynamic_Data/MonoBleedingEdge/etc'
Preloaded 'lib_burst_generated.so'
Preloaded 'libgrpc_csharp_ext.x64.so'
Initialize engine version: 2019.3.15f1 (59ff3e03856d)
[Subsystems] Discovering subsystems at path /home/j/jensenj/PycharmProjects/Federer-Jr./src/../crawler_single/linux/dynamic_server/crawler_dynamic_Data/UnitySubsystems
Forcing GfxDevice: Null
GfxDevice: creating device client; threaded=0
NullGfxDevice:
    Version:  NULL 1.0 [1.0]
    Renderer: Null Device
    Vendor:   Unity Technologies
Begin MonoManager ReloadAssembly
- Completed reload, in  0.097 seconds
WARNING: Shader Unsupported: 'Autodesk Interactive' - All passes removed
WARNING: Shader Did you use #pragma only_renderers and omit this platform?
UnloadTime: 0.439822 ms
Fallback handler could not load library /home/j/jensenj/PycharmProjects/Federer-Jr./src/../crawler_single/linux/dynamic_server/crawler_dynamic_Data/Mono/libcoreclr.so
Fallback handler could not load library /home/j/jensenj/PycharmProjects/Federer-Jr./src/../crawler_single/linux/dynamic_server/crawler_dynamic_Data/Mono/libcoreclr.so
Fallback handler could not load library /home/j/jensenj/PycharmProjects/Federer-Jr./src/../crawler_single/linux/dynamic_server/crawler_dynamic_Data/Mono/libcoreclr.so
Fallback handler could not load library /home/j/jensenj/PycharmProjects/Federer-Jr./src/../crawler_single/linux/dynamic_server/crawler_dynamic_Data/Mono/libSystem.dylib
Fallback handler could not load library /home/j/jensenj/PycharmProjects/Federer-Jr./src/../crawler_single/linux/dynamic_server/crawler_dynamic_Data/Mono/libSystem.dylib.so
Fallback handler could not load library /home/j/jensenj/PycharmProjects/Federer-Jr./src/../crawler_single/linux/dynamic_server/crawler_dynamic_Data/Mono/libSystem.dylib
Fallback handler could not load library /home/j/jensenj/PycharmProjects/Federer-Jr./src/../crawler_single/linux/dynamic_server/crawler_dynamic_Data/Mono/libcoreclr.so
Fallback handler could not load library /home/j/jensenj/PycharmProjects/Federer-Jr./src/../crawler_single/linux/dynamic_server/crawler_dynamic_Data/Mono/libcoreclr.so
Fallback handler could not load library /home/j/jensenj/PycharmProjects/Federer-Jr./src/../crawler_single/linux/dynamic_server/crawler_dynamic_Data/Mono/libcoreclr.so
Fallback handler could not load library /home/j/jensenj/PycharmProjects/Federer-Jr./src/../crawler_single/linux/dynamic_server/crawler_dynamic_Data/Mono/libSystem.dylib
Fallback handler could not load library /home/j/jensenj/PycharmProjects/Federer-Jr./src/../crawler_single/linux/dynamic_server/crawler_dynamic_Data/Mono/libSystem.dylib.so
Fallback handler could not load library /home/j/jensenj/PycharmProjects/Federer-Jr./src/../crawler_single/linux/dynamic_server/crawler_dynamic_Data/Mono/libSystem.dylib
/home/j/jensenj/.local/lib/python3.6/site-packages/tensorboard/compat/tensorflow_stub/dtypes.py:541: FutureWarning: Passing (type, 1) or '1type' as a synonym of type is deprecated; in a future version of numpy, it will be understood as (type, (1,)) / '(1,)type'.
  _np_qint8 = np.dtype([("qint8", np.int8, 1)])
/home/j/jensenj/.local/lib/python3.6/site-packages/tensorboard/compat/tensorflow_stub/dtypes.py:542: FutureWarning: Passing (type, 1) or '1type' as a synonym of type is deprecated; in a future version of numpy, it will be understood as (type, (1,)) / '(1,)type'.
  _np_quint8 = np.dtype([("quint8", np.uint8, 1)])
/home/j/jensenj/.local/lib/python3.6/site-packages/tensorboard/compat/tensorflow_stub/dtypes.py:543: FutureWarning: Passing (type, 1) or '1type' as a synonym of type is deprecated; in a future version of numpy, it will be understood as (type, (1,)) / '(1,)type'.
  _np_qint16 = np.dtype([("qint16", np.int16, 1)])
/home/j/jensenj/.local/lib/python3.6/site-packages/tensorboard/compat/tensorflow_stub/dtypes.py:544: FutureWarning: Passing (type, 1) or '1type' as a synonym of type is deprecated; in a future version of numpy, it will be understood as (type, (1,)) / '(1,)type'.
  _np_quint16 = np.dtype([("quint16", np.uint16, 1)])
/home/j/jensenj/.local/lib/python3.6/site-packages/tensorboard/compat/tensorflow_stub/dtypes.py:545: FutureWarning: Passing (type, 1) or '1type' as a synonym of type is deprecated; in a future version of numpy, it will be understood as (type, (1,)) / '(1,)type'.
  _np_qint32 = np.dtype([("qint32", np.int32, 1)])
/home/j/jensenj/.local/lib/python3.6/site-packages/tensorboard/compat/tensorflow_stub/dtypes.py:550: FutureWarning: Passing (type, 1) or '1type' as a synonym of type is deprecated; in a future version of numpy, it will be understood as (type, (1,)) / '(1,)type'.
  np_resource = np.dtype([("resource", np.ubyte, 1)])
2020-06-25 12:08:21 INFO [environment.py:108] Connected to Unity environment with package version 1.0.2 and communication version 1.0.0
2020-06-25 12:08:21 INFO [environment.py:265] Connected new brain:
CrawlerDynamic?team=0
2020-06-25 12:08:21 WARNING [__init__.py:92] The environment contains multiple observations. You must define allow_multiple_obs=True to receive them all. Otherwise, only the first visual observation (or vector observation ifthere are no visual observations) will be provided in the observation.
/home/j/jensenj/.local/lib/python3.6/site-packages/gym/logger.py:30: UserWarning: [33mWARN: Box bound precision lowered by casting to float32[0m
  warnings.warn(colorize('%s: %s'%('WARN', msg % args), 'yellow'))
/home/j/jensenj/.local/lib/python3.6/site-packages/numpy/core/_methods.py:160: RuntimeWarning: invalid value encountered in reduce
  ret = umr_sum(arr, axis, dtype, out, keepdims)
update_time_steps: 4096 , ppo_epochs: 32 , beta:  0.01 , gamma 0.9
0 : -1.2756261001341045
1 : -1.7702760621905327
2 : -0.8131544282659888
3 : 0.020510449539870024
4 : -0.8409950537607074
5 : -0.9312708545476198
6 : -1.6095840968191624
7 : -0.6848827172070742
8 : -1.1100457743741572
9 : -1.340212972369045
10 : -1.4265847993083298
11 : 1.5023329895921052
12 : -4.858729908242822
13 : -1.4980799853801727
14 : -1.1272136475890875
15 : -4.798535446228925
16 : -5.532801903784275
17 : -1.0248877499252558
18 : -0.5038972101174295
19 : -1.2031436732504517
20 : -0.895004722289741
21 : -0.7620405901689082
22 : -7.088173826225102
23 : -2.1291413637809455
24 : -0.9199858955107629
25 : 2.990149261429906
26 : -1.7742101848125458
27 : -1.5716642951592803
28 : -0.7611325867474079
29 : -8.13634149171412
30 : -1.3673608899116516
31 : -0.9186744135804474
32 : -1.4646824523806572
33 : 0.23448546044528484
34 : 0.3015528628602624
35 : -1.2451770827174187
36 : 4.6716029066592455
37 : -2.7307351138442755
38 : 3.979385809507221
39 : -1.882909383624792
40 : 1.1352621496189386
41 : -2.908394530415535
42 : -1.0555741395801306
43 : -0.8048613080754876
44 : -1.485031268442981
45 : -0.11863791011273861
46 : -1.5260991882532835
47 : -0.66887600813061
48 : -0.8343710431363434
49 : -3.455750562250614
50 : -1.695283163804561
51 : -0.7104779202491045
52 : -0.7287157634273171
53 : -0.5497189615853131
54 : -0.5602433867752552
55 : -0.856279285158962
56 : -6.449581321328878
57 : -1.0377636519260705
58 : -0.16643074667081237
59 : -1.111514680320397
60 : 4.259869351284578
61 : 0.9320578211918473
62 : -1.4010285027325153
63 : -1.5763811441138387
64 : -0.6035205693915486
65 : 1.1676779016852379
66 : -1.402161923237145
67 : -5.905657025054097
68 : -1.359964539296925
69 : -1.4394361255690455
70 : -0.7964194668456912
71 : -4.033704290166497
72 : -0.5579806570895016
73 : -1.5979332737624645
74 : -1.2360913197044283
75 : -0.6268781409598887
76 : -0.07224346324801445
77 : -0.8708995804190636
78 : -0.9707118757069111
79 : -9.435328472871333
80 : -1.4292331617325544
81 : -0.9970138687640429
82 : -0.9219175931066275
83 : -0.9657266479916871
84 : -0.9003449492156506
85 : -0.6065502697601914
86 : -1.5809775991365314
87 : -0.8727106130681932
88 : -1.5883691683411598
89 : -1.4791434025391936
90 : -1.3094586841762066
91 : -1.7761178789660335
92 : -1.6826490685343742
93 : -1.3266773093491793
94 : -1.1210999367758632
95 : -0.663412825204432
96 : -0.6595050701871514
97 : -1.3930960949510336
98 : 0.051718132104724646
99 : -5.6934154545888305
100 : -2.1955761117860675
101 : 1.5376709196716547
102 : -1.865290842950344
103 : -1.1626235754229128
104 : -0.7331697645131499
105 : -1.637732107192278
106 : -1.0403333227150142
107 : -1.2413144349120557
108 : -1.6799460288602859
109 : -2.4714420959353447
110 : 1.0073711862787604
111 : -0.7072502672672272
112 : -0.21091049909591675
113 : -3.5120139996288344
114 : -1.8506421274505556
115 : -1.9625887982547283
116 : -0.5554827526211739
117 : -1.6070535518229008
118 : -4.02721939701587
119 : -2.0146878510713577
120 : -1.344316070433706
121 : -3.290608233306557
122 : -1.5554101625457406
123 : -0.803878971375525
124 : -1.9266831781715155
125 : -1.7320757675915956
126 : -1.7606152137741446
127 : -1.447287891060114
128 : -2.228281064890325
129 : -11.143912726081908
130 : -6.3910226710140705
131 : -2.122220126911998
132 : -1.1127257971093059
133 : -6.677300318144262
134 : -0.8495827289298177
135 : -0.7547927461564541
136 : -1.5259493691846728
137 : -1.4259342262521386
138 : -2.112569439224899
139 : -1.3469892911380157
140 : -9.300610012025572
141 : 1.9078265968710184
142 : -1.3923151856288314
143 : -3.0320323361083865
144 : -1.7353730499744415
145 : -5.692773428745568
146 : -2.7449891096912324
147 : -1.707018505781889
148 : 0.26613773219287395
149 : -1.6256339000537992
150 : -5.728460614569485
151 : -1.1401906935498118
152 : -1.3923211451619864
153 : -7.584211550652981
154 : -2.349320053588599
155 : -4.467527956701815
156 : -1.0251218900084496
157 : -4.103862814139575
158 : -0.9550221981480718
159 : -1.0944045525975525
160 : 2.324152893619612
161 : -1.7547965813428164
162 : -1.99255973380059
163 : -1.6935834921896458
164 : 2.6929578345734626
165 : -1.5027354806661606
166 : 0.5970818419009447
167 : 0.3832539734430611
168 : -2.0255075488239527
169 : -1.0775888301432133
170 : 1.7925554551184177
171 : -5.143675930798054
172 : -12.759678438305855
173 : -0.9680173872038722
174 : -0.8116618220228702
175 : -1.1726182852871716
176 : -0.2798570632003248
177 : -0.5522685451433063
178 : -0.8910921085625887
!!! updated
179 : -2.173790054861456
Setting up 2 worker threads for Enlighten.
  Thread -> id: 7fb0737fe700 -> priority: 1 
  Thread -> id: 7fb072ffd700 -> priority: 1 
Traceback (most recent call last):
  File "main.py", line 123, in <module>
    returns = [episode(env, agent, i) for i in range(training_episodes)]
  File "main.py", line 123, in <listcomp>
    returns = [episode(env, agent, i) for i in range(training_episodes)]
  File "main.py", line 30, in episode
    next_state, reward, done, _ = env.step(action.numpy()[0])
  File "/home/j/jensenj/.local/lib/python3.6/site-packages/gym_unity/envs/__init__.py", line 177, in step
    self._env.step()
  File "/home/j/jensenj/.local/lib/python3.6/site-packages/mlagents_envs/timers.py", line 305, in wrapped
    return func(*args, **kwargs)
  File "/home/j/jensenj/.local/lib/python3.6/site-packages/mlagents_envs/environment.py", line 319, in step
    self._update_state(rl_output)
  File "/home/j/jensenj/.local/lib/python3.6/site-packages/mlagents_envs/environment.py", line 275, in _update_state
    agent_info_list, self._env_specs[brain_name]
  File "/home/j/jensenj/.local/lib/python3.6/site-packages/mlagents_envs/timers.py", line 305, in wrapped
    return func(*args, **kwargs)
  File "/home/j/jensenj/.local/lib/python3.6/site-packages/mlagents_envs/rpc_utils.py", line 188, in steps_from_proto
    obs_index, obs_shape, decision_agent_info_list
  File "/home/j/jensenj/.local/lib/python3.6/site-packages/mlagents_envs/timers.py", line 305, in wrapped
    return func(*args, **kwargs)
  File "/home/j/jensenj/.local/lib/python3.6/site-packages/mlagents_envs/rpc_utils.py", line 152, in _process_vector_observation
    _raise_on_nan_and_inf(np_obs, "observations")
  File "/home/j/jensenj/.local/lib/python3.6/site-packages/mlagents_envs/rpc_utils.py", line 130, in _raise_on_nan_and_inf
    raise RuntimeError(f"The {source} provided had NaN values.")
RuntimeError: The observations provided had NaN values.
2020-06-25 12:14:39 INFO [environment.py:418] Environment shut down with return code 0.
