slurmstepd-gaissa: error: Unable to create TMPDIR [/tmp/user/30108]: Permission denied
slurmstepd-gaissa: error: Setting TMPDIR to /tmp
Found path: /home/j/jensenj/PycharmProjects/Federer-Jr./src/../crawler_single/linux/dynamic_server/crawler_dynamic.x86_64
Mono path[0] = '/home/j/jensenj/PycharmProjects/Federer-Jr./src/../crawler_single/linux/dynamic_server/crawler_dynamic_Data/Managed'
Mono config path = '/home/j/jensenj/PycharmProjects/Federer-Jr./src/../crawler_single/linux/dynamic_server/crawler_dynamic_Data/MonoBleedingEdge/etc'
Preloaded 'lib_burst_generated.so'
Preloaded 'libgrpc_csharp_ext.x64.so'
Initialize engine version: 2019.3.15f1 (59ff3e03856d)
[Subsystems] Discovering subsystems at path /home/j/jensenj/PycharmProjects/Federer-Jr./src/../crawler_single/linux/dynamic_server/crawler_dynamic_Data/UnitySubsystems
Forcing GfxDevice: Null
GfxDevice: creating device client; threaded=0
NullGfxDevice:
    Version:  NULL 1.0 [1.0]
    Renderer: Null Device
    Vendor:   Unity Technologies
Begin MonoManager ReloadAssembly
- Completed reload, in  0.124 seconds
WARNING: Shader Unsupported: 'Autodesk Interactive' - All passes removed
WARNING: Shader Did you use #pragma only_renderers and omit this platform?
UnloadTime: 0.439900 ms
Fallback handler could not load library /home/j/jensenj/PycharmProjects/Federer-Jr./src/../crawler_single/linux/dynamic_server/crawler_dynamic_Data/Mono/libcoreclr.so
Fallback handler could not load library /home/j/jensenj/PycharmProjects/Federer-Jr./src/../crawler_single/linux/dynamic_server/crawler_dynamic_Data/Mono/libcoreclr.so
Fallback handler could not load library /home/j/jensenj/PycharmProjects/Federer-Jr./src/../crawler_single/linux/dynamic_server/crawler_dynamic_Data/Mono/libcoreclr.so
Fallback handler could not load library /home/j/jensenj/PycharmProjects/Federer-Jr./src/../crawler_single/linux/dynamic_server/crawler_dynamic_Data/Mono/libSystem.dylib
Fallback handler could not load library /home/j/jensenj/PycharmProjects/Federer-Jr./src/../crawler_single/linux/dynamic_server/crawler_dynamic_Data/Mono/libSystem.dylib.so
Fallback handler could not load library /home/j/jensenj/PycharmProjects/Federer-Jr./src/../crawler_single/linux/dynamic_server/crawler_dynamic_Data/Mono/libSystem.dylib
Fallback handler could not load library /home/j/jensenj/PycharmProjects/Federer-Jr./src/../crawler_single/linux/dynamic_server/crawler_dynamic_Data/Mono/libcoreclr.so
Fallback handler could not load library /home/j/jensenj/PycharmProjects/Federer-Jr./src/../crawler_single/linux/dynamic_server/crawler_dynamic_Data/Mono/libcoreclr.so
Fallback handler could not load library /home/j/jensenj/PycharmProjects/Federer-Jr./src/../crawler_single/linux/dynamic_server/crawler_dynamic_Data/Mono/libcoreclr.so
Fallback handler could not load library /home/j/jensenj/PycharmProjects/Federer-Jr./src/../crawler_single/linux/dynamic_server/crawler_dynamic_Data/Mono/libSystem.dylib
Fallback handler could not load library /home/j/jensenj/PycharmProjects/Federer-Jr./src/../crawler_single/linux/dynamic_server/crawler_dynamic_Data/Mono/libSystem.dylib.so
Fallback handler could not load library /home/j/jensenj/PycharmProjects/Federer-Jr./src/../crawler_single/linux/dynamic_server/crawler_dynamic_Data/Mono/libSystem.dylib
/home/j/jensenj/.local/lib/python3.6/site-packages/tensorboard/compat/tensorflow_stub/dtypes.py:541: FutureWarning: Passing (type, 1) or '1type' as a synonym of type is deprecated; in a future version of numpy, it will be understood as (type, (1,)) / '(1,)type'.
  _np_qint8 = np.dtype([("qint8", np.int8, 1)])
/home/j/jensenj/.local/lib/python3.6/site-packages/tensorboard/compat/tensorflow_stub/dtypes.py:542: FutureWarning: Passing (type, 1) or '1type' as a synonym of type is deprecated; in a future version of numpy, it will be understood as (type, (1,)) / '(1,)type'.
  _np_quint8 = np.dtype([("quint8", np.uint8, 1)])
/home/j/jensenj/.local/lib/python3.6/site-packages/tensorboard/compat/tensorflow_stub/dtypes.py:543: FutureWarning: Passing (type, 1) or '1type' as a synonym of type is deprecated; in a future version of numpy, it will be understood as (type, (1,)) / '(1,)type'.
  _np_qint16 = np.dtype([("qint16", np.int16, 1)])
/home/j/jensenj/.local/lib/python3.6/site-packages/tensorboard/compat/tensorflow_stub/dtypes.py:544: FutureWarning: Passing (type, 1) or '1type' as a synonym of type is deprecated; in a future version of numpy, it will be understood as (type, (1,)) / '(1,)type'.
  _np_quint16 = np.dtype([("quint16", np.uint16, 1)])
/home/j/jensenj/.local/lib/python3.6/site-packages/tensorboard/compat/tensorflow_stub/dtypes.py:545: FutureWarning: Passing (type, 1) or '1type' as a synonym of type is deprecated; in a future version of numpy, it will be understood as (type, (1,)) / '(1,)type'.
  _np_qint32 = np.dtype([("qint32", np.int32, 1)])
/home/j/jensenj/.local/lib/python3.6/site-packages/tensorboard/compat/tensorflow_stub/dtypes.py:550: FutureWarning: Passing (type, 1) or '1type' as a synonym of type is deprecated; in a future version of numpy, it will be understood as (type, (1,)) / '(1,)type'.
  np_resource = np.dtype([("resource", np.ubyte, 1)])
2020-06-25 12:40:21 INFO [environment.py:108] Connected to Unity environment with package version 1.0.2 and communication version 1.0.0
2020-06-25 12:40:21 INFO [environment.py:265] Connected new brain:
CrawlerDynamic?team=0
2020-06-25 12:40:21 WARNING [__init__.py:92] The environment contains multiple observations. You must define allow_multiple_obs=True to receive them all. Otherwise, only the first visual observation (or vector observation ifthere are no visual observations) will be provided in the observation.
update_time_steps: 10240 , ppo_epochs: 16 , beta:  0.1 , gamma 0.99
0 : 3.247930232435465
1 : -3.22002941952087
2 : -0.7262922134250402
3 : -2.233785989228636
4 : 0.9867525552399457
5 : -3.544746079016477
6 : -1.593118591234088
7 : -3.4451763536781073
8 : 0.5466519710607827
9 : -12.860886910464615
10 : 0.6594368810765445
11 : -1.2252936279401183
12 : -1.9648205353878438
13 : -1.3336877534165978
14 : -1.4039810746908188
15 : -5.604681349825114
16 : -1.3074073772877455
17 : -1.2956659384071827
18 : -6.927281636511907
19 : -2.6258475054055452
20 : 2.2895713669713587
21 : -0.3904646043665707
22 : 1.4092319482006133
23 : 0.3526528999209404
24 : -1.499067671597004
25 : -1.873822934459895
26 : 6.206585839856416
27 : -2.6860703374259174
28 : 4.829471189063042
29 : -7.938494423404336
30 : -4.905228099785745
31 : -1.279361637600232
32 : -1.1471153441816568
33 : -10.434261156246066
34 : -1.3572061583399773
35 : -1.446633762679994
36 : -1.4961192896589637
37 : 2.391284449957311
38 : -1.3059178926050663
39 : -4.675863832700998
40 : 0.35020787455141544
41 : 2.82024762686342
42 : 8.657059893012047
43 : -2.809123048558831
44 : -13.519836651161313
45 : -0.9272611900232732
46 : -1.736299343407154
47 : -0.4110925351269543
48 : -1.317057930980809
49 : -0.18720345944166183
50 : -12.808634094893932
51 : -12.457302744034678
52 : -4.250931465998292
53 : -2.205183696001768
54 : -4.199737058021128
55 : -1.1653265724889934
56 : 4.203707495005801
57 : 0.8224958423525095
58 : -1.0447302614338696
59 : -7.393254341557622
60 : -1.606215676292777
61 : -1.2138603064231575
62 : -2.251526760868728
63 : 0.43044256046414375
64 : -1.3632159223780036
65 : -2.008846666663885
66 : 8.545848627574742
67 : -1.6918562806677073
68 : -0.647206739988178
69 : -3.6680606259033084
70 : -0.21510973013937473
71 : -1.9589403867721558
72 : -7.559228398837149
73 : -1.644828287884593
74 : -0.8704232098534703
75 : -3.618740596808493
76 : 2.0426293071359396
77 : -2.652931383345276
78 : -0.5536501300521195
79 : -1.7646282371133566
80 : -1.461303887423128
81 : -1.8129195546498522
82 : -0.6320150746032596
83 : 0.08137378440005705
84 : -3.062285243999213
85 : -1.043150112964213
86 : -1.2272870861925185
87 : 3.1726655466482043
88 : 1.5008939420804381
89 : -4.5550051629543304
90 : -6.3823250299319625
91 : -3.79219701141119
92 : 5.71051764045842
93 : -1.8444694625213742
94 : -1.58877107873559
95 : -2.4771386568900198
96 : 4.442703879438341
97 : -2.4630847861990333
98 : -1.8719378560781479
99 : -5.03472812473774
100 : -1.0196837997063994
101 : -8.616457391995937
102 : -0.9401973658241332
103 : 3.275777551345527
104 : -0.07490088837221265
105 : -0.9258397975936532
106 : -2.095179288648069
107 : -3.3859944322612137
108 : -2.3980592787265778
109 : -1.395758300088346
110 : -1.401268339715898
111 : -1.6863959366455674
112 : -3.24768072552979
113 : 0.7345796935260296
114 : 0.7674053059890866
115 : -2.428763158619404
116 : -2.6301035503856838
117 : -16.24507648218423
118 : -2.2309557795524597
119 : -1.3242165581323206
120 : 1.2276525907218456
121 : 6.281604386866093
122 : 1.1837174952961504
123 : -7.434238068759441
124 : 8.03537791641429
125 : -0.8933569621294737
126 : -1.4725743769668043
127 : -1.7168241702020168
128 : 0.7487988360226154
129 : -2.3459528968669474
130 : -0.6266938913613558
131 : -1.2132914490066469
132 : 2.5330655202269554
133 : -1.2316832933574915
134 : -1.439439790789038
135 : -2.9857131242752075
136 : -7.40272811090108
137 : -1.1037339023314416
138 : -0.11654874426312745
139 : 0.1508674011565745
140 : -1.7316404893063009
141 : -1.5855194553732872
142 : -8.143480407306924
143 : -4.0921293292194605
144 : -1.7857734700664878
145 : -1.8605385273694992
146 : -2.4518382316455245
147 : 2.0963563583791256
148 : -1.101391326636076
149 : -0.5024281416554004
150 : 0.32373111229389906
151 : -0.3442960324464366
152 : -2.0921617187559605
153 : -3.2891616653651
154 : -1.5687233749777079
155 : -1.8148487880825996
156 : -2.3545417389832437
157 : -1.5665499791502953
158 : 1.7392403983976692
159 : 2.9995237421244383
160 : -6.978662479901686
161 : -1.0230261287651956
162 : 0.7087852130644023
163 : 0.6562551446259022
164 : -14.325162299443036
165 : -1.321427452377975
166 : -1.5270139509811997
167 : -2.6451565597672015
168 : -0.267734126013238
169 : 4.584156192839146
170 : -0.9382934169843793
171 : 8.189376378431916
172 : -2.729313073679805
173 : -2.895018634852022
174 : -0.49384837318211794
175 : -2.0317484834231436
176 : -1.7055188296362758
177 : 0.5430519292131066
178 : -2.154087046161294
179 : -0.6269935322925448
180 : -1.148903840687126
181 : 1.7036244543269277
182 : -1.1178633994422853
183 : 1.2998751658014953
184 : -1.7036710064858198
185 : 0.14819233678281307
186 : 0.07882505841553211
187 : -1.6634631231427193
188 : -0.9879224989563227
189 : 7.070108640007675
190 : -0.9157569576054811
191 : 5.413987850304693
192 : -1.5447064926847816
193 : -0.39184432150796056
194 : -4.112025080539752
195 : -1.0673905424773693
196 : 0.3451237166300416
197 : -2.4599603549577296
198 : -1.0744825513102114
199 : -1.3533721379935741
200 : -3.066021056729369
201 : -2.5219466388225555
202 : -1.3064323738217354
203 : -2.384163654409349
204 : -1.3004438430070877
205 : -5.0198681289330125
206 : -8.689335555536672
207 : -1.1366140972822905
208 : 3.332799901254475
209 : -1.191678814124316
210 : 16.52487202640623
211 : -0.9439658550545573
212 : -2.866723259910941
213 : -0.928573464974761
214 : -2.968231859849766
215 : -2.193088198080659
216 : -0.09291075402870774
217 : -0.9596075844019651
218 : -2.086041435599327
219 : -1.0651836534962058
220 : -0.755602614954114
221 : -2.3681423608213663
222 : -1.3012149641290307
223 : -1.101869536563754
224 : -1.3780517056584358
225 : -1.5992375146597624
226 : -14.251268431544304
227 : -1.5840673153288662
228 : -5.446602884680033
229 : -0.9028423316776752
230 : 3.278063198318705
231 : -4.363923681899905
232 : -1.1201716931536794
233 : -1.2122483728453517
234 : -4.879288841038942
235 : -1.0814827042631805
236 : -1.3260687738656998
237 : -1.549992392770946
238 : -0.5922766895964742
239 : -2.115628719329834
240 : -2.1985368244349957
241 : -5.664178671780974
242 : -1.0725189130753279
243 : -4.076510949991643
244 : -0.7758801102172583
245 : -3.4742458257824183
246 : -3.788077723234892
247 : -0.9893199992366135
248 : -10.176702399738133
249 : 2.654655947815627
250 : -4.428969217464328
251 : -0.8136046067811549
252 : 0.587101124227047
253 : -1.4020914360880852
254 : -1.1476307958364487
255 : -3.8050969240721315
256 : -5.252656936645508
257 : -0.7994828931987286
258 : 1.984463272150606
259 : -0.04532790929079056
260 : -1.48754314891994
261 : -2.2015691567212343
262 : -0.4947567004710436
263 : -1.5355710349977016
264 : -3.2414836673997343
265 : 1.1315865241922438
266 : -3.1574084609746933
267 : -0.909723412245512
268 : -0.9045486263930798
269 : -1.4370476119220257
270 : -1.4601349420845509
271 : 1.8291186718270183
272 : 5.295736467465758
273 : -2.9766428475268185
274 : -1.149701090529561
275 : 0.9577859020791948
276 : -3.270802803337574
277 : -2.028710432816297
278 : -0.6209135064855218
279 : 2.649312379071489
280 : -1.1806981703266501
281 : -2.6737341918051243
282 : -2.1022612913511693
283 : 1.9637430189177394
284 : -1.3718144372105598
285 : 6.203505933750421
286 : -1.0981625928543508
287 : -4.684461722150445
288 : 8.807128108106554
289 : 2.936758781201206
290 : -1.5654675625264645
291 : -3.2989987023174763
292 : 8.900997623801231
293 : -0.8334064772352576
294 : -4.349660268519074
295 : -0.960743865929544
296 : 5.434814625885338
297 : -3.0846670465543866
298 : -2.0267489780671895
299 : -0.2566260970197618
!!! updated
300 : -1.6278908960521221
301 : -1.187318429350853
302 : -1.798840507864952
303 : -0.6711902311071754
304 : -2.537933737039566
305 : -0.7587694078683853
306 : -0.572300679050386
307 : -1.643144179135561
308 : -1.0439689382910728
309 : -1.097818081267178
310 : -0.32848591543734074
311 : -1.3654639096930623
312 : -1.0989090474322438
313 : 2.6052336399443448
314 : -2.2139763310551643
315 : -2.19696824462153
316 : -1.610834551975131
317 : -0.5729371756315231
318 : -2.002736830152571
319 : -0.7277056891471148
320 : -1.0102758649736643
321 : -1.5591887403279543
322 : -1.9101536190137267
323 : -1.3646074943244457
324 : -1.7097229063510895
325 : -2.880588843487203
326 : -0.753452381119132
327 : -1.5263101821765304
328 : -0.9938221629709005
329 : -1.378937628120184
330 : -1.3616757383570075
331 : -1.9388825669884682
332 : -1.6349207814782858
333 : -0.652284866431728
334 : -1.1516720643267035
335 : -0.7107646847143769
336 : -1.771852184087038
337 : -0.9483237811364233
338 : -0.79279013723135
339 : -1.4115367606282234
340 : -1.176663326099515
341 : -1.1509226062335074
342 : -1.1246761232614517
343 : -1.3650572262704372
344 : -1.977400234900415
345 : -1.4699893817305565
346 : -11.60421839915216
347 : 4.345522910356522
348 : -1.231733930297196
349 : -1.274917408823967
350 : -1.931863084435463
351 : -1.3174641407094896
352 : -1.5348194483667612
353 : -0.7806875463575125
354 : -1.9313417226076126
355 : -1.1010170374065638
356 : -1.6375980759039521
357 : -0.9568393779918551
358 : -1.4085828657262027
359 : 0.035239136312156916
360 : -1.3658158336766064
361 : -1.6775824762880802
362 : -3.032932788133621
363 : -1.2863860428333282
364 : -1.4939517956227064
365 : -1.646160263568163
366 : -0.9115479039028287
367 : -1.0351201090961695
368 : -1.5889059999026358
369 : -0.870394675526768
370 : -1.8162588719278574
371 : -0.8836596561595798
372 : -8.254457560367882
373 : -1.0212749168276787
374 : -0.5990864038467407
375 : -1.2619781587272882
376 : -0.5938739394769073
377 : -0.5983318472281098
378 : -1.290235897526145
379 : -1.096352158114314
380 : -1.8177283238619566
381 : -1.6771730091422796
382 : 0.0165365650318563
383 : -1.4787518195807934
384 : -1.542832896579057
385 : -2.1758243702352047
386 : -0.7985037928447127
387 : -1.120209842454642
388 : -0.9011854808777571
389 : -0.5751900086179376
390 : -1.105994995799847
391 : -2.1674077287316322
392 : -1.530135964974761
393 : -1.6701696561649442
394 : -0.7439501732587814
395 : -6.195198511239141
396 : -1.6327544301748276
397 : -1.3111358806490898
398 : -2.1294340868480504
399 : -0.9486069725826383
400 : -0.8457115981727839
401 : -1.3413163190707564
402 : -1.4528952753171325
403 : -1.2880668062716722
404 : -0.6734039569273591
405 : -0.7385764149948955
406 : -1.0734947007149458
407 : -1.3509069234132767
408 : -1.3702116487547755
409 : -1.3064956208691
410 : -2.8919939412735403
411 : -1.5608682008460164
412 : 4.483256170526147
413 : -0.31914767622947693
414 : -1.0564055796712637
415 : -1.4618675112724304
416 : -1.2444071602076292
417 : -5.547588747460395
418 : -1.1839172877371311
419 : -0.8041995654348284
420 : -1.4623896330595016
421 : -0.4308070372790098
422 : -1.7213628888130188
423 : -1.7929525822401047
424 : -0.6795256920158863
425 : -1.0729591525159776
426 : -1.2482075770385563
427 : -0.8181796371936798
428 : -0.7485473286360502
429 : -1.581213977187872
430 : -1.4725863505154848
431 : -1.6196221709251404
432 : -1.391238821670413
433 : -0.06759663438424468
434 : -2.8239632211625576
435 : 3.517356858588755
436 : -0.8282238142564893
437 : -1.0502155306749046
438 : -1.0659789154306054
439 : -4.45925525482744
440 : -1.6920803114771843
441 : -1.4860920878127217
442 : -1.3356315083801746
443 : -1.3510270323604345
444 : -2.0728466622531414
445 : -0.8055536956526339
446 : -0.5276641435921192
447 : -1.1397737246006727
448 : -1.5037362277507782
449 : -1.0549853083211929
450 : -1.7806800552643836
451 : -1.8055005297064781
452 : -1.6539889425039291
453 : -0.8981088884174824
454 : -1.861682966351509
455 : -1.0892016291618347
456 : -1.6426099874079227
457 : -1.5501842675730586
458 : -0.9726475700736046
459 : -1.5521611734293401
460 : -1.4264501295983791
461 : -0.7569963828427717
462 : -0.849603146314621
463 : -1.5269633010029793
464 : -1.6176020037382841
465 : -0.8265783991664648
466 : 0.9228159002959728
467 : -0.8668068507686257
468 : -1.5841806158423424
469 : -1.8744274079799652
470 : -0.9537725627887994
471 : -1.350032820366323
472 : -1.8822713494300842
473 : -1.3071735103148967
474 : -1.4375911010429263
475 : -1.7716806903481483
476 : -0.9628215265111066
477 : -1.519372945651412
478 : -0.3597321603447199
479 : -2.8994607776403427
480 : 1.0609594178386033
481 : -1.2273015649989247
482 : -1.793542274273932
483 : -1.7916690334677696
484 : -1.932033290155232
485 : -1.5025799367576838
486 : -1.28841292578727
487 : -0.47506385669112206
488 : -1.6752403415739536
489 : -1.552495051175356
490 : -0.9987867004238069
491 : -1.2585745491087437
492 : -1.6661623604595661
493 : -3.275955744087696
494 : 3.3003622256219387
495 : -1.5683840718120337
496 : -1.5813063345849514
497 : -2.5057972483336926
498 : -1.0279694255441427
499 : -1.8298821821808815
500 : -1.474862159229815
501 : -1.1422230396419764
502 : -1.4866097997874022
503 : -1.2895284024998546
504 : -1.1548056635074317
505 : -1.2610414559021592
506 : -1.4127067979425192
507 : -1.8298180121928453
508 : -1.05450261477381
509 : -1.5550814047455788
510 : -1.5389174968004227
511 : -0.8409119928255677
512 : -0.8921768432483077
513 : -1.3865183964371681
514 : -0.9740693978965282
515 : -0.8599819908849895
516 : -0.8713793642818928
517 : -0.8194888848811388
518 : -0.33746191393584013
519 : -0.7776677515357733
520 : -1.330892512574792
521 : -0.9183693551458418
522 : -0.7024938492104411
523 : -0.8068093587644398
524 : -1.1834863997646607
525 : -1.227086927741766
526 : -0.7446272913366556
527 : -1.3488328494131565
528 : -0.7524927612394094
529 : -1.0277566635340918
530 : -0.800189302302897
531 : -1.1152210608124733
532 : -1.5457939188927412
533 : -1.482598502188921
534 : -1.166653105057776
535 : -1.6208734204992652
536 : -1.169942599721253
537 : -0.8130021849647164
538 : -1.246818967629224
539 : -1.527975670993328
540 : -1.7524016201496124
541 : -1.2374326586723328
542 : -1.1343220807611942
543 : -1.119583573192358
544 : -1.2130633480846882
545 : -1.2989208837971091
546 : -1.3522516060620546
547 : -1.7010385263711214
548 : -0.9523053430020809
549 : -1.2263603806495667
550 : -0.9807685008272529
551 : -0.9764621793292463
552 : -1.2214772021397948
553 : -1.036281144246459
554 : -1.1254806788638234
555 : -1.051933472044766
556 : -4.488872826099396
557 : -2.0528751015663147
558 : -0.9309766199439764
559 : -1.687127761542797
560 : -1.101534833200276
561 : -2.748223450034857
562 : -1.467626579105854
563 : -1.4758372399955988
564 : -1.4038171470165253
565 : -1.2453993801027536
566 : -1.6014885865151882
567 : -1.077845242805779
568 : -1.4764941968023777
569 : -1.6037865094840527
570 : -1.5217063799500465
571 : -0.6382819516584277
572 : -1.2739317510277033
573 : -1.2407290837727487
574 : -1.4572387086227536
575 : -1.0807375460863113
576 : -1.4198680222034454
577 : -0.8949637692421675
578 : -1.1634952146559954
579 : -0.47065519355237484
580 : -1.3906662818044424
581 : -1.5351318465545774
582 : -3.679677067324519
583 : -1.3061249512247741
584 : -1.3847040720283985
585 : -1.0505258729681373
586 : -1.134364646859467
587 : -0.3511117184534669
588 : -1.7414033520035446
589 : -1.1601986894384027
590 : -0.5440433993935585
591 : -1.7475930601358414
592 : -1.5431033335626125
593 : 0.12372348830103874
594 : -0.8563608471304178
595 : -0.9000239558517933
596 : -1.533063780516386
597 : -0.787984736263752
598 : -1.636981911957264
599 : -1.4202070739120245
600 : -1.5274079535156488
601 : -1.7567668184638023
602 : -1.5000084340572357
603 : -2.5634946236386895
604 : -1.4020068310201168
605 : -0.6710302382707596
606 : -0.8463105019181967
607 : -1.0391709189862013
608 : -1.2032097112387419
609 : -0.40841903910040855
610 : -1.2620365638285875
611 : -0.4104921678081155
612 : -0.9354338678531349
613 : -1.4126517929835245
614 : -1.805987499654293
615 : -1.5664487220346928
616 : -0.7262827260419726
617 : 0.683811366558075
618 : 0.21357676573097706
619 : -1.6204833649098873
620 : -0.9278499546926469
621 : -1.4051321260631084
622 : -1.6829268522560596
623 : -1.0821214262396097
624 : -0.8109728349372745
625 : 0.488515404984355
626 : -1.7258785367012024
627 : -1.0885151447728276
628 : -1.5040895566344261
629 : -1.3665206141304225
630 : -1.5460189441218972
631 : -1.7735113240778446
632 : -0.880768608301878
633 : -1.4219836741685867
634 : -1.1765704965218902
635 : -1.4329822584986687
636 : -1.1496946334373206
637 : -1.0495695136487484
638 : -1.3803178071975708
639 : -1.8364718295633793
640 : -1.4640182927250862
641 : -1.2837032622192055
/home/j/jensenj/.local/lib/python3.6/site-packages/gym/logger.py:30: UserWarning: [33mWARN: Box bound precision lowered by casting to float32[0m
  warnings.warn(colorize('%s: %s'%('WARN', msg % args), 'yellow'))
642 : -1.4818885819986463
643 : -1.3703869264572859
644 : -1.201433292357251
645 : -2.1627142131328583
646 : -0.787098394241184
647 : -0.8137586731463671
648 : -1.3611746025271714
649 : -1.781921148300171
650 : -1.1123832038138062
651 : -0.9538524094969034
652 : -1.685001851990819
653 : -1.7490041702985764
654 : -0.923111766576767
655 : -1.4322255328297615
656 : -2.593168843537569
657 : -1.5470905937254429
658 : -0.1611808785237372
659 : -0.5467579513788223
660 : 1.4620747421868145
661 : -1.9429024048149586
662 : -1.6786924749612808
663 : -1.2295254194177687
664 : -0.9959970563650131
665 : -1.3152297884225845
666 : -1.2389456816017628
667 : -1.4923922531306744
668 : -0.9922295678406954
669 : -0.5501870191656053
670 : -1.5368707105517387
671 : -1.896750632673502
672 : -1.2877766350284219
673 : -0.8253478389233351
674 : -1.4638851657509804
675 : -0.8417493151500821
676 : -1.4423678619787097
677 : -1.609203384257853
678 : -0.7622636295855045
679 : -1.2058566599152982
680 : -1.3197200819849968
681 : -0.8218885883688927
682 : -0.8928887844085693
683 : -1.1136371018365026
684 : -1.1615125220268965
685 : -1.8719006329774857
686 : -1.556585717946291
687 : -1.0479867337271571
688 : -1.66925279609859
689 : -1.2126248760032468
690 : -1.6134997215121984
691 : -1.4687658487819135
692 : -0.8024679478257895
693 : -1.583771139383316
694 : -0.5468397219665349
695 : -0.6754271876998246
696 : -6.25119212269783
697 : -1.8873132765293121
698 : -1.4492990504950285
699 : -1.4056535717099905
700 : -0.6819823775440454
701 : -0.9002723377197981
702 : 0.36343472776934505
703 : -0.7619999265298247
704 : -1.4928467143326998
705 : -0.8977562803775072
706 : -1.6717285476624966
707 : -1.5935810562223196
708 : -0.7971790656447411
709 : -1.2244294118136168
710 : -1.6406864412128925
711 : -1.3538429141044617
712 : -0.857797471806407
713 : -2.327253893017769
714 : -1.4396729208528996
715 : -1.5326736476272345
716 : -1.4869056139141321
717 : -4.662917954847217
718 : -0.6501575484871864
719 : 0.05548781994730234
720 : -1.2713048439472914
721 : -1.1808283757418394
722 : -0.42370396852493286
723 : -0.765454800799489
724 : -1.9182556420564651
725 : -0.9424574198201299
726 : -1.9143755733966827
727 : -0.1253734715282917
728 : -0.622580798342824
729 : -1.6569986827671528
730 : 2.793900214135647
731 : -1.0390464076772332
732 : -1.1105623692274094
733 : -1.8717899043112993
734 : -0.5286452304571867
735 : -1.2304821559228003
736 : -0.7549680396914482
737 : -1.2516847252845764
738 : 2.8335402831435204
739 : -1.4501316547393799
740 : -1.209853990469128
741 : -0.8027290096506476
742 : -0.5562016405165195
743 : -1.601528238505125
744 : -1.8142519742250443
745 : -1.4641172587871552
746 : -0.5944980634376407
747 : -1.3938263561576605
748 : 0.6051414161920547
749 : -1.3974326010793447
750 : -0.6075781593099236
751 : -1.5571430958807468
752 : 1.3462371625937521
753 : 1.822940540034324
754 : -1.1477527795359492
755 : -0.9503427855670452
756 : -0.9434397611767054
757 : -1.3672646838240325
758 : 3.493906753603369
759 : -0.8134956723079085
760 : -0.6782691664993763
761 : -1.514211980625987
762 : -1.5500504728406668
763 : -2.2655029594898224
764 : -0.9259214578196406
765 : -2.168774276971817
766 : -0.8179676253348589
767 : -1.622987538576126
768 : 0.1512475097551942
769 : -1.6670740745030344
770 : -1.3612506687641144
771 : -0.5858276188373566
772 : -1.435827267356217
773 : -0.5674895700067282
774 : -1.4605244658887386
775 : -0.7059839237481356
776 : -1.551973856985569
777 : -1.3170968852937222
778 : -1.5760758519172668
779 : -1.6738538276404142
780 : -2.013767998665571
781 : -1.2710131932981312
782 : -1.3835868979804218
783 : 0.6121094953268766
784 : -0.9508082526735961
785 : -3.4605021253228188
786 : -0.971044197678566
787 : -1.4927328862249851
788 : -1.1794550325721502
789 : -1.9251587875187397
790 : -0.842436651699245
791 : -1.2893863171339035
792 : -0.8782339487224817
793 : -2.842317351605743
794 : -0.08989876508712769
795 : -0.8190746423788369
796 : -1.4070746582001448
797 : -1.7471044696867466
798 : -1.1407394269481301
799 : -1.2082637147977948
800 : -1.5365826897323132
801 : -1.5082092210650444
802 : -1.158580707386136
803 : -1.0814995504915714
804 : 2.48584209010005
805 : -2.115955412387848
806 : -0.8516563666053116
807 : -1.6947478540241718
808 : -1.1706998297013342
809 : -1.4456175193190575
810 : -1.5945114810019732
811 : -1.4254887644201517
812 : -0.2915097214281559
813 : -1.4868108117952943
814 : -0.7657336443662643
815 : -0.9007223132066429
816 : -1.221737276762724
817 : -1.1529724672436714
818 : -0.7903715278953314
819 : -1.2462958581745625
820 : -0.9972215811721981
821 : -0.6091002728790045
822 : -1.79167839884758
823 : -1.7702935417182744
824 : -0.7431747894734144
825 : -0.9118055095896125
826 : -0.7211051499471068
827 : -0.8931871228851378
828 : -1.5174211924895644
829 : -2.082690106704831
830 : -0.8234444707632065
831 : -1.1963914185762405
832 : -0.79319076705724
833 : -1.2917585894465446
834 : -1.5385178215801716
835 : -0.7765188552439213
836 : -1.1434575226157904
837 : -0.31962161138653755
838 : -1.1052331505343318
839 : -1.64864831417799
840 : -1.67203420214355
841 : -0.9101704014465213
842 : -0.13844108022749424
843 : -1.3507492893841118
844 : -0.8834989108145237
845 : -1.189889525063336
846 : -1.4352879407815635
847 : -9.325284071266651
848 : -1.937309943139553
849 : -0.8344611888751388
850 : -1.9198729246854782
851 : -0.3465249761939049
852 : -1.2660204786807299
853 : -1.1677894098684192
854 : -1.6114544812589884
855 : -0.35442972742021084
856 : -1.1099485226441175
857 : -1.2613190724514425
858 : -1.7011528685688972
859 : -1.7293605064041913
860 : -1.0228982381522655
861 : -0.9292500172741711
862 : -1.7897116988897324
863 : -1.640174636617303
864 : -1.4601021856069565
865 : -0.5754188308492303
866 : -1.2450353462481871
867 : -1.5648775985464454
868 : -1.0915446122526191
869 : -0.6310616303235292
870 : -2.209879245609045
871 : -1.6865504458546638
872 : -0.820707936771214
873 : -1.5468602925539017
874 : -1.6142226085066795
875 : -0.907140321098268
876 : -1.2493488329928368
877 : -0.8001344166696072
878 : -1.093568799085915
879 : -0.7988471519201994
880 : -4.109013012144715
881 : 0.6552481614053249
882 : -0.9293974339962006
883 : -0.971586431376636
884 : -0.5096710915677249
885 : -0.737969946116209
886 : -1.1720728781074286
887 : -0.8699169643223286
888 : -1.0185702983289957
889 : -1.201906181871891
890 : -0.6623024577274919
891 : -0.8745165280997753
892 : -0.9684567619115114
893 : -1.0360939335078
894 : -1.2900682482868433
895 : -1.1504059666767716
896 : -1.6114261243492365
897 : -1.0035976320505142
898 : -0.9439931074157357
899 : -1.7286361008882523
900 : -1.6278324564918876
901 : -0.8802630435675383
902 : -1.8434242345392704
903 : -0.8695835806429386
904 : -3.0658204928040504
905 : -1.5101196579635143
906 : -1.7371830744668841
907 : -0.9173276668880135
908 : -1.1775535847991705
909 : -1.046316027175635
910 : -0.7626956254243851
911 : -4.239649558439851
912 : -1.284395746421069
913 : -0.8959989957511425
914 : -0.6150622181594372
915 : -1.7489132303744555
916 : -1.0036361971870065
917 : -0.9649640275165439
918 : -0.7528166566044092
919 : -1.7194824293255806
920 : -1.6833988279104233
921 : -1.235159218776971
922 : -0.9008745294995606
923 : -2.2291525080800056
924 : -1.1776572093367577
925 : 0.21399588766507804
926 : -1.000484704039991
927 : -0.8400290440768003
928 : -1.11592190945521
929 : -1.349683596752584
930 : -2.0550154969096184
931 : 0.928517421707511
932 : -1.6053289007395506
933 : -1.5637313909828663
934 : -1.037818880751729
935 : -0.9079879950731993
936 : -1.2345046130940318
937 : -0.9624041216447949
938 : -1.5286245066672564
939 : -1.4411853980273008
940 : -1.460964644793421
941 : -0.6017371704801917
942 : -1.1434907135553658
943 : -1.5199255496263504
944 : 1.910498397424817
945 : -8.539484720677137
946 : -0.8732676962390542
947 : -1.4795531793497503
948 : -0.7661900823004544
949 : -0.21966528659686446
950 : -1.0940820053219795
951 : -1.8302654325962067
952 : -1.9519174471497536
953 : -1.0795373265864328
954 : -1.5686340294778347
955 : -1.0328130431007594
956 : -1.8141722604632378
957 : -1.4806002713739872
958 : -0.8884114865213633
959 : -0.6642116522416472
960 : -1.2636859230697155
961 : -3.6314501222223043
962 : -1.0994758531451225
963 : -0.9408049774356186
964 : -0.7582869855687022
965 : -1.1622989848256111
966 : -1.6788348965346813
967 : -1.5945077072829008
968 : -1.2291583963669837
969 : -1.3588664392009377
970 : -0.9044474400579929
971 : -6.855738751590252
972 : -2.278818316757679
973 : -1.4214630462229252
974 : -0.8790483651682734
975 : -1.3219470381736755
976 : -1.5612671859562397
977 : -1.5331179611384869
978 : -0.8674606732092798
979 : -0.07827569916844368
980 : -1.0353918597102165
981 : -1.343850141391158
982 : -2.0685992538928986
983 : -1.4842053800821304
984 : -1.0691746603697538
985 : -0.7338494528084993
986 : -1.163073725067079
987 : 4.081867295783013
988 : -0.8871084190905094
989 : -1.930543877184391
990 : -1.19980803783983
991 : -1.1682134745642543
992 : -1.2774329531239346
993 : -1.772630974650383
994 : -1.9073891350999475
995 : -0.9097324684262276
996 : -0.568473837338388
997 : -0.9629514361731708
998 : -0.7423216234892607
999 : -1.558987706899643
Setting up 2 worker threads for Enlighten.
  Thread -> id: 7fa6c6ffd700 -> priority: 1 
  Thread -> id: 7fa6c67fc700 -> priority: 1 
2020-06-25 13:01:06 INFO [environment.py:418] Environment shut down with return code 0.
