slurmstepd-duernbach: error: Unable to create TMPDIR [/tmp/user/30108]: Permission denied
slurmstepd-duernbach: error: Setting TMPDIR to /tmp
Found path: /home/j/jensenj/PycharmProjects/Federer-Jr./src/../crawler_single/linux/dynamic_server/crawler_dynamic.x86_64
Mono path[0] = '/home/j/jensenj/PycharmProjects/Federer-Jr./src/../crawler_single/linux/dynamic_server/crawler_dynamic_Data/Managed'
Mono config path = '/home/j/jensenj/PycharmProjects/Federer-Jr./src/../crawler_single/linux/dynamic_server/crawler_dynamic_Data/MonoBleedingEdge/etc'
Preloaded 'lib_burst_generated.so'
Preloaded 'libgrpc_csharp_ext.x64.so'
Initialize engine version: 2019.3.15f1 (59ff3e03856d)
[Subsystems] Discovering subsystems at path /home/j/jensenj/PycharmProjects/Federer-Jr./src/../crawler_single/linux/dynamic_server/crawler_dynamic_Data/UnitySubsystems
Forcing GfxDevice: Null
GfxDevice: creating device client; threaded=0
NullGfxDevice:
    Version:  NULL 1.0 [1.0]
    Renderer: Null Device
    Vendor:   Unity Technologies
Begin MonoManager ReloadAssembly
- Completed reload, in  0.093 seconds
WARNING: Shader Unsupported: 'Autodesk Interactive' - All passes removed
WARNING: Shader Did you use #pragma only_renderers and omit this platform?
UnloadTime: 0.434724 ms
Fallback handler could not load library /home/j/jensenj/PycharmProjects/Federer-Jr./src/../crawler_single/linux/dynamic_server/crawler_dynamic_Data/Mono/libcoreclr.so
Fallback handler could not load library /home/j/jensenj/PycharmProjects/Federer-Jr./src/../crawler_single/linux/dynamic_server/crawler_dynamic_Data/Mono/libcoreclr.so
Fallback handler could not load library /home/j/jensenj/PycharmProjects/Federer-Jr./src/../crawler_single/linux/dynamic_server/crawler_dynamic_Data/Mono/libcoreclr.so
Fallback handler could not load library /home/j/jensenj/PycharmProjects/Federer-Jr./src/../crawler_single/linux/dynamic_server/crawler_dynamic_Data/Mono/libSystem.dylib
Fallback handler could not load library /home/j/jensenj/PycharmProjects/Federer-Jr./src/../crawler_single/linux/dynamic_server/crawler_dynamic_Data/Mono/libSystem.dylib.so
Fallback handler could not load library /home/j/jensenj/PycharmProjects/Federer-Jr./src/../crawler_single/linux/dynamic_server/crawler_dynamic_Data/Mono/libSystem.dylib
Fallback handler could not load library /home/j/jensenj/PycharmProjects/Federer-Jr./src/../crawler_single/linux/dynamic_server/crawler_dynamic_Data/Mono/libcoreclr.so
Fallback handler could not load library /home/j/jensenj/PycharmProjects/Federer-Jr./src/../crawler_single/linux/dynamic_server/crawler_dynamic_Data/Mono/libcoreclr.so
Fallback handler could not load library /home/j/jensenj/PycharmProjects/Federer-Jr./src/../crawler_single/linux/dynamic_server/crawler_dynamic_Data/Mono/libcoreclr.so
Fallback handler could not load library /home/j/jensenj/PycharmProjects/Federer-Jr./src/../crawler_single/linux/dynamic_server/crawler_dynamic_Data/Mono/libSystem.dylib
Fallback handler could not load library /home/j/jensenj/PycharmProjects/Federer-Jr./src/../crawler_single/linux/dynamic_server/crawler_dynamic_Data/Mono/libSystem.dylib.so
Fallback handler could not load library /home/j/jensenj/PycharmProjects/Federer-Jr./src/../crawler_single/linux/dynamic_server/crawler_dynamic_Data/Mono/libSystem.dylib
/home/j/jensenj/.local/lib/python3.6/site-packages/tensorboard/compat/tensorflow_stub/dtypes.py:541: FutureWarning: Passing (type, 1) or '1type' as a synonym of type is deprecated; in a future version of numpy, it will be understood as (type, (1,)) / '(1,)type'.
  _np_qint8 = np.dtype([("qint8", np.int8, 1)])
/home/j/jensenj/.local/lib/python3.6/site-packages/tensorboard/compat/tensorflow_stub/dtypes.py:542: FutureWarning: Passing (type, 1) or '1type' as a synonym of type is deprecated; in a future version of numpy, it will be understood as (type, (1,)) / '(1,)type'.
  _np_quint8 = np.dtype([("quint8", np.uint8, 1)])
/home/j/jensenj/.local/lib/python3.6/site-packages/tensorboard/compat/tensorflow_stub/dtypes.py:543: FutureWarning: Passing (type, 1) or '1type' as a synonym of type is deprecated; in a future version of numpy, it will be understood as (type, (1,)) / '(1,)type'.
  _np_qint16 = np.dtype([("qint16", np.int16, 1)])
/home/j/jensenj/.local/lib/python3.6/site-packages/tensorboard/compat/tensorflow_stub/dtypes.py:544: FutureWarning: Passing (type, 1) or '1type' as a synonym of type is deprecated; in a future version of numpy, it will be understood as (type, (1,)) / '(1,)type'.
  _np_quint16 = np.dtype([("quint16", np.uint16, 1)])
/home/j/jensenj/.local/lib/python3.6/site-packages/tensorboard/compat/tensorflow_stub/dtypes.py:545: FutureWarning: Passing (type, 1) or '1type' as a synonym of type is deprecated; in a future version of numpy, it will be understood as (type, (1,)) / '(1,)type'.
  _np_qint32 = np.dtype([("qint32", np.int32, 1)])
/home/j/jensenj/.local/lib/python3.6/site-packages/tensorboard/compat/tensorflow_stub/dtypes.py:550: FutureWarning: Passing (type, 1) or '1type' as a synonym of type is deprecated; in a future version of numpy, it will be understood as (type, (1,)) / '(1,)type'.
  np_resource = np.dtype([("resource", np.ubyte, 1)])
2020-06-25 12:14:51 INFO [environment.py:108] Connected to Unity environment with package version 1.0.2 and communication version 1.0.0
2020-06-25 12:14:51 INFO [environment.py:265] Connected new brain:
CrawlerDynamic?team=0
2020-06-25 12:14:51 WARNING [__init__.py:92] The environment contains multiple observations. You must define allow_multiple_obs=True to receive them all. Otherwise, only the first visual observation (or vector observation ifthere are no visual observations) will be provided in the observation.
update_time_steps: 8192 , ppo_epochs: 8 , beta:  0.001 , gamma 0.99
0 : -1.2519341548904777
1 : -1.342836712487042
2 : -0.23732654005289078
3 : 6.21449141157791
4 : -0.8974126689136028
5 : -0.7544630784541368
6 : -1.803399252705276
7 : -0.9208652060478926
8 : -1.3254239177331328
9 : -1.5296360859647393
10 : -1.747459726408124
11 : -1.4798336457461119
12 : 2.780903068371117
13 : -1.6000944003462791
14 : -0.7799341990612447
15 : -1.9106681942939758
16 : -1.587990440428257
17 : 0.675570075865835
18 : -1.060429978184402
19 : -1.2619760353118181
20 : -1.4352781106717885
21 : -0.8630555467680097
22 : -1.3211613576859236
23 : -1.3739602826535702
24 : -1.7399262934923172
25 : -0.7672552093863487
26 : -1.6113605350255966
27 : -1.0293646715581417
28 : -1.1409936733543873
29 : -1.0421637881081551
30 : -0.9667600244283676
31 : -1.227489319164306
32 : -1.2893217015080154
33 : -1.4163703061640263
34 : -1.993980534374714
35 : -1.0195837523788214
36 : -1.0313238594681025
37 : -0.5046752793714404
38 : -0.9804763179272413
39 : -1.4258455708622932
40 : -0.8659350383095443
41 : -0.6736025176942348
42 : -1.1562350392341614
43 : -0.09167420282028615
44 : -2.1864623725414276
45 : -0.8421964352019131
46 : -3.63794211903587
47 : -0.8365124091506004
48 : -0.7738486342132092
49 : -1.647937972098589
50 : -1.4498353153467178
51 : -2.1228726096451283
52 : -1.2236630748957396
53 : -1.4570105448365211
54 : -1.0241309609264135
55 : -1.3752894086646847
56 : -1.0191146982833743
57 : -1.3492967749480158
58 : -1.436155004426837
59 : -0.9405267555266619
60 : -1.272347068414092
61 : -1.0047107716090977
62 : -1.6738891238346696
63 : -1.652516521513462
64 : -1.6096495911478996
65 : -0.35179981542751193
66 : -0.8639863366261125
67 : -0.8123425953090191
68 : -1.4275545217096806
69 : -1.9351317882537842
70 : -1.1304162660380825
71 : -1.2276779003441334
72 : -1.2105936415027827
73 : -1.6205464322119951
74 : -0.7489894600585103
75 : -1.2392705101519823
76 : -1.7620077966712415
77 : -1.9115838333964348
78 : -0.7384925186634064
79 : -0.986191245727241
80 : -0.5830977596342564
81 : -1.9427548497915268
82 : -2.6225433442741632
83 : -0.8983897333964705
84 : -0.6705954782664776
85 : -1.8404814256355166
86 : -1.4049873389303684
87 : -1.2178601685445756
88 : -1.2348463563248515
89 : -1.7237215377390385
90 : -1.3438743855804205
91 : -3.6397920260205865
92 : -2.101559966802597
93 : -1.0307514127343893
94 : -1.3908140705898404
95 : -1.7249869965016842
96 : -1.4918403662741184
97 : -1.8464722707867622
98 : -3.0789031335152686
99 : -2.0627072788774967
100 : -1.0828943932428956
101 : -1.3773099854588509
102 : -1.3906986536458135
103 : -1.6746794604696333
104 : -0.3221132792532444
105 : -1.3872474562376738
106 : -1.1327763199806213
107 : -0.5965557638555765
108 : 0.7697629937902093
109 : -1.3299984484910965
110 : -0.5731875449419022
111 : -1.5518101714551449
112 : -1.6302509950473905
113 : -1.7794301360845566
114 : -1.349946143105626
115 : -1.7017054054886103
116 : -1.371938955038786
117 : -1.3854248728603125
118 : -1.761682995595038
119 : -1.4470889642834663
120 : -1.3896438628435135
121 : -0.694391917437315
122 : -1.7362299747765064
123 : -1.2735003647394478
124 : -1.8263081819750369
125 : -1.2590302352327853
126 : 0.31683141738176346
127 : -1.4862746335566044
128 : -1.9967737384140491
129 : -0.7762614469975233
130 : -1.4507280122488737
131 : -0.7177009242586792
132 : -2.121425613760948
133 : -2.6132575813680887
134 : -1.3926801988855004
135 : -0.9306142418645322
136 : -1.5297680590301752
137 : -1.1119485534727573
138 : -1.3548970487900078
139 : -0.8320341957733035
140 : 3.3086062418296933
141 : -1.769879560917616
142 : -1.423870027065277
143 : -1.1440050406381488
144 : -1.8704510130919516
145 : -1.2756775422021747
146 : -1.4401634559035301
147 : -1.6116994665935636
148 : -1.3659246005117893
149 : -1.7965832352638245
150 : -1.0799411678453907
151 : -0.9688459979370236
152 : -1.9141900858376175
153 : -1.3341551045887172
154 : -0.568391380365938
155 : -1.003673775587231
156 : -1.723699954804033
157 : -1.7818994335830212
158 : -1.3702935390174389
159 : -1.7019686423009261
160 : -0.766824385151267
161 : -1.4996421001851559
162 : -2.75163222104311
163 : -1.2312206272035837
164 : -1.0593992334906943
165 : -1.0143388863652945
166 : -1.5692838612012565
167 : -1.3144397726282477
168 : -2.1113646551966667
169 : -1.1780216729966924
170 : -1.2010260839015245
171 : -1.0472087094094604
172 : -1.399909956380725
173 : -0.8061513677239418
174 : -0.6045239642262459
175 : 0.2688681478612125
176 : -0.9992301515303552
177 : -2.5845253001898527
178 : -1.026098283007741
179 : -0.5215930305421352
180 : -0.9707572276238352
181 : -1.6775042503140867
182 : -0.4077598890289664
183 : -0.6233802053611726
184 : -1.3200930738821626
185 : -1.1943276384845376
186 : -1.3323300629854202
187 : -3.418225647881627
188 : -0.5227103270590305
189 : -0.7774669993668795
190 : -1.327292407862842
191 : -1.3529799245297909
192 : -1.3918868410401046
193 : 2.6051308028399944
194 : -2.6072694528847933
195 : -1.2503023941535503
196 : -0.9307939666323364
197 : -1.2963400380685925
198 : 1.1952582015655935
199 : 0.5330635514110327
200 : -1.2629657834768295
201 : -0.5153194144368172
202 : -0.9071187004446983
203 : -0.9137062085792422
204 : -1.1688030126970261
205 : 0.2951211594045162
206 : -1.607053391635418
207 : -1.4963191817514598
208 : -0.34151008538901806
209 : -1.0006495835259557
210 : 0.8997747888788581
211 : -1.42939876858145
212 : -1.4714945293962955
213 : -1.4044363563880324
214 : -10.071168008260429
215 : -1.2650927854701877
216 : -2.5140006504952908
217 : -1.4012134689837694
218 : -0.7766409800387919
219 : -1.6009319722652435
220 : -1.2337582958862185
221 : -1.2646413259208202
222 : -1.229669432155788
223 : -1.333747975062579
224 : -0.7034807167947292
225 : -1.8212842606008053
226 : -1.1723143043927848
227 : -2.984453931450844
228 : -1.553328238427639
229 : -1.0157499993219972
230 : -5.960912788286805
231 : -1.4812679970636964
232 : -0.9617175152525306
233 : -1.0473100924864411
234 : -2.0135767459869385
235 : -1.9704399164766073
236 : -0.923047705553472
237 : 1.6767960451543331
238 : -1.6362210810184479
239 : -0.5161864818073809
240 : -1.2276160214096308
241 : 0.14019331149756908
242 : -1.2328442281577736
243 : -1.0496158131863922
244 : -2.5486112907528877
245 : -1.299806737806648
246 : -1.1458109733648598
247 : -1.7862470000982285
248 : -1.3314386513084173
249 : 0.39152608858421445
250 : -1.8442362435162067
251 : -0.9732448160648346
252 : -0.9673577747307718
253 : -1.4826609902083874
254 : -1.1393457357771695
255 : -0.07851519249379635
256 : -0.29167304188013077
257 : -1.2303400919772685
258 : 2.2907844348810613
259 : -2.537216533906758
260 : -2.5736876260489225
261 : -0.3485659034922719
262 : -0.9724160800687969
263 : -2.2778943106532097
264 : -1.2724375315010548
265 : -1.2976658530533314
266 : -1.5413258406333625
267 : -1.0820310707204044
268 : -1.369145534466952
269 : -1.1035453602671623
270 : -0.9859943017363548
271 : -0.9214058183133602
272 : -0.8849677075631917
273 : -3.4314606520347297
274 : 0.4277401901781559
275 : -1.0090569532476366
276 : 1.3968174061737955
277 : -1.211501367855817
278 : -0.8851675339974463
279 : 8.06326315086335
280 : -1.6106500523164868
281 : -1.2447822075337172
282 : 1.0615521892905235
283 : -2.399291142821312
284 : -1.2414159746840596
285 : -1.6020467653870583
286 : -1.0346201206557453
287 : -1.6915584355592728
288 : -0.681779008358717
289 : -1.3778873654082417
290 : -1.6297766780480742
291 : -1.6590746128931642
292 : -0.8043533079326153
293 : -1.436492431908846
294 : -4.038588531315327
295 : -1.7124078944325447
296 : -1.5052376184612513
297 : -1.5631248094141483
298 : -0.8455554693937302
299 : -1.7976316530257463
300 : -6.739096688805148
301 : -1.2884280728176236
302 : -0.7982166823931038
303 : -1.6959599889814854
304 : -1.7428831346333027
305 : -1.7757566766813397
306 : -1.5446125455200672
307 : -1.0806435383856297
308 : -1.599368553608656
309 : 0.10100899124518037
310 : -6.408365417737514
311 : -2.0343972023110837
312 : 0.6408761069178581
313 : -2.2775023095309734
314 : -0.04313267953693867
315 : -0.9953216267749667
316 : -1.4417063742876053
317 : 2.648629412986338
318 : -0.902103585191071
319 : -1.011385613353923/home/j/jensenj/.local/lib/python3.6/site-packages/gym/logger.py:30: UserWarning: [33mWARN: Box bound precision lowered by casting to float32[0m
  warnings.warn(colorize('%s: %s'%('WARN', msg % args), 'yellow'))
/home/j/jensenj/.local/lib/python3.6/site-packages/numpy/core/_methods.py:160: RuntimeWarning: invalid value encountered in reduce
  ret = umr_sum(arr, axis, dtype, out, keepdims)

320 : -1.1181506551802158
321 : -2.328094335272908
322 : -1.3088813163340092
323 : -2.471591669600457
324 : -1.14998938026838
325 : -0.5595267422031611
326 : -2.4001047909259796
327 : -0.7942925859242678
328 : -0.9003355670720339
329 : -0.9686729833483696
330 : -1.4280004724860191
331 : -1.6025834791362286
332 : -1.6205675303936005
333 : -1.6891659386456013
334 : -1.0260139983147383
335 : -2.011289343237877
336 : -1.5938770845532417
337 : -1.4951154217123985
338 : -0.9792961776256561
339 : -1.7839354956522584
340 : -1.3072348460555077
341 : 0.484690816141665
342 : -0.9716069670394063
343 : -1.2926776777021587
344 : -1.3494988135062158
345 : -1.1136378766968846
346 : -0.8666538428515196
347 : -1.2281236294656992
348 : -0.9764208027627319
349 : -1.259474653750658
350 : -1.3917432129383087
351 : -1.820384245365858
352 : -1.3708390006795526
353 : 3.6475989818573
354 : -1.495432959869504
355 : -1.174739764072001
356 : -1.4101718179881573
357 : -0.9210997601039708
358 : -1.6911773518659174
359 : -1.165364706888795
360 : -2.481274791061878
361 : -1.5222029574215412
362 : -1.056400002911687
363 : -0.7649277942255139
364 : -2.8401170819997787
365 : -1.5228168992325664
366 : -2.2999765425920486
367 : -1.8336751218885183
368 : -1.4763447772711515
369 : -1.5056195938959718
370 : 0.16805988876149058
371 : -1.1849227584898472
372 : -0.3840118641965091
373 : -1.216024462133646
374 : -0.6494606705382466
375 : -1.4429763220250607
376 : -1.7614824618212879
377 : -1.5641223648563027
378 : 4.599265362136066
379 : -1.4925550357438624
380 : -0.8389933430589736
381 : -4.2524681724607944
382 : -1.4021032066084445
383 : -1.2941188514232635
384 : -0.683466961607337
385 : -0.8179878043010831
386 : -1.3273593503981829
387 : -0.8859842019155622
388 : -0.9744192445650697
389 : -0.5740979239344597
390 : -2.3005118826404214
391 : -1.4798524715006351
392 : -1.1924148248508573
393 : -1.3128306325525045
394 : -1.4100142065435648
395 : -0.8061315771192312
396 : -0.6151751358993351
397 : 1.5913376272656024
398 : -0.374218950048089
399 : -1.183575461851433
400 : -1.0892882635816932
401 : -1.4598393682390451
402 : -1.011133492924273
403 : -1.3132106005214155
404 : -0.7585854586213827
405 : -1.6038851477205753
406 : -1.0815597670152783
407 : -1.8846238134428859
408 : -1.1239072650205344
409 : -1.596075950190425
410 : -2.262168115004897
411 : -1.47722260246519
412 : -0.8374818312004209
413 : -0.9460252188146114
414 : -1.012752276379615
415 : 0.32080416614189744
416 : -1.5497658662497997
417 : -1.5890248268842697
418 : -1.109800428384915
419 : -1.5960627533495426
420 : -1.1651941249147058
421 : -1.8592749647796154
422 : -1.250490585109219
423 : -0.7554894387722015
424 : -1.4347273651510477
425 : -1.8085734024643898
426 : -1.0479599386453629
427 : -1.4926121775060892
428 : -1.2056728252209723
429 : -0.9246609844267368
430 : -1.145929885096848
431 : -1.152561992406845
432 : 0.4805680522695184
433 : -2.141315136104822
434 : -0.9710109746083617
435 : -1.1754760495387018
436 : -0.8749717571772635
437 : -2.386811244301498
438 : -2.435703217983246
439 : -1.5938616320490837
440 : -1.2214842941612005
441 : -2.9398488998413086
442 : -0.8923090635798872
443 : -1.5898365397006273
444 : -1.945474086329341
445 : -1.4702875693328679
446 : -1.3245483571663499
447 : 0.43379273638129234
448 : -0.9321577241644263
449 : -1.0048244846984744
450 : -1.443816989660263
451 : 0.14693009573966265
452 : -1.033770970068872
453 : -1.7863038387149572
454 : -3.152819206006825
455 : -2.338198620826006
456 : -1.3136394610628486
457 : 2.332285715267062
458 : -1.8195183081552386
459 : 0.196225356310606
460 : -0.8049323307350278
461 : -1.4463892355561256
462 : -1.4784265137277544
463 : 6.072712708264589
464 : -1.0517342276871204
465 : -1.7726475410163403
466 : -1.189383857883513
467 : -1.396422240883112
468 : -1.2280682537239045
469 : -0.9883357766084373
470 : -1.0181673085317016
471 : -1.5205321507528424
472 : -1.8947878913022578
473 : -0.8385805427096784
474 : -2.121661774814129
475 : -1.3217614903114736
476 : -0.9347420232370496
477 : -1.4765321463346481
478 : -1.3841828247532248
479 : -1.0613126000389457
480 : -0.11329430155456066
481 : -1.525434410199523
482 : -1.6112645510584116
483 : -1.6111728120595217
484 : -3.2411384666338563
485 : -0.8853661487810314
486 : -1.474093921482563
487 : -1.3556979279965162
488 : -4.527616825886071
489 : -1.738649345934391
490 : 1.5713573028333485
491 : -1.4503525691106915
492 : -0.7929062251932919
493 : -0.9636694118380547
494 : -1.0177325056865811
495 : -1.0546704744920135
496 : -2.0381328128278255
497 : -3.7092440146952868
498 : 0.956633809953928
499 : -1.7054646015167236
500 : -1.1603990029543638
501 : 2.387842054478824
502 : -1.2135869679041207
503 : -1.1577092036604881
504 : -0.3581932345405221
505 : -1.5022628521546721
506 : -2.054068583995104
507 : -1.6292762942612171
508 : -1.0541254244744778
509 : -0.9387628650292754
510 : -1.058784108608961
511 : -1.8695117831230164
512 : -0.19740490801632404
513 : -1.645348634570837
514 : -1.4015581784769893
515 : -1.2762075806967914
516 : -1.3158769570291042
517 : -0.857256568968296
518 : -2.067151986528188
519 : -1.3054990470409393
520 : -1.48913744231686
521 : -1.2292662528343499
522 : -0.9904512241482735
523 : -1.0989876110106707
524 : -3.192150115966797
525 : -2.929040677845478
526 : -2.939356960821897
527 : -1.7890826985239983
528 : -1.2045020246878266
529 : -1.178973420523107
530 : -0.9513930925168097
531 : -3.6375266825780272
532 : -1.139892778126523
533 : -1.2385961096733809
534 : -0.6960470835329033
535 : -1.789960391819477
536 : -1.6759334728121758
537 : -1.2004613811150193
538 : -0.3848362974822521
539 : -1.6493514645844698
540 : -1.232010672101751
541 : -5.8453418631106615
542 : -0.5100429099984467
543 : 2.149728713557124
544 : -1.005739795975387
545 : -1.2939539265353233
546 : -1.2844419148750603
547 : 0.18299895292147994
548 : -2.1592867099680007
549 : -1.5635898895561695
550 : 0.9009723039343953
551 : -1.8984199059195817
552 : -1.325244802981615
553 : -1.9609298147261143
554 : -0.7059839628636837
555 : -0.9724656594917178
556 : -1.5033285822719336
557 : -0.8549465816468
558 : -3.219994400627911
559 : -1.4150656065903604
560 : -1.0145613935310394
561 : -1.6574536515399814
562 : -1.0552423554472625
563 : -1.784159205853939
564 : -0.6589518319815397
565 : -1.5171354450285435
566 : -0.2045549564063549
567 : -1.8160752579569817
568 : -1.2301146443933249
569 : -1.6119378730654716
570 : -0.9041071101091802
571 : -1.8176629580557346
572 : -1.1385987475514412
573 : -1.1767185563221574
574 : -1.215351223014295
575 : -1.1838173549622297
576 : -1.3209659988060594
577 : -1.5670255031436682
578 : -1.4973599165678024
579 : -0.7545593418180943
580 : -0.1053912378847599
581 : -1.3421200402081013
582 : -0.517962908372283
583 : -1.4767858237028122
584 : -0.07291502389125526
585 : -1.5588831920176744
586 : -1.6513321325182915
587 : -1.6823414117097855
588 : -0.7594075761735439
589 : -0.950180517975241
590 : -1.7658584043383598
591 : -2.0133081898093224
592 : 1.828425663523376
593 : -6.618158170953393
594 : -1.6981360893696547
595 : -1.3609680868685246
596 : -1.8358540870249271
597 : -1.631091171875596
598 : -0.9526190664619207
599 : -1.2808197187259793
600 : -1.3551875911653042
601 : -1.1705937311053276
602 : -1.8573962450027466
603 : -1.496802719309926
604 : -1.0342167057096958
605 : -0.8274542707949877
606 : -1.737903617322445
607 : -1.5038981474936008
608 : -1.4037295132875443
609 : -0.724744607694447
610 : -1.7138976426795125
611 : -0.8645512145012617
612 : -1.3130904790014029
613 : -1.2533740813378245
614 : -1.1297575235366821
615 : -1.5207739807665348
616 : -1.5030157752335072
617 : -1.0440526874735951
618 : -0.6929920539259911
619 : -0.8069447954185307
620 : -4.32848291285336
621 : -1.0476353373378515
622 : -1.8188381744548678
623 : -1.1564048510044813
624 : -1.3519137911498547
625 : -2.184410773217678
626 : -1.9177000671625137
627 : -0.9301615855656564
628 : -1.5102666020393372
629 : -1.8925210051238537
630 : 0.021375326439738274
631 : -0.8515159143134952
632 : -1.7100704573094845
633 : -0.9622994654346257
634 : -0.9074485395103693
635 : -1.2637037057429552
636 : -0.8111826833337545
637 : 1.3874252722598612
638 : -1.6665067579597235
639 : 3.5242495355196297
640 : -1.2650378476828337
641 : -1.1514126509428024
642 : -3.288942645303905
643 : -0.9814277533441782
644 : -0.8850138168781996
645 : -1.085276651661843
646 : -1.847149483859539
647 : -1.022874854505062
648 : 0.3300602324306965
649 : -0.4479556567966938
650 : -1.4922183640301228
651 : -0.5351914754137397
652 : -0.581913260743022
653 : -1.5202368441969156
!!! updated
654 : -1.4751378297805786
655 : -1.2481928505003452
656 : -1.3341815043240786
657 : -0.8942927801981568
658 : -1.462224643677473
659 : -1.4565005116164684
660 : -1.0412891716696322
661 : -1.562402993440628
662 : -1.3596321698278189
Setting up 2 worker threads for Enlighten.
  Thread -> id: 7fddf0b93700 -> priority: 1 
  Thread -> id: 7fddc3fff700 -> priority: 1 
Traceback (most recent call last):
  File "main.py", line 123, in <module>
    returns = [episode(env, agent, i) for i in range(training_episodes)]
  File "main.py", line 123, in <listcomp>
    returns = [episode(env, agent, i) for i in range(training_episodes)]
  File "main.py", line 30, in episode
    next_state, reward, done, _ = env.step(action.numpy()[0])
  File "/home/j/jensenj/.local/lib/python3.6/site-packages/gym_unity/envs/__init__.py", line 177, in step
    self._env.step()
  File "/home/j/jensenj/.local/lib/python3.6/site-packages/mlagents_envs/timers.py", line 305, in wrapped
    return func(*args, **kwargs)
  File "/home/j/jensenj/.local/lib/python3.6/site-packages/mlagents_envs/environment.py", line 319, in step
    self._update_state(rl_output)
  File "/home/j/jensenj/.local/lib/python3.6/site-packages/mlagents_envs/environment.py", line 275, in _update_state
    agent_info_list, self._env_specs[brain_name]
  File "/home/j/jensenj/.local/lib/python3.6/site-packages/mlagents_envs/timers.py", line 305, in wrapped
    return func(*args, **kwargs)
  File "/home/j/jensenj/.local/lib/python3.6/site-packages/mlagents_envs/rpc_utils.py", line 188, in steps_from_proto
    obs_index, obs_shape, decision_agent_info_list
  File "/home/j/jensenj/.local/lib/python3.6/site-packages/mlagents_envs/timers.py", line 305, in wrapped
    return func(*args, **kwargs)
  File "/home/j/jensenj/.local/lib/python3.6/site-packages/mlagents_envs/rpc_utils.py", line 152, in _process_vector_observation
    _raise_on_nan_and_inf(np_obs, "observations")
  File "/home/j/jensenj/.local/lib/python3.6/site-packages/mlagents_envs/rpc_utils.py", line 130, in _raise_on_nan_and_inf
    raise RuntimeError(f"The {source} provided had NaN values.")
RuntimeError: The observations provided had NaN values.
2020-06-25 12:24:44 INFO [environment.py:418] Environment shut down with return code 0.
