slurmstepd-oybach: error: Unable to create TMPDIR [/tmp/user/30108]: Permission denied
slurmstepd-oybach: error: Setting TMPDIR to /tmp
Found path: /home/j/jensenj/PycharmProjects/Federer-Jr./src/../crawler_single/linux/dynamic_server/crawler_dynamic.x86_64
Mono path[0] = '/home/j/jensenj/PycharmProjects/Federer-Jr./src/../crawler_single/linux/dynamic_server/crawler_dynamic_Data/Managed'
Mono config path = '/home/j/jensenj/PycharmProjects/Federer-Jr./src/../crawler_single/linux/dynamic_server/crawler_dynamic_Data/MonoBleedingEdge/etc'
Preloaded 'lib_burst_generated.so'
Preloaded 'libgrpc_csharp_ext.x64.so'
Initialize engine version: 2019.3.15f1 (59ff3e03856d)
[Subsystems] Discovering subsystems at path /home/j/jensenj/PycharmProjects/Federer-Jr./src/../crawler_single/linux/dynamic_server/crawler_dynamic_Data/UnitySubsystems
Forcing GfxDevice: Null
GfxDevice: creating device client; threaded=0
NullGfxDevice:
    Version:  NULL 1.0 [1.0]
    Renderer: Null Device
    Vendor:   Unity Technologies
Begin MonoManager ReloadAssembly
- Completed reload, in  0.098 seconds
WARNING: Shader Unsupported: 'Autodesk Interactive' - All passes removed
WARNING: Shader Did you use #pragma only_renderers and omit this platform?
UnloadTime: 0.433340 ms
Fallback handler could not load library /home/j/jensenj/PycharmProjects/Federer-Jr./src/../crawler_single/linux/dynamic_server/crawler_dynamic_Data/Mono/libcoreclr.so
Fallback handler could not load library /home/j/jensenj/PycharmProjects/Federer-Jr./src/../crawler_single/linux/dynamic_server/crawler_dynamic_Data/Mono/libcoreclr.so
Fallback handler could not load library /home/j/jensenj/PycharmProjects/Federer-Jr./src/../crawler_single/linux/dynamic_server/crawler_dynamic_Data/Mono/libcoreclr.so
Fallback handler could not load library /home/j/jensenj/PycharmProjects/Federer-Jr./src/../crawler_single/linux/dynamic_server/crawler_dynamic_Data/Mono/libSystem.dylib
Fallback handler could not load library /home/j/jensenj/PycharmProjects/Federer-Jr./src/../crawler_single/linux/dynamic_server/crawler_dynamic_Data/Mono/libSystem.dylib.so
Fallback handler could not load library /home/j/jensenj/PycharmProjects/Federer-Jr./src/../crawler_single/linux/dynamic_server/crawler_dynamic_Data/Mono/libSystem.dylib
Fallback handler could not load library /home/j/jensenj/PycharmProjects/Federer-Jr./src/../crawler_single/linux/dynamic_server/crawler_dynamic_Data/Mono/libcoreclr.so
Fallback handler could not load library /home/j/jensenj/PycharmProjects/Federer-Jr./src/../crawler_single/linux/dynamic_server/crawler_dynamic_Data/Mono/libcoreclr.so
Fallback handler could not load library /home/j/jensenj/PycharmProjects/Federer-Jr./src/../crawler_single/linux/dynamic_server/crawler_dynamic_Data/Mono/libcoreclr.so
Fallback handler could not load library /home/j/jensenj/PycharmProjects/Federer-Jr./src/../crawler_single/linux/dynamic_server/crawler_dynamic_Data/Mono/libSystem.dylib
Fallback handler could not load library /home/j/jensenj/PycharmProjects/Federer-Jr./src/../crawler_single/linux/dynamic_server/crawler_dynamic_Data/Mono/libSystem.dylib.so
Fallback handler could not load library /home/j/jensenj/PycharmProjects/Federer-Jr./src/../crawler_single/linux/dynamic_server/crawler_dynamic_Data/Mono/libSystem.dylib
/home/j/jensenj/.local/lib/python3.6/site-packages/tensorboard/compat/tensorflow_stub/dtypes.py:541: FutureWarning: Passing (type, 1) or '1type' as a synonym of type is deprecated; in a future version of numpy, it will be understood as (type, (1,)) / '(1,)type'.
  _np_qint8 = np.dtype([("qint8", np.int8, 1)])
/home/j/jensenj/.local/lib/python3.6/site-packages/tensorboard/compat/tensorflow_stub/dtypes.py:542: FutureWarning: Passing (type, 1) or '1type' as a synonym of type is deprecated; in a future version of numpy, it will be understood as (type, (1,)) / '(1,)type'.
  _np_quint8 = np.dtype([("quint8", np.uint8, 1)])
/home/j/jensenj/.local/lib/python3.6/site-packages/tensorboard/compat/tensorflow_stub/dtypes.py:543: FutureWarning: Passing (type, 1) or '1type' as a synonym of type is deprecated; in a future version of numpy, it will be understood as (type, (1,)) / '(1,)type'.
  _np_qint16 = np.dtype([("qint16", np.int16, 1)])
/home/j/jensenj/.local/lib/python3.6/site-packages/tensorboard/compat/tensorflow_stub/dtypes.py:544: FutureWarning: Passing (type, 1) or '1type' as a synonym of type is deprecated; in a future version of numpy, it will be understood as (type, (1,)) / '(1,)type'.
  _np_quint16 = np.dtype([("quint16", np.uint16, 1)])
/home/j/jensenj/.local/lib/python3.6/site-packages/tensorboard/compat/tensorflow_stub/dtypes.py:545: FutureWarning: Passing (type, 1) or '1type' as a synonym of type is deprecated; in a future version of numpy, it will be understood as (type, (1,)) / '(1,)type'.
  _np_qint32 = np.dtype([("qint32", np.int32, 1)])
/home/j/jensenj/.local/lib/python3.6/site-packages/tensorboard/compat/tensorflow_stub/dtypes.py:550: FutureWarning: Passing (type, 1) or '1type' as a synonym of type is deprecated; in a future version of numpy, it will be understood as (type, (1,)) / '(1,)type'.
  np_resource = np.dtype([("resource", np.ubyte, 1)])
2020-06-25 12:07:51 INFO [environment.py:108] Connected to Unity environment with package version 1.0.2 and communication version 1.0.0
2020-06-25 12:07:51 INFO [environment.py:265] Connected new brain:
CrawlerDynamic?team=0
2020-06-25 12:07:51 WARNING [__init__.py:92] The environment contains multiple observations. You must define allow_multiple_obs=True to receive them all. Otherwise, only the first visual observation (or vector observation ifthere are no visual observations) will be provided in the observation.
Look rotation viewing vector is zero 
(Filename:  Line: 85)

/home/j/jensenj/.local/lib/python3.6/site-packages/gym/logger.py:30: UserWarning: [33mWARN: Box bound precision lowered by casting to float32[0m
  warnings.warn(colorize('%s: %s'%('WARN', msg % args), 'yellow'))
update_time_steps: 4096 , ppo_epochs: 32 , beta:  0.001 , gamma 0.99
0 : -1.1190368351526558
1 : -1.6057614982128143
2 : 0.614381305873394
3 : -2.9917136444710195
4 : -11.136479902081192
5 : -1.7831125068478286
6 : 0.12301886454224586
7 : -2.6062724478542805
8 : 0.4782861575949937
9 : 9.467879648087546
10 : 4.902247533667833
11 : -2.1244948469102383
12 : 2.180431518703699
13 : -3.6074303262867033
14 : -2.4228690722957253
15 : -0.9025573199614882
16 : -2.383972242474556
17 : -4.530299714766443
18 : -1.1186710819602013
19 : -1.4057662019040436
20 : -1.6580536868423223
21 : -0.18116723257116973
22 : -0.633711801841855
23 : -6.560191710013896
24 : -1.566407369915396
25 : -0.6412086561322212
26 : -2.31248096562922
27 : 0.1496240720152855
28 : -2.0186647917144
29 : 2.9289669496938586
30 : -1.8817479265853763
31 : -1.865257944446057
32 : -1.3560315649956465
33 : -1.1038518033456057
34 : -1.3606147589161992
35 : -0.5179544067941606
36 : -2.706115359440446
37 : -1.8990974929183722
38 : -2.559331455733627
39 : -0.9005138762295246
40 : 3.9253178779035807
41 : -3.680873882956803
42 : -0.531734972842969
43 : -6.742995039559901
44 : -0.35640776716172695
45 : -1.3802886670455337
46 : -0.1358878209721297
47 : -2.396057258825749
48 : -3.0543025974184275
49 : -2.7362671811133623
50 : -0.4811823673080653
51 : -0.021073375828564167
52 : -1.2856416571885347
53 : -1.044063932262361
54 : -6.2376226214692
55 : -1.3293308774009347
56 : -1.5936554037034512
57 : -1.1867628062609583
58 : -15.39689823705703
59 : -7.882991003454663
60 : -1.05041858041659
61 : -1.0276337438263
62 : -1.0342612508684397
63 : 4.356696461327374
64 : -1.2429718161001801
65 : -0.7863352578133345
66 : -6.981973256915808
67 : 0.21828628063667566
68 : -1.5331657081842422
69 : 0.21103062853217125
70 : -0.47925771260634065
71 : -2.113338549621403
72 : -4.171559135429561
73 : -19.39162728190422
74 : 1.482549348846078
75 : -1.3614124581217766
76 : -2.775665244553238
77 : 1.9384330436587334
78 : -4.6061883848160505
79 : -1.5149562619626522
80 : -0.8780191512778401
81 : -0.9935187241062522
82 : -3.8103461479768157
83 : -1.4003892885521054
84 : -2.0108385886996984
85 : -0.7259560558013618
86 : -0.2565064813243225
87 : 0.7474444871768355
88 : -3.635596953332424
89 : -5.17363902553916
90 : -6.511406602337956
91 : -1.6735363169573247
92 : -1.4465115554630756
93 : -8.992996517568827
94 : -1.1182899232953787
95 : -0.38647093367762864
96 : 7.713100066408515
97 : -1.4728480912745
98 : -1.0994786922819912
99 : -0.9337182529270649
100 : -1.8767082877457142
101 : -0.9748688517138362
102 : -2.4433266445994377
103 : 15.953451319946907
104 : -1.4658300802111626
105 : -3.8113352893851697
106 : -2.1549066603183746
107 : 2.1098481053486466
108 : -6.043324012309313
109 : 5.49121780321002
110 : -0.9816089528612792
111 : -1.238439191132784
112 : 0.7194955190643668
113 : -1.1553279836662114
114 : -3.1191921276040375
115 : -3.529387983959168
116 : -1.9245289703831077
117 : -17.56602739635855
118 : -3.5210668547078967
119 : -1.8514918885193765
120 : -1.2028449065983295
121 : -0.12884160690009594
122 : -1.2287986716255546
123 : -0.052220978774130344
124 : -0.8466387074440718
125 : -1.035868862643838
126 : -0.8848697696812451
127 : -3.591084240935743
128 : -6.635519684292376
129 : -3.766188111156225
130 : -2.3850590344518423
131 : -8.250175136141479
132 : -1.3022982478141785
133 : 9.29952752427198
!!! updated
134 : -1.603783592581749
135 : -1.1451442788820714
136 : -1.529472737107426
137 : -1.310622587800026
138 : -1.4360122479265556
139 : -0.7235593423247337
140 : -1.736045964062214
141 : -1.3038177862763405
142 : -1.7722176536917686
143 : -0.7516607362776995
144 : -0.7873149672523141
145 : -1.4619806855916977
146 : -1.5892484989017248
147 : -1.2971268109977245
148 : -2.2791628241539
149 : -0.8101375512778759
150 : -1.25103605305776
151 : -1.3344172798097134
152 : -0.8979304963722825
153 : -1.663252331316471
154 : -1.61583745572716
155 : -0.8661413686349988
156 : -1.5338368900120258
157 : -0.7840227279812098
158 : -1.7092042043805122
159 : -1.3040402177721262
160 : -1.260553679894656
161 : -1.418165147304535
162 : -2.010002488270402
163 : -1.3940025828778744
164 : -1.856704581528902
165 : -0.7646057344973087
166 : -1.6815867759287357
167 : -0.805255401879549
168 : -0.7346463818103075
169 : -1.2176206512376666
170 : -1.5949704367667437
171 : -1.2643593661487103
172 : -2.496116802096367
173 : -0.8906526337377727
174 : -1.7715497463941574
175 : -1.239798691123724
176 : -0.9088517157360911
177 : -1.226028760895133
178 : -1.08188136247918
179 : -1.0117227295413613
180 : -1.6813156828284264
181 : -1.1462166598066688
182 : -1.8557887561619282
183 : -1.3939414955675602
184 : -0.9033849434927106
185 : -1.5697935484349728
186 : -1.8794753947295249
187 : -1.1055006773676723
188 : -0.7035250389017165
189 : -1.2588335182517767
190 : -1.6798645034432411
191 : -0.8141725398600101
192 : -1.0024410737678409
193 : -1.3189430758357048
194 : -1.9088030084967613
195 : -1.3932973518967628
196 : -1.019621804356575
197 : -1.1396133345551789
198 : -1.9431167095899582
199 : -1.3647600561380386
200 : -1.5936268009245396
201 : -1.1047125714831054
202 : -1.77117507904768
203 : -1.4750987961888313
204 : -1.3814362902194262
205 : -0.9845808041281998
206 : -0.8652894282713532
207 : -1.0902127735316753
208 : -1.6050461158156395
209 : -1.2889168439432979
210 : -1.1768389521166682
211 : -0.9306930070742965
212 : -0.9790140520781279
213 : -1.652247343212366
214 : -0.7302570072934031
215 : -1.5891370214521885
216 : -1.6770140379667282
217 : -1.3461574502289295
218 : -0.8263142893556505
219 : -0.9213914824649692
220 : -1.4998141089454293
221 : -1.2718480238690972
222 : -0.7407861151732504
223 : -1.3799122427590191
224 : -1.6464509032666683
225 : -1.679525762796402
226 : -1.3789062848663889
227 : -1.6911998093128204
228 : -1.1972865315619856
229 : -1.4897965155541897
230 : -0.9405260868370533
231 : -1.3172164978459477
232 : -1.0409296192228794
233 : -1.7982914820313454
234 : -1.4095928189344704
235 : -2.5339198857545853
236 : -1.838188424706459
237 : -1.7290922850370407
238 : -1.167046352289617
239 : -0.9829120440408587
240 : -0.5412505827844143
241 : -0.9156764368526638
242 : -1.4187783473171294
243 : -1.707328051328659
244 : -1.463443735614419
245 : -1.1504912935197353
246 : -1.4505245443433523
247 : -1.1722164554521441
248 : -1.6670740023255348
249 : -0.8607811722904444
250 : -1.5770116238854825
251 : -1.080091468989849
252 : -2.288424253463745
253 : -1.4641700722277164
254 : -1.784735832363367
255 : -0.7573325801640749
256 : -1.2811701181344688
257 : -1.1752647338435054
258 : -1.8287490643560886
259 : -1.0083454650593922
260 : -0.8189828777685761
261 : -1.4422899037599564
262 : -1.744489137083292
263 : -1.334887284785509
264 : -1.749586332589388
265 : -0.769010866060853
266 : -1.9403576105833054
267 : -1.2610339019447565
268 : -1.6516731269657612
269 : -1.2484238969627768
270 : -3.1763170436024666
271 : -0.7909931726753712
272 : -1.5712909772992134
273 : -1.5977121545001864
274 : -0.8680274616926908
275 : -1.1925495502655394
276 : -0.7438453184440732
277 : -1.580963034182787
278 : -1.0816742852330208
279 : -1.5049137212336063
280 : -1.6297473199665546
281 : -0.9467221600934863
282 : -1.6429004408419132
283 : -0.873727354221046
284 : -1.2969569091219455
285 : -1.6408983245491982
286 : -1.5733724310994148
287 : -2.4827296510338783
288 : -1.1428971937857568
289 : -1.103152731899172
290 : -1.3552068173885345
291 : -1.4592819064855576
292 : -1.9507619962096214
293 : -1.6600589826703072
294 : -1.43697265611263
295 : -1.6701904721558094
296 : -2.618475019931793
297 : -1.0426529520191252
298 : -1.7625857181847095
299 : -1.0931990258395672
300 : -0.8583054160699248
301 : -1.205672962591052
302 : -1.6127161774784327
303 : -1.0489249954698607
304 : -1.263833004515618
305 : -1.5436435341835022
306 : -2.059713199734688
307 : -1.276431968435645
308 : -1.6129067316651344
309 : -1.031609090976417
310 : -0.8616516664624214
311 : -1.0383669398725033
312 : -1.2492909207940102
313 : -0.9330022083595395
314 : -0.9095632303506136
315 : -1.4188981112092733
316 : -1.3969826237298548
317 : -0.8492826297879219
318 : -0.779139369726181
319 : -1.3729316759854555
320 : -1.4577048383653164
321 : -1.573824729770422
322 : -1.1477970518171787
323 : -1.2289237058721483
324 : -1.4695184491574764
325 : -0.9993571923114359
326 : -2.2539003640413284
327 : -1.4081359170377254
328 : -1.6947101838886738
329 : -0.927722617983818
330 : -1.5563080068677664
331 : -1.7526569813489914
332 : -1.109989303164184
333 : -1.3300588428974152
334 : -1.8124375566840172
335 : -1.3789417892694473
336 : -1.2537720571272075
337 : -0.9298631676938385
338 : -1.8044963013380766
339 : -1.0276867130305618
340 : -1.593144852668047
341 : -3.007488861680031
342 : -0.6006093607284129
343 : -1.219566846266389
344 : -1.5445664003491402
345 : -1.5118653513491154
346 : -1.1791633777320385
347 : -1.9550016485154629
348 : -1.6628645546734333
349 : -2.948124509304762
350 : -1.6437756530940533
351 : -1.3078401545062661
352 : -0.67292445525527
353 : -2.7309798300266266
354 : -1.5681954305619001
355 : -1.5097416676580906
356 : -0.6638616435229778
357 : -0.9832065640948713
358 : -0.7790133533999324
359 : -1.2338746185414493
360 : -1.591959573328495
361 : -0.8840435463935137
362 : -0.7580564636737108
363 : -1.6993840709328651
364 : -1.3704605530947447
365 : -1.1506210868246853
366 : -1.5982025414705276
367 : -1.341268539428711
368 : -1.960048295557499
369 : -2.0373309552669525
370 : -1.4656369388103485
371 : -1.1710949231637642
372 : -0.6449265442788601
373 : -1.7392906676977873
374 : -0.6797583741135895
375 : -0.7070818021893501
376 : -1.5585380587726831
377 : -1.3951677456498146
378 : -1.9480282627046108
379 : -1.3918609470129013
380 : -1.5972641245462
381 : -1.2037506084889174
382 : -1.6329345423728228
383 : -1.3142313808202744
384 : -0.7387212384492159
385 : -0.9190060393884778
386 : -0.795372839551419
387 : -1.191651541274041
388 : -0.8652569316327572
389 : -1.5900930166244507
390 : -0.5852339845150709
391 : -1.510432906448841
392 : -1.632730271667242
393 : -0.9487932110205293
394 : -1.1534022288396955
395 : -1.5767625011503696
396 : -1.5187608171254396
397 : -0.9009566735476255
398 : -1.0090695852413774
399 : -1.083286332897842
400 : -1.2343063491862267
401 : -1.3928508684039116
402 : -1.4735291274264455
403 : -1.3659009356051683
404 : -1.3075593675603159
405 : -1.2679999228566885
406 : -1.6275190971791744
407 : -0.9881748156622052
408 : -0.6793413776904345
409 : -1.2143767562229186
410 : -0.7587786091025919
411 : -1.4070056919008493
412 : -2.46852608025074
413 : -1.4829048998653889
414 : -1.3075165888294578
415 : -1.6587424650788307
416 : -1.8086178377270699
417 : -1.5551964603364468
418 : -1.211918756365776
419 : -1.291346029844135
420 : -1.9868297800421715
421 : -1.4656057804822922
422 : -0.6614732928574085
423 : -1.7620036005973816
424 : -1.0685567557811737
425 : -1.2927920646034181
426 : -1.4121952555142343
427 : -2.0602909922599792
428 : -1.140269752126187
429 : -1.4679157882928848
430 : -1.4893265143036842
431 : -1.5597711466252804
432 : -1.7257860377430916
433 : -1.4256778471171856
434 : -1.4197391411289573
435 : -0.9656170173548162
436 : -0.9070079922676086
437 : -1.8783595636487007
438 : -1.7472613751888275
439 : -1.337341814301908
440 : -1.2532925345003605
441 : -1.1655780766159296
442 : -1.652263693511486
443 : -1.2832333049736917
444 : -1.5407088063657284
445 : -1.0737967044115067
446 : -0.5601243088021874
447 : -1.0257997028529644
448 : -1.4934388864785433
449 : -1.5024711899459362
450 : -1.5219600088894367
451 : -1.886228445917368
452 : -1.7468944564461708
453 : -1.3293234687298536
454 : -1.390154036693275
455 : -1.3045354783535004
456 : -1.1510277995839715
457 : -1.3595549277961254
458 : -1.1664178110659122
459 : -1.5401117727160454
460 : -0.5972573203034699
461 : -0.9609797988086939
462 : -1.555170863866806
463 : -1.02360076084733
464 : -1.5086436346173286
465 : -1.6175300478935242
466 : -1.617446132004261
467 : -1.2261106767691672
468 : -0.8704133469145745
469 : -1.7522079087793827
470 : -1.540075272321701
471 : -1.230083136819303
472 : -0.6435172986239195
473 : -2.711127132177353
474 : -0.6944751683622599
475 : -1.365387037396431
476 : -0.8604448465630412
477 : -1.656122675165534
478 : -1.6686160303652287
479 : -1.370504766702652
480 : -0.739744545891881
481 : -1.2157678753137589
482 : -1.7057139668613672
483 : -2.036675428971648
484 : -1.7038784474134445
485 : -1.4713310897350311
486 : -1.4248023238033056
487 : -1.5156696401536465
488 : -1.613683171570301
489 : -1.0550406486727297
490 : -1.6333694383502007
491 : -1.154421360231936
492 : -1.25592802464962
493 : -1.0810670400969684
494 : -0.943868750706315
495 : -1.7040233984589577
496 : -1.739461489021778
497 : -0.856743773445487
498 : -1.0515181235969067
499 : -1.2717725783586502
500 : -1.5070070018991828
501 : -1.3946952149271965
502 : -1.4896448315121233
503 : -1.4933566264808178
504 : -1.7679724767804146
505 : -0.995977196842432
506 : -1.4464872078970075
507 : -1.7424557581543922
508 : -0.9373604981228709
509 : -1.2290097121149302
510 : -1.2155847670510411
511 : -0.9346454557962716
512 : -1.443012269679457
513 : -1.1985989613458514
514 : -0.8492776062339544
515 : -1.2603420354425907
516 : -1.1520783710293472
517 : -0.9916171166114509
518 : -1.7633244097232819
519 : -1.4198191538453102
520 : -1.3439494110643864
521 : -0.7551239356398582
522 : -1.7409463971853256
523 : -0.8885737033560872
524 : -1.916703011840582
525 : -1.7839091904461384
526 : -0.9520004699006677
527 : -1.3353794775903225
528 : -1.4418627070263028
529 : -1.081084717065096
530 : -1.392751661624061
531 : -0.7860385663807392
532 : -0.8713755100034177
533 : -0.8648591442033648
534 : -1.715686872601509
535 : -0.8639419116079807
536 : -1.4768854919821024
537 : -1.2842956651002169
538 : -1.3686189837753773
539 : -1.3998101614415646
540 : -0.7411200162023306
541 : -1.3359073027968407
542 : -2.122976705431938
543 : -0.9043847257271409
544 : -1.6476359758526087
545 : -0.8943535191938281
546 : -1.8753915131092072
547 : -0.9082131613977253
548 : -1.8840124122798443
549 : -0.8597270222380757
550 : -0.5064960159361362
551 : -1.0084587708115578
552 : -2.1988730058073997
553 : -2.4699481651186943
554 : -0.5901338960975409
555 : -1.8913122303783894
556 : -1.7471625208854675
557 : -2.4835255150683224
558 : -1.4481592196971178
559 : -0.693177655339241
560 : -1.6768524870276451
561 : -0.8171611800789833
562 : -1.719571478664875
563 : -1.1984993098303676
564 : -0.594835820607841
565 : -1.298437150369864
566 : -1.863541953265667
567 : -1.382764920592308
568 : -0.6051261718384922
569 : -1.4134964253753424
570 : -1.6638048142194748
571 : -1.67056380584836
572 : -0.7240748852491379
573 : -0.9038955448195338
574 : -1.414092706516385
575 : -1.105853643734008
576 : -1.3657291941344738
577 : -1.1999464612454176
578 : -0.8667103070765734
579 : -1.133252345956862
580 : -1.8242376651614904
581 : -0.9191706404089928
582 : -2.0245330072939396
583 : -1.568691749125719
584 : -0.5494114505127072
585 : -1.4585869511938654
586 : -0.8512387606315315
587 : -0.8115258999168873
588 : -1.5885027265176177
589 : -1.4495812468230724
590 : -1.8039323836565018
591 : -1.0599890435114503
592 : -1.2259129649028182
593 : -0.8685355670750141
594 : -2.015398606657982
595 : -0.788523007184267
596 : -0.7377250157296658
597 : -1.3563798740506172
598 : -1.5624524261802435
599 : -0.7799409963190556
600 : -1.0304526127874851
601 : -0.9021556312218308
602 : -1.5582520011812449
603 : -1.2622926125768572
604 : -1.071271926164627
605 : -1.3613666099263355
606 : -0.5698222257196903
607 : -1.3458155877888203
608 : -1.5193767808377743
609 : -1.137275687418878
610 : -1.6897774897515774
611 : -0.8525636978447437
612 : -0.9458370208740234
613 : -1.4347083057509735
614 : -1.2611241322010756
615 : -1.131270329002291
!!! updated
Look rotation viewing vector is zero 
(Filename:  Line: 85)

Screen position out of view frustum (screen pos 0.000000, 0.000000) (Camera rect 0 0 640 480) 
(Filename:  Line: 3432)

Setting up 2 worker threads for Enlighten.
  Thread -> id: 7f7772daf700 -> priority: 1 
  Thread -> id: 7f77725ae700 -> priority: 1 
Look rotation viewing vector is zero 
(Filename:  Line: 85)

Traceback (most recent call last):
  File "main.py", line 123, in <module>
    returns = [episode(env, agent, i) for i in range(training_episodes)]
  File "main.py", line 123, in <listcomp>
    returns = [episode(env, agent, i) for i in range(training_episodes)]
  File "main.py", line 30, in episode
    next_state, reward, done, _ = env.step(action.numpy()[0])
  File "/home/j/jensenj/.local/lib/python3.6/site-packages/gym_unity/envs/__init__.py", line 177, in step
    self._env.step()
  File "/home/j/jensenj/.local/lib/python3.6/site-packages/mlagents_envs/timers.py", line 305, in wrapped
    return func(*args, **kwargs)
  File "/home/j/jensenj/.local/lib/python3.6/site-packages/mlagents_envs/environment.py", line 319, in step
    self._update_state(rl_output)
  File "/home/j/jensenj/.local/lib/python3.6/site-packages/mlagents_envs/environment.py", line 275, in _update_state
    agent_info_list, self._env_specs[brain_name]
  File "/home/j/jensenj/.local/lib/python3.6/site-packages/mlagents_envs/timers.py", line 305, in wrapped
    return func(*args, **kwargs)
  File "/home/j/jensenj/.local/lib/python3.6/site-packages/mlagents_envs/rpc_utils.py", line 188, in steps_from_proto
    obs_index, obs_shape, decision_agent_info_list
  File "/home/j/jensenj/.local/lib/python3.6/site-packages/mlagents_envs/timers.py", line 305, in wrapped
    return func(*args, **kwargs)
  File "/home/j/jensenj/.local/lib/python3.6/site-packages/mlagents_envs/rpc_utils.py", line 152, in _process_vector_observation
    _raise_on_nan_and_inf(np_obs, "observations")
  File "/home/j/jensenj/.local/lib/python3.6/site-packages/mlagents_envs/rpc_utils.py", line 130, in _raise_on_nan_and_inf
    raise RuntimeError(f"The {source} provided had NaN values.")
RuntimeError: The observations provided had NaN values.
2020-06-25 12:20:01 INFO [environment.py:418] Environment shut down with return code 0.
