slurmstepd-rhodonit: error: Unable to create TMPDIR [/tmp/user/30108]: Permission denied
slurmstepd-rhodonit: error: Setting TMPDIR to /tmp
Found path: /home/j/jensenj/PycharmProjects/Federer-Jr./src/../crawler_single/linux/dynamic_server/crawler_dynamic.x86_64
Mono path[0] = '/home/j/jensenj/PycharmProjects/Federer-Jr./src/../crawler_single/linux/dynamic_server/crawler_dynamic_Data/Managed'
Mono config path = '/home/j/jensenj/PycharmProjects/Federer-Jr./src/../crawler_single/linux/dynamic_server/crawler_dynamic_Data/MonoBleedingEdge/etc'
Preloaded 'lib_burst_generated.so'
Preloaded 'libgrpc_csharp_ext.x64.so'
Initialize engine version: 2019.3.15f1 (59ff3e03856d)
[Subsystems] Discovering subsystems at path /home/j/jensenj/PycharmProjects/Federer-Jr./src/../crawler_single/linux/dynamic_server/crawler_dynamic_Data/UnitySubsystems
Forcing GfxDevice: Null
GfxDevice: creating device client; threaded=0
NullGfxDevice:
    Version:  NULL 1.0 [1.0]
    Renderer: Null Device
    Vendor:   Unity Technologies
Begin MonoManager ReloadAssembly
- Completed reload, in  0.125 seconds
WARNING: Shader Unsupported: 'Autodesk Interactive' - All passes removed
WARNING: Shader Did you use #pragma only_renderers and omit this platform?
UnloadTime: 0.397689 ms
Fallback handler could not load library /home/j/jensenj/PycharmProjects/Federer-Jr./src/../crawler_single/linux/dynamic_server/crawler_dynamic_Data/Mono/libcoreclr.so
Fallback handler could not load library /home/j/jensenj/PycharmProjects/Federer-Jr./src/../crawler_single/linux/dynamic_server/crawler_dynamic_Data/Mono/libcoreclr.so
Fallback handler could not load library /home/j/jensenj/PycharmProjects/Federer-Jr./src/../crawler_single/linux/dynamic_server/crawler_dynamic_Data/Mono/libcoreclr.so
Fallback handler could not load library /home/j/jensenj/PycharmProjects/Federer-Jr./src/../crawler_single/linux/dynamic_server/crawler_dynamic_Data/Mono/libSystem.dylib
Fallback handler could not load library /home/j/jensenj/PycharmProjects/Federer-Jr./src/../crawler_single/linux/dynamic_server/crawler_dynamic_Data/Mono/libSystem.dylib.so
Fallback handler could not load library /home/j/jensenj/PycharmProjects/Federer-Jr./src/../crawler_single/linux/dynamic_server/crawler_dynamic_Data/Mono/libSystem.dylib
Fallback handler could not load library /home/j/jensenj/PycharmProjects/Federer-Jr./src/../crawler_single/linux/dynamic_server/crawler_dynamic_Data/Mono/libcoreclr.so
Fallback handler could not load library /home/j/jensenj/PycharmProjects/Federer-Jr./src/../crawler_single/linux/dynamic_server/crawler_dynamic_Data/Mono/libcoreclr.so
Fallback handler could not load library /home/j/jensenj/PycharmProjects/Federer-Jr./src/../crawler_single/linux/dynamic_server/crawler_dynamic_Data/Mono/libcoreclr.so
Fallback handler could not load library /home/j/jensenj/PycharmProjects/Federer-Jr./src/../crawler_single/linux/dynamic_server/crawler_dynamic_Data/Mono/libSystem.dylib
Fallback handler could not load library /home/j/jensenj/PycharmProjects/Federer-Jr./src/../crawler_single/linux/dynamic_server/crawler_dynamic_Data/Mono/libSystem.dylib.so
Fallback handler could not load library /home/j/jensenj/PycharmProjects/Federer-Jr./src/../crawler_single/linux/dynamic_server/crawler_dynamic_Data/Mono/libSystem.dylib
/home/j/jensenj/.local/lib/python3.6/site-packages/tensorboard/compat/tensorflow_stub/dtypes.py:541: FutureWarning: Passing (type, 1) or '1type' as a synonym of type is deprecated; in a future version of numpy, it will be understood as (type, (1,)) / '(1,)type'.
  _np_qint8 = np.dtype([("qint8", np.int8, 1)])
/home/j/jensenj/.local/lib/python3.6/site-packages/tensorboard/compat/tensorflow_stub/dtypes.py:542: FutureWarning: Passing (type, 1) or '1type' as a synonym of type is deprecated; in a future version of numpy, it will be understood as (type, (1,)) / '(1,)type'.
  _np_quint8 = np.dtype([("quint8", np.uint8, 1)])
/home/j/jensenj/.local/lib/python3.6/site-packages/tensorboard/compat/tensorflow_stub/dtypes.py:543: FutureWarning: Passing (type, 1) or '1type' as a synonym of type is deprecated; in a future version of numpy, it will be understood as (type, (1,)) / '(1,)type'.
  _np_qint16 = np.dtype([("qint16", np.int16, 1)])
/home/j/jensenj/.local/lib/python3.6/site-packages/tensorboard/compat/tensorflow_stub/dtypes.py:544: FutureWarning: Passing (type, 1) or '1type' as a synonym of type is deprecated; in a future version of numpy, it will be understood as (type, (1,)) / '(1,)type'.
  _np_quint16 = np.dtype([("quint16", np.uint16, 1)])
/home/j/jensenj/.local/lib/python3.6/site-packages/tensorboard/compat/tensorflow_stub/dtypes.py:545: FutureWarning: Passing (type, 1) or '1type' as a synonym of type is deprecated; in a future version of numpy, it will be understood as (type, (1,)) / '(1,)type'.
  _np_qint32 = np.dtype([("qint32", np.int32, 1)])
/home/j/jensenj/.local/lib/python3.6/site-packages/tensorboard/compat/tensorflow_stub/dtypes.py:550: FutureWarning: Passing (type, 1) or '1type' as a synonym of type is deprecated; in a future version of numpy, it will be understood as (type, (1,)) / '(1,)type'.
  np_resource = np.dtype([("resource", np.ubyte, 1)])
2020-06-25 12:28:21 INFO [environment.py:108] Connected to Unity environment with package version 1.0.2 and communication version 1.0.0
2020-06-25 12:28:21 INFO [environment.py:265] Connected new brain:
CrawlerDynamic?team=0
2020-06-25 12:28:21 WARNING [__init__.py:92] The environment contains multiple observations. You must define allow_multiple_obs=True to receive them all. Otherwise, only the first visual observation (or vector observation ifthere are no visual observations) will be provided in the observation.
update_time_steps: 10240 , ppo_epochs: 2 , beta:  0.01 , gamma 0.99
0 : -1.5123045351356268
1 : -1.0070749893784523
2 : 2.1558514554053545
3 : -1.2047498635947704
4 : -1.2176029211841524
5 : -2.0961288204416633
6 : 1.9474817709997296
7 : -0.8690143236890435
8 : -2.7559280599234626
9 : -1.4913833427708596
10 : -1.4172304850071669
11 : 3.5483637400902808
12 : -2.380503447726369
13 : -1.3911837771884166
14 : -2.558748207986355
15 : -2.663606120273471
16 : -0.6906840610317886
17 : 0.2346553123788908
18 : -2.2204650873318315
19 : -1.3841659529134631
20 : -1.0086931929690763
21 : -7.570180263835937
22 : 0.21242839191108942
23 : -1.3042588345706463
24 : -1.610115759074688
25 : -1.04388178139925
26 : -1.3018340053968132
27 : -3.0629034591838717
28 : -1.6115014711394906
29 : -2.0795429330319166
30 : -4.7258461229503155
31 : 0.06954108696663752
32 : -1.419331475161016
33 : 4.0318753202445805
34 : 0.08218923443928361
35 : -1.779389999806881
36 : 0.6347637735307217
37 : -1.5122647918760777
38 : -0.4314149171113968
39 : 4.834688661620021
40 : -1.2767548626288772
41 : -1.3913476495072246
42 : -2.0790374986827374
43 : -1.1409617327153683
44 : -0.62343176221475
45 : -0.8925905679352582
46 : -1.1828293781727552
47 : -1.1636873399838805
48 : -3.943799519445747
49 : -2.4127029557712376
50 : -1.1893356628715992
51 : -1.0238790553994477
52 : -1.5311222611926496
53 : -5.926929716952145
54 : -2.1812521452084184
55 : -1.7350210137665272
56 : 0.18932077195495367
57 : 0.04267242277273908
58 : -1.1971685937605798
59 : -2.851212117820978
60 : 19.99265608409769
61 : -1.6778047422412783
62 : -1.1694334959611297
63 : -1.2498033875599504
64 : -2.172745767980814
65 : -0.8970205811783671
66 : -0.9552545938640833
67 : -1.1257745223119855
68 : -3.6999600138515234
69 : -0.866554263047874
70 : -2.5670569306239486
71 : -3.455945948138833
72 : 9.092288769315928
73 : -4.510048992931843
74 : 0.22817548224702477
75 : -0.38680209778249264
76 : 4.013944133417681
77 : -1.8116665109992027
78 : 2.5910570514388382
79 : -1.347731196321547
80 : -4.346374116372317
81 : -6.662415467202663
82 : -0.922914098482579
83 : -7.634916536044329
84 : -1.3643982484936714
85 : -1.7239684788510203
86 : -2.0379839073866606
87 : -2.880479849234689
88 : -1.6987260435707867
89 : -1.744892937131226
90 : -1.8374597281217575
91 : -2.326777915470302
92 : -1.5726462774910033
93 : -0.5895761549472809
94 : 0.879129643086344
95 : -2.941472241654992
96 : -1.0057912697084248
97 : -0.6655311454087496
98 : -1.3069039294496179
99 : -1.3514013774693012
100 : -1.1027732267975807
101 : -0.06730213854461908
102 : -1.905801217071712
103 : -1.8114017229527235
104 : 0.7399149117991328
105 : -3.44900199980475
106 : -1.9021162502467632
107 : -2.106264819391072
108 : -0.4726611599326134
109 : -9.067647889722139
110 : -1.5804215129464865
111 : -0.6510137524455786
112 : -0.8341221008449793
113 : 0.41685858741402626
114 : -1.2413146710023284
115 : 3.887297456152737
116 : 0.8598162727430463
117 : -1.1162423617206514
118 : -1.2491250960156322
119 : -1.7312505971640348
120 : -3.9170901104807854
121 : -1.8792146630585194
122 : -6.215389395132661
123 : -1.9369063810445368
124 : -0.684747445397079
125 : -0.7102171466685832
126 : -1.0507020764052868
127 : -1.5998931964859366
128 : -0.5114146987907588
129 : -1.8333837618120015
130 : 0.9077342676464468
131 : -0.9966444387100637
132 : -0.40000373125076294
133 : -1.4072851669043303
134 : -0.7901059500873089
135 : -1.5670767994597554
136 : 1.7563284407369792
137 : -1.051694830879569
138 : 4.656442373991013
139 : 2.912407962605357
140 : -1.6193064106628299
141 : -1.1142402761615813
142 : 0.367884366074577
143 : -1.1763513083569705
144 : -0.1517128823325038
145 : 1.0050979312509298
146 : -2.934241520240903
147 : -1.4224699698388577
148 : -1.0570035243872553
149 : -0.170202630572021
150 : -0.5463676797226071
151 : -0.9363964609801769
152 : -1.6154018621891737
153 : -0.880845544859767
154 : -2.5448710154742002
155 : -1.4374195542186499
156 : -2.037319923751056
157 : -1.6297349967062473
158 : -6.062217114958912
159 : -1.5769313722848892
160 : -1.3931458791485056
161 : -1.0581306447274983
162 : 0.19319118035491556
163 : -0.9705847292207181
164 : -0.7608454597648233
165 : -9.537668336182833
166 : 0.10121482890099287
167 : -2.037362162140198
168 : -1.1033265963196754
169 : -1.5804955307394266
170 : -1.5767687344923615
171 : 8.063754074741155
172 : -1.1364012146368623
173 : 0.33672278886660933
174 : 0.6664403397589922
175 : -3.7316070031374693
176 : -1.2490748837590218
177 : -0.9714540336281061
178 : -2.395571753382683
179 : -1.0893089827150106
180 : -1.973647773033008
181 : -1.0426936792209744
182 : -2.1974786180071533
183 : -1.1089263465255499
184 : -0.4767222870141268
185 : -0.995990077033639
186 : -1.7395461197011173
187 : -3.5049327965825796
188 : -1.4853029670193791
189 : -1.3168412558734417
190 : -6.923747296910733
191 : -1.171536081470549
192 : -1.4807638032361865
193 : -2.2997282966971397
194 : -1.4015435362234712
195 : 1.9297968735918403
196 : -0.47355549363419414
197 : -0.7177834385074675
198 : -1.5197195741347969
199 : -1.7294760905206203
200 : -8.337964674457908
201 : -1.6162836775183678
202 : -0.860279000364244
203 : -2.262157161720097
204 : -2.7827651388943195
205 : -4.529780408367515
206 : -0.832185922190547
207 : -0.8379861600697041
208 : -1.1771329563343897
209 : -1.069828497711569
210 : -0.3515690774656832
211 : -1.0566727258265018
212 : -0.9947087264154106
213 : -1.4847556669265032
214 : -1.1583048433531076
215 : -2.319377861917019
216 : -1.0960129331797361
217 : -1.3940801701974124
218 : -1.3718797005712986
219 : -0.9135781875811517
220 : -7.0593235129490495
221 : -1.2823906391859055
222 : 0.24614687822759151
223 : -1.0844946424476802
224 : -0.9249737026402727
225 : -1.79257707670331
226 : -0.9100868157111108
227 : -1.19281119084917
228 : -0.7112304335460067
229 : -1.4161927439272404
230 : -1.2196392277255654
231 : -0.4254619386047125
232 : -1.8350653210654855
233 : 6.267437885515392
234 : -1.796664658933878
235 : -0.3910033511929214
236 : -1.3992820773273706
237 : -0.23266863590106368
238 : 2.559481649659574
239 : -2.1572322342544794
240 : -1.563152376562357
241 : -1.6463627386838198
242 : -1.0397055158391595
243 : -1.7053920635953546
244 : -1.4793151775375009
245 : 11.184060285333544
246 : -3.9190768492408097
247 : -1.7007953748106956
248 : -1.4923876598477364
249 : -1.3180722338147461
250 : -0.6361522451043129
251 : -2.1418059528805315
252 : -1.967760682106018
253 : -1.8652714509516954
254 : -1.6439123749732971
255 : -1.6026789797469974
256 : -2.1031913086771965
257 : 3.041570495814085
258 : -3.6064236722886562
259 : -1.260838728863746
260 : -0.9766099278349429
261 : -0.9723731831181794
262 : -4.624584992416203
263 : -0.06172467116266489
264 : -6.894961483310908
265 : -0.8932928266003728
266 : -0.3725423887372017
267 : -1.4508259808644652
268 : -0.9991425673943013
269 : -6.590627810684964
270 : -1.1364434408023953
271 : -1.3722239639610052
272 : -1.7540336344391108
273 : -0.8073454289697111
274 : -2.9265240087988786
275 : -1.6464442238211632
276 : -0.6123409941792488
277 : -0.8239126866683364
278 : -0.6280624093487859
279 : -1.8950534299947321
280 : -0.4934276072308421
281 : -0.8787411423400044
282 : -1.5295223854482174
283 : -0.041188175324350595
284 : -1.134267220273614
285 : -1.2208871957845986
286 : -2.332381457090378
287 : -1.0233666123822331
288 : 1.0542558785527945
289 : -8.217555613256991
290 : -1.0801733126863837
291 : -1.7138293776661158
292 : -1.5114471726119518
293 : -2.0004383767955005
294 : -1.2410409380681813
295 : -1.1159903407096863
296 : 6.114842717535794
297 : -1.5855726934969425
298 : -1.6991093456745148
299 : -1.0378149198368192
300 : -1.050146069843322
301 : -3.9170135958120227
302 : -1.7444074712693691
303 : -1.1276967292651534
304 : -1.5650939214974642
305 : -1.2317051384598017
306 : -3.8501385925337672
307 : -6.048364892136306
308 : -1.4545342959463596
309 : -0.7177747450768948
310 : -1.2875443091616035
311 : -3.653707813238725
312 : -1.1939618070609868
313 : -2.6837761159986258
314 : -1.7467609848827124
315 : -1.1128520616330206
316 : -1.817249372601509
317 : -1.0496525708585978
318 : -1.191901623737067
319 : -2.936101546511054
320 : -14.963343842886388
321 : -0.9771681567654014
322 : -0.8659427361562848
323 : -2.26195025164634
324 : -2.2953486517071724
325 : -0.8086487138643861
326 : -0.7487839600071311
327 : -1.3345995023846626
328 : -0.10381570318713784
329 : -0.982621356844902
330 : 0.8634608404245228
331 : -1.0196370966732502
332 : -2.3898101057857275
333 : -1.3698004744946957
334 : -0.02356007555499673
335 : -1.8193340003490448
336 : -1.5224495623260736
337 : -2.7996697053313255
338 : -0.7447791080921888
339 : 0.08643965423107147
340 : -2.193449856713414
341 : -1.3799444828182459
342 : -2.7689571054652333
343 : -1.7185513200238347
344 : -2.4595312140882015
345 : -0.6690131770446897
346 : -2.0202854685485363
347 : -1.602950595319271
348 : -2.478404574096203
349 : -0.8460684213787317
350 : -6.471849080175161
351 : -1.171211819164455
352 : -1.4774127607233822
353 : -7.137072627898306
354 : -1.828420838341117
355 : -2.2203401923179626
356 : -1.0564252040348947
357 : -1.681576807051897
358 : -1.302060429006815
359 : -2.404434008523822
360 : 1.40367192029953
361 : -6.7401528265327215
362 : -1.363498049788177
363 : -1.4336952678859234
364 : -0.9903488266281784
365 : -0.6861680033616722
366 : -1.3041493277996778
367 : -0.45747587783262134
368 : -1.5534185413271189
369 : -1.618069026619196
370 : -1.3499923842027783
371 : 0.7850185902789235
372 : 2.2141339294612408
373 : -7.995335931540467
374 : 0.39645912451669574
375 : -1.6556951217353344
376 : -2.8154879081994295
377 : -0.88729432458058
378 : -1.4370095515623689
379 : -0.8391041439026594
380 : -3.8904094845056534
381 : 1.688360188389197
382 : -0.9770466173067689
383 : 0.06541993981227279
384 : -3.8402810096740723
385 : -1.3157455469481647
386 : -1.1501385923475027
387 : -16.91479951213114
388 : -1.70498551055789
389 : 6.492446803953499
390 : -1.0547709045931697
391 : -1.332967427559197
392 : -1.7932646228000522
393 : 2.973891520872712
394 : 1.6562577169388533
395 : -1.2411796180531383
396 : -12.812558193691075
397 : -1.4448507209308445
398 : -0.9368568835780025
399 : 2.7543039210140705
400 : 0.14180397614836693
401 : -1.7498524943366647
402 : -1.2768719708546996
403 : -2.658599030226469
404 : -2.101919189095497
405 : 1.5334292724728584
406 : -1.1094298013485968
407 : 1.1969510209746659
408 : -0.9659402691759169
409 : -1.2146965553984046
410 : -5.001406267285347
411 : 0.5656422791071236
412 : -1.1124686487019062
413 : -1.0395663604140282
414 : 2.0149253900162876
415 : -0.8675821060314775
416 : -0.5633667856454849
417 : 0.4642333132214844
418 : -1.61971939727664
419 : -1.4765653936192393
420 : -1.3027005847543478
421 : -0.9497646423988044
422 : -1.5789532586932182
423 : -1.0144855822436512
424 : -3.454152198974043
425 : -0.949658839032054
426 : -1.2340037990361452
427 : -1.8431163225322962
428 : -2.6948537407442927
429 : -2.148312222212553
430 : 3.391652075573802
431 : -1.1399120204150677
432 : -5.135515194386244
433 : -5.245668139308691
434 : -1.5335453725419939
435 : -1.9164581671357155
436 : -1.1446102550253272
437 : 2.402512928470969
438 : -1.4578919559717178
439 : 0.9205646011978388
440 : -1.62667335011065
441 : -1.8279290455393493
442 : -3.712658950360492
443 : -1.0057299304753542
444 : -0.7122429292649031
445 : 1.1832146914675832
446 : -2.2837798222899437
447 : -4.203498966060579
448 : -3.4934168700128794
449 : -1.377031847834587
450 : -1.185137277469039
451 : -1.6461762422695756
452 : 1.025335693731904
453 : -1.541243314743042
454 : -0.9013480171561241
455 : -1.456527093425393
456 : -2.7487286292016506
457 : -0.5822877511382103
458 : 0.25157610327005386
459 : -2.194962433539331
460 : -1.0999931092374027
461 : -7.453606906812638
462 : -0.7851405302062631
463 : 1.212908782530576
464 : -1.40014295745641
465 : -1.4235744390171021
466 : -0.4398544975556433
467 : -3.9861962008289993
468 : -1.0946057382971048
469 : 1.338609289843589
470 : -0.4685824350453913
471 : -4.329870636574924
472 : -5.966515698470175
473 : 0.3433571136556566
474 : -1.7981850868090987
475 : -0.9954113392159343
476 : -14.363447941839695
477 : -1.0823064846917987
478 : -1.3658637814223766
479 : -2.565755087416619
480 : -1.0583386851940304
481 : -0.718543847091496
482 : -1.8385099619627
483 : -0.531356387771666
484 : -1.4028149642981589
485 : -0.8593895053490996
486 : -0.764578293543309
487 : 0.9686730904504657
488 : -1.417575642466545
489 : -1.6012526364065707
490 : -2.062383893877268
491 : -5.366276613436639
492 : -1.1464619366452098
493 : 1.3009019829332829
494 : -2.110829059034586
495 : -1.7185650924220681
496 : -1.5136429141275585
497 : 0.3464003480039537
!!! updated
498 : -1.6857645851559937
499 : -1.371053822338581
500 : -1.8741079540923238
501 : -1.212898924946785
502 : 0.4824779126793146
503 : -0.9512295997701585
504 : -3.0130200274288654
505 : -1.33408432174474
506 : -0.42875080928206444
507 : -1.0557418428361416
508 : -2.3341031596064568
509 : -1.440945512149483
510 : -2.8631587475538254
511 : -1.3799952920526266
512 : -2.7339660339057446
513 : -1.3295123968273401
514 : -1.6496767671778798
515 : -1.5042974464595318
516 : -1.827911579515785
517 : -1.628348171710968
518 : 0.6326099112338852
519 : -1.1301124142482877
520 : -2.9017936792224646
521 : -1.4672182817012072
522 : -2.3150212466716766
523 : -0.9595460412092507
524 : -0.19539286941289902
525 : -1.5164642985910177
526 : -2.571960538625717
527 : -1.335229811258614
528 : -2.059217137284577
529 : -2.1721233800053596
530 : -2.8189111296087503
531 : -1.1902976352721453
532 : -2.614984445273876
533 : -0.9605878684669733
534 : -1.5992580354213715
535 : -1.0256192721426487
536 : -2.406786755193025
537 : -0.8711320972070098
538 : -2.829513393342495
539 : -1.1722561307251453
540 : 0.6315638204105198
541 : -1.4966784119606018
542 : -1.9754872024059296
543 : -1.6025873869657516
544 : -0.13681894820183516
545 : -0.9200701955705881
546 : -1.579391305334866
547 : -1.8278645873069763
548 : -2.8427265398204327
549 : -1.5457431450486183
550 : 0.34389430191367865
551 : -1.5255569219589233
552 : -2.70565727353096
553 : -1.0941807627677917
554 : -2.434873285004869
555 : -1.6528298184275627
556 : -2.419275026768446
557 : -1.5626850798726082
558 : -1.8424567896872759
559 : -1.2586004938930273
560 : -1.5653579253703356
561 : -1.7441891320049763
562 : -0.8531032940372825
563 : -1.5753439217805862
564 : -1.0577626572921872
565 : -2.6978375911712646
566 : 0.7042873734608293
567 : -1.5753011032938957
568 : -2.8418524377048016
569 : -0.9229375463910401
570 : -2.1585844717919827
571 : -1.4690422732383013
572 : -2.2950189616531134
573 : -1.8404165878891945
574 : 0.13165469840168953
575 : -1.5872144475579262
576 : -2.171515554189682
577 : -1.823471985757351
578 : -1.885711021721363
579 : -1.514394760131836
580 : -0.052034301683306694
581 : -1.6669112667441368
582 : -3.0836252123117447
583 : -1.3667754456400871
584 : -0.892931483220309
585 : -1.0131777953356504
586 : -2.872282173484564
587 : -1.379768617451191
588 : -2.812630098313093
589 : -1.2372163105756044
590 : -0.25895455572754145
591 : -1.6910947747528553
592 : -2.301342112477869
593 : -1.0100740222260356
594 : 0.6570242261514068
595 : -0.8962467173114419
596 : 0.6838701087981462
597 : -1.085493820719421
598 : -2.894831497222185
599 : -1.1060065403580666
600 : -0.3656848594546318
601 : -1.0258467643288895
602 : 0.16510206274688244
603 : -1.2593039823696017
604 : -2.3208834007382393
605 : -1.0930777192115784
606 : -0.3842979669570923
607 : -1.426701370626688
608 : -3.034417688846588
609 : -1.4782291762530804
610 : -1.9614253244362772
611 : -1.1607418414205313
612 : -1.2756692208349705
613 : -1.0487558948807418
614 : -3.0171397775411606
615 : -1.1075702896341681
616 : -0.09152792952954769
617 : -0.895042872056365
618 : -2.8960283380001783
619 : -0.9411456822417676
620 : -0.37258592434227467
621 : -1.1102985497564077
622 : -2.899092260748148
623 : -1.3394736414775252
624 : -1.6543301288038492
625 : -1.5250715613365173
626 : -2.916431348770857
627 : -1.0934880864806473
628 : 0.30785412318073213
629 : -1.3939528902992606
630 : -0.9974637292325497
631 : -1.3712233658879995
632 : 0.7420460544526577
633 : -0.8322407221421599
634 : -0.5492516662925482
635 : -1.9455609619617462
636 : -0.5078723654150963
637 : -2.171437680721283
638 : -1.0314301000908017
639 : -1.43358338996768
640 : -0.5482486188411713/home/j/jensenj/.local/lib/python3.6/site-packages/gym/logger.py:30: UserWarning: [33mWARN: Box bound precision lowered by casting to float32[0m
  warnings.warn(colorize('%s: %s'%('WARN', msg % args), 'yellow'))

641 : -1.3506129570305347
642 : 0.30186550319194794
643 : -1.567140556871891
644 : -2.1123443245887756
645 : -1.5370407439768314
646 : -2.4240606017410755
647 : -1.6902808099985123
648 : -2.63062601769343
649 : -1.5758978128433228
650 : -1.177467635832727
651 : -1.5133557170629501
652 : -2.8700477704405785
653 : -1.545194387435913
654 : 0.3042352676857263
655 : -1.3479879554361105
656 : 0.4840361193055287
657 : -1.05150785879232
658 : 0.6183658998925239
659 : -1.1016231579706073
660 : -0.8113826010376215
661 : -1.5613905936479568
662 : 0.7391359005123377
663 : -2.0474890992045403
664 : -2.5354759246110916
665 : -1.05808358034119
666 : -1.677188042551279
667 : -1.5428939759731293
668 : 0.06446307897567749
669 : -0.8377019641920924
670 : -1.3914001239463687
671 : -1.4034917317330837
672 : -2.6215452472679317
673 : -1.301606030203402
674 : -0.4118727557361126
675 : -1.0778369824402034
676 : -2.1407175045460463
677 : -1.4184105843305588
678 : -1.185476996935904
679 : -2.789983995258808
680 : -2.159732229076326
681 : -0.8147167935967445
682 : -1.1561555694788694
683 : -0.9267634637653828
684 : -2.7259038127958775
685 : -1.0925753745250404
686 : 0.252636406570673
687 : -1.4683965891599655
688 : -1.4535247310996056
689 : -1.4637117516249418
690 : -1.1699676541611552
691 : -1.1954261641949415
692 : 0.0544517207890749
693 : -1.5738009735941887
694 : -1.9329678229987621
695 : -1.1214892156422138
696 : -2.8997736740857363
697 : -1.2813044292852283
698 : -2.4783280603587627
699 : -1.4362600594758987
700 : -2.8370469994843006
701 : -1.9745538756251335
702 : 0.6651108164805919
703 : -3.0163812935352325
704 : -2.4967710822820663
705 : -1.328725889325142
706 : -1.186251369304955
707 : -0.9298773775808513
708 : -2.7234570365399122
709 : -1.7114264518022537
710 : -2.7729614712297916
711 : -0.9755740156397223
712 : 0.6921130248811096
713 : -1.3724246434867382
714 : -2.3460615598596632
715 : -1.422242240048945
716 : -2.0219429112039506
717 : -1.652598649263382
718 : 0.5300004351884127
719 : -1.0394141530850902
720 : -1.839549109339714
721 : -1.5109352469444275
722 : -1.2960708332248032
723 : -1.1355513762682676
724 : -2.8425876777619123
725 : -1.0779111024457961
726 : -2.7348694391548634
727 : -1.5095918523147702
728 : -0.4952312298119068
729 : -0.9283830244094133
730 : -1.1071238028816879
731 : -1.4009861685335636
732 : -0.7455933690071106
733 : -1.217310395091772
734 : -2.780446123331785
735 : -1.2645259611308575
736 : -1.9809913970530033
737 : -1.0108818146400154
738 : 0.45551014272496104
739 : -1.0722248116508126
740 : -2.761502981185913
741 : -1.285511564463377
742 : 0.7094290237873793
743 : -1.3068712772801518
744 : 0.7211809956934303
745 : -1.03601308260113
746 : -1.6287732124328613
747 : -0.8886148845776916
748 : 0.7739041517488658
749 : -1.479561971500516
750 : -2.7960264794528484
751 : -1.0847524018026888
752 : -2.2186300829052925
753 : -1.1972278095781803
754 : -0.505863493308425
755 : -1.5570921897888184
756 : 0.22482344508171082
757 : -1.4980283938348293
758 : -2.8272093906998634
759 : -2.1893175765872
760 : -2.3112138034775853
761 : -1.7543127685785294
762 : -2.379552796948701
763 : -1.555067203938961
764 : -1.858808271586895
765 : -1.547553163021803
766 : -0.49494532495737076
767 : -1.57169521600008
768 : -1.5861120885238051
769 : -1.5771679729223251
770 : -2.528201177716255
771 : -1.308077272027731
772 : -0.605856791138649
773 : -1.1274354648776352
774 : -2.0407301113009453
775 : -2.0019489899277687
776 : -1.3690463383682072
777 : -2.517348913475871
778 : -2.888139810413122
779 : -1.2385661471635103
780 : -2.11838810890913
781 : -1.0960923619568348
782 : -0.6682783365249634
783 : -1.5944034848362207
784 : 0.41492588073015213
785 : -1.3071066630072892
786 : -2.8167538195848465
787 : -1.6924758180975914
788 : -1.458295266609639
789 : -0.9439494647085667
790 : 0.08906833827495575
791 : -0.970610661432147
792 : -1.1322267805226147
793 : -0.8057225858792663
794 : -2.06370846927166
795 : -1.467359572649002
796 : -1.070848642848432
797 : -0.9722582940012217
798 : -1.7226175228133798
799 : -1.1837395764887333
800 : 0.7254034075886011
801 : -1.6320544332265854
802 : 0.6219140291213989
803 : -1.5726341158151627
804 : -1.3960842620581388
805 : -1.6580330580472946
806 : -2.8642803095281124
807 : -1.4873387776315212
808 : 0.5875307712703943
809 : -1.836647056043148
810 : -2.855875773355365
811 : -1.5623182877898216
812 : -0.1494467295706272
813 : -0.9238833342678845
814 : -2.7786967158317566
815 : -1.636159509420395
816 : 0.7266281938645989
817 : -1.0603416690137237
818 : -2.648412773385644
819 : -1.9669909477233887
820 : 0.1743238102644682
821 : -0.9139968892559409
822 : -2.143415406346321
823 : -1.3823566660284996
824 : 0.6709621360059828
825 : -1.4306230135262012
826 : -2.790978712029755
827 : -1.2887108232825994
828 : -1.3456733264029026
829 : -1.5190950147807598
830 : -1.198659436777234
831 : -1.3758462890982628
832 : -2.608292371034622
833 : -1.5482701659202576
834 : -2.881315194070339
835 : -1.2233199495822191
836 : 0.37160045420750976
837 : -1.9507898287847638
838 : -2.7662199027836323
839 : -1.564732275903225
840 : -1.0546984858810902
841 : -1.809127263724804
842 : 0.4734169505536556
843 : -0.9784708842635155
844 : -1.3049122663214803
845 : -1.9264737144112587
846 : 0.5538164302706718
847 : -1.5801358073949814
848 : -2.3310816758312285
849 : -1.0573146117385477
850 : 0.4507549796253443
851 : -1.3220547121018171
852 : -2.9891446381807327
853 : -1.2453604475595057
854 : -2.397516466677189
855 : -2.6614238880574703
856 : -2.7268726900219917
857 : -1.0160418935120106
858 : -2.734180521219969
859 : -1.4407901670783758
860 : -1.7681108005344868
861 : -1.1635067900642753
862 : -2.3661630153656006
863 : -1.6002432778477669
864 : 0.6087788641452789
865 : -1.8616000786423683
866 : -0.3616127111017704
867 : -0.9971084268763661
868 : -0.10148525051772594
869 : -1.2617781022563577
870 : -2.304695747792721
871 : -1.3099379129707813
872 : -2.611355123575777
873 : -1.3109349505975842
874 : -1.5755507461726665
875 : -0.8303521675989032
876 : -2.9194143302738667
877 : -1.9100064374506474
878 : -0.8203334179706872
879 : -1.5816726312041283
880 : -2.3437127619981766
881 : -0.8523009619675577
882 : -2.9454347416758537
883 : -1.3117490536533296
884 : -1.3681756192818284
885 : -1.6956032440066338
886 : -1.3779125437140465
887 : -3.3313272297382355
888 : -2.1746467873454094
889 : -1.2162733525037766
890 : -1.8470039553940296
891 : -1.323312507942319
892 : -2.7699907729402184
893 : -0.8569206241518259
894 : -0.07120952196419239
895 : -1.379942523315549
896 : -1.7544327899813652
897 : -1.651058740913868
898 : -0.6525895651429892
899 : -1.0322242905385792
900 : -2.4367438196204603
901 : -1.4044258669018745
902 : 0.01637307181954384
903 : -1.2621537437662482
904 : 0.7432323228567839
905 : -2.6081740260124207
906 : -0.15297553315758705
907 : -1.5043821893632412
908 : -2.413499243557453
909 : -1.4070276208221912
910 : -3.122266538441181
911 : -1.601817511022091
912 : -2.194206029176712
913 : -1.2708511669188738
914 : -0.7133227922022343
915 : -1.6658878847956657
916 : -0.8014084845781326
917 : -1.1492218510247767
918 : -1.1401131618767977
919 : -0.9022750472649932
920 : -2.105695672798902
921 : -1.391906563192606
922 : -0.03956527495756745
923 : -1.2499150522053242
924 : 0.49879905208945274
925 : -1.4673010893166065
926 : 0.09079449065029621
927 : -1.6908352263271809
928 : -3.153204381465912
929 : -1.073539656586945
930 : -2.8445587027817965
931 : -1.8514623884111643
932 : -0.9705582335591316
933 : -1.0219122869893909
934 : -0.03980483580380678
935 : -1.2985563594847918
936 : -2.7365332804620266
937 : -0.8772060656920075
938 : -2.7771518817171454
939 : -0.8459548815153539
940 : -0.797551678493619
941 : -1.5692039653658867
942 : -3.172060251235962
943 : -1.5254239179193974
944 : -0.5109944399446249
945 : -1.27455566637218
946 : -2.7835558988153934
947 : -1.6368682906031609
948 : -3.0098357759416103
949 : -1.104055573232472
950 : -2.599553968757391
951 : -1.2413335833698511
952 : -2.051763191819191
953 : -1.3054651841521263
954 : -2.0203397888690233
955 : -1.0900281751528382
956 : -1.5695183835923672
957 : -1.5481717362999916
958 : -2.2403335687704384
959 : -0.8570085125975311
960 : 0.42027422972023487
961 : -1.3506966321729124
962 : -2.692751888651401
963 : -0.9131461828947067
964 : -1.5637419377453625
965 : -1.7387506663799286
966 : -0.49511630833148956
967 : -1.518398217856884
968 : -1.5819684313610196
969 : -1.4839058704674244
970 : -2.8715934194624424
971 : -1.040456282440573
972 : -0.8648196868598461
973 : -1.5409118235111237
974 : 0.453668549656868
975 : -1.2014735089614987
976 : -2.5533176315948367
977 : -1.5446740537881851
978 : -1.5748477866873145
979 : -2.0035642944276333
980 : 0.7385826238896698
981 : -1.0460549204144627
982 : -2.3064962248317897
983 : -1.2441186639480293
984 : -0.9006752273999155
985 : -1.7449866011738777
986 : -2.822768778540194
987 : -1.0396283445879817
988 : -2.9225053153932095
989 : -1.4011420384049416
990 : -0.43995055463165045
991 : -1.6395378336310387
992 : -0.046112608164548874
993 : -1.6012732088565826
994 : -1.7235151454806328
995 : -1.421632831916213
996 : 0.7299642990110442
997 : -1.4084165724925697
998 : -1.198475074954331
999 : -0.9915596581995487
Setting up 6 worker threads for Enlighten.
  Thread -> id: 7fc7761ac700 -> priority: 1 
  Thread -> id: 7fc7759ab700 -> priority: 1 
  Thread -> id: 7fc7751aa700 -> priority: 1 
  Thread -> id: 7fc7749a9700 -> priority: 1 
  Thread -> id: 7fc70bfff700 -> priority: 1 
  Thread -> id: 7fc70b7fe700 -> priority: 1 
2020-06-25 12:45:39 INFO [environment.py:418] Environment shut down with return code 0.
