slurmstepd-guenz: error: Unable to create TMPDIR [/tmp/user/30108]: Permission denied
slurmstepd-guenz: error: Setting TMPDIR to /tmp
Found path: /home/j/jensenj/PycharmProjects/Federer-Jr./src/../crawler_single/linux/dynamic_server/crawler_dynamic.x86_64
Mono path[0] = '/home/j/jensenj/PycharmProjects/Federer-Jr./src/../crawler_single/linux/dynamic_server/crawler_dynamic_Data/Managed'
Mono config path = '/home/j/jensenj/PycharmProjects/Federer-Jr./src/../crawler_single/linux/dynamic_server/crawler_dynamic_Data/MonoBleedingEdge/etc'
Preloaded 'lib_burst_generated.so'
Preloaded 'libgrpc_csharp_ext.x64.so'
Initialize engine version: 2019.3.15f1 (59ff3e03856d)
[Subsystems] Discovering subsystems at path /home/j/jensenj/PycharmProjects/Federer-Jr./src/../crawler_single/linux/dynamic_server/crawler_dynamic_Data/UnitySubsystems
Forcing GfxDevice: Null
GfxDevice: creating device client; threaded=0
NullGfxDevice:
    Version:  NULL 1.0 [1.0]
    Renderer: Null Device
    Vendor:   Unity Technologies
Begin MonoManager ReloadAssembly
- Completed reload, in  0.105 seconds
WARNING: Shader Unsupported: 'Autodesk Interactive' - All passes removed
WARNING: Shader Did you use #pragma only_renderers and omit this platform?
UnloadTime: 0.433598 ms
Fallback handler could not load library /home/j/jensenj/PycharmProjects/Federer-Jr./src/../crawler_single/linux/dynamic_server/crawler_dynamic_Data/Mono/libcoreclr.so
Fallback handler could not load library /home/j/jensenj/PycharmProjects/Federer-Jr./src/../crawler_single/linux/dynamic_server/crawler_dynamic_Data/Mono/libcoreclr.so
Fallback handler could not load library /home/j/jensenj/PycharmProjects/Federer-Jr./src/../crawler_single/linux/dynamic_server/crawler_dynamic_Data/Mono/libcoreclr.so
Fallback handler could not load library /home/j/jensenj/PycharmProjects/Federer-Jr./src/../crawler_single/linux/dynamic_server/crawler_dynamic_Data/Mono/libSystem.dylib
Fallback handler could not load library /home/j/jensenj/PycharmProjects/Federer-Jr./src/../crawler_single/linux/dynamic_server/crawler_dynamic_Data/Mono/libSystem.dylib.so
Fallback handler could not load library /home/j/jensenj/PycharmProjects/Federer-Jr./src/../crawler_single/linux/dynamic_server/crawler_dynamic_Data/Mono/libSystem.dylib
Fallback handler could not load library /home/j/jensenj/PycharmProjects/Federer-Jr./src/../crawler_single/linux/dynamic_server/crawler_dynamic_Data/Mono/libcoreclr.so
Fallback handler could not load library /home/j/jensenj/PycharmProjects/Federer-Jr./src/../crawler_single/linux/dynamic_server/crawler_dynamic_Data/Mono/libcoreclr.so
Fallback handler could not load library /home/j/jensenj/PycharmProjects/Federer-Jr./src/../crawler_single/linux/dynamic_server/crawler_dynamic_Data/Mono/libcoreclr.so
Fallback handler could not load library /home/j/jensenj/PycharmProjects/Federer-Jr./src/../crawler_single/linux/dynamic_server/crawler_dynamic_Data/Mono/libSystem.dylib
Fallback handler could not load library /home/j/jensenj/PycharmProjects/Federer-Jr./src/../crawler_single/linux/dynamic_server/crawler_dynamic_Data/Mono/libSystem.dylib.so
Fallback handler could not load library /home/j/jensenj/PycharmProjects/Federer-Jr./src/../crawler_single/linux/dynamic_server/crawler_dynamic_Data/Mono/libSystem.dylib
/home/j/jensenj/.local/lib/python3.6/site-packages/tensorboard/compat/tensorflow_stub/dtypes.py:541: FutureWarning: Passing (type, 1) or '1type' as a synonym of type is deprecated; in a future version of numpy, it will be understood as (type, (1,)) / '(1,)type'.
  _np_qint8 = np.dtype([("qint8", np.int8, 1)])
/home/j/jensenj/.local/lib/python3.6/site-packages/tensorboard/compat/tensorflow_stub/dtypes.py:542: FutureWarning: Passing (type, 1) or '1type' as a synonym of type is deprecated; in a future version of numpy, it will be understood as (type, (1,)) / '(1,)type'.
  _np_quint8 = np.dtype([("quint8", np.uint8, 1)])
/home/j/jensenj/.local/lib/python3.6/site-packages/tensorboard/compat/tensorflow_stub/dtypes.py:543: FutureWarning: Passing (type, 1) or '1type' as a synonym of type is deprecated; in a future version of numpy, it will be understood as (type, (1,)) / '(1,)type'.
  _np_qint16 = np.dtype([("qint16", np.int16, 1)])
/home/j/jensenj/.local/lib/python3.6/site-packages/tensorboard/compat/tensorflow_stub/dtypes.py:544: FutureWarning: Passing (type, 1) or '1type' as a synonym of type is deprecated; in a future version of numpy, it will be understood as (type, (1,)) / '(1,)type'.
  _np_quint16 = np.dtype([("quint16", np.uint16, 1)])
/home/j/jensenj/.local/lib/python3.6/site-packages/tensorboard/compat/tensorflow_stub/dtypes.py:545: FutureWarning: Passing (type, 1) or '1type' as a synonym of type is deprecated; in a future version of numpy, it will be understood as (type, (1,)) / '(1,)type'.
  _np_qint32 = np.dtype([("qint32", np.int32, 1)])
/home/j/jensenj/.local/lib/python3.6/site-packages/tensorboard/compat/tensorflow_stub/dtypes.py:550: FutureWarning: Passing (type, 1) or '1type' as a synonym of type is deprecated; in a future version of numpy, it will be understood as (type, (1,)) / '(1,)type'.
  np_resource = np.dtype([("resource", np.ubyte, 1)])
2020-06-25 12:24:51 INFO [environment.py:108] Connected to Unity environment with package version 1.0.2 and communication version 1.0.0
2020-06-25 12:24:51 INFO [environment.py:265] Connected new brain:
CrawlerDynamic?team=0
2020-06-25 12:24:51 WARNING [__init__.py:92] The environment contains multiple observations. You must define allow_multiple_obs=True to receive them all. Otherwise, only the first visual observation (or vector observation ifthere are no visual observations) will be provided in the observation.
/home/j/jensenj/.local/lib/python3.6/site-packages/gym/logger.py:30: UserWarning: [33mWARN: Box bound precision lowered by casting to float32[0m
  warnings.warn(colorize('%s: %s'%('WARN', msg % args), 'yellow'))
/home/j/jensenj/.local/lib/python3.6/site-packages/numpy/core/_methods.py:160: RuntimeWarning: invalid value encountered in reduce
  ret = umr_sum(arr, axis, dtype, out, keepdims)
update_time_steps: 10240 , ppo_epochs: 1 , beta:  0.1 , gamma 0.99
0 : -0.45726417610421777
1 : -5.0314662754535675
2 : 3.7503432342782617
3 : 0.39353035762906075
4 : -1.3966658376157284
5 : -1.1179855018854141
6 : -0.7235480975359678
7 : -0.4114060588181019
8 : -1.3275614645099267
9 : -1.9725136738270521
10 : -1.3432531049475074
11 : 3.182992539834231
12 : -0.9573383741080761
13 : 2.792693024035543
14 : 3.952616211026907
15 : -2.4452205928973854
16 : -2.0177667879033834
17 : -1.690592729486525
18 : 0.9582897583022714
19 : -1.5376263801008463
20 : -1.5795977441594005
21 : -5.183039489202201
22 : -0.6795062627643347
23 : -1.0859473329037428
24 : -1.8609829992055893
25 : -4.081502641551197
26 : -1.5526401996612549
27 : -0.720090108923614
28 : -3.1296791825443506
29 : 2.702185228932649
30 : -2.4023160077631474
31 : 5.933709499426186
32 : -1.762858398258686
33 : -1.8612379729747772
34 : -0.6116199004463851
35 : -2.353520073927939
36 : 6.684830057900399
37 : -3.5314982533454895
38 : -3.890156846959144
39 : 0.27347890473902225
40 : -0.6086587938480079
41 : -0.29415816720575094
42 : -3.72971155308187
43 : -0.897170671261847
44 : -1.1257388209924102
45 : -0.9094642922282219
46 : 1.5336658032611012
47 : -0.9917380311526358
48 : 1.179765491746366
49 : -16.93518426991068
50 : -0.15641139447689056
51 : -0.4723694056738168
52 : 5.229842038825154
53 : -7.838320562615991
54 : -0.4757585092447698
55 : -0.8637183303944767
56 : -0.5074832299724221
57 : -2.0236980840563774
58 : -1.19618557440117
59 : -5.002145992591977
60 : -1.478031387552619
61 : -2.7758806003257632
62 : 5.707469255197793
63 : -1.7749119037762284
64 : -6.0086267264559865
65 : 1.4025698266923428
66 : -1.255320094525814
67 : -5.197878748178482
68 : 0.1376341509167105
69 : -0.9259844608604908
70 : -1.0562852481380105
71 : -0.617834759876132
72 : -2.0762885930016637
73 : -1.7779193222522736
74 : -1.4353336365893483
75 : -0.9454201054759324
76 : -1.1307923942804337
77 : -0.9821665827184916
78 : -0.8421845575794578
79 : -2.4968615565449
80 : -1.3394318111240864
81 : 3.204041547141969
82 : -2.8322425354272127
83 : -0.7999216392636299
84 : -1.7868170598521829
85 : -0.2808863492682576
86 : -1.3286821485962719
87 : -0.8979400431271642
88 : -0.8189492546953261
89 : -1.9943722245516255
90 : 1.8279219567775726
91 : -1.656899007037282
92 : -3.661023465450853
93 : 6.405942585319281
94 : -1.5890365652740002
95 : -2.8953284327872097
96 : -1.745274156332016
97 : 1.5446279724128544
98 : -0.9855257831513882
99 : -0.6080867387354374
100 : -2.2973223561421037
101 : -3.131836047861725
102 : -1.5132566699758172
103 : 6.262167744338512
104 : -1.7676560245454311
105 : -1.1934567019343376
106 : -1.323141208384186
107 : -2.476983431726694
108 : -6.545466794632375
109 : 2.1207364189904183
110 : 12.10040763579309
111 : -1.6169119216501713
112 : 0.056567024905234575
113 : 4.065699146129191
114 : 4.974364198977128
115 : -2.723829655908048
116 : -3.2603384843096137
117 : -1.8083114586770535
118 : -7.55656763818115
119 : -0.662934313993901
120 : -1.8786238301545382
121 : -0.07230333518236876
122 : -1.9018698520958424
123 : -4.794295524246991
124 : -7.559963183943182
125 : -2.1579629899933934
126 : -0.5272923381999135
127 : 0.21452689915895462
128 : -0.8140088077634573
129 : -1.7569841668009758
130 : -3.374644516967237
131 : 1.2063723793253303
132 : -2.1808115332387388
133 : -1.958526372909546
134 : 0.5095903780311346
135 : -1.1293129390105605
136 : -1.041394341737032
137 : -2.4555177111178637
138 : -1.128277834970504
139 : -1.138368838466704
140 : -2.36374843493104
141 : -0.8863918571732938
142 : -1.088273799046874
143 : -1.0299162776209414
144 : -1.484842918231152
145 : -14.787664569914341
146 : -1.5547320414334536
147 : -3.106914763338864
148 : -1.3119982765056193
149 : 0.026173101272433996
150 : -1.5575444959104061
151 : -0.9402490444481373
152 : -0.9579747810494155
153 : -0.9600083217956126
154 : -9.174203546717763
155 : -1.368286319077015
156 : 2.845989695750177
157 : 1.875503531191498
158 : -1.6521664066240191
159 : -0.9674239370506257
160 : -1.2800466485787183
161 : -1.5907560288906097
162 : 7.755025811959058
163 : -0.5964841530658305
164 : 3.2618833100423217
165 : -1.2813005484640598
166 : -2.2721249754540622
167 : -1.92143433727324
168 : 0.7901311148889363
169 : -1.274520623497665
170 : -1.0209235069341958
171 : 4.121646257117391
172 : -1.1468917690217495
173 : -1.345119041390717
174 : -9.34241570904851
175 : 1.486432682722807
176 : -1.0759383020922542
177 : -1.8459898233413696
178 : 0.10118768736720085
179 : 2.1249877577647567
180 : 1.9457513922825456
181 : -1.6185002159327269
182 : -0.6946820649318397
183 : -5.603067939169705
184 : -3.0004088105633855
185 : -0.8922160849906504
186 : -7.660759396851063
187 : 5.568614377640188
188 : -0.9406347004696727
189 : -0.755450040102005
190 : -4.910450804978609
191 : -1.4889029506593943
192 : -7.748005552217364
193 : -2.137697212398052
194 : -1.541768265888095
195 : -1.80156484618783
196 : -6.230282404460013
197 : -1.537520483136177
198 : -4.082935678772628
199 : 0.4746570400893688
200 : -1.6139409020543098
201 : -0.7737023681402206
202 : -1.102735503576696
203 : 2.004805917851627
204 : -1.181204057764262
205 : -2.259441686794162
206 : -2.328647165093571
207 : -1.6682070158421993
208 : -2.4209857247769833
209 : -1.5569313177838922
210 : -1.9958616197109222
211 : -1.124795004259795
212 : -5.98897296609357
213 : -1.082790748681873
214 : -1.341179447248578
215 : 3.1593322632834315
216 : -0.3238822780549526
217 : -1.2650468909414485
218 : -1.032815681770444
219 : -1.8782770566176623
220 : -6.774671958293766
221 : -0.7167184660211205
222 : -1.052416912280023
223 : -1.6531053837388754
224 : -1.7452766899950802
225 : -0.20710819214582443
226 : 1.1703759925439954
227 : -1.4348072414286435
228 : 12.2742219499778
229 : -0.530810022726655
230 : -1.6106949709355831
231 : -1.333420309703797
232 : -1.7928854268975556
233 : 1.5329314074479043
234 : 0.8187204310670495
235 : 1.4645140338689089
236 : 2.7530443388968706
237 : -1.2782665434060618
238 : -1.4064517682418227
239 : 0.0495402067899704
240 : -2.105397554114461
241 : 6.128501357045025
242 : -1.7418960547074676
243 : -1.9082616744562984
244 : -2.648672187468037
245 : -1.6123694339767098
246 : -3.4265546929091215
247 : -11.543414787389338
248 : -1.0933585446327925
249 : 2.9630836457945406
250 : 2.5785281700082123
251 : -2.3900922182947397
252 : -1.1484096019994467
253 : 2.179820009507239
254 : -1.6553591415286064
255 : 0.28763958998024464
256 : -0.9199658157303929
257 : -2.3112971554510295
258 : 2.21432997379452
259 : -3.7177234068512917
260 : -1.303668051958084
261 : 0.9682741975411773
262 : -1.544630914926529
263 : 4.429725002497435
264 : -1.11266424797941
265 : -1.4199704453349113
266 : -0.58375957258977
267 : -2.8357997238636017
268 : -1.2245993547840044
269 : -1.7031586626544595
270 : -1.3012264985591173
271 : -1.0261256834492087
272 : 2.4852642938494682
273 : -1.1894616414792836
274 : -0.8304589758627117
275 : 2.9312482909299433
276 : -0.6397715276107192
277 : -1.3610143596306443
278 : -6.358965873718262
279 : -1.2905328087508678
280 : -0.02820909908041358
281 : -2.1404253020882607
282 : -2.500950064510107
283 : -4.377917669713497
284 : -8.320863511413336
285 : -0.719871524721384
286 : 0.23794563952833414
287 : -1.425354982027784
288 : -10.026862684637308
289 : -1.449216639623046
290 : 1.379281715489924
291 : -1.1038370616734028
292 : -1.5108777172863483
293 : 0.8167691075359471
294 : -1.3608930762857199
295 : 16.236884937621653
296 : -0.053780118469148874
297 : -1.4941527992486954
298 : -2.527341168373823
299 : -0.8009662749245763
300 : 1.6442136766854674
301 : -0.8978081392124295
302 : 0.797482053283602
303 : -1.727349542081356
304 : -0.6622946672141552
305 : -1.8114623706787825
306 : -0.6070467843674123
307 : -1.8596763480454683
308 : -1.6542359702289104
309 : -5.047516708029434
310 : -1.5335273053497076
311 : -4.842644315445796
312 : -1.4042095337063074
313 : -1.3829483054578304
314 : -1.7924362667836249
315 : -1.5854645613580942
316 : 0.203801441937685
317 : -0.9246110031381249
318 : -0.11336581408977509
319 : -1.7179632503539324
320 : 0.23946916218847036
321 : -0.9917409364134073
322 : -2.1976239271461964
323 : -5.469406770542264
324 : 4.066750641912222
325 : -1.0712787862867117
326 : -0.42794997338205576
327 : -1.672084392979741
328 : -0.7927211672067642
329 : 7.809097705874592
330 : -1.7008162327110767
331 : -14.254163596779108
332 : -1.636936217546463
333 : 3.2405659672804177
334 : 11.456629153341055
335 : -0.2308743023313582
336 : -0.8423100062645972
337 : -1.8298076130449772
338 : -0.7779756665695459
339 : 0.7612531911581755
340 : 0.006244191899895668
341 : -1.3030603470979258
342 : -6.720937818288803
343 : -1.5968613580334932
344 : 0.3036160044139251
345 : -0.9329248038120568
346 : -0.8025070829316974
347 : -0.2930294559337199
348 : -1.3036370617337525
349 : -0.5776306251063943
350 : -1.848456982523203
351 : -1.181444344110787
352 : -1.1514018578454852
353 : -1.2953615505248308
354 : -9.983426628634334
355 : -1.9647356169298291
356 : -1.131664140149951
357 : -2.7428571367636323
358 : -1.024972068844363
359 : -2.1629310217685997
360 : -1.3870244501158595
361 : 4.362249375320971
362 : -1.7767739053815603
363 : -4.362384864129126
364 : -2.40905596408993
365 : -4.351241523399949
366 : -1.6748473402112722
367 : -1.2960736290551722
368 : 0.0813197772949934
369 : -1.2278165719471872
370 : -2.164488907903433
371 : -1.014578373869881
372 : 6.074743696022779
373 : 3.439435351639986
374 : -0.26480095740407705
375 : -0.6351572796702385
376 : 0.9376534763723612
377 : -0.9068885082378983
378 : -2.371612054295838
379 : -1.1357011971413158
380 : -1.6580599267035723
381 : -2.6938247974030674
382 : -1.0380747970193624
383 : -1.475344069302082
384 : -3.203605860006064
385 : -2.37431051582098
386 : -0.8230804894119501
387 : -1.210396436508745
388 : -1.3136643874458969
389 : -1.7065578512847424
390 : -1.4825340267270803
391 : -1.4759949184954166
392 : -0.8556855786591768
393 : -1.8081395495682955
394 : -3.415098133031279
395 : -4.552719476399943
396 : -2.9322558445855975
397 : -1.6938052363693714
398 : -1.828662145882845
399 : -2.2201676666736603
400 : -2.9708386212587357
401 : 3.804551551118493
!!! updated
402 : -0.16794681549072266
403 : -1.2590032946318388
404 : -0.7737116366624832
405 : -0.9077550116926432
406 : -1.0283101699315012
407 : -0.8952972455881536
408 : -1.2071448788046837
409 : -1.6654739044606686
410 : -1.457423835992813
Setting up 2 worker threads for Enlighten.
  Thread -> id: 7f1f86226700 -> priority: 1 
  Thread -> id: 7f1f85a25700 -> priority: 1 
Traceback (most recent call last):
  File "main.py", line 123, in <module>
    returns = [episode(env, agent, i) for i in range(training_episodes)]
  File "main.py", line 123, in <listcomp>
    returns = [episode(env, agent, i) for i in range(training_episodes)]
  File "main.py", line 30, in episode
    next_state, reward, done, _ = env.step(action.numpy()[0])
  File "/home/j/jensenj/.local/lib/python3.6/site-packages/gym_unity/envs/__init__.py", line 177, in step
    self._env.step()
  File "/home/j/jensenj/.local/lib/python3.6/site-packages/mlagents_envs/timers.py", line 305, in wrapped
    return func(*args, **kwargs)
  File "/home/j/jensenj/.local/lib/python3.6/site-packages/mlagents_envs/environment.py", line 319, in step
    self._update_state(rl_output)
  File "/home/j/jensenj/.local/lib/python3.6/site-packages/mlagents_envs/environment.py", line 275, in _update_state
    agent_info_list, self._env_specs[brain_name]
  File "/home/j/jensenj/.local/lib/python3.6/site-packages/mlagents_envs/timers.py", line 305, in wrapped
    return func(*args, **kwargs)
  File "/home/j/jensenj/.local/lib/python3.6/site-packages/mlagents_envs/rpc_utils.py", line 188, in steps_from_proto
    obs_index, obs_shape, decision_agent_info_list
  File "/home/j/jensenj/.local/lib/python3.6/site-packages/mlagents_envs/timers.py", line 305, in wrapped
    return func(*args, **kwargs)
  File "/home/j/jensenj/.local/lib/python3.6/site-packages/mlagents_envs/rpc_utils.py", line 152, in _process_vector_observation
    _raise_on_nan_and_inf(np_obs, "observations")
  File "/home/j/jensenj/.local/lib/python3.6/site-packages/mlagents_envs/rpc_utils.py", line 130, in _raise_on_nan_and_inf
    raise RuntimeError(f"The {source} provided had NaN values.")
RuntimeError: The observations provided had NaN values.
2020-06-25 12:36:29 INFO [environment.py:418] Environment shut down with return code 0.
