slurmstepd-chamb: error: Unable to create TMPDIR [/tmp/user/30108]: Permission denied
slurmstepd-chamb: error: Setting TMPDIR to /tmp
Found path: /home/j/jensenj/PycharmProjects/Federer-Jr./src/../crawler_single/linux/dynamic_server/crawler_dynamic.x86_64
Mono path[0] = '/home/j/jensenj/PycharmProjects/Federer-Jr./src/../crawler_single/linux/dynamic_server/crawler_dynamic_Data/Managed'
Mono config path = '/home/j/jensenj/PycharmProjects/Federer-Jr./src/../crawler_single/linux/dynamic_server/crawler_dynamic_Data/MonoBleedingEdge/etc'
Preloaded 'lib_burst_generated.so'
Preloaded 'libgrpc_csharp_ext.x64.so'
Initialize engine version: 2019.3.15f1 (59ff3e03856d)
[Subsystems] Discovering subsystems at path /home/j/jensenj/PycharmProjects/Federer-Jr./src/../crawler_single/linux/dynamic_server/crawler_dynamic_Data/UnitySubsystems
Forcing GfxDevice: Null
GfxDevice: creating device client; threaded=0
NullGfxDevice:
    Version:  NULL 1.0 [1.0]
    Renderer: Null Device
    Vendor:   Unity Technologies
Begin MonoManager ReloadAssembly
- Completed reload, in  0.096 seconds
WARNING: Shader Unsupported: 'Autodesk Interactive' - All passes removed
WARNING: Shader Did you use #pragma only_renderers and omit this platform?
UnloadTime: 0.442405 ms
Fallback handler could not load library /home/j/jensenj/PycharmProjects/Federer-Jr./src/../crawler_single/linux/dynamic_server/crawler_dynamic_Data/Mono/libcoreclr.so
Fallback handler could not load library /home/j/jensenj/PycharmProjects/Federer-Jr./src/../crawler_single/linux/dynamic_server/crawler_dynamic_Data/Mono/libcoreclr.so
Fallback handler could not load library /home/j/jensenj/PycharmProjects/Federer-Jr./src/../crawler_single/linux/dynamic_server/crawler_dynamic_Data/Mono/libcoreclr.so
Fallback handler could not load library /home/j/jensenj/PycharmProjects/Federer-Jr./src/../crawler_single/linux/dynamic_server/crawler_dynamic_Data/Mono/libSystem.dylib
Fallback handler could not load library /home/j/jensenj/PycharmProjects/Federer-Jr./src/../crawler_single/linux/dynamic_server/crawler_dynamic_Data/Mono/libSystem.dylib.so
Fallback handler could not load library /home/j/jensenj/PycharmProjects/Federer-Jr./src/../crawler_single/linux/dynamic_server/crawler_dynamic_Data/Mono/libSystem.dylib
Fallback handler could not load library /home/j/jensenj/PycharmProjects/Federer-Jr./src/../crawler_single/linux/dynamic_server/crawler_dynamic_Data/Mono/libcoreclr.so
Fallback handler could not load library /home/j/jensenj/PycharmProjects/Federer-Jr./src/../crawler_single/linux/dynamic_server/crawler_dynamic_Data/Mono/libcoreclr.so
Fallback handler could not load library /home/j/jensenj/PycharmProjects/Federer-Jr./src/../crawler_single/linux/dynamic_server/crawler_dynamic_Data/Mono/libcoreclr.so
Fallback handler could not load library /home/j/jensenj/PycharmProjects/Federer-Jr./src/../crawler_single/linux/dynamic_server/crawler_dynamic_Data/Mono/libSystem.dylib
Fallback handler could not load library /home/j/jensenj/PycharmProjects/Federer-Jr./src/../crawler_single/linux/dynamic_server/crawler_dynamic_Data/Mono/libSystem.dylib.so
Fallback handler could not load library /home/j/jensenj/PycharmProjects/Federer-Jr./src/../crawler_single/linux/dynamic_server/crawler_dynamic_Data/Mono/libSystem.dylib
/home/j/jensenj/.local/lib/python3.6/site-packages/tensorboard/compat/tensorflow_stub/dtypes.py:541: FutureWarning: Passing (type, 1) or '1type' as a synonym of type is deprecated; in a future version of numpy, it will be understood as (type, (1,)) / '(1,)type'.
  _np_qint8 = np.dtype([("qint8", np.int8, 1)])
/home/j/jensenj/.local/lib/python3.6/site-packages/tensorboard/compat/tensorflow_stub/dtypes.py:542: FutureWarning: Passing (type, 1) or '1type' as a synonym of type is deprecated; in a future version of numpy, it will be understood as (type, (1,)) / '(1,)type'.
  _np_quint8 = np.dtype([("quint8", np.uint8, 1)])
/home/j/jensenj/.local/lib/python3.6/site-packages/tensorboard/compat/tensorflow_stub/dtypes.py:543: FutureWarning: Passing (type, 1) or '1type' as a synonym of type is deprecated; in a future version of numpy, it will be understood as (type, (1,)) / '(1,)type'.
  _np_qint16 = np.dtype([("qint16", np.int16, 1)])
/home/j/jensenj/.local/lib/python3.6/site-packages/tensorboard/compat/tensorflow_stub/dtypes.py:544: FutureWarning: Passing (type, 1) or '1type' as a synonym of type is deprecated; in a future version of numpy, it will be understood as (type, (1,)) / '(1,)type'.
  _np_quint16 = np.dtype([("quint16", np.uint16, 1)])
/home/j/jensenj/.local/lib/python3.6/site-packages/tensorboard/compat/tensorflow_stub/dtypes.py:545: FutureWarning: Passing (type, 1) or '1type' as a synonym of type is deprecated; in a future version of numpy, it will be understood as (type, (1,)) / '(1,)type'.
  _np_qint32 = np.dtype([("qint32", np.int32, 1)])
/home/j/jensenj/.local/lib/python3.6/site-packages/tensorboard/compat/tensorflow_stub/dtypes.py:550: FutureWarning: Passing (type, 1) or '1type' as a synonym of type is deprecated; in a future version of numpy, it will be understood as (type, (1,)) / '(1,)type'.
  np_resource = np.dtype([("resource", np.ubyte, 1)])
2020-06-25 12:23:21 INFO [environment.py:108] Connected to Unity environment with package version 1.0.2 and communication version 1.0.0
2020-06-25 12:23:21 INFO [environment.py:265] Connected new brain:
CrawlerDynamic?team=0
2020-06-25 12:23:21 WARNING [__init__.py:92] The environment contains multiple observations. You must define allow_multiple_obs=True to receive them all. Otherwise, only the first visual observation (or vector observation ifthere are no visual observations) will be provided in the observation.
/home/j/jensenj/.local/lib/python3.6/site-packages/gym/logger.py:30: UserWarning: [33mWARN: Box bound precision lowered by casting to float32[0m
  warnings.warn(colorize('%s: %s'%('WARN', msg % args), 'yellow'))
update_time_steps: 10240 , ppo_epochs: 1 , beta:  0.001 , gamma 0.9
0 : -1.478535286616534
1 : -1.2808931190520525
2 : -0.8722450453788042
3 : -0.808723809197545
4 : -0.0052221789956092834
5 : -0.8247761521488428
6 : -0.3507937742397189
7 : 5.767356009222567
8 : -0.992353732814081
9 : -0.29559303435962647
10 : -1.15982422279194
11 : -5.262087257113308
12 : -1.439613863825798
13 : -1.1650265459902585
14 : 1.0001050755381584
15 : -4.89337414316833
16 : -1.2084909779950976
17 : -0.9398288689553738
18 : -4.822891382267699
19 : -1.397830850444734
20 : -1.0965473651885986
21 : -1.6585682556033134
22 : -1.5953279155655764
23 : -6.711048419587314
24 : -1.141513037495315
25 : 1.8191984896548092
26 : -8.841833675280213
27 : -0.9284278769046068
28 : -1.4724297728389502
29 : -1.7501438576728106
30 : -3.1251956671476364
31 : -1.5696185044944286
32 : -2.8538127848878503
33 : -1.2109711155062541
34 : -0.3753078836016357
35 : -1.4098344687372446
36 : -1.2295728009194136
37 : -1.429166150628589
38 : -1.9833532087504864
39 : -2.7874651607125998
40 : -0.6120372852310538
41 : 1.1483040298335254
42 : -1.3193781855516136
43 : -1.1020915990229696
44 : -1.8476428166031837
45 : -1.4431716236285865
46 : -0.3298259833827615
47 : -1.0170081118121743
48 : -4.490713951876387
49 : -2.259629637002945
50 : -1.8332995772361755
51 : -0.7936379520688206
52 : -0.8944229800254107
53 : -0.8202304430305958
54 : -0.8706840705126524
55 : 0.26059105433523655
56 : -1.6967237805947661
57 : -0.11758850573096424
58 : -1.467290436848998
59 : -1.2510190980974585
60 : -2.047224085777998
61 : -0.8471335917711258
62 : -1.6086704600602388
63 : -0.7821102248271927
64 : -1.6849098093807697
65 : -0.7358472337946296
66 : -1.1625206740573049
67 : -0.10112006776034832
68 : -2.2424803292378783
69 : -0.8026963123120368
70 : -3.8974088057875633
71 : -1.6384654473513365
72 : -0.4779912093654275
73 : -2.8750750198960304
74 : -2.116579122841358
75 : -0.9531852513318881
76 : -1.2129223900847137
77 : -1.5237991604954004
78 : 4.256119132507592
79 : -2.829603652469814
80 : -1.1947457953356206
81 : -1.2882284615188837
82 : -0.981063898652792
83 : 0.8296088497154415
84 : -1.1621863394975662
85 : -2.9854383002966642
86 : -1.3556508384644985
87 : -0.9242600072175264
88 : 3.1003443491645157
89 : -0.8709676214493811
90 : 0.08312205411493778
91 : -4.239239796996117
92 : -1.8419598154723644
93 : -4.22887108149007
94 : -0.76588115375489
95 : -0.8147050885017961
96 : -1.9796019988134503
97 : -1.1154467957094312
98 : -1.7848010705783963
99 : -0.14611146971583366
100 : -3.320116236805916
101 : -4.3512537609785795
102 : -1.1226236252114177
103 : -1.428466821089387
104 : -0.949225801974535
105 : 0.21233513159677386
106 : -1.4148710616864264
107 : -0.7307341620326042
108 : -2.8357755430042744
109 : -5.105080566834658
110 : -1.4775943737477064
111 : -1.1770591856911778
112 : -0.005658766254782677
113 : 7.584470664616674
114 : -1.2067193482071161
115 : -1.347988991998136
116 : -2.1886200066655874
117 : -1.412759873084724
118 : -0.570863414555788
119 : -1.618397992104292
120 : -1.6530804885551333
121 : 1.0206727841868997
122 : -0.9546901620924473
123 : -3.546539620961994
124 : -4.561704704537988
125 : -3.4041250525042415
126 : -2.254803574644029
127 : -2.1167823439463973
128 : 1.7756082220003009
129 : -2.2207783684134483
130 : -5.196590938605368
131 : -2.883981810649857
132 : -5.604754511266947
133 : -4.581162999384105
134 : -1.5948992054909468
135 : -1.2407879456877708
136 : -0.9372780043631792
137 : -2.315248830243945
138 : 0.4790776474401355
139 : -1.266722864471376
140 : -0.29997637728229165
141 : -2.758938742801547
142 : -6.27291857986711
143 : -1.1767329825088382
144 : 0.04860121663659811
145 : -1.6189930867403746
146 : -0.8804309498518705
147 : 0.2849510684609413
148 : -1.0074223591946065
149 : 0.5043810969218612
150 : 0.11243028938770294
151 : -1.2779782330617309
152 : -1.2759758029133081
153 : -3.7584723941981792
154 : -0.27308337786234915
155 : -0.7926062922924757
156 : 1.8222273075953126
157 : -1.8848633519373834
158 : -1.055509019177407
159 : -0.372358086053282
160 : 1.6822667298838496
161 : -1.363127135206014
162 : -1.2351751821115613
163 : -1.3358140792697668
164 : 2.0498338295146823
165 : -1.3677455177530646
166 : -0.8170799342915416
167 : -1.3013353571295738
168 : -1.543242359533906
169 : -3.8125215265899897
170 : -5.27746732160449
171 : -0.9221557732671499
172 : -2.8288483030628413
173 : -1.7409058883786201
174 : -1.5000170702114701
175 : -1.335758889093995
176 : -0.24467584467492998
177 : -0.9873331370763481
178 : -1.391833372414112
179 : -0.8243898833170533
180 : -1.2264375118538737
181 : -0.6640474371379241
182 : -6.435755304060876
183 : -1.3955865744501352
184 : 0.3365552125032991
185 : 1.0605892837047577
186 : -1.3726675705984235
187 : -1.2650879500433803
188 : -2.0623577497899532
189 : -1.3069405539426953
190 : 1.661895902827382
191 : -1.4475195799022913
192 : -0.8095502173528075
193 : -2.6464111525565386
194 : 3.321070473641157
195 : -1.0099977683275938
196 : 0.7011625934392214
197 : -1.3043121742084622
198 : -0.7906748568639159
199 : -1.0438589709810913
200 : -1.3573612871114165
201 : 7.4057998028583825
202 : -1.336034336593002
203 : -0.9212830206379294
204 : -1.1357804294675589
205 : 4.879506984492764
206 : 0.10359103139489889
207 : -1.1004547411575913
208 : 1.8278367053717375
209 : 1.206380957039073
210 : -1.1672049458138645
211 : -1.490513967582956
212 : -1.6720307059586048
213 : -0.40360459964722395
214 : -1.2372926222160459
215 : -1.344307927414775
216 : -1.3847818640060723
217 : -1.1530095841735601
218 : -2.0024474635720253
219 : -1.2657826417125762
220 : -1.1071959240362048
221 : -0.8013342982158065
222 : -0.3371329214423895
223 : -5.304505631327629
224 : -1.8511026911437511
225 : -0.4291800169739872
226 : -1.6756754256784916
227 : -1.0902430871501565
228 : 1.4212693525478244
229 : -2.017335517797619
230 : -1.621295995078981
231 : -1.6343433856964111
232 : -2.322085153311491
233 : -0.49394440138712525
234 : -2.242408784572035
235 : 0.7834104006178677
236 : -1.0139088463038206
237 : -3.4755947313969955
238 : -1.031580908689648
239 : -0.9141194247640669
240 : -1.577842928469181
241 : -1.1153336558490992
242 : -0.17999550513923168
243 : -1.4858979918062687
244 : 0.01952823204919696
245 : -1.2362763434648514
246 : -0.7093526609241962
247 : -1.7688360400497913
248 : -1.6342029254883528
249 : -1.411622978746891
250 : 3.327409414574504
251 : -1.284887783229351
252 : -1.6273729093372822
253 : -2.316922350320965
254 : -0.7802704381756485
255 : -2.009246048051864
256 : -1.7938634380698204
257 : -1.2999410997144878
258 : -1.107836777344346
259 : -0.5100115048699081
260 : -1.4886462334543467
261 : -1.0107452305965126
262 : -1.791570508852601
263 : -0.6605993891134858
264 : 1.3528798948973417
265 : -1.0020838910713792
266 : -1.666570364497602
267 : -1.4334045089781284
268 : 1.9117941791191697
269 : 5.399743973044679
270 : -1.2639930369332433
271 : -1.2028184365481138
272 : -0.2001551347784698
273 : -1.2783350204117596
274 : -1.3789620082825422
275 : -0.6463002813979983
276 : -0.8437702693045139
277 : -1.9199940566904843
278 : 3.280025562737137
279 : -1.0359130059368908
280 : -0.9313156744465232
281 : -10.106986368540674
282 : -1.5035834098234773
283 : -7.248258812353015
284 : -4.502297739498317
285 : -1.5929048948455602
286 : -0.45305084687424824
287 : -1.6137608271092176
288 : 0.7227476807311177
289 : -2.9197448566555977
290 : -6.298843435011804
291 : -3.2759067369624972
292 : -0.8865420538932085
293 : -1.4487361870706081
294 : -1.8981352469418198
295 : -0.2292243717238307
296 : -1.4564721323549747
297 : -1.5244479794055223
298 : -4.2948866887018085
299 : 2.684339238330722
300 : -0.9538908055983484
301 : -4.059220056515187
302 : 0.7974611194804311
303 : -1.7866936773061752
304 : 2.221134440274909
305 : -0.9214559467509389
306 : -3.8746853983029723
307 : -0.9162357114255428
308 : -1.9878038293682039
309 : -1.5652504060417414
310 : 1.469128566677682
311 : -5.243197381496429
312 : 4.505254187621176
313 : -3.9860522113740444
314 : -1.0031698402017355
315 : -6.236595226451755
316 : -1.3263105642981827
317 : -1.8173406035639346
318 : -3.1421692576259375
319 : -0.1774647927377373
320 : -1.4842295534908772
321 : -0.7738296641036868
322 : 4.055227015167475
323 : 1.485093953087926
324 : -2.021961173042655
325 : -1.4190271366387606
326 : -1.7297932095825672
327 : -2.2413273565471172
328 : -0.761577102355659
329 : -1.6267879456281662
330 : -1.1026501329615712
331 : 2.157680854201317
332 : -0.5783176976256073
333 : -0.7037618355825543
334 : -8.15310589550063
335 : -1.1927024256438017
336 : -1.2162538237171248
337 : 0.5466072410345078
338 : -2.907272018492222
339 : -0.6113228015601635
340 : -1.750125102698803
341 : -1.9530035252682865
342 : -1.7587994392961264
343 : -1.6405208967626095
344 : -1.4911091225221753
345 : 4.409416454844177
346 : -1.3242715718224645
347 : -0.9305545925162733
348 : -2.1417364832013845
349 : -14.130756340920925
350 : -2.518680315115489
351 : -1.3211949039250612
352 : -6.499371788930148
353 : -6.993276108521968
354 : -1.0169657273218036
355 : 1.809542017057538
356 : -1.5652371756732464
357 : -1.0598030928522348
358 : -1.8541483171284199
359 : -1.2103273356333375
360 : 0.05158219998702407
361 : -1.3500220710411668
362 : -0.2585094617679715
363 : -1.4138037199154496
364 : -1.3759435676038265
365 : 1.3757699145935476
366 : -1.5908116986975074
367 : -1.5690801935270429
368 : -1.0041687190532684
369 : -4.468565421178937
370 : -1.5035672783851624
371 : -5.700283833779395
372 : -1.362928201444447
373 : -0.5863095982931554
374 : -1.6451626345515251
375 : -1.271847770549357
376 : -1.8077960275113583
377 : 1.6090793977491558
378 : -1.3423513970337808
379 : -1.54877616930753
380 : -1.158816531766206
381 : -1.646342372521758
382 : -0.5865945508703589
383 : -1.286934893578291
384 : -1.627492904663086
385 : -0.3350196275860071
386 : -0.7714239154011011
387 : 5.191246890462935
388 : -0.9026299668475986
389 : -2.500325359404087
390 : -0.44051245134323835
391 : -1.5506957434117794
392 : -0.8557885065674782
393 : -0.3463637977838516
394 : -1.5799057818949223
395 : -1.4720782763324678
396 : -1.149438195861876
397 : -3.3323752637952566
398 : -0.9645834863185883
399 : 1.053585696965456
400 : 4.291162384208292
401 : -1.0803075917065144
402 : -1.9218188002705574
403 : -0.37721767788752913
404 : -1.607257654890418
405 : -1.2880085192155093
406 : -1.5415656426921487
407 : -0.9399065501056612
408 : -1.2048399643972516
409 : -2.8203762941993773
410 : -1.8327945638448
411 : -1.1491686329245567
412 : -1.374844217672944
413 : 1.6780214647296816
414 : -2.6629107408225536
415 : 2.0440165451727808
416 : 1.3149173632264137
417 : -2.08929549343884
418 : -0.44071128126233816
419 : 2.795444875024259
420 : -0.359229588881135
421 : -3.4397731833159924
422 : -1.680309247225523
423 : -10.600460382178426
424 : 2.757998532615602
425 : -1.2498544761911035
426 : 10.586194574832916
427 : -0.7925436636433005
428 : -1.238550178706646
429 : -0.7173803420737386
430 : -1.056890825740993
431 : -3.6218123165890574
432 : -1.6643205862492323
433 : 6.1806821641512215
434 : -0.8225435800850391
435 : -1.341074787080288
436 : -1.6354564549401402
437 : -0.4615203025750816
438 : 2.9632927598431706
439 : -0.8278193001169711
440 : -0.7492861412465572
441 : -9.694497379940003
442 : 0.9351670709438622
443 : -1.9010898973792791
444 : -2.2177535807713866
445 : -1.1767019629478455
446 : 0.31683298759162426
447 : -0.4402116718702018
448 : -1.5622878641588613
449 : -0.7990496316924691
450 : 2.5014504631981254
451 : -1.7670208737254143
452 : -2.6182029412593693
453 : -1.8558693886734545
454 : -4.677496365970001
455 : -1.682415820658207
456 : -3.181220182683319
457 : -2.645375458523631
458 : -2.3559111242648214
459 : -7.381882522255182
460 : -1.4063221043907106
461 : -0.221069794613868
462 : -3.063440538942814
463 : 0.7736535351723433
464 : -1.1839979561045766
465 : -2.70378819713369
466 : -3.145804644562304
467 : -5.364213302731514
468 : -1.8887720331549644
469 : -2.03564122132957
470 : -1.3057412188500166
471 : -1.158040901646018
472 : -1.0569380586966872
473 : -1.159132891567424
474 : -5.574183686636388
475 : -0.7260143021121621
476 : -1.9562826650217175
477 : 2.220708450418897
478 : -1.9355677589774132
479 : -0.942404065746814
480 : -2.398906677030027
481 : -1.1705792755819857
482 : -1.1343947197310627
483 : -1.0452449014410377
484 : -1.4458121433854103
485 : -1.0829614182002842
486 : -0.4635140742175281
487 : -1.2062532026320696
488 : -2.5262691052630544
489 : -3.3775946218520403
490 : -1.5279898196458817
491 : -0.6385745946317911
492 : -1.0374059895984828
493 : 0.37353720096871257
494 : -1.4994226293638349
495 : -2.08142919652164
496 : -1.0006040023872629
497 : -1.620554318651557
498 : -1.4119782857596874
499 : 2.197835298255086
500 : -1.0157862822525203
501 : -2.4773336611688137
502 : -0.7162514328956604
503 : -0.6702418064232916
!!! updated
504 : -1.0923937587067485
505 : -1.5354079864919186
506 : -1.1709760259836912
507 : -0.9262462928891182
508 : -1.5237757451832294
509 : -1.043445777380839
510 : -1.3497473802417517
511 : -1.0520933433435857
512 : -1.3046026676893234
Setting up 2 worker threads for Enlighten.
  Thread -> id: 7f8f70f21700 -> priority: 1 
  Thread -> id: 7f8eeffff700 -> priority: 1 
Traceback (most recent call last):
  File "main.py", line 123, in <module>
    returns = [episode(env, agent, i) for i in range(training_episodes)]
  File "main.py", line 123, in <listcomp>
    returns = [episode(env, agent, i) for i in range(training_episodes)]
  File "main.py", line 30, in episode
    next_state, reward, done, _ = env.step(action.numpy()[0])
  File "/home/j/jensenj/.local/lib/python3.6/site-packages/gym_unity/envs/__init__.py", line 177, in step
    self._env.step()
  File "/home/j/jensenj/.local/lib/python3.6/site-packages/mlagents_envs/timers.py", line 305, in wrapped
    return func(*args, **kwargs)
  File "/home/j/jensenj/.local/lib/python3.6/site-packages/mlagents_envs/environment.py", line 319, in step
    self._update_state(rl_output)
  File "/home/j/jensenj/.local/lib/python3.6/site-packages/mlagents_envs/environment.py", line 275, in _update_state
    agent_info_list, self._env_specs[brain_name]
  File "/home/j/jensenj/.local/lib/python3.6/site-packages/mlagents_envs/timers.py", line 305, in wrapped
    return func(*args, **kwargs)
  File "/home/j/jensenj/.local/lib/python3.6/site-packages/mlagents_envs/rpc_utils.py", line 188, in steps_from_proto
    obs_index, obs_shape, decision_agent_info_list
  File "/home/j/jensenj/.local/lib/python3.6/site-packages/mlagents_envs/timers.py", line 305, in wrapped
    return func(*args, **kwargs)
  File "/home/j/jensenj/.local/lib/python3.6/site-packages/mlagents_envs/rpc_utils.py", line 152, in _process_vector_observation
    _raise_on_nan_and_inf(np_obs, "observations")
  File "/home/j/jensenj/.local/lib/python3.6/site-packages/mlagents_envs/rpc_utils.py", line 132, in _raise_on_nan_and_inf
    raise RuntimeError(f"The {source} provided had Infinite values.")
RuntimeError: The observations provided had Infinite values.
2020-06-25 12:35:00 INFO [environment.py:418] Environment shut down with return code 0.
