slurmstepd-ilm: error: Unable to create TMPDIR [/tmp/user/30108]: Permission denied
slurmstepd-ilm: error: Setting TMPDIR to /tmp
Found path: /home/j/jensenj/PycharmProjects/Federer-Jr./src/../crawler_single/linux/dynamic_server/crawler_dynamic.x86_64
Mono path[0] = '/home/j/jensenj/PycharmProjects/Federer-Jr./src/../crawler_single/linux/dynamic_server/crawler_dynamic_Data/Managed'
Mono config path = '/home/j/jensenj/PycharmProjects/Federer-Jr./src/../crawler_single/linux/dynamic_server/crawler_dynamic_Data/MonoBleedingEdge/etc'
Preloaded 'lib_burst_generated.so'
Preloaded 'libgrpc_csharp_ext.x64.so'
Initialize engine version: 2019.3.15f1 (59ff3e03856d)
[Subsystems] Discovering subsystems at path /home/j/jensenj/PycharmProjects/Federer-Jr./src/../crawler_single/linux/dynamic_server/crawler_dynamic_Data/UnitySubsystems
Forcing GfxDevice: Null
GfxDevice: creating device client; threaded=0
NullGfxDevice:
    Version:  NULL 1.0 [1.0]
    Renderer: Null Device
    Vendor:   Unity Technologies
Begin MonoManager ReloadAssembly
- Completed reload, in  0.096 seconds
WARNING: Shader Unsupported: 'Autodesk Interactive' - All passes removed
WARNING: Shader Did you use #pragma only_renderers and omit this platform?
UnloadTime: 0.401950 ms
Fallback handler could not load library /home/j/jensenj/PycharmProjects/Federer-Jr./src/../crawler_single/linux/dynamic_server/crawler_dynamic_Data/Mono/libcoreclr.so
Fallback handler could not load library /home/j/jensenj/PycharmProjects/Federer-Jr./src/../crawler_single/linux/dynamic_server/crawler_dynamic_Data/Mono/libcoreclr.so
Fallback handler could not load library /home/j/jensenj/PycharmProjects/Federer-Jr./src/../crawler_single/linux/dynamic_server/crawler_dynamic_Data/Mono/libcoreclr.so
Fallback handler could not load library /home/j/jensenj/PycharmProjects/Federer-Jr./src/../crawler_single/linux/dynamic_server/crawler_dynamic_Data/Mono/libSystem.dylib
Fallback handler could not load library /home/j/jensenj/PycharmProjects/Federer-Jr./src/../crawler_single/linux/dynamic_server/crawler_dynamic_Data/Mono/libSystem.dylib.so
Fallback handler could not load library /home/j/jensenj/PycharmProjects/Federer-Jr./src/../crawler_single/linux/dynamic_server/crawler_dynamic_Data/Mono/libSystem.dylib
Fallback handler could not load library /home/j/jensenj/PycharmProjects/Federer-Jr./src/../crawler_single/linux/dynamic_server/crawler_dynamic_Data/Mono/libcoreclr.so
Fallback handler could not load library /home/j/jensenj/PycharmProjects/Federer-Jr./src/../crawler_single/linux/dynamic_server/crawler_dynamic_Data/Mono/libcoreclr.so
Fallback handler could not load library /home/j/jensenj/PycharmProjects/Federer-Jr./src/../crawler_single/linux/dynamic_server/crawler_dynamic_Data/Mono/libcoreclr.so
Fallback handler could not load library /home/j/jensenj/PycharmProjects/Federer-Jr./src/../crawler_single/linux/dynamic_server/crawler_dynamic_Data/Mono/libSystem.dylib
Fallback handler could not load library /home/j/jensenj/PycharmProjects/Federer-Jr./src/../crawler_single/linux/dynamic_server/crawler_dynamic_Data/Mono/libSystem.dylib.so
Fallback handler could not load library /home/j/jensenj/PycharmProjects/Federer-Jr./src/../crawler_single/linux/dynamic_server/crawler_dynamic_Data/Mono/libSystem.dylib
/home/j/jensenj/.local/lib/python3.6/site-packages/tensorboard/compat/tensorflow_stub/dtypes.py:541: FutureWarning: Passing (type, 1) or '1type' as a synonym of type is deprecated; in a future version of numpy, it will be understood as (type, (1,)) / '(1,)type'.
  _np_qint8 = np.dtype([("qint8", np.int8, 1)])
/home/j/jensenj/.local/lib/python3.6/site-packages/tensorboard/compat/tensorflow_stub/dtypes.py:542: FutureWarning: Passing (type, 1) or '1type' as a synonym of type is deprecated; in a future version of numpy, it will be understood as (type, (1,)) / '(1,)type'.
  _np_quint8 = np.dtype([("quint8", np.uint8, 1)])
/home/j/jensenj/.local/lib/python3.6/site-packages/tensorboard/compat/tensorflow_stub/dtypes.py:543: FutureWarning: Passing (type, 1) or '1type' as a synonym of type is deprecated; in a future version of numpy, it will be understood as (type, (1,)) / '(1,)type'.
  _np_qint16 = np.dtype([("qint16", np.int16, 1)])
/home/j/jensenj/.local/lib/python3.6/site-packages/tensorboard/compat/tensorflow_stub/dtypes.py:544: FutureWarning: Passing (type, 1) or '1type' as a synonym of type is deprecated; in a future version of numpy, it will be understood as (type, (1,)) / '(1,)type'.
  _np_quint16 = np.dtype([("quint16", np.uint16, 1)])
/home/j/jensenj/.local/lib/python3.6/site-packages/tensorboard/compat/tensorflow_stub/dtypes.py:545: FutureWarning: Passing (type, 1) or '1type' as a synonym of type is deprecated; in a future version of numpy, it will be understood as (type, (1,)) / '(1,)type'.
  _np_qint32 = np.dtype([("qint32", np.int32, 1)])
/home/j/jensenj/.local/lib/python3.6/site-packages/tensorboard/compat/tensorflow_stub/dtypes.py:550: FutureWarning: Passing (type, 1) or '1type' as a synonym of type is deprecated; in a future version of numpy, it will be understood as (type, (1,)) / '(1,)type'.
  np_resource = np.dtype([("resource", np.ubyte, 1)])
2020-06-25 12:07:21 INFO [environment.py:108] Connected to Unity environment with package version 1.0.2 and communication version 1.0.0
2020-06-25 12:07:21 INFO [environment.py:265] Connected new brain:
CrawlerDynamic?team=0
2020-06-25 12:07:21 WARNING [__init__.py:92] The environment contains multiple observations. You must define allow_multiple_obs=True to receive them all. Otherwise, only the first visual observation (or vector observation ifthere are no visual observations) will be provided in the observation.
/home/j/jensenj/.local/lib/python3.6/site-packages/gym/logger.py:30: UserWarning: [33mWARN: Box bound precision lowered by casting to float32[0m
  warnings.warn(colorize('%s: %s'%('WARN', msg % args), 'yellow'))
/home/j/jensenj/.local/lib/python3.6/site-packages/numpy/core/_methods.py:160: RuntimeWarning: invalid value encountered in reduce
  ret = umr_sum(arr, axis, dtype, out, keepdims)
update_time_steps: 4096 , ppo_epochs: 32 , beta:  0.001 , gamma 0.9
0 : -1.5674562975764275
1 : -0.4307597854640335
2 : -0.38984955195337534
3 : -0.6343057085759938
4 : -0.23226952366530895
5 : -0.7846946837380528
6 : 2.4565918343141675
7 : -0.4893689639866352
8 : -1.208152005681768
9 : -1.3993779867887497
10 : -4.634459335822612
11 : -1.3468767541926354
12 : -1.2764211709145457
13 : -5.269892990414519
14 : -2.1307321451604366
15 : -1.9420578107237816
16 : 5.161638957448304
17 : -0.699375907657668
18 : -1.2765554529614747
19 : -1.338653274346143
20 : -4.555272658821195
21 : -1.7470492608845234
22 : -1.2667102627456188
23 : -1.1463125050067902
24 : -0.5312899090349674
25 : -4.196672732010484
26 : -4.4365981260780245
27 : 5.553979367017746
28 : 0.5933976182714105
29 : -1.092102118767798
30 : -3.7519164802506566
31 : -1.5666354931890965
32 : -2.3587445970624685
33 : 0.9269476431654766
34 : -1.0008685113862157
35 : -4.027862332761288
36 : -1.47162305098027
37 : -1.2983285072259605
38 : -1.1694873254746199
39 : -2.4478655122220516
40 : -2.4554594312794507
41 : -1.2251232098788023
42 : 5.075662264600396
43 : -1.0583474161103368
44 : -1.2802687778603286
45 : -1.1424801463726908
46 : -1.3114366829395294
47 : -2.7181361746042967
48 : -1.0723877174314111
49 : -1.3746038917452097
50 : -1.9260214129462838
51 : -1.7225710228085518
52 : 0.6641961014829576
53 : 4.634466994553804
54 : 0.10153938457369804
55 : 0.6112066432833672
56 : -7.726782472804189
57 : -1.5827182792127132
58 : -1.1717254389077425
59 : -3.2790346555411816
60 : -1.277424132451415
61 : -1.2090157959610224
62 : -4.162755714729428
63 : -1.6458476553671062
64 : -2.166837453842163
65 : -7.735365728382021
66 : -1.1275112330913544
67 : -0.8483754827175289
68 : -2.1808672845363617
69 : 2.099781926255673
70 : 2.222998552955687
71 : -4.85973400529474
72 : 2.830189794767648
73 : -1.7555818725377321
74 : -3.6065351106226444
75 : -4.807603182271123
76 : -1.229731226572767
77 : 1.124163569882512
78 : -1.2372649752069265
79 : -2.72423217818141
80 : -2.659111904911697
81 : -1.6541392840445042
82 : -1.4077708097174764
83 : -0.0729485428892076
84 : -0.9696547510102391
85 : 5.014687737450004
86 : -1.7618350330740213
87 : -1.1037931328173727
88 : -0.20504857692867517
89 : -0.968257331289351
90 : -0.9762116018682718
91 : -2.9415186203550547
92 : -2.7209525424987078
93 : 0.5766026224009693
94 : -3.098888630978763
95 : -1.8140940694138408
96 : -0.8077710401266813
97 : -0.2426000046543777
98 : -1.4506987035274506
99 : -8.160704962909222
100 : -2.3386977575719357
101 : -0.8325625183060765
102 : -1.6301007680594921
103 : -5.113567274995148
104 : 2.9938066015020013
105 : 4.964744218625128
106 : -3.192499532364309
107 : -1.3777535296976566
108 : -3.848246078006923
109 : -2.122474143281579
110 : -1.3641748167574406
111 : -1.0717576071619987
112 : -0.24945509154349566
113 : -1.1915739560499787
114 : -0.40155718568712473
115 : -2.3719819942489266
116 : -1.0830377994570881
117 : -1.3366846011485904
118 : -3.1614559427835047
119 : -1.4737013718113303
120 : -1.3472648598253727
121 : -1.4771823771297932
122 : -1.7967266824562103
123 : -1.001784152816981
124 : -10.533952720928937
125 : -2.151086186990142
126 : -3.0096848509274423
127 : -1.9324361679609865
128 : -1.1355950105935335
129 : -3.4203098909929395
130 : -4.3484459817409515
131 : -1.9401204474270344
132 : -0.822609577793628
133 : -2.0504069812595844
134 : -2.5396837959997356
135 : -2.1230227751657367
136 : -1.7255543293431401
137 : 0.17996418895199895
138 : -0.9203178331954405
139 : -1.051753994077444
140 : -1.2810613815672696
141 : -12.396737317554653
142 : -0.7551885088905692
143 : -3.309913268312812
144 : -1.0471045589074492
145 : -1.5533318193629384
146 : -1.8718595812097192
147 : -2.0430481331422925
148 : 4.8928525117225945
149 : -0.8564484771341085
150 : 2.5901816566474736
151 : -2.172887619584799
152 : -1.1132270619273186
153 : -1.1687741475179791
154 : -1.3942880667746067
!!! updated
155 : -4.284263784997165
156 : -1.1266718413680792
Setting up 2 worker threads for Enlighten.
  Thread -> id: 7fdff158d700 -> priority: 1 
  Thread -> id: 7fdff0d8c700 -> priority: 1 
Traceback (most recent call last):
  File "main.py", line 123, in <module>
    returns = [episode(env, agent, i) for i in range(training_episodes)]
  File "main.py", line 123, in <listcomp>
    returns = [episode(env, agent, i) for i in range(training_episodes)]
  File "main.py", line 30, in episode
    next_state, reward, done, _ = env.step(action.numpy()[0])
  File "/home/j/jensenj/.local/lib/python3.6/site-packages/gym_unity/envs/__init__.py", line 177, in step
    self._env.step()
  File "/home/j/jensenj/.local/lib/python3.6/site-packages/mlagents_envs/timers.py", line 305, in wrapped
    return func(*args, **kwargs)
  File "/home/j/jensenj/.local/lib/python3.6/site-packages/mlagents_envs/environment.py", line 319, in step
    self._update_state(rl_output)
  File "/home/j/jensenj/.local/lib/python3.6/site-packages/mlagents_envs/environment.py", line 275, in _update_state
    agent_info_list, self._env_specs[brain_name]
  File "/home/j/jensenj/.local/lib/python3.6/site-packages/mlagents_envs/timers.py", line 305, in wrapped
    return func(*args, **kwargs)
  File "/home/j/jensenj/.local/lib/python3.6/site-packages/mlagents_envs/rpc_utils.py", line 188, in steps_from_proto
    obs_index, obs_shape, decision_agent_info_list
  File "/home/j/jensenj/.local/lib/python3.6/site-packages/mlagents_envs/timers.py", line 305, in wrapped
    return func(*args, **kwargs)
  File "/home/j/jensenj/.local/lib/python3.6/site-packages/mlagents_envs/rpc_utils.py", line 152, in _process_vector_observation
    _raise_on_nan_and_inf(np_obs, "observations")
  File "/home/j/jensenj/.local/lib/python3.6/site-packages/mlagents_envs/rpc_utils.py", line 130, in _raise_on_nan_and_inf
    raise RuntimeError(f"The {source} provided had NaN values.")
RuntimeError: The observations provided had NaN values.
2020-06-25 12:13:29 INFO [environment.py:418] Environment shut down with return code 0.
