slurmstepd-nau: error: Unable to create TMPDIR [/tmp/user/30108]: Permission denied
slurmstepd-nau: error: Setting TMPDIR to /tmp
Found path: /home/j/jensenj/PycharmProjects/Federer-Jr./src/../crawler_single/linux/dynamic_server/crawler_dynamic.x86_64
Mono path[0] = '/home/j/jensenj/PycharmProjects/Federer-Jr./src/../crawler_single/linux/dynamic_server/crawler_dynamic_Data/Managed'
Mono config path = '/home/j/jensenj/PycharmProjects/Federer-Jr./src/../crawler_single/linux/dynamic_server/crawler_dynamic_Data/MonoBleedingEdge/etc'
Preloaded 'lib_burst_generated.so'
Preloaded 'libgrpc_csharp_ext.x64.so'
Initialize engine version: 2019.3.15f1 (59ff3e03856d)
[Subsystems] Discovering subsystems at path /home/j/jensenj/PycharmProjects/Federer-Jr./src/../crawler_single/linux/dynamic_server/crawler_dynamic_Data/UnitySubsystems
Forcing GfxDevice: Null
GfxDevice: creating device client; threaded=0
NullGfxDevice:
    Version:  NULL 1.0 [1.0]
    Renderer: Null Device
    Vendor:   Unity Technologies
Begin MonoManager ReloadAssembly
- Completed reload, in  0.096 seconds
WARNING: Shader Unsupported: 'Autodesk Interactive' - All passes removed
WARNING: Shader Did you use #pragma only_renderers and omit this platform?
UnloadTime: 0.430029 ms
Fallback handler could not load library /home/j/jensenj/PycharmProjects/Federer-Jr./src/../crawler_single/linux/dynamic_server/crawler_dynamic_Data/Mono/libcoreclr.so
Fallback handler could not load library /home/j/jensenj/PycharmProjects/Federer-Jr./src/../crawler_single/linux/dynamic_server/crawler_dynamic_Data/Mono/libcoreclr.so
Fallback handler could not load library /home/j/jensenj/PycharmProjects/Federer-Jr./src/../crawler_single/linux/dynamic_server/crawler_dynamic_Data/Mono/libcoreclr.so
Fallback handler could not load library /home/j/jensenj/PycharmProjects/Federer-Jr./src/../crawler_single/linux/dynamic_server/crawler_dynamic_Data/Mono/libSystem.dylib
Fallback handler could not load library /home/j/jensenj/PycharmProjects/Federer-Jr./src/../crawler_single/linux/dynamic_server/crawler_dynamic_Data/Mono/libSystem.dylib.so
Fallback handler could not load library /home/j/jensenj/PycharmProjects/Federer-Jr./src/../crawler_single/linux/dynamic_server/crawler_dynamic_Data/Mono/libSystem.dylib
Fallback handler could not load library /home/j/jensenj/PycharmProjects/Federer-Jr./src/../crawler_single/linux/dynamic_server/crawler_dynamic_Data/Mono/libcoreclr.so
Fallback handler could not load library /home/j/jensenj/PycharmProjects/Federer-Jr./src/../crawler_single/linux/dynamic_server/crawler_dynamic_Data/Mono/libcoreclr.so
Fallback handler could not load library /home/j/jensenj/PycharmProjects/Federer-Jr./src/../crawler_single/linux/dynamic_server/crawler_dynamic_Data/Mono/libcoreclr.so
Fallback handler could not load library /home/j/jensenj/PycharmProjects/Federer-Jr./src/../crawler_single/linux/dynamic_server/crawler_dynamic_Data/Mono/libSystem.dylib
Fallback handler could not load library /home/j/jensenj/PycharmProjects/Federer-Jr./src/../crawler_single/linux/dynamic_server/crawler_dynamic_Data/Mono/libSystem.dylib.so
Fallback handler could not load library /home/j/jensenj/PycharmProjects/Federer-Jr./src/../crawler_single/linux/dynamic_server/crawler_dynamic_Data/Mono/libSystem.dylib
/home/j/jensenj/.local/lib/python3.6/site-packages/tensorboard/compat/tensorflow_stub/dtypes.py:541: FutureWarning: Passing (type, 1) or '1type' as a synonym of type is deprecated; in a future version of numpy, it will be understood as (type, (1,)) / '(1,)type'.
  _np_qint8 = np.dtype([("qint8", np.int8, 1)])
/home/j/jensenj/.local/lib/python3.6/site-packages/tensorboard/compat/tensorflow_stub/dtypes.py:542: FutureWarning: Passing (type, 1) or '1type' as a synonym of type is deprecated; in a future version of numpy, it will be understood as (type, (1,)) / '(1,)type'.
  _np_quint8 = np.dtype([("quint8", np.uint8, 1)])
/home/j/jensenj/.local/lib/python3.6/site-packages/tensorboard/compat/tensorflow_stub/dtypes.py:543: FutureWarning: Passing (type, 1) or '1type' as a synonym of type is deprecated; in a future version of numpy, it will be understood as (type, (1,)) / '(1,)type'.
  _np_qint16 = np.dtype([("qint16", np.int16, 1)])
/home/j/jensenj/.local/lib/python3.6/site-packages/tensorboard/compat/tensorflow_stub/dtypes.py:544: FutureWarning: Passing (type, 1) or '1type' as a synonym of type is deprecated; in a future version of numpy, it will be understood as (type, (1,)) / '(1,)type'.
  _np_quint16 = np.dtype([("quint16", np.uint16, 1)])
/home/j/jensenj/.local/lib/python3.6/site-packages/tensorboard/compat/tensorflow_stub/dtypes.py:545: FutureWarning: Passing (type, 1) or '1type' as a synonym of type is deprecated; in a future version of numpy, it will be understood as (type, (1,)) / '(1,)type'.
  _np_qint32 = np.dtype([("qint32", np.int32, 1)])
/home/j/jensenj/.local/lib/python3.6/site-packages/tensorboard/compat/tensorflow_stub/dtypes.py:550: FutureWarning: Passing (type, 1) or '1type' as a synonym of type is deprecated; in a future version of numpy, it will be understood as (type, (1,)) / '(1,)type'.
  np_resource = np.dtype([("resource", np.ubyte, 1)])
2020-06-25 12:05:51 INFO [environment.py:108] Connected to Unity environment with package version 1.0.2 and communication version 1.0.0
2020-06-25 12:05:51 INFO [environment.py:265] Connected new brain:
CrawlerDynamic?team=0
2020-06-25 12:05:51 WARNING [__init__.py:92] The environment contains multiple observations. You must define allow_multiple_obs=True to receive them all. Otherwise, only the first visual observation (or vector observation ifthere are no visual observations) will be provided in the observation.
/home/j/jensenj/.local/lib/python3.6/site-packages/gym/logger.py:30: UserWarning: [33mWARN: Box bound precision lowered by casting to float32[0m
  warnings.warn(colorize('%s: %s'%('WARN', msg % args), 'yellow'))
/home/j/jensenj/.local/lib/python3.6/site-packages/numpy/core/_methods.py:160: RuntimeWarning: invalid value encountered in reduce
  ret = umr_sum(arr, axis, dtype, out, keepdims)
update_time_steps: 4096 , ppo_epochs: 16 , beta:  0.01 , gamma 0.99
0 : 2.1514102816581726
1 : -0.002145118312910199
2 : 2.4515276066958904
3 : -4.15082040335983
4 : -1.4566648863255978
5 : -9.57140774000436
6 : 2.4649205822497606
7 : -0.8018111903220415
8 : -9.342963763512671
9 : -1.3921193405985832
10 : -0.9943185010924935
11 : -16.39132515154779
12 : -1.4634394738823175
13 : -0.3567225114093162
14 : -1.456600546138361
15 : -1.4707940085791051
16 : -7.616070621064864
17 : -2.944241154473275
18 : -2.368233362212777
19 : -0.17398254945874214
20 : -10.863277250900865
21 : -2.7088167923502624
22 : -0.8636208617826924
23 : 1.5522829163819551
24 : -5.319293225184083
25 : -2.1458241157233715
26 : -0.9933306174352765
27 : -1.0289796753786504
28 : -1.378732348792255
29 : -1.3971614465117455
30 : 0.33929092809557915
31 : -1.6065544113516808
32 : -1.5319908605888486
33 : -1.3594197898637503
34 : -1.3340459819883108
35 : -2.74004644760862
36 : -1.3830134328454733
37 : -1.630345151759684
38 : -0.7313226591795683
39 : -0.7081041033379734
40 : -0.21081826929003
41 : -3.518502919236198
42 : -2.1131646356079727
43 : -2.6829829094931483
44 : -2.5929300766438246
45 : -0.9424582589417696
46 : 0.3024308034218848
47 : -1.8267774917185307
48 : -1.208216086961329
49 : -1.2772047147154808
50 : 0.7553713916568086
51 : -2.735891098040156
52 : -0.32914511021226645
53 : -1.0034246263094246
54 : 3.600289683789015
55 : 5.31433093175292
56 : -1.3625335432589054
57 : 0.6285142288543284
58 : -1.5061202603392303
59 : -3.102010765578598
60 : -1.4838064294308424
61 : -0.8997813500463963
62 : -1.1794287252705544
63 : -1.3409143798053265
64 : -1.4308219249360263
65 : -1.4301035571843386
66 : -1.007501450367272
67 : -2.9567590914666653
68 : -2.186578469350934
69 : -0.8764512119814754
70 : -0.9626484867185354
71 : 19.577884132042527
72 : 3.157559245824814
73 : -1.5891760401427746
74 : -1.746733648236841
75 : -0.9726682263426483
76 : -2.103274048306048
77 : -1.0589685961604118
78 : -1.8673883900046349
79 : 0.4818958530668169
80 : -2.5643868427723646
81 : -2.505749188363552
82 : -1.7142275180667639
83 : -1.871950370259583
84 : -1.0219124676659703
85 : -6.045048899017274
86 : -1.2012905214796774
87 : -0.7827579919248819
88 : 0.9047871766379103
89 : -1.1035482822917402
90 : -0.947201278526336
91 : -2.4373282147571445
92 : 0.26566578657366335
93 : -12.873653560411185
94 : -6.03689849562943
95 : -3.4779056068509817
96 : -0.37507209414616227
97 : -1.836145706474781
98 : -1.131978752091527
99 : -0.09469550382345915
100 : -1.615405548363924
101 : -4.5078712499234825
102 : 1.795378801645711
103 : -7.897326873615384
104 : -10.274573910981417
105 : -1.35151580395177
106 : -0.7590866917744279
107 : -1.9296653624624014
108 : -3.4460188085213304
109 : -0.6637851390987635
110 : -1.4247069833800197
111 : -1.501610141247511
112 : -0.8176301633939147
113 : -1.2027457877993584
114 : -0.9742310997098684
115 : -2.980751581955701
116 : -0.4545314544811845
117 : -2.6897363462485373
118 : 1.3102572746574879
119 : -1.63827498187311
120 : -1.0046824114397168
121 : -1.5367949903011322
122 : -9.002259489614516
123 : -1.608695201575756
124 : -1.407697363756597
125 : -8.12679983722046
126 : -8.541930307634175
127 : -3.986922802403569
128 : 1.8823955804109573
129 : -0.6012343447655439
130 : -1.6725278259254992
131 : -1.223513447213918
132 : 2.3025489896535873
133 : -1.7456111987121403
134 : -0.4613439980894327
135 : -5.383706797845662
136 : -1.3545581363141537
137 : -4.379580769687891
138 : -1.167098536156118
139 : -0.440979887265712
140 : -11.894286027178168
141 : -3.645006193779409
142 : -0.2602218119427562
143 : -2.0439782049506903
144 : 0.4314877069555223
145 : -0.5138437263667583
146 : -4.229908374138176
147 : -0.0966136958450079
148 : 0.24111304804682732
149 : 7.976274027023464
150 : -1.1085907914675772
151 : -0.6679562646895647
152 : -5.371953604277223
153 : -1.7656165873631835
154 : 0.7883495222777128
155 : -1.1850378438830376
156 : -1.9869464412331581
157 : -1.667252629995346
158 : -1.2390676273498684
!!! updated
159 : -4.393155585974455
160 : -1.2106622345745564
161 : -1.403212676756084
162 : -1.3354296358302236
Setting up 2 worker threads for Enlighten.
  Thread -> id: 7f6df11a3700 -> priority: 1 
  Thread -> id: 7f6df09a2700 -> priority: 1 
Traceback (most recent call last):
  File "main.py", line 123, in <module>
    returns = [episode(env, agent, i) for i in range(training_episodes)]
  File "main.py", line 123, in <listcomp>
    returns = [episode(env, agent, i) for i in range(training_episodes)]
  File "main.py", line 30, in episode
    next_state, reward, done, _ = env.step(action.numpy()[0])
  File "/home/j/jensenj/.local/lib/python3.6/site-packages/gym_unity/envs/__init__.py", line 177, in step
    self._env.step()
  File "/home/j/jensenj/.local/lib/python3.6/site-packages/mlagents_envs/timers.py", line 305, in wrapped
    return func(*args, **kwargs)
  File "/home/j/jensenj/.local/lib/python3.6/site-packages/mlagents_envs/environment.py", line 319, in step
    self._update_state(rl_output)
  File "/home/j/jensenj/.local/lib/python3.6/site-packages/mlagents_envs/environment.py", line 275, in _update_state
    agent_info_list, self._env_specs[brain_name]
  File "/home/j/jensenj/.local/lib/python3.6/site-packages/mlagents_envs/timers.py", line 305, in wrapped
    return func(*args, **kwargs)
  File "/home/j/jensenj/.local/lib/python3.6/site-packages/mlagents_envs/rpc_utils.py", line 188, in steps_from_proto
    obs_index, obs_shape, decision_agent_info_list
  File "/home/j/jensenj/.local/lib/python3.6/site-packages/mlagents_envs/timers.py", line 305, in wrapped
    return func(*args, **kwargs)
  File "/home/j/jensenj/.local/lib/python3.6/site-packages/mlagents_envs/rpc_utils.py", line 152, in _process_vector_observation
    _raise_on_nan_and_inf(np_obs, "observations")
  File "/home/j/jensenj/.local/lib/python3.6/site-packages/mlagents_envs/rpc_utils.py", line 130, in _raise_on_nan_and_inf
    raise RuntimeError(f"The {source} provided had NaN values.")
RuntimeError: The observations provided had NaN values.
2020-06-25 12:11:15 INFO [environment.py:418] Environment shut down with return code 0.
