slurmstepd-anlauter: error: Unable to create TMPDIR [/tmp/user/30108]: Permission denied
slurmstepd-anlauter: error: Setting TMPDIR to /tmp
Found path: /home/j/jensenj/PycharmProjects/Federer-Jr./src/../crawler_single/linux/dynamic_server/crawler_dynamic.x86_64
Mono path[0] = '/home/j/jensenj/PycharmProjects/Federer-Jr./src/../crawler_single/linux/dynamic_server/crawler_dynamic_Data/Managed'
Mono config path = '/home/j/jensenj/PycharmProjects/Federer-Jr./src/../crawler_single/linux/dynamic_server/crawler_dynamic_Data/MonoBleedingEdge/etc'
Preloaded 'lib_burst_generated.so'
Preloaded 'libgrpc_csharp_ext.x64.so'
Initialize engine version: 2019.3.15f1 (59ff3e03856d)
[Subsystems] Discovering subsystems at path /home/j/jensenj/PycharmProjects/Federer-Jr./src/../crawler_single/linux/dynamic_server/crawler_dynamic_Data/UnitySubsystems
Forcing GfxDevice: Null
GfxDevice: creating device client; threaded=0
NullGfxDevice:
    Version:  NULL 1.0 [1.0]
    Renderer: Null Device
    Vendor:   Unity Technologies
Begin MonoManager ReloadAssembly
- Completed reload, in  0.102 seconds
WARNING: Shader Unsupported: 'Autodesk Interactive' - All passes removed
WARNING: Shader Did you use #pragma only_renderers and omit this platform?
UnloadTime: 0.439390 ms
Fallback handler could not load library /home/j/jensenj/PycharmProjects/Federer-Jr./src/../crawler_single/linux/dynamic_server/crawler_dynamic_Data/Mono/libcoreclr.so
Fallback handler could not load library /home/j/jensenj/PycharmProjects/Federer-Jr./src/../crawler_single/linux/dynamic_server/crawler_dynamic_Data/Mono/libcoreclr.so
Fallback handler could not load library /home/j/jensenj/PycharmProjects/Federer-Jr./src/../crawler_single/linux/dynamic_server/crawler_dynamic_Data/Mono/libcoreclr.so
Fallback handler could not load library /home/j/jensenj/PycharmProjects/Federer-Jr./src/../crawler_single/linux/dynamic_server/crawler_dynamic_Data/Mono/libSystem.dylib
Fallback handler could not load library /home/j/jensenj/PycharmProjects/Federer-Jr./src/../crawler_single/linux/dynamic_server/crawler_dynamic_Data/Mono/libSystem.dylib.so
Fallback handler could not load library /home/j/jensenj/PycharmProjects/Federer-Jr./src/../crawler_single/linux/dynamic_server/crawler_dynamic_Data/Mono/libSystem.dylib
Fallback handler could not load library /home/j/jensenj/PycharmProjects/Federer-Jr./src/../crawler_single/linux/dynamic_server/crawler_dynamic_Data/Mono/libcoreclr.so
Fallback handler could not load library /home/j/jensenj/PycharmProjects/Federer-Jr./src/../crawler_single/linux/dynamic_server/crawler_dynamic_Data/Mono/libcoreclr.so
Fallback handler could not load library /home/j/jensenj/PycharmProjects/Federer-Jr./src/../crawler_single/linux/dynamic_server/crawler_dynamic_Data/Mono/libcoreclr.so
Fallback handler could not load library /home/j/jensenj/PycharmProjects/Federer-Jr./src/../crawler_single/linux/dynamic_server/crawler_dynamic_Data/Mono/libSystem.dylib
Fallback handler could not load library /home/j/jensenj/PycharmProjects/Federer-Jr./src/../crawler_single/linux/dynamic_server/crawler_dynamic_Data/Mono/libSystem.dylib.so
Fallback handler could not load library /home/j/jensenj/PycharmProjects/Federer-Jr./src/../crawler_single/linux/dynamic_server/crawler_dynamic_Data/Mono/libSystem.dylib
/home/j/jensenj/.local/lib/python3.6/site-packages/tensorboard/compat/tensorflow_stub/dtypes.py:541: FutureWarning: Passing (type, 1) or '1type' as a synonym of type is deprecated; in a future version of numpy, it will be understood as (type, (1,)) / '(1,)type'.
  _np_qint8 = np.dtype([("qint8", np.int8, 1)])
/home/j/jensenj/.local/lib/python3.6/site-packages/tensorboard/compat/tensorflow_stub/dtypes.py:542: FutureWarning: Passing (type, 1) or '1type' as a synonym of type is deprecated; in a future version of numpy, it will be understood as (type, (1,)) / '(1,)type'.
  _np_quint8 = np.dtype([("quint8", np.uint8, 1)])
/home/j/jensenj/.local/lib/python3.6/site-packages/tensorboard/compat/tensorflow_stub/dtypes.py:543: FutureWarning: Passing (type, 1) or '1type' as a synonym of type is deprecated; in a future version of numpy, it will be understood as (type, (1,)) / '(1,)type'.
  _np_qint16 = np.dtype([("qint16", np.int16, 1)])
/home/j/jensenj/.local/lib/python3.6/site-packages/tensorboard/compat/tensorflow_stub/dtypes.py:544: FutureWarning: Passing (type, 1) or '1type' as a synonym of type is deprecated; in a future version of numpy, it will be understood as (type, (1,)) / '(1,)type'.
  _np_quint16 = np.dtype([("quint16", np.uint16, 1)])
/home/j/jensenj/.local/lib/python3.6/site-packages/tensorboard/compat/tensorflow_stub/dtypes.py:545: FutureWarning: Passing (type, 1) or '1type' as a synonym of type is deprecated; in a future version of numpy, it will be understood as (type, (1,)) / '(1,)type'.
  _np_qint32 = np.dtype([("qint32", np.int32, 1)])
/home/j/jensenj/.local/lib/python3.6/site-packages/tensorboard/compat/tensorflow_stub/dtypes.py:550: FutureWarning: Passing (type, 1) or '1type' as a synonym of type is deprecated; in a future version of numpy, it will be understood as (type, (1,)) / '(1,)type'.
  np_resource = np.dtype([("resource", np.ubyte, 1)])
2020-06-25 12:22:51 INFO [environment.py:108] Connected to Unity environment with package version 1.0.2 and communication version 1.0.0
2020-06-25 12:22:51 INFO [environment.py:265] Connected new brain:
CrawlerDynamic?team=0
2020-06-25 12:22:51 WARNING [__init__.py:92] The environment contains multiple observations. You must define allow_multiple_obs=True to receive them all. Otherwise, only the first visual observation (or vector observation ifthere are no visual observations) will be provided in the observation.
/home/j/jensenj/.local/lib/python3.6/site-packages/gym/logger.py:30: UserWarning: [33mWARN: Box bound precision lowered by casting to float32[0m
  warnings.warn(colorize('%s: %s'%('WARN', msg % args), 'yellow'))
update_time_steps: 8192 , ppo_epochs: 32 , beta:  0.1 , gamma 0.9
0 : -1.6688088057562709
1 : -0.3099026847630739
2 : -1.595425899606198
3 : -1.7353291399776936
4 : -1.3734673829749227
5 : -1.7836847081780434
6 : -4.983047978952527
7 : -2.316420368850231
8 : -1.3043873240239918
9 : -0.9735642266459763
10 : -0.10706451255828142
11 : -1.4923997024307027
12 : -1.828841057838872
13 : -1.1476592181716114
14 : 0.8748873472213745
15 : -0.40990353655070066
16 : -1.5110113369300961
17 : 0.24614986032247543
18 : -0.8427736035082489
19 : -1.7150938999839127
20 : -2.3813242223113775
21 : -0.9992078230716288
22 : -1.04739660769701
23 : 0.9781360011547804
24 : -1.5839893301017582
25 : -0.6917673079296947
26 : 2.471316546201706
27 : 2.0311259063892066
28 : -1.6275400910526514
29 : -1.0551663935184479
30 : -1.600677765905857
31 : -1.7086869941558689
32 : -0.9402990154922009
33 : -0.7454138081520796
34 : -1.5908184729050845
35 : -1.8559961542487144
36 : -1.9863351695239544
37 : -1.2373971734195948
38 : -0.8466057777404785
39 : -2.148270002566278
40 : 2.825885697733611
41 : -1.4045682102441788
42 : 1.7058889232575893
43 : 2.416831724345684
44 : 4.1252402029931545
45 : -1.1598473186604679
46 : -1.2095467431936413
47 : -1.5931830299086869
48 : -1.3941147197037935
49 : -1.33237886428833
50 : -2.0961121923755854
51 : -0.9403168652206659
52 : -1.3013542478438467
53 : -1.0682482570409775
54 : -3.2437164429575205
55 : -1.1831682678312063
56 : -0.8057872243225574
57 : -6.418258469551802
58 : -1.3190839923918247
59 : -0.3448684820905328
60 : 2.355270152911544
61 : -1.6322314338758588
62 : -0.6609565857797861
63 : -3.0731872958131135
64 : -0.6399677578592673
65 : -1.6657645367085934
66 : -1.669779074843973
67 : 4.676902912091464
68 : -0.9221842652186751
69 : 4.400158237665892
70 : -1.5920623047277331
71 : -7.731743363663554
72 : -1.4017110150307417
73 : -6.83629150968045
74 : -1.4541133283637464
75 : -0.89132060110569
76 : -1.3233111165463924
77 : -1.3279571197926998
78 : -0.07185677997767925
79 : -1.4597114212810993
80 : 1.0116253215819597
81 : -1.7322350819595158
82 : -0.8189398255199194
83 : -0.9668760672211647
84 : 1.2569770072586834
85 : -2.0901422426104546
86 : -2.6438845702214167
87 : -0.8984382762573659
88 : 0.3462217594496906
89 : -1.2061557741835713
90 : -1.3994889995083213
91 : 2.3078056103549898
92 : 0.3727962910197675
93 : -1.8839552626013756
94 : -1.6511272941716015
95 : -0.885043304413557
96 : -0.162856662645936
97 : -1.3569862382719293
98 : -2.2279408569447696
99 : -1.5210823733359575
100 : 1.4405980966985226
101 : -4.285457339603454
102 : -1.0716653256677091
103 : -3.9820529257413
104 : -2.227787971496582
105 : -0.6293823309242725
106 : -2.995246859267354
107 : -1.2058415114879608
108 : -1.5497465953230858
109 : -5.7860949649475515
110 : -1.7727046124637127
111 : -1.6160197597928345
112 : -0.8475327230989933
113 : 0.12157366704195738
114 : -0.5247603124007583
115 : 1.5895911995321512
116 : 1.084902779199183
117 : -1.838292967993766
118 : -2.176314454525709
119 : -1.6303531811572611
120 : -1.5815557115711272
121 : -1.0641802214086056
122 : -1.2103323955088854
123 : -0.21437421813607216
124 : -2.8215639358386397
125 : 0.6035269759595394
126 : -1.5914496798068285
127 : -3.358100851997733
128 : 4.803148478269577
129 : -7.21890914440155
130 : -15.72883227467537
131 : -1.5473083443939686
132 : -6.366507411934435
133 : -2.7006245078518987
134 : -1.3466847129166126
135 : -0.9709604387171566
136 : -5.70263002300635
137 : -0.30335783213377
138 : -20.14357105898671
139 : -2.316326995380223
140 : -9.750273688230664
141 : -0.8887178981676698
142 : -1.3885425627231598
143 : -1.7722896039485931
144 : -0.9650890757329762
145 : -2.4077833900228143
146 : -1.8613784704357386
147 : 0.9412054279819131
148 : -1.2185472855344415
149 : 2.293772527948022
150 : -1.6096363523975015
151 : -0.6671420047059655
152 : -1.4677212997339666
153 : -2.1297830939292908
154 : 2.8104388508945704
155 : -1.8688901364803314
156 : -0.935102212941274
157 : -8.01634559687227
158 : -2.4009160613641143
159 : -1.9249402489513159
160 : -1.7876453809440136
161 : -0.13143559219315648
162 : 2.850458289962262
163 : -13.246461275964975
164 : 4.369098327355459
165 : -1.3168736230581999
166 : -1.6476898131659254
167 : -2.3046471308916807
168 : -1.8514457768760622
169 : -0.9372683530673385
170 : -0.9642843250185251
171 : -0.18975729495286942
172 : -4.2268701393622905
173 : -1.567734430078417
174 : -0.16122861951589584
175 : -0.6925256638787687
176 : -1.0839315839111805
177 : -0.8438469765242189
178 : -0.7130232900381088
179 : -0.7066475693136454
180 : -0.9691542717628181
181 : -0.9250700771808624
182 : -1.2376727818045765
183 : -1.8390657305717468
184 : 1.5412678718566895
185 : -23.103015785571188
186 : -2.8472501463256776
187 : -0.011798493564128876
188 : -1.740986043587327
189 : -1.5696207312867045
190 : -3.89318994875066
191 : 6.680762146599591
192 : -1.7492960328236222
193 : -2.5213373792357743
194 : -0.6004998851567507
195 : -3.7738907942548394
196 : -2.3790939301252365
197 : -1.1918750796467066
198 : -1.603534544352442
199 : -2.224758530035615
200 : -11.535468599759042
201 : -1.0582550801336765
202 : -2.1986926533281803
203 : 0.8137067598290741
204 : -2.665789839811623
205 : -1.5259833978489041
206 : 7.195838501676917
207 : -1.3299261438660324
208 : -1.043855944648385
209 : 0.10765531263314188
210 : -0.19518325524404645
211 : -0.9646163578145206
212 : 1.3212646911852062
213 : -2.860150888096541
214 : -2.1140533089637756
215 : -3.7533188685774803
216 : 3.8757175588980317
217 : -0.41478475648909807
218 : -1.749215193092823
219 : -0.8008075458928943
220 : -1.0675787786021829
221 : 0.0723555670119822
222 : -1.1631535734049976
223 : -0.7675740988925099
224 : -1.5340879275463521
225 : -1.417456865310669
226 : -0.2583465981297195
227 : -1.1805687937885523
228 : -1.4552824930287898
229 : -1.2603621729649603
230 : -1.4734738087281585
231 : -4.207233097869903
232 : -3.199627893976867
233 : -1.1367371981032193
234 : -9.190882127732038
235 : 2.2062033228576183
236 : -5.312668977770954
237 : -2.5096052889712155
238 : -1.6987458490766585
239 : 3.628667240962386
240 : 1.1736737112514675
241 : -1.3617296763695776
242 : -0.9348337459377944
243 : -0.5722683751955628
244 : -1.6094468981027603
245 : -1.0136313140392303
246 : -1.5870465636253357
247 : -1.2476146407425404
248 : -0.8150580627843738
249 : -1.756259012967348
250 : -0.5001556775532663
251 : -0.36394850676879287
252 : -4.944796544034034
253 : -0.918263235129416
254 : -2.081544323824346
255 : -3.1509245159104466
256 : -2.8093441324308515
257 : -3.949462075717747
258 : -4.855113051831722
259 : -1.0641168199945241
260 : -6.32097234018147
261 : -1.4309269553050399
262 : 0.6915035862475634
263 : -2.121977472677827
264 : -0.5242822635918856
265 : 0.3313437888864428
266 : -0.9281598986126482
267 : -5.929105896502733
268 : -3.7356217354536057
269 : -7.11441576865036
270 : -0.7838418576866388
271 : 0.08672812581062317
272 : -2.44356582313776
273 : 2.6406677290797234
274 : 1.1024118405766785
275 : -1.4073647558689117
276 : -2.9995269631035626
277 : -1.6051234961487353
278 : -1.0066363527439535
279 : -2.706912938505411
280 : -1.288606389425695
281 : -1.3927245773375034
282 : -3.578425609972328
283 : -1.7739649461582303
284 : -0.7898535896092653
285 : 2.0593392096925527
286 : -1.1685791686177254
287 : 1.21800865419209
288 : -1.485858783358708
289 : -0.9471236779354513
290 : -2.906171999871731
291 : -3.4568608957342803
292 : -1.1749814609065652
293 : -1.2419846076518297
294 : -1.942788990214467
295 : -2.7896002400666475
296 : -0.29409350641071796
297 : -1.8940508030354977
298 : -5.281244546640664
299 : -0.8694158047437668
300 : -9.793122163973749
301 : -0.8798849582672119
302 : -1.277840107679367
303 : -1.1326858159154654
304 : 3.9279035767540336
305 : -0.14876403287053108
306 : -1.850571399088949
307 : -1.5850998787209392
308 : -1.4256528466939926
309 : -1.2139703379943967
310 : -1.8333046231418848
311 : 1.7619946752674878
312 : -0.9339240533299744
313 : -1.532241583801806
314 : 3.679655629210174
315 : -1.932832598220557
316 : -1.6153885629028082
317 : -1.7501345062628388
318 : -1.093140677548945
319 : -3.3027148470282555
320 : 2.2966585769318044
321 : -1.9831152686383575
322 : -1.3500356199219823
323 : 0.09034476615488529
324 : -7.965321795083582
325 : -0.43726824689656496
326 : -1.2204336854629219
327 : -0.8695303844287992
328 : -1.3755737487226725
329 : -2.7150382581166923
330 : -1.904569048434496
331 : 0.3153181017842144
332 : 1.8628459577448666
333 : -4.1745321282651275
334 : -1.2032685428857803
335 : -4.445874135708436
336 : -1.2353401384316385
337 : -3.3656481131911278
338 : -1.2219716901890934
339 : -0.9927651435136795
340 : -0.7544152261689305
341 : 2.023910672403872
342 : -7.9390103705227375
343 : -2.541593096219003
344 : -1.087698472198099
345 : -1.4463481400161982
346 : -1.843160718679428
347 : -0.7977352328598499
348 : -1.1844632104039192
349 : 4.882012859452516
350 : -1.7477474212646484
351 : -3.5209038597531617
352 : -1.6355115408077836
353 : -1.4779801242984831
354 : -1.492631827481091
!!! updated
355 : -1.101792008150369
356 : -1.3918228894472122
Setting up 2 worker threads for Enlighten.
  Thread -> id: 7f47e35b0700 -> priority: 1 
  Thread -> id: 7f47e2daf700 -> priority: 1 
Traceback (most recent call last):
  File "main.py", line 123, in <module>
    returns = [episode(env, agent, i) for i in range(training_episodes)]
  File "main.py", line 123, in <listcomp>
    returns = [episode(env, agent, i) for i in range(training_episodes)]
  File "main.py", line 30, in episode
    next_state, reward, done, _ = env.step(action.numpy()[0])
  File "/home/j/jensenj/.local/lib/python3.6/site-packages/gym_unity/envs/__init__.py", line 177, in step
    self._env.step()
  File "/home/j/jensenj/.local/lib/python3.6/site-packages/mlagents_envs/timers.py", line 305, in wrapped
    return func(*args, **kwargs)
  File "/home/j/jensenj/.local/lib/python3.6/site-packages/mlagents_envs/environment.py", line 319, in step
    self._update_state(rl_output)
  File "/home/j/jensenj/.local/lib/python3.6/site-packages/mlagents_envs/environment.py", line 275, in _update_state
    agent_info_list, self._env_specs[brain_name]
  File "/home/j/jensenj/.local/lib/python3.6/site-packages/mlagents_envs/timers.py", line 305, in wrapped
    return func(*args, **kwargs)
  File "/home/j/jensenj/.local/lib/python3.6/site-packages/mlagents_envs/rpc_utils.py", line 188, in steps_from_proto
    obs_index, obs_shape, decision_agent_info_list
  File "/home/j/jensenj/.local/lib/python3.6/site-packages/mlagents_envs/timers.py", line 305, in wrapped
    return func(*args, **kwargs)
  File "/home/j/jensenj/.local/lib/python3.6/site-packages/mlagents_envs/rpc_utils.py", line 152, in _process_vector_observation
    _raise_on_nan_and_inf(np_obs, "observations")
  File "/home/j/jensenj/.local/lib/python3.6/site-packages/mlagents_envs/rpc_utils.py", line 132, in _raise_on_nan_and_inf
    raise RuntimeError(f"The {source} provided had Infinite values.")
RuntimeError: The observations provided had Infinite values.
2020-06-25 12:35:20 INFO [environment.py:418] Environment shut down with return code 0.
