slurmstepd-feueropal: error: Unable to create TMPDIR [/tmp/user/30108]: Permission denied
slurmstepd-feueropal: error: Setting TMPDIR to /tmp
Found path: /home/j/jensenj/PycharmProjects/Federer-Jr./src/../crawler_single/linux/dynamic_server/crawler_dynamic.x86_64
Mono path[0] = '/home/j/jensenj/PycharmProjects/Federer-Jr./src/../crawler_single/linux/dynamic_server/crawler_dynamic_Data/Managed'
Mono config path = '/home/j/jensenj/PycharmProjects/Federer-Jr./src/../crawler_single/linux/dynamic_server/crawler_dynamic_Data/MonoBleedingEdge/etc'
Preloaded 'lib_burst_generated.so'
Preloaded 'libgrpc_csharp_ext.x64.so'
Initialize engine version: 2019.3.15f1 (59ff3e03856d)
[Subsystems] Discovering subsystems at path /home/j/jensenj/PycharmProjects/Federer-Jr./src/../crawler_single/linux/dynamic_server/crawler_dynamic_Data/UnitySubsystems
Forcing GfxDevice: Null
GfxDevice: creating device client; threaded=0
NullGfxDevice:
    Version:  NULL 1.0 [1.0]
    Renderer: Null Device
    Vendor:   Unity Technologies
Begin MonoManager ReloadAssembly
- Completed reload, in  0.089 seconds
WARNING: Shader Unsupported: 'Autodesk Interactive' - All passes removed
WARNING: Shader Did you use #pragma only_renderers and omit this platform?
UnloadTime: 0.363045 ms
Fallback handler could not load library /home/j/jensenj/PycharmProjects/Federer-Jr./src/../crawler_single/linux/dynamic_server/crawler_dynamic_Data/Mono/libcoreclr.so
Fallback handler could not load library /home/j/jensenj/PycharmProjects/Federer-Jr./src/../crawler_single/linux/dynamic_server/crawler_dynamic_Data/Mono/libcoreclr.so
Fallback handler could not load library /home/j/jensenj/PycharmProjects/Federer-Jr./src/../crawler_single/linux/dynamic_server/crawler_dynamic_Data/Mono/libcoreclr.so
Fallback handler could not load library /home/j/jensenj/PycharmProjects/Federer-Jr./src/../crawler_single/linux/dynamic_server/crawler_dynamic_Data/Mono/libSystem.dylib
Fallback handler could not load library /home/j/jensenj/PycharmProjects/Federer-Jr./src/../crawler_single/linux/dynamic_server/crawler_dynamic_Data/Mono/libSystem.dylib.so
Fallback handler could not load library /home/j/jensenj/PycharmProjects/Federer-Jr./src/../crawler_single/linux/dynamic_server/crawler_dynamic_Data/Mono/libSystem.dylib
Fallback handler could not load library /home/j/jensenj/PycharmProjects/Federer-Jr./src/../crawler_single/linux/dynamic_server/crawler_dynamic_Data/Mono/libcoreclr.so
Fallback handler could not load library /home/j/jensenj/PycharmProjects/Federer-Jr./src/../crawler_single/linux/dynamic_server/crawler_dynamic_Data/Mono/libcoreclr.so
Fallback handler could not load library /home/j/jensenj/PycharmProjects/Federer-Jr./src/../crawler_single/linux/dynamic_server/crawler_dynamic_Data/Mono/libcoreclr.so
Fallback handler could not load library /home/j/jensenj/PycharmProjects/Federer-Jr./src/../crawler_single/linux/dynamic_server/crawler_dynamic_Data/Mono/libSystem.dylib
Fallback handler could not load library /home/j/jensenj/PycharmProjects/Federer-Jr./src/../crawler_single/linux/dynamic_server/crawler_dynamic_Data/Mono/libSystem.dylib.so
Fallback handler could not load library /home/j/jensenj/PycharmProjects/Federer-Jr./src/../crawler_single/linux/dynamic_server/crawler_dynamic_Data/Mono/libSystem.dylib
/home/j/jensenj/.local/lib/python3.6/site-packages/tensorboard/compat/tensorflow_stub/dtypes.py:541: FutureWarning: Passing (type, 1) or '1type' as a synonym of type is deprecated; in a future version of numpy, it will be understood as (type, (1,)) / '(1,)type'.
  _np_qint8 = np.dtype([("qint8", np.int8, 1)])
/home/j/jensenj/.local/lib/python3.6/site-packages/tensorboard/compat/tensorflow_stub/dtypes.py:542: FutureWarning: Passing (type, 1) or '1type' as a synonym of type is deprecated; in a future version of numpy, it will be understood as (type, (1,)) / '(1,)type'.
  _np_quint8 = np.dtype([("quint8", np.uint8, 1)])
/home/j/jensenj/.local/lib/python3.6/site-packages/tensorboard/compat/tensorflow_stub/dtypes.py:543: FutureWarning: Passing (type, 1) or '1type' as a synonym of type is deprecated; in a future version of numpy, it will be understood as (type, (1,)) / '(1,)type'.
  _np_qint16 = np.dtype([("qint16", np.int16, 1)])
/home/j/jensenj/.local/lib/python3.6/site-packages/tensorboard/compat/tensorflow_stub/dtypes.py:544: FutureWarning: Passing (type, 1) or '1type' as a synonym of type is deprecated; in a future version of numpy, it will be understood as (type, (1,)) / '(1,)type'.
  _np_quint16 = np.dtype([("quint16", np.uint16, 1)])
/home/j/jensenj/.local/lib/python3.6/site-packages/tensorboard/compat/tensorflow_stub/dtypes.py:545: FutureWarning: Passing (type, 1) or '1type' as a synonym of type is deprecated; in a future version of numpy, it will be understood as (type, (1,)) / '(1,)type'.
  _np_qint32 = np.dtype([("qint32", np.int32, 1)])
/home/j/jensenj/.local/lib/python3.6/site-packages/tensorboard/compat/tensorflow_stub/dtypes.py:550: FutureWarning: Passing (type, 1) or '1type' as a synonym of type is deprecated; in a future version of numpy, it will be understood as (type, (1,)) / '(1,)type'.
  np_resource = np.dtype([("resource", np.ubyte, 1)])
2020-06-25 12:34:51 INFO [environment.py:108] Connected to Unity environment with package version 1.0.2 and communication version 1.0.0
2020-06-25 12:34:51 INFO [environment.py:265] Connected new brain:
CrawlerDynamic?team=0
2020-06-25 12:34:51 WARNING [__init__.py:92] The environment contains multiple observations. You must define allow_multiple_obs=True to receive them all. Otherwise, only the first visual observation (or vector observation ifthere are no visual observations) will be provided in the observation.
/home/j/jensenj/.local/lib/python3.6/site-packages/gym/logger.py:30: UserWarning: [33mWARN: Box bound precision lowered by casting to float32[0m
  warnings.warn(colorize('%s: %s'%('WARN', msg % args), 'yellow'))
/home/j/jensenj/.local/lib/python3.6/site-packages/numpy/core/_methods.py:160: RuntimeWarning: invalid value encountered in reduce
  ret = umr_sum(arr, axis, dtype, out, keepdims)
update_time_steps: 10240 , ppo_epochs: 8 , beta:  0.01 , gamma 0.99
0 : -1.1192947123199701
1 : -1.4942336427047849
2 : -0.7859475640580058
3 : -0.9935729270800948
4 : -0.7962461686693132
5 : -1.0479311663657427
6 : -0.774947376921773
7 : 4.498343141749501
8 : -1.3779973892960697
9 : -2.2453890121541917
10 : -1.1805572304874659
11 : -0.29391097370535135
12 : 6.38171760737896
13 : -1.3068320509046316
14 : -1.1054076205473393
15 : -1.3356811336707324
16 : -1.7450434882193804
17 : 2.2539406530559063
18 : -1.700378972105682
19 : -1.4735539425164461
20 : -1.164742689114064
21 : -1.229097724892199
22 : -6.657841219333932
23 : -0.7668390311300755
24 : -6.701439544558525
25 : -1.826171264052391
26 : -1.2703911140561104
27 : -0.9530699546448886
28 : -1.3733334438875318
29 : -2.5938690900802612
30 : -0.2574452832341194
31 : -0.8988244477659464
32 : 0.5343017298728228
33 : -0.753230718895793
34 : -1.3410284332931042
35 : -1.2579910326749086
36 : -1.2877478618174791
37 : -1.0624817740172148
38 : -0.7019518595188856
39 : -4.827911654021591
40 : -1.4297882141545415
41 : -0.9581237272359431
42 : -4.5726512763649225
43 : -2.639705578563735
44 : -1.5153364526340738
45 : -0.38680523820221424
46 : -1.1563568403944373
47 : -0.9243296273052692
48 : -1.0390969379805028
49 : -1.6038772650063038
50 : -1.1987112239003181
51 : -2.8415814116597176
52 : -2.1655333545058966
53 : -0.8351130704395473
54 : -0.8523489600047469
55 : -1.0008037760853767
56 : 0.6227991911582649
57 : -2.173881448805332
58 : -1.1619172804057598
59 : -0.8776550097391009
60 : -1.1888543390668929
61 : -0.9832565267570317
62 : -3.7545554959215224
63 : -2.193046596366912
64 : -2.0243788212537766
65 : -1.2175448080524802
66 : -1.3362353555858135
67 : -1.7581831812858582
68 : -1.7241105530411005
69 : -1.7139128874987364
70 : -1.4997176472097635
71 : 1.2282298365607858
72 : -1.2362040868028998
73 : -3.515825617592782
74 : -0.9375245636329055
75 : -1.3201624127104878
76 : -1.3366601227317005
77 : -1.4633457381278276
78 : -1.0981309358030558
79 : -0.5053563048131764
80 : -0.9616843871772289
81 : -1.4636185318231583
82 : -2.1367227490991354
83 : -3.068373005837202
84 : -1.8317226972430944
85 : 4.772769314935431
86 : 0.10038433410227299
87 : -1.2571469456888735
88 : -2.148203866556287
89 : -1.6697862148284912
90 : 4.382054222049192
91 : -0.8668141663074493
92 : -1.59716743696481
93 : -1.8613072969019413
94 : -1.5362479165196419
95 : -1.5534128518775105
96 : 1.4778505095746368
97 : -2.8742110319435596
98 : -0.9522264879196882
99 : -1.000546502880752
100 : -1.0245491983368993
101 : -1.7837969078682363
102 : -1.5710882041603327
103 : -3.2552102846093476
104 : 1.4291554428637028
105 : -9.26283617503941
106 : -1.7069950485602021
107 : -4.183530234731734
108 : 1.1013852815376595
109 : -1.4085808885283768
110 : -0.8479950530454516
111 : -1.3724628817290068
112 : -1.7418124601244926
113 : 5.0628415225073695
114 : -1.382410922087729
115 : -1.6253116242587566
116 : -1.8224170841276646
117 : -3.8413909333758056
118 : -5.113286982115824
119 : 11.937395385466516
120 : -2.026678044348955
121 : -1.4188145343214273
122 : -4.770304153673351
123 : -1.5868926607072353
124 : -1.8546616733074188
125 : -1.258057039231062
126 : -0.7830322096124291
127 : -3.040324941277504
128 : -2.1814867528155446
129 : 2.081837792880833
130 : -2.3230368844233453
131 : -1.736835714429617
132 : -1.5726772621273994
133 : -1.14160864520818
134 : -2.345738036558032
135 : -2.4442231971770525
136 : -1.5005513979122043
137 : -1.9766808236017823
138 : -1.1627837540581822
139 : 5.767650429159403
140 : -1.081565550994128
141 : -0.45763303129933774
142 : -6.463789298781194
143 : -0.6349633946083486
144 : -2.103531119413674
145 : 2.513050920329988
146 : -1.558316895738244
147 : -0.8193062786012888
148 : -1.1599271716549993
149 : -3.4877191577106714
150 : -1.6032630298286676
151 : -0.20468922471627593
152 : -3.883623566478491
153 : -5.467810852918774
154 : -1.5167981050908566
155 : -1.802793376147747
156 : -1.1650243578478694
157 : 2.1746761221438646
158 : -0.965412674471736
159 : -0.7074672183953226
160 : -3.742282874882221
161 : -0.8667837930843234
162 : -0.6155281958635896
163 : -2.5595301552675664
164 : -4.751894412562251
165 : -0.45802180422469974
166 : 1.9074011410120875
167 : -1.401054400485009
168 : -1.2617567693814635
169 : -8.944925063289702
170 : -1.0373105150647461
171 : -1.6462684790603817
172 : 1.7861665058881044
173 : -6.9351925579831
174 : -1.0485116164200008
175 : 0.6348949810490012
176 : -0.5299791838042438
177 : -0.6048346693860367
178 : 7.900170441251248
179 : -0.9006807797122747
180 : -1.9974826094694436
181 : -4.2867060992866755
182 : -0.8000660985708237
183 : -0.5730964131653309
184 : -0.713420013897121
185 : 1.6884381398558617
186 : -3.0656996807083488
187 : -2.25641831709072
188 : 0.21341386437416077
189 : -1.3225744450464845
190 : -0.5665410982910544
191 : -4.115687777753919
192 : 4.889119429513812
193 : -5.276207047281787
194 : -1.3167677260935307
195 : -5.066478715045378
196 : -0.7535558184608817
197 : 1.047498969361186
198 : -6.835554595571011
199 : -1.4398981221020222
200 : -1.8374203061684966
201 : -2.2129179349867627
202 : -1.3462656680494547
203 : -1.3039115094579756
204 : -1.5646184124052525
205 : -5.044916624203324
206 : -1.6153808711096644
207 : -0.8637678502127528
208 : -1.896348599344492
209 : -1.1883205603808165
210 : -1.9623971385881305
211 : -1.9098641579039395
212 : -0.9725325852632523
213 : 0.08706159610301256
214 : -1.6624954687431455
215 : 0.6549251950345933
216 : -1.687577650649473
217 : -0.8054914362728596
218 : -2.0469922721385956
219 : -0.7335294268559664
220 : -0.9932684851810336
221 : -2.126431405893527
222 : 8.29112977348268
223 : -0.67276540864259
224 : -1.5127219171263278
225 : -1.9469080306589603
226 : 0.11076075211167336
227 : 0.5667466297745705
228 : 1.6082681249827147
229 : 0.010499854572117329
230 : -1.3077734797261655
231 : -0.7301507520023733
232 : -3.105240684002638
233 : -1.6111027598381042
234 : -0.313261850271374
235 : -1.2860792458523065
236 : -1.4551028059795499
237 : -1.0994355883449316
238 : -0.7837527357041836
239 : -1.0981880379840732
240 : -1.3060277099721134
241 : -1.4081493960693479
242 : -1.2398951333016157
243 : -0.9567877850495279
244 : -8.19704120210372
245 : -1.6505844965577126
246 : -2.7949031572788954
247 : -2.73729903367348
248 : -1.2943814499303699
249 : -1.6736663579940796
250 : -0.8919952884316444
251 : -1.448394070379436
252 : -1.250146135687828
253 : -0.8658846928738058
254 : -2.474326465278864
255 : -9.121815081685781
256 : -2.2244234727695584
257 : -1.5178776700049639
258 : -0.5128928367048502
259 : -1.7782497126609087
260 : -1.1908469542395324
261 : -1.3741840925067663
262 : -1.531116096302867
263 : -1.9160023257136345
264 : -0.9590785233303905
265 : -1.383199674077332
266 : 1.8396207164041698
267 : -0.8059122107224539
268 : -1.1241165082901716
269 : 0.5285874954424798
270 : -1.047516995575279
271 : -3.80275807203725
272 : -0.17885663616470993
273 : 0.31157084344886243
274 : -1.0108718471601605
275 : -7.113735641352832
276 : 5.024732002988458
277 : -8.807104628300294
278 : -2.862927906215191
279 : -1.4310040147975087
280 : -1.6557714939117432
281 : -0.07361767487600446
282 : -0.13765549287199974
283 : -0.8035908709280193
284 : -6.254914721939713
285 : 3.282184618525207
286 : 5.7881030440330505
287 : -0.7431964664719999
288 : -1.6107098469510674
289 : -0.7325075967237353
290 : -0.2838213564828038
291 : -1.241378590464592
292 : -2.0738255232572556
293 : -2.0417212080210447
294 : -11.308028252562508
295 : -7.508655549027026
296 : -2.109914392232895
297 : -0.879298435524106
298 : -1.7995911110192537
299 : -8.766523705562577
300 : -1.6584742069244385
301 : 14.314674491295591
302 : -1.288054876960814
303 : 3.5849278597161174
304 : -4.3361857030540705
305 : -1.489849966019392
306 : -1.1990983206778765
307 : -0.8364874692633748
308 : -1.1756487949751318
309 : -1.5693450970575213
310 : -1.4132378264330328
311 : -1.0996714211069047
312 : -16.745439124293625
313 : -1.5963602885603905
314 : -2.8508210331201553
315 : -2.722071088850498
316 : -1.0879576914012432
317 : -0.6077160825952888
318 : 1.108828010968864
319 : -2.8886604886502028
320 : 4.654544004239142
321 : -3.1075019005220383
322 : -0.9439493492245674
323 : -13.40546177700162
324 : 1.038635769393295
325 : -1.3374674608930945
326 : -1.7443962935358286
327 : -1.0854519261047244
328 : 1.8924266216345131
329 : -1.0173155604861677
330 : -2.400461334735155
331 : -0.9035447891801596
332 : -1.1406049923971295
333 : -0.7357356380671263
334 : -4.1401449288241565
335 : -3.245339137967676
336 : -1.8450928665697575
337 : -0.8534959759563208
338 : -0.9923166921362281
339 : -3.833920817822218
340 : -1.1270780814811587
341 : 0.4934744802303612
342 : 0.2583697692025453
343 : -3.1784994625486434
344 : -2.4981832681805827
345 : -3.1342226369306445
346 : -1.4774788822978735
347 : -1.284885536879301
348 : -6.23975166818127
349 : -1.69895526394248
350 : -0.37134763272479177
351 : 0.11969795916229486
352 : -2.2917576311156154
353 : -1.2467041183263063
354 : -1.4414693787693977
355 : -2.2279614321887493
356 : -1.5510292761027813
357 : -5.220550524070859
358 : 3.235982966143638
359 : -1.11949672549963
360 : -1.836486498825252
361 : -2.521159482188523
362 : -1.4942943453788757
363 : 0.47829162841662765
364 : -0.7641548220999539
365 : -4.327874404378235
366 : -1.3045465843752027
367 : 1.1747094579041004
368 : -1.3917642370797694
369 : -2.0574141778051853
370 : 0.6978848399594426
371 : -1.5206023193895817
372 : -0.9847547998651862
373 : -0.38296384550631046
374 : -0.6483821916626766
375 : 1.0222409652778879
376 : -0.621189396828413
377 : -1.887509686872363
378 : 5.915379397571087
379 : -4.592143351212144
380 : -1.666784736327827
381 : -1.264302022755146
382 : -2.1428277380764484
383 : 0.6124157067388296
384 : -0.8893752424046397
385 : -0.8929775874130428
386 : -1.6696331165730953
387 : -1.366584487259388
388 : -1.5008946512825787
389 : -1.0226170774549246
390 : 3.925850896630436
391 : -1.749946840107441
392 : 1.529290309175849
393 : -1.3189895041286945
394 : 4.35923962155357
395 : 0.8922891016118228
396 : -6.1663786272984
397 : -0.8202412840910256
398 : -0.7143912641331553
399 : 0.7337320502847433
400 : 6.389461962040514
401 : 3.882200898602605
402 : -0.5796601264737546
403 : -1.4826972587034106
404 : -1.8585925251245499
405 : -2.5419313572347164
406 : -3.2055364286061376
407 : -1.603526254184544
408 : 7.788505933247507
409 : -0.8961715707555413
410 : -1.4537627808749676
411 : -0.9345695525407791
412 : -0.7655298989266157
413 : -1.8239531824365258
414 : -5.8904373701661825
415 : -1.9228116162121296
416 : -1.4459033522289246
417 : -1.0708898417651653
418 : -2.8563033638056368
419 : -0.6630166433751583
420 : -1.8271920774132013
421 : 0.815048017539084
422 : -1.5574241527356207
423 : -1.1301574895624071
424 : 0.9029579199850559
425 : 2.6843261308968067
426 : -1.3505170792341232
427 : -1.32847581198439
428 : -1.6691848738119006
429 : -0.9954801937565207
430 : -1.6817619311623275
431 : -2.703786527737975
432 : -0.8776001161895692
433 : -1.735606338828802
434 : -1.8845609463751316
435 : -2.5249595243949443
436 : -1.8949982076883316
437 : -3.830203202320263
438 : -1.5023519806563854
439 : -0.9752679420635104
440 : -1.4466827204450965
441 : -0.8969311285763979
442 : -2.82702527474612
443 : -1.2169191297143698
444 : -3.032727482030168
445 : -1.3076762910932302
446 : -7.3181102788075805
447 : -5.825601781718433
448 : -1.338093244470656
449 : 3.3500808044336736
450 : -2.2872906774282455
451 : -1.2865520203486085
452 : -1.9465616745874286
453 : -3.4643805027008057
!!! updated
454 : 1.0221948903054
455 : -1.7386703938245773
456 : -1.0385456099174917
Setting up 6 worker threads for Enlighten.
  Thread -> id: 7f91b6ffd700 -> priority: 1 
  Thread -> id: 7f91b67fc700 -> priority: 1 
  Thread -> id: 7f91b5ffb700 -> priority: 1 
  Thread -> id: 7f91b57fa700 -> priority: 1 
  Thread -> id: 7f91b4ff9700 -> priority: 1 
  Thread -> id: 7f91abfff700 -> priority: 1 
Traceback (most recent call last):
  File "main.py", line 123, in <module>
    returns = [episode(env, agent, i) for i in range(training_episodes)]
  File "main.py", line 123, in <listcomp>
    returns = [episode(env, agent, i) for i in range(training_episodes)]
  File "main.py", line 30, in episode
    next_state, reward, done, _ = env.step(action.numpy()[0])
  File "/home/j/jensenj/.local/lib/python3.6/site-packages/gym_unity/envs/__init__.py", line 177, in step
    self._env.step()
  File "/home/j/jensenj/.local/lib/python3.6/site-packages/mlagents_envs/timers.py", line 305, in wrapped
    return func(*args, **kwargs)
  File "/home/j/jensenj/.local/lib/python3.6/site-packages/mlagents_envs/environment.py", line 319, in step
    self._update_state(rl_output)
  File "/home/j/jensenj/.local/lib/python3.6/site-packages/mlagents_envs/environment.py", line 275, in _update_state
    agent_info_list, self._env_specs[brain_name]
  File "/home/j/jensenj/.local/lib/python3.6/site-packages/mlagents_envs/timers.py", line 305, in wrapped
    return func(*args, **kwargs)
  File "/home/j/jensenj/.local/lib/python3.6/site-packages/mlagents_envs/rpc_utils.py", line 193, in steps_from_proto
    obs_index, obs_shape, terminal_agent_info_list
  File "/home/j/jensenj/.local/lib/python3.6/site-packages/mlagents_envs/timers.py", line 305, in wrapped
    return func(*args, **kwargs)
  File "/home/j/jensenj/.local/lib/python3.6/site-packages/mlagents_envs/rpc_utils.py", line 152, in _process_vector_observation
    _raise_on_nan_and_inf(np_obs, "observations")
  File "/home/j/jensenj/.local/lib/python3.6/site-packages/mlagents_envs/rpc_utils.py", line 130, in _raise_on_nan_and_inf
    raise RuntimeError(f"The {source} provided had NaN values.")
RuntimeError: The observations provided had NaN values.
2020-06-25 12:46:58 INFO [environment.py:418] Environment shut down with return code 0.
