slurmstepd-guenz: error: Unable to create TMPDIR [/tmp/user/30108]: Permission denied
slurmstepd-guenz: error: Setting TMPDIR to /tmp
Found path: /home/j/jensenj/PycharmProjects/Federer-Jr./src/../crawler_single/linux/dynamic_server/crawler_dynamic.x86_64
Mono path[0] = '/home/j/jensenj/PycharmProjects/Federer-Jr./src/../crawler_single/linux/dynamic_server/crawler_dynamic_Data/Managed'
Mono config path = '/home/j/jensenj/PycharmProjects/Federer-Jr./src/../crawler_single/linux/dynamic_server/crawler_dynamic_Data/MonoBleedingEdge/etc'
Preloaded 'lib_burst_generated.so'
Preloaded 'libgrpc_csharp_ext.x64.so'
Initialize engine version: 2019.3.15f1 (59ff3e03856d)
[Subsystems] Discovering subsystems at path /home/j/jensenj/PycharmProjects/Federer-Jr./src/../crawler_single/linux/dynamic_server/crawler_dynamic_Data/UnitySubsystems
Forcing GfxDevice: Null
GfxDevice: creating device client; threaded=0
NullGfxDevice:
    Version:  NULL 1.0 [1.0]
    Renderer: Null Device
    Vendor:   Unity Technologies
Begin MonoManager ReloadAssembly
- Completed reload, in  0.097 seconds
WARNING: Shader Unsupported: 'Autodesk Interactive' - All passes removed
WARNING: Shader Did you use #pragma only_renderers and omit this platform?
UnloadTime: 0.429733 ms
Fallback handler could not load library /home/j/jensenj/PycharmProjects/Federer-Jr./src/../crawler_single/linux/dynamic_server/crawler_dynamic_Data/Mono/libcoreclr.so
Fallback handler could not load library /home/j/jensenj/PycharmProjects/Federer-Jr./src/../crawler_single/linux/dynamic_server/crawler_dynamic_Data/Mono/libcoreclr.so
Fallback handler could not load library /home/j/jensenj/PycharmProjects/Federer-Jr./src/../crawler_single/linux/dynamic_server/crawler_dynamic_Data/Mono/libcoreclr.so
Fallback handler could not load library /home/j/jensenj/PycharmProjects/Federer-Jr./src/../crawler_single/linux/dynamic_server/crawler_dynamic_Data/Mono/libSystem.dylib
Fallback handler could not load library /home/j/jensenj/PycharmProjects/Federer-Jr./src/../crawler_single/linux/dynamic_server/crawler_dynamic_Data/Mono/libSystem.dylib.so
Fallback handler could not load library /home/j/jensenj/PycharmProjects/Federer-Jr./src/../crawler_single/linux/dynamic_server/crawler_dynamic_Data/Mono/libSystem.dylib
Fallback handler could not load library /home/j/jensenj/PycharmProjects/Federer-Jr./src/../crawler_single/linux/dynamic_server/crawler_dynamic_Data/Mono/libcoreclr.so
Fallback handler could not load library /home/j/jensenj/PycharmProjects/Federer-Jr./src/../crawler_single/linux/dynamic_server/crawler_dynamic_Data/Mono/libcoreclr.so
Fallback handler could not load library /home/j/jensenj/PycharmProjects/Federer-Jr./src/../crawler_single/linux/dynamic_server/crawler_dynamic_Data/Mono/libcoreclr.so
Fallback handler could not load library /home/j/jensenj/PycharmProjects/Federer-Jr./src/../crawler_single/linux/dynamic_server/crawler_dynamic_Data/Mono/libSystem.dylib
Fallback handler could not load library /home/j/jensenj/PycharmProjects/Federer-Jr./src/../crawler_single/linux/dynamic_server/crawler_dynamic_Data/Mono/libSystem.dylib.so
Fallback handler could not load library /home/j/jensenj/PycharmProjects/Federer-Jr./src/../crawler_single/linux/dynamic_server/crawler_dynamic_Data/Mono/libSystem.dylib
/home/j/jensenj/.local/lib/python3.6/site-packages/tensorboard/compat/tensorflow_stub/dtypes.py:541: FutureWarning: Passing (type, 1) or '1type' as a synonym of type is deprecated; in a future version of numpy, it will be understood as (type, (1,)) / '(1,)type'.
  _np_qint8 = np.dtype([("qint8", np.int8, 1)])
/home/j/jensenj/.local/lib/python3.6/site-packages/tensorboard/compat/tensorflow_stub/dtypes.py:542: FutureWarning: Passing (type, 1) or '1type' as a synonym of type is deprecated; in a future version of numpy, it will be understood as (type, (1,)) / '(1,)type'.
  _np_quint8 = np.dtype([("quint8", np.uint8, 1)])
/home/j/jensenj/.local/lib/python3.6/site-packages/tensorboard/compat/tensorflow_stub/dtypes.py:543: FutureWarning: Passing (type, 1) or '1type' as a synonym of type is deprecated; in a future version of numpy, it will be understood as (type, (1,)) / '(1,)type'.
  _np_qint16 = np.dtype([("qint16", np.int16, 1)])
/home/j/jensenj/.local/lib/python3.6/site-packages/tensorboard/compat/tensorflow_stub/dtypes.py:544: FutureWarning: Passing (type, 1) or '1type' as a synonym of type is deprecated; in a future version of numpy, it will be understood as (type, (1,)) / '(1,)type'.
  _np_quint16 = np.dtype([("quint16", np.uint16, 1)])
/home/j/jensenj/.local/lib/python3.6/site-packages/tensorboard/compat/tensorflow_stub/dtypes.py:545: FutureWarning: Passing (type, 1) or '1type' as a synonym of type is deprecated; in a future version of numpy, it will be understood as (type, (1,)) / '(1,)type'.
  _np_qint32 = np.dtype([("qint32", np.int32, 1)])
/home/j/jensenj/.local/lib/python3.6/site-packages/tensorboard/compat/tensorflow_stub/dtypes.py:550: FutureWarning: Passing (type, 1) or '1type' as a synonym of type is deprecated; in a future version of numpy, it will be understood as (type, (1,)) / '(1,)type'.
  np_resource = np.dtype([("resource", np.ubyte, 1)])
2020-06-25 12:14:51 INFO [environment.py:108] Connected to Unity environment with package version 1.0.2 and communication version 1.0.0
2020-06-25 12:14:51 INFO [environment.py:265] Connected new brain:
CrawlerDynamic?team=0
2020-06-25 12:14:51 WARNING [__init__.py:92] The environment contains multiple observations. You must define allow_multiple_obs=True to receive them all. Otherwise, only the first visual observation (or vector observation ifthere are no visual observations) will be provided in the observation.
/home/j/jensenj/.local/lib/python3.6/site-packages/gym/logger.py:30: UserWarning: [33mWARN: Box bound precision lowered by casting to float32[0m
  warnings.warn(colorize('%s: %s'%('WARN', msg % args), 'yellow'))
/home/j/jensenj/.local/lib/python3.6/site-packages/numpy/core/_methods.py:160: RuntimeWarning: invalid value encountered in reduce
  ret = umr_sum(arr, axis, dtype, out, keepdims)
update_time_steps: 8192 , ppo_epochs: 8 , beta:  0.01 , gamma 0.9
0 : -1.2247665538452566
1 : -1.0281908744946122
2 : -1.501751794014126
3 : 4.070280432701111
4 : 1.5326954580377787
5 : -1.596148930490017
6 : -2.528762362897396
7 : -1.6895778514444828
8 : -0.9559434624388814
9 : -1.756968930363655
10 : -1.371906952932477
11 : -5.42199148144573
12 : -1.5757361687719822
13 : -0.9014202109538019
14 : -1.3108481038361788
15 : -1.8805281780660152
16 : -1.00526974350214
17 : -1.2730077663436532
18 : -1.176275324774906
19 : -2.3856245018541813
20 : -0.844632975757122
21 : -1.4035399300046265
22 : -0.8424380235373974
23 : -4.800426043570042
24 : -1.7118022572249174
25 : -0.7141572772525251
26 : -1.4912371933460236
27 : -1.0241601143497974
28 : -4.262242503464222
29 : -3.071662296541035
30 : 0.20224500447511673
31 : 4.142375437077135
32 : -1.0546044120565057
33 : -1.2835322646424174
34 : -1.3264567572623491
35 : -1.3852187865413725
36 : -2.339103715494275
37 : -1.1961139575578272
38 : -0.9079153942875564
39 : -10.80638629803434
40 : -1.112498678267002
41 : -1.1126894482877105
42 : -7.849149561021477
43 : -1.0494426842778921
44 : -3.3532822406850755
45 : -1.1476044775918126
46 : -0.9868220798671246
47 : -3.432959333062172
48 : -0.6100701834075153
49 : -1.1203665407374501
50 : -0.36300191516056657
51 : -1.1483345325104892
52 : -2.987725216895342
53 : 0.777267171535641
54 : -1.8583991900086403
55 : -2.6392513350583613
56 : -1.6719853430986404
57 : -2.0947239492088556
58 : 0.7880949387326837
59 : -3.0007348435465246
60 : -4.566864408552647
61 : -1.691641729325056
62 : -1.3647713772952557
63 : -1.0385922980494797
64 : -1.0364460609853268
65 : -2.6092436015605927
66 : -0.893538627307862
67 : -0.814144890755415
68 : 8.943534054793417
69 : -3.3624225929379463
70 : -2.1953945979475975
71 : -1.0905591621994972
72 : -1.7107912674546242
73 : -2.8829546496272087
74 : -1.2841707225888968
75 : -1.2590691801160574
76 : -0.6424703281372786
77 : -0.9164598686620593
78 : -2.2881717558484524
79 : -2.3028715178370476
80 : -1.0969795607961714
81 : -0.7606405466794968
82 : -1.917161963880062
83 : -2.548958958359435
84 : -0.43860290152952075
85 : 0.07101678662002087
86 : -0.30920802406035364
87 : -0.9685933985747397
88 : -2.016804702579975
89 : -1.8706744015216827
90 : -4.693074271082878
91 : -5.391718448139727
92 : -1.0582705046981573
93 : -1.1859946101903915
94 : -0.8721511899493635
95 : -0.5454509588889778
96 : -0.7933033332228661
97 : -1.0166538218036294
98 : -2.9851468736305833
99 : -1.513476500287652
100 : -0.9373290189541876
101 : -1.4916691165417433
102 : -1.241823059041053
103 : -1.7960563600063324
104 : -1.2543304897844791
105 : -1.6988999210298061
106 : -1.0390465748496354
107 : -0.43756958609446883
108 : -1.3813042724505067
109 : -1.139754946809262
110 : -1.3645135592669249
111 : -2.1113807847723365
112 : -0.6897610183805227
113 : -4.065987503156066
114 : -4.437190039083362
115 : -0.9973738929256797
116 : -1.393857181072235
117 : -3.209498978452757
118 : -0.6626403443515301
119 : -1.9175009755417705
120 : -1.4649858605116606
121 : 8.407326519489288
122 : -4.926449035294354
123 : -1.8506969255395234
124 : -2.048737930133939
125 : -1.627081761136651
126 : -0.8514118115417659
127 : -3.631441459991038
128 : 1.75335777644068
129 : -1.7135165249928832
130 : -0.9234100189059973
131 : -5.915760356001556
132 : 2.5395979657769203
133 : 0.535858100745827
134 : -11.23355613136664
135 : -1.107718799263239
136 : -17.842245432548225
137 : -0.11332880239933729
138 : -1.0302619710564613
139 : -1.3919203514233232
140 : -1.4634930361062288
141 : -1.949920691549778
142 : -0.3147253282368183
143 : -1.0603078920394182
144 : -2.1833583638072014
145 : -1.1459743985906243
146 : -1.133775794878602
147 : 0.6851985566318035
148 : -0.6352704265154898
149 : -1.8277372736483812
150 : -1.609870620071888
151 : -1.4465326112695038
152 : -0.7415952105075121
153 : -0.8371718665584922
154 : -1.4163380777463317
155 : -1.0024560652673244
156 : -0.2806459916755557
157 : -2.2496588453650475
158 : -5.70288235321641
159 : 6.564644034020603
160 : -1.3084639627486467
161 : -1.816048339009285
162 : -3.675529816187918
163 : 0.31245447252877057
164 : -2.905147567624226
165 : -1.0152816977351904
166 : -1.233345165848732
167 : -1.7422998528927565
168 : -1.5445438921451569
169 : -2.2398134991526604
170 : 0.8700164086185396
171 : -0.5818288079462945
172 : -1.1263715444947593
173 : -2.124198876088485
174 : -1.2318284697830677
175 : -2.906179733807221
176 : 1.9924553260207176
177 : -1.2379849879071116
178 : -0.6118922308087349
179 : -0.9408205952495337
180 : -1.348094291985035
181 : -4.481930714100599
182 : -1.309817185625434
183 : -0.9665823224931955
184 : -0.5943232709541917
185 : -1.699131648056209
186 : -2.0599204702302814
187 : -0.8365928083658218
188 : 6.209441842744127
189 : -5.89584662951529
190 : -1.0574051914736629
191 : 5.397252028807998
192 : -1.205046797171235
193 : -1.3483870401978493
194 : -1.0848368033766747
195 : -1.5508807972073555
196 : -1.0202951510436833
197 : -1.8251528888940811
198 : -0.872491680085659
199 : -2.32362331263721
200 : -3.7569179829442874
201 : -1.9287870293483138
202 : -5.3836010387167335
203 : -1.458725180476904
204 : -0.9158692397177219
205 : -1.427428264170885
206 : -5.965624094009399
207 : -1.2256423495709896
208 : -0.08950028056278825
209 : -1.3553109420463443
210 : 2.0991713106632233
211 : -1.0373618798330426
212 : -1.2493891492486
213 : -0.995294333435595
214 : -1.0091434549540281
215 : -1.3933897837996483
216 : -2.0867536514997482
217 : -1.354700691998005
218 : 2.1188878174871206
219 : -0.6896505830809474
220 : -1.0947794744279236
221 : -3.336825150065124
222 : -1.550982927903533
223 : -1.2366670994088054
224 : -1.8843684494495392
225 : -0.7272835578769445
226 : -1.4091201964765787
227 : -1.6395652890205383
228 : -3.650491064414382
229 : -2.1877789879217744
230 : -4.495479607023299
231 : -2.1106593385338783
232 : -1.1256557647138834
233 : 0.12163861119188368
234 : -0.771067607216537
235 : -1.1733830338343978
236 : -1.1932531043421477
237 : -0.8265172876417637
238 : -0.945434195920825
239 : -1.5193681572563946
240 : 1.6489504440687597
241 : -1.5756010077893734
242 : -0.8912723232060671
243 : -1.39307322492823
244 : -0.29284340236335993
245 : -2.1418061000294983
246 : -1.3017867542803288
247 : -0.5091594974510372
248 : -0.17688698880374432
249 : -1.3890878222882748
250 : -1.279385239817202
251 : -1.0239153797738254
252 : 0.09549458185210824
253 : 9.457669880939648
254 : 10.020404821261764
255 : -1.1584474816918373
256 : -1.389869709033519
257 : -1.1702336536254734
258 : -0.8160114670172334
259 : -1.2613590927794576
260 : -0.9340741978958249
261 : -0.8671868909150362
262 : -1.007561375387013
263 : 1.3013217505067587
264 : -2.3301556296646595
265 : -1.0347908777184784
266 : -1.1497882361290976
267 : -1.4304881459102035
268 : 0.47396225528791547
269 : -6.6594502329826355
270 : -0.7655608840286732
271 : -0.8914328957907856
272 : -1.1929906969889998
273 : -2.027584702009335
274 : -2.1744563281536102
275 : -0.6702133407816291
276 : -0.7412801380269229
277 : -1.4905636627227068
278 : 1.815428851172328
279 : -1.4399897558614612
280 : -1.3776178229600191
281 : 5.895081207156181
282 : -0.7120900345034897
283 : -2.3072285801172256
284 : -0.9217648413032293
285 : -1.0385205885395408
286 : -0.05558429006487131
287 : -2.860891499556601
288 : -2.2032265858724713
289 : -2.1453916132450104
290 : -0.5584647431969643
291 : -1.4279828779399395
292 : -0.35365827567875385
293 : -3.8172660497948527
294 : -1.3342133704572916
295 : -1.8759253583848476
296 : 3.0074733290821314
297 : -4.363536222837865
298 : -1.8593335449695587
299 : -15.190836731344461
300 : 3.249576199799776
301 : -1.8568575652316213
302 : -1.2178652994334698
303 : -1.8427730835974216
304 : 1.4146971120499074
305 : -1.705182746052742
306 : -0.6752980845049024
307 : -1.2698746540118009
308 : -0.04470294457860291
309 : -1.2111771758645773
310 : -1.7958820909261703
311 : -3.7668661177158356
312 : -1.398642137646675
313 : -3.5304926186800003
314 : -1.9383201291784644
315 : -5.411915239877999
316 : -1.903031300753355
317 : -0.9288323251530528
318 : -1.4430279550142586
319 : -0.8434711331501603
320 : -3.1178195737302303
321 : -1.5458640838041902
322 : -0.9243005197495222
323 : -0.7865640204399824
324 : -1.5650156866759062
325 : -1.013097885530442
326 : 1.5976854409091175
327 : -1.8305886071175337
328 : -0.5290323570370674
329 : 2.084444879088551
330 : -0.9526052568107843
331 : 0.5240068973507732
332 : -1.0280926609411836
333 : -1.277834254084155
334 : 0.7989443857222795
335 : -1.6308345273137093
336 : -1.264959981199354
337 : -0.07722075469791889
338 : -2.1264259591698647
339 : -0.018743555061519146
340 : -3.122939500492066
341 : -1.1941734766587615
342 : -1.151805934496224
343 : -2.137828509323299
344 : -3.026718044653535
345 : -1.1397119370521978
346 : -0.9067540690302849
347 : -1.6344417333602905
348 : -0.686395036522299
349 : -0.8729652804322541
350 : -1.8923851139843464
351 : -1.6541097462177277
352 : -3.7123588509857655
353 : -1.6795296594500542
354 : -0.335139696020633
355 : -1.857304148375988
356 : -1.6272680778056383
357 : 0.9823871180415154
358 : -0.6731227412819862
359 : -0.9192394651472569
360 : -1.3051846073940396
361 : -2.0519942194223404
362 : -1.4027727954089642
363 : -2.1333876345306635
364 : -1.061818664893508
365 : -1.2039094588253647
366 : -2.2676188554614782
367 : -1.9607325159013271
368 : -1.6874992419034243
369 : -1.2612237189896405
370 : -10.563713351264596
371 : -3.055742850061506
372 : -0.947665429674089
373 : 0.2543036490678787
374 : -1.3746639359742403
375 : -2.018897640518844
376 : -3.4590092697180808
377 : -1.525271368212998
378 : -1.1954246894456446
379 : -1.152931835502386
380 : -1.5633262232877314
381 : -4.259061053395271
382 : -1.3792883900750894
383 : 0.12461449112743139
384 : -0.9503381671383977
385 : -0.7924325363710523
386 : -1.8013014569878578
387 : -3.248610313050449
388 : -2.009582350961864
389 : 1.4378064163029194
390 : -1.7922937348484993
391 : -1.0542510822415352
392 : -1.316050834953785
393 : -3.2798460978083313
394 : -1.300906895659864
395 : -1.0489530847407877
396 : -0.8373280530795455
397 : -1.2380496095865965
398 : -1.0076727345585823
399 : 2.9540251013822854
400 : -1.3338945508003235
401 : -1.4791861064732075
402 : -0.5983952414244413
403 : -2.3056522933766246
404 : 2.631546280346811
405 : -0.9516871934756637
406 : -1.0429426007904112
407 : -0.9726839307695627
408 : -0.9925841246731579
409 : -1.3823100783629343
410 : -1.3052648641169071
411 : -1.2642957083880901
412 : -6.079863584600389
413 : 0.1665405072271824
414 : -1.547543059103191
415 : -0.6996059957891703
416 : -0.7951643671840429
417 : -3.842990456148982
418 : -1.6249508783221245
419 : -1.888742733746767
420 : -4.249578474322334
421 : 0.458096896763891
422 : -1.3063713693991303
423 : -2.720711287111044
424 : -1.0707738809287548
425 : -0.5981049202382565
426 : 2.0395262259989977
427 : -1.7220060275867581
428 : -1.069694516249001
429 : -4.672762710601091
430 : -0.7365308664739132
431 : -1.3052597809582949
432 : -0.04866246785968542
433 : -0.8164732567965984
434 : -0.19299831613898277
435 : -1.333443084731698
436 : -0.7014170056208968
437 : -0.5461050868034363
438 : -1.3897574567236006
439 : -0.9355963487178087
440 : -1.0992489606142044
441 : -1.4301659800112247
442 : -0.9027382619678974
!!! updated
443 : -1.3563660024665296
444 : -1.0079089938662946
445 : -1.7898315787315369
446 : -2.010264940559864
447 : -0.9403663035482168
448 : -2.7277855649590492
449 : -1.3536038007587194
Setting up 2 worker threads for Enlighten.
  Thread -> id: 7fb1fffff700 -> priority: 1 
  Thread -> id: 7fb1ff7fe700 -> priority: 1 
Traceback (most recent call last):
  File "main.py", line 123, in <module>
    returns = [episode(env, agent, i) for i in range(training_episodes)]
  File "main.py", line 123, in <listcomp>
    returns = [episode(env, agent, i) for i in range(training_episodes)]
  File "main.py", line 30, in episode
    next_state, reward, done, _ = env.step(action.numpy()[0])
  File "/home/j/jensenj/.local/lib/python3.6/site-packages/gym_unity/envs/__init__.py", line 177, in step
    self._env.step()
  File "/home/j/jensenj/.local/lib/python3.6/site-packages/mlagents_envs/timers.py", line 305, in wrapped
    return func(*args, **kwargs)
  File "/home/j/jensenj/.local/lib/python3.6/site-packages/mlagents_envs/environment.py", line 319, in step
    self._update_state(rl_output)
  File "/home/j/jensenj/.local/lib/python3.6/site-packages/mlagents_envs/environment.py", line 275, in _update_state
    agent_info_list, self._env_specs[brain_name]
  File "/home/j/jensenj/.local/lib/python3.6/site-packages/mlagents_envs/timers.py", line 305, in wrapped
    return func(*args, **kwargs)
  File "/home/j/jensenj/.local/lib/python3.6/site-packages/mlagents_envs/rpc_utils.py", line 188, in steps_from_proto
    obs_index, obs_shape, decision_agent_info_list
  File "/home/j/jensenj/.local/lib/python3.6/site-packages/mlagents_envs/timers.py", line 305, in wrapped
    return func(*args, **kwargs)
  File "/home/j/jensenj/.local/lib/python3.6/site-packages/mlagents_envs/rpc_utils.py", line 152, in _process_vector_observation
    _raise_on_nan_and_inf(np_obs, "observations")
  File "/home/j/jensenj/.local/lib/python3.6/site-packages/mlagents_envs/rpc_utils.py", line 130, in _raise_on_nan_and_inf
    raise RuntimeError(f"The {source} provided had NaN values.")
RuntimeError: The observations provided had NaN values.
2020-06-25 12:24:47 INFO [environment.py:418] Environment shut down with return code 0.
