slurmstepd-nau: error: Unable to create TMPDIR [/tmp/user/30108]: Permission denied
slurmstepd-nau: error: Setting TMPDIR to /tmp
Found path: /home/j/jensenj/PycharmProjects/Federer-Jr./src/../crawler_single/linux/dynamic_server/crawler_dynamic.x86_64
Mono path[0] = '/home/j/jensenj/PycharmProjects/Federer-Jr./src/../crawler_single/linux/dynamic_server/crawler_dynamic_Data/Managed'
Mono config path = '/home/j/jensenj/PycharmProjects/Federer-Jr./src/../crawler_single/linux/dynamic_server/crawler_dynamic_Data/MonoBleedingEdge/etc'
Preloaded 'lib_burst_generated.so'
Preloaded 'libgrpc_csharp_ext.x64.so'
Initialize engine version: 2019.3.15f1 (59ff3e03856d)
[Subsystems] Discovering subsystems at path /home/j/jensenj/PycharmProjects/Federer-Jr./src/../crawler_single/linux/dynamic_server/crawler_dynamic_Data/UnitySubsystems
Forcing GfxDevice: Null
GfxDevice: creating device client; threaded=0
NullGfxDevice:
    Version:  NULL 1.0 [1.0]
    Renderer: Null Device
    Vendor:   Unity Technologies
Begin MonoManager ReloadAssembly
- Completed reload, in  0.096 seconds
WARNING: Shader Unsupported: 'Autodesk Interactive' - All passes removed
WARNING: Shader Did you use #pragma only_renderers and omit this platform?
UnloadTime: 0.432867 ms
Fallback handler could not load library /home/j/jensenj/PycharmProjects/Federer-Jr./src/../crawler_single/linux/dynamic_server/crawler_dynamic_Data/Mono/libcoreclr.so
Fallback handler could not load library /home/j/jensenj/PycharmProjects/Federer-Jr./src/../crawler_single/linux/dynamic_server/crawler_dynamic_Data/Mono/libcoreclr.so
Fallback handler could not load library /home/j/jensenj/PycharmProjects/Federer-Jr./src/../crawler_single/linux/dynamic_server/crawler_dynamic_Data/Mono/libcoreclr.so
Fallback handler could not load library /home/j/jensenj/PycharmProjects/Federer-Jr./src/../crawler_single/linux/dynamic_server/crawler_dynamic_Data/Mono/libSystem.dylib
Fallback handler could not load library /home/j/jensenj/PycharmProjects/Federer-Jr./src/../crawler_single/linux/dynamic_server/crawler_dynamic_Data/Mono/libSystem.dylib.so
Fallback handler could not load library /home/j/jensenj/PycharmProjects/Federer-Jr./src/../crawler_single/linux/dynamic_server/crawler_dynamic_Data/Mono/libSystem.dylib
Fallback handler could not load library /home/j/jensenj/PycharmProjects/Federer-Jr./src/../crawler_single/linux/dynamic_server/crawler_dynamic_Data/Mono/libcoreclr.so
Fallback handler could not load library /home/j/jensenj/PycharmProjects/Federer-Jr./src/../crawler_single/linux/dynamic_server/crawler_dynamic_Data/Mono/libcoreclr.so
Fallback handler could not load library /home/j/jensenj/PycharmProjects/Federer-Jr./src/../crawler_single/linux/dynamic_server/crawler_dynamic_Data/Mono/libcoreclr.so
Fallback handler could not load library /home/j/jensenj/PycharmProjects/Federer-Jr./src/../crawler_single/linux/dynamic_server/crawler_dynamic_Data/Mono/libSystem.dylib
Fallback handler could not load library /home/j/jensenj/PycharmProjects/Federer-Jr./src/../crawler_single/linux/dynamic_server/crawler_dynamic_Data/Mono/libSystem.dylib.so
Fallback handler could not load library /home/j/jensenj/PycharmProjects/Federer-Jr./src/../crawler_single/linux/dynamic_server/crawler_dynamic_Data/Mono/libSystem.dylib
/home/j/jensenj/.local/lib/python3.6/site-packages/tensorboard/compat/tensorflow_stub/dtypes.py:541: FutureWarning: Passing (type, 1) or '1type' as a synonym of type is deprecated; in a future version of numpy, it will be understood as (type, (1,)) / '(1,)type'.
  _np_qint8 = np.dtype([("qint8", np.int8, 1)])
/home/j/jensenj/.local/lib/python3.6/site-packages/tensorboard/compat/tensorflow_stub/dtypes.py:542: FutureWarning: Passing (type, 1) or '1type' as a synonym of type is deprecated; in a future version of numpy, it will be understood as (type, (1,)) / '(1,)type'.
  _np_quint8 = np.dtype([("quint8", np.uint8, 1)])
/home/j/jensenj/.local/lib/python3.6/site-packages/tensorboard/compat/tensorflow_stub/dtypes.py:543: FutureWarning: Passing (type, 1) or '1type' as a synonym of type is deprecated; in a future version of numpy, it will be understood as (type, (1,)) / '(1,)type'.
  _np_qint16 = np.dtype([("qint16", np.int16, 1)])
/home/j/jensenj/.local/lib/python3.6/site-packages/tensorboard/compat/tensorflow_stub/dtypes.py:544: FutureWarning: Passing (type, 1) or '1type' as a synonym of type is deprecated; in a future version of numpy, it will be understood as (type, (1,)) / '(1,)type'.
  _np_quint16 = np.dtype([("quint16", np.uint16, 1)])
/home/j/jensenj/.local/lib/python3.6/site-packages/tensorboard/compat/tensorflow_stub/dtypes.py:545: FutureWarning: Passing (type, 1) or '1type' as a synonym of type is deprecated; in a future version of numpy, it will be understood as (type, (1,)) / '(1,)type'.
  _np_qint32 = np.dtype([("qint32", np.int32, 1)])
/home/j/jensenj/.local/lib/python3.6/site-packages/tensorboard/compat/tensorflow_stub/dtypes.py:550: FutureWarning: Passing (type, 1) or '1type' as a synonym of type is deprecated; in a future version of numpy, it will be understood as (type, (1,)) / '(1,)type'.
  np_resource = np.dtype([("resource", np.ubyte, 1)])
2020-06-25 12:00:51 INFO [environment.py:108] Connected to Unity environment with package version 1.0.2 and communication version 1.0.0
2020-06-25 12:00:51 INFO [environment.py:265] Connected new brain:
CrawlerDynamic?team=0
2020-06-25 12:00:51 WARNING [__init__.py:92] The environment contains multiple observations. You must define allow_multiple_obs=True to receive them all. Otherwise, only the first visual observation (or vector observation ifthere are no visual observations) will be provided in the observation.
/home/j/jensenj/.local/lib/python3.6/site-packages/gym/logger.py:30: UserWarning: [33mWARN: Box bound precision lowered by casting to float32[0m
  warnings.warn(colorize('%s: %s'%('WARN', msg % args), 'yellow'))
/home/j/jensenj/.local/lib/python3.6/site-packages/numpy/core/_methods.py:160: RuntimeWarning: invalid value encountered in reduce
  ret = umr_sum(arr, axis, dtype, out, keepdims)
update_time_steps: 4096 , ppo_epochs: 2 , beta:  0.001 , gamma 0.99
0 : -1.4276951793581247
1 : -1.1160902790725231
2 : -0.8737185951322317
3 : 2.2310931850224733
4 : -0.8658899739384651
5 : -0.8745916825719178
6 : -1.420854336116463
7 : -3.7292991960421205
8 : -5.254259725566953
9 : -1.0895442722830921
10 : -1.1970759201794863
11 : -1.2157655460759997
12 : -2.3289184323512018
13 : -0.8138701284769922
14 : -1.7943969848565757
15 : -1.7411039443686604
16 : -1.5585296470671892
17 : -1.629729056963697
18 : -1.3876168662682176
19 : -1.0784216383472085
20 : -1.8242661971598864
21 : -3.821116735227406
22 : -1.155562593601644
23 : -0.9389407178387046
24 : -1.5691627487540245
25 : -0.9880520198494196
26 : -1.7993834484368563
27 : -1.4841622156091034
28 : -0.9884761893190444
29 : 4.083044514991343
30 : -2.4117461359128356
31 : -2.052129479125142
32 : -1.0272605614736676
33 : 4.204474456608295
34 : -1.2795261861756444
35 : -1.5372639192501083
36 : -1.4524045083671808
37 : 0.7298826635815203
38 : -0.9790826067328453
39 : -0.7098278477787971
40 : -1.9359943671151996
41 : -1.5599853219464421
42 : -0.9567274684086442
43 : 0.13714607618749142
44 : -0.17725964449346066
45 : 2.7002954706549644
46 : -2.3240628391504288
47 : -1.057396937161684
48 : -1.3769492115825415
49 : -1.0505829791072756
50 : -0.961531849578023
51 : 1.8344855001196265
52 : -0.875014559365809
53 : -1.5486776903271675
54 : -1.4120400403626263
55 : -2.9054711633361876
56 : 10.562559348531067
57 : -1.4740864038467407
58 : 0.4274386474862695
59 : -1.306132446276024
60 : -1.1945264860987663
61 : -1.8612366318702698
62 : -0.6784577500075102
63 : -1.2199885807931423
64 : -1.3197039123624563
65 : -2.384841602295637
66 : -0.9180160658434033
67 : -0.7791958702728152
68 : -0.7818720764480531
69 : -1.0180904315784574
70 : -1.4747177958488464
71 : -1.5455472860485315
72 : -1.261789171025157
73 : -1.068169730482623
74 : -1.2039557954994962
75 : -2.1679360708221793
76 : -1.1683940663933754
77 : -1.1156455990858376
78 : -1.1502308041672222
79 : -3.6025951453484595
80 : -0.8736907616257668
81 : -0.5922756958752871
82 : -1.4394847564399242
83 : -0.23825622629374266
84 : -1.2104243193753064
85 : -1.9010671596042812
86 : -1.216856624931097
87 : -1.140655402559787
88 : -1.1442719399929047
89 : -0.5053550563752651
90 : -1.3749108270276338
91 : -0.43393084965646267
92 : -1.799255557358265
93 : -0.5036814231425524
94 : 6.098621975630522
95 : -1.1158009669743478
96 : -1.1863539444748312
97 : -1.7832528166472912
98 : -1.0428538690321147
99 : -2.46631783246994
100 : -0.7904316587373614
101 : -1.7585571631789207
102 : -1.0860433497000486
103 : -1.0667525762692094
104 : 0.23217786476016045
105 : -1.1921191229484975
106 : -0.7343065468594432
107 : -1.483611157629639
108 : -0.8084237999282777
109 : -0.931730795186013
110 : -1.2844037311151624
111 : -1.4656565133482218
112 : -0.8567898841574788
113 : -1.0703591441269964
114 : -1.3098757192492485
115 : -1.6743346033617854
116 : -1.286218037828803
117 : -2.046416036784649
118 : -1.1743771936744452
119 : -1.5073530059307814
120 : -0.7452551606111228
121 : -1.0789590738713741
122 : -1.7139831632375717
123 : -1.6111936420202255
124 : -1.0102573046460748
125 : -2.3942133747041225
126 : -1.7186578717082739
127 : -2.23171579092741
128 : -1.4372017430141568
129 : -1.7094868049025536
130 : -0.6575072202831507
131 : -0.8129037166945636
132 : -3.214528437703848
133 : -0.41716076363809407
134 : -1.630973010789603
135 : -1.3517897613346577
136 : -0.7257598703727126
137 : -0.7763637043535709
138 : 1.0526694795116782
139 : -1.6348251216113567
140 : -0.9843897074460983
141 : -1.9458635225892067
142 : 0.03486980404704809
143 : -1.069949266500771
144 : -0.46556221693754196
145 : -1.5984952710568905
146 : -0.8043259428814054
147 : -8.689401126932353
148 : -0.7177854739129543
149 : -0.8968486227095127
150 : -1.6667721811681986
151 : -1.5131911593489349
152 : -0.8438711990602314
153 : -0.5799128487706184
154 : -1.3249476251075976
155 : -0.6131762149743736
156 : -1.5387279950082302
157 : -0.7515225685201585
158 : -1.211447598412633
159 : -1.368481373123359
160 : -0.8746853386983275
161 : 0.5147716316860169
162 : -0.4838067712262273
163 : -0.9612003262154758
164 : -1.0086528826504946
165 : -1.1743446737527847
166 : -2.129034288227558
167 : 1.9941971162334085
168 : -0.8309650160372257
169 : -1.1591895017772913
170 : -1.9320744201540947
171 : -0.9894266272895038
172 : -1.2500258311629295
173 : -1.2376245502382517
174 : -1.1442996989935637
175 : -0.6185020608827472
176 : -1.820444735698402
177 : -1.1950855350587517
178 : -1.2118894401937723
179 : -1.2149111740291119
180 : -1.2232058634981513
181 : -1.4087229981087148
182 : -1.6854439489543438
183 : -0.9582864101976156
184 : -5.016617180313915
185 : -1.418814804404974
186 : -1.5383696127682924
187 : -0.7636295678094029
188 : -2.750593862030655
189 : -0.9700179947540164
190 : -0.9411668181419373
191 : -2.4890759442932904
192 : -1.3086621081456542
193 : -1.5447542783804238
194 : -1.6290905096102506
195 : 0.43320833146572113
196 : -0.8018174874596298
197 : -0.850203643552959
198 : 1.5053611248731613
199 : -2.89798647724092
200 : -6.643359526060522
201 : 0.14133514277637005
202 : -0.9838006654754281
203 : 2.162169516319409
204 : -2.5138544072397053
205 : -0.5108244149014354
206 : -1.2293683933094144
207 : -1.640986013226211
208 : -1.6615915023721755
209 : -0.2998291924595833
210 : -0.7719211354851723
211 : -1.1323052383959293
212 : -1.4688515784218907
213 : -1.280890777532477
214 : -1.1000619526021183
215 : -0.2979638371616602
216 : -1.4704013257287443
217 : -0.9226621873676777
218 : -1.6862999573349953
219 : -1.0206181481480598
220 : -1.7408889047801495
221 : -1.804883912205696
222 : -1.8505565056111664
223 : -0.6996004092507064
224 : -4.9022369822487235
225 : -2.0799562484025955
226 : -1.6444444805383682
227 : -6.815946018788964
228 : -0.9769598692655563
229 : -1.3951822556555271
230 : -1.3747839545831084
231 : -1.0558629871811718
232 : 0.7472123596817255
233 : -1.20429493393749
234 : -1.5813286388292909
235 : -0.7930210456252098
236 : -5.175652004778385
237 : -1.2271375134587288
238 : -1.8394922344014049
239 : 1.291006003972143
240 : -0.9390692263841629
241 : -1.5761825907975435
242 : -2.110413214424625
243 : -0.6964402012526989
244 : -1.3647585418075323
245 : -1.1714757229201496
246 : -1.3260816549882293
247 : -1.5528367813676596
248 : -0.508680728264153
249 : -1.6396347763948143
250 : -1.4074722044169903
251 : -1.7958932127803564
252 : -1.4319782704114914
253 : -1.2522891014814377
254 : -1.5769048426300287
255 : -1.8556086914613843
256 : -0.9657628675922751
257 : -1.254329283721745
258 : -0.8771315142512321
259 : -0.22423510067164898
260 : -0.9453965565189719
261 : -0.8833157820627093
262 : -1.7873787162825465
263 : -2.6686567403376102
264 : -1.2303568851202726
265 : 0.9685375355184078
266 : -2.4790673481766135
267 : -1.500703677535057
268 : -2.461365361697972
269 : -0.6536214407533407
270 : -2.7312165424227715
271 : -1.0782178863883018
272 : -0.7314006115775555
273 : -1.5069615952670574
274 : -0.669282023794949
275 : -0.9096215348690748
276 : 0.2858695024624467
277 : -1.1889785987441428
278 : -1.184558677719906
279 : -1.0306041897274554
280 : -1.1786618642508984
281 : -1.2717380076646805
282 : -0.42852259147912264
283 : -1.6051055323332548
284 : -0.6328901932574809
285 : -1.844098698347807
286 : 0.03337264992296696
287 : -1.6703586000949144
288 : -1.299605769570917
289 : -3.034180397633463
290 : -1.7382773160934448
291 : -1.506171954330057
292 : -1.3620267659425735
293 : 0.5878474679775536
294 : -1.3176090135239065
295 : -1.3049612659960985
296 : -1.0315599264577031
297 : -0.8965818099677563
!!! updated
298 : -1.3333011558279395
Setting up 2 worker threads for Enlighten.
  Thread -> id: 7fb8d1023700 -> priority: 1 
  Thread -> id: 7fb8d0822700 -> priority: 1 
Traceback (most recent call last):
  File "main.py", line 123, in <module>
    returns = [episode(env, agent, i) for i in range(training_episodes)]
  File "main.py", line 123, in <listcomp>
    returns = [episode(env, agent, i) for i in range(training_episodes)]
  File "main.py", line 30, in episode
    next_state, reward, done, _ = env.step(action.numpy()[0])
  File "/home/j/jensenj/.local/lib/python3.6/site-packages/gym_unity/envs/__init__.py", line 177, in step
    self._env.step()
  File "/home/j/jensenj/.local/lib/python3.6/site-packages/mlagents_envs/timers.py", line 305, in wrapped
    return func(*args, **kwargs)
  File "/home/j/jensenj/.local/lib/python3.6/site-packages/mlagents_envs/environment.py", line 319, in step
    self._update_state(rl_output)
  File "/home/j/jensenj/.local/lib/python3.6/site-packages/mlagents_envs/environment.py", line 275, in _update_state
    agent_info_list, self._env_specs[brain_name]
  File "/home/j/jensenj/.local/lib/python3.6/site-packages/mlagents_envs/timers.py", line 305, in wrapped
    return func(*args, **kwargs)
  File "/home/j/jensenj/.local/lib/python3.6/site-packages/mlagents_envs/rpc_utils.py", line 188, in steps_from_proto
    obs_index, obs_shape, decision_agent_info_list
  File "/home/j/jensenj/.local/lib/python3.6/site-packages/mlagents_envs/timers.py", line 305, in wrapped
    return func(*args, **kwargs)
  File "/home/j/jensenj/.local/lib/python3.6/site-packages/mlagents_envs/rpc_utils.py", line 152, in _process_vector_observation
    _raise_on_nan_and_inf(np_obs, "observations")
  File "/home/j/jensenj/.local/lib/python3.6/site-packages/mlagents_envs/rpc_utils.py", line 130, in _raise_on_nan_and_inf
    raise RuntimeError(f"The {source} provided had NaN values.")
RuntimeError: The observations provided had NaN values.
2020-06-25 12:05:34 INFO [environment.py:418] Environment shut down with return code 0.
