slurmstepd-gaissa: error: Unable to create TMPDIR [/tmp/user/30108]: Permission denied
slurmstepd-gaissa: error: Setting TMPDIR to /tmp
Found path: /home/j/jensenj/PycharmProjects/Federer-Jr./src/../crawler_single/linux/dynamic_server/crawler_dynamic.x86_64
Mono path[0] = '/home/j/jensenj/PycharmProjects/Federer-Jr./src/../crawler_single/linux/dynamic_server/crawler_dynamic_Data/Managed'
Mono config path = '/home/j/jensenj/PycharmProjects/Federer-Jr./src/../crawler_single/linux/dynamic_server/crawler_dynamic_Data/MonoBleedingEdge/etc'
Preloaded 'lib_burst_generated.so'
Preloaded 'libgrpc_csharp_ext.x64.so'
Initialize engine version: 2019.3.15f1 (59ff3e03856d)
[Subsystems] Discovering subsystems at path /home/j/jensenj/PycharmProjects/Federer-Jr./src/../crawler_single/linux/dynamic_server/crawler_dynamic_Data/UnitySubsystems
Forcing GfxDevice: Null
GfxDevice: creating device client; threaded=0
NullGfxDevice:
    Version:  NULL 1.0 [1.0]
    Renderer: Null Device
    Vendor:   Unity Technologies
Begin MonoManager ReloadAssembly
- Completed reload, in  0.100 seconds
WARNING: Shader Unsupported: 'Autodesk Interactive' - All passes removed
WARNING: Shader Did you use #pragma only_renderers and omit this platform?
UnloadTime: 0.431566 ms
Fallback handler could not load library /home/j/jensenj/PycharmProjects/Federer-Jr./src/../crawler_single/linux/dynamic_server/crawler_dynamic_Data/Mono/libcoreclr.so
Fallback handler could not load library /home/j/jensenj/PycharmProjects/Federer-Jr./src/../crawler_single/linux/dynamic_server/crawler_dynamic_Data/Mono/libcoreclr.so
Fallback handler could not load library /home/j/jensenj/PycharmProjects/Federer-Jr./src/../crawler_single/linux/dynamic_server/crawler_dynamic_Data/Mono/libcoreclr.so
Fallback handler could not load library /home/j/jensenj/PycharmProjects/Federer-Jr./src/../crawler_single/linux/dynamic_server/crawler_dynamic_Data/Mono/libSystem.dylib
Fallback handler could not load library /home/j/jensenj/PycharmProjects/Federer-Jr./src/../crawler_single/linux/dynamic_server/crawler_dynamic_Data/Mono/libSystem.dylib.so
Fallback handler could not load library /home/j/jensenj/PycharmProjects/Federer-Jr./src/../crawler_single/linux/dynamic_server/crawler_dynamic_Data/Mono/libSystem.dylib
Fallback handler could not load library /home/j/jensenj/PycharmProjects/Federer-Jr./src/../crawler_single/linux/dynamic_server/crawler_dynamic_Data/Mono/libcoreclr.so
Fallback handler could not load library /home/j/jensenj/PycharmProjects/Federer-Jr./src/../crawler_single/linux/dynamic_server/crawler_dynamic_Data/Mono/libcoreclr.so
Fallback handler could not load library /home/j/jensenj/PycharmProjects/Federer-Jr./src/../crawler_single/linux/dynamic_server/crawler_dynamic_Data/Mono/libcoreclr.so
Fallback handler could not load library /home/j/jensenj/PycharmProjects/Federer-Jr./src/../crawler_single/linux/dynamic_server/crawler_dynamic_Data/Mono/libSystem.dylib
Fallback handler could not load library /home/j/jensenj/PycharmProjects/Federer-Jr./src/../crawler_single/linux/dynamic_server/crawler_dynamic_Data/Mono/libSystem.dylib.so
Fallback handler could not load library /home/j/jensenj/PycharmProjects/Federer-Jr./src/../crawler_single/linux/dynamic_server/crawler_dynamic_Data/Mono/libSystem.dylib
/home/j/jensenj/.local/lib/python3.6/site-packages/tensorboard/compat/tensorflow_stub/dtypes.py:541: FutureWarning: Passing (type, 1) or '1type' as a synonym of type is deprecated; in a future version of numpy, it will be understood as (type, (1,)) / '(1,)type'.
  _np_qint8 = np.dtype([("qint8", np.int8, 1)])
/home/j/jensenj/.local/lib/python3.6/site-packages/tensorboard/compat/tensorflow_stub/dtypes.py:542: FutureWarning: Passing (type, 1) or '1type' as a synonym of type is deprecated; in a future version of numpy, it will be understood as (type, (1,)) / '(1,)type'.
  _np_quint8 = np.dtype([("quint8", np.uint8, 1)])
/home/j/jensenj/.local/lib/python3.6/site-packages/tensorboard/compat/tensorflow_stub/dtypes.py:543: FutureWarning: Passing (type, 1) or '1type' as a synonym of type is deprecated; in a future version of numpy, it will be understood as (type, (1,)) / '(1,)type'.
  _np_qint16 = np.dtype([("qint16", np.int16, 1)])
/home/j/jensenj/.local/lib/python3.6/site-packages/tensorboard/compat/tensorflow_stub/dtypes.py:544: FutureWarning: Passing (type, 1) or '1type' as a synonym of type is deprecated; in a future version of numpy, it will be understood as (type, (1,)) / '(1,)type'.
  _np_quint16 = np.dtype([("quint16", np.uint16, 1)])
/home/j/jensenj/.local/lib/python3.6/site-packages/tensorboard/compat/tensorflow_stub/dtypes.py:545: FutureWarning: Passing (type, 1) or '1type' as a synonym of type is deprecated; in a future version of numpy, it will be understood as (type, (1,)) / '(1,)type'.
  _np_qint32 = np.dtype([("qint32", np.int32, 1)])
/home/j/jensenj/.local/lib/python3.6/site-packages/tensorboard/compat/tensorflow_stub/dtypes.py:550: FutureWarning: Passing (type, 1) or '1type' as a synonym of type is deprecated; in a future version of numpy, it will be understood as (type, (1,)) / '(1,)type'.
  np_resource = np.dtype([("resource", np.ubyte, 1)])
2020-06-25 12:13:51 INFO [environment.py:108] Connected to Unity environment with package version 1.0.2 and communication version 1.0.0
2020-06-25 12:13:51 INFO [environment.py:265] Connected new brain:
CrawlerDynamic?team=0
2020-06-25 12:13:51 WARNING [__init__.py:92] The environment contains multiple observations. You must define allow_multiple_obs=True to receive them all. Otherwise, only the first visual observation (or vector observation ifthere are no visual observations) will be provided in the observation.
/home/j/jensenj/.local/lib/python3.6/site-packages/gym/logger.py:30: UserWarning: [33mWARN: Box bound precision lowered by casting to float32[0m
  warnings.warn(colorize('%s: %s'%('WARN', msg % args), 'yellow'))
/home/j/jensenj/.local/lib/python3.6/site-packages/numpy/core/_methods.py:160: RuntimeWarning: invalid value encountered in reduce
  ret = umr_sum(arr, axis, dtype, out, keepdims)
update_time_steps: 8192 , ppo_epochs: 4 , beta:  0.01 , gamma 0.99
0 : 7.378913031658158
1 : 1.3742933510802686
2 : 0.3082851590588689
3 : 2.289133599959314
4 : 3.8193775564432144
5 : -3.500981758348644
6 : -3.370316565502435
7 : -3.1473163962364197
8 : -1.1194660658948123
9 : -1.5269774268381298
10 : 0.4608487016521394
11 : -1.4592821700498462
12 : -6.441683426266536
13 : -1.151217008009553
14 : 1.7854521269910038
15 : -1.6759376619011164
16 : -0.021134079433977604
17 : -1.5953853018581867
18 : -0.15105619095265865
19 : 9.841083472128958
20 : -2.1814850619994104
21 : -1.5478167487308383
22 : -1.048012816812843
23 : -0.008401790168136358
24 : -1.5902279559522867
25 : 1.1499034045264125
26 : -0.35351258609443903
27 : -11.154702891595662
28 : -0.9330150336027145
29 : -0.10575995035469532
30 : -1.997334764804691
31 : -2.045885421335697
32 : 3.4104702945332974
33 : -4.012566620018333
34 : -0.43268435448408127
35 : -3.9330216511152685
36 : -2.6098341518081725
37 : -1.1722756018862128
38 : 9.102291095536202
39 : -0.09593240357935429
40 : -7.009735230356455
41 : -0.3391270409338176
42 : 2.844814875163138
43 : -1.5096423313952982
44 : -0.5718741146847606
45 : -0.8329054797068238
46 : -2.29666905105114
47 : -3.112337054684758
48 : -6.050823247991502
49 : 3.723914470989257
50 : 1.1192028815858066
51 : 0.6474034329876304
52 : 1.0000156696914928
53 : -5.09006801713258
54 : 0.309487157035619
55 : -6.791845792438835
56 : -1.5671068858355284
57 : 9.987379803089425
58 : 7.595277268206701
59 : 12.574945775792003
60 : 3.253718061838299
61 : -8.355990936979651
62 : -0.7791379662230611
63 : 3.4470137585885823
64 : -15.412203472107649
65 : -1.9442402869462967
66 : -0.41131832357496023
67 : -0.9379542702808976
68 : 1.0057988874614239
69 : -0.931633235886693
70 : 1.8263842831365764
71 : -1.6323102451860905
72 : -1.2740920223295689
73 : -1.912306949030608
74 : 1.01371707348153
75 : -5.9303287216462195
76 : -5.065176190342754
77 : -0.4775201892480254
78 : -1.4964818791486323
79 : -6.955591131001711
80 : 4.503096571192145
81 : -0.5611705323681235
82 : -0.7170162349939346
83 : 12.118682267609984
84 : -8.412405752576888
85 : -0.2864879220724106
86 : -0.9325923537835479
87 : -0.519213686697185
88 : 0.8136088741011918
89 : -2.7550772982649505
90 : -8.727524757385254
91 : -0.5592061635106802
92 : -13.303670780733228
93 : -1.5392949972301722
94 : -0.9189976211637259
95 : -1.6895996623206884
96 : 2.5066231276723556
97 : 1.6107368944212794
98 : -0.5814640279859304
99 : -8.960864378139377
100 : -1.6833496186882257
101 : -1.205795684363693
102 : -1.0067305993288755
103 : -0.6185163483023643
104 : -1.079407543875277
105 : -5.446647122036666
106 : -3.193460660171695
107 : -8.392171710729599
108 : -1.3172039994969964
109 : -3.1921615079045296
110 : -3.9832885276991874
111 : -2.0252298563718796
112 : 4.97880963049829
113 : -3.6785038923844695
114 : -1.5089361760765314
115 : -1.1284722061827779
116 : -10.248399849049747
117 : -1.320236288011074
118 : 7.946749062044546
119 : -1.0006979298777878
120 : -2.393160305917263
121 : 4.149904461577535
122 : -1.5272942464798689
123 : -5.5388645101338625
124 : 0.05727766687050462
125 : -33.64022933784872
126 : -4.610795126762241
127 : -1.828758791089058
128 : 2.6787066077813506
129 : -2.840923461597413
130 : -1.8330129906535149
131 : -1.214514531660825
132 : -4.9694665633141994
133 : -1.5433885920792818
134 : 1.646146837854758
135 : 6.781315208412707
136 : 10.921667402144521
137 : -1.5181269366294146
138 : 0.728145781904459
139 : 6.409114154987037
140 : -3.1568771256133914
141 : 2.585303611587733
142 : 3.6717936489731073
143 : -1.189076669048518
144 : -10.762967033311725
145 : -0.3315508309751749
146 : 0.5254244704265147
147 : -1.9767867429181933
148 : -2.5807018112391233
149 : -1.1473622117191553
150 : -0.21148623898625374
151 : 2.2129042933229357
152 : -0.8210124629549682
153 : -1.9829545971006155
154 : 0.4839825159870088
155 : -6.417934569530189
156 : 14.53624772792682
157 : -5.432187148369849
158 : 2.1884547853842378
159 : -1.6647456102073193
160 : -2.1723884326638654
161 : -1.9721457520499825
162 : -1.559127863496542
163 : 0.29902081098407507
164 : -1.734427370596677
165 : 15.006181382574141
166 : -0.7598474938422441
167 : -4.949000804685056
168 : -3.8822605689056218
169 : -1.221329728141427
170 : -0.9702487112954259
171 : -1.5481630880385637
172 : -7.3700884690042585
173 : -1.635154235176742
174 : -0.7658944390714169
175 : -0.4111100845038891
176 : -1.3668833347037435
177 : -0.6330741769634187
178 : -2.597740212455392
179 : -0.4260682435706258
180 : -1.109939388697967
181 : -1.735474057495594
182 : 1.8742072777822614
183 : -0.07477671839296818
184 : -0.8954155137762427
185 : -1.1908412650227547
186 : -4.152704675681889
187 : -1.6664631133899093
188 : -2.050942418165505
189 : 0.2339462914969772
190 : 2.4298395747318864
191 : 1.2268397826701403
192 : -1.590245225932449
193 : -0.6155174029991031
194 : -0.43093132064677775
195 : -3.101536953705363
196 : -0.34843643894419074
197 : 0.36262111365795135
198 : -1.7398068197071552
199 : -3.494507048279047
200 : -0.9903994016349316
201 : -5.315152958966792
202 : -0.9250998608767986
203 : 7.833303882274777
204 : -0.6160613363608718
205 : 1.701041436754167
206 : -0.7506823288276792
207 : -0.7375723863951862
208 : -1.2966407556086779
209 : 1.1513151652179658
210 : -1.911294451681897
211 : -1.0847591571509838
212 : -3.048600078560412
213 : -2.1011160677298903
214 : -3.03519937209785
215 : 1.3777742870151997
216 : -0.09796871617436409
217 : -0.9961736970581114
218 : -0.8877845164388418
219 : -2.029384621884674
220 : -5.485731408931315
221 : -1.070292783435434
222 : -0.11193122225813568
223 : -1.812958577182144
224 : -1.4414337072521448
225 : -0.9328000145033002
226 : -10.996343997307122
227 : -1.523596454411745
228 : -2.496880605816841
229 : -3.540347713511437
230 : -1.9327938798815012
231 : -1.2368036787956953
232 : 0.3244412252679467
233 : -1.8290353491902351
234 : -1.2361234741983935
235 : -0.4062599642202258
236 : -0.9240962658077478
237 : -5.5416100746952
238 : -1.1299970699474216
239 : -1.1972618643194437
240 : -0.4627630840986967
!!! updated
241 : -6.36876880005002
242 : -2.2845843732357025
243 : -1.0565074025653303
244 : -0.879359639249742
245 : -1.0172737007960677
246 : -1.3467681384645402
Setting up 2 worker threads for Enlighten.
  Thread -> id: 7fed93fff700 -> priority: 1 
  Thread -> id: 7fed937fe700 -> priority: 1 
Traceback (most recent call last):
  File "main.py", line 123, in <module>
    returns = [episode(env, agent, i) for i in range(training_episodes)]
  File "main.py", line 123, in <listcomp>
    returns = [episode(env, agent, i) for i in range(training_episodes)]
  File "main.py", line 30, in episode
    next_state, reward, done, _ = env.step(action.numpy()[0])
  File "/home/j/jensenj/.local/lib/python3.6/site-packages/gym_unity/envs/__init__.py", line 177, in step
    self._env.step()
  File "/home/j/jensenj/.local/lib/python3.6/site-packages/mlagents_envs/timers.py", line 305, in wrapped
    return func(*args, **kwargs)
  File "/home/j/jensenj/.local/lib/python3.6/site-packages/mlagents_envs/environment.py", line 319, in step
    self._update_state(rl_output)
  File "/home/j/jensenj/.local/lib/python3.6/site-packages/mlagents_envs/environment.py", line 275, in _update_state
    agent_info_list, self._env_specs[brain_name]
  File "/home/j/jensenj/.local/lib/python3.6/site-packages/mlagents_envs/timers.py", line 305, in wrapped
    return func(*args, **kwargs)
  File "/home/j/jensenj/.local/lib/python3.6/site-packages/mlagents_envs/rpc_utils.py", line 188, in steps_from_proto
    obs_index, obs_shape, decision_agent_info_list
  File "/home/j/jensenj/.local/lib/python3.6/site-packages/mlagents_envs/timers.py", line 305, in wrapped
    return func(*args, **kwargs)
  File "/home/j/jensenj/.local/lib/python3.6/site-packages/mlagents_envs/rpc_utils.py", line 152, in _process_vector_observation
    _raise_on_nan_and_inf(np_obs, "observations")
  File "/home/j/jensenj/.local/lib/python3.6/site-packages/mlagents_envs/rpc_utils.py", line 130, in _raise_on_nan_and_inf
    raise RuntimeError(f"The {source} provided had NaN values.")
RuntimeError: The observations provided had NaN values.
2020-06-25 12:23:23 INFO [environment.py:418] Environment shut down with return code 0.
