slurmstepd-buxach: error: Unable to create TMPDIR [/tmp/user/30108]: Permission denied
slurmstepd-buxach: error: Setting TMPDIR to /tmp
Found path: /home/j/jensenj/PycharmProjects/Federer-Jr./src/../crawler_single/linux/dynamic_server/crawler_dynamic.x86_64
Mono path[0] = '/home/j/jensenj/PycharmProjects/Federer-Jr./src/../crawler_single/linux/dynamic_server/crawler_dynamic_Data/Managed'
Mono config path = '/home/j/jensenj/PycharmProjects/Federer-Jr./src/../crawler_single/linux/dynamic_server/crawler_dynamic_Data/MonoBleedingEdge/etc'
Preloaded 'lib_burst_generated.so'
Preloaded 'libgrpc_csharp_ext.x64.so'
Initialize engine version: 2019.3.15f1 (59ff3e03856d)
[Subsystems] Discovering subsystems at path /home/j/jensenj/PycharmProjects/Federer-Jr./src/../crawler_single/linux/dynamic_server/crawler_dynamic_Data/UnitySubsystems
Forcing GfxDevice: Null
GfxDevice: creating device client; threaded=0
NullGfxDevice:
    Version:  NULL 1.0 [1.0]
    Renderer: Null Device
    Vendor:   Unity Technologies
Begin MonoManager ReloadAssembly
- Completed reload, in  0.099 seconds
WARNING: Shader Unsupported: 'Autodesk Interactive' - All passes removed
WARNING: Shader Did you use #pragma only_renderers and omit this platform?
UnloadTime: 0.430006 ms
Fallback handler could not load library /home/j/jensenj/PycharmProjects/Federer-Jr./src/../crawler_single/linux/dynamic_server/crawler_dynamic_Data/Mono/libcoreclr.so
Fallback handler could not load library /home/j/jensenj/PycharmProjects/Federer-Jr./src/../crawler_single/linux/dynamic_server/crawler_dynamic_Data/Mono/libcoreclr.so
Fallback handler could not load library /home/j/jensenj/PycharmProjects/Federer-Jr./src/../crawler_single/linux/dynamic_server/crawler_dynamic_Data/Mono/libcoreclr.so
Fallback handler could not load library /home/j/jensenj/PycharmProjects/Federer-Jr./src/../crawler_single/linux/dynamic_server/crawler_dynamic_Data/Mono/libSystem.dylib
Fallback handler could not load library /home/j/jensenj/PycharmProjects/Federer-Jr./src/../crawler_single/linux/dynamic_server/crawler_dynamic_Data/Mono/libSystem.dylib.so
Fallback handler could not load library /home/j/jensenj/PycharmProjects/Federer-Jr./src/../crawler_single/linux/dynamic_server/crawler_dynamic_Data/Mono/libSystem.dylib
Fallback handler could not load library /home/j/jensenj/PycharmProjects/Federer-Jr./src/../crawler_single/linux/dynamic_server/crawler_dynamic_Data/Mono/libcoreclr.so
Fallback handler could not load library /home/j/jensenj/PycharmProjects/Federer-Jr./src/../crawler_single/linux/dynamic_server/crawler_dynamic_Data/Mono/libcoreclr.so
Fallback handler could not load library /home/j/jensenj/PycharmProjects/Federer-Jr./src/../crawler_single/linux/dynamic_server/crawler_dynamic_Data/Mono/libcoreclr.so
Fallback handler could not load library /home/j/jensenj/PycharmProjects/Federer-Jr./src/../crawler_single/linux/dynamic_server/crawler_dynamic_Data/Mono/libSystem.dylib
Fallback handler could not load library /home/j/jensenj/PycharmProjects/Federer-Jr./src/../crawler_single/linux/dynamic_server/crawler_dynamic_Data/Mono/libSystem.dylib.so
Fallback handler could not load library /home/j/jensenj/PycharmProjects/Federer-Jr./src/../crawler_single/linux/dynamic_server/crawler_dynamic_Data/Mono/libSystem.dylib
/home/j/jensenj/.local/lib/python3.6/site-packages/tensorboard/compat/tensorflow_stub/dtypes.py:541: FutureWarning: Passing (type, 1) or '1type' as a synonym of type is deprecated; in a future version of numpy, it will be understood as (type, (1,)) / '(1,)type'.
  _np_qint8 = np.dtype([("qint8", np.int8, 1)])
/home/j/jensenj/.local/lib/python3.6/site-packages/tensorboard/compat/tensorflow_stub/dtypes.py:542: FutureWarning: Passing (type, 1) or '1type' as a synonym of type is deprecated; in a future version of numpy, it will be understood as (type, (1,)) / '(1,)type'.
  _np_quint8 = np.dtype([("quint8", np.uint8, 1)])
/home/j/jensenj/.local/lib/python3.6/site-packages/tensorboard/compat/tensorflow_stub/dtypes.py:543: FutureWarning: Passing (type, 1) or '1type' as a synonym of type is deprecated; in a future version of numpy, it will be understood as (type, (1,)) / '(1,)type'.
  _np_qint16 = np.dtype([("qint16", np.int16, 1)])
/home/j/jensenj/.local/lib/python3.6/site-packages/tensorboard/compat/tensorflow_stub/dtypes.py:544: FutureWarning: Passing (type, 1) or '1type' as a synonym of type is deprecated; in a future version of numpy, it will be understood as (type, (1,)) / '(1,)type'.
  _np_quint16 = np.dtype([("quint16", np.uint16, 1)])
/home/j/jensenj/.local/lib/python3.6/site-packages/tensorboard/compat/tensorflow_stub/dtypes.py:545: FutureWarning: Passing (type, 1) or '1type' as a synonym of type is deprecated; in a future version of numpy, it will be understood as (type, (1,)) / '(1,)type'.
  _np_qint32 = np.dtype([("qint32", np.int32, 1)])
/home/j/jensenj/.local/lib/python3.6/site-packages/tensorboard/compat/tensorflow_stub/dtypes.py:550: FutureWarning: Passing (type, 1) or '1type' as a synonym of type is deprecated; in a future version of numpy, it will be understood as (type, (1,)) / '(1,)type'.
  np_resource = np.dtype([("resource", np.ubyte, 1)])
2020-06-25 12:30:21 INFO [environment.py:108] Connected to Unity environment with package version 1.0.2 and communication version 1.0.0
2020-06-25 12:30:21 INFO [environment.py:265] Connected new brain:
CrawlerDynamic?team=0
2020-06-25 12:30:21 WARNING [__init__.py:92] The environment contains multiple observations. You must define allow_multiple_obs=True to receive them all. Otherwise, only the first visual observation (or vector observation ifthere are no visual observations) will be provided in the observation.
/home/j/jensenj/.local/lib/python3.6/site-packages/gym/logger.py:30: UserWarning: [33mWARN: Box bound precision lowered by casting to float32[0m
  warnings.warn(colorize('%s: %s'%('WARN', msg % args), 'yellow'))
update_time_steps: 10240 , ppo_epochs: 2 , beta:  0.1 , gamma 0.99
0 : -1.624628484249115
1 : -1.6883269612444565
2 : -0.5969174550846219
3 : 0.7015828341245651
4 : -0.7904416844248772
5 : 1.8527879612520337
6 : -0.6530041983351111
7 : -0.605549905449152
8 : -1.434223996475339
9 : -0.9806204484775662
10 : -1.5669185742735863
11 : -1.0695793330669403
12 : -1.494217174127698
13 : -1.0968531658872962
14 : -1.218164942227304
15 : 0.7390831224620342
16 : 1.2879051534691826
17 : -1.4893310209736228
18 : 2.594210990704596
19 : -6.39708355255425
20 : -0.5906412533950061
21 : -1.6969714313745499
22 : 4.866456507705152
23 : -1.1664558006450534
24 : -1.1937323156744242
25 : -1.8523385878652334
26 : -5.861045609228313
27 : -1.081499146297574
28 : -2.3606434874236584
29 : -0.5569557882845402
30 : 1.0506543181836605
31 : -1.524331072345376
32 : -1.7790150824002922
33 : -1.3249488435685635
34 : -0.6069559631869197
35 : -1.3047272921539843
36 : -1.6126871793530881
37 : -1.8613736182451248
38 : -1.4636613689363003
39 : -0.9425111981108785
40 : 1.3200726816430688
41 : -1.8481168546713889
42 : -1.0180697785690427
43 : -1.5299922325648367
44 : 2.903607962653041
45 : 5.146812490187585
46 : -0.920873248949647
47 : -0.9154806178994477
48 : 0.6124971753451973
49 : -1.6179534709081054
50 : -1.4210615642368793
51 : -6.208625270053744
52 : -2.427565148100257
53 : 0.7232390232384205
54 : 0.364258780144155
55 : 0.9210141906514764
56 : -4.480833247303963
57 : -0.8420106181874871
58 : -1.38487895950675
59 : -1.301894934847951
60 : -1.3006430910900235
61 : -15.637161693535745
62 : 2.1534206280484796
63 : -1.550671685487032
64 : -1.8457970581948757
65 : -0.922228978946805
66 : 4.637411574833095
67 : -2.0391364321112633
68 : -1.887197071686387
69 : -0.7767899669706821
70 : -0.7381326518952847
71 : 0.10865212604403496
72 : -0.8069448783062398
73 : -1.4288464896380901
74 : -2.050511948764324
75 : -0.6488788216374815
76 : -1.9692182280123234
77 : -0.742777518928051
78 : -1.2520393345039338
79 : -0.5291858874261379
80 : -1.2597243804484606
81 : -1.1596793476492167
82 : 0.2836664125788957
83 : 2.2502637784928083
84 : 0.41763370437547565
85 : -1.5530062858015299
86 : -0.5506761781871319
87 : 0.6357288167346269
88 : 0.08037730865180492
89 : -1.1615872994298115
90 : 0.11049104458652437
91 : -1.2271842518821359
92 : -3.828036308987066
93 : -0.6187844311352819
94 : -5.500186215154827
95 : -5.287310961633921
96 : -1.5941037312150002
97 : -0.8169369716197252
98 : -0.9835013672709465
99 : -5.53339416970266
100 : -12.376679453998804
101 : -8.702407727949321
102 : 1.105024696327746
103 : -1.7272899150848389
104 : -0.7389476103708148
105 : -0.43583604553714395
106 : -0.2982058394700289
107 : -4.59975641220808
108 : -4.266988607123494
109 : -1.59061517752707
110 : 1.7800226584076881
111 : -2.009025842882693
112 : -1.2634210353717208
113 : -1.4597555147483945
114 : -0.8507045265287161
115 : -1.2988803680927958
116 : -0.6654151128605008
117 : -1.298630659992341
118 : -0.8474339218810201
119 : -1.6605349145829678
120 : -1.59917963296175
121 : 2.5210915594361722
122 : -2.449102196842432
123 : -4.7089860159903765
124 : -2.892404327634722
125 : 1.8273513913154602
126 : -1.1751732397824526
127 : -2.7941892542876303
128 : 1.3095753877423704
129 : -2.7120344168506563
130 : -1.6628049779683352
131 : 18.107967981137335
132 : -0.9639510866254568
133 : -1.1646747812628746
134 : -1.6168449074029922
135 : 1.8068083235993981
136 : -2.604317143559456
137 : -1.0966132851317525
138 : 5.226632182486355
139 : -1.2903793500736356
140 : 3.8698672777973115
141 : -1.523484654724598
142 : -1.1100781324785203
143 : -0.5650163011159748
144 : 1.1015393882989883
145 : -0.9506694921292365
146 : -2.2652366580441594
147 : -0.6207933779805899
148 : -1.56109060626477
149 : -6.363797955214977
150 : -1.256136872805655
151 : -1.8320500738918781
152 : -1.6536771357059479
153 : -0.9355427507543936
154 : -1.4810028709471226
155 : -2.393106870353222
156 : -1.4125694031827152
157 : -2.6288817503955215
158 : -0.7587860184721649
159 : 3.123149914899841
160 : -9.611035579349846
161 : -1.3609371636994183
162 : -0.8380977711640298
163 : 1.8277046829462051
164 : -0.9263911414891481
165 : -0.9132170546799898
166 : -2.188995933160186
167 : -4.049624870996922
168 : -4.287597628310323
169 : -1.1616335092112422
170 : -0.7988301990553737
171 : -1.1130177211016417
172 : 5.6558575397357345
173 : -1.270624540746212
174 : -0.9409056925214827
175 : -4.4621349717490375
176 : -1.7770895790308714
177 : -0.797555273398757
178 : -2.092350248247385
179 : -1.0467028506100178
180 : -0.8505685590207577
181 : -1.179999510757625
182 : -1.090991244185716
183 : -1.4055016841739416
184 : -2.202370259910822
185 : 0.266524211037904
186 : 3.8788740024901927
187 : -1.0872064214199781
188 : -0.8179181199520826
189 : -1.6449373373761773
190 : -3.7751745525747538
191 : -1.0801760363392532
192 : -1.1229645675048232
193 : -0.38151581585407257
194 : -1.7621963545680046
195 : -1.1798187755048275
196 : -0.5836766485590488
197 : -1.1465336624532938
198 : -1.1761447731405497
199 : -1.6160221584141254
200 : -1.2729450166225433
201 : -0.7582193426787853
202 : -1.2409197553060949
203 : -1.9642762725707144
204 : -4.242197980638593
205 : -0.7738836728967726
206 : -2.179465210530907
207 : 2.36142044281587
208 : -1.9991864711046219
209 : -1.1233793548308313
210 : -2.372424134518951
211 : -0.6364959003403783
212 : -2.006485843565315
213 : -0.66455007949844
214 : 1.2713515534996986
215 : -1.451748219318688
216 : -0.034544045105576515
217 : -0.4146463917568326
218 : -1.2983257230371237
219 : -1.6032329411245883
220 : -1.3749368079006672
221 : -1.478316843509674
222 : -0.8184244614094496
223 : -1.6575064305216074
224 : 5.842394907958806
225 : -1.5804479084908962
226 : 0.6690361280925572
227 : -10.069650722201914
228 : 12.67127969302237
229 : -0.9800528362393379
230 : -0.8479174799285829
231 : 1.0050127133727074
232 : -1.0252392522525042
233 : -1.1551929106935859
234 : -1.3992459550499916
235 : 3.3753907941281796
236 : -1.174261225387454
237 : -0.8249954716302454
238 : -3.283342664130032
239 : -1.7741119489073753
240 : -0.9567163493484259
241 : 0.3981355712749064
242 : -0.27137988433241844
243 : -0.9359167341608554
244 : -1.5231261029839516
245 : -4.652606555260718
246 : -1.3911028448492289
247 : -0.35040309140458703
248 : 3.7859153817407787
249 : -1.429563025943935
250 : -1.044341066852212
251 : -1.020440389867872
252 : -1.1545598031952977
253 : -1.4931737501174212
254 : -1.5346532175317407
255 : -1.4140632436610758
256 : -1.4126005917787552
257 : 1.4314569695852697
258 : -2.8511912263929844
259 : -2.2431500116363168
260 : 0.09232582803815603
261 : 2.34295367449522
262 : -1.1020546797662973
263 : -1.1802973449230194
264 : -1.328363435342908
265 : -1.0847360994666815
266 : 0.5086762104183435
267 : -2.091379925608635
268 : -0.886563140898943
269 : 1.0497163059189916
270 : -2.797063872218132
271 : -12.084777660667896
272 : -2.5956594217568636
273 : -1.8210276048630476
274 : -0.7306558722630143
275 : -2.7497726425062865
276 : -0.9746690588071942
277 : -1.2763159582391381
278 : -0.5883076896425337
279 : -0.03785961773246527
280 : -0.9938453487120569
281 : -1.6262312978506088
282 : -1.0459185540676117
283 : 2.277244994416833
284 : -10.265286131063476
285 : 2.8478276021778584
286 : -1.5105023089563474
287 : -1.0443310951814055
288 : 0.49262163788080215
289 : -1.5445148712024093
290 : -2.113988582510501
291 : -1.621754402294755
292 : 1.2620980674400926
293 : -2.0189890526235104
294 : 1.6704593783942983
295 : -3.6917668655514717
296 : -1.7572642336599529
297 : 6.277081372216344
298 : -0.7675697575323284
299 : 5.336607852950692
300 : -0.9380633160471916
301 : -0.8130057509988546
302 : -1.430182476527989
303 : -1.0053313598036766
304 : 0.1400354402139783
305 : -1.7975213462486863
306 : -0.7296181106939912
307 : -2.825919819995761
308 : -10.007863726466894
309 : -1.9432700825855136
310 : 2.2007661890238523
311 : -0.8407842423766851
312 : -6.204240761697292
313 : -1.0984242111444473
314 : -1.516305944416672
315 : 1.736430981196463
316 : -1.5810293070971966
317 : -1.3841916909441352
318 : -1.7985314391553402
319 : -1.7997633521445096
320 : -1.7526316344738007
321 : -0.9091142201796174
322 : -1.4539848784916103
323 : -1.2973254341632128
324 : -0.7093288344331086
325 : -0.9905029768124223
326 : -0.5982140116393566
327 : -1.7318942276760936
328 : -0.47909086011350155
329 : -0.5380036700516939
330 : -0.7365753501653671
331 : -1.5084537584334612
332 : -1.5394979119300842
333 : 0.5171713987365365
334 : -1.317639423534274
335 : -0.4805256761610508
336 : -1.5570876356214285
337 : -1.064707386540249
338 : -1.8953414112329483
339 : -1.4109989684075117
340 : -1.1967048291116953
341 : 4.069959047716111
342 : -2.241532594896853
343 : -0.3558994336053729
344 : -1.6414786288514733
345 : -0.7308106478303671
346 : -1.1711718360893428
347 : 0.4216507710516453
348 : -1.6640300154685974
349 : -1.308867140673101
350 : -4.396596312522888
351 : -1.6357578486204147
352 : -1.7111850529909134
353 : 0.4844195044133812
354 : -0.9267279985360801
355 : -1.758629763382487
356 : 2.6024853298440576
357 : -1.1344025740399957
358 : -1.691620584577322
359 : 0.44553215987980366
360 : -1.1122509168926626
361 : -1.1699382476508617
362 : -1.1150755919516087
363 : 7.110156375914812
364 : -0.6980736720142886
365 : -3.0474658850580454
366 : 0.9081138116307557
367 : -1.447011411190033
368 : -1.2978570573031902
369 : -1.3005386423319578
370 : -1.5561104007065296
371 : -2.0108983796089888
372 : -1.3608577465638518
373 : -4.987525898963213
374 : -0.9325290620326996
375 : -0.8909227238036692
376 : 0.36849705362692475
377 : -1.5206525810062885
378 : 7.34116436727345
379 : -1.5237041469663382
380 : -7.6431748969480395
381 : -0.7577667152509093
382 : 0.38703446090221405
383 : -3.4694758374243975
384 : 3.8864632546901703
385 : -2.24806544277817
386 : -1.6542884139344096
387 : 8.053659140598029
388 : -0.8628076915629208
389 : -0.9972775373607874
390 : -1.403351471060887
391 : -9.88439648738131
392 : -1.4594977744854987
393 : -2.0751649998128414
394 : 0.048403854481875896
395 : -0.6820133072324097
396 : -1.2915436155162752
397 : -1.4070097329095006
398 : -1.4420005455613136
399 : -6.6158371567726135
400 : -1.6561971604824066
401 : -0.47574849566444755
402 : -1.6291851848363876
403 : -1.9427145160734653
404 : 2.589829691685736
405 : -3.8172860834747553
406 : -1.350968317128718
407 : -0.19275644165463746
408 : -1.0050908657722175
409 : -1.5797464828938246
410 : -1.692402996122837
411 : -1.3416469153016806
412 : -0.055548339150846004
413 : -0.6263424316421151
414 : -1.3246688079088926
415 : 1.725637692026794
416 : -2.449134251102805
417 : -1.8750453758984804
418 : -1.3843909674324095
419 : -1.3599069640040398
420 : -0.8719372772611678
421 : -1.5101287122815847
422 : -1.7961155511438847
423 : -7.414942498318851
424 : 2.3755476688966155
425 : -0.7496997373527847
426 : -0.7147580543532968
427 : -1.1266644727438688
428 : -7.798411122523248
429 : -1.7201640605926514
430 : 3.458541113883257
431 : -2.0428329268470407
432 : 0.612952513853088
433 : 7.785536159528419
434 : 2.495674664154649
435 : -0.8589429780840874
436 : -2.3506237789988518
437 : 11.226165519561619
438 : 0.19961971486918628
439 : -2.3576381523162127
440 : -0.7301540435291827
441 : -5.426926881074905
442 : -5.9677388542331755
443 : -1.9154236502945423
444 : -0.984719367697835
445 : -1.819446848705411
446 : -0.8376053124666214
447 : -0.9650754909962416
448 : 4.89294272987172
449 : 1.2104849889874458
450 : -1.490855423733592
451 : -1.5557333156466484
452 : -1.1167980274185538
453 : -1.4018719084560871
454 : -3.3211481696926057
455 : 1.2762589030899107
456 : 0.33685763482935727
457 : 1.148086940869689
458 : -1.128870269691106
459 : 0.5854126079939306
460 : -0.47213143995031714
461 : -0.5543412188999355
462 : -1.0813389979302883
463 : -7.544693967560306
464 : -2.140439298003912
465 : -0.8833885323256254
466 : 3.4287498847115785
467 : -1.6150316167622805
468 : -1.4811331806704402
469 : -0.8986910600215197
470 : 6.405991228297353
471 : -0.4995069689321099
472 : 0.5529161039739847
473 : -0.93721385858953
474 : -0.6117781377397478
475 : -1.7480458319187164
476 : -0.0732648354023695
477 : -1.237604616675526
478 : 4.7739083943888545
479 : -0.9539181394502521
480 : -2.9080872051417828
481 : -1.656735761091113
482 : -1.4376367004588246
483 : -0.9239261476323009
484 : -2.286819805391133
485 : -0.5254921377636492
486 : -5.624362135306001
487 : -1.008494433015585
488 : -1.2779579488560557
489 : 7.522422470152378
490 : -1.071333580184728
491 : -2.088616281747818
492 : -0.3761472497135401
493 : -1.0417843582108617
494 : -1.5961880581453443
495 : -2.5403752010315657
496 : -0.5704990637023002
497 : -1.5407813396304846
498 : -1.2852697810158134
499 : -1.0959792421199381
500 : -0.4125812193378806
501 : -2.490134995430708
502 : -1.1324321082793176
503 : -0.8800795217975974
504 : 2.1457073409110308
505 : -1.5242332387715578
506 : -1.9595085866749287
507 : -1.3287338116206229
508 : -1.3059826376847923
509 : -4.8402080330997705
510 : -4.836482539772987
511 : -3.0552932526916265
512 : -0.9965760866180062
513 : -0.9468143824487925
514 : -1.7038038317114115
515 : 5.270360019057989
516 : -5.820521799847484
517 : -4.381621733307838
518 : -0.8774062460288405
!!! updated
519 : 1.090027391910553
520 : -0.918989613186568
521 : -1.0334180961363018
522 : -1.5663261972367764
523 : -1.0880923569202423
524 : -1.053987669525668
525 : -0.9212122615426779
526 : -1.8272821083664894
Setting up 2 worker threads for Enlighten.
  Thread -> id: 7f6ef6ffd700 -> priority: 1 
  Thread -> id: 7f6ef67fc700 -> priority: 1 
Traceback (most recent call last):
  File "main.py", line 123, in <module>
    returns = [episode(env, agent, i) for i in range(training_episodes)]
  File "main.py", line 123, in <listcomp>
    returns = [episode(env, agent, i) for i in range(training_episodes)]
  File "main.py", line 30, in episode
    next_state, reward, done, _ = env.step(action.numpy()[0])
  File "/home/j/jensenj/.local/lib/python3.6/site-packages/gym_unity/envs/__init__.py", line 177, in step
    self._env.step()
  File "/home/j/jensenj/.local/lib/python3.6/site-packages/mlagents_envs/timers.py", line 305, in wrapped
    return func(*args, **kwargs)
  File "/home/j/jensenj/.local/lib/python3.6/site-packages/mlagents_envs/environment.py", line 319, in step
    self._update_state(rl_output)
  File "/home/j/jensenj/.local/lib/python3.6/site-packages/mlagents_envs/environment.py", line 275, in _update_state
    agent_info_list, self._env_specs[brain_name]
  File "/home/j/jensenj/.local/lib/python3.6/site-packages/mlagents_envs/timers.py", line 305, in wrapped
    return func(*args, **kwargs)
  File "/home/j/jensenj/.local/lib/python3.6/site-packages/mlagents_envs/rpc_utils.py", line 188, in steps_from_proto
    obs_index, obs_shape, decision_agent_info_list
  File "/home/j/jensenj/.local/lib/python3.6/site-packages/mlagents_envs/timers.py", line 305, in wrapped
    return func(*args, **kwargs)
  File "/home/j/jensenj/.local/lib/python3.6/site-packages/mlagents_envs/rpc_utils.py", line 152, in _process_vector_observation
    _raise_on_nan_and_inf(np_obs, "observations")
  File "/home/j/jensenj/.local/lib/python3.6/site-packages/mlagents_envs/rpc_utils.py", line 132, in _raise_on_nan_and_inf
    raise RuntimeError(f"The {source} provided had Infinite values.")
RuntimeError: The observations provided had Infinite values.
2020-06-25 12:42:07 INFO [environment.py:418] Environment shut down with return code 0.
