slurmstepd-frommbach: error: Unable to create TMPDIR [/tmp/user/30108]: Permission denied
slurmstepd-frommbach: error: Setting TMPDIR to /tmp
Found path: /home/j/jensenj/PycharmProjects/Federer-Jr./src/../crawler_single/linux/dynamic_server/crawler_dynamic.x86_64
Mono path[0] = '/home/j/jensenj/PycharmProjects/Federer-Jr./src/../crawler_single/linux/dynamic_server/crawler_dynamic_Data/Managed'
Mono config path = '/home/j/jensenj/PycharmProjects/Federer-Jr./src/../crawler_single/linux/dynamic_server/crawler_dynamic_Data/MonoBleedingEdge/etc'
Preloaded 'lib_burst_generated.so'
Preloaded 'libgrpc_csharp_ext.x64.so'
Initialize engine version: 2019.3.15f1 (59ff3e03856d)
[Subsystems] Discovering subsystems at path /home/j/jensenj/PycharmProjects/Federer-Jr./src/../crawler_single/linux/dynamic_server/crawler_dynamic_Data/UnitySubsystems
Forcing GfxDevice: Null
GfxDevice: creating device client; threaded=0
NullGfxDevice:
    Version:  NULL 1.0 [1.0]
    Renderer: Null Device
    Vendor:   Unity Technologies
Begin MonoManager ReloadAssembly
- Completed reload, in  0.096 seconds
WARNING: Shader Unsupported: 'Autodesk Interactive' - All passes removed
WARNING: Shader Did you use #pragma only_renderers and omit this platform?
UnloadTime: 0.432121 ms
Fallback handler could not load library /home/j/jensenj/PycharmProjects/Federer-Jr./src/../crawler_single/linux/dynamic_server/crawler_dynamic_Data/Mono/libcoreclr.so
Fallback handler could not load library /home/j/jensenj/PycharmProjects/Federer-Jr./src/../crawler_single/linux/dynamic_server/crawler_dynamic_Data/Mono/libcoreclr.so
Fallback handler could not load library /home/j/jensenj/PycharmProjects/Federer-Jr./src/../crawler_single/linux/dynamic_server/crawler_dynamic_Data/Mono/libcoreclr.so
Fallback handler could not load library /home/j/jensenj/PycharmProjects/Federer-Jr./src/../crawler_single/linux/dynamic_server/crawler_dynamic_Data/Mono/libSystem.dylib
Fallback handler could not load library /home/j/jensenj/PycharmProjects/Federer-Jr./src/../crawler_single/linux/dynamic_server/crawler_dynamic_Data/Mono/libSystem.dylib.so
Fallback handler could not load library /home/j/jensenj/PycharmProjects/Federer-Jr./src/../crawler_single/linux/dynamic_server/crawler_dynamic_Data/Mono/libSystem.dylib
Fallback handler could not load library /home/j/jensenj/PycharmProjects/Federer-Jr./src/../crawler_single/linux/dynamic_server/crawler_dynamic_Data/Mono/libcoreclr.so
Fallback handler could not load library /home/j/jensenj/PycharmProjects/Federer-Jr./src/../crawler_single/linux/dynamic_server/crawler_dynamic_Data/Mono/libcoreclr.so
Fallback handler could not load library /home/j/jensenj/PycharmProjects/Federer-Jr./src/../crawler_single/linux/dynamic_server/crawler_dynamic_Data/Mono/libcoreclr.so
Fallback handler could not load library /home/j/jensenj/PycharmProjects/Federer-Jr./src/../crawler_single/linux/dynamic_server/crawler_dynamic_Data/Mono/libSystem.dylib
Fallback handler could not load library /home/j/jensenj/PycharmProjects/Federer-Jr./src/../crawler_single/linux/dynamic_server/crawler_dynamic_Data/Mono/libSystem.dylib.so
Fallback handler could not load library /home/j/jensenj/PycharmProjects/Federer-Jr./src/../crawler_single/linux/dynamic_server/crawler_dynamic_Data/Mono/libSystem.dylib
/home/j/jensenj/.local/lib/python3.6/site-packages/tensorboard/compat/tensorflow_stub/dtypes.py:541: FutureWarning: Passing (type, 1) or '1type' as a synonym of type is deprecated; in a future version of numpy, it will be understood as (type, (1,)) / '(1,)type'.
  _np_qint8 = np.dtype([("qint8", np.int8, 1)])
/home/j/jensenj/.local/lib/python3.6/site-packages/tensorboard/compat/tensorflow_stub/dtypes.py:542: FutureWarning: Passing (type, 1) or '1type' as a synonym of type is deprecated; in a future version of numpy, it will be understood as (type, (1,)) / '(1,)type'.
  _np_quint8 = np.dtype([("quint8", np.uint8, 1)])
/home/j/jensenj/.local/lib/python3.6/site-packages/tensorboard/compat/tensorflow_stub/dtypes.py:543: FutureWarning: Passing (type, 1) or '1type' as a synonym of type is deprecated; in a future version of numpy, it will be understood as (type, (1,)) / '(1,)type'.
  _np_qint16 = np.dtype([("qint16", np.int16, 1)])
/home/j/jensenj/.local/lib/python3.6/site-packages/tensorboard/compat/tensorflow_stub/dtypes.py:544: FutureWarning: Passing (type, 1) or '1type' as a synonym of type is deprecated; in a future version of numpy, it will be understood as (type, (1,)) / '(1,)type'.
  _np_quint16 = np.dtype([("quint16", np.uint16, 1)])
/home/j/jensenj/.local/lib/python3.6/site-packages/tensorboard/compat/tensorflow_stub/dtypes.py:545: FutureWarning: Passing (type, 1) or '1type' as a synonym of type is deprecated; in a future version of numpy, it will be understood as (type, (1,)) / '(1,)type'.
  _np_qint32 = np.dtype([("qint32", np.int32, 1)])
/home/j/jensenj/.local/lib/python3.6/site-packages/tensorboard/compat/tensorflow_stub/dtypes.py:550: FutureWarning: Passing (type, 1) or '1type' as a synonym of type is deprecated; in a future version of numpy, it will be understood as (type, (1,)) / '(1,)type'.
  np_resource = np.dtype([("resource", np.ubyte, 1)])
2020-06-25 12:11:21 INFO [environment.py:108] Connected to Unity environment with package version 1.0.2 and communication version 1.0.0
2020-06-25 12:11:21 INFO [environment.py:265] Connected new brain:
CrawlerDynamic?team=0
2020-06-25 12:11:21 WARNING [__init__.py:92] The environment contains multiple observations. You must define allow_multiple_obs=True to receive them all. Otherwise, only the first visual observation (or vector observation ifthere are no visual observations) will be provided in the observation.
/home/j/jensenj/.local/lib/python3.6/site-packages/gym/logger.py:30: UserWarning: [33mWARN: Box bound precision lowered by casting to float32[0m
  warnings.warn(colorize('%s: %s'%('WARN', msg % args), 'yellow'))
update_time_steps: 8192 , ppo_epochs: 1 , beta:  0.1 , gamma 0.99
0 : -1.3539670030586421
1 : -3.487028365227161
2 : -2.2021760065108538
3 : -8.475886142347008
4 : -1.596239450853318
5 : -6.113210131414235
6 : -1.4785162918269634
7 : -1.7580104726366699
8 : -1.1617609676904976
9 : -1.3909857161343098
10 : -1.9404373303987086
11 : -1.630761599401012
12 : -1.3710205117240548
13 : -1.2721146335825324
14 : -1.0974247176200151
15 : -1.855994313955307
16 : -0.5509394016116858
17 : -1.5413384842686355
18 : -7.479331072419882
19 : -8.028419374953955
20 : -2.1325658634305
21 : -1.554444810608402
22 : -1.0075267039937899
23 : -0.8537961170077324
24 : -0.088506069034338
25 : 1.7599174580536783
26 : -1.0117695285007358
27 : -1.1774648949503899
28 : -1.328710469417274
29 : -1.6800519763492048
30 : -1.2542126630432904
31 : 2.0635853707790375
32 : -5.262642331421375
33 : -1.353450491791591
34 : -1.0232013361528516
35 : -1.8341774549335241
36 : -3.3249888252466917
37 : -1.8430593013763428
38 : -0.26459069084376097
39 : -2.0638418179005384
40 : -1.4424887388013303
41 : -1.2135336981154978
42 : -1.7956244312226772
43 : -0.8811067785136402
44 : -1.4252199474722147
45 : -0.5535181937739253
46 : -1.206275288015604
47 : -1.6033730036579072
48 : 1.5807613236829638
49 : 3.6736416107742116
50 : -0.9305601017549634
51 : 0.1118753356859088
52 : -1.637159824371338
53 : -1.0894825346767902
54 : 0.632861471734941
55 : -1.3732932098209858
56 : -0.19379988871514797
57 : -1.1402309907134622
58 : -0.227894420735538
59 : -0.5833677817136049
60 : -0.9545073322951794
61 : -3.020244024693966
62 : -0.862260380294174
63 : -1.3680877843871713
64 : -0.7137140417471528
65 : -1.37755586928688
66 : -1.3295360673218966
67 : -1.2952839732170105
68 : -1.375402236590162
69 : 0.6677810829132795
70 : -1.6687146127223969
71 : -0.9170892015099525
72 : -9.368980805855244
73 : -1.6585249044001102
74 : -2.4328134264796972
75 : -1.3940472099930048
76 : -0.8666000217199326
77 : -1.060051423497498
78 : -2.544364120811224
79 : -1.0486759673804045
80 : -0.8336087269708514
81 : -1.100930115673691
82 : -1.2178899478167295
83 : 1.2421095566824079
84 : -1.1593018905259669
85 : -0.9971897397190332
86 : 0.7188616800121963
87 : -1.3512075189501047
88 : -1.3221545219421387
89 : -1.6226497292518616
90 : -1.7395548624917865
91 : -1.8110996223986149
92 : -2.800554590532556
93 : 0.19839324709028006
94 : -1.2938557952875271
95 : -0.8823297573253512
96 : -0.8662574496120214
97 : -2.1180182732641697
98 : -1.3362945863045752
99 : -2.4843321684747934
100 : -2.561721485108137
101 : -2.965168934315443
102 : -1.232041260227561
103 : -0.8313537398353219
104 : -0.7995489975437522
105 : -0.8492098040878773
106 : -1.1826990540139377
107 : -1.1495912726968527
108 : 0.9134806664660573
109 : 6.0521661173552275
110 : -0.8613401148468256
111 : -1.5859108166769147
112 : -1.431963512673974
113 : -0.5150201199576259
114 : -2.0648132264614105
115 : -1.3345543900504708
116 : -1.701588506810367
117 : -1.053211041726172
118 : -1.0845870412886143
119 : -0.9614575412124395
120 : -1.5888295462355018
121 : -0.1280959292780608
122 : -0.9405040028505027
123 : -0.9435374075546861
124 : -8.096732512582093
125 : -0.5836950554512441
126 : -1.7879435382783413
127 : -1.2804597672075033
128 : -3.150105786509812
129 : -1.6868270467966795
130 : -1.169253638596274
131 : 1.9098562732106075
132 : -2.068231583572924
133 : 0.5277635287493467
134 : 0.014428515918552876
135 : 1.0848604864440858
136 : -0.8843158762902021
137 : -0.9049793006852269
138 : -1.4204159993678331
139 : -1.455853651277721
140 : -1.5101213091984391
141 : -1.710113836452365
142 : -1.6087306309491396
143 : -1.2991596525534987
144 : -1.0858401898294687
145 : -0.8794859135523438
146 : -0.6341089243069291
147 : -2.0243212888017297
148 : -1.2359604854136705
149 : -0.7277027848176658
150 : -3.016661047935486
151 : -1.6138114966452122
152 : -0.9798936024308205
153 : -1.2330862861126661
154 : -1.5340925492346287
155 : -1.5846239593811333
156 : -1.0630274135619402
157 : -1.4405741086229682
158 : -1.0052694384939969
159 : -1.2087933979928493
160 : -1.560997917316854
161 : 5.387517291121185
162 : -1.3140225000679493
163 : -3.650972558185458
164 : -0.9062790619209409
165 : -1.0582717114593834
166 : -1.5441583981737494
167 : -1.4143198933452368
168 : 7.013684932142496
169 : -0.39924920350313187
170 : -1.4774172026664019
171 : 2.300876932684332
172 : 2.083501046523452
173 : -1.841054206714034
174 : 1.5892219576053321
175 : 0.6552792396396399
176 : 1.8897861344739795
177 : -1.2203449544031173
178 : 2.5500561771914363
179 : -1.4021175475791097
180 : -0.6737002255395055
181 : -1.4964108066633344
182 : 1.7483570221811533
183 : -1.2454640669748187
184 : -1.2844002177007496
185 : -0.8637331090867519
186 : -1.800050139427185
187 : 1.6166429417207837
188 : -1.4883594810962677
189 : -16.007152976468205
190 : -1.058987922500819
191 : -5.003784686326981
192 : -2.417983630904928
193 : -0.9772415636107326
194 : -2.6189691964536905
195 : -1.2503255447372794
196 : -1.0322589920833707
197 : 2.1768144336529076
198 : -1.576129276305437
199 : -1.3111977423541248
200 : 1.6206384673714638
201 : -1.5270561082288623
202 : -1.2755027692764997
203 : -2.4221799387596548
204 : -1.5788392098620534
205 : -0.7625245340168476
206 : -2.0710180844180286
207 : -0.9250777983106673
208 : -1.744789119809866
209 : -1.2046818463131785
210 : -1.115578189957887
211 : -1.1195022333413363
212 : -0.8483387189917266
213 : -1.9254084378480911
214 : -2.3842256106436253
215 : -0.9822485591284931
216 : -1.9365570768713951
217 : -1.815399568527937
218 : -0.4967422420158982
219 : -1.0027090776711702
220 : -0.9579620454460382
221 : -1.5393974520266056
222 : -1.1239094310440123
223 : -1.175153641961515
224 : -0.25228024332318455
225 : -3.601453958079219
226 : -1.3431507218629122
227 : -1.4506478067487478
228 : -1.1351333875209093
229 : -3.672316374257207
230 : -1.2893337504938245
231 : -3.008786474703811
232 : -0.837888422422111
233 : -1.1784318070858717
234 : -0.1344112493097782
235 : -1.6645651264116168
236 : -1.4719820627942681
237 : -3.2624483667314053
238 : -2.5303007811307907
239 : 0.5392390787601471
240 : -3.0196712352335453
241 : -5.256623135879636
242 : -1.2318027704022825
243 : -2.462413851171732
244 : -1.8753796452656388
245 : -0.5391859347000718
246 : -1.8024898141156882
247 : -2.47847284656018
248 : -0.6711386954411864
249 : 2.425026234705001
250 : -1.6598973637446761
251 : 4.485891932621598
252 : -1.0743250790983438
253 : -1.0974318254739046
254 : -0.2981394315138459
255 : -1.1027703452855349
256 : -0.8299561403691769
257 : -2.1036219764500856
258 : -1.9736568201333284
259 : -2.706898780539632
260 : -0.7342906724661589
261 : -3.670683093369007
262 : -1.197283677291125
263 : 1.0622750576585531
264 : -0.5551922339946032
265 : 1.37638805154711
266 : -0.9510861155577004
267 : -1.4293126296252012
268 : 1.954715054249391
269 : 1.0480653382837772
270 : -0.738856497220695
271 : -1.6659403061494231
272 : -2.105754032731056
273 : -3.1587813769001514
274 : -1.5039828913286328
275 : -4.074902944266796
276 : -1.3238465199247003
277 : 1.3526366939768195
278 : 9.255988134071231
279 : -1.3062736433930695
280 : -1.070156138855964
281 : -1.3005763278342783
282 : -1.4300049589946866
283 : -0.6703363927081227
284 : -0.9856179365888238
285 : -1.0024600736796856
286 : -2.4273412944748998
287 : -1.4112445265054703
288 : 0.236324661411345
289 : -0.27742874063551426
290 : -2.351019301917404
291 : -1.5283342329785228
292 : -0.9448959250003099
293 : -2.0050831427797675
294 : -1.784357569180429
295 : -1.6062392350286245
296 : -0.9667927222326398
297 : -25.25002803094685
298 : 7.4550257958471775
299 : -1.8648304641246796
300 : -1.700577948242426
301 : -1.0196483843028545
302 : -4.894093451090157
303 : -1.363352635409683
304 : -5.287334119901061
305 : -1.0465098973363638
306 : -6.819351924583316
307 : -1.5418542735278606
308 : -1.7392880972474813
309 : -1.5168877067044377
310 : 0.1148075982928276
311 : -1.4680333537980914
312 : -1.0575301898643374
313 : -0.33677595295011997
314 : -1.5575462374836206
315 : -1.4512016726657748
316 : -0.5772871971130371
317 : -1.6541703818365932
318 : -1.4190986715257168
319 : -0.850053749512881
320 : -0.8529517333954573
321 : -1.3250860273838043
322 : -1.2868399927392602
323 : -2.0236167369876057
324 : -2.3737413957715034
325 : -1.1887911357916892
326 : -0.7341763311997056
327 : -1.394294141791761
328 : -0.9369885921478271
329 : -1.1855377680622041
330 : -6.320692198351026
331 : -1.912142250686884
332 : 3.00264482665807
333 : -3.4139520721510053
334 : -2.4818876213394105
335 : 0.32114380691200495
336 : -1.943662965670228
337 : -0.5098211443983018
338 : -1.6007702676579356
339 : -1.6555343598593026
340 : -0.6760264188051224
341 : -1.6338977366685867
342 : -2.4477645568549633
343 : -1.4206658601760864
344 : -1.6580988019704819
345 : -1.79137016646564
346 : -0.8457685485482216
347 : -1.316596130374819
348 : -0.9741392247378826
349 : -0.9074553903192282
350 : -1.3715234324336052
351 : -1.6496702171862125
352 : -9.998359106481075
353 : -2.1181570943444967
354 : -1.196926038712263
355 : -0.8910187240689993
356 : -3.670492564328015
357 : -0.5845615295693278
358 : -0.9452231111936271
359 : -1.5184385851025581
360 : -2.104663057718426
361 : -1.4850414511747658
362 : -2.817900564521551
363 : -1.1090682996436954
364 : -0.6588549250736833
365 : -0.5323872226290405
366 : -0.9023852571845055
367 : 4.453584820963442
368 : -1.2332251062616706
369 : -1.3738590022549033
370 : -1.2281610369682312
371 : -1.1459960620850325
372 : -0.8658112669363618
373 : -1.6329900156706572
374 : -0.39682876225560904
375 : -1.4657679600641131
376 : 6.227798618609086
377 : -1.3575653862208128
378 : -1.683541750535369
379 : -1.5833268091082573
380 : -9.544249273836613
381 : -1.1141943242400885
382 : -1.166119252331555
383 : -3.785448210313916
384 : -3.3305539852008224
385 : 0.8895460073836148
386 : -1.3482581113930792
387 : -0.9542840868234634
388 : -1.5947447707876563
389 : -0.8773960256949067
390 : -1.0670687013771385
391 : -1.7258979827165604
392 : 0.7010246231220663
393 : -2.158342747017741
394 : -1.1477023446932435
395 : -2.2623692452907562
396 : -1.5654239540454
397 : -1.4648832951206714
398 : -1.5687753893435001
399 : -3.6448065023869276
400 : -1.7702990919351578
401 : -0.7688205791637301
402 : -1.0633432306349277
403 : -1.2185912234708667
404 : -1.0048752259463072
405 : -1.2407671436667442
406 : -1.6219978844746947
407 : -1.590565100312233
408 : -2.6178676895797253
409 : -11.94472886575386
410 : -1.3318712338805199
411 : -2.4922873452305794
412 : -0.9675957644358277
413 : -1.779210451990366
414 : -0.809955669566989
415 : -1.6747807040810585
416 : -1.3614590808283538
417 : -0.6744291773065925
418 : -1.7351880371570587
419 : -4.1377018839120865
420 : -1.683208969887346
421 : -4.278283037245274
422 : -1.4569283449091017
423 : -1.4851374477148056
424 : -1.2570518851280212
425 : -0.8825890771113336
426 : -1.7719770409166813
427 : -4.976200147531927
428 : -4.001189274247736
429 : -1.0556653880048543
430 : -1.0022741842549294
431 : -1.2526260390877724
432 : -1.5197559809312224
433 : -1.6087715905159712
434 : -6.469347586389631
435 : -1.8789678271859884
436 : -1.4019366335123777
437 : -1.224358934443444
438 : -0.9899690658785403
439 : -1.1071845018304884
440 : -1.2299714437685907
441 : -1.591721470002085
442 : 1.8703869781456888
443 : -2.018417902290821
444 : -0.9993006696458906
445 : -1.505226966459304
446 : -0.88591343536973
447 : -1.618662616237998
448 : -3.047067191451788
449 : -6.932565162889659
450 : -1.3185053272172809
451 : -1.3709329995326698
452 : -1.5809026514180005
453 : -1.0902401979546994
!!! updated
454 : -0.5522349649108946
455 : -2.237535711377859
Setting up 2 worker threads for Enlighten.
  Thread -> id: 7f96d2daf700 -> priority: 1 
  Thread -> id: 7f96d25ae700 -> priority: 1 
Traceback (most recent call last):
  File "main.py", line 123, in <module>
    returns = [episode(env, agent, i) for i in range(training_episodes)]
  File "main.py", line 123, in <listcomp>
    returns = [episode(env, agent, i) for i in range(training_episodes)]
  File "main.py", line 30, in episode
    next_state, reward, done, _ = env.step(action.numpy()[0])
  File "/home/j/jensenj/.local/lib/python3.6/site-packages/gym_unity/envs/__init__.py", line 177, in step
    self._env.step()
  File "/home/j/jensenj/.local/lib/python3.6/site-packages/mlagents_envs/timers.py", line 305, in wrapped
    return func(*args, **kwargs)
  File "/home/j/jensenj/.local/lib/python3.6/site-packages/mlagents_envs/environment.py", line 319, in step
    self._update_state(rl_output)
  File "/home/j/jensenj/.local/lib/python3.6/site-packages/mlagents_envs/environment.py", line 275, in _update_state
    agent_info_list, self._env_specs[brain_name]
  File "/home/j/jensenj/.local/lib/python3.6/site-packages/mlagents_envs/timers.py", line 305, in wrapped
    return func(*args, **kwargs)
  File "/home/j/jensenj/.local/lib/python3.6/site-packages/mlagents_envs/rpc_utils.py", line 188, in steps_from_proto
    obs_index, obs_shape, decision_agent_info_list
  File "/home/j/jensenj/.local/lib/python3.6/site-packages/mlagents_envs/timers.py", line 305, in wrapped
    return func(*args, **kwargs)
  File "/home/j/jensenj/.local/lib/python3.6/site-packages/mlagents_envs/rpc_utils.py", line 152, in _process_vector_observation
    _raise_on_nan_and_inf(np_obs, "observations")
  File "/home/j/jensenj/.local/lib/python3.6/site-packages/mlagents_envs/rpc_utils.py", line 132, in _raise_on_nan_and_inf
    raise RuntimeError(f"The {source} provided had Infinite values.")
RuntimeError: The observations provided had Infinite values.
2020-06-25 12:20:37 INFO [environment.py:418] Environment shut down with return code 0.
