slurmstepd-loisach: error: Unable to create TMPDIR [/tmp/user/30108]: Permission denied
slurmstepd-loisach: error: Setting TMPDIR to /tmp
Found path: /home/j/jensenj/PycharmProjects/Federer-Jr./src/../crawler_single/linux/dynamic_server/crawler_dynamic.x86_64
Mono path[0] = '/home/j/jensenj/PycharmProjects/Federer-Jr./src/../crawler_single/linux/dynamic_server/crawler_dynamic_Data/Managed'
Mono config path = '/home/j/jensenj/PycharmProjects/Federer-Jr./src/../crawler_single/linux/dynamic_server/crawler_dynamic_Data/MonoBleedingEdge/etc'
Preloaded 'lib_burst_generated.so'
Preloaded 'libgrpc_csharp_ext.x64.so'
Initialize engine version: 2019.3.15f1 (59ff3e03856d)
[Subsystems] Discovering subsystems at path /home/j/jensenj/PycharmProjects/Federer-Jr./src/../crawler_single/linux/dynamic_server/crawler_dynamic_Data/UnitySubsystems
Forcing GfxDevice: Null
GfxDevice: creating device client; threaded=0
NullGfxDevice:
    Version:  NULL 1.0 [1.0]
    Renderer: Null Device
    Vendor:   Unity Technologies
Begin MonoManager ReloadAssembly
- Completed reload, in  0.113 seconds
WARNING: Shader Unsupported: 'Autodesk Interactive' - All passes removed
WARNING: Shader Did you use #pragma only_renderers and omit this platform?
UnloadTime: 0.427390 ms
Fallback handler could not load library /home/j/jensenj/PycharmProjects/Federer-Jr./src/../crawler_single/linux/dynamic_server/crawler_dynamic_Data/Mono/libcoreclr.so
Fallback handler could not load library /home/j/jensenj/PycharmProjects/Federer-Jr./src/../crawler_single/linux/dynamic_server/crawler_dynamic_Data/Mono/libcoreclr.so
Fallback handler could not load library /home/j/jensenj/PycharmProjects/Federer-Jr./src/../crawler_single/linux/dynamic_server/crawler_dynamic_Data/Mono/libcoreclr.so
Fallback handler could not load library /home/j/jensenj/PycharmProjects/Federer-Jr./src/../crawler_single/linux/dynamic_server/crawler_dynamic_Data/Mono/libSystem.dylib
Fallback handler could not load library /home/j/jensenj/PycharmProjects/Federer-Jr./src/../crawler_single/linux/dynamic_server/crawler_dynamic_Data/Mono/libSystem.dylib.so
Fallback handler could not load library /home/j/jensenj/PycharmProjects/Federer-Jr./src/../crawler_single/linux/dynamic_server/crawler_dynamic_Data/Mono/libSystem.dylib
Fallback handler could not load library /home/j/jensenj/PycharmProjects/Federer-Jr./src/../crawler_single/linux/dynamic_server/crawler_dynamic_Data/Mono/libcoreclr.so
Fallback handler could not load library /home/j/jensenj/PycharmProjects/Federer-Jr./src/../crawler_single/linux/dynamic_server/crawler_dynamic_Data/Mono/libcoreclr.so
Fallback handler could not load library /home/j/jensenj/PycharmProjects/Federer-Jr./src/../crawler_single/linux/dynamic_server/crawler_dynamic_Data/Mono/libcoreclr.so
Fallback handler could not load library /home/j/jensenj/PycharmProjects/Federer-Jr./src/../crawler_single/linux/dynamic_server/crawler_dynamic_Data/Mono/libSystem.dylib
Fallback handler could not load library /home/j/jensenj/PycharmProjects/Federer-Jr./src/../crawler_single/linux/dynamic_server/crawler_dynamic_Data/Mono/libSystem.dylib.so
Fallback handler could not load library /home/j/jensenj/PycharmProjects/Federer-Jr./src/../crawler_single/linux/dynamic_server/crawler_dynamic_Data/Mono/libSystem.dylib
/home/j/jensenj/.local/lib/python3.6/site-packages/tensorboard/compat/tensorflow_stub/dtypes.py:541: FutureWarning: Passing (type, 1) or '1type' as a synonym of type is deprecated; in a future version of numpy, it will be understood as (type, (1,)) / '(1,)type'.
  _np_qint8 = np.dtype([("qint8", np.int8, 1)])
/home/j/jensenj/.local/lib/python3.6/site-packages/tensorboard/compat/tensorflow_stub/dtypes.py:542: FutureWarning: Passing (type, 1) or '1type' as a synonym of type is deprecated; in a future version of numpy, it will be understood as (type, (1,)) / '(1,)type'.
  _np_quint8 = np.dtype([("quint8", np.uint8, 1)])
/home/j/jensenj/.local/lib/python3.6/site-packages/tensorboard/compat/tensorflow_stub/dtypes.py:543: FutureWarning: Passing (type, 1) or '1type' as a synonym of type is deprecated; in a future version of numpy, it will be understood as (type, (1,)) / '(1,)type'.
  _np_qint16 = np.dtype([("qint16", np.int16, 1)])
/home/j/jensenj/.local/lib/python3.6/site-packages/tensorboard/compat/tensorflow_stub/dtypes.py:544: FutureWarning: Passing (type, 1) or '1type' as a synonym of type is deprecated; in a future version of numpy, it will be understood as (type, (1,)) / '(1,)type'.
  _np_quint16 = np.dtype([("quint16", np.uint16, 1)])
/home/j/jensenj/.local/lib/python3.6/site-packages/tensorboard/compat/tensorflow_stub/dtypes.py:545: FutureWarning: Passing (type, 1) or '1type' as a synonym of type is deprecated; in a future version of numpy, it will be understood as (type, (1,)) / '(1,)type'.
  _np_qint32 = np.dtype([("qint32", np.int32, 1)])
/home/j/jensenj/.local/lib/python3.6/site-packages/tensorboard/compat/tensorflow_stub/dtypes.py:550: FutureWarning: Passing (type, 1) or '1type' as a synonym of type is deprecated; in a future version of numpy, it will be understood as (type, (1,)) / '(1,)type'.
  np_resource = np.dtype([("resource", np.ubyte, 1)])
2020-06-25 12:05:51 INFO [environment.py:108] Connected to Unity environment with package version 1.0.2 and communication version 1.0.0
2020-06-25 12:05:51 INFO [environment.py:265] Connected new brain:
CrawlerDynamic?team=0
2020-06-25 12:05:51 WARNING [__init__.py:92] The environment contains multiple observations. You must define allow_multiple_obs=True to receive them all. Otherwise, only the first visual observation (or vector observation ifthere are no visual observations) will be provided in the observation.
/home/j/jensenj/.local/lib/python3.6/site-packages/gym/logger.py:30: UserWarning: [33mWARN: Box bound precision lowered by casting to float32[0m
  warnings.warn(colorize('%s: %s'%('WARN', msg % args), 'yellow'))
/home/j/jensenj/.local/lib/python3.6/site-packages/numpy/core/_methods.py:160: RuntimeWarning: invalid value encountered in reduce
  ret = umr_sum(arr, axis, dtype, out, keepdims)
update_time_steps: 4096 , ppo_epochs: 16 , beta:  0.001 , gamma 0.99
0 : 2.2305326778441668
1 : -0.4372029739897698
2 : -0.19237441569566727
3 : -1.130471745505929
4 : -2.0296837743371725
5 : -3.305262690410018
6 : 1.1542899464257061
7 : -1.6345418905839324
8 : -1.2301412739325315
9 : -1.6599175124429166
10 : -1.5584358628839254
11 : -4.490807728841901
12 : -1.3069026784505695
13 : -1.129477740265429
14 : -1.6066562146879733
15 : -1.4442135896533728
16 : -2.2520653568208218
17 : -1.2827752567827702
18 : -1.6988732889294624
19 : -1.5217688027769327
20 : -1.9683448516298085
21 : -1.1535815924871713
22 : -1.9820547694107518
23 : -1.6915293484926224
24 : 0.967773805372417
25 : -0.7800026759505272
26 : -1.4763553272932768
27 : -1.7567602493800223
28 : -1.4108267854899168
29 : -0.4588416935876012
30 : -2.686406461521983
31 : -5.340620188973844
32 : -1.417145811021328
33 : -1.3726715072989464
34 : -1.3932579085230827
35 : -1.7162216436117887
36 : -1.9748397646471858
37 : -0.7251190016977489
38 : 3.0083824172616005
39 : -1.1407690695486963
40 : -0.4524677232839167
41 : -2.5175605728290975
42 : -0.7728274092078209
43 : 14.124334425199777
44 : -1.8793722526170313
45 : -1.7793341800570488
46 : -0.7696227286942303
47 : -1.8607625775039196
48 : -4.721613229252398
49 : -1.308435007929802
50 : 0.7776203951798379
51 : -1.0788529701530933
52 : 0.13118797587230802
53 : -1.428149564191699
54 : -1.2540962668135762
55 : -1.5499037187546492
56 : -2.1682506971992552
57 : -1.2882071952335536
58 : 5.661003401968628
59 : 6.219532941933721
60 : -2.654303004499525
61 : -1.9215212780982256
62 : -0.9472502572461963
63 : -1.879153132904321
64 : -0.6048220647498965
65 : -1.5893912790343165
66 : -2.9438833594322205
67 : 0.7719228188507259
68 : -1.1711600925773382
69 : -0.44397161388769746
70 : -1.0148087665438652
71 : -1.524851861409843
72 : -1.7376472791656852
73 : -0.7823747768998146
74 : -1.0211461326107383
75 : -0.8313059564679861
76 : -1.4125176465604454
77 : -1.3289223895408213
78 : -0.9617629535496235
79 : -0.8898818022571504
80 : -2.4562509963288903
81 : -1.88545439299196
82 : -0.1257564965635538
83 : -1.010829378850758
84 : -2.3331480100750923
85 : -1.7700049225240946
86 : -1.0352733442559838
87 : 4.618855033069849
88 : -1.9823837615549564
89 : -2.6713316328823566
90 : -1.5680162161588669
91 : 0.06273731030523777
92 : -1.6012432193383574
93 : -0.5673054317012429
94 : -1.3502103136852384
95 : -0.7375603662803769
96 : -0.7894310764968395
97 : -1.075398183427751
98 : -1.0687965266406536
99 : -1.5720152538269758
100 : -5.134025159291923
101 : -3.879466061014682
102 : -2.06142359925434
103 : -0.4559028781950474
104 : -2.135183298960328
105 : -0.03244815627112985
106 : 0.0026169135235249996
107 : -0.7514622239395976
108 : -0.5788027159869671
109 : -0.7839922057464719
110 : -0.9182443581521511
111 : -1.2772973828250542
112 : 2.221288613975048
113 : -1.037364114774391
114 : 0.9600976016372442
115 : -1.7329956609755754
116 : -0.4850068991072476
117 : -1.4773532189428806
118 : -1.3474925109185278
119 : -0.6606016959995031
120 : -2.0570573159493506
121 : -0.5173023175448179
122 : -2.3865341250784695
123 : -1.7387876473367214
124 : -1.4023458776064217
125 : -1.7687235451303422
126 : -1.39313293248415
127 : -2.127891218289733
128 : -1.752609161194414
129 : -1.891098115593195
130 : -1.7521029636263847
131 : -1.2653481280431151
132 : -0.993320107460022
133 : -2.548482310026884
134 : -3.0776665220037103
135 : -1.4021618589758873
136 : -1.2473890651017427
137 : -1.812675123102963
138 : -2.127767264842987
139 : -0.8767248771619052
140 : -1.2276021242141724
141 : 0.006706797517836094
142 : -0.49917254550382495
143 : -3.0685676150023937
144 : -0.9020799645222723
145 : -1.4437880660407245
146 : -1.333810760639608
147 : -1.5496008424088359
148 : -0.17530188569799066
149 : 2.4744214741513133
150 : -1.536755032837391
151 : -1.0292711677029729
152 : -1.3132049376145005
153 : -1.2203711597248912
154 : -1.083951698616147
155 : -3.3994379970245063
156 : -1.1317467475309968
157 : -0.08475559949874878
158 : -5.994227119255811
159 : -1.4319173321127892
160 : -2.8459124511573464
161 : -1.368670946918428
162 : -1.048099962528795
163 : -1.1892268350347877
164 : -0.6896095257252455
165 : -3.05489653442055
166 : -1.2502770232968032
167 : -0.92190255317837
168 : 5.42855905322358
169 : -1.353147097164765
170 : -1.3523528147488832
171 : -1.8719132374972105
172 : -1.9514348967932165
173 : -0.9816035740077496
174 : -1.0315089160576463
175 : -2.9741010135039687
176 : -1.1611428745090961
177 : -1.6513807065784931
178 : -1.443556897342205
179 : -0.7394410967826843
180 : 12.67262963950634
181 : 4.8172075264155865
182 : -1.3629296596627682
183 : 4.124981382861733
184 : -1.0539067666977644
185 : -1.3703056789236143
186 : -2.08367451839149
187 : -2.0099542597308755
188 : -12.594888661056757
189 : -1.1530002504587173
190 : -0.976268233731389
191 : -1.0684251906350255
192 : -0.8415764956735075
193 : -1.3686188631691039
194 : -0.646582608576864
195 : -1.4693930530920625
196 : -1.351382814347744
197 : -2.1975280856713653
198 : -1.2886888245120645
199 : -1.1880978476256132
200 : -1.8180631091818213
201 : -1.2779620829969645
202 : -19.36783608281985
203 : -1.6910360883921385
204 : -0.8854011693038046
205 : -1.6287589222192764
!!! updated
206 : 6.0814660750329494
207 : -0.4481123364530504
208 : -1.3742615734227002
Setting up 2 worker threads for Enlighten.
  Thread -> id: 7f2641d8e700 -> priority: 1 
  Thread -> id: 7f264158d700 -> priority: 1 
Traceback (most recent call last):
  File "main.py", line 123, in <module>
    returns = [episode(env, agent, i) for i in range(training_episodes)]
  File "main.py", line 123, in <listcomp>
    returns = [episode(env, agent, i) for i in range(training_episodes)]
  File "main.py", line 30, in episode
    next_state, reward, done, _ = env.step(action.numpy()[0])
  File "/home/j/jensenj/.local/lib/python3.6/site-packages/gym_unity/envs/__init__.py", line 177, in step
    self._env.step()
  File "/home/j/jensenj/.local/lib/python3.6/site-packages/mlagents_envs/timers.py", line 305, in wrapped
    return func(*args, **kwargs)
  File "/home/j/jensenj/.local/lib/python3.6/site-packages/mlagents_envs/environment.py", line 319, in step
    self._update_state(rl_output)
  File "/home/j/jensenj/.local/lib/python3.6/site-packages/mlagents_envs/environment.py", line 275, in _update_state
    agent_info_list, self._env_specs[brain_name]
  File "/home/j/jensenj/.local/lib/python3.6/site-packages/mlagents_envs/timers.py", line 305, in wrapped
    return func(*args, **kwargs)
  File "/home/j/jensenj/.local/lib/python3.6/site-packages/mlagents_envs/rpc_utils.py", line 188, in steps_from_proto
    obs_index, obs_shape, decision_agent_info_list
  File "/home/j/jensenj/.local/lib/python3.6/site-packages/mlagents_envs/timers.py", line 305, in wrapped
    return func(*args, **kwargs)
  File "/home/j/jensenj/.local/lib/python3.6/site-packages/mlagents_envs/rpc_utils.py", line 152, in _process_vector_observation
    _raise_on_nan_and_inf(np_obs, "observations")
  File "/home/j/jensenj/.local/lib/python3.6/site-packages/mlagents_envs/rpc_utils.py", line 130, in _raise_on_nan_and_inf
    raise RuntimeError(f"The {source} provided had NaN values.")
RuntimeError: The observations provided had NaN values.
2020-06-25 12:11:14 INFO [environment.py:418] Environment shut down with return code 0.
