slurmstepd-guenz: error: Unable to create TMPDIR [/tmp/user/30108]: Permission denied
slurmstepd-guenz: error: Setting TMPDIR to /tmp
Found path: /home/j/jensenj/PycharmProjects/Federer-Jr./src/../crawler_single/linux/dynamic_server/crawler_dynamic.x86_64
Mono path[0] = '/home/j/jensenj/PycharmProjects/Federer-Jr./src/../crawler_single/linux/dynamic_server/crawler_dynamic_Data/Managed'
Mono config path = '/home/j/jensenj/PycharmProjects/Federer-Jr./src/../crawler_single/linux/dynamic_server/crawler_dynamic_Data/MonoBleedingEdge/etc'
Preloaded 'lib_burst_generated.so'
Preloaded 'libgrpc_csharp_ext.x64.so'
Initialize engine version: 2019.3.15f1 (59ff3e03856d)
[Subsystems] Discovering subsystems at path /home/j/jensenj/PycharmProjects/Federer-Jr./src/../crawler_single/linux/dynamic_server/crawler_dynamic_Data/UnitySubsystems
Forcing GfxDevice: Null
GfxDevice: creating device client; threaded=0
NullGfxDevice:
    Version:  NULL 1.0 [1.0]
    Renderer: Null Device
    Vendor:   Unity Technologies
Begin MonoManager ReloadAssembly
- Completed reload, in  0.103 seconds
WARNING: Shader Unsupported: 'Autodesk Interactive' - All passes removed
WARNING: Shader Did you use #pragma only_renderers and omit this platform?
UnloadTime: 0.429450 ms
Fallback handler could not load library /home/j/jensenj/PycharmProjects/Federer-Jr./src/../crawler_single/linux/dynamic_server/crawler_dynamic_Data/Mono/libcoreclr.so
Fallback handler could not load library /home/j/jensenj/PycharmProjects/Federer-Jr./src/../crawler_single/linux/dynamic_server/crawler_dynamic_Data/Mono/libcoreclr.so
Fallback handler could not load library /home/j/jensenj/PycharmProjects/Federer-Jr./src/../crawler_single/linux/dynamic_server/crawler_dynamic_Data/Mono/libcoreclr.so
Fallback handler could not load library /home/j/jensenj/PycharmProjects/Federer-Jr./src/../crawler_single/linux/dynamic_server/crawler_dynamic_Data/Mono/libSystem.dylib
Fallback handler could not load library /home/j/jensenj/PycharmProjects/Federer-Jr./src/../crawler_single/linux/dynamic_server/crawler_dynamic_Data/Mono/libSystem.dylib.so
Fallback handler could not load library /home/j/jensenj/PycharmProjects/Federer-Jr./src/../crawler_single/linux/dynamic_server/crawler_dynamic_Data/Mono/libSystem.dylib
Fallback handler could not load library /home/j/jensenj/PycharmProjects/Federer-Jr./src/../crawler_single/linux/dynamic_server/crawler_dynamic_Data/Mono/libcoreclr.so
Fallback handler could not load library /home/j/jensenj/PycharmProjects/Federer-Jr./src/../crawler_single/linux/dynamic_server/crawler_dynamic_Data/Mono/libcoreclr.so
Fallback handler could not load library /home/j/jensenj/PycharmProjects/Federer-Jr./src/../crawler_single/linux/dynamic_server/crawler_dynamic_Data/Mono/libcoreclr.so
Fallback handler could not load library /home/j/jensenj/PycharmProjects/Federer-Jr./src/../crawler_single/linux/dynamic_server/crawler_dynamic_Data/Mono/libSystem.dylib
Fallback handler could not load library /home/j/jensenj/PycharmProjects/Federer-Jr./src/../crawler_single/linux/dynamic_server/crawler_dynamic_Data/Mono/libSystem.dylib.so
Fallback handler could not load library /home/j/jensenj/PycharmProjects/Federer-Jr./src/../crawler_single/linux/dynamic_server/crawler_dynamic_Data/Mono/libSystem.dylib
/home/j/jensenj/.local/lib/python3.6/site-packages/tensorboard/compat/tensorflow_stub/dtypes.py:541: FutureWarning: Passing (type, 1) or '1type' as a synonym of type is deprecated; in a future version of numpy, it will be understood as (type, (1,)) / '(1,)type'.
  _np_qint8 = np.dtype([("qint8", np.int8, 1)])
/home/j/jensenj/.local/lib/python3.6/site-packages/tensorboard/compat/tensorflow_stub/dtypes.py:542: FutureWarning: Passing (type, 1) or '1type' as a synonym of type is deprecated; in a future version of numpy, it will be understood as (type, (1,)) / '(1,)type'.
  _np_quint8 = np.dtype([("quint8", np.uint8, 1)])
/home/j/jensenj/.local/lib/python3.6/site-packages/tensorboard/compat/tensorflow_stub/dtypes.py:543: FutureWarning: Passing (type, 1) or '1type' as a synonym of type is deprecated; in a future version of numpy, it will be understood as (type, (1,)) / '(1,)type'.
  _np_qint16 = np.dtype([("qint16", np.int16, 1)])
/home/j/jensenj/.local/lib/python3.6/site-packages/tensorboard/compat/tensorflow_stub/dtypes.py:544: FutureWarning: Passing (type, 1) or '1type' as a synonym of type is deprecated; in a future version of numpy, it will be understood as (type, (1,)) / '(1,)type'.
  _np_quint16 = np.dtype([("quint16", np.uint16, 1)])
/home/j/jensenj/.local/lib/python3.6/site-packages/tensorboard/compat/tensorflow_stub/dtypes.py:545: FutureWarning: Passing (type, 1) or '1type' as a synonym of type is deprecated; in a future version of numpy, it will be understood as (type, (1,)) / '(1,)type'.
  _np_qint32 = np.dtype([("qint32", np.int32, 1)])
/home/j/jensenj/.local/lib/python3.6/site-packages/tensorboard/compat/tensorflow_stub/dtypes.py:550: FutureWarning: Passing (type, 1) or '1type' as a synonym of type is deprecated; in a future version of numpy, it will be understood as (type, (1,)) / '(1,)type'.
  np_resource = np.dtype([("resource", np.ubyte, 1)])
2020-06-25 12:36:51 INFO [environment.py:108] Connected to Unity environment with package version 1.0.2 and communication version 1.0.0
2020-06-25 12:36:51 INFO [environment.py:265] Connected new brain:
CrawlerDynamic?team=0
2020-06-25 12:36:51 WARNING [__init__.py:92] The environment contains multiple observations. You must define allow_multiple_obs=True to receive them all. Otherwise, only the first visual observation (or vector observation ifthere are no visual observations) will be provided in the observation.
/home/j/jensenj/.local/lib/python3.6/site-packages/gym/logger.py:30: UserWarning: [33mWARN: Box bound precision lowered by casting to float32[0m
  warnings.warn(colorize('%s: %s'%('WARN', msg % args), 'yellow'))
/home/j/jensenj/.local/lib/python3.6/site-packages/numpy/core/_methods.py:160: RuntimeWarning: invalid value encountered in reduce
  ret = umr_sum(arr, axis, dtype, out, keepdims)
update_time_steps: 10240 , ppo_epochs: 16 , beta:  0.01 , gamma 0.99
0 : -1.5468666011001915
1 : -1.3341381163336337
2 : -1.6189181748777628
3 : -0.7235822156071663
4 : -0.5645464770495892
5 : -1.5754377474077046
6 : -0.4554769420064986
7 : -0.5523598408326507
8 : -1.6002222895622253
9 : -1.3355234619230032
10 : -1.2951976004987955
11 : -0.8693947708234191
12 : -2.165813213214278
13 : -1.179015469737351
14 : -1.209885258693248
15 : -1.9735879749059677
16 : -0.5557578349253163
17 : -5.719283533282578
18 : -2.3600868359208107
19 : -1.0545503594912589
20 : -1.4267587587237358
21 : -1.2569962088018656
22 : 1.3375851213932037
23 : -1.2982440092600882
24 : -3.6959910430014133
25 : -1.5426756162196398
26 : -1.9131826627999544
27 : -1.730563923716545
28 : -2.734529734123498
29 : -1.5317258364520967
30 : -1.0437709894031286
31 : 0.7852567243389785
32 : -1.4541797216515988
33 : -4.503853118047118
34 : -1.3110863829497248
35 : -1.0108308987691998
36 : -3.7943790177814662
37 : -1.5298223234713078
38 : -2.2584291212260723
39 : -1.010012018494308
40 : -3.7318855123594403
41 : -1.3426335761323571
42 : -0.898817615583539
43 : 1.531109660398215
44 : -0.7573829367756844
45 : -0.6532504903152585
46 : -0.6814225339330733
47 : -0.6553330421447754
48 : -1.0556087642908096
49 : -1.0274927767459303
50 : -1.4954961580224335
51 : 0.06688390020281076
52 : -0.8039174237055704
53 : -0.6402551401406527
54 : 1.269985209684819
55 : -8.715390801429749
56 : -3.7316147009842098
57 : -1.3586508044973016
58 : -0.6274206065572798
59 : -0.883392705116421
60 : -1.6838188990950584
61 : -1.2507139286026359
62 : -1.396133927628398
63 : -0.8851576773449779
64 : -1.633309155702591
65 : -1.3319872803986073
66 : -1.0665356400422752
67 : -0.037139891646802425
68 : -2.688602313399315
69 : -1.7326920330524445
70 : -0.404859920963645
71 : -2.5386748164892197
72 : -1.7099513155408204
73 : -5.078595334663987
74 : -1.389971511438489
75 : 0.32331812428310513
76 : -1.3941905435640365
77 : -0.13041076436638832
78 : -1.0430732937529683
79 : -2.71200691210106
80 : -1.9317767112515867
81 : -1.566539304330945
82 : -1.133546912111342
83 : -6.300096020102501
84 : 0.6456085024401546
85 : -1.2249696524813771
86 : 1.3912777556106448
87 : -1.9449330680072308
88 : -0.8321549422107637
89 : -0.8657976007089019
90 : -0.9157382799312472
91 : 0.0699833557009697
92 : -3.299889069981873
93 : -0.581202338449657
94 : -1.6958601120859385
95 : 3.679999802261591
96 : -1.2931833397597075
97 : -0.6564798585604876
98 : -1.173397846519947
99 : -1.0875999387353659
100 : -1.5460132099688053
101 : -1.2193691367283463
102 : -0.14334059227257967
103 : -0.9834655113518238
104 : -1.5199917405843735
105 : -1.4300297214649618
106 : -1.9640315026044846
107 : -1.9481907901354134
108 : -1.292296152561903
109 : -0.1294849682599306
110 : -1.1283011930063367
111 : -0.6293748496100307
112 : -1.3738922295160592
113 : 0.30355722829699516
114 : -1.2279421362327412
115 : -1.00308196246624
116 : -1.661244660615921
117 : 1.2999680433422327
118 : -1.472979325801134
119 : -1.3778826287016273
120 : -1.5546180307865143
121 : -1.1200905912555754
122 : -1.2235078122466803
123 : 8.157726112753153
124 : -1.6751304008066654
125 : -1.3726346967741847
126 : -2.00104350829497
127 : -1.770463341847062
128 : -1.219792092218995
129 : -3.661070302128792
130 : -1.0844015814363956
131 : -1.1288625178858638
132 : 0.1357693811878562
133 : -0.8654892980121076
134 : -2.2412561029195786
135 : -0.7040278729982674
136 : -1.4800131376832724
137 : -0.8979063597507775
138 : 2.0560025703161955
139 : -1.692092094453983
140 : 1.0079756174236536
141 : -0.7593243112787604
142 : -3.2796883285045624
143 : -0.8096338734030724
144 : -0.8251532707363367
145 : -0.9464373663067818
146 : -3.0567335691303015
147 : -2.755962461233139
148 : -1.7813918739557266
149 : -0.17159457877278328
150 : -3.251055434346199
151 : -6.998808419331908
152 : -1.676033940166235
153 : 0.2519548162817955
154 : -5.060453273821622
155 : -0.9476343346759677
156 : -1.2894746148958802
157 : -1.5570454895496368
158 : -0.9341465975157917
159 : -0.10761891677975655
160 : -0.9100331496447325
161 : -0.8180227701086551
162 : -0.8930294923484325
163 : -0.6415591957047582
164 : 1.032868797890842
165 : -1.4541692603379488
166 : -1.5047755287960172
167 : -0.7590390457771719
168 : -1.2110463525168598
169 : -0.719380279071629
170 : 0.5125542231835425
171 : -1.4665897283703089
172 : -0.9781584714073688
173 : -1.0914314910769463
174 : -3.9431210570037365
175 : -0.6505410610698164
176 : -0.7023355411365628
177 : -1.013941585086286
178 : -4.095596665050834
179 : -1.0721935890614986
180 : -2.2016961567569524
181 : -1.576896008104086
182 : -1.6172592407092452
183 : -1.0677093365229666
184 : -1.4093733057379723
185 : -1.70209436211735
186 : -3.0225441860966384
187 : -2.3931191600859165
188 : 1.4611316407099366
189 : -1.0990713657811284
190 : -1.1958895670250058
191 : -3.5961574921384454
192 : -1.5859434828162193
193 : -1.6545527502894402
194 : -1.8270138697698712
195 : -1.0064658299088478
196 : 0.09441650286316872
197 : -1.739156313240528
198 : -1.5203982293605804
199 : -7.8418553080409765
200 : 1.308735467493534
201 : -1.0108733288943768
202 : 0.2999568269588053
203 : -1.2964300466701388
204 : -1.389389254618436
205 : -0.577499623876065
206 : -1.0785096744075418
207 : -0.7796155326068401
208 : -1.1996303834021091
209 : -1.2617734111845493
210 : -1.435092717409134
211 : 0.814871777780354
212 : 2.07032900582999
213 : -1.0336347492411733
214 : -1.591963181272149
215 : -1.104530043900013
216 : -1.520970409270376
217 : -1.1123425231780857
218 : -8.19291915744543
219 : -1.4467399660497904
220 : 6.632924277335405
221 : -1.1654445976018906
222 : -1.0303196934983134
223 : -1.100705306045711
224 : -0.9137721234001219
225 : -1.8610907532274723
226 : -2.8562881220132113
227 : -1.6307488549500704
228 : -0.6213226593099535
229 : -2.2021517595276237
230 : -0.8888190053403378
231 : -0.6239984156563878
232 : -1.485304613597691
233 : 2.1118784284917638
234 : -1.0210489304736257
235 : -0.7328251879662275
236 : -1.6994104981422424
237 : 1.8546539503149688
238 : -0.8552919676876627
239 : -0.4828950371593237
240 : 3.4485263631213456
241 : -1.177286562975496
242 : -3.277143864892423
243 : -2.253588993102312
244 : -1.374074749648571
245 : -0.6137366937473416
246 : -2.4418505588546395
247 : -1.9036388583481312
248 : -3.994750663638115
249 : -0.9371122885495424
250 : -1.9342006258666515
251 : -1.3639405807480216
252 : -1.3453799597918987
253 : 1.3263504933565855
254 : -3.889164495281875
255 : 0.321634279564023
256 : -1.0988956643268466
257 : -0.5465903654694557
258 : -1.2743848413228989
259 : -0.9326576651073992
260 : -2.0087716467678547
261 : -1.5773776471614838
262 : -2.285207089036703
263 : 1.814238955732435
264 : -1.8500575050711632
265 : -3.4872430097311735
266 : -1.6661179674556479
267 : -3.4277994073927402
268 : -2.3328527864068747
269 : -1.5370173919945955
270 : 0.8702236292883754
271 : -0.1656929925084114
272 : -0.6002111649140716
273 : -1.393877798691392
274 : -2.5605093967169523
275 : -1.0472323866561055
276 : -1.6146010532975197
277 : -1.7718478282913566
278 : -1.4797050096094608
279 : -2.2475651931017637
280 : -6.700735152815469
281 : 0.35083251167088747
282 : -2.2619314789772034
283 : 3.2520454581826925
284 : -0.65847974922508
285 : -0.6611566971987486
286 : -1.4967585075646639
287 : -0.8876450033858418
288 : -0.7295982278883457
289 : -3.405509938020259
290 : -1.1731277499347925
291 : -0.7384157702326775
292 : 0.346170490141958
293 : 0.3885246906429529
294 : -1.699245001655072
295 : -0.7667864300310612
296 : -1.2863773060962558
297 : -0.4246691381558776
298 : -3.3607535250484943
299 : 1.2640037285163999
300 : -1.4297560807317495
301 : -5.992590375710279
302 : -1.0186357013881207
303 : -4.3274318114854395
304 : 1.6950881376396865
305 : -1.4219817440025508
306 : -2.226134641095996
307 : -7.48235878534615
308 : -1.0490786330774426
309 : -1.221815386787057
310 : -2.7059545237571
311 : -1.7343201395124197
312 : 1.8801934160292149
313 : -1.2147070420905948
314 : -5.365827300818637
315 : -2.054554918780923
316 : -1.0311463796533644
317 : -1.1258807349950075
318 : -2.933372152969241
319 : -2.312862517312169
320 : -2.4070396050810814
321 : -0.4240181865170598
322 : -0.8897353000938892
323 : -1.3546206513419747
324 : -1.0262485928833485
325 : -0.8055177964270115
326 : -2.3750599771738052
327 : -2.823603675235063
328 : -1.3391252290457487
329 : -2.2450186668429524
330 : -2.456295639742166
331 : -1.5703844130039215
332 : -1.7650155052542686
333 : -1.4735750537365675
334 : -0.10805427003651857
335 : -1.3280218243598938
336 : 2.3575770361348987
337 : -1.511611585970968
338 : -2.908327415585518
339 : -1.734055107459426
340 : -1.9581494703888893
341 : 1.5370239273179322
342 : -1.8804767653346062
343 : -1.619980301707983
344 : -3.5844979602843523
345 : -1.1412508357316256
346 : -0.38972330279648304
347 : -1.0687272632494569
348 : 0.439062193967402
349 : -0.9969429606571794
350 : -4.833934739232063
351 : -2.5962596610188484
352 : -1.9015850378200412
353 : -1.2298768451437354
354 : -4.665190685540438
355 : -0.8263093009591103
356 : -0.7861216003075242
357 : -1.525559488683939
358 : -0.6485398039221764
359 : -1.8526704758405685
360 : -1.1722724549472332
361 : -2.433601677417755
362 : -1.472447590669617
363 : -1.0517121967859566
364 : -2.142214162275195
365 : 5.372928170487285
366 : -1.491360230371356
367 : -0.9808167838491499
368 : -2.4610261358320713
369 : -1.5597388255409896
370 : -0.972193157300353
371 : -0.6992861684411764
372 : -2.6115889698266983
373 : 0.20056222844868898
374 : -3.17734894156456
375 : -1.3874088623560965
376 : 1.9964440339244902
377 : -1.4233154375106096
378 : 0.3232472827658057
379 : -3.677596051245928
380 : -1.5870197787880898
381 : -1.0560178370214999
382 : -2.2332169469445944
383 : -4.798544636927545
384 : -1.1380852926522493
385 : -0.921288738027215
386 : -0.0889147687703371
387 : -1.3592650406062603
388 : -0.989901153370738
389 : -1.9438510872423649
390 : -1.3398262187838554
391 : 0.6565854856744409
392 : -1.543596531264484
393 : -1.6724868044257164
394 : -0.9311442989856005
395 : 0.8107481831684709
396 : -1.6084779826924205
397 : -0.9390899604186416
398 : 0.018528224900364876
399 : -3.628117734566331
400 : -2.115105502307415
401 : -0.5574187519960105
402 : -1.3209934392943978
403 : -7.252992401830852
404 : -0.966158521361649
405 : -0.8664576502051204
406 : -1.0049076224677265
407 : -2.4802093412727118
408 : -0.8733826680108905
409 : -1.3811496102716774
410 : -2.592356376349926
411 : -1.9208404328674078
412 : -1.711835265159607
413 : -3.3436719104647636
414 : -1.709852047264576
415 : -0.8088842397555709
416 : -11.509304658509791
417 : -6.086354116676375
418 : 0.10203640162944794
419 : 2.1095014037564397
420 : -2.7835823530331254
421 : 5.795173421502113
422 : -3.593765097670257
423 : -4.884277516044676
424 : -1.5160883320495486
425 : -0.8303217650391161
426 : 1.904667534865439
427 : -4.83914559148252
428 : -1.7689154231920838
429 : -0.30718105752021074
430 : -1.3228741330094635
431 : -0.8000671220943332
432 : -0.9778944663703442
433 : -3.2316804276779294
434 : 3.4326759312534705
435 : -2.4602565397508442
436 : -0.9389813467860222
437 : -0.6334945419803262
438 : -1.551325859501958
439 : -1.019329510629177
440 : -0.8379581514745951
441 : -0.5403401823714375
442 : -1.1552400616928935
443 : -0.4726988496258855
444 : -1.097967273555696
445 : -0.8571743732318282
446 : -0.1130644790828228
447 : -0.725057503208518
448 : -1.2292662151157856
449 : 2.6913438625633717
450 : -1.3986497689038515
451 : -2.643579378724098
452 : -1.1171272154897451
453 : -3.397784326225519
454 : 5.548210662789643
455 : -0.8430692879483104
456 : -1.9924049391993321
457 : -5.387745425105095
458 : -1.4120318265631795
459 : -1.4947695974260569
460 : -4.284668952226639
461 : -0.46517002396285534
462 : -1.385782005265355
463 : -0.12222722312435508
464 : 1.370207137428224
465 : -5.337443661876023
466 : -1.4312194027006626
467 : -6.802240727469325
468 : 2.459354694932699
469 : -1.371599555015564
470 : -0.7395827947184443
471 : -1.240562116727233
472 : -1.6869301814585924
473 : -0.9736211113631725
474 : -2.0026758750900626
475 : -0.8126744236797094
476 : -2.1968089044094086
477 : -0.8069390654563904
478 : -1.662287519313395
479 : 0.3450277131050825
480 : -0.7391050150617957
481 : -0.8030919702723622
482 : -0.742838691920042
483 : -1.823764790315181
484 : -0.3099335371516645
485 : -1.223395125940442
486 : -1.235472499160096
487 : -4.392780520953238
488 : -1.220692660426721
489 : -1.325918267481029
490 : -1.4006373076699674
491 : -0.9769482924602926
492 : -0.8103308263234794
493 : 1.6151399025693536
494 : -2.916730824392289
495 : -1.2588864041026682
496 : 0.9573025237768888
497 : -6.362178102135658
498 : -0.517970098182559
499 : 3.0430553816258907
500 : -4.783755492419004
501 : 4.309441279619932
502 : 0.4743954665027559
503 : 1.897291227709502
504 : -1.060101954266429
505 : -2.0809865065384656
506 : -0.3795844460837543
507 : -1.4047143296338618
508 : -10.115238333819434
509 : 0.7741312487050891
510 : -1.6568238865584135
511 : -1.006706248037517
512 : -1.007634456269443
513 : -1.3967873770743608
514 : -1.5373270437121391
515 : -0.8692378774285316
516 : -1.0809058956801891
517 : -1.7082695895805955
518 : -0.9621732369996607
519 : -1.046970983967185
520 : -1.2460192646831274
521 : -1.6987868715077639
522 : -1.5365640604868531
523 : -14.660402697511017
524 : 0.07981938170269132
525 : 1.4903540224768221
526 : -1.6399035947397351
527 : -1.3683740831911564
528 : -1.0511057330295444
529 : -0.7477351548150182
530 : -1.19442672515288
531 : -1.176461516879499
532 : -1.7103937305510044
533 : 1.5580533831380308
534 : -1.8591714557260275
535 : -1.4524862356483936
536 : -0.8782989084720612
537 : -1.4247871404513717
538 : -1.4637751188129187
539 : -1.9961530673317611
540 : -1.0974053665995598
541 : -1.2778668501414359
542 : -2.0498490636236966
543 : -1.2737649623304605
544 : -0.9963798425160348
545 : -1.6912494525313377
546 : -0.9935284769162536
547 : -1.1884868405759335
548 : -1.679167396388948
549 : -1.2962828055024147
550 : -1.643495500087738
551 : -1.4769495939835906
552 : -2.0515213292092085
553 : -1.5776102282106876
554 : -0.8062567720189691
555 : -1.773241050541401
556 : -1.300468698842451
557 : -0.2791881775483489
558 : -1.0481335874646902
559 : 0.26023454777896404
560 : -1.3356343489140272
561 : -7.007492903620005
!!! updated
562 : -0.08137277088826522
563 : -1.9595202426426113
Setting up 2 worker threads for Enlighten.
  Thread -> id: 7fb7ade24700 -> priority: 1 
  Thread -> id: 7fb7ad623700 -> priority: 1 
Traceback (most recent call last):
  File "main.py", line 123, in <module>
    returns = [episode(env, agent, i) for i in range(training_episodes)]
  File "main.py", line 123, in <listcomp>
    returns = [episode(env, agent, i) for i in range(training_episodes)]
  File "main.py", line 30, in episode
    next_state, reward, done, _ = env.step(action.numpy()[0])
  File "/home/j/jensenj/.local/lib/python3.6/site-packages/gym_unity/envs/__init__.py", line 177, in step
    self._env.step()
  File "/home/j/jensenj/.local/lib/python3.6/site-packages/mlagents_envs/timers.py", line 305, in wrapped
    return func(*args, **kwargs)
  File "/home/j/jensenj/.local/lib/python3.6/site-packages/mlagents_envs/environment.py", line 319, in step
    self._update_state(rl_output)
  File "/home/j/jensenj/.local/lib/python3.6/site-packages/mlagents_envs/environment.py", line 275, in _update_state
    agent_info_list, self._env_specs[brain_name]
  File "/home/j/jensenj/.local/lib/python3.6/site-packages/mlagents_envs/timers.py", line 305, in wrapped
    return func(*args, **kwargs)
  File "/home/j/jensenj/.local/lib/python3.6/site-packages/mlagents_envs/rpc_utils.py", line 188, in steps_from_proto
    obs_index, obs_shape, decision_agent_info_list
  File "/home/j/jensenj/.local/lib/python3.6/site-packages/mlagents_envs/timers.py", line 305, in wrapped
    return func(*args, **kwargs)
  File "/home/j/jensenj/.local/lib/python3.6/site-packages/mlagents_envs/rpc_utils.py", line 152, in _process_vector_observation
    _raise_on_nan_and_inf(np_obs, "observations")
  File "/home/j/jensenj/.local/lib/python3.6/site-packages/mlagents_envs/rpc_utils.py", line 130, in _raise_on_nan_and_inf
    raise RuntimeError(f"The {source} provided had NaN values.")
RuntimeError: The observations provided had NaN values.
2020-06-25 12:50:11 INFO [environment.py:418] Environment shut down with return code 0.
