slurmstepd-felchbach: error: Unable to create TMPDIR [/tmp/user/30108]: Permission denied
slurmstepd-felchbach: error: Setting TMPDIR to /tmp
Found path: /home/j/jensenj/PycharmProjects/Federer-Jr./src/../crawler_single/linux/dynamic_server/crawler_dynamic.x86_64
Mono path[0] = '/home/j/jensenj/PycharmProjects/Federer-Jr./src/../crawler_single/linux/dynamic_server/crawler_dynamic_Data/Managed'
Mono config path = '/home/j/jensenj/PycharmProjects/Federer-Jr./src/../crawler_single/linux/dynamic_server/crawler_dynamic_Data/MonoBleedingEdge/etc'
Preloaded 'lib_burst_generated.so'
Preloaded 'libgrpc_csharp_ext.x64.so'
Initialize engine version: 2019.3.15f1 (59ff3e03856d)
[Subsystems] Discovering subsystems at path /home/j/jensenj/PycharmProjects/Federer-Jr./src/../crawler_single/linux/dynamic_server/crawler_dynamic_Data/UnitySubsystems
Forcing GfxDevice: Null
GfxDevice: creating device client; threaded=0
NullGfxDevice:
    Version:  NULL 1.0 [1.0]
    Renderer: Null Device
    Vendor:   Unity Technologies
Begin MonoManager ReloadAssembly
- Completed reload, in  0.117 seconds
WARNING: Shader Unsupported: 'Autodesk Interactive' - All passes removed
WARNING: Shader Did you use #pragma only_renderers and omit this platform?
UnloadTime: 0.433921 ms
Fallback handler could not load library /home/j/jensenj/PycharmProjects/Federer-Jr./src/../crawler_single/linux/dynamic_server/crawler_dynamic_Data/Mono/libcoreclr.so
Fallback handler could not load library /home/j/jensenj/PycharmProjects/Federer-Jr./src/../crawler_single/linux/dynamic_server/crawler_dynamic_Data/Mono/libcoreclr.so
Fallback handler could not load library /home/j/jensenj/PycharmProjects/Federer-Jr./src/../crawler_single/linux/dynamic_server/crawler_dynamic_Data/Mono/libcoreclr.so
Fallback handler could not load library /home/j/jensenj/PycharmProjects/Federer-Jr./src/../crawler_single/linux/dynamic_server/crawler_dynamic_Data/Mono/libSystem.dylib
Fallback handler could not load library /home/j/jensenj/PycharmProjects/Federer-Jr./src/../crawler_single/linux/dynamic_server/crawler_dynamic_Data/Mono/libSystem.dylib.so
Fallback handler could not load library /home/j/jensenj/PycharmProjects/Federer-Jr./src/../crawler_single/linux/dynamic_server/crawler_dynamic_Data/Mono/libSystem.dylib
Fallback handler could not load library /home/j/jensenj/PycharmProjects/Federer-Jr./src/../crawler_single/linux/dynamic_server/crawler_dynamic_Data/Mono/libcoreclr.so
Fallback handler could not load library /home/j/jensenj/PycharmProjects/Federer-Jr./src/../crawler_single/linux/dynamic_server/crawler_dynamic_Data/Mono/libcoreclr.so
Fallback handler could not load library /home/j/jensenj/PycharmProjects/Federer-Jr./src/../crawler_single/linux/dynamic_server/crawler_dynamic_Data/Mono/libcoreclr.so
Fallback handler could not load library /home/j/jensenj/PycharmProjects/Federer-Jr./src/../crawler_single/linux/dynamic_server/crawler_dynamic_Data/Mono/libSystem.dylib
Fallback handler could not load library /home/j/jensenj/PycharmProjects/Federer-Jr./src/../crawler_single/linux/dynamic_server/crawler_dynamic_Data/Mono/libSystem.dylib.so
Fallback handler could not load library /home/j/jensenj/PycharmProjects/Federer-Jr./src/../crawler_single/linux/dynamic_server/crawler_dynamic_Data/Mono/libSystem.dylib
/home/j/jensenj/.local/lib/python3.6/site-packages/tensorboard/compat/tensorflow_stub/dtypes.py:541: FutureWarning: Passing (type, 1) or '1type' as a synonym of type is deprecated; in a future version of numpy, it will be understood as (type, (1,)) / '(1,)type'.
  _np_qint8 = np.dtype([("qint8", np.int8, 1)])
/home/j/jensenj/.local/lib/python3.6/site-packages/tensorboard/compat/tensorflow_stub/dtypes.py:542: FutureWarning: Passing (type, 1) or '1type' as a synonym of type is deprecated; in a future version of numpy, it will be understood as (type, (1,)) / '(1,)type'.
  _np_quint8 = np.dtype([("quint8", np.uint8, 1)])
/home/j/jensenj/.local/lib/python3.6/site-packages/tensorboard/compat/tensorflow_stub/dtypes.py:543: FutureWarning: Passing (type, 1) or '1type' as a synonym of type is deprecated; in a future version of numpy, it will be understood as (type, (1,)) / '(1,)type'.
  _np_qint16 = np.dtype([("qint16", np.int16, 1)])
/home/j/jensenj/.local/lib/python3.6/site-packages/tensorboard/compat/tensorflow_stub/dtypes.py:544: FutureWarning: Passing (type, 1) or '1type' as a synonym of type is deprecated; in a future version of numpy, it will be understood as (type, (1,)) / '(1,)type'.
  _np_quint16 = np.dtype([("quint16", np.uint16, 1)])
/home/j/jensenj/.local/lib/python3.6/site-packages/tensorboard/compat/tensorflow_stub/dtypes.py:545: FutureWarning: Passing (type, 1) or '1type' as a synonym of type is deprecated; in a future version of numpy, it will be understood as (type, (1,)) / '(1,)type'.
  _np_qint32 = np.dtype([("qint32", np.int32, 1)])
/home/j/jensenj/.local/lib/python3.6/site-packages/tensorboard/compat/tensorflow_stub/dtypes.py:550: FutureWarning: Passing (type, 1) or '1type' as a synonym of type is deprecated; in a future version of numpy, it will be understood as (type, (1,)) / '(1,)type'.
  np_resource = np.dtype([("resource", np.ubyte, 1)])
2020-06-25 12:08:51 INFO [environment.py:108] Connected to Unity environment with package version 1.0.2 and communication version 1.0.0
2020-06-25 12:08:51 INFO [environment.py:265] Connected new brain:
CrawlerDynamic?team=0
2020-06-25 12:08:51 WARNING [__init__.py:92] The environment contains multiple observations. You must define allow_multiple_obs=True to receive them all. Otherwise, only the first visual observation (or vector observation ifthere are no visual observations) will be provided in the observation.
/home/j/jensenj/.local/lib/python3.6/site-packages/gym/logger.py:30: UserWarning: [33mWARN: Box bound precision lowered by casting to float32[0m
  warnings.warn(colorize('%s: %s'%('WARN', msg % args), 'yellow'))
/home/j/jensenj/.local/lib/python3.6/site-packages/numpy/core/_methods.py:160: RuntimeWarning: invalid value encountered in reduce
  ret = umr_sum(arr, axis, dtype, out, keepdims)
update_time_steps: 8192 , ppo_epochs: 1 , beta:  0.001 , gamma 0.9
0 : -2.3197233085520566
1 : -1.1187204867601395
2 : -0.5246018320322037
3 : -9.888207004405558
4 : -2.2499850443564355
5 : -1.586550198495388
6 : -1.3518323507159948
7 : -0.8852123003453016
8 : -1.323300731368363
9 : -1.9681895468384027
10 : -1.4578666798770428
11 : 0.9952775877900422
12 : -1.5284517253749073
13 : -1.3008337458595634
14 : -3.641700180247426
15 : -0.7597134849056602
16 : -1.416006266605109
17 : -1.0917653478682041
18 : -1.1051741354167461
19 : -1.8806047355756164
20 : -0.5097028454765677
21 : -0.9082860611379147
22 : -1.2564184945076704
23 : -1.5686208326369524
24 : -0.9169847662560642
25 : 3.461990589275956
26 : -5.957069996744394
27 : -1.0976108214817941
28 : -0.8596492512151599
29 : -1.634897492825985
30 : -1.2020575762726367
31 : -1.637458655750379
32 : -4.5055497833527625
33 : 1.6631828588433564
34 : -1.3033403238514438
35 : -1.407493183389306
36 : -1.859559290111065
37 : -0.9633469684049487
38 : 5.1687866151332855
39 : -0.8500528372824192
40 : 0.058042408898472786
41 : -2.8118523717857897
42 : 4.030025395564735
43 : -1.081424376461655
44 : -9.773673324845731
45 : -5.086070477031171
46 : -5.283848674036562
47 : -1.2123360447585583
48 : -1.2152033692691475
49 : -0.9264474604278803
50 : -1.8357296781614423
51 : -1.6199214016087353
52 : -0.4320301469415426
53 : -1.656484941020608
54 : -0.8804537118412554
55 : -1.2680827607400715
56 : -1.8519020737148821
57 : -1.0481281627435237
58 : -1.1110196420922875
59 : -1.1621192451566458
60 : -1.6837983764708042
61 : 3.5408133259043097
62 : -1.5373499831184745
63 : -0.9630013569258153
64 : -2.2764343842864037
65 : -2.5561472810804844
66 : -1.8222094383090734
67 : -1.315939792431891
68 : 6.1212108405306935
69 : -0.44968967884778976
70 : -1.4115878101438284
71 : 0.7808138420805335
72 : -1.7555309711024165
73 : -2.0736441891640425
74 : -2.6373756162356585
75 : -1.3340980913490057
76 : 0.5992882000282407
77 : -3.482858107658103
78 : -1.147812319919467
79 : -0.1091948775574565
80 : -2.2256740806624293
81 : -0.3587663024663925
82 : -4.66269647423178
83 : -1.9734683968126774
84 : -2.8175104917027056
85 : -1.2993568545207381
86 : -1.0867571495473385
87 : 1.087872717063874
88 : -1.334058104082942
89 : -1.7541770301759243
90 : -3.2772685699164867
91 : -1.3814633842557669
92 : 2.28627053136006
93 : -1.6899705529212952
94 : -1.290264630690217
95 : -1.1011446043848991
96 : -0.494383520912379
97 : -1.3479481630492955
98 : -2.925775907933712
99 : -1.6223711147904396
100 : -0.9049879824742675
101 : -1.389692752622068
102 : 4.101652232930064
103 : -1.2367658021394163
104 : -0.5867625656537712
105 : -2.760162342339754
106 : -1.67056321259588
107 : -2.298100442625582
108 : -1.2372309331549332
109 : -0.5903438306413591
110 : 0.29548652842640877
111 : -0.8854051548987627
112 : 1.683853743597865
113 : -3.2111384700983763
114 : -1.3432979537174106
115 : -1.0896107912994921
116 : -1.8179608043283224
117 : -1.3562932559289038
118 : -2.5279819839634
119 : -2.0054291300475597
120 : -1.523162349127233
121 : -1.5146045573055744
122 : -0.9118401510640979
123 : -1.0150759480893612
124 : -1.061820681206882
125 : 0.6522352225147188
126 : 1.865195452235639
127 : -4.343850038945675
128 : -1.964054124429822
129 : -1.6882392107509077
130 : -1.6693455204367638
131 : -1.658477934077382
132 : -1.9874455481767654
133 : -6.772175625897944
134 : -2.504433912690729
135 : -2.069838784635067
136 : -1.3369128266349435
137 : -1.6630885303020477
138 : -1.459208108484745
139 : -1.0378279630094767
140 : 0.31140182353556156
141 : -1.1935730397235602
142 : -1.9717643549665809
143 : -1.0794991701841354
144 : 0.6551504470407963
145 : 1.108626284636557
146 : -2.2369352728128433
147 : -1.327461893670261
148 : -0.7978932075202465
149 : -0.7945742616429925
150 : -1.0663198819383979
151 : -0.7938170172274113
152 : -1.5789036233909428
153 : -10.434176170267165
154 : -2.1405403576791286
155 : 2.9579034538473934
156 : -1.2857944704592228
157 : -1.3868301697075367
158 : 1.9811860490590334
159 : -1.6933113122358918
160 : 1.7138184057548642
161 : -1.5606263726949692
162 : -1.6324907473754138
163 : -1.6777218785136938
164 : -1.8754313690587878
165 : -1.546957603743067
166 : 3.7585232914425433
167 : -10.2930986774154
168 : -2.3049857392907143
169 : 1.198646402452141
170 : 0.2593581695109606
171 : -2.089665027335286
172 : -1.5746412347070873
173 : -0.5264349009376019
174 : -1.2288244967348874
175 : -1.421561467461288
176 : -2.135109994094819
177 : -1.6241496950387955
178 : -0.9577341643162072
179 : -0.7489470969885588
180 : 2.0618462888523936
181 : 2.2882694210857153
182 : -1.5308397971093655
183 : -1.0015412028878927
184 : -0.6334031557198614
185 : -1.015747377416119
186 : -1.2262732828967273
187 : -2.001968666911125
188 : -1.3547897301614285
189 : -7.437338141724467
190 : -1.8359474819153547
191 : -1.9580692499876022
192 : -1.3802384743466973
193 : -1.1104911188594997
194 : -1.973070127889514
195 : -0.8844956862740219
196 : -1.8888241052627563
197 : -2.4812695998698473
198 : 1.2410963247530162
199 : -1.1708517912775278
200 : -0.96474530082196
201 : -1.284800365101546
202 : -3.809395325370133
203 : -0.892370923422277
204 : -1.0333036128431559
205 : -1.6516351108439267
206 : -0.9037745269015431
207 : -1.0731668143998832
208 : -1.8590244418010116
209 : -18.165298144333065
210 : -1.862429944332689
211 : -0.9841973073780537
212 : -0.9663960323669016
213 : -1.067439384991303
214 : -0.9918659524992108
215 : -0.07824952527880669
216 : -1.5046289588790387
217 : -11.790058996994048
218 : 0.34296404756605625
219 : -0.9641956780105829
220 : -1.4072962682694197
221 : -0.7180924210697412
222 : -2.940889846999198
223 : -1.9904367476701736
224 : -1.4234925359487534
225 : -1.0483644902706146
226 : -1.7337782775284722
227 : -0.8924180148169398
228 : -1.5210224445909262
229 : -1.2543253772892058
230 : -1.4109128369018435
231 : -1.5964039363898337
232 : -0.6894717514514923
233 : -0.8764678160659969
234 : -0.868948083370924
235 : -1.0132668372243643
236 : -0.2859720732085407
237 : 2.0652261674404144
238 : -1.5180077515542507
239 : -1.4949423596262932
240 : 0.8627924751490355
241 : -6.861376792192459
242 : -1.642859049141407
243 : -0.9204736761748791
244 : -0.9776893225498497
245 : -1.4650412693154067
246 : -1.9984192606061697
247 : -1.3866617027670145
248 : 0.08476721961051226
249 : 2.160087005002424
250 : -1.3795862896367908
251 : 3.2349488362669945
252 : -1.8425039327703416
253 : -0.9751559523865581
254 : -0.5704085677862167
255 : -0.7681595413014293
256 : -1.2564019435085356
257 : -1.318084659986198
258 : -1.2203377820551395
259 : -1.2757140351459384
260 : -1.1275809248909354
261 : -1.0953741632401943
262 : 0.3327739965170622
263 : -0.2833513943478465
264 : -1.2411312088370323
265 : 3.909018451347947
266 : -1.8024809956550598
267 : -2.866624222137034
268 : -1.144795152824372
269 : -5.202857202384621
270 : -5.9537827260792255
271 : -1.4968648422509432
272 : -1.3222193382680416
273 : -2.108494487591088
274 : -0.653590158559382
275 : -1.6180565301328897
276 : -0.7012909734621644
277 : 5.038477348163724
278 : -0.9052384365350008
279 : -0.8378793452866375
280 : -1.3501381599344313
281 : -0.8021884490735829
282 : -7.630181709770113
283 : -1.198964538052678
284 : -1.100810238160193
285 : -3.9872098453342915
286 : -1.4344414062798023
287 : -3.8528744825161994
288 : 0.3138226321898401
289 : 2.5599417593330145
290 : -1.335144835524261
291 : -2.7620309963822365
292 : 3.5731908972375095
293 : -1.7749506887048483
294 : -1.0309304110705853
295 : -1.7600364163517952
296 : -0.6015332625247538
297 : -1.2190624978393316
298 : -1.6000830261036754
299 : -2.006662916392088
300 : -0.3130153778474778
301 : -1.8921417398378253
302 : -2.8724884875118732
303 : -1.4448097860440612
304 : -0.9575989136938006
305 : -1.9612181447446346
306 : 4.409042067825794
307 : -6.741777549032122
308 : -0.9341868758201599
309 : 0.4641706272959709
310 : -7.513112781569362
311 : -3.355562202632427
312 : -0.973056570161134
313 : -0.7112273396924138
314 : -0.8277184534817934
315 : -1.3426199704408646
316 : 1.4153423169627786
317 : -1.3302270371932536
318 : -1.4222001992166042
319 : -1.292499796487391
320 : -1.121524840593338
321 : -0.6379459397867322
322 : -10.15201354213059
323 : -3.375551747623831
324 : -2.9338867217302322
325 : -0.9271017424762249
326 : -1.2630951087921858
327 : 2.0027262000367045
328 : -0.9363152300938964
329 : -4.5633933413773775
330 : 3.3196840435266495
331 : -2.208902148529887
332 : -0.8317721718922257
333 : -0.457294431515038
334 : -1.8865375372115523
335 : -1.8187421606853604
336 : -1.293379930430092
337 : -4.9250916400924325
338 : -3.6767229835968465
339 : -1.4437265051528811
340 : -1.926344357430935
341 : -1.5442797015421093
342 : 2.0210171514190733
343 : -0.49170213658362627
344 : -0.8399310726672411
345 : -5.851881221169606
346 : -1.8262699954211712
347 : -1.164540647994727
348 : 1.274952526204288
349 : -7.507872211514041
350 : -4.269639247329906
351 : -2.0480237677693367
352 : -3.458614721894264
353 : -1.54679761454463
354 : -2.174992460757494
355 : -1.3463018890470266
356 : -1.5413832366466522
357 : -1.182915533427149
358 : -1.0015480797737837
359 : -1.7150360010564327
360 : 0.8834186648018658
361 : -2.517594932578504
362 : -0.8658642489463091
363 : -1.4785031909123063
364 : -2.25150202261284
365 : -1.2892411982174963
366 : 4.204885416664183
367 : 0.482212636154145
368 : -1.3767045382410288
369 : -3.469067394733429
370 : -1.824720666743815
371 : 0.20062615268398076
372 : -0.14520347118377686
373 : -1.553612126968801
374 : -6.075569505803287
375 : -1.7098630294203758
376 : -0.12546059116721153
377 : -1.515652154572308
378 : -0.201666337903589
379 : -1.4171588027384132
380 : -1.092938774265349
381 : -2.678977164439857
382 : -3.2344493390992284
383 : -1.251852119807154
384 : -1.9087485000491142
385 : -1.6842212155461311
386 : 4.3193478235043585
387 : -1.726120986044407
388 : -1.163667698041536
389 : -0.6507681990042329
390 : -1.048208953347057
391 : -3.279255699366331
392 : 5.7107219230383635
393 : 0.17216144129633904
394 : -1.8500727638602257
395 : -1.1561601040884852
396 : 0.3175616320222616
397 : -5.782465088646859
398 : 1.592827276326716
399 : -1.0251155467703938
400 : -2.330553062260151
401 : -1.6866280706599355
402 : -1.2667944128625095
403 : -1.1391564514487982
404 : -1.019106482155621
405 : -1.472556421533227
406 : -1.3122795633971691
407 : -2.622632931917906
408 : -0.8964702179655433
409 : -0.6219213628210127
410 : -1.6090705590322614
411 : -1.6876690052449703
412 : -1.6021156115457416
413 : -1.026988667435944
414 : -0.5281299855560064
415 : -2.2251614204142243
416 : -0.7597159948199987
417 : -1.2444463316351175
418 : -0.8981412015855312
419 : -1.341004129499197
420 : -1.744484723545611
421 : -1.3115886598825455
422 : -7.805534947663546
423 : -1.138427197933197
424 : -0.905325913336128
425 : -2.231106093735434
426 : -1.7482682019472122
427 : -1.234595300629735
428 : -5.343056769110262
429 : -2.3987022603396326
430 : -1.995767017127946
!!! updated
431 : -1.6804583873599768
432 : -1.2904323115944862
433 : -1.339503314346075
434 : -1.3748508617281914
435 : -1.3620123788714409
436 : -1.0978264128789306
437 : -1.2998421043157578
438 : -1.1447286056354642
439 : -1.5557315424084663
Setting up 2 worker threads for Enlighten.
  Thread -> id: 7fe83dd96700 -> priority: 1 
  Thread -> id: 7fe83d595700 -> priority: 1 
Traceback (most recent call last):
  File "main.py", line 123, in <module>
    returns = [episode(env, agent, i) for i in range(training_episodes)]
  File "main.py", line 123, in <listcomp>
    returns = [episode(env, agent, i) for i in range(training_episodes)]
  File "main.py", line 30, in episode
    next_state, reward, done, _ = env.step(action.numpy()[0])
  File "/home/j/jensenj/.local/lib/python3.6/site-packages/gym_unity/envs/__init__.py", line 177, in step
    self._env.step()
  File "/home/j/jensenj/.local/lib/python3.6/site-packages/mlagents_envs/timers.py", line 305, in wrapped
    return func(*args, **kwargs)
  File "/home/j/jensenj/.local/lib/python3.6/site-packages/mlagents_envs/environment.py", line 319, in step
    self._update_state(rl_output)
  File "/home/j/jensenj/.local/lib/python3.6/site-packages/mlagents_envs/environment.py", line 275, in _update_state
    agent_info_list, self._env_specs[brain_name]
  File "/home/j/jensenj/.local/lib/python3.6/site-packages/mlagents_envs/timers.py", line 305, in wrapped
    return func(*args, **kwargs)
  File "/home/j/jensenj/.local/lib/python3.6/site-packages/mlagents_envs/rpc_utils.py", line 188, in steps_from_proto
    obs_index, obs_shape, decision_agent_info_list
  File "/home/j/jensenj/.local/lib/python3.6/site-packages/mlagents_envs/timers.py", line 305, in wrapped
    return func(*args, **kwargs)
  File "/home/j/jensenj/.local/lib/python3.6/site-packages/mlagents_envs/rpc_utils.py", line 152, in _process_vector_observation
    _raise_on_nan_and_inf(np_obs, "observations")
  File "/home/j/jensenj/.local/lib/python3.6/site-packages/mlagents_envs/rpc_utils.py", line 130, in _raise_on_nan_and_inf
    raise RuntimeError(f"The {source} provided had NaN values.")
RuntimeError: The observations provided had NaN values.
2020-06-25 12:18:06 INFO [environment.py:418] Environment shut down with return code 0.
