slurmstepd-feueropal: error: Unable to create TMPDIR [/tmp/user/30108]: Permission denied
slurmstepd-feueropal: error: Setting TMPDIR to /tmp
Found path: /home/j/jensenj/PycharmProjects/Federer-Jr./src/../crawler_single/linux/dynamic_server/crawler_dynamic.x86_64
Mono path[0] = '/home/j/jensenj/PycharmProjects/Federer-Jr./src/../crawler_single/linux/dynamic_server/crawler_dynamic_Data/Managed'
Mono config path = '/home/j/jensenj/PycharmProjects/Federer-Jr./src/../crawler_single/linux/dynamic_server/crawler_dynamic_Data/MonoBleedingEdge/etc'
Preloaded 'lib_burst_generated.so'
Preloaded 'libgrpc_csharp_ext.x64.so'
Initialize engine version: 2019.3.15f1 (59ff3e03856d)
[Subsystems] Discovering subsystems at path /home/j/jensenj/PycharmProjects/Federer-Jr./src/../crawler_single/linux/dynamic_server/crawler_dynamic_Data/UnitySubsystems
Forcing GfxDevice: Null
GfxDevice: creating device client; threaded=0
NullGfxDevice:
    Version:  NULL 1.0 [1.0]
    Renderer: Null Device
    Vendor:   Unity Technologies
Begin MonoManager ReloadAssembly
- Completed reload, in  0.093 seconds
WARNING: Shader Unsupported: 'Autodesk Interactive' - All passes removed
WARNING: Shader Did you use #pragma only_renderers and omit this platform?
UnloadTime: 0.384072 ms
Fallback handler could not load library /home/j/jensenj/PycharmProjects/Federer-Jr./src/../crawler_single/linux/dynamic_server/crawler_dynamic_Data/Mono/libcoreclr.so
Fallback handler could not load library /home/j/jensenj/PycharmProjects/Federer-Jr./src/../crawler_single/linux/dynamic_server/crawler_dynamic_Data/Mono/libcoreclr.so
Fallback handler could not load library /home/j/jensenj/PycharmProjects/Federer-Jr./src/../crawler_single/linux/dynamic_server/crawler_dynamic_Data/Mono/libcoreclr.so
Fallback handler could not load library /home/j/jensenj/PycharmProjects/Federer-Jr./src/../crawler_single/linux/dynamic_server/crawler_dynamic_Data/Mono/libSystem.dylib
Fallback handler could not load library /home/j/jensenj/PycharmProjects/Federer-Jr./src/../crawler_single/linux/dynamic_server/crawler_dynamic_Data/Mono/libSystem.dylib.so
Fallback handler could not load library /home/j/jensenj/PycharmProjects/Federer-Jr./src/../crawler_single/linux/dynamic_server/crawler_dynamic_Data/Mono/libSystem.dylib
Fallback handler could not load library /home/j/jensenj/PycharmProjects/Federer-Jr./src/../crawler_single/linux/dynamic_server/crawler_dynamic_Data/Mono/libcoreclr.so
Fallback handler could not load library /home/j/jensenj/PycharmProjects/Federer-Jr./src/../crawler_single/linux/dynamic_server/crawler_dynamic_Data/Mono/libcoreclr.so
Fallback handler could not load library /home/j/jensenj/PycharmProjects/Federer-Jr./src/../crawler_single/linux/dynamic_server/crawler_dynamic_Data/Mono/libcoreclr.so
Fallback handler could not load library /home/j/jensenj/PycharmProjects/Federer-Jr./src/../crawler_single/linux/dynamic_server/crawler_dynamic_Data/Mono/libSystem.dylib
Fallback handler could not load library /home/j/jensenj/PycharmProjects/Federer-Jr./src/../crawler_single/linux/dynamic_server/crawler_dynamic_Data/Mono/libSystem.dylib.so
Fallback handler could not load library /home/j/jensenj/PycharmProjects/Federer-Jr./src/../crawler_single/linux/dynamic_server/crawler_dynamic_Data/Mono/libSystem.dylib
/home/j/jensenj/.local/lib/python3.6/site-packages/tensorboard/compat/tensorflow_stub/dtypes.py:541: FutureWarning: Passing (type, 1) or '1type' as a synonym of type is deprecated; in a future version of numpy, it will be understood as (type, (1,)) / '(1,)type'.
  _np_qint8 = np.dtype([("qint8", np.int8, 1)])
/home/j/jensenj/.local/lib/python3.6/site-packages/tensorboard/compat/tensorflow_stub/dtypes.py:542: FutureWarning: Passing (type, 1) or '1type' as a synonym of type is deprecated; in a future version of numpy, it will be understood as (type, (1,)) / '(1,)type'.
  _np_quint8 = np.dtype([("quint8", np.uint8, 1)])
/home/j/jensenj/.local/lib/python3.6/site-packages/tensorboard/compat/tensorflow_stub/dtypes.py:543: FutureWarning: Passing (type, 1) or '1type' as a synonym of type is deprecated; in a future version of numpy, it will be understood as (type, (1,)) / '(1,)type'.
  _np_qint16 = np.dtype([("qint16", np.int16, 1)])
/home/j/jensenj/.local/lib/python3.6/site-packages/tensorboard/compat/tensorflow_stub/dtypes.py:544: FutureWarning: Passing (type, 1) or '1type' as a synonym of type is deprecated; in a future version of numpy, it will be understood as (type, (1,)) / '(1,)type'.
  _np_quint16 = np.dtype([("quint16", np.uint16, 1)])
/home/j/jensenj/.local/lib/python3.6/site-packages/tensorboard/compat/tensorflow_stub/dtypes.py:545: FutureWarning: Passing (type, 1) or '1type' as a synonym of type is deprecated; in a future version of numpy, it will be understood as (type, (1,)) / '(1,)type'.
  _np_qint32 = np.dtype([("qint32", np.int32, 1)])
/home/j/jensenj/.local/lib/python3.6/site-packages/tensorboard/compat/tensorflow_stub/dtypes.py:550: FutureWarning: Passing (type, 1) or '1type' as a synonym of type is deprecated; in a future version of numpy, it will be understood as (type, (1,)) / '(1,)type'.
  np_resource = np.dtype([("resource", np.ubyte, 1)])
2020-06-25 12:03:21 INFO [environment.py:108] Connected to Unity environment with package version 1.0.2 and communication version 1.0.0
2020-06-25 12:03:21 INFO [environment.py:265] Connected new brain:
CrawlerDynamic?team=0
2020-06-25 12:03:21 WARNING [__init__.py:92] The environment contains multiple observations. You must define allow_multiple_obs=True to receive them all. Otherwise, only the first visual observation (or vector observation ifthere are no visual observations) will be provided in the observation.
/home/j/jensenj/.local/lib/python3.6/site-packages/gym/logger.py:30: UserWarning: [33mWARN: Box bound precision lowered by casting to float32[0m
  warnings.warn(colorize('%s: %s'%('WARN', msg % args), 'yellow'))
update_time_steps: 4096 , ppo_epochs: 4 , beta:  0.01 , gamma 0.9
0 : -5.4163693049922585
1 : -1.3228750587441027
2 : -0.6624597609043121
3 : -0.9164232197217643
4 : 0.9624878568574786
5 : -0.5773804970085621
6 : -1.4303699070587754
7 : 0.5764122856780887
8 : -1.1890359669923782
9 : -0.4798855483531952
10 : -3.100772690377198
11 : -1.1701199361123145
12 : -1.2912748409435153
13 : -1.2051076218485832
14 : -4.575007715728134
15 : 1.6754733968991786
16 : -2.000450059771538
17 : -0.6290433071553707
18 : -2.995075634913519
19 : -3.5071233892813325
20 : -1.1195309842005372
21 : -1.1132054114714265
22 : -1.2692146330373362
23 : -1.5752016152255237
24 : -2.722578665241599
25 : -1.807481765281409
26 : -1.4763900013640523
27 : 3.075961752794683
28 : -1.5593370497226715
29 : -1.5433887615799904
30 : -1.539080606540665
31 : -2.124420639127493
32 : -1.651882958598435
33 : -1.395437903702259
34 : 5.0270120380446315
35 : -1.422933679074049
36 : -1.2510492294095457
37 : -1.448580409400165
38 : -1.3989261593669653
39 : 3.1676082583144307
40 : 2.4281930197030306
41 : -1.1346036810427904
42 : -3.1572353718802333
43 : -1.136505230795592
44 : -1.7233395394869149
45 : -1.0044373543933034
46 : -1.0029557468369603
47 : -1.84193673171103
48 : -1.1000765836797655
49 : 1.1012216159142554
50 : -10.201567727141082
51 : -1.9645708338357508
52 : -2.5751902745105326
53 : -1.699648394715041
54 : 3.1862434851936996
55 : -2.316377583425492
56 : 2.7991085164248943
57 : 1.1927559081232175
58 : -3.5410151104442775
59 : -0.6211307561025023
60 : -6.577380092814565
61 : -1.5603792071342468
62 : -0.24013332463800907
63 : -1.8505315333604813
64 : -2.5949025582522154
65 : -0.9619837515056133
66 : -5.730700976215303
67 : 0.7872293796390295
68 : 5.550297769252211
69 : 3.546092001721263
70 : -0.274396033026278
71 : -0.3284264774993062
72 : -1.7120048571377993
73 : -1.3323529115878046
74 : -1.4991943463683128
75 : -0.8453536797314882
76 : -0.39708619588054717
77 : -9.639098526909947
78 : -0.9350021490827203
79 : -2.1469468949362636
80 : -2.385709185153246
81 : -3.6454411782324314
82 : -1.804847990628332
83 : 5.879494002554566
84 : -0.9186781789176166
85 : 7.286971848458052
86 : -1.486786671448499
87 : -1.1266025695949793
88 : -1.0009557693265378
89 : -1.6289858166128397
90 : 0.29129640851169825
91 : -1.3575455449754372
92 : -1.6593946907669306
93 : 0.1835968578234315
94 : -1.2030138969421387
95 : -0.9927049870602787
96 : -0.95084591768682
97 : -15.93131280085072
98 : -5.00970177911222
99 : -1.5330473873764277
100 : -1.103778736665845
101 : -1.8054750026203692
102 : -1.189216406084597
103 : -1.70233602123335
104 : -1.266087532043457
105 : -0.8757774466648698
106 : -1.3499565720558167
107 : -3.7212104219943285
108 : -1.9844066849909723
109 : -0.5438395738601685
110 : -1.3818938955664635
111 : 0.010446366854012012
112 : -1.9321924978867173
113 : -1.3093200977891684
114 : -0.7889564801007509
115 : -4.273140181903727
116 : -3.2956157973967493
117 : -1.6973197311162949
118 : -1.3692493177950382
119 : -1.4217524826526642
120 : -0.9735153038054705
121 : 0.35792600736021996
122 : -1.6456470750272274
123 : -0.5050301570445299
124 : -2.2951325587928295
125 : -1.4693423570133746
126 : -5.32863433053717
127 : -0.5677809058688581
128 : -2.1564110964536667
129 : -0.9226393536664546
130 : -4.272562183439732
131 : -1.9615772888064384
132 : -2.4259069385007024
133 : -1.4062250824645162
134 : -0.4081604592502117
135 : 4.944041202077642
136 : -1.8781459657475352
137 : -14.587906701490283
138 : -1.6197982281446457
139 : -0.8435062542557716
140 : -2.128234563395381
141 : 0.7872167779132724
142 : -1.7664644792675972
143 : -0.8256209548562765
144 : -1.6612676680088043
145 : -1.1683132946491241
146 : -0.31261077523231506
147 : 1.292806084267795
148 : -2.72011861205101
149 : -0.7314469683915377
150 : -1.694801232777536
151 : -0.6321620168164372
152 : -1.6488568625645712
153 : -1.4967096988111734
154 : -4.55061902385205
155 : -1.495028045028448
156 : -0.8861295613460243
157 : -1.0292796189896762
158 : -1.477954801172018
159 : -3.3367235837504268
160 : -1.0659728951286525
161 : -0.6379187600687146
162 : -3.0034157941117883
163 : 0.17812520638108253
164 : -1.4845040384680033
165 : -1.3855403764173388
166 : -1.063988690264523
167 : 0.598992413841188
168 : -1.8915328178554773
169 : -1.2805163152515888
170 : -1.106184266274795
171 : 7.493384858593345
172 : -2.2833268370013684
173 : -1.47113155759871
174 : -5.521976090967655
175 : -1.2694925391115248
176 : -3.6436752676963806
177 : -0.07707952661439776
178 : -1.4170409804210067
179 : -0.782044573687017
180 : -0.9438536576926708
181 : -4.405103674624115
182 : -2.5069468021392822
183 : -1.4443022105842829
184 : -1.353039275854826
185 : -1.1290920586325228
186 : -0.9146472599823028
187 : 2.4628203860484064
188 : -2.481327772140503
189 : -1.204726085998118
190 : 2.7186853825114667
191 : -1.9300849763676524
192 : -1.3262240011245012
193 : -1.363059513270855
194 : 0.20264916867017746
195 : -2.0416688583791256
!!! updated
196 : 0.05800327565521002
197 : -1.3409035467193462
198 : 0.18566943425685167
199 : -0.6455062753520906
200 : -2.0927084712311625
201 : -0.6962525742128491
202 : -0.30399038130417466
203 : -0.8693237761035562
204 : -1.7852312079630792
205 : -1.6421285551041365
206 : 0.1793835456483066
207 : -1.1938702058978379
208 : 0.22770979907363653
209 : -1.8752759918570518
210 : -0.6047463957220316
211 : -1.5285909436643124
212 : -0.36165936244651675
213 : -0.8048475086688995
214 : -2.0264264922589064
215 : -1.7793749533593655
216 : 0.214216195512563
217 : -1.146421696525067
218 : -0.05389593821018934
219 : -0.8957778578624129
220 : -0.5978714786469936
221 : -1.174340097233653
222 : -0.5414660219103098
223 : -0.8513506078161299
224 : -1.4140126123093069
225 : -1.6862671114504337
226 : 0.28252133587375283
227 : -1.1370208356529474
228 : -0.9365148027427495
229 : -1.7311478927731514
230 : -1.9466005694121122
231 : -1.0177747425623238
232 : 0.04926597233861685
233 : -0.8593499576672912
234 : 0.03710910305380821
235 : -1.6249437853693962
236 : -2.3268241668120027
237 : -0.6060230834409595
238 : -2.0530507487710565
239 : -1.9646566361188889
240 : -2.330932356417179
241 : -0.8024887931533158
242 : 0.11842325469478965
243 : -1.2177489455789328
244 : 0.08670588117092848
245 : -1.5354137737303972
246 : 0.2151052774861455
247 : -0.7982090348377824
248 : 0.03942312579602003
249 : -0.8813517256639898
250 : -0.4316081656143069
251 : -1.7579236403107643
252 : 0.24073557229712605
253 : -0.9862975790165365
254 : -0.07681759772822261
255 : -1.4021086879074574
256 : -1.380890485830605
257 : -1.6448546387255192
258 : -0.8920346214435995
259 : -1.547336781397462
260 : 0.2612672280520201
261 : -1.5331914573907852
262 : -0.6077081616967916
263 : -0.6727408515289426
264 : 0.2979815104044974
265 : -1.7031739726662636
266 : -2.378664057701826
267 : -1.033836854621768
268 : 0.06249645724892616
269 : -0.9543795650824904
270 : 0.1524785803630948
271 : -1.6088963449001312
272 : -0.7424494754523039
273 : -1.7030062675476074
274 : -1.8227524207904935
275 : -1.3115993682295084
276 : -0.20975213684141636
277 : -1.4168724529445171
278 : 0.28573996340855956
279 : -0.6868704333901405
280 : 0.27214629342779517
281 : -1.8384582474827766
282 : -2.433865699917078
283 : -1.6254808157682419
284 : -0.4830557513050735
285 : -1.7324116192758083
286 : -2.52117183431983
287 : -1.1740792402997613
288 : -0.07893316121771932
289 : -1.2470628609880805
290 : -1.5520973848178983
291 : -0.7034376654773951
292 : -1.8558869902044535
293 : -1.9384734332561493
294 : -2.6039971858263016
295 : -1.310298333875835
296 : -1.506822728086263
297 : -0.9531458807177842
298 : -0.7557261427864432
299 : -1.6736455038189888
300 : -0.84011503867805
301 : -0.6184857087209821
302 : -1.1560232578776777
303 : -0.8410999276675284
304 : -2.5535668339580297
305 : -1.1517973728477955
306 : 0.06404837127774954
307 : -0.6743398569524288
308 : -2.1810140628367662
309 : -1.597195740789175
310 : -1.9716574847698212
311 : -2.260487660765648
312 : -1.3124006669968367
313 : -1.708121381700039
314 : 0.1408451832830906
315 : -1.207914770115167
316 : -2.6719592958688736
317 : -1.8007437586784363
318 : -2.6865254342556
319 : -1.4726309028919786
320 : -2.4651136361062527
321 : -1.688455007970333
322 : -1.2696783728897572
323 : -1.4798471946269274
324 : -0.0383238410577178
325 : -1.451628069858998
326 : -0.02414377313107252
327 : -2.134098395705223
328 : -1.394230144098401
329 : -0.8146430812776089
330 : -1.2748176218010485
331 : -0.7177113615907729
332 : -0.561665603891015
333 : -0.9526535626500845
334 : -0.24313847813755274
335 : -1.613508963957429
336 : 0.028244545217603445
337 : -0.7745315078645945
338 : -0.019532232079654932
339 : -0.6857541352510452
340 : -1.9224808141589165
341 : -1.0022976542823017
342 : -1.8794574588537216
343 : -0.6491055455990136
344 : -1.0009901449084282
345 : -0.7458920357748866
346 : -0.5942150875926018
347 : -1.9696707054972649
348 : -1.9899699361994863
349 : -1.099664879962802
350 : -0.5740952380001545
351 : -1.3415502719581127
352 : -1.7495707757771015
353 : -1.1174072083085775
354 : -1.2397286598570645
355 : -1.452082407195121
356 : -0.10253853269387037
357 : -1.7327600307762623
358 : -0.2489870097488165
359 : -1.0142148593440652
360 : -2.5775653161108494
361 : -0.8856136314570904
362 : 0.2602188466116786
363 : -0.7403600662946701
364 : 0.054606957361102104
365 : -1.0031899246387184
366 : 0.13887391798198223
367 : -1.296954806894064
368 : -0.6679117772728205
369 : -1.149623635224998
370 : -0.9386161537840962
371 : -0.6044779913499951
372 : 0.13123484142124653
373 : -0.62008120957762
374 : 0.19712769892066717
375 : -1.6364256413653493
376 : -2.3077155305072665
377 : -1.6538999304175377
378 : -2.343414481729269
379 : -0.9938348457217216
380 : -0.9003599435091019
381 : -0.7903250292874873
382 : -0.19575948233250529
383 : -1.7462573796510696
384 : -0.34671325515955687
385 : -1.047450104728341
386 : -0.7006825711578131
387 : -0.93651919439435
388 : -1.0295618623495102
389 : -1.630093827843666
390 : -1.5489757601171732
391 : -0.9355687843635678
392 : -1.9819111283868551
393 : -1.4159566736780107
394 : -2.277739118784666
395 : -0.837254018522799
396 : -0.19138582260347903
397 : -1.8759407326579094
398 : 0.22620135731995106
399 : -1.7955675274133682
400 : -1.6511909551918507
401 : -1.7342626862227917
402 : -0.10933199641294777
403 : -1.7400604225695133
404 : -0.32550507597625256
405 : -0.9243094716221094
406 : -2.325008749961853
407 : -1.2083172197453678
408 : -1.2838253136724234
409 : -1.7244837209582329
410 : 0.03086268063634634
411 : -2.2220210134983063
412 : 0.16857614542823285
413 : -0.7640876923687756
414 : -1.8284555524587631
415 : -1.1747439038008451
416 : -1.973108746111393
417 : -0.9168779668398201
418 : -0.3481527604162693
419 : -1.815999686717987
420 : -0.25708295591175556
421 : -0.9528772281482816
422 : 0.20167472958564758
423 : -1.8288583308458328
424 : -2.4510933607816696
425 : -1.7984462603926659
426 : -0.19318293780088425
427 : -0.7776757599785924
428 : -0.19807951198890805
429 : -1.5497988276183605
430 : -2.3058500988408923
431 : -1.3138620466925204
432 : -2.4862195551395416
433 : -1.7343092411756516
434 : 0.15329012740403414
435 : -1.0296597802080214
436 : -0.029952021781355143
437 : -1.8220276087522507
438 : 0.2738213920965791
439 : -1.60614358400926
440 : 0.18989141029305756
441 : -1.4184868256561458
442 : -0.582551340572536
443 : -1.1918482617475092
444 : 0.20888881478458643
445 : -0.6021154560148716
446 : -2.3857931345701218
447 : -1.4359989750664681
448 : -0.2106444938108325
449 : -1.6774714142084122
450 : -0.7262448072433472
451 : -0.8497469294816256
452 : -1.5250001857057214
453 : -0.9313768851570785
454 : -0.6306975055485964
455 : -1.0294362916611135
456 : -2.3126211389899254
457 : -1.1789929983206093
458 : -2.450799446552992
459 : -1.1385047796647996
460 : 0.047835821751505136
461 : -0.8483997359871864
462 : -2.4115934036672115
463 : -1.5220390409231186
464 : 0.20414302172139287
465 : -2.290179006755352
466 : -0.3595726191997528
467 : -1.3047817032784224
468 : -1.2127725798636675
469 : -0.9294148506596684
470 : -1.8782864473760128
471 : -2.325324016623199
472 : -1.8970904648303986
473 : 0.2743474645540118
474 : -1.7116564884781837
475 : 0.19886909145861864
476 : -1.3893119003623724
477 : 0.09815446007996798
478 : -1.8692082837224007
479 : -0.4368122983723879
480 : -1.7477528303861618
481 : 0.2170724719762802
482 : -1.6997108310461044
483 : -3.0483166351914406
484 : -1.6596162617206573
485 : -1.4887912194244564
486 : -1.8094735965132713
487 : 0.22250984702259302
488 : -2.1051286458969116
489 : 0.12120150029659271
490 : -1.3453068668022752
491 : -2.11150804720819
492 : -1.9483318254351616
493 : 0.2620353689417243
494 : -1.1426894580945373
495 : -2.1699897684156895
496 : -1.7910265624523163
497 : 0.2281153630465269
498 : -1.5183678567409515
499 : -2.5604774989187717
500 : -1.2993609006516635
501 : -0.200743003282696
502 : -1.2181059075519443
503 : -2.587365034967661
504 : -0.9897218481637537
505 : -2.4085371010005474
506 : -2.2906227707862854
507 : -2.556285686790943
508 : -1.1895903358235955
509 : 0.08381990250200033
510 : -1.3222886486910284
511 : -0.1480957753956318
512 : -1.3379887230694294
513 : -0.031018519308418036
514 : -0.7276667109690607
515 : 0.015960498247295618
516 : -1.674771498888731
517 : -0.045080593787133694
518 : -1.7448156401515007
519 : -2.8306690454483032
520 : -0.7663371376693249
521 : 0.16443567350506783
522 : -1.2399553246796131
!!! updated
523 : 0.03861291753128171
524 : -2.133621672168374
525 : -1.161825398914516
526 : -1.3442935687489808
527 : -1.063896878156811
528 : -1.141592406667769
529 : -1.10543052572757
530 : -1.3256003428250551
531 : -1.5079425647854805
532 : -1.4647826105356216
533 : -0.9897265210747719
534 : -0.8585337121039629
535 : -0.7163242194801569
536 : -1.414470847696066
537 : -0.9332450763322413
538 : -1.395566888153553
539 : -1.374308705329895
540 : -1.5349227599799633
541 : -0.9844002755708061
542 : -1.5578417964279652
543 : -1.175786105915904
544 : -1.2208852102048695
545 : -1.2125992896035314
546 : -1.8848329856991768
547 : -1.4806613251566887
548 : -1.4104587733745575
549 : -1.1045725028961897
550 : -1.24149220995605
551 : -0.7463628705590963
552 : -2.903175577521324
553 : -1.175162447616458
554 : -0.8689227206632495
555 : -1.3054646719247103
556 : -1.4261354692280293
557 : -1.0972188217565417
558 : -1.138699279516004
559 : -1.4226643666625023
560 : -1.4098488669842482
561 : -1.3431887533515692
562 : -0.753821088001132
563 : -0.9717831928282976
564 : -1.1203940976411104
565 : -1.3444077223539352
566 : -2.245699055492878
567 : -1.5964601822197437
Setting up 6 worker threads for Enlighten.
  Thread -> id: 7f9621851700 -> priority: 1 
  Thread -> id: 7f9621050700 -> priority: 1 
  Thread -> id: 7f962084f700 -> priority: 1 
  Thread -> id: 7f95affff700 -> priority: 1 
  Thread -> id: 7f95af7fe700 -> priority: 1 
  Thread -> id: 7f95aeffd700 -> priority: 1 
Traceback (most recent call last):
  File "main.py", line 123, in <module>
    returns = [episode(env, agent, i) for i in range(training_episodes)]
  File "main.py", line 123, in <listcomp>
    returns = [episode(env, agent, i) for i in range(training_episodes)]
  File "main.py", line 30, in episode
    next_state, reward, done, _ = env.step(action.numpy()[0])
  File "/home/j/jensenj/.local/lib/python3.6/site-packages/gym_unity/envs/__init__.py", line 177, in step
    self._env.step()
  File "/home/j/jensenj/.local/lib/python3.6/site-packages/mlagents_envs/timers.py", line 305, in wrapped
    return func(*args, **kwargs)
  File "/home/j/jensenj/.local/lib/python3.6/site-packages/mlagents_envs/environment.py", line 319, in step
    self._update_state(rl_output)
  File "/home/j/jensenj/.local/lib/python3.6/site-packages/mlagents_envs/environment.py", line 275, in _update_state
    agent_info_list, self._env_specs[brain_name]
  File "/home/j/jensenj/.local/lib/python3.6/site-packages/mlagents_envs/timers.py", line 305, in wrapped
    return func(*args, **kwargs)
  File "/home/j/jensenj/.local/lib/python3.6/site-packages/mlagents_envs/rpc_utils.py", line 188, in steps_from_proto
    obs_index, obs_shape, decision_agent_info_list
  File "/home/j/jensenj/.local/lib/python3.6/site-packages/mlagents_envs/timers.py", line 305, in wrapped
    return func(*args, **kwargs)
  File "/home/j/jensenj/.local/lib/python3.6/site-packages/mlagents_envs/rpc_utils.py", line 152, in _process_vector_observation
    _raise_on_nan_and_inf(np_obs, "observations")
  File "/home/j/jensenj/.local/lib/python3.6/site-packages/mlagents_envs/rpc_utils.py", line 132, in _raise_on_nan_and_inf
    raise RuntimeError(f"The {source} provided had Infinite values.")
RuntimeError: The observations provided had Infinite values.
2020-06-25 12:13:05 INFO [environment.py:418] Environment shut down with return code 0.
