slurmstepd-geltnach: error: Unable to create TMPDIR [/tmp/user/30108]: Permission denied
slurmstepd-geltnach: error: Setting TMPDIR to /tmp
Found path: /home/j/jensenj/PycharmProjects/Federer-Jr./src/../crawler_single/linux/dynamic_server/crawler_dynamic.x86_64
Mono path[0] = '/home/j/jensenj/PycharmProjects/Federer-Jr./src/../crawler_single/linux/dynamic_server/crawler_dynamic_Data/Managed'
Mono config path = '/home/j/jensenj/PycharmProjects/Federer-Jr./src/../crawler_single/linux/dynamic_server/crawler_dynamic_Data/MonoBleedingEdge/etc'
Preloaded 'lib_burst_generated.so'
Preloaded 'libgrpc_csharp_ext.x64.so'
Initialize engine version: 2019.3.15f1 (59ff3e03856d)
[Subsystems] Discovering subsystems at path /home/j/jensenj/PycharmProjects/Federer-Jr./src/../crawler_single/linux/dynamic_server/crawler_dynamic_Data/UnitySubsystems
Forcing GfxDevice: Null
GfxDevice: creating device client; threaded=0
NullGfxDevice:
    Version:  NULL 1.0 [1.0]
    Renderer: Null Device
    Vendor:   Unity Technologies
Begin MonoManager ReloadAssembly
- Completed reload, in  0.159 seconds
WARNING: Shader Unsupported: 'Autodesk Interactive' - All passes removed
WARNING: Shader Did you use #pragma only_renderers and omit this platform?
UnloadTime: 0.394680 ms
Fallback handler could not load library /home/j/jensenj/PycharmProjects/Federer-Jr./src/../crawler_single/linux/dynamic_server/crawler_dynamic_Data/Mono/libcoreclr.so
Fallback handler could not load library /home/j/jensenj/PycharmProjects/Federer-Jr./src/../crawler_single/linux/dynamic_server/crawler_dynamic_Data/Mono/libcoreclr.so
Fallback handler could not load library /home/j/jensenj/PycharmProjects/Federer-Jr./src/../crawler_single/linux/dynamic_server/crawler_dynamic_Data/Mono/libcoreclr.so
Fallback handler could not load library /home/j/jensenj/PycharmProjects/Federer-Jr./src/../crawler_single/linux/dynamic_server/crawler_dynamic_Data/Mono/libSystem.dylib
Fallback handler could not load library /home/j/jensenj/PycharmProjects/Federer-Jr./src/../crawler_single/linux/dynamic_server/crawler_dynamic_Data/Mono/libSystem.dylib.so
Fallback handler could not load library /home/j/jensenj/PycharmProjects/Federer-Jr./src/../crawler_single/linux/dynamic_server/crawler_dynamic_Data/Mono/libSystem.dylib
Fallback handler could not load library /home/j/jensenj/PycharmProjects/Federer-Jr./src/../crawler_single/linux/dynamic_server/crawler_dynamic_Data/Mono/libcoreclr.so
Fallback handler could not load library /home/j/jensenj/PycharmProjects/Federer-Jr./src/../crawler_single/linux/dynamic_server/crawler_dynamic_Data/Mono/libcoreclr.so
Fallback handler could not load library /home/j/jensenj/PycharmProjects/Federer-Jr./src/../crawler_single/linux/dynamic_server/crawler_dynamic_Data/Mono/libcoreclr.so
Fallback handler could not load library /home/j/jensenj/PycharmProjects/Federer-Jr./src/../crawler_single/linux/dynamic_server/crawler_dynamic_Data/Mono/libSystem.dylib
Fallback handler could not load library /home/j/jensenj/PycharmProjects/Federer-Jr./src/../crawler_single/linux/dynamic_server/crawler_dynamic_Data/Mono/libSystem.dylib.so
Fallback handler could not load library /home/j/jensenj/PycharmProjects/Federer-Jr./src/../crawler_single/linux/dynamic_server/crawler_dynamic_Data/Mono/libSystem.dylib
/home/j/jensenj/.local/lib/python3.6/site-packages/tensorboard/compat/tensorflow_stub/dtypes.py:541: FutureWarning: Passing (type, 1) or '1type' as a synonym of type is deprecated; in a future version of numpy, it will be understood as (type, (1,)) / '(1,)type'.
  _np_qint8 = np.dtype([("qint8", np.int8, 1)])
/home/j/jensenj/.local/lib/python3.6/site-packages/tensorboard/compat/tensorflow_stub/dtypes.py:542: FutureWarning: Passing (type, 1) or '1type' as a synonym of type is deprecated; in a future version of numpy, it will be understood as (type, (1,)) / '(1,)type'.
  _np_quint8 = np.dtype([("quint8", np.uint8, 1)])
/home/j/jensenj/.local/lib/python3.6/site-packages/tensorboard/compat/tensorflow_stub/dtypes.py:543: FutureWarning: Passing (type, 1) or '1type' as a synonym of type is deprecated; in a future version of numpy, it will be understood as (type, (1,)) / '(1,)type'.
  _np_qint16 = np.dtype([("qint16", np.int16, 1)])
/home/j/jensenj/.local/lib/python3.6/site-packages/tensorboard/compat/tensorflow_stub/dtypes.py:544: FutureWarning: Passing (type, 1) or '1type' as a synonym of type is deprecated; in a future version of numpy, it will be understood as (type, (1,)) / '(1,)type'.
  _np_quint16 = np.dtype([("quint16", np.uint16, 1)])
/home/j/jensenj/.local/lib/python3.6/site-packages/tensorboard/compat/tensorflow_stub/dtypes.py:545: FutureWarning: Passing (type, 1) or '1type' as a synonym of type is deprecated; in a future version of numpy, it will be understood as (type, (1,)) / '(1,)type'.
  _np_qint32 = np.dtype([("qint32", np.int32, 1)])
/home/j/jensenj/.local/lib/python3.6/site-packages/tensorboard/compat/tensorflow_stub/dtypes.py:550: FutureWarning: Passing (type, 1) or '1type' as a synonym of type is deprecated; in a future version of numpy, it will be understood as (type, (1,)) / '(1,)type'.
  np_resource = np.dtype([("resource", np.ubyte, 1)])
2020-06-25 12:12:21 INFO [environment.py:108] Connected to Unity environment with package version 1.0.2 and communication version 1.0.0
2020-06-25 12:12:21 INFO [environment.py:265] Connected new brain:
CrawlerDynamic?team=0
2020-06-25 12:12:21 WARNING [__init__.py:92] The environment contains multiple observations. You must define allow_multiple_obs=True to receive them all. Otherwise, only the first visual observation (or vector observation ifthere are no visual observations) will be provided in the observation.
update_time_steps: 8192 , ppo_epochs: 2 , beta:  0.1 , gamma 0.9
0 : 1.1783633744344115
1 : -1.854583477601409
2 : 3.2035847757942975
3 : -0.9064638800919056
4 : 2.9889677157625556
5 : -4.46541134826839
6 : 1.6215750044211745
7 : -1.6106571722775698
8 : -1.2032920802012086
9 : -1.1470621163025498
10 : -6.256848504301161
11 : -1.4661944438703358
12 : -0.24998105131089687
13 : -1.460362607613206
14 : 3.15147570730187
15 : -3.9266703352332115
16 : 1.809976575896144
17 : -2.0851887930184603
18 : 1.2720935221295804
19 : 5.20251189218834
20 : -2.1489948278758675
21 : -1.8637839434668422
22 : -5.4056778233498335
23 : -0.6801678652409464
24 : 1.6064957296475768
25 : -5.409967444837093
26 : -1.3698939681053162
27 : -0.4627029141411185
28 : 0.6140911225229502
29 : -0.7181334728375077
30 : -1.5626163184642792
31 : 3.136803237721324
32 : -2.100442225113511
33 : -1.0457083201035857
34 : 0.48820242844522
35 : -2.5687497460749
36 : 8.108333755750209
37 : -1.3549701683223248
38 : 4.500088459346443
39 : 1.3271994753740728
40 : 6.319624866358936
41 : -1.3582807965576649
42 : -5.622979562263936
43 : -1.3962283465079963
44 : -3.5292618311941624
45 : 1.1530464934185147
46 : -1.477114237844944
47 : -0.856003356166184
48 : -1.0768600683659315
49 : 2.9745891839265823
50 : -1.6435369085520506
51 : -1.3842272758483887
52 : -3.2237102393992245
53 : -8.089366350322962
54 : -0.9366214582696557
55 : -0.4201282784342766
56 : -1.66522485204041
57 : 1.5393620957620442
58 : -2.1935881306417286
59 : -7.877914763987064
60 : -7.30666394578293
61 : -10.530884996056557
62 : -3.1055771354585886
63 : 0.3714446993544698
64 : -1.2361463671550155
65 : -2.132976207882166
66 : -1.938510686159134
67 : -0.8516664421185851
68 : -0.5236189891584218
69 : -1.0307538462802768
70 : -0.8064341507852077
71 : -4.143642192706466
72 : -0.6443946345243603
73 : 0.9994774339720607
74 : 2.2819032836705446
75 : -1.3480911925435066
76 : -1.2043916145339608
77 : -1.3126712199300528
78 : -1.3868867189157754
79 : -1.2928760722279549
80 : -0.6398024447262287
81 : -1.5700250873342156
82 : -1.1851250641047955
83 : 4.855415869504213
84 : -0.40501190535724163
85 : -9.021116164512932
86 : -1.2052915891399607
87 : -0.3086202247068286
88 : -0.41136496141552925
89 : -0.9204588094726205
90 : -2.2488873908296227
91 : -1.7808452637400478
92 : -0.7873442163690925
93 : -2.520159186795354
94 : -1.193302066065371
95 : -0.9451243728399277
96 : -1.9541930798441172
97 : -4.300069626886398
98 : -0.7973357243463397
99 : -2.3968480504117906
100 : -1.021152255591005
101 : 1.8799727115547284
102 : -0.9998253853991628
103 : -1.7653797753155231
104 : -1.2700728038325906
105 : -1.4580746390856802
106 : -1.5444818418473005
107 : -2.362502417527139
108 : 0.045674370136111975
109 : -1.2896618163213134
110 : 4.629267511423677
111 : -0.8158226534724236
112 : -0.9927789899520576
113 : -3.895599360112101
114 : -0.8406440801918507
115 : -1.5091783124953508
116 : -1.8799859136343002
117 : -0.7090805983170867
118 : -4.0789905320852995
119 : -1.7977313864976168
120 : 4.491151226684451
121 : 0.16548226354643703
122 : -0.99755679955706
123 : -3.305390363559127
124 : 2.1042321994900703
125 : -0.2427058108150959
126 : -1.06293102260679
127 : -3.0765079190023243
128 : -1.548002202063799
129 : -3.962501857429743
130 : -1.4997656792402267
131 : -6.95787221333012
132 : -1.5499201100319624
133 : -1.1800244534388185
134 : -1.193151050247252
135 : 0.17099416395649314
136 : 2.1096926741302013
137 : -23.237990633118898
138 : 1.296875782776624
139 : 2.8873265171423554
140 : 2.4418528834357858
141 : -0.4753741351887584
142 : -3.4840156584978104
143 : -0.8094424749724567
144 : -2.1499114520847797
145 : -1.5542751606553793
146 : -2.608654768206179
147 : -1.8705284167081118
148 : -1.5823321100324392
149 : -0.969930381514132
150 : -1.2239930042997003
151 : -0.8433556808158755
152 : -1.5715449890121818
153 : -6.475420156493783
154 : -3.071589636616409
155 : -5.489584598690271
156 : -3.63733422011137
157 : -0.4767574518918991
158 : -1.2209495585411787
159 : -5.553156844805926
160 : -1.7159376302734017
161 : -6.807580137625337
162 : -1.2444022996351123
163 : -3.494178209453821
164 : -1.6407139245420694
165 : -0.8016247248742729
166 : -3.957771454937756
167 : -1.553308761678636
168 : -0.7938245609402657
169 : 2.1092985095456243
170 : 8.748668723041192
171 : -1.6959308087825775
172 : -2.037590377032757
173 : 4.407689178362489
174 : -1.1730563808232546
175 : -1.875663430429995
176 : 1.8361071096733212
177 : -2.4584588669240475
178 : 0.964085825253278
179 : -1.064451522193849
180 : -0.9800594178959727
181 : -11.226265608333051
182 : -4.304142887704074
183 : -0.045912016183137894
184 : -2.0719266161322594
185 : -0.6888658944517374
186 : -2.75342496833764
187 : 1.7175705628469586
188 : -2.3843063516542315
189 : -9.135205783881247
190 : -4.2265001009218395
191 : -0.8150371601805091
192 : -4.7255892851389945
193 : -0.9413248738273978
194 : -5.768594420515001
195 : -3.30819015391171
196 : -1.1722130897105671
197 : -1.3798119835555553
198 : -0.9040742409415543
199 : -1.1122981985099614
200 : 1.6217910218983889
201 : -8.5150645961985
202 : -3.502227047458291
203 : -1.1095142746344209
204 : -8.285876737907529
205 : -1.8835977313574404
206 : -4.899597100913525
207 : -1.3508271060418338
208 : -2.0335138272494078
209 : -1.3774414723739028
210 : 0.693375545553863
211 : 3.391286631114781
212 : 2.73424024367705
213 : -6.139515088871121
214 : -1.0850927629508078
215 : -13.499460068531334
216 : -3.564751331694424
217 : -3.2225488026160747
218 : 11.951162968296558
219 : 2.147353078238666
220 : -11.152337213978171
221 : -0.09949707565829158
222 : 0.2885417565703392
223 : -1.325550249312073
224 : -6.5135894804261625
225 : -5.027656225953251
226 : -2.998607922112569
227 : -1.8777311593294144
228 : -5.180280696600676
229 : 4.189101720228791
230 : -0.09668279439210892
231 : -1.8448755964636803
232 : -10.349342583213001
233 : 2.6652815542183816
234 : -1.641684808768332
235 : -1.5891695730388165
236 : -1.197665163781494
237 : -6.6665390089619905
238 : -3.0623347302898765
239 : -1.016390746459365
240 : -15.207114063668996
241 : -1.3387727867811918
242 : -3.9100110474973917
243 : -0.9855294162407517
244 : -1.877240407280624
245 : -2.1905414359644055
246 : -4.361145693808794
247 : -0.9094165442511439
248 : 1.4203752158209682
249 : -1.803971060551703
250 : -1.9267841610126197
251 : -2.593954738229513
252 : -0.8315841089934111
253 : 16.145198283251375
254 : -2.4544077180325985
255 : -1.064064912032336
256 : -10.385757619980723
257 : -2.043310306966305
258 : -0.1405097283422947
259 : -8.5402603559196
260 : 8.552306594327092
261 : -1.3169654237572104
262 : -1.0268865684047341
263 : -1.3459463631734252
264 : -9.964278196450323
265 : 0.41534011362819
266 : -1.6101863011717796
267 : -1.4647613614797592
268 : -0.7390543986111879
269 : -0.22946463339030743
270 : -3.366032788064331
271 : -1.378867904189974
272 : -0.6146287862211466
273 : -3.819950890727341
274 : -1.9004111234098673
275 : -8.718869620934129
!!! updated
276 : -1.013463088311255
277 : -0.8575918916612864
278 : -2.413113385438919
279 : -1.4132408376317471
280 : -1.9189794782432728
281 : -2.4242163985036314
282 : -2.6101944521069527
283 : -2.9074812345206738
284 : -2.647465504705906
285 : 0.2840344775468111
286 : -1.2584399732295424
287 : 0.16016288893297315
288 : -1.6242963809054345
289 : 0.2904149144887924
290 : -0.41326398542150855
291 : 0.10594243183732033
292 : -1.4968557748943567
293 : -2.6680873930454254
294 : -1.7507635736837983
295 : -1.9777977375197224
296 : -0.502474523615092
297 : -0.10730463545769453
298 : -1.9504039660096169
299 : -0.11508569028228521
300 : -2.515405662357807
301 : -2.556089088320732
302 : -0.1802779883146286
303 : -2.603680834174156
304 : -1.3034261828288436
305 : -0.5178090929985046
306 : -1.6930512534454465
307 : -2.949184685945511
308 : -2.780595637857914
309 : -1.5159509915392846
310 : -2.5878149550408125
311 : 0.2086218404583633
312 : -1.0260345740243793
313 : -0.5486250887624919
314 : -1.8407277367077768
315 : -2.410201121121645
316 : -2.6148577984422445
317 : -1.2695679301396012
318 : -2.1855072195176035
319 : 0.1807342106476426
320 : -2.6813848689198494
321 : -2.059739119024016
322 : -2.615700427442789
323 : -1.7263504434376955
324 : -1.3893309533596039
325 : -2.674774929881096
326 : -0.21997119206935167
327 : -1.8319179126992822
328 : -2.67381302267313
329 : -1.8744422905147076
330 : -1.498549829237163
331 : -2.5324234664440155
332 : -1.4664838549215347
333 : -2.376101601868868
334 : -3.2634723484516144
335 : 0.28952974965795875
336 : -0.2828214527107775
337 : -2.4974713046103716
338 : -2.070326017215848
339 : -2.0216822241200134
340 : -0.24889434035867453
341 : -1.7741344876703806
342 : -0.06703579798340797
343 : -0.16571434680372477
344 : -2.6048585642129183
345 : -1.2674538376741111
346 : -1.1059533432126045
347 : -2.551419712603092
348 : -0.12284502713009715
349 : -2.669260125607252
350 : 0.28587578516453505
351 : -2.624749518930912
352 : -2.562849523499608
353 : -0.16896487213671207
354 : -0.9370761020109057
355 : -1.5799475787207484
356 : -2.6004446633160114
357 : -0.4561936776153743
358 : -2.3865268006920815
359 : -2.985169470310211
360 : -2.569361375644803
361 : -0.059059827122837305
362 : -0.8522408585995436
363 : -0.8127786200493574
364 : -1.1842024382203817
365 : -2.2479339838027954
366 : -1.6865017879754305
367 : -2.6756816059350967
368 : -2.920344851911068
369 : -0.6356103224679828
370 : -1.616675596917048
371 : -2.926111675798893
372 : -2.165705770254135
373 : -3.273191958665848
374 : -1.6060439059510827
375 : -2.5923818722367287
376 : -2.6347647923976183
377 : -0.3149562869220972
378 : -0.005730761215090752
379 : -0.3998007933842018
380 : -2.1491427302826196
381 : -0.5914337798021734
382 : -2.3099469100125134
383 : -0.6377943456172943
384 : -0.48696609027683735
385 : -1.0237853950820863
386 : -2.470533959567547
387 : -1.9632400758564472
388 : -2.877342365682125
389 : -2.3110591899603605
390 : -0.7256986200809479
391 : -2.164207649184391
392 : -0.9252138989977539
393 : -1.5649797390215099
394 : -0.5261825616471469
395 : 0.08735879231244326
396 : -1.8928895503922831
397 : -1.6792404865846038
398 : 0.1549635729752481
399 : -0.5022158669307828
400 : -0.5382722821086645
401 : -2.1539149158634245
402 : -3.3734026700258255
403 : -1.7586003728210926
404 : 0.24008306954056025
405 : -0.7143245944753289
406 : -0.5767042580991983
407 : -2.3138411147519946
408 : -2.4097942719236016
409 : -2.1887622736394405
410 : -2.5811375826597214
411 : 0.045387820340693
412 : -1.0613488350063562
413 : -1.0342198894359171
414 : 0.186712596565485
415 : -2.093327809125185
416 : -0.29816288221627474
417 : -2.6850020736455917
418 : -3.1238438561558723
419 : -2.763770543038845
420 : -0.05812537670135498
421 : -2.476716436445713
422 : -0.10972784971818328
423 : -2.2624876014888287
424 : -1.8318399339914322
425 : -2.1191939106211066
426 : 0.19642801955342293
427 : -0.25707648508250713
428 : -2.5906872246414423
429 : -0.12507744506001472
430 : -2.622088246047497
431 : -2.383874973282218
432 : -2.3035417813807726
433 : -1.101081719622016
434 : -0.8538361983373761
435 : -1.9300944115966558
436 : -2.188762778416276
437 : -1.2610603114590049
438 : -2.6181962732225657
439 : -2.662304040044546
440 : -1.4640516079962254
441 : -0.15911552449688315
442 : 0.08147276379168034
443 : -1.9560100067174062
444 : 0.2838524356484413
445 : -2.4725177735090256
446 : -1.980003908276558
447 : -1.253664112649858
448 : -0.8829371556639671
449 : -1.6727828858420253
450 : -0.36199376825243235
451 : -2.4362598657608032
452 : -3.403705110773444
453 : -2.4963643178343773
454 : -2.523788310587406
455 : -0.11728585371747613
456 : -0.091239252127707
457 : -0.09718865063041449
458 : -3.1877798289060593
459 : -2.613728765398264
460 : -2.389761731028557
461 : -2.564343836158514
462 : -2.1814155392348766
463 : 0.063226118683815
464 : -0.8008909015916288
465 : -1.5028409669175744
466 : -0.38410215824842453
467 : -0.9362019230611622
468 : -1.532503319438547
469 : -2.33469551615417
470 : -0.32275350810959935
471 : -2.32635669503361
472 : -0.18811856489628553
473 : -1.2927494905889034
474 : 0.13217439642176032
475 : -1.9592451862990856
476 : -0.24891644879244268
477 : -2.30248804949224
478 : -2.581955526024103
479 : -0.7295039221644402
480 : -2.5371062885969877
481 : -2.894000895321369
482 : -2.4180826619267464
483 : -1.2005043509416282
484 : -1.9274155095627066
485 : -1.3825602824799716
486 : -0.4779958422295749
487 : 0.17032710928469896
488 : -1.0435406621545553
489 : -2.5588604025542736
490 : 0.12013521045446396
491 : 0.3295506094582379
492 : -2.6853743381798267
493 : -1.4125556224025786
494 : -1.8681683950126171
495 : -0.8781525162048638
496 : -2.7038148157298565
497 : -2.5731198266148567
498 : -2.782587930560112
499 : -1.6250926485517994
500 : -2.1188938834238797
501 : -2.4068805603310466
502 : -2.1388905118219554
503 : -1.8188122473657131
504 : -2.58168893866241
505 : 0.06454562395811081
506 : -1.046268998645246
507 : -0.8713743994012475
508 : 0.19631613418459892
509 : -1.7194571318104863
510 : -1.5862883515655994
511 : -0.6202956130728126
512 : -2.558082077652216
513 : -1.2949164770543575
514 : 0.23734254715964198
515 : -2.5237384513020515
516 : -2.100583715364337
517 : -2.6359753031283617
518 : 0.23163034953176975
519 : -2.93198224902153
520 : -1.2034113886766136
521 : -2.2148765912279487
522 : -0.6101060174405575
523 : -2.1244244826957583
524 : 0.1899317316710949
525 : -0.6358200460672379
526 : -0.3706505335867405
527 : 0.002184133045375347
528 : -1.4781495993956923
529 : -1.3438316138926893
530 : -0.2598930522799492
531 : 0.336650506593287
532 : -1.8733150894986466
533 : -0.8452171608805656
534 : -0.0526735745370388
535 : -1.62611755146645
536 : -0.5492035709321499
537 : -1.32924489188008
538 : -2.6074178759008646
539 : 0.30711147747933865
540 : -1.9831590298563242
541 : 0.10532169369980693
542 : -1.8139485286083072
543 : 0.1677990178577602
544 : -0.45534061593934894
545 : -0.648658998310566
546 : -1.9008388817310333
547 : -2.4228803515434265
548 : -2.4762252867221832
549 : -0.6847098246216774
550 : -1.8736471347510815
551 : -1.016362152993679
552 : -1.0580083206295967
553 : -2.862495109438896
554 : -2.309350373223424
555 : -1.9314120118506253
556 : -1.5675216526724398
557 : -0.22526550013571978
558 : -2.418307576328516
559 : -2.695772238075733
560 : -2.4936517467722297
561 : -2.7129275873303413
562 : 0.21805716212838888
563 : -2.0550865437835455
564 : -0.4658371307887137
565 : -0.9882164183072746
566 : -1.8674075038870797
567 : -0.19198634941130877
568 : -1.9573135990649462
569 : -2.730938047170639
570 : -1.1354677062481642
571 : -1.0906318235211074
572 : -2.2090768963098526
573 : -0.10349739715456963
574 : -2.3983683325350285
575 : -2.5269755348563194
576 : -2.5787484105676413
577 : -2.7182911708950996
578 : -2.140121318399906
579 : -2.7316702976822853
580 : -2.2426001876592636
581 : -0.02617166517302394
582 : -2.547999208793044
583 : -0.30979944206774235
584 : -2.525577336549759
585 : -2.417943846434355
586 : -2.797532495111227
587 : -0.10640528425574303
588 : -3.0907249748706818
589 : -1.7082487139850855
590 : -0.020737378858029842
591 : -3.062136821448803
592 : -2.479644851759076
593 : -1.5707647544331849
594 : -2.060994889587164
595 : -2.359850235283375
596 : -1.2075895273592323
597 : -2.052764097927138
598 : 0.19213527161628008
599 : -0.33739894069731236
600 : 0.31090286700055003
601 : -1.661466452293098
602 : -2.601553674787283
603 : -2.631876675412059
604 : -2.5324295461177826
605 : -2.8308887258172035
606 : -0.996727554127574
607 : -2.759689051657915
608 : -0.8216584958136082
609 : -0.695865941233933
610 : -2.0630962289869785
611 : -0.4036424970254302
612 : -2.0652473154477775
613 : -1.1090576867572963
614 : -2.0676246248185635
615 : 0.031135504133999348
616 : -1.5087037165649235
617 : -2.5810479763895273
618 : -2.658017572015524
619 : 0.18047532252967358
620 : 0.2584488783031702
621 : 0.12285994086414576
622 : -2.32036358024925
623 : -0.9233741671778262
624 : -2.24645134806633
625 : -2.167087527923286
626 : -2.6728363409638405
627 : -0.48487635515630245
628 : -2.4678751062601805
629 : -1.9820893635042012
630 : -0.15662283543497324
631 : -0.8551136013120413
632 : -2.3957464769482613
633 : -2.3021653089672327
634 : -2.3008037018589675
635 : -0.6598974755033851
636 : -1.6420497400686145
637 : 0.01486980076879263
638 : -2.7891133092343807
639 : -0.8295074254274368
640 : -0.03818446025252342/home/j/jensenj/.local/lib/python3.6/site-packages/gym/logger.py:30: UserWarning: [33mWARN: Box bound precision lowered by casting to float32[0m
  warnings.warn(colorize('%s: %s'%('WARN', msg % args), 'yellow'))

641 : -2.3666101237758994
642 : -2.219867682084441
643 : -0.5840432988479733
644 : -0.8212519213557243
645 : -1.3041643304750323
646 : -2.2143520414829254
647 : -0.7472108863294125
648 : 0.31233964720740914
649 : -0.062001961283385754
650 : -1.6428249711170793
651 : -2.5032999832183123
652 : -1.982117329724133
653 : -2.784237075597048
654 : 0.08151790779083967
655 : -1.3269871976226568
656 : -2.60553140565753
657 : -0.21558166202157736
658 : -1.7296506999991834
659 : -2.641123853623867
660 : -0.08369224704802036
661 : -2.4697169344872236
662 : 0.08484607376158237
663 : 0.17600326612591743
664 : -2.4513155994936824
665 : -0.5316757615655661
666 : -2.5644215382635593
667 : -1.7598166149109602
668 : -1.258565275464207
669 : -1.7393881045281887
670 : -0.5776233775541186
671 : -1.6013018456287682
672 : -2.029790036380291
673 : -2.5743657797574997
674 : -0.8791060298681259
675 : -0.5958102927543223
676 : -0.6003585122525692
677 : -2.2413860419765115
678 : -0.49253073474392295
679 : -1.8876085234805942
680 : -2.380292497575283
681 : -2.5563592854887247
682 : -1.7697518216446042
683 : -2.5043344907462597
684 : -2.49879914522171
685 : -2.578274343162775
686 : -0.9886671300046146
687 : -2.2752353940159082
688 : -1.6063254051841795
689 : -3.026744782924652
690 : -0.18377317721024156
691 : -0.5281712859869003
692 : -1.3063879893161356
693 : -1.261503069428727
694 : -0.4845695234835148
695 : -0.20751079870387912
696 : -1.275192272849381
697 : -1.7588470987975597
698 : -2.1042531547136605
699 : -0.06859359238296747
700 : -0.21563382633030415
701 : -2.3065689969807863
702 : -2.566301394253969
703 : -0.8766706236638129
704 : -1.3604551532771438
705 : -2.1099065393209457
706 : -2.6014350429177284
707 : -2.3406646996736526
708 : -1.1796596618369222
709 : -1.41365903057158
710 : 0.09596298541873693
711 : -0.40345917362719774
712 : -2.6468266882002354
713 : -0.8822043428663164
714 : 0.20718826074153185
715 : -2.7079459875822067
716 : -2.950224496424198
717 : -2.1854832768440247
718 : -0.4141026344150305
719 : -2.5469092167913914
720 : 0.1548638204112649
721 : -1.7515775070060045
722 : -0.7186095267534256
723 : 0.30881729535758495
724 : -1.5349407945759594
725 : -0.09498297516256571
726 : 0.07872794568538666
727 : -0.8804189600050449
728 : 0.20533699728548527
729 : -2.639922309666872
730 : -2.5910060182213783
731 : -0.02095419354736805
732 : -2.0136627592146397
733 : -2.286745366640389
734 : 0.331984493881464
735 : -0.48909449204802513
736 : -1.457693666452542
737 : -2.5709286630153656
738 : -1.8536925166845322
739 : 0.16868439130485058
740 : -2.5423304680734873
741 : -1.096064136363566
742 : -2.786335501819849
743 : -0.04109789337962866
744 : -2.8732441663742065
745 : -2.1305185228120536
746 : -0.10466462094336748
747 : -1.617410384118557
748 : -2.680265389382839
749 : 0.10182722099125385
750 : 0.28568621445447206
751 : -2.711326193064451
752 : -0.21704607969149947
753 : -2.5417128801345825
754 : 0.2651275396347046
755 : 0.21986616402864456
756 : -2.3587416000664234
757 : -3.212560825049877
758 : -1.075127724558115
759 : -0.27957403054460883
760 : 0.14241773821413517
761 : -2.0375767573714256
762 : -0.15071568358689547
763 : -2.749363400042057
764 : -1.430699690245092
765 : 0.27939908020198345
766 : -1.9429233457194641
767 : -0.0014055399224162102
768 : -1.5400497168302536
769 : -2.3950065523386
770 : -0.2701956140808761
771 : -2.743209306150675
772 : -2.6576792150735855
773 : -1.3856379138305783
774 : -1.9902278324589133
775 : 0.26514118909835815
776 : -1.827783428831026
777 : 0.23814920941367745
778 : -3.030034027993679
779 : -2.1882575512863696
780 : -0.971442349255085
781 : 0.12466736743226647
782 : -1.9703180496580899
783 : -1.1618628455325961
784 : -2.6070652585476637
785 : -1.747254432644695
786 : 0.025543014518916607
787 : -0.26555722765624523
788 : 0.1969521241262555
789 : -0.6853776890784502
790 : -1.9476823767181486
791 : -0.9205834921449423
792 : -1.3957188329659402
793 : -1.8705227239988744
794 : -1.6426282208412886
795 : -1.0840004519559443
796 : -0.28464782517403364
797 : -1.978575167246163
798 : -1.9437162727117538
799 : -2.0011173086240888
800 : -0.8835794639308006
801 : -2.327286765910685
802 : -2.2276872508227825
803 : -2.7043382823467255
804 : -0.5402424577623606
805 : 0.04798342892900109
806 : -1.793409040546976
807 : -0.13463163888081908
808 : -0.18159038946032524
809 : -0.74724115524441
810 : -2.124082077294588
811 : -0.7704037576913834
812 : -2.5739760398864746
813 : -2.7236930429935455
814 : -2.6484901383519173
815 : -1.4375157440081239
816 : 0.2787577472627163
817 : -0.4722889647819102
818 : 0.05020330147817731
819 : 0.16052488051354885
820 : -2.871674560010433
821 : -0.33083259407430887
822 : -0.7628418914973736
!!! updated
823 : 0.125806774944067
824 : -1.3958008028566837
825 : -1.1592882841359824
826 : -1.0518863191828132
827 : -1.1069636596366763
828 : -1.4750021398067474
829 : -1.505447018891573
830 : -1.6126831322908401
831 : -1.210879584774375
832 : -1.0331217208877206
833 : -1.5126533508300781
834 : -0.9186303038150072
835 : -0.2557838074862957
836 : -1.2716480968520045
837 : -1.3647600077092648
838 : -6.615109507460147
839 : -1.038632579613477
840 : -1.0864330530166626
841 : -1.1709964908659458
842 : -1.7012259364128113
843 : -1.189259149134159
844 : -2.0275216922163963
845 : -1.419859834946692
846 : -0.8863142468035221
847 : -1.7417876832187176
848 : -1.5453339666128159
849 : -1.2648504320532084
850 : -1.543830081820488
851 : -1.4950347803533077
852 : -1.1771558728069067
853 : -1.3071996262297034
854 : -1.430475585628301
855 : -0.8080927641130984
856 : -0.9850006010383368
857 : -1.4333366830833256
858 : -1.0964850638993084
859 : -0.9931832563597709
860 : -1.6417941134423018
861 : -0.6797224339097738
862 : -1.4982251971960068
863 : -2.2661310359835625
864 : -1.6120122831780463
865 : -0.8552270708605647
866 : -0.8053242284804583
867 : -1.1882936023175716
868 : -1.1548184980929364
869 : -1.6243787338025868
870 : -1.0290699377655983
871 : -1.294743805192411
872 : -0.8297097603790462
873 : -0.9885974586941302
874 : -0.9477259730920196
875 : 1.0615453459322453
876 : -1.4627261199057102
877 : -4.7321600411087275
878 : -1.4247208370361477
879 : -0.43078347481787205
880 : -1.6254177130758762
881 : -1.4107521660625935
882 : -1.2139732921496034
883 : -1.0089629632420838
884 : -1.7834895066916943
885 : -1.1838325429707766
886 : -0.9964412248227745
887 : -1.0990044623613358
888 : -1.2038440089672804
889 : -2.0744680669158697
890 : -1.0088196187280118
891 : -1.2832729490473866
892 : -1.1661086454987526
893 : -1.3304621037095785
894 : -1.1403752048499882
895 : -0.9518839833326638
896 : -1.106246204348281
897 : -1.2059122659265995
898 : -1.1210330398753285
899 : -1.002099181059748
900 : -0.9022128125652671
901 : -1.0716155646368861
902 : -1.1816695285961032
903 : -1.092917025089264
904 : -1.4230392714962363
905 : -0.8412648066878319
906 : -1.3481427282094955
907 : -0.994897773489356
908 : -1.1023880308493972
909 : -1.1106216190382838
910 : -1.2226738245226443
911 : -1.2508708373643458
912 : -1.3442011140286922
913 : -1.4502669922076166
914 : -1.4106971775181592
915 : -1.171993670752272
916 : -1.4123341925442219
917 : -1.2296974025666714
918 : -1.3642069986090064
919 : -1.3283838047645986
920 : -1.4750847667455673
921 : -1.0957910241559148
922 : -1.3458262109197676
923 : -2.1858546435832977
924 : -1.7086444948799908
925 : -1.6116442456841469
926 : 2.084608184173703
927 : -2.5871920436620712
928 : 2.5186865031719208
929 : -1.8358098864555359
930 : -0.3289413545280695
931 : -1.451327834278345
932 : -1.1478632483631372
933 : -0.724103769287467
934 : -1.447076104581356
935 : -0.9532179180532694
936 : -2.100092850625515
937 : -1.0331059135496616
938 : -1.1479700044728816
939 : -1.4570823945105076
940 : -1.304618576541543
941 : -0.9124940889887512
942 : -1.926665037870407
943 : -1.586547456216067
944 : 2.3707913206890225
945 : -1.3103811386972666
946 : -0.7151224762201309
947 : -1.0039271572604775
948 : -1.2082125321030617
949 : -1.3699426800012589
950 : -1.0563462246209383
951 : -1.7928595612756908
952 : -1.1267850939184427
953 : -0.7367132189683616
954 : -1.8197926580905914
955 : -1.4493144527077675
956 : -1.4794658399187028
957 : 0.7979949358850718
958 : -1.9312880337238312
959 : -0.7417056588456035
960 : -1.4053572583943605
961 : -0.9615766974166036
962 : -1.1719290681649
963 : -0.9050317709334195
964 : -1.0922912284731865
965 : -0.7803528662770987
966 : -0.7665499523282051
967 : -1.088501853402704
968 : 0.18625007756054401
969 : -1.6055427566170692
970 : -0.7281634854152799
971 : -1.55968177318573
972 : -1.6254639914259315
973 : -2.1974444836378098
974 : -0.9966222946532071
975 : -1.3601342365145683
976 : -1.4043454006314278
977 : -0.9854401918128133
978 : -1.5207260362803936
979 : -1.0720642190426588
980 : -0.9133962001651525
981 : -0.8019137149676681
982 : 5.6280023767612875
983 : -2.5416881646960974
984 : -1.5593351945281029
985 : -0.7158438805490732
986 : -1.1773849856108427
987 : -0.7263894472271204
988 : -1.696527887135744
989 : -0.8100401069968939
990 : -1.663867600262165
991 : -1.435479924082756
992 : -1.6127756834030151
993 : 0.21683182381093502
994 : -2.0353465266525745
995 : -0.8986321287229657
996 : -1.4019668884575367
997 : -1.4704580237157643
998 : -1.3896406032145023
999 : -1.2283765561878681
Setting up 2 worker threads for Enlighten.
  Thread -> id: 7f766279e700 -> priority: 1 
  Thread -> id: 7f7661f9d700 -> priority: 1 
2020-06-25 12:33:08 INFO [environment.py:418] Environment shut down with return code 0.
