slurmstepd-brenz: error: Unable to create TMPDIR [/tmp/user/30108]: Permission denied
slurmstepd-brenz: error: Setting TMPDIR to /tmp
Found path: /home/j/jensenj/PycharmProjects/Federer-Jr./src/../crawler_single/linux/dynamic_server/crawler_dynamic.x86_64
Mono path[0] = '/home/j/jensenj/PycharmProjects/Federer-Jr./src/../crawler_single/linux/dynamic_server/crawler_dynamic_Data/Managed'
Mono config path = '/home/j/jensenj/PycharmProjects/Federer-Jr./src/../crawler_single/linux/dynamic_server/crawler_dynamic_Data/MonoBleedingEdge/etc'
Preloaded 'lib_burst_generated.so'
Preloaded 'libgrpc_csharp_ext.x64.so'
Initialize engine version: 2019.3.15f1 (59ff3e03856d)
[Subsystems] Discovering subsystems at path /home/j/jensenj/PycharmProjects/Federer-Jr./src/../crawler_single/linux/dynamic_server/crawler_dynamic_Data/UnitySubsystems
Forcing GfxDevice: Null
GfxDevice: creating device client; threaded=0
NullGfxDevice:
    Version:  NULL 1.0 [1.0]
    Renderer: Null Device
    Vendor:   Unity Technologies
Begin MonoManager ReloadAssembly
- Completed reload, in  0.106 seconds
WARNING: Shader Unsupported: 'Autodesk Interactive' - All passes removed
WARNING: Shader Did you use #pragma only_renderers and omit this platform?
UnloadTime: 0.436925 ms
Fallback handler could not load library /home/j/jensenj/PycharmProjects/Federer-Jr./src/../crawler_single/linux/dynamic_server/crawler_dynamic_Data/Mono/libcoreclr.so
Fallback handler could not load library /home/j/jensenj/PycharmProjects/Federer-Jr./src/../crawler_single/linux/dynamic_server/crawler_dynamic_Data/Mono/libcoreclr.so
Fallback handler could not load library /home/j/jensenj/PycharmProjects/Federer-Jr./src/../crawler_single/linux/dynamic_server/crawler_dynamic_Data/Mono/libcoreclr.so
Fallback handler could not load library /home/j/jensenj/PycharmProjects/Federer-Jr./src/../crawler_single/linux/dynamic_server/crawler_dynamic_Data/Mono/libSystem.dylib
Fallback handler could not load library /home/j/jensenj/PycharmProjects/Federer-Jr./src/../crawler_single/linux/dynamic_server/crawler_dynamic_Data/Mono/libSystem.dylib.so
Fallback handler could not load library /home/j/jensenj/PycharmProjects/Federer-Jr./src/../crawler_single/linux/dynamic_server/crawler_dynamic_Data/Mono/libSystem.dylib
Fallback handler could not load library /home/j/jensenj/PycharmProjects/Federer-Jr./src/../crawler_single/linux/dynamic_server/crawler_dynamic_Data/Mono/libcoreclr.so
Fallback handler could not load library /home/j/jensenj/PycharmProjects/Federer-Jr./src/../crawler_single/linux/dynamic_server/crawler_dynamic_Data/Mono/libcoreclr.so
Fallback handler could not load library /home/j/jensenj/PycharmProjects/Federer-Jr./src/../crawler_single/linux/dynamic_server/crawler_dynamic_Data/Mono/libcoreclr.so
Fallback handler could not load library /home/j/jensenj/PycharmProjects/Federer-Jr./src/../crawler_single/linux/dynamic_server/crawler_dynamic_Data/Mono/libSystem.dylib
Fallback handler could not load library /home/j/jensenj/PycharmProjects/Federer-Jr./src/../crawler_single/linux/dynamic_server/crawler_dynamic_Data/Mono/libSystem.dylib.so
Fallback handler could not load library /home/j/jensenj/PycharmProjects/Federer-Jr./src/../crawler_single/linux/dynamic_server/crawler_dynamic_Data/Mono/libSystem.dylib
/home/j/jensenj/.local/lib/python3.6/site-packages/tensorboard/compat/tensorflow_stub/dtypes.py:541: FutureWarning: Passing (type, 1) or '1type' as a synonym of type is deprecated; in a future version of numpy, it will be understood as (type, (1,)) / '(1,)type'.
  _np_qint8 = np.dtype([("qint8", np.int8, 1)])
/home/j/jensenj/.local/lib/python3.6/site-packages/tensorboard/compat/tensorflow_stub/dtypes.py:542: FutureWarning: Passing (type, 1) or '1type' as a synonym of type is deprecated; in a future version of numpy, it will be understood as (type, (1,)) / '(1,)type'.
  _np_quint8 = np.dtype([("quint8", np.uint8, 1)])
/home/j/jensenj/.local/lib/python3.6/site-packages/tensorboard/compat/tensorflow_stub/dtypes.py:543: FutureWarning: Passing (type, 1) or '1type' as a synonym of type is deprecated; in a future version of numpy, it will be understood as (type, (1,)) / '(1,)type'.
  _np_qint16 = np.dtype([("qint16", np.int16, 1)])
/home/j/jensenj/.local/lib/python3.6/site-packages/tensorboard/compat/tensorflow_stub/dtypes.py:544: FutureWarning: Passing (type, 1) or '1type' as a synonym of type is deprecated; in a future version of numpy, it will be understood as (type, (1,)) / '(1,)type'.
  _np_quint16 = np.dtype([("quint16", np.uint16, 1)])
/home/j/jensenj/.local/lib/python3.6/site-packages/tensorboard/compat/tensorflow_stub/dtypes.py:545: FutureWarning: Passing (type, 1) or '1type' as a synonym of type is deprecated; in a future version of numpy, it will be understood as (type, (1,)) / '(1,)type'.
  _np_qint32 = np.dtype([("qint32", np.int32, 1)])
/home/j/jensenj/.local/lib/python3.6/site-packages/tensorboard/compat/tensorflow_stub/dtypes.py:550: FutureWarning: Passing (type, 1) or '1type' as a synonym of type is deprecated; in a future version of numpy, it will be understood as (type, (1,)) / '(1,)type'.
  np_resource = np.dtype([("resource", np.ubyte, 1)])
2020-06-25 12:14:51 INFO [environment.py:108] Connected to Unity environment with package version 1.0.2 and communication version 1.0.0
2020-06-25 12:14:51 INFO [environment.py:265] Connected new brain:
CrawlerDynamic?team=0
2020-06-25 12:14:51 WARNING [__init__.py:92] The environment contains multiple observations. You must define allow_multiple_obs=True to receive them all. Otherwise, only the first visual observation (or vector observation ifthere are no visual observations) will be provided in the observation.
/home/j/jensenj/.local/lib/python3.6/site-packages/gym/logger.py:30: UserWarning: [33mWARN: Box bound precision lowered by casting to float32[0m
  warnings.warn(colorize('%s: %s'%('WARN', msg % args), 'yellow'))
/home/j/jensenj/.local/lib/python3.6/site-packages/numpy/core/_methods.py:160: RuntimeWarning: invalid value encountered in reduce
  ret = umr_sum(arr, axis, dtype, out, keepdims)
update_time_steps: 8192 , ppo_epochs: 8 , beta:  0.001 , gamma 0.9
0 : -1.3076243377290666
1 : -8.34774292143993
2 : -0.8790617994964123
3 : -1.0990072609856725
4 : 0.5809930237010121
5 : -1.0783132053911686
6 : -1.9281857116147876
7 : -1.7305037714540958
8 : -0.16002666437998414
9 : -0.10243958560749888
10 : -1.0831338628195226
11 : -3.3194054225459695
12 : -1.2884872425347567
13 : -2.702992076985538
14 : -2.1924104169011116
15 : 4.107816654257476
16 : -2.22043215110898
17 : -1.005583948455751
18 : -0.45578059647232294
19 : -1.1006799663882703
20 : -1.4507294427603483
21 : -2.8824011106044054
22 : -2.402808606857434
23 : 3.7645752038806677
24 : -1.4701129831373692
25 : -0.985970217268914
26 : -4.946517049800605
27 : -1.4728907607495785
28 : -1.0123847415670753
29 : -2.1536910198628902
30 : -1.6205104212276638
31 : -1.3989098258316517
32 : -4.609933609608561
33 : -1.597588978242129
34 : -1.160990463104099
35 : -1.0388827789574862
36 : -1.639108604285866
37 : -2.39065208658576
38 : -1.0915146358311176
39 : -4.430365511216223
40 : -1.0692035825923085
41 : -1.2867710590362549
42 : 0.02983192726969719
43 : -1.8279602979309857
44 : -0.9021908519789577
45 : 4.2485287389718
46 : 0.3446587868966162
47 : -2.2767449654638767
48 : 0.685247072018683
49 : 0.6618145103566349
50 : 2.935027275234461
51 : -7.0706189526245
52 : 1.037832874339074
53 : -0.06239835452288389
54 : 0.974144259467721
55 : -1.312255462165922
56 : -1.1643161363899708
57 : -1.5038179324474186
58 : -1.4263466205447912
59 : -0.9434014116413891
60 : -1.0584343932569027
61 : -5.11675064638257
62 : -1.854120308533311
63 : -5.359881310723722
64 : -1.1752852341160178
65 : -0.6944764517247677
66 : -2.4400351345539093
67 : -0.6811131043359637
68 : -0.9693373907357454
69 : -0.8143599643371999
70 : 0.5229340847581625
71 : 1.628621969372034
72 : -1.2905899155884981
73 : -4.257718231528997
74 : 1.0326970117166638
75 : -4.660892230924219
76 : -1.310575921088457
77 : -0.5988241932354867
78 : 0.18154686084017158
79 : -10.873951488407329
80 : -14.05240792920813
81 : -5.4751575365662575
82 : -0.9682942717336118
83 : -1.4092608070932329
84 : -0.4564019995741546
85 : -4.255795454606414
86 : 0.30408534221351147
87 : 9.420889728702605
88 : -0.4460905403830111
89 : -3.801870994269848
90 : -1.6313335546292365
91 : -1.3327591195702553
92 : -1.1828266559168696
93 : -0.9365572412498295
94 : -0.9053489780053496
95 : -1.5178891331888735
96 : -0.21955924481153488
97 : -0.8652989212423563
98 : -0.3092410429380834
99 : -1.1465703244321048
100 : -1.4270215891301632
101 : -1.3009468838572502
102 : -0.9858580732252449
103 : -1.5256949858739972
104 : -1.5748619586229324
105 : -2.6288177724927664
106 : -0.8638131562620401
107 : -1.0432719422969967
108 : -1.6770944138988853
109 : -0.8367023775354028
110 : -1.027851715683937
111 : -0.35296261264011264
112 : -1.2422557352110744
113 : -1.3227547463029623
114 : -1.3032636120915413
115 : -2.13126050401479
116 : -0.6822706190869212
117 : -2.473288482055068
118 : -1.6583267617970705
119 : -4.327190820127726
120 : -1.6552658379077911
121 : -8.762930890545249
122 : -18.91902941185981
123 : -2.283022716641426
124 : -5.609073777683079
125 : -2.5098114274442196
126 : -0.9896804741583765
127 : 0.06847042543813586
128 : -5.609698147047311
129 : -1.0342016038484871
130 : -0.7910426072776318
131 : -1.7696519456803799
132 : -1.579574896954
133 : -1.8070026128552854
134 : -1.345031687989831
135 : -1.1011785194277763
136 : -1.5846409788355231
137 : -3.3193044904619455
138 : -0.8759937174618244
139 : -2.230762481689453
140 : -1.8814630638808012
141 : -1.2161274799145758
142 : -2.266162651591003
143 : -0.678043507039547
144 : -0.791779428254813
145 : 0.48275710456073284
146 : -0.6100451117381454
147 : -1.491726715117693
148 : -1.2437679887516424
149 : -1.9304522704333067
150 : -0.9081651670858264
151 : -1.5978365689516068
152 : -1.5761690409854054
153 : -0.8566837264224887
154 : -1.5277420170605183
155 : -1.0238884419668466
156 : -1.3134245574474335
157 : -3.4213649798184633
158 : -1.1500627724453807
159 : -4.8606933131814
160 : -2.1493571884930134
161 : -2.7103809535037726
162 : -1.2750376593321562
163 : -1.1308994963765144
164 : -1.1023360220715404
165 : -1.124628918711096
166 : -3.7412544440012425
167 : -1.4959663092158735
168 : -1.6423355643637478
169 : -1.986819565296173
170 : -1.0064812651835382
171 : -1.7077325209975243
172 : -1.6154294479638338
173 : -1.577359165996313
174 : -1.0902849473059177
175 : -1.22419443144463
176 : -0.3234185534529388
177 : -0.9406163402600214
178 : -0.1108815697953105
179 : -1.0248619206249714
180 : -0.9381322832778096
181 : -6.452034302987158
182 : -1.8095672195777297
183 : 0.26900073513388634
184 : -1.235541742760688
185 : -1.0981815243139863
186 : -17.639173018513247
187 : -1.4135147761553526
188 : -1.8609748631715775
189 : -1.659421601332724
190 : -1.1543355588801205
191 : -1.1530901866499335
192 : -1.3413024097681046
193 : -1.658912687562406
194 : -1.2340386658906937
195 : -0.5062569035217166
196 : -1.302907969802618
197 : 7.092822527512908
198 : -2.1578242871910334
199 : -1.268502863124013
200 : -1.877859324682504
201 : -0.2698253011330962
202 : -0.8913394575938582
203 : -1.5688716801814735
204 : 3.4957090662792325
205 : -1.0846985280513763
206 : -1.0845842761918902
207 : -1.1138430745340884
208 : -6.3342036455869675
209 : -1.6784206479787827
210 : -1.3484309408813715
211 : -1.0180718880146742
212 : -0.9983887309208512
213 : -1.490509681403637
214 : 0.5868124789558351
215 : -2.4295272193849087
216 : -1.1865412127226591
217 : -2.8035607747733593
218 : -1.3693054765462875
219 : -1.5366225056350231
220 : -1.2986663933843374
221 : -1.5419300738722086
222 : -1.529708822723478
223 : -1.486574089154601
224 : 5.286906601861119
225 : -1.540970815345645
226 : -1.2395303463563323
227 : -2.9719014782458544
228 : -2.567339062690735
229 : -0.5979508925229311
230 : -1.6437980197370052
231 : -1.479321607388556
232 : -1.491721752565354
233 : -0.23585534654557705
234 : -0.19604774937033653
235 : -1.3892333405092359
236 : 0.78488983027637
237 : -7.167827092111111
238 : -1.0328365257009864
239 : -1.0398820880800486
240 : -1.4945714809000492
241 : 2.5230467724613845
242 : -1.6727400198578835
243 : 1.1521577583625913
244 : -1.8173910155892372
245 : -1.1523774564266205
246 : 6.19202805776149
247 : -1.6652510445564985
248 : -0.6143563911318779
249 : -1.9326629377901554
250 : -0.6190310139209032
251 : -2.8338091261684895
252 : -0.8180690687149763
253 : -0.950088411103934
254 : 0.5123406336642802
255 : -1.0520677734166384
256 : 0.5751324174925685
257 : -1.4960483573377132
258 : -0.9492373261600733
259 : -1.93141601793468
260 : -1.6524975411593914
261 : -1.6798875108361244
262 : 0.14985254500061274
263 : -0.14642007276415825
264 : -1.2335394364781678
265 : -1.5283461683429778
266 : -1.519335019402206
267 : -1.544534433633089
268 : -2.7975307547021657
269 : -1.41817525960505
270 : -1.5026600288692862
271 : -1.4389205537736416
272 : -0.9372206162661314
273 : -0.9538024133071303
274 : -2.6837532073259354
275 : -1.4051291942596436
276 : -1.583703264594078
277 : -1.549750522710383
278 : -1.259964062133804
279 : -3.037748551927507
280 : -0.4346112171187997
281 : -0.8865275466814637
282 : -1.4736462272703648
283 : -1.1668840385973454
284 : -1.4641690561547875
285 : -1.604463903233409
286 : -1.2728204757440835
287 : 0.6884028511121869
288 : -0.37985610868781805
289 : -0.7457024455070496
290 : -0.8708643801510334
291 : -1.2333048107102513
292 : -1.6010890379548073
293 : -1.5094554964452982
294 : -4.811106007779017
295 : -1.9254901916719973
296 : -1.2187645863741636
297 : -5.271489015780389
298 : 6.461192020447925
299 : -2.2637066543102264
300 : 2.445567898452282
301 : -1.4465222116559744
302 : -1.7865966781973839
303 : -0.14794135093688965
304 : -1.5032504834234715
305 : -0.8676366582512856
306 : -0.8288811054080725
307 : -2.7647241866216063
308 : -0.9581460850313306
309 : -1.0235080071724951
310 : -1.5264510344713926
311 : -1.5852744318544865
312 : -1.513199109584093
313 : -0.9851747127249837
314 : -3.19791641831398
315 : -1.6958106122910976
316 : -2.7921993574127555
317 : -1.3000647274311632
318 : -1.8308904734440148
319 : -1.551462646573782
320 : -0.7432146370410919
321 : -0.9829610548913479
322 : -1.6550552463158965
323 : -2.684545624535531
324 : -3.158357560634613
325 : -1.667620020918548
326 : -0.8505490906536579
327 : -1.148487463593483
328 : -5.078533507883549
329 : 0.3426528302952647
330 : -4.185637429356575
331 : -1.1926397066563368
332 : -0.514406984206289
333 : -1.4763045746367425
334 : -4.383968140929937
335 : -1.1434695932548493
336 : -1.8509742107708007
337 : -0.9752773214131594
338 : -0.9428752730600536
339 : -0.3706516567617655
340 : -1.082932135090232
341 : 0.12875238992273808
342 : -0.36671156249940395
343 : -1.5044028460979462
344 : -0.5797366262413561
345 : -1.8187525048851967
346 : -2.30583852523705
347 : -1.7905025258660316
348 : -0.7838510014116764
349 : -1.428957998752594
350 : -0.9257456014165655
351 : -2.106251369230449
352 : -0.7908074837177992
353 : -2.467379824258387
354 : -2.2232699929736555
355 : -0.17795884981751442
356 : -1.4887235974892974
357 : 5.121215089224279
358 : -1.300708890426904
359 : -1.6630592234432697
360 : -0.8506922423839569
361 : -1.231016953708604
362 : -1.689576817676425
363 : -0.8024630239233375
364 : -3.300805809441954
365 : -2.302628825418651
366 : 2.138681961223483
367 : -2.1353688267990947
368 : -0.9473205246031284
369 : -1.1501287072896957
370 : -0.13611235469579697
371 : -1.1873872987926006
372 : -1.7972184401005507
373 : -1.7451651440933347
374 : 0.2616347000002861
375 : -1.6830149367451668
376 : -0.6965128583833575
377 : -1.417137739714235
378 : -0.8391610682010651
379 : 0.9111754475161433
380 : -1.2742272075265646
381 : -1.134052287787199
382 : -6.166846416890621
383 : -4.628456051461399
384 : -2.172900792211294
385 : -6.397623894736171
386 : -1.499423430301249
387 : -1.0703145544975996
388 : -2.001043363008648
389 : 0.0977297630161047
390 : -2.0206945165991783
391 : -0.9819929397199303
392 : -1.3984867259860039
393 : 0.21339208353310823
394 : -1.3024916595313698
395 : -0.5958206783980131
396 : -1.0067336149513721
397 : -1.0037140026688576
398 : -5.426115093752742
399 : -0.380864517763257
400 : -1.7709590177983046
401 : -1.4877665196545422
402 : 1.887088602874428
403 : -0.8911408088169992
404 : -0.9540726477280259
405 : -1.1991175403818488
406 : -0.7647115548606962
407 : -6.538435352966189
408 : -1.8741317093372345
409 : -1.4080121392617002
410 : -1.2738148313947022
411 : -0.5697382325306535
412 : -1.6837082053534687
413 : -1.557652578689158
414 : -2.3116065710783005
415 : -1.5334313581697643
416 : -1.4943804773502052
417 : -1.667935837060213
418 : -1.7512026745826006
419 : -1.4141891116742045
420 : -1.7526021441444755
421 : -1.8149522533640265
422 : -1.3327568992972374
423 : -3.185412060469389
424 : -2.21800715662539
425 : 2.6297666104510427
426 : -1.4469784405082464
427 : -1.6377825327217579
428 : -1.2649828745052218
429 : -1.7547008134424686
430 : -2.879811220569536
431 : -1.157667656429112
432 : -2.1235386203043163
433 : -3.402227111160755
434 : 3.8750215807231143
435 : -2.002915001474321
436 : -1.9776034131646156
437 : -1.7753872047178447
438 : -1.0033523202873766
439 : -1.2484851675108075
440 : -1.350557817146182
441 : 4.7153964741155505
442 : -1.9649447202682495
443 : -1.68594766035676
444 : -1.39061972592026
445 : -1.7452983921393752
446 : -1.8189576901495457
447 : -1.0439717932604253
448 : -0.7935420796275139
!!! updated
449 : -1.70296386256814
450 : -1.1194731378927827
451 : -1.391856080852449
452 : -1.442438742145896
453 : -1.1066048820503056
454 : -1.1323060970753431
455 : -1.8027697801589966
Setting up 2 worker threads for Enlighten.
  Thread -> id: 7f7dd29ad700 -> priority: 1 
  Thread -> id: 7f7dd21ac700 -> priority: 1 
Traceback (most recent call last):
  File "main.py", line 123, in <module>
    returns = [episode(env, agent, i) for i in range(training_episodes)]
  File "main.py", line 123, in <listcomp>
    returns = [episode(env, agent, i) for i in range(training_episodes)]
  File "main.py", line 30, in episode
    next_state, reward, done, _ = env.step(action.numpy()[0])
  File "/home/j/jensenj/.local/lib/python3.6/site-packages/gym_unity/envs/__init__.py", line 177, in step
    self._env.step()
  File "/home/j/jensenj/.local/lib/python3.6/site-packages/mlagents_envs/timers.py", line 305, in wrapped
    return func(*args, **kwargs)
  File "/home/j/jensenj/.local/lib/python3.6/site-packages/mlagents_envs/environment.py", line 319, in step
    self._update_state(rl_output)
  File "/home/j/jensenj/.local/lib/python3.6/site-packages/mlagents_envs/environment.py", line 275, in _update_state
    agent_info_list, self._env_specs[brain_name]
  File "/home/j/jensenj/.local/lib/python3.6/site-packages/mlagents_envs/timers.py", line 305, in wrapped
    return func(*args, **kwargs)
  File "/home/j/jensenj/.local/lib/python3.6/site-packages/mlagents_envs/rpc_utils.py", line 188, in steps_from_proto
    obs_index, obs_shape, decision_agent_info_list
  File "/home/j/jensenj/.local/lib/python3.6/site-packages/mlagents_envs/timers.py", line 305, in wrapped
    return func(*args, **kwargs)
  File "/home/j/jensenj/.local/lib/python3.6/site-packages/mlagents_envs/rpc_utils.py", line 152, in _process_vector_observation
    _raise_on_nan_and_inf(np_obs, "observations")
  File "/home/j/jensenj/.local/lib/python3.6/site-packages/mlagents_envs/rpc_utils.py", line 130, in _raise_on_nan_and_inf
    raise RuntimeError(f"The {source} provided had NaN values.")
RuntimeError: The observations provided had NaN values.
2020-06-25 12:24:55 INFO [environment.py:418] Environment shut down with return code 0.
