slurmstepd-felchbach: error: Unable to create TMPDIR [/tmp/user/30108]: Permission denied
slurmstepd-felchbach: error: Setting TMPDIR to /tmp
Found path: /home/j/jensenj/PycharmProjects/Federer-Jr./src/../crawler_single/linux/dynamic_server/crawler_dynamic.x86_64
Mono path[0] = '/home/j/jensenj/PycharmProjects/Federer-Jr./src/../crawler_single/linux/dynamic_server/crawler_dynamic_Data/Managed'
Mono config path = '/home/j/jensenj/PycharmProjects/Federer-Jr./src/../crawler_single/linux/dynamic_server/crawler_dynamic_Data/MonoBleedingEdge/etc'
Preloaded 'lib_burst_generated.so'
Preloaded 'libgrpc_csharp_ext.x64.so'
Initialize engine version: 2019.3.15f1 (59ff3e03856d)
[Subsystems] Discovering subsystems at path /home/j/jensenj/PycharmProjects/Federer-Jr./src/../crawler_single/linux/dynamic_server/crawler_dynamic_Data/UnitySubsystems
Forcing GfxDevice: Null
GfxDevice: creating device client; threaded=0
NullGfxDevice:
    Version:  NULL 1.0 [1.0]
    Renderer: Null Device
    Vendor:   Unity Technologies
Begin MonoManager ReloadAssembly
- Completed reload, in  0.097 seconds
WARNING: Shader Unsupported: 'Autodesk Interactive' - All passes removed
WARNING: Shader Did you use #pragma only_renderers and omit this platform?
UnloadTime: 0.420347 ms
Fallback handler could not load library /home/j/jensenj/PycharmProjects/Federer-Jr./src/../crawler_single/linux/dynamic_server/crawler_dynamic_Data/Mono/libcoreclr.so
Fallback handler could not load library /home/j/jensenj/PycharmProjects/Federer-Jr./src/../crawler_single/linux/dynamic_server/crawler_dynamic_Data/Mono/libcoreclr.so
Fallback handler could not load library /home/j/jensenj/PycharmProjects/Federer-Jr./src/../crawler_single/linux/dynamic_server/crawler_dynamic_Data/Mono/libcoreclr.so
Fallback handler could not load library /home/j/jensenj/PycharmProjects/Federer-Jr./src/../crawler_single/linux/dynamic_server/crawler_dynamic_Data/Mono/libSystem.dylib
Fallback handler could not load library /home/j/jensenj/PycharmProjects/Federer-Jr./src/../crawler_single/linux/dynamic_server/crawler_dynamic_Data/Mono/libSystem.dylib.so
Fallback handler could not load library /home/j/jensenj/PycharmProjects/Federer-Jr./src/../crawler_single/linux/dynamic_server/crawler_dynamic_Data/Mono/libSystem.dylib
Fallback handler could not load library /home/j/jensenj/PycharmProjects/Federer-Jr./src/../crawler_single/linux/dynamic_server/crawler_dynamic_Data/Mono/libcoreclr.so
Fallback handler could not load library /home/j/jensenj/PycharmProjects/Federer-Jr./src/../crawler_single/linux/dynamic_server/crawler_dynamic_Data/Mono/libcoreclr.so
Fallback handler could not load library /home/j/jensenj/PycharmProjects/Federer-Jr./src/../crawler_single/linux/dynamic_server/crawler_dynamic_Data/Mono/libcoreclr.so
Fallback handler could not load library /home/j/jensenj/PycharmProjects/Federer-Jr./src/../crawler_single/linux/dynamic_server/crawler_dynamic_Data/Mono/libSystem.dylib
Fallback handler could not load library /home/j/jensenj/PycharmProjects/Federer-Jr./src/../crawler_single/linux/dynamic_server/crawler_dynamic_Data/Mono/libSystem.dylib.so
Fallback handler could not load library /home/j/jensenj/PycharmProjects/Federer-Jr./src/../crawler_single/linux/dynamic_server/crawler_dynamic_Data/Mono/libSystem.dylib
/home/j/jensenj/.local/lib/python3.6/site-packages/tensorboard/compat/tensorflow_stub/dtypes.py:541: FutureWarning: Passing (type, 1) or '1type' as a synonym of type is deprecated; in a future version of numpy, it will be understood as (type, (1,)) / '(1,)type'.
  _np_qint8 = np.dtype([("qint8", np.int8, 1)])
/home/j/jensenj/.local/lib/python3.6/site-packages/tensorboard/compat/tensorflow_stub/dtypes.py:542: FutureWarning: Passing (type, 1) or '1type' as a synonym of type is deprecated; in a future version of numpy, it will be understood as (type, (1,)) / '(1,)type'.
  _np_quint8 = np.dtype([("quint8", np.uint8, 1)])
/home/j/jensenj/.local/lib/python3.6/site-packages/tensorboard/compat/tensorflow_stub/dtypes.py:543: FutureWarning: Passing (type, 1) or '1type' as a synonym of type is deprecated; in a future version of numpy, it will be understood as (type, (1,)) / '(1,)type'.
  _np_qint16 = np.dtype([("qint16", np.int16, 1)])
/home/j/jensenj/.local/lib/python3.6/site-packages/tensorboard/compat/tensorflow_stub/dtypes.py:544: FutureWarning: Passing (type, 1) or '1type' as a synonym of type is deprecated; in a future version of numpy, it will be understood as (type, (1,)) / '(1,)type'.
  _np_quint16 = np.dtype([("quint16", np.uint16, 1)])
/home/j/jensenj/.local/lib/python3.6/site-packages/tensorboard/compat/tensorflow_stub/dtypes.py:545: FutureWarning: Passing (type, 1) or '1type' as a synonym of type is deprecated; in a future version of numpy, it will be understood as (type, (1,)) / '(1,)type'.
  _np_qint32 = np.dtype([("qint32", np.int32, 1)])
/home/j/jensenj/.local/lib/python3.6/site-packages/tensorboard/compat/tensorflow_stub/dtypes.py:550: FutureWarning: Passing (type, 1) or '1type' as a synonym of type is deprecated; in a future version of numpy, it will be understood as (type, (1,)) / '(1,)type'.
  np_resource = np.dtype([("resource", np.ubyte, 1)])
2020-06-25 12:03:51 INFO [environment.py:108] Connected to Unity environment with package version 1.0.2 and communication version 1.0.0
2020-06-25 12:03:51 INFO [environment.py:265] Connected new brain:
CrawlerDynamic?team=0
2020-06-25 12:03:51 WARNING [__init__.py:92] The environment contains multiple observations. You must define allow_multiple_obs=True to receive them all. Otherwise, only the first visual observation (or vector observation ifthere are no visual observations) will be provided in the observation.
/home/j/jensenj/.local/lib/python3.6/site-packages/gym/logger.py:30: UserWarning: [33mWARN: Box bound precision lowered by casting to float32[0m
  warnings.warn(colorize('%s: %s'%('WARN', msg % args), 'yellow'))
/home/j/jensenj/.local/lib/python3.6/site-packages/numpy/core/_methods.py:160: RuntimeWarning: invalid value encountered in reduce
  ret = umr_sum(arr, axis, dtype, out, keepdims)
update_time_steps: 4096 , ppo_epochs: 8 , beta:  0.001 , gamma 0.9
0 : -1.3401234783232212
1 : -1.090101848822087
2 : -1.8654623376205564
3 : -1.1030834829434752
4 : -0.7432033931836486
5 : -1.344352651387453
6 : -1.2378301369026303
7 : -2.2284867595881224
8 : 0.7518833265639842
9 : -1.688975002616644
10 : 2.40830424008891
11 : -1.1609484693035483
12 : -1.325359221547842
13 : -1.4511298015713692
14 : -0.5262003552634269
15 : -2.1428187489509583
16 : -1.232004702091217
17 : -1.2719676457345486
18 : -1.7364005856215954
19 : -1.2482796581462026
20 : -2.1619534641504288
21 : -0.8526540407910943
22 : -1.3520715944468975
23 : -1.8593509001657367
24 : 1.216230383142829
25 : -1.005376510322094
26 : -1.4148476077243686
27 : 0.20767913199961185
28 : -1.656161230057478
29 : -5.226026772521436
30 : -1.4807411907240748
31 : -1.360336518380791
32 : -1.8307554232887924
33 : -0.30582968425005674
34 : -1.5880650714971125
35 : -1.8337076418101788
36 : -1.6507648676633835
37 : -1.3086617873050272
38 : -0.6755503760650754
39 : -1.3154018661007285
40 : -0.7561032673111185
41 : -1.0845583810005337
42 : -1.4977666437625885
43 : -0.9292954234406352
44 : -1.2594332182779908
45 : 3.7898537386208773
46 : -2.2204862534999847
47 : -1.2491085156798363
48 : -1.318935751914978
49 : -1.5386493988335133
50 : 0.7955057551153004
51 : -1.1962858024053276
52 : -0.550909866578877
53 : -1.5011876728385687
54 : -0.9725779974833131
55 : -0.8912619072943926
56 : -1.1473210472613573
57 : -1.150303427129984
58 : -1.290672943694517
59 : -2.2045034617185593
60 : -1.1536625977605581
61 : -0.28111135214567184
62 : -0.27441984973847866
63 : -2.2294002398848534
64 : -3.2289142850786448
65 : -1.6300239749252796
66 : -1.0489265909418464
67 : -0.8902764869853854
68 : -1.3649302273988724
69 : -1.1616450995206833
70 : -1.4941928684711456
71 : -1.1306991388555616
72 : -0.22734288405627012
73 : -1.1485748114064336
74 : -1.4891659484710544
75 : -1.0945417578332126
76 : 1.03100392408669
77 : -1.3608822328969836
78 : -5.159497153945267
79 : -0.9340773243457079
80 : -2.6828165678307414
81 : -2.549443674273789
82 : -0.6113357106223702
83 : -1.3237609695643187
84 : 1.4466581991873682
85 : -1.182203316129744
86 : -11.102919166907668
87 : -2.0194704607129097
88 : -2.4341535568237305
89 : -1.356220679357648
90 : -0.6536584347486496
91 : -1.0463937660679221
92 : -0.5706234406679869
93 : 1.6315442649647593
94 : -1.9034739825874567
95 : -1.1235590558499098
96 : -1.4399074828252196
97 : -1.5184045899659395
98 : -1.9570486638695002
99 : -1.376746291294694
100 : -1.0206299545243382
101 : -1.6115739569067955
102 : -1.2836611215025187
103 : -1.1239568497985601
104 : -1.597685769200325
105 : -1.1420101299881935
106 : -0.9957166956737638
107 : -1.4086855789646506
108 : -1.4266687352210283
109 : -3.7030015499331057
110 : -1.0405263034626842
111 : -0.8664801139384508
112 : -1.2179268151521683
113 : -0.5720791928470135
114 : -1.25483080977574
115 : -0.8470708865206689
116 : -1.729918111115694
117 : -1.4573193937540054
118 : -1.4722657911479473
119 : -1.3676441088318825
120 : -1.749567000195384
121 : -2.9780828151851892
122 : -4.060984528623521
123 : -0.6585141411051154
124 : -1.3939413372427225
125 : -1.836261825170368
126 : -1.4353770604357123
127 : -1.7867518160492182
128 : -1.544047536328435
129 : -0.701350525021553
130 : -1.1575911901891232
131 : -1.418224573135376
132 : 3.0252583692781627
133 : -2.112092024181038
134 : -1.0138343633152544
135 : -1.2998485071584582
136 : 2.589702636934817
137 : -1.4470784477889538
138 : -1.0242138467729092
139 : 1.3953308258205652
140 : -1.0748271336778998
141 : -0.46004028199240565
142 : -0.8556580133736134
143 : -0.728206449188292
144 : -0.9550890061073005
145 : -1.27720762277022
146 : -0.8729880694299936
147 : -1.4950019791722298
148 : -1.895393967628479
149 : -1.4772331714630127
150 : -0.8039834043011069
151 : -1.0129331918433309
152 : -1.2168075842782855
153 : -1.0922635551542044
154 : 2.0842061899602413
155 : -2.030120726674795
156 : -3.614491631742567
157 : -3.0558367678895593
158 : -1.1631420408375561
159 : -1.1455673621967435
160 : -1.5492508639581501
161 : -3.436811361461878
162 : -1.318793311715126
163 : -4.807745245285332
164 : -3.4616683907806873
165 : -1.0666434725280851
166 : -1.4180261753499508
167 : -1.510405519977212
168 : -0.9141740752384067
169 : -1.497969082556665
170 : 2.9586200257763267
171 : -1.8742374032735825
172 : -1.748462657444179
173 : -1.3611876852810383
174 : 2.627732828259468
175 : -2.2170972675085068
176 : -1.1110912789590657
177 : -1.217171702068299
178 : -1.0769583005458117
179 : -1.1088315043598413
180 : -0.7992423526011407
181 : -1.2703008353710175
182 : -1.330856891348958
183 : -1.4895787425339222
184 : -5.8365007899701595
185 : -4.141693369485438
186 : -1.9362865686416626
187 : -2.6333627067506313
188 : -1.693123453296721
189 : -1.7550409277901053
190 : -1.2268757745623589
191 : -0.8118629935197532
192 : -4.792973631527275
193 : -1.227543082088232
194 : -0.7932665320113301
195 : 0.235389556735754
196 : -1.6205967795103788
197 : 1.1868757959455252
198 : -1.6652107499539852
199 : -0.68088907469064
200 : -2.205247218720615
201 : -1.5999821261502802
202 : -0.9078268576413393
203 : -0.7312082666903734
204 : -1.4297591671347618
205 : -0.9429727345705032
206 : -1.6788355112075806
207 : -4.012810006737709
208 : 0.3057005973532796
209 : 4.473918873816729
210 : -1.5853057950735092
211 : 0.9357682950794697
212 : -1.752078516408801
213 : -1.3671452768612653
214 : 3.2455403581261635
215 : -1.13209059368819
216 : -0.9215523414313793
217 : -1.008703759405762
218 : -0.9215563866309822
219 : -2.8730682416353375
220 : -0.48568025999702513
221 : -0.7004745872691274
222 : -1.2851545624434948
223 : -1.473762210458517
224 : -0.9905701344832778
225 : -1.2035741275176406
226 : -3.241780884563923
227 : -0.6159580335952342
228 : -2.154435607837513
229 : -1.1130708456039429
230 : -0.983262553345412
231 : -1.166737264022231
232 : -0.8450358472764492
233 : -0.8640410024672747
234 : -1.511078956304118
235 : -8.135158387944102
236 : -2.0258050062693655
237 : -1.4873121101409197
238 : -0.8502480564638972
239 : -0.7511114683002234
240 : -1.2837317837402225
241 : -2.652630388736725
242 : -0.9672211557626724
243 : 0.16532465256750584
244 : -1.3713681437075138
245 : -0.680117507930845
246 : -1.888905618339777
247 : -1.6000025235116482
248 : -2.322116114664823
249 : 1.228736174525693
250 : -1.0016783270984888
251 : -1.1650192152010277
252 : -1.2973627774044871
253 : 1.2690674527548254
254 : -1.11933766445145
255 : -0.8981466498225927
256 : -1.0158397238701582
257 : -2.087102085351944
258 : -1.2793859783560038
259 : -1.3418325334787369
260 : -3.8176679722964764
261 : -2.0032246885821223
262 : -1.1606589371804148
263 : -0.8559623919427395
264 : -0.973030935972929
265 : -1.1452941108727828
266 : -2.931023947894573
267 : -1.1734093739651144
268 : -1.6533044753596187
269 : -1.0982923783594742
270 : -4.755911824759096
271 : -1.763928659260273
272 : -0.611964994110167
273 : -0.9157790085300803
274 : -2.627826609183103
275 : -1.605257771909237
276 : -5.404572371393442
277 : -1.6891256012022495
278 : -0.5301956003531814
279 : -4.087240465916693
280 : -3.2424852335825562
281 : -0.6330676767975092
282 : -1.104603142477572
!!! updated
283 : -2.333981478586793
284 : -1.5341351851820946
285 : -0.6557860039174557
286 : -0.8484360079746693
Setting up 2 worker threads for Enlighten.
  Thread -> id: 7f74437fe700 -> priority: 1 
  Thread -> id: 7f7442ffd700 -> priority: 1 
Traceback (most recent call last):
  File "main.py", line 123, in <module>
    returns = [episode(env, agent, i) for i in range(training_episodes)]
  File "main.py", line 123, in <listcomp>
    returns = [episode(env, agent, i) for i in range(training_episodes)]
  File "main.py", line 30, in episode
    next_state, reward, done, _ = env.step(action.numpy()[0])
  File "/home/j/jensenj/.local/lib/python3.6/site-packages/gym_unity/envs/__init__.py", line 177, in step
    self._env.step()
  File "/home/j/jensenj/.local/lib/python3.6/site-packages/mlagents_envs/timers.py", line 305, in wrapped
    return func(*args, **kwargs)
  File "/home/j/jensenj/.local/lib/python3.6/site-packages/mlagents_envs/environment.py", line 319, in step
    self._update_state(rl_output)
  File "/home/j/jensenj/.local/lib/python3.6/site-packages/mlagents_envs/environment.py", line 275, in _update_state
    agent_info_list, self._env_specs[brain_name]
  File "/home/j/jensenj/.local/lib/python3.6/site-packages/mlagents_envs/timers.py", line 305, in wrapped
    return func(*args, **kwargs)
  File "/home/j/jensenj/.local/lib/python3.6/site-packages/mlagents_envs/rpc_utils.py", line 188, in steps_from_proto
    obs_index, obs_shape, decision_agent_info_list
  File "/home/j/jensenj/.local/lib/python3.6/site-packages/mlagents_envs/timers.py", line 305, in wrapped
    return func(*args, **kwargs)
  File "/home/j/jensenj/.local/lib/python3.6/site-packages/mlagents_envs/rpc_utils.py", line 152, in _process_vector_observation
    _raise_on_nan_and_inf(np_obs, "observations")
  File "/home/j/jensenj/.local/lib/python3.6/site-packages/mlagents_envs/rpc_utils.py", line 130, in _raise_on_nan_and_inf
    raise RuntimeError(f"The {source} provided had NaN values.")
RuntimeError: The observations provided had NaN values.
2020-06-25 12:08:47 INFO [environment.py:418] Environment shut down with return code 0.
