slurmstepd-haselgraben: error: Unable to create TMPDIR [/tmp/user/30108]: Permission denied
slurmstepd-haselgraben: error: Setting TMPDIR to /tmp
Found path: /home/j/jensenj/PycharmProjects/Federer-Jr./src/../crawler_single/linux/dynamic_server/crawler_dynamic.x86_64
Mono path[0] = '/home/j/jensenj/PycharmProjects/Federer-Jr./src/../crawler_single/linux/dynamic_server/crawler_dynamic_Data/Managed'
Mono config path = '/home/j/jensenj/PycharmProjects/Federer-Jr./src/../crawler_single/linux/dynamic_server/crawler_dynamic_Data/MonoBleedingEdge/etc'
Preloaded 'lib_burst_generated.so'
Preloaded 'libgrpc_csharp_ext.x64.so'
Initialize engine version: 2019.3.15f1 (59ff3e03856d)
[Subsystems] Discovering subsystems at path /home/j/jensenj/PycharmProjects/Federer-Jr./src/../crawler_single/linux/dynamic_server/crawler_dynamic_Data/UnitySubsystems
Forcing GfxDevice: Null
GfxDevice: creating device client; threaded=0
NullGfxDevice:
    Version:  NULL 1.0 [1.0]
    Renderer: Null Device
    Vendor:   Unity Technologies
Begin MonoManager ReloadAssembly
- Completed reload, in  0.114 seconds
WARNING: Shader Unsupported: 'Autodesk Interactive' - All passes removed
WARNING: Shader Did you use #pragma only_renderers and omit this platform?
UnloadTime: 0.418892 ms
Fallback handler could not load library /home/j/jensenj/PycharmProjects/Federer-Jr./src/../crawler_single/linux/dynamic_server/crawler_dynamic_Data/Mono/libcoreclr.so
Fallback handler could not load library /home/j/jensenj/PycharmProjects/Federer-Jr./src/../crawler_single/linux/dynamic_server/crawler_dynamic_Data/Mono/libcoreclr.so
Fallback handler could not load library /home/j/jensenj/PycharmProjects/Federer-Jr./src/../crawler_single/linux/dynamic_server/crawler_dynamic_Data/Mono/libcoreclr.so
Fallback handler could not load library /home/j/jensenj/PycharmProjects/Federer-Jr./src/../crawler_single/linux/dynamic_server/crawler_dynamic_Data/Mono/libSystem.dylib
Fallback handler could not load library /home/j/jensenj/PycharmProjects/Federer-Jr./src/../crawler_single/linux/dynamic_server/crawler_dynamic_Data/Mono/libSystem.dylib.so
Fallback handler could not load library /home/j/jensenj/PycharmProjects/Federer-Jr./src/../crawler_single/linux/dynamic_server/crawler_dynamic_Data/Mono/libSystem.dylib
Fallback handler could not load library /home/j/jensenj/PycharmProjects/Federer-Jr./src/../crawler_single/linux/dynamic_server/crawler_dynamic_Data/Mono/libcoreclr.so
Fallback handler could not load library /home/j/jensenj/PycharmProjects/Federer-Jr./src/../crawler_single/linux/dynamic_server/crawler_dynamic_Data/Mono/libcoreclr.so
Fallback handler could not load library /home/j/jensenj/PycharmProjects/Federer-Jr./src/../crawler_single/linux/dynamic_server/crawler_dynamic_Data/Mono/libcoreclr.so
Fallback handler could not load library /home/j/jensenj/PycharmProjects/Federer-Jr./src/../crawler_single/linux/dynamic_server/crawler_dynamic_Data/Mono/libSystem.dylib
Fallback handler could not load library /home/j/jensenj/PycharmProjects/Federer-Jr./src/../crawler_single/linux/dynamic_server/crawler_dynamic_Data/Mono/libSystem.dylib.so
Fallback handler could not load library /home/j/jensenj/PycharmProjects/Federer-Jr./src/../crawler_single/linux/dynamic_server/crawler_dynamic_Data/Mono/libSystem.dylib
/home/j/jensenj/.local/lib/python3.6/site-packages/tensorboard/compat/tensorflow_stub/dtypes.py:541: FutureWarning: Passing (type, 1) or '1type' as a synonym of type is deprecated; in a future version of numpy, it will be understood as (type, (1,)) / '(1,)type'.
  _np_qint8 = np.dtype([("qint8", np.int8, 1)])
/home/j/jensenj/.local/lib/python3.6/site-packages/tensorboard/compat/tensorflow_stub/dtypes.py:542: FutureWarning: Passing (type, 1) or '1type' as a synonym of type is deprecated; in a future version of numpy, it will be understood as (type, (1,)) / '(1,)type'.
  _np_quint8 = np.dtype([("quint8", np.uint8, 1)])
/home/j/jensenj/.local/lib/python3.6/site-packages/tensorboard/compat/tensorflow_stub/dtypes.py:543: FutureWarning: Passing (type, 1) or '1type' as a synonym of type is deprecated; in a future version of numpy, it will be understood as (type, (1,)) / '(1,)type'.
  _np_qint16 = np.dtype([("qint16", np.int16, 1)])
/home/j/jensenj/.local/lib/python3.6/site-packages/tensorboard/compat/tensorflow_stub/dtypes.py:544: FutureWarning: Passing (type, 1) or '1type' as a synonym of type is deprecated; in a future version of numpy, it will be understood as (type, (1,)) / '(1,)type'.
  _np_quint16 = np.dtype([("quint16", np.uint16, 1)])
/home/j/jensenj/.local/lib/python3.6/site-packages/tensorboard/compat/tensorflow_stub/dtypes.py:545: FutureWarning: Passing (type, 1) or '1type' as a synonym of type is deprecated; in a future version of numpy, it will be understood as (type, (1,)) / '(1,)type'.
  _np_qint32 = np.dtype([("qint32", np.int32, 1)])
/home/j/jensenj/.local/lib/python3.6/site-packages/tensorboard/compat/tensorflow_stub/dtypes.py:550: FutureWarning: Passing (type, 1) or '1type' as a synonym of type is deprecated; in a future version of numpy, it will be understood as (type, (1,)) / '(1,)type'.
  np_resource = np.dtype([("resource", np.ubyte, 1)])
2020-06-25 12:24:51 INFO [environment.py:108] Connected to Unity environment with package version 1.0.2 and communication version 1.0.0
2020-06-25 12:24:51 INFO [environment.py:265] Connected new brain:
CrawlerDynamic?team=0
2020-06-25 12:24:51 WARNING [__init__.py:92] The environment contains multiple observations. You must define allow_multiple_obs=True to receive them all. Otherwise, only the first visual observation (or vector observation ifthere are no visual observations) will be provided in the observation.
update_time_steps: 10240 , ppo_epochs: 2 , beta:  0.001 , gamma 0.9
0 : -0.7244982537813485
1 : 3.235837620217353
2 : 0.10322043672204018
3 : -1.4446845799684525
4 : -0.7939931442961097
5 : -1.0912275705486536
6 : 0.004099668003618717
7 : 6.4841205310076475
8 : -1.4372299555689096
9 : -1.324051623698324
10 : -0.8782639000564814
11 : -1.7385928926523775
12 : -1.82945348136127
13 : -0.856693550478667
14 : -8.012369707226753
15 : -2.992545660585165
16 : -1.828371949493885
17 : 6.163538349792361
18 : -1.4611784473527223
19 : -3.0286416187882423
20 : -1.2087566547561437
21 : -2.079786527901888
22 : -1.2107875142246485
23 : -0.8811165476217866
24 : -1.1043085604906082
25 : -1.2693017860874534
26 : -1.2485470329411328
27 : -0.7041384447365999
28 : -1.6432593306526542
29 : -0.9582298211753368
30 : 3.302688925061375
31 : -2.005881092045456
32 : -2.9468304086476564
33 : 4.676737575326115
34 : 2.7726578041911125
35 : -1.1345522999763489
36 : -0.9798101857304573
37 : -4.523582899942994
38 : -5.8439685851335526
39 : -1.0652287052944303
40 : -0.6540363570675254
41 : -3.3632506262511015
42 : -1.385237742215395
43 : -1.0056742085143924
44 : -2.5050419103354216
45 : -0.883423825725913
46 : -0.42521131224930286
47 : -1.511147042736411
48 : -1.454526870045811
49 : -0.9428850484546274
50 : -5.116682404652238
51 : 7.059762603370473
52 : 2.914656400680542
53 : -1.2142412029206753
54 : -0.9009510232135653
55 : -2.047589085996151
56 : 1.9236502666026354
57 : -1.7356489468365908
58 : -1.2989583797752857
59 : -1.5497147673740983
60 : -2.1370013034902513
61 : -3.110552883706987
62 : -1.8453688994050026
63 : -1.2545513333752751
64 : -1.421512016095221
65 : -0.7392667015083134
66 : -1.1446454413235188
67 : -1.2551585137844086
68 : -1.773326002061367
69 : -0.811551689170301
70 : 1.5570108694955707
71 : -2.866581978276372
72 : 1.0465238890610635
73 : -1.5099429679103196
74 : -2.2204130217432976
75 : -3.191466350283008
76 : -0.10651746578514576
77 : -1.2756562661379576
78 : -3.7427496812306345
79 : 0.622628690674901
80 : -0.9951612870208919
81 : -1.6146361092105508
82 : -0.5455137006938457
83 : 8.18180451495573
84 : -1.60036151856184
85 : -0.8038793969899416
86 : -4.990603709593415
87 : -0.7611471558630001
88 : -0.6052549201995134
89 : -0.7062127473764122
90 : -1.7938116900622845
91 : -1.2970157288946211
92 : -0.8267553672194481
93 : -1.6509906277060509
94 : -1.7036575935781002
95 : -1.0208603711798787
96 : -0.8368101771920919
97 : -1.1311995030846447
98 : -0.7448049653321505
99 : -1.244951422791928
100 : -1.2048802468925714
101 : -1.7561852913349867
102 : -1.2825053539127111
103 : -0.04036077205091715
104 : 1.170476519037038
105 : -2.526419660076499
106 : -2.3047422915697098
107 : 3.414295045658946
108 : -2.0406660363078117
109 : -0.7506116917356849
110 : 0.8295073676854372
111 : -3.6051673400215805
112 : -4.140547960996628
113 : -1.6123400051146746
114 : -2.4911719197407365
115 : -1.6750499187037349
116 : -1.031133950687945
117 : -1.6103688552975655
118 : -1.632463320158422
119 : -2.1792518757283688
120 : -3.6137830482330173
121 : -1.137407511472702
122 : -0.6538532809354365
123 : -2.687947988510132
124 : 0.6064527714625001
125 : 0.0903707817196846
126 : -1.362152287736535
127 : -0.6096214978024364
128 : -2.4823541156947613
129 : -0.9520717579871416
130 : -1.2017586892470717
131 : -0.7372355228289962
132 : -0.5117148272693157
133 : -4.808637199923396
134 : -1.6080853790044785
135 : -1.9154821997508407
136 : -1.5008743964135647
137 : -0.7944279066286981
138 : -3.1293512312695384
139 : -1.0439859684556723
140 : 0.5478778136894107
141 : -1.4365245352964848
142 : -0.20901609910652041
143 : -1.3280604127794504
144 : -1.410077953711152
145 : -2.349130871705711
146 : -0.8715566257014871
147 : -1.40439885109663
148 : -2.0998648200184107
149 : -1.3619278147816658
150 : 0.8798623064067215
151 : -0.8986308025196195
152 : -1.374863070435822
153 : -1.4016646910458803
154 : -3.9813620462082326
155 : 0.852588614448905
156 : -1.5995018929243088
157 : -4.394577679340728
158 : -1.2385827787220478
159 : 0.1526662684045732
160 : -2.3196855841670185
161 : 8.45896096713841
162 : -3.4904087926261127
163 : -1.2755492627620697
164 : -0.5246315384283662
165 : 0.868385958019644
166 : -1.3979836548678577
167 : -1.9713050980353728
168 : -2.7202516105026007
169 : -3.0872090803459287
170 : -1.0900121666491032
171 : -1.14695403422229
172 : -0.4365265816450119
173 : -0.5629158780211583
174 : 0.9785716962069273
175 : -6.523104792460799
176 : -1.1478921119123697
177 : 0.889973514713347
178 : -1.0571067463606596
179 : 1.3956330111250281
180 : -1.4771555149927735
181 : -0.746462516952306
182 : -2.540987620159285
183 : -1.0217952029779553
184 : -0.7635034690611064
185 : -4.242466827854514
186 : -4.971368717961013
187 : -3.9843155294656754
188 : 1.6905540777370334
189 : -0.04744200920686126
190 : -2.186222476651892
191 : -1.5023325495421886
192 : -4.829667362791952
193 : -1.4295448027551174
194 : 3.5633218055590987
195 : 0.412334474734962
196 : -1.3774014944210649
197 : -1.708322312682867
198 : -1.9523127935826778
199 : -0.27223970531485975
200 : -2.475002631545067
201 : -1.9476016163825989
202 : -0.7328412886708975
203 : -3.8036815356463194
204 : -0.9643806526437402
205 : -1.7099426770582795
206 : -1.3148825471289456
207 : -1.5965493535622954
208 : -1.0335148237645626
209 : 0.355292203836143
210 : -1.6165383777115494
211 : -1.02884915843606
212 : -1.6110373260453343
213 : 7.993777289520949
214 : 4.039150966331363
215 : -0.6827280619181693
216 : -1.2257689968682826
217 : -1.2058729318669066
218 : -1.3107355549000204
219 : 1.0562585750594735
220 : -0.9572353027760983
221 : -0.9495715349912643
222 : -1.268440910615027
223 : -5.353444820269942
224 : -1.170934827066958
225 : -1.7249838598072529
226 : -1.313538409769535
227 : -1.008981834165752
228 : -1.4623915292322636
229 : 1.8110414808616042
230 : 0.24316168064251542
231 : 2.2854917810764164
232 : -1.6965944468975067
233 : -1.671715663280338
234 : -0.9438059814274311
235 : -0.8756577260792255
236 : -0.7341767936013639
237 : -1.571618807502091
238 : -1.7013329453766346
239 : -1.4572631306946278
240 : -0.6229973463341594
241 : 6.221620316617191
242 : 2.3344248640350997
243 : -2.0148186162114143
244 : 4.124497169395909
245 : -0.8974856287240982
246 : -1.7593214018270373
247 : 0.2218393376097083
248 : -0.9615200087428093
249 : -1.0543015850707889
250 : 5.8406857419759035
251 : -1.53746605431661
252 : -1.569350809790194
253 : -0.9690179415047169
254 : -4.42224916536361
255 : -3.538916374091059
256 : 2.4054193180054426
257 : -1.4896928556263447
258 : -0.7304017972201109
259 : -3.099863611161709
260 : -1.6840433981269598
261 : -0.4023171095177531
262 : -1.4582316246815026
263 : -1.3813328221440315
264 : -0.9498553371522576
265 : -1.9192948644049466
266 : -1.820467161014676
267 : -2.677118699066341
268 : 0.40954156778752804
269 : -1.5372032392770052
270 : -1.2139789331704378
271 : -0.7960692523047328
272 : 2.1119221821427345
273 : -1.3476405693218112
274 : -1.4229643791913986
275 : -1.3259562700986862
276 : 5.068379795178771
277 : -2.4217257276177406
278 : -1.9916225112974644
279 : -1.3601060025393963
280 : -0.4189853076823056
281 : -1.0818379148840904
282 : -0.9734649006277323
283 : -0.8638609778136015
284 : -0.5075187059119344
285 : -2.21559149492532
286 : -1.520411429926753
287 : -2.0042639235034585
288 : -0.13224497600458562
289 : -1.3246226590126753
290 : 0.003997893538326025
291 : -2.6876077633351088
292 : 1.0841014115139842
293 : 0.06352829048410058
294 : 4.545545858796686
295 : -1.056234449148178
296 : -3.9889553487300873
297 : -2.0523209273815155
298 : 0.4470642786473036
299 : -0.7127840667963028
300 : -1.5374129908159375
301 : -1.7752859890460968
302 : -0.9353877464309335
303 : -0.9586208229884505
304 : -0.6403248286806047
305 : -0.2620712851639837
306 : -2.8775646933354437
307 : -1.292275745421648
308 : 3.922296066302806
309 : -1.2376219355501235
310 : -0.7215655669569969
311 : -1.4043690608814359
312 : -1.6841792073100805
313 : -0.12942380039021373
314 : 2.614530887454748
315 : 9.757317212410271
316 : 0.6026931535452604
317 : -1.6030021687038243
318 : -1.4096522247418761
319 : 0.3348377551883459
320 : -1.6404389888048172
321 : -1.4978298731148243
322 : -0.4995647077448666
323 : 1.9065373996272683
324 : -1.5869901161640882
325 : -1.2137284860946238
326 : -0.581158148124814
327 : 0.6551046883687377
328 : -1.212383672595024
329 : -0.11914963973686099
330 : -1.3141877707093954
331 : -1.7813721001148224
332 : -0.6444094059988856
333 : -1.537296086549759
334 : -4.175427803769708
335 : -1.6126675140112638
336 : -0.8201103154569864
337 : 3.36367250001058
338 : -2.0544656924903393
339 : -0.7471149228513241
340 : 0.8028871165588498
341 : -2.222854976542294
342 : -3.5022403644397855
343 : -2.0263265885878354
344 : -2.1325593451038003
345 : -0.9801484872587025
346 : -1.3898096941411495
347 : -1.7138240449130535
348 : 3.9390826243907213
349 : -2.0091262701898813
350 : -0.9187158565036952
351 : -1.8133305329829454
352 : -3.153824044391513
353 : -1.7337425705045462
354 : -0.6913713926915079
355 : -1.6925815790891647
356 : -1.1977895610034466
357 : -13.418005294632167
358 : -1.6201636921614408
359 : -1.1503862626850605
360 : -1.3536612624302506
361 : -0.10099842445924878
362 : -0.1282242324668914
363 : -2.315577331930399
364 : -1.5189238442108035
365 : -0.03369516413658857
366 : -0.9455124936066568
367 : -0.6817536279559135
368 : -1.1764130722731352
369 : -0.5870159035548568
370 : -1.4678307669237256
371 : -1.0314281503669918
372 : -2.164586640894413
373 : -1.188243887387216
374 : -1.4040431827306747
375 : -1.717796664685011
376 : -1.3370862416923046
377 : 0.1318631563335657
378 : -1.502666188403964
379 : 0.28624865086749196
380 : -1.7436879184097052
381 : -1.2473714738152921
382 : -0.44160973746329546
383 : -1.1478603947907686
384 : -1.7942143147811294
385 : -0.7497678101062775
386 : -2.136175900697708
387 : 0.25296682119369507
388 : -1.9904809826985002
389 : -1.3482436896301806
390 : -1.4609521618112922
391 : 3.317385321483016
392 : -0.6646324396133423
393 : -0.9792923699133098
394 : 0.5181986521929502
395 : -6.6566880703903735
396 : -3.305306388065219
397 : 7.372484759893268
398 : -1.9025499378331006
399 : -4.7099055256694555
400 : -1.278027549298713
401 : -1.5786869931034744
402 : -1.7785086892545223
403 : -0.9374784603714943
404 : -1.5162062123417854
405 : -1.71267868578434
406 : -1.1787857059389353
407 : -0.8580412757582963
408 : -2.032498423010111
409 : -0.9732780575286597
410 : -1.028966155834496
411 : 12.332533865468577
412 : 1.12284379824996
413 : -4.167574943508953
414 : -1.7237514965236187
415 : -1.0192424366250634
416 : -0.9328168365173042
417 : -7.069075507577509
418 : -7.106770454905927
419 : -1.5364934355020523
420 : 1.7440805602818727
421 : -2.736080418806523
422 : -1.6857096198946238
423 : -1.180598113220185
424 : -1.553786225616932
425 : -0.8890711832791567
426 : -0.8198763220570982
427 : -0.7768330005928874
428 : -2.8676518159918487
429 : -1.2999279294162989
430 : -0.8364057531580329
431 : -1.7077291384339333
432 : 1.0244197747670114
433 : -1.560900017619133
434 : -1.4340216564014554
435 : -2.384880281984806
436 : -1.4888442195951939
437 : -1.4228897951543331
438 : -0.28141856007277966
439 : -1.7408244796097279
440 : -1.4134050281718373
441 : -1.577653570100665
442 : -2.661644823849201
443 : -1.5817722901701927
444 : -1.5798641107976437
445 : -1.2592683667317033
446 : -3.237372090574354
447 : -0.09606893546879292
448 : 1.2815967295318842
449 : -8.839190012775362
450 : -1.4029563888907433
451 : -1.27148396987468
452 : -0.9049080004915595
453 : 0.8247074419632554
454 : -1.6987705081701279
455 : -2.1191718988120556
456 : -0.9431010214611888
457 : -0.28574726171791553
458 : -1.6139955343678594
459 : -1.8382111117243767
460 : -3.2791990833356977
461 : -1.5163801722228527
462 : 4.6897762874141335
463 : -1.2797205751994625
464 : -1.4422188000753522
465 : 3.5996241057291627
466 : 0.47943817637860775
467 : -1.6817068792879581
468 : -2.3269526115618646
469 : -1.4458672450855374
470 : 0.0695410892367363
471 : -1.6579141886904836
472 : -0.5801743203774095
473 : -0.9915098119527102
474 : -2.206422880291939
475 : -8.105198588222265
476 : -1.0618914980441332
477 : -1.4271129830740392
478 : -3.0606625452637672
479 : -2.1108426824212074
480 : -2.762457022909075
481 : -0.3182350005954504
482 : -0.9251718474552035
483 : 2.7299300958402455
484 : -0.566516786813736
485 : -2.211772747337818
486 : -0.024625873658806086
487 : 0.18251833971589804
488 : -1.0075968988239765
489 : -1.5246038436889648
490 : -7.864892013836652
491 : -1.4878044766373932
492 : -4.768009353429079
493 : -1.2957999468781054
494 : -0.9131263280287385
495 : -5.0034187491983175
496 : -1.4583586687222123
497 : -3.8250481449067593
498 : -1.5413430500775576
499 : -1.172199766151607
500 : -1.0226933248341084
501 : -1.6253918651491404
502 : -3.940532789565623
503 : -1.0323841571807861
504 : -0.8107862379401922
!!! updated
505 : 4.2411180067574605
506 : -1.0032882587984204
507 : -4.007564924657345
508 : -1.6223487630486488
509 : 0.7465292182751
510 : -0.7695713639259338
511 : -3.8323967307806015
512 : -1.8944410160183907
513 : 0.8977957908064127
514 : -1.3551539108157158
515 : -2.356030158698559
516 : -1.3060578387230635
517 : -0.9092851581517607
518 : -0.9499846729449928
519 : 0.7144707292318344
520 : -1.2241009860299528
521 : 0.7914615301415324
522 : -1.0202855439856648
523 : -1.8249021768569946
524 : -1.37911491189152
525 : -1.3080534579930827
526 : -1.3349064062349498
527 : 0.7402808438055217
528 : -1.0247932528145611
529 : 1.8147424049675465
530 : -1.0985700846649706
531 : -1.608204374788329
532 : -0.9095831271260977
533 : -3.8341120705008507
534 : -0.8061086158268154
535 : -1.9036009814590216
536 : -1.9015359580516815
537 : -0.2920779502019286
538 : -1.0046665109694004
539 : -1.9208124186843634
540 : -1.6328672170639038
541 : -2.3329105712473392
542 : -1.0267733461223543
543 : 0.03139259293675423
544 : -0.9979101084172726
545 : 0.7348893694579601
546 : -1.506072849035263
547 : 1.377203956246376
548 : -0.9867699705064297
549 : -2.480808027088642
550 : -0.7716634050011635
551 : -3.3653351813554764
552 : -1.2573872106149793
553 : 0.37111389823257923
554 : -1.734298214316368
555 : -2.4167829528450966
556 : -0.9693608772940934
557 : 1.5876589203253388
558 : -2.012186262756586
559 : 1.7277870438992977
560 : -1.037224997067824
561 : -3.81134295463562
562 : -1.059736382914707
563 : -2.7504783645272255
564 : -1.2246409247163683
565 : -2.775905564427376
566 : -1.2280627395957708
567 : -3.077104941010475
568 : -1.6522194998105988
569 : -2.6537151783704758
570 : -0.9215056281536818
571 : -3.965005837380886
572 : -1.355401150882244
573 : 1.0166458487510681
574 : -1.0464233802631497
575 : -3.9136013984680176
576 : -1.3338358169421554
577 : -3.932781867682934
578 : -1.5240113139152527
579 : -3.487677250057459
580 : -0.9939135480672121
581 : 0.4525973331183195
582 : -0.9601563201285899
583 : 1.53816163726151
584 : -1.118067747913301
585 : 1.64143848977983
586 : -1.8274486437439919
587 : -3.8850188851356506
588 : -1.894794687628746
589 : -2.7164284624159336
590 : -0.8780480246059597
591 : 1.0192456282675266
592 : -0.8505400652065873
593 : 1.7907297611236572
594 : -1.526718683540821
595 : -3.0688866153359413
596 : -1.8057528361678123
597 : -1.2216714532114565
598 : -1.9382404461503029
599 : -2.322278678417206
600 : -0.788316894788295
601 : 1.6767402961850166
602 : -0.8703727899119258
603 : 1.656999639235437
604 : -0.9262506398372352
605 : -3.3318381160497665
606 : -1.0979708600789309
607 : -3.7820532619953156
608 : -0.9346127547323704
609 : -3.8989609107375145
610 : -1.4981738962233067
611 : -3.8467075303196907
612 : -1.000270776450634
613 : -2.4884542115032673
614 : -1.8115203082561493
615 : -1.1864291040692478
616 : -1.5753989517688751
617 : 1.7403082679957151
618 : -2.035378947854042
619 : -3.7993862107396126
620 : -1.7117359042167664
621 : -2.4613533690571785
622 : -1.6411315202713013
623 : 0.8935364298522472
624 : -1.723616398870945
625 : -0.21979077346622944
626 : -1.9486276507377625
627 : 1.388594995252788
628 : -0.7189079858362675
629 : -0.22766142152249813
630 : -1.701600857079029
631 : 1.7327761761844158
632 : -1.2461394369602203
633 : -3.889460049569607
634 : -1.242075553163886
635 : 0.09218803606927395
636 : -1.0187297686934471
637 : -3.1304595172405243
638 : -1.344643011689186
639 : 0.8975540306419134
640 : -0.9711333299055696
641 : -0.9270466826856136/home/j/jensenj/.local/lib/python3.6/site-packages/gym/logger.py:30: UserWarning: [33mWARN: Box bound precision lowered by casting to float32[0m
  warnings.warn(colorize('%s: %s'%('WARN', msg % args), 'yellow'))

642 : -2.1661845296621323
643 : -3.3704905807971954
644 : -1.200006540864706
645 : -0.950547986663878
646 : -0.8114515100605786
647 : -2.9437799900770187
648 : -0.9123900760896504
649 : 0.4069670424796641
650 : -1.094477879581973
651 : -2.588619288057089
652 : -1.742896929383278
653 : 0.7595151476562023
654 : -1.3991670981049538
655 : 1.703386776149273
656 : -1.6677496880292892
657 : 1.674070730805397
658 : -1.2999584097415209
659 : 1.3040234744548798
660 : -0.8539966898970306
661 : 1.685099981725216
662 : -1.6718433946371078
663 : 1.3373265899717808
664 : -0.8999555557966232
665 : -3.8611269146203995
666 : -1.10069750668481
667 : 0.8872158322483301
668 : -1.2478909119963646
669 : 1.5043351966887712
670 : -0.981501467525959
671 : 1.1021337332203984
672 : -2.4267480671405792
673 : -0.10718726646155119
674 : -1.1243291846476495
675 : -3.901360645890236
676 : -1.63753280043602
677 : -3.443688154220581
678 : -1.3790350225754082
679 : -3.8292747363448143
680 : -1.0132360653951764
681 : -3.9044480994343758
682 : -0.815105945803225
683 : -3.595707695931196
684 : -1.3083057794719934
685 : -1.7739603547379375
686 : -1.02398821990937
687 : -1.3946667161071673
688 : -1.1762477296870202
689 : 0.885885750874877
690 : -1.053344665444456
691 : -2.1079585943371058
692 : -0.9746915376745164
693 : 1.5234042638912797
694 : -1.0841248286888003
695 : -0.9662001049146056
696 : -0.9270993722602725
697 : -3.684214472770691
698 : -1.740279845893383
699 : -1.3870362024754286
700 : -0.8761433819308877
701 : 1.7602813094854355
702 : -1.2497250133019406
703 : 1.5472216419875622
704 : -1.1103021162562072
705 : 0.007842769846320152
706 : -1.4191063903272152
707 : -2.4431529380381107
708 : -1.8763013631105423
709 : 0.37941177608445287
710 : -1.0167420068755746
711 : -3.221806101500988
712 : -0.9275910989381373
713 : 1.3513217065483332
714 : -0.7643801346421242
715 : -4.0337327271699905
716 : -1.1864505831617862
717 : 0.6643319223076105
718 : -0.9335729805752635
719 : 1.4927845001220703
720 : -0.8596943384036422
721 : 1.6139280758798122
722 : -1.4934712164103985
723 : -3.7956077307462692
724 : -1.3136963220313191
725 : 0.49875726737082005
726 : -1.814359612762928
727 : 1.3729274328798056
728 : -0.7939407979138196
729 : -3.7715897262096405
730 : -1.1598203268367797
731 : 0.4682682026177645
732 : -1.4785009287297726
733 : -2.4751423485577106
734 : -1.761659398674965
735 : -2.1725591458380222
736 : -1.9443146139383316
737 : -3.8375712633132935
738 : -1.981551956385374
739 : -3.995189242064953
740 : -1.415656354278326
741 : -0.8630608622916043
742 : -0.987938778474927
743 : 1.2668514158576727
744 : -1.3345722034573555
745 : -3.6731173172593117
746 : -1.8377210088074207
747 : -3.0368524119257927
748 : -1.6484564542770386
749 : 1.4711960591375828
750 : -0.8927921731956303
751 : 1.339579738676548
752 : -0.8284946158528328
753 : 1.757313258945942
754 : -1.8900225944817066
755 : 1.824606642127037
756 : -0.9140922296792269
757 : -2.6962244883179665
758 : -0.9649209640920162
759 : -0.09639633586630225
760 : -0.9326697052456439
761 : -0.8215956073254347
762 : -1.6896453127264977
763 : 1.4256130419671535
764 : -1.5353719666600227
765 : -2.2827317863702774
766 : -2.014225237071514
767 : -2.9570659399032593
768 : -1.6553979590535164
769 : -0.9563789974199608
770 : -0.7487202268093824
771 : -3.2630681097507477
772 : -0.7447126801125705
773 : 0.8190730232745409
774 : -1.0041019255295396
775 : -3.917442388832569
776 : -0.7376145636662841
777 : -3.612695224583149
778 : -1.415049185976386
779 : -3.1316270902752876
780 : -1.3715819120407104
781 : -0.03968426864594221
782 : -1.5697568655014038
783 : -3.002160780131817
784 : -0.7325260192155838
785 : -1.3407453027321026
786 : -1.8510592952370644
787 : -3.978075459599495
788 : -1.6158728897571564
789 : -3.9105283692479134
790 : -0.9702585833147168
791 : 1.7817130163311958
792 : -1.622631013393402
793 : -2.5599891766905785
794 : -1.6208962425589561
795 : 0.5318626565858722
796 : -0.984763135202229
797 : -1.9892989471554756
798 : -1.6460857093334198
799 : -0.9359626844525337
800 : -1.7160327434539795
801 : -0.49600956635549664
802 : -1.1262285085394979
803 : -3.678109012544155
804 : -0.8133234353736043
805 : -3.205162040889263
806 : -1.0918595660477877
807 : -3.852845847606659
808 : -0.8951538791880012
809 : -1.5523510687053204
810 : -1.1209761074278504
811 : 1.5782674849033356
812 : -1.6732524633407593
813 : 0.024990832433104515
814 : -2.1574318781495094
815 : 1.5494871689006686
816 : -1.1159331779927015
817 : -3.8136640414595604
818 : -1.4720180705189705
819 : 1.79727179184556
820 : -0.8494225046597421
821 : 1.2785319089889526
822 : -0.9380450900644064
823 : -3.847079060971737
824 : -1.0896679074503481
825 : 1.5761800706386566
826 : -3.2312895581126213
827 : -3.7611983194947243
828 : -1.7775730155408382
829 : -3.955452911555767
830 : -1.2721567768603563
831 : 0.11343451915308833
832 : -1.8337589874863625
833 : -3.3833194486796856
834 : -1.3221020083874464
835 : -3.515312097966671
836 : -1.540509857237339
837 : 1.7216953374445438
838 : -1.0718246013857424
839 : -1.3089214643696323
840 : -0.9763257363811135
841 : 1.0833250731229782
842 : -3.0159613667055964
843 : -3.0316776260733604
844 : -1.5644693076610565
845 : 0.17923646373674273
846 : -0.7510145744308829
847 : -1.7961065182462335
848 : -1.984087735414505
849 : -1.8679516706615686
850 : -1.7862279489636421
851 : -1.6300687864422798
852 : -3.8802337870001793
853 : -1.4662029966711998
854 : -2.5248966366052628
855 : -1.611112393438816
856 : -2.251344956457615
857 : -1.836325041949749
858 : -3.8775756880640984
859 : -1.5493097342550755
860 : -1.0007834194693714
861 : -1.3447894118726254
862 : 0.19228662829846144
863 : -0.9291716422885656
864 : -3.021449454128742
865 : -0.956012254813686
866 : 0.49670988135039806
867 : -1.5041687153279781
868 : 0.1961567564867437
869 : -1.5112014329060912
870 : 1.2563726734369993
871 : -1.3959560957737267
872 : -3.700977735221386
873 : -1.6674226522445679
874 : 0.603801442310214
875 : -1.2632969794794917
876 : 1.7787936925888062
877 : -1.6683172509074211
878 : -0.6351438614074141
879 : -0.7830075598321855
880 : 1.2928892262279987
881 : -1.3813532330095768
882 : -3.844798795878887
883 : -1.5294300820678473
884 : 1.676035076379776
885 : -1.0195229714736342
886 : 1.7727581895887852
887 : -1.8859318448230624
888 : 1.0618964452296495
889 : -1.7804303169250488
890 : -3.9059066101908684
891 : -1.2269112202338874
892 : -3.5860007852315903
893 : -0.9643174600787461
894 : -3.0715054497122765
895 : -1.5523949190974236
896 : -3.947837397456169
897 : -0.9001865708269179
898 : -3.365756444633007
899 : -1.0722450061002746
900 : 1.5252871103584766
901 : -0.7302197087556124
902 : -3.412149265408516
903 : -1.4621081040240824
904 : 1.2215064805932343
905 : -1.7964601591229439
906 : 0.3255619499832392
907 : -1.6073873229324818
908 : -2.725123681128025
909 : -0.9416971383616328
910 : -1.0574673363007605
911 : -1.0851591660175472
912 : 0.3873145990073681
913 : -1.235802453942597
914 : -0.7944615001324564
915 : -1.0515666166320443
916 : -1.438748552231118
917 : -0.7183108394965529
918 : -4.008060537278652
919 : -1.1914412742480636
920 : -2.916313096880913
921 : -1.5197827741503716
922 : 0.4709497541189194
923 : -1.829502183943987
924 : 0.5328163835220039
925 : -1.3157060537487268
926 : -3.9046117812395096
927 : -1.5348390117287636
928 : -3.913044460117817
929 : -1.0462757842615247
930 : -0.04652854986488819
931 : -1.3485769899562001
932 : -0.09524869080632925
933 : -0.6988997180014849
934 : -2.4839743562042713
935 : -1.740207001566887
936 : 0.9018837325274944
937 : -1.302783259889111
938 : 1.2504213973879814
939 : -0.9822985352948308
940 : -2.5262876227498055
941 : -1.0513102891854942
942 : 0.4930099518969655
943 : -1.8420216366648674
944 : -2.411388151347637
945 : -2.0045257061719894
946 : -0.04681124445050955
947 : -1.013798336032778
948 : -1.4990785277914256
949 : -3.160645667463541
950 : -1.8403435545042157
951 : -1.1752059957943857
952 : 1.5753398472443223
953 : -1.0717789746122435
954 : -0.07467587804421782
955 : -1.0125494506210089
956 : 1.7845156118273735
957 : -1.0454828492365777
958 : -2.899335451424122
959 : -1.0437719486653805
960 : -2.470853202044964
961 : -1.211841449374333
962 : -0.2993479482829571
963 : -0.7517083082348108
964 : -0.9875131648732349
965 : -0.9868594487197697
966 : -3.981578089296818
967 : -0.9795660628005862
968 : -2.6544936522841454
969 : -1.5933580175042152
970 : -0.8204877638199832
971 : -1.4050711952149868
972 : -2.9183725751936436
973 : -1.3170473496429622
974 : -2.4040023274719715
975 : -1.6190223917365074
976 : -3.8279344215989113
977 : -1.365837587043643
978 : 1.4942619539797306
979 : -0.7411525398492813
980 : 0.1784920822829008
981 : -1.5395877286791801
982 : -1.3504381180973724
983 : -1.350846165791154
984 : -2.0236511509865522
985 : -0.7479902049526572
986 : -1.6479976510163397
987 : -1.3892367221415043
988 : 0.6713129244744778
989 : -0.8642544271424413
990 : 1.7789551056921482
991 : -1.5633285492658615
992 : -3.56200685352087
993 : -1.5421712845563889
994 : 0.6924999319016933
995 : -1.470457050949335
996 : -0.9104325610678643
997 : -1.5513154044747353
998 : -3.42987509816885
999 : -1.4640599638223648
Setting up 2 worker threads for Enlighten.
  Thread -> id: 7fc8a1a49700 -> priority: 1 
  Thread -> id: 7fc8a1248700 -> priority: 1 
2020-06-25 12:43:38 INFO [environment.py:418] Environment shut down with return code 0.
