slurmstepd-brenz: error: Unable to create TMPDIR [/tmp/user/30108]: Permission denied
slurmstepd-brenz: error: Setting TMPDIR to /tmp
Found path: /home/j/jensenj/PycharmProjects/Federer-Jr./src/../crawler_single/linux/dynamic_server/crawler_dynamic.x86_64
Mono path[0] = '/home/j/jensenj/PycharmProjects/Federer-Jr./src/../crawler_single/linux/dynamic_server/crawler_dynamic_Data/Managed'
Mono config path = '/home/j/jensenj/PycharmProjects/Federer-Jr./src/../crawler_single/linux/dynamic_server/crawler_dynamic_Data/MonoBleedingEdge/etc'
Preloaded 'lib_burst_generated.so'
Preloaded 'libgrpc_csharp_ext.x64.so'
Initialize engine version: 2019.3.15f1 (59ff3e03856d)
[Subsystems] Discovering subsystems at path /home/j/jensenj/PycharmProjects/Federer-Jr./src/../crawler_single/linux/dynamic_server/crawler_dynamic_Data/UnitySubsystems
Forcing GfxDevice: Null
GfxDevice: creating device client; threaded=0
NullGfxDevice:
    Version:  NULL 1.0 [1.0]
    Renderer: Null Device
    Vendor:   Unity Technologies
Begin MonoManager ReloadAssembly
- Completed reload, in  0.097 seconds
WARNING: Shader Unsupported: 'Autodesk Interactive' - All passes removed
WARNING: Shader Did you use #pragma only_renderers and omit this platform?
UnloadTime: 0.434304 ms
Fallback handler could not load library /home/j/jensenj/PycharmProjects/Federer-Jr./src/../crawler_single/linux/dynamic_server/crawler_dynamic_Data/Mono/libcoreclr.so
Fallback handler could not load library /home/j/jensenj/PycharmProjects/Federer-Jr./src/../crawler_single/linux/dynamic_server/crawler_dynamic_Data/Mono/libcoreclr.so
Fallback handler could not load library /home/j/jensenj/PycharmProjects/Federer-Jr./src/../crawler_single/linux/dynamic_server/crawler_dynamic_Data/Mono/libcoreclr.so
Fallback handler could not load library /home/j/jensenj/PycharmProjects/Federer-Jr./src/../crawler_single/linux/dynamic_server/crawler_dynamic_Data/Mono/libSystem.dylib
Fallback handler could not load library /home/j/jensenj/PycharmProjects/Federer-Jr./src/../crawler_single/linux/dynamic_server/crawler_dynamic_Data/Mono/libSystem.dylib.so
Fallback handler could not load library /home/j/jensenj/PycharmProjects/Federer-Jr./src/../crawler_single/linux/dynamic_server/crawler_dynamic_Data/Mono/libSystem.dylib
Fallback handler could not load library /home/j/jensenj/PycharmProjects/Federer-Jr./src/../crawler_single/linux/dynamic_server/crawler_dynamic_Data/Mono/libcoreclr.so
Fallback handler could not load library /home/j/jensenj/PycharmProjects/Federer-Jr./src/../crawler_single/linux/dynamic_server/crawler_dynamic_Data/Mono/libcoreclr.so
Fallback handler could not load library /home/j/jensenj/PycharmProjects/Federer-Jr./src/../crawler_single/linux/dynamic_server/crawler_dynamic_Data/Mono/libcoreclr.so
Fallback handler could not load library /home/j/jensenj/PycharmProjects/Federer-Jr./src/../crawler_single/linux/dynamic_server/crawler_dynamic_Data/Mono/libSystem.dylib
Fallback handler could not load library /home/j/jensenj/PycharmProjects/Federer-Jr./src/../crawler_single/linux/dynamic_server/crawler_dynamic_Data/Mono/libSystem.dylib.so
Fallback handler could not load library /home/j/jensenj/PycharmProjects/Federer-Jr./src/../crawler_single/linux/dynamic_server/crawler_dynamic_Data/Mono/libSystem.dylib
/home/j/jensenj/.local/lib/python3.6/site-packages/tensorboard/compat/tensorflow_stub/dtypes.py:541: FutureWarning: Passing (type, 1) or '1type' as a synonym of type is deprecated; in a future version of numpy, it will be understood as (type, (1,)) / '(1,)type'.
  _np_qint8 = np.dtype([("qint8", np.int8, 1)])
/home/j/jensenj/.local/lib/python3.6/site-packages/tensorboard/compat/tensorflow_stub/dtypes.py:542: FutureWarning: Passing (type, 1) or '1type' as a synonym of type is deprecated; in a future version of numpy, it will be understood as (type, (1,)) / '(1,)type'.
  _np_quint8 = np.dtype([("quint8", np.uint8, 1)])
/home/j/jensenj/.local/lib/python3.6/site-packages/tensorboard/compat/tensorflow_stub/dtypes.py:543: FutureWarning: Passing (type, 1) or '1type' as a synonym of type is deprecated; in a future version of numpy, it will be understood as (type, (1,)) / '(1,)type'.
  _np_qint16 = np.dtype([("qint16", np.int16, 1)])
/home/j/jensenj/.local/lib/python3.6/site-packages/tensorboard/compat/tensorflow_stub/dtypes.py:544: FutureWarning: Passing (type, 1) or '1type' as a synonym of type is deprecated; in a future version of numpy, it will be understood as (type, (1,)) / '(1,)type'.
  _np_quint16 = np.dtype([("quint16", np.uint16, 1)])
/home/j/jensenj/.local/lib/python3.6/site-packages/tensorboard/compat/tensorflow_stub/dtypes.py:545: FutureWarning: Passing (type, 1) or '1type' as a synonym of type is deprecated; in a future version of numpy, it will be understood as (type, (1,)) / '(1,)type'.
  _np_qint32 = np.dtype([("qint32", np.int32, 1)])
/home/j/jensenj/.local/lib/python3.6/site-packages/tensorboard/compat/tensorflow_stub/dtypes.py:550: FutureWarning: Passing (type, 1) or '1type' as a synonym of type is deprecated; in a future version of numpy, it will be understood as (type, (1,)) / '(1,)type'.
  np_resource = np.dtype([("resource", np.ubyte, 1)])
2020-06-25 11:57:51 INFO [environment.py:108] Connected to Unity environment with package version 1.0.2 and communication version 1.0.0
2020-06-25 11:57:51 INFO [environment.py:265] Connected new brain:
CrawlerDynamic?team=0
2020-06-25 11:57:51 WARNING [__init__.py:92] The environment contains multiple observations. You must define allow_multiple_obs=True to receive them all. Otherwise, only the first visual observation (or vector observation ifthere are no visual observations) will be provided in the observation.
/home/j/jensenj/.local/lib/python3.6/site-packages/gym/logger.py:30: UserWarning: [33mWARN: Box bound precision lowered by casting to float32[0m
  warnings.warn(colorize('%s: %s'%('WARN', msg % args), 'yellow'))
update_time_steps: 2048 , ppo_epochs: 1 , beta:  0.001 , gamma 0.99
0 : 1.5004830257967114
1 : -1.4915846977382898
2 : -1.3960485234856606
3 : -2.2651028018444777
4 : -1.9801643742248416
5 : -1.8282854594290257
6 : -1.2655423087999225
7 : -1.5441706732381135
8 : -1.4535584412515163
9 : -1.4884793981909752
10 : -0.6419442621991038
11 : -2.061145329847932
12 : -3.536752580665052
13 : -1.2787990691140294
14 : -1.8006607592105865
15 : -1.1117481114342809
16 : -1.3733274592086673
17 : -1.26555831276346
18 : 0.10729411989450455
19 : 0.8022042491938919
20 : -1.8941111862659454
21 : -0.6518222317099571
22 : -1.7701798183843493
23 : 1.727771669626236
24 : -1.542446706444025
25 : -0.1646363427862525
26 : -1.1154233296401799
27 : -1.934483602643013
28 : -1.1173381237313151
29 : -0.714087687432766
30 : -5.57607622910291
31 : 1.423722866922617
32 : -7.125220685265958
33 : -0.5650022057816386
34 : -1.27822744846344
35 : 0.34444633731618524
36 : 4.265211349586025
37 : -2.6482617233414203
38 : -1.397509291768074
39 : -0.8261500517837703
40 : 2.875801784452051
41 : -0.5027995412237942
42 : -0.7156273922882974
43 : -1.6198512017726898
44 : -0.6527611613273621
45 : -1.3897158615291119
46 : -0.9226109483279288
47 : -1.2115412149578333
48 : -1.3896965535823256
49 : -1.7412064606323838
50 : -3.160807840526104
51 : -0.8954449780867435
52 : -0.9115569749847054
53 : -1.0699278023093939
54 : -1.2165376879274845
55 : -2.9547528214752674
56 : -6.744869779329747
57 : -1.802969574695453
58 : -1.4572140625678003
59 : -0.9129147226922214
60 : -11.711946393828839
61 : -0.8199589587748051
62 : -2.383127411827445
63 : -0.5187276937067509
64 : -0.5564278755337
65 : -1.186466295272112
66 : -1.843987613916397
67 : 12.724873278173618
68 : -2.6858762493357062
69 : -0.8113449607044458
70 : -0.8625228079035878
71 : -7.6246249452233315
72 : -1.958800084888935
73 : -0.8965597003698349
74 : -6.176290068775415
75 : -1.2109002065844834
76 : -0.7576907370239496
77 : -4.989382902975194
78 : -1.5176732731051743
79 : -2.064990219892934
80 : -1.103478188160807
81 : -1.1467472175136209
82 : -0.930249230004847
83 : -0.546566323377192
84 : -1.3448163568973541
85 : -1.060750660020858
86 : -0.2465053852647543
87 : -1.1702880561351776
88 : -1.0034319651313126
89 : -1.8215023875236511
90 : -3.0072359619662166
91 : -1.5187649764120579
92 : -0.1497538611292839
93 : -3.2525097262114286
94 : -3.0694009056314826
95 : -1.884232698008418
96 : -0.978330756071955
97 : -1.2775481948629022
98 : -0.9035402499139309
99 : -1.640814185142517
100 : -1.189013115130365
101 : -2.139992043375969
102 : -0.2205652231350541
103 : -1.8747692108154297
104 : -1.273761959047988
105 : -1.391911813057959
106 : -1.2426034305244684
107 : -0.49183295387774706
!!! updated
108 : 1.0461568054743111
109 : -1.2349694562144578
110 : -0.9270834273193032
111 : -1.28963833861053
112 : -1.5031627714633942
113 : -1.9673772007226944
114 : -1.4867691323161125
115 : -1.7445784285664558
116 : -0.7401480861008167
117 : -1.2312811110168695
118 : -1.6887550726532936
119 : -0.7889692168682814
120 : -1.680171750485897
121 : -1.3134766817092896
122 : -1.5775108560919762
123 : -1.362739084288478
124 : -0.9703087694942951
125 : -1.2023475356400013
126 : -1.0488910973072052
127 : -1.4675145372748375
128 : -0.7951097646728158
129 : -1.1175318097230047
130 : -1.6463321149349213
131 : -1.1776135191321373
132 : -0.9840195281431079
133 : -0.7986930403858423
134 : -1.7388782277703285
135 : -1.4132860116660595
136 : -1.7493146434426308
137 : -1.1481505194678903
138 : -0.6638651303946972
139 : -2.6934305280447006
140 : -0.686943419277668
141 : -0.8142885761335492
142 : -0.6827447935938835
143 : -1.1472117248922586
144 : -1.332919791340828
145 : -0.9609819070901722
146 : -1.5744719058275223
147 : -0.8278935085982084
148 : -2.780205577611923
149 : -1.0984246488660574
150 : -0.7782066487707198
151 : -1.586652796715498
152 : -0.8153213071636856
153 : -1.1240675246808678
154 : -1.4489002749323845
155 : -0.973901200806722
156 : -2.013060577213764
157 : -1.5525508746504784
158 : -1.3556744437664747
159 : -1.171831022016704
160 : -0.592248935252428
161 : -1.086405439535156
162 : -1.3633109405636787
163 : -1.5234050080180168
164 : -1.4889296814799309
165 : -0.9094559005461633
166 : -1.374122079461813
167 : -0.8710701791569591
168 : -2.141397539526224
169 : -1.3536324389278889
170 : -0.9426449127495289
171 : -1.0631993592251092
172 : -1.7463580295443535
173 : -1.6224765852093697
174 : -0.6118589602410793
175 : -1.6995102018117905
176 : -0.7518951948732138
177 : -0.9119181430432945
178 : -1.159287661430426
179 : -0.8845401974394917
180 : -1.1158871897496283
181 : -0.9513187669217587
182 : -1.105075145373121
183 : -1.243020792491734
184 : -1.2524868194013834
185 : -1.4402096439152956
186 : -1.2863293420523405
187 : -0.7174292653799057
188 : -1.0983951643574983
189 : -1.4336756207048893
190 : -0.8647025623358786
191 : -1.786779347807169
192 : -1.455462597310543
193 : -1.1603455832228065
194 : -1.2533550416119397
195 : -1.5176653861999512
196 : -0.6931438203901052
197 : -2.083962071686983
198 : -0.6942108757793903
199 : -1.5142127312719822
200 : -0.6909078601747751
201 : -1.0154142398387194
202 : -1.8704246804118156
203 : -0.9544389480724931
204 : -0.8565510413609445
205 : -0.878999319858849
206 : -1.4720093607902527
207 : -1.1318161524832249
208 : -0.993692310876213
209 : -1.5753865726292133
210 : -1.6116662845015526
211 : -1.331944778561592
212 : -2.165394566953182
213 : -1.17296205740422
214 : -1.204062331467867
215 : -1.3903158106841147
216 : -0.8755749496631324
217 : -0.7430986128747463
218 : -0.9645577007904649
219 : -1.3241920433938503
220 : -0.8821695689111948
221 : -1.4584290571510792
222 : -1.1845499314367771
223 : -1.2090126872062683
224 : -0.9121692776679993
225 : -1.0805987145286053
226 : -1.4401535443030298
227 : -0.9009652403183281
228 : -1.0000981353223324
229 : -0.7951758708804846
230 : -0.9174996642395854
231 : -1.356773067265749
232 : -0.7163312193006277
233 : -1.049109784886241
234 : -1.1415846531745046
235 : -1.6662781313061714
236 : -1.5147251263260841
237 : -1.511942733079195
238 : -1.155245848116465
239 : -1.36441901139915
240 : -0.9719240483827889
241 : -1.5532854162156582
242 : -1.680913396179676
243 : -0.9219348044134676
244 : -0.7099936511367559
245 : -1.252223108895123
246 : -1.3563195057213306
247 : -0.9495254522189498
248 : -0.8084463821724057
249 : -1.4637117497622967
250 : -1.1189066919032484
251 : -1.6334386803209782
252 : -1.5908652320504189
253 : -0.7149536609649658
254 : -1.397646120749414
255 : -1.563776422291994
256 : -1.1000154954381287
257 : -1.402244407683611
258 : -1.193672721972689
259 : -0.8012125957757235
260 : -1.3133121002465487
261 : -1.5982694514095783
262 : -1.4749859757721424
263 : -0.7385422457009554
264 : -1.1358636086806655
265 : -1.4819416143000126
266 : -0.7596847005188465
267 : -1.0622193564195186
268 : -1.1282019219361246
269 : -0.9426925010047853
270 : -1.6726626744493842
271 : -1.5106073468923569
272 : -0.9931519851088524
273 : -1.0548706173431128
274 : -1.6124440655112267
275 : -1.5209448225796223
276 : -1.3170960433781147
277 : -1.4013006798923016
278 : -1.0870895441621542
279 : -0.8667585253715515
280 : -1.231713933404535
281 : -0.7824322208762169
282 : -1.2811440527439117
283 : -2.0272598266601562
284 : -0.8702008044347167
285 : -1.6784651167690754
286 : -0.8535572346299887
287 : -1.2576990574598312
288 : -1.8069197461009026
289 : -1.5637166798114777
290 : -1.0947973360307515
291 : -1.1459030514815822
292 : -1.4417768940329552
293 : -0.8322652671486139
294 : -0.8818364362232387
295 : -2.135558133944869
296 : -0.6948636118322611
297 : -0.8894887277856469
298 : -1.5055846944451332
299 : -1.4695251658558846
300 : -1.1764431082410738
301 : -1.113915623165667
302 : -1.06012211041525
303 : -1.2519684582948685
304 : -0.8597511490806937
305 : -1.4212352186441422
306 : -1.6322639659047127
307 : -1.2322102198377252
308 : -0.6980007123202085
309 : -1.9674525782465935
310 : -1.463647771626711
311 : -1.357645912328735
312 : -1.4318393729627132
313 : -0.8754053362645209
314 : -0.8798852716572583
315 : -0.950318873859942
316 : -1.3686389215290546
317 : -0.8874461390078068
318 : -1.7195421382784843
319 : -1.687725342810154
320 : -0.9137488082051277
321 : -0.9292955617420375
322 : -0.8053571446798742
323 : -1.621242655441165
324 : -1.3387996647506952
325 : -1.391834743320942
326 : -0.8652875148691237
327 : -1.925608143210411
328 : -1.6232866942882538
329 : -1.3734583631157875
330 : -0.6403780058026314
331 : -1.8767658919095993
332 : -0.6460135020315647
333 : -1.0993672367185354
334 : -0.811512257438153
335 : -1.477670218795538
336 : -1.0316151450388134
337 : -1.638180736452341
338 : -1.5577062591910362
339 : -0.7132564522325993
340 : -1.222152603790164
341 : -1.057167675346136
342 : -0.910043747164309
343 : -1.5165650211274624
344 : -1.2746494766324759
345 : -1.2554624322801828
346 : -1.5927145034074783
347 : -0.7131234146654606
348 : -0.8672310854308307
349 : -1.2357505748514086
350 : -0.7347348807379603
351 : -1.5192859955132008
352 : -1.1760272914543748
353 : -2.563322890549898
354 : -1.386845514178276
355 : -1.3319433741271496
356 : -1.172515964601189
357 : -1.6888610944151878
358 : -1.5430524498224258
359 : -2.7819105610251427
360 : -0.7424853374250233
361 : -0.8586235661059618
362 : -1.6772709712386131
363 : -1.4471299443393946
!!! updated
364 : -1.1407521879300475
365 : -1.7643996635451913
366 : -0.032498886808753014
367 : -0.05061590205878019
368 : -1.8346722722053528
369 : -0.7033896427601576
370 : -0.1823262283578515
371 : -1.8841651445254683
372 : -1.521999007789418
373 : -2.453234639018774
374 : -0.7085000509396195
375 : -2.5052440837025642
376 : -0.5319466013461351
377 : -0.8935849433764815
378 : -0.09677546098828316
379 : -2.371838342398405
380 : -1.166506351903081
381 : -0.1615606276318431
382 : -1.3298898632638156
383 : -1.1467040618881583
384 : -0.18198939599096775
385 : -1.7200995553284883
386 : -1.6575869861990213
387 : -1.1171124246902764
388 : -1.1948837907984853
389 : -0.0035575428046286106
390 : -2.2156357704661787
391 : -2.2819619234651327
392 : -1.9022145345807076
393 : 0.172200296074152
394 : 0.1865095216780901
395 : -0.918633621186018
396 : -2.146667940542102
397 : -0.13218964077532291
398 : -0.6262262165546417
399 : -1.1684162055607885
400 : -1.0091234087012708
Setting up 2 worker threads for Enlighten.
  Thread -> id: 7fce24666700 -> priority: 1 
  Thread -> id: 7fce23e65700 -> priority: 1 
Traceback (most recent call last):
  File "main.py", line 123, in <module>
    returns = [episode(env, agent, i) for i in range(training_episodes)]
  File "main.py", line 123, in <listcomp>
    returns = [episode(env, agent, i) for i in range(training_episodes)]
  File "main.py", line 30, in episode
    next_state, reward, done, _ = env.step(action.numpy()[0])
  File "/home/j/jensenj/.local/lib/python3.6/site-packages/gym_unity/envs/__init__.py", line 177, in step
    self._env.step()
  File "/home/j/jensenj/.local/lib/python3.6/site-packages/mlagents_envs/timers.py", line 305, in wrapped
    return func(*args, **kwargs)
  File "/home/j/jensenj/.local/lib/python3.6/site-packages/mlagents_envs/environment.py", line 319, in step
    self._update_state(rl_output)
  File "/home/j/jensenj/.local/lib/python3.6/site-packages/mlagents_envs/environment.py", line 275, in _update_state
    agent_info_list, self._env_specs[brain_name]
  File "/home/j/jensenj/.local/lib/python3.6/site-packages/mlagents_envs/timers.py", line 305, in wrapped
    return func(*args, **kwargs)
  File "/home/j/jensenj/.local/lib/python3.6/site-packages/mlagents_envs/rpc_utils.py", line 188, in steps_from_proto
    obs_index, obs_shape, decision_agent_info_list
  File "/home/j/jensenj/.local/lib/python3.6/site-packages/mlagents_envs/timers.py", line 305, in wrapped
    return func(*args, **kwargs)
  File "/home/j/jensenj/.local/lib/python3.6/site-packages/mlagents_envs/rpc_utils.py", line 152, in _process_vector_observation
    _raise_on_nan_and_inf(np_obs, "observations")
  File "/home/j/jensenj/.local/lib/python3.6/site-packages/mlagents_envs/rpc_utils.py", line 132, in _raise_on_nan_and_inf
    raise RuntimeError(f"The {source} provided had Infinite values.")
RuntimeError: The observations provided had Infinite values.
2020-06-25 12:03:14 INFO [environment.py:418] Environment shut down with return code 0.
