slurmstepd-nassach: error: Unable to create TMPDIR [/tmp/user/30108]: Permission denied
slurmstepd-nassach: error: Setting TMPDIR to /tmp
Found path: /home/j/jensenj/PycharmProjects/Federer-Jr./src/../crawler_single/linux/dynamic_server/crawler_dynamic.x86_64
Mono path[0] = '/home/j/jensenj/PycharmProjects/Federer-Jr./src/../crawler_single/linux/dynamic_server/crawler_dynamic_Data/Managed'
Mono config path = '/home/j/jensenj/PycharmProjects/Federer-Jr./src/../crawler_single/linux/dynamic_server/crawler_dynamic_Data/MonoBleedingEdge/etc'
Preloaded 'lib_burst_generated.so'
Preloaded 'libgrpc_csharp_ext.x64.so'
Initialize engine version: 2019.3.15f1 (59ff3e03856d)
[Subsystems] Discovering subsystems at path /home/j/jensenj/PycharmProjects/Federer-Jr./src/../crawler_single/linux/dynamic_server/crawler_dynamic_Data/UnitySubsystems
Forcing GfxDevice: Null
GfxDevice: creating device client; threaded=0
NullGfxDevice:
    Version:  NULL 1.0 [1.0]
    Renderer: Null Device
    Vendor:   Unity Technologies
Begin MonoManager ReloadAssembly
- Completed reload, in  0.096 seconds
WARNING: Shader Unsupported: 'Autodesk Interactive' - All passes removed
WARNING: Shader Did you use #pragma only_renderers and omit this platform?
UnloadTime: 0.433117 ms
Fallback handler could not load library /home/j/jensenj/PycharmProjects/Federer-Jr./src/../crawler_single/linux/dynamic_server/crawler_dynamic_Data/Mono/libcoreclr.so
Fallback handler could not load library /home/j/jensenj/PycharmProjects/Federer-Jr./src/../crawler_single/linux/dynamic_server/crawler_dynamic_Data/Mono/libcoreclr.so
Fallback handler could not load library /home/j/jensenj/PycharmProjects/Federer-Jr./src/../crawler_single/linux/dynamic_server/crawler_dynamic_Data/Mono/libcoreclr.so
Fallback handler could not load library /home/j/jensenj/PycharmProjects/Federer-Jr./src/../crawler_single/linux/dynamic_server/crawler_dynamic_Data/Mono/libSystem.dylib
Fallback handler could not load library /home/j/jensenj/PycharmProjects/Federer-Jr./src/../crawler_single/linux/dynamic_server/crawler_dynamic_Data/Mono/libSystem.dylib.so
Fallback handler could not load library /home/j/jensenj/PycharmProjects/Federer-Jr./src/../crawler_single/linux/dynamic_server/crawler_dynamic_Data/Mono/libSystem.dylib
Fallback handler could not load library /home/j/jensenj/PycharmProjects/Federer-Jr./src/../crawler_single/linux/dynamic_server/crawler_dynamic_Data/Mono/libcoreclr.so
Fallback handler could not load library /home/j/jensenj/PycharmProjects/Federer-Jr./src/../crawler_single/linux/dynamic_server/crawler_dynamic_Data/Mono/libcoreclr.so
Fallback handler could not load library /home/j/jensenj/PycharmProjects/Federer-Jr./src/../crawler_single/linux/dynamic_server/crawler_dynamic_Data/Mono/libcoreclr.so
Fallback handler could not load library /home/j/jensenj/PycharmProjects/Federer-Jr./src/../crawler_single/linux/dynamic_server/crawler_dynamic_Data/Mono/libSystem.dylib
Fallback handler could not load library /home/j/jensenj/PycharmProjects/Federer-Jr./src/../crawler_single/linux/dynamic_server/crawler_dynamic_Data/Mono/libSystem.dylib.so
Fallback handler could not load library /home/j/jensenj/PycharmProjects/Federer-Jr./src/../crawler_single/linux/dynamic_server/crawler_dynamic_Data/Mono/libSystem.dylib
/home/j/jensenj/.local/lib/python3.6/site-packages/tensorboard/compat/tensorflow_stub/dtypes.py:541: FutureWarning: Passing (type, 1) or '1type' as a synonym of type is deprecated; in a future version of numpy, it will be understood as (type, (1,)) / '(1,)type'.
  _np_qint8 = np.dtype([("qint8", np.int8, 1)])
/home/j/jensenj/.local/lib/python3.6/site-packages/tensorboard/compat/tensorflow_stub/dtypes.py:542: FutureWarning: Passing (type, 1) or '1type' as a synonym of type is deprecated; in a future version of numpy, it will be understood as (type, (1,)) / '(1,)type'.
  _np_quint8 = np.dtype([("quint8", np.uint8, 1)])
/home/j/jensenj/.local/lib/python3.6/site-packages/tensorboard/compat/tensorflow_stub/dtypes.py:543: FutureWarning: Passing (type, 1) or '1type' as a synonym of type is deprecated; in a future version of numpy, it will be understood as (type, (1,)) / '(1,)type'.
  _np_qint16 = np.dtype([("qint16", np.int16, 1)])
/home/j/jensenj/.local/lib/python3.6/site-packages/tensorboard/compat/tensorflow_stub/dtypes.py:544: FutureWarning: Passing (type, 1) or '1type' as a synonym of type is deprecated; in a future version of numpy, it will be understood as (type, (1,)) / '(1,)type'.
  _np_quint16 = np.dtype([("quint16", np.uint16, 1)])
/home/j/jensenj/.local/lib/python3.6/site-packages/tensorboard/compat/tensorflow_stub/dtypes.py:545: FutureWarning: Passing (type, 1) or '1type' as a synonym of type is deprecated; in a future version of numpy, it will be understood as (type, (1,)) / '(1,)type'.
  _np_qint32 = np.dtype([("qint32", np.int32, 1)])
/home/j/jensenj/.local/lib/python3.6/site-packages/tensorboard/compat/tensorflow_stub/dtypes.py:550: FutureWarning: Passing (type, 1) or '1type' as a synonym of type is deprecated; in a future version of numpy, it will be understood as (type, (1,)) / '(1,)type'.
  np_resource = np.dtype([("resource", np.ubyte, 1)])
2020-06-25 12:20:51 INFO [environment.py:108] Connected to Unity environment with package version 1.0.2 and communication version 1.0.0
2020-06-25 12:20:51 INFO [environment.py:265] Connected new brain:
CrawlerDynamic?team=0
2020-06-25 12:20:51 WARNING [__init__.py:92] The environment contains multiple observations. You must define allow_multiple_obs=True to receive them all. Otherwise, only the first visual observation (or vector observation ifthere are no visual observations) will be provided in the observation.
/home/j/jensenj/.local/lib/python3.6/site-packages/gym/logger.py:30: UserWarning: [33mWARN: Box bound precision lowered by casting to float32[0m
  warnings.warn(colorize('%s: %s'%('WARN', msg % args), 'yellow'))
/home/j/jensenj/.local/lib/python3.6/site-packages/numpy/core/_methods.py:160: RuntimeWarning: invalid value encountered in reduce
  ret = umr_sum(arr, axis, dtype, out, keepdims)
update_time_steps: 8192 , ppo_epochs: 32 , beta:  0.01 , gamma 0.9
0 : -0.8752327910624444
1 : -2.0100662652403116
2 : 1.989796418696642
3 : -0.74682876188308
4 : -1.0252725826576352
5 : 0.8729272475466132
6 : -0.8852228131145239
7 : -1.1391248563304543
8 : -1.3398238392546773
9 : -1.5337504502385855
10 : -7.941975890658796
11 : -1.2733034156262875
12 : -0.6487079882062972
13 : -1.453461203724146
14 : -2.0389284007251263
15 : -0.8216721061617136
16 : -0.2829304882325232
17 : -1.0985195802059025
18 : -1.0600581616163254
19 : -1.637583490461111
20 : -1.2154255730565637
21 : 5.207279856316745
22 : -1.5990099273622036
23 : -1.229406856931746
24 : -0.10132812708616257
25 : -0.925397701561451
26 : -1.3420531889423728
27 : -1.065284539014101
28 : -2.7359760638792068
29 : -0.14628147892653942
30 : -1.4091969039291143
31 : 4.055777344852686
32 : 0.45577420853078365
33 : -1.4420543531887233
34 : -1.2560700522735715
35 : -4.112611837685108
36 : -2.2639485523104668
37 : 6.755599172785878
38 : -0.8308352632448077
39 : -2.5056217997334898
40 : 0.23669642070308328
41 : -1.4736857311800122
42 : -1.9708640277385712
43 : -0.9664606843143702
44 : -1.5800455957651138
45 : -0.28546398133039474
46 : -1.076253741979599
47 : -1.9079883275553584
48 : -1.055922702420503
49 : -0.5892821718007326
50 : 1.7465831013396382
51 : 0.6117411945015192
52 : 4.368674265686423
53 : 0.1377071077004075
54 : -2.3338738083839417
55 : -0.3893855568021536
56 : -1.4335936969146132
57 : -1.7907244758680463
58 : -3.4115791618824005
59 : -0.8998640133067966
60 : -2.791068688966334
61 : -0.32885826472193
62 : -3.3639196073636413
63 : -0.11974676745012403
64 : -3.241680051200092
65 : -2.3712905757129192
66 : -1.9400127716362476
67 : -1.9633074663579464
68 : -2.531870502512902
69 : 2.5002034306526184
70 : 0.9655667655169964
71 : -0.6581867020577192
72 : -1.126188472378999
73 : -1.0328460885211825
74 : -1.3217499419115484
75 : -0.3149676420725882
76 : -3.416422124952078
77 : -1.3863591828849167
78 : -1.2998093143105507
79 : -1.4198707677423954
80 : -0.9865097535657696
81 : -1.5641836114227772
82 : -0.13226326648145914
83 : -0.5410693036392331
84 : 0.3214660342782736
85 : -1.4234006013721228
86 : -0.873223600210622
87 : -1.0259054931811988
88 : -0.8089985263068229
89 : -1.1142517076805234
90 : -1.4587984504178166
91 : -1.547246765345335
92 : -1.3415866596624255
93 : -5.140782201196998
94 : -1.5304421642795205
95 : -1.7542005507275462
96 : -1.2536470172926784
97 : -0.735820340923965
98 : -1.4967734838137403
99 : -1.8177322186529636
100 : -2.0294837281107903
101 : -0.9673866629600525
102 : -1.1622849046252668
103 : -0.7528479099273682
104 : -1.74288199422881
105 : -2.187646269798279
106 : -1.521671226248145
107 : -1.2571934461593628
108 : -0.7991907121613622
109 : -1.0218859240412712
110 : -1.5857837460935116
111 : -1.1419541668146849
112 : -1.2847385944332927
113 : -6.469198415521532
114 : -1.4534997791051865
115 : -3.271680809557438
116 : -0.377996320836246
117 : -3.1010339306667447
118 : -2.7550116879865527
119 : -1.9495321223512292
120 : -0.9287154297344387
121 : -1.5588459596037865
122 : -0.5312614291906357
123 : -3.7898776242509484
124 : -1.9327758764848113
125 : -0.02996252104640007
126 : -2.1206153128296137
127 : -1.4066320024430752
128 : -1.382981067057699
129 : -1.508336614817381
130 : -1.9855951704084873
131 : -2.1008219365030527
132 : -2.1959204003214836
133 : -1.8316061925143003
134 : -0.9868447845801711
135 : -0.7610564664937556
136 : -2.1633018143475056
137 : -2.207032837206498
138 : -3.886754353530705
139 : -1.8103725186083466
140 : 0.258012599311769
141 : -3.2300544157624245
142 : -1.4342891755513847
143 : 0.5052995635196567
144 : -1.4842670755460858
145 : 2.506673834519461
146 : 0.7091866275295615
147 : -1.4461466912180185
148 : -1.0701492931693792
149 : -1.6542837084271014
150 : -1.1591785738710314
151 : -1.7527019567787647
152 : -1.8001981871202588
153 : -1.326355928555131
154 : -1.5646425522863865
155 : -1.4110707473009825
156 : -1.2346037346869707
157 : 3.351763932965696
158 : 0.525850459933281
159 : -2.0527741198893636
160 : -1.5164263006299734
161 : -0.606372176669538
162 : 1.2087513734586537
163 : -0.3563546792138368
164 : -1.5972585305571556
165 : -2.985488561913371
166 : -0.02550340222660452
167 : -0.9435716401785612
168 : -1.3833713084459305
169 : -1.1292687505483627
170 : -1.4788575572893023
171 : -1.3553247638046741
172 : -0.9142971783876419
173 : -0.6619598027318716
174 : -1.3400531876832247
175 : -0.8868639008142054
176 : -0.9457769403234124
177 : -0.9571140743792057
178 : -1.773173470981419
179 : -1.6825300375930965
180 : -0.8039753744378686
181 : -1.002437585964799
182 : -1.7794486782513559
183 : -1.2066735979169607
184 : -3.2969852332025766
185 : -0.42246150923892856
186 : -1.9204631675966084
187 : -1.690029526129365
188 : -1.367245095781982
189 : -1.558824710547924
190 : -1.189903212711215
191 : 1.394783016294241
192 : -1.4434316512197256
193 : -1.7090904409997165
194 : -1.8245141906663775
195 : -2.7543341778218746
196 : -1.5092734540812671
197 : 0.10559882782399654
198 : -0.8890305017121136
199 : -1.2299334108829498
200 : -0.9602407710626721
201 : -1.6188186230137944
202 : -1.393893115222454
203 : -0.9176880996674299
204 : 5.498081374913454
205 : -1.3323426046408713
206 : -8.695633339695632
207 : -1.354521538829431
208 : -1.6235178094357252
209 : -1.0949695082381368
210 : -0.20818286016583443
211 : -1.3394479416310787
212 : -0.7876839879900217
213 : -1.718902918510139
214 : -1.4297436513006687
215 : -1.528816589154303
216 : -0.8048915499821305
217 : -0.9871715568006039
218 : -1.5255758897401392
219 : -1.401400800794363
220 : -1.272996675223112
221 : 0.12506418582051992
222 : -0.7870660154148936
223 : -3.1927345525473356
224 : -2.4777010179823264
225 : -0.9634623099118471
226 : -0.8204483198933303
227 : -1.7569693140685558
228 : 1.1621279045939445
229 : -1.416930103674531
230 : -1.5683952199760824
231 : -2.1943429419770837
232 : -0.8700386257842183
233 : -1.6200172901153564
234 : 0.41387693118304014
235 : -0.9944178527221084
236 : -1.4446295402012765
237 : -0.8740504276938736
238 : 0.07427993090823293
239 : -1.6631677029654384
240 : -1.4621513257734478
241 : -1.534683408215642
242 : -1.6792579926550388
243 : -0.18694927729666233
244 : -1.0643110312521458
245 : 2.1931152096949518
246 : -1.2486300710588694
247 : -0.9015393843874335
248 : -2.450514379888773
249 : -2.412354588508606
250 : -1.113892258144915
251 : 2.009994836524129
252 : -1.2170341778546572
253 : -1.1207974213175476
254 : -0.9063043496571481
255 : -4.794144723564386
256 : -1.190091509371996
257 : -1.4579644603654742
258 : -0.3340669944882393
259 : -1.2049707621335983
260 : -0.905686542391777
261 : -1.7347376961261034
262 : -0.8716815188527107
263 : -3.1145188212394714
264 : -1.9526281133294106
265 : -1.5010938285849988
266 : -0.22164628049358726
267 : -1.2595660439692438
268 : -1.623808041214943
269 : -1.0075703491456807
270 : -0.13768564816564322
271 : -1.6156346630305052
272 : -1.0432468559592962
273 : -0.20782529190182686
274 : -1.0619311048649251
275 : -0.20177795179188251
276 : -1.3245176328346133
277 : -3.8869103034958243
278 : -1.2845473662018776
279 : -3.306558330077678
280 : -0.9371550045907497
281 : -1.2893177904188633
282 : -2.099238760769367
283 : -1.3285898063331842
284 : -1.5806151661090553
285 : -0.039496516808867455
286 : -1.1650070941541344
287 : -2.6309232730418444
288 : -0.5536886834888719
289 : -1.7303808219730854
290 : -1.0451885974034667
291 : -9.435207629576325
292 : -1.5087393433786929
293 : -0.1572832092642784
294 : -1.5045162811875343
295 : -2.9859332889318466
296 : -1.2535093845799565
297 : -0.8956597885116935
298 : -3.8452773625031114
299 : 5.478340044617653
300 : -2.7724956274032593
301 : 0.453167268744437
302 : -1.2679333947598934
303 : -3.536007994785905
304 : 0.5951357139274478
305 : -0.9776060711592436
306 : -4.780418121255934
307 : -1.5162981590256095
308 : -1.2806129027158022
309 : -1.1711478009819984
310 : -2.0253004767000675
311 : -1.3151733661070466
312 : -1.0554742419626564
313 : -2.397423729300499
314 : -3.779054627753794
315 : -3.758321152999997
316 : -3.3499777242541313
317 : 5.936519371345639
318 : -1.2208634275011718
319 : -1.3492143042385578
320 : 2.4641926009207964
321 : -1.0556200286373496
322 : -1.176005905494094
323 : -2.3518439391627908
324 : -2.7257582880556583
325 : -0.7131014131009579
326 : -1.1122745140455663
327 : -1.7313488824293017
328 : -0.9942471794784069
329 : -0.5554651115089655
330 : -1.1421731389127672
331 : -1.0239423117600381
332 : -1.8069865112192929
333 : -2.459539210423827
334 : -1.2811123076826334
335 : -1.2521967999637127
336 : -2.537467584013939
337 : -1.095138056203723
338 : -0.918722833506763
339 : -0.746650064829737
340 : -7.072944795712829
341 : -1.2982263332232833
342 : -1.4763864167034626
343 : -1.5302365608513355
344 : -1.7766889929771423
345 : -1.1984454963821918
346 : -0.9662886115256697
347 : -3.8185537066310644
348 : 3.1223805595654994
349 : -0.6812475956976414
350 : -1.0559623315930367
351 : -2.7427191983442754
352 : -1.408061757683754
353 : -1.321662892587483
354 : -0.7194012887775898
355 : -2.4141172752715647
356 : -1.0617318907752633
357 : -1.3371895891614258
358 : -2.783311616629362
359 : 0.2884004167281091
360 : -1.2746956213377416
361 : -1.1196493017487228
362 : -1.3562870901077986
363 : -1.3073530737310648
364 : -6.098022969439626
365 : -0.7882165424525738
366 : -1.361123338341713
367 : -1.0687241379637271
368 : -1.2631526768673211
369 : -3.4181487327441573
370 : -0.9458506410010159
371 : -1.6859826818108559
372 : -1.0795587955508381
373 : 0.16190803050994873
374 : -1.0840094396844506
375 : -0.8947833916172385
376 : -1.484381578862667
377 : -1.9039541706442833
378 : -4.188907977193594
379 : -2.505904771387577
380 : -0.591852362267673
381 : -5.47463444666937
382 : 0.5904931165277958
383 : -1.8567007668316364
384 : -2.1183756832033396
385 : -1.0225622598081827
386 : -0.5662417728453875
387 : -1.049836028367281
388 : -1.4589052274823189
389 : -1.103553885128349
390 : -1.7524865679442883
391 : -0.8260887796059251
392 : -1.3443076242692769
393 : -1.2644909396767616
394 : -1.4523696415126324
395 : -1.306307923514396
396 : -3.0762361334636807
397 : -1.2401776174083352
398 : 2.930997049435973
399 : -5.928188583813608
400 : -0.8203982654958963
401 : -1.4369311523623765
402 : -1.457415858283639
403 : -1.3717636745423079
404 : -1.7205446474254131
405 : -0.7272868305444717
406 : -2.022536820033565
407 : -1.3117827400565147
408 : -0.07716181024443358
409 : 0.3577894987538457
410 : -2.263548579066992
411 : -7.336843580007553
412 : -1.6059868428856134
413 : -1.3090678015723825
414 : -1.1939799468964338
415 : -3.6492079477757215
416 : -1.9087182208895683
417 : -1.475810319185257
418 : -1.2098724129609764
419 : -6.702610989566892
420 : -0.6912111453711987
421 : -1.4707897529006004
422 : 1.0389011967927217
423 : -0.9891447834670544
424 : -0.9848852762952447
425 : -1.6723399087786674
426 : -0.8119892328977585
427 : -1.520389286801219
428 : -7.015291639603674
429 : 0.6183338947594166
430 : -1.8416133113205433
431 : -0.5703885331749916
432 : -1.857709564268589
433 : -0.8475706055760384
434 : -3.9410003246739507
435 : -1.524352265521884
436 : -1.732056364417076
437 : -0.926864380016923
438 : -1.142412094399333
439 : 1.6901857941411436
440 : -1.3144191135652363
441 : -0.9351949114352465
442 : 0.17133391927927732
443 : -0.7492204266600311
444 : -0.19954343792051077
445 : -1.26989408954978
446 : -1.782208917895332
447 : -0.5153390550985932
448 : -1.0444494397379458
449 : -1.3384039928205311
450 : -1.0549925668165088
451 : -1.5150908268988132
452 : -1.8187453006394207
453 : -0.4399105655029416
454 : 1.4502573972567916
455 : -1.5490922732278705
456 : -1.6215350404381752
457 : -0.6710994727909565
458 : -0.049377499148249626
459 : -1.5265258410945535
460 : -0.3547919252887368
461 : -1.6254984699189663
462 : -0.806439989246428
463 : -1.2920187353156507
464 : -1.4358071722090244
465 : -1.0276989955455065
466 : -0.7782285008579493
467 : -1.2421566525590606
468 : -1.1186656188219786
469 : 7.965801826212555
470 : -0.42186948424205184
471 : -1.086586850695312
472 : -1.9410750474780798
!!! updated
473 : -1.733205670490861
474 : -0.9648973010480404
475 : -1.0673848319565877
Setting up 2 worker threads for Enlighten.
  Thread -> id: 7fb409a25700 -> priority: 1 
  Thread -> id: 7fb409224700 -> priority: 1 
Traceback (most recent call last):
  File "main.py", line 123, in <module>
    returns = [episode(env, agent, i) for i in range(training_episodes)]
  File "main.py", line 123, in <listcomp>
    returns = [episode(env, agent, i) for i in range(training_episodes)]
  File "main.py", line 30, in episode
    next_state, reward, done, _ = env.step(action.numpy()[0])
  File "/home/j/jensenj/.local/lib/python3.6/site-packages/gym_unity/envs/__init__.py", line 177, in step
    self._env.step()
  File "/home/j/jensenj/.local/lib/python3.6/site-packages/mlagents_envs/timers.py", line 305, in wrapped
    return func(*args, **kwargs)
  File "/home/j/jensenj/.local/lib/python3.6/site-packages/mlagents_envs/environment.py", line 319, in step
    self._update_state(rl_output)
  File "/home/j/jensenj/.local/lib/python3.6/site-packages/mlagents_envs/environment.py", line 275, in _update_state
    agent_info_list, self._env_specs[brain_name]
  File "/home/j/jensenj/.local/lib/python3.6/site-packages/mlagents_envs/timers.py", line 305, in wrapped
    return func(*args, **kwargs)
  File "/home/j/jensenj/.local/lib/python3.6/site-packages/mlagents_envs/rpc_utils.py", line 188, in steps_from_proto
    obs_index, obs_shape, decision_agent_info_list
  File "/home/j/jensenj/.local/lib/python3.6/site-packages/mlagents_envs/timers.py", line 305, in wrapped
    return func(*args, **kwargs)
  File "/home/j/jensenj/.local/lib/python3.6/site-packages/mlagents_envs/rpc_utils.py", line 152, in _process_vector_observation
    _raise_on_nan_and_inf(np_obs, "observations")
  File "/home/j/jensenj/.local/lib/python3.6/site-packages/mlagents_envs/rpc_utils.py", line 130, in _raise_on_nan_and_inf
    raise RuntimeError(f"The {source} provided had NaN values.")
RuntimeError: The observations provided had NaN values.
2020-06-25 12:33:13 INFO [environment.py:418] Environment shut down with return code 0.
