slurmstepd-haselgraben: error: Unable to create TMPDIR [/tmp/user/30108]: Permission denied
slurmstepd-haselgraben: error: Setting TMPDIR to /tmp
Found path: /home/j/jensenj/PycharmProjects/Federer-Jr./src/../crawler_single/linux/dynamic_server/crawler_dynamic.x86_64
Mono path[0] = '/home/j/jensenj/PycharmProjects/Federer-Jr./src/../crawler_single/linux/dynamic_server/crawler_dynamic_Data/Managed'
Mono config path = '/home/j/jensenj/PycharmProjects/Federer-Jr./src/../crawler_single/linux/dynamic_server/crawler_dynamic_Data/MonoBleedingEdge/etc'
Preloaded 'lib_burst_generated.so'
Preloaded 'libgrpc_csharp_ext.x64.so'
Initialize engine version: 2019.3.15f1 (59ff3e03856d)
[Subsystems] Discovering subsystems at path /home/j/jensenj/PycharmProjects/Federer-Jr./src/../crawler_single/linux/dynamic_server/crawler_dynamic_Data/UnitySubsystems
Forcing GfxDevice: Null
GfxDevice: creating device client; threaded=0
NullGfxDevice:
    Version:  NULL 1.0 [1.0]
    Renderer: Null Device
    Vendor:   Unity Technologies
Begin MonoManager ReloadAssembly
- Completed reload, in  0.108 seconds
WARNING: Shader Unsupported: 'Autodesk Interactive' - All passes removed
WARNING: Shader Did you use #pragma only_renderers and omit this platform?
UnloadTime: 0.428650 ms
Fallback handler could not load library /home/j/jensenj/PycharmProjects/Federer-Jr./src/../crawler_single/linux/dynamic_server/crawler_dynamic_Data/Mono/libcoreclr.so
Fallback handler could not load library /home/j/jensenj/PycharmProjects/Federer-Jr./src/../crawler_single/linux/dynamic_server/crawler_dynamic_Data/Mono/libcoreclr.so
Fallback handler could not load library /home/j/jensenj/PycharmProjects/Federer-Jr./src/../crawler_single/linux/dynamic_server/crawler_dynamic_Data/Mono/libcoreclr.so
Fallback handler could not load library /home/j/jensenj/PycharmProjects/Federer-Jr./src/../crawler_single/linux/dynamic_server/crawler_dynamic_Data/Mono/libSystem.dylib
Fallback handler could not load library /home/j/jensenj/PycharmProjects/Federer-Jr./src/../crawler_single/linux/dynamic_server/crawler_dynamic_Data/Mono/libSystem.dylib.so
Fallback handler could not load library /home/j/jensenj/PycharmProjects/Federer-Jr./src/../crawler_single/linux/dynamic_server/crawler_dynamic_Data/Mono/libSystem.dylib
Fallback handler could not load library /home/j/jensenj/PycharmProjects/Federer-Jr./src/../crawler_single/linux/dynamic_server/crawler_dynamic_Data/Mono/libcoreclr.so
Fallback handler could not load library /home/j/jensenj/PycharmProjects/Federer-Jr./src/../crawler_single/linux/dynamic_server/crawler_dynamic_Data/Mono/libcoreclr.so
Fallback handler could not load library /home/j/jensenj/PycharmProjects/Federer-Jr./src/../crawler_single/linux/dynamic_server/crawler_dynamic_Data/Mono/libcoreclr.so
Fallback handler could not load library /home/j/jensenj/PycharmProjects/Federer-Jr./src/../crawler_single/linux/dynamic_server/crawler_dynamic_Data/Mono/libSystem.dylib
Fallback handler could not load library /home/j/jensenj/PycharmProjects/Federer-Jr./src/../crawler_single/linux/dynamic_server/crawler_dynamic_Data/Mono/libSystem.dylib.so
Fallback handler could not load library /home/j/jensenj/PycharmProjects/Federer-Jr./src/../crawler_single/linux/dynamic_server/crawler_dynamic_Data/Mono/libSystem.dylib
/home/j/jensenj/.local/lib/python3.6/site-packages/tensorboard/compat/tensorflow_stub/dtypes.py:541: FutureWarning: Passing (type, 1) or '1type' as a synonym of type is deprecated; in a future version of numpy, it will be understood as (type, (1,)) / '(1,)type'.
  _np_qint8 = np.dtype([("qint8", np.int8, 1)])
/home/j/jensenj/.local/lib/python3.6/site-packages/tensorboard/compat/tensorflow_stub/dtypes.py:542: FutureWarning: Passing (type, 1) or '1type' as a synonym of type is deprecated; in a future version of numpy, it will be understood as (type, (1,)) / '(1,)type'.
  _np_quint8 = np.dtype([("quint8", np.uint8, 1)])
/home/j/jensenj/.local/lib/python3.6/site-packages/tensorboard/compat/tensorflow_stub/dtypes.py:543: FutureWarning: Passing (type, 1) or '1type' as a synonym of type is deprecated; in a future version of numpy, it will be understood as (type, (1,)) / '(1,)type'.
  _np_qint16 = np.dtype([("qint16", np.int16, 1)])
/home/j/jensenj/.local/lib/python3.6/site-packages/tensorboard/compat/tensorflow_stub/dtypes.py:544: FutureWarning: Passing (type, 1) or '1type' as a synonym of type is deprecated; in a future version of numpy, it will be understood as (type, (1,)) / '(1,)type'.
  _np_quint16 = np.dtype([("quint16", np.uint16, 1)])
/home/j/jensenj/.local/lib/python3.6/site-packages/tensorboard/compat/tensorflow_stub/dtypes.py:545: FutureWarning: Passing (type, 1) or '1type' as a synonym of type is deprecated; in a future version of numpy, it will be understood as (type, (1,)) / '(1,)type'.
  _np_qint32 = np.dtype([("qint32", np.int32, 1)])
/home/j/jensenj/.local/lib/python3.6/site-packages/tensorboard/compat/tensorflow_stub/dtypes.py:550: FutureWarning: Passing (type, 1) or '1type' as a synonym of type is deprecated; in a future version of numpy, it will be understood as (type, (1,)) / '(1,)type'.
  np_resource = np.dtype([("resource", np.ubyte, 1)])
2020-06-25 12:14:51 INFO [environment.py:108] Connected to Unity environment with package version 1.0.2 and communication version 1.0.0
2020-06-25 12:14:51 INFO [environment.py:265] Connected new brain:
CrawlerDynamic?team=0
2020-06-25 12:14:51 WARNING [__init__.py:92] The environment contains multiple observations. You must define allow_multiple_obs=True to receive them all. Otherwise, only the first visual observation (or vector observation ifthere are no visual observations) will be provided in the observation.
/home/j/jensenj/.local/lib/python3.6/site-packages/gym/logger.py:30: UserWarning: [33mWARN: Box bound precision lowered by casting to float32[0m
  warnings.warn(colorize('%s: %s'%('WARN', msg % args), 'yellow'))
/home/j/jensenj/.local/lib/python3.6/site-packages/numpy/core/_methods.py:160: RuntimeWarning: invalid value encountered in reduce
  ret = umr_sum(arr, axis, dtype, out, keepdims)
update_time_steps: 8192 , ppo_epochs: 8 , beta:  0.01 , gamma 0.99
0 : -1.4076858088374138
1 : -3.4604222355410457
2 : -0.092876847833395
3 : -1.6771440277807415
4 : -1.4998483378440142
5 : -1.575436506420374
6 : -1.6841547153890133
7 : -1.7538668038323522
8 : 0.3769617769867182
9 : -6.207020076923072
10 : -2.7838070085272193
11 : -1.249932337552309
12 : -1.7224656767211854
13 : -1.1705840695649385
14 : -2.8839540714398026
15 : -7.502571255899966
16 : -1.4066111892461777
17 : -1.6961550931446254
18 : -1.0393956839106977
19 : -1.1098766457289457
20 : -0.37425607070326805
21 : -0.43881310150027275
22 : -2.1291214345837943
23 : -1.0374213214963675
24 : 2.2010213769972324
25 : -2.046605620533228
26 : -2.0501839350908995
27 : -0.8710874039679766
28 : -2.2083545457571745
29 : -6.28549439413473
30 : -2.8507376732304692
31 : -2.184074681252241
32 : -1.1833342500030994
33 : -1.4610673319548368
34 : -1.216812489554286
35 : -1.213115089572966
36 : -1.2255740873515606
37 : -7.546483321115375
38 : -1.6706873523071408
39 : 0.010712893214076757
40 : 2.1361602055840194
41 : -1.2140178924892098
42 : -1.5403180916327983
43 : -1.9894595937803388
44 : -1.0664765601977706
45 : -1.182306241709739
46 : 1.569034248124808
47 : -0.05221241363324225
48 : 2.123554508201778
49 : -0.9754454432986677
50 : -3.110018001869321
51 : -0.7367622633464634
52 : -1.01757906191051
53 : -0.7247014977037907
54 : -0.7583484961651266
55 : -8.633834976702929
56 : -0.08368903351947665
57 : -1.4851368982344866
58 : 11.688773401081562
59 : -2.4498193599283695
60 : -1.3236314808018506
61 : -1.1388431061059237
62 : 0.8432521702488884
63 : -2.614884720183909
64 : -0.9873937349766493
65 : -0.8862510360777378
66 : -1.0092758173123002
67 : -1.642959825694561
68 : -0.7155151795595884
69 : 0.4310569781810045
70 : -0.7205949947237968
71 : -1.3666362720541656
72 : -0.9945871224626899
73 : -0.9845994301140308
74 : -1.1177538139745593
75 : -1.0358760277740657
76 : 2.247708913870156
77 : -1.4526907727122307
78 : -0.7944722720421851
79 : 0.4844428291544318
80 : -0.8955623554065824
81 : -0.7966549322009087
82 : -0.8824897976592183
83 : -1.0567890917882323
84 : -1.3802743926644325
85 : -1.347611843724735
86 : -1.4940130051691085
87 : -2.400978400139138
88 : -0.8116719545796514
89 : 0.6385266957804561
90 : 0.08504977589473128
91 : -1.6925501190125942
92 : -0.636864144471474
93 : -0.6386986435391009
94 : 1.2504439861513674
95 : -1.151780154556036
96 : -0.9592943750321865
97 : 0.8897202461957932
98 : -4.833518114872277
99 : -12.52398245409131
100 : 5.993076864629984
101 : -3.483593906275928
102 : -2.4035155214369297
103 : 4.766845814883709
104 : -3.34244167804718
105 : -2.1583568081259727
106 : -1.1246133502572775
107 : -2.0309759378433228
108 : 0.8979088794440031
109 : -0.8117329492233694
110 : -1.6410459149628878
111 : -0.8412015307694674
112 : 0.3957014409825206
113 : -14.869702459312975
114 : -0.5640444555319846
115 : -1.5956390053033829
116 : -3.3930273451842368
117 : -2.283696811646223
118 : -2.6870562378317118
119 : -0.10599923320114613
120 : -0.3084763316437602
121 : -1.424343254417181
122 : -1.6216482194140553
123 : -0.28437085915356874
124 : -1.2230113819241524
125 : 14.62789458502084
126 : 0.5379185276106
127 : -0.8430109433829784
128 : -1.3469226453453302
129 : -3.9651051983237267
130 : -1.6363799795508385
131 : -0.40659567434340715
132 : 1.6353703298955224
133 : -2.8606080567697063
134 : -2.919627682887949
135 : -1.9043929725885391
136 : -1.67607450671494
137 : -1.2666863268241286
138 : -2.146288565825671
139 : -3.505372344807256
140 : -0.28277874644845724
141 : -2.1065397737547755
142 : -1.8158692568540573
143 : 1.6134620159864426
144 : -1.9719864949584007
145 : -2.2402686742134392
146 : -1.0848855376243591
147 : -2.0692336899228394
148 : -0.8777837101370096
149 : -1.6898233145475388
150 : -1.123736472101882
151 : -1.6154157626442611
152 : -1.661031562834978
153 : -1.3904144777916372
154 : -0.07074591005221009
155 : -0.26522146910429
156 : -2.764183380641043
157 : -1.7695838208310306
158 : -1.1894858023151755
159 : 0.803170901723206
160 : -2.1450195759534836
161 : -3.6832220293581486
162 : -0.49407303921179846
163 : 4.88911467930302
164 : -1.3861775808036327
165 : 1.297198114451021
166 : -0.9262706730514765
167 : -1.0312395188957453
168 : -1.4932050127536058
169 : -0.9545875927433372
170 : -2.1071068197488785
171 : 8.853044202318415
172 : -1.031838945345953
173 : 0.1099140802398324
174 : -1.314938691444695
175 : -1.7967179114930332
176 : 4.6419732784852386
177 : -1.0292943883687258
178 : -1.2831461448222399
179 : -0.9295233762823045
180 : -0.66772281518206
181 : -0.9740592259913683
182 : -0.9635062962770462
183 : 1.5629022831562907
184 : -2.1790244979783893
185 : -1.4768303344026208
186 : -1.3727232068777084
187 : -0.4815134759992361
188 : -1.1749998293817043
189 : -1.8421595934778452
190 : -0.13654991379007697
191 : -3.045692110201344
192 : 1.8346189022995532
193 : 0.1908360617235303
194 : -1.6603337991982698
195 : -0.8837882913649082
196 : 2.574282255489379
197 : -2.222493804525584
198 : -2.011732508894056
199 : -1.1312391078099608
200 : -0.7800658280029893
201 : -1.2480868566781282
202 : -0.9013804839923978
203 : -5.209604468778707
204 : 0.18213588977232575
205 : -1.1729161646217108
206 : -10.345484518213198
207 : 3.496476534754038
208 : -0.613720528781414
209 : -1.2627434358000755
210 : -5.7631580487359315
211 : -1.074510719627142
212 : -1.1131250811740756
213 : -1.5911216419190168
214 : -0.525404866784811
215 : -1.7995709544047713
216 : -2.04972000583075
217 : -0.9237158531323075
218 : 0.05605454556643963
219 : 1.567474965006113
220 : -8.503355261869729
221 : -0.695414837449789
222 : -1.2087130104191601
223 : -1.3572526490315795
224 : -1.2346742174122483
225 : -2.9107034103944898
226 : -4.140972364228219
227 : -1.86963876709342
228 : -1.4695637077093124
229 : -5.049005454406142
230 : 2.478025805670768
231 : -1.5917564500123262
232 : -1.6275235805660486
233 : -1.0375383850187063
234 : -1.7281704740598798
235 : -1.0627388753928244
236 : -1.2611635017674416
237 : -2.3894848255440593
238 : -1.3751105647534132
239 : -0.537953706458211
240 : -1.0491761760786176
241 : -8.939350348897278
242 : -2.9281797036528587
243 : -1.7056729830801487
244 : -1.690603974275291
245 : -1.133853669743985
246 : -1.5677771950140595
247 : 2.955591483041644
248 : -1.5575722940266132
249 : -1.3109503793530166
250 : -4.338788089808077
251 : -1.8319173017516732
252 : -1.6071015261113644
253 : 0.6424525985494256
254 : -1.314872064627707
255 : -2.2053941590711474
256 : 10.526451220735908
257 : -1.3185626529157162
258 : -1.1638433998450637
259 : -1.5589766474440694
260 : -5.118418832309544
261 : -1.3417018875479698
262 : 0.06493252899963409
263 : -1.6470145154744387
264 : -1.2199931107461452
265 : 3.992050886154175
266 : -2.271338565275073
267 : -1.1056397184729576
268 : -1.6091919159516692
269 : -0.8792942161671817
270 : -1.5903301583603024
271 : -0.37217850610613823
272 : -1.977988138794899
273 : -1.1657208781689405
274 : -2.9126704740338027
275 : -3.4808439910411835
276 : -1.7722520111128688
277 : -2.1360092535614967
278 : -1.0410882206633687
279 : 1.8368972726166248
280 : -1.0400484004057944
281 : -0.9651903270278126
282 : 1.173117684200406
283 : -6.14683432597667
284 : -0.9032029323279858
285 : -0.39083210099488497
286 : -1.1365737435407937
287 : -0.7284692712128162
288 : -5.209726323140785
289 : -1.3214004659093916
290 : -1.631374403834343
291 : -1.8123176589142531
292 : -1.1940246764570475
293 : -1.3163505685515702
294 : 5.989376750774682
295 : -4.673139601945877
296 : -1.7774822246283293
297 : -1.8114692578092217
298 : -0.02272864058613777
299 : -1.805893700569868
300 : -2.3634262774139643
301 : -3.8082062993198633
302 : -2.014320757240057
303 : -0.43152107624337077
304 : -1.478878378868103
305 : -1.00416374579072
306 : -2.8703548070043325
307 : -1.8400303972885013
308 : -0.9612152446061373
309 : -2.198530027642846
310 : -0.8223320217803121
311 : -1.1021639285609126
312 : -4.3451978005468845
313 : -1.5875181909650564
314 : -1.6912212138995528
315 : -1.063122695311904
316 : -1.2400242565199733
317 : -1.1939836852252483
318 : -1.0561802717857063
319 : -1.3822478484362364
320 : 4.3435428640805185
321 : -1.9506476670503616
322 : -0.3911432516761124
323 : -5.830299672670662
324 : -1.0680766506120563
325 : -1.3903106860816479
326 : -2.5680236890912056
327 : 0.04792105406522751
328 : 0.6047454751096666
329 : -2.599492067238316
330 : 0.009630956221371889
331 : -3.9140454195439816
332 : -1.373243478126824
333 : -1.2275956629309803
334 : -3.0669397483579814
335 : -1.833540489897132
336 : 2.6450361078605056
337 : -6.370894775725901
338 : -1.3987246807664633
339 : 1.888927983585745
340 : 0.2459019785746932
341 : -0.9196139420382679
342 : -1.6839920082129538
343 : 6.515472770668566
344 : -1.624734461773187
345 : -1.0393833382986486
346 : -0.9524468863382936
347 : -1.6470012553036213
348 : 8.16701801866293
349 : -1.6489269435405731
350 : -15.305783107876778
351 : -1.5459331423044205
352 : -1.1226985286921263
353 : -1.3764296555891633
354 : -1.130334472283721
355 : -1.600928008556366
356 : -3.432291317731142
357 : -1.42599577922374
358 : -1.5336958183906972
359 : -1.944365844130516
360 : -0.816309355199337
361 : -2.148599700652994
362 : -0.8347233859822154
363 : -5.031605960801244
364 : -6.135947682894766
365 : 0.8766792686656117
!!! updated
366 : -0.3537305239588022
Setting up 2 worker threads for Enlighten.
  Thread -> id: 7f1fd2daf700 -> priority: 1 
  Thread -> id: 7f1fd25ae700 -> priority: 1 
Traceback (most recent call last):
  File "main.py", line 123, in <module>
    returns = [episode(env, agent, i) for i in range(training_episodes)]
  File "main.py", line 123, in <listcomp>
    returns = [episode(env, agent, i) for i in range(training_episodes)]
  File "main.py", line 30, in episode
    next_state, reward, done, _ = env.step(action.numpy()[0])
  File "/home/j/jensenj/.local/lib/python3.6/site-packages/gym_unity/envs/__init__.py", line 177, in step
    self._env.step()
  File "/home/j/jensenj/.local/lib/python3.6/site-packages/mlagents_envs/timers.py", line 305, in wrapped
    return func(*args, **kwargs)
  File "/home/j/jensenj/.local/lib/python3.6/site-packages/mlagents_envs/environment.py", line 319, in step
    self._update_state(rl_output)
  File "/home/j/jensenj/.local/lib/python3.6/site-packages/mlagents_envs/environment.py", line 275, in _update_state
    agent_info_list, self._env_specs[brain_name]
  File "/home/j/jensenj/.local/lib/python3.6/site-packages/mlagents_envs/timers.py", line 305, in wrapped
    return func(*args, **kwargs)
  File "/home/j/jensenj/.local/lib/python3.6/site-packages/mlagents_envs/rpc_utils.py", line 188, in steps_from_proto
    obs_index, obs_shape, decision_agent_info_list
  File "/home/j/jensenj/.local/lib/python3.6/site-packages/mlagents_envs/timers.py", line 305, in wrapped
    return func(*args, **kwargs)
  File "/home/j/jensenj/.local/lib/python3.6/site-packages/mlagents_envs/rpc_utils.py", line 152, in _process_vector_observation
    _raise_on_nan_and_inf(np_obs, "observations")
  File "/home/j/jensenj/.local/lib/python3.6/site-packages/mlagents_envs/rpc_utils.py", line 130, in _raise_on_nan_and_inf
    raise RuntimeError(f"The {source} provided had NaN values.")
RuntimeError: The observations provided had NaN values.
2020-06-25 12:24:44 INFO [environment.py:418] Environment shut down with return code 0.
