slurmstepd-luhe: error: Unable to create TMPDIR [/tmp/user/30108]: Permission denied
slurmstepd-luhe: error: Setting TMPDIR to /tmp
Found path: /home/j/jensenj/PycharmProjects/Federer-Jr./src/../crawler_single/linux/dynamic_server/crawler_dynamic.x86_64
Mono path[0] = '/home/j/jensenj/PycharmProjects/Federer-Jr./src/../crawler_single/linux/dynamic_server/crawler_dynamic_Data/Managed'
Mono config path = '/home/j/jensenj/PycharmProjects/Federer-Jr./src/../crawler_single/linux/dynamic_server/crawler_dynamic_Data/MonoBleedingEdge/etc'
Preloaded 'lib_burst_generated.so'
Preloaded 'libgrpc_csharp_ext.x64.so'
Initialize engine version: 2019.3.15f1 (59ff3e03856d)
[Subsystems] Discovering subsystems at path /home/j/jensenj/PycharmProjects/Federer-Jr./src/../crawler_single/linux/dynamic_server/crawler_dynamic_Data/UnitySubsystems
Forcing GfxDevice: Null
GfxDevice: creating device client; threaded=0
NullGfxDevice:
    Version:  NULL 1.0 [1.0]
    Renderer: Null Device
    Vendor:   Unity Technologies
Begin MonoManager ReloadAssembly
- Completed reload, in  0.101 seconds
WARNING: Shader Unsupported: 'Autodesk Interactive' - All passes removed
WARNING: Shader Did you use #pragma only_renderers and omit this platform?
UnloadTime: 0.442425 ms
Fallback handler could not load library /home/j/jensenj/PycharmProjects/Federer-Jr./src/../crawler_single/linux/dynamic_server/crawler_dynamic_Data/Mono/libcoreclr.so
Fallback handler could not load library /home/j/jensenj/PycharmProjects/Federer-Jr./src/../crawler_single/linux/dynamic_server/crawler_dynamic_Data/Mono/libcoreclr.so
Fallback handler could not load library /home/j/jensenj/PycharmProjects/Federer-Jr./src/../crawler_single/linux/dynamic_server/crawler_dynamic_Data/Mono/libcoreclr.so
Fallback handler could not load library /home/j/jensenj/PycharmProjects/Federer-Jr./src/../crawler_single/linux/dynamic_server/crawler_dynamic_Data/Mono/libSystem.dylib
Fallback handler could not load library /home/j/jensenj/PycharmProjects/Federer-Jr./src/../crawler_single/linux/dynamic_server/crawler_dynamic_Data/Mono/libSystem.dylib.so
Fallback handler could not load library /home/j/jensenj/PycharmProjects/Federer-Jr./src/../crawler_single/linux/dynamic_server/crawler_dynamic_Data/Mono/libSystem.dylib
Fallback handler could not load library /home/j/jensenj/PycharmProjects/Federer-Jr./src/../crawler_single/linux/dynamic_server/crawler_dynamic_Data/Mono/libcoreclr.so
Fallback handler could not load library /home/j/jensenj/PycharmProjects/Federer-Jr./src/../crawler_single/linux/dynamic_server/crawler_dynamic_Data/Mono/libcoreclr.so
Fallback handler could not load library /home/j/jensenj/PycharmProjects/Federer-Jr./src/../crawler_single/linux/dynamic_server/crawler_dynamic_Data/Mono/libcoreclr.so
Fallback handler could not load library /home/j/jensenj/PycharmProjects/Federer-Jr./src/../crawler_single/linux/dynamic_server/crawler_dynamic_Data/Mono/libSystem.dylib
Fallback handler could not load library /home/j/jensenj/PycharmProjects/Federer-Jr./src/../crawler_single/linux/dynamic_server/crawler_dynamic_Data/Mono/libSystem.dylib.so
Fallback handler could not load library /home/j/jensenj/PycharmProjects/Federer-Jr./src/../crawler_single/linux/dynamic_server/crawler_dynamic_Data/Mono/libSystem.dylib
/home/j/jensenj/.local/lib/python3.6/site-packages/tensorboard/compat/tensorflow_stub/dtypes.py:541: FutureWarning: Passing (type, 1) or '1type' as a synonym of type is deprecated; in a future version of numpy, it will be understood as (type, (1,)) / '(1,)type'.
  _np_qint8 = np.dtype([("qint8", np.int8, 1)])
/home/j/jensenj/.local/lib/python3.6/site-packages/tensorboard/compat/tensorflow_stub/dtypes.py:542: FutureWarning: Passing (type, 1) or '1type' as a synonym of type is deprecated; in a future version of numpy, it will be understood as (type, (1,)) / '(1,)type'.
  _np_quint8 = np.dtype([("quint8", np.uint8, 1)])
/home/j/jensenj/.local/lib/python3.6/site-packages/tensorboard/compat/tensorflow_stub/dtypes.py:543: FutureWarning: Passing (type, 1) or '1type' as a synonym of type is deprecated; in a future version of numpy, it will be understood as (type, (1,)) / '(1,)type'.
  _np_qint16 = np.dtype([("qint16", np.int16, 1)])
/home/j/jensenj/.local/lib/python3.6/site-packages/tensorboard/compat/tensorflow_stub/dtypes.py:544: FutureWarning: Passing (type, 1) or '1type' as a synonym of type is deprecated; in a future version of numpy, it will be understood as (type, (1,)) / '(1,)type'.
  _np_quint16 = np.dtype([("quint16", np.uint16, 1)])
/home/j/jensenj/.local/lib/python3.6/site-packages/tensorboard/compat/tensorflow_stub/dtypes.py:545: FutureWarning: Passing (type, 1) or '1type' as a synonym of type is deprecated; in a future version of numpy, it will be understood as (type, (1,)) / '(1,)type'.
  _np_qint32 = np.dtype([("qint32", np.int32, 1)])
/home/j/jensenj/.local/lib/python3.6/site-packages/tensorboard/compat/tensorflow_stub/dtypes.py:550: FutureWarning: Passing (type, 1) or '1type' as a synonym of type is deprecated; in a future version of numpy, it will be understood as (type, (1,)) / '(1,)type'.
  np_resource = np.dtype([("resource", np.ubyte, 1)])
2020-06-25 12:43:21 INFO [environment.py:108] Connected to Unity environment with package version 1.0.2 and communication version 1.0.0
2020-06-25 12:43:21 INFO [environment.py:265] Connected new brain:
CrawlerDynamic?team=0
2020-06-25 12:43:21 WARNING [__init__.py:92] The environment contains multiple observations. You must define allow_multiple_obs=True to receive them all. Otherwise, only the first visual observation (or vector observation ifthere are no visual observations) will be provided in the observation.
/home/j/jensenj/.local/lib/python3.6/site-packages/gym/logger.py:30: UserWarning: [33mWARN: Box bound precision lowered by casting to float32[0m
  warnings.warn(colorize('%s: %s'%('WARN', msg % args), 'yellow'))
/home/j/jensenj/.local/lib/python3.6/site-packages/numpy/core/_methods.py:160: RuntimeWarning: invalid value encountered in reduce
  ret = umr_sum(arr, axis, dtype, out, keepdims)
update_time_steps: 10240 , ppo_epochs: 32 , beta:  0.1 , gamma 0.9
0 : -1.6695686057209969
1 : -5.9101100992411375
2 : 3.326378505676985
3 : 6.035933177918196
4 : -0.9270705040544271
5 : -0.9507876886054873
6 : 6.1768751768395305
7 : 0.2812518775463104
8 : -1.482709489762783
9 : 0.06496164668351412
10 : -1.1750667225569487
11 : -0.13819708116352558
12 : -0.41523630637675524
13 : 0.43980469089001417
14 : -0.7334777694195509
15 : -1.0515816535335034
16 : -2.1516490168869495
17 : -1.6375687243416905
18 : -1.525412410730496
19 : -0.5990358623676002
20 : -1.2205840679816902
21 : -1.484693415928632
22 : -1.4160722123924643
23 : -0.9477127348072827
24 : -4.129906906746328
25 : -1.2039048792794347
26 : -0.2153364233672619
27 : -1.3558511966839433
28 : -1.8999422378838062
29 : -1.2837393977679312
30 : -1.255118920467794
31 : -2.071687676012516
32 : -0.21458070556400344
33 : -1.3431558646261692
34 : 3.2098825795110315
35 : -1.2727327747270465
36 : -1.3234757878817618
37 : -2.6701700910925865
38 : -0.5914840055629611
39 : -1.2339146258309484
40 : 3.8257191125303507
41 : -1.051479971036315
42 : -1.2655492727644742
43 : -0.6692446498200297
44 : -0.9020907841622829
45 : 4.401741562411189
46 : -0.9882078021764755
47 : -1.3884156877174973
48 : -1.364864005940035
49 : -1.6991007619071752
50 : -1.9827820248901844
51 : -0.29195723310112953
52 : -0.20092574413865805
53 : -0.9825007952749729
54 : -0.9586700792424381
55 : -0.39992643101140857
56 : -1.1237561274319887
57 : -1.4580183438956738
58 : -4.534076520474628
59 : 5.2476551400031894
60 : -1.21280249604024
61 : -2.4038793449290097
62 : -1.6514784134924412
63 : -3.9123546350747347
64 : -1.4756807340309024
65 : -2.5512860380113125
66 : -2.096830178052187
67 : -2.045968636870384
68 : -0.35289227589964867
69 : -4.574491534382105
70 : 0.26134984754025936
71 : -1.586610776372254
72 : -0.8694928651675582
73 : -1.7832377552986145
74 : -1.2620381540618837
75 : 0.7246521259658039
76 : -1.1641583861783147
77 : -1.40007877163589
78 : -0.9431397095322609
79 : -1.219056905945763
80 : -0.576535533182323
81 : -5.422990899998695
82 : -1.006508425809443
83 : 7.109299277886748
84 : 0.16139515163376927
85 : -1.017111787572503
86 : -1.0179918830981478
87 : 4.519746252335608
88 : -2.223224727669731
89 : 6.7231052299030125
90 : -6.071800826117396
91 : -2.037090577185154
92 : -1.4078991040587425
93 : -1.505765963345766
94 : -1.103208082728088
95 : -1.8141237208619714
96 : 0.26682557724416256
97 : -2.113657640758902
98 : -0.8098265702137724
99 : -1.2196649508550763
100 : -3.6340890051797032
101 : -1.225297162309289
102 : -3.249631110113114
103 : 0.00759352371096611
104 : 0.009230237454175949
105 : -1.3057409897446632
106 : -1.3324302625842392
107 : -2.791717676445842
108 : -2.624373369035311
109 : -0.8870842903852463
110 : -0.9794992846436799
111 : -9.927346057724208
112 : -0.7947827791795135
113 : 8.00291592348367
114 : 2.5759718571789563
115 : -1.4049151055514812
116 : -2.013160585425794
117 : -1.1897463742643595
118 : -1.0435862732119858
119 : 0.2801534323953092
120 : -1.6869208738207817
121 : -4.4302948815748096
122 : -1.6495141773484647
123 : -1.5572972428053617
124 : -1.3817921206355095
125 : -0.4437691643834114
126 : -0.8270527701824903
127 : -1.9212282877415419
128 : -6.2225421611219645
129 : -1.082594883395359
130 : -3.36850420339033
131 : -1.0482019251212478
132 : -0.5209736032411456
133 : -2.904699709266424
134 : -1.8827160685323179
135 : -1.4885086009744555
136 : -2.043413531035185
137 : -0.8534851148724556
138 : -3.9193856231868267
139 : -2.7050571693107486
140 : -0.9222091590054333
141 : -1.524048725143075
142 : -2.775536126748193
143 : -1.2693206896074116
144 : -0.6984511567279696
145 : -1.0422828900627792
146 : -0.9088302431628108
147 : -1.2782362829893827
148 : -0.9621017635799944
149 : -1.1128234304487705
150 : -1.3304226824548095
151 : -3.0304918931797147
152 : 1.0983220357447863
153 : -1.6557318805716932
154 : -0.928156053647399
155 : -1.8570430856198072
156 : -1.08246492408216
157 : 0.4626829568296671
158 : -1.612497802823782
159 : -1.4240544997155666
160 : -1.4626648277044296
161 : -0.8713228888809681
162 : -1.040996940806508
163 : -2.149365834891796
164 : 0.45414874330163
165 : -1.1666897954419255
166 : -0.499420914798975
167 : 0.2535581614356488
168 : -0.751672231592238
169 : -1.220631571020931
170 : -1.3384630335494876
171 : -1.481028363108635
172 : -1.5226666033267975
173 : -0.8862029612064362
174 : -5.364710437133908
175 : -18.554995581507683
176 : 2.4792645112611353
177 : -1.198943059425801
178 : -0.9909486216492951
179 : -1.955775492824614
180 : 0.17734182253479958
181 : -0.18154502706602216
182 : -2.0092118373140693
183 : -2.964253567624837
184 : -1.2633863221853971
185 : -0.971540036611259
186 : -0.6235705744475126
187 : -0.24492591992020607
188 : -5.513035230804235
189 : 0.8583299675956368
190 : 4.191881167003885
191 : -6.056259202770889
192 : -3.5012144707143307
193 : -1.4299653647467494
194 : -1.5795505531132221
195 : -3.284789502620697
196 : -1.5708858594298363
197 : -0.8881356716156006
198 : -1.176937522366643
199 : 0.879380077123642
200 : -0.11541824834421277
201 : -1.872792249545455
202 : -1.1431112291757017
203 : -0.4514040593057871
204 : -1.474775169044733
205 : -8.34688829490915
206 : -1.7024487014859915
207 : 1.6627527875825763
208 : -0.02060310635715723
209 : -1.490090494044125
210 : -1.5267762723378837
211 : 0.0490488363429904
212 : 2.20895367115736
213 : -1.836545068770647
214 : -1.324608319438994
215 : -0.710499650798738
216 : -0.3418824356049299
217 : -1.5453470703214407
218 : -1.2462251791730523
219 : -1.854536559432745
220 : -1.1739710699766874
221 : -3.6091602058149874
222 : 1.6186945606023073
223 : -1.1992472265847027
224 : -3.167098894715309
225 : -2.1858457177877426
226 : -0.24270642106421292
227 : -0.7684813544619828
228 : 0.16810075845569372
229 : -1.5219522342085838
230 : -0.5229595229029655
231 : -1.3660966791212559
232 : -2.705562733579427
233 : -1.514095563441515
234 : 1.9497558292932808
235 : -3.466044601984322
236 : -5.237613372504711
237 : -1.0880589988082647
238 : -0.9918103537056595
239 : 0.49796085339039564
240 : -0.9268107861280441
241 : 1.3878978949505836
242 : -0.8743011676706374
243 : -1.5561550911515951
244 : -1.208245842717588
245 : -9.441402181051672
246 : -0.8094886280596256
247 : -1.397167437709868
248 : -1.3262634351849556
249 : 2.7462339978665113
250 : -0.2777200350537896
251 : -3.670328170992434
252 : -6.431310256943107
253 : -1.689296978060156
254 : -0.7908687088638544
255 : -1.2830126341432333
256 : -0.9458068320527673
257 : 0.23649813141673803
258 : -1.536615189164877
259 : -1.100076544098556
260 : 1.3846756517887115
261 : -1.1365067888982594
262 : -1.4863777607679367
263 : -7.716086704283953
264 : -0.8288084864616394
265 : -1.787643427029252
266 : 4.440116297453642
267 : -1.464285465888679
268 : -0.9810340323019773
269 : -1.1006475482136011
270 : 0.09700188152783085
271 : -1.082156975287944
272 : -2.645323785021901
273 : -1.8970137536525726
274 : -1.1807614397257566
275 : -6.791964250616729
276 : 2.81555242696777
277 : -0.9512546695768833
278 : -1.5801894329488277
279 : -0.4468588484451175
280 : -0.8876440254971385
281 : 4.841244027018547
282 : -0.8436760981567204
283 : -1.2399611952714622
284 : -1.1902444113511592
285 : -0.48630096577107906
286 : -1.1814194549806416
287 : -3.1673131696879864
288 : -0.4946301719173789
289 : -0.03543143440037966
290 : -1.5696167405694723
291 : -2.687736279098317
292 : -0.48526636976748705
293 : -2.5812154226005077
294 : -0.5140406368300319
295 : -0.6380002601072192
296 : -2.114952901378274
297 : -0.8271557260304689
298 : -1.4264288619160652
299 : 0.4483035017037764
300 : -1.0853461008518934
301 : -0.7484283121302724
302 : -0.7320422413758934
303 : -1.7101309252902865
304 : -4.149861776269972
305 : -1.2016132455319166
306 : 1.7891179583966732
307 : -1.0775656923651695
308 : 0.920817001722753
309 : -1.242642731871456
310 : -1.0642461879178882
311 : -0.5662077590823174
312 : -3.329302763566375
313 : -1.351622615242377
314 : -1.3270831787958741
315 : 3.815526483114809
316 : -6.105626290664077
317 : -1.9041498517617583
318 : -1.6843377575278282
319 : -1.591179646551609
320 : -1.2290177820250392
321 : -1.2028397489339113
322 : 1.2537226798012853
323 : -1.391567715909332
324 : 3.941847295500338
325 : -2.312041385099292
326 : -0.7418596176430583
327 : -0.8745798580348492
328 : -1.4938838258385658
329 : -1.5459057781845331
330 : -3.1519145905040205
331 : -1.6085825823247433
332 : 0.8669160222634673
333 : -0.15457917330786586
334 : -1.3921037861146033
335 : -0.5807560924440622
336 : -2.3671851698309183
337 : 4.205183929763734
338 : -3.685950589715503
339 : -0.3147653234191239
340 : -1.9150944501161575
341 : 0.1365648042410612
342 : -2.9858615547418594
343 : -1.8177290931344032
344 : -1.491077178157866
345 : -2.813243316253647
346 : -0.5832337732426822
347 : -1.766353189945221
348 : -0.7277660565450788
349 : -1.4929923117160797
350 : 0.2678014044649899
351 : -6.077012415975332
352 : 3.730617701075971
353 : -0.6252095745876431
354 : -0.19703425746411085
355 : 3.491500469390303
356 : 0.718309254385531
357 : -0.8488766895607114
358 : 0.5617442736402154
359 : -1.0070266970433295
360 : 1.637746065389365
361 : 7.294886164367199
362 : -0.20543100405484438
363 : -1.5380073972046375
364 : -1.967493861913681
365 : -1.447344949003309
366 : -1.5559321937616915
367 : 7.244647415122017
368 : -1.6018168237060308
369 : -2.786000195890665
370 : -0.22715799417346716
371 : -1.2160708792507648
372 : -1.6541686318814754
373 : -0.5168575895950198
374 : 7.485454715788364
375 : -2.501895205117762
376 : -0.5408084494993091
377 : 0.5244798418134451
378 : -0.5832718214951456
379 : -1.1574416626244783
380 : -0.8137514786794782
381 : -0.525850486010313
382 : -0.3425606619566679
383 : -2.4173132479190826
384 : -7.151050109416246
385 : -1.8813269436359406
386 : -1.0105595308123156
387 : -3.241404642816633
388 : -1.515131785068661
389 : -1.228298886679113
390 : -3.0699368081986904
391 : -1.4901566710323095
392 : -1.4603321119211614
393 : -1.4808448967523873
394 : 3.9703963506035507
395 : -1.990944446530193
396 : -1.4019135469570756
397 : 2.5339733632281423
398 : -0.28787141665816307
399 : -2.451703131198883
400 : -1.1608097590506077
401 : -1.0315730748698115
402 : -1.4134399350732565
403 : 0.533172182738781
404 : -0.3913606107234955
405 : 1.054979346692562
406 : -2.6535635478794575
407 : -0.6923308093100786
408 : 1.0333906300365925
409 : -0.13182271551340818
410 : -1.8281819531694055
411 : -1.1128690801560879
412 : -1.5563554200343788
413 : -5.691264030057937
414 : -1.85572100430727
415 : -1.7671762946993113
416 : -0.9381180517375469
417 : -3.464537893771194
418 : -2.2667531138285995
419 : -1.8044226299971342
420 : -3.674882094375789
421 : -1.2912994073703885
422 : 0.5635827220976353
423 : -2.1665387004613876
424 : -1.4628141573630273
425 : -1.241856072563678
426 : -4.050547029823065
427 : -1.124790114350617
428 : -1.9354800889268517
429 : -9.030114339897409
430 : -2.153950773179531
431 : -1.8216893449425697
432 : -1.3514992948621511
433 : -5.3882976826280355
434 : -1.6736736372113228
435 : -1.0971481129527092
436 : -5.169937618076801
!!! updated
437 : -1.386529573937878
438 : -1.5350899174809456
Setting up 2 worker threads for Enlighten.
  Thread -> id: 7fd502d90700 -> priority: 1 
  Thread -> id: 7fd50258f700 -> priority: 1 
Traceback (most recent call last):
  File "main.py", line 123, in <module>
    returns = [episode(env, agent, i) for i in range(training_episodes)]
  File "main.py", line 123, in <listcomp>
    returns = [episode(env, agent, i) for i in range(training_episodes)]
  File "main.py", line 30, in episode
    next_state, reward, done, _ = env.step(action.numpy()[0])
  File "/home/j/jensenj/.local/lib/python3.6/site-packages/gym_unity/envs/__init__.py", line 177, in step
    self._env.step()
  File "/home/j/jensenj/.local/lib/python3.6/site-packages/mlagents_envs/timers.py", line 305, in wrapped
    return func(*args, **kwargs)
  File "/home/j/jensenj/.local/lib/python3.6/site-packages/mlagents_envs/environment.py", line 319, in step
    self._update_state(rl_output)
  File "/home/j/jensenj/.local/lib/python3.6/site-packages/mlagents_envs/environment.py", line 275, in _update_state
    agent_info_list, self._env_specs[brain_name]
  File "/home/j/jensenj/.local/lib/python3.6/site-packages/mlagents_envs/timers.py", line 305, in wrapped
    return func(*args, **kwargs)
  File "/home/j/jensenj/.local/lib/python3.6/site-packages/mlagents_envs/rpc_utils.py", line 188, in steps_from_proto
    obs_index, obs_shape, decision_agent_info_list
  File "/home/j/jensenj/.local/lib/python3.6/site-packages/mlagents_envs/timers.py", line 305, in wrapped
    return func(*args, **kwargs)
  File "/home/j/jensenj/.local/lib/python3.6/site-packages/mlagents_envs/rpc_utils.py", line 152, in _process_vector_observation
    _raise_on_nan_and_inf(np_obs, "observations")
  File "/home/j/jensenj/.local/lib/python3.6/site-packages/mlagents_envs/rpc_utils.py", line 130, in _raise_on_nan_and_inf
    raise RuntimeError(f"The {source} provided had NaN values.")
RuntimeError: The observations provided had NaN values.
2020-06-25 12:58:44 INFO [environment.py:418] Environment shut down with return code 0.
