slurmstepd-duernbach: error: Unable to create TMPDIR [/tmp/user/30108]: Permission denied
slurmstepd-duernbach: error: Setting TMPDIR to /tmp
Found path: /home/j/jensenj/PycharmProjects/Federer-Jr./src/../crawler_single/linux/dynamic_server/crawler_dynamic.x86_64
Mono path[0] = '/home/j/jensenj/PycharmProjects/Federer-Jr./src/../crawler_single/linux/dynamic_server/crawler_dynamic_Data/Managed'
Mono config path = '/home/j/jensenj/PycharmProjects/Federer-Jr./src/../crawler_single/linux/dynamic_server/crawler_dynamic_Data/MonoBleedingEdge/etc'
Preloaded 'lib_burst_generated.so'
Preloaded 'libgrpc_csharp_ext.x64.so'
Initialize engine version: 2019.3.15f1 (59ff3e03856d)
[Subsystems] Discovering subsystems at path /home/j/jensenj/PycharmProjects/Federer-Jr./src/../crawler_single/linux/dynamic_server/crawler_dynamic_Data/UnitySubsystems
Forcing GfxDevice: Null
GfxDevice: creating device client; threaded=0
NullGfxDevice:
    Version:  NULL 1.0 [1.0]
    Renderer: Null Device
    Vendor:   Unity Technologies
Begin MonoManager ReloadAssembly
- Completed reload, in  0.094 seconds
WARNING: Shader Unsupported: 'Autodesk Interactive' - All passes removed
WARNING: Shader Did you use #pragma only_renderers and omit this platform?
UnloadTime: 0.431233 ms
Fallback handler could not load library /home/j/jensenj/PycharmProjects/Federer-Jr./src/../crawler_single/linux/dynamic_server/crawler_dynamic_Data/Mono/libcoreclr.so
Fallback handler could not load library /home/j/jensenj/PycharmProjects/Federer-Jr./src/../crawler_single/linux/dynamic_server/crawler_dynamic_Data/Mono/libcoreclr.so
Fallback handler could not load library /home/j/jensenj/PycharmProjects/Federer-Jr./src/../crawler_single/linux/dynamic_server/crawler_dynamic_Data/Mono/libcoreclr.so
Fallback handler could not load library /home/j/jensenj/PycharmProjects/Federer-Jr./src/../crawler_single/linux/dynamic_server/crawler_dynamic_Data/Mono/libSystem.dylib
Fallback handler could not load library /home/j/jensenj/PycharmProjects/Federer-Jr./src/../crawler_single/linux/dynamic_server/crawler_dynamic_Data/Mono/libSystem.dylib.so
Fallback handler could not load library /home/j/jensenj/PycharmProjects/Federer-Jr./src/../crawler_single/linux/dynamic_server/crawler_dynamic_Data/Mono/libSystem.dylib
Fallback handler could not load library /home/j/jensenj/PycharmProjects/Federer-Jr./src/../crawler_single/linux/dynamic_server/crawler_dynamic_Data/Mono/libcoreclr.so
Fallback handler could not load library /home/j/jensenj/PycharmProjects/Federer-Jr./src/../crawler_single/linux/dynamic_server/crawler_dynamic_Data/Mono/libcoreclr.so
Fallback handler could not load library /home/j/jensenj/PycharmProjects/Federer-Jr./src/../crawler_single/linux/dynamic_server/crawler_dynamic_Data/Mono/libcoreclr.so
Fallback handler could not load library /home/j/jensenj/PycharmProjects/Federer-Jr./src/../crawler_single/linux/dynamic_server/crawler_dynamic_Data/Mono/libSystem.dylib
Fallback handler could not load library /home/j/jensenj/PycharmProjects/Federer-Jr./src/../crawler_single/linux/dynamic_server/crawler_dynamic_Data/Mono/libSystem.dylib.so
Fallback handler could not load library /home/j/jensenj/PycharmProjects/Federer-Jr./src/../crawler_single/linux/dynamic_server/crawler_dynamic_Data/Mono/libSystem.dylib
/home/j/jensenj/.local/lib/python3.6/site-packages/tensorboard/compat/tensorflow_stub/dtypes.py:541: FutureWarning: Passing (type, 1) or '1type' as a synonym of type is deprecated; in a future version of numpy, it will be understood as (type, (1,)) / '(1,)type'.
  _np_qint8 = np.dtype([("qint8", np.int8, 1)])
/home/j/jensenj/.local/lib/python3.6/site-packages/tensorboard/compat/tensorflow_stub/dtypes.py:542: FutureWarning: Passing (type, 1) or '1type' as a synonym of type is deprecated; in a future version of numpy, it will be understood as (type, (1,)) / '(1,)type'.
  _np_quint8 = np.dtype([("quint8", np.uint8, 1)])
/home/j/jensenj/.local/lib/python3.6/site-packages/tensorboard/compat/tensorflow_stub/dtypes.py:543: FutureWarning: Passing (type, 1) or '1type' as a synonym of type is deprecated; in a future version of numpy, it will be understood as (type, (1,)) / '(1,)type'.
  _np_qint16 = np.dtype([("qint16", np.int16, 1)])
/home/j/jensenj/.local/lib/python3.6/site-packages/tensorboard/compat/tensorflow_stub/dtypes.py:544: FutureWarning: Passing (type, 1) or '1type' as a synonym of type is deprecated; in a future version of numpy, it will be understood as (type, (1,)) / '(1,)type'.
  _np_quint16 = np.dtype([("quint16", np.uint16, 1)])
/home/j/jensenj/.local/lib/python3.6/site-packages/tensorboard/compat/tensorflow_stub/dtypes.py:545: FutureWarning: Passing (type, 1) or '1type' as a synonym of type is deprecated; in a future version of numpy, it will be understood as (type, (1,)) / '(1,)type'.
  _np_qint32 = np.dtype([("qint32", np.int32, 1)])
/home/j/jensenj/.local/lib/python3.6/site-packages/tensorboard/compat/tensorflow_stub/dtypes.py:550: FutureWarning: Passing (type, 1) or '1type' as a synonym of type is deprecated; in a future version of numpy, it will be understood as (type, (1,)) / '(1,)type'.
  np_resource = np.dtype([("resource", np.ubyte, 1)])
2020-06-25 12:00:21 INFO [environment.py:108] Connected to Unity environment with package version 1.0.2 and communication version 1.0.0
2020-06-25 12:00:21 INFO [environment.py:265] Connected new brain:
CrawlerDynamic?team=0
2020-06-25 12:00:21 WARNING [__init__.py:92] The environment contains multiple observations. You must define allow_multiple_obs=True to receive them all. Otherwise, only the first visual observation (or vector observation ifthere are no visual observations) will be provided in the observation.
/home/j/jensenj/.local/lib/python3.6/site-packages/gym/logger.py:30: UserWarning: [33mWARN: Box bound precision lowered by casting to float32[0m
  warnings.warn(colorize('%s: %s'%('WARN', msg % args), 'yellow'))
/home/j/jensenj/.local/lib/python3.6/site-packages/numpy/core/_methods.py:160: RuntimeWarning: invalid value encountered in reduce
  ret = umr_sum(arr, axis, dtype, out, keepdims)
update_time_steps: 2048 , ppo_epochs: 16 , beta:  0.01 , gamma 0.9
0 : -1.3468413911759853
1 : -1.1451109419576824
2 : -0.6806829692795873
3 : -1.5274152271449566
4 : -1.5612471401691437
5 : -1.6662314366549253
6 : -1.4366315742954612
7 : 1.1992492242716253
8 : -1.3289628261700273
9 : -1.3726013796404004
10 : -1.3636070201173425
11 : -1.447702289558947
12 : -1.0579505560453981
13 : -1.1905522756278515
14 : -2.550104681402445
15 : 0.9071487304754555
16 : -1.7641966083319858
17 : 1.8065231977961957
18 : 0.9407743341289461
19 : -1.343898966908455
20 : -2.24409804539755
21 : -0.15119528956711292
22 : -1.8375920536927879
23 : 0.02895140927284956
24 : 6.042771570384502
25 : -0.635097075253725
26 : -2.409768896177411
27 : 3.5485807741060853
28 : -1.9683159566484392
29 : -1.895135309547186
30 : -1.0544430390000343
31 : -1.3168687568977475
32 : -0.7442034124396741
33 : 1.951124255778268
34 : -1.3583581922575831
35 : -1.277086840942502
36 : -1.6126789157278836
37 : -3.6824429351836443
38 : -1.060447822092101
39 : 1.373067619279027
40 : -0.8933825273998082
41 : -0.81632543168962
42 : -1.6116101387888193
43 : 1.703374097123742
44 : -1.6513180583715439
45 : -0.862352957483381
46 : 3.438568763900548
47 : -2.153875842690468
48 : -0.5427681067958474
49 : -1.3842858271673322
50 : -0.9399032777873799
51 : -1.77476158272475
52 : -0.7892837398685515
53 : -0.9887209464795887
54 : -1.2490670392289758
55 : -1.370230020955205
56 : -1.0227200901135802
57 : 2.9469260319601744
58 : -1.1607146095484495
59 : -9.878887012600899
60 : -1.7738583348691463
61 : -2.038017250597477
62 : 6.252756092697382
63 : -0.8657371085137129
64 : -1.1018550023436546
65 : -0.9634348147083074
66 : -2.104452509433031
67 : -0.32504148641601205
68 : -0.8583866255357862
69 : -0.5673554819077253
70 : -1.0004728436470032
71 : -1.3327268436551094
72 : -2.32692963257432
73 : -6.1494886595755816
74 : -1.9857375202700496
75 : -1.4659190587699413
76 : 0.4733657445758581
77 : -2.080227581784129
78 : -1.3490687515586615
79 : 0.2654064754024148
80 : -3.6155370082706213
81 : -1.8052985593676567
82 : -0.8219071570783854
83 : -1.0365341790020466
84 : -0.9370417390018702
85 : -0.950747471768409
86 : -0.8021813463419676
87 : -0.5989513853564858
88 : -0.8843958135694265
89 : 1.120064603164792
90 : -1.056702568428591
91 : -1.2537907054647803
92 : -1.58230050932616
93 : -1.9254558207467198
94 : -1.3650520592927933
95 : -1.2057430651038885
96 : -2.1989682223647833
97 : 1.9270414276979864
98 : -1.350752018392086
99 : -2.1368535682559013
100 : -6.287975546438247
101 : -1.161848519463092
102 : -0.9783860426396132
103 : -1.5646659154444933
104 : -1.7749816086143255
105 : -6.104819048196077
106 : -3.650852268561721
107 : -1.6994453147053719
108 : -4.284445098601282
109 : -10.049000583123416
110 : -1.6636122949421406
111 : -1.2610300052911043
112 : -1.4844937324523926
113 : -0.9695456083863974
114 : -1.692348430864513
115 : -1.6374712754040956
116 : -1.8005566000938416
117 : -1.7285180920735002
118 : -1.7216797545552254
119 : -3.6196159180253744
120 : -0.7321476703509688
121 : -0.8231359738856554
122 : -2.3798624351620674
123 : -1.4170828964561224
124 : -0.7715848437510431
125 : -0.4223766829818487
126 : -2.6822799928486347
127 : -0.9056018032133579
128 : -2.4705251529812813
129 : -1.7290410846471786
130 : -1.5851482041180134
!!! updated
131 : -7.88193656783551
132 : -1.559562537819147
133 : -1.4226955324411392
Setting up 2 worker threads for Enlighten.
  Thread -> id: 7f6e41319700 -> priority: 1 
  Thread -> id: 7f6e40b18700 -> priority: 1 
Traceback (most recent call last):
  File "main.py", line 123, in <module>
    returns = [episode(env, agent, i) for i in range(training_episodes)]
  File "main.py", line 123, in <listcomp>
    returns = [episode(env, agent, i) for i in range(training_episodes)]
  File "main.py", line 30, in episode
    next_state, reward, done, _ = env.step(action.numpy()[0])
  File "/home/j/jensenj/.local/lib/python3.6/site-packages/gym_unity/envs/__init__.py", line 177, in step
    self._env.step()
  File "/home/j/jensenj/.local/lib/python3.6/site-packages/mlagents_envs/timers.py", line 305, in wrapped
    return func(*args, **kwargs)
  File "/home/j/jensenj/.local/lib/python3.6/site-packages/mlagents_envs/environment.py", line 319, in step
    self._update_state(rl_output)
  File "/home/j/jensenj/.local/lib/python3.6/site-packages/mlagents_envs/environment.py", line 275, in _update_state
    agent_info_list, self._env_specs[brain_name]
  File "/home/j/jensenj/.local/lib/python3.6/site-packages/mlagents_envs/timers.py", line 305, in wrapped
    return func(*args, **kwargs)
  File "/home/j/jensenj/.local/lib/python3.6/site-packages/mlagents_envs/rpc_utils.py", line 193, in steps_from_proto
    obs_index, obs_shape, terminal_agent_info_list
  File "/home/j/jensenj/.local/lib/python3.6/site-packages/mlagents_envs/timers.py", line 305, in wrapped
    return func(*args, **kwargs)
  File "/home/j/jensenj/.local/lib/python3.6/site-packages/mlagents_envs/rpc_utils.py", line 152, in _process_vector_observation
    _raise_on_nan_and_inf(np_obs, "observations")
  File "/home/j/jensenj/.local/lib/python3.6/site-packages/mlagents_envs/rpc_utils.py", line 130, in _raise_on_nan_and_inf
    raise RuntimeError(f"The {source} provided had NaN values.")
RuntimeError: The observations provided had NaN values.
2020-06-25 12:03:01 INFO [environment.py:418] Environment shut down with return code 0.
