slurmstepd-oybach: error: Unable to create TMPDIR [/tmp/user/30108]: Permission denied
slurmstepd-oybach: error: Setting TMPDIR to /tmp
Found path: /home/j/jensenj/PycharmProjects/Federer-Jr./src/../crawler_single/linux/dynamic_server/crawler_dynamic.x86_64
Mono path[0] = '/home/j/jensenj/PycharmProjects/Federer-Jr./src/../crawler_single/linux/dynamic_server/crawler_dynamic_Data/Managed'
Mono config path = '/home/j/jensenj/PycharmProjects/Federer-Jr./src/../crawler_single/linux/dynamic_server/crawler_dynamic_Data/MonoBleedingEdge/etc'
Preloaded 'lib_burst_generated.so'
Preloaded 'libgrpc_csharp_ext.x64.so'
Initialize engine version: 2019.3.15f1 (59ff3e03856d)
[Subsystems] Discovering subsystems at path /home/j/jensenj/PycharmProjects/Federer-Jr./src/../crawler_single/linux/dynamic_server/crawler_dynamic_Data/UnitySubsystems
Forcing GfxDevice: Null
GfxDevice: creating device client; threaded=0
NullGfxDevice:
    Version:  NULL 1.0 [1.0]
    Renderer: Null Device
    Vendor:   Unity Technologies
Begin MonoManager ReloadAssembly
- Completed reload, in  0.097 seconds
WARNING: Shader Unsupported: 'Autodesk Interactive' - All passes removed
WARNING: Shader Did you use #pragma only_renderers and omit this platform?
UnloadTime: 0.432910 ms
Fallback handler could not load library /home/j/jensenj/PycharmProjects/Federer-Jr./src/../crawler_single/linux/dynamic_server/crawler_dynamic_Data/Mono/libcoreclr.so
Fallback handler could not load library /home/j/jensenj/PycharmProjects/Federer-Jr./src/../crawler_single/linux/dynamic_server/crawler_dynamic_Data/Mono/libcoreclr.so
Fallback handler could not load library /home/j/jensenj/PycharmProjects/Federer-Jr./src/../crawler_single/linux/dynamic_server/crawler_dynamic_Data/Mono/libcoreclr.so
Fallback handler could not load library /home/j/jensenj/PycharmProjects/Federer-Jr./src/../crawler_single/linux/dynamic_server/crawler_dynamic_Data/Mono/libSystem.dylib
Fallback handler could not load library /home/j/jensenj/PycharmProjects/Federer-Jr./src/../crawler_single/linux/dynamic_server/crawler_dynamic_Data/Mono/libSystem.dylib.so
Fallback handler could not load library /home/j/jensenj/PycharmProjects/Federer-Jr./src/../crawler_single/linux/dynamic_server/crawler_dynamic_Data/Mono/libSystem.dylib
Fallback handler could not load library /home/j/jensenj/PycharmProjects/Federer-Jr./src/../crawler_single/linux/dynamic_server/crawler_dynamic_Data/Mono/libcoreclr.so
Fallback handler could not load library /home/j/jensenj/PycharmProjects/Federer-Jr./src/../crawler_single/linux/dynamic_server/crawler_dynamic_Data/Mono/libcoreclr.so
Fallback handler could not load library /home/j/jensenj/PycharmProjects/Federer-Jr./src/../crawler_single/linux/dynamic_server/crawler_dynamic_Data/Mono/libcoreclr.so
Fallback handler could not load library /home/j/jensenj/PycharmProjects/Federer-Jr./src/../crawler_single/linux/dynamic_server/crawler_dynamic_Data/Mono/libSystem.dylib
Fallback handler could not load library /home/j/jensenj/PycharmProjects/Federer-Jr./src/../crawler_single/linux/dynamic_server/crawler_dynamic_Data/Mono/libSystem.dylib.so
Fallback handler could not load library /home/j/jensenj/PycharmProjects/Federer-Jr./src/../crawler_single/linux/dynamic_server/crawler_dynamic_Data/Mono/libSystem.dylib
/home/j/jensenj/.local/lib/python3.6/site-packages/tensorboard/compat/tensorflow_stub/dtypes.py:541: FutureWarning: Passing (type, 1) or '1type' as a synonym of type is deprecated; in a future version of numpy, it will be understood as (type, (1,)) / '(1,)type'.
  _np_qint8 = np.dtype([("qint8", np.int8, 1)])
/home/j/jensenj/.local/lib/python3.6/site-packages/tensorboard/compat/tensorflow_stub/dtypes.py:542: FutureWarning: Passing (type, 1) or '1type' as a synonym of type is deprecated; in a future version of numpy, it will be understood as (type, (1,)) / '(1,)type'.
  _np_quint8 = np.dtype([("quint8", np.uint8, 1)])
/home/j/jensenj/.local/lib/python3.6/site-packages/tensorboard/compat/tensorflow_stub/dtypes.py:543: FutureWarning: Passing (type, 1) or '1type' as a synonym of type is deprecated; in a future version of numpy, it will be understood as (type, (1,)) / '(1,)type'.
  _np_qint16 = np.dtype([("qint16", np.int16, 1)])
/home/j/jensenj/.local/lib/python3.6/site-packages/tensorboard/compat/tensorflow_stub/dtypes.py:544: FutureWarning: Passing (type, 1) or '1type' as a synonym of type is deprecated; in a future version of numpy, it will be understood as (type, (1,)) / '(1,)type'.
  _np_quint16 = np.dtype([("quint16", np.uint16, 1)])
/home/j/jensenj/.local/lib/python3.6/site-packages/tensorboard/compat/tensorflow_stub/dtypes.py:545: FutureWarning: Passing (type, 1) or '1type' as a synonym of type is deprecated; in a future version of numpy, it will be understood as (type, (1,)) / '(1,)type'.
  _np_qint32 = np.dtype([("qint32", np.int32, 1)])
/home/j/jensenj/.local/lib/python3.6/site-packages/tensorboard/compat/tensorflow_stub/dtypes.py:550: FutureWarning: Passing (type, 1) or '1type' as a synonym of type is deprecated; in a future version of numpy, it will be understood as (type, (1,)) / '(1,)type'.
  np_resource = np.dtype([("resource", np.ubyte, 1)])
2020-06-25 12:20:21 INFO [environment.py:108] Connected to Unity environment with package version 1.0.2 and communication version 1.0.0
2020-06-25 12:20:21 INFO [environment.py:265] Connected new brain:
CrawlerDynamic?team=0
2020-06-25 12:20:21 WARNING [__init__.py:92] The environment contains multiple observations. You must define allow_multiple_obs=True to receive them all. Otherwise, only the first visual observation (or vector observation ifthere are no visual observations) will be provided in the observation.
Internal: JobTempAlloc has allocations that are more than 4 frames old - this is not allowed and likely a leak 
(Filename:  Line: 554)

/home/j/jensenj/.local/lib/python3.6/site-packages/gym/logger.py:30: UserWarning: [33mWARN: Box bound precision lowered by casting to float32[0m
  warnings.warn(colorize('%s: %s'%('WARN', msg % args), 'yellow'))
/home/j/jensenj/.local/lib/python3.6/site-packages/numpy/core/_methods.py:160: RuntimeWarning: invalid value encountered in reduce
  ret = umr_sum(arr, axis, dtype, out, keepdims)
update_time_steps: 8192 , ppo_epochs: 16 , beta:  0.1 , gamma 0.9
0 : -1.7570607720408589
1 : -1.6379818907007575
2 : -3.79639433324337
3 : -1.6225613616406918
4 : -1.3476424016989768
5 : 4.568537322804332
6 : -1.4685941115021706
7 : -1.1570859691128135
8 : -1.192002451280132
9 : -1.4028933718800545
10 : -2.995902319904417
11 : -1.1389435539022088
12 : -2.735519139096141
13 : -0.7211064770817757
14 : -1.6814497523009777
15 : -0.7355762934312224
16 : -1.3601743951439857
17 : 0.7407254781574011
18 : -0.4719984931871295
19 : -1.2935519944876432
20 : -1.3601207854226232
21 : -0.8541588773950934
22 : -0.31345736468210816
23 : -1.788844745606184
24 : -1.150133199058473
25 : -1.191367727238685
26 : -1.6556815057992935
27 : -0.8602580311708152
28 : -1.6080605331808329
29 : -2.0605331882834435
30 : -0.8733286391943693
31 : -1.2742104157805443
32 : -1.358358295634389
33 : -0.6007244866341352
34 : -2.1813871356425807
35 : -3.146649492904544
36 : -1.590138852596283
37 : -0.46149838995188475
38 : -1.0052794516086578
39 : -1.552750698523596
40 : 18.08224757015705
41 : -0.8117860602214932
42 : 2.708823297172785
43 : 0.43037850596010685
44 : 0.7746507055126131
45 : -0.8128086519427598
46 : -1.093085759319365
47 : 1.351904522627592
48 : -1.2251939550042152
49 : -0.8346163230016828
50 : 0.9330689185298979
51 : -1.5102363172918558
52 : -1.0045739281922579
53 : -1.5456322319805622
54 : -0.9164792979136109
55 : 3.7073445161804557
56 : -1.1716979052871466
57 : -1.8396959169767797
58 : -3.7900392576120794
59 : -1.5084133334457874
60 : -7.016407208982855
61 : -3.8767796102911234
62 : 1.056825153529644
63 : -1.9263843572698534
64 : -2.75625791400671
65 : 1.7468605330213904
66 : -0.7084164591506124
67 : -0.4694461300969124
68 : -1.5082450397312641
69 : -1.0866128173656762
70 : -1.649193599820137
71 : -3.381445735692978
72 : 0.5793342236429453
73 : 0.6170999202877283
74 : -0.5390107330167666
75 : -0.8812155034393072
76 : -0.9080309979617596
77 : -0.6280741267837584
78 : -1.2149245413020253
79 : -1.1109529286623
80 : -0.6854029055684805
81 : -1.7379138618707657
82 : -1.0835022910032421
83 : -1.942395840305835
84 : -1.048335684929043
85 : -0.7103326693177223
86 : -1.0864822044968605
87 : -1.6058157607913017
88 : -1.7552989795804024
89 : -1.3613327583298087
90 : -3.877480225171894
91 : -0.8886621287092566
92 : -4.177507616113871
93 : -1.714933997951448
94 : -0.7634523846209049
95 : -0.9239678764715791
96 : -1.2263311026617885
97 : -2.9210616052150726
98 : -1.7999215237796307
99 : -2.9683838468044996
100 : -1.5982394218444824
101 : 1.623012281022966
102 : -1.8480858951807022
103 : -1.448172189295292
104 : 8.63690873188898
105 : -1.849644996225834
106 : 1.6000223284354433
107 : -5.2656529657542706
108 : -1.3383095609024167
109 : -1.411463518626988
110 : -3.2050954438745975
111 : -1.0134656727313995
112 : -0.6622551027685404
113 : -1.7430256251245737
114 : -1.6551255420781672
115 : -1.8782111052423716
116 : -1.395839687436819
117 : -1.6403493359684944
118 : -1.4465115377679467
119 : -1.436648997478187
120 : 0.0688627737108618
121 : -1.8606286328285933
122 : -1.7895432878285646
123 : 2.5063998214900494
124 : -1.0163513333536685
125 : 0.08694579591974616
126 : -1.8854520730674267
127 : -1.3858995474874973
128 : -1.929715819656849
129 : -3.0871992334723473
130 : 4.158064395189285
131 : -2.1688871243968606
132 : -1.6897423341870308
133 : 3.9964443650096655
134 : -2.270804986357689
135 : 0.17486816411837935
136 : -2.0794312451034784
137 : -1.934970449656248
138 : -1.4720212556421757
139 : -1.572235389612615
140 : -1.252897989936173
141 : -1.0573703171685338
142 : -0.8363220933824778
143 : -0.5863461205735803
144 : -1.6340416111052036
145 : -0.010821318253874779
146 : -7.50662998505868
147 : -2.295991314575076
148 : -4.4322105050086975
149 : -4.4890892980620265
150 : -1.0798048600554466
151 : -1.9473598152399063
152 : 4.306660271715373
153 : -0.33320489153265953
154 : -0.8789073200896382
155 : -2.192063031718135
156 : -0.9600785877555609
157 : 8.719616601243615
158 : -1.967506144195795
159 : -1.2940682754851878
160 : -1.1413247414166108
161 : -0.9905097880400717
162 : -1.5767519287765026
163 : -0.8482362944632769
164 : -1.87277349550277
165 : -2.87423899769783
166 : -1.4214372783899307
167 : -3.252073520794511
168 : -1.2408970836549997
169 : -1.2271170997992158
170 : -0.9347158195450902
171 : -1.239922996610403
172 : -1.2866115532815456
173 : -1.5246613374911249
174 : -0.9077131003141403
175 : -1.8270291797816753
176 : -2.176147386431694
177 : -0.7359618782065809
178 : -1.2931094323284924
179 : -2.4897485751425847
180 : -1.4857376711443067
181 : -1.1830420731566846
182 : 2.301952919922769
183 : 1.1543066529557109
184 : 2.417153636459261
185 : 0.9324803651543334
186 : -3.2377693289890885
187 : -1.5820190403610468
188 : -0.25241632119286805
189 : -0.5658085821196437
190 : -0.6117857019416988
191 : -2.7345979921519756
192 : -0.872476264834404
193 : -1.0656247879378498
194 : -1.2410316728055477
195 : -2.6338756512850523
196 : -4.867669842205942
197 : 1.43140887375921
198 : -2.590831241570413
199 : -0.7164659881964326
200 : -1.3766285255551338
201 : 0.8960226022172719
202 : -0.9280295604839921
203 : -1.2265178738161922
204 : -1.5015409551560879
205 : 2.3050258476287127
206 : -3.476996138226241
207 : -5.143886856734753
208 : 2.05066507589072
209 : -2.4132827119901776
210 : -1.6962334879208356
211 : -1.1955128931440413
212 : -0.8694419441744685
213 : -1.5941014289855957
214 : -1.1827333378605545
215 : -1.7989664264023304
216 : -4.168052773922682
217 : -1.4387656450271606
218 : -0.8902507689781487
219 : -0.8041975796222687
220 : -1.9341045543551445
221 : -2.0605517085641623
222 : -1.36796685308218
223 : -1.3441571644507349
224 : -0.8640572973527014
225 : 0.8288554828613997
226 : -0.7680312683805823
227 : -1.3123627989552915
228 : -1.1276182930450886
229 : -0.8281345097348094
230 : -0.8942645909264684
231 : -1.0804676236584783
232 : -1.8751762956380844
233 : -1.450784083455801
234 : -0.9401749600656331
235 : 4.212946940213442
236 : -0.9214876741170883
237 : -0.1411008178256452
238 : -1.7945609604939818
239 : -0.894003483466804
240 : -1.9458643551915884
241 : -1.5607778709381819
242 : 0.11428904067724943
243 : -2.1815951261669397
244 : -2.549689307808876
245 : -0.7147105783224106
246 : 3.747413153294474
247 : -1.7877711318433285
248 : -2.2085722647607327
249 : -1.7105641458183527
250 : -1.286529093515128
251 : -1.8862856104969978
252 : -1.9889700412750244
253 : 5.886555976234376
254 : -1.2050557537004352
255 : -1.2853253092616796
256 : -1.5464903209358454
257 : -0.9096135385334492
258 : -1.5295374356210232
259 : -0.07725933846086264
260 : -1.5257552033290267
261 : -9.080059229861945
262 : -1.6342552984133363
263 : -0.7405098830349743
264 : -1.683490053517744
265 : -1.167207093210891
266 : -0.967749887611717
267 : 3.181672889739275
268 : -0.48156630527228117
269 : -1.160228427965194
270 : -3.5056848973035812
271 : -1.4591362243518233
272 : 2.4688424835912883
273 : -1.4712907783687115
274 : -0.9398848535493016
275 : 1.9131534593179822
276 : -7.111705446615815
277 : -0.8510703453794122
278 : -1.147743004374206
279 : -0.7359491707757115
280 : 3.6824099025689065
281 : -1.1229887483641505
282 : 1.1158571857959032
283 : -3.4919719034805894
284 : 0.6275888602249324
285 : -1.7605447848327458
286 : -1.3969307746738195
287 : -1.7771160062402487
288 : -1.6313735209405422
289 : -1.5735752824693918
290 : -0.8135371021926403
291 : -1.0009419461712241
292 : -4.472314853686839
293 : -2.7538853138685226
294 : -0.9894406138919294
295 : -1.1510650117415935
296 : -2.3622196316719055
297 : -6.798289738595486
298 : 0.9638181733898818
299 : -1.5927711389958858
300 : -1.574940568767488
301 : -2.157644269987941
302 : -2.0223196307197213
303 : -1.2182351551018655
304 : -1.1316432282328606
305 : -0.5223788823932409
306 : -4.297975427471101
307 : -1.0659958152100444
308 : -1.1158780036494136
309 : -1.4888110421597958
310 : 6.553441568277776
311 : -1.5852061547338963
312 : -2.557550286408514
313 : -1.560373678803444
314 : 4.5677488401997834
315 : -0.8942011361941695
316 : -1.6361481617204845
317 : -2.2570211803540587
318 : -2.4430052042007446
319 : 1.5872870129533112
320 : -0.8524752948433161
321 : -2.1021344270557165
322 : 1.1724375849589705
323 : 1.4096000576391816
324 : -0.4260062798857689
325 : -0.8487632479518652
326 : -3.2843867463525385
327 : -1.1009962800890207
328 : -0.970143330283463
329 : 0.04804021120071411
330 : -2.138202153146267
331 : -1.4342072922736406
332 : 24.172946509439498
333 : -0.9236018322408199
334 : -2.221045680809766
335 : -1.3731706338003278
336 : -0.6730389483273029
337 : -1.8621005369350314
338 : -2.6944521851837635
339 : -4.9118043994531035
340 : -1.8579924050718546
341 : 1.5778713468462229
342 : -3.5216218177229166
343 : -1.7189475074410439
344 : -1.4846956701949239
345 : -1.501945372670889
346 : -1.0382354403845966
347 : 0.038953039329499006
348 : -3.2351604737341404
349 : -0.9642669288441539
350 : -1.460502928122878
351 : -2.2206039652228355
352 : -1.207856573164463
353 : -1.1664025206118822
354 : -0.7389250146225095
355 : -0.380358312278986
356 : 8.233468546997756
357 : -1.3154881983064115
358 : -0.7169105634093285
359 : -1.520235938951373
360 : -1.1564433723688126
361 : -1.371339486911893
362 : -0.8754285462200642
363 : -1.4245140268467367
364 : -0.898360526189208
365 : -1.327942640054971
366 : 2.2731754385167733
367 : -2.458491951227188
368 : -1.1419151052832603
369 : 1.8056624494493008
370 : -5.204495025798678
371 : -0.9238965669646859
372 : -1.2227620631456375
373 : -1.0073053687810898
374 : -1.2088086027652025
375 : -1.6193233840167522
376 : -1.0167140108533204
377 : -1.0946811651811004
378 : -1.07537142932415
379 : -2.3464005663990974
380 : -0.7012753309682012
381 : -1.0935337401460856
382 : -2.0462144878692925
383 : -2.244252440519631
384 : -1.1689959019422531
385 : -1.4537334889173508
386 : -0.7764425706118345
387 : -1.4503131248056889
388 : -1.6747225224971771
389 : -1.126755531411618
390 : -6.821059295209125
391 : -3.3314540749415755
392 : -1.3798440024256706
393 : -0.455035618506372
394 : -1.4708599402802065
395 : -0.7546742679551244
396 : -0.8945343978703022
397 : -1.0468227230012417
398 : -0.12373196613043547
399 : -2.0310500245541334
400 : -3.2302385601215065
401 : -4.294164750725031
402 : -1.624584344215691
403 : -1.354159383336082
404 : 1.815581550821662
405 : -1.871547892689705
406 : -0.8710157435853034
407 : -1.5083212302997708
408 : -6.6069966070353985
409 : -3.382666928693652
410 : -1.2673530308529735
411 : -1.0327811175957322
412 : -2.118234574329108
413 : -1.3103927373886108
414 : -0.531205094885081
415 : -1.3385373377241194
416 : -6.178152599837631
417 : -5.957257414236665
418 : -2.9375346801243722
419 : -1.2022486557252705
420 : -1.06481769727543
421 : -1.2988433738937601
422 : -1.4314932841807604
423 : -0.8509247107431293
424 : -1.524883471429348
425 : -1.93831130489707
426 : 2.1259297798387706
427 : -1.761078235693276
428 : -0.6937186513096094
429 : -1.5982190556824207
430 : -0.9480899693444371
431 : -1.0695913825184107
432 : -4.361897055525333
433 : -1.798274323809892
434 : 0.4636338045820594
435 : -0.9985273769125342
436 : -2.149089990183711
437 : -2.6423077643848956
438 : -1.5347745046019554
439 : -4.737414282513782
440 : -0.9929595421999693
441 : -0.8755113333463669
442 : -2.640102763194591
443 : -2.298765316605568
444 : -5.2559248972684145
445 : -2.8687696661800146
446 : -0.8502797242254019
447 : -1.6527141705155373
448 : 0.6805137740448117
449 : 2.728491570800543
450 : -1.036515163257718
451 : 0.03712252201512456
452 : -1.091628554277122
453 : -2.482834715396166
454 : -1.3119152286089957
455 : -1.9293249361217022
456 : -1.3152018242981285
457 : 0.6706034168601036
458 : -2.95326841622591
459 : -1.6177019830793142
460 : -0.9656825130805373
461 : -1.2215951643884182
462 : -2.236918996553868
463 : -1.5966411903500557
464 : -4.704383845441043
465 : -0.4890043851919472
466 : -1.132414654828608
467 : -1.1276024847757071
468 : -0.4792014481499791
469 : -0.3333774786442518
470 : -1.4400240182876587
471 : -1.2136391829699278
472 : -0.9470313293859363
473 : -1.3726775906980038
474 : -0.8512819325551391
475 : -2.703574888408184
!!! updated
476 : -1.6257400196045637
477 : -1.1884149489924312
478 : -1.1102725993841887
479 : -1.7249887064099312
480 : -1.3466313993558288
Setting up 2 worker threads for Enlighten.
  Thread -> id: 7fade0f95700 -> priority: 1 
  Thread -> id: 7fad67fff700 -> priority: 1 
Traceback (most recent call last):
  File "main.py", line 123, in <module>
    returns = [episode(env, agent, i) for i in range(training_episodes)]
  File "main.py", line 123, in <listcomp>
    returns = [episode(env, agent, i) for i in range(training_episodes)]
  File "main.py", line 30, in episode
    next_state, reward, done, _ = env.step(action.numpy()[0])
  File "/home/j/jensenj/.local/lib/python3.6/site-packages/gym_unity/envs/__init__.py", line 177, in step
    self._env.step()
  File "/home/j/jensenj/.local/lib/python3.6/site-packages/mlagents_envs/timers.py", line 305, in wrapped
    return func(*args, **kwargs)
  File "/home/j/jensenj/.local/lib/python3.6/site-packages/mlagents_envs/environment.py", line 319, in step
    self._update_state(rl_output)
  File "/home/j/jensenj/.local/lib/python3.6/site-packages/mlagents_envs/environment.py", line 275, in _update_state
    agent_info_list, self._env_specs[brain_name]
  File "/home/j/jensenj/.local/lib/python3.6/site-packages/mlagents_envs/timers.py", line 305, in wrapped
    return func(*args, **kwargs)
  File "/home/j/jensenj/.local/lib/python3.6/site-packages/mlagents_envs/rpc_utils.py", line 188, in steps_from_proto
    obs_index, obs_shape, decision_agent_info_list
  File "/home/j/jensenj/.local/lib/python3.6/site-packages/mlagents_envs/timers.py", line 305, in wrapped
    return func(*args, **kwargs)
  File "/home/j/jensenj/.local/lib/python3.6/site-packages/mlagents_envs/rpc_utils.py", line 152, in _process_vector_observation
    _raise_on_nan_and_inf(np_obs, "observations")
  File "/home/j/jensenj/.local/lib/python3.6/site-packages/mlagents_envs/rpc_utils.py", line 130, in _raise_on_nan_and_inf
    raise RuntimeError(f"The {source} provided had NaN values.")
RuntimeError: The observations provided had NaN values.
2020-06-25 12:30:59 INFO [environment.py:418] Environment shut down with return code 0.
