slurmstepd-anlauter: error: Unable to create TMPDIR [/tmp/user/30108]: Permission denied
slurmstepd-anlauter: error: Setting TMPDIR to /tmp
Found path: /home/j/jensenj/PycharmProjects/Federer-Jr./src/../crawler_single/linux/dynamic_server/crawler_dynamic.x86_64
Mono path[0] = '/home/j/jensenj/PycharmProjects/Federer-Jr./src/../crawler_single/linux/dynamic_server/crawler_dynamic_Data/Managed'
Mono config path = '/home/j/jensenj/PycharmProjects/Federer-Jr./src/../crawler_single/linux/dynamic_server/crawler_dynamic_Data/MonoBleedingEdge/etc'
Preloaded 'lib_burst_generated.so'
Preloaded 'libgrpc_csharp_ext.x64.so'
Initialize engine version: 2019.3.15f1 (59ff3e03856d)
[Subsystems] Discovering subsystems at path /home/j/jensenj/PycharmProjects/Federer-Jr./src/../crawler_single/linux/dynamic_server/crawler_dynamic_Data/UnitySubsystems
Forcing GfxDevice: Null
GfxDevice: creating device client; threaded=0
NullGfxDevice:
    Version:  NULL 1.0 [1.0]
    Renderer: Null Device
    Vendor:   Unity Technologies
Begin MonoManager ReloadAssembly
- Completed reload, in  0.100 seconds
WARNING: Shader Unsupported: 'Autodesk Interactive' - All passes removed
WARNING: Shader Did you use #pragma only_renderers and omit this platform?
UnloadTime: 0.427242 ms
Fallback handler could not load library /home/j/jensenj/PycharmProjects/Federer-Jr./src/../crawler_single/linux/dynamic_server/crawler_dynamic_Data/Mono/libcoreclr.so
Fallback handler could not load library /home/j/jensenj/PycharmProjects/Federer-Jr./src/../crawler_single/linux/dynamic_server/crawler_dynamic_Data/Mono/libcoreclr.so
Fallback handler could not load library /home/j/jensenj/PycharmProjects/Federer-Jr./src/../crawler_single/linux/dynamic_server/crawler_dynamic_Data/Mono/libcoreclr.so
Fallback handler could not load library /home/j/jensenj/PycharmProjects/Federer-Jr./src/../crawler_single/linux/dynamic_server/crawler_dynamic_Data/Mono/libSystem.dylib
Fallback handler could not load library /home/j/jensenj/PycharmProjects/Federer-Jr./src/../crawler_single/linux/dynamic_server/crawler_dynamic_Data/Mono/libSystem.dylib.so
Fallback handler could not load library /home/j/jensenj/PycharmProjects/Federer-Jr./src/../crawler_single/linux/dynamic_server/crawler_dynamic_Data/Mono/libSystem.dylib
Fallback handler could not load library /home/j/jensenj/PycharmProjects/Federer-Jr./src/../crawler_single/linux/dynamic_server/crawler_dynamic_Data/Mono/libcoreclr.so
Fallback handler could not load library /home/j/jensenj/PycharmProjects/Federer-Jr./src/../crawler_single/linux/dynamic_server/crawler_dynamic_Data/Mono/libcoreclr.so
Fallback handler could not load library /home/j/jensenj/PycharmProjects/Federer-Jr./src/../crawler_single/linux/dynamic_server/crawler_dynamic_Data/Mono/libcoreclr.so
Fallback handler could not load library /home/j/jensenj/PycharmProjects/Federer-Jr./src/../crawler_single/linux/dynamic_server/crawler_dynamic_Data/Mono/libSystem.dylib
Fallback handler could not load library /home/j/jensenj/PycharmProjects/Federer-Jr./src/../crawler_single/linux/dynamic_server/crawler_dynamic_Data/Mono/libSystem.dylib.so
Fallback handler could not load library /home/j/jensenj/PycharmProjects/Federer-Jr./src/../crawler_single/linux/dynamic_server/crawler_dynamic_Data/Mono/libSystem.dylib
/home/j/jensenj/.local/lib/python3.6/site-packages/tensorboard/compat/tensorflow_stub/dtypes.py:541: FutureWarning: Passing (type, 1) or '1type' as a synonym of type is deprecated; in a future version of numpy, it will be understood as (type, (1,)) / '(1,)type'.
  _np_qint8 = np.dtype([("qint8", np.int8, 1)])
/home/j/jensenj/.local/lib/python3.6/site-packages/tensorboard/compat/tensorflow_stub/dtypes.py:542: FutureWarning: Passing (type, 1) or '1type' as a synonym of type is deprecated; in a future version of numpy, it will be understood as (type, (1,)) / '(1,)type'.
  _np_quint8 = np.dtype([("quint8", np.uint8, 1)])
/home/j/jensenj/.local/lib/python3.6/site-packages/tensorboard/compat/tensorflow_stub/dtypes.py:543: FutureWarning: Passing (type, 1) or '1type' as a synonym of type is deprecated; in a future version of numpy, it will be understood as (type, (1,)) / '(1,)type'.
  _np_qint16 = np.dtype([("qint16", np.int16, 1)])
/home/j/jensenj/.local/lib/python3.6/site-packages/tensorboard/compat/tensorflow_stub/dtypes.py:544: FutureWarning: Passing (type, 1) or '1type' as a synonym of type is deprecated; in a future version of numpy, it will be understood as (type, (1,)) / '(1,)type'.
  _np_quint16 = np.dtype([("quint16", np.uint16, 1)])
/home/j/jensenj/.local/lib/python3.6/site-packages/tensorboard/compat/tensorflow_stub/dtypes.py:545: FutureWarning: Passing (type, 1) or '1type' as a synonym of type is deprecated; in a future version of numpy, it will be understood as (type, (1,)) / '(1,)type'.
  _np_qint32 = np.dtype([("qint32", np.int32, 1)])
/home/j/jensenj/.local/lib/python3.6/site-packages/tensorboard/compat/tensorflow_stub/dtypes.py:550: FutureWarning: Passing (type, 1) or '1type' as a synonym of type is deprecated; in a future version of numpy, it will be understood as (type, (1,)) / '(1,)type'.
  np_resource = np.dtype([("resource", np.ubyte, 1)])
2020-06-25 12:35:51 INFO [environment.py:108] Connected to Unity environment with package version 1.0.2 and communication version 1.0.0
2020-06-25 12:35:51 INFO [environment.py:265] Connected new brain:
CrawlerDynamic?team=0
2020-06-25 12:35:51 WARNING [__init__.py:92] The environment contains multiple observations. You must define allow_multiple_obs=True to receive them all. Otherwise, only the first visual observation (or vector observation ifthere are no visual observations) will be provided in the observation.
/home/j/jensenj/.local/lib/python3.6/site-packages/gym/logger.py:30: UserWarning: [33mWARN: Box bound precision lowered by casting to float32[0m
  warnings.warn(colorize('%s: %s'%('WARN', msg % args), 'yellow'))
/home/j/jensenj/.local/lib/python3.6/site-packages/numpy/core/_methods.py:160: RuntimeWarning: invalid value encountered in reduce
  ret = umr_sum(arr, axis, dtype, out, keepdims)
update_time_steps: 10240 , ppo_epochs: 8 , beta:  0.1 , gamma 0.99
0 : -1.8128169481642544
1 : -2.362889349577017
2 : 8.685165052767843
3 : -1.7055783122777939
4 : -1.3064200896769762
5 : -1.6758569199591875
6 : -1.1992403883486986
7 : -1.4550886899232864
8 : 2.1681349743157625
9 : -1.321984185720794
10 : -1.0707200719043612
11 : -7.785438071005046
12 : 1.4179594728630036
13 : -1.1751220875885338
14 : -1.8058807887136936
15 : -0.7243927922099829
16 : -1.6300010867416859
17 : -1.0446138749830425
18 : -0.99450758472085
19 : -1.163457965478301
20 : -0.9523465861566365
21 : -0.529033973813057
22 : -1.3323637736029923
23 : -1.556660246104002
24 : -1.418206736445427
25 : -1.13199957087636
26 : -1.0027567739598453
27 : -0.5309695396572351
28 : 8.937317576259375
29 : -4.303199674934149
30 : -1.8371840165928006
31 : 0.07926391065120697
32 : -0.773373824544251
33 : -1.3777596838772297
34 : -1.05077787861228
35 : -1.3063249215483665
36 : -1.3381425822153687
37 : -1.9177957996726036
38 : -0.8355347206816077
39 : -1.2383535378612578
40 : 4.659556217491627
41 : -1.3353586988523602
42 : 5.574994273483753
43 : -0.9766501523554325
44 : 2.7108440110459924
45 : -1.0990453497506678
46 : -1.1995047945529222
47 : -1.2870118345599622
48 : -1.2697021374478936
49 : -2.474561545997858
50 : -12.9911227109842
51 : -0.9422026984393597
52 : -0.9036784037016332
53 : -1.6574889672920108
54 : -1.2316439584828913
55 : -0.4412898365408182
56 : -1.7888632286339998
57 : 0.16495487216161564
58 : -1.6012670630589128
59 : -1.1486075334250927
60 : -0.9241475525777787
61 : -1.4669560678303242
62 : -1.4792220871895552
63 : -0.6149568981491029
64 : -0.2721878280863166
65 : -0.6334372237324715
66 : -1.5327208265662193
67 : -4.360204420983791
68 : -1.8777275010943413
69 : -7.983113268390298
70 : -0.8153856787830591
71 : -1.629971843212843
72 : -1.3381559327244759
73 : -3.738332346547395
74 : -0.7685156315565109
75 : -0.07510777865536511
76 : -1.67928596585989
77 : -0.688032653182745
78 : 4.704451621044427
79 : -2.5197263304144144
80 : -2.3176551568321884
81 : -0.13066676817834377
82 : -0.9386390959843993
83 : -9.238082418218255
84 : -1.3311849377350882
85 : -1.1215147767215967
86 : -0.7704366277903318
87 : -1.5302877931389958
88 : 0.3555694189853966
89 : -1.2123383283615112
90 : -1.4511977289803326
91 : -1.413982287980616
92 : -2.083178169094026
93 : -4.391909599711653
94 : -1.5710657723248005
95 : -0.9306456237100065
96 : -5.647862200625241
97 : -4.001210702583194
98 : -1.4264946971088648
99 : 0.7760404469445348
100 : -1.4878502637147903
101 : -1.5389504842460155
102 : 4.661200180649757
103 : -2.4093564581125975
104 : -0.5395316686481237
105 : -1.5064493785612285
106 : -3.149067595601082
107 : -4.48214560514316
108 : -0.3526604436337948
109 : 0.35329709970392287
110 : 2.449230111669749
111 : -0.9620285723358393
112 : 0.4385444945655763
113 : -1.503728860989213
114 : -1.5209594424813986
115 : -1.933807572349906
116 : -2.193774313200265
117 : -1.2698666802607477
118 : 3.435067999176681
119 : -2.1228248849511147
120 : 1.141431919299066
121 : -0.8880976224318147
122 : -1.9654668401926756
123 : -3.2163094440475106
124 : -1.2624185481108725
125 : -0.6641292674466968
126 : -0.7563718594610691
127 : -0.9064829722046852
128 : -1.8373381067067385
129 : -1.7020252048969269
130 : -2.0749149844050407
131 : -1.574315581470728
132 : -2.306795736774802
133 : -3.774088963866234
134 : -1.6392046604305506
135 : 1.1896310369484127
136 : -2.1036369800567627
137 : -0.9483379302546382
138 : -7.084546263329685
139 : -1.724061407148838
140 : -6.92008797917515
141 : -3.077156901359558
142 : 0.7515520956367254
143 : 11.266006224788725
144 : -1.2304382710717618
145 : -7.306468460592441
146 : -1.8222229238599539
147 : -1.2617344167083502
148 : -1.2266716100275517
149 : -1.0581587851047516
150 : -0.5928268823772669
151 : -2.147639099508524
152 : -5.531198611482978
153 : -1.299535371363163
154 : -3.9409366389736533
155 : 1.9224441573023796
156 : 2.435665026307106
157 : 1.457124120555818
158 : -1.7491925917565823
159 : -2.9388195369392633
160 : -0.7633442850783467
161 : -1.0280450452119112
162 : -0.22446097014471889
163 : -0.9771615900099277
164 : -6.523270109901205
165 : -1.7012081928551197
166 : -1.2938555086730048
167 : -0.7739392323419452
168 : -1.587530876044184
169 : 29.211947262985632
170 : -1.6782416217029095
171 : -1.2605244498699903
172 : -1.0873702205717564
173 : -1.3984144804999232
174 : -1.98504026979208
175 : -1.1885790694504976
176 : -1.4583545587956905
177 : -1.4750837157480419
178 : -1.1156314383260906
179 : -1.0699994841124862
180 : 1.2413151767104864
181 : -0.7864463180303574
182 : 3.2580278967507184
183 : -1.034974035806954
184 : -1.1565182055346668
185 : -1.1034534284844995
186 : -0.6871869852766395
187 : -0.7992213284596801
188 : -2.713724387809634
189 : 0.5187710877507925
190 : -1.1103047262877226
191 : -2.3928354689851403
192 : -2.0330416783690453
193 : -1.3869019821286201
194 : -1.552391410805285
195 : -7.39369547739625
196 : -1.1694308258593082
197 : -0.7181763383559883
198 : -1.694682963192463
199 : -1.182738940231502
200 : 0.08331028651446104
201 : -1.2677759295329452
202 : -2.014475550618954
203 : -1.280794849153608
204 : -0.9539749822579324
205 : -0.828066878952086
206 : -3.0586397289298475
207 : -0.4270498640835285
208 : -1.587805600836873
209 : -7.976148195564747
210 : 3.6634506569243968
211 : -1.500988525338471
212 : 0.9357706345617771
213 : -2.5754051599651575
214 : -1.8207454420626163
215 : -0.9356217780150473
216 : -0.9974015122279525
217 : -1.7687019319273531
218 : -1.7681601820513606
219 : -1.60855653276667
220 : -0.7514751749113202
221 : -9.102423513308167
222 : -2.033338136970997
223 : 0.4341968840453774
224 : -1.6822892900090665
225 : 0.7540122587233782
226 : -1.7861818564124405
227 : -1.1297798734158278
228 : 2.1578674968332052
229 : -4.709262016927823
230 : -1.0774930389598012
231 : -1.6383701469749212
232 : -1.2311190124601126
233 : -1.7013013940304518
234 : -0.8999842535704374
235 : 1.7853701896965504
236 : 1.4328688960522413
237 : 0.9843671666458249
238 : -1.0766837717965245
239 : -3.4724646634422243
240 : -1.7781598158180714
241 : -1.907930415123701
242 : -1.10189650952816
243 : -0.800817864947021
244 : -2.846869478467852
245 : 1.3243787428364158
246 : -1.2219018433243036
247 : 0.9003085363656282
248 : -1.4747135993093252
249 : -6.138444948126562
250 : -3.006358872167766
251 : -1.2961891312152147
252 : -1.2029880918562412
253 : -1.9791722111403942
254 : -0.8889919444918633
255 : -3.025018844753504
256 : -1.1678138682618737
257 : -4.759990006685257
258 : -0.16223095008172095
259 : -1.2457766281440854
260 : -1.0081613140646368
261 : -3.0120649482123554
262 : -1.138101255055517
263 : -7.357000797055662
264 : 1.6970559135079384
265 : -0.8972148667089641
266 : -0.6739706117659807
267 : -12.537147268652916
268 : 0.13421683758497238
269 : -2.113517226651311
270 : -2.666231664363295
271 : -1.5567157287150621
272 : -1.515027484856546
273 : -1.134936433751136
274 : -1.1642001708969474
275 : -4.306700016371906
276 : -1.7115512378513813
277 : -0.607902335934341
278 : -3.722551492974162
279 : -0.8326713158749044
280 : 3.3265674179419875
281 : -1.8874697759747505
282 : -2.7332117781043053
283 : -1.0077050272375345
284 : -1.1463018478825688
285 : -0.9089508019387722
286 : 0.33047661604359746
287 : -0.5848692692816257
288 : 0.26976596377789974
289 : -0.5263054431416094
290 : 1.360429928638041
291 : -2.5601430954411626
292 : -1.8363862484693527
293 : -2.8767613265663385
294 : -3.578102707862854
295 : -1.642246865434572
296 : -0.8679558960720897
297 : -1.3150313952937722
298 : -0.9717108667828143
299 : -5.000526674091816
300 : -2.3286853353492916
301 : 0.7325870026834309
302 : -2.0358658395707607
303 : -1.4647206896916032
304 : -2.1855961768887937
305 : -0.29057618556544185
306 : -1.2815618747845292
307 : 0.27772184554487467
308 : -0.7428587800823152
309 : -1.3141755727119744
310 : -0.33314502611756325
311 : -13.024452895391732
312 : -4.638010878115892
313 : -4.02603917196393
314 : 5.672253197059035
315 : -1.7905531227588654
316 : -0.9539902955293655
317 : -3.0186970280483365
318 : 4.592106846161187
319 : 5.939464163966477
320 : -1.5836761891841888
321 : -2.338148453272879
322 : -3.0251534013077617
323 : 2.6408814564347267
324 : -1.767382524907589
325 : -15.57293345592916
326 : -2.2416981644928455
327 : -0.44488753098994493
328 : -1.6912031136453152
329 : -1.2705259299837053
330 : -1.0956448502838612
331 : -3.7102474225685
332 : -0.9243029267527163
333 : -1.5828422736376524
334 : -1.679771892959252
335 : -2.135290623642504
336 : -2.8988456786610186
337 : 3.1611656844615936
338 : -1.4058072827756405
339 : 2.010328427888453
340 : -1.791960559785366
341 : -0.8637140751816332
342 : 9.618671117350459
343 : -3.7929288810119033
344 : -1.3669590284116566
345 : -1.7928681559860706
346 : -0.9277940504252911
347 : -1.4685480520129204
348 : -1.637188395485282
349 : -2.3230726793408394
350 : 5.553408760111779
351 : -1.1673274785280228
352 : -1.060278401710093
353 : -2.8220778834074736
354 : -1.0585476448759437
355 : 3.6206068387255073
356 : -2.038035659585148
357 : 2.2886034147813916
358 : -1.5445946296676993
359 : -0.4593163188546896
360 : 7.6090741525404155
361 : -1.5219629562925547
362 : -0.841139230877161
363 : -1.4254586854949594
364 : -1.348366963211447
365 : -0.36911411210894585
366 : -1.3867584774270654
367 : -2.6704118121415377
368 : -1.3980050540994853
369 : -1.0639835982583463
370 : -1.4341999073512852
371 : -1.9110373221337795
372 : -2.811960688792169
373 : -4.55343256611377
374 : 1.1395868095569313
375 : -1.6512955147773027
376 : -0.954935634508729
377 : -0.8020690740086138
378 : -1.0770699984859675
379 : -1.6092347726225853
380 : -4.527468156768009
381 : -1.7355737143661827
382 : -2.457374045625329
383 : -3.2217946024611592
384 : -0.9069561948999763
385 : -2.397784326225519
386 : -2.1659263595938683
387 : -1.0347051923163235
388 : -1.5520626083016396
389 : -1.96376271545887
390 : -1.4413720592856407
391 : -1.1360503900796175
392 : -1.9955679886043072
393 : -0.8114596167579293
394 : -3.1132716732099652
395 : -0.707388985902071
396 : -2.0140719953924417
397 : -3.53066198178567
398 : -2.318616546690464
399 : 0.290551311802119
400 : -0.5969112748280168
401 : -2.0115818083286285
402 : -1.1710806977935135
403 : 6.597382643260062
404 : -1.243949786759913
405 : -1.7920307777822018
406 : -0.8144097700715065
407 : -0.8477332452312112
408 : -0.696535580791533
409 : -5.970823239069432
410 : -0.7132141618058085
411 : 1.871419647242874
412 : -1.4504645529668778
413 : 0.04325934499502182
414 : -1.6589643759652972
415 : -1.015195277519524
416 : 2.0962217897176743
417 : -4.236445725895464
418 : -0.6418928392231464
419 : -1.082983505912125
420 : -0.6407786225900054
421 : -0.1703194440342486
422 : -1.2406914290040731
423 : -1.7091878331266344
424 : 0.07407931610941887
425 : -1.3878696095198393
426 : -0.8757082829251885
427 : -1.646989056840539
428 : -3.1011405419558287
429 : -2.0042943824082613
430 : -0.9142447467893362
431 : -8.632689814083278
432 : -1.9700837060809135
433 : -4.10721151670441
434 : -2.1608386719599366
435 : -3.3736954666674137
436 : -1.321952959522605
437 : -1.2994066318497062
438 : 1.7226302679628134
439 : -0.7928858902305365
440 : -1.0516657182015479
441 : -1.8753340616822243
442 : -0.6015683328732848
443 : -1.5764676919206977
444 : -1.9825551016256213
445 : -0.9575723693706095
446 : -1.3846849724650383
447 : -1.4316079686395824
448 : -1.5471505150198936
449 : -0.9547407724894583
450 : 0.2465764710213989
451 : -0.9384120162576437
452 : -1.6337657975964248
453 : -0.19461379572749138
454 : -2.6036600843071938
455 : -9.439269526861608
456 : 0.4357041800394654
457 : -4.749552560504526
458 : -1.0583918308839202
459 : -1.8176148333586752
460 : -8.989123724400997
461 : -0.9307640455663204
462 : -1.1476050335913897
463 : -1.8618635162711143
464 : -1.1791050247848034
465 : -1.8866455955430865
466 : -1.3672561831772327
467 : -1.5012896764092147
468 : 3.878261502366513
469 : -3.0017916541546583
470 : -0.04247318487614393
471 : -1.3735972046852112
472 : -0.680518688634038
473 : -1.4086311729624867
474 : -1.9006972033530474
475 : -1.4676074497401714
476 : -1.2932136673480272
!!! updated
477 : -0.38600883167237043
478 : -0.8020698600448668
479 : -1.5048437863588333
480 : -1.6369221061468124
Setting up 2 worker threads for Enlighten.
  Thread -> id: 7f19e341e700 -> priority: 1 
  Thread -> id: 7f19e2c1d700 -> priority: 1 
Traceback (most recent call last):
  File "main.py", line 123, in <module>
    returns = [episode(env, agent, i) for i in range(training_episodes)]
  File "main.py", line 123, in <listcomp>
    returns = [episode(env, agent, i) for i in range(training_episodes)]
  File "main.py", line 30, in episode
    next_state, reward, done, _ = env.step(action.numpy()[0])
  File "/home/j/jensenj/.local/lib/python3.6/site-packages/gym_unity/envs/__init__.py", line 177, in step
    self._env.step()
  File "/home/j/jensenj/.local/lib/python3.6/site-packages/mlagents_envs/timers.py", line 305, in wrapped
    return func(*args, **kwargs)
  File "/home/j/jensenj/.local/lib/python3.6/site-packages/mlagents_envs/environment.py", line 319, in step
    self._update_state(rl_output)
  File "/home/j/jensenj/.local/lib/python3.6/site-packages/mlagents_envs/environment.py", line 275, in _update_state
    agent_info_list, self._env_specs[brain_name]
  File "/home/j/jensenj/.local/lib/python3.6/site-packages/mlagents_envs/timers.py", line 305, in wrapped
    return func(*args, **kwargs)
  File "/home/j/jensenj/.local/lib/python3.6/site-packages/mlagents_envs/rpc_utils.py", line 188, in steps_from_proto
    obs_index, obs_shape, decision_agent_info_list
  File "/home/j/jensenj/.local/lib/python3.6/site-packages/mlagents_envs/timers.py", line 305, in wrapped
    return func(*args, **kwargs)
  File "/home/j/jensenj/.local/lib/python3.6/site-packages/mlagents_envs/rpc_utils.py", line 152, in _process_vector_observation
    _raise_on_nan_and_inf(np_obs, "observations")
  File "/home/j/jensenj/.local/lib/python3.6/site-packages/mlagents_envs/rpc_utils.py", line 130, in _raise_on_nan_and_inf
    raise RuntimeError(f"The {source} provided had NaN values.")
RuntimeError: The observations provided had NaN values.
2020-06-25 12:48:21 INFO [environment.py:418] Environment shut down with return code 0.
