slurmstepd-buxach: error: Unable to create TMPDIR [/tmp/user/30108]: Permission denied
slurmstepd-buxach: error: Setting TMPDIR to /tmp
Found path: /home/j/jensenj/PycharmProjects/Federer-Jr./src/../crawler_single/linux/dynamic_server/crawler_dynamic.x86_64
Mono path[0] = '/home/j/jensenj/PycharmProjects/Federer-Jr./src/../crawler_single/linux/dynamic_server/crawler_dynamic_Data/Managed'
Mono config path = '/home/j/jensenj/PycharmProjects/Federer-Jr./src/../crawler_single/linux/dynamic_server/crawler_dynamic_Data/MonoBleedingEdge/etc'
Preloaded 'lib_burst_generated.so'
Preloaded 'libgrpc_csharp_ext.x64.so'
Initialize engine version: 2019.3.15f1 (59ff3e03856d)
[Subsystems] Discovering subsystems at path /home/j/jensenj/PycharmProjects/Federer-Jr./src/../crawler_single/linux/dynamic_server/crawler_dynamic_Data/UnitySubsystems
Forcing GfxDevice: Null
GfxDevice: creating device client; threaded=0
NullGfxDevice:
    Version:  NULL 1.0 [1.0]
    Renderer: Null Device
    Vendor:   Unity Technologies
Begin MonoManager ReloadAssembly
- Completed reload, in  0.099 seconds
WARNING: Shader Unsupported: 'Autodesk Interactive' - All passes removed
WARNING: Shader Did you use #pragma only_renderers and omit this platform?
UnloadTime: 0.439314 ms
Fallback handler could not load library /home/j/jensenj/PycharmProjects/Federer-Jr./src/../crawler_single/linux/dynamic_server/crawler_dynamic_Data/Mono/libcoreclr.so
Fallback handler could not load library /home/j/jensenj/PycharmProjects/Federer-Jr./src/../crawler_single/linux/dynamic_server/crawler_dynamic_Data/Mono/libcoreclr.so
Fallback handler could not load library /home/j/jensenj/PycharmProjects/Federer-Jr./src/../crawler_single/linux/dynamic_server/crawler_dynamic_Data/Mono/libcoreclr.so
Fallback handler could not load library /home/j/jensenj/PycharmProjects/Federer-Jr./src/../crawler_single/linux/dynamic_server/crawler_dynamic_Data/Mono/libSystem.dylib
Fallback handler could not load library /home/j/jensenj/PycharmProjects/Federer-Jr./src/../crawler_single/linux/dynamic_server/crawler_dynamic_Data/Mono/libSystem.dylib.so
Fallback handler could not load library /home/j/jensenj/PycharmProjects/Federer-Jr./src/../crawler_single/linux/dynamic_server/crawler_dynamic_Data/Mono/libSystem.dylib
Fallback handler could not load library /home/j/jensenj/PycharmProjects/Federer-Jr./src/../crawler_single/linux/dynamic_server/crawler_dynamic_Data/Mono/libcoreclr.so
Fallback handler could not load library /home/j/jensenj/PycharmProjects/Federer-Jr./src/../crawler_single/linux/dynamic_server/crawler_dynamic_Data/Mono/libcoreclr.so
Fallback handler could not load library /home/j/jensenj/PycharmProjects/Federer-Jr./src/../crawler_single/linux/dynamic_server/crawler_dynamic_Data/Mono/libcoreclr.so
Fallback handler could not load library /home/j/jensenj/PycharmProjects/Federer-Jr./src/../crawler_single/linux/dynamic_server/crawler_dynamic_Data/Mono/libSystem.dylib
Fallback handler could not load library /home/j/jensenj/PycharmProjects/Federer-Jr./src/../crawler_single/linux/dynamic_server/crawler_dynamic_Data/Mono/libSystem.dylib.so
Fallback handler could not load library /home/j/jensenj/PycharmProjects/Federer-Jr./src/../crawler_single/linux/dynamic_server/crawler_dynamic_Data/Mono/libSystem.dylib
/home/j/jensenj/.local/lib/python3.6/site-packages/tensorboard/compat/tensorflow_stub/dtypes.py:541: FutureWarning: Passing (type, 1) or '1type' as a synonym of type is deprecated; in a future version of numpy, it will be understood as (type, (1,)) / '(1,)type'.
  _np_qint8 = np.dtype([("qint8", np.int8, 1)])
/home/j/jensenj/.local/lib/python3.6/site-packages/tensorboard/compat/tensorflow_stub/dtypes.py:542: FutureWarning: Passing (type, 1) or '1type' as a synonym of type is deprecated; in a future version of numpy, it will be understood as (type, (1,)) / '(1,)type'.
  _np_quint8 = np.dtype([("quint8", np.uint8, 1)])
/home/j/jensenj/.local/lib/python3.6/site-packages/tensorboard/compat/tensorflow_stub/dtypes.py:543: FutureWarning: Passing (type, 1) or '1type' as a synonym of type is deprecated; in a future version of numpy, it will be understood as (type, (1,)) / '(1,)type'.
  _np_qint16 = np.dtype([("qint16", np.int16, 1)])
/home/j/jensenj/.local/lib/python3.6/site-packages/tensorboard/compat/tensorflow_stub/dtypes.py:544: FutureWarning: Passing (type, 1) or '1type' as a synonym of type is deprecated; in a future version of numpy, it will be understood as (type, (1,)) / '(1,)type'.
  _np_quint16 = np.dtype([("quint16", np.uint16, 1)])
/home/j/jensenj/.local/lib/python3.6/site-packages/tensorboard/compat/tensorflow_stub/dtypes.py:545: FutureWarning: Passing (type, 1) or '1type' as a synonym of type is deprecated; in a future version of numpy, it will be understood as (type, (1,)) / '(1,)type'.
  _np_qint32 = np.dtype([("qint32", np.int32, 1)])
/home/j/jensenj/.local/lib/python3.6/site-packages/tensorboard/compat/tensorflow_stub/dtypes.py:550: FutureWarning: Passing (type, 1) or '1type' as a synonym of type is deprecated; in a future version of numpy, it will be understood as (type, (1,)) / '(1,)type'.
  np_resource = np.dtype([("resource", np.ubyte, 1)])
2020-06-25 12:09:51 INFO [environment.py:108] Connected to Unity environment with package version 1.0.2 and communication version 1.0.0
2020-06-25 12:09:51 INFO [environment.py:265] Connected new brain:
CrawlerDynamic?team=0
2020-06-25 12:09:51 WARNING [__init__.py:92] The environment contains multiple observations. You must define allow_multiple_obs=True to receive them all. Otherwise, only the first visual observation (or vector observation ifthere are no visual observations) will be provided in the observation.
/home/j/jensenj/.local/lib/python3.6/site-packages/gym/logger.py:30: UserWarning: [33mWARN: Box bound precision lowered by casting to float32[0m
  warnings.warn(colorize('%s: %s'%('WARN', msg % args), 'yellow'))
update_time_steps: 8192 , ppo_epochs: 1 , beta:  0.001 , gamma 0.99
0 : -0.6612534262239933
1 : 0.6355455834418535
2 : -1.1419864520430565
3 : -0.12999696237966418
4 : -1.390461953356862
5 : -1.4715876020491123
6 : -1.8259822521358728
7 : -1.1134672379121184
8 : -0.12183254724368453
9 : -6.73887224169448
10 : -1.408339338377118
11 : -1.0552142201922834
12 : -1.701379094272852
13 : -1.0161099820397794
14 : -1.2181799858808517
15 : -1.6087240111082792
16 : -0.5006209476850927
17 : -8.389975517988205
18 : 6.2089643413200974
19 : -1.079209676478058
20 : -0.6855210140347481
21 : -0.017504529794678092
22 : -1.1410512798465788
23 : 0.5718440511263907
24 : -1.5105425636284053
25 : -0.9929889589548111
26 : -5.224297859240323
27 : -0.764481320977211
28 : -4.450721903704107
29 : -1.7338942997157574
30 : -0.7452351283282042
31 : 6.3742759339511395
32 : -1.4643764337524772
33 : -12.828324634581804
34 : 0.060291080735623837
35 : -1.3087891433387995
36 : -3.132338335737586
37 : -2.331075112335384
38 : -1.4172194018028677
39 : -1.0968392645008862
40 : -0.758109865244478
41 : -1.0997852645814419
42 : -1.1541263591498137
43 : -2.1176844884175807
44 : -2.9889898374676704
45 : -1.0667294338345528
46 : -1.6227281880564988
47 : -2.4558080127462745
48 : 3.857041042530909
49 : 4.078204771503806
50 : -3.481880124658346
51 : 1.1654007855104282
52 : 2.4222412137314677
53 : 3.321857489645481
54 : -0.9241370591334999
55 : -2.395191025454551
56 : -1.8546958900988102
57 : 3.100569710251875
58 : -1.5673732114955783
59 : 3.4085347773507237
60 : -1.4822634905576706
61 : -0.4220315609127283
62 : -2.0579757280647755
63 : -3.058290984481573
64 : 1.1494712699204683
65 : -1.378844840452075
66 : 0.3836752022616565
67 : -0.7706025457009673
68 : -5.178538846317679
69 : -0.880989340133965
70 : -0.6497352635487914
71 : -10.195335546508431
72 : -1.1081463559530675
73 : -1.6054547019302845
74 : -2.4558999380096793
75 : 0.06135637534316629
76 : -0.7224046527408063
77 : -1.1788186717312783
78 : -1.5087303412146866
79 : -0.8981818426400423
80 : -5.768234161194414
81 : 1.4197863670997322
82 : -1.4276317497715354
83 : -1.366855083964765
84 : -1.6356575656682253
85 : -0.6545905992388725
86 : 1.6853013979271054
87 : -0.9999628104269505
88 : -1.4236351884901524
89 : -1.0223067537881434
90 : -0.653033894021064
91 : -1.9006407484412193
92 : 0.3526981258764863
93 : -2.5606787521392107
94 : -1.784980815835297
95 : -0.7405919767916203
96 : -1.5894681233912706
97 : -2.7910757083445787
98 : -0.27615664061158895
99 : -1.0538499634712934
100 : -4.126567869447172
101 : -1.7387551218271255
102 : -1.213727727998048
103 : 0.20868713408708572
104 : 0.5808917880058289
105 : -0.9276494798250496
106 : -3.162778780795634
107 : 0.9848069830331951
108 : -3.7645604126155376
109 : -0.5540306875482202
110 : -0.9670622390694916
111 : -1.62892065057531
112 : -1.1126377878244966
113 : 2.726514301262796
114 : -1.279915896244347
115 : -2.5594491348601878
116 : -6.0140539850108325
117 : -0.9732604278251529
118 : -2.5013680760748684
119 : 3.725652039051056
120 : -1.0290465648286045
121 : -1.2577754780650139
122 : -1.6328549459576607
123 : -1.2542816083878279
124 : -13.17484612762928
125 : -1.2692659902386367
126 : -1.1523328833281994
127 : 2.0576676903292537
128 : -1.5969733595848083
129 : 3.9283446080517024
130 : -3.0171926664188504
131 : 4.640619844198227
132 : -1.1940288036130369
133 : -1.9396810978651047
134 : -1.308239827863872
135 : -3.3307632049545646
136 : -1.615414196625352
137 : 0.0017992481589317322
138 : -3.292319990694523
139 : -4.089154569432139
140 : -2.711042918264866
141 : -3.261054266244173
142 : 0.06373934959992766
143 : -2.907158300280571
144 : -1.4398904629051685
145 : -1.0661952733062208
146 : 0.14552302053198218
147 : -1.2998509984463453
148 : -1.483278720639646
149 : -1.8808810079935938
150 : -0.2325854953378439
151 : -0.9760454390197992
152 : -4.2403213530778885
153 : -1.1337530734017491
154 : -0.747677294537425
155 : -1.2686434397473931
156 : 4.387649301439524
157 : 3.759282204322517
158 : -1.0331348348408937
159 : -1.7727766414172947
160 : -0.5805124184116721
161 : -1.2089396850205958
162 : 2.396356364712119
163 : -1.6739657702855766
164 : 3.043674787390046
165 : -1.1749463840387762
166 : -1.1639791755005717
167 : -0.9190178876742721
168 : 2.356537035666406
169 : -2.8364031091332436
170 : -1.860613590106368
171 : -3.965057431254536
172 : 1.9768625376746058
173 : -0.911886578600388
174 : 0.18681097403168678
175 : -2.34551469120197
176 : -0.5928654912859201
177 : -4.2874690014868975
178 : -5.407729780301452
179 : -1.431300370953977
180 : -1.1995344455353916
181 : -1.088558942079544
182 : 0.7356662868987769
183 : -0.7003473518416286
184 : 0.7411145102232695
185 : -1.3973164111375809
186 : -0.9237838964909315
187 : -1.4426323596853763
188 : -0.17154378816485405
189 : -0.7820829031988978
190 : -4.565035007428378
191 : -0.9531850051134825
192 : -1.92670002928935
193 : -1.456178572960198
194 : 1.4434810103848577
195 : -1.4542130064219236
196 : -0.3663863316178322
197 : -1.3442459721118212
198 : -1.088700845837593
199 : -3.6891911514103413
200 : -1.3710190271958709
201 : -1.0599048738367856
202 : -3.3343046391382813
203 : 1.3284321930259466
204 : -1.9331511612981558
205 : -14.859775171149522
206 : 1.7358059138059616
207 : 8.848797139246017
208 : 0.02593544451519847
209 : -1.0670524016022682
210 : -2.3798037227243185
211 : -2.8862123107537627
212 : -1.4367721253074706
213 : -0.5136827826499939
214 : -0.60408154129982
215 : -1.0533632128499448
216 : -2.3512688386254013
217 : -1.6405453095212579
218 : -3.32881486043334
219 : 0.5410812264308333
220 : -0.9214909393340349
221 : -1.6328164762817323
222 : -3.413066232460551
223 : -1.8458775242324919
224 : -1.6761080657597631
225 : 0.04467292386107147
226 : 1.109786109533161
227 : 1.0760387047193944
228 : -0.8481914950534701
229 : -0.8251731134951115
230 : -1.8963573519140482
231 : -1.047707088291645
232 : 0.788517284207046
233 : -0.3985904138535261
234 : 0.05539354821667075
235 : -5.8630880827549845
236 : -1.8435069234110415
237 : -1.79842275287956
238 : -1.5817874418571591
239 : -1.4511011687573045
240 : -0.9412804283201694
241 : -1.660660956054926
242 : -1.6033951621502638
243 : 6.343177631497383
244 : 5.968353440053761
245 : -7.575047124642879
246 : -3.4292254876345396
247 : -1.2728154119104147
248 : -0.6169898859225214
249 : -0.8592617926187813
250 : 4.387595817446709
251 : 3.778519980609417
252 : -2.745627664960921
253 : 8.187037881929427
254 : -0.8434911891818047
255 : 2.168455545208417
256 : -2.294395748525858
257 : -1.9463210552930832
258 : -2.758409400470555
259 : -1.4630490094423294
260 : 0.19295829627662897
261 : -0.729452736210078
262 : -1.0717997748288326
263 : -1.034570255316794
264 : -1.2742852815426886
265 : -1.394423358142376
266 : 10.1518688313663
267 : -2.1137260403484106
268 : -0.8275862243026495
269 : -3.8248679297976196
270 : -0.9905928950756788
271 : -0.8325525149703026
272 : -1.6075394302606583
273 : -0.8651107442565262
274 : -1.3317687804810703
275 : -3.6030555637553334
276 : -1.0793946399353445
277 : -2.0146302732173353
278 : -2.237612720578909
279 : -0.2493751768488437
280 : -1.536209398880601
281 : -2.298989306204021
282 : -0.6079365592449903
283 : -0.47943502524867654
284 : -2.7689602188766003
285 : -4.89176961639896
286 : -1.2676558792591095
287 : -1.678714968264103
288 : -0.09342088224366307
289 : -1.763862922322005
290 : 3.839947283267975
291 : 0.8460472133010626
292 : -2.2015689490363
293 : -1.854547705501318
294 : -0.9456177824176848
295 : 1.4627591245807707
296 : 4.973103601485491
297 : -1.3119127484969795
298 : 4.274495399557054
299 : -2.7120778262615204
300 : -7.152877703309059
301 : 0.5928013660013676
302 : -3.406476352363825
303 : 3.5715081952512264
304 : -1.6051111496053636
305 : -1.5332491286098957
306 : -0.3180057122372091
307 : -0.7667422313243151
308 : -0.8728460539132357
309 : -1.0246449678670615
310 : -1.7636827193200588
311 : -0.8390148463658988
!!! updated
312 : -1.3566432651132345
313 : -1.4354434264823794
Setting up 2 worker threads for Enlighten.
  Thread -> id: 7fc4127ac700 -> priority: 1 
  Thread -> id: 7fc411fab700 -> priority: 1 
Traceback (most recent call last):
  File "main.py", line 123, in <module>
    returns = [episode(env, agent, i) for i in range(training_episodes)]
  File "main.py", line 123, in <listcomp>
    returns = [episode(env, agent, i) for i in range(training_episodes)]
  File "main.py", line 30, in episode
    next_state, reward, done, _ = env.step(action.numpy()[0])
  File "/home/j/jensenj/.local/lib/python3.6/site-packages/gym_unity/envs/__init__.py", line 177, in step
    self._env.step()
  File "/home/j/jensenj/.local/lib/python3.6/site-packages/mlagents_envs/timers.py", line 305, in wrapped
    return func(*args, **kwargs)
  File "/home/j/jensenj/.local/lib/python3.6/site-packages/mlagents_envs/environment.py", line 319, in step
    self._update_state(rl_output)
  File "/home/j/jensenj/.local/lib/python3.6/site-packages/mlagents_envs/environment.py", line 275, in _update_state
    agent_info_list, self._env_specs[brain_name]
  File "/home/j/jensenj/.local/lib/python3.6/site-packages/mlagents_envs/timers.py", line 305, in wrapped
    return func(*args, **kwargs)
  File "/home/j/jensenj/.local/lib/python3.6/site-packages/mlagents_envs/rpc_utils.py", line 188, in steps_from_proto
    obs_index, obs_shape, decision_agent_info_list
  File "/home/j/jensenj/.local/lib/python3.6/site-packages/mlagents_envs/timers.py", line 305, in wrapped
    return func(*args, **kwargs)
  File "/home/j/jensenj/.local/lib/python3.6/site-packages/mlagents_envs/rpc_utils.py", line 152, in _process_vector_observation
    _raise_on_nan_and_inf(np_obs, "observations")
  File "/home/j/jensenj/.local/lib/python3.6/site-packages/mlagents_envs/rpc_utils.py", line 132, in _raise_on_nan_and_inf
    raise RuntimeError(f"The {source} provided had Infinite values.")
RuntimeError: The observations provided had Infinite values.
2020-06-25 12:19:15 INFO [environment.py:418] Environment shut down with return code 0.
