slurmstepd-geltnach: error: Unable to create TMPDIR [/tmp/user/30108]: Permission denied
slurmstepd-geltnach: error: Setting TMPDIR to /tmp
Found path: /home/j/jensenj/PycharmProjects/Federer-Jr./src/../crawler_single/linux/dynamic_server/crawler_dynamic.x86_64
Mono path[0] = '/home/j/jensenj/PycharmProjects/Federer-Jr./src/../crawler_single/linux/dynamic_server/crawler_dynamic_Data/Managed'
Mono config path = '/home/j/jensenj/PycharmProjects/Federer-Jr./src/../crawler_single/linux/dynamic_server/crawler_dynamic_Data/MonoBleedingEdge/etc'
Preloaded 'lib_burst_generated.so'
Preloaded 'libgrpc_csharp_ext.x64.so'
Initialize engine version: 2019.3.15f1 (59ff3e03856d)
[Subsystems] Discovering subsystems at path /home/j/jensenj/PycharmProjects/Federer-Jr./src/../crawler_single/linux/dynamic_server/crawler_dynamic_Data/UnitySubsystems
Forcing GfxDevice: Null
GfxDevice: creating device client; threaded=0
NullGfxDevice:
    Version:  NULL 1.0 [1.0]
    Renderer: Null Device
    Vendor:   Unity Technologies
Begin MonoManager ReloadAssembly
- Completed reload, in  0.103 seconds
WARNING: Shader Unsupported: 'Autodesk Interactive' - All passes removed
WARNING: Shader Did you use #pragma only_renderers and omit this platform?
UnloadTime: 0.403249 ms
Fallback handler could not load library /home/j/jensenj/PycharmProjects/Federer-Jr./src/../crawler_single/linux/dynamic_server/crawler_dynamic_Data/Mono/libcoreclr.so
Fallback handler could not load library /home/j/jensenj/PycharmProjects/Federer-Jr./src/../crawler_single/linux/dynamic_server/crawler_dynamic_Data/Mono/libcoreclr.so
Fallback handler could not load library /home/j/jensenj/PycharmProjects/Federer-Jr./src/../crawler_single/linux/dynamic_server/crawler_dynamic_Data/Mono/libcoreclr.so
Fallback handler could not load library /home/j/jensenj/PycharmProjects/Federer-Jr./src/../crawler_single/linux/dynamic_server/crawler_dynamic_Data/Mono/libSystem.dylib
Fallback handler could not load library /home/j/jensenj/PycharmProjects/Federer-Jr./src/../crawler_single/linux/dynamic_server/crawler_dynamic_Data/Mono/libSystem.dylib.so
Fallback handler could not load library /home/j/jensenj/PycharmProjects/Federer-Jr./src/../crawler_single/linux/dynamic_server/crawler_dynamic_Data/Mono/libSystem.dylib
Fallback handler could not load library /home/j/jensenj/PycharmProjects/Federer-Jr./src/../crawler_single/linux/dynamic_server/crawler_dynamic_Data/Mono/libcoreclr.so
Fallback handler could not load library /home/j/jensenj/PycharmProjects/Federer-Jr./src/../crawler_single/linux/dynamic_server/crawler_dynamic_Data/Mono/libcoreclr.so
Fallback handler could not load library /home/j/jensenj/PycharmProjects/Federer-Jr./src/../crawler_single/linux/dynamic_server/crawler_dynamic_Data/Mono/libcoreclr.so
Fallback handler could not load library /home/j/jensenj/PycharmProjects/Federer-Jr./src/../crawler_single/linux/dynamic_server/crawler_dynamic_Data/Mono/libSystem.dylib
Fallback handler could not load library /home/j/jensenj/PycharmProjects/Federer-Jr./src/../crawler_single/linux/dynamic_server/crawler_dynamic_Data/Mono/libSystem.dylib.so
Fallback handler could not load library /home/j/jensenj/PycharmProjects/Federer-Jr./src/../crawler_single/linux/dynamic_server/crawler_dynamic_Data/Mono/libSystem.dylib
/home/j/jensenj/.local/lib/python3.6/site-packages/tensorboard/compat/tensorflow_stub/dtypes.py:541: FutureWarning: Passing (type, 1) or '1type' as a synonym of type is deprecated; in a future version of numpy, it will be understood as (type, (1,)) / '(1,)type'.
  _np_qint8 = np.dtype([("qint8", np.int8, 1)])
/home/j/jensenj/.local/lib/python3.6/site-packages/tensorboard/compat/tensorflow_stub/dtypes.py:542: FutureWarning: Passing (type, 1) or '1type' as a synonym of type is deprecated; in a future version of numpy, it will be understood as (type, (1,)) / '(1,)type'.
  _np_quint8 = np.dtype([("quint8", np.uint8, 1)])
/home/j/jensenj/.local/lib/python3.6/site-packages/tensorboard/compat/tensorflow_stub/dtypes.py:543: FutureWarning: Passing (type, 1) or '1type' as a synonym of type is deprecated; in a future version of numpy, it will be understood as (type, (1,)) / '(1,)type'.
  _np_qint16 = np.dtype([("qint16", np.int16, 1)])
/home/j/jensenj/.local/lib/python3.6/site-packages/tensorboard/compat/tensorflow_stub/dtypes.py:544: FutureWarning: Passing (type, 1) or '1type' as a synonym of type is deprecated; in a future version of numpy, it will be understood as (type, (1,)) / '(1,)type'.
  _np_quint16 = np.dtype([("quint16", np.uint16, 1)])
/home/j/jensenj/.local/lib/python3.6/site-packages/tensorboard/compat/tensorflow_stub/dtypes.py:545: FutureWarning: Passing (type, 1) or '1type' as a synonym of type is deprecated; in a future version of numpy, it will be understood as (type, (1,)) / '(1,)type'.
  _np_qint32 = np.dtype([("qint32", np.int32, 1)])
/home/j/jensenj/.local/lib/python3.6/site-packages/tensorboard/compat/tensorflow_stub/dtypes.py:550: FutureWarning: Passing (type, 1) or '1type' as a synonym of type is deprecated; in a future version of numpy, it will be understood as (type, (1,)) / '(1,)type'.
  np_resource = np.dtype([("resource", np.ubyte, 1)])
2020-06-25 12:00:21 INFO [environment.py:108] Connected to Unity environment with package version 1.0.2 and communication version 1.0.0
2020-06-25 12:00:21 INFO [environment.py:265] Connected new brain:
CrawlerDynamic?team=0
2020-06-25 12:00:21 WARNING [__init__.py:92] The environment contains multiple observations. You must define allow_multiple_obs=True to receive them all. Otherwise, only the first visual observation (or vector observation ifthere are no visual observations) will be provided in the observation.
/home/j/jensenj/.local/lib/python3.6/site-packages/gym/logger.py:30: UserWarning: [33mWARN: Box bound precision lowered by casting to float32[0m
  warnings.warn(colorize('%s: %s'%('WARN', msg % args), 'yellow'))
/home/j/jensenj/.local/lib/python3.6/site-packages/numpy/core/_methods.py:160: RuntimeWarning: invalid value encountered in reduce
  ret = umr_sum(arr, axis, dtype, out, keepdims)
update_time_steps: 2048 , ppo_epochs: 32 , beta:  0.01 , gamma 0.99
0 : -1.447081895545125
1 : 1.4694295878289267
2 : -0.8744378974661231
3 : 0.5507243517786264
4 : 3.5859066168777645
5 : -0.8252794686704874
6 : -3.083426550962031
7 : -0.9097044309601188
8 : -1.148552814964205
9 : -3.6554682585410774
10 : -1.2180709135718644
11 : -1.0693699102848768
12 : -1.7857180153951049
13 : -0.736567351501435
14 : -1.3438597946660593
15 : -1.507163517177105
16 : -1.0307757835835218
17 : 0.9063207432627678
18 : -1.236885684542358
19 : 2.9503981699235737
20 : -1.2868537176400423
21 : 3.155482467263937
22 : -1.426108181476593
23 : -2.7186767235398293
24 : 0.13829242251813412
25 : -6.390057374723256
26 : 0.43876948207616806
27 : -1.2694635628722608
28 : -2.7708669593557715
29 : -1.2426870530471206
30 : -2.8303466187790036
31 : 0.1409667544066906
32 : -1.3018758948892355
33 : 0.5330430259928107
34 : 0.7227760050445795
35 : -1.2736225370317698
36 : -1.2452943045645952
37 : -2.4051756374537945
38 : 1.7496108738705516
39 : -0.9537099013105035
40 : -0.9318580019753426
41 : -1.3855881374329329
42 : -1.2657237742096186
43 : -0.9410672797821462
44 : -1.2725714026018977
45 : -1.2347440491430461
46 : 0.13569636177271605
47 : -2.3262581527233124
48 : -1.0217198382597417
49 : -1.2695115208625793
50 : -0.7271726755425334
51 : -1.2822298663668334
52 : -0.8683282774873078
53 : -0.9580062543973327
54 : -1.791857335716486
55 : -1.174871669150889
56 : -1.5999264512211084
57 : 0.4910495509393513
58 : -7.092305387370288
59 : -1.2822978706099093
60 : -3.3106950987130404
61 : 3.1023888643831015
62 : -1.5084455152973533
63 : -0.8052618633955717
64 : -1.4292327463626862
65 : -1.9861906506121159
66 : -1.5986378737725317
67 : -2.0931293442845345
68 : -1.3880430711433291
69 : -0.03156683035194874
70 : -0.819572159089148
71 : -1.6792311565950513
72 : -0.6876230929046869
73 : -0.2241586446762085
74 : -1.2211806699633598
75 : 4.4379479479976
76 : -1.0035845171660185
77 : -0.9860068917041644
78 : -1.9604856567457318
79 : -0.7590623758733273
80 : 0.30781773664057255
81 : -2.4537252485752106
82 : 4.870975620811805
83 : -4.125848233234137
84 : 1.745584899559617
85 : -1.3440843168646097
86 : -0.9436498475261033
87 : -0.9070977391675115
88 : -1.8473445158451796
89 : -1.435601668432355
90 : -4.00273176562041
91 : -1.0524269747547805
92 : -1.1187114948406816
93 : -1.2615926410071552
94 : -2.227867513895035
95 : -0.7650586566887796
96 : -1.4937859382480383
97 : -5.777133142575622
98 : -2.570102032274008
99 : -0.6920050559565425
100 : -1.885808128863573
101 : -0.3171478502918035
102 : -2.6876768791116774
103 : -1.2095632385462523
104 : -3.5222607403993607
105 : -1.631170067936182
106 : -1.2262976244091988
107 : -1.6695205084979534
108 : -1.4114358304068446
109 : -1.2808444621041417
110 : 7.099660026840866
111 : -1.5701722940430045
!!! updated
112 : 3.769087969791144
113 : -1.4091508723795414
114 : -2.2399899896699935
115 : -2.740311287343502
116 : -0.9715329767204821
117 : -1.8107397323474288
118 : -0.5905066430568695
119 : -1.5579461744055152
120 : -1.2384556792676449
121 : 1.4545148443430662
122 : -1.2700230898335576
123 : -1.6705562807619572
124 : -1.312758345156908
125 : -2.228283628821373
126 : -2.678849697113037
127 : -2.1607741601765156
128 : -3.009542118757963
129 : -3.4541858742013574
130 : -1.6028285110369325
131 : -2.1905760690569878
132 : 15.46125095244497
133 : -0.9942243853583932
134 : -1.5278688911348581
135 : 5.4836822943761945
136 : -5.399253828451037
137 : -1.9334954172372818
138 : 7.966403275728226
139 : -0.6403085738420486
140 : 5.477814491838217
141 : -2.7125385757535696
142 : -1.5757318027317524
143 : -1.2439360616263002
144 : -1.09467532671988
145 : -7.1026808731257915
146 : -0.9940110645256937
147 : -1.9915045567322522
148 : 0.23664849903434515
149 : -1.4424766022711992
150 : -0.7762673757970333
151 : -4.062193762511015
152 : -2.554617330431938
153 : -0.48644394730217755
154 : -2.780483281239867
155 : 2.6618279707618058
156 : -3.0730496840551496
157 : 2.6599208537954837
158 : -4.549774146638811
159 : 7.168604725273326
160 : -1.3577360906638205
161 : -1.6311451643705368
162 : -1.5639295168220997
163 : -0.5660454053431749
164 : -1.276211867108941
165 : -1.6681367312557995
166 : -1.1005908995866776
167 : -0.9753915956243873
168 : -1.0006093089468777
169 : -1.291503792628646
170 : 0.5632874318398535
171 : -2.066142538562417
172 : 14.434989039087668
173 : -1.5159258488565683
174 : 5.79967998387292
175 : -2.496214397251606
176 : -1.9201014563441277
177 : -2.1316306851804256
178 : -1.2266669692471623
179 : -0.3919279049150646
180 : -1.4380282759666443
181 : -0.6937253158539534
182 : -1.077519557904452
183 : -4.5927132912911475
184 : 2.1813286719843745
185 : 4.707157088443637
186 : 0.5007695276290178
187 : -1.3731660591438413
188 : -1.4116917587816715
189 : 1.7650409862399101
190 : 11.674915263662115
191 : -1.0553021274972707
192 : -2.2608706781174988
193 : -1.1472848318517208
194 : -1.3492838884703815
195 : -0.9739421491976827
196 : -0.6103630140423775
197 : 6.6283538257703185
198 : 2.061438599601388
199 : -1.4101526821032166
200 : 1.0844294857233763
201 : -2.0896925342967734
202 : 0.4370240354910493
203 : -1.4383923127315938
204 : -1.6686097718775272
205 : -1.4637628961354494
206 : -1.0403998740948737
207 : -2.7946319145848975
208 : -1.148232575505972
209 : -1.9744287598878145
210 : -1.2620974341407418
211 : 1.86456457991153
212 : -2.1457535289227962
213 : 0.8033444327302277
214 : -1.9985269084572792
215 : -1.1874389676377177
216 : -1.9479315374046564
!!! updated
217 : -0.7152046598494053
218 : -1.0557297812774777
219 : 0.6773746162652969
Setting up 2 worker threads for Enlighten.
  Thread -> id: 7f020c866700 -> priority: 1 
  Thread -> id: 7f0203fff700 -> priority: 1 
Traceback (most recent call last):
  File "main.py", line 123, in <module>
    returns = [episode(env, agent, i) for i in range(training_episodes)]
  File "main.py", line 123, in <listcomp>
    returns = [episode(env, agent, i) for i in range(training_episodes)]
  File "main.py", line 30, in episode
    next_state, reward, done, _ = env.step(action.numpy()[0])
  File "/home/j/jensenj/.local/lib/python3.6/site-packages/gym_unity/envs/__init__.py", line 177, in step
    self._env.step()
  File "/home/j/jensenj/.local/lib/python3.6/site-packages/mlagents_envs/timers.py", line 305, in wrapped
    return func(*args, **kwargs)
  File "/home/j/jensenj/.local/lib/python3.6/site-packages/mlagents_envs/environment.py", line 319, in step
    self._update_state(rl_output)
  File "/home/j/jensenj/.local/lib/python3.6/site-packages/mlagents_envs/environment.py", line 275, in _update_state
    agent_info_list, self._env_specs[brain_name]
  File "/home/j/jensenj/.local/lib/python3.6/site-packages/mlagents_envs/timers.py", line 305, in wrapped
    return func(*args, **kwargs)
  File "/home/j/jensenj/.local/lib/python3.6/site-packages/mlagents_envs/rpc_utils.py", line 188, in steps_from_proto
    obs_index, obs_shape, decision_agent_info_list
  File "/home/j/jensenj/.local/lib/python3.6/site-packages/mlagents_envs/timers.py", line 305, in wrapped
    return func(*args, **kwargs)
  File "/home/j/jensenj/.local/lib/python3.6/site-packages/mlagents_envs/rpc_utils.py", line 152, in _process_vector_observation
    _raise_on_nan_and_inf(np_obs, "observations")
  File "/home/j/jensenj/.local/lib/python3.6/site-packages/mlagents_envs/rpc_utils.py", line 130, in _raise_on_nan_and_inf
    raise RuntimeError(f"The {source} provided had NaN values.")
RuntimeError: The observations provided had NaN values.
2020-06-25 12:06:37 INFO [environment.py:418] Environment shut down with return code 0.
