slurmstepd-guenz: error: Unable to create TMPDIR [/tmp/user/30108]: Permission denied
slurmstepd-guenz: error: Setting TMPDIR to /tmp
Found path: /home/j/jensenj/PycharmProjects/Federer-Jr./src/../crawler_single/linux/dynamic_server/crawler_dynamic.x86_64
Mono path[0] = '/home/j/jensenj/PycharmProjects/Federer-Jr./src/../crawler_single/linux/dynamic_server/crawler_dynamic_Data/Managed'
Mono config path = '/home/j/jensenj/PycharmProjects/Federer-Jr./src/../crawler_single/linux/dynamic_server/crawler_dynamic_Data/MonoBleedingEdge/etc'
Preloaded 'lib_burst_generated.so'
Preloaded 'libgrpc_csharp_ext.x64.so'
Initialize engine version: 2019.3.15f1 (59ff3e03856d)
[Subsystems] Discovering subsystems at path /home/j/jensenj/PycharmProjects/Federer-Jr./src/../crawler_single/linux/dynamic_server/crawler_dynamic_Data/UnitySubsystems
Forcing GfxDevice: Null
GfxDevice: creating device client; threaded=0
NullGfxDevice:
    Version:  NULL 1.0 [1.0]
    Renderer: Null Device
    Vendor:   Unity Technologies
Begin MonoManager ReloadAssembly
- Completed reload, in  0.117 seconds
WARNING: Shader Unsupported: 'Autodesk Interactive' - All passes removed
WARNING: Shader Did you use #pragma only_renderers and omit this platform?
UnloadTime: 0.429751 ms
Fallback handler could not load library /home/j/jensenj/PycharmProjects/Federer-Jr./src/../crawler_single/linux/dynamic_server/crawler_dynamic_Data/Mono/libcoreclr.so
Fallback handler could not load library /home/j/jensenj/PycharmProjects/Federer-Jr./src/../crawler_single/linux/dynamic_server/crawler_dynamic_Data/Mono/libcoreclr.so
Fallback handler could not load library /home/j/jensenj/PycharmProjects/Federer-Jr./src/../crawler_single/linux/dynamic_server/crawler_dynamic_Data/Mono/libcoreclr.so
Fallback handler could not load library /home/j/jensenj/PycharmProjects/Federer-Jr./src/../crawler_single/linux/dynamic_server/crawler_dynamic_Data/Mono/libSystem.dylib
Fallback handler could not load library /home/j/jensenj/PycharmProjects/Federer-Jr./src/../crawler_single/linux/dynamic_server/crawler_dynamic_Data/Mono/libSystem.dylib.so
Fallback handler could not load library /home/j/jensenj/PycharmProjects/Federer-Jr./src/../crawler_single/linux/dynamic_server/crawler_dynamic_Data/Mono/libSystem.dylib
Fallback handler could not load library /home/j/jensenj/PycharmProjects/Federer-Jr./src/../crawler_single/linux/dynamic_server/crawler_dynamic_Data/Mono/libcoreclr.so
Fallback handler could not load library /home/j/jensenj/PycharmProjects/Federer-Jr./src/../crawler_single/linux/dynamic_server/crawler_dynamic_Data/Mono/libcoreclr.so
Fallback handler could not load library /home/j/jensenj/PycharmProjects/Federer-Jr./src/../crawler_single/linux/dynamic_server/crawler_dynamic_Data/Mono/libcoreclr.so
Fallback handler could not load library /home/j/jensenj/PycharmProjects/Federer-Jr./src/../crawler_single/linux/dynamic_server/crawler_dynamic_Data/Mono/libSystem.dylib
Fallback handler could not load library /home/j/jensenj/PycharmProjects/Federer-Jr./src/../crawler_single/linux/dynamic_server/crawler_dynamic_Data/Mono/libSystem.dylib.so
Fallback handler could not load library /home/j/jensenj/PycharmProjects/Federer-Jr./src/../crawler_single/linux/dynamic_server/crawler_dynamic_Data/Mono/libSystem.dylib
/home/j/jensenj/.local/lib/python3.6/site-packages/tensorboard/compat/tensorflow_stub/dtypes.py:541: FutureWarning: Passing (type, 1) or '1type' as a synonym of type is deprecated; in a future version of numpy, it will be understood as (type, (1,)) / '(1,)type'.
  _np_qint8 = np.dtype([("qint8", np.int8, 1)])
/home/j/jensenj/.local/lib/python3.6/site-packages/tensorboard/compat/tensorflow_stub/dtypes.py:542: FutureWarning: Passing (type, 1) or '1type' as a synonym of type is deprecated; in a future version of numpy, it will be understood as (type, (1,)) / '(1,)type'.
  _np_quint8 = np.dtype([("quint8", np.uint8, 1)])
/home/j/jensenj/.local/lib/python3.6/site-packages/tensorboard/compat/tensorflow_stub/dtypes.py:543: FutureWarning: Passing (type, 1) or '1type' as a synonym of type is deprecated; in a future version of numpy, it will be understood as (type, (1,)) / '(1,)type'.
  _np_qint16 = np.dtype([("qint16", np.int16, 1)])
/home/j/jensenj/.local/lib/python3.6/site-packages/tensorboard/compat/tensorflow_stub/dtypes.py:544: FutureWarning: Passing (type, 1) or '1type' as a synonym of type is deprecated; in a future version of numpy, it will be understood as (type, (1,)) / '(1,)type'.
  _np_quint16 = np.dtype([("quint16", np.uint16, 1)])
/home/j/jensenj/.local/lib/python3.6/site-packages/tensorboard/compat/tensorflow_stub/dtypes.py:545: FutureWarning: Passing (type, 1) or '1type' as a synonym of type is deprecated; in a future version of numpy, it will be understood as (type, (1,)) / '(1,)type'.
  _np_qint32 = np.dtype([("qint32", np.int32, 1)])
/home/j/jensenj/.local/lib/python3.6/site-packages/tensorboard/compat/tensorflow_stub/dtypes.py:550: FutureWarning: Passing (type, 1) or '1type' as a synonym of type is deprecated; in a future version of numpy, it will be understood as (type, (1,)) / '(1,)type'.
  np_resource = np.dtype([("resource", np.ubyte, 1)])
2020-06-25 12:03:21 INFO [environment.py:108] Connected to Unity environment with package version 1.0.2 and communication version 1.0.0
2020-06-25 12:03:21 INFO [environment.py:265] Connected new brain:
CrawlerDynamic?team=0
2020-06-25 12:03:21 WARNING [__init__.py:92] The environment contains multiple observations. You must define allow_multiple_obs=True to receive them all. Otherwise, only the first visual observation (or vector observation ifthere are no visual observations) will be provided in the observation.
/home/j/jensenj/.local/lib/python3.6/site-packages/gym/logger.py:30: UserWarning: [33mWARN: Box bound precision lowered by casting to float32[0m
  warnings.warn(colorize('%s: %s'%('WARN', msg % args), 'yellow'))
/home/j/jensenj/.local/lib/python3.6/site-packages/numpy/core/_methods.py:160: RuntimeWarning: invalid value encountered in reduce
  ret = umr_sum(arr, axis, dtype, out, keepdims)
update_time_steps: 4096 , ppo_epochs: 4 , beta:  0.01 , gamma 0.99
0 : -1.5841888207942247
1 : -1.1012642639689147
2 : -0.8759490493685007
3 : -10.988810129463673
4 : -4.6289635701105
5 : -1.8062648624181747
6 : 1.4757324308156967
7 : -2.2531092185527086
8 : 1.2920246412977576
9 : -1.680784820113331
10 : -4.043495151214302
11 : -1.5585198570042849
12 : 1.796780226752162
13 : -1.3211119184270501
14 : 3.9208713602274656
15 : -2.2754653058946133
16 : -0.37583944760262966
17 : -1.2509655505418777
18 : -1.0046068392693996
19 : -0.787428270559758
20 : 3.1350622412282974
21 : 2.2348626903258264
22 : -1.1575726304436103
23 : 1.4577633799053729
24 : -0.6196455806493759
25 : -1.7954280516132712
26 : -1.2716918252408504
27 : -0.6584331328049302
28 : -1.5516116693615913
29 : -0.855473852250725
30 : -2.8475581612437963
31 : -6.263528768904507
32 : -1.3281213361769915
33 : -0.2646584464237094
34 : -1.6927930070087314
35 : 7.190133610740304
36 : -1.247029376681894
37 : -10.363267935812473
38 : -2.0882722660899162
39 : -1.1008255071938038
40 : -1.017990949563682
41 : -1.2308200802654028
42 : -0.8065843236399814
43 : -6.427681688219309
44 : -1.1176401413977146
45 : -1.3759452113881707
46 : 0.8638126375153661
47 : 3.6407258198596537
48 : -2.128692004829645
49 : -9.157038511475548
50 : -1.4407734367996454
51 : -0.616562133654952
52 : -0.9388249106705189
53 : -1.042557254433632
54 : -4.7865608364809304
55 : -1.8387098852545023
56 : -1.0257933819666505
57 : -1.5777596356347203
58 : -1.3086437485180795
59 : -3.5005463883280754
60 : -1.0738133718259633
61 : -0.9068774566985667
62 : -7.8383766151964664
63 : 1.0006100223399699
64 : -1.2372093256562948
65 : -7.329385954886675
66 : -1.5379425282590091
67 : -1.3858656883239746
68 : -1.7319537177681923
69 : -1.3333269879221916
70 : -0.45194829907268286
71 : -1.5026472476311028
72 : -8.684422738850117
73 : 0.7387641025707126
74 : -2.0611410960555077
75 : -1.1338595608249307
76 : -6.532726706005633
77 : -1.411954966140911
78 : -0.9399341470561922
79 : -4.8419794999063015
80 : -1.4620339442044497
81 : -2.0341182365082204
82 : -0.5683044791221619
83 : 0.06468846369534731
84 : -1.7416152693331242
85 : -0.910719508305192
86 : -1.559911306714639
87 : -3.792126663494855
88 : -1.6417230293154716
89 : -0.9238671865314245
90 : 0.6432885946705937
91 : -0.06474274746142328
92 : -3.199318051803857
93 : -0.9208015892654657
94 : -1.7099122665822506
95 : 2.201096325647086
96 : -1.0030821850523353
97 : 0.0601187190040946
98 : -1.0802295748144388
99 : -3.114678740501404
100 : -2.053534931037575
101 : -1.2499316660687327
102 : -1.7191804419271648
103 : 9.607551264576614
104 : -4.057771751657128
105 : -1.6784670539200306
106 : -2.7228993279859424
107 : -6.484101089183241
108 : -3.049932724912651
109 : -5.432904518209398
110 : -1.214514588471502
111 : -1.519786275923252
112 : -1.3230270617641509
113 : -1.7853290047496557
114 : 0.8689178936183453
115 : -1.3802472576498985
116 : 4.809924907982349
117 : 2.8669354412704706
118 : -1.9223577585071325
119 : -1.6192828565835953
120 : 6.375881209969521
121 : -1.0054456423968077
122 : -1.2992023471742868
123 : 4.741726492065936
124 : -1.6929469220340252
125 : -2.6097479328745976
126 : 0.3975392854772508
127 : -1.2412597127258778
128 : -1.1165996491909027
129 : -1.50077142752707
130 : -0.6829650225117803
131 : -2.912876481190324
132 : -1.420778976753354
133 : -15.501659037312493
134 : -3.9522837102413177
135 : -1.6021677609533072
136 : -1.3668958628550172
137 : -1.6772860176861286
138 : -1.4619050747714937
139 : 4.5303043846506625
140 : -1.554662559647113
141 : -1.2433437868021429
142 : -0.887519777752459
143 : -2.162588410079479
144 : -1.9484421908855438
145 : -1.2460077796131372
146 : 6.616589247714728
147 : -1.008479829877615
148 : -0.6300421245396137
149 : 2.0150588345713913
150 : 0.47042639181017876
151 : -1.8580950209870934
152 : -1.4169603027403355
153 : -1.8802864123135805
154 : -2.774297985713929
155 : -5.591465399600565
156 : -2.4015757143497467
157 : 0.41622309340164065
158 : 0.39202059898525476
159 : 13.137008260004222
160 : -1.4197111800312996
161 : -2.317119900835678
162 : -1.1594509305432439
163 : -3.1456349277868867
164 : -1.4185147141106427
165 : -0.7508607842028141
!!! updated
166 : -1.2804411659017205
167 : -1.1344758407212794
168 : -1.329391971230507
169 : -0.8256017798557878
170 : -1.1146393776871264
171 : -0.9687348525039852
172 : -0.8368274942040443
173 : -1.958002395927906
174 : -1.0957366526126862
175 : -0.8192888731136918
176 : -1.1005088742822409
Setting up 2 worker threads for Enlighten.
  Thread -> id: 7f43f3fff700 -> priority: 1 
  Thread -> id: 7f43f37fe700 -> priority: 1 
Traceback (most recent call last):
  File "main.py", line 123, in <module>
    returns = [episode(env, agent, i) for i in range(training_episodes)]
  File "main.py", line 123, in <listcomp>
    returns = [episode(env, agent, i) for i in range(training_episodes)]
  File "main.py", line 30, in episode
    next_state, reward, done, _ = env.step(action.numpy()[0])
  File "/home/j/jensenj/.local/lib/python3.6/site-packages/gym_unity/envs/__init__.py", line 177, in step
    self._env.step()
  File "/home/j/jensenj/.local/lib/python3.6/site-packages/mlagents_envs/timers.py", line 305, in wrapped
    return func(*args, **kwargs)
  File "/home/j/jensenj/.local/lib/python3.6/site-packages/mlagents_envs/environment.py", line 319, in step
    self._update_state(rl_output)
  File "/home/j/jensenj/.local/lib/python3.6/site-packages/mlagents_envs/environment.py", line 275, in _update_state
    agent_info_list, self._env_specs[brain_name]
  File "/home/j/jensenj/.local/lib/python3.6/site-packages/mlagents_envs/timers.py", line 305, in wrapped
    return func(*args, **kwargs)
  File "/home/j/jensenj/.local/lib/python3.6/site-packages/mlagents_envs/rpc_utils.py", line 193, in steps_from_proto
    obs_index, obs_shape, terminal_agent_info_list
  File "/home/j/jensenj/.local/lib/python3.6/site-packages/mlagents_envs/timers.py", line 305, in wrapped
    return func(*args, **kwargs)
  File "/home/j/jensenj/.local/lib/python3.6/site-packages/mlagents_envs/rpc_utils.py", line 152, in _process_vector_observation
    _raise_on_nan_and_inf(np_obs, "observations")
  File "/home/j/jensenj/.local/lib/python3.6/site-packages/mlagents_envs/rpc_utils.py", line 130, in _raise_on_nan_and_inf
    raise RuntimeError(f"The {source} provided had NaN values.")
RuntimeError: The observations provided had NaN values.
2020-06-25 12:08:11 INFO [environment.py:418] Environment shut down with return code 0.
