slurmstepd-oybach: error: Unable to create TMPDIR [/tmp/user/30108]: Permission denied
slurmstepd-oybach: error: Setting TMPDIR to /tmp
Found path: /home/j/jensenj/PycharmProjects/Federer-Jr./src/../crawler_single/linux/dynamic_server/crawler_dynamic.x86_64
Mono path[0] = '/home/j/jensenj/PycharmProjects/Federer-Jr./src/../crawler_single/linux/dynamic_server/crawler_dynamic_Data/Managed'
Mono config path = '/home/j/jensenj/PycharmProjects/Federer-Jr./src/../crawler_single/linux/dynamic_server/crawler_dynamic_Data/MonoBleedingEdge/etc'
Preloaded 'lib_burst_generated.so'
Preloaded 'libgrpc_csharp_ext.x64.so'
Initialize engine version: 2019.3.15f1 (59ff3e03856d)
[Subsystems] Discovering subsystems at path /home/j/jensenj/PycharmProjects/Federer-Jr./src/../crawler_single/linux/dynamic_server/crawler_dynamic_Data/UnitySubsystems
Forcing GfxDevice: Null
GfxDevice: creating device client; threaded=0
NullGfxDevice:
    Version:  NULL 1.0 [1.0]
    Renderer: Null Device
    Vendor:   Unity Technologies
Begin MonoManager ReloadAssembly
- Completed reload, in  0.104 seconds
WARNING: Shader Unsupported: 'Autodesk Interactive' - All passes removed
WARNING: Shader Did you use #pragma only_renderers and omit this platform?
UnloadTime: 0.432978 ms
Fallback handler could not load library /home/j/jensenj/PycharmProjects/Federer-Jr./src/../crawler_single/linux/dynamic_server/crawler_dynamic_Data/Mono/libcoreclr.so
Fallback handler could not load library /home/j/jensenj/PycharmProjects/Federer-Jr./src/../crawler_single/linux/dynamic_server/crawler_dynamic_Data/Mono/libcoreclr.so
Fallback handler could not load library /home/j/jensenj/PycharmProjects/Federer-Jr./src/../crawler_single/linux/dynamic_server/crawler_dynamic_Data/Mono/libcoreclr.so
Fallback handler could not load library /home/j/jensenj/PycharmProjects/Federer-Jr./src/../crawler_single/linux/dynamic_server/crawler_dynamic_Data/Mono/libSystem.dylib
Fallback handler could not load library /home/j/jensenj/PycharmProjects/Federer-Jr./src/../crawler_single/linux/dynamic_server/crawler_dynamic_Data/Mono/libSystem.dylib.so
Fallback handler could not load library /home/j/jensenj/PycharmProjects/Federer-Jr./src/../crawler_single/linux/dynamic_server/crawler_dynamic_Data/Mono/libSystem.dylib
Fallback handler could not load library /home/j/jensenj/PycharmProjects/Federer-Jr./src/../crawler_single/linux/dynamic_server/crawler_dynamic_Data/Mono/libcoreclr.so
Fallback handler could not load library /home/j/jensenj/PycharmProjects/Federer-Jr./src/../crawler_single/linux/dynamic_server/crawler_dynamic_Data/Mono/libcoreclr.so
Fallback handler could not load library /home/j/jensenj/PycharmProjects/Federer-Jr./src/../crawler_single/linux/dynamic_server/crawler_dynamic_Data/Mono/libcoreclr.so
Fallback handler could not load library /home/j/jensenj/PycharmProjects/Federer-Jr./src/../crawler_single/linux/dynamic_server/crawler_dynamic_Data/Mono/libSystem.dylib
Fallback handler could not load library /home/j/jensenj/PycharmProjects/Federer-Jr./src/../crawler_single/linux/dynamic_server/crawler_dynamic_Data/Mono/libSystem.dylib.so
Fallback handler could not load library /home/j/jensenj/PycharmProjects/Federer-Jr./src/../crawler_single/linux/dynamic_server/crawler_dynamic_Data/Mono/libSystem.dylib
/home/j/jensenj/.local/lib/python3.6/site-packages/tensorboard/compat/tensorflow_stub/dtypes.py:541: FutureWarning: Passing (type, 1) or '1type' as a synonym of type is deprecated; in a future version of numpy, it will be understood as (type, (1,)) / '(1,)type'.
  _np_qint8 = np.dtype([("qint8", np.int8, 1)])
/home/j/jensenj/.local/lib/python3.6/site-packages/tensorboard/compat/tensorflow_stub/dtypes.py:542: FutureWarning: Passing (type, 1) or '1type' as a synonym of type is deprecated; in a future version of numpy, it will be understood as (type, (1,)) / '(1,)type'.
  _np_quint8 = np.dtype([("quint8", np.uint8, 1)])
/home/j/jensenj/.local/lib/python3.6/site-packages/tensorboard/compat/tensorflow_stub/dtypes.py:543: FutureWarning: Passing (type, 1) or '1type' as a synonym of type is deprecated; in a future version of numpy, it will be understood as (type, (1,)) / '(1,)type'.
  _np_qint16 = np.dtype([("qint16", np.int16, 1)])
/home/j/jensenj/.local/lib/python3.6/site-packages/tensorboard/compat/tensorflow_stub/dtypes.py:544: FutureWarning: Passing (type, 1) or '1type' as a synonym of type is deprecated; in a future version of numpy, it will be understood as (type, (1,)) / '(1,)type'.
  _np_quint16 = np.dtype([("quint16", np.uint16, 1)])
/home/j/jensenj/.local/lib/python3.6/site-packages/tensorboard/compat/tensorflow_stub/dtypes.py:545: FutureWarning: Passing (type, 1) or '1type' as a synonym of type is deprecated; in a future version of numpy, it will be understood as (type, (1,)) / '(1,)type'.
  _np_qint32 = np.dtype([("qint32", np.int32, 1)])
/home/j/jensenj/.local/lib/python3.6/site-packages/tensorboard/compat/tensorflow_stub/dtypes.py:550: FutureWarning: Passing (type, 1) or '1type' as a synonym of type is deprecated; in a future version of numpy, it will be understood as (type, (1,)) / '(1,)type'.
  np_resource = np.dtype([("resource", np.ubyte, 1)])
2020-06-25 12:43:21 INFO [environment.py:108] Connected to Unity environment with package version 1.0.2 and communication version 1.0.0
2020-06-25 12:43:21 INFO [environment.py:265] Connected new brain:
CrawlerDynamic?team=0
2020-06-25 12:43:21 WARNING [__init__.py:92] The environment contains multiple observations. You must define allow_multiple_obs=True to receive them all. Otherwise, only the first visual observation (or vector observation ifthere are no visual observations) will be provided in the observation.
update_time_steps: 10240 , ppo_epochs: 32 , beta:  0.1 , gamma 0.99
0 : -1.4775483887642622
1 : -0.9184407843276858
2 : -1.005019398406148
3 : -0.8920603636652231
4 : -0.8277891501784325
5 : -1.8661243319511414
6 : -2.2011641412973404
7 : 0.13255933579057455
8 : -0.9382795747369528
9 : -1.0463766735047102
10 : -1.3135554380714893
11 : -6.371814843267202
12 : -2.104398587718606
13 : -1.1932991944777314
14 : -1.9057607911527157
15 : -1.3477414045482874
16 : -1.3264428563416004
17 : -6.661517782136798
18 : 3.4635527869686484
19 : -1.8513516392558813
20 : -0.23710012435913086
21 : -0.8784263683483005
22 : -0.55456497753039
23 : -7.049341743811965
24 : -1.0394922057166696
25 : -2.110167278908193
26 : -0.9581000860780478
27 : -2.212722487747669
28 : -0.5926776006817818
29 : -0.09476066567003727
30 : -1.3286277567967772
31 : -1.2644985649967566
32 : -1.3249738281592727
33 : -1.2063415604643524
34 : -1.8229935592971742
35 : -1.6871420303359628
36 : -0.7858033892698586
37 : -0.9036327442154288
38 : -1.2970027457922697
39 : 0.9075024574995041
40 : -1.3664188457187265
41 : -1.3150196997448802
42 : -0.9820308741182089
43 : -1.1947853099554777
44 : -1.2415137104690075
45 : -1.0372772072441876
46 : -3.001630521379411
47 : -1.2352852830663323
48 : -1.103352503851056
49 : -0.8333199806511402
50 : -1.0026664710603654
51 : -1.577188067138195
52 : -0.9473585397936404
53 : -1.6112009938806295
54 : -1.2636888734996319
55 : -1.5104494849219918
56 : -1.110002763569355
57 : -0.7567086783237755
58 : -1.2762454920448363
59 : -1.2428384106606245
60 : -0.3546602204442024
61 : -8.783974289894104
62 : -1.5722129475325346
63 : -2.7988016605377197
64 : -1.2074183076620102
65 : -1.7319609969854355
66 : -1.2384261777624488
67 : -0.5339361475780606
68 : 2.295432414393872
69 : -1.056653497274965
70 : -1.5111658833920956
71 : -1.4326180098578334
72 : -1.17240119446069
73 : 1.583303059451282
74 : -1.4197470527142286
75 : -1.7202139387954958
76 : -1.221124599687755
77 : -1.5786611177027225
78 : -1.3357053902000189
79 : -2.0336128547787666
80 : -0.7544845892116427
81 : -1.3163161971606314
82 : -0.9609908051788807
83 : -1.7852870300412178
84 : -0.8693135315552354
85 : -1.1372722554951906
86 : -0.9374627787619829
87 : -2.125608846770774
88 : -2.9915367539506406
89 : -1.4325132500380278
90 : -1.3550821021199226
91 : -1.5721291583031416
92 : -0.4882187470793724
93 : -1.9470354244112968
94 : -5.1920515357051045
95 : -2.6114215906709433
96 : -1.309392281807959
97 : -0.7317983163520694
98 : -1.774856728152372
99 : -0.7056162431836128
100 : -1.1930425185710192
101 : -2.151051938533783
102 : -0.7033344432711601
103 : -2.4285246152430773
104 : -1.338015953078866
105 : -1.3767452710308135
106 : -3.248171340674162
107 : -1.9032893553376198
108 : -1.2860167119652033
109 : -7.521384530700743
110 : 3.294048836454749
111 : -1.275813989341259
112 : -0.7961541442200541
113 : -1.1866850536316633
114 : -1.0317657398991287
115 : -1.6521791368722916
116 : -1.8794034970924258
117 : 2.0157050462439656
118 : -1.660619780421257
119 : -2.3696041190996766
120 : -1.7271336950361729
121 : -0.6831740094348788
122 : -1.0103178373537958
123 : -1.3521464448422194
124 : -1.9984327554702759
125 : -1.8731121607124805
126 : -1.4949412727728486
127 : -1.5772995054721832
128 : -1.7718454785645008
129 : 0.6719433143734932
130 : -1.9176764860749245
131 : 2.7983267353847623
132 : -1.080027112737298
133 : -2.033746924251318
134 : -1.8615280576050282
135 : -2.726550605148077
136 : -1.7770200818777084
137 : -0.7420577062293887
138 : -3.4005883038043976
139 : -1.3123850282281637
140 : -1.0019264677539468
141 : -1.4662435296922922
142 : -1.5369960702955723
143 : -2.414437336847186
144 : -0.90944195818156
145 : -1.9392111897468567
146 : -1.2258363403961994
147 : -0.5911412416025996
148 : -1.0542802661657333
149 : -8.330190189182758
150 : -1.6352186910808086
151 : -0.7782390061765909
152 : -1.3463697861880064
153 : -0.9714979869313538
154 : -0.804765279404819
155 : -1.2001306731253862
156 : 1.539338855072856
157 : -1.6351886354386806
158 : -1.1660826234146953
159 : -1.1611392479389906
160 : -1.0026999432593584
161 : -1.2186027218122035
162 : -1.2751607596874237
163 : -1.1536384676583111
164 : -1.2960663372650743
165 : -1.3071177694946527
166 : -0.7012901939451694
167 : -1.766644574701786
168 : 0.8759889136999846
169 : -1.289284374564886
170 : -0.6417729007080197
171 : -1.1281423748005182
172 : -1.5002558389678597
173 : -1.0802315436303616
174 : -1.1903721000999212
175 : -5.632309184875339
176 : -1.382758328691125
177 : -1.120105150155723
178 : -0.8266041576862335
179 : -0.7368918908759952
180 : -1.416481202468276
181 : -0.8402172096539289
182 : -0.9561034666839987
183 : -2.3788727298378944
184 : -0.9637295622378588
185 : -0.9028267208486795
186 : -1.5464135920628905
187 : -4.996219391003251
188 : -1.4876924362033606
189 : 0.3829116555862129
190 : -1.802178920712322
191 : 4.142018176615238
192 : -0.8073377162218094
193 : -0.8053540652617812
194 : -1.0389541117474437
195 : -0.9154237769544125
196 : -0.05875225365161896
197 : -1.9608123577199876
198 : -1.5459110774099827
199 : 0.09757221303880215
200 : -0.8228178815916181
201 : -1.3623473204206675
202 : 0.08568318793550134
203 : -1.8154797349125147
204 : -0.7348361080512404
205 : -1.807470977306366
206 : -0.9657800947315991
207 : -2.1106129586696625
208 : -1.3948029684834182
209 : -1.4620957747101784
210 : -0.8787956908345222
211 : 0.750337040197337
212 : -0.3837122400291264
213 : -0.8483523055911064
214 : -1.1427694400772452
215 : -1.1046491926535964
216 : -0.07556596165522933
217 : -1.0280729718506336
218 : -2.5169362667948008
219 : -1.4095411989837885
220 : 2.2655969341285527
221 : -1.0270656291395426
222 : -1.6167441317811608
223 : -1.204311823938042
224 : -2.235555979423225
225 : -1.6269590496085584
226 : -1.2378308195620775
227 : -1.6314356890507042
228 : -1.7005180232226849
229 : -1.4967251606285572
230 : -0.6177662312984467
231 : -2.032143318094313
232 : -2.314058444928378
233 : -2.1942319716326892
234 : -1.2600350794382393
235 : -1.9167504273355007
236 : 0.28997118631377816
237 : -1.6535510988906026
238 : -0.86893160501495
239 : -0.7813712768256664
240 : -1.1631175419315696
241 : -7.469567164778709
242 : -0.9242371749132872
243 : -2.0047981031239033
244 : -1.5169019578024745
245 : -2.743011051788926
246 : -1.1572837750427425
247 : -1.0399077432230115
248 : -1.2449450481217355
249 : -1.0835510222241282
250 : -0.9660132210701704
251 : -4.632546714507043
252 : -1.1342845796607435
253 : -2.866866304539144
254 : -1.5079864282160997
255 : -1.02445969870314
256 : -1.0574340857565403
257 : -1.4024724438786507
258 : -1.1482350868172944
259 : -1.2600280595943332
260 : -1.4248735597357154
261 : -0.6326547469943762
262 : -0.9144942443817854
263 : -0.8670296752825379
264 : -4.450299249961972
265 : -1.1395629281178117
266 : -1.017277147155255
267 : -1.0505311330780387
268 : -0.9653546437621117
269 : -1.9463151507079601
270 : -1.3893531083595008
271 : -1.3292075600475073
272 : -0.9687761273235083
273 : -2.418505512177944
274 : -1.41370223229751
275 : -1.2093079863116145
276 : -2.7529398491606116
277 : -1.7956283064559102
278 : -1.5000521710608155
279 : -2.956328756874427
280 : -1.37286935467273
281 : -2.8451376068405807
282 : -0.5572450384497643
283 : -1.7128010988235474
284 : -0.543281152844429
285 : -1.530343247577548
286 : -2.3228386752307415
287 : -1.4418667908757925
288 : -0.4194136527366936
289 : -1.3165104198269546
290 : -1.5810758778825402
291 : -1.419677953235805
292 : -0.7146740453317761
293 : -0.21700909733772278
294 : -1.6212021429091692
295 : -0.40901210717856884
296 : -1.6474092155694962
297 : -1.1596011408837512
298 : -2.042978492565453
299 : -6.166252198629081
300 : -1.7760006207972765
301 : -1.3534801984205842
302 : -1.425487332046032
303 : -1.2406681533902884
304 : -1.4916593674570322
305 : -2.567915582563728
306 : -0.7698866864666343
307 : -1.5100971134379506
308 : -1.6006669513881207
309 : -1.4731099009513855
310 : -3.4611510783433914
311 : -2.8764595868997276
312 : -1.2492501218803227
313 : -4.737683294340968
314 : -1.2249932773411274
315 : -1.3399443216621876
316 : -1.5618703812360764
317 : -1.2234381698071957
318 : -2.1495247781276703
319 : -0.5380873642861843
320/home/j/jensenj/.local/lib/python3.6/site-packages/gym/logger.py:30: UserWarning: [33mWARN: Box bound precision lowered by casting to float32[0m
  warnings.warn(colorize('%s: %s'%('WARN', msg % args), 'yellow'))
 : -1.2838689088821411
321 : -0.8711436232551932
322 : -0.6485513662919402
323 : 2.262252610642463
324 : -1.8048249380663037
325 : 2.0874571157619357
326 : -1.3085645902901888
327 : -1.1843493268825114
328 : -1.3530527641996741
329 : -0.8216999294236302
330 : -2.147392459679395
331 : -1.2881422322243452
332 : -1.3023828016594052
333 : -1.4951701629906893
334 : -0.6673466209322214
335 : -1.317078675958328
336 : -1.4406403312459588
337 : -1.526899054646492
338 : -0.9538688914617524
339 : -2.0173419639468193
340 : -0.6416824227198958
341 : -1.103400656953454
342 : -0.57753697456792
343 : -2.253812149167061
344 : -1.4153406955301762
345 : -1.1718982351012528
346 : -1.5053251162171364
347 : -1.881776425987482
348 : -5.175709191709757
349 : -0.7523876409977674
350 : -1.6358647011220455
351 : -7.413786596618593
352 : -0.9525731122121215
353 : 3.4501128308475018
354 : -3.6984545812010765
355 : -1.5099291484802961
356 : -2.253637123852968
357 : -1.1632823143154383
358 : -1.7987716738134623
359 : -1.0066398922353983
360 : -1.03735260409303
361 : -1.1629339228384197
362 : -0.9846816915087402
363 : -0.7796817403286695
364 : -1.6145047545433044
365 : -1.6148799061775208
366 : -0.42862542369402945
367 : -0.6098122326657176
368 : -3.9404693320393562
369 : -1.9446234004572034
370 : 0.2135118441656232
371 : 0.12242879625409842
372 : -1.3091858373954892
373 : -1.9696615524590015
374 : -1.236644878052175
375 : -1.2298079346073791
376 : -0.6658413070254028
377 : -1.160363309085369
378 : -1.1654738299548626
379 : -0.8966395044699311
380 : -2.1583876833319664
381 : -1.6222228147089481
382 : -11.845391167327762
383 : -2.749726854264736
384 : -1.316091287881136
385 : -2.6826066356152296
386 : -0.45933130802586675
387 : -0.21770399622619152
388 : 1.3884178884327412
389 : -4.057199188508093
390 : -2.3696825075894594
391 : -1.5725321974605322
392 : -0.7611437309533358
393 : -1.751257386058569
394 : -0.9147317814640701
395 : -1.433576128212735
396 : -2.566134458873421
397 : -1.3351002652198076
398 : -2.4143161620013416
399 : -2.715989095158875
400 : -1.2871197201311588
401 : -0.6387096050893888
402 : -2.257014879025519
403 : -1.7834173636510968
404 : -0.9552851906046271
405 : -0.8412079736590385
406 : -1.6056651547551155
407 : -1.6744262580759823
408 : -2.5642381897196174
409 : -1.4267906793393195
410 : -1.4459036644548178
411 : -0.9334596563130617
412 : -1.379350706934929
413 : -2.0137261785566807
414 : -0.8352549476549029
415 : -3.5279890750534832
416 : -1.0841388404369354
417 : -0.5453430321067572
418 : -1.0500722522847354
419 : -5.482207061722875
420 : -1.0906133186072111
421 : -1.0024201204068959
422 : -1.6910091936588287
423 : -0.6983830137178302
424 : -1.624520555138588
425 : -4.287313329521567
426 : -2.8807454220950603
427 : -2.257804788649082
428 : -0.3231353936716914
429 : -0.33720811922103167
430 : -3.0448565036058426
431 : -1.5148809254169464
432 : -1.297074506059289
433 : 0.3816165393218398
434 : -1.0336347296833992
435 : -1.0572676565498114
436 : -3.3064043894410133
437 : -1.3731244093505666
438 : -2.834805091843009
439 : -1.9043442383408546
440 : -0.7460405733436346
441 : -1.0272134579718113
442 : -1.089525319635868
443 : -1.5982659086585045
444 : 2.3746518809348345
445 : -1.6492385938763618
446 : -2.166147004812956
447 : -1.002441519871354
448 : -4.613249111920595
449 : -1.446471156552434
450 : -1.0923170391470194
451 : -1.64418650791049
452 : -0.8469191500917077
453 : -3.596095025539398
454 : -1.6667772680521011
455 : -0.8342060102149844
456 : -1.7999840527772903
457 : -1.955026276409626
458 : -5.858919041231275
459 : -1.1076442152261734
460 : -1.036704177968204
461 : -1.6754764914512634
462 : -0.4875791943632066
463 : -1.638632788322866
464 : -1.426958846859634
465 : -1.0039134728722274
466 : 3.420899902936071
467 : -1.4709482435137033
468 : -1.4401471763849258
469 : -5.220141716301441
470 : -1.0790856685489416
471 : -1.284971865825355
472 : -1.3838800080120564
473 : -0.947228392586112
474 : -1.1966727883554995
475 : -1.7409986779093742
476 : -1.358344879001379
477 : -1.2929552663117647
478 : -1.4787191450595856
479 : -0.23457697872072458
480 : -0.6386990225873888
481 : -1.425352987833321
482 : -1.8506485177204013
483 : -1.2687453739345074
484 : -0.8833012375980616
485 : -1.4772210158407688
486 : -1.8537918711081147
487 : -0.8554975995793939
488 : -1.1568907089531422
489 : -0.9707147851586342
490 : -0.15481181256473064
491 : -1.1523568998090923
492 : -1.7584864334203303
493 : -1.6053730212152004
494 : -0.7754521034657955
495 : -2.2170810075476766
496 : -1.1555624529719353
497 : -0.6688110549002886
498 : -0.9269238226115704
499 : -1.0241753971204162
500 : -1.6932411342859268
501 : -2.2857006867416203
502 : -1.1754536288790405
503 : -0.6291172076016665
504 : -2.125807238742709
505 : 0.5244733793660998
506 : -1.4325276231393218
507 : -0.4841872446704656
508 : -1.587758930400014
509 : -0.804663248360157
510 : -1.1346043546218425
511 : -0.9521776074543595
512 : -1.1285348738892935
513 : -0.6910063214600086
514 : -1.508715495467186
515 : -1.3694955133832991
516 : -2.475212197750807
517 : -1.6504036597907543
518 : -3.247120074927807
519 : -2.3529996713623405
520 : 0.275744765996933
521 : -1.884459525346756
522 : -1.4364446550607681
523 : -1.452583221718669
524 : -0.7021985445171595
525 : -1.0731227658689022
526 : -2.738252840936184
527 : -1.5051202438771725
528 : -0.9611968016251922
529 : 1.8217352889478207
530 : -1.970048001036048
531 : -0.6817265227437019
532 : -1.2758467523381114
533 : 0.5729954283451661
534 : -1.2010517809540033
535 : -0.3713529212400317
536 : -2.447119377553463
537 : -2.5074395928531885
538 : -0.49909977382048965
539 : -1.2353000659495592
540 : -1.0408858573064208
541 : -1.0248256656341255
542 : -1.3844397626817226
543 : -0.06334533542394638
544 : -0.897197188809514
545 : -0.7419598405249417
546 : 0.48867051489651203
547 : -1.3176795952022076
548 : -0.7940121470019221
549 : -1.5060912743210793
550 : -1.7970913955941796
551 : -1.5161180701106787
552 : -0.6116090938448906
553 : -1.7323126820847392
554 : -8.905380102340132
555 : -1.379756291396916
556 : -1.7152394792065024
557 : -1.5032233353704214
558 : -2.1309681865386665
559 : -1.8074971046298742
560 : -0.3271914953365922
561 : -2.075262292753905
562 : -1.168539930600673
563 : -1.2176431231200695
564 : -1.785694431513548
565 : -1.0906850185710937
566 : 2.7466055820696056
567 : -1.0665342500433326
568 : -3.103765258099884
569 : -2.410401463508606
570 : -0.863064315635711
571 : -0.43400901556015015
572 : -2.027389912866056
573 : -1.6149213071912527
574 : 4.300492876209319
575 : -1.812659881543368
576 : -0.863173789344728
577 : -1.6608250513672829
578 : -0.8427105871960521
579 : -0.9278203630819917
580 : -2.405834774952382
581 : -1.7629668796434999
582 : 5.087633276358247
583 : -3.1701286286115646
584 : -1.0788496797904372
585 : -0.9141821004450321
586 : -1.6678594872355461
587 : -1.25602095015347
588 : -1.504310393705964
589 : -2.074372138828039
590 : -7.262615253217518
591 : -1.888054033741355
592 : -1.052868791623041
593 : -2.5050270203500986
594 : -1.5656580664217472
595 : -1.3021056419238448
596 : -1.2531360611319542
597 : -1.098409934900701
598 : -1.3490202628308907
599 : -1.4203763483092189
600 : -1.6904135709628463
601 : -1.9133795090019703
602 : -0.22471683658659458
603 : -4.998888828791678
604 : 3.442973038647324
605 : -1.4541210141032934
606 : -1.199324369430542
607 : -1.6246307156980038
608 : -1.4932325594127178
609 : -3.1394675970077515
610 : -1.373541540466249
611 : -2.337058536708355
612 : -1.8339556576684117
613 : -1.3035758771002293
614 : -1.3102135863155127
615 : -0.2197092128917575
616 : -1.434481651056558
617 : -1.499769750982523
618 : -2.2726327255368233
619 : -0.956703525967896
620 : -2.0009451690129936
621 : -0.7658146312460303
622 : -1.000819444656372
623 : -1.0303041748702526
624 : -1.1331978533416986
625 : -1.8166105765849352
626 : -1.1937995981425047
627 : -1.0452920906245708
628 : -1.0579388276673853
629 : -1.5223526237532496
630 : -1.4584696972742677
631 : -3.104081933386624
632 : -1.1835533119738102
633 : -0.966122951824218
634 : -1.1424099090509117
635 : -5.502270091325045
636 : -1.697696153074503
637 : -4.9344536936841905
638 : -1.4691422171890736
639 : -3.6844163443893194
640 : -0.2563819848001003
641 : -0.9325348837301135
642 : 2.107671706704423
643 : -0.931761659681797
644 : -1.0379961603321135
645 : -1.2932629422284663
646 : -1.2658722051419318
647 : -2.264263045042753
648 : -0.9867624007165432
649 : -0.2882151026278734
650 : -1.369815587066114
651 : -6.668733002617955
652 : -1.1390130147337914
653 : -0.6729229465126991
654 : -1.3757606828585267
655 : -0.49348993273451924
656 : -0.909226312302053
657 : -1.3577759452164173
658 : -2.9954250510782003
659 : -0.9130468955263495
660 : -0.9641818711534142
661 : -1.4039226286113262
662 : -1.2495628893375397
663 : -1.5613412335515022
664 : -1.0339158978313208
665 : -0.9836213607341051
666 : -1.4936460070312023
667 : -1.7167121870443225
668 : -1.7265929356217384
669 : -3.9877903005108237
670 : -1.264309802558273
671 : -1.0292495894245803
672 : -0.3753555207513273
673 : -1.5709646679461002
674 : 1.483950201421976
675 : -1.1611413271166384
676 : -0.10884084179997444
677 : -0.4576948285102844
678 : -1.143359851790592
679 : -1.047609431669116
680 : -1.193991469219327
681 : -1.3936290182173252
682 : -0.8894060105085373
683 : -1.3713524341583252
684 : -3.426620541140437
685 : -0.5269694626331329
686 : -1.7637301087379456
687 : -1.2232110602781177
688 : -0.010728899389505386
689 : -0.10372875072062016
690 : -1.2173045659437776
691 : -1.440772675909102
692 : -1.6091146059334278
693 : -0.8989316411316395
694 : -1.5795831494033337
695 : -0.9133169651031494
696 : -1.7761223688721657
697 : -1.1036998415365815
698 : -7.371375694870949
699 : -1.424351432477124
700 : -0.7443018788471818
701 : -1.4327389262616634
702 : -1.2422055387869477
703 : -1.4144231332466006
704 : 2.84913666639477
705 : -1.5079641984775662
706 : -0.9086100785061717
707 : -1.3942403066903353
708 : -0.8326345281675458
709 : 2.4356318498030305
710 : -1.3863092474639416
!!! updated
711 : -6.042774208821356
712 : -1.598634256515652
713 : -1.1044373093172908
Setting up 2 worker threads for Enlighten.
  Thread -> id: 7f96239a8700 -> priority: 1 
  Thread -> id: 7f96231a7700 -> priority: 1 
Traceback (most recent call last):
  File "main.py", line 123, in <module>
    returns = [episode(env, agent, i) for i in range(training_episodes)]
  File "main.py", line 123, in <listcomp>
    returns = [episode(env, agent, i) for i in range(training_episodes)]
  File "main.py", line 30, in episode
    next_state, reward, done, _ = env.step(action.numpy()[0])
  File "/home/j/jensenj/.local/lib/python3.6/site-packages/gym_unity/envs/__init__.py", line 177, in step
    self._env.step()
  File "/home/j/jensenj/.local/lib/python3.6/site-packages/mlagents_envs/timers.py", line 305, in wrapped
    return func(*args, **kwargs)
  File "/home/j/jensenj/.local/lib/python3.6/site-packages/mlagents_envs/environment.py", line 319, in step
    self._update_state(rl_output)
  File "/home/j/jensenj/.local/lib/python3.6/site-packages/mlagents_envs/environment.py", line 275, in _update_state
    agent_info_list, self._env_specs[brain_name]
  File "/home/j/jensenj/.local/lib/python3.6/site-packages/mlagents_envs/timers.py", line 305, in wrapped
    return func(*args, **kwargs)
  File "/home/j/jensenj/.local/lib/python3.6/site-packages/mlagents_envs/rpc_utils.py", line 188, in steps_from_proto
    obs_index, obs_shape, decision_agent_info_list
  File "/home/j/jensenj/.local/lib/python3.6/site-packages/mlagents_envs/timers.py", line 305, in wrapped
    return func(*args, **kwargs)
  File "/home/j/jensenj/.local/lib/python3.6/site-packages/mlagents_envs/rpc_utils.py", line 152, in _process_vector_observation
    _raise_on_nan_and_inf(np_obs, "observations")
  File "/home/j/jensenj/.local/lib/python3.6/site-packages/mlagents_envs/rpc_utils.py", line 132, in _raise_on_nan_and_inf
    raise RuntimeError(f"The {source} provided had Infinite values.")
RuntimeError: The observations provided had Infinite values.
2020-06-25 12:58:35 INFO [environment.py:418] Environment shut down with return code 0.
