slurmstepd-pyrit: error: Unable to create TMPDIR [/tmp/user/30108]: Permission denied
slurmstepd-pyrit: error: Setting TMPDIR to /tmp
Found path: /home/j/jensenj/PycharmProjects/Federer-Jr./src/../crawler_single/linux/dynamic_server/crawler_dynamic.x86_64
Mono path[0] = '/home/j/jensenj/PycharmProjects/Federer-Jr./src/../crawler_single/linux/dynamic_server/crawler_dynamic_Data/Managed'
Mono config path = '/home/j/jensenj/PycharmProjects/Federer-Jr./src/../crawler_single/linux/dynamic_server/crawler_dynamic_Data/MonoBleedingEdge/etc'
Preloaded 'lib_burst_generated.so'
Preloaded 'libgrpc_csharp_ext.x64.so'
Initialize engine version: 2019.3.15f1 (59ff3e03856d)
[Subsystems] Discovering subsystems at path /home/j/jensenj/PycharmProjects/Federer-Jr./src/../crawler_single/linux/dynamic_server/crawler_dynamic_Data/UnitySubsystems
Forcing GfxDevice: Null
GfxDevice: creating device client; threaded=0
NullGfxDevice:
    Version:  NULL 1.0 [1.0]
    Renderer: Null Device
    Vendor:   Unity Technologies
Begin MonoManager ReloadAssembly
- Completed reload, in  0.114 seconds
WARNING: Shader Unsupported: 'Autodesk Interactive' - All passes removed
WARNING: Shader Did you use #pragma only_renderers and omit this platform?
UnloadTime: 0.353028 ms
Fallback handler could not load library /home/j/jensenj/PycharmProjects/Federer-Jr./src/../crawler_single/linux/dynamic_server/crawler_dynamic_Data/Mono/libcoreclr.so
Fallback handler could not load library /home/j/jensenj/PycharmProjects/Federer-Jr./src/../crawler_single/linux/dynamic_server/crawler_dynamic_Data/Mono/libcoreclr.so
Fallback handler could not load library /home/j/jensenj/PycharmProjects/Federer-Jr./src/../crawler_single/linux/dynamic_server/crawler_dynamic_Data/Mono/libcoreclr.so
Fallback handler could not load library /home/j/jensenj/PycharmProjects/Federer-Jr./src/../crawler_single/linux/dynamic_server/crawler_dynamic_Data/Mono/libSystem.dylib
Fallback handler could not load library /home/j/jensenj/PycharmProjects/Federer-Jr./src/../crawler_single/linux/dynamic_server/crawler_dynamic_Data/Mono/libSystem.dylib.so
Fallback handler could not load library /home/j/jensenj/PycharmProjects/Federer-Jr./src/../crawler_single/linux/dynamic_server/crawler_dynamic_Data/Mono/libSystem.dylib
Fallback handler could not load library /home/j/jensenj/PycharmProjects/Federer-Jr./src/../crawler_single/linux/dynamic_server/crawler_dynamic_Data/Mono/libcoreclr.so
Fallback handler could not load library /home/j/jensenj/PycharmProjects/Federer-Jr./src/../crawler_single/linux/dynamic_server/crawler_dynamic_Data/Mono/libcoreclr.so
Fallback handler could not load library /home/j/jensenj/PycharmProjects/Federer-Jr./src/../crawler_single/linux/dynamic_server/crawler_dynamic_Data/Mono/libcoreclr.so
Fallback handler could not load library /home/j/jensenj/PycharmProjects/Federer-Jr./src/../crawler_single/linux/dynamic_server/crawler_dynamic_Data/Mono/libSystem.dylib
Fallback handler could not load library /home/j/jensenj/PycharmProjects/Federer-Jr./src/../crawler_single/linux/dynamic_server/crawler_dynamic_Data/Mono/libSystem.dylib.so
Fallback handler could not load library /home/j/jensenj/PycharmProjects/Federer-Jr./src/../crawler_single/linux/dynamic_server/crawler_dynamic_Data/Mono/libSystem.dylib
/home/j/jensenj/.local/lib/python3.6/site-packages/tensorboard/compat/tensorflow_stub/dtypes.py:541: FutureWarning: Passing (type, 1) or '1type' as a synonym of type is deprecated; in a future version of numpy, it will be understood as (type, (1,)) / '(1,)type'.
  _np_qint8 = np.dtype([("qint8", np.int8, 1)])
/home/j/jensenj/.local/lib/python3.6/site-packages/tensorboard/compat/tensorflow_stub/dtypes.py:542: FutureWarning: Passing (type, 1) or '1type' as a synonym of type is deprecated; in a future version of numpy, it will be understood as (type, (1,)) / '(1,)type'.
  _np_quint8 = np.dtype([("quint8", np.uint8, 1)])
/home/j/jensenj/.local/lib/python3.6/site-packages/tensorboard/compat/tensorflow_stub/dtypes.py:543: FutureWarning: Passing (type, 1) or '1type' as a synonym of type is deprecated; in a future version of numpy, it will be understood as (type, (1,)) / '(1,)type'.
  _np_qint16 = np.dtype([("qint16", np.int16, 1)])
/home/j/jensenj/.local/lib/python3.6/site-packages/tensorboard/compat/tensorflow_stub/dtypes.py:544: FutureWarning: Passing (type, 1) or '1type' as a synonym of type is deprecated; in a future version of numpy, it will be understood as (type, (1,)) / '(1,)type'.
  _np_quint16 = np.dtype([("quint16", np.uint16, 1)])
/home/j/jensenj/.local/lib/python3.6/site-packages/tensorboard/compat/tensorflow_stub/dtypes.py:545: FutureWarning: Passing (type, 1) or '1type' as a synonym of type is deprecated; in a future version of numpy, it will be understood as (type, (1,)) / '(1,)type'.
  _np_qint32 = np.dtype([("qint32", np.int32, 1)])
/home/j/jensenj/.local/lib/python3.6/site-packages/tensorboard/compat/tensorflow_stub/dtypes.py:550: FutureWarning: Passing (type, 1) or '1type' as a synonym of type is deprecated; in a future version of numpy, it will be understood as (type, (1,)) / '(1,)type'.
  np_resource = np.dtype([("resource", np.ubyte, 1)])
2020-06-25 12:25:21 INFO [environment.py:108] Connected to Unity environment with package version 1.0.2 and communication version 1.0.0
2020-06-25 12:25:21 INFO [environment.py:265] Connected new brain:
CrawlerDynamic?team=0
2020-06-25 12:25:21 WARNING [__init__.py:92] The environment contains multiple observations. You must define allow_multiple_obs=True to receive them all. Otherwise, only the first visual observation (or vector observation ifthere are no visual observations) will be provided in the observation.
update_time_steps: 10240 , ppo_epochs: 2 , beta:  0.01 , gamma 0.9
0 : -1.1003105957061052
1 : -1.1179276667535305
2 : -1.7016694927588105
3 : -1.0631057368591428
4 : -1.689741219393909
5 : -0.9329275758937001
6 : -0.9471321036107838
7 : -0.5940444748848677
8 : -0.6348426099866629
9 : -1.587208428652957
10 : -0.5216767285019159
11 : -1.1577834174968302
12 : -9.596528811380267
13 : -1.151086806319654
14 : -1.213820138014853
15 : -1.740616931580007
16 : -1.133080366998911
17 : 1.4102523103356361
18 : -1.3733133501373231
19 : -1.3280676184222102
20 : 1.720304375514388
21 : -1.701603939756751
22 : -0.9847684768028557
23 : -1.1430594380944967
24 : -0.9731766600161791
25 : -1.221356213092804
26 : -0.5908048870041966
27 : -1.5960682574659586
28 : 2.672788151074201
29 : -1.770692945457995
30 : 2.0967850601300597
31 : -1.5685878861695528
32 : -2.46361511410214
33 : -1.2789755053818226
34 : -0.3462120685726404
35 : -3.8449631228577346
36 : -5.616400012746453
37 : -2.337592415511608
38 : -1.098293200135231
39 : -0.9504982675425708
40 : -0.8441822538152337
41 : -1.330270083853975
42 : -1.220516895642504
43 : -2.234994739294052
44 : -0.9521837634965777
45 : -0.8454385315999389
46 : 2.388163013383746
47 : -2.2405307069420815
48 : -0.8877541515976191
49 : 1.6246216613799334
50 : -2.4786640137899667
51 : -0.8530852207913995
52 : -0.25011969916522503
53 : -0.23656350746750832
54 : -0.9700406859628856
55 : -1.1760253170505166
56 : -1.2705090250819921
57 : -2.101469913497567
58 : -1.5916013307869434
59 : -0.9595592990517616
60 : 1.5431661615148187
61 : -1.3922735247761011
62 : -2.132219755090773
63 : -0.9118674146011472
64 : -0.9487572032958269
65 : -1.5324748191051185
66 : -1.5988718625158072
67 : -1.0155814103782177
68 : -0.764239308424294
69 : 2.3813054263591766
70 : 1.4782823908608407
71 : -1.9597443658858538
72 : -0.5534306485205889
73 : -0.44051094725728035
74 : -0.9032320023979992
75 : -0.7176513625308871
76 : -8.015673737274483
77 : -0.678391917143017
78 : -0.8596461806446314
79 : -4.197026383830234
80 : -4.764243080280721
81 : -1.0041269036009908
82 : -0.8014204381033778
83 : -4.199144657701254
84 : -1.4332287684082985
85 : 0.9721740987151861
86 : -1.0188204469159245
87 : 0.21995596587657928
88 : -1.2481147241778672
89 : -1.267957459203899
90 : 5.260532194050029
91 : 5.042245977791026
92 : 0.903460219502449
93 : -1.730526078492403
94 : 2.814762123860419
95 : 3.447274432051927
96 : 1.5798151204362512
97 : -1.2909947894513607
98 : -2.434845857322216
99 : 1.3028520582302008
100 : -1.119240921922028
101 : 5.794439702760428
102 : -1.3426489988341928
103 : -2.317886682227254
104 : -1.0077591435983777
105 : -1.451698706485331
106 : 0.04199688555672765
107 : -0.3848026189953089
108 : -1.2617686497978866
109 : -1.3689925279468298
110 : 1.6442688973620534
111 : -0.8423410970717669
112 : -0.24517633020877838
113 : -0.9459144724532962
114 : -1.7472460586577654
115 : -1.3320300341583788
116 : -1.5181958600878716
117 : -5.027472373098135
118 : 2.9705399870872498
119 : -2.4140755725093186
120 : -0.2363465577363968
121 : -2.1476938440464437
122 : 2.2535486575216055
123 : -0.6329944189637899
124 : 0.24489060183987021
125 : -0.9383366405963898
126 : -0.15184033289551735
127 : -1.1040810318663716
128 : -1.4289336083456874
129 : -0.4539431929588318
130 : -2.7049452755600214
131 : -0.8556071119382977
132 : -0.9883995549753308
133 : -1.43003317900002
134 : -1.664111789315939
135 : -9.148541735485196
136 : -0.934673510491848
137 : -0.6843891851603985
138 : -8.000643081963062
139 : -1.0543907138053328
140 : -0.8418140602298081
141 : -1.4355221800506115
142 : -1.430874353274703
143 : -1.8362663416191936
144 : -9.522335849702358
145 : 0.5410520983859897
146 : -2.2511656838469207
147 : -0.5020010257139802
148 : -2.983970002271235
149 : -0.8741300622932613
150 : -1.84529634937644
151 : -1.4333390491083264
152 : -1.5213485616259277
153 : -4.045805003494024
154 : -0.4140515299513936
155 : -1.5982659035362303
156 : -3.52775178453885
157 : 1.43022751621902
158 : -1.5699742566794157
159 : -0.9760115128010511
160 : -1.2360064969398081
161 : 5.95204655919224
162 : -2.168033329769969
163 : -1.3157668530475348
164 : -1.051007544156164
165 : -0.8138404600322247
166 : -1.0533518525771797
167 : -1.11232880782336
168 : -0.994977000169456
169 : -0.7198027698323131
170 : -1.0441542817279696
171 : -1.0648812174331397
172 : -1.7506974921561778
173 : -1.7644447023048997
174 : 1.2659392468631268
175 : -1.0083736386150122
176 : -1.1705287788063288
177 : -1.3193212463520467
178 : -2.8907647752203047
179 : 0.6435135514475405
180 : 0.7004385069012642
181 : -1.2565756183466874
182 : -1.6558836428448558
183 : 0.353620698209852
184 : -1.2880967929959297
185 : -1.5895096557214856
186 : 3.0684085907414556
187 : 0.141514397226274
188 : -1.8535342868417501
189 : -1.4503940343856812
190 : -1.664105786010623
191 : -0.35715687554329634
192 : 0.18352023605257273
193 : -1.6254365481436253
194 : -1.549204686889425
195 : -3.668140816502273
196 : -0.7999571526888758
197 : 0.4141695932485163
198 : -1.173234136775136
199 : -1.8011873289942741
200 : 0.5525396857410669
201 : -1.9299265695735812
202 : -1.5376389995217323
203 : -0.654513506218791
204 : -4.476348393596709
205 : -1.0655061667785048
206 : -0.8183966092765331
207 : -1.8875817209482193
208 : -2.764099132269621
209 : -1.4912022287026048
210 : -6.821902218274772
211 : -2.1070744674652815
212 : 4.643489641137421
213 : -1.2763557489961386
214 : -1.486821761354804
215 : -0.34931984543800354
216 : -1.471390662714839
217 : -1.3084412105381489
218 : -1.6908430168405175
219 : 0.9275220911949873
220 : -1.4206169487442821
221 : -1.0583683280274272
222 : -1.586709100753069
223 : -0.6343529876321554
224 : -4.018163379980251
225 : -1.4842980168759823
226 : 0.21703136339783669
227 : -1.2058600638993084
228 : -1.464674100279808
229 : -5.82772474270314
230 : -2.422759036766365
231 : -1.0792544016148895
232 : -1.4983160812407732
233 : -10.553800236433744
234 : 4.210094587877393
235 : -3.616950699593872
236 : -0.5945040942169726
237 : -1.3891196893528104
238 : -1.1440451135858893
239 : 0.6093224242795259
240 : -1.2369397087022662
241 : -0.9458980741910636
242 : -1.163629045826383
243 : -2.011646402068436
244 : 0.7892560251057148
245 : -0.8017856348305941
246 : -0.9425321128219366
247 : -1.2031947067007422
248 : -2.2128785233944654
249 : -0.8999830638058484
250 : -0.907975822687149
251 : -2.0106964013539255
252 : -1.3091682251542807
253 : 0.2961372807621956
254 : -1.5204030573368073
255 : -0.9413513196632266
256 : -1.1228869943879545
257 : 1.2141517223790288
258 : -1.7447572853416204
259 : -0.9299753308296204
260 : -1.1910167667083442
261 : -1.82281375490129
262 : -1.6143674328923225
263 : -11.518493552226573
264 : -2.0786286876536906
265 : -0.8325493447482586
266 : -1.411157060880214
267 : 0.33547000773251057
268 : -1.3241976602002978
269 : -1.0103601519949734
270 : -1.1856574933044612
271 : -1.2554004788398743
272 : -1.2398019805550575
273 : 1.3780848141759634
274 : -3.012746467255056
275 : -0.7064173300750554
276 : -3.8184114331379533
277 : -0.8879198729991913
278 : -2.494182713329792
279 : -1.8139658169820905
280 : -2.1203239914029837
281 : -0.908827705308795
282 : -1.1726347436197102
283 : -0.7278859174111858
284 : -1.0088956532999873
285 : -0.7212180243805051
286 : -0.31023681815713644
287 : -0.9458188919816166
288 : -1.6260065818205476
289 : -1.189301522448659
290 : -4.767734172055498
291 : 5.7819107957184315
292 : -0.49415269773453474
293 : -1.134246155677829
294 : -4.241637634811923
295 : -5.853109265677631
296 : -8.476814363151789
297 : -1.2619653358124197
298 : -1.6074807411059737
299 : -1.765436241403222
300 : -1.0653661959804595
301 : -1.2046927982883062
302 : 1.9095383621752262
303 : -4.691099998308346
304 : -1.8124271482229233
305 : -2.975569138303399
306 : -1.4301868635229766
307 : 1.184949638089165
308 : -1.0108821315225214
309 : -2.1282892487943172
310 : -0.8769538816995919
311 : -1.4639990874566138
312 : -0.7843592017889023
313 : 1.7262380504980683
314 : -1.502092006150633
315 : -1.3072893656790257
316 : -3.3028713315725327
317 : -0.673933056765236
318 : 5.577337135095149
319 : -0.8788165070582181
320 : -1.4360645804554224
321 : -1.9784724635537714
322 : -1.8335319980978966
323 : -3.28468877193518
324 : -1.7260035257786512
325 : 2.548222557641566
326 : -1.8348457827232778
327 : 1.2416766816750169
328 : -1.7081699706614017
329 : -3.9690839871764183
330 : -1.8741842210292816
331 : -1.2260950142517686
332 : -1.3047511409968138
333 : -1.067454938776791
334 : -0.8468041543383151
335 : -4.223699478432536
336 : -0.8030251385644078
337 : -0.7143956311047077
338 : -1.2749795243144035
339 : -0.9299613293260336
340 : -4.196417141705751
341 : -1.911858655512333
342 : 0.3874911805614829
343 : -1.6085727103054523
344 : -1.303029750008136
345 : -1.8083040034398437
346 : -1.0540487013058737
347 : -1.533586211502552
348 : -3.507339175324887
349 : -2.3756257630884647
350 : -1.7903620041906834
351 : -0.8786196070723236
352 : -0.7326070163398981
353 : -1.7552309818565845
354 : -1.237264181021601
355 : -1.1962035140022635
356 : -0.5166656754445285
357 : -2.012944663874805
358 : -1.0748968087136745
359 : -4.859529214911163
360 : -1.9708515964448452
361 : -0.5159378759562969
362 : -2.33342856541276
363 : -1.525166193023324
364 : -1.1361126528354362
365 : -0.031076519284397364
366 : -2.0520776119083166
367 : -0.9442185144871473
368 : -0.6134281398262829
369 : -1.027241569943726
370 : -1.4692994584329426
371 : -1.437362153083086
372 : -6.637295762076974
373 : 0.24314336851239204
374 : -0.9470739439129829
375 : -1.450501199811697
376 : -2.007493183016777
377 : -0.7685416638851166
378 : -2.5596454576589167
379 : -0.8572290865704417
380 : -1.3491277499124408
381 : -1.2540658041834831
382 : -1.1067443202482536
383 : -0.43040159065276384
384 : 0.5059687029570341
385 : -1.4038410782814026
386 : -1.347140772268176
387 : -1.9170771073549986
388 : -1.5706352619454265
389 : -2.7457680087536573
390 : -1.4892538199201226
391 : -1.4023332679644227
392 : -1.000496719032526
393 : -0.70383579749614
394 : -1.355546873062849
395 : -1.605576136149466
396 : -1.0330616650171578
397 : -2.287734843790531
398 : -1.7126969960518181
399 : -0.9824231821112335
400 : -1.4674205505289137
401 : -0.6352696130052209
402 : 2.950259250123054
403 : -1.4050163589417934
404 : -0.897353945299983
405 : -1.7732181809842587
406 : 0.059296123683452606
407 : -1.6532135969027877
408 : -1.1330774170346558
409 : -2.099782145000063
410 : -0.7970647951588035
411 : -0.8922689463943243
412 : 0.6751687340438366
413 : -1.7032880764454603
414 : 2.4487257641740143
415 : -1.5787044614553452
416 : -1.752981148660183
417 : -1.1222774432972074
418 : -1.481412997469306
419 : -1.5406928472220898
420 : -0.894222442060709
421 : 5.924874329008162
422 : -1.7975658401846886
423 : -0.8387639070861042
424 : -0.9432285921648145
425 : -1.5434325160458684
426 : -1.5071896128356457
427 : -1.3893707823008299
428 : -0.9197039166465402
429 : -1.0263763898983598
430 : -0.7664287337101996
431 : -2.156311158556491
432 : -1.0877993078902364
433 : -1.208218791289255
434 : -1.8036137679591775
435 : -1.0528574278578162
436 : -1.5367865422740579
437 : -1.2535430938005447
438 : -7.130253164796159
439 : -0.565273335436359
440 : -1.4760449957102537
441 : -0.7451424142345786
442 : -3.195540340617299
443 : -1.844577306881547
444 : -1.559270853176713
445 : -0.7481538876891136
446 : -1.4126539980061352
447 : -1.3306858763098717
448 : 7.148103726329282
449 : -1.678676726296544
450 : -0.6203389633446932
451 : -3.381691612303257
452 : -0.2845274303108454
453 : -1.4490925474092364
454 : 0.5182590130716562
455 : -0.9714488494209945
456 : -0.6267027603462338
457 : -1.7529374212026596
458 : -3.2709404975175858
459 : -1.416657499037683
460 : -1.184561863541603
461 : -6.252331250347197
462 : -1.8843228742480278
463 : -1.4219206739217043
464 : -1.7155184373259544
465 : -1.5496225324459374
466 : -1.7590569593012333
467 : -1.4187622433528304
468 : -1.4122464936226606
469 : -3.8054926991462708
470 : -1.5143195614218712
471 : 1.1829070842359215
472 : -0.8105220003053546
473 : -4.24899260699749
474 : -1.4180979607626796
475 : -0.7186729814857244
476 : -0.5847504418343306
477 : -2.261199802160263
478 : -0.6029874687083066
479 : -1.6877349931746721
480 : -1.7343336641788483
481 : -1.4749094229191542
482 : -0.6676251767203212
483 : 0.056349282152950764
484 : -1.463849226012826
485 : -3.1828003572300076
486 : -2.062657169997692
487 : 2.739601293578744
488 : -1.3496777676045895
489 : -0.7827199576422572
490 : -1.9360958337783813
491 : -2.1573125906288624
492 : -1.2960834968835115
493 : -0.37062349542975426
494 : -1.3578858710825443
495 : -0.6260611806064844
496 : -1.364036894403398
497 : -1.0516546107828617
498 : -1.2587224412709475
499 : -0.5012853406369686
500 : -1.6807362921535969
501 : -1.5835028626024723
502 : -1.4422991746105254
503 : 3.4887637896463275
504 : -1.0189628265798092
505 : -1.475173283368349
506 : -1.4751441851258278
507 : -1.74335081782192
508 : -1.710017859004438
509 : 0.5887256127316505
510 : -1.376077160704881
511 : -1.1113767982460558
512 : -0.9104703571647406
513 : -0.5480144564062357
514 : -2.4853282957337797
515 : -1.1384587967768312
516 : -0.09490168211050332
517 : -1.5527828072663397
518 : -1.6909535760059953
519 : -1.4001564839854836
520 : -2.017659584991634
521 : -1.3982095248065889
522 : -1.1470636520534754
523 : -1.1786594847217202
524 : -1.1246943238656968
525 : -3.5463031763210893
526 : -0.6349050556309521
527 : -1.8684939974918962
528 : -1.423051742836833
529 : -1.3788803052157164
530 : -0.1666268133558333
531 : -1.8934167171828449
532 : -1.294383928179741
533 : -1.5138054974377155
534 : -1.1055344305932522
535 : -0.8516627412755042
536 : -1.9856748068705201
537 : -2.0627506095916033
538 : -0.6789267748827115
539 : -1.3176366961561143
540 : -1.0925311632454395
541 : 1.91729112342
542 : -1.5225256495177746
543 : 1.4296111539006233
544 : 1.1019149655476213
545 : -0.9317593220621347
546 : -0.8623168226331472
547 : -2.4260872788727283
548 : -4.698756691068411
549 : -1.5841663116589189
!!! updated
550 : -1.9698716248385608
551 : -1.0503096571192145
552 : -2.350595895200968
553 : -0.21403210842981935
554 : -1.9959799982607365
555 : -0.7284751571714878
556 : -1.8953070044517517
557 : -1.054437169805169
558 : -2.1240956261754036
559 : -2.0628165379166603
560 : -1.814053250476718
561 : -2.29972942173481
562 : -2.1940931603312492
563 : -1.1838428345508873
564 : -0.0787547118961811
565 : -2.322605825960636
566 : -1.1735749267973006
567 : -0.043066362384706736
568 : -0.8504782319068909
569 : -0.044031064957380295
570 : -2.4055755957961082
571 : -2.2222170531749725
572 : -1.5201382637023926
573 : 0.10402177413925529
574 : -1.8897016812115908
575 : -2.150403991341591
576 : -1.5925129419192672
577 : -1.3090376839973032
578 : -2.3872955478727818
579 : -1.5201065251603723
580 : -0.4173686115536839
581 : -1.9998674672096968
582 : -0.3410881282761693
583 : 0.09742600843310356
584 : -0.45322862546890974
585 : -0.3243788545951247
586 : -2.086403263732791
587 : -0.4126397459767759
588 : -0.22935818135738373
589 : -2.388094935566187
590 : -2.3337154760956764
591 : -0.5533570232801139
592 : -1.123775240033865
593 : -0.3716219086199999
594 : -0.8475238103419542
595 : -1.9196537509560585
596 : -2.3595516309142113
597 : -1.3583818427287042
598 : -0.07443465664982796
599 : 0.039775940123945475
600 : -0.24715149961411953
601 : -0.32014736998826265
602 : -0.3764405930414796
603 : -0.4515754086896777
604 : 0.0715235318057239
605 : -0.11623197328299284
606 : -1.3744019735604525
607 : -2.334842164069414
608 : -1.6490798462182283
609 : -0.2976742787286639
610 : -1.801876062527299
611 : -0.9369760081171989
612 : -2.1582265980541706
613 : -1.2362640425562859
614 : -0.8433466963469982
615 : -2.4318126142024994
616 : -0.8549645084422082
617 : -0.07302302028983831
618 : -2.036792889237404
619 : -0.9846236086450517
620 : -2.0166173577308655
621 : -1.5607403891626745
622 : -2.430842012166977
623 : -0.5168245527893305
624 : -0.2454212997108698
625 : -2.338453345000744
626 : -0.08622944029048085
627 : -2.1767409592866898
628 : -1.6665595546364784
629 : -2.242724008858204
630 : -1.1068363259546459
631 : -0.17917214799672365
632 : -1.906356766819954
633 : -0.24894588068127632
634 : -1.7082591131329536
635 : -0.493830943480134
636 : -2.38142491877079
637 : -0.7591518685221672
638 : -0.6125208549201488
639 : -0.4921912462450564
640 : -0.02932250313460827/home/j/jensenj/.local/lib/python3.6/site-packages/gym/logger.py:30: UserWarning: [33mWARN: Box bound precision lowered by casting to float32[0m
  warnings.warn(colorize('%s: %s'%('WARN', msg % args), 'yellow'))

641 : -2.293106358498335
642 : -2.5165527909994125
643 : -2.36298930644989
644 : -1.230284346267581
645 : -0.8953750235959888
646 : -2.416219227015972
647 : -1.3969103526324034
648 : -1.1511680586263537
649 : 0.08845914946869016
650 : -1.1530887428671122
651 : -1.8286479115486145
652 : -0.3301803865469992
653 : 0.11462814779952168
654 : -1.2430209098383784
655 : -1.8834913969039917
656 : -2.66841484606266
657 : 0.11336859548464417
658 : -1.8063399828970432
659 : 0.054445648565888405
660 : -1.3021980039775372
661 : -1.2396521577611566
662 : -2.8569833785295486
663 : -2.164735544472933
664 : -1.39535219874233
665 : -0.20282369013875723
666 : -0.25179277267307043
667 : -0.5273097460158169
668 : -2.1873104572296143
669 : 0.1869403561577201
670 : 0.0332434787414968
671 : 0.029035509563982487
672 : -1.5995055586099625
673 : -0.03453612234443426
674 : -0.8528799777850509
675 : -0.2924763485789299
676 : -0.7677649026736617
677 : -0.5520190396346152
678 : -0.38802451780065894
679 : -2.1849190033972263
680 : 0.008882904890924692
681 : -0.31359954457730055
682 : -0.9231401439756155
683 : 0.1604056917130947
684 : -0.036936729215085506
685 : -1.857759267091751
686 : -2.3711060881614685
687 : 0.11062165070325136
688 : -1.273881159722805
689 : 0.08591287303715944
690 : -0.38127534464001656
691 : -0.6831279606558383
692 : -2.2931045554578304
693 : -1.2211296546738595
694 : -0.7913396041840315
695 : -0.03451019339263439
696 : -0.22683665482327342
697 : -0.21218010503798723
698 : -0.4076143854763359
699 : -1.5429145880043507
700 : -0.6764019839465618
701 : -0.04010956548154354
702 : -1.4716995069757104
703 : -1.6959514655172825
704 : -0.014207347761839628
705 : -1.108290403150022
706 : -2.2500787377357483
707 : -0.8707727694418281
708 : -0.6567936246283352
709 : -2.302058160305023
710 : -2.4599052518606186
711 : -2.2078152913600206
712 : -1.4499243800528347
713 : -0.15431457571685314
714 : -1.3395150839351118
715 : -1.687441859394312
716 : -1.870396215468645
717 : -1.254408839624375
718 : -2.231652833521366
719 : -0.4347941828891635
720 : -0.4566266257315874
721 : -2.0264230147004128
722 : -0.2314788680523634
723 : -2.3588190153241158
724 : -0.30412779469043016
725 : -1.2822402063757181
726 : -2.3793322183191776
727 : -1.4280936634168029
728 : -2.041095346212387
729 : -0.2611522478982806
730 : -0.33337886445224285
731 : 0.1680615907534957
732 : -1.8215677216649055
733 : -0.87812614813447
734 : -0.15253318333998322
735 : -1.2867613495327532
736 : -0.12447105720639229
737 : -0.046412309631705284
738 : -0.9690926624462008
739 : -2.0610255040228367
740 : -2.107890550047159
741 : -0.012480854988098145
742 : -2.6198959574103355
743 : -2.2984635159373283
744 : -0.43823687825351954
745 : -0.2510630041360855
746 : -1.7266037557274103
747 : 0.05641377251595259
748 : -1.0547454229090363
749 : 0.002323603257536888
750 : 0.06581051275134087
751 : -0.26665333937853575
752 : -1.0835670495871454
753 : -2.242417749017477
754 : -0.45740685099735856
755 : -2.1231498420238495
756 : -2.3209983333945274
757 : -0.2624539276584983
758 : -0.4893609518185258
759 : -0.7124071745201945
760 : -0.10482924524694681
761 : -1.824883485212922
762 : -2.2542088888585567
763 : -0.4144252985715866
764 : -0.2619105763733387
765 : -1.9432241916656494
766 : -0.45582958590239286
767 : -0.8760843146592379
768 : -2.124336440116167
769 : -0.4848311906680465
770 : -0.22087689582258463
771 : 0.02754373289644718
772 : -2.2341506108641624
773 : -0.5772162363864481
774 : -2.3413768112659454
775 : -0.0802917331457138
776 : -2.8214810714125633
777 : -1.7898389613255858
778 : -0.39882168360054493
779 : -1.9541188850998878
780 : -2.1154516860842705
781 : -2.1214972250163555
782 : -1.2933653322979808
783 : 0.15768036153167486
784 : -1.8832419775426388
785 : -2.3185080774128437
786 : -2.0337343476712704
787 : -0.11429884238168597
788 : -0.001654098741710186
789 : 0.04357545729726553
790 : -2.465020589530468
791 : -0.2020153529010713
792 : -0.9042045646347106
793 : -1.2661214233376086
794 : -0.11646278342232108
795 : -1.9396817162632942
796 : -0.6775388079695404
797 : -0.903828680049628
798 : -1.5790118668228388
799 : -2.4361303001642227
800 : -1.7881483286619186
801 : -2.2823358327150345
802 : -1.0684706959873438
803 : -2.240941982716322
804 : -2.3763853795826435
805 : -2.0067942533642054
806 : -1.0773239731788635
807 : -1.557513453066349
808 : -2.69579716026783
809 : -0.7413102863356471
810 : -2.088638912886381
811 : -0.6532674053451046
812 : -2.152938436716795
813 : -2.207826364785433
814 : -1.6335006915032864
815 : -0.007158174179494381
816 : -1.769589178264141
817 : -0.007398804649710655
818 : -0.11585053242743015
819 : -2.0394813660532236
820 : -1.54440348315984
821 : -0.4188815411180258
822 : -1.4044249318540096
823 : -0.8025790704414248
824 : -0.38271549670025706
825 : -2.241013541817665
826 : -1.3815710647031665
827 : -1.981176558881998
828 : -0.05111245438456535
829 : 0.16604054253548384
830 : -0.9249896800611168
831 : -2.1216296888887882
832 : -2.493292760103941
833 : 0.15511017385870218
834 : -1.139680279418826
835 : -0.12767974426969886
836 : -1.730411434546113
837 : 0.14357476588338614
838 : -0.1317322151735425
839 : -0.1244668965227902
840 : -2.404945034533739
841 : -1.907045915722847
842 : -0.7629935573786497
843 : -2.174384992569685
844 : -2.1156934145838022
845 : 0.11079855775460601
846 : -1.1441194778308272
847 : -1.7655516439117491
848 : -0.12230026815086603
849 : -2.0306620467454195
850 : -0.836381321772933
851 : -2.3407271318137646
852 : -2.3927772603929043
853 : 0.013588209636509418
854 : -2.485998347401619
855 : 0.04707861505448818
856 : -1.9792831372469664
857 : -1.955311369150877
858 : -2.430777344852686
859 : -0.3855579220689833
860 : -0.7003928981721401
861 : -2.1010680682957172
862 : -1.8001448698341846
863 : 0.10640985565260053
864 : -1.6325529515743256
865 : -2.16460289247334
866 : -0.38512596348300576
867 : -2.149028681218624
868 : -0.9428122499957681
869 : -1.054141747765243
870 : -0.6964746550656855
871 : -0.1446486918721348
872 : -0.20126187894493341
873 : -2.2154846638441086
874 : -0.3324904451146722
875 : -0.7716756435111165
876 : -0.7480816813185811
877 : -2.3614802435040474
878 : -2.04694901779294
879 : -0.0413387157022953
880 : -0.18045448418706656
881 : -0.4592759208753705
882 : -0.11871392279863358
883 : -0.32553782872855663
884 : -0.22558318125084043
885 : 0.09056345140561461
886 : -2.8752275705337524
887 : -0.5272535854019225
888 : -2.4116173461079597
889 : 0.16794057562947273
890 : -1.3703201280441135
891 : -0.4933235524222255
892 : -0.2646140456199646
893 : -0.07212264277040958
894 : -1.4993345364928246
895 : -2.273188155144453
896 : 0.08815792575478554
897 : -1.3760752733796835
898 : -0.07573384139686823
899 : -1.4147774204611778
900 : -2.379516590386629
901 : -1.8650462068617344
902 : -2.3812125511467457
903 : -0.7703184173442423
904 : -0.06850081449374557
905 : -0.17936193943023682
906 : -0.28629913553595543
907 : 0.07426003087311983
908 : -0.7146523529663682
909 : -2.0206116139888763
910 : -0.0920699629932642
911 : -1.2337312316522002
912 : -1.871090829372406
913 : -0.19970504799857736
914 : -0.3320822911337018
915 : -0.42913767509162426
916 : -2.6686593517661095
917 : -0.0653228941373527
918 : -0.27151427138596773
919 : -0.7043840968981385
920 : -0.2600041781552136
921 : -0.25716602616012096
922 : -1.6280130129307508
923 : -0.5012720637023449
924 : -1.2527686231769621
925 : 0.09185128938406706
926 : -2.1939853839576244
927 : -2.1667591892182827
928 : -0.4362762672826648
929 : -1.657660687342286
930 : -1.7099788300693035
931 : -0.7018271386623383
932 : -1.8864686489105225
933 : -0.8342322178650647
934 : -0.3340177028439939
935 : -0.04750707792118192
936 : -0.9310826621949673
937 : -0.23807350732386112
938 : -0.35045764222741127
939 : -2.1869565844535828
940 : -2.2740698158740997
941 : -1.4211434964090586
942 : -1.2837545704096556
943 : -1.4449615385383368
944 : -2.138923551887274
945 : 0.06497981678694487
946 : -0.37939625047147274
947 : 0.14179786667227745
948 : -1.110318278428167
949 : -1.6784669756889343
950 : -0.89941131696105
951 : -1.1525186160579324
952 : -0.6472131814807653
953 : -1.7142877243459225
954 : -2.413936361670494
955 : -0.4427757440134883
956 : -0.2805750062689185
957 : -0.3593891365453601
958 : 0.01737370854243636
959 : -1.2158134249038994
960 : -2.045075099915266
961 : -1.0485478341579437
962 : -1.3284072298556566
963 : 0.03310070326551795
964 : -0.5617065918631852
965 : -1.7978761792182922
966 : -2.4747565612196922
967 : -1.2892183240037411
968 : -2.425223644822836
969 : -0.8735861561726779
970 : -0.5272635668516159
971 : -0.19777697790414095
972 : -0.09333111718297005
973 : 0.12022594502195716
974 : -0.3464108444750309
975 : -2.3750824257731438
976 : 0.0016514649614691734
977 : -0.03637895453721285
978 : -0.5169594259932637
979 : -1.743602953851223
980 : -1.6605985760688782
981 : -0.4623428611084819
982 : -1.0338075612671673
983 : 0.12264860747382045
984 : 0.026524220127612352
985 : -2.006629614159465
986 : -1.9464931264519691
987 : -1.0587670607492328
988 : -0.6671290583908558
989 : -1.8823368288576603
990 : -0.1877017067745328
991 : -0.7233596765436232
992 : -0.5759434029459953
993 : -1.153610854409635
994 : -2.2907446920871735
995 : 0.05124889966100454
996 : -0.4764519752934575
997 : -2.2853070609271526
998 : -0.4725956772454083
999 : 0.13636605441570282
Setting up 6 worker threads for Enlighten.
  Thread -> id: 7f7533fff700 -> priority: 1 
  Thread -> id: 7f75337fe700 -> priority: 1 
  Thread -> id: 7f7532ffd700 -> priority: 1 
  Thread -> id: 7f75327fc700 -> priority: 1 
  Thread -> id: 7f7531ffb700 -> priority: 1 
  Thread -> id: 7f75317fa700 -> priority: 1 
2020-06-25 12:41:58 INFO [environment.py:418] Environment shut down with return code 0.
