slurmstepd-donau: error: Unable to create TMPDIR [/tmp/user/30108]: Permission denied
slurmstepd-donau: error: Setting TMPDIR to /tmp
Found path: /home/j/jensenj/PycharmProjects/Federer-Jr./src/../crawler_single/linux/dynamic_server/crawler_dynamic.x86_64
Mono path[0] = '/home/j/jensenj/PycharmProjects/Federer-Jr./src/../crawler_single/linux/dynamic_server/crawler_dynamic_Data/Managed'
Mono config path = '/home/j/jensenj/PycharmProjects/Federer-Jr./src/../crawler_single/linux/dynamic_server/crawler_dynamic_Data/MonoBleedingEdge/etc'
Preloaded 'lib_burst_generated.so'
Preloaded 'libgrpc_csharp_ext.x64.so'
Initialize engine version: 2019.3.15f1 (59ff3e03856d)
[Subsystems] Discovering subsystems at path /home/j/jensenj/PycharmProjects/Federer-Jr./src/../crawler_single/linux/dynamic_server/crawler_dynamic_Data/UnitySubsystems
Forcing GfxDevice: Null
GfxDevice: creating device client; threaded=0
NullGfxDevice:
    Version:  NULL 1.0 [1.0]
    Renderer: Null Device
    Vendor:   Unity Technologies
Begin MonoManager ReloadAssembly
- Completed reload, in  0.098 seconds
WARNING: Shader Unsupported: 'Autodesk Interactive' - All passes removed
WARNING: Shader Did you use #pragma only_renderers and omit this platform?
UnloadTime: 0.383383 ms
Fallback handler could not load library /home/j/jensenj/PycharmProjects/Federer-Jr./src/../crawler_single/linux/dynamic_server/crawler_dynamic_Data/Mono/libcoreclr.so
Fallback handler could not load library /home/j/jensenj/PycharmProjects/Federer-Jr./src/../crawler_single/linux/dynamic_server/crawler_dynamic_Data/Mono/libcoreclr.so
Fallback handler could not load library /home/j/jensenj/PycharmProjects/Federer-Jr./src/../crawler_single/linux/dynamic_server/crawler_dynamic_Data/Mono/libcoreclr.so
Fallback handler could not load library /home/j/jensenj/PycharmProjects/Federer-Jr./src/../crawler_single/linux/dynamic_server/crawler_dynamic_Data/Mono/libSystem.dylib
Fallback handler could not load library /home/j/jensenj/PycharmProjects/Federer-Jr./src/../crawler_single/linux/dynamic_server/crawler_dynamic_Data/Mono/libSystem.dylib.so
Fallback handler could not load library /home/j/jensenj/PycharmProjects/Federer-Jr./src/../crawler_single/linux/dynamic_server/crawler_dynamic_Data/Mono/libSystem.dylib
Fallback handler could not load library /home/j/jensenj/PycharmProjects/Federer-Jr./src/../crawler_single/linux/dynamic_server/crawler_dynamic_Data/Mono/libcoreclr.so
Fallback handler could not load library /home/j/jensenj/PycharmProjects/Federer-Jr./src/../crawler_single/linux/dynamic_server/crawler_dynamic_Data/Mono/libcoreclr.so
Fallback handler could not load library /home/j/jensenj/PycharmProjects/Federer-Jr./src/../crawler_single/linux/dynamic_server/crawler_dynamic_Data/Mono/libcoreclr.so
Fallback handler could not load library /home/j/jensenj/PycharmProjects/Federer-Jr./src/../crawler_single/linux/dynamic_server/crawler_dynamic_Data/Mono/libSystem.dylib
Fallback handler could not load library /home/j/jensenj/PycharmProjects/Federer-Jr./src/../crawler_single/linux/dynamic_server/crawler_dynamic_Data/Mono/libSystem.dylib.so
Fallback handler could not load library /home/j/jensenj/PycharmProjects/Federer-Jr./src/../crawler_single/linux/dynamic_server/crawler_dynamic_Data/Mono/libSystem.dylib
/home/j/jensenj/.local/lib/python3.6/site-packages/tensorboard/compat/tensorflow_stub/dtypes.py:541: FutureWarning: Passing (type, 1) or '1type' as a synonym of type is deprecated; in a future version of numpy, it will be understood as (type, (1,)) / '(1,)type'.
  _np_qint8 = np.dtype([("qint8", np.int8, 1)])
/home/j/jensenj/.local/lib/python3.6/site-packages/tensorboard/compat/tensorflow_stub/dtypes.py:542: FutureWarning: Passing (type, 1) or '1type' as a synonym of type is deprecated; in a future version of numpy, it will be understood as (type, (1,)) / '(1,)type'.
  _np_quint8 = np.dtype([("quint8", np.uint8, 1)])
/home/j/jensenj/.local/lib/python3.6/site-packages/tensorboard/compat/tensorflow_stub/dtypes.py:543: FutureWarning: Passing (type, 1) or '1type' as a synonym of type is deprecated; in a future version of numpy, it will be understood as (type, (1,)) / '(1,)type'.
  _np_qint16 = np.dtype([("qint16", np.int16, 1)])
/home/j/jensenj/.local/lib/python3.6/site-packages/tensorboard/compat/tensorflow_stub/dtypes.py:544: FutureWarning: Passing (type, 1) or '1type' as a synonym of type is deprecated; in a future version of numpy, it will be understood as (type, (1,)) / '(1,)type'.
  _np_quint16 = np.dtype([("quint16", np.uint16, 1)])
/home/j/jensenj/.local/lib/python3.6/site-packages/tensorboard/compat/tensorflow_stub/dtypes.py:545: FutureWarning: Passing (type, 1) or '1type' as a synonym of type is deprecated; in a future version of numpy, it will be understood as (type, (1,)) / '(1,)type'.
  _np_qint32 = np.dtype([("qint32", np.int32, 1)])
/home/j/jensenj/.local/lib/python3.6/site-packages/tensorboard/compat/tensorflow_stub/dtypes.py:550: FutureWarning: Passing (type, 1) or '1type' as a synonym of type is deprecated; in a future version of numpy, it will be understood as (type, (1,)) / '(1,)type'.
  np_resource = np.dtype([("resource", np.ubyte, 1)])
2020-06-25 11:57:51 INFO [environment.py:108] Connected to Unity environment with package version 1.0.2 and communication version 1.0.0
2020-06-25 11:57:51 INFO [environment.py:265] Connected new brain:
CrawlerDynamic?team=0
2020-06-25 11:57:51 WARNING [__init__.py:92] The environment contains multiple observations. You must define allow_multiple_obs=True to receive them all. Otherwise, only the first visual observation (or vector observation ifthere are no visual observations) will be provided in the observation.
/home/j/jensenj/.local/lib/python3.6/site-packages/gym/logger.py:30: UserWarning: [33mWARN: Box bound precision lowered by casting to float32[0m
  warnings.warn(colorize('%s: %s'%('WARN', msg % args), 'yellow'))
/home/j/jensenj/.local/lib/python3.6/site-packages/numpy/core/_methods.py:160: RuntimeWarning: invalid value encountered in reduce
  ret = umr_sum(arr, axis, dtype, out, keepdims)
update_time_steps: 2048 , ppo_epochs: 1 , beta:  0.01 , gamma 0.9
0 : -1.8522937232628465
1 : -2.281787851708941
2 : -0.8781150029972196
3 : -0.7673739269375801
4 : -0.7155833356082439
5 : -0.5175883900374174
6 : -0.8084484273567796
7 : -5.871943441219628
8 : 1.2030823631212115
9 : -1.182976950891316
10 : -1.1175041031092405
11 : -1.508433099836111
12 : -1.4663895291741937
13 : -2.789170297794044
14 : -1.440560411196202
15 : 0.2890137360082008
16 : -3.277653339318931
17 : -2.216554078273475
18 : -4.164360612630844
19 : -1.1368243736214936
20 : -1.3628771046642214
21 : -1.596663230098784
22 : -1.0359671879559755
23 : 1.0773793794214725
24 : -3.2066225446760654
25 : -1.0596297523006797
26 : -0.9149996284395456
27 : -1.257786750793457
28 : -0.918688110075891
29 : -0.53535934118554
30 : -1.500476200133562
31 : -0.00304488034453243
32 : -0.7896926617249846
33 : -1.340748982038349
34 : -1.0694215251132846
35 : -2.7870056848041713
36 : -3.2760529471561313
37 : -1.7937371986918151
38 : -0.8786018039099872
39 : -0.9760856088250875
40 : -2.160537449643016
41 : -1.3964898204430938
42 : 3.943797767162323
43 : -0.9316091910004616
44 : -0.818097481969744
45 : -1.7433188669383526
46 : -5.414276201277971
47 : -1.1436391198076308
48 : -1.0360126565210521
49 : -0.7283654036000371
50 : -3.253483028151095
51 : -1.4362964956089854
52 : -4.014885111013427
53 : 0.7382641015574336
54 : -3.0540698394179344
55 : -1.8236848587403074
56 : -1.551144054159522
57 : -1.4110721708275378
58 : -0.1478867018595338
59 : -1.2542377086356282
60 : -1.3292497182264924
61 : -1.127351993927732
62 : -0.2340480126440525
63 : -1.3009241921827197
64 : 0.21660654433071613
65 : -1.6309128105640411
66 : -1.7706750966608524
67 : -2.1504433788359165
68 : -1.4344505309127271
69 : -4.657627132721245
70 : -1.6656651087105274
71 : -1.6724028326570988
72 : -1.4858469902537763
73 : -0.9759608153253794
74 : -1.2554799285717309
75 : -1.5049028173089027
76 : -1.54353288927814
77 : -3.2139741270802915
78 : -1.7053811494261026
79 : -1.6109212525188923
80 : -1.7690427359193563
81 : -0.13400366995483637
82 : -0.9992418894544244
83 : 1.6970559312030673
84 : -1.0192968607880175
85 : 1.9295723927207291
86 : -0.1310422937385738
87 : -1.9131993427872658
88 : -1.712582565844059
89 : -1.5254750894382596
90 : -1.2221464668400586
91 : -1.3370467852801085
92 : -1.434394085779786
93 : -0.7357317195273936
94 : -1.8664329797029495
95 : -1.3986123437061906
96 : -3.124074686318636
97 : 0.8879752000793815
98 : -0.9323972025886178
99 : 2.994552099145949
100 : -1.1255786158144474
101 : -0.7810400445014238
102 : -9.306502591818571
103 : -1.7861973624676466
104 : -1.4625736186280847
105 : 0.987678146455437
106 : 1.5479113887995481
107 : -2.2973248437047005
108 : -0.9506340478546917
109 : -3.3718251222744584
110 : -1.6461829729378223
111 : -1.0047106079291552
112 : -1.3984499624930322
113 : -1.3412676826119423
114 : -5.549370021093637
115 : -2.5831946413964033
116 : -1.9994186153635383
117 : -1.4877272075973451
118 : -1.0378125404240564
119 : -0.9451672127470374
120 : -1.8158395886421204
121 : -0.6879328228533268
122 : -1.363471764139831
123 : -0.8591029262170196
124 : -2.472932929173112
!!! updated
125 : -1.1060355892404914
126 : -1.6393131166696548
127 : -1.4426963850855827
128 : -1.4128048848360777
129 : -1.3553868271410465
130 : -1.5297056324779987
131 : -0.9574472443200648
132 : -0.7900714688003063
133 : -1.608561523258686
134 : -1.5356172733008862
135 : -1.2256268877536058
136 : -1.0203866683878005
137 : -1.1307012545876205
138 : -1.0726121959742159
139 : -1.6362315267324448
140 : -1.1013556369580328
Setting up 2 worker threads for Enlighten.
  Thread -> id: 7f7a152c9700 -> priority: 1 
  Thread -> id: 7f7a14ac8700 -> priority: 1 
Traceback (most recent call last):
  File "main.py", line 123, in <module>
    returns = [episode(env, agent, i) for i in range(training_episodes)]
  File "main.py", line 123, in <listcomp>
    returns = [episode(env, agent, i) for i in range(training_episodes)]
  File "main.py", line 30, in episode
    next_state, reward, done, _ = env.step(action.numpy()[0])
  File "/home/j/jensenj/.local/lib/python3.6/site-packages/gym_unity/envs/__init__.py", line 177, in step
    self._env.step()
  File "/home/j/jensenj/.local/lib/python3.6/site-packages/mlagents_envs/timers.py", line 305, in wrapped
    return func(*args, **kwargs)
  File "/home/j/jensenj/.local/lib/python3.6/site-packages/mlagents_envs/environment.py", line 319, in step
    self._update_state(rl_output)
  File "/home/j/jensenj/.local/lib/python3.6/site-packages/mlagents_envs/environment.py", line 275, in _update_state
    agent_info_list, self._env_specs[brain_name]
  File "/home/j/jensenj/.local/lib/python3.6/site-packages/mlagents_envs/timers.py", line 305, in wrapped
    return func(*args, **kwargs)
  File "/home/j/jensenj/.local/lib/python3.6/site-packages/mlagents_envs/rpc_utils.py", line 193, in steps_from_proto
    obs_index, obs_shape, terminal_agent_info_list
  File "/home/j/jensenj/.local/lib/python3.6/site-packages/mlagents_envs/timers.py", line 305, in wrapped
    return func(*args, **kwargs)
  File "/home/j/jensenj/.local/lib/python3.6/site-packages/mlagents_envs/rpc_utils.py", line 152, in _process_vector_observation
    _raise_on_nan_and_inf(np_obs, "observations")
  File "/home/j/jensenj/.local/lib/python3.6/site-packages/mlagents_envs/rpc_utils.py", line 130, in _raise_on_nan_and_inf
    raise RuntimeError(f"The {source} provided had NaN values.")
RuntimeError: The observations provided had NaN values.
2020-06-25 12:00:19 INFO [environment.py:418] Environment shut down with return code 0.
