slurmstepd-gaissa: error: Unable to create TMPDIR [/tmp/user/30108]: Permission denied
slurmstepd-gaissa: error: Setting TMPDIR to /tmp
Found path: /home/j/jensenj/PycharmProjects/Federer-Jr./src/../crawler_single/linux/dynamic_server/crawler_dynamic.x86_64
Mono path[0] = '/home/j/jensenj/PycharmProjects/Federer-Jr./src/../crawler_single/linux/dynamic_server/crawler_dynamic_Data/Managed'
Mono config path = '/home/j/jensenj/PycharmProjects/Federer-Jr./src/../crawler_single/linux/dynamic_server/crawler_dynamic_Data/MonoBleedingEdge/etc'
Preloaded 'lib_burst_generated.so'
Preloaded 'libgrpc_csharp_ext.x64.so'
Initialize engine version: 2019.3.15f1 (59ff3e03856d)
[Subsystems] Discovering subsystems at path /home/j/jensenj/PycharmProjects/Federer-Jr./src/../crawler_single/linux/dynamic_server/crawler_dynamic_Data/UnitySubsystems
Forcing GfxDevice: Null
GfxDevice: creating device client; threaded=0
NullGfxDevice:
    Version:  NULL 1.0 [1.0]
    Renderer: Null Device
    Vendor:   Unity Technologies
Begin MonoManager ReloadAssembly
- Completed reload, in  0.107 seconds
WARNING: Shader Unsupported: 'Autodesk Interactive' - All passes removed
WARNING: Shader Did you use #pragma only_renderers and omit this platform?
UnloadTime: 0.403963 ms
Fallback handler could not load library /home/j/jensenj/PycharmProjects/Federer-Jr./src/../crawler_single/linux/dynamic_server/crawler_dynamic_Data/Mono/libcoreclr.so
Fallback handler could not load library /home/j/jensenj/PycharmProjects/Federer-Jr./src/../crawler_single/linux/dynamic_server/crawler_dynamic_Data/Mono/libcoreclr.so
Fallback handler could not load library /home/j/jensenj/PycharmProjects/Federer-Jr./src/../crawler_single/linux/dynamic_server/crawler_dynamic_Data/Mono/libcoreclr.so
Fallback handler could not load library /home/j/jensenj/PycharmProjects/Federer-Jr./src/../crawler_single/linux/dynamic_server/crawler_dynamic_Data/Mono/libSystem.dylib
Fallback handler could not load library /home/j/jensenj/PycharmProjects/Federer-Jr./src/../crawler_single/linux/dynamic_server/crawler_dynamic_Data/Mono/libSystem.dylib.so
Fallback handler could not load library /home/j/jensenj/PycharmProjects/Federer-Jr./src/../crawler_single/linux/dynamic_server/crawler_dynamic_Data/Mono/libSystem.dylib
Fallback handler could not load library /home/j/jensenj/PycharmProjects/Federer-Jr./src/../crawler_single/linux/dynamic_server/crawler_dynamic_Data/Mono/libcoreclr.so
Fallback handler could not load library /home/j/jensenj/PycharmProjects/Federer-Jr./src/../crawler_single/linux/dynamic_server/crawler_dynamic_Data/Mono/libcoreclr.so
Fallback handler could not load library /home/j/jensenj/PycharmProjects/Federer-Jr./src/../crawler_single/linux/dynamic_server/crawler_dynamic_Data/Mono/libcoreclr.so
Fallback handler could not load library /home/j/jensenj/PycharmProjects/Federer-Jr./src/../crawler_single/linux/dynamic_server/crawler_dynamic_Data/Mono/libSystem.dylib
Fallback handler could not load library /home/j/jensenj/PycharmProjects/Federer-Jr./src/../crawler_single/linux/dynamic_server/crawler_dynamic_Data/Mono/libSystem.dylib.so
Fallback handler could not load library /home/j/jensenj/PycharmProjects/Federer-Jr./src/../crawler_single/linux/dynamic_server/crawler_dynamic_Data/Mono/libSystem.dylib
/home/j/jensenj/.local/lib/python3.6/site-packages/tensorboard/compat/tensorflow_stub/dtypes.py:541: FutureWarning: Passing (type, 1) or '1type' as a synonym of type is deprecated; in a future version of numpy, it will be understood as (type, (1,)) / '(1,)type'.
  _np_qint8 = np.dtype([("qint8", np.int8, 1)])
/home/j/jensenj/.local/lib/python3.6/site-packages/tensorboard/compat/tensorflow_stub/dtypes.py:542: FutureWarning: Passing (type, 1) or '1type' as a synonym of type is deprecated; in a future version of numpy, it will be understood as (type, (1,)) / '(1,)type'.
  _np_quint8 = np.dtype([("quint8", np.uint8, 1)])
/home/j/jensenj/.local/lib/python3.6/site-packages/tensorboard/compat/tensorflow_stub/dtypes.py:543: FutureWarning: Passing (type, 1) or '1type' as a synonym of type is deprecated; in a future version of numpy, it will be understood as (type, (1,)) / '(1,)type'.
  _np_qint16 = np.dtype([("qint16", np.int16, 1)])
/home/j/jensenj/.local/lib/python3.6/site-packages/tensorboard/compat/tensorflow_stub/dtypes.py:544: FutureWarning: Passing (type, 1) or '1type' as a synonym of type is deprecated; in a future version of numpy, it will be understood as (type, (1,)) / '(1,)type'.
  _np_quint16 = np.dtype([("quint16", np.uint16, 1)])
/home/j/jensenj/.local/lib/python3.6/site-packages/tensorboard/compat/tensorflow_stub/dtypes.py:545: FutureWarning: Passing (type, 1) or '1type' as a synonym of type is deprecated; in a future version of numpy, it will be understood as (type, (1,)) / '(1,)type'.
  _np_qint32 = np.dtype([("qint32", np.int32, 1)])
/home/j/jensenj/.local/lib/python3.6/site-packages/tensorboard/compat/tensorflow_stub/dtypes.py:550: FutureWarning: Passing (type, 1) or '1type' as a synonym of type is deprecated; in a future version of numpy, it will be understood as (type, (1,)) / '(1,)type'.
  np_resource = np.dtype([("resource", np.ubyte, 1)])
2020-06-25 12:03:51 INFO [environment.py:108] Connected to Unity environment with package version 1.0.2 and communication version 1.0.0
2020-06-25 12:03:51 INFO [environment.py:265] Connected new brain:
CrawlerDynamic?team=0
2020-06-25 12:03:51 WARNING [__init__.py:92] The environment contains multiple observations. You must define allow_multiple_obs=True to receive them all. Otherwise, only the first visual observation (or vector observation ifthere are no visual observations) will be provided in the observation.
update_time_steps: 4096 , ppo_epochs: 4 , beta:  0.1 , gamma 0.99
0 : -1.4910153751261532
1 : -1.2247779127210379
2 : -0.9700169572606683
3 : -0.7513684472069144
4 : -1.015234187245369
5 : -0.47301378566771746
6 : -1.5954415202140808
7 : -5.482406612485647
8 : -5.736249714624137
9 : -1.496259830892086
10 : -1.0225087001454085
11 : -1.737691767513752
12 : -0.9254309865646064
13 : -1.7062562317587435
14 : -1.8643173724412918
15 : -1.1262041833251715
16 : -2.0803207084536552
17 : -1.3450137497857213
18 : -5.547695770859718
19 : -2.018550032284111
20 : -1.570306457579136
21 : -1.086853009997867
22 : -1.1396532887592912
23 : -0.6453698547556996
24 : -1.204798649996519
25 : -1.4809590242803097
26 : 1.6289490088820457
27 : 2.9541774950921535
28 : -1.8017113851383328
29 : -1.077441660221666
30 : 0.934545436874032
31 : -1.6683900952339172
32 : 2.8943850742653012
33 : -1.928017858415842
34 : -2.164392000064254
35 : -1.1675659781321883
36 : -0.8364275582134724
37 : -1.1429432332515717
38 : -1.2324569756165147
39 : -1.0082379644736648
40 : -0.9607099224813282
41 : -0.16153337713330984
42 : -0.41643248964101076
43 : -1.0934242601506412
44 : -0.9737757784314454
45 : -1.5398327098228037
46 : -1.6994364708662033
47 : -0.528750769328326
48 : 1.3614111803472042
49 : -1.0115953837521374
50 : -6.230949723161757
51 : -1.8632927685976028
52 : -1.1610699500888586
53 : -5.94141714181751
54 : -1.7348584865685552
55 : -1.2448402708396316
56 : -1.0577038917690516
57 : -0.37130035599693656
58 : -1.4936886318027973
59 : -0.9504404063336551
60 : -1.3791398238390684
61 : -0.7823588759638369
62 : -1.1958783543668687
63 : -1.565882347524166
64 : -1.6608533430844545
65 : 3.4677355089224875
66 : -0.17431684955954552
67 : -0.8574603600427508
68 : -3.128897243179381
69 : -2.3075505271553993
70 : -1.6083973851054907
71 : -2.541430044453591
72 : -1.3069626102223992
73 : -1.1477112616412342
74 : -1.3658709973096848
75 : -0.8154820688068867
76 : -1.9085408402606845
77 : -1.4464651979506016
78 : -0.9017693111672997
79 : -0.5679049622267485
80 : -0.9230200331658125
81 : -0.8440687460824847
82 : -1.7529679462313652
83 : -0.952804489992559
84 : -1.0107182236388326
85 : -0.8589767790399492
86 : -1.1996032930910587
87 : -1.2424902298953384
88 : -1.6890297755599022
89 : -1.7444478198885918
90 : -1.421275433152914
91 : 0.04601634806022048
92 : -2.050902359187603
93 : -2.3864236143417656
94 : -2.4050661455839872
95 : -1.9278625547885895
96 : -0.6957229007966816
97 : 0.8457888662815094
98 : -0.8644825955852866
99 : -1.6206765696406364
100 : -0.09484808798879385
101 : -2.1683319145813584
102 : -1.6680379398167133
103 : -0.7714014006778598
104 : -1.2873574839904904
105 : 1.5961636835709214
106 : -3.7633466178085655
107 : -1.1870421273633838
108 : -1.167874594219029
109 : -0.9718785937875509
110 : -1.1128039699979126
111 : 0.4420220493339002
112 : 0.9552363678812981
113 : -1.531773522729054
114 : -0.8463737908750772
115 : -1.4932116903364658
116 : -4.147110626567155
117 : -1.32436553388834
118 : 1.252815701533109
119 : -1.7929002530872822
120 : -1.3747282973490655
121 : -3.4397187810391188
122 : -1.9128584489226341
123 : -2.158833622932434
124 : -1.4090963120106608
125 : -1.1536292270757258
126 : -0.994741685455665
127 : -1.545491673052311
128 : -0.9651203453540802
129 : -1.682306201197207
130 : -0.7359982845373452
131 : -0.9227178227156401
132 : -1.2202252831775695
133 : -0.8069697939790785
134 : -8.95281283929944
135 : -1.6209644791670144
136 : -1.163210667669773
137 : -1.274180682376027
138 : -0.08578233234584332
139 : -1.107342867180705
140 : -2.0196053609251976
141 : -2.874745151028037
142 : -1.1395648214966059
143 : -1.4473366439342499
144 : -2.6210017568664625
145 : -1.1200912147760391
146 : -1.0105035630986094
147 : 2.3193967808037996
148 : -1.5549629991874099
149 : -1.553325641900301
150 : 1.0915634976699948
151 : -1.6085923947393894
152 : -0.482467457652092
153 : -0.7911305287852883
154 : -1.411930160364136
155 : -0.7456673216074705
156 : -1.7101887157186866
157 : -1.1915575359016657
158 : -1.28840799536556
159 : -1.3418245390057564
160 : 1.6847108385991305
161 : -0.6394512858241796
162 : -1.0941464826464653
163 : -2.3019953328184783
164 : -1.6164881912991405
165 : -0.9887182251550257
166 : -0.6268881419673562
167 : -1.9848424447700381
168 : -1.3992635612376034
169 : -0.75528809055686
170 : -1.8032083362340927
171 : -1.0805850783362985
172 : -1.45238696038723
173 : -6.625517965760082
174 : -0.0824954267591238
175 : -0.8485107496380806
176 : -0.5199652127921581
177 : -1.1268352502956986
178 : -0.7761157527565956
179 : -2.0837333416566253
180 : -0.1451297476887703
181 : -0.18170929420739412
182 : -3.496295977383852
183 : -1.1037334771826863
184 : -0.8759493185207248
185 : -2.070892870426178
186 : -1.2086825799196959
187 : -2.7615457703359425
188 : -0.8974282434210181
189 : -5.2907092669047415
190 : -1.515458689071238
191 : 3.00614047748968
192 : -1.0429860961157829
193 : -0.8746880972757936
194 : -1.3544092830270529
195 : -1.9255455881357193
196 : -1.9361812938004732
197 : -1.5356167331337929
198 : -1.2913450142368674
199 : -0.5421276418492198
200 : -2.0390579029917717
201 : -0.9866307629272342
202 : -1.7934088036417961
203 : -2.541551407193765
204 : -1.329259818419814
205 : 1.5759885632432997
206 : -0.9651038344018161
207 : -0.7458785120397806
208 : -1.4341149739921093
209 : -1.0481816958636045
210 : 1.7715251841582358
211 : 2.3549145236611366
212 : -0.5128484970191494
213 : -0.8893062705174088
214 : -1.4601426431909204
215 : -1.865468818694353
216 : -1.00741102732718
217 : -1.7793642990291119
218 : -3.0673403991386294
219 : -1.5778418704867363
220 : -1.4326386051252484
221 : 1.630955477245152
222 : -1.4829138219356537
223 : -6.101927354000509
224 : -1.1203434485942125
225 : -1.159501465037465
226 : -2.1208349093794823
227 : -0.5836315024644136
228 : -1.5916267111897469
229 : -2.156929925084114
230 : -0.8278958657756448
231 : -0.9392590150237083
232 : -0.8945936486124992
233 : -1.7139692530035973
234 : -1.0273401774466038
235 : -0.6354913953691721
236 : 4.15081801591441
237 : -0.40378794772550464
238 : -1.9001662542577833
239 : -0.5524624548852444
240 : 0.38379415683448315
241 : -5.400575339794159
242 : -1.2325428877957165
243 : -2.00073186121881
244 : -1.210338843986392
245 : -0.7264237315393984
246 : -1.6804688014090061
247 : -1.3596484791487455
248 : -1.4658917393535376
249 : -1.6522176107391715
250 : -1.2204647120088339
251 : -0.7225473430007696
252 : -0.899337244220078
253 : -0.9493946847505867
254 : -1.6622680462896824
255 : -0.32827384397387505
256 : -2.166700157802552
257 : 1.6425431948155165
258 : -1.7510499963536859
259 : -1.2952972846105695
260 : -0.4468372156843543
261 : -1.8070017881691456
262 : -0.8543892093002796
263 : -0.7664033137261868
264 : -1.1961006801575422
265 : -1.3564757825806737
266 : -0.8005660325288773
267 : -1.0073908232152462
268 : -1.7857802463695407
269 : -1.3067397982813418
270 : -1.1038973797112703
271 : -1.6230956390500069
272 : -1.4816006058827043
273 : -0.08760300558060408
274 : -1.935026517137885
275 : -1.0902708335779607
276 : -1.839975611306727
277 : -0.3735551231075078
278 : -1.2830724902451038
279 : -1.4045891650021076
280 : -0.6641910625621676
281 : -0.9243840333074331
282 : -1.3062826469540596
283 : -2.4829593198373914
284 : -0.4409571929136291
285 : -2.118572324514389
286 : -1.611097406828776
287 : -0.7227175533771515
288 : -4.352194069419056
289 : -1.6995267681777477
290 : -1.133624320384115
291 : -1.6047839177772403
292 : -1.01657276134938
!!! updated
293 : -2.2337056435644627
294 : -1.218553587794304
295 : -2.7862763926386833
296 : -1.2950188517570496
297 : 0.4104937622323632
298 : -1.085901904385537
299 : -2.506549360230565
300 : -1.6028317138552666
301 : -1.887040768750012
302 : -1.4110390283167362
303 : -2.798965025693178
304 : -1.3714232295751572
305 : -1.0972107592970133
306 : -1.1981773227453232
307 : -0.3797623934224248
308 : -1.604960571974516
309 : -2.240699838846922
310 : -1.2538227830082178
311 : -0.7827520263381302
312 : -1.6488581001758575
313 : 0.5778568522073328
314 : -0.9411251991987228
315 : -2.685119953006506
316 : -1.331125121563673
317 : -2.4415083937346935
318 : -1.1609898153692484
319 : -2.9586440585553646
320 : /home/j/jensenj/.local/lib/python3.6/site-packages/gym/logger.py:30: UserWarning: [33mWARN: Box bound precision lowered by casting to float32[0m
  warnings.warn(colorize('%s: %s'%('WARN', msg % args), 'yellow'))
/home/j/jensenj/.local/lib/python3.6/site-packages/numpy/core/_methods.py:160: RuntimeWarning: invalid value encountered in reduce
  ret = umr_sum(arr, axis, dtype, out, keepdims)
-1.2505327872931957
321 : -2.5371124781668186
322 : -1.1955236019566655
323 : 0.781532225664705
324 : -1.5536140501499176
325 : -0.42997549660503864
326 : -1.2468356154859066
327 : -2.3659965246915817
328 : -1.1079238872043788
329 : -3.1728337928652763
330 : -1.4940081760287285
331 : -0.13782284036278725
332 : -1.8535845158621669
333 : -1.924978494644165
334 : -1.5848467126488686
335 : -2.822451151907444
336 : -1.0425554024986923
337 : -2.319842889904976
338 : -1.5824268832802773
339 : -2.193064482882619
340 : -1.5397693440318108
341 : 0.5194065179675817
342 : -1.1132248020730913
343 : -2.751497881487012
344 : -0.9681113646365702
345 : 0.18127927230671048
346 : -1.2904552463442087
347 : -2.032837338745594
348 : -1.5969678200781345
349 : -2.8241486959159374
350 : -1.0586122660897672
351 : -1.571780949831009
352 : -1.3566812127828598
353 : 0.4483537944033742
354 : -1.3790280483663082
355 : 0.22075269976630807
356 : -1.0798652619123459
357 : -2.7443891428411007
358 : -2.6287700161337852
359 : 0.5040905252099037
360 : -1.1271389997564256
361 : -2.8624461200088263
362 : -1.4849348701536655
363 : -2.969492219388485
364 : -0.8508357759565115
365 : -1.4864551816135645
366 : -0.932299891486764
367 : -0.44656584318727255
368 : -1.6671070158481598
369 : -2.874276928603649
370 : -1.305975552648306
371 : 0.6780063221231103
372 : -1.7138132117688656
373 : -1.630195003002882
374 : -0.9551186049357057
375 : -2.9519744627177715
376 : -1.0564517721068114
377 : -2.907598577439785
378 : -1.4502171277999878
379 : -1.4067570865154266
380 : -1.2778877224773169
381 : -1.8325969809666276
382 : -1.5137310028076172
383 : -0.30160318315029144
384 : -0.9016582919284701
385 : -2.5774662038311362
386 : -0.8323521432466805
387 : -1.5181944333016872
388 : -1.3752488209865987
389 : -1.2412483748048544
390 : -0.9462115955539048
391 : -2.7938393354415894
392 : -1.631069015711546
393 : -2.1132401693612337
394 : -1.36724191904068
395 : -0.0415544742718339
396 : -1.5056817792356014
397 : 0.7363009806722403
398 : -2.0478894263505936
399 : -1.607796709984541
400 : -1.507854051887989
401 : -2.066268367692828
402 : -1.0633728387765586
403 : -2.8820405676960945
404 : -1.3968067220412195
405 : -0.8614471526816487
406 : -0.9990413431078196
407 : -2.871002957224846
408 : -1.4851595610380173
409 : -1.768858753144741
410 : -2.031358487904072
411 : -0.6844697436317801
412 : -1.744923174381256
413 : -2.46092913672328
414 : -1.6322033740580082
415 : -0.8142404053360224
416 : -1.560045599937439
417 : -2.8893597945570946
418 : -1.8292470425367355
419 : -1.212800229433924
420 : -1.4890002235770226
421 : -1.6101406160742044
422 : -1.4643563497811556
423 : -2.6197222843766212
424 : -1.3880387162789702
425 : -1.7426761235110462
426 : -1.201217396184802
427 : -1.096617802977562
428 : -1.4824494160711765
429 : -1.345118506345898
430 : -2.3886402398347855
431 : -2.2700463980436325
432 : -1.590452065691352
433 : -2.92216669395566
434 : -1.1902233874425292
435 : -2.1140628858702257
436 : -1.394777838140726
437 : -2.1942343953996897
438 : -1.3512327373027802
439 : -2.3219951540231705
440 : -0.9462138437665999
441 : -1.3429530691355467
442 : -1.481015857309103
443 : -2.9457520730793476
444 : -1.8266079798340797
445 : -2.8277881890535355
446 : -1.6666936129331589
447 : -2.795236077159643
448 : -1.586391605436802
449 : -2.772724326699972
450 : -1.6214961186051369
451 : -0.06425170321017504
452 : -1.26278274692595
453 : -0.20634360145777464
454 : -1.5355099961161613
455 : 0.662244888022542
456 : -0.9637104850262403
457 : -2.7617730498313904
458 : -1.0057373638264835
459 : -3.050072629004717
460 : -1.568544678390026
461 : -1.3389056390151381
462 : -1.3652515225112438
463 : 0.6081318855285645
464 : -1.4198687933385372
465 : -1.7979345442727208
466 : -1.1883214032277465
467 : 0.3245213469490409
468 : -1.208140455186367
469 : 0.7299505081027746
470 : -1.3653687527403235
471 : -0.4328780537471175
472 : -1.2292044861242175
473 : -2.556624997407198
474 : -1.1491423211991787
475 : 0.6683855429291725
476 : -1.2586500570178032
477 : -2.716075472533703
478 : -1.8980508912354708
479 : -2.772260058671236
480 : -1.445407472550869
481 : -2.867838630452752
482 : -1.6943748593330383
483 : -0.2532351538538933
484 : -1.3692592978477478
485 : 0.7641079220920801
486 : -1.2738281227648258
487 : 0.10877349553629756
488 : -1.1423660339787602
489 : 0.6141492850147188
490 : -2.1487521082162857
491 : -1.3829148672521114
492 : -1.020701258443296
493 : -2.698376301676035
494 : -1.26011261343956
495 : -1.0239750011824071
496 : -1.440008506178856
497 : -1.3871565996669233
498 : -1.4356696493923664
499 : 0.07129541644826531
500 : -1.9179134294390678
501 : -1.75242811255157
502 : -1.7544142277911305
503 : -0.3686201460659504
504 : -1.1586758117191494
505 : -2.111296855378896
506 : -1.2342071067541838
507 : -0.4795048125088215
508 : -1.4728109315037727
509 : -0.48016125429421663
510 : -1.092368428595364
511 : -2.972055934369564
512 : -1.8482930734753609
513 : -2.8835503086447716
514 : -1.53726177662611
515 : 0.402060785330832
516 : -1.5063089989125729
517 : -1.5253000110387802
518 : -0.9779107109643519
519 : -2.8867378421127796
520 : -1.5463856533169746
521 : -2.4051463529467583
522 : -1.3796093240380287
523 : -2.2467008121311665
524 : -1.1864208783954382
525 : 0.6275075981393456
526 : -1.6318875402212143
527 : -0.11228716280311346
528 : -1.543957181274891
529 : -2.999973714351654
530 : -1.0468628159724176
531 : -1.5895404741168022
532 : -0.9730035648681223
533 : -2.2697291169315577
534 : -1.83237168751657
535 : -0.9592004902660847
536 : -1.5987634435296059
537 : -2.329296827316284
538 : -1.7508463375270367
539 : -2.0025926518719643
540 : -1.481138665229082
541 : -0.3696745643392205
542 : -1.076536179985851
543 : 0.4265612526796758
544 : -1.340394077822566
545 : -2.941451398655772
546 : -1.3739258497953415
547 : -2.817529369145632
548 : -1.6184137016534805
549 : -0.6199872260913253
550 : -1.3531345464289188
551 : -2.915145678445697
552 : -0.8810054697096348
553 : -2.7498011672869325
554 : -1.179160948842764
555 : 0.7559406417421997
556 : -1.2233832646161318
557 : -1.697192583233118
558 : -1.5333534926176071
559 : -3.0322499945759773
560 : -1.2024290757253766
561 : 0.5070514464750886
562 : -1.1797530436888337
563 : -1.2481297687627375
564 : -1.996507791802287
565 : -2.571147993206978
566 : -0.9635505974292755
567 : -1.4893478602170944
568 : -1.7487055286765099
569 : 0.38530208542943
570 : -1.4161932580173016
571 : 0.29552836529910564
572 : -1.4581583961844444
573 : -2.9306919500231743
574 : -1.6278708637692034
575 : -2.7764872424304485
576 : -1.3528222544118762
577 : -3.063540954142809
578 : -1.5306258872151375
579 : -1.4336633884813637
580 : -1.5915378890931606
581 : 0.14291887264698744
582 : -1.3367281258106232
583 : -0.3670832319185138
584 : -1.5402019564062357
585 : 0.3924405388534069
586 : -1.7105168141424656
587 : -3.0883679240942
588 : -1.3923490457236767
589 : -2.0131186582148075
590 : -1.6796561181545258
591 : -2.4010137915611267
592 : -1.7614038027822971
593 : -2.0092022377066314
594 : -1.2330460511147976
595 : 0.6067433464340866
596 : -1.2974344044923782
597 : -3.1759379133582115
598 : -1.2377196662127972
599 : -0.9593554437160492
600 : -0.8183245416730642
601 : -1.0921802520751953
602 : -1.6167591288685799
603 : 0.18651355244219303
604 : -1.6142264232039452
605 : -0.023311992175877094
606 : -1.5315942019224167
607 : -2.3041363963857293
608 : -1.3002155981957912
609 : -2.6286640390753746
610 : -1.078961320221424
611 : -1.6590177454054356
612 : -1.026788611896336
613 : -0.550648495554924
614 : -2.0462528988718987
615 : -2.666720863431692
616 : -1.2417710958980024
617 : 0.7626050035469234
618 : -1.3541094828397036
619 : -1.2976494114845991
620 : -1.6284216661006212
621 : -0.6817301847040653
622 : -1.3777268212288618
623 : -2.444557823240757
624 : -0.902943879365921
625 : -2.8143414072692394
626 : -1.51667670160532
627 : -2.5276343375444412
628 : -1.2802895661443472
629 : -1.2313125943765044
630 : -0.9599924078211188
631 : 0.03837963566184044
632 : -1.5943570658564568
633 : -2.781221102923155
634 : -0.915492485743016
635 : -2.9772249422967434
636 : -1.359814953058958
637 : 0.1883659129962325
638 : -0.9122334821149707
639 : -2.7714244537055492
640 : -1.1214236356317997
641 : -2.928309753537178
642 : -1.28093745931983
643 : -1.485730960033834
644 : -1.29921106249094
645 : -2.943227084353566
646 : -1.003925433382392
647 : -2.892940066754818
648 : -1.0970551976934075
649 : 0.6120900604873896
650 : -0.8303282186388969
651 : -0.10567961353808641
652 : -1.5714871771633625
653 : -2.2891488783061504
654 : -1.383522730320692
655 : -3.007648106664419
656 : -1.088456875178963
657 : 0.7772823395207524
658 : -1.5830468088388443
659 : 0.7795259384438396
660 : -1.7095056250691414
661 : 0.12171920761466026
662 : -1.8484204355627298
663 : 0.19081043731421232
664 : -1.2136615719646215
665 : 0.293388644233346
666 : -1.1619920674711466
667 : -0.8481689067557454
668 : -1.6722931489348412
669 : -0.9730101269669831
670 : -1.8910831212997437
671 : -2.459501266479492
672 : -1.5468625091016293
673 : 0.2075033513829112
674 : -1.544009543955326
675 : -2.498882882297039
676 : -1.0250207167118788
677 : -1.915036842925474
678 : -1.237782021984458
679 : -0.9650136353448033
680 : -1.0728893051855266
681 : -2.1084396950900555
682 : -0.9619719139300287
!!! updated
683 : 1.6110613582422957
Setting up 2 worker threads for Enlighten.
  Thread -> id: 7fcdc2ffd700 -> priority: 1 
  Thread -> id: 7fcdc27fc700 -> priority: 1 
Traceback (most recent call last):
  File "main.py", line 123, in <module>
    returns = [episode(env, agent, i) for i in range(training_episodes)]
  File "main.py", line 123, in <listcomp>
    returns = [episode(env, agent, i) for i in range(training_episodes)]
  File "main.py", line 30, in episode
    next_state, reward, done, _ = env.step(action.numpy()[0])
  File "/home/j/jensenj/.local/lib/python3.6/site-packages/gym_unity/envs/__init__.py", line 177, in step
    self._env.step()
  File "/home/j/jensenj/.local/lib/python3.6/site-packages/mlagents_envs/timers.py", line 305, in wrapped
    return func(*args, **kwargs)
  File "/home/j/jensenj/.local/lib/python3.6/site-packages/mlagents_envs/environment.py", line 319, in step
    self._update_state(rl_output)
  File "/home/j/jensenj/.local/lib/python3.6/site-packages/mlagents_envs/environment.py", line 275, in _update_state
    agent_info_list, self._env_specs[brain_name]
  File "/home/j/jensenj/.local/lib/python3.6/site-packages/mlagents_envs/timers.py", line 305, in wrapped
    return func(*args, **kwargs)
  File "/home/j/jensenj/.local/lib/python3.6/site-packages/mlagents_envs/rpc_utils.py", line 188, in steps_from_proto
    obs_index, obs_shape, decision_agent_info_list
  File "/home/j/jensenj/.local/lib/python3.6/site-packages/mlagents_envs/timers.py", line 305, in wrapped
    return func(*args, **kwargs)
  File "/home/j/jensenj/.local/lib/python3.6/site-packages/mlagents_envs/rpc_utils.py", line 152, in _process_vector_observation
    _raise_on_nan_and_inf(np_obs, "observations")
  File "/home/j/jensenj/.local/lib/python3.6/site-packages/mlagents_envs/rpc_utils.py", line 130, in _raise_on_nan_and_inf
    raise RuntimeError(f"The {source} provided had NaN values.")
RuntimeError: The observations provided had NaN values.
2020-06-25 12:13:25 INFO [environment.py:418] Environment shut down with return code 0.
