slurmstepd-loisach: error: Unable to create TMPDIR [/tmp/user/30108]: Permission denied
slurmstepd-loisach: error: Setting TMPDIR to /tmp
Found path: /home/j/jensenj/PycharmProjects/Federer-Jr./src/../crawler_single/linux/dynamic_server/crawler_dynamic.x86_64
Mono path[0] = '/home/j/jensenj/PycharmProjects/Federer-Jr./src/../crawler_single/linux/dynamic_server/crawler_dynamic_Data/Managed'
Mono config path = '/home/j/jensenj/PycharmProjects/Federer-Jr./src/../crawler_single/linux/dynamic_server/crawler_dynamic_Data/MonoBleedingEdge/etc'
Preloaded 'lib_burst_generated.so'
Preloaded 'libgrpc_csharp_ext.x64.so'
Initialize engine version: 2019.3.15f1 (59ff3e03856d)
[Subsystems] Discovering subsystems at path /home/j/jensenj/PycharmProjects/Federer-Jr./src/../crawler_single/linux/dynamic_server/crawler_dynamic_Data/UnitySubsystems
Forcing GfxDevice: Null
GfxDevice: creating device client; threaded=0
NullGfxDevice:
    Version:  NULL 1.0 [1.0]
    Renderer: Null Device
    Vendor:   Unity Technologies
Begin MonoManager ReloadAssembly
- Completed reload, in  0.105 seconds
WARNING: Shader Unsupported: 'Autodesk Interactive' - All passes removed
WARNING: Shader Did you use #pragma only_renderers and omit this platform?
UnloadTime: 0.428919 ms
Fallback handler could not load library /home/j/jensenj/PycharmProjects/Federer-Jr./src/../crawler_single/linux/dynamic_server/crawler_dynamic_Data/Mono/libcoreclr.so
Fallback handler could not load library /home/j/jensenj/PycharmProjects/Federer-Jr./src/../crawler_single/linux/dynamic_server/crawler_dynamic_Data/Mono/libcoreclr.so
Fallback handler could not load library /home/j/jensenj/PycharmProjects/Federer-Jr./src/../crawler_single/linux/dynamic_server/crawler_dynamic_Data/Mono/libcoreclr.so
Fallback handler could not load library /home/j/jensenj/PycharmProjects/Federer-Jr./src/../crawler_single/linux/dynamic_server/crawler_dynamic_Data/Mono/libSystem.dylib
Fallback handler could not load library /home/j/jensenj/PycharmProjects/Federer-Jr./src/../crawler_single/linux/dynamic_server/crawler_dynamic_Data/Mono/libSystem.dylib.so
Fallback handler could not load library /home/j/jensenj/PycharmProjects/Federer-Jr./src/../crawler_single/linux/dynamic_server/crawler_dynamic_Data/Mono/libSystem.dylib
Fallback handler could not load library /home/j/jensenj/PycharmProjects/Federer-Jr./src/../crawler_single/linux/dynamic_server/crawler_dynamic_Data/Mono/libcoreclr.so
Fallback handler could not load library /home/j/jensenj/PycharmProjects/Federer-Jr./src/../crawler_single/linux/dynamic_server/crawler_dynamic_Data/Mono/libcoreclr.so
Fallback handler could not load library /home/j/jensenj/PycharmProjects/Federer-Jr./src/../crawler_single/linux/dynamic_server/crawler_dynamic_Data/Mono/libcoreclr.so
Fallback handler could not load library /home/j/jensenj/PycharmProjects/Federer-Jr./src/../crawler_single/linux/dynamic_server/crawler_dynamic_Data/Mono/libSystem.dylib
Fallback handler could not load library /home/j/jensenj/PycharmProjects/Federer-Jr./src/../crawler_single/linux/dynamic_server/crawler_dynamic_Data/Mono/libSystem.dylib.so
Fallback handler could not load library /home/j/jensenj/PycharmProjects/Federer-Jr./src/../crawler_single/linux/dynamic_server/crawler_dynamic_Data/Mono/libSystem.dylib
/home/j/jensenj/.local/lib/python3.6/site-packages/tensorboard/compat/tensorflow_stub/dtypes.py:541: FutureWarning: Passing (type, 1) or '1type' as a synonym of type is deprecated; in a future version of numpy, it will be understood as (type, (1,)) / '(1,)type'.
  _np_qint8 = np.dtype([("qint8", np.int8, 1)])
/home/j/jensenj/.local/lib/python3.6/site-packages/tensorboard/compat/tensorflow_stub/dtypes.py:542: FutureWarning: Passing (type, 1) or '1type' as a synonym of type is deprecated; in a future version of numpy, it will be understood as (type, (1,)) / '(1,)type'.
  _np_quint8 = np.dtype([("quint8", np.uint8, 1)])
/home/j/jensenj/.local/lib/python3.6/site-packages/tensorboard/compat/tensorflow_stub/dtypes.py:543: FutureWarning: Passing (type, 1) or '1type' as a synonym of type is deprecated; in a future version of numpy, it will be understood as (type, (1,)) / '(1,)type'.
  _np_qint16 = np.dtype([("qint16", np.int16, 1)])
/home/j/jensenj/.local/lib/python3.6/site-packages/tensorboard/compat/tensorflow_stub/dtypes.py:544: FutureWarning: Passing (type, 1) or '1type' as a synonym of type is deprecated; in a future version of numpy, it will be understood as (type, (1,)) / '(1,)type'.
  _np_quint16 = np.dtype([("quint16", np.uint16, 1)])
/home/j/jensenj/.local/lib/python3.6/site-packages/tensorboard/compat/tensorflow_stub/dtypes.py:545: FutureWarning: Passing (type, 1) or '1type' as a synonym of type is deprecated; in a future version of numpy, it will be understood as (type, (1,)) / '(1,)type'.
  _np_qint32 = np.dtype([("qint32", np.int32, 1)])
/home/j/jensenj/.local/lib/python3.6/site-packages/tensorboard/compat/tensorflow_stub/dtypes.py:550: FutureWarning: Passing (type, 1) or '1type' as a synonym of type is deprecated; in a future version of numpy, it will be understood as (type, (1,)) / '(1,)type'.
  np_resource = np.dtype([("resource", np.ubyte, 1)])
2020-06-25 12:11:21 INFO [environment.py:108] Connected to Unity environment with package version 1.0.2 and communication version 1.0.0
2020-06-25 12:11:21 INFO [environment.py:265] Connected new brain:
CrawlerDynamic?team=0
2020-06-25 12:11:21 WARNING [__init__.py:92] The environment contains multiple observations. You must define allow_multiple_obs=True to receive them all. Otherwise, only the first visual observation (or vector observation ifthere are no visual observations) will be provided in the observation.
/home/j/jensenj/.local/lib/python3.6/site-packages/gym/logger.py:30: UserWarning: [33mWARN: Box bound precision lowered by casting to float32[0m
  warnings.warn(colorize('%s: %s'%('WARN', msg % args), 'yellow'))
/home/j/jensenj/.local/lib/python3.6/site-packages/numpy/core/_methods.py:160: RuntimeWarning: invalid value encountered in reduce
  ret = umr_sum(arr, axis, dtype, out, keepdims)
update_time_steps: 8192 , ppo_epochs: 2 , beta:  0.001 , gamma 0.99
0 : -6.473795654368587
1 : -10.67791646218393
2 : -0.8045583311468363
3 : -3.0175239201635122
4 : -0.10446897940710187
5 : -1.0511690936982632
6 : 0.027970011346042156
7 : 0.14126448053866625
8 : -4.805195095017552
9 : -1.3755100276321173
10 : -1.366638196632266
11 : 2.996443632990122
12 : -2.137477118521929
13 : 0.9943050621077418
14 : -1.5466015627607703
15 : -1.4504226762801409
16 : -3.50944378785789
17 : -1.0007761446759105
18 : 0.28542925091460347
19 : -1.9467103782226332
20 : -1.0876165551599115
21 : -1.3002027170732617
22 : 1.1476149959489703
23 : -0.8400646420195699
24 : 8.16052050050348
25 : -2.7952424716204405
26 : 3.8312575640156865
27 : -1.4858333244919777
28 : 0.08160019386559725
29 : -2.4918803917244077
30 : 0.9623456746339798
31 : -1.5935518145561218
32 : -1.1437822887673974
33 : -1.986687052063644
34 : -3.2437909319996834
35 : -1.4971646163612604
36 : -1.8300946010276675
37 : -5.671539817005396
38 : -2.3790790289640427
39 : -1.1153409564867616
40 : -1.0111595806665719
41 : -1.6219126114156097
42 : -3.9278086768463254
43 : -2.490790809970349
44 : -13.695413256296888
45 : -1.0942295542918146
46 : 1.6718435727525502
47 : -1.8454841738566756
48 : -0.6913579679094255
49 : -9.003713773563504
50 : -2.3788034711033106
51 : -0.4283199729397893
52 : -0.6000515455380082
53 : -0.768635977525264
54 : -1.5704067605547607
55 : 1.4071947447955608
56 : -1.6186357298865914
57 : -1.4155235341750085
58 : -1.9299444073112682
59 : -6.897184062516317
60 : 0.20912220200989395
61 : -0.8419969957321882
62 : 0.08914204966276884
63 : -1.6032035951502621
64 : -3.1295121870934963
65 : -0.3535973667167127
66 : -0.9016890441998839
67 : -2.5964802503585815
68 : -2.2813278790563345
69 : -1.2366941273212433
70 : -3.0522435270249844
71 : 5.235789262223989
72 : 0.377838097512722
73 : 4.285372585989535
74 : -1.2589977751486003
75 : 1.1782292574644089
76 : -1.1980579084483907
77 : 1.1261811754666269
78 : -1.1428911229595542
79 : -5.976030001416802
80 : -2.4082154110074043
81 : -1.4256329855998047
82 : -1.0139268259517848
83 : -3.7244078973308206
84 : -0.9045286756008863
85 : -2.00180331338197
86 : -2.4568082951009274
87 : -1.0464918799698353
88 : -0.7413212293758988
89 : -2.039048529230058
90 : -1.2094440364744514
91 : 16.552313410677016
92 : -2.146168965380639
93 : 8.434576304629445
94 : -0.5096881506033242
95 : -1.4124669888988137
96 : -0.5229200581088662
97 : -30.095008354634047
98 : -1.5672946558333933
99 : -0.14638174674473703
100 : -1.9700055066496134
101 : -1.0798386693932116
102 : -1.544176165945828
103 : -1.6431689076125622
104 : -0.0019551666919142008
105 : -6.580209482461214
106 : -0.8338542440906167
107 : -1.2853877441957593
108 : 0.13026311644352973
109 : -5.298031084239483
110 : -2.15075641637668
111 : -5.243961237370968
112 : -1.4298334429040551
113 : -10.102297972887754
114 : -3.9883869232144207
115 : -2.333994626067579
116 : 17.402957312762737
117 : 5.657706277444959
118 : -0.5496758008375764
119 : -1.857166285859421
120 : -2.4280636773910373
121 : -1.2890557968057692
122 : -1.0304332613013685
123 : -4.89000831078738
124 : -1.8044406585395336
125 : -1.34435028815642
126 : -17.35555461421609
127 : -3.1955573679879308
128 : -0.8762185024097562
129 : 1.0184315484948456
130 : -1.7462867959402502
131 : -6.181280622258782
132 : -10.004806021228433
133 : -1.4097293876111507
134 : -2.9613348599523306
135 : -1.9528423380106688
136 : -7.53370595863089
137 : -2.082490138709545
138 : -1.0140072903595865
139 : -1.978883508592844
140 : -0.6828822493553162
141 : -0.034637142438441515
142 : -1.1427612388506532
143 : -0.9808209100738168
144 : -1.190196523675695
145 : -3.4909419449977577
146 : -5.86450862698257
147 : -11.112705040723085
148 : 3.8444002475589514
149 : -0.30587354954332113
150 : 0.5908990753814578
151 : -1.1678022658452392
152 : -0.4603237393312156
153 : -0.707729946821928
154 : -3.800903506577015
155 : -1.3003602055832744
156 : 0.6486995089799166
157 : -1.5992558170109987
158 : -1.567577075213194
159 : -10.003211576491594
160 : -2.3073096638545394
161 : -2.959398948587477
162 : 4.865106391720474
163 : -1.7143140845000744
164 : -2.9996499372646213
165 : -1.079787477850914
166 : -1.5785557022318244
167 : 0.5942356693558395
168 : -11.684556252672337
169 : 8.073502182029188
170 : -0.8215981293469667
171 : -1.762106413487345
172 : -3.4131202432326972
173 : 0.13120510056614876
174 : 2.1766756530851126
175 : 2.5893615568056703
176 : 0.4270802577957511
177 : -1.7394975763745606
178 : -1.001267678104341
179 : -1.417351174284704
180 : -3.709810456261039
181 : -2.7436926271766424
182 : -2.2746581342071295
183 : -0.29278954630717635
184 : -2.642488446086645
185 : -3.656142496271059
186 : -0.9560703071765602
187 : -3.5244593364186585
188 : -1.7317673973739147
189 : -0.8154909098520875
190 : -1.3770069647580385
191 : -3.663142370991409
192 : -5.492594938725233
193 : -1.7177238166332245
194 : -12.897440325003117
195 : -1.4192916825413704
196 : -1.4504918209277093
197 : -1.355541693046689
198 : -2.8514701989479363
199 : -3.7549893837422132
200 : -5.028543721884489
201 : -1.5578208565711975
202 : -4.913817877415568
203 : -1.0688011965248734
204 : -3.1627114741131663
205 : 1.2030311492271721
206 : -3.4628678972367197
207 : 4.797812344506383
208 : -17.37485065497458
209 : -3.3878971277736127
210 : -1.8345101103186607
211 : -0.9680558666586876
212 : -1.4715931303799152
213 : 3.1291706589981914
214 : -0.6752529940567911
215 : -7.540363799780607
216 : -0.6155646159313619
217 : -3.3576013860292733
218 : 0.6672795838676393
219 : -1.1888208258897066
220 : -0.41963602788746357
221 : -0.8057548953220248
222 : -2.2313962498446926
223 : -1.1054414873942733
224 : -2.2063878644257784
225 : -0.6222648231778294
226 : -2.8378183292225003
227 : 0.3045490523800254
228 : -2.823191656265408
229 : 2.563469166343566
230 : -4.643371905200183
231 : -3.087120834738016
232 : -0.8651343008968979
233 : -0.5504997442476451
234 : -1.5964148584753275
235 : -0.2649587686173618
236 : -1.2252106398809701
237 : -11.945790980476886
238 : -0.9722241926938295
!!! updated
239 : -2.6482447125017643
240 : -2.5456331241875887
241 : -1.3826135732233524
242 : -0.8901813640259206
243 : -2.0246471911668777
244 : -1.498817153275013
245 : -1.5279707424342632
246 : -1.42604710906744
247 : -1.027402183972299
248 : -0.8883543638512492
249 : -1.1900753658264875
250 : -1.7154430523514748
251 : -1.4227375015616417
252 : -1.3975012712180614
253 : -0.7891975659877062
Setting up 2 worker threads for Enlighten.
  Thread -> id: 7f1572226700 -> priority: 1 
  Thread -> id: 7f1571a25700 -> priority: 1 
Traceback (most recent call last):
  File "main.py", line 123, in <module>
    returns = [episode(env, agent, i) for i in range(training_episodes)]
  File "main.py", line 123, in <listcomp>
    returns = [episode(env, agent, i) for i in range(training_episodes)]
  File "main.py", line 30, in episode
    next_state, reward, done, _ = env.step(action.numpy()[0])
  File "/home/j/jensenj/.local/lib/python3.6/site-packages/gym_unity/envs/__init__.py", line 177, in step
    self._env.step()
  File "/home/j/jensenj/.local/lib/python3.6/site-packages/mlagents_envs/timers.py", line 305, in wrapped
    return func(*args, **kwargs)
  File "/home/j/jensenj/.local/lib/python3.6/site-packages/mlagents_envs/environment.py", line 319, in step
    self._update_state(rl_output)
  File "/home/j/jensenj/.local/lib/python3.6/site-packages/mlagents_envs/environment.py", line 275, in _update_state
    agent_info_list, self._env_specs[brain_name]
  File "/home/j/jensenj/.local/lib/python3.6/site-packages/mlagents_envs/timers.py", line 305, in wrapped
    return func(*args, **kwargs)
  File "/home/j/jensenj/.local/lib/python3.6/site-packages/mlagents_envs/rpc_utils.py", line 188, in steps_from_proto
    obs_index, obs_shape, decision_agent_info_list
  File "/home/j/jensenj/.local/lib/python3.6/site-packages/mlagents_envs/timers.py", line 305, in wrapped
    return func(*args, **kwargs)
  File "/home/j/jensenj/.local/lib/python3.6/site-packages/mlagents_envs/rpc_utils.py", line 152, in _process_vector_observation
    _raise_on_nan_and_inf(np_obs, "observations")
  File "/home/j/jensenj/.local/lib/python3.6/site-packages/mlagents_envs/rpc_utils.py", line 130, in _raise_on_nan_and_inf
    raise RuntimeError(f"The {source} provided had NaN values.")
RuntimeError: The observations provided had NaN values.
2020-06-25 12:20:47 INFO [environment.py:418] Environment shut down with return code 0.
