slurmstepd-nassach: error: Unable to create TMPDIR [/tmp/user/30108]: Permission denied
slurmstepd-nassach: error: Setting TMPDIR to /tmp
Found path: /home/j/jensenj/PycharmProjects/Federer-Jr./src/../crawler_single/linux/dynamic_server/crawler_dynamic.x86_64
Mono path[0] = '/home/j/jensenj/PycharmProjects/Federer-Jr./src/../crawler_single/linux/dynamic_server/crawler_dynamic_Data/Managed'
Mono config path = '/home/j/jensenj/PycharmProjects/Federer-Jr./src/../crawler_single/linux/dynamic_server/crawler_dynamic_Data/MonoBleedingEdge/etc'
Preloaded 'lib_burst_generated.so'
Preloaded 'libgrpc_csharp_ext.x64.so'
Initialize engine version: 2019.3.15f1 (59ff3e03856d)
[Subsystems] Discovering subsystems at path /home/j/jensenj/PycharmProjects/Federer-Jr./src/../crawler_single/linux/dynamic_server/crawler_dynamic_Data/UnitySubsystems
Forcing GfxDevice: Null
GfxDevice: creating device client; threaded=0
NullGfxDevice:
    Version:  NULL 1.0 [1.0]
    Renderer: Null Device
    Vendor:   Unity Technologies
Begin MonoManager ReloadAssembly
- Completed reload, in  0.096 seconds
WARNING: Shader Unsupported: 'Autodesk Interactive' - All passes removed
WARNING: Shader Did you use #pragma only_renderers and omit this platform?
UnloadTime: 0.401699 ms
Fallback handler could not load library /home/j/jensenj/PycharmProjects/Federer-Jr./src/../crawler_single/linux/dynamic_server/crawler_dynamic_Data/Mono/libcoreclr.so
Fallback handler could not load library /home/j/jensenj/PycharmProjects/Federer-Jr./src/../crawler_single/linux/dynamic_server/crawler_dynamic_Data/Mono/libcoreclr.so
Fallback handler could not load library /home/j/jensenj/PycharmProjects/Federer-Jr./src/../crawler_single/linux/dynamic_server/crawler_dynamic_Data/Mono/libcoreclr.so
Fallback handler could not load library /home/j/jensenj/PycharmProjects/Federer-Jr./src/../crawler_single/linux/dynamic_server/crawler_dynamic_Data/Mono/libSystem.dylib
Fallback handler could not load library /home/j/jensenj/PycharmProjects/Federer-Jr./src/../crawler_single/linux/dynamic_server/crawler_dynamic_Data/Mono/libSystem.dylib.so
Fallback handler could not load library /home/j/jensenj/PycharmProjects/Federer-Jr./src/../crawler_single/linux/dynamic_server/crawler_dynamic_Data/Mono/libSystem.dylib
Fallback handler could not load library /home/j/jensenj/PycharmProjects/Federer-Jr./src/../crawler_single/linux/dynamic_server/crawler_dynamic_Data/Mono/libcoreclr.so
Fallback handler could not load library /home/j/jensenj/PycharmProjects/Federer-Jr./src/../crawler_single/linux/dynamic_server/crawler_dynamic_Data/Mono/libcoreclr.so
Fallback handler could not load library /home/j/jensenj/PycharmProjects/Federer-Jr./src/../crawler_single/linux/dynamic_server/crawler_dynamic_Data/Mono/libcoreclr.so
Fallback handler could not load library /home/j/jensenj/PycharmProjects/Federer-Jr./src/../crawler_single/linux/dynamic_server/crawler_dynamic_Data/Mono/libSystem.dylib
Fallback handler could not load library /home/j/jensenj/PycharmProjects/Federer-Jr./src/../crawler_single/linux/dynamic_server/crawler_dynamic_Data/Mono/libSystem.dylib.so
Fallback handler could not load library /home/j/jensenj/PycharmProjects/Federer-Jr./src/../crawler_single/linux/dynamic_server/crawler_dynamic_Data/Mono/libSystem.dylib
/home/j/jensenj/.local/lib/python3.6/site-packages/tensorboard/compat/tensorflow_stub/dtypes.py:541: FutureWarning: Passing (type, 1) or '1type' as a synonym of type is deprecated; in a future version of numpy, it will be understood as (type, (1,)) / '(1,)type'.
  _np_qint8 = np.dtype([("qint8", np.int8, 1)])
/home/j/jensenj/.local/lib/python3.6/site-packages/tensorboard/compat/tensorflow_stub/dtypes.py:542: FutureWarning: Passing (type, 1) or '1type' as a synonym of type is deprecated; in a future version of numpy, it will be understood as (type, (1,)) / '(1,)type'.
  _np_quint8 = np.dtype([("quint8", np.uint8, 1)])
/home/j/jensenj/.local/lib/python3.6/site-packages/tensorboard/compat/tensorflow_stub/dtypes.py:543: FutureWarning: Passing (type, 1) or '1type' as a synonym of type is deprecated; in a future version of numpy, it will be understood as (type, (1,)) / '(1,)type'.
  _np_qint16 = np.dtype([("qint16", np.int16, 1)])
/home/j/jensenj/.local/lib/python3.6/site-packages/tensorboard/compat/tensorflow_stub/dtypes.py:544: FutureWarning: Passing (type, 1) or '1type' as a synonym of type is deprecated; in a future version of numpy, it will be understood as (type, (1,)) / '(1,)type'.
  _np_quint16 = np.dtype([("quint16", np.uint16, 1)])
/home/j/jensenj/.local/lib/python3.6/site-packages/tensorboard/compat/tensorflow_stub/dtypes.py:545: FutureWarning: Passing (type, 1) or '1type' as a synonym of type is deprecated; in a future version of numpy, it will be understood as (type, (1,)) / '(1,)type'.
  _np_qint32 = np.dtype([("qint32", np.int32, 1)])
/home/j/jensenj/.local/lib/python3.6/site-packages/tensorboard/compat/tensorflow_stub/dtypes.py:550: FutureWarning: Passing (type, 1) or '1type' as a synonym of type is deprecated; in a future version of numpy, it will be understood as (type, (1,)) / '(1,)type'.
  np_resource = np.dtype([("resource", np.ubyte, 1)])
2020-06-25 12:11:21 INFO [environment.py:108] Connected to Unity environment with package version 1.0.2 and communication version 1.0.0
2020-06-25 12:11:21 INFO [environment.py:265] Connected new brain:
CrawlerDynamic?team=0
2020-06-25 12:11:21 WARNING [__init__.py:92] The environment contains multiple observations. You must define allow_multiple_obs=True to receive them all. Otherwise, only the first visual observation (or vector observation ifthere are no visual observations) will be provided in the observation.
/home/j/jensenj/.local/lib/python3.6/site-packages/gym/logger.py:30: UserWarning: [33mWARN: Box bound precision lowered by casting to float32[0m
  warnings.warn(colorize('%s: %s'%('WARN', msg % args), 'yellow'))
/home/j/jensenj/.local/lib/python3.6/site-packages/numpy/core/_methods.py:160: RuntimeWarning: invalid value encountered in reduce
  ret = umr_sum(arr, axis, dtype, out, keepdims)
update_time_steps: 8192 , ppo_epochs: 2 , beta:  0.01 , gamma 0.9
0 : -1.2282915161922574
1 : -0.8066464408766478
2 : -0.9306998234242201
3 : -1.4808522667735815
4 : -0.8731110310181975
5 : -0.9338650242425501
6 : -1.4707601992413402
7 : -0.8436339381150901
8 : -2.2608246852178127
9 : -1.0634069337975234
10 : -1.1942323576658964
11 : -4.734133652411401
12 : -1.5240970747545362
13 : -1.309648166410625
14 : -1.4949563953559846
15 : -1.4814853810239583
16 : -1.1938278507441282
17 : -2.5501883551478386
18 : -1.168272434733808
19 : -1.622682861983776
20 : -1.5497592249885201
21 : -9.696346702054143
22 : -2.256549008656293
23 : -0.7659742655232549
24 : -1.6553001822903752
25 : -4.061137214303017
26 : -1.3708143709227443
27 : -0.19741958193480968
28 : -4.4984853975474834
29 : -2.0265729716047645
30 : -1.4708208900410682
31 : -1.7221321761608124
32 : -1.3106005592271686
33 : -1.289339701179415
34 : -2.3733467017300427
35 : -4.802205376792699
36 : -1.1439968349877745
37 : -4.128195578232408
38 : -4.120684191584587
39 : -4.238923519384116
40 : -0.9015051610767841
41 : -0.5164308517705649
42 : -0.3558822236955166
43 : -1.4231845084577799
44 : -4.758975143544376
45 : -1.8188589778728783
46 : -1.434341442771256
47 : -0.3200712548568845
48 : -4.198553484166041
49 : -0.4330547172576189
50 : -1.447644930332899
51 : -3.582675059325993
52 : -3.119681776035577
53 : -0.9564369404688478
54 : -1.047996399924159
55 : -1.795507188886404
56 : -1.3440041709691286
57 : -1.3840454453602433
58 : -0.5921001490205526
59 : 0.3856801362708211
60 : -1.0237610209733248
61 : 1.489456918090582
62 : -0.8290887861512601
63 : -0.033651611767709255
64 : -0.5478900214657187
65 : -0.7460866793990135
66 : -1.8843044266104698
67 : -1.6684421468526125
68 : -1.6983308680355549
69 : -1.3904334157705307
70 : -1.0128940846771002
71 : -0.866352348588407
72 : -3.749909354839474
73 : -0.21333913691341877
74 : -1.4580253567546606
75 : -1.5519741424359381
76 : -1.162217971868813
77 : -1.4237782265990973
78 : -1.2068108604289591
79 : -1.226514298003167
80 : 2.0795142562128603
81 : -3.392406224971637
82 : -1.5615224968641996
83 : -0.9440033938735723
84 : -0.597226963378489
85 : -0.9907480361871421
86 : -0.6719072246924043
87 : -1.8222775207832456
88 : -1.6774966027587652
89 : -0.7419103384017944
90 : -0.9661972490139306
91 : -0.36989756114780903
92 : -0.6753594777546823
93 : -1.0432147271349095
94 : -2.44602092821151
95 : -1.178789948229678
96 : -0.9812670680694282
97 : -0.9984152158722281
98 : -0.8845618348568678
99 : -1.325575381750241
100 : -3.12615455314517
101 : -1.970170509070158
102 : -0.5830922815948725
103 : -0.909934014081955
104 : -1.4807849526405334
105 : -1.2400674549862742
106 : -0.5654522487893701
107 : -1.2781318426132202
108 : -1.4195615479256958
109 : -1.499227348715067
110 : -1.3243307531811297
111 : -1.449107639491558
112 : -1.1861813883297145
113 : 0.05290328338742256
114 : -0.9284607451409101
115 : -0.6786839086562395
116 : -1.4724434027448297
117 : -1.0112933170748875
118 : -0.8668896984308958
119 : 2.3118869587779045
120 : -1.6677234224043787
121 : -3.7333251237869263
122 : -1.5680368961766362
123 : -1.8412285298109055
124 : -1.1692075561732054
125 : -0.7595073012635112
126 : -2.2128497534431517
127 : -1.6171755050309002
128 : -1.4167992221191525
129 : -1.5965140564367175
130 : -1.82553737051785
131 : -1.8455928000621498
132 : -0.45969278924167156
133 : -1.0731620667502284
134 : -1.3388976696878672
135 : -4.865303072612733
136 : -2.0226939115673304
137 : -1.7964528277516365
138 : -1.177530569024384
139 : -0.9939458277076483
140 : -1.4875744036398828
141 : -1.5731404144316912
142 : 0.5787643874064088
143 : -1.4678278248757124
144 : 0.9181409319862723
145 : -0.6996246548369527
146 : -2.099018289707601
147 : -1.1189487185329199
148 : -1.2528007086366415
149 : -0.6939988024532795
150 : -2.2328288266435266
151 : -0.9979992881417274
152 : -1.9410456418991089
153 : -0.6020815642550588
154 : 0.5073542650789022
155 : -0.9647959806025028
156 : -1.2454075685236603
157 : -1.9544714633375406
158 : -3.2212228439748287
159 : -1.2001112094148993
160 : 5.229434027336538
161 : -1.176171587780118
162 : -1.4252159651368856
163 : 0.602416813839227
164 : -1.8963560871779919
165 : -0.7230602754279971
166 : -1.3810053002089262
167 : -1.607706094160676
168 : -1.5087841022759676
169 : -1.3086080122739077
170 : -1.822727844119072
171 : -2.6483652740716934
172 : 1.0644898628816009
173 : -0.9487961790291592
174 : -0.7495854962617159
175 : -1.1834454573690891
176 : -1.550587599631399
177 : -0.6036852477118373
178 : -1.3418845464475453
179 : -11.569770673289895
180 : -1.33727022446692
181 : -1.444771880225744
182 : 2.3753802948631346
183 : -3.5656157974153757
184 : -1.298040400724858
185 : -1.5874129068106413
186 : -1.6971537601202726
187 : -1.9272930142469704
188 : -3.060321672819555
189 : -2.070807436481118
190 : -1.979502908885479
191 : -1.3991354110185057
192 : -1.3531626835465431
193 : -2.993769010528922
194 : -2.209181420505047
195 : 0.9074067333713174
196 : -0.8711679512634873
197 : -0.6398377907462418
198 : -1.3834247654303908
199 : 5.866644257679582
200 : -2.084780439734459
201 : -0.33029311802238226
202 : -1.0449967156164348
203 : -1.057846209150739
204 : -1.3698196252807975
205 : -2.13715039473027
206 : -5.676211798097938
207 : -1.3904678858816624
208 : -0.8386788722127676
209 : -1.3808296462520957
210 : -0.368640614207834
211 : 2.561133723706007
212 : -0.5749237039126456
213 : -2.803038101643324
214 : -3.0275129419751465
215 : -1.1962113906629384
216 : 1.3524234145879745
217 : -2.0474868305027485
218 : -1.5847672261297703
219 : -0.9829406146891415
220 : -0.6959443623200059
221 : -0.5197954196482897
222 : -1.2099957973696291
223 : -0.44417306687682867
224 : -1.6148340702056885
225 : -1.0435401969589293
226 : -1.698708540177904
227 : 1.9688116982579231
228 : -1.5254188794642687
229 : -0.8112176256254315
230 : -5.3978064972907305
231 : -6.787948697339743
232 : -2.9609584845602512
233 : -1.8747911239042878
234 : 1.7498440821655095
235 : -0.7627253662794828
236 : -2.7131559047847986
237 : -1.037972491234541
238 : -0.9795307908207178
239 : -0.9708432257175446
240 : -1.2601538598537445
241 : -1.0275297239422798
242 : -1.1993341180495918
243 : -1.0777289904654026
244 : -0.8745497548952699
245 : -1.0247335834428668
246 : -5.927845272235572
247 : -2.383541651070118
248 : 6.486411996651441
249 : -0.7775951772928238
250 : -0.9306502668187022
251 : -1.0955404522828758
252 : -1.571464056149125
253 : -1.4095866968855262
254 : -0.7860934222117066
255 : 0.11837591603398323
256 : -1.0489031076431274
257 : -1.0656279581598938
258 : -1.1210899176076055
259 : -0.8718677554279566
260 : 2.636747397482395
261 : -1.0536812422797084
262 : -2.767648476175964
263 : -0.9175908118486404
264 : -4.539453841745853
265 : -0.33797449618577957
266 : -0.6972971465438604
267 : -1.6700642183423042
268 : 0.23622242780402303
269 : -1.133983357110992
270 : -1.4213066380470991
271 : -0.9694019700400531
272 : -1.73816173709929
273 : 0.10204943642020226
274 : -1.5825534909963608
275 : -1.3965589040890336
276 : -1.3197652660310268
277 : -1.3453245759010315
278 : -1.61775341629982
279 : 0.2856009560637176
280 : -0.9924821583554149
281 : -0.734782237559557
282 : -0.20736538106575608
283 : -1.4571411656215787
284 : -1.335439980495721
285 : -0.9999684449285269
286 : -0.9192718332633376
287 : -1.1935202982276678
288 : -4.111956919077784
289 : -1.0488973446190357
290 : -1.3356529185548425
291 : -1.3518132450990379
292 : 0.4094242751598358
293 : -1.3924062121659517
294 : -1.1692639775574207
295 : -0.4369948119856417
296 : -0.8576455544680357
297 : -1.6554078741464764
298 : -0.8322125566191971
299 : 0.6944578653201461
300 : -3.168381600640714
301 : -0.24350496800616384
302 : -1.2180964641738683
303 : -5.061940014362335
304 : -1.4187106755562127
305 : -2.8242575181648135
306 : -1.3658137880265713
307 : 0.6560694165527821
308 : -1.711620133370161
309 : -0.8042849190533161
310 : -1.6340437647886574
311 : 2.1777127572568133
312 : -1.1188938855193555
313 : -1.758864240720868
314 : 0.5737280007451773
315 : -1.3117020525969565
316 : -1.3514308370649815
317 : -1.4811866860836744
318 : -0.9187501328997314
319 : -1.8386843912303448
320 : -0.8781498437747359
321 : -0.899078318849206
322 : -0.8163854010635987
323 : -1.7453430630266666
324 : -1.497505471110344
325 : -1.9526625582948327
326 : -1.5579137988388538
327 : -0.9922475330531597
328 : 2.0173469707369804
329 : -1.4036769233644009
330 : 0.21969762269873172
331 : -0.7013100506737828
332 : -0.7510937014594674
333 : -1.3603596314787865
334 : -1.800664564827457
335 : 2.2360388599336147
336 : -1.497785340063274
337 : -0.9549591694958508
338 : -0.947167394682765
339 : -1.1298522911965847
340 : -1.6137976283207536
341 : -1.3444728339090943
342 : -1.2794518605805933
343 : -1.4868102744221687
344 : -1.2693953709676862
345 : -0.8384659755975008
346 : -1.6574226152151823
347 : 2.6257254113443196
348 : -3.4282475113868713
349 : -1.012469264678657
350 : -1.8272212855517864
351 : -1.6598534900695086
352 : -1.7840086705982685
353 : -1.0408723885193467
354 : -1.5486229653470218
355 : -1.19985554786399
356 : 0.9455076772719622
357 : -2.01419734954834
358 : -1.3389955293387175
359 : -3.3099334482103586
360 : 0.7975657042115927
361 : -0.8008808824233711
362 : -1.1313482094556093
363 : -0.06994888465851545
364 : -0.0482226749882102
365 : -1.847400901839137
366 : -4.111795976758003
367 : 0.0725356675684452
368 : -0.5993752032518387
369 : -1.9749645227566361
370 : -1.4141701981425285
371 : -0.8822857169434428
372 : -5.107450790703297
373 : -0.9794673174619675
374 : -1.9889563880860806
375 : -1.1398439032491297
376 : -1.547272078692913
377 : -1.5323127768933773
378 : -1.931344159413129
379 : -1.7003364013507962
380 : 2.562207765877247
381 : -1.3768662849906832
382 : -0.9747543381527066
383 : -3.114322707056999
384 : -1.0725162327289581
385 : -1.1659726691432297
386 : -2.0466385409235954
387 : -0.39647900545969605
388 : -3.3325992645695806
389 : -1.5579117722809315
390 : 0.2360860810149461
391 : -0.6475105304270983
392 : -0.6977337077260017
393 : -0.8980886824429035
394 : -1.7599575761705637
395 : -1.0527179799973965
396 : -0.37770050880499184
397 : -2.012417282909155
398 : -0.13892381824553013
399 : -1.902986747212708
400 : -1.6270662546157837
401 : -1.9483003616333008
402 : -1.4263595389202237
403 : -1.1633101403713226
404 : -1.5694936444051564
405 : -1.8717307187616825
406 : -1.4171193288639188
407 : -1.4295097878202796
408 : -1.0283115589991212
409 : -0.31790572591125965
410 : -1.7052233964204788
411 : -0.8104350481880829
412 : -2.935103364288807
413 : -1.3633537804707885
414 : 0.10734720015898347
415 : -1.4291840847581625
416 : -1.6727225563954562
417 : -2.648956945165992
418 : -1.553955078125
419 : -1.557076770812273
420 : -0.2291963235475123
421 : -1.3441864969208837
422 : -1.3525412576273084
423 : -1.2712951805442572
424 : -0.6077428329735994
425 : -0.6891553555615246
426 : -1.2185787709895521
427 : -3.573461388470605
428 : -1.4771091532893479
429 : -0.7682967870496213
430 : -1.195090168621391
431 : -6.977508323267102
432 : -1.6851510033011436
433 : 0.6172179863788188
434 : -1.3768508303910494
435 : -2.506168954190798
436 : -1.450089579448104
437 : -1.0920041585341096
438 : -0.30568328546360135
439 : -1.5781506733037531
440 : -0.9688152205199003
441 : 6.002136825118214
442 : -1.268149372190237
443 : 3.4120680075138807
444 : -1.8043079148046672
445 : -1.1494425316341221
446 : -2.1890074014663696
447 : -1.1892829649150372
448 : 1.6384273520670831
449 : -0.4008510666899383
450 : -1.3519738037139177
451 : -1.842657171189785
452 : -1.6217655576765537
453 : -1.020058214198798
454 : -2.941780003719032
455 : -1.5489396145567298
456 : -3.37993542291224
457 : 0.9484121366403997
458 : -2.236198104918003
459 : 0.25926487357355654
460 : -1.3091493044048548
461 : -0.6837963312864304
462 : -1.5324277486652136
463 : -1.2218035738915205
464 : -1.4985977266915143
465 : -1.6778252385556698
466 : -1.4859987115487456
467 : -1.6804068703204393
468 : -1.099739491008222
469 : -1.0798846380785108
470 : -1.9756896500475705
471 : -1.3946135640144348
472 : -1.1159733175300062
473 : -1.6720062484964728
474 : -1.1897497531026602
475 : 3.849587831646204
476 : 4.937836336903274
477 : -4.827611399348825
478 : -1.1650346696842462
479 : -1.3900476107373834
480 : -1.4876141864806414
481 : 0.22417413163930178
482 : -2.4795038492884487
483 : 0.34129678015597165
484 : -1.2286122045479715
485 : 0.012647146824747324
486 : -1.5864634178578854
487 : -0.08927077683620155
488 : -0.6665990585461259
489 : -1.2870012195780873
490 : -1.0161282268818468
491 : -1.4058598256669939
492 : -0.9243257828056812
493 : 4.381371849216521
494 : -1.1317086918279529
495 : -0.9782915208488703
496 : -1.02449516300112
497 : -2.345227407757193
498 : -0.9758438125718385
499 : -1.4132419978268445
500 : -1.9572998792864382
501 : 0.33758821338415146
502 : -0.58302255673334
503 : -0.7934409007430077
504 : 1.3141009658575058
!!! updated
505 : -0.9507562799844891
506 : -1.6081387996673584
507 : -1.481184460222721
508 : -1.8023180216550827
509 : -1.4698984660208225
510 : -1.1644606636837125
511 : -0.867436386179179
512 : -1.6336992159485817
513 : -0.9084431519731879
514 : -1.062540327431634
515 : -1.6936739534139633
516 : -0.999072253704071
Setting up 2 worker threads for Enlighten.
  Thread -> id: 7fcdf8d8c700 -> priority: 1 
  Thread -> id: 7fcdf3fff700 -> priority: 1 
Traceback (most recent call last):
  File "main.py", line 123, in <module>
    returns = [episode(env, agent, i) for i in range(training_episodes)]
  File "main.py", line 123, in <listcomp>
    returns = [episode(env, agent, i) for i in range(training_episodes)]
  File "main.py", line 30, in episode
    next_state, reward, done, _ = env.step(action.numpy()[0])
  File "/home/j/jensenj/.local/lib/python3.6/site-packages/gym_unity/envs/__init__.py", line 177, in step
    self._env.step()
  File "/home/j/jensenj/.local/lib/python3.6/site-packages/mlagents_envs/timers.py", line 305, in wrapped
    return func(*args, **kwargs)
  File "/home/j/jensenj/.local/lib/python3.6/site-packages/mlagents_envs/environment.py", line 319, in step
    self._update_state(rl_output)
  File "/home/j/jensenj/.local/lib/python3.6/site-packages/mlagents_envs/environment.py", line 275, in _update_state
    agent_info_list, self._env_specs[brain_name]
  File "/home/j/jensenj/.local/lib/python3.6/site-packages/mlagents_envs/timers.py", line 305, in wrapped
    return func(*args, **kwargs)
  File "/home/j/jensenj/.local/lib/python3.6/site-packages/mlagents_envs/rpc_utils.py", line 188, in steps_from_proto
    obs_index, obs_shape, decision_agent_info_list
  File "/home/j/jensenj/.local/lib/python3.6/site-packages/mlagents_envs/timers.py", line 305, in wrapped
    return func(*args, **kwargs)
  File "/home/j/jensenj/.local/lib/python3.6/site-packages/mlagents_envs/rpc_utils.py", line 152, in _process_vector_observation
    _raise_on_nan_and_inf(np_obs, "observations")
  File "/home/j/jensenj/.local/lib/python3.6/site-packages/mlagents_envs/rpc_utils.py", line 130, in _raise_on_nan_and_inf
    raise RuntimeError(f"The {source} provided had NaN values.")
RuntimeError: The observations provided had NaN values.
2020-06-25 12:20:42 INFO [environment.py:418] Environment shut down with return code 0.
