slurmstepd-felchbach: error: Unable to create TMPDIR [/tmp/user/30108]: Permission denied
slurmstepd-felchbach: error: Setting TMPDIR to /tmp
Found path: /home/j/jensenj/PycharmProjects/Federer-Jr./src/../crawler_single/linux/dynamic_server/crawler_dynamic.x86_64
Mono path[0] = '/home/j/jensenj/PycharmProjects/Federer-Jr./src/../crawler_single/linux/dynamic_server/crawler_dynamic_Data/Managed'
Mono config path = '/home/j/jensenj/PycharmProjects/Federer-Jr./src/../crawler_single/linux/dynamic_server/crawler_dynamic_Data/MonoBleedingEdge/etc'
Preloaded 'lib_burst_generated.so'
Preloaded 'libgrpc_csharp_ext.x64.so'
Initialize engine version: 2019.3.15f1 (59ff3e03856d)
[Subsystems] Discovering subsystems at path /home/j/jensenj/PycharmProjects/Federer-Jr./src/../crawler_single/linux/dynamic_server/crawler_dynamic_Data/UnitySubsystems
Forcing GfxDevice: Null
GfxDevice: creating device client; threaded=0
NullGfxDevice:
    Version:  NULL 1.0 [1.0]
    Renderer: Null Device
    Vendor:   Unity Technologies
Begin MonoManager ReloadAssembly
- Completed reload, in  0.097 seconds
WARNING: Shader Unsupported: 'Autodesk Interactive' - All passes removed
WARNING: Shader Did you use #pragma only_renderers and omit this platform?
UnloadTime: 0.429818 ms
Fallback handler could not load library /home/j/jensenj/PycharmProjects/Federer-Jr./src/../crawler_single/linux/dynamic_server/crawler_dynamic_Data/Mono/libcoreclr.so
Fallback handler could not load library /home/j/jensenj/PycharmProjects/Federer-Jr./src/../crawler_single/linux/dynamic_server/crawler_dynamic_Data/Mono/libcoreclr.so
Fallback handler could not load library /home/j/jensenj/PycharmProjects/Federer-Jr./src/../crawler_single/linux/dynamic_server/crawler_dynamic_Data/Mono/libcoreclr.so
Fallback handler could not load library /home/j/jensenj/PycharmProjects/Federer-Jr./src/../crawler_single/linux/dynamic_server/crawler_dynamic_Data/Mono/libSystem.dylib
Fallback handler could not load library /home/j/jensenj/PycharmProjects/Federer-Jr./src/../crawler_single/linux/dynamic_server/crawler_dynamic_Data/Mono/libSystem.dylib.so
Fallback handler could not load library /home/j/jensenj/PycharmProjects/Federer-Jr./src/../crawler_single/linux/dynamic_server/crawler_dynamic_Data/Mono/libSystem.dylib
Fallback handler could not load library /home/j/jensenj/PycharmProjects/Federer-Jr./src/../crawler_single/linux/dynamic_server/crawler_dynamic_Data/Mono/libcoreclr.so
Fallback handler could not load library /home/j/jensenj/PycharmProjects/Federer-Jr./src/../crawler_single/linux/dynamic_server/crawler_dynamic_Data/Mono/libcoreclr.so
Fallback handler could not load library /home/j/jensenj/PycharmProjects/Federer-Jr./src/../crawler_single/linux/dynamic_server/crawler_dynamic_Data/Mono/libcoreclr.so
Fallback handler could not load library /home/j/jensenj/PycharmProjects/Federer-Jr./src/../crawler_single/linux/dynamic_server/crawler_dynamic_Data/Mono/libSystem.dylib
Fallback handler could not load library /home/j/jensenj/PycharmProjects/Federer-Jr./src/../crawler_single/linux/dynamic_server/crawler_dynamic_Data/Mono/libSystem.dylib.so
Fallback handler could not load library /home/j/jensenj/PycharmProjects/Federer-Jr./src/../crawler_single/linux/dynamic_server/crawler_dynamic_Data/Mono/libSystem.dylib
/home/j/jensenj/.local/lib/python3.6/site-packages/tensorboard/compat/tensorflow_stub/dtypes.py:541: FutureWarning: Passing (type, 1) or '1type' as a synonym of type is deprecated; in a future version of numpy, it will be understood as (type, (1,)) / '(1,)type'.
  _np_qint8 = np.dtype([("qint8", np.int8, 1)])
/home/j/jensenj/.local/lib/python3.6/site-packages/tensorboard/compat/tensorflow_stub/dtypes.py:542: FutureWarning: Passing (type, 1) or '1type' as a synonym of type is deprecated; in a future version of numpy, it will be understood as (type, (1,)) / '(1,)type'.
  _np_quint8 = np.dtype([("quint8", np.uint8, 1)])
/home/j/jensenj/.local/lib/python3.6/site-packages/tensorboard/compat/tensorflow_stub/dtypes.py:543: FutureWarning: Passing (type, 1) or '1type' as a synonym of type is deprecated; in a future version of numpy, it will be understood as (type, (1,)) / '(1,)type'.
  _np_qint16 = np.dtype([("qint16", np.int16, 1)])
/home/j/jensenj/.local/lib/python3.6/site-packages/tensorboard/compat/tensorflow_stub/dtypes.py:544: FutureWarning: Passing (type, 1) or '1type' as a synonym of type is deprecated; in a future version of numpy, it will be understood as (type, (1,)) / '(1,)type'.
  _np_quint16 = np.dtype([("quint16", np.uint16, 1)])
/home/j/jensenj/.local/lib/python3.6/site-packages/tensorboard/compat/tensorflow_stub/dtypes.py:545: FutureWarning: Passing (type, 1) or '1type' as a synonym of type is deprecated; in a future version of numpy, it will be understood as (type, (1,)) / '(1,)type'.
  _np_qint32 = np.dtype([("qint32", np.int32, 1)])
/home/j/jensenj/.local/lib/python3.6/site-packages/tensorboard/compat/tensorflow_stub/dtypes.py:550: FutureWarning: Passing (type, 1) or '1type' as a synonym of type is deprecated; in a future version of numpy, it will be understood as (type, (1,)) / '(1,)type'.
  np_resource = np.dtype([("resource", np.ubyte, 1)])
2020-06-25 11:57:51 INFO [environment.py:108] Connected to Unity environment with package version 1.0.2 and communication version 1.0.0
2020-06-25 11:57:51 INFO [environment.py:265] Connected new brain:
CrawlerDynamic?team=0
2020-06-25 11:57:51 WARNING [__init__.py:92] The environment contains multiple observations. You must define allow_multiple_obs=True to receive them all. Otherwise, only the first visual observation (or vector observation ifthere are no visual observations) will be provided in the observation.
/home/j/jensenj/.local/lib/python3.6/site-packages/gym/logger.py:30: UserWarning: [33mWARN: Box bound precision lowered by casting to float32[0m
  warnings.warn(colorize('%s: %s'%('WARN', msg % args), 'yellow'))
/home/j/jensenj/.local/lib/python3.6/site-packages/numpy/core/_methods.py:160: RuntimeWarning: invalid value encountered in reduce
  ret = umr_sum(arr, axis, dtype, out, keepdims)
update_time_steps: 2048 , ppo_epochs: 2 , beta:  0.1 , gamma 0.99
0 : -0.9904421516694129
1 : -0.3517245496623218
2 : -1.1973044471815228
3 : -3.4449098352342844
4 : -1.3902733698487282
5 : 0.8834900017827749
6 : 1.091880178079009
7 : -1.4011523388326168
8 : -1.050892161205411
9 : 1.1476630398537964
10 : -0.3485674096737057
11 : -2.076266718097031
12 : -0.478816413320601
13 : -1.232182439416647
14 : -1.6948161995969713
15 : -5.089458464295603
16 : -1.5505484237801284
17 : -0.9280052287504077
18 : -0.9359671249985695
19 : -4.5878794100135565
20 : -1.5689149629324675
21 : -2.8072606828063726
22 : -1.0273681059479713
23 : -0.806771133095026
24 : -1.0019384962506592
25 : 0.007752691395580769
26 : 0.9288109317421913
27 : -1.5914703197777271
28 : -0.5878555593080819
29 : -1.712098639458418
30 : -1.7080128714442253
31 : -1.2271738988347352
32 : -2.3713087041396648
33 : -10.110682075843215
34 : 3.435673149302602
35 : -1.229238304309547
36 : -1.4547068057581782
37 : -2.4059318997897208
38 : -1.0293786503607407
39 : -0.9294950934126973
40 : 4.513344520702958
41 : -1.1389847765676677
42 : -1.306613182881847
43 : -0.9598444616422057
44 : -1.687478605657816
45 : -1.2135726502165198
46 : -0.9995525977574289
47 : -2.2107997350394726
48 : -1.1495996471494436
49 : -3.6495277526555583
50 : -1.5893639544956386
51 : -1.130202844273299
52 : -1.0260038278065622
53 : -0.8372462471015751
54 : -2.4891145192086697
55 : -1.4333080565556884
56 : -1.339223276823759
57 : -1.182825630530715
58 : -0.892949209548533
59 : -1.4392099110409617
60 : -3.403120318427682
61 : -2.3404718097299337
62 : -0.2833408354781568
63 : -1.2538299424340948
64 : -0.1881599873304367
65 : -4.326954134507105
66 : -2.2762781977653503
67 : 1.962696235626936
68 : -0.9741743542253971
69 : -0.8655484896153212
70 : -1.1579049453139305
71 : -2.99295621085912
72 : -2.6767928078770638
73 : -0.9346695775166154
74 : -1.7392977885901928
75 : -1.449557863175869
76 : 2.31977251637727
77 : -1.5049403766170144
78 : -2.493306478485465
79 : -0.44958423264324665
80 : -0.9660189785063267
81 : -1.6398725491017103
82 : -0.8844043305143714
83 : -1.5779589787125587
84 : -1.402584558352828
85 : -1.827844618819654
86 : -1.2268890995183028
87 : 0.37499020993709564
88 : -0.5662103788927197
89 : -1.3997989946510643
90 : -1.3031637091189623
91 : -1.4472612664103508
92 : -1.199957475066185
93 : -2.80495941080153
94 : -1.4078851100057364
95 : -0.8333247117698193
96 : -1.0158645929768682
97 : -1.5886415420100093
98 : -3.4016238674521446
99 : 2.2372460700571537
100 : -0.9156445376574993
101 : -1.5338928634300828
102 : -0.8384851440787315
103 : -0.833773912396282
104 : -1.3264167234301567
105 : -1.6282517351210117
106 : -1.6913132527843118
107 : 5.950609585270286
108 : -0.5375408213585615
109 : -0.6582436948083341
110 : -1.0123137962073088
111 : -0.46735791489481926
112 : -1.269811277743429
113 : -1.463161257095635
114 : -0.735834666993469
115 : -1.0938598604407161
116 : -0.8828758238814771
117 : -1.7032365500926971
118 : -1.4459146298468113
119 : -0.9303221609443426
120 : -1.3466688301414251
121 : -2.3499108403921127
122 : -0.9775863196700811
123 : -0.6365171810612082
124 : -1.6022368408739567
125 : -1.2058555660769343
126 : -2.1907554734498262
127 : -1.8624152699485421
128 : -3.223033115733415
129 : -1.8587233544094488
130 : -0.891725336201489
131 : -1.636351477354765
132 : 0.4095480125397444
133 : -1.0185395497828722
134 : -1.6050985306501389
135 : 2.450950348749757
136 : -3.8912011133506894
137 : -1.8098723702132702
138 : -0.8431058898568153
139 : -3.1184023022651672
140 : -1.4241533605381846
141 : -1.2007464147172868
142 : -0.7728249062784016
143 : -0.12311281450092793
144 : -2.2973936991766095
145 : -1.4117362080141902
!!! updated
146 : -1.066527164541185
147 : -1.035927969031036
148 : -1.0396121726371348
149 : -1.5244184210896492
150 : -1.2869113851338625
151 : -1.150288367527537
152 : -1.2405505739152431
153 : -1.1348191080614924
Setting up 2 worker threads for Enlighten.
  Thread -> id: 7f5d2f7fe700 -> priority: 1 
  Thread -> id: 7f5d2effd700 -> priority: 1 
Traceback (most recent call last):
  File "main.py", line 123, in <module>
    returns = [episode(env, agent, i) for i in range(training_episodes)]
  File "main.py", line 123, in <listcomp>
    returns = [episode(env, agent, i) for i in range(training_episodes)]
  File "main.py", line 30, in episode
    next_state, reward, done, _ = env.step(action.numpy()[0])
  File "/home/j/jensenj/.local/lib/python3.6/site-packages/gym_unity/envs/__init__.py", line 177, in step
    self._env.step()
  File "/home/j/jensenj/.local/lib/python3.6/site-packages/mlagents_envs/timers.py", line 305, in wrapped
    return func(*args, **kwargs)
  File "/home/j/jensenj/.local/lib/python3.6/site-packages/mlagents_envs/environment.py", line 319, in step
    self._update_state(rl_output)
  File "/home/j/jensenj/.local/lib/python3.6/site-packages/mlagents_envs/environment.py", line 275, in _update_state
    agent_info_list, self._env_specs[brain_name]
  File "/home/j/jensenj/.local/lib/python3.6/site-packages/mlagents_envs/timers.py", line 305, in wrapped
    return func(*args, **kwargs)
  File "/home/j/jensenj/.local/lib/python3.6/site-packages/mlagents_envs/rpc_utils.py", line 188, in steps_from_proto
    obs_index, obs_shape, decision_agent_info_list
  File "/home/j/jensenj/.local/lib/python3.6/site-packages/mlagents_envs/timers.py", line 305, in wrapped
    return func(*args, **kwargs)
  File "/home/j/jensenj/.local/lib/python3.6/site-packages/mlagents_envs/rpc_utils.py", line 152, in _process_vector_observation
    _raise_on_nan_and_inf(np_obs, "observations")
  File "/home/j/jensenj/.local/lib/python3.6/site-packages/mlagents_envs/rpc_utils.py", line 130, in _raise_on_nan_and_inf
    raise RuntimeError(f"The {source} provided had NaN values.")
RuntimeError: The observations provided had NaN values.
2020-06-25 12:00:14 INFO [environment.py:418] Environment shut down with return code 0.
