slurmstepd-ilz: error: Unable to create TMPDIR [/tmp/user/30108]: Permission denied
slurmstepd-ilz: error: Setting TMPDIR to /tmp
Found path: /home/j/jensenj/PycharmProjects/Federer-Jr./src/../crawler_single/linux/dynamic_server/crawler_dynamic.x86_64
Mono path[0] = '/home/j/jensenj/PycharmProjects/Federer-Jr./src/../crawler_single/linux/dynamic_server/crawler_dynamic_Data/Managed'
Mono config path = '/home/j/jensenj/PycharmProjects/Federer-Jr./src/../crawler_single/linux/dynamic_server/crawler_dynamic_Data/MonoBleedingEdge/etc'
Preloaded 'lib_burst_generated.so'
Preloaded 'libgrpc_csharp_ext.x64.so'
Initialize engine version: 2019.3.15f1 (59ff3e03856d)
[Subsystems] Discovering subsystems at path /home/j/jensenj/PycharmProjects/Federer-Jr./src/../crawler_single/linux/dynamic_server/crawler_dynamic_Data/UnitySubsystems
Forcing GfxDevice: Null
GfxDevice: creating device client; threaded=0
NullGfxDevice:
    Version:  NULL 1.0 [1.0]
    Renderer: Null Device
    Vendor:   Unity Technologies
Begin MonoManager ReloadAssembly
- Completed reload, in  0.100 seconds
WARNING: Shader Unsupported: 'Autodesk Interactive' - All passes removed
WARNING: Shader Did you use #pragma only_renderers and omit this platform?
UnloadTime: 0.401348 ms
Fallback handler could not load library /home/j/jensenj/PycharmProjects/Federer-Jr./src/../crawler_single/linux/dynamic_server/crawler_dynamic_Data/Mono/libcoreclr.so
Fallback handler could not load library /home/j/jensenj/PycharmProjects/Federer-Jr./src/../crawler_single/linux/dynamic_server/crawler_dynamic_Data/Mono/libcoreclr.so
Fallback handler could not load library /home/j/jensenj/PycharmProjects/Federer-Jr./src/../crawler_single/linux/dynamic_server/crawler_dynamic_Data/Mono/libcoreclr.so
Fallback handler could not load library /home/j/jensenj/PycharmProjects/Federer-Jr./src/../crawler_single/linux/dynamic_server/crawler_dynamic_Data/Mono/libSystem.dylib
Fallback handler could not load library /home/j/jensenj/PycharmProjects/Federer-Jr./src/../crawler_single/linux/dynamic_server/crawler_dynamic_Data/Mono/libSystem.dylib.so
Fallback handler could not load library /home/j/jensenj/PycharmProjects/Federer-Jr./src/../crawler_single/linux/dynamic_server/crawler_dynamic_Data/Mono/libSystem.dylib
Fallback handler could not load library /home/j/jensenj/PycharmProjects/Federer-Jr./src/../crawler_single/linux/dynamic_server/crawler_dynamic_Data/Mono/libcoreclr.so
Fallback handler could not load library /home/j/jensenj/PycharmProjects/Federer-Jr./src/../crawler_single/linux/dynamic_server/crawler_dynamic_Data/Mono/libcoreclr.so
Fallback handler could not load library /home/j/jensenj/PycharmProjects/Federer-Jr./src/../crawler_single/linux/dynamic_server/crawler_dynamic_Data/Mono/libcoreclr.so
Fallback handler could not load library /home/j/jensenj/PycharmProjects/Federer-Jr./src/../crawler_single/linux/dynamic_server/crawler_dynamic_Data/Mono/libSystem.dylib
Fallback handler could not load library /home/j/jensenj/PycharmProjects/Federer-Jr./src/../crawler_single/linux/dynamic_server/crawler_dynamic_Data/Mono/libSystem.dylib.so
Fallback handler could not load library /home/j/jensenj/PycharmProjects/Federer-Jr./src/../crawler_single/linux/dynamic_server/crawler_dynamic_Data/Mono/libSystem.dylib
/home/j/jensenj/.local/lib/python3.6/site-packages/tensorboard/compat/tensorflow_stub/dtypes.py:541: FutureWarning: Passing (type, 1) or '1type' as a synonym of type is deprecated; in a future version of numpy, it will be understood as (type, (1,)) / '(1,)type'.
  _np_qint8 = np.dtype([("qint8", np.int8, 1)])
/home/j/jensenj/.local/lib/python3.6/site-packages/tensorboard/compat/tensorflow_stub/dtypes.py:542: FutureWarning: Passing (type, 1) or '1type' as a synonym of type is deprecated; in a future version of numpy, it will be understood as (type, (1,)) / '(1,)type'.
  _np_quint8 = np.dtype([("quint8", np.uint8, 1)])
/home/j/jensenj/.local/lib/python3.6/site-packages/tensorboard/compat/tensorflow_stub/dtypes.py:543: FutureWarning: Passing (type, 1) or '1type' as a synonym of type is deprecated; in a future version of numpy, it will be understood as (type, (1,)) / '(1,)type'.
  _np_qint16 = np.dtype([("qint16", np.int16, 1)])
/home/j/jensenj/.local/lib/python3.6/site-packages/tensorboard/compat/tensorflow_stub/dtypes.py:544: FutureWarning: Passing (type, 1) or '1type' as a synonym of type is deprecated; in a future version of numpy, it will be understood as (type, (1,)) / '(1,)type'.
  _np_quint16 = np.dtype([("quint16", np.uint16, 1)])
/home/j/jensenj/.local/lib/python3.6/site-packages/tensorboard/compat/tensorflow_stub/dtypes.py:545: FutureWarning: Passing (type, 1) or '1type' as a synonym of type is deprecated; in a future version of numpy, it will be understood as (type, (1,)) / '(1,)type'.
  _np_qint32 = np.dtype([("qint32", np.int32, 1)])
/home/j/jensenj/.local/lib/python3.6/site-packages/tensorboard/compat/tensorflow_stub/dtypes.py:550: FutureWarning: Passing (type, 1) or '1type' as a synonym of type is deprecated; in a future version of numpy, it will be understood as (type, (1,)) / '(1,)type'.
  np_resource = np.dtype([("resource", np.ubyte, 1)])
2020-06-25 12:33:21 INFO [environment.py:108] Connected to Unity environment with package version 1.0.2 and communication version 1.0.0
2020-06-25 12:33:21 INFO [environment.py:265] Connected new brain:
CrawlerDynamic?team=0
2020-06-25 12:33:21 WARNING [__init__.py:92] The environment contains multiple observations. You must define allow_multiple_obs=True to receive them all. Otherwise, only the first visual observation (or vector observation ifthere are no visual observations) will be provided in the observation.
update_time_steps: 10240 , ppo_epochs: 4 , beta:  0.1 , gamma 0.99
0 : -0.17292319610714912
1 : -1.464107658714056
2 : -0.9901246377266943
3 : -1.8373037613928318
4 : -0.8905988084152341
5 : -3.6479280251078308
6 : -1.8289605677127838
7 : -3.119974361732602
8 : -1.2586148511618376
9 : -0.3888082578778267
10 : -1.5609001126140356
11 : -1.3558077435009181
12 : -1.5201606516493484
13 : -1.8252793061546981
14 : -1.5820330390706658
15 : -2.120239056646824
16 : -1.4214293509721756
17 : -0.6319220084697008
18 : -1.5435796650126576
19 : -0.9080325420945883
20 : -1.768981208326295
21 : -1.5595723502337933
22 : -1.3500615856610239
23 : -0.08102736063301563
24 : -2.319635186344385
25 : -1.4568156744353473
26 : -0.9420416969805956
27 : -1.6673799734562635
28 : -0.9870625082403421
29 : -1.4992661457508802
30 : -1.3230856396257877
31 : -2.4605213035829365
32 : -1.136200062930584
33 : -1.6126948855817318
34 : -2.2617639750242233
35 : -1.2588087471667677
36 : -1.0437665488570929
37 : -0.7986368578858674
38 : -1.0551852276548743
39 : -1.331405048724264
40 : -0.9090688852593303
41 : -1.4715487137436867
42 : -0.8868348728865385
43 : -1.1744719718117267
44 : -2.2395079359412193
45 : -1.0239322315901518
46 : -2.736195083707571
47 : -0.7424313481897116
48 : -1.2947921650484204
49 : -1.0986598264425993
50 : -1.3192406659945846
51 : -1.3439937843941152
52 : -1.454036379000172
53 : -1.4852815512567759
54 : -2.896576893981546
55 : -1.6664022244513035
56 : -1.0748539573978633
57 : -1.2466417476534843
58 : -0.9076100131496787
59 : -2.1624954473227262
60 : -1.0750180836766958
61 : -0.9992515495978296
62 : -1.987605057656765
63 : -2.158234783448279
64 : -1.7716448456048965
65 : -2.7401222977787256
66 : -1.5624007731676102
67 : 0.5559552647173405
68 : -1.8888886719942093
69 : 0.3621280826628208
70 : -1.654193438589573
71 : -1.618751130066812
72 : -1.2944993739947677
73 : -0.9841778324916959
74 : -0.7150509860366583
75 : -0.9161456469446421
76 : -1.069093931466341
77 : -2.576750935986638
78 : -1.1080745328217745
79 : -0.9306639488786459
80 : 0.10541601106524467
81 : -1.3411169422324747
82 : -1.7356283979024738
83 : -1.1159872682765126
84 : -0.9092113431543112
85 : -0.8551194076426327
86 : -1.7708602473139763
87 : -1.726848840713501
88 : -1.6499699940904975
89 : -1.6557415057905018
90 : 3.059116770979017
91 : -1.502153355628252
92 : 2.105623548850417
93 : -1.2391630616039038
94 : 2.0329843116924167
95 : -1.4449494164437056
96 : -2.9373719254508615
97 : -1.599916260689497
98 : -2.189703327603638
99 : -4.262534221634269
100 : 1.3185267644003034
101 : -1.9219033233821392
102 : -1.3753973301500082
103 : -0.9856092259287834
104 : -1.4420440457761288
105 : -0.2257319618947804
106 : -1.5253271870315075
107 : -1.199750705389306
108 : -5.615973934531212
109 : -0.7937593287788332
110 : -1.249511114321649
111 : -6.071976278908551
112 : -4.2969262190163136
113 : -2.0595100298523903
114 : -1.3113797497935593
115 : -1.7073121182620525
116 : -1.2417493276298046
117 : -1.1235207086429
118 : -1.2915132448542863
119 : -2.1387765035033226
120 : -2.5286639565601945
121 : -0.995549644343555
122 : -0.929212633986026
123 : -1.1072539067827165
124 : -1.3904413990676403
125 : -2.3741631731390953
126 : -1.3152158735319972
127 : -2.340538033749908
128 : -2.169430300593376
129 : -4.744225887581706
130 : -0.6400221101939678
131 : -1.9054255215451121
132 : 5.795260614249855
133 : -0.2727641733363271
134 : -2.0323973612394184
135 : -0.8737851288169622
136 : -2.667581689544022
137 : 1.1782691795378923
138 : -1.7820850610733032
139 : -2.1457835433539003
140 : -0.4233198016881943
141 : -1.529985912842676
142 : -0.8001252631656826
143 : -0.8619739999994636
144 : -1.4425925016403198
145 : -2.454164508730173
146 : -1.5203884793445468
147 : -0.9832841455936432
148 : -1.1380511987954378
149 : -1.3993482030928135
150 : -1.4314012676477432
151 : -1.1958834992256016
152 : -2.1524083986878395
153 : -1.4693133234977722
154 : -1.358268992509693
155 : -1.0719643402844667
156 : -1.1981255514547229
157 : -1.205977491568774
158 : -1.0429644398391247
159 : -1.0156800132244825
160 : -1.1527899699285626
161 : -0.9841761663556099
162 : -1.047576883342117
163 : -1.0968008507043123
164 : -0.8853550432249904
165 : -5.38270272128284
166 : -1.2268547164276242
167 : -1.1273053335025907
168 : -2.6302678352221847
169 : -1.6641845125705004
170 : -0.2741955970413983
171 : -0.25663480907678604
172 : 2.12074813619256
173 : -1.1869685091078281
174 : -1.2192266881465912
175 : -1.19454275816679
176 : -0.7752357088029385
177 : -1.9837488485500216
178 : -0.5065419636666775
179 : -3.474128297995776
180 : -1.5974414584925398
181 : -1.4519282961264253
182 : -1.2873796811327338
183 : -1.3609761446714401
184 : -1.5670793987810612
185 : -0.02030152454972267
186 : -0.9676572475582361
187 : -5.29607055708766
188 : -1.4525182228535414
189 : -1.1496884413063526
190 : -0.518660212866962
191 : -1.5536654442548752
192 : -1.7109180400148034
193 : 0.3587798262014985
194 : 0.3687564614228904
195 : -1.5188509477302432
196 : -1.6627547442913055
197 : -2.2205641716718674
198 : -1.327791984193027
199 : -1.5580297522246838
200 : -1.3490795269608498
201 : -2.056816942989826
202 : -0.9318714709952474
203 : 0.2683435622602701
204 : -1.3775144987739623
205 : -0.9424278847873211
206 : -1.1260952576994896
207 : -1.7379958666861057
208 : 1.533791022375226
209 : -1.5018839202821255
210 : 1.2584884683601558
211 : -1.3325458588078618
212 : -0.050813574343919754
213 : -0.9455113168805838
214 : 1.5024711731821299
215 : -2.0119930803775787
216 : -1.3810180174186826
217 : -0.9984531346708536
218 : -0.8353429813869298
219 : -1.1325832456350327
220 : -1.1407275311648846
221 : -1.6418342143297195
222 : -0.8730023470707238
223 : -1.4094239911064506
224 : -1.1852531917393208
225 : -0.8179696123115718
226 : -1.6658403435721993
227 : -1.0499772783368826
228 : -2.4522634027525783
229 : -1.0356574105098844
230 : -1.7750206533819437
231 : -1.4339945362880826
232 : -0.8883370412513614
233 : -0.8342877440154552
234 : -2.04401205573231
235 : -1.5294074984267354
236 : 2.6691289702430367
237 : -1.581106117926538
238 : -1.5243139723315835
239 : -0.5608105957508087
240 : -1.0588303371332586
241 : -0.765559543389827
242 : -1.022185305133462
243 : -3.1048598624765873
244 : -2.231872009113431
245 : -3.6404536282643676
246 : -1.8991481040138751
247 : -1.7206166740506887
248 : -1.154448781395331
249 : 6.3372882809489965
250 : -1.483235940337181
251 : -1.1002860108856112
252 : -0.9577697808854282
253 : 0.18818102777004242
254 : 0.7878566128201783
255 : -1.6813331507146358
256 : -2.6806339477188885
257 : -1.132155125029385
258 : -1.391091851517558
259 : -1.5933087393641472
260 : -0.9431493803858757
261 : -1.9140954040922225
262 : -0.883752629160881
263 : -0.9728393428958952
264 : -0.7635453310795128
265 : -1.0932415826246142
266 : -1.2333256464917213
267 : -1.330788817256689
268 : -3.2171004279516637
269 : -1.5367147121578455
270 : -1.4115598052740097
271 : -2.9265914782881737
272 : -4.405849253293127
273 : -2.097253929823637
274 : -3.6013492457568645
275 : 0.5248642913065851
276 : -1.0791609198786318
277 : -0.9074297547340393
278 : -1.1706565672066063
279 : -1.0627241278998554
280 : -0.7447906569577754
281 : -0.29430157970637083
282 : 0.12579171638935804
283 : -1.4131403118371964
284 : -1.29063830524683
285 : -1.3041198626160622
286 : -3.414288777508773
287 : -1.3111045407131314
288 : -4.402950515970588
289 : -1.040856083855033
290 : 0.10485001467168331
291 : -1.3061756929382682
292 : 0.6307961374986917
293 : -0.7875736076384783
294 : -1.6445488454774022
295 : -1.4036178961396217
296 : -1.3986169686540961
297 : -1.7187097147107124
298 : -1.5442949812859297
299 : -1.7023225966840982
300 : -1.752851203083992
301 : -0.28154936619102955
302 : -0.9808436392340809
303 : -1.0782141564413905
304 : -0.8130401060916483
305 : -0.8458969872444868
306 : -0.8894689697772264
307 : -0.8833917938172817
308 : -1.72262704372406
309 : -2.463721999898553
310 : -3.379815180785954
311 : -1.3052465938962996
312 : -0.09637375548481941
313 : -0.872033522464335
314 : -1.4687390718609095
315 : 1.6860561026260257
316 : -1.2802750188857317
317 : -3.2959668524563313
318 : -3.4861427498981357
319 : -1.2330823093652725
320 : -0.6984701813198626/home/j/jensenj/.local/lib/python3.6/site-packages/gym/logger.py:30: UserWarning: [33mWARN: Box bound precision lowered by casting to float32[0m
  warnings.warn(colorize('%s: %s'%('WARN', msg % args), 'yellow'))

321 : 0.30236558988690376
322 : -1.6450293753296137
323 : -1.5476683229207993
324 : -0.8425011048093438
325 : -1.3276757416315377
326 : -0.20670548640191555
327 : 2.0733777806162834
328 : -1.7793860277161002
329 : -2.696515982039273
330 : -1.3240108899772167
331 : -1.5368209686130285
332 : -0.5797142498195171
333 : -1.8531010204460472
334 : -1.3129651471972466
335 : -1.104944252409041
336 : -1.3983164709061384
337 : -0.8053611041978002
338 : 2.8570615579374135
339 : -1.2243517246097326
340 : 1.156136892735958
341 : 0.741322536021471
342 : -1.7902599684894085
343 : -1.51223260210827
344 : -1.2839211151003838
345 : -2.091600718908012
346 : -1.94575647264719
347 : -1.8073742636479437
348 : -3.099542262032628
349 : -0.5344997118227184
350 : -1.29936190135777
351 : -1.7021902799606323
352 : -1.5070582069456577
353 : -1.8335905894637108
354 : -1.702418513596058
355 : -1.4676159382797778
356 : 2.288562377449125
357 : -0.2854460901580751
358 : 2.1845338619314134
359 : 1.4971324279904366
360 : 1.7152384826913476
361 : -1.713608656078577
362 : -0.976861045928672
363 : -1.236443880945444
364 : -1.2850442514754832
365 : -1.5355275622569025
366 : -1.4634204655885696
367 : -1.4026112724095583
368 : -1.6011233888566494
369 : -0.9041565284132957
370 : -3.1319391801953316
371 : -1.338983935303986
372 : -1.7604132145643234
373 : -4.957349929958582
374 : -1.3372081434354186
375 : -1.2754168300889432
376 : -0.7386279385536909
377 : -1.760947022587061
378 : -0.9477192088961601
379 : -1.9079223163425922
380 : -1.4411924495361745
381 : -1.4189137853682041
382 : -2.221221838146448
383 : -1.6634908020496368
384 : 2.431325570680201
385 : -1.3550242856144905
386 : -0.5503694443032146
387 : -0.9442024226300418
388 : -3.1619124840945005
389 : -2.187528982758522
390 : -0.6657353304326534
391 : -1.2267275163903832
392 : -1.277054086793214
393 : -2.131565942429006
394 : -2.9142678007483482
395 : -0.8187479958869517
396 : -1.1127283405512571
397 : -0.8496828842908144
398 : -1.6474859025329351
399 : -0.7111179921776056
400 : -2.157860303297639
401 : 10.72943882085383
402 : -4.621136322617531
403 : 0.4775275606662035
404 : -1.1796448398381472
405 : 0.511214904487133
406 : -1.7128926129080355
407 : -1.462777554988861
408 : -1.566546631976962
409 : -0.6553090289235115
410 : -1.0365655000787228
411 : -3.7302032578736544
412 : -1.70889163762331
413 : -1.593021111562848
414 : -1.503102581948042
415 : -1.2866591857746243
416 : -1.7621843591332436
417 : -1.1629935000091791
418 : -0.37168083107098937
419 : 2.127522759605199
420 : -0.881858579814434
421 : -1.083347076550126
422 : -1.6600213181227446
423 : -1.17533991439268
424 : -1.5473880097270012
425 : -1.1178280604071915
426 : -1.7687127473764122
427 : -1.7707627876661718
428 : -0.8302683555521071
429 : -1.0443899019155651
430 : -1.999233242124319
431 : -2.262219777330756
432 : -1.2656952068209648
433 : -1.9061191193759441
434 : -1.1754186381585896
435 : -1.6206683106720448
436 : -1.0318206828087568
437 : -0.3250774424523115
438 : -1.599159368313849
439 : 0.17404775461181998
440 : -2.33395991101861
441 : -1.483697877265513
442 : -1.3306788485497236
443 : -1.5131185399368405
444 : -0.7507704868912697
445 : -0.5989148858934641
446 : -1.4854096667841077
447 : -1.4171024300158024
448 : -1.4040076546370983
449 : -1.5875116726383567
450 : -1.1169892414472997
451 : -0.6738136019557714
452 : 1.265725971199572
453 : -5.147738570347428
454 : -1.9673799276351929
455 : -0.9947634278796613
456 : -1.0918858461081982
457 : -1.2545529369963333
458 : -1.585811235010624
459 : -1.5866319090127945
460 : -1.7995815575122833
461 : -0.9383454010821879
462 : -1.7507315650582314
463 : -1.4060186315327883
464 : -7.787592589855194
465 : -1.3963024029508233
466 : -0.9165018610656261
467 : -1.542405939195305
468 : -1.1249636337161064
469 : -1.152050876058638
470 : -0.6205217421520501
471 : -1.8117469735443592
472 : -1.5741993747651577
473 : -1.0714633683674037
474 : -1.599212129600346
475 : -1.596893085166812
476 : -1.8007185906171799
477 : -1.5103856474161148
478 : 2.291337698698044
479 : -0.9490289292298257
480 : -1.000368183478713
481 : -2.08370828256011
482 : -1.862914933823049
483 : -1.7466411851346493
484 : -4.5462700594216585
485 : -1.2229676027782261
486 : -2.5653502717614174
487 : -2.6442235577851534
488 : -1.2449967064894736
489 : -1.5270441705361009
490 : -2.3969988650642335
491 : -1.3739406918175519
492 : -1.0290923127904534
493 : -2.029696848243475
494 : 2.6107015621382743
495 : -1.0604781336151063
496 : 0.24481650069355965
497 : -1.9616500064730644
498 : -1.899377181660384
499 : -1.0796375311911106
500 : -0.9023654870688915
501 : -0.5949897198006511
502 : -1.055919986218214
503 : -0.2754892776720226
504 : -1.1471154997125268
505 : -1.1902090767398477
506 : -0.8147651017643511
507 : -1.3676883927546442
508 : -1.534993569366634
509 : -0.7257355786859989
510 : -1.192347725853324
511 : 0.1372577827423811
512 : -0.8984722029417753
513 : -0.7185197686776519
514 : -1.1226975962053984
515 : 2.2910057711414993
516 : -1.2349527152255177
517 : -1.6166847944259644
518 : -1.621503721922636
519 : -5.3937419783324
520 : 2.2517936094664037
521 : -0.6914024278521538
522 : -0.9557268428616226
523 : -1.5768662008922547
524 : -0.6215239632874727
525 : -10.929423112422228
526 : -2.294907493516803
527 : -1.9869421422481537
528 : -0.7751088012009859
529 : -0.9241839591413736
530 : -1.1925357603468
531 : -1.2171387039124966
532 : -1.627217335626483
533 : -1.9943713136017323
534 : 1.0167114660143852
535 : -1.3940267628058791
536 : -1.1556684246752411
537 : -1.2042660005390644
538 : -0.9071299354545772
539 : -1.6889020707458258
540 : 0.5526170190423727
541 : -1.366701254621148
542 : -1.471775708720088
543 : -1.2989565781317651
544 : -1.067536716349423
545 : 0.4022852024063468
546 : -1.2050637076608837
547 : -1.7520121894776821
548 : -0.20620088931173086
549 : -0.4110348937101662
550 : -3.3871998637914658
551 : -1.5772666616830975
552 : -1.959863618016243
553 : -1.5552149415016174
554 : -3.3419165955856442
555 : -1.5341409430839121
556 : -3.296472459100187
557 : -1.1728835084941238
558 : -1.6787497876212
559 : -5.751827821601182
560 : -1.7876361133530736
561 : -1.3374421899206936
562 : -2.2653992059640586
563 : -1.2277701403945684
564 : 1.865191615652293
565 : -0.9342394610866904
566 : -0.9401843938976526
567 : -0.8334929374977946
568 : -1.2379216542467475
569 : -0.8342983573675156
570 : -0.93456588126719
571 : 0.043603590689599514
572 : -1.2596641695126891
573 : -0.7955666370689869
574 : -1.6324180327355862
575 : -0.8403680426999927
576 : -1.1535060461610556
577 : 0.06384735787287354
578 : -0.9288100020494312
579 : -2.089093754068017
580 : -0.7967123752459884
581 : -1.8182278871536255
582 : -0.8960650493390858
583 : -1.7563604936003685
584 : -0.32239756640046835
585 : -1.3384729195386171
586 : -0.7724328152835369
587 : 3.8304514554329216
588 : -0.4843525947071612
589 : -1.1736872103065252
590 : 1.1188131803646684
591 : -1.1099963244050741
592 : -1.3386507630348206
593 : -2.3940824707970023
594 : -1.269614351913333
595 : -1.1214793734252453
596 : -3.7441834527999163
597 : 0.46426957997027785
598 : -2.0741590075194836
599 : -0.8507066643796861
600 : -1.6093264911323786
601 : -1.124445787165314
602 : -0.8164799246005714
603 : -2.3626134376972914
604 : -1.8735418058931828
605 : -1.336371083278209
606 : -0.979996694251895
607 : -1.4723180122673512
608 : -1.568020198494196
609 : -0.8077195277437568
610 : -0.7012207088992
611 : -1.3580339434556663
612 : -0.7143028175923973
613 : -1.641453217715025
614 : -1.065526989288628
615 : 0.2926515331491828
616 : -1.1014505494385958
617 : -1.2115026265382767
618 : -2.4605399295687675
619 : -1.3539571845903993
620 : -1.5424017570912838
621 : -1.0094710225239396
622 : -1.5433671101927757
623 : -1.1761941043660045
624 : -0.9326525274664164
625 : -3.6211718507111073
626 : -1.4892984349280596
627 : 1.663358579389751
628 : -1.5648842388764024
629 : -1.0140537968836725
630 : 0.8055309532210231
631 : -2.2533758096396923
632 : -1.3090469678863883
633 : -1.6037694327533245
634 : -1.7949004098773003
635 : -1.0585438534617424
636 : -1.1444536950439215
637 : -0.5792471375316381
638 : -2.0799107998609543
639 : -1.512614792212844
640 : -1.1001408156007528
641 : -0.661424495279789
642 : -0.8465239452198148
643 : -1.0588592789135873
644 : -0.2647555284202099
645 : -1.3652330432087183
646 : -1.2733645867556334
647 : -1.9250938445329666
648 : -1.4081888902001083
649 : -3.629230823367834
650 : -2.0372003093361855
651 : 1.1058446168899536
652 : -0.9230531733483076
653 : 0.20666436268948019
654 : -2.026903111487627
655 : 0.027386025059968233
656 : -0.9119184762239456
657 : -1.4257949832826853
658 : -1.140494461171329
659 : -0.5278276335448027
660 : -1.4262314606457949
661 : -1.3833762016147375
662 : 0.7877342868596315
663 : -2.4896321799606085
664 : -0.2614230529870838
665 : -2.6343313939869404
666 : -1.3577838512137532
667 : 1.1359418132342398
668 : -1.7552327383309603
669 : -1.2758687529712915
670 : -1.7365279141813517
671 : -0.7522962028160691
672 : -1.109355941414833
673 : -1.2559008356183767
674 : -0.9453161414712667
675 : -0.8832248034887016
676 : -1.7712760716676712
677 : -1.1392599428072572
678 : -1.39197535533458
679 : -0.4710208047181368
680 : -1.2401084557641298
681 : -0.42527020536363125
682 : -2.984401114284992
683 : -1.6948176864534616
684 : -0.873703770339489
685 : -1.6663958113640547
686 : -1.6014271564781666
687 : -2.6008553206920624
688 : -2.903046188876033
689 : -1.3664568159729242
690 : -0.826593728736043
691 : 0.6937112119048834
692 : -1.0662340773269534
693 : -0.7801699219271541
694 : -1.028758967295289
695 : -1.8347525335848331
696 : -1.6133738029748201
697 : -0.9380620303563774
698 : -1.4086098335683346
699 : -1.3673019157722592
700 : -1.1280472800135612
701 : -4.764107048511505
702 : -1.9093664810061455
703 : -1.2308078529313207
704 : -0.44125295616686344
705 : -1.0064085582271218
706 : -6.530839499086142
707 : -3.6241439105942845
708 : -2.2474179789423943
709 : -1.5668597528710961
710 : -1.402921408880502
711 : -0.5433531659655273
712 : -1.3814889108762145
713 : -1.1090100947767496
714 : -1.6868937434628606
715 : -0.8750314489006996
716 : -2.934958220459521
717 : -0.752346558496356
718 : -4.542224045842886
719 : -1.8120766747742891
720 : -1.1036366192856804
721 : -0.9544609664008021
722 : -0.8185481708496809
723 : -1.2235968867316842
724 : -1.2353754048235714
725 : -1.2121797297149897
726 : -1.1060837688855827
727 : -4.01541586779058
728 : -0.8837904632091522
729 : 0.19982516765594482
730 : -1.660813258960843
731 : -2.551785469055176
732 : 9.995615736814216
733 : -1.709332998842001
734 : -1.9024506714195013
735 : -0.94967718468979
736 : -0.8158203586935997
737 : -0.7850588285364211
738 : -1.3860453995876014
739 : 2.127196339890361
740 : -1.0470514493063092
741 : -1.5665594544261694
742 : -1.0551043425220996
743 : -1.6193705890327692
744 : -0.9262079540640116
745 : -1.4290826385840774
746 : -1.6174984048120677
747 : -1.316949786618352
748 : -1.2191891502588987
749 : -1.3275223509408534
!!! updated
750 : -0.6557027362287045
751 : -3.1010909229516983
752 : -0.7134566158056259
753 : -2.3787422478199005
754 : -1.3004058501683176
Setting up 2 worker threads for Enlighten.
  Thread -> id: 7f44409aa700 -> priority: 1 
  Thread -> id: 7f43c7fff700 -> priority: 1 
Traceback (most recent call last):
  File "main.py", line 123, in <module>
    returns = [episode(env, agent, i) for i in range(training_episodes)]
  File "main.py", line 123, in <listcomp>
    returns = [episode(env, agent, i) for i in range(training_episodes)]
  File "main.py", line 30, in episode
    next_state, reward, done, _ = env.step(action.numpy()[0])
  File "/home/j/jensenj/.local/lib/python3.6/site-packages/gym_unity/envs/__init__.py", line 177, in step
    self._env.step()
  File "/home/j/jensenj/.local/lib/python3.6/site-packages/mlagents_envs/timers.py", line 305, in wrapped
    return func(*args, **kwargs)
  File "/home/j/jensenj/.local/lib/python3.6/site-packages/mlagents_envs/environment.py", line 319, in step
    self._update_state(rl_output)
  File "/home/j/jensenj/.local/lib/python3.6/site-packages/mlagents_envs/environment.py", line 275, in _update_state
    agent_info_list, self._env_specs[brain_name]
  File "/home/j/jensenj/.local/lib/python3.6/site-packages/mlagents_envs/timers.py", line 305, in wrapped
    return func(*args, **kwargs)
  File "/home/j/jensenj/.local/lib/python3.6/site-packages/mlagents_envs/rpc_utils.py", line 188, in steps_from_proto
    obs_index, obs_shape, decision_agent_info_list
  File "/home/j/jensenj/.local/lib/python3.6/site-packages/mlagents_envs/timers.py", line 305, in wrapped
    return func(*args, **kwargs)
  File "/home/j/jensenj/.local/lib/python3.6/site-packages/mlagents_envs/rpc_utils.py", line 152, in _process_vector_observation
    _raise_on_nan_and_inf(np_obs, "observations")
  File "/home/j/jensenj/.local/lib/python3.6/site-packages/mlagents_envs/rpc_utils.py", line 132, in _raise_on_nan_and_inf
    raise RuntimeError(f"The {source} provided had Infinite values.")
RuntimeError: The observations provided had Infinite values.
2020-06-25 12:45:12 INFO [environment.py:418] Environment shut down with return code 0.
