slurmstepd-buxach: error: Unable to create TMPDIR [/tmp/user/30108]: Permission denied
slurmstepd-buxach: error: Setting TMPDIR to /tmp
Found path: /home/j/jensenj/PycharmProjects/Federer-Jr./src/../crawler_single/linux/dynamic_server/crawler_dynamic.x86_64
Mono path[0] = '/home/j/jensenj/PycharmProjects/Federer-Jr./src/../crawler_single/linux/dynamic_server/crawler_dynamic_Data/Managed'
Mono config path = '/home/j/jensenj/PycharmProjects/Federer-Jr./src/../crawler_single/linux/dynamic_server/crawler_dynamic_Data/MonoBleedingEdge/etc'
Preloaded 'lib_burst_generated.so'
Preloaded 'libgrpc_csharp_ext.x64.so'
Initialize engine version: 2019.3.15f1 (59ff3e03856d)
[Subsystems] Discovering subsystems at path /home/j/jensenj/PycharmProjects/Federer-Jr./src/../crawler_single/linux/dynamic_server/crawler_dynamic_Data/UnitySubsystems
Forcing GfxDevice: Null
GfxDevice: creating device client; threaded=0
NullGfxDevice:
    Version:  NULL 1.0 [1.0]
    Renderer: Null Device
    Vendor:   Unity Technologies
Begin MonoManager ReloadAssembly
- Completed reload, in  0.098 seconds
WARNING: Shader Unsupported: 'Autodesk Interactive' - All passes removed
WARNING: Shader Did you use #pragma only_renderers and omit this platform?
UnloadTime: 0.434344 ms
Fallback handler could not load library /home/j/jensenj/PycharmProjects/Federer-Jr./src/../crawler_single/linux/dynamic_server/crawler_dynamic_Data/Mono/libcoreclr.so
Fallback handler could not load library /home/j/jensenj/PycharmProjects/Federer-Jr./src/../crawler_single/linux/dynamic_server/crawler_dynamic_Data/Mono/libcoreclr.so
Fallback handler could not load library /home/j/jensenj/PycharmProjects/Federer-Jr./src/../crawler_single/linux/dynamic_server/crawler_dynamic_Data/Mono/libcoreclr.so
Fallback handler could not load library /home/j/jensenj/PycharmProjects/Federer-Jr./src/../crawler_single/linux/dynamic_server/crawler_dynamic_Data/Mono/libSystem.dylib
Fallback handler could not load library /home/j/jensenj/PycharmProjects/Federer-Jr./src/../crawler_single/linux/dynamic_server/crawler_dynamic_Data/Mono/libSystem.dylib.so
Fallback handler could not load library /home/j/jensenj/PycharmProjects/Federer-Jr./src/../crawler_single/linux/dynamic_server/crawler_dynamic_Data/Mono/libSystem.dylib
Fallback handler could not load library /home/j/jensenj/PycharmProjects/Federer-Jr./src/../crawler_single/linux/dynamic_server/crawler_dynamic_Data/Mono/libcoreclr.so
Fallback handler could not load library /home/j/jensenj/PycharmProjects/Federer-Jr./src/../crawler_single/linux/dynamic_server/crawler_dynamic_Data/Mono/libcoreclr.so
Fallback handler could not load library /home/j/jensenj/PycharmProjects/Federer-Jr./src/../crawler_single/linux/dynamic_server/crawler_dynamic_Data/Mono/libcoreclr.so
Fallback handler could not load library /home/j/jensenj/PycharmProjects/Federer-Jr./src/../crawler_single/linux/dynamic_server/crawler_dynamic_Data/Mono/libSystem.dylib
Fallback handler could not load library /home/j/jensenj/PycharmProjects/Federer-Jr./src/../crawler_single/linux/dynamic_server/crawler_dynamic_Data/Mono/libSystem.dylib.so
Fallback handler could not load library /home/j/jensenj/PycharmProjects/Federer-Jr./src/../crawler_single/linux/dynamic_server/crawler_dynamic_Data/Mono/libSystem.dylib
/home/j/jensenj/.local/lib/python3.6/site-packages/tensorboard/compat/tensorflow_stub/dtypes.py:541: FutureWarning: Passing (type, 1) or '1type' as a synonym of type is deprecated; in a future version of numpy, it will be understood as (type, (1,)) / '(1,)type'.
  _np_qint8 = np.dtype([("qint8", np.int8, 1)])
/home/j/jensenj/.local/lib/python3.6/site-packages/tensorboard/compat/tensorflow_stub/dtypes.py:542: FutureWarning: Passing (type, 1) or '1type' as a synonym of type is deprecated; in a future version of numpy, it will be understood as (type, (1,)) / '(1,)type'.
  _np_quint8 = np.dtype([("quint8", np.uint8, 1)])
/home/j/jensenj/.local/lib/python3.6/site-packages/tensorboard/compat/tensorflow_stub/dtypes.py:543: FutureWarning: Passing (type, 1) or '1type' as a synonym of type is deprecated; in a future version of numpy, it will be understood as (type, (1,)) / '(1,)type'.
  _np_qint16 = np.dtype([("qint16", np.int16, 1)])
/home/j/jensenj/.local/lib/python3.6/site-packages/tensorboard/compat/tensorflow_stub/dtypes.py:544: FutureWarning: Passing (type, 1) or '1type' as a synonym of type is deprecated; in a future version of numpy, it will be understood as (type, (1,)) / '(1,)type'.
  _np_quint16 = np.dtype([("quint16", np.uint16, 1)])
/home/j/jensenj/.local/lib/python3.6/site-packages/tensorboard/compat/tensorflow_stub/dtypes.py:545: FutureWarning: Passing (type, 1) or '1type' as a synonym of type is deprecated; in a future version of numpy, it will be understood as (type, (1,)) / '(1,)type'.
  _np_qint32 = np.dtype([("qint32", np.int32, 1)])
/home/j/jensenj/.local/lib/python3.6/site-packages/tensorboard/compat/tensorflow_stub/dtypes.py:550: FutureWarning: Passing (type, 1) or '1type' as a synonym of type is deprecated; in a future version of numpy, it will be understood as (type, (1,)) / '(1,)type'.
  np_resource = np.dtype([("resource", np.ubyte, 1)])
2020-06-25 11:57:51 INFO [environment.py:108] Connected to Unity environment with package version 1.0.2 and communication version 1.0.0
2020-06-25 11:57:51 INFO [environment.py:265] Connected new brain:
CrawlerDynamic?team=0
2020-06-25 11:57:51 WARNING [__init__.py:92] The environment contains multiple observations. You must define allow_multiple_obs=True to receive them all. Otherwise, only the first visual observation (or vector observation ifthere are no visual observations) will be provided in the observation.
/home/j/jensenj/.local/lib/python3.6/site-packages/gym/logger.py:30: UserWarning: [33mWARN: Box bound precision lowered by casting to float32[0m
  warnings.warn(colorize('%s: %s'%('WARN', msg % args), 'yellow'))
/home/j/jensenj/.local/lib/python3.6/site-packages/numpy/core/_methods.py:160: RuntimeWarning: invalid value encountered in reduce
  ret = umr_sum(arr, axis, dtype, out, keepdims)
update_time_steps: 2048 , ppo_epochs: 2 , beta:  0.01 , gamma 0.99
0 : 0.5603177244774997
1 : -1.4697694084607065
2 : 0.47694303654134274
3 : -1.7839781492948532
4 : -1.372859662398696
5 : -8.406597081106156
6 : -0.9268866674974561
7 : -1.405528485774994
8 : -1.2085698205046356
9 : -1.1124389909673482
10 : -1.2024842808023095
11 : -1.37599019985646
12 : -4.489628779236227
13 : -3.5845099759753793
14 : -0.18540732306428254
15 : -1.9426627606153488
16 : -0.9571644202806056
17 : -1.6274422751739621
18 : -0.42842418421059847
19 : -1.0666780089959502
20 : -1.209838876966387
21 : -1.772088449448347
22 : -1.2191648273728788
23 : -3.263320439029485
24 : -0.9623254658654332
25 : -1.148836512118578
26 : -1.0386045686900616
27 : -3.1454526646994054
28 : -0.7853203001432121
29 : -0.9715838581323624
30 : -1.597041679546237
31 : -0.43851387640461326
32 : -0.2944304523989558
33 : -1.4916178435087204
34 : -0.6753255277872086
35 : -1.4211630932986736
36 : -1.1187208632472903
37 : -3.137718957848847
38 : -2.207490338012576
39 : -5.032633203547448
40 : -1.1068424582481384
41 : -0.87311199051328
42 : -0.9566371599212289
43 : 1.7313771294429898
44 : -1.637553789652884
45 : -0.3409385262057185
46 : -1.0195235162973404
47 : -1.193853962700814
48 : -0.5265288059599698
49 : -1.2763789319433272
50 : -1.4753804672509432
51 : -1.2272857446223497
52 : -1.0675611961632967
53 : -1.5157877085730433
54 : -1.64710195036605
55 : -1.458405734039843
56 : -1.363786656409502
57 : -0.7012214446440339
58 : -0.6579687194898725
59 : -1.0323821671772748
60 : -1.3488771100528538
61 : -1.6213294317713007
62 : -1.600724051706493
63 : -0.17357670329511166
64 : -1.030039880424738
65 : -1.1695083938539028
66 : -4.745594982989132
67 : 0.36025120317935944
68 : -0.889222907833755
69 : -0.5737167093902826
70 : -0.5831431765109301
71 : -1.1319427033886313
72 : -1.2615591986104846
73 : -1.4945558179169893
74 : -2.3953846879303455
75 : -1.5187216745689511
76 : -7.728455679491162
77 : -1.1669289926066995
78 : -1.4748664982616901
79 : 1.8810255201533437
80 : -0.44152247346937656
81 : -1.702651508152485
82 : -1.495535422116518
83 : -1.5017503127455711
84 : -1.1190715823322535
85 : -1.135119793470949
86 : -1.7460136599838734
87 : -0.6772558193188161
88 : -1.016100438311696
89 : -1.2409168872982264
90 : 0.03922274196520448
91 : -1.9716902882792056
92 : 2.7086256234906614
93 : -3.7707240879535675
94 : -4.770963852293789
95 : -0.6202373579144478
96 : -3.25522466795519
97 : 2.692932737991214
98 : 2.1179402489215136
99 : -1.4841350708156824
100 : -2.4177498556673527
101 : -0.7169313179329038
102 : -1.9488242007791996
103 : -0.2515570365358144
!!! updated
104 : 6.7414345445577055
105 : -1.7181085869669914
106 : -1.3537652008235455
107 : -0.8586603365838528
108 : -1.0405489709228277
109 : -1.2161511471495032
110 : -0.6836428008973598
111 : -1.0699148448184133
112 : -1.2233090959489346
113 : -1.4184357486665249
114 : -1.536396037787199
115 : -1.6888286471366882
Setting up 2 worker threads for Enlighten.
  Thread -> id: 7f5973fff700 -> priority: 1 
  Thread -> id: 7f59737fe700 -> priority: 1 
Traceback (most recent call last):
  File "main.py", line 123, in <module>
    returns = [episode(env, agent, i) for i in range(training_episodes)]
  File "main.py", line 123, in <listcomp>
    returns = [episode(env, agent, i) for i in range(training_episodes)]
  File "main.py", line 30, in episode
    next_state, reward, done, _ = env.step(action.numpy()[0])
  File "/home/j/jensenj/.local/lib/python3.6/site-packages/gym_unity/envs/__init__.py", line 177, in step
    self._env.step()
  File "/home/j/jensenj/.local/lib/python3.6/site-packages/mlagents_envs/timers.py", line 305, in wrapped
    return func(*args, **kwargs)
  File "/home/j/jensenj/.local/lib/python3.6/site-packages/mlagents_envs/environment.py", line 319, in step
    self._update_state(rl_output)
  File "/home/j/jensenj/.local/lib/python3.6/site-packages/mlagents_envs/environment.py", line 275, in _update_state
    agent_info_list, self._env_specs[brain_name]
  File "/home/j/jensenj/.local/lib/python3.6/site-packages/mlagents_envs/timers.py", line 305, in wrapped
    return func(*args, **kwargs)
  File "/home/j/jensenj/.local/lib/python3.6/site-packages/mlagents_envs/rpc_utils.py", line 193, in steps_from_proto
    obs_index, obs_shape, terminal_agent_info_list
  File "/home/j/jensenj/.local/lib/python3.6/site-packages/mlagents_envs/timers.py", line 305, in wrapped
    return func(*args, **kwargs)
  File "/home/j/jensenj/.local/lib/python3.6/site-packages/mlagents_envs/rpc_utils.py", line 152, in _process_vector_observation
    _raise_on_nan_and_inf(np_obs, "observations")
  File "/home/j/jensenj/.local/lib/python3.6/site-packages/mlagents_envs/rpc_utils.py", line 130, in _raise_on_nan_and_inf
    raise RuntimeError(f"The {source} provided had NaN values.")
RuntimeError: The observations provided had NaN values.
2020-06-25 12:00:19 INFO [environment.py:418] Environment shut down with return code 0.
