slurmstepd-fensterbach: error: Unable to create TMPDIR [/tmp/user/30108]: Permission denied
slurmstepd-fensterbach: error: Setting TMPDIR to /tmp
Found path: /home/j/jensenj/PycharmProjects/Federer-Jr./src/../crawler_single/linux/dynamic_server/crawler_dynamic.x86_64
Mono path[0] = '/home/j/jensenj/PycharmProjects/Federer-Jr./src/../crawler_single/linux/dynamic_server/crawler_dynamic_Data/Managed'
Mono config path = '/home/j/jensenj/PycharmProjects/Federer-Jr./src/../crawler_single/linux/dynamic_server/crawler_dynamic_Data/MonoBleedingEdge/etc'
Preloaded 'lib_burst_generated.so'
Preloaded 'libgrpc_csharp_ext.x64.so'
Initialize engine version: 2019.3.15f1 (59ff3e03856d)
[Subsystems] Discovering subsystems at path /home/j/jensenj/PycharmProjects/Federer-Jr./src/../crawler_single/linux/dynamic_server/crawler_dynamic_Data/UnitySubsystems
Forcing GfxDevice: Null
GfxDevice: creating device client; threaded=0
NullGfxDevice:
    Version:  NULL 1.0 [1.0]
    Renderer: Null Device
    Vendor:   Unity Technologies
Begin MonoManager ReloadAssembly
- Completed reload, in  0.094 seconds
WARNING: Shader Unsupported: 'Autodesk Interactive' - All passes removed
WARNING: Shader Did you use #pragma only_renderers and omit this platform?
UnloadTime: 0.389884 ms
Fallback handler could not load library /home/j/jensenj/PycharmProjects/Federer-Jr./src/../crawler_single/linux/dynamic_server/crawler_dynamic_Data/Mono/libcoreclr.so
Fallback handler could not load library /home/j/jensenj/PycharmProjects/Federer-Jr./src/../crawler_single/linux/dynamic_server/crawler_dynamic_Data/Mono/libcoreclr.so
Fallback handler could not load library /home/j/jensenj/PycharmProjects/Federer-Jr./src/../crawler_single/linux/dynamic_server/crawler_dynamic_Data/Mono/libcoreclr.so
Fallback handler could not load library /home/j/jensenj/PycharmProjects/Federer-Jr./src/../crawler_single/linux/dynamic_server/crawler_dynamic_Data/Mono/libSystem.dylib
Fallback handler could not load library /home/j/jensenj/PycharmProjects/Federer-Jr./src/../crawler_single/linux/dynamic_server/crawler_dynamic_Data/Mono/libSystem.dylib.so
Fallback handler could not load library /home/j/jensenj/PycharmProjects/Federer-Jr./src/../crawler_single/linux/dynamic_server/crawler_dynamic_Data/Mono/libSystem.dylib
Fallback handler could not load library /home/j/jensenj/PycharmProjects/Federer-Jr./src/../crawler_single/linux/dynamic_server/crawler_dynamic_Data/Mono/libcoreclr.so
Fallback handler could not load library /home/j/jensenj/PycharmProjects/Federer-Jr./src/../crawler_single/linux/dynamic_server/crawler_dynamic_Data/Mono/libcoreclr.so
Fallback handler could not load library /home/j/jensenj/PycharmProjects/Federer-Jr./src/../crawler_single/linux/dynamic_server/crawler_dynamic_Data/Mono/libcoreclr.so
Fallback handler could not load library /home/j/jensenj/PycharmProjects/Federer-Jr./src/../crawler_single/linux/dynamic_server/crawler_dynamic_Data/Mono/libSystem.dylib
Fallback handler could not load library /home/j/jensenj/PycharmProjects/Federer-Jr./src/../crawler_single/linux/dynamic_server/crawler_dynamic_Data/Mono/libSystem.dylib.so
Fallback handler could not load library /home/j/jensenj/PycharmProjects/Federer-Jr./src/../crawler_single/linux/dynamic_server/crawler_dynamic_Data/Mono/libSystem.dylib
/home/j/jensenj/.local/lib/python3.6/site-packages/tensorboard/compat/tensorflow_stub/dtypes.py:541: FutureWarning: Passing (type, 1) or '1type' as a synonym of type is deprecated; in a future version of numpy, it will be understood as (type, (1,)) / '(1,)type'.
  _np_qint8 = np.dtype([("qint8", np.int8, 1)])
/home/j/jensenj/.local/lib/python3.6/site-packages/tensorboard/compat/tensorflow_stub/dtypes.py:542: FutureWarning: Passing (type, 1) or '1type' as a synonym of type is deprecated; in a future version of numpy, it will be understood as (type, (1,)) / '(1,)type'.
  _np_quint8 = np.dtype([("quint8", np.uint8, 1)])
/home/j/jensenj/.local/lib/python3.6/site-packages/tensorboard/compat/tensorflow_stub/dtypes.py:543: FutureWarning: Passing (type, 1) or '1type' as a synonym of type is deprecated; in a future version of numpy, it will be understood as (type, (1,)) / '(1,)type'.
  _np_qint16 = np.dtype([("qint16", np.int16, 1)])
/home/j/jensenj/.local/lib/python3.6/site-packages/tensorboard/compat/tensorflow_stub/dtypes.py:544: FutureWarning: Passing (type, 1) or '1type' as a synonym of type is deprecated; in a future version of numpy, it will be understood as (type, (1,)) / '(1,)type'.
  _np_quint16 = np.dtype([("quint16", np.uint16, 1)])
/home/j/jensenj/.local/lib/python3.6/site-packages/tensorboard/compat/tensorflow_stub/dtypes.py:545: FutureWarning: Passing (type, 1) or '1type' as a synonym of type is deprecated; in a future version of numpy, it will be understood as (type, (1,)) / '(1,)type'.
  _np_qint32 = np.dtype([("qint32", np.int32, 1)])
/home/j/jensenj/.local/lib/python3.6/site-packages/tensorboard/compat/tensorflow_stub/dtypes.py:550: FutureWarning: Passing (type, 1) or '1type' as a synonym of type is deprecated; in a future version of numpy, it will be understood as (type, (1,)) / '(1,)type'.
  np_resource = np.dtype([("resource", np.ubyte, 1)])
2020-06-25 12:14:21 INFO [environment.py:108] Connected to Unity environment with package version 1.0.2 and communication version 1.0.0
2020-06-25 12:14:21 INFO [environment.py:265] Connected new brain:
CrawlerDynamic?team=0
2020-06-25 12:14:21 WARNING [__init__.py:92] The environment contains multiple observations. You must define allow_multiple_obs=True to receive them all. Otherwise, only the first visual observation (or vector observation ifthere are no visual observations) will be provided in the observation.
Internal: JobTempAlloc has allocations that are more than 4 frames old - this is not allowed and likely a leak 
(Filename:  Line: 554)

Internal: deleting an allocation that is older than its permitted lifetime of 4 frames (age = 7) 
(Filename:  Line: 310)

/home/j/jensenj/.local/lib/python3.6/site-packages/gym/logger.py:30: UserWarning: [33mWARN: Box bound precision lowered by casting to float32[0m
  warnings.warn(colorize('%s: %s'%('WARN', msg % args), 'yellow'))
/home/j/jensenj/.local/lib/python3.6/site-packages/numpy/core/_methods.py:160: RuntimeWarning: invalid value encountered in reduce
  ret = umr_sum(arr, axis, dtype, out, keepdims)
update_time_steps: 8192 , ppo_epochs: 4 , beta:  0.1 , gamma 0.99
0 : -1.6280575168784708
1 : -1.4493159279227257
2 : -0.7603293312713504
3 : 0.9261812507174909
4 : -19.479190421290696
5 : 4.607169688679278
6 : 0.5451398640871048
7 : -3.5827278960496187
8 : -1.618871997576207
9 : -1.2808521410916
10 : 1.18547249911353
11 : 3.013771033845842
12 : -0.8620922267436981
13 : -1.3682976476848125
14 : -1.4134663715958595
15 : -1.0232598052825779
16 : -2.5795997828245163
17 : -1.505424039438367
18 : -6.729981918819249
19 : -1.0673275752924383
20 : -1.9069829527288675
21 : -1.0184613482560962
22 : -1.6488749696873128
23 : -1.7854684591293335
24 : -4.095712915761396
25 : -0.3755540500860661
26 : -0.7467053928412497
27 : -1.3718661167658865
28 : -1.2624808074906468
29 : -1.5775956995785236
30 : -0.31987639982253313
31 : -1.441750355064869
32 : -2.0040117057505995
33 : -1.389430415816605
34 : 5.471149436663836
35 : -0.9795015081763268
36 : -1.1880457326769829
37 : 3.9665428940206766
38 : -1.8437321782112122
39 : 4.180349630303681
40 : 6.037504724226892
41 : -1.1480825021862984
42 : -3.441135037690401
43 : 0.2585638463497162
44 : -0.8078540861606598
45 : 0.21557545755058527
46 : 6.291498335078359
47 : 0.015239139553159475
48 : -1.2155665091704577
49 : -1.4973879223689437
50 : -11.944021882954985
51 : -1.3542588287964463
52 : -0.874773086514324
53 : -1.099221184849739
54 : -21.495956409722567
55 : -1.639230679254979
56 : -1.1064659343101084
57 : -0.937971034552902
58 : -4.378235977143049
59 : -2.133129462134093
60 : -0.739481988362968
61 : -1.747266236692667
62 : 1.0440186988562346
63 : -5.692107303068042
64 : -1.3457671040669084
65 : -0.8069253545254469
66 : -2.9939227290451527
67 : -1.5707439351826906
68 : -1.5084855053573847
69 : -1.36903524864465
70 : 2.8267415883019567
71 : -1.7551929987967014
72 : -0.9164844490587711
73 : -4.388614843599498
74 : 0.22399630211293697
75 : -0.9451598767191172
76 : -1.2781211975961924
77 : -0.0038650836795568466
78 : -1.2859105444513261
79 : -0.8055275715887547
80 : -4.138437954476103
81 : -2.283008549362421
82 : -0.942419106606394
83 : -1.0280173923820257
84 : -1.3994373716413975
85 : -0.11203632317483425
86 : -1.885678051970899
87 : -5.114796741981991
88 : -0.8744664746336639
89 : -1.3184367711655796
90 : -1.7237726841121912
91 : -4.169291250407696
92 : -1.7973016137257218
93 : -1.3910473454743624
94 : -1.3970483434386551
95 : -0.7867791289463639
96 : -1.7032400220632553
97 : -0.9531790763139725
98 : -1.3248715791851282
99 : 8.062837217468768
100 : -2.123859589919448
101 : -0.9626603256911039
102 : -0.8049582717940211
103 : -1.5177526799961925
104 : -1.408340185880661
105 : -9.059297257568687
106 : -1.5909277956234291
107 : -1.1261853501200676
108 : 1.1374689619988203
109 : 0.29404153884388506
110 : -0.8536381172016263
111 : -0.9949202176649123
112 : -0.8153098383918405
113 : 0.28847999358549714
114 : 0.041593167930841446
115 : -1.2727248659357429
116 : 2.3637336837127805
117 : 1.00710941106081
118 : -2.1515905056148767
119 : 10.091065329499543
120 : -1.7034401840064675
121 : -3.417654624208808
122 : -1.5867754071950912
123 : -0.04546413337811828
124 : -0.9776211800053716
125 : -7.683840817306191
126 : -2.7808152684010565
127 : 6.62772923707962
128 : -1.8392647285945714
129 : -3.144566821632907
130 : -0.9233546257019043
131 : -0.7511145141907036
132 : -1.0304623302072287
133 : -1.3824462443590164
134 : -1.5139624562580138
135 : -1.5466113239526749
136 : 0.13265022728592157
137 : -3.1396356904879212
138 : -0.5242251737508923
139 : 9.912736363708973
140 : 0.8841866869479418
141 : 1.2823201064020395
142 : -1.522683210670948
143 : -1.4418586008250713
144 : 8.548992563039064
145 : -1.5387525707483292
146 : -4.3073254600167274
147 : -0.4691583551466465
148 : -0.09119537519291043
149 : -0.9124590479768813
150 : -2.693596540018916
151 : -2.463881488889456
152 : -2.1211137771606445
153 : -1.741819355636835
154 : 0.9333285391330719
155 : -2.149678636342287
156 : -0.9140101838856936
157 : -2.134784531313926
158 : -1.0876661324873567
159 : -1.0341377626173198
160 : -0.2835633351933211
161 : -3.5257218084298074
162 : -1.9283143803477287
163 : -1.3397185113281012
164 : -1.7733907289803028
165 : -0.8185086734592915
166 : -0.4839733447879553
167 : -0.9921788643114269
168 : -0.1067957654595375
169 : -1.0928334412164986
170 : -1.8513018460944295
171 : -0.9527658487204462
172 : -2.172342086210847
173 : -1.1284050652757287
174 : -1.5966539215296507
175 : 0.9021155219525099
176 : -2.703441772609949
177 : -1.3546480294317007
178 : -4.7202668795362115
179 : -2.2121033668518066
180 : -2.3726015090942383
181 : -3.620172892231494
182 : -2.4803083389997482
183 : -1.7088356371968985
184 : -0.9513904359191656
185 : -1.905780683271587
186 : -1.1351771717891097
187 : -1.8617871352471411
188 : 4.741553399711847
189 : -2.69783636322245
190 : -1.860962301492691
191 : -4.139775730669498
192 : -3.2010288387537003
193 : -2.253552323207259
194 : -2.089586552232504
195 : -1.2814948400482535
196 : -1.2047884613275528
197 : 0.35881583020091057
198 : -1.3457210990600288
199 : -0.9320058943703771
200 : -3.3733359901234508
201 : -1.2153951656073332
202 : 0.8545560031197965
203 : -6.25346224848181
204 : -1.861751520074904
205 : -7.91696173325181
206 : -1.71890589594841
207 : -0.780538022518158
208 : -3.0067729419097304
209 : -1.1096994103863835
210 : -3.5231795543804765
211 : -1.1726825581863523
212 : -0.9477467369288206
213 : 2.6277256147004664
214 : 2.3188085914589465
215 : -0.5009256070479751
216 : -1.5283262957818806
217 : -1.257338277529925
218 : -2.3957350237760693
219 : -0.9894221634604037
220 : -1.487580405548215
221 : -10.725663835182786
222 : -3.0594333363696933
223 : -0.6607149108313024
224 : -0.6345852231606841
225 : -3.198607835918665
226 : -1.454710298217833
227 : -0.2804968189448118
228 : 1.8712243074551225
229 : -3.742033266229555
230 : -3.821460015606135
231 : -1.7402170542627573
232 : -8.896096366457641
233 : 1.9051973107270896
234 : -2.5572231132537127
235 : -1.0306700891815126
236 : -1.4265140984207392
237 : -0.5751842055469751
238 : -2.026185197290033
239 : -0.8441735147498548
240 : -0.9614978600293398
241 : 0.9660224169492722
242 : -0.9081239188089967
243 : -0.8294828170910478
244 : -1.6172977788373828
245 : -0.7894898396916687
246 : -1.8644975563511252
247 : -10.735617795027792
248 : -0.6716204173862934
249 : -2.3328305119648576
250 : -1.191791114397347
251 : -2.1624770909547806
252 : -1.0636145640164614
253 : -1.1182886669412255
254 : -2.1510737519711256
255 : -1.3754946775734425
256 : 2.9950023787096143
257 : -1.7016055239364505
258 : -0.5735392393544316
259 : -1.448655934073031
260 : -2.3112776167690754
261 : -1.4822302632965147
262 : -1.1209468098822981
263 : -2.1942725609987974
264 : 2.155621808487922
265 : 0.5453626229427755
266 : -1.8243527533486485
267 : -1.3412241665646434
268 : -2.0947755496017635
269 : 1.4248115955851972
270 : -1.140316229313612
271 : -1.0584264534991235
272 : -2.421042473986745
273 : 1.0349586242809892
274 : -1.8755003726109862
275 : -0.7495087999850512
276 : 2.2420192509889603
277 : -2.768614737316966
278 : -4.137150305788964
279 : -1.6836949726566672
280 : -1.7289722189307213
281 : -2.0065832063555717
282 : 1.6201300648972392
283 : 5.077163604553789
284 : -1.1042534713633358
285 : -1.0702744575683028
286 : -0.07125064684078097
287 : 4.449381165206432
288 : -0.885322343558073
289 : -1.919787785038352
290 : -1.2258825483731925
291 : -2.936228657141328
292 : 0.20154678728431463
293 : -2.286734126508236
294 : -0.8323883581906557
295 : -1.6076957993209362
296 : -1.231559842824936
297 : 3.634249431081116
298 : 0.7802171837538481
299 : -1.5671787336468697
300 : -0.4346339888870716
301 : -1.8787981700152159
302 : -0.754711801186204
303 : -2.4009158313274384
304 : -1.56542481854558
305 : -1.2046503899618983
306 : -1.2452627886086702
307 : -2.3423120072111487
308 : -1.066302392166108
309 : 4.96673340164125
310 : -1.6443519068416208
311 : -1.326483678072691
312 : 1.8636807603761554
313 : -10.040826437994838
314 : -3.3716509575024247
315 : -1.5947321094572544
316 : -1.2590195629745722
317 : -13.300693284720182
318 : -1.6884969370439649
319 : -1.0556138753890991
320 : -1.9907947145402431
321 : -0.8254141882061958
322 : 22.0180899836123
323 : -0.7592573035508394
324 : -0.009894348680973053
325 : -4.632707690820098
326 : -3.030344425700605
327 : -1.1292286738753319
328 : -0.9393415623344481
329 : -0.985458567738533
330 : 11.724024452734739
331 : -2.1672081416472793
332 : -1.6267374083399773
333 : -1.283842989942059
334 : -1.2291286909021437
335 : -4.52512921160087
336 : -2.9631194975227118
337 : 1.4723336715251207
338 : -0.06562970811501145
339 : -1.0076226452365518
340 : 0.6336536523886025
341 : -6.341369019821286
342 : -2.4040772523730993
343 : -3.57345936819911
!!! updated
344 : -3.2726018191024195
345 : -1.5226988345384598
346 : -1.2986285034567118
347 : -1.3330243676900864
348 : -1.630677156150341
Setting up 2 worker threads for Enlighten.
  Thread -> id: 7fefef5b0700 -> priority: 1 
  Thread -> id: 7fefeedaf700 -> priority: 1 
Traceback (most recent call last):
  File "main.py", line 123, in <module>
    returns = [episode(env, agent, i) for i in range(training_episodes)]
  File "main.py", line 123, in <listcomp>
    returns = [episode(env, agent, i) for i in range(training_episodes)]
  File "main.py", line 30, in episode
    next_state, reward, done, _ = env.step(action.numpy()[0])
  File "/home/j/jensenj/.local/lib/python3.6/site-packages/gym_unity/envs/__init__.py", line 177, in step
    self._env.step()
  File "/home/j/jensenj/.local/lib/python3.6/site-packages/mlagents_envs/timers.py", line 305, in wrapped
    return func(*args, **kwargs)
  File "/home/j/jensenj/.local/lib/python3.6/site-packages/mlagents_envs/environment.py", line 319, in step
    self._update_state(rl_output)
  File "/home/j/jensenj/.local/lib/python3.6/site-packages/mlagents_envs/environment.py", line 275, in _update_state
    agent_info_list, self._env_specs[brain_name]
  File "/home/j/jensenj/.local/lib/python3.6/site-packages/mlagents_envs/timers.py", line 305, in wrapped
    return func(*args, **kwargs)
  File "/home/j/jensenj/.local/lib/python3.6/site-packages/mlagents_envs/rpc_utils.py", line 188, in steps_from_proto
    obs_index, obs_shape, decision_agent_info_list
  File "/home/j/jensenj/.local/lib/python3.6/site-packages/mlagents_envs/timers.py", line 305, in wrapped
    return func(*args, **kwargs)
  File "/home/j/jensenj/.local/lib/python3.6/site-packages/mlagents_envs/rpc_utils.py", line 152, in _process_vector_observation
    _raise_on_nan_and_inf(np_obs, "observations")
  File "/home/j/jensenj/.local/lib/python3.6/site-packages/mlagents_envs/rpc_utils.py", line 130, in _raise_on_nan_and_inf
    raise RuntimeError(f"The {source} provided had NaN values.")
RuntimeError: The observations provided had NaN values.
2020-06-25 12:23:52 INFO [environment.py:418] Environment shut down with return code 0.
