slurmstepd-ilz: error: Unable to create TMPDIR [/tmp/user/30108]: Permission denied
slurmstepd-ilz: error: Setting TMPDIR to /tmp
Found path: /home/j/jensenj/PycharmProjects/Federer-Jr./src/../crawler_single/linux/dynamic_server/crawler_dynamic.x86_64
Mono path[0] = '/home/j/jensenj/PycharmProjects/Federer-Jr./src/../crawler_single/linux/dynamic_server/crawler_dynamic_Data/Managed'
Mono config path = '/home/j/jensenj/PycharmProjects/Federer-Jr./src/../crawler_single/linux/dynamic_server/crawler_dynamic_Data/MonoBleedingEdge/etc'
Preloaded 'lib_burst_generated.so'
Preloaded 'libgrpc_csharp_ext.x64.so'
Initialize engine version: 2019.3.15f1 (59ff3e03856d)
[Subsystems] Discovering subsystems at path /home/j/jensenj/PycharmProjects/Federer-Jr./src/../crawler_single/linux/dynamic_server/crawler_dynamic_Data/UnitySubsystems
Forcing GfxDevice: Null
GfxDevice: creating device client; threaded=0
NullGfxDevice:
    Version:  NULL 1.0 [1.0]
    Renderer: Null Device
    Vendor:   Unity Technologies
Begin MonoManager ReloadAssembly
- Completed reload, in  0.097 seconds
WARNING: Shader Unsupported: 'Autodesk Interactive' - All passes removed
WARNING: Shader Did you use #pragma only_renderers and omit this platform?
UnloadTime: 0.388153 ms
Fallback handler could not load library /home/j/jensenj/PycharmProjects/Federer-Jr./src/../crawler_single/linux/dynamic_server/crawler_dynamic_Data/Mono/libcoreclr.so
Fallback handler could not load library /home/j/jensenj/PycharmProjects/Federer-Jr./src/../crawler_single/linux/dynamic_server/crawler_dynamic_Data/Mono/libcoreclr.so
Fallback handler could not load library /home/j/jensenj/PycharmProjects/Federer-Jr./src/../crawler_single/linux/dynamic_server/crawler_dynamic_Data/Mono/libcoreclr.so
Fallback handler could not load library /home/j/jensenj/PycharmProjects/Federer-Jr./src/../crawler_single/linux/dynamic_server/crawler_dynamic_Data/Mono/libSystem.dylib
Fallback handler could not load library /home/j/jensenj/PycharmProjects/Federer-Jr./src/../crawler_single/linux/dynamic_server/crawler_dynamic_Data/Mono/libSystem.dylib.so
Fallback handler could not load library /home/j/jensenj/PycharmProjects/Federer-Jr./src/../crawler_single/linux/dynamic_server/crawler_dynamic_Data/Mono/libSystem.dylib
Fallback handler could not load library /home/j/jensenj/PycharmProjects/Federer-Jr./src/../crawler_single/linux/dynamic_server/crawler_dynamic_Data/Mono/libcoreclr.so
Fallback handler could not load library /home/j/jensenj/PycharmProjects/Federer-Jr./src/../crawler_single/linux/dynamic_server/crawler_dynamic_Data/Mono/libcoreclr.so
Fallback handler could not load library /home/j/jensenj/PycharmProjects/Federer-Jr./src/../crawler_single/linux/dynamic_server/crawler_dynamic_Data/Mono/libcoreclr.so
Fallback handler could not load library /home/j/jensenj/PycharmProjects/Federer-Jr./src/../crawler_single/linux/dynamic_server/crawler_dynamic_Data/Mono/libSystem.dylib
Fallback handler could not load library /home/j/jensenj/PycharmProjects/Federer-Jr./src/../crawler_single/linux/dynamic_server/crawler_dynamic_Data/Mono/libSystem.dylib.so
Fallback handler could not load library /home/j/jensenj/PycharmProjects/Federer-Jr./src/../crawler_single/linux/dynamic_server/crawler_dynamic_Data/Mono/libSystem.dylib
/home/j/jensenj/.local/lib/python3.6/site-packages/tensorboard/compat/tensorflow_stub/dtypes.py:541: FutureWarning: Passing (type, 1) or '1type' as a synonym of type is deprecated; in a future version of numpy, it will be understood as (type, (1,)) / '(1,)type'.
  _np_qint8 = np.dtype([("qint8", np.int8, 1)])
/home/j/jensenj/.local/lib/python3.6/site-packages/tensorboard/compat/tensorflow_stub/dtypes.py:542: FutureWarning: Passing (type, 1) or '1type' as a synonym of type is deprecated; in a future version of numpy, it will be understood as (type, (1,)) / '(1,)type'.
  _np_quint8 = np.dtype([("quint8", np.uint8, 1)])
/home/j/jensenj/.local/lib/python3.6/site-packages/tensorboard/compat/tensorflow_stub/dtypes.py:543: FutureWarning: Passing (type, 1) or '1type' as a synonym of type is deprecated; in a future version of numpy, it will be understood as (type, (1,)) / '(1,)type'.
  _np_qint16 = np.dtype([("qint16", np.int16, 1)])
/home/j/jensenj/.local/lib/python3.6/site-packages/tensorboard/compat/tensorflow_stub/dtypes.py:544: FutureWarning: Passing (type, 1) or '1type' as a synonym of type is deprecated; in a future version of numpy, it will be understood as (type, (1,)) / '(1,)type'.
  _np_quint16 = np.dtype([("quint16", np.uint16, 1)])
/home/j/jensenj/.local/lib/python3.6/site-packages/tensorboard/compat/tensorflow_stub/dtypes.py:545: FutureWarning: Passing (type, 1) or '1type' as a synonym of type is deprecated; in a future version of numpy, it will be understood as (type, (1,)) / '(1,)type'.
  _np_qint32 = np.dtype([("qint32", np.int32, 1)])
/home/j/jensenj/.local/lib/python3.6/site-packages/tensorboard/compat/tensorflow_stub/dtypes.py:550: FutureWarning: Passing (type, 1) or '1type' as a synonym of type is deprecated; in a future version of numpy, it will be understood as (type, (1,)) / '(1,)type'.
  np_resource = np.dtype([("resource", np.ubyte, 1)])
2020-06-25 12:00:51 INFO [environment.py:108] Connected to Unity environment with package version 1.0.2 and communication version 1.0.0
2020-06-25 12:00:51 INFO [environment.py:265] Connected new brain:
CrawlerDynamic?team=0
2020-06-25 12:00:51 WARNING [__init__.py:92] The environment contains multiple observations. You must define allow_multiple_obs=True to receive them all. Otherwise, only the first visual observation (or vector observation ifthere are no visual observations) will be provided in the observation.
/home/j/jensenj/.local/lib/python3.6/site-packages/gym/logger.py:30: UserWarning: [33mWARN: Box bound precision lowered by casting to float32[0m
  warnings.warn(colorize('%s: %s'%('WARN', msg % args), 'yellow'))
update_time_steps: 4096 , ppo_epochs: 1 , beta:  0.01 , gamma 0.99
0 : -1.3342787036672235
1 : -0.6301875854842365
2 : 0.9806586196646094
3 : 1.447791650891304
4 : -0.13147497782483697
5 : -1.3309074761345983
6 : -1.4745674999430776
7 : -1.4348252266645432
8 : -0.9562290338799357
9 : 0.9682953506708145
10 : -1.5621716524474323
11 : -1.0516937086358666
12 : -1.7296298556029797
13 : -3.5864167250692844
14 : -0.3151295555289835
15 : -1.8095073401927948
16 : 2.396003929898143
17 : -1.6805216185748577
18 : -1.042876834049821
19 : -0.826722539961338
20 : -1.6655640881508589
21 : -0.7333475137129426
22 : -1.9892046288587153
23 : 0.2085110666230321
24 : 2.7119014402851462
25 : -5.689770877361298
26 : -1.3560850927606225
27 : 8.014342337381095
28 : 0.48947096476331353
29 : -1.7505443431437016
30 : -1.3053869102150202
31 : 0.359102338552475
32 : -4.109135780716315
33 : 2.5322729661129415
34 : -6.886457682587206
35 : 0.8398827249184251
36 : -0.44181730318814516
37 : -2.9842647183686495
38 : 7.036785357166082
39 : -1.0652884542942047
40 : -3.0041518975049257
41 : -1.8866364359855652
42 : 1.1369816246442497
43 : -1.7541736159473658
44 : 0.971651834435761
45 : -1.2331067151390016
46 : -7.361873786896467
47 : -1.4784293402917683
48 : 2.548894677311182
49 : -3.580353494733572
50 : 1.2139282263815403
51 : 1.301632505375892
52 : -1.29088322725147
53 : -1.8231752086430788
54 : -1.4966285708360374
55 : -2.682896418031305
56 : -1.3474317518994212
57 : -1.6505132485181093
58 : -0.8852797662839293
59 : -1.1127032656222582
60 : 0.43265737453475595
61 : -1.118378283455968
62 : -0.9831941574811935
63 : 5.419927464798093
64 : -1.6985626351088285
65 : -1.4279206153005362
66 : -1.58039590716362
67 : -4.0169653333723545
68 : -3.3867475730367005
69 : -0.7161861602216959
70 : -1.5728101953864098
71 : 1.1827274058014154
72 : -1.6648024814203382
73 : -1.0473165875300765
74 : -1.325879757059738
75 : -1.361693236976862
76 : -4.188065958209336
77 : -5.736734649864957
78 : 3.9502077377401292
79 : -1.6708660833537579
80 : -6.674816691316664
81 : -2.7246452756226063
82 : -1.0847315425053239
83 : -0.05762208811938763
84 : -0.9679395034909248
85 : -2.010608421638608
86 : -1.1397852224763483
87 : -0.8031214028596878
88 : -1.0239660083316267
89 : -0.3529424788430333
90 : 0.030365167884156108
91 : 2.6924757924862206
92 : 0.9004985429346561
93 : -1.7406395333819091
94 : -6.0913117825984955
95 : -0.98582424223423
96 : -0.023087292909622192
97 : -1.1756283398717642
98 : -5.570384258404374
99 : -1.4786860644817352
100 : -1.7954071275889874
101 : -0.9665272710844874
102 : -2.411354593001306
103 : -2.5353182163089514
104 : -0.7342445524409413
105 : -1.436097225639969
106 : -0.9592978218570352
107 : -0.3106418144889176
108 : -2.277458836324513
109 : -1.490425519645214
110 : -0.9082237230613828
111 : -1.2490757098421454
112 : -0.9679423503112048
113 : -4.49663607403636
114 : -1.654088530689478
115 : -1.4309647995978594
116 : -2.227571837604046
117 : -0.24498870596289635
118 : -1.8674208037555218
119 : -1.5063521726988256
120 : -0.9626055620610714
121 : -1.0460330974310637
122 : -0.7944689351134002
123 : -6.968315035104752
124 : -0.3970941826701164
125 : 2.056991070508957
126 : -2.227656714618206
127 : -2.6405000453814864
128 : -2.60581349208951
129 : 5.204134471714497
130 : -2.3272802904248238
131 : -1.4730069460347295
132 : -0.9854890403803438
133 : -1.8152566142380238
134 : -1.648827740456909
135 : -1.1535036405548453
136 : -1.3050598464906216
137 : -1.7874740660190582
138 : -0.6292680259793997
139 : -1.708758857101202
140 : -1.3221045606769621
141 : 0.0621994799003005
142 : -2.126254537142813
143 : -1.0421722531318665
144 : 0.15443377010524273
145 : -2.8734647892415524
146 : -1.095466817729175
147 : -1.1612313534133136
148 : -1.9085572473704815
149 : -1.4697455679997802
150 : 2.219607897102833
151 : -0.9511333769187331
152 : -0.6611886201426387
153 : -1.6862729219719768
154 : -0.6554829385131598
155 : -3.792796776164323
156 : -2.44584571023006
157 : -0.9323572348803282
158 : -0.5435337303206325
159 : -0.5665891116950661
160 : 0.03812827146612108
161 : -1.4724671910516918
162 : -1.427347106859088
163 : 5.206099718809128
164 : -1.2949801916256547
165 : -17.402663180604577
166 : -1.9814099963987246
167 : -1.12016096804291
168 : -3.3262902814894915
169 : -3.9594659288413823
170 : -5.261305891908705
171 : -1.5473552495241165
172 : 7.989241674542427
173 : -2.6518256277777255
174 : -1.5353479772165883
175 : -0.6997367893345654
176 : -1.410191997885704
177 : -0.6752714356407523
178 : 4.518782125320286
179 : -2.5245528107043356
180 : -1.0575237441807985
181 : 2.8177930349484086
182 : 0.5683731399476528
183 : -0.8936159731820226
184 : -0.7356146988458931
185 : -1.8604746167548
186 : -0.7251954209059477
187 : -2.721803749445826
188 : -2.2981859892606735
189 : -1.8630045801401138
190 : -1.0056679011322558
191 : -4.632878717035055
192 : -7.125240811845288
193 : -2.244088990613818
194 : -2.1663337238132954
195 : -2.439710531383753
196 : -2.6558614559471607
!!! updated
197 : 0.5467364504002035
198 : -0.704367256257683
199 : 0.12515484355390072
200 : 0.3381799957714975
Setting up 2 worker threads for Enlighten.
  Thread -> id: 7f39d37fe700 -> priority: 1 
  Thread -> id: 7f39d2ffd700 -> priority: 1 
Traceback (most recent call last):
  File "main.py", line 123, in <module>
    returns = [episode(env, agent, i) for i in range(training_episodes)]
  File "main.py", line 123, in <listcomp>
    returns = [episode(env, agent, i) for i in range(training_episodes)]
  File "main.py", line 30, in episode
    next_state, reward, done, _ = env.step(action.numpy()[0])
  File "/home/j/jensenj/.local/lib/python3.6/site-packages/gym_unity/envs/__init__.py", line 177, in step
    self._env.step()
  File "/home/j/jensenj/.local/lib/python3.6/site-packages/mlagents_envs/timers.py", line 305, in wrapped
    return func(*args, **kwargs)
  File "/home/j/jensenj/.local/lib/python3.6/site-packages/mlagents_envs/environment.py", line 319, in step
    self._update_state(rl_output)
  File "/home/j/jensenj/.local/lib/python3.6/site-packages/mlagents_envs/environment.py", line 275, in _update_state
    agent_info_list, self._env_specs[brain_name]
  File "/home/j/jensenj/.local/lib/python3.6/site-packages/mlagents_envs/timers.py", line 305, in wrapped
    return func(*args, **kwargs)
  File "/home/j/jensenj/.local/lib/python3.6/site-packages/mlagents_envs/rpc_utils.py", line 188, in steps_from_proto
    obs_index, obs_shape, decision_agent_info_list
  File "/home/j/jensenj/.local/lib/python3.6/site-packages/mlagents_envs/timers.py", line 305, in wrapped
    return func(*args, **kwargs)
  File "/home/j/jensenj/.local/lib/python3.6/site-packages/mlagents_envs/rpc_utils.py", line 152, in _process_vector_observation
    _raise_on_nan_and_inf(np_obs, "observations")
  File "/home/j/jensenj/.local/lib/python3.6/site-packages/mlagents_envs/rpc_utils.py", line 132, in _raise_on_nan_and_inf
    raise RuntimeError(f"The {source} provided had Infinite values.")
RuntimeError: The observations provided had Infinite values.
2020-06-25 12:05:33 INFO [environment.py:418] Environment shut down with return code 0.
