slurmstepd-fensterbach: error: Unable to create TMPDIR [/tmp/user/30108]: Permission denied
slurmstepd-fensterbach: error: Setting TMPDIR to /tmp
Found path: /home/j/jensenj/PycharmProjects/Federer-Jr./src/../crawler_single/linux/dynamic_server/crawler_dynamic.x86_64
Mono path[0] = '/home/j/jensenj/PycharmProjects/Federer-Jr./src/../crawler_single/linux/dynamic_server/crawler_dynamic_Data/Managed'
Mono config path = '/home/j/jensenj/PycharmProjects/Federer-Jr./src/../crawler_single/linux/dynamic_server/crawler_dynamic_Data/MonoBleedingEdge/etc'
Preloaded 'lib_burst_generated.so'
Preloaded 'libgrpc_csharp_ext.x64.so'
Initialize engine version: 2019.3.15f1 (59ff3e03856d)
[Subsystems] Discovering subsystems at path /home/j/jensenj/PycharmProjects/Federer-Jr./src/../crawler_single/linux/dynamic_server/crawler_dynamic_Data/UnitySubsystems
Forcing GfxDevice: Null
GfxDevice: creating device client; threaded=0
NullGfxDevice:
    Version:  NULL 1.0 [1.0]
    Renderer: Null Device
    Vendor:   Unity Technologies
Begin MonoManager ReloadAssembly
- Completed reload, in  0.102 seconds
WARNING: Shader Unsupported: 'Autodesk Interactive' - All passes removed
WARNING: Shader Did you use #pragma only_renderers and omit this platform?
UnloadTime: 0.432801 ms
Fallback handler could not load library /home/j/jensenj/PycharmProjects/Federer-Jr./src/../crawler_single/linux/dynamic_server/crawler_dynamic_Data/Mono/libcoreclr.so
Fallback handler could not load library /home/j/jensenj/PycharmProjects/Federer-Jr./src/../crawler_single/linux/dynamic_server/crawler_dynamic_Data/Mono/libcoreclr.so
Fallback handler could not load library /home/j/jensenj/PycharmProjects/Federer-Jr./src/../crawler_single/linux/dynamic_server/crawler_dynamic_Data/Mono/libcoreclr.so
Fallback handler could not load library /home/j/jensenj/PycharmProjects/Federer-Jr./src/../crawler_single/linux/dynamic_server/crawler_dynamic_Data/Mono/libSystem.dylib
Fallback handler could not load library /home/j/jensenj/PycharmProjects/Federer-Jr./src/../crawler_single/linux/dynamic_server/crawler_dynamic_Data/Mono/libSystem.dylib.so
Fallback handler could not load library /home/j/jensenj/PycharmProjects/Federer-Jr./src/../crawler_single/linux/dynamic_server/crawler_dynamic_Data/Mono/libSystem.dylib
Fallback handler could not load library /home/j/jensenj/PycharmProjects/Federer-Jr./src/../crawler_single/linux/dynamic_server/crawler_dynamic_Data/Mono/libcoreclr.so
Fallback handler could not load library /home/j/jensenj/PycharmProjects/Federer-Jr./src/../crawler_single/linux/dynamic_server/crawler_dynamic_Data/Mono/libcoreclr.so
Fallback handler could not load library /home/j/jensenj/PycharmProjects/Federer-Jr./src/../crawler_single/linux/dynamic_server/crawler_dynamic_Data/Mono/libcoreclr.so
Fallback handler could not load library /home/j/jensenj/PycharmProjects/Federer-Jr./src/../crawler_single/linux/dynamic_server/crawler_dynamic_Data/Mono/libSystem.dylib
Fallback handler could not load library /home/j/jensenj/PycharmProjects/Federer-Jr./src/../crawler_single/linux/dynamic_server/crawler_dynamic_Data/Mono/libSystem.dylib.so
Fallback handler could not load library /home/j/jensenj/PycharmProjects/Federer-Jr./src/../crawler_single/linux/dynamic_server/crawler_dynamic_Data/Mono/libSystem.dylib
/home/j/jensenj/.local/lib/python3.6/site-packages/tensorboard/compat/tensorflow_stub/dtypes.py:541: FutureWarning: Passing (type, 1) or '1type' as a synonym of type is deprecated; in a future version of numpy, it will be understood as (type, (1,)) / '(1,)type'.
  _np_qint8 = np.dtype([("qint8", np.int8, 1)])
/home/j/jensenj/.local/lib/python3.6/site-packages/tensorboard/compat/tensorflow_stub/dtypes.py:542: FutureWarning: Passing (type, 1) or '1type' as a synonym of type is deprecated; in a future version of numpy, it will be understood as (type, (1,)) / '(1,)type'.
  _np_quint8 = np.dtype([("quint8", np.uint8, 1)])
/home/j/jensenj/.local/lib/python3.6/site-packages/tensorboard/compat/tensorflow_stub/dtypes.py:543: FutureWarning: Passing (type, 1) or '1type' as a synonym of type is deprecated; in a future version of numpy, it will be understood as (type, (1,)) / '(1,)type'.
  _np_qint16 = np.dtype([("qint16", np.int16, 1)])
/home/j/jensenj/.local/lib/python3.6/site-packages/tensorboard/compat/tensorflow_stub/dtypes.py:544: FutureWarning: Passing (type, 1) or '1type' as a synonym of type is deprecated; in a future version of numpy, it will be understood as (type, (1,)) / '(1,)type'.
  _np_quint16 = np.dtype([("quint16", np.uint16, 1)])
/home/j/jensenj/.local/lib/python3.6/site-packages/tensorboard/compat/tensorflow_stub/dtypes.py:545: FutureWarning: Passing (type, 1) or '1type' as a synonym of type is deprecated; in a future version of numpy, it will be understood as (type, (1,)) / '(1,)type'.
  _np_qint32 = np.dtype([("qint32", np.int32, 1)])
/home/j/jensenj/.local/lib/python3.6/site-packages/tensorboard/compat/tensorflow_stub/dtypes.py:550: FutureWarning: Passing (type, 1) or '1type' as a synonym of type is deprecated; in a future version of numpy, it will be understood as (type, (1,)) / '(1,)type'.
  np_resource = np.dtype([("resource", np.ubyte, 1)])
2020-06-25 12:03:51 INFO [environment.py:108] Connected to Unity environment with package version 1.0.2 and communication version 1.0.0
2020-06-25 12:03:51 INFO [environment.py:265] Connected new brain:
CrawlerDynamic?team=0
2020-06-25 12:03:51 WARNING [__init__.py:92] The environment contains multiple observations. You must define allow_multiple_obs=True to receive them all. Otherwise, only the first visual observation (or vector observation ifthere are no visual observations) will be provided in the observation.
/home/j/jensenj/.local/lib/python3.6/site-packages/gym/logger.py:30: UserWarning: [33mWARN: Box bound precision lowered by casting to float32[0m
  warnings.warn(colorize('%s: %s'%('WARN', msg % args), 'yellow'))
/home/j/jensenj/.local/lib/python3.6/site-packages/numpy/core/_methods.py:160: RuntimeWarning: invalid value encountered in reduce
  ret = umr_sum(arr, axis, dtype, out, keepdims)
update_time_steps: 4096 , ppo_epochs: 8 , beta:  0.001 , gamma 0.99
0 : -0.8205479620955884
1 : -1.7242180928587914
2 : -0.4884268147870898
3 : -1.1895075463689864
4 : -0.9488888289779425
5 : -0.9212872022762895
6 : -2.550009385216981
7 : -0.8688601395115256
8 : -0.7825328591279685
9 : -1.2542927749454975
10 : -2.772160794818774
11 : 4.301550155505538
12 : -1.9685045769438148
13 : -1.3299648487009108
14 : -2.084555407986045
15 : -1.8961020559072495
16 : -0.533075587823987
17 : -2.9246252726297826
18 : -1.2471512984484434
19 : -0.744255562312901
20 : -1.471125764772296
21 : -0.24903465807437897
22 : -2.2016521906480193
23 : -3.3471651701256633
24 : -1.626537811011076
25 : 0.8524590418674052
26 : -0.6455853264778852
27 : 2.4888493474572897
28 : -1.2095677140168846
29 : 2.221367155201733
30 : -1.7420007176697254
31 : -1.2622294561006129
32 : -1.3565077409148216
33 : 0.16821818239986897
34 : -1.3905393052846193
35 : -1.6175985597074032
36 : 0.5725777763873339
37 : -1.8035514578223228
38 : -2.4022380616515875
39 : -4.606784323230386
40 : 2.4925879826769233
41 : -1.0397951640188694
42 : -0.033050199039280415
43 : 1.6252296539023519
44 : -1.71243080124259
45 : 2.785321088973433
46 : -1.241132297553122
47 : -0.01626858487725258
48 : -0.4270227272063494
49 : -1.225038775941357
50 : -1.8945319633930922
51 : -1.5196456974372268
52 : -3.239168995525688
53 : -0.9666710756719112
54 : -1.027979119680822
55 : 4.686932393349707
56 : -1.9581485986709595
57 : -1.0707488488405943
58 : -1.006247727200389
59 : -0.9060218390077353
60 : 0.030364639591425657
61 : -1.107490723952651
62 : -2.705204213038087
63 : -4.171533793210983
64 : -1.7292987406253815
65 : -2.004276187159121
66 : -0.9630642281845212
67 : -0.10113529022783041
68 : -4.676740776747465
69 : 14.884208539500833
70 : -0.7473572632297873
71 : -0.7972457725554705
72 : -2.5398997394368052
73 : -1.1956377574242651
74 : -2.4218788342550397
75 : 3.6318985763937235
76 : -1.6880102409049869
77 : -1.8850379430223256
78 : 2.762819134630263
79 : -1.0472198431380093
80 : -1.237148086540401
81 : -5.278121642535552
82 : -1.5521570965647697
83 : -10.173222579061985
84 : -5.216071140021086
85 : 3.4657032378017902
86 : 1.7598451860249043
87 : 3.308352341875434
88 : -1.4427770301699638
89 : -0.9764885799959302
90 : -0.9777080868370831
91 : -1.5979360928758979
92 : -4.568067526444793
93 : 0.546104927547276
94 : -4.040666788816452
95 : -1.657947945408523
96 : -1.5927897207438946
97 : 0.14452039543539286
98 : 0.908377205953002
99 : -1.1285880152136087
100 : 1.1764071052893996
101 : -4.759279219433665
102 : -1.2822744981385767
103 : -1.3839198844507337
104 : -1.638223933055997
105 : -1.1622932814061642
106 : -1.1527596665546298
107 : -1.4294716604053974
108 : -2.932386863976717
109 : -2.639770914334804
110 : -1.1079501989297569
111 : -1.6541982151102275
112 : -4.300258734729141
113 : -3.7507447828538716
114 : -1.4923740420490503
115 : -1.0836641192436218
116 : -1.681181983789429
117 : -0.6546910707838833
118 : 0.7994139743968844
119 : -6.416356425732374
120 : -1.4407212880905718
121 : 0.8545582164078951
122 : -1.4214502815157175
123 : -1.4316042917780578
124 : -1.79521294683218
125 : -2.260479328222573
126 : -2.597152793779969
127 : 6.4288909253664315
128 : -0.7705434816889465
129 : -3.2325103133916855
130 : -1.6138773616403341
131 : -0.6875502718612552
132 : -0.8647659411653876
133 : -0.4669455522671342
134 : 2.9289172617718577
135 : -0.14331593038514256
136 : -2.0344149228185415
137 : 0.4136873558163643
138 : 5.547478175256401
139 : -1.8181925658136606
140 : -1.1414751140400767
141 : -0.7123242998495698
142 : -0.867621592245996
143 : -1.2446028906852007
144 : -1.3676205147057772
145 : -8.856646722648293
146 : -13.375731609761715
147 : -0.1182566313073039
148 : -1.4009975022636354
149 : -0.19352998677641153
150 : -1.3065488305874169
151 : -3.4704420366324484
152 : 2.134138668887317
153 : -1.2396416789852083
154 : 13.529479604680091
155 : -1.3029600069858134
156 : -1.0981300361454487
157 : -1.676731458865106
158 : -1.4355765283107758
159 : -1.5701247892575338
160 : -1.1800779276527464
161 : -1.4375781547278166
162 : -1.287485459819436
!!! updated
163 : -1.5310621368698776
164 : -2.130814179778099
165 : -2.0220436500385404
166 : -1.0682697826996446
167 : -2.099130962975323
168 : -1.2486969344317913
169 : -1.0683568199165165
170 : -1.8791119083762169
171 : -2.2579170605167747
172 : -1.2528706467710435
173 : -0.4164974703453481
174 : -1.1992395508568734
175 : -1.460592728573829
176 : -1.1713277962990105
177 : -0.6195722776465118
178 : -0.9074189001694322
179 : -1.312440887093544
180 : -1.136717713670805
181 : -1.7288625836372375
182 : -0.9220473277382553
183 : -0.12958903796970844
184 : -2.0989062041044235
185 : -0.4354082364588976
186 : -0.9918383397161961
187 : -1.6702712047845125
188 : -1.1634205027949065
189 : -1.5454576283227652
190 : -1.3393297456204891
191 : -2.0001544011756778
192 : -1.140188959427178
193 : -0.6149294930510223
194 : -1.3994786441326141
195 : -0.14028043672442436
196 : -1.5804655849933624
197 : -0.9023396726697683
198 : -1.040220451541245
199 : -2.1863129809498787
200 : -1.2322630933485925
201 : -0.34369584638625383
202 : -1.5487553998827934
203 : -2.110539210960269
204 : -1.1557255377992988
205 : -0.16865435615181923
206 : -1.4613836593925953
207 : -2.2730433233082294
208 : -1.1813941020518541
209 : -1.5900483187288046
210 : -1.447468719445169
211 : -2.0072208479978144
212 : -1.0468131988309324
213 : -0.7383107668720186
214 : -1.0127501850947738
215 : 0.14842781983315945
216 : -1.6158661325462162
217 : -1.2897113389335573
218 : -1.5804990381002426
219 : -1.5014954421203583
220 : -0.97540049161762
221 : -1.739942017942667
222 : -1.5297772171907127
223 : -2.3381792423315346
224 : -1.6461607180535793
225 : -1.1105647922086064
226 : -1.5634943097829819
227 : -2.2631057193502784
228 : -1.6742633916437626
229 : -0.4009262537583709
230 : -1.024747395189479
231 : -1.2474246192723513
232 : -1.963272288441658
233 : -0.3415331318974495
234 : -1.5003528706729412
235 : -0.20408036187291145
236 : -0.9903758973814547
237 : -2.1804391480982304
238 : -1.2719475692138076
239 : -1.2370469167362899
240 : -1.1649686521850526
241 : 0.06797841191291809
242 : -1.392397039104253
243 : -0.9108404896687716
244 : -1.1537705974187702
245 : -2.6514564864337444
246 : -1.460195755586028
247 : -0.6652617990039289
248 : -1.1518235930707306
249 : -1.6329261595383286
250 : -1.0396064799278975
251 : -2.2762869326397777
252 : -1.2468041349202394
253 : -0.16638927906751633
254 : -1.2144220914924517
255 : 0.10044628754258156
256 : -0.8554675942286849
257 : -0.10914551839232445
258 : -1.3682825397700071
259 : -0.9204240328399464
260 : -2.281484550330788
261 : -1.4251363673247397
262 : -1.4758915938436985
263 : -1.322613695752807
264 : -1.7094991002231836
265 : 0.07364413142204285
266 : -2.4692241325974464
267 : -0.9419784952187911
268 : -1.1577251693233848
269 : -1.1372232807334512
270 : -0.9787912108004093
271 : -0.5251989299431443
272 : -1.5045428012963384
273 : -0.7012637751176953
274 : -1.4834319986402988
275 : -1.167894251877442
276 : -1.299134211614728
277 : 0.1481354683637619
278 : -1.5812039822340012
279 : -1.3140512583777308
280 : -1.5242830999195576
281 : -1.0732609361875802
282 : -0.9797265981324017
283 : -0.1497525554150343
284 : -1.5839435905218124
285 : 0.00015745684504508972
286 : -1.8445254378020763
287 : -2.0975385811179876
288 : -1.247990570787806
289 : -1.9749262388795614
290 : -1.3658439833670855
291 : -2.175762001425028
292 : -0.9859520057216287
293 : -2.0457514286972582
294 : -1.0491537200286984
295 : 0.06473874300718307
296 : -1.5442956425249577
297 : -1.8964884709566832
298 : -1.5965172313153744
299 : -1.174716136418283
300 : -1.8426792211830616
301 : -1.6174443662166595
302 : -1.5533090196549892
303 : -2.1766349342651665
304 : -1.2367270039394498
305 : -1.6414375440217555
306 : -1.209560515359044
307 : -2.0278819939121604
308 : -1.550109826028347
309 : -2.134270938578993
310 : -2.3711008094251156
311 : -2.1747865471988916
312 : -1.1485229863319546
313 : -1.2380083340685815
314 : -1.3886386789381504
315 : -0.4872742947191
316 : -1.6179728284478188
317 : 0.003593510016798973
318 : -1.4951413497328758
319 : -1.6375451288186014
320 : -1.3719442524015903
321 : -0.46402440313249826
322 : -1.1084023122675717
323 : -0.8198361643590033
324 : -1.9379477798938751
325 : 0.07829561457037926
326 : -1.2669181171804667
327 : -2.2573893079534173
328 : -1.7763860374689102
329 : -0.25224617403000593
330 : -1.4268428459763527
331 : -2.247432184405625
332 : -1.084915072657168
333 : -0.603695466183126
334 : -0.8692168137058616
335 : -0.20197266712784767
336 : -1.488902822136879
337 : -0.8746410775929689
338 : -1.3324496950954199
339 : -1.3293070257059298
340 : -1.526926588267088
341 : -0.776916372589767
342 : -1.0178696410730481
343 : -2.054859999101609
344 : -1.3323563933372498
345 : -0.45223880000412464
346 : -1.3728308081626892
347 : 0.1148623377084732
348 : -1.5968420021235943
349 : -0.05317099764943123
350 : -1.4835145100951195
351 : -1.6826030500233173
352 : -1.601342834532261
353 : -2.091415350791067
354 : -1.3015450900420547
355 : -2.31017563957721
356 : -1.0598180000670254
357 : -1.109413425438106
358 : -1.709091767668724
359 : -0.38759394362568855
360 : -1.545776106417179
361 : -1.178375880641397
362 : -1.5217222664505243
363 : -0.41214524395763874
364 : -1.058666996192187
365 : -0.7593971434980631
366 : -1.0070971380919218
367 : -0.5570203587412834
368 : -1.0077510457485914
369 : -1.4663939662277699
370 : -1.5437734834849834
371 : -0.8191762904170901
372 : -1.0385417039506137
373 : -2.333232695236802
374 : -1.2498079952783883
375 : -1.8595256742555648
376 : -1.2440049797296524
377 : -1.59947430761531
378 : -1.1188885564915836
379 : -1.5952432127669454
380 : -1.265050702728331
381 : 0.07426440715789795
382 : -0.9026946560479701
383 : -1.3719579288735986
384 : -2.205517690628767
385 : -2.1395209175534546
386 : -1.4449105337262154
387 : -0.7120908722281456
388 : -0.9144821893423796
389 : -1.0308027825667523
390 : -0.8509776000864804
391 : -0.10880396701395512
392 : -1.2747560986317694
393 : -2.008642849046737
394 : -1.6305115297436714
395 : -2.32310148794204
396 : -1.6239477284252644
397 : -0.07485139928758144
398 : -0.9165301527827978
399 : -2.2091303756460547
400 : -1.6264704838395119
401 : -0.18647696822881699
402 : -1.5485098659992218
403 : -0.002117997035384178
404 : -0.9023057171143591
405 : -1.993410446215421
406 : -2.056868452578783
407 : -2.3557040318846703
408 : -1.6657015904784203
409 : -2.089715457521379
410 : -0.9081806843169034
411 : -1.9170364891178906
412 : -0.9447852438315749
413 : -1.8170823701657355
414 : -1.4462915249168873
415 : -2.059146724175662
416 : -1.098246643319726
417 : -2.1470516715198755
418 : -1.3444107035174966
419 : -2.0425494513474405
420 : -1.5109248203225434
421 : -0.09407001174986362
422 : -0.9499506326392293
423 : -2.257164097391069
424 : -1.2582835301291198
425 : -1.8913467670790851
426 : -1.0682148188352585
427 : -1.8897154117003083
428 : -1.3460850631818175
429 : -1.6100086965598166
430 : -1.1886495314538479
431 : 0.06709474325180054
432 : -1.7280839569866657
433 : -1.7512917066924274
434 : -1.327271394431591
435 : -1.6706514186225832
436 : -1.2569559995317832
437 : -0.27994222939014435
438 : -1.0497090741991997
439 : -0.11376703903079033
440 : -1.631729356944561
441 : -2.255133530125022
442 : -2.02617708966136
443 : -0.00944281741976738
444 : -1.6638597026467323
445 : -0.5992455058731139
446 : -1.69152320176363
447 : -1.2885599222499877
448 : -1.738027323037386
449 : 0.11163542792201042
450 : -1.0222268253564835
451 : -1.5155687651131302
452 : -1.2351602399721742
453 : -0.13256596587598324
454 : -0.9221635875292122
455 : -2.1541561847552657
456 : -1.1971000265330076
457 : 0.05916701629757881
458 : -1.1387501393910497
459 : -2.0596338622272015
460 : -1.1482643124181777
461 : -1.5089462962932885
462 : -1.4595845900475979
463 : -0.013520311564207077
464 : -1.422859275713563
465 : -2.2734307274222374
466 : -0.9432440488599241
467 : -2.092546289321035
468 : -1.6639793664216995
469 : -0.1697525754570961
470 : -2.1204442493617535
471 : -2.296412108466029
472 : -1.9099806025624275
473 : -0.024479921907186508
474 : -1.469103429466486
475 : -2.3152704695239663
476 : -1.0904101529158652
477 : -0.7639173753559589
!!! updated
478 : -1.624661992304027
479 : -1.4718883093446493
480 : -1.3700309582054615
481 : -1.3377529405988753
Setting up 2 worker threads for Enlighten.
  Thread -> id: 7f9856ffd700 -> priority: 1 
  Thread -> id: 7f98567fc700 -> priority: 1 
Traceback (most recent call last):
  File "main.py", line 123, in <module>
    returns = [episode(env, agent, i) for i in range(training_episodes)]
  File "main.py", line 123, in <listcomp>
    returns = [episode(env, agent, i) for i in range(training_episodes)]
  File "main.py", line 30, in episode
    next_state, reward, done, _ = env.step(action.numpy()[0])
  File "/home/j/jensenj/.local/lib/python3.6/site-packages/gym_unity/envs/__init__.py", line 177, in step
    self._env.step()
  File "/home/j/jensenj/.local/lib/python3.6/site-packages/mlagents_envs/timers.py", line 305, in wrapped
    return func(*args, **kwargs)
  File "/home/j/jensenj/.local/lib/python3.6/site-packages/mlagents_envs/environment.py", line 319, in step
    self._update_state(rl_output)
  File "/home/j/jensenj/.local/lib/python3.6/site-packages/mlagents_envs/environment.py", line 275, in _update_state
    agent_info_list, self._env_specs[brain_name]
  File "/home/j/jensenj/.local/lib/python3.6/site-packages/mlagents_envs/timers.py", line 305, in wrapped
    return func(*args, **kwargs)
  File "/home/j/jensenj/.local/lib/python3.6/site-packages/mlagents_envs/rpc_utils.py", line 193, in steps_from_proto
    obs_index, obs_shape, terminal_agent_info_list
  File "/home/j/jensenj/.local/lib/python3.6/site-packages/mlagents_envs/timers.py", line 305, in wrapped
    return func(*args, **kwargs)
  File "/home/j/jensenj/.local/lib/python3.6/site-packages/mlagents_envs/rpc_utils.py", line 152, in _process_vector_observation
    _raise_on_nan_and_inf(np_obs, "observations")
  File "/home/j/jensenj/.local/lib/python3.6/site-packages/mlagents_envs/rpc_utils.py", line 130, in _raise_on_nan_and_inf
    raise RuntimeError(f"The {source} provided had NaN values.")
RuntimeError: The observations provided had NaN values.
2020-06-25 12:13:51 INFO [environment.py:418] Environment shut down with return code 0.
