slurmstepd-hasslach: error: Unable to create TMPDIR [/tmp/user/30108]: Permission denied
slurmstepd-hasslach: error: Setting TMPDIR to /tmp
Found path: /home/j/jensenj/PycharmProjects/Federer-Jr./src/../crawler_single/linux/dynamic_server/crawler_dynamic.x86_64
Mono path[0] = '/home/j/jensenj/PycharmProjects/Federer-Jr./src/../crawler_single/linux/dynamic_server/crawler_dynamic_Data/Managed'
Mono config path = '/home/j/jensenj/PycharmProjects/Federer-Jr./src/../crawler_single/linux/dynamic_server/crawler_dynamic_Data/MonoBleedingEdge/etc'
Preloaded 'lib_burst_generated.so'
Preloaded 'libgrpc_csharp_ext.x64.so'
Initialize engine version: 2019.3.15f1 (59ff3e03856d)
[Subsystems] Discovering subsystems at path /home/j/jensenj/PycharmProjects/Federer-Jr./src/../crawler_single/linux/dynamic_server/crawler_dynamic_Data/UnitySubsystems
Forcing GfxDevice: Null
GfxDevice: creating device client; threaded=0
NullGfxDevice:
    Version:  NULL 1.0 [1.0]
    Renderer: Null Device
    Vendor:   Unity Technologies
Begin MonoManager ReloadAssembly
- Completed reload, in  0.110 seconds
WARNING: Shader Unsupported: 'Autodesk Interactive' - All passes removed
WARNING: Shader Did you use #pragma only_renderers and omit this platform?
UnloadTime: 0.441369 ms
Fallback handler could not load library /home/j/jensenj/PycharmProjects/Federer-Jr./src/../crawler_single/linux/dynamic_server/crawler_dynamic_Data/Mono/libcoreclr.so
Fallback handler could not load library /home/j/jensenj/PycharmProjects/Federer-Jr./src/../crawler_single/linux/dynamic_server/crawler_dynamic_Data/Mono/libcoreclr.so
Fallback handler could not load library /home/j/jensenj/PycharmProjects/Federer-Jr./src/../crawler_single/linux/dynamic_server/crawler_dynamic_Data/Mono/libcoreclr.so
Fallback handler could not load library /home/j/jensenj/PycharmProjects/Federer-Jr./src/../crawler_single/linux/dynamic_server/crawler_dynamic_Data/Mono/libSystem.dylib
Fallback handler could not load library /home/j/jensenj/PycharmProjects/Federer-Jr./src/../crawler_single/linux/dynamic_server/crawler_dynamic_Data/Mono/libSystem.dylib.so
Fallback handler could not load library /home/j/jensenj/PycharmProjects/Federer-Jr./src/../crawler_single/linux/dynamic_server/crawler_dynamic_Data/Mono/libSystem.dylib
Fallback handler could not load library /home/j/jensenj/PycharmProjects/Federer-Jr./src/../crawler_single/linux/dynamic_server/crawler_dynamic_Data/Mono/libcoreclr.so
Fallback handler could not load library /home/j/jensenj/PycharmProjects/Federer-Jr./src/../crawler_single/linux/dynamic_server/crawler_dynamic_Data/Mono/libcoreclr.so
Fallback handler could not load library /home/j/jensenj/PycharmProjects/Federer-Jr./src/../crawler_single/linux/dynamic_server/crawler_dynamic_Data/Mono/libcoreclr.so
Fallback handler could not load library /home/j/jensenj/PycharmProjects/Federer-Jr./src/../crawler_single/linux/dynamic_server/crawler_dynamic_Data/Mono/libSystem.dylib
Fallback handler could not load library /home/j/jensenj/PycharmProjects/Federer-Jr./src/../crawler_single/linux/dynamic_server/crawler_dynamic_Data/Mono/libSystem.dylib.so
Fallback handler could not load library /home/j/jensenj/PycharmProjects/Federer-Jr./src/../crawler_single/linux/dynamic_server/crawler_dynamic_Data/Mono/libSystem.dylib
/home/j/jensenj/.local/lib/python3.6/site-packages/tensorboard/compat/tensorflow_stub/dtypes.py:541: FutureWarning: Passing (type, 1) or '1type' as a synonym of type is deprecated; in a future version of numpy, it will be understood as (type, (1,)) / '(1,)type'.
  _np_qint8 = np.dtype([("qint8", np.int8, 1)])
/home/j/jensenj/.local/lib/python3.6/site-packages/tensorboard/compat/tensorflow_stub/dtypes.py:542: FutureWarning: Passing (type, 1) or '1type' as a synonym of type is deprecated; in a future version of numpy, it will be understood as (type, (1,)) / '(1,)type'.
  _np_quint8 = np.dtype([("quint8", np.uint8, 1)])
/home/j/jensenj/.local/lib/python3.6/site-packages/tensorboard/compat/tensorflow_stub/dtypes.py:543: FutureWarning: Passing (type, 1) or '1type' as a synonym of type is deprecated; in a future version of numpy, it will be understood as (type, (1,)) / '(1,)type'.
  _np_qint16 = np.dtype([("qint16", np.int16, 1)])
/home/j/jensenj/.local/lib/python3.6/site-packages/tensorboard/compat/tensorflow_stub/dtypes.py:544: FutureWarning: Passing (type, 1) or '1type' as a synonym of type is deprecated; in a future version of numpy, it will be understood as (type, (1,)) / '(1,)type'.
  _np_quint16 = np.dtype([("quint16", np.uint16, 1)])
/home/j/jensenj/.local/lib/python3.6/site-packages/tensorboard/compat/tensorflow_stub/dtypes.py:545: FutureWarning: Passing (type, 1) or '1type' as a synonym of type is deprecated; in a future version of numpy, it will be understood as (type, (1,)) / '(1,)type'.
  _np_qint32 = np.dtype([("qint32", np.int32, 1)])
/home/j/jensenj/.local/lib/python3.6/site-packages/tensorboard/compat/tensorflow_stub/dtypes.py:550: FutureWarning: Passing (type, 1) or '1type' as a synonym of type is deprecated; in a future version of numpy, it will be understood as (type, (1,)) / '(1,)type'.
  np_resource = np.dtype([("resource", np.ubyte, 1)])
2020-06-25 12:30:51 INFO [environment.py:108] Connected to Unity environment with package version 1.0.2 and communication version 1.0.0
2020-06-25 12:30:51 INFO [environment.py:265] Connected new brain:
CrawlerDynamic?team=0
2020-06-25 12:30:51 WARNING [__init__.py:92] The environment contains multiple observations. You must define allow_multiple_obs=True to receive them all. Otherwise, only the first visual observation (or vector observation ifthere are no visual observations) will be provided in the observation.
/home/j/jensenj/.local/lib/python3.6/site-packages/gym/logger.py:30: UserWarning: [33mWARN: Box bound precision lowered by casting to float32[0m
  warnings.warn(colorize('%s: %s'%('WARN', msg % args), 'yellow'))
/home/j/jensenj/.local/lib/python3.6/site-packages/numpy/core/_methods.py:160: RuntimeWarning: invalid value encountered in reduce
  ret = umr_sum(arr, axis, dtype, out, keepdims)
update_time_steps: 10240 , ppo_epochs: 4 , beta:  0.001 , gamma 0.9
0 : 2.46550236037001
1 : -2.7333286106586456
2 : -1.1822271840646863
3 : -1.5728536527603865
4 : -3.420211692340672
5 : -2.1094878632575274
6 : -1.7631057458929718
7 : -2.0130709540098906
8 : -0.05483330553397536
9 : -1.6084490194916725
10 : -0.9188464204780757
11 : -1.7793049779720604
12 : -0.4159132270142436
13 : -0.026799938175827265
14 : 2.050408958690241
15 : -1.7481122314929962
16 : -2.4588600946590304
17 : -1.4186181554105133
18 : -0.6195615148171782
19 : -1.2820575907826424
20 : -0.33040383318439126
21 : -1.7206797953695059
22 : -1.258367425762117
23 : 1.0332953969482332
24 : -1.2439608415588737
25 : -2.875277536455542
26 : 7.513706813566387
27 : -0.8719677804037929
28 : -2.7685475014150143
29 : -1.4952383041381836
30 : -0.9029771280474961
31 : -1.5830986499786377
32 : -0.2518441527208779
33 : -1.2889895089901984
34 : -1.2451905463822186
35 : -1.4793689569924027
36 : -1.6289282264187932
37 : -1.1163194933906198
38 : -1.2749641654081643
39 : -0.2633379343897104
40 : -0.2828394868411124
41 : -7.552192531526089
42 : -2.2891021920368075
43 : -3.578479653224349
44 : -0.9207418048754334
45 : -0.7375187547877431
46 : -0.8795888628810644
47 : -1.990803218446672
48 : 3.057151235640049
49 : -2.375950783956796
50 : -0.8943302053958178
51 : -0.9612767426297069
52 : 2.4404759923927486
53 : -1.447657622396946
54 : 1.6431747637689114
55 : -1.1402234139386564
56 : -1.1001140512526035
57 : -2.044408488785848
58 : -1.756647533737123
59 : -0.7787795047042891
60 : -1.455718851648271
61 : -1.15053183818236
62 : -0.24521866044960916
63 : -1.1434111082926393
64 : -0.8385800123214722
65 : -2.2587987519800663
66 : -3.6578441644087434
67 : 1.2559783235192299
68 : -1.8256638031452894
69 : 2.776934953406453
70 : -1.5810444802045822
71 : -1.0346256312914193
72 : -0.07862391322851181
73 : -1.4400159865617752
74 : -1.3872143847402185
75 : -1.2693667765706778
76 : -0.2213317696005106
77 : -1.5065276576206088
78 : -1.300280661555007
79 : -12.890930499881506
80 : -1.6214101100340486
81 : -0.9584014802239835
82 : -1.6187611697241664
83 : 3.150383109925315
84 : -2.853247120976448
85 : -0.8840080569498241
86 : -1.1655486347153783
87 : -5.607774889562279
88 : -1.8384455889463425
89 : -1.4923375928774476
90 : -1.5926486477255821
91 : -1.4555322797968984
92 : -1.576512926723808
93 : -2.610553251579404
94 : -0.5126271415501833
95 : -1.0395560516044497
96 : -0.4849964012391865
97 : -1.3136953134089708
98 : -1.9216446448117495
99 : -3.039808035828173
100 : -2.5992556903511286
101 : -0.37422178918495774
102 : -1.5891757374629378
103 : -2.4769427366554737
104 : -1.8864139430224895
105 : -1.90536037273705
106 : -1.016671247780323
107 : -1.6865700932685286
108 : -1.0278051132336259
109 : -7.08682956174016
110 : 0.0796581394970417
111 : -1.2511612037196755
112 : -1.3351550395600498
113 : -2.2712757578119636
114 : -1.579191967844963
115 : -1.4769309153780341
116 : 1.214095318224281
117 : -4.051830369979143
118 : -1.922887597233057
119 : -1.6548485904932022
120 : 4.547959755640477
121 : -1.3624595410656184
122 : -2.501910357736051
123 : -0.19575734029058367
124 : -0.947666622698307
125 : -3.447847693460062
126 : -2.7177450070157647
127 : 0.4802168346941471
128 : -2.0130758322775364
129 : -1.4118683906272054
130 : -5.351439218968153
131 : -6.714726944919676
132 : -0.40177698200568557
133 : -1.7458644602447748
134 : -1.3886830722913146
135 : -1.5684685036540031
136 : -2.1937717967666686
137 : -1.499395397491753
138 : -1.69332804530859
139 : 0.44759224832523614
140 : 6.6798824144061655
141 : -2.628639731556177
142 : -1.5983644649386406
143 : -1.3245191015303135
144 : -0.9360759076662362
145 : 6.98116225656122
146 : -1.6533181965351105
147 : -0.3501903503201902
148 : -2.5173639613203704
149 : -1.5633373847231269
150 : -0.7691212985664606
151 : -2.8988441713154316
152 : -2.374415848404169
153 : 6.293113995343447
154 : -0.958385625272058
155 : -1.294151873793453
156 : -0.008042109198868275
157 : -1.004730574786663
158 : -0.5268582468852401
159 : -4.04520198982209
160 : -2.0777658838778734
161 : -1.6858098898082972
162 : -0.8378836493939161
163 : -1.4577250517904758
164 : 0.7656818921677768
165 : -1.3732193033210933
166 : -1.0685286193620414
167 : -0.3996184919960797
168 : -1.3972811745479703
169 : -1.6205111616291106
170 : -1.6676282305270433
171 : -1.0846526809036732
172 : -1.6397364791482687
173 : -5.360503235831857
174 : -1.8296251613646746
175 : -1.429558533243835
176 : -0.39616947900503874
177 : -1.797033695038408
178 : -6.400487329112366
179 : 2.1760358116589487
180 : -5.760911673307419
181 : -0.9709595395252109
182 : -1.3853298840112984
183 : 3.9440832044929266
184 : -1.6962044169194996
185 : -2.7485805302858353
186 : -1.7236115483101457
187 : -2.255194589495659
188 : 0.33791117183864117
189 : 0.31313807191327214
190 : -2.247138626873493
191 : -1.44513558736071
192 : -2.11174376308918
193 : -1.0855384087190032
194 : -0.8065985068678856
195 : -0.7214922569692135
196 : -1.5449227020144463
197 : -1.6763985566794872
198 : -2.2381008602678776
199 : -3.2420200165361166
200 : -2.2446507667191327
201 : -2.0288264714181423
202 : -4.840550945606083
203 : -0.9415673539042473
204 : -5.432492718100548
205 : -1.0647152606397867
206 : 2.2254037116654217
207 : -1.06084769917652
208 : -1.6033660620450974
209 : -0.9213245380669832
210 : -1.285968104377389
211 : 0.046057223342359066
212 : -1.3619916951283813
213 : -0.6887952820397913
214 : -1.2685252458322793
215 : -0.04862652602605522
216 : -1.3778465948998928
217 : 5.615504316985607
218 : -2.24850130174309
219 : -0.8275665594264865
220 : -2.263796989340335
221 : 0.5590827320702374
222 : -1.0063938781968318
223 : -1.4657737808302045
224 : 0.44195050559937954
225 : -1.599275498650968
226 : -2.1090371643658727
227 : -0.9459471679292619
228 : -1.3083488317206502
229 : 1.9766762349754572
230 : -0.9203495364636183
231 : -0.9423992335796356
232 : -1.8048153333365917
233 : -0.7835585158318281
234 : -0.5537179405800998
235 : -1.7195820563938469
236 : -1.1804845053702593
237 : -0.8609032412059605
238 : -1.7387830447405577
239 : -2.9888571710325778
240 : -1.1135483849793673
241 : -1.173841849900782
242 : -1.4496144701261073
243 : -1.899717593099922
244 : -2.7601385954767466
245 : -1.1982640188653022
246 : -0.7573945093899965
247 : -3.3656693710945547
248 : -2.0287837088108063
249 : -1.444003809709102
250 : -1.245715715456754
251 : -1.7049953751266003
252 : -1.0107696279883385
253 : -2.1630779174156487
254 : -1.6489982660859823
255 : -1.2888551773503423
256 : -2.6672042263671756
257 : -4.018546177074313
258 : -1.9661486721597612
259 : -2.0365245018620044
260 : -1.654867086559534
261 : -1.3148334990255535
262 : -1.64548832597211
263 : -2.1336793147493154
264 : -3.3349443385377526
265 : -1.294635642785579
266 : 5.941183699294925
267 : -2.238660706439987
268 : -2.0582119841128588
269 : -0.2613460822030902
270 : -1.6569713063072413
271 : -1.283241514582187
272 : -0.9422873724251986
273 : -1.721693909727037
274 : 5.065229479689151
275 : 17.971103325020522
276 : 3.5431523248553276
277 : -0.9587768809869885
278 : 0.3089716103859246
279 : -1.828656283672899
280 : -1.4294988997280598
281 : -0.36654835287481546
282 : -0.945723329205066
283 : -5.383112542331219
284 : -1.3199454080313444
285 : -3.1768506187945604
286 : -3.545202627312392
287 : -7.775118332821876
288 : -0.995244522113353
289 : -0.3473380063660443
290 : -0.44986889138817787
291 : -1.5098773809149861
292 : -0.5676218019798398
293 : -1.866677686572075
294 : -7.475713897496462
295 : 0.44385772198438644
296 : -1.3448635172098875
297 : -1.4918820913881063
298 : -6.7116238521412015
299 : -1.7498920699581504
300 : -7.5351256132125854
301 : -0.43693235609680414
302 : -3.2464749107602984
303 : 0.9941569119691849
304 : -1.755704777315259
305 : -1.1335405614227057
306 : 0.2972950469702482
307 : 0.4795923922210932
308 : 0.09269847813993692
309 : -7.426375526469201
310 : -2.2736193016171455
311 : -1.6350052924826741
312 : -1.706847969442606
313 : -3.541735263541341
314 : -2.080121960490942
315 : -13.339138184208423
316 : -0.9523712377995253
317 : -0.5982790421694517
318 : -0.7593737971037626
319 : -2.041538245975971
320 : -12.036243638489395
321 : -1.6548586636781693
322 : -0.7711758445948362
323 : 3.265525701455772
324 : -4.481706237886101
325 : -1.6328013157472014
326 : -1.1116084195673466
327 : -3.2774000093340874
328 : -1.2354047470726073
329 : 2.8980020275339484
330 : -1.256296811858192
331 : 2.108177982736379
332 : -4.198611918836832
333 : -3.688075872603804
334 : -0.9552722591906786
335 : -1.3244243646040559
336 : -0.2145225778222084
337 : -0.9082871777936816
338 : -1.0100896386429667
339 : -1.0622222011443228
340 : -3.5386264007538557
341 : -0.8789306776598096
342 : -1.3158972817473114
343 : -0.2687157606706023
344 : -0.7878904528915882
345 : -5.342745997942984
346 : -3.98593008518219
347 : -2.335576927755028
348 : -1.581140024587512
349 : -6.208777964580804
350 : -1.5423352625221014
351 : 1.55738634057343
352 : -1.311081709805876
353 : -3.786812546197325
354 : -1.1337418272159994
355 : -1.0988767091184855
356 : 2.1023694556206465
357 : -1.3481746651232243
358 : -1.5066062733530998
359 : 2.441895413212478
360 : -0.9684883682057261
361 : -1.177044882439077
362 : -2.1016780955251306
363 : -1.4029192123562098
364 : -0.28563570883125067
365 : -1.8755598673596978
366 : -1.9627098753117025
367 : 3.885705799795687
368 : -1.409723313525319
369 : -3.208031700225547
370 : 2.7479646150022745
371 : -1.3731511887162924
372 : -1.6028058789670467
373 : -1.1922610364854336
374 : -4.659176126122475
375 : -1.1110836006700993
376 : 0.7927376450970769
377 : -1.259979626047425
378 : 10.900565885938704
379 : -3.067449402064085
380 : -1.565856346860528
381 : -2.0840081637725234
382 : -0.839408066123724
383 : -0.3000276009552181
384 : -1.6900402680039406
385 : -0.8811649968847632
386 : -1.1137590832076967
387 : -2.857964933849871
388 : -1.8001292012631893
389 : -1.5555115528404713
390 : 0.4174940353259444
391 : -1.5558639168739319
392 : -1.126607698854059
393 : -1.685840904712677
394 : -1.613267689011991
395 : -0.9798138160258532
396 : -1.232742237392813
397 : -1.3416344088036567
398 : 2.563373140990734
399 : -4.767580330371857
400 : -0.9616025043651462
401 : -0.3400924471206963
402 : 1.8096306757070124
403 : -0.42876323964446783
404 : -1.4007147159427404
405 : -2.729569735005498
406 : 0.7007680982351303
407 : -0.49612507596611977
408 : 5.766385002760217
409 : -1.2240694342181087
410 : -0.11649261973798275
411 : -1.9544641068205237
412 : -1.512668119277805
413 : -2.787597658112645
414 : -2.249017001595348
415 : 5.536183656542562
416 : -4.146562445908785
417 : -5.713081950321794
418 : -10.480784211307764
419 : -0.9633911456912756
420 : -1.5505755213089287
421 : 0.6743128122761846
422 : 0.30330831464380026
423 : -1.0852602923405357
424 : -1.653250482864678
425 : -1.5822618082165718
426 : -0.9862683080136776
427 : 4.117510162410326
428 : -5.960372183471918
429 : -1.2099844850599766
430 : -1.0598160168156028
431 : -1.3799739815294743
432 : -1.0841896580532193
433 : -1.2055218652822077
434 : -1.079285779967904
435 : -1.2798151266761124
436 : -0.46586614986881614
437 : 4.277673443662934
438 : -1.7433458678424358
439 : -1.5188459642231464
440 : -5.289796760305762
441 : -0.25523022655397654
442 : -1.6042504583019763
443 : -1.0885694390162826
444 : -2.212464381940663
445 : -3.7707351837307215
446 : -6.241970777511597
447 : -2.0235954863019288
448 : 7.724869782832684
449 : -0.7354204365983605
450 : 0.0583720076829195
451 : 2.5406001675873995
452 : -7.827059430070221
453 : -2.0732416175305843
454 : -0.9446503859944642
455 : 0.2277535032480955
456 : -1.7221216633915901
!!! updated
457 : -0.9317800654098392
458 : -2.022746552247554
Setting up 2 worker threads for Enlighten.
  Thread -> id: 7fdc41160700 -> priority: 1 
  Thread -> id: 7fdc4095f700 -> priority: 1 
Traceback (most recent call last):
  File "main.py", line 123, in <module>
    returns = [episode(env, agent, i) for i in range(training_episodes)]
  File "main.py", line 123, in <listcomp>
    returns = [episode(env, agent, i) for i in range(training_episodes)]
  File "main.py", line 30, in episode
    next_state, reward, done, _ = env.step(action.numpy()[0])
  File "/home/j/jensenj/.local/lib/python3.6/site-packages/gym_unity/envs/__init__.py", line 177, in step
    self._env.step()
  File "/home/j/jensenj/.local/lib/python3.6/site-packages/mlagents_envs/timers.py", line 305, in wrapped
    return func(*args, **kwargs)
  File "/home/j/jensenj/.local/lib/python3.6/site-packages/mlagents_envs/environment.py", line 319, in step
    self._update_state(rl_output)
  File "/home/j/jensenj/.local/lib/python3.6/site-packages/mlagents_envs/environment.py", line 275, in _update_state
    agent_info_list, self._env_specs[brain_name]
  File "/home/j/jensenj/.local/lib/python3.6/site-packages/mlagents_envs/timers.py", line 305, in wrapped
    return func(*args, **kwargs)
  File "/home/j/jensenj/.local/lib/python3.6/site-packages/mlagents_envs/rpc_utils.py", line 188, in steps_from_proto
    obs_index, obs_shape, decision_agent_info_list
  File "/home/j/jensenj/.local/lib/python3.6/site-packages/mlagents_envs/timers.py", line 305, in wrapped
    return func(*args, **kwargs)
  File "/home/j/jensenj/.local/lib/python3.6/site-packages/mlagents_envs/rpc_utils.py", line 152, in _process_vector_observation
    _raise_on_nan_and_inf(np_obs, "observations")
  File "/home/j/jensenj/.local/lib/python3.6/site-packages/mlagents_envs/rpc_utils.py", line 130, in _raise_on_nan_and_inf
    raise RuntimeError(f"The {source} provided had NaN values.")
RuntimeError: The observations provided had NaN values.
2020-06-25 12:42:42 INFO [environment.py:418] Environment shut down with return code 0.
