slurmstepd-donau: error: Unable to create TMPDIR [/tmp/user/30108]: Permission denied
slurmstepd-donau: error: Setting TMPDIR to /tmp
Found path: /home/j/jensenj/PycharmProjects/Federer-Jr./src/../crawler_single/linux/dynamic_server/crawler_dynamic.x86_64
Mono path[0] = '/home/j/jensenj/PycharmProjects/Federer-Jr./src/../crawler_single/linux/dynamic_server/crawler_dynamic_Data/Managed'
Mono config path = '/home/j/jensenj/PycharmProjects/Federer-Jr./src/../crawler_single/linux/dynamic_server/crawler_dynamic_Data/MonoBleedingEdge/etc'
Preloaded 'lib_burst_generated.so'
Preloaded 'libgrpc_csharp_ext.x64.so'
Initialize engine version: 2019.3.15f1 (59ff3e03856d)
[Subsystems] Discovering subsystems at path /home/j/jensenj/PycharmProjects/Federer-Jr./src/../crawler_single/linux/dynamic_server/crawler_dynamic_Data/UnitySubsystems
Forcing GfxDevice: Null
GfxDevice: creating device client; threaded=0
NullGfxDevice:
    Version:  NULL 1.0 [1.0]
    Renderer: Null Device
    Vendor:   Unity Technologies
Begin MonoManager ReloadAssembly
- Completed reload, in  0.107 seconds
WARNING: Shader Unsupported: 'Autodesk Interactive' - All passes removed
WARNING: Shader Did you use #pragma only_renderers and omit this platform?
UnloadTime: 0.435501 ms
Fallback handler could not load library /home/j/jensenj/PycharmProjects/Federer-Jr./src/../crawler_single/linux/dynamic_server/crawler_dynamic_Data/Mono/libcoreclr.so
Fallback handler could not load library /home/j/jensenj/PycharmProjects/Federer-Jr./src/../crawler_single/linux/dynamic_server/crawler_dynamic_Data/Mono/libcoreclr.so
Fallback handler could not load library /home/j/jensenj/PycharmProjects/Federer-Jr./src/../crawler_single/linux/dynamic_server/crawler_dynamic_Data/Mono/libcoreclr.so
Fallback handler could not load library /home/j/jensenj/PycharmProjects/Federer-Jr./src/../crawler_single/linux/dynamic_server/crawler_dynamic_Data/Mono/libSystem.dylib
Fallback handler could not load library /home/j/jensenj/PycharmProjects/Federer-Jr./src/../crawler_single/linux/dynamic_server/crawler_dynamic_Data/Mono/libSystem.dylib.so
Fallback handler could not load library /home/j/jensenj/PycharmProjects/Federer-Jr./src/../crawler_single/linux/dynamic_server/crawler_dynamic_Data/Mono/libSystem.dylib
Fallback handler could not load library /home/j/jensenj/PycharmProjects/Federer-Jr./src/../crawler_single/linux/dynamic_server/crawler_dynamic_Data/Mono/libcoreclr.so
Fallback handler could not load library /home/j/jensenj/PycharmProjects/Federer-Jr./src/../crawler_single/linux/dynamic_server/crawler_dynamic_Data/Mono/libcoreclr.so
Fallback handler could not load library /home/j/jensenj/PycharmProjects/Federer-Jr./src/../crawler_single/linux/dynamic_server/crawler_dynamic_Data/Mono/libcoreclr.so
Fallback handler could not load library /home/j/jensenj/PycharmProjects/Federer-Jr./src/../crawler_single/linux/dynamic_server/crawler_dynamic_Data/Mono/libSystem.dylib
Fallback handler could not load library /home/j/jensenj/PycharmProjects/Federer-Jr./src/../crawler_single/linux/dynamic_server/crawler_dynamic_Data/Mono/libSystem.dylib.so
Fallback handler could not load library /home/j/jensenj/PycharmProjects/Federer-Jr./src/../crawler_single/linux/dynamic_server/crawler_dynamic_Data/Mono/libSystem.dylib
/home/j/jensenj/.local/lib/python3.6/site-packages/tensorboard/compat/tensorflow_stub/dtypes.py:541: FutureWarning: Passing (type, 1) or '1type' as a synonym of type is deprecated; in a future version of numpy, it will be understood as (type, (1,)) / '(1,)type'.
  _np_qint8 = np.dtype([("qint8", np.int8, 1)])
/home/j/jensenj/.local/lib/python3.6/site-packages/tensorboard/compat/tensorflow_stub/dtypes.py:542: FutureWarning: Passing (type, 1) or '1type' as a synonym of type is deprecated; in a future version of numpy, it will be understood as (type, (1,)) / '(1,)type'.
  _np_quint8 = np.dtype([("quint8", np.uint8, 1)])
/home/j/jensenj/.local/lib/python3.6/site-packages/tensorboard/compat/tensorflow_stub/dtypes.py:543: FutureWarning: Passing (type, 1) or '1type' as a synonym of type is deprecated; in a future version of numpy, it will be understood as (type, (1,)) / '(1,)type'.
  _np_qint16 = np.dtype([("qint16", np.int16, 1)])
/home/j/jensenj/.local/lib/python3.6/site-packages/tensorboard/compat/tensorflow_stub/dtypes.py:544: FutureWarning: Passing (type, 1) or '1type' as a synonym of type is deprecated; in a future version of numpy, it will be understood as (type, (1,)) / '(1,)type'.
  _np_quint16 = np.dtype([("quint16", np.uint16, 1)])
/home/j/jensenj/.local/lib/python3.6/site-packages/tensorboard/compat/tensorflow_stub/dtypes.py:545: FutureWarning: Passing (type, 1) or '1type' as a synonym of type is deprecated; in a future version of numpy, it will be understood as (type, (1,)) / '(1,)type'.
  _np_qint32 = np.dtype([("qint32", np.int32, 1)])
/home/j/jensenj/.local/lib/python3.6/site-packages/tensorboard/compat/tensorflow_stub/dtypes.py:550: FutureWarning: Passing (type, 1) or '1type' as a synonym of type is deprecated; in a future version of numpy, it will be understood as (type, (1,)) / '(1,)type'.
  np_resource = np.dtype([("resource", np.ubyte, 1)])
2020-06-25 12:36:51 INFO [environment.py:108] Connected to Unity environment with package version 1.0.2 and communication version 1.0.0
2020-06-25 12:36:51 INFO [environment.py:265] Connected new brain:
CrawlerDynamic?team=0
2020-06-25 12:36:51 WARNING [__init__.py:92] The environment contains multiple observations. You must define allow_multiple_obs=True to receive them all. Otherwise, only the first visual observation (or vector observation ifthere are no visual observations) will be provided in the observation.
/home/j/jensenj/.local/lib/python3.6/site-packages/gym/logger.py:30: UserWarning: [33mWARN: Box bound precision lowered by casting to float32[0m
  warnings.warn(colorize('%s: %s'%('WARN', msg % args), 'yellow'))
/home/j/jensenj/.local/lib/python3.6/site-packages/numpy/core/_methods.py:160: RuntimeWarning: invalid value encountered in reduce
  ret = umr_sum(arr, axis, dtype, out, keepdims)
update_time_steps: 10240 , ppo_epochs: 16 , beta:  0.001 , gamma 0.99
0 : -2.37689093593508
1 : -1.111267739906907
2 : -0.13216804154217243
3 : 0.9154497813433409
4 : -2.7155269104987383
5 : -3.3405008669942617
6 : -1.4457235522568226
7 : -0.9177086451090872
8 : -0.43705503549426794
9 : 8.62688622646965
10 : -1.062737362459302
11 : -3.5477159055881202
12 : -2.1724121312145144
13 : -0.4870119006372988
14 : -1.4061327362433076
15 : -1.6505733840167522
16 : -1.1189630730077624
17 : 0.1225544735789299
18 : 1.1521508523728698
19 : -1.049673367291689
20 : -2.7375775454565883
21 : -1.063362061046064
22 : -5.088985986076295
23 : 1.1306729912757874
24 : -0.495932555757463
25 : -1.2623276552185416
26 : 5.339148778002709
27 : -1.489371333271265
28 : -0.7092278669588268
29 : -1.8052494898438454
30 : -1.4214347209781408
31 : -2.539880922064185
32 : 3.700506979599595
33 : -0.8924336656928062
34 : -1.0664973915554583
35 : -1.3948987275362015
36 : -2.183833026327193
37 : -2.4317487254738808
38 : 19.69230561517179
39 : 1.1199077293276787
40 : -1.2519394932314754
41 : -1.059052468277514
42 : -0.4576700683683157
43 : -0.778329205699265
44 : -0.9240584522485733
45 : -0.20275527611374855
46 : -1.2161339891608804
47 : -1.4021689863875508
48 : -1.1174317114055157
49 : -1.8018404301255941
50 : -1.141377417021431
51 : -1.116668127477169
52 : 0.19693234376609325
53 : -3.9881169721484184
54 : -3.021692009177059
55 : 0.5679510836489499
56 : -1.0500636147335172
57 : -0.3100341053213924
58 : -0.9925257842987776
59 : -1.270718134008348
60 : -1.673515111207962
61 : -1.6392020881175995
62 : -1.5358042544685304
63 : -1.8169330842792988
64 : -1.3545531479176134
65 : -2.9346391283906996
66 : -1.0555765302851796
67 : -1.138074959628284
68 : 2.4581495113670826
69 : -1.394459584262222
70 : -2.0330115109682083
71 : -0.47766389418393373
72 : -1.2357945800758898
73 : -0.8667530892416835
74 : -1.300825440324843
75 : -1.4151334632188082
76 : -1.2983245523646474
77 : -1.225846465677023
78 : -1.0872616968117654
79 : 3.6515261586755514
80 : 3.4639606047421694
81 : 1.5820855414494872
82 : -1.0867102816700935
83 : -0.8288926593959332
84 : -1.7527021588757634
85 : -1.0937290918081999
86 : -0.9592074686661363
87 : -0.559727334883064
88 : -3.1496867672540247
89 : -0.768976142629981
90 : -1.0313109583221376
91 : -0.911069672787562
92 : -2.6922779818996787
93 : -1.2274227030575275
94 : -0.6494405558332801
95 : -1.0447273313766345
96 : -2.72327683866024
97 : -1.5898098228499293
98 : -0.5112347342073917
99 : -1.3269013483077288
100 : -0.3643622798845172
101 : -4.593180224765092
102 : -1.7129935137927532
103 : -0.8485028427094221
104 : -1.9101875312626362
105 : -0.758761782431975
106 : -1.4341362407431006
107 : -0.7384660586249083
108 : -0.8441928401589394
109 : -0.9848158708773553
110 : -0.8565865065902472
111 : -2.267451921943575
112 : -2.4372379407286644
113 : -1.3540189564228058
114 : -0.8433732986450195
115 : -7.524176828563213
116 : -0.3118063728325069
117 : -1.0271897101774812
118 : -4.070642130449414
119 : -2.333115801215172
120 : -1.6542508341372013
121 : -1.1054617776535451
122 : -1.3200122946873307
123 : -1.4524807278066874
124 : -1.4466027524322271
125 : -1.94357655569911
126 : -3.670062392950058
127 : -9.467056728433818
128 : 1.1106244483962655
129 : -1.6181586124002934
130 : -1.663258135318756
131 : 0.13541179290041327
132 : -2.337178529240191
133 : -1.4472335679456592
134 : -1.1101256776601076
135 : -1.7355672754347324
136 : -10.311977486591786
137 : -0.11266627907752991
138 : -0.8511257339268923
139 : -4.611007270403206
140 : -2.309009600430727
141 : -3.4309556894004345
142 : -2.0134110935032368
143 : -1.9303477760404348
144 : 6.217581151053309
145 : -0.8025140368845314
146 : -1.0334617607295513
147 : -1.4134012768045068
148 : -3.0926659433171153
149 : 10.142342043109238
150 : -1.7530098892748356
151 : -6.834486775100231
152 : -5.397764081135392
153 : -1.289849161170423
154 : -0.39793202793225646
155 : -3.7761882496997714
156 : -0.8097483069868758
157 : 0.46651392756029963
158 : -5.149375240318477
159 : -1.6914661638438702
160 : -0.6729771436657757
161 : -1.9450709470547736
162 : -0.6500645726919174
163 : -1.1118849283084273
164 : -1.5118648586794734
165 : 13.390319694997743
166 : -1.726111861411482
167 : -1.692033831961453
168 : -1.2717368993908167
169 : -1.5958898728713393
170 : -1.1487272419035435
171 : -0.1965288589708507
172 : 1.600387251470238
173 : -1.3927591145038605
174 : -1.0079373777844012
175 : -0.6209971383213997
176 : -1.434272263199091
177 : -0.2288700332865119
178 : -0.6408125045709312
179 : -0.8713017487898469
180 : 2.6877820380032063
181 : -1.7381898369640112
182 : -0.7302826112136245
183 : -2.0567211993038654
184 : -5.041970195248723
185 : -1.6980499532073736
186 : -1.6256193863227963
187 : -1.2940713949501514
188 : -1.289109069854021
189 : -1.4855853863991797
190 : -1.5466122347861528
191 : -1.032432310283184
192 : -2.24365196749568
193 : -1.6165935331955552
194 : -0.7696190974675119
195 : -2.5777420026715845
196 : -1.1697096629068255
197 : -5.120224849320948
198 : -1.3365064077079296
199 : -5.238557182950899
200 : -0.9592719487845898
201 : -1.5085419733077288
202 : -5.181101861642674
203 : -0.8172727264463902
204 : -1.9447683428879827
205 : -1.1487260875292122
206 : -0.9192899540066719
207 : -1.141914579551667
208 : -1.361828283406794
209 : -0.7772258259356022
210 : -0.1117611164227128
211 : -1.045474928803742
212 : 1.788860496133566
213 : 1.2529557151719928
214 : -6.046371648088098
215 : 3.037064701318741
216 : -4.305391795933247
217 : -1.991298201493919
218 : -1.3954102620482445
219 : -0.9658267740160227
220 : -1.1845784280449152
221 : -1.2122838459908962
222 : -0.02763044275343418
223 : -1.5581702291965485
224 : -0.10763551387935877
225 : -3.0797871006652713
226 : -0.12897532153874636
227 : -5.6578621827065945
228 : -1.54715432994999
229 : -1.097878755070269
230 : -3.0839338079094887
231 : 6.187904378399253
232 : -3.7532130470499396
233 : -2.1071730479598045
234 : -2.1761933229863644
235 : -0.1975502371788025
236 : 10.829334047622979
237 : -0.6550636766478419
238 : -1.6391143072396517
239 : -0.9469615034759045
240 : -10.504895247751847
241 : -0.9324377998709679
242 : -1.4614020348526537
243 : -1.5984585713595152
244 : -1.5548875480890274
245 : -1.2634725971147418
246 : 0.14357741177082062
247 : -1.635474544018507
248 : 1.5093119605444372
249 : -1.6184898717328906
250 : 1.9132737005129457
251 : -0.5175358969718218
252 : -1.4618062619119883
253 : -3.8823596946895123
254 : -0.8669618307612836
255 : -0.9341173400171101
256 : 2.1923109106719494
257 : -1.5099513190798461
258 : -1.3612006828188896
259 : -1.6298227924853563
260 : 6.413769792765379
261 : -1.5152684934437275
262 : -1.9378007762134075
263 : 0.5714156380854547
264 : 2.202943690121174
265 : -1.3704399508424103
266 : -3.0428958563134074
267 : -1.2616092911921442
268 : 0.10853030765429139
269 : -1.0120468940585852
270 : -1.851156173273921
271 : -1.4529843190684915
272 : 2.0822657887474634
273 : -2.769206002354622
274 : -1.448733787983656
275 : -2.2849244251847267
276 : -1.649677075445652
277 : -0.8987951902672648
278 : -0.8843706008046865
279 : -1.0083254841156304
280 : -1.335853825788945
281 : -0.9097196301445365
282 : -0.429074265062809
283 : -0.8163506840355694
284 : 2.100309129804373
285 : -2.372582560405135
286 : -1.2549256916390732
287 : -1.338437699712813
288 : -1.3359689717181027
289 : -0.10647103236988187
290 : -1.651896245777607
291 : -0.1051298372913152
292 : -2.6497605619952083
293 : 2.347303669434041
294 : -1.6944911535829306
295 : 0.8276111567392945
296 : 2.951130084693432
297 : -1.2001072745770216
298 : -1.5813151868060231
299 : -2.1571199484169483
300 : -1.466094436822459
301 : -9.89545596204698
302 : -1.47697301954031
303 : 1.6522667091339827
304 : -1.3044383069500327
305 : 0.07025913894176483
306 : -0.6350209228694439
307 : -1.5241919220425189
308 : -4.08559734839946
309 : -6.3454078156501055
310 : -1.8988741477951407
311 : -1.4293220872059464
312 : -0.993088657502085
313 : -1.1978614716790617
314 : -0.4827208435162902
315 : -1.5252255145460367
316 : -3.6732420483604074
317 : -1.8566080126911402
318 : -3.746918238699436
319 : -2.85714315995574
320 : -0.6449456578120589
321 : -1.4142081728205085
322 : -1.4752540085464716
323 : -1.8056546370498836
324 : -5.235026637092233
325 : -1.487597793340683
326 : -0.7141875117085874
327 : -1.0708681009709835
328 : -0.6547693107277155
329 : -2.184718580916524
330 : -0.9663293291814625
331 : -1.4882492050528526
332 : -1.3067722359555773
333 : -1.3968777554109693
334 : 2.0260987454093993
335 : -1.6277783918194473
336 : 1.2594590072985739
337 : -0.2527429750189185
338 : -1.3972235694527626
339 : -0.8963319486938417
340 : -3.0944407237693667
341 : -0.2831914573907852
342 : -4.998968064319342
343 : -0.7960971491411328
344 : -1.011067752726376
345 : 1.1678638386074454
346 : -2.4274858948774636
347 : -1.2239504214376211
348 : 0.3859255835413933
349 : -1.1839176351204515
350 : -0.8422539283055812
351 : -1.3885253388434649
352 : -1.430816413834691
353 : -1.965174913406372
354 : -2.42677890881896
355 : -1.50811079563573
356 : -1.392255705781281
357 : -2.178244532085955
358 : -2.2166883144527674
359 : -2.0307229356840253
360 : -3.4372283385600895
361 : -1.2233809027820826
362 : -0.8537037754431367
363 : -1.7250303030014038
364 : -1.2302986849099398
365 : -1.4990721363574266
366 : -0.859201168641448
367 : -0.1197333512827754
368 : -1.3993153464980423
369 : -0.8958285124972463
370 : 0.7473311731591821
371 : -1.1110935038886964
372 : -2.1128545040264726
373 : -0.8616034872829914
374 : -4.217449435964227
375 : -2.392207261174917
376 : -0.987621177919209
377 : -1.6425063544884324
378 : -2.7800167948007584
379 : 0.26281610131263733
380 : -0.29027411341667175
381 : 0.16301544988527894
382 : -0.6868522092700005
383 : -1.2596488985000178
384 : -5.379557225853205
385 : -1.68238490447402
386 : -1.4096088018268347
387 : -0.9648991115391254
388 : -1.401934776455164
389 : -1.6896257870830595
390 : -3.7557886010035872
391 : -2.153598580509424
392 : -1.1853520292788744
393 : -1.2170420177280903
394 : 5.703014999628067
395 : -1.5070811975747347
396 : 7.033542039804161
397 : -8.087353477720171
398 : 1.1001668944954872
399 : 0.6638571213115938
400 : -1.110194340813905
401 : -0.6193754803389311
402 : -1.562319670803845
403 : -0.8331143315881491
404 : -1.729883598163724
405 : -0.9080970948562026
406 : -0.5988029949367046
407 : -3.379796974360943
408 : -0.4715552208945155
409 : -2.1324631683528423
410 : -1.1841656127944589
411 : -1.2246171517763287
412 : -1.459087474271655
413 : -1.2095519602298737
414 : -4.417230904567987
415 : -4.11386957578361
416 : -1.4940804226789623
417 : -1.1950176458340138
418 : -1.7646220959722996
419 : -2.7555045261979103
420 : -1.5479144752025604
421 : -0.5800451999530196
422 : -1.1215511430054903
423 : 0.36512958724051714
424 : -0.10081526171416044
425 : -0.9224558202549815
426 : -1.1211990052834153
427 : -1.8117295978590846
428 : 2.737958597484976
429 : -3.5606681825593114
430 : -4.775625201873481
431 : -1.288912234827876
432 : -1.1161939222365618
433 : 0.3870610906742513
434 : -7.664303861558437
435 : -2.039989046752453
436 : -1.813823367934674
437 : 0.01735376240685582
438 : 9.092541634105146
439 : -1.1824112366884947
440 : -0.9806881155818701
441 : -2.0671267141588032
442 : -4.727723691612482
443 : -1.5958284940570593
444 : -1.3990539088845253
445 : -1.0185145935975015
446 : -3.981337127275765
447 : -1.638649377040565
448 : -1.4937606416642666
449 : 0.3208959815092385
450 : -4.596730062738061
451 : -1.5057660415768623
452 : -1.3560845395550132
453 : -1.4258616925217211
454 : -0.9383824248798192
455 : -0.7664137976244092
456 : -2.0188701702281833
457 : -1.8214135533198714
458 : -0.9628346245735884
459 : -0.8972005350515246
460 : 3.5304857939481735
461 : -1.115893455222249
462 : 0.7664798721671104
463 : -5.705385277047753
464 : 3.206454275175929
465 : -5.74201478715986
466 : 3.0619167890399694
467 : -1.9704907648265362
468 : -0.9443704169243574
469 : -1.6920784474350512
470 : -0.1995892347767949
471 : -1.6934854134451598
472 : -5.25156375952065
473 : -1.2035040529444814
474 : -1.243274696636945
475 : -1.8564609019085765
476 : -0.8162355665117502
477 : -3.588604047894478
478 : -19.773879861924797
479 : -9.419956147670746
480 : -1.5112746693193913
481 : -0.28992658481001854
482 : 2.137653429294005
483 : 1.3098766105249524
484 : -1.8798229433596134
485 : -1.7645304254256189
486 : -1.4666699785739183
487 : -1.1932426635175943
488 : -0.4794378997758031
489 : -2.76328594237566
490 : -1.0319587518461049
491 : -1.7385780364274979
492 : -11.732500346377492
493 : 1.8420553170144558
494 : -1.9573002383112907
495 : 0.7946997177787125
496 : -9.570961248129606
497 : -1.2074917457066476
498 : -1.1484963139519095
!!! updated
499 : -1.4535279460251331
500 : -1.0987447774969041
501 : -2.050278104841709
Setting up 2 worker threads for Enlighten.
  Thread -> id: 7fdd5e7ac700 -> priority: 1 
  Thread -> id: 7fdd5dfab700 -> priority: 1 
Traceback (most recent call last):
  File "main.py", line 123, in <module>
    returns = [episode(env, agent, i) for i in range(training_episodes)]
  File "main.py", line 123, in <listcomp>
    returns = [episode(env, agent, i) for i in range(training_episodes)]
  File "main.py", line 30, in episode
    next_state, reward, done, _ = env.step(action.numpy()[0])
  File "/home/j/jensenj/.local/lib/python3.6/site-packages/gym_unity/envs/__init__.py", line 177, in step
    self._env.step()
  File "/home/j/jensenj/.local/lib/python3.6/site-packages/mlagents_envs/timers.py", line 305, in wrapped
    return func(*args, **kwargs)
  File "/home/j/jensenj/.local/lib/python3.6/site-packages/mlagents_envs/environment.py", line 319, in step
    self._update_state(rl_output)
  File "/home/j/jensenj/.local/lib/python3.6/site-packages/mlagents_envs/environment.py", line 275, in _update_state
    agent_info_list, self._env_specs[brain_name]
  File "/home/j/jensenj/.local/lib/python3.6/site-packages/mlagents_envs/timers.py", line 305, in wrapped
    return func(*args, **kwargs)
  File "/home/j/jensenj/.local/lib/python3.6/site-packages/mlagents_envs/rpc_utils.py", line 188, in steps_from_proto
    obs_index, obs_shape, decision_agent_info_list
  File "/home/j/jensenj/.local/lib/python3.6/site-packages/mlagents_envs/timers.py", line 305, in wrapped
    return func(*args, **kwargs)
  File "/home/j/jensenj/.local/lib/python3.6/site-packages/mlagents_envs/rpc_utils.py", line 152, in _process_vector_observation
    _raise_on_nan_and_inf(np_obs, "observations")
  File "/home/j/jensenj/.local/lib/python3.6/site-packages/mlagents_envs/rpc_utils.py", line 130, in _raise_on_nan_and_inf
    raise RuntimeError(f"The {source} provided had NaN values.")
RuntimeError: The observations provided had NaN values.
2020-06-25 12:50:26 INFO [environment.py:418] Environment shut down with return code 0.
