slurmstepd-donau: error: Unable to create TMPDIR [/tmp/user/30108]: Permission denied
slurmstepd-donau: error: Setting TMPDIR to /tmp
Found path: /home/j/jensenj/PycharmProjects/Federer-Jr./src/../crawler_single/linux/dynamic_server/crawler_dynamic.x86_64
Mono path[0] = '/home/j/jensenj/PycharmProjects/Federer-Jr./src/../crawler_single/linux/dynamic_server/crawler_dynamic_Data/Managed'
Mono config path = '/home/j/jensenj/PycharmProjects/Federer-Jr./src/../crawler_single/linux/dynamic_server/crawler_dynamic_Data/MonoBleedingEdge/etc'
Preloaded 'lib_burst_generated.so'
Preloaded 'libgrpc_csharp_ext.x64.so'
Initialize engine version: 2019.3.15f1 (59ff3e03856d)
[Subsystems] Discovering subsystems at path /home/j/jensenj/PycharmProjects/Federer-Jr./src/../crawler_single/linux/dynamic_server/crawler_dynamic_Data/UnitySubsystems
Forcing GfxDevice: Null
GfxDevice: creating device client; threaded=0
NullGfxDevice:
    Version:  NULL 1.0 [1.0]
    Renderer: Null Device
    Vendor:   Unity Technologies
Begin MonoManager ReloadAssembly
- Completed reload, in  0.100 seconds
WARNING: Shader Unsupported: 'Autodesk Interactive' - All passes removed
WARNING: Shader Did you use #pragma only_renderers and omit this platform?
UnloadTime: 0.430687 ms
Fallback handler could not load library /home/j/jensenj/PycharmProjects/Federer-Jr./src/../crawler_single/linux/dynamic_server/crawler_dynamic_Data/Mono/libcoreclr.so
Fallback handler could not load library /home/j/jensenj/PycharmProjects/Federer-Jr./src/../crawler_single/linux/dynamic_server/crawler_dynamic_Data/Mono/libcoreclr.so
Fallback handler could not load library /home/j/jensenj/PycharmProjects/Federer-Jr./src/../crawler_single/linux/dynamic_server/crawler_dynamic_Data/Mono/libcoreclr.so
Fallback handler could not load library /home/j/jensenj/PycharmProjects/Federer-Jr./src/../crawler_single/linux/dynamic_server/crawler_dynamic_Data/Mono/libSystem.dylib
Fallback handler could not load library /home/j/jensenj/PycharmProjects/Federer-Jr./src/../crawler_single/linux/dynamic_server/crawler_dynamic_Data/Mono/libSystem.dylib.so
Fallback handler could not load library /home/j/jensenj/PycharmProjects/Federer-Jr./src/../crawler_single/linux/dynamic_server/crawler_dynamic_Data/Mono/libSystem.dylib
Fallback handler could not load library /home/j/jensenj/PycharmProjects/Federer-Jr./src/../crawler_single/linux/dynamic_server/crawler_dynamic_Data/Mono/libcoreclr.so
Fallback handler could not load library /home/j/jensenj/PycharmProjects/Federer-Jr./src/../crawler_single/linux/dynamic_server/crawler_dynamic_Data/Mono/libcoreclr.so
Fallback handler could not load library /home/j/jensenj/PycharmProjects/Federer-Jr./src/../crawler_single/linux/dynamic_server/crawler_dynamic_Data/Mono/libcoreclr.so
Fallback handler could not load library /home/j/jensenj/PycharmProjects/Federer-Jr./src/../crawler_single/linux/dynamic_server/crawler_dynamic_Data/Mono/libSystem.dylib
Fallback handler could not load library /home/j/jensenj/PycharmProjects/Federer-Jr./src/../crawler_single/linux/dynamic_server/crawler_dynamic_Data/Mono/libSystem.dylib.so
Fallback handler could not load library /home/j/jensenj/PycharmProjects/Federer-Jr./src/../crawler_single/linux/dynamic_server/crawler_dynamic_Data/Mono/libSystem.dylib
/home/j/jensenj/.local/lib/python3.6/site-packages/tensorboard/compat/tensorflow_stub/dtypes.py:541: FutureWarning: Passing (type, 1) or '1type' as a synonym of type is deprecated; in a future version of numpy, it will be understood as (type, (1,)) / '(1,)type'.
  _np_qint8 = np.dtype([("qint8", np.int8, 1)])
/home/j/jensenj/.local/lib/python3.6/site-packages/tensorboard/compat/tensorflow_stub/dtypes.py:542: FutureWarning: Passing (type, 1) or '1type' as a synonym of type is deprecated; in a future version of numpy, it will be understood as (type, (1,)) / '(1,)type'.
  _np_quint8 = np.dtype([("quint8", np.uint8, 1)])
/home/j/jensenj/.local/lib/python3.6/site-packages/tensorboard/compat/tensorflow_stub/dtypes.py:543: FutureWarning: Passing (type, 1) or '1type' as a synonym of type is deprecated; in a future version of numpy, it will be understood as (type, (1,)) / '(1,)type'.
  _np_qint16 = np.dtype([("qint16", np.int16, 1)])
/home/j/jensenj/.local/lib/python3.6/site-packages/tensorboard/compat/tensorflow_stub/dtypes.py:544: FutureWarning: Passing (type, 1) or '1type' as a synonym of type is deprecated; in a future version of numpy, it will be understood as (type, (1,)) / '(1,)type'.
  _np_quint16 = np.dtype([("quint16", np.uint16, 1)])
/home/j/jensenj/.local/lib/python3.6/site-packages/tensorboard/compat/tensorflow_stub/dtypes.py:545: FutureWarning: Passing (type, 1) or '1type' as a synonym of type is deprecated; in a future version of numpy, it will be understood as (type, (1,)) / '(1,)type'.
  _np_qint32 = np.dtype([("qint32", np.int32, 1)])
/home/j/jensenj/.local/lib/python3.6/site-packages/tensorboard/compat/tensorflow_stub/dtypes.py:550: FutureWarning: Passing (type, 1) or '1type' as a synonym of type is deprecated; in a future version of numpy, it will be understood as (type, (1,)) / '(1,)type'.
  np_resource = np.dtype([("resource", np.ubyte, 1)])
2020-06-25 12:09:51 INFO [environment.py:108] Connected to Unity environment with package version 1.0.2 and communication version 1.0.0
2020-06-25 12:09:51 INFO [environment.py:265] Connected new brain:
CrawlerDynamic?team=0
2020-06-25 12:09:51 WARNING [__init__.py:92] The environment contains multiple observations. You must define allow_multiple_obs=True to receive them all. Otherwise, only the first visual observation (or vector observation ifthere are no visual observations) will be provided in the observation.
update_time_steps: 8192 , ppo_epochs: 1 , beta:  0.01 , gamma 0.9
0 : -1.1591252682264894
1 : -5.283493050839752
2 : -0.9982209177687764
3 : -0.7345341718755662
4 : 3.459473941475153
5 : -0.7456255806609988
6 : -0.9322571200318635
7 : -0.2150799920782447
8 : -1.405643094331026
9 : -1.1819097842089832
10 : -0.7381637515500188
11 : -1.4385790564119816
12 : -3.930309720337391
13 : -0.9530141693539917
14 : 4.838055887725204
15 : -0.08403576072305441
16 : -1.9438300682231784
17 : -2.3155039325356483
18 : 0.6343447295948863
19 : -1.167615486541763
20 : 1.6711041731759906
21 : -1.0814427637960762
22 : 6.220089916139841
23 : -1.1475238176062703
24 : -1.2724034022539854
25 : -0.007560829631984234
26 : -3.981675940565765
27 : -12.446361299604177
28 : -1.4535387782379985
29 : -2.828472403809428
30 : -1.688297781161964
31 : -2.462983870645985
32 : 0.8849564888514578
33 : -1.1963196946308017
34 : -1.3236938556656241
35 : -1.3849433911964297
36 : 1.2666712123900652
37 : -2.211209936067462
38 : 1.7638531373813748
39 : -0.8208458758890629
40 : -7.76569548714906
41 : -1.1026873253285885
42 : -1.2556977923959494
43 : -1.9352957252413034
44 : 0.23741071904078126
45 : 1.5401280603837222
46 : -0.7910718698985875
47 : 2.6399066289886832
48 : -3.8872611448168755
49 : -4.142203762079589
50 : -2.7662338372319937
51 : -0.4714130014181137
52 : -0.7950810822658241
53 : 3.66664674365893
54 : -1.3973173652775586
55 : 0.9094771780073643
56 : -0.4661961495876312
57 : -1.3701277822256088
58 : 3.05498601263389
59 : -1.276688371784985
60 : 2.7092709708958864
61 : -1.664855892304331
62 : -1.7150362124666572
63 : -0.11385171301662922
64 : -3.04232546989806
65 : -0.8272995045408607
66 : -0.004904428729787469
67 : -12.50411006435752
68 : 1.5177012775093317
69 : -1.4213382098823786
70 : -0.798103217035532
71 : 2.311338197439909
72 : -4.43340977281332
73 : -1.477808278053999
74 : -1.7428179234266281
75 : -2.493914372753352
76 : -1.2635101471096277
77 : -1.14991386490874
78 : -1.3542887861840427
79 : 0.035191438626497984
80 : -1.123865938745439
81 : -5.955734472721815
82 : -0.41454583080485463
83 : -0.9835598729550838
84 : -1.8234247621148825
85 : -2.0415706210769713
86 : -12.380591499619186
87 : 0.4183698436245322
88 : 0.09802358224987984
89 : -1.460151681676507
90 : 7.926756214816123
91 : -1.9019797751680017
92 : -2.553961890283972
93 : -1.607542634010315
94 : -1.5900476165115833
95 : 9.873500524554402
96 : -1.8250950812362134
97 : -1.7783389687538147
98 : -4.142986644525081
99 : -4.135134333744645
100 : 4.02639672672376
101 : 0.2981512323021889
102 : 0.6218244582414627
103 : 0.5909806070849299
104 : -3.9470559656620026
105 : -2.229309570044279
106 : -0.6120963115245104
107 : -1.7455462608486414
108 : 4.225636607967317
109 : -1.4672663807868958
110 : -0.9709259709343314
111 : -3.2913629966787994
112 : -1.7178202476352453
113 : -7.043482421897352
114 : 5.520904334262013
115 : -1.3888301686383784
116 : -0.9419225458987057
117 : -1.1564938155934215
118 : 3.656566794263199
119 : -2.000896133482456
120 : -1.2088095657527447
121 : 13.093882972374558
122 : -1.6697004288434982
123 : -1.4739394057542086
124 : -6.0376018532551825
125 : 2.056069959886372
126 : -10.631487347185612
127 : -5.8848158195614815
128 : -4.0314845303073525
129 : -0.4336036038585007
130 : -2.0099754240363836
131 : -2.0943865276058204
132 : -0.9171522674150765
133 : -7.971601418685168
134 : -1.0663124024868011
135 : -1.3971355818212032
136 : -3.6877679862082005
137 : -1.2509882766753435
138 : -0.9843077291734517
139 : -5.997635355684906
140 : 2.2232780163176358
141 : -1.4583135470747948
142 : -0.519387932610698
143 : -7.340337576344609
144 : 0.04171619564294815
145 : 0.9071887615136802
146 : -6.198503938503563
147 : -1.3932317087892443
148 : -0.043247603345662355
149 : -0.9323033625259995
150 : 0.1263532848097384
151 : -0.5871542543172836
152 : -0.7066577216610312
153 : -0.5334583441726863
154 : -1.52127624489367
155 : -2.550403056666255
156 : -1.6996826324611902
157 : -1.8915336993522942
158 : -5.895020749419928
159 : -0.9578673737123609
160 : 0.5003171693533659
161 : 0.471926286816597
162 : -1.0542341461405158
163 : -1.8684251769445837
164 : -1.1107713859528303
165 : -1.175640921574086
166 : -4.823001746088266
167 : -1.4004761159885675
168 : -2.3408740372397006
169 : -2.6287047141231596
170 : -1.1698489512782544
171 : -1.2901659086346626
172 : -1.7679059752263129
173 : -1.8822660185396671
174 : 0.15943725407123566
175 : -3.4016389530152082
176 : 0.9652218082919717
177 : -4.919272524537519
178 : -1.6428129244595766
179 : -2.1359689300879836
180 : -0.41936471592634916
181 : -0.45727698504924774
182 : -1.5470859576016665
183 : 4.819471904542297
184 : -1.5709889931604266
185 : -2.233138931915164
186 : -1.5454512890428305
187 : -0.40913021331653
188 : 0.6850535760167986
189 : -3.096184132155031
190 : 0.5318183149211109
191 : -2.1829831283539534
192 : -1.5759999100118876
193 : -1.2543000802397728
194 : -3.6269381744787097
195 : -1.7289332151412964
196 : -1.0510869305580854
197 : -1.4070329181849957
198 : -1.5425770189613104
199 : -0.09700272977352142
200 : -0.8476231526583433
201 : -0.8146918760612607
202 : 16.264292871113867
203 : -1.9925470454618335
204 : -1.3970541912131011
205 : 3.641439556144178
206 : -1.5319258850067854
207 : -1.2141309324651957
208 : -0.8710500253364444
209 : -1.6024768287315965
210 : -0.922638132236898
211 : -3.501504327170551
212 : -1.2997092697769403
213 : 1.5524964889045805
214 : 2.7543228990398347
215 : 7.739802970550954
216 : -5.973929122556001
217 : -1.3343772888183594
218 : -0.8344983952119946
219 : -1.6835653139278293
220 : 0.19210853055119514
221 : -11.02300054486841
222 : 6.569035101681948
223 : 1.1189779145643115
224 : -1.7654791343957186
225 : -6.628085155971348
226 : 4.015171932987869
227 : -1.2664295611320995
228 : -1.651484773028642
229 : 0.05059917038306594
230 : -0.37608063174411654
231 : 1.2031834179069847
232 : -0.8248861969914287
233 : 5.963633791077882
234 : -1.1237005074508488
235 : -1.6582838222384453
236 : -1.6053936163662001
237 : -1.9859437639825046
238 : -8.15997864305973
239 : -3.2623098437907174
240 : -1.1111691752448678
241 : -1.0180166498757899
242 : -8.439959644339979
243 : -1.4870503917336464
244 : 7.5645299521274865
245 : -0.9658131124451756
246 : 0.8733242345042527
247 : -10.77727231476456
248 : -2.087350584566593
249 : -0.6209585471078753
250 : 0.9246970880776644
251 : -0.48874509055167437
252 : -0.2021889491006732
253 : -1.407628639601171
254 : -9.43299588887021
255 : -1.644175447523594
256 : -1.0876595333684236
257 : -0.5052692741155624
258 : 5.698692321777344
259 : 1.4356556301936507
260 : -4.800572934560478
261 : -4.326343568973243
262 : -1.2569263502955437
263 : -1.0306535298004746
264 : 0.6055754927219823
265 : 2.588073803111911
266 : -2.1474714912474155
267 : -0.7699950127862394
268 : 3.254683706443757
269 : 2.475795572157949
270 : 0.6901141293346882
271 : -0.7427389801014215
272 : -2.2891611244995147
273 : -1.8118393663316965
274 : -0.5468845646828413
275 : -0.6659498363733292
276 : -1.8757911529392004
277 : -1.0792708117514849
278 : -2.278043895959854
279 : -4.304263776168227
280 : -1.6121996492147446
281 : -0.33619664097204804
282 : -1.5600709225982428
283 : 1.1143125835806131
284 : -1.081515341764316
285 : -6.597033110447228
286 : -0.1173771764151752
!!! updated
287 : -6.253953675419325
288 : -0.998820804990828
289 : -0.6285719145089388
290 : -0.641417664475739
291 : -1.4942957134917378
292 : -0.8613981623202562
293 : 2.4172234025318176
294 : -1.216580267995596
295 : -0.741104424931109
296 : -1.5346872944501229
297 : -1.025479534175247
298 : -3.5640959218144417
299 : -1.4292405587621033
300 : -2.8287128005176783
301 : -1.2866617874242365
302 : -2.6455814940854907
303 : 6.687220599502325
304 : -1.0145111680030823
305 : -1.8135440722107887
306 : -0.4805407878011465
307 : -1.9383661134634167
308 : -3.1930926544591784
309 : -3.6817143141524866
310 : -1.3153423517942429
311 : 0.22621017834171653
312 : -1.6907360630575567
313 : 4.987106813001446
314 : -3.0308409333229065
315 : -1.8920082673430443
316 : -2.7798580676317215
317 : -2.5266053453087807
318 : -2.75360688008368
319 : -3.9040249553509057
320 : -2.2081188494339585
321 : -1.0718401465564966
322 : -0.7629778645932674
323 : -3.6970731432083994
324 : -0.1706013740040362
325 : -1.5766934262937866
326 : 1.138090342283249
327 : -1.4297637194395065
328 : -0.7396144075319171
329 : -1.4755940232425928
330 : -0.8675780883058906
331 : -1.1661477405577898
332 : -1.3826939724385738
333 : -1.7686718357726932
334 : -1.5279773846268654
335 : -0.9234250909648836
336 : -1.128784704953432
337 : -0.9568373439833522
338 : -3.2563239994924515
339 : -0.7938154605217278
340 : -1.3778170607984066
341 : -0.9576165068428963
342 : -2.486193928401917
343 : -0.9846902973949909
344 : -1.8996232906356454
345 : -2.289714276790619
346 : -1.4288680218160152
347 : -1.6958147259429097
348 : -2.747431628406048
349 : -1.106571096694097
350 : -1.600799701642245
351 : -0.7197930300608277
352 : -2.2355397678911686
353 : -1.3721946217119694
354 : -1.4202195070683956
355 : -1.915037396363914
356 : -1.5486753173172474
357 : -2.8905792329460382
358 : 8.543922865763307
359 : -1.191931509412825
360 : -2.206490211188793
361 : -2.731144053861499
362 : -1.3365434345323592
363 : -1.3262633308768272
364 : -3.5748576084151864
365 : -1.4717130288481712
366 : -2.007682354655117
367 : -1.0758625692687929
368 : 0.05621183500625193
369 : -1.907034445554018
370 : -1.1779625839553773
371 : -0.5197121128439903
372 : -1.5800176449120045
373 : -1.2621093690395355
374 : -0.003328904276713729
375 : -2.187840849161148
376 : -2.1834887387230992
377 : -1.1051850412040949
378 : -1.156432893127203
379 : -1.6484110997989774
380 : -0.89006507396698
381 : -3.514864199096337
382 : -2.892639925237745
383 : -5.791090523824096
384 : -1.4541048221290112
385 : -1.4134194627404213
386 : -1.0855720769613981
387 : -1.3557655629701912
388 : -0.8645018571987748
389 : -1.3619978912174702
390 : -2.3105348153039813
391 : -1.9807632220909
392 : 2.903144192881882
393 : -3.3139660554006696
394 : -0.47671544924378395
395 : -1.6037138067185879
396 : -3.6577979251742363
397 : -1.883908525109291
398 : -0.7823661756701767
399 : 1.8501635582651943
400 : -1.5666663032025099
401 : -1.5175895169377327
402 : 2.382571841124445
403 : -2.2735279267653823
404 : -1.0011365627869964
405 : 1.446473169606179
406 : -1.9583757061045617
407 : -0.8919519982300699
408 : -1.695836041122675
409 : -2.024773547425866
410 : -2.3169467076659203
411 : -3.527390315430239
412 : -0.6261880363454111
413 : -2.1479822429828346
414 : -1.7741305213421583
415 : 10.853904519230127
416 : -1.747687291353941
417 : 1.4895721534267068
418 : -1.0990395215339959
419 : -0.07912607816979289
420 : -1.4957554154098034
421 : -5.345254806801677
422 : -2.5751849925145507
423 : -0.46555431466549635
424 : -2.05103356577456
425 : -1.1672227950766683
426 : -1.3566988483071327
427 : -1.6084458380937576
428 : -0.764168038032949
429 : -1.9257965432479978
430 : -1.0991136003285646
431 : -0.9174173958599567
432 : -2.470333293778822
433 : -1.2452455945312977
434 : -0.8907527760602534
435 : -0.4828584436327219
436 : -0.7635835045948625
437 : -0.265985026024282
438 : 5.073578528128564
439 : -2.040207898709923
440 : -1.072963078506291
441 : -2.0563249373808503
442 : -1.5529180271551013
443 : -0.39564177859574556
444 : -1.1395404255017638
445 : -1.0814429833553731
446 : -1.2178248539566994
447 : -1.1907831002026796
448 : -3.979049517773092
449 : -1.5933569497428834
450 : 0.9346020580269396
451 : 0.4009990403428674
452 : 4.557793030515313
453 : -3.9996068235486746
454 : -2.3193140514194965
455 : 1.1921585297677666
456 : -1.0620385017246008
457 : -1.378461042419076
458 : -1.05250487010926
459 : -1.287383274640888
460 : -1.2951057250611484
461 : -1.6499358906876296
462 : -1.5649293921887875
463 : -3.23395190294832
464 : -1.5147042237222195
465 : -1.122385710477829
466 : -1.2289002072066069
467 : -1.5874098651111126
468 : -4.359366845339537
469 : -1.0547170108184218
470 : -0.6898557981476188
471 : 2.2857898350339383
472 : -1.7253745440393686
473 : -1.620530596934259
474 : -0.8521382259204984
475 : -1.916769064962864
476 : -1.3384924549609423
477 : -0.35166744235903025
478 : -0.8386287381872535
479 : -3.154857796151191
480 : 3.123443595599383
481 : -2.62721377145499
482 : -4.220986092463136
483 : 0.9918689588084817
484 : -1.109180528204888
485 : -0.9878375460393727
486 : -1.7750960472039878
487 : 0.13577853050082922
488 : -1.3708038977347314
489 : -1.431206587702036
490 : -2.3452064879238605
491 : -0.6800047922879457
492 : -1.4310501739382744
493 : -1.5881877858191729
494 : -1.9183269864879549
495 : -2.2394675379619002
496 : -1.7263040617108345
497 : -0.8372090915217996
498 : -1.3070128075778484
499 : -0.3869370841421187
500 : -1.1183448461815715
501 : 0.3383340248838067
502 : -2.0215682704001665
503 : -1.4781425707042217
504 : -1.1989067932590842
505 : -1.7894234992563725
506 : -0.33767487527802587
507 : -1.1193977631628513
508 : -2.2301578358747065
509 : -1.4256944470107555
510 : -2.601527987513691
511 : -0.8145771999843419
512 : -3.1080047208815813
513 : -1.4956401800736785
514 : -1.5695370510220528
515 : -1.5444218995980918
516 : -1.975589013658464
517 : -3.4969412069767714
518 : -0.32017305959016085
519 : -2.2653492274694145
520 : -2.306034456938505
521 : 0.2678665993735194
522 : -0.9951002290472388
523 : -0.323884803801775
524 : -1.2999715856276453
525 : -1.4280780367553234
526 : 0.5629494413733482
527 : -1.217857267241925
528 : 1.1503579737618566
529 : 0.0792576177045703
530 : -1.119082696735859
531 : -0.7102239090017974
532 : -3.776907790452242
533 : -1.9247301230207086
534 : -2.264377594459802
535 : -1.4715506993234158
536 : -1.3499806458130479
537 : -0.8505921512842178
538 : -1.972156268544495
539 : 0.15561010781675577
540 : -0.9174177651293576
541 : 0.04169783741235733
542 : -1.8673349022865295
543 : -2.968077273108065
544 : -1.573547225445509
545 : 2.617762265726924
546 : -1.4971964955329895
547 : 3.903354788199067
548 : 2.9396222210489213
549 : -1.328971590846777
550 : -1.2245848653838038
551 : 2.3083333326503634
552 : 6.932824970688671
553 : -1.339549274649471
554 : -1.5834385268390179
555 : -1.1719063483178616
556 : -0.35683447076007724
557 : -2.937343057245016
558 : 6.168424983974546
559 : -1.0038582002744079
560 : -1.9955903068184853
561 : -1.207903664559126
562 : -0.9904128042981029
563 : -3.430605103028938
564 : -1.9124243105761707
565 : -1.981293924152851
566 : -3.1172594260424376
567 : -1.838871263898909
568 : 0.6083344919607043
569 : -1.0186540987342596
570 : -3.556105736643076
571 : -5.016448536422104
572 : -2.332448439206928
573 : -1.5314011834561825
574 : -1.4137102402746677
575 : -2.5115705989301205
576 : -1.251057158689946
577 : -1.4011994625907391
578 : 0.0376081857830286
579 : -1.854319903999567
580 : -1.9601648710668087
581 : -0.12455746252089739
582 : -2.9230502899736166
583 : -0.978200875222683
584 : -2.0655764553230256
585 : -0.3628830942325294
586 : 2.6352666495367885
587 : -1.127210627309978
588 : -1.2431547017768025
589 : 4.500971268862486
590 : -1.5304606839781627
591 : -1.6598930591717362
592 : -3.1025377162732184
593 : -4.319251926615834
594 : -2.503162857145071
595 : -5.8982019033282995
596 : -2.833926278166473
597 : -0.7711287997663021
598 : -0.5300402023131028
599 : -0.9993141330778599
600 : 0.31245305959600955
601 : -4.624592408537865
602 : -1.3624058868736029
603 : -1.8948093662038445
604 : -1.2574266698211432
605 : -2.961672788951546
606 : -1.2456608843058348
607 : -0.8350730277597904
608 : -4.289809814654291
609 : -1.2281116358935833
610 : -1.3889761455357075
611 : -2.1434968020766973
612 : -1.3073462210595608
613 : -1.587816908955574
614 : -1.3707328103482723
615 : 3.3892038594931364
616 : -1.7076783701777458
617 : -1.0227538449689746
618 : -1.359879057854414
619 : -1.2709404211491346
620 : -2.9059134367853403
621 : -0.9783003404736519
622 : -4.994963195407763
623 : -8.079627166502178
624 : -3.758914301171899
625 : 6.274818773381412
626 : -1.3791169952601194
627 : -1.1839777948334813
628 : -0.5456901229918003
629 : -2.6917242147028446
630 : -1.2556415991857648
631 : -1.13433543802239
632 : 0.2044600243680179
633 : 0.9179014004766941
634 : -1.1704559307545424
635 : -1.5840659500099719
636 : -1.378959918860346
637 : -0.8187839966267347
638 : -1.4822007175534964
639 : -1.8263197373598814
640 : -0.9498317437246442
641 : -2.3728755810298026
642 : -1.4728854270651937/home/j/jensenj/.local/lib/python3.6/site-packages/gym/logger.py:30: UserWarning: [33mWARN: Box bound precision lowered by casting to float32[0m
  warnings.warn(colorize('%s: %s'%('WARN', msg % args), 'yellow'))

643 : -2.0732990084216
644 : -0.8982137385755777
645 : -1.3142555328086019
646 : 10.147294660448097
647 : -1.4317745305597782
648 : 4.137213546782732
649 : -0.8641384281218052
650 : -3.5817447071895003
651 : -1.27227418217808
652 : -1.1709559322334826
653 : 3.0897798899095505
654 : 2.139638112857938
655 : -0.9383647695649415
656 : 3.054161576554179
657 : -1.9926034454256296
658 : 0.5315229296684265
659 : -1.4660562798380852
660 : -1.467233466450125
661 : -1.3711144775152206
662 : -2.2929153125733137
663 : -1.0546875316649675
664 : -1.4015471152961254
665 : 3.551436562091112
666 : 0.4615339213050902
667 : -1.1101024588569999
668 : -1.232796784490347
669 : -1.1166051980108023
670 : -2.3403891902416945
671 : -1.1604065848514438
672 : 4.958757189568132
673 : -0.3457586448639631
674 : -2.9476873837411404
675 : 1.8788958038203418
676 : -2.766596984118223
677 : 2.846115824766457
678 : -1.9619198055006564
679 : -1.2472365889698267
680 : -1.7012269347906113
681 : -1.2273710099980235
682 : -0.21999019151553512
683 : -2.0319110909476876
684 : -2.833145910874009
685 : -1.5472017605789006
686 : -1.7313650473952293
687 : 0.7122999546118081
688 : -0.8437146516516805
689 : 1.3263926228974015
690 : -3.3817166686058044
691 : -0.9666169383563101
692 : 13.78243256919086
693 : -1.2997399903833866
694 : -0.7136634644120932
695 : -1.4993358158972114
696 : -0.3151936726644635
697 : -1.409374357201159
698 : -0.6143111549317837
!!! updated
699 : 2.6464087313506752
700 : 1.6113052987493575
701 : 0.7596913902089
702 : 4.324338949285448
703 : -3.427457593381405
704 : -3.9229816736187786
705 : -0.2205897499807179
706 : -2.8374887444078922
707 : -0.6022795476019382
708 : -3.0261823078617454
709 : -0.9469411862082779
710 : -1.4737218134105206
711 : -1.4115249151363969
712 : -6.268210774287581
713 : -1.0973483864217997
714 : -4.728541681542993
715 : 0.7587027065455914
716 : -0.4145870287902653
717 : -1.0425775246694684
718 : -0.6585605666041374
719 : -2.4011776242405176
720 : -0.12842696020379663
721 : -1.69479752285406
722 : -1.902423474472016
723 : -2.1378394002094865
724 : -3.62902854103595
725 : -4.266752049792558
726 : -1.7730600740760565
727 : -1.8519076947122812
728 : -1.4650617092847824
729 : -1.2454782519489527
730 : -1.550930442288518
731 : -1.7774712527170777
732 : -8.282627805601805
733 : 5.685298390686512
734 : 1.641598087735474
735 : -2.008743517100811
736 : 1.1916419896297157
737 : -4.634696187451482
738 : -2.7587268725037575
739 : -1.8394510387443006
740 : -2.3307537687942386
741 : 3.4519012216478586
742 : -2.605254579335451
743 : -1.7355375760234892
744 : -1.5433062752708793
745 : 0.34256849996745586
746 : -2.8934925757348537
747 : -0.9666272532194853
748 : -0.2171939080581069
749 : 0.93316112854518
750 : -0.8525250134989619
751 : -0.8943286407738924
752 : 0.4418202191591263
753 : -1.256396328099072
754 : 1.7048514783382416
755 : -1.634335208684206
756 : 0.06840289570391178
757 : -0.7371628135442734
758 : -1.6488238014280796
759 : 1.4709780625998974
760 : 4.910379795357585
761 : -1.0071623297408223
762 : -0.62226302921772
763 : -1.5854883641004562
764 : -0.6443088939413428
765 : -0.908223737962544
766 : -2.8614818658679724
767 : 3.501999132335186
768 : -8.65361288934946
769 : 1.4388432772830129
770 : -0.9151217183098197
771 : -8.066039714030921
772 : -0.46258630231022835
773 : -1.0508091757073998
774 : 2.4727970706298947
775 : 1.1559952218085527
776 : -4.462720145471394
777 : -5.476490396074951
778 : 4.021041524596512
779 : -1.7420399391558021
780 : -4.447420841082931
781 : -6.457584860501811
782 : -1.4167210599407554
783 : -1.2329516783356667
784 : 2.748219440691173
785 : -5.803696828195825
786 : -0.9104390097782016
787 : -1.3187932185828686
788 : -1.6955641531385481
789 : -2.6280093495734036
790 : 1.1120222029276192
791 : -2.801182471215725
792 : -0.7165579134598374
793 : 0.07122022495605052
794 : -1.2499500289559364
795 : -1.461784191429615
796 : -0.35153733380138874
797 : 0.5996489902026951
798 : -4.614818200469017
799 : -0.884006267413497
800 : -0.19051881274208426
801 : 0.6323349978774786
802 : -1.3865006659179926
803 : -1.0626568151637912
804 : -7.0857207691296935
805 : -1.084641320630908
806 : -3.0219557071104646
807 : -0.6036961730569601
808 : 6.278450099751353
809 : -1.2111481491010636
810 : 0.49873785814270377
811 : -0.8459665179252625
812 : -1.2835887921974063
813 : -1.5089545981027186
814 : 0.002385274041444063
815 : -1.7350625097751617
816 : -1.3703859806992114
817 : 2.3074528084835038
818 : 4.921286538708955
819 : 2.6293040113523602
820 : -1.011134876869619
821 : 3.055521734058857
822 : -0.8713546004146338
823 : -1.657580123282969
824 : -1.0349715785123408
825 : 0.6993928006850183
826 : -1.6835520043969154
827 : -4.3987211138010025
828 : -0.6087724315002561
829 : -0.33526327600702643
830 : -0.9162314292043447
831 : -0.34604172222316265
832 : -1.5256234984844923
833 : -1.1488092625513673
834 : -4.67183237336576
835 : -1.1831974582746625
836 : -0.9639739338308573
837 : 4.193411409854889
838 : -2.800661550834775
839 : -0.9970654227072373
840 : -5.5286568040028214
841 : -1.1293522836640477
842 : -0.032740968745201826
843 : -0.9364459128119051
844 : 25.515972824767232
845 : -1.4394633825868368
846 : 0.7118621147237718
847 : -3.508300707442686
848 : 0.16277768928557634
849 : -1.3337882589548826
850 : -1.500011428259313
851 : -0.5590470815077424
852 : -1.3865863792598248
853 : 0.9290672922506928
854 : -1.8836834174580872
855 : -0.4274649992585182
856 : 1.0258547756820917
857 : -1.1156611973419785
858 : 0.8026037167292088
859 : -1.455505014397204
860 : -1.6911635361611843
861 : 1.9069492658600211
862 : -0.7059221311938018
863 : -1.7828993499279022
864 : -3.1547908456996083
865 : -0.9057417060248554
866 : -0.3378751626005396
867 : -2.013563041575253
868 : -1.205488201463595
869 : -1.0823114113882184
870 : -1.849114703014493
871 : -0.6089332001283765
872 : 0.20997597882524133
873 : -1.625171460211277
874 : 2.8319728393107653
875 : -3.379216654226184
876 : 6.295970631763339
877 : -2.3876117933541536
878 : -1.3119716979563236
879 : -1.053906130604446
880 : -0.592182707041502
881 : -6.438142562285066
882 : -1.2969835065305233
883 : 5.428691585548222
884 : 1.9802435813471675
885 : -1.160083110909909
886 : 3.1892130002379417
887 : -1.6428742287680507
888 : -2.6789852753281593
889 : -1.1500197257846594
890 : -0.8173851142637432
891 : -1.413595206104219
892 : -0.41853453405201435
893 : -1.7313055405393243
894 : -0.992307260632515
895 : -1.7477245195768774
896 : -2.6237105447798967
897 : -1.2552001657895744
898 : 1.4740875666029751
899 : 0.15699630742892623
900 : -1.4009255692362785
901 : 4.248072328977287
902 : -0.5323509927839041
903 : 0.23370572552084923
904 : -1.3666583150625229
905 : -4.141693590674549
906 : -0.6954683177173138
907 : -0.8686444468330592
908 : 2.30113643174991
909 : 1.2737650806084275
910 : -1.6064135804772377
911 : 0.0028086379170417786
912 : -0.7246488896198571
913 : -4.225645209662616
914 : -0.8372441539540887
915 : -0.9882307052612305
916 : -1.2520766854286194
917 : 1.160915857180953
918 : -1.2324616834521294
919 : 2.6911449572071433
920 : -0.21873597521334887
921 : -1.4830860164947808
922 : -1.673511023633182
923 : -1.730145398993045
924 : -0.40235958341509104
925 : 0.6118787042796612
926 : 0.49141311878338456
927 : -1.0916132535785437
928 : 4.480866136029363
929 : -0.8447599438950419
930 : -0.678069184999913
931 : 1.3672880297526717
932 : -1.1619713734835386
933 : -2.473022984340787
934 : -1.8609142880886793
935 : -1.0521009219810367
936 : -1.4697719346731901
937 : -3.3142413930036128
938 : -0.7770309790503234
939 : 1.169631609780481
940 : 0.06770824594423175
941 : 0.9931610789499246
942 : -1.340569356456399
943 : -0.19739072397351265
944 : -1.1662394860759377
945 : -0.322528338059783
946 : -1.0106863472610712
947 : -1.280672051711008
948 : -0.8833498507738113
949 : -1.4707810133695602
950 : -3.3318782337009907
951 : -0.3276380826719105
952 : -6.595046222792007
953 : -0.6140098161995411
954 : 4.4407460372895
955 : -2.427769286558032
956 : -1.4659305361565202
957 : -0.31914473278447986
958 : 2.5173191984649748
959 : 3.824455287307501
960 : -3.5988327492959797
961 : -1.5156369423493743
962 : -0.4524233331903815
963 : -1.958446905016899
964 : -7.71855234215036
965 : 4.597006252966821
966 : -3.0032332646660507
967 : -2.897560019046068
968 : 9.504591138102114
969 : 4.935928750317544
970 : 0.43304928205907345
971 : -4.117546632885933
972 : -0.7351922704838216
973 : -0.23714446276426315
974 : 2.686384445987642
975 : 0.40518414974212646
976 : -3.214417058043182
977 : -7.709469115361571
978 : -1.3880201280117035
979 : -0.7504066824913025
980 : -1.1516386750154197
981 : 7.76182603253983
982 : 1.4989782413467765
983 : -8.976122258696705
984 : -0.7121918518096209
985 : -1.7517865132540464
986 : -0.7735807402059436
987 : -0.7740613431669772
988 : -0.9290392687544227
989 : -3.8654001504182816
990 : -3.557076167780906
991 : 1.5530782961286604
992 : -0.70668557099998
993 : -0.5254114125855267
994 : -2.9546109344810247
995 : -1.413468816317618
996 : -1.1201213970780373
997 : 2.571504912339151
998 : 2.1907958891242743
999 : -6.314265459310263
Setting up 2 worker threads for Enlighten.
  Thread -> id: 7ff458c19700 -> priority: 1 
  Thread -> id: 7ff453fff700 -> priority: 1 
2020-06-25 12:36:30 INFO [environment.py:418] Environment shut down with return code 0.
