slurmstepd-haselgraben: error: Unable to create TMPDIR [/tmp/user/30108]: Permission denied
slurmstepd-haselgraben: error: Setting TMPDIR to /tmp
Found path: /home/j/jensenj/PycharmProjects/Federer-Jr./src/../crawler_single/linux/dynamic_server/crawler_dynamic.x86_64
Mono path[0] = '/home/j/jensenj/PycharmProjects/Federer-Jr./src/../crawler_single/linux/dynamic_server/crawler_dynamic_Data/Managed'
Mono config path = '/home/j/jensenj/PycharmProjects/Federer-Jr./src/../crawler_single/linux/dynamic_server/crawler_dynamic_Data/MonoBleedingEdge/etc'
Preloaded 'lib_burst_generated.so'
Preloaded 'libgrpc_csharp_ext.x64.so'
Initialize engine version: 2019.3.15f1 (59ff3e03856d)
[Subsystems] Discovering subsystems at path /home/j/jensenj/PycharmProjects/Federer-Jr./src/../crawler_single/linux/dynamic_server/crawler_dynamic_Data/UnitySubsystems
Forcing GfxDevice: Null
GfxDevice: creating device client; threaded=0
NullGfxDevice:
    Version:  NULL 1.0 [1.0]
    Renderer: Null Device
    Vendor:   Unity Technologies
Begin MonoManager ReloadAssembly
- Completed reload, in  0.098 seconds
WARNING: Shader Unsupported: 'Autodesk Interactive' - All passes removed
WARNING: Shader Did you use #pragma only_renderers and omit this platform?
UnloadTime: 0.442847 ms
Fallback handler could not load library /home/j/jensenj/PycharmProjects/Federer-Jr./src/../crawler_single/linux/dynamic_server/crawler_dynamic_Data/Mono/libcoreclr.so
Fallback handler could not load library /home/j/jensenj/PycharmProjects/Federer-Jr./src/../crawler_single/linux/dynamic_server/crawler_dynamic_Data/Mono/libcoreclr.so
Fallback handler could not load library /home/j/jensenj/PycharmProjects/Federer-Jr./src/../crawler_single/linux/dynamic_server/crawler_dynamic_Data/Mono/libcoreclr.so
Fallback handler could not load library /home/j/jensenj/PycharmProjects/Federer-Jr./src/../crawler_single/linux/dynamic_server/crawler_dynamic_Data/Mono/libSystem.dylib
Fallback handler could not load library /home/j/jensenj/PycharmProjects/Federer-Jr./src/../crawler_single/linux/dynamic_server/crawler_dynamic_Data/Mono/libSystem.dylib.so
Fallback handler could not load library /home/j/jensenj/PycharmProjects/Federer-Jr./src/../crawler_single/linux/dynamic_server/crawler_dynamic_Data/Mono/libSystem.dylib
Fallback handler could not load library /home/j/jensenj/PycharmProjects/Federer-Jr./src/../crawler_single/linux/dynamic_server/crawler_dynamic_Data/Mono/libcoreclr.so
Fallback handler could not load library /home/j/jensenj/PycharmProjects/Federer-Jr./src/../crawler_single/linux/dynamic_server/crawler_dynamic_Data/Mono/libcoreclr.so
Fallback handler could not load library /home/j/jensenj/PycharmProjects/Federer-Jr./src/../crawler_single/linux/dynamic_server/crawler_dynamic_Data/Mono/libcoreclr.so
Fallback handler could not load library /home/j/jensenj/PycharmProjects/Federer-Jr./src/../crawler_single/linux/dynamic_server/crawler_dynamic_Data/Mono/libSystem.dylib
Fallback handler could not load library /home/j/jensenj/PycharmProjects/Federer-Jr./src/../crawler_single/linux/dynamic_server/crawler_dynamic_Data/Mono/libSystem.dylib.so
Fallback handler could not load library /home/j/jensenj/PycharmProjects/Federer-Jr./src/../crawler_single/linux/dynamic_server/crawler_dynamic_Data/Mono/libSystem.dylib
/home/j/jensenj/.local/lib/python3.6/site-packages/tensorboard/compat/tensorflow_stub/dtypes.py:541: FutureWarning: Passing (type, 1) or '1type' as a synonym of type is deprecated; in a future version of numpy, it will be understood as (type, (1,)) / '(1,)type'.
  _np_qint8 = np.dtype([("qint8", np.int8, 1)])
/home/j/jensenj/.local/lib/python3.6/site-packages/tensorboard/compat/tensorflow_stub/dtypes.py:542: FutureWarning: Passing (type, 1) or '1type' as a synonym of type is deprecated; in a future version of numpy, it will be understood as (type, (1,)) / '(1,)type'.
  _np_quint8 = np.dtype([("quint8", np.uint8, 1)])
/home/j/jensenj/.local/lib/python3.6/site-packages/tensorboard/compat/tensorflow_stub/dtypes.py:543: FutureWarning: Passing (type, 1) or '1type' as a synonym of type is deprecated; in a future version of numpy, it will be understood as (type, (1,)) / '(1,)type'.
  _np_qint16 = np.dtype([("qint16", np.int16, 1)])
/home/j/jensenj/.local/lib/python3.6/site-packages/tensorboard/compat/tensorflow_stub/dtypes.py:544: FutureWarning: Passing (type, 1) or '1type' as a synonym of type is deprecated; in a future version of numpy, it will be understood as (type, (1,)) / '(1,)type'.
  _np_quint16 = np.dtype([("quint16", np.uint16, 1)])
/home/j/jensenj/.local/lib/python3.6/site-packages/tensorboard/compat/tensorflow_stub/dtypes.py:545: FutureWarning: Passing (type, 1) or '1type' as a synonym of type is deprecated; in a future version of numpy, it will be understood as (type, (1,)) / '(1,)type'.
  _np_qint32 = np.dtype([("qint32", np.int32, 1)])
/home/j/jensenj/.local/lib/python3.6/site-packages/tensorboard/compat/tensorflow_stub/dtypes.py:550: FutureWarning: Passing (type, 1) or '1type' as a synonym of type is deprecated; in a future version of numpy, it will be understood as (type, (1,)) / '(1,)type'.
  np_resource = np.dtype([("resource", np.ubyte, 1)])
2020-06-25 11:57:51 INFO [environment.py:108] Connected to Unity environment with package version 1.0.2 and communication version 1.0.0
2020-06-25 11:57:51 INFO [environment.py:265] Connected new brain:
CrawlerDynamic?team=0
2020-06-25 11:57:51 WARNING [__init__.py:92] The environment contains multiple observations. You must define allow_multiple_obs=True to receive them all. Otherwise, only the first visual observation (or vector observation ifthere are no visual observations) will be provided in the observation.
/home/j/jensenj/.local/lib/python3.6/site-packages/gym/logger.py:30: UserWarning: [33mWARN: Box bound precision lowered by casting to float32[0m
  warnings.warn(colorize('%s: %s'%('WARN', msg % args), 'yellow'))
/home/j/jensenj/.local/lib/python3.6/site-packages/numpy/core/_methods.py:160: RuntimeWarning: invalid value encountered in reduce
  ret = umr_sum(arr, axis, dtype, out, keepdims)
update_time_steps: 2048 , ppo_epochs: 4 , beta:  0.1 , gamma 0.99
0 : -2.0188122908584774
1 : -1.0176875796169043
2 : -0.6783982133492827
3 : -0.7219722447916865
4 : -6.917900992557406
5 : -0.897902324795723
6 : -1.4406165683176368
7 : 0.10401585604995489
8 : -5.126298997551203
9 : -1.3187045436352491
10 : -0.8773619546554983
11 : -1.4595109880901873
12 : -1.4606558308005333
13 : -1.2635522289201617
14 : -1.5217575244605541
15 : -1.1175432987511158
16 : -1.2870467565953732
17 : -1.1782115269452333
18 : -0.9357747081667185
19 : -1.7209228202700615
20 : -0.7036371406866238
21 : -1.0718709309585392
22 : 2.660594225861132
23 : -3.030387084931135
24 : -1.633655899669975
25 : -0.9340234072878957
26 : -1.604125751182437
27 : -0.5192343979142606
28 : 0.3279057638719678
29 : -1.679369356483221
30 : -1.3925219234079123
31 : -1.3124334455933422
32 : -0.7729846136644483
33 : -3.3054944477044046
34 : -5.1887618796899915
35 : -0.0830647461116314
36 : -1.6527342461049557
37 : -5.790114835835993
38 : -1.2599554904736578
39 : -5.023751666769385
40 : -0.4193797688931227
41 : -1.3551277741789818
42 : -1.4853174136951566
43 : -0.8857870460487902
44 : -1.5322058210149407
45 : -1.188770480453968
46 : -0.8887479670811445
47 : -1.1647660247981548
48 : -1.292319436557591
49 : -4.130623187869787
50 : -1.2437590644694865
51 : -0.7903498914092779
52 : -0.7021852759644389
53 : -4.379231886006892
54 : -1.8884129598736763
55 : -1.149409554200247
56 : -1.6201664097607136
57 : -0.9063695394434035
58 : -2.909589357674122
59 : -1.1172028770670295
60 : -1.4263163432478905
61 : -1.7208769880235195
62 : -0.8053051270544529
63 : 0.6458292873576283
64 : -1.679496994242072
65 : -1.6961133629083633
66 : -1.6251819869503379
67 : -1.343850864097476
68 : -1.2494144346565008
69 : -0.8183925161138177
70 : -1.5848903451114893
71 : -1.6585467495024204
72 : -1.682184062898159
73 : -1.3111196213867515
74 : -1.8060962166637182
75 : 3.050528204534203
76 : -2.6130742374807596
77 : -0.9348936192691326
78 : -1.6861760579049587
79 : -1.6284542102366686
80 : -1.427513844333589
81 : -1.0624066516757011
82 : -1.2445113793946803
83 : 1.3700031358748674
84 : -1.5148975979536772
85 : -1.0591935182455927
86 : 0.09988882392644882
87 : 0.2782235685735941
88 : 1.3852726533077657
89 : -1.9548760624602437
90 : 0.9484251339454204
91 : -1.0636303219944239
92 : -1.570111381355673
93 : -0.6521586081944406
94 : -0.9585292469710112
95 : -1.684694267809391
96 : -1.0810767048969865
97 : -1.475013429298997
98 : 2.9942289888858795
99 : -0.7530704489909112
100 : -1.8827159591019154
101 : -0.9321630531921983
102 : -2.0672548599541187
103 : -4.4798912247642875
104 : -1.3389943726360798
105 : -8.479627523571253
106 : -1.7739630935247988
107 : -1.981440576724708
108 : -1.4032412788365036
109 : -1.9147408213466406
110 : -1.3050483665429056
111 : -0.8737674108706415
112 : -1.2131457487121224
113 : -1.4611278022639453
114 : -0.7974397339858115
115 : -1.8207428641617298
116 : -0.9604517538100481
117 : -1.810901053249836
118 : -1.1221663495525718
119 : -1.0434436271898448
120 : -2.903044993057847
121 : -2.4534855484962463
122 : -1.780267495661974
123 : -1.02570456918329
!!! updated
124 : -0.06313793594017625
125 : -1.6219029948115349
126 : -1.250900517217815
127 : -1.6689944402314723
128 : -1.3223222084343433
129 : -1.7641366524621844
130 : -1.2763362657278776
Setting up 2 worker threads for Enlighten.
  Thread -> id: 7f97911a3700 -> priority: 1 
  Thread -> id: 7f97909a2700 -> priority: 1 
Traceback (most recent call last):
  File "main.py", line 123, in <module>
    returns = [episode(env, agent, i) for i in range(training_episodes)]
  File "main.py", line 123, in <listcomp>
    returns = [episode(env, agent, i) for i in range(training_episodes)]
  File "main.py", line 30, in episode
    next_state, reward, done, _ = env.step(action.numpy()[0])
  File "/home/j/jensenj/.local/lib/python3.6/site-packages/gym_unity/envs/__init__.py", line 177, in step
    self._env.step()
  File "/home/j/jensenj/.local/lib/python3.6/site-packages/mlagents_envs/timers.py", line 305, in wrapped
    return func(*args, **kwargs)
  File "/home/j/jensenj/.local/lib/python3.6/site-packages/mlagents_envs/environment.py", line 319, in step
    self._update_state(rl_output)
  File "/home/j/jensenj/.local/lib/python3.6/site-packages/mlagents_envs/environment.py", line 275, in _update_state
    agent_info_list, self._env_specs[brain_name]
  File "/home/j/jensenj/.local/lib/python3.6/site-packages/mlagents_envs/timers.py", line 305, in wrapped
    return func(*args, **kwargs)
  File "/home/j/jensenj/.local/lib/python3.6/site-packages/mlagents_envs/rpc_utils.py", line 188, in steps_from_proto
    obs_index, obs_shape, decision_agent_info_list
  File "/home/j/jensenj/.local/lib/python3.6/site-packages/mlagents_envs/timers.py", line 305, in wrapped
    return func(*args, **kwargs)
  File "/home/j/jensenj/.local/lib/python3.6/site-packages/mlagents_envs/rpc_utils.py", line 152, in _process_vector_observation
    _raise_on_nan_and_inf(np_obs, "observations")
  File "/home/j/jensenj/.local/lib/python3.6/site-packages/mlagents_envs/rpc_utils.py", line 130, in _raise_on_nan_and_inf
    raise RuntimeError(f"The {source} provided had NaN values.")
RuntimeError: The observations provided had NaN values.
2020-06-25 12:00:17 INFO [environment.py:418] Environment shut down with return code 0.
