slurmstepd-feueropal: error: Unable to create TMPDIR [/tmp/user/30108]: Permission denied
slurmstepd-feueropal: error: Setting TMPDIR to /tmp
Found path: /home/j/jensenj/PycharmProjects/Federer-Jr./src/../crawler_single/linux/dynamic_server/crawler_dynamic.x86_64
Mono path[0] = '/home/j/jensenj/PycharmProjects/Federer-Jr./src/../crawler_single/linux/dynamic_server/crawler_dynamic_Data/Managed'
Mono config path = '/home/j/jensenj/PycharmProjects/Federer-Jr./src/../crawler_single/linux/dynamic_server/crawler_dynamic_Data/MonoBleedingEdge/etc'
Preloaded 'lib_burst_generated.so'
Preloaded 'libgrpc_csharp_ext.x64.so'
Initialize engine version: 2019.3.15f1 (59ff3e03856d)
[Subsystems] Discovering subsystems at path /home/j/jensenj/PycharmProjects/Federer-Jr./src/../crawler_single/linux/dynamic_server/crawler_dynamic_Data/UnitySubsystems
Forcing GfxDevice: Null
GfxDevice: creating device client; threaded=0
NullGfxDevice:
    Version:  NULL 1.0 [1.0]
    Renderer: Null Device
    Vendor:   Unity Technologies
Begin MonoManager ReloadAssembly
- Completed reload, in  0.090 seconds
WARNING: Shader Unsupported: 'Autodesk Interactive' - All passes removed
WARNING: Shader Did you use #pragma only_renderers and omit this platform?
UnloadTime: 0.411139 ms
Fallback handler could not load library /home/j/jensenj/PycharmProjects/Federer-Jr./src/../crawler_single/linux/dynamic_server/crawler_dynamic_Data/Mono/libcoreclr.so
Fallback handler could not load library /home/j/jensenj/PycharmProjects/Federer-Jr./src/../crawler_single/linux/dynamic_server/crawler_dynamic_Data/Mono/libcoreclr.so
Fallback handler could not load library /home/j/jensenj/PycharmProjects/Federer-Jr./src/../crawler_single/linux/dynamic_server/crawler_dynamic_Data/Mono/libcoreclr.so
Fallback handler could not load library /home/j/jensenj/PycharmProjects/Federer-Jr./src/../crawler_single/linux/dynamic_server/crawler_dynamic_Data/Mono/libSystem.dylib
Fallback handler could not load library /home/j/jensenj/PycharmProjects/Federer-Jr./src/../crawler_single/linux/dynamic_server/crawler_dynamic_Data/Mono/libSystem.dylib.so
Fallback handler could not load library /home/j/jensenj/PycharmProjects/Federer-Jr./src/../crawler_single/linux/dynamic_server/crawler_dynamic_Data/Mono/libSystem.dylib
Fallback handler could not load library /home/j/jensenj/PycharmProjects/Federer-Jr./src/../crawler_single/linux/dynamic_server/crawler_dynamic_Data/Mono/libcoreclr.so
Fallback handler could not load library /home/j/jensenj/PycharmProjects/Federer-Jr./src/../crawler_single/linux/dynamic_server/crawler_dynamic_Data/Mono/libcoreclr.so
Fallback handler could not load library /home/j/jensenj/PycharmProjects/Federer-Jr./src/../crawler_single/linux/dynamic_server/crawler_dynamic_Data/Mono/libcoreclr.so
Fallback handler could not load library /home/j/jensenj/PycharmProjects/Federer-Jr./src/../crawler_single/linux/dynamic_server/crawler_dynamic_Data/Mono/libSystem.dylib
Fallback handler could not load library /home/j/jensenj/PycharmProjects/Federer-Jr./src/../crawler_single/linux/dynamic_server/crawler_dynamic_Data/Mono/libSystem.dylib.so
Fallback handler could not load library /home/j/jensenj/PycharmProjects/Federer-Jr./src/../crawler_single/linux/dynamic_server/crawler_dynamic_Data/Mono/libSystem.dylib
/home/j/jensenj/.local/lib/python3.6/site-packages/tensorboard/compat/tensorflow_stub/dtypes.py:541: FutureWarning: Passing (type, 1) or '1type' as a synonym of type is deprecated; in a future version of numpy, it will be understood as (type, (1,)) / '(1,)type'.
  _np_qint8 = np.dtype([("qint8", np.int8, 1)])
/home/j/jensenj/.local/lib/python3.6/site-packages/tensorboard/compat/tensorflow_stub/dtypes.py:542: FutureWarning: Passing (type, 1) or '1type' as a synonym of type is deprecated; in a future version of numpy, it will be understood as (type, (1,)) / '(1,)type'.
  _np_quint8 = np.dtype([("quint8", np.uint8, 1)])
/home/j/jensenj/.local/lib/python3.6/site-packages/tensorboard/compat/tensorflow_stub/dtypes.py:543: FutureWarning: Passing (type, 1) or '1type' as a synonym of type is deprecated; in a future version of numpy, it will be understood as (type, (1,)) / '(1,)type'.
  _np_qint16 = np.dtype([("qint16", np.int16, 1)])
/home/j/jensenj/.local/lib/python3.6/site-packages/tensorboard/compat/tensorflow_stub/dtypes.py:544: FutureWarning: Passing (type, 1) or '1type' as a synonym of type is deprecated; in a future version of numpy, it will be understood as (type, (1,)) / '(1,)type'.
  _np_quint16 = np.dtype([("quint16", np.uint16, 1)])
/home/j/jensenj/.local/lib/python3.6/site-packages/tensorboard/compat/tensorflow_stub/dtypes.py:545: FutureWarning: Passing (type, 1) or '1type' as a synonym of type is deprecated; in a future version of numpy, it will be understood as (type, (1,)) / '(1,)type'.
  _np_qint32 = np.dtype([("qint32", np.int32, 1)])
/home/j/jensenj/.local/lib/python3.6/site-packages/tensorboard/compat/tensorflow_stub/dtypes.py:550: FutureWarning: Passing (type, 1) or '1type' as a synonym of type is deprecated; in a future version of numpy, it will be understood as (type, (1,)) / '(1,)type'.
  np_resource = np.dtype([("resource", np.ubyte, 1)])
2020-06-25 12:22:51 INFO [environment.py:108] Connected to Unity environment with package version 1.0.2 and communication version 1.0.0
2020-06-25 12:22:51 INFO [environment.py:265] Connected new brain:
CrawlerDynamic?team=0
2020-06-25 12:22:51 WARNING [__init__.py:92] The environment contains multiple observations. You must define allow_multiple_obs=True to receive them all. Otherwise, only the first visual observation (or vector observation ifthere are no visual observations) will be provided in the observation.
/home/j/jensenj/.local/lib/python3.6/site-packages/gym/logger.py:30: UserWarning: [33mWARN: Box bound precision lowered by casting to float32[0m
  warnings.warn(colorize('%s: %s'%('WARN', msg % args), 'yellow'))
/home/j/jensenj/.local/lib/python3.6/site-packages/numpy/core/_methods.py:160: RuntimeWarning: invalid value encountered in reduce
  ret = umr_sum(arr, axis, dtype, out, keepdims)
update_time_steps: 8192 , ppo_epochs: 32 , beta:  0.1 , gamma 0.99
0 : -0.8372950660996139
1 : -0.5364853604696691
2 : 0.11789197847247124
3 : -1.3290254138410091
4 : 1.047195354476571
5 : -1.6144797168672085
6 : -1.3427507556043565
7 : -1.4076519287191331
8 : -3.754505986813456
9 : -1.4285821472294629
10 : -0.8208815599791706
11 : -1.7180446116253734
12 : -0.6400956129655242
13 : -2.6257696133106947
14 : -1.4918746950570494
15 : -1.8988117948174477
16 : -0.7172293942421675
17 : -1.2322895429097116
18 : -0.20954975672066212
19 : -0.008865060284733772
20 : -1.9291382851079106
21 : -1.0013662797864527
22 : -3.054265182465315
23 : -1.094157150015235
24 : -0.8778354022651911
25 : 2.0645019211806357
26 : -1.5965930074453354
27 : 0.6480508223176003
28 : -1.7180458647198975
29 : -1.061079385690391
30 : -1.565752675756812
31 : -1.184229169972241
32 : 0.9135815147310495
33 : -1.616243680473417
34 : -0.27881890861317515
35 : -1.2441394925117493
36 : 0.6675613527186215
37 : 0.7534019835293293
38 : -1.664131655357778
39 : -0.8403213201090693
40 : -0.8163191247731447
41 : -1.025720167439431
42 : -1.2449191543273628
43 : 0.25950475316494703
44 : -0.30352288158610463
45 : -1.198009789455682
46 : -0.0278348489664495
47 : -2.4644061904400587
48 : -0.9500406919978559
49 : -10.927919753827155
50 : -1.2426901757717133
51 : -0.7942517008632421
52 : -0.9111345605924726
53 : 1.162434476427734
54 : -1.8389519453048706
55 : -1.1035779491066933
56 : -1.2627525310963392
57 : -1.603357907384634
58 : -1.6926732584834099
59 : -0.9981559943407774
60 : -1.0376323317177594
61 : -1.445556504651904
62 : -1.1733834547922015
63 : -1.6328587103635073
64 : -0.74782201834023
65 : -1.183909290470183
66 : -2.895525587722659
67 : -1.8046179674565792
68 : -1.3141110916621983
69 : -1.1045869318768382
70 : -1.4395968709141016
71 : -2.3389249653555453
72 : -1.5591045282781124
73 : -1.212809300981462
74 : -0.7646883386187255
75 : -0.8783523729071021
76 : -2.859647980891168
77 : -1.82038757763803
78 : -0.9487201943993568
79 : -0.9307025751040783
80 : -7.57029175106436
81 : -0.8443689947016537
82 : -2.2240095995366573
83 : -1.0412509953603148
84 : -0.5210369387641549
85 : -1.7572857830673456
86 : -0.9566434139851481
87 : -0.593499731272459
88 : 10.579881258774549
89 : 0.5191858746111393
90 : -0.8688084362074733
91 : -1.4433527532964945
92 : -0.5847651367075741
93 : -1.6228659562766552
94 : -1.1134238471277058
95 : -1.2968658972531557
96 : -1.6707442235201597
97 : -1.1690517836250365
98 : 3.8208390111103654
99 : -2.099032960832119
100 : -1.9824270866811275
101 : -2.003078769892454
102 : -0.7359037208370864
103 : -2.0431997925043106
104 : -1.475012825569138
105 : -1.360337664373219
106 : -1.367609292268753
107 : -1.5018325746059418
108 : -0.7818123903125525
109 : -1.9469637428410351
110 : 1.1489417124539614
111 : -1.156631387770176
112 : -1.0576230194419622
113 : 1.8644225224852562
114 : -1.661627883091569
115 : 0.2021064842119813
116 : -0.9018519716337323
117 : -1.1924601369537413
118 : -1.6896508820354939
119 : -1.4585756305605173
120 : -1.9833756983280182
121 : -1.4205720275640488
122 : -1.5723449671640992
123 : -0.7171239433810115
124 : 1.266176070086658
125 : -1.80891590192914
126 : -0.951684377156198
127 : -1.783565865829587
128 : -6.164201777428389
129 : -1.9227496199309826
130 : -0.3508874140679836
131 : -1.0499174930155277
132 : -1.2701982762664557
133 : -1.9988501637708396
134 : -0.5684956079348922
135 : -1.629704898223281
136 : -0.8505225405097008
137 : 0.7360241701826453
138 : -1.4066073736175895
139 : -1.029046815354377
140 : -1.5579148717224598
141 : -3.2181942760944366
142 : -7.274716461775824
143 : -3.012853135354817
144 : -0.7652254928834736
145 : -1.8003503121435642
146 : -1.4440024085342884
147 : -0.9497660640627146
148 : -0.7660098373889923
149 : 0.07765215542167425
150 : -1.8700975589454174
151 : -1.460195304825902
152 : -1.3388508530333638
153 : 1.17803543061018
154 : -1.7143284864723682
155 : -0.7940087257884443
156 : -1.3210787624120712
157 : -1.474490873515606
158 : -1.601416270248592
159 : -1.5350574580952525
160 : -0.7380943410098553
161 : -1.0793391899205744
162 : -1.126969956792891
163 : -4.904512640088797
164 : -1.3960006348788738
165 : -2.081395797431469
166 : -1.1970211835578084
167 : -0.2551943240687251
168 : -1.1564520015381277
169 : -1.3406148785725236
170 : -1.587243135087192
171 : -0.8060699375346303
172 : -2.582654431462288
173 : -1.7890611924231052
174 : -0.27107850508764386
175 : -1.472421423299238
176 : -1.1001417515799403
177 : -1.1291898055933416
178 : -0.9946032450534403
179 : 1.0255172681063414
180 : -0.6227622264996171
181 : -1.5278966939076781
182 : -1.4082216806709766
183 : -1.2892948482185602
184 : -1.1477149149868637
185 : -0.1637417576275766
186 : -1.5403752475976944
187 : -1.3678313279524446
188 : -2.5364515325054526
189 : -0.5775178652256727
190 : -1.132965213386342
191 : -1.4192152237519622
192 : -1.0113247847184539
193 : -2.4860737919807434
194 : -1.1820862023159862
195 : 0.7086451360955834
196 : -1.1814920352771878
197 : -4.046493427827954
198 : 1.0827917363494635
199 : -1.9233137837145478
200 : -1.3394556380808353
201 : -1.2845072280615568
202 : -1.17724351817742
203 : 1.498151807114482
204 : -0.9786169528961182
205 : -1.3063386511057615
206 : -1.4511765994830057
207 : 0.22212514281272888
208 : -4.1239999905228615
209 : -1.0431849141605198
210 : -3.547327315900475
211 : -1.3209664523601532
212 : -0.8553264923393726
213 : 1.1838744510896504
214 : -1.632378795184195
215 : -2.090749768540263
216 : -1.516684403643012
217 : -1.9560059242649004
218 : -1.5281548500061035
219 : -0.8087651934474707
220 : -1.0439037792384624
221 : 2.498422432690859
222 : -1.9010990150272846
223 : -1.3228103024885058
224 : -1.179376969113946
225 : -0.979365806793794
226 : -0.764877731911838
227 : -1.9696317655034363
228 : -1.036294385790825
229 : -0.3400205015204847
230 : -1.0480732021387666
231 : -1.268631821963936
232 : -1.0125547447241843
233 : -5.917362531647086
234 : -5.985939182341099
235 : -1.638057418167591
236 : -3.2443798761814833
237 : -1.1395154022611678
238 : -1.276010059285909
239 : -1.50702010281384
240 : -1.5257379822432995
241 : -0.2019210928119719
242 : -1.137466249987483
243 : -0.6617410369217396
244 : -0.7326396941207349
245 : -0.7506731413304806
246 : -1.3694442249834538
247 : -1.386642302852124
248 : -1.1482473420910537
249 : 1.788002310320735
250 : -1.5077962297946215
251 : -1.1722211223095655
252 : 0.6357255512848496
253 : -1.763857290148735
254 : -0.5904260650277138
255 : -1.9148931317031384
256 : -1.6225996389985085
257 : -0.8552179886028171
258 : -0.7586726034060121
259 : -1.71847765147686
260 : -1.4492188217118382
261 : -1.0978826014325023
262 : -0.8638564543798566
263 : -0.39533031545579433
264 : -3.53305097669363
265 : -1.086314142215997
266 : -1.4233664372004569
267 : -1.5766337979584932
268 : 0.045406988356262445
269 : -2.3656974099576473
270 : -3.7492163255810738
271 : -1.7873600244056433
272 : -1.5277672372758389
273 : -0.8893111902289093
274 : -1.2147244084626436
275 : -6.0102617759257555
276 : -1.2078917436301708
277 : -0.21221570065245032
278 : -2.0703546819277108
279 : -1.062627075240016
280 : -0.6535550216212869
281 : 4.406908839941025
282 : -1.1357661383226514
283 : -1.3298769071698189
284 : -1.2385430224239826
285 : -0.661926013417542
286 : -1.484864047728479
287 : -0.32098174933344126
288 : -1.031332032289356
289 : -1.3519970830529928
290 : -1.5081691984087229
291 : -0.7309850519523025
292 : -8.162361169233918
293 : -5.543133377796039
294 : -7.356088433414698
295 : -4.082456898642704
296 : -1.5732197277247906
297 : -3.92167492210865
298 : -0.08309804275631905
299 : -0.9607262322679162
300 : -1.8514295928180218
301 : -1.5638420544564724
302 : -0.6665969006717205
303 : -5.488290747627616
304 : -1.8910767883062363
305 : -1.5089507903903723
306 : -1.3308615423738956
307 : -2.2441573906689882
308 : 2.914863038342446
309 : -2.7944252379238605
310 : -1.0643058265559375
311 : -0.5054194768890738
312 : -1.4002110389992595
313 : -4.1443740874528885
314 : -1.7730481734033674
315 : -2.0301291048526764
316 : -1.3247220530174673
317 : -1.303682817844674
318 : -1.6632797978818417
319 : -1.4269516938365996
320 : -0.9307394055649638
321 : -1.132471107179299
322 : -1.5032185092568398
323 : -1.7741477601230145
324 : 19.519028952345252
325 : -2.400580268353224
326 : 2.3430652297101915
327 : -0.8168888152576983
328 : -1.0039183953776956
329 : -2.555267997086048
330 : -0.3654113607481122
331 : -1.042392442934215
332 : -5.400044862180948
333 : -1.0904943402856588
334 : -1.0007311725057662
335 : -1.0146728111431003
336 : -1.5178018640726805
337 : -2.496142619289458
338 : 1.295969970524311
339 : -0.8639361150562763
340 : -1.1915699350647628
341 : 1.3609443986788392
342 : -1.8698013499379158
343 : -1.4138501277193427
344 : -1.7911025797948241
345 : -1.0778508922085166
346 : -1.2369750505313277
347 : -1.5197160309180617
348 : -1.270083503331989
349 : -0.729370248503983
350 : -1.4295494202524424
351 : -1.010275678243488
352 : -1.6496171355247498
353 : -1.458178024739027
354 : -1.163169645704329
355 : -0.0522830281406641
356 : -3.980049332603812
357 : -1.9832432004623115
358 : -0.8888798845000565
359 : -1.3445233411621302
360 : -1.2854419089853764
361 : -0.8756296504288912
362 : -2.828373933210969
363 : -1.8460797173902392
364 : -1.071952256374061
365 : -7.103915323968977
366 : -0.17210491094738245
367 : -1.3777073724195361
368 : -0.5068815406411886
369 : -2.461265369784087
370 : -1.284088285639882
371 : -1.7109239883720875
372 : -1.5827337801456451
373 : 6.038895260542631
374 : -1.0256676441058517
375 : -1.9493675604462624
376 : 0.6786822520662099
377 : 0.3308455469086766
378 : -2.2234754785895348
379 : -1.0068564041284844
380 : -1.540315279737115
381 : -0.9024867308326066
382 : -1.224587805569172
383 : 0.2390748094767332
384 : -1.0386452311649919
385 : 4.988310717744753
386 : -0.20030090352520347
387 : -0.76898327562958
388 : -1.3319046115502715
389 : 0.2703958018682897
390 : -1.3928811652585864
391 : -0.2842991631478071
392 : -3.470079313032329
393 : -1.4168113595806062
394 : -1.37587558478117
395 : 0.05429896852001548
396 : -2.782783410977572
397 : -1.3179755005985498
398 : -0.9506113948300481
399 : -0.4923650985583663
400 : -0.055553046986460686
401 : -0.7176565788686275
402 : -6.662845024839044
403 : -2.0267215073108673
404 : -1.0794310569763184
405 : -1.9874631464481354
406 : -0.8198275193572044
407 : -1.1112705334089696
408 : -0.8681254959665239
409 : -1.3333816537633538
410 : -1.1979073593392968
411 : -1.2074120147153735
412 : -2.747916631400585
413 : -1.3055384682957083
414 : -2.245333980768919
415 : -1.895320413634181
416 : -1.2704834709875286
417 : -0.7452176734805107
418 : -1.1029017148539424
419 : -7.264103190973401
420 : -5.561756991315633
421 : -1.2865926632657647
422 : -1.6578576443716884
423 : -1.4368828367441893
424 : -1.5948492388706654
425 : -0.5414734790101647
426 : -0.6101902704685926
427 : 0.5003612008877099
428 : -1.9851874448359013
429 : -6.546764623373747
430 : -1.87724338658154
431 : -1.7845973214134574
432 : -3.8709399476647377
433 : -1.147663111332804
434 : -0.5319061940535903
435 : -2.722061247099191
436 : -1.5316359258722514
437 : -6.265691740904003
438 : -0.975988463498652
439 : -1.2524729459546506
440 : -1.6025314759463072
441 : -1.5731530438642949
442 : -0.8493386888876557
443 : -1.8076540976762772
444 : -0.6195344976149499
445 : 2.1460402151569724
446 : -0.9756307303905487
447 : -0.9770088153891265
448 : -0.8872045534662902
449 : -0.975547858979553
450 : -1.41519960667938
451 : -1.4808218441903591
452 : -1.4885428361594677
453 : -3.3959213364869356
454 : -1.13234175555408
455 : -1.5779459662735462
456 : -1.5057893581688404
457 : -0.6557422457262874
458 : -1.466224193572998
459 : -1.5631889775395393
460 : -1.622724023181945
461 : -3.1918629920110106
462 : -2.9778671711683273
463 : -1.7957011088728905
464 : -0.5164538193494081
465 : -1.7683253772556782
466 : -0.4587401822209358
467 : -4.134471691213548
468 : -2.828958208207041
469 : 0.2548290640115738
470 : -3.738115848042071
471 : 1.8867969745770097
472 : -2.958466798067093
473 : -1.0261166784912348
474 : -1.4394508223049343
475 : 0.8884092643857002
476 : 0.5596464616246521
477 : -1.5939326703373808
478 : -0.7621445208787918
479 : -1.6150205163285136
480 : -1.0851108841598034
481 : -0.18736881436780095
482 : -4.662145945243537
483 : -0.9854117901995778
484 : 0.753745230846107
485 : -0.7670550420880318
486 : -1.4666469097137451
487 : -2.8610790325328708
488 : -1.070476002059877
489 : 1.7800709791481495
490 : -1.8905694328714162
491 : -5.313336227089167
492 : 0.4537198720499873
493 : -1.2606712151318789
494 : -1.1976943705230951
495 : -1.277513257227838
496 : -0.7011389117687941
497 : -6.415079101920128
!!! updated
Setting up 6 worker threads for Enlighten.
  Thread -> id: 7f6538d8c700 -> priority: 1 
  Thread -> id: 7f6533fff700 -> priority: 1 
  Thread -> id: 7f65337fe700 -> priority: 1 
  Thread -> id: 7f6532ffd700 -> priority: 1 
  Thread -> id: 7f65327fc700 -> priority: 1 
  Thread -> id: 7f6531ffb700 -> priority: 1 
Traceback (most recent call last):
  File "main.py", line 123, in <module>
    returns = [episode(env, agent, i) for i in range(training_episodes)]
  File "main.py", line 123, in <listcomp>
    returns = [episode(env, agent, i) for i in range(training_episodes)]
  File "main.py", line 30, in episode
    next_state, reward, done, _ = env.step(action.numpy()[0])
  File "/home/j/jensenj/.local/lib/python3.6/site-packages/gym_unity/envs/__init__.py", line 177, in step
    self._env.step()
  File "/home/j/jensenj/.local/lib/python3.6/site-packages/mlagents_envs/timers.py", line 305, in wrapped
    return func(*args, **kwargs)
  File "/home/j/jensenj/.local/lib/python3.6/site-packages/mlagents_envs/environment.py", line 319, in step
    self._update_state(rl_output)
  File "/home/j/jensenj/.local/lib/python3.6/site-packages/mlagents_envs/environment.py", line 275, in _update_state
    agent_info_list, self._env_specs[brain_name]
  File "/home/j/jensenj/.local/lib/python3.6/site-packages/mlagents_envs/timers.py", line 305, in wrapped
    return func(*args, **kwargs)
  File "/home/j/jensenj/.local/lib/python3.6/site-packages/mlagents_envs/rpc_utils.py", line 188, in steps_from_proto
    obs_index, obs_shape, decision_agent_info_list
  File "/home/j/jensenj/.local/lib/python3.6/site-packages/mlagents_envs/timers.py", line 305, in wrapped
    return func(*args, **kwargs)
  File "/home/j/jensenj/.local/lib/python3.6/site-packages/mlagents_envs/rpc_utils.py", line 152, in _process_vector_observation
    _raise_on_nan_and_inf(np_obs, "observations")
  File "/home/j/jensenj/.local/lib/python3.6/site-packages/mlagents_envs/rpc_utils.py", line 130, in _raise_on_nan_and_inf
    raise RuntimeError(f"The {source} provided had NaN values.")
RuntimeError: The observations provided had NaN values.
2020-06-25 12:34:23 INFO [environment.py:418] Environment shut down with return code 0.
