slurmstepd-gaissa: error: Unable to create TMPDIR [/tmp/user/30108]: Permission denied
slurmstepd-gaissa: error: Setting TMPDIR to /tmp
------- load study successful
Found path: /home/j/jensenj/PycharmProjects/Federer-Jr./src/../crawler_single/linux/dynamic_server/crawler_dynamic.x86_64
Mono path[0] = '/home/j/jensenj/PycharmProjects/Federer-Jr./src/../crawler_single/linux/dynamic_server/crawler_dynamic_Data/Managed'
Mono config path = '/home/j/jensenj/PycharmProjects/Federer-Jr./src/../crawler_single/linux/dynamic_server/crawler_dynamic_Data/MonoBleedingEdge/etc'
Preloaded 'lib_burst_generated.so'
Preloaded 'libgrpc_csharp_ext.x64.so'
Initialize engine version: 2019.3.15f1 (59ff3e03856d)
[Subsystems] Discovering subsystems at path /home/j/jensenj/PycharmProjects/Federer-Jr./src/../crawler_single/linux/dynamic_server/crawler_dynamic_Data/UnitySubsystems
Forcing GfxDevice: Null
GfxDevice: creating device client; threaded=0
NullGfxDevice:
    Version:  NULL 1.0 [1.0]
    Renderer: Null Device
    Vendor:   Unity Technologies
Begin MonoManager ReloadAssembly
- Completed reload, in  0.114 seconds
WARNING: Shader Unsupported: 'Autodesk Interactive' - All passes removed
WARNING: Shader Did you use #pragma only_renderers and omit this platform?
UnloadTime: 0.453122 ms
Fallback handler could not load library /home/j/jensenj/PycharmProjects/Federer-Jr./src/../crawler_single/linux/dynamic_server/crawler_dynamic_Data/Mono/libcoreclr.so
Fallback handler could not load library /home/j/jensenj/PycharmProjects/Federer-Jr./src/../crawler_single/linux/dynamic_server/crawler_dynamic_Data/Mono/libcoreclr.so
Fallback handler could not load library /home/j/jensenj/PycharmProjects/Federer-Jr./src/../crawler_single/linux/dynamic_server/crawler_dynamic_Data/Mono/libcoreclr.so
Fallback handler could not load library /home/j/jensenj/PycharmProjects/Federer-Jr./src/../crawler_single/linux/dynamic_server/crawler_dynamic_Data/Mono/libSystem.dylib
Fallback handler could not load library /home/j/jensenj/PycharmProjects/Federer-Jr./src/../crawler_single/linux/dynamic_server/crawler_dynamic_Data/Mono/libSystem.dylib.so
Fallback handler could not load library /home/j/jensenj/PycharmProjects/Federer-Jr./src/../crawler_single/linux/dynamic_server/crawler_dynamic_Data/Mono/libSystem.dylib
Fallback handler could not load library /home/j/jensenj/PycharmProjects/Federer-Jr./src/../crawler_single/linux/dynamic_server/crawler_dynamic_Data/Mono/libcoreclr.so
Fallback handler could not load library /home/j/jensenj/PycharmProjects/Federer-Jr./src/../crawler_single/linux/dynamic_server/crawler_dynamic_Data/Mono/libcoreclr.so
Fallback handler could not load library /home/j/jensenj/PycharmProjects/Federer-Jr./src/../crawler_single/linux/dynamic_server/crawler_dynamic_Data/Mono/libcoreclr.so
Fallback handler could not load library /home/j/jensenj/PycharmProjects/Federer-Jr./src/../crawler_single/linux/dynamic_server/crawler_dynamic_Data/Mono/libSystem.dylib
Fallback handler could not load library /home/j/jensenj/PycharmProjects/Federer-Jr./src/../crawler_single/linux/dynamic_server/crawler_dynamic_Data/Mono/libSystem.dylib.so
Fallback handler could not load library /home/j/jensenj/PycharmProjects/Federer-Jr./src/../crawler_single/linux/dynamic_server/crawler_dynamic_Data/Mono/libSystem.dylib
/home/j/jensenj/.local/lib/python3.6/site-packages/tensorboard/compat/tensorflow_stub/dtypes.py:541: FutureWarning: Passing (type, 1) or '1type' as a synonym of type is deprecated; in a future version of numpy, it will be understood as (type, (1,)) / '(1,)type'.
  _np_qint8 = np.dtype([("qint8", np.int8, 1)])
/home/j/jensenj/.local/lib/python3.6/site-packages/tensorboard/compat/tensorflow_stub/dtypes.py:542: FutureWarning: Passing (type, 1) or '1type' as a synonym of type is deprecated; in a future version of numpy, it will be understood as (type, (1,)) / '(1,)type'.
  _np_quint8 = np.dtype([("quint8", np.uint8, 1)])
/home/j/jensenj/.local/lib/python3.6/site-packages/tensorboard/compat/tensorflow_stub/dtypes.py:543: FutureWarning: Passing (type, 1) or '1type' as a synonym of type is deprecated; in a future version of numpy, it will be understood as (type, (1,)) / '(1,)type'.
  _np_qint16 = np.dtype([("qint16", np.int16, 1)])
/home/j/jensenj/.local/lib/python3.6/site-packages/tensorboard/compat/tensorflow_stub/dtypes.py:544: FutureWarning: Passing (type, 1) or '1type' as a synonym of type is deprecated; in a future version of numpy, it will be understood as (type, (1,)) / '(1,)type'.
  _np_quint16 = np.dtype([("quint16", np.uint16, 1)])
/home/j/jensenj/.local/lib/python3.6/site-packages/tensorboard/compat/tensorflow_stub/dtypes.py:545: FutureWarning: Passing (type, 1) or '1type' as a synonym of type is deprecated; in a future version of numpy, it will be understood as (type, (1,)) / '(1,)type'.
  _np_qint32 = np.dtype([("qint32", np.int32, 1)])
/home/j/jensenj/.local/lib/python3.6/site-packages/tensorboard/compat/tensorflow_stub/dtypes.py:550: FutureWarning: Passing (type, 1) or '1type' as a synonym of type is deprecated; in a future version of numpy, it will be understood as (type, (1,)) / '(1,)type'.
  np_resource = np.dtype([("resource", np.ubyte, 1)])
2020-06-24 12:51:59 INFO [environment.py:108] Connected to Unity environment with package version 1.0.2 and communication version 1.0.0
2020-06-24 12:51:59 INFO [environment.py:265] Connected new brain:
CrawlerDynamic?team=0
2020-06-24 12:51:59 WARNING [__init__.py:92] The environment contains multiple observations. You must define allow_multiple_obs=True to receive them all. Otherwise, only the first visual observation (or vector observation ifthere are no visual observations) will be provided in the observation.
/home/j/jensenj/.local/lib/python3.6/site-packages/gym/logger.py:30: UserWarning: WARN: Box bound precision lowered by casting to float32
  warnings.warn(colorize('%s: %s'%('WARN', msg % args), 'yellow'))
{'nr_output_features': 20, 'nr_input_features': 126, 'env': <gym_unity.envs.UnityToGymWrapper object at 0x7f38dd794cf8>, 'alpha': 0.003, 'tau': 0.95, 'clip': 0.2, 'minibatch_size': 32, 'hidden_units': 512, 'update_time_steps': 5120, 'ppo_epochs': 17, 'gamma': 0.9502365859349474, 'beta': 0.07329900433633323}
2020-06-24 12:06:01 - # 0 :	 -1.6418410958722234
2020-06-24 12:06:02 - # 1 :	 -1.1116719925776124
2020-06-24 12:06:02 - # 2 :	 -1.3763230042532086
2020-06-24 12:06:06 - # 3 :	 2.1988721769303083
2020-06-24 12:06:07 - # 4 :	 -3.7830105796456337
2020-06-24 12:06:09 - # 5 :	 -2.7215848304331303
2020-06-24 12:06:10 - # 6 :	 -1.2613124679774046
2020-06-24 12:06:11 - # 7 :	 -1.3582023726776242
2020-06-24 12:06:14 - # 8 :	 -11.640105662867427
2020-06-24 12:06:16 - # 9 :	 -4.788601785898209
2020-06-24 12:06:18 - # 10 :	 -3.680450034327805
2020-06-24 12:06:24 - # 11 :	 8.904563996940851
2020-06-24 12:06:26 - # 12 :	 -0.46065486315637827
2020-06-24 12:06:27 - # 13 :	 -2.4315514340996742
2020-06-24 12:06:28 - # 14 :	 -2.059167467057705
2020-06-24 12:06:32 - # 15 :	 -4.995073596946895
2020-06-24 12:06:33 - # 16 :	 -1.1421216167509556
2020-06-24 12:06:34 - # 17 :	 -1.4079291811212897
2020-06-24 12:06:34 - # 18 :	 -0.9252505851909518
2020-06-24 12:06:35 - # 19 :	 0.4340281942859292
2020-06-24 12:06:36 - # 20 :	 -1.3228707229718566
2020-06-24 12:06:38 - # 21 :	 -0.9907458578236401
2020-06-24 12:06:39 - # 22 :	 0.336040873080492
2020-06-24 12:06:39 - # 23 :	 -1.6777353826910257
2020-06-24 12:06:40 - # 24 :	 -0.6841286416165531
2020-06-24 12:06:41 - # 25 :	 -1.1051936810836196
2020-06-24 12:06:41 - # 26 :	 -1.6363254971802235
2020-06-24 12:06:44 - # 27 :	 1.2971481774002314
2020-06-24 12:06:45 - # 28 :	 -1.2139239539392292
2020-06-24 12:06:45 - # 29 :	 -1.5701555609703064
2020-06-24 12:06:46 - # 30 :	 -1.356919459765777
2020-06-24 12:06:46 - # 31 :	 -1.1341181108728051
2020-06-24 12:06:48 - # 32 :	 -0.5469377604313195
2020-06-24 12:06:49 - # 33 :	 -1.3939872388727963
2020-06-24 12:06:50 - # 34 :	 -2.2288609948009253
2020-06-24 12:06:53 - # 35 :	 1.7393762758001685
2020-06-24 12:06:54 - # 36 :	 -2.4947610534727573
2020-06-24 12:06:54 - # 37 :	 -1.1287858812138438
2020-06-24 12:06:55 - # 38 :	 -0.9030582709237933
2020-06-24 12:06:56 - # 39 :	 -3.6288019344210625
2020-06-24 12:06:58 - # 40 :	 0.21649887086823583
2020-06-24 12:06:59 - # 41 :	 -0.02428334206342697
2020-06-24 12:06:01 - # 42 :	 -0.6365189459174871
2020-06-24 12:06:01 - # 43 :	 -0.8325026724487543
2020-06-24 12:06:02 - # 44 :	 -1.1021891101263463
2020-06-24 12:06:03 - # 45 :	 -0.1909558759070933
2020-06-24 12:06:04 - # 46 :	 -1.3784200539812446
2020-06-24 12:06:04 - # 47 :	 -1.1917829541489482
2020-06-24 12:06:05 - # 48 :	 -1.7376638036221266
2020-06-24 12:06:06 - # 49 :	 -1.8578992299735546
2020-06-24 12:06:07 - # 50 :	 -0.9413109831511974
2020-06-24 12:06:07 - # 51 :	 -0.8383284322917461
2020-06-24 12:06:12 - # 52 :	 -2.0355403581634164
2020-06-24 12:06:12 - # 53 :	 -2.508421905338764
2020-06-24 12:06:13 - # 54 :	 -0.8888936308212578
2020-06-24 12:06:16 - # 55 :	 -9.262899735942483
2020-06-24 12:06:18 - # 56 :	 -0.34513622988015413
2020-06-24 12:06:19 - # 57 :	 -2.2307914812117815
2020-06-24 12:06:21 - # 58 :	 -0.07601712466566823
2020-06-24 12:06:21 - # 59 :	 -1.4293727092444897
2020-06-24 12:06:22 - # 60 :	 -0.8321968731470406
2020-06-24 12:06:25 - # 61 :	 -3.1786348648602143
2020-06-24 12:06:30 - # 62 :	 0.856758994050324
2020-06-24 12:06:32 - # 63 :	 -1.945284935645759
2020-06-24 12:06:33 - # 64 :	 -1.0694089737953618
2020-06-24 12:06:34 - # 65 :	 -2.7240267768502235
2020-06-24 12:06:35 - # 66 :	 -1.1208540233783424
2020-06-24 12:06:41 - # 67 :	 2.4594537275843322
2020-06-24 12:06:43 - # 68 :	 0.3520729234442115
2020-06-24 12:06:43 - # 69 :	 -0.8702480285428464
2020-06-24 12:06:45 - # 70 :	 -2.100166882853955
2020-06-24 12:06:45 - # 71 :	 -1.6497799381613731
2020-06-24 12:06:49 - # 72 :	 -7.297830763855018
2020-06-24 12:06:52 - # 73 :	 -8.094019832089543
2020-06-24 12:06:56 - # 74 :	 -8.437066656537354
2020-06-24 12:06:57 - # 75 :	 -1.9891028441488743
2020-06-24 12:06:58 - # 76 :	 -0.7306035431101918
2020-06-24 12:06:00 - # 77 :	 3.299854703247547
2020-06-24 12:06:02 - # 78 :	 -1.8638778999447823
2020-06-24 12:06:06 - # 79 :	 -10.90253435075283
2020-06-24 12:06:07 - # 80 :	 -1.6931885667145252
2020-06-24 12:06:07 - # 81 :	 -1.3360209940001369
2020-06-24 12:06:08 - # 82 :	 -2.323231937363744
2020-06-24 12:06:14 - # 83 :	 -18.124127459479496
2020-06-24 12:06:17 - # 84 :	 -1.2905268248869106
2020-06-24 12:06:17 - # 85 :	 -0.9622765351086855
2020-06-24 12:06:21 - # 86 :	 -4.967209828551859
2020-06-24 12:06:22 - # 87 :	 -0.9324894126038998
2020-06-24 12:06:24 - # 88 :	 -3.2694057198241353
2020-06-24 12:06:25 - # 89 :	 -1.622922943904996
2020-06-24 12:06:26 - # 90 :	 -1.389329083263874
2020-06-24 12:06:27 - # 91 :	 -1.309959053993225
2020-06-24 12:06:28 - # 92 :	 -1.6345838992856443
2020-06-24 12:06:34 - # 93 :	 -11.22954296413809
2020-06-24 12:06:35 - # 94 :	 -1.663914772681892
2020-06-24 12:06:35 - # 95 :	 -0.7508723810315132
2020-06-24 12:06:36 - # 96 :	 -1.0084093878977
2020-06-24 12:06:39 - # 97 :	 -6.406178429722786
2020-06-24 12:06:39 - # 98 :	 -3.1053366884589195
2020-06-24 12:06:42 - # 99 :	 3.8706017853692174
2020-06-24 12:06:43 - # 100 :	 -1.3526121671311557
2020-06-24 12:06:45 - # 101 :	 -1.8209825498051941
2020-06-24 12:06:45 - # 102 :	 -0.7956098010763526
2020-06-24 12:06:49 - # 103 :	 0.3882649182341993
2020-06-24 12:06:49 - # 104 :	 -2.098487202078104
2020-06-24 12:06:56 - # 105 :	 3.217277987860143
2020-06-24 12:06:57 - # 106 :	 -1.3088529407978058
2020-06-24 12:06:58 - # 107 :	 -1.7475209198892117
2020-06-24 12:06:58 - # 108 :	 -1.3280709655955434
2020-06-24 12:06:59 - # 109 :	 -1.0868937131017447
2020-06-24 12:06:59 - # 110 :	 -0.9165283609181643
2020-06-24 12:06:02 - # 111 :	 -4.837848888942972
2020-06-24 12:06:05 - # 112 :	 -2.4284813643898815
2020-06-24 12:06:06 - # 113 :	 -0.7568108029663563
2020-06-24 12:06:07 - # 114 :	 -1.1090851901099086
2020-06-24 12:06:07 - # 115 :	 -1.0156942766625434
2020-06-24 12:06:08 - # 116 :	 -1.2863857503980398
2020-06-24 12:06:09 - # 117 :	 -0.6832715328782797
2020-06-24 12:06:11 - # 118 :	 2.6988693210296333
2020-06-24 12:06:12 - # 119 :	 -1.8299005986191332
2020-06-24 12:06:12 - # 120 :	 -1.3674426870420575
2020-06-24 12:06:15 - # 121 :	 0.7704179715365171
2020-06-24 12:06:16 - # 122 :	 -1.4099144451320171
2020-06-24 12:06:16 - # 123 :	 -0.7956669516861439
2020-06-24 12:06:17 - # 124 :	 -1.909864837769419
2020-06-24 12:06:18 - # 125 :	 -1.3476430140435696
2020-06-24 12:06:19 - # 126 :	 -1.1701058931648731
2020-06-24 12:06:19 - # 127 :	 -1.7917869966477156
2020-06-24 12:06:24 - # 128 :	 -6.29854705138132
2020-06-24 12:06:26 - # 129 :	 -2.8546015610918403
2020-06-24 12:06:32 - # 130 :	 -0.6630293065682054
2020-06-24 12:06:34 - # 131 :	 -0.8954823901876807
2020-06-24 12:06:34 - # 132 :	 -1.5046769510954618
2020-06-24 12:06:35 - # 133 :	 -1.303165762219578
2020-06-24 12:06:36 - # 134 :	 -1.1476997341960669
2020-06-24 12:06:37 - # 135 :	 -0.49612671323120594
2020-06-24 12:06:37 - # 136 :	 -1.0897205513902009
2020-06-24 12:06:38 - # 137 :	 -0.9022785113193095
2020-06-24 12:06:39 - # 138 :	 -0.7102313507348299
2020-06-24 12:06:40 - # 139 :	 -2.825614190660417
2020-06-24 12:06:42 - # 140 :	 -4.456433327868581
2020-06-24 12:06:45 - # 141 :	 0.7439290648326278
2020-06-24 12:06:46 - # 142 :	 -0.42457019491121173
2020-06-24 12:06:47 - # 143 :	 -1.4280317164957523
2020-06-24 12:06:49 - # 144 :	 1.92884570825845
2020-06-24 12:06:53 - # 145 :	 -1.9294293657876551
2020-06-24 12:06:54 - # 146 :	 -2.5180544406175613
2020-06-24 12:06:55 - # 147 :	 -0.7884700307622552
2020-06-24 12:06:55 - # 148 :	 -1.030270952731371
2020-06-24 12:06:57 - # 149 :	 -3.2572495876811445
2020-06-24 12:06:57 - # 150 :	 -1.7553813457489014
2020-06-24 12:06:58 - # 151 :	 -2.0750248841941357
2020-06-24 12:06:00 - # 152 :	 0.6760417316108942
2020-06-24 12:06:01 - # 153 :	 -2.3047055080533028
2020-06-24 12:06:01 - # 154 :	 -0.5958951315842569
2020-06-24 12:06:08 - # 155 :	 -10.879000603687018
2020-06-24 12:06:09 - # 156 :	 -1.0420427471399307
2020-06-24 12:06:09 - # 157 :	 -1.3572691809386015
2020-06-24 12:06:10 - # 158 :	 -1.0406238408759236
2020-06-24 12:06:10 - # 159 :	 -0.9741418892517686
2020-06-24 12:06:11 - # 160 :	 -2.3393669854849577
2020-06-24 12:06:13 - # 161 :	 -1.4527045553550124
2020-06-24 12:06:14 - # 162 :	 -1.8801964987069368
2020-06-24 12:06:15 - # 163 :	 -2.40390173625201
2020-06-24 12:06:16 - # 164 :	 -1.3174160160124302
2020-06-24 12:06:16 - # 165 :	 -1.3605236967559904
2020-06-24 12:06:17 - # 166 :	 -1.7112299036234617
2020-06-24 12:06:18 - # 167 :	 -1.303075938951224
2020-06-24 12:06:19 - # 168 :	 -1.4685216415673494
2020-06-24 12:06:21 - # 169 :	 -4.876052325591445
2020-06-24 12:06:22 - # 170 :	 -1.0658641825430095
2020-06-24 12:06:24 - # 171 :	 0.1720414524897933
2020-06-24 12:06:26 - # 172 :	 -4.006700970232487
2020-06-24 12:06:26 - # 173 :	 -2.5513790771365166
2020-06-24 12:06:27 - # 174 :	 -1.3576349336653948
2020-06-24 12:06:31 - # 175 :	 -5.1650707721710205
2020-06-24 12:06:31 - # 176 :	 -1.6866777082905173
2020-06-24 12:06:32 - # 177 :	 -0.8482950171455741
2020-06-24 12:06:33 - # 178 :	 -1.4355635810643435
2020-06-24 12:06:35 - # 179 :	 -0.00016802316531538963
2020-06-24 12:06:38 - # 180 :	 -4.322987967636436
2020-06-24 12:06:38 - # 181 :	 -0.9740508566610515
2020-06-24 12:06:41 - # 182 :	 1.4076975584030151
2020-06-24 12:06:46 - # 183 :	 -16.719793253578246
2020-06-24 12:06:48 - # 184 :	 0.7536265188828111
2020-06-24 12:06:49 - # 185 :	 -1.3064353950321674
2020-06-24 12:06:49 - # 186 :	 -1.4023717935197055
2020-06-24 12:06:50 - # 187 :	 -2.2982375007122755
2020-06-24 12:06:51 - # 188 :	 -1.215224175248295
2020-06-24 12:06:52 - # 189 :	 -1.568994146771729
2020-06-24 12:06:52 - # 190 :	 -1.738034919835627
2020-06-24 12:06:54 - # 191 :	 -1.6915723092388362
2020-06-24 12:06:55 - # 192 :	 -0.7582917225081474
2020-06-24 12:06:55 - # 193 :	 -0.8101861570030451
2020-06-24 12:06:56 - # 194 :	 -1.4477580338716507
2020-06-24 12:06:57 - # 195 :	 -0.9818526250310242
2020-06-24 12:06:57 - # 196 :	 -1.3577933348715305
2020-06-24 12:06:58 - # 197 :	 -2.3023144602775574
2020-06-24 12:06:59 - # 198 :	 -2.5310340747237206
2020-06-24 12:06:02 - # 199 :	 -5.93584421579726
2020-06-24 12:06:03 - # 200 :	 -0.7569767464883626
2020-06-24 12:06:06 - # 201 :	 0.8125329464673996
2020-06-24 12:06:07 - # 202 :	 -2.910386646166444
2020-06-24 12:06:09 - # 203 :	 -0.23303630342707038
2020-06-24 12:06:11 - # 204 :	 -9.04361700732261
2020-06-24 12:06:13 - # 205 :	 -2.923396992497146
2020-06-24 12:06:14 - # 206 :	 -2.13100491091609
2020-06-24 12:06:16 - # 207 :	 -3.8298503141850233
2020-06-24 12:06:16 - # 208 :	 -1.3496736399829388
2020-06-24 12:06:17 - # 209 :	 -1.1764588933438063
2020-06-24 12:06:18 - # 210 :	 -2.15316791087389
2020-06-24 12:06:21 - # 211 :	 -1.3258004426024854
2020-06-24 12:06:21 - # 212 :	 -1.2775324238464236
2020-06-24 12:06:22 - # 213 :	 -0.7388645629398525
2020-06-24 12:06:24 - # 214 :	 -3.668618598021567
2020-06-24 12:06:26 - # 215 :	 2.000580051448196
2020-06-24 12:06:26 - # 216 :	 -1.3913865794893354
2020-06-24 12:06:27 - # 217 :	 -1.384224851615727
2020-06-24 12:06:28 - # 218 :	 -2.4647832438349724
2020-06-24 12:06:30 - # 219 :	 -2.896314959973097
2020-06-24 12:06:32 - # 220 :	 -0.7626670449972153
2020-06-24 12:06:33 - # 221 :	 -1.9487490453757346
2020-06-24 12:06:35 - # 222 :	 -1.7356192090082914
2020-06-24 12:06:36 - # 223 :	 -1.1865153822582215
2020-06-24 12:06:37 - # 224 :	 1.6164150582626462
2020-06-24 12:06:38 - # 225 :	 -1.334078417159617
2020-06-24 12:06:39 - # 226 :	 -1.0263066871557385
!!! updated
2020-06-24 12:06:03 - # 227 :	 -1.851864330470562
2020-06-24 12:06:04 - # 228 :	 -1.2224966511130333
2020-06-24 12:06:04 - # 229 :	 -1.3969133468344808
2020-06-24 12:06:05 - # 230 :	 -1.7033441346138716
2020-06-24 12:06:06 - # 231 :	 -1.428434470668435
2020-06-24 12:06:06 - # 232 :	 -1.1662733405828476
2020-06-24 12:06:07 - # 233 :	 -1.2536917058750987
2020-06-24 12:06:07 - # 234 :	 -1.1424931320361793
2020-06-24 12:06:08 - # 235 :	 -1.4612196143716574
2020-06-24 12:06:09 - # 236 :	 -1.152551168575883
2020-06-24 12:06:09 - # 237 :	 -1.109715297818184
2020-06-24 12:06:10 - # 238 :	 -1.9017226807773113
action: tensor([[ 2.1285e+34,  4.8623e+33, -2.5969e+34, -1.0084e+35,  3.5994e+34,
          2.3897e+34,  2.3989e+34,  6.1094e+34,  4.4731e+34,  2.3887e+34,
          4.5129e+34, -4.3112e+34, -6.8392e+34, -3.2108e+34,  6.3397e+34,
         -3.3058e+34,  3.8357e+34, -2.7817e+34, -4.8119e+34, -5.4302e+34]]) , log_prob: tensor([[-2.1947, -2.2088, -2.1587, -1.8564, -2.0206, -2.2605, -2.3502, -1.9267,
         -2.2342, -2.2592, -2.1998, -2.5274, -2.6257, -1.9203, -1.8867, -2.4311,
         -1.6521, -2.2550, -2.3135, -1.8094]], grad_fn=<SubBackward0>) , value: tensor([[-0.0536]], grad_fn=<AddmmBackward>)
action numpy:  [ 2.1284891e+34  4.8623363e+33 -2.5969427e+34 -1.0083796e+35
  3.5993778e+34  2.3896529e+34  2.3989109e+34  6.1093722e+34
  4.4731260e+34  2.3887331e+34  4.5129253e+34 -4.3111693e+34
 -6.8391879e+34 -3.2108008e+34  6.3396618e+34 -3.3057877e+34
  3.8357230e+34 -2.7816810e+34 -4.8118660e+34 -5.4302369e+34]
[W 2020-06-24 12:58:10,624] Setting status of trial#42 as TrialState.FAIL because of the following error: RuntimeError('The observations provided had Infinite values.',)
Traceback (most recent call last):
  File "/home/j/jensenj/.local/lib/python3.6/site-packages/optuna/study.py", line 734, in _run_trial
    result = func(trial)
  File "main-optuna.py", line 100, in objective
    returns = [episode(env, agent, params, writer, i) for i in range(training_episodes)]
  File "main-optuna.py", line 100, in <listcomp>
    returns = [episode(env, agent, params, writer, i) for i in range(training_episodes)]
  File "main-optuna.py", line 36, in episode
    raise e
  File "main-optuna.py", line 32, in episode
    next_state, reward, done, _ = env.step(action.numpy()[0])
  File "/home/j/jensenj/.local/lib/python3.6/site-packages/gym_unity/envs/__init__.py", line 177, in step
    self._env.step()
  File "/home/j/jensenj/.local/lib/python3.6/site-packages/mlagents_envs/timers.py", line 305, in wrapped
    return func(*args, **kwargs)
  File "/home/j/jensenj/.local/lib/python3.6/site-packages/mlagents_envs/environment.py", line 319, in step
    self._update_state(rl_output)
  File "/home/j/jensenj/.local/lib/python3.6/site-packages/mlagents_envs/environment.py", line 275, in _update_state
    agent_info_list, self._env_specs[brain_name]
  File "/home/j/jensenj/.local/lib/python3.6/site-packages/mlagents_envs/timers.py", line 305, in wrapped
    return func(*args, **kwargs)
  File "/home/j/jensenj/.local/lib/python3.6/site-packages/mlagents_envs/rpc_utils.py", line 188, in steps_from_proto
    obs_index, obs_shape, decision_agent_info_list
  File "/home/j/jensenj/.local/lib/python3.6/site-packages/mlagents_envs/timers.py", line 305, in wrapped
    return func(*args, **kwargs)
  File "/home/j/jensenj/.local/lib/python3.6/site-packages/mlagents_envs/rpc_utils.py", line 152, in _process_vector_observation
    _raise_on_nan_and_inf(np_obs, "observations")
  File "/home/j/jensenj/.local/lib/python3.6/site-packages/mlagents_envs/rpc_utils.py", line 132, in _raise_on_nan_and_inf
    raise RuntimeError(f"The {source} provided had Infinite values.")
RuntimeError: The observations provided had Infinite values.
Traceback (most recent call last):
  File "main-optuna.py", line 118, in <module>
    study.optimize(objective, n_trials=10000)
  File "/home/j/jensenj/.local/lib/python3.6/site-packages/optuna/study.py", line 339, in optimize
    func, n_trials, timeout, catch, callbacks, gc_after_trial, None
  File "/home/j/jensenj/.local/lib/python3.6/site-packages/optuna/study.py", line 682, in _optimize_sequential
    self._run_trial_and_callbacks(func, catch, callbacks, gc_after_trial)
  File "/home/j/jensenj/.local/lib/python3.6/site-packages/optuna/study.py", line 713, in _run_trial_and_callbacks
    trial = self._run_trial(func, catch, gc_after_trial)
  File "/home/j/jensenj/.local/lib/python3.6/site-packages/optuna/study.py", line 734, in _run_trial
    result = func(trial)
  File "main-optuna.py", line 100, in objective
    returns = [episode(env, agent, params, writer, i) for i in range(training_episodes)]
  File "main-optuna.py", line 100, in <listcomp>
    returns = [episode(env, agent, params, writer, i) for i in range(training_episodes)]
  File "main-optuna.py", line 36, in episode
    raise e
  File "main-optuna.py", line 32, in episode
    next_state, reward, done, _ = env.step(action.numpy()[0])
  File "/home/j/jensenj/.local/lib/python3.6/site-packages/gym_unity/envs/__init__.py", line 177, in step
    self._env.step()
  File "/home/j/jensenj/.local/lib/python3.6/site-packages/mlagents_envs/timers.py", line 305, in wrapped
    return func(*args, **kwargs)
  File "/home/j/jensenj/.local/lib/python3.6/site-packages/mlagents_envs/environment.py", line 319, in step
    self._update_state(rl_output)
  File "/home/j/jensenj/.local/lib/python3.6/site-packages/mlagents_envs/environment.py", line 275, in _update_state
    agent_info_list, self._env_specs[brain_name]
  File "/home/j/jensenj/.local/lib/python3.6/site-packages/mlagents_envs/timers.py", line 305, in wrapped
    return func(*args, **kwargs)
  File "/home/j/jensenj/.local/lib/python3.6/site-packages/mlagents_envs/rpc_utils.py", line 188, in steps_from_proto
    obs_index, obs_shape, decision_agent_info_list
  File "/home/j/jensenj/.local/lib/python3.6/site-packages/mlagents_envs/timers.py", line 305, in wrapped
    return func(*args, **kwargs)
  File "/home/j/jensenj/.local/lib/python3.6/site-packages/mlagents_envs/rpc_utils.py", line 152, in _process_vector_observation
    _raise_on_nan_and_inf(np_obs, "observations")
  File "/home/j/jensenj/.local/lib/python3.6/site-packages/mlagents_envs/rpc_utils.py", line 132, in _raise_on_nan_and_inf
    raise RuntimeError(f"The {source} provided had Infinite values.")
RuntimeError: The observations provided had Infinite values.
Setting up 2 worker threads for Enlighten.
  Thread -> id: 7fcdcdc23700 -> priority: 1 
  Thread -> id: 7fcdcd422700 -> priority: 1 
2020-06-24 12:58:10 INFO [environment.py:418] Environment shut down with return code 0.
