slurmstepd-luhe: error: Unable to create TMPDIR [/tmp/user/30108]: Permission denied
slurmstepd-luhe: error: Setting TMPDIR to /tmp
------- load study successful
Found path: /home/j/jensenj/PycharmProjects/Federer-Jr./src/../crawler_single/linux/dynamic_server/crawler_dynamic.x86_64
Mono path[0] = '/home/j/jensenj/PycharmProjects/Federer-Jr./src/../crawler_single/linux/dynamic_server/crawler_dynamic_Data/Managed'
Mono config path = '/home/j/jensenj/PycharmProjects/Federer-Jr./src/../crawler_single/linux/dynamic_server/crawler_dynamic_Data/MonoBleedingEdge/etc'
Preloaded 'lib_burst_generated.so'
Preloaded 'libgrpc_csharp_ext.x64.so'
Initialize engine version: 2019.3.15f1 (59ff3e03856d)
[Subsystems] Discovering subsystems at path /home/j/jensenj/PycharmProjects/Federer-Jr./src/../crawler_single/linux/dynamic_server/crawler_dynamic_Data/UnitySubsystems
Forcing GfxDevice: Null
GfxDevice: creating device client; threaded=0
NullGfxDevice:
    Version:  NULL 1.0 [1.0]
    Renderer: Null Device
    Vendor:   Unity Technologies
Begin MonoManager ReloadAssembly
- Completed reload, in  0.115 seconds
WARNING: Shader Unsupported: 'Autodesk Interactive' - All passes removed
WARNING: Shader Did you use #pragma only_renderers and omit this platform?
UnloadTime: 0.467191 ms
Fallback handler could not load library /home/j/jensenj/PycharmProjects/Federer-Jr./src/../crawler_single/linux/dynamic_server/crawler_dynamic_Data/Mono/libcoreclr.so
Fallback handler could not load library /home/j/jensenj/PycharmProjects/Federer-Jr./src/../crawler_single/linux/dynamic_server/crawler_dynamic_Data/Mono/libcoreclr.so
Fallback handler could not load library /home/j/jensenj/PycharmProjects/Federer-Jr./src/../crawler_single/linux/dynamic_server/crawler_dynamic_Data/Mono/libcoreclr.so
Fallback handler could not load library /home/j/jensenj/PycharmProjects/Federer-Jr./src/../crawler_single/linux/dynamic_server/crawler_dynamic_Data/Mono/libSystem.dylib
Fallback handler could not load library /home/j/jensenj/PycharmProjects/Federer-Jr./src/../crawler_single/linux/dynamic_server/crawler_dynamic_Data/Mono/libSystem.dylib.so
Fallback handler could not load library /home/j/jensenj/PycharmProjects/Federer-Jr./src/../crawler_single/linux/dynamic_server/crawler_dynamic_Data/Mono/libSystem.dylib
Fallback handler could not load library /home/j/jensenj/PycharmProjects/Federer-Jr./src/../crawler_single/linux/dynamic_server/crawler_dynamic_Data/Mono/libcoreclr.so
Fallback handler could not load library /home/j/jensenj/PycharmProjects/Federer-Jr./src/../crawler_single/linux/dynamic_server/crawler_dynamic_Data/Mono/libcoreclr.so
Fallback handler could not load library /home/j/jensenj/PycharmProjects/Federer-Jr./src/../crawler_single/linux/dynamic_server/crawler_dynamic_Data/Mono/libcoreclr.so
Fallback handler could not load library /home/j/jensenj/PycharmProjects/Federer-Jr./src/../crawler_single/linux/dynamic_server/crawler_dynamic_Data/Mono/libSystem.dylib
Fallback handler could not load library /home/j/jensenj/PycharmProjects/Federer-Jr./src/../crawler_single/linux/dynamic_server/crawler_dynamic_Data/Mono/libSystem.dylib.so
Fallback handler could not load library /home/j/jensenj/PycharmProjects/Federer-Jr./src/../crawler_single/linux/dynamic_server/crawler_dynamic_Data/Mono/libSystem.dylib
/home/j/jensenj/.local/lib/python3.6/site-packages/tensorboard/compat/tensorflow_stub/dtypes.py:541: FutureWarning: Passing (type, 1) or '1type' as a synonym of type is deprecated; in a future version of numpy, it will be understood as (type, (1,)) / '(1,)type'.
  _np_qint8 = np.dtype([("qint8", np.int8, 1)])
/home/j/jensenj/.local/lib/python3.6/site-packages/tensorboard/compat/tensorflow_stub/dtypes.py:542: FutureWarning: Passing (type, 1) or '1type' as a synonym of type is deprecated; in a future version of numpy, it will be understood as (type, (1,)) / '(1,)type'.
  _np_quint8 = np.dtype([("quint8", np.uint8, 1)])
/home/j/jensenj/.local/lib/python3.6/site-packages/tensorboard/compat/tensorflow_stub/dtypes.py:543: FutureWarning: Passing (type, 1) or '1type' as a synonym of type is deprecated; in a future version of numpy, it will be understood as (type, (1,)) / '(1,)type'.
  _np_qint16 = np.dtype([("qint16", np.int16, 1)])
/home/j/jensenj/.local/lib/python3.6/site-packages/tensorboard/compat/tensorflow_stub/dtypes.py:544: FutureWarning: Passing (type, 1) or '1type' as a synonym of type is deprecated; in a future version of numpy, it will be understood as (type, (1,)) / '(1,)type'.
  _np_quint16 = np.dtype([("quint16", np.uint16, 1)])
/home/j/jensenj/.local/lib/python3.6/site-packages/tensorboard/compat/tensorflow_stub/dtypes.py:545: FutureWarning: Passing (type, 1) or '1type' as a synonym of type is deprecated; in a future version of numpy, it will be understood as (type, (1,)) / '(1,)type'.
  _np_qint32 = np.dtype([("qint32", np.int32, 1)])
/home/j/jensenj/.local/lib/python3.6/site-packages/tensorboard/compat/tensorflow_stub/dtypes.py:550: FutureWarning: Passing (type, 1) or '1type' as a synonym of type is deprecated; in a future version of numpy, it will be understood as (type, (1,)) / '(1,)type'.
  np_resource = np.dtype([("resource", np.ubyte, 1)])
2020-06-24 12:52:00 INFO [environment.py:108] Connected to Unity environment with package version 1.0.2 and communication version 1.0.0
2020-06-24 12:52:00 INFO [environment.py:265] Connected new brain:
CrawlerDynamic?team=0
2020-06-24 12:52:00 WARNING [__init__.py:92] The environment contains multiple observations. You must define allow_multiple_obs=True to receive them all. Otherwise, only the first visual observation (or vector observation ifthere are no visual observations) will be provided in the observation.
/home/j/jensenj/.local/lib/python3.6/site-packages/gym/logger.py:30: UserWarning: WARN: Box bound precision lowered by casting to float32
  warnings.warn(colorize('%s: %s'%('WARN', msg % args), 'yellow'))
{'nr_output_features': 20, 'nr_input_features': 126, 'env': <gym_unity.envs.UnityToGymWrapper object at 0x7f6ce87d3cf8>, 'alpha': 0.003, 'tau': 0.95, 'clip': 0.2, 'minibatch_size': 32, 'hidden_units': 512, 'update_time_steps': 9216, 'ppo_epochs': 27, 'gamma': 0.9578727528918786, 'beta': 0.01134429142362053}
2020-06-24 12:06:02 - # 0 :	 -2.8292451496236026
2020-06-24 12:06:03 - # 1 :	 0.07366165891289711
2020-06-24 12:06:05 - # 2 :	 0.8158283056691289
2020-06-24 12:06:06 - # 3 :	 -1.794088888913393
2020-06-24 12:06:06 - # 4 :	 -0.7459622779861093
2020-06-24 12:06:07 - # 5 :	 -0.8812639648094773
2020-06-24 12:06:08 - # 6 :	 -0.8354560160078108
2020-06-24 12:06:08 - # 7 :	 -1.3242496736347675
2020-06-24 12:06:10 - # 8 :	 -1.9878992210142314
2020-06-24 12:06:11 - # 9 :	 -1.1490729795768857
2020-06-24 12:06:12 - # 10 :	 1.4238782678730786
2020-06-24 12:06:13 - # 11 :	 -1.6262915432453156
2020-06-24 12:06:14 - # 12 :	 -0.6038213623687625
2020-06-24 12:06:15 - # 13 :	 -6.2458744356408715
2020-06-24 12:06:17 - # 14 :	 -4.217181253246963
2020-06-24 12:06:19 - # 15 :	 0.6172183426097035
2020-06-24 12:06:20 - # 16 :	 -1.1641604006290436
2020-06-24 12:06:20 - # 17 :	 -1.1161168981343508
2020-06-24 12:06:23 - # 18 :	 -3.841011995449662
2020-06-24 12:06:23 - # 19 :	 -1.9705238156020641
2020-06-24 12:06:26 - # 20 :	 -4.968290456570685
2020-06-24 12:06:31 - # 21 :	 3.1131575126200914
2020-06-24 12:06:32 - # 22 :	 -1.8820720864459872
2020-06-24 12:06:33 - # 23 :	 -1.0816928730346262
2020-06-24 12:06:35 - # 24 :	 -5.219992068596184
2020-06-24 12:06:36 - # 25 :	 -1.4383056033402681
2020-06-24 12:06:36 - # 26 :	 -1.1294034477323294
2020-06-24 12:06:38 - # 27 :	 1.3609728487208486
2020-06-24 12:06:41 - # 28 :	 -4.039132183883339
2020-06-24 12:06:43 - # 29 :	 -2.4912297741975635
2020-06-24 12:06:44 - # 30 :	 -1.4225317030213773
2020-06-24 12:06:46 - # 31 :	 -2.2115898565389216
2020-06-24 12:06:49 - # 32 :	 -1.0946233505383134
2020-06-24 12:06:50 - # 33 :	 -1.3563062502071261
2020-06-24 12:06:50 - # 34 :	 -1.4276608154177666
2020-06-24 12:06:54 - # 35 :	 -18.60327749699354
2020-06-24 12:06:55 - # 36 :	 -1.190971240750514
2020-06-24 12:06:56 - # 37 :	 -0.8347244975157082
2020-06-24 12:06:57 - # 38 :	 -0.7007178775966167
2020-06-24 12:06:57 - # 39 :	 -1.2738631684333086
2020-06-24 12:06:58 - # 40 :	 -2.6200136430561543
2020-06-24 12:06:59 - # 41 :	 -0.6481645307503641
2020-06-24 12:06:59 - # 42 :	 -1.266096486710012
2020-06-24 12:06:00 - # 43 :	 -1.1659422777593136
2020-06-24 12:06:02 - # 44 :	 3.4209887417964637
2020-06-24 12:06:03 - # 45 :	 -1.095056863501668
2020-06-24 12:06:03 - # 46 :	 -0.9862722009420395
2020-06-24 12:06:04 - # 47 :	 -1.1401471733115613
2020-06-24 12:06:05 - # 48 :	 -0.721473565325141
2020-06-24 12:06:05 - # 49 :	 -1.449393160175532
2020-06-24 12:06:06 - # 50 :	 -1.321941640228033
2020-06-24 12:06:06 - # 51 :	 -1.3411024808883667
2020-06-24 12:06:07 - # 52 :	 -0.9873683964833617
2020-06-24 12:06:09 - # 53 :	 -0.006628514267504215
2020-06-24 12:06:11 - # 54 :	 -5.515380194643512
2020-06-24 12:06:12 - # 55 :	 -2.719461953267455
2020-06-24 12:06:13 - # 56 :	 -0.5090058189816773
2020-06-24 12:06:14 - # 57 :	 -1.4445927161723375
2020-06-24 12:06:15 - # 58 :	 -0.7800070201046765
2020-06-24 12:06:15 - # 59 :	 -0.9126742770895362
2020-06-24 12:06:16 - # 60 :	 0.29529847810044885
2020-06-24 12:06:17 - # 61 :	 -1.135041069239378
2020-06-24 12:06:19 - # 62 :	 -0.235136731993407
2020-06-24 12:06:20 - # 63 :	 -1.3337007779628038
2020-06-24 12:06:21 - # 64 :	 -0.8501923847943544
2020-06-24 12:06:21 - # 65 :	 -0.7800386026501656
2020-06-24 12:06:22 - # 66 :	 -1.4438434205949306
2020-06-24 12:06:23 - # 67 :	 2.1361160054802895
2020-06-24 12:06:24 - # 68 :	 -0.9458147510886192
2020-06-24 12:06:26 - # 69 :	 -1.7822262432891876
2020-06-24 12:06:27 - # 70 :	 -1.0662905224598944
2020-06-24 12:06:28 - # 71 :	 -0.09664156846702099
2020-06-24 12:06:28 - # 72 :	 -1.6922167032025754
2020-06-24 12:06:30 - # 73 :	 -2.609600209631026
2020-06-24 12:06:31 - # 74 :	 -3.1351700900122523
2020-06-24 12:06:32 - # 75 :	 -0.6073028245009482
2020-06-24 12:06:33 - # 76 :	 -1.4479799689725041
2020-06-24 12:06:34 - # 77 :	 -0.12462377175688744
2020-06-24 12:06:35 - # 78 :	 -1.9485302176326513
2020-06-24 12:06:35 - # 79 :	 -0.6796670202165842
2020-06-24 12:06:36 - # 80 :	 -0.9829107224941254
2020-06-24 12:06:36 - # 81 :	 -1.2535851709544659
2020-06-24 12:06:39 - # 82 :	 -3.982250469038263
2020-06-24 12:06:39 - # 83 :	 -0.945957510266453
2020-06-24 12:06:41 - # 84 :	 -2.7506441799923778
2020-06-24 12:06:42 - # 85 :	 -0.36656380631029606
2020-06-24 12:06:43 - # 86 :	 -1.3692710753530264
2020-06-24 12:06:44 - # 87 :	 -3.179423348978162
2020-06-24 12:06:45 - # 88 :	 -0.5918408101424575
2020-06-24 12:06:47 - # 89 :	 -0.2968338932842016
2020-06-24 12:06:47 - # 90 :	 -1.7247135057114065
2020-06-24 12:06:48 - # 91 :	 -0.7689835885539651
2020-06-24 12:06:49 - # 92 :	 0.33511858340352774
2020-06-24 12:06:51 - # 93 :	 -1.1565388455055654
2020-06-24 12:06:51 - # 94 :	 -3.1476894319057465
2020-06-24 12:06:52 - # 95 :	 -1.4086312791332603
2020-06-24 12:06:52 - # 96 :	 -1.284201200120151
2020-06-24 12:06:53 - # 97 :	 -1.526965694501996
2020-06-24 12:06:54 - # 98 :	 -0.9140161965042353
2020-06-24 12:06:55 - # 99 :	 -1.780307394452393
2020-06-24 12:06:55 - # 100 :	 -1.4495067263487726
2020-06-24 12:06:56 - # 101 :	 -1.4450185121968389
2020-06-24 12:06:57 - # 102 :	 -1.8859475005883723
2020-06-24 12:06:58 - # 103 :	 0.15507830865681171
2020-06-24 12:06:59 - # 104 :	 -1.1964593399316072
2020-06-24 12:06:00 - # 105 :	 -1.1055537778884172
2020-06-24 12:06:01 - # 106 :	 -0.9655171385966241
2020-06-24 12:06:05 - # 107 :	 0.004352629650384188
2020-06-24 12:06:07 - # 108 :	 -6.109952548053116
2020-06-24 12:06:08 - # 109 :	 -4.859289467334747
2020-06-24 12:06:09 - # 110 :	 -1.627489559352398
2020-06-24 12:06:10 - # 111 :	 -1.0735595803707838
2020-06-24 12:06:11 - # 112 :	 -2.6132349157705903
2020-06-24 12:06:12 - # 113 :	 -2.2044211700558662
2020-06-24 12:06:15 - # 114 :	 -0.12242415733635426
2020-06-24 12:06:16 - # 115 :	 -1.2823761189356446
2020-06-24 12:06:17 - # 116 :	 -1.470720512792468
2020-06-24 12:06:22 - # 117 :	 -2.3032903862185776
2020-06-24 12:06:23 - # 118 :	 -1.03641811106354
2020-06-24 12:06:25 - # 119 :	 0.8511165743693709
2020-06-24 12:06:25 - # 120 :	 -2.096011098474264
2020-06-24 12:06:26 - # 121 :	 -1.8933133934624493
2020-06-24 12:06:27 - # 122 :	 -1.8842702386900783
2020-06-24 12:06:27 - # 123 :	 -1.3705727756023407
2020-06-24 12:06:28 - # 124 :	 -1.9704002402722836
2020-06-24 12:06:28 - # 125 :	 -1.3346559470519423
2020-06-24 12:06:29 - # 126 :	 -1.1386977601796389
2020-06-24 12:06:31 - # 127 :	 -3.5246746791526675
2020-06-24 12:06:31 - # 128 :	 -1.5324520226567984
2020-06-24 12:06:32 - # 129 :	 -1.0058317352086306
2020-06-24 12:06:33 - # 130 :	 -1.937098491936922
2020-06-24 12:06:33 - # 131 :	 -0.5534820901229978
2020-06-24 12:06:34 - # 132 :	 -1.1274256641045213
2020-06-24 12:06:35 - # 133 :	 -1.0699194530025125
2020-06-24 12:06:35 - # 134 :	 -1.0780139551497996
2020-06-24 12:06:37 - # 135 :	 -1.4933915422298014
2020-06-24 12:06:37 - # 136 :	 -1.3913827252108604
2020-06-24 12:06:38 - # 137 :	 -0.787200668361038
2020-06-24 12:06:39 - # 138 :	 -1.5626545334234834
2020-06-24 12:06:41 - # 139 :	 -4.876546196639538
2020-06-24 12:06:42 - # 140 :	 -1.7318358290940523
2020-06-24 12:06:44 - # 141 :	 0.9118356734979898
2020-06-24 12:06:45 - # 142 :	 -0.8556389017030597
2020-06-24 12:06:46 - # 143 :	 -1.2020985106937587
2020-06-24 12:06:46 - # 144 :	 -0.7941652424633503
2020-06-24 12:06:47 - # 145 :	 -1.2317174337804317
2020-06-24 12:06:48 - # 146 :	 -0.7259177230298519
2020-06-24 12:06:49 - # 147 :	 -2.124137480277568
2020-06-24 12:06:52 - # 148 :	 -1.1162802330218256
2020-06-24 12:06:53 - # 149 :	 1.6193703562021255
2020-06-24 12:06:54 - # 150 :	 -0.835986789315939
2020-06-24 12:06:54 - # 151 :	 -1.3377682329155505
2020-06-24 12:06:55 - # 152 :	 -1.047169559635222
2020-06-24 12:06:55 - # 153 :	 -1.089911436662078
2020-06-24 12:06:58 - # 154 :	 -0.936058490537107
2020-06-24 12:06:00 - # 155 :	 0.05615953146480024
2020-06-24 12:06:01 - # 156 :	 -1.564995912835002
2020-06-24 12:06:02 - # 157 :	 -1.25160130020231
2020-06-24 12:06:05 - # 158 :	 -5.512182828038931
2020-06-24 12:06:06 - # 159 :	 -0.4280177098698914
2020-06-24 12:06:06 - # 160 :	 -1.040349087677896
2020-06-24 12:06:07 - # 161 :	 -0.8996224193833768
2020-06-24 12:06:07 - # 162 :	 -1.4248102204874158
2020-06-24 12:06:09 - # 163 :	 -2.6733776507899165
2020-06-24 12:06:11 - # 164 :	 -5.942582793533802
2020-06-24 12:06:12 - # 165 :	 -1.8643801249563694
2020-06-24 12:06:13 - # 166 :	 -1.5179154174402356
2020-06-24 12:06:15 - # 167 :	 -1.769438368268311
2020-06-24 12:06:17 - # 168 :	 -0.3027368076145649
2020-06-24 12:06:19 - # 169 :	 -2.566608326975256
2020-06-24 12:06:19 - # 170 :	 -1.4812828693538904
2020-06-24 12:06:20 - # 171 :	 -1.0745397596620023
2020-06-24 12:06:23 - # 172 :	 6.56005656439811
2020-06-24 12:06:26 - # 173 :	 -6.6800822373479605
2020-06-24 12:06:26 - # 174 :	 -0.8843057453632355
2020-06-24 12:06:28 - # 175 :	 0.26214027125388384
2020-06-24 12:06:28 - # 176 :	 -1.5054429955780506
2020-06-24 12:06:29 - # 177 :	 -0.929410258308053
2020-06-24 12:06:30 - # 178 :	 -1.1555051859468222
2020-06-24 12:06:30 - # 179 :	 -0.8633105400949717
2020-06-24 12:06:31 - # 180 :	 -0.8957218704745173
2020-06-24 12:06:32 - # 181 :	 -1.2212701076641679
2020-06-24 12:06:32 - # 182 :	 -1.6536061763763428
2020-06-24 12:06:34 - # 183 :	 1.589474743232131
2020-06-24 12:06:35 - # 184 :	 -2.3217818085104227
2020-06-24 12:06:36 - # 185 :	 -2.0167813152074814
2020-06-24 12:06:37 - # 186 :	 1.47420013230294
2020-06-24 12:06:38 - # 187 :	 -1.6283776238560677
2020-06-24 12:06:38 - # 188 :	 -1.6048852019011974
2020-06-24 12:06:39 - # 189 :	 -1.95443482324481
2020-06-24 12:06:40 - # 190 :	 -0.16128199733793736
2020-06-24 12:06:41 - # 191 :	 -1.0693027400411665
2020-06-24 12:06:42 - # 192 :	 -0.5847730683162808
2020-06-24 12:06:42 - # 193 :	 -1.417079054750502
2020-06-24 12:06:43 - # 194 :	 -1.4103384613990784
2020-06-24 12:06:44 - # 195 :	 -2.3411902152001858
2020-06-24 12:06:44 - # 196 :	 -1.547880593687296
2020-06-24 12:06:45 - # 197 :	 -1.2375608617439866
2020-06-24 12:06:46 - # 198 :	 -1.6845989041030407
2020-06-24 12:06:46 - # 199 :	 -1.5221082046627998
2020-06-24 12:06:52 - # 200 :	 -5.523050863062963
2020-06-24 12:06:54 - # 201 :	 0.36854545772075653
2020-06-24 12:06:56 - # 202 :	 -6.597170610912144
2020-06-24 12:06:57 - # 203 :	 -1.2345585233997554
2020-06-24 12:06:00 - # 204 :	 -0.05271857790648937
2020-06-24 12:06:00 - # 205 :	 -1.1113657834939659
2020-06-24 12:06:01 - # 206 :	 -1.3455026829615235
2020-06-24 12:06:02 - # 207 :	 -1.7768900599330664
2020-06-24 12:06:03 - # 208 :	 -2.7148614823818207
2020-06-24 12:06:05 - # 209 :	 3.167251657927409
2020-06-24 12:06:07 - # 210 :	 -0.23022862523794174
2020-06-24 12:06:07 - # 211 :	 -1.4869271190837026
2020-06-24 12:06:09 - # 212 :	 -0.35997217055410147
2020-06-24 12:06:11 - # 213 :	 -1.0046606441028416
2020-06-24 12:06:14 - # 214 :	 4.3854536837898195
2020-06-24 12:06:15 - # 215 :	 -0.9942702180705965
2020-06-24 12:06:16 - # 216 :	 0.12249060347676277
2020-06-24 12:06:17 - # 217 :	 -1.094427592586726
2020-06-24 12:06:18 - # 218 :	 -1.013159909285605
2020-06-24 12:06:19 - # 219 :	 -2.2849921137094498
2020-06-24 12:06:20 - # 220 :	 -0.9376537511125207
2020-06-24 12:06:22 - # 221 :	 -1.249753343174234
2020-06-24 12:06:22 - # 222 :	 -1.4032201012596488
2020-06-24 12:06:23 - # 223 :	 -1.1879647094756365
2020-06-24 12:06:24 - # 224 :	 -1.754820128902793
2020-06-24 12:06:27 - # 225 :	 -8.488335167989135
2020-06-24 12:06:28 - # 226 :	 2.4370366651564837
2020-06-24 12:06:31 - # 227 :	 -2.080819662194699
2020-06-24 12:06:32 - # 228 :	 -0.7059916807338595
2020-06-24 12:06:33 - # 229 :	 -0.9335306920111179
2020-06-24 12:06:34 - # 230 :	 -0.9772160714492202
2020-06-24 12:06:34 - # 231 :	 -0.6143861208111048
2020-06-24 12:06:35 - # 232 :	 -1.5209767604246736
2020-06-24 12:06:36 - # 233 :	 -0.015022389590740204
2020-06-24 12:06:38 - # 234 :	 -0.7058309763669968
2020-06-24 12:06:40 - # 235 :	 -8.930593972560018
2020-06-24 12:06:44 - # 236 :	 -5.186126217246056
2020-06-24 12:06:44 - # 237 :	 -1.221999254077673
2020-06-24 12:06:45 - # 238 :	 -1.013545859605074
2020-06-24 12:06:45 - # 239 :	 -1.2412566244602203
2020-06-24 12:06:46 - # 240 :	 -0.9485224382951856
2020-06-24 12:06:47 - # 241 :	 -1.3436914323829114
2020-06-24 12:06:47 - # 242 :	 -1.504804222844541
2020-06-24 12:06:48 - # 243 :	 -1.54882803093642
2020-06-24 12:06:51 - # 244 :	 -3.4203922785818577
2020-06-24 12:06:52 - # 245 :	 -1.845291992649436
2020-06-24 12:06:54 - # 246 :	 -0.7271389360539615
2020-06-24 12:06:54 - # 247 :	 -1.6383066391572356
2020-06-24 12:06:55 - # 248 :	 -1.3302470343187451
2020-06-24 12:06:55 - # 249 :	 -1.1396403233520687
2020-06-24 12:06:58 - # 250 :	 6.272431583143771
2020-06-24 12:06:59 - # 251 :	 -0.320848339702934
2020-06-24 12:06:00 - # 252 :	 -1.1561616528779268
2020-06-24 12:06:03 - # 253 :	 -0.007829227135516703
2020-06-24 12:06:04 - # 254 :	 -1.8783172275871038
2020-06-24 12:06:05 - # 255 :	 0.03011577809229493
2020-06-24 12:06:07 - # 256 :	 -4.635234502144158
2020-06-24 12:06:08 - # 257 :	 -0.8120812186971307
2020-06-24 12:06:09 - # 258 :	 -0.08147323690354824
2020-06-24 12:06:09 - # 259 :	 -0.8980000247247517
2020-06-24 12:06:10 - # 260 :	 -0.6109306653961539
2020-06-24 12:06:10 - # 261 :	 -1.6851176414638758
2020-06-24 12:06:11 - # 262 :	 -2.656246734317392
2020-06-24 12:06:12 - # 263 :	 -1.3202698396053165
2020-06-24 12:06:13 - # 264 :	 -2.9576467722654343
2020-06-24 12:06:17 - # 265 :	 -4.063135470030829
2020-06-24 12:06:20 - # 266 :	 -8.207854186184704
2020-06-24 12:06:21 - # 267 :	 -5.963175134733319
2020-06-24 12:06:22 - # 268 :	 -1.1914333709864877
2020-06-24 12:06:23 - # 269 :	 -1.4355793735012412
2020-06-24 12:06:24 - # 270 :	 -1.3451625922461972
2020-06-24 12:06:25 - # 271 :	 -1.0658373394981027
2020-06-24 12:06:25 - # 272 :	 -1.609314177185297
2020-06-24 12:06:26 - # 273 :	 0.32753357477486134
2020-06-24 12:06:27 - # 274 :	 -1.1455366294831038
2020-06-24 12:06:28 - # 275 :	 -1.5365683510899544
2020-06-24 12:06:31 - # 276 :	 0.21528792474418879
2020-06-24 12:06:33 - # 277 :	 -1.980031693354249
2020-06-24 12:06:34 - # 278 :	 -2.0088014490902424
2020-06-24 12:06:34 - # 279 :	 -0.7226289045065641
2020-06-24 12:06:35 - # 280 :	 -1.477945076301694
2020-06-24 12:06:35 - # 281 :	 -1.695056714117527
2020-06-24 12:06:36 - # 282 :	 -0.7747258888557553
2020-06-24 12:06:37 - # 283 :	 -0.80966766923666
2020-06-24 12:06:37 - # 284 :	 -1.5961767844855785
2020-06-24 12:06:38 - # 285 :	 -1.128571874462068
2020-06-24 12:06:38 - # 286 :	 -1.7548039369285107
2020-06-24 12:06:39 - # 287 :	 -1.8249824065715075
2020-06-24 12:06:40 - # 288 :	 -0.43249764759093523
2020-06-24 12:06:43 - # 289 :	 -2.0135466242209077
2020-06-24 12:06:46 - # 290 :	 6.0067736972123384
2020-06-24 12:06:47 - # 291 :	 -1.6124022714793682
2020-06-24 12:06:47 - # 292 :	 -0.2930850903503597
2020-06-24 12:06:48 - # 293 :	 -1.0081115290522575
2020-06-24 12:06:49 - # 294 :	 -0.7628088439814746
2020-06-24 12:06:51 - # 295 :	 9.785239811986685
2020-06-24 12:06:53 - # 296 :	 -5.1052419897168875
2020-06-24 12:06:54 - # 297 :	 -1.519294362515211
2020-06-24 12:06:55 - # 298 :	 -3.762479707598686
2020-06-24 12:06:56 - # 299 :	 -3.530295692384243
2020-06-24 12:06:57 - # 300 :	 -2.1619710102677345
2020-06-24 12:06:58 - # 301 :	 -1.185157551895827
2020-06-24 12:06:59 - # 302 :	 -1.5560532007366419
2020-06-24 12:06:03 - # 303 :	 -4.558574575581588
2020-06-24 12:06:04 - # 304 :	 -1.6363808177411556
2020-06-24 12:06:05 - # 305 :	 -0.9941733148880303
2020-06-24 12:06:06 - # 306 :	 -3.6611105166375637
2020-06-24 12:06:07 - # 307 :	 -3.7895325124263763
2020-06-24 12:06:07 - # 308 :	 -1.4171384014189243
2020-06-24 12:06:08 - # 309 :	 -2.2029175143688917
2020-06-24 12:06:09 - # 310 :	 -2.7035835697315633
2020-06-24 12:06:09 - # 311 :	 -0.7817269852384925
2020-06-24 12:06:10 - # 312 :	 -1.2232335056178272
2020-06-24 12:06:11 - # 313 :	 -1.6440995819866657
2020-06-24 12:06:11 - # 314 :	 -0.8095046859234571
2020-06-24 12:06:20 - # 315 :	 2.038847337476909
2020-06-24 12:06:21 - # 316 :	 -4.524424612522125
2020-06-24 12:06:22 - # 317 :	 -2.282305784523487
2020-06-24 12:06:25 - # 318 :	 3.291766671463847
2020-06-24 12:06:26 - # 319 :	 -1.3096645842306316
2020-06-24 12:06:29 - # 320 :	 -0.25476745516061783
2020-06-24 12:06:30 - # 321 :	 -2.7363979825749993
2020-06-24 12:06:33 - # 322 :	 4.1217757211998105
2020-06-24 12:06:34 - # 323 :	 -1.7704429440200329
2020-06-24 12:06:35 - # 324 :	 -1.9636443350464106
2020-06-24 12:06:36 - # 325 :	 0.08150612283498049
2020-06-24 12:06:37 - # 326 :	 -1.2677470403723419
2020-06-24 12:06:38 - # 327 :	 0.8558719423599541
2020-06-24 12:06:42 - # 328 :	 2.4870230357628316
2020-06-24 12:06:43 - # 329 :	 -2.9035210590809584
2020-06-24 12:06:44 - # 330 :	 -2.6379487812519073
2020-06-24 12:06:44 - # 331 :	 -1.1995093496516347
2020-06-24 12:06:45 - # 332 :	 -1.485604552552104
2020-06-24 12:06:46 - # 333 :	 -0.48549189046025276
2020-06-24 12:06:48 - # 334 :	 -0.6378419515676796
2020-06-24 12:06:50 - # 335 :	 -2.7297436730004847
2020-06-24 12:06:51 - # 336 :	 -1.58212866820395
2020-06-24 12:06:52 - # 337 :	 -0.5110507514327765
2020-06-24 12:06:53 - # 338 :	 -0.7789291450753808
2020-06-24 12:06:54 - # 339 :	 -2.8370730886235833
2020-06-24 12:06:55 - # 340 :	 -1.7577113546431065
2020-06-24 12:06:56 - # 341 :	 -1.4315686039626598
2020-06-24 12:06:57 - # 342 :	 2.4327771784737706
2020-06-24 12:06:59 - # 343 :	 -3.2915250035002828
2020-06-24 12:06:59 - # 344 :	 -0.5577737006824464
2020-06-24 12:06:00 - # 345 :	 -1.104129396378994
2020-06-24 12:06:01 - # 346 :	 -0.7243492696434259
2020-06-24 12:06:03 - # 347 :	 -1.7766527044586837
2020-06-24 12:06:03 - # 348 :	 -2.5182579904794693
2020-06-24 12:06:09 - # 349 :	 4.080719735473394
2020-06-24 12:06:10 - # 350 :	 -1.1659301822073758
2020-06-24 12:06:10 - # 351 :	 -1.5088017471134663
2020-06-24 12:06:12 - # 352 :	 0.11887402180582285
2020-06-24 12:06:13 - # 353 :	 -1.7511202092282474
2020-06-24 12:06:14 - # 354 :	 -4.12624591961503
2020-06-24 12:06:18 - # 355 :	 1.4015736496075988
2020-06-24 12:06:21 - # 356 :	 -3.287194110453129
2020-06-24 12:06:21 - # 357 :	 -1.6966108563356102
2020-06-24 12:06:22 - # 358 :	 -1.1622404977679253
2020-06-24 12:06:23 - # 359 :	 3.233096744865179
2020-06-24 12:06:24 - # 360 :	 -1.3738328770268708
2020-06-24 12:06:29 - # 361 :	 12.698777299374342
2020-06-24 12:06:29 - # 362 :	 -1.0778728313744068
2020-06-24 12:06:30 - # 363 :	 -1.7505732160061598
2020-06-24 12:06:30 - # 364 :	 -1.2240233947522938
2020-06-24 12:06:31 - # 365 :	 -1.340200025588274
2020-06-24 12:06:32 - # 366 :	 0.7393766585737467
2020-06-24 12:06:33 - # 367 :	 -0.33507111109793186
2020-06-24 12:06:35 - # 368 :	 -3.065486666979268
2020-06-24 12:06:36 - # 369 :	 -1.8779053464531898
2020-06-24 12:06:36 - # 370 :	 -1.6718750782310963
2020-06-24 12:06:37 - # 371 :	 -1.8008092138916254
2020-06-24 12:06:38 - # 372 :	 -1.551882691681385
2020-06-24 12:06:40 - # 373 :	 -3.1572209177538753
2020-06-24 12:06:40 - # 374 :	 -2.1085356399416924
2020-06-24 12:06:41 - # 375 :	 -2.1696729585528374
2020-06-24 12:06:41 - # 376 :	 -1.3285846700891852
2020-06-24 12:06:42 - # 377 :	 -1.5186643786728382
2020-06-24 12:06:43 - # 378 :	 -1.705924746580422
2020-06-24 12:06:44 - # 379 :	 -0.6893003825098276
2020-06-24 12:06:44 - # 380 :	 -1.2373401462100446
2020-06-24 12:06:47 - # 381 :	 -4.27300319634378
2020-06-24 12:06:48 - # 382 :	 -2.4783917334862053
2020-06-24 12:06:49 - # 383 :	 -2.1712904274463654
2020-06-24 12:06:51 - # 384 :	 -2.6582957333885133
2020-06-24 12:06:55 - # 385 :	 8.517059911740944
2020-06-24 12:06:56 - # 386 :	 -1.2022588588297367
2020-06-24 12:06:56 - # 387 :	 -0.9570561926811934
2020-06-24 12:06:57 - # 388 :	 -1.2722131721675396
2020-06-24 13:06:00 - # 389 :	 -1.210942740086466
2020-06-24 13:06:01 - # 390 :	 -1.1028679702430964
2020-06-24 13:06:01 - # 391 :	 -0.3407327448949218
2020-06-24 13:06:02 - # 392 :	 -1.2568114716559649
2020-06-24 13:06:03 - # 393 :	 -0.6536773107945919
2020-06-24 13:06:05 - # 394 :	 -1.9918884644284844
2020-06-24 13:06:07 - # 395 :	 -2.583636038005352
2020-06-24 13:06:08 - # 396 :	 -1.9513541422784328
2020-06-24 13:06:09 - # 397 :	 -0.1550509398803115
2020-06-24 13:06:11 - # 398 :	 -2.1425571147119626
2020-06-24 13:06:12 - # 399 :	 1.286169923376292
2020-06-24 13:06:13 - # 400 :	 -0.4022888159379363
2020-06-24 13:06:14 - # 401 :	 -0.9253255310468376
2020-06-24 13:06:15 - # 402 :	 -1.2170275322860107
2020-06-24 13:06:16 - # 403 :	 -3.307530580088496
2020-06-24 13:06:19 - # 404 :	 -6.052740504965186
2020-06-24 13:06:19 - # 405 :	 -1.4778170729987323
2020-06-24 13:06:20 - # 406 :	 -1.120196830946952
2020-06-24 13:06:21 - # 407 :	 -1.4544744119048119
2020-06-24 13:06:21 - # 408 :	 -1.4963701236993074
2020-06-24 13:06:22 - # 409 :	 -2.471034958958626
2020-06-24 13:06:23 - # 410 :	 -0.4234983827918768
2020-06-24 13:06:24 - # 411 :	 -1.8472023364156485
2020-06-24 13:06:28 - # 412 :	 -4.800852973014116
2020-06-24 13:06:30 - # 413 :	 -4.860422455705702
2020-06-24 13:06:31 - # 414 :	 -1.7036099480465055
2020-06-24 13:06:32 - # 415 :	 -0.45386295951902866
2020-06-24 13:06:38 - # 416 :	 0.44391651870682836
2020-06-24 13:06:38 - # 417 :	 -1.6006375141441822
2020-06-24 13:06:39 - # 418 :	 -0.8041549981571734
2020-06-24 13:06:40 - # 419 :	 -1.6569719081744552
2020-06-24 13:06:41 - # 420 :	 -0.8963454472832382
2020-06-24 13:06:43 - # 421 :	 3.6961447193752974
2020-06-24 13:06:44 - # 422 :	 0.4994991598650813
2020-06-24 13:06:45 - # 423 :	 0.5993738975375891
2020-06-24 13:06:48 - # 424 :	 -6.772593473084271
2020-06-24 13:06:50 - # 425 :	 -2.2167768450453877
2020-06-24 13:06:50 - # 426 :	 -0.9315500510856509
2020-06-24 13:06:51 - # 427 :	 -1.032544291112572
2020-06-24 13:06:52 - # 428 :	 -4.548511106520891
2020-06-24 13:06:54 - # 429 :	 -2.216489556245506
2020-06-24 13:06:58 - # 430 :	 -8.41359945666045
2020-06-24 13:06:00 - # 431 :	 -2.1183760771527886
2020-06-24 13:06:00 - # 432 :	 -1.3317575622349977
2020-06-24 13:06:01 - # 433 :	 -2.0124915465712547
2020-06-24 13:06:03 - # 434 :	 0.3606753284111619
2020-06-24 13:06:05 - # 435 :	 -6.9405353013426065
2020-06-24 13:06:06 - # 436 :	 -0.7808795673772693
2020-06-24 13:06:07 - # 437 :	 2.0935495449230075
2020-06-24 13:06:09 - # 438 :	 0.2986704856157303
2020-06-24 13:06:10 - # 439 :	 -0.8652194060850888
2020-06-24 13:06:13 - # 440 :	 -4.984334106557071
2020-06-24 13:06:14 - # 441 :	 -1.5195579007267952
2020-06-24 13:06:15 - # 442 :	 -1.5378796653822064
2020-06-24 13:06:16 - # 443 :	 -2.397390468046069
2020-06-24 13:06:16 - # 444 :	 -1.4841759465634823
2020-06-24 13:06:17 - # 445 :	 -2.015386838465929
2020-06-24 13:06:18 - # 446 :	 -1.2859761058352888
2020-06-24 13:06:18 - # 447 :	 -1.4242311865091324
2020-06-24 13:06:20 - # 448 :	 -2.3143259796779603
2020-06-24 13:06:23 - # 449 :	 1.7751845112070441
2020-06-24 13:06:24 - # 450 :	 -2.1858530221506953
2020-06-24 13:06:25 - # 451 :	 -1.2311645832960494
2020-06-24 13:06:25 - # 452 :	 -1.1691378448158503
2020-06-24 13:06:26 - # 453 :	 -0.8913475591689348
2020-06-24 13:06:26 - # 454 :	 -1.6161578968167305
2020-06-24 13:06:30 - # 455 :	 -4.14194868132472
2020-06-24 13:06:30 - # 456 :	 -1.5939846630208194
2020-06-24 13:06:37 - # 457 :	 -2.2335434639826417
2020-06-24 13:06:37 - # 458 :	 -1.4990486837923527
2020-06-24 13:06:38 - # 459 :	 -1.0996601339429617
2020-06-24 13:06:38 - # 460 :	 -1.6660234928131104
2020-06-24 13:06:39 - # 461 :	 -1.388198926113546
2020-06-24 13:06:40 - # 462 :	 -1.4873783010989428
2020-06-24 13:06:41 - # 463 :	 -0.2934808754362166
2020-06-24 13:06:43 - # 464 :	 -3.24500291980803
2020-06-24 13:06:44 - # 465 :	 -1.2491092961281538
2020-06-24 13:06:45 - # 466 :	 -0.9005686189047992
2020-06-24 13:06:47 - # 467 :	 2.0150241632945836
2020-06-24 13:06:49 - # 468 :	 -0.649827585555613
2020-06-24 13:06:49 - # 469 :	 -1.3073922130279243
2020-06-24 13:06:50 - # 470 :	 -1.2294818498194218
2020-06-24 13:06:51 - # 471 :	 -1.6641280464828014
2020-06-24 13:06:53 - # 472 :	 -2.2639672057703137
2020-06-24 13:06:57 - # 473 :	 -5.686825579497963
2020-06-24 13:06:58 - # 474 :	 0.6107103899121284
2020-06-24 13:06:59 - # 475 :	 -1.3941020593047142
2020-06-24 13:06:00 - # 476 :	 -1.0370552444364876
2020-06-24 13:06:00 - # 477 :	 -1.4508678764104843
2020-06-24 13:06:01 - # 478 :	 -1.4173711370676756
2020-06-24 13:06:03 - # 479 :	 1.8646251410245895
2020-06-24 13:06:04 - # 480 :	 -1.0320539991371334
2020-06-24 13:06:06 - # 481 :	 0.06763932015746832
2020-06-24 13:06:06 - # 482 :	 -0.9662651773542166
2020-06-24 13:06:07 - # 483 :	 -1.0515758134424686
2020-06-24 13:06:08 - # 484 :	 -8.099520448129624
!!! updated
2020-06-24 13:06:23 - # 485 :	 -0.7797061768360436
2020-06-24 13:06:24 - # 486 :	 -1.43937882874161
2020-06-24 13:06:24 - # 487 :	 -0.9959842716343701
2020-06-24 13:06:25 - # 488 :	 -1.0785294342786074
2020-06-24 13:06:25 - # 489 :	 -1.2819387232884765
2020-06-24 13:06:26 - # 490 :	 -1.5098193753510714
2020-06-24 13:06:26 - # 491 :	 -1.2825681562535465
2020-06-24 13:06:27 - # 492 :	 -1.0824102843180299
2020-06-24 13:06:27 - # 493 :	 -1.4240324832499027
2020-06-24 13:06:28 - # 494 :	 -1.5748335644602776
2020-06-24 13:06:28 - # 495 :	 -1.3302108738571405
2020-06-24 13:06:29 - # 496 :	 -0.8868500553071499
2020-06-24 13:06:29 - # 497 :	 -1.4036267842166126
2020-06-24 13:06:30 - # 498 :	 -0.9504053499549627
/home/j/jensenj/.local/lib/python3.6/site-packages/numpy/core/_methods.py:160: RuntimeWarning: invalid value encountered in reduce
  ret = umr_sum(arr, axis, dtype, out, keepdims)
action: tensor([[-5.1972e+34, -3.3823e+34, -2.3897e+34,  3.5612e+34,  1.2566e+34,
          2.2368e+34,  3.6266e+34, -3.5691e+34,  5.6722e+34,  4.2189e+33,
         -6.8604e+34, -3.7546e+34,  6.7373e+34,  7.6143e+34, -5.0830e+34,
          3.5564e+34, -7.7337e+34, -2.6766e+34, -8.4489e+34,  1.7853e+34]]) , log_prob: tensor([[-1.0111, -0.9659, -0.9950, -1.0421, -0.9212, -1.0239, -0.9604, -0.9346,
         -0.9800, -1.0852, -1.0066, -0.9434, -1.0073, -0.9845, -0.9725, -1.0799,
         -1.0497, -1.0500, -0.9752, -0.9927]], grad_fn=<SubBackward0>) , value: tensor([[0.1825]], grad_fn=<AddmmBackward>)
action numpy:  [-5.1971922e+34 -3.3823221e+34 -2.3896806e+34  3.5611630e+34
  1.2565756e+34  2.2368272e+34  3.6266374e+34 -3.5690769e+34
  5.6722348e+34  4.2189213e+33 -6.8604235e+34 -3.7545979e+34
  6.7373347e+34  7.6143003e+34 -5.0830457e+34  3.5563529e+34
 -7.7336922e+34 -2.6765999e+34 -8.4488893e+34  1.7853356e+34]
[W 2020-06-24 13:03:30,805] Setting status of trial#48 as TrialState.FAIL because of the following error: RuntimeError('The observations provided had NaN values.',)
Traceback (most recent call last):
  File "/home/j/jensenj/.local/lib/python3.6/site-packages/optuna/study.py", line 734, in _run_trial
    result = func(trial)
  File "main-optuna.py", line 100, in objective
    returns = [episode(env, agent, params, writer, i) for i in range(training_episodes)]
  File "main-optuna.py", line 100, in <listcomp>
    returns = [episode(env, agent, params, writer, i) for i in range(training_episodes)]
  File "main-optuna.py", line 36, in episode
    raise e
  File "main-optuna.py", line 32, in episode
    next_state, reward, done, _ = env.step(action.numpy()[0])
  File "/home/j/jensenj/.local/lib/python3.6/site-packages/gym_unity/envs/__init__.py", line 177, in step
    self._env.step()
  File "/home/j/jensenj/.local/lib/python3.6/site-packages/mlagents_envs/timers.py", line 305, in wrapped
    return func(*args, **kwargs)
  File "/home/j/jensenj/.local/lib/python3.6/site-packages/mlagents_envs/environment.py", line 319, in step
    self._update_state(rl_output)
  File "/home/j/jensenj/.local/lib/python3.6/site-packages/mlagents_envs/environment.py", line 275, in _update_state
    agent_info_list, self._env_specs[brain_name]
  File "/home/j/jensenj/.local/lib/python3.6/site-packages/mlagents_envs/timers.py", line 305, in wrapped
    return func(*args, **kwargs)
  File "/home/j/jensenj/.local/lib/python3.6/site-packages/mlagents_envs/rpc_utils.py", line 188, in steps_from_proto
    obs_index, obs_shape, decision_agent_info_list
  File "/home/j/jensenj/.local/lib/python3.6/site-packages/mlagents_envs/timers.py", line 305, in wrapped
    return func(*args, **kwargs)
  File "/home/j/jensenj/.local/lib/python3.6/site-packages/mlagents_envs/rpc_utils.py", line 152, in _process_vector_observation
    _raise_on_nan_and_inf(np_obs, "observations")
  File "/home/j/jensenj/.local/lib/python3.6/site-packages/mlagents_envs/rpc_utils.py", line 130, in _raise_on_nan_and_inf
    raise RuntimeError(f"The {source} provided had NaN values.")
RuntimeError: The observations provided had NaN values.
Traceback (most recent call last):
  File "main-optuna.py", line 118, in <module>
    study.optimize(objective, n_trials=10000)
  File "/home/j/jensenj/.local/lib/python3.6/site-packages/optuna/study.py", line 339, in optimize
    func, n_trials, timeout, catch, callbacks, gc_after_trial, None
  File "/home/j/jensenj/.local/lib/python3.6/site-packages/optuna/study.py", line 682, in _optimize_sequential
    self._run_trial_and_callbacks(func, catch, callbacks, gc_after_trial)
  File "/home/j/jensenj/.local/lib/python3.6/site-packages/optuna/study.py", line 713, in _run_trial_and_callbacks
    trial = self._run_trial(func, catch, gc_after_trial)
  File "/home/j/jensenj/.local/lib/python3.6/site-packages/optuna/study.py", line 734, in _run_trial
    result = func(trial)
  File "main-optuna.py", line 100, in objective
    returns = [episode(env, agent, params, writer, i) for i in range(training_episodes)]
  File "main-optuna.py", line 100, in <listcomp>
    returns = [episode(env, agent, params, writer, i) for i in range(training_episodes)]
  File "main-optuna.py", line 36, in episode
    raise e
  File "main-optuna.py", line 32, in episode
    next_state, reward, done, _ = env.step(action.numpy()[0])
  File "/home/j/jensenj/.local/lib/python3.6/site-packages/gym_unity/envs/__init__.py", line 177, in step
    self._env.step()
  File "/home/j/jensenj/.local/lib/python3.6/site-packages/mlagents_envs/timers.py", line 305, in wrapped
    return func(*args, **kwargs)
  File "/home/j/jensenj/.local/lib/python3.6/site-packages/mlagents_envs/environment.py", line 319, in step
    self._update_state(rl_output)
  File "/home/j/jensenj/.local/lib/python3.6/site-packages/mlagents_envs/environment.py", line 275, in _update_state
    agent_info_list, self._env_specs[brain_name]
  File "/home/j/jensenj/.local/lib/python3.6/site-packages/mlagents_envs/timers.py", line 305, in wrapped
    return func(*args, **kwargs)
  File "/home/j/jensenj/.local/lib/python3.6/site-packages/mlagents_envs/rpc_utils.py", line 188, in steps_from_proto
    obs_index, obs_shape, decision_agent_info_list
  File "/home/j/jensenj/.local/lib/python3.6/site-packages/mlagents_envs/timers.py", line 305, in wrapped
    return func(*args, **kwargs)
  File "/home/j/jensenj/.local/lib/python3.6/site-packages/mlagents_envs/rpc_utils.py", line 152, in _process_vector_observation
    _raise_on_nan_and_inf(np_obs, "observations")
  File "/home/j/jensenj/.local/lib/python3.6/site-packages/mlagents_envs/rpc_utils.py", line 130, in _raise_on_nan_and_inf
    raise RuntimeError(f"The {source} provided had NaN values.")
RuntimeError: The observations provided had NaN values.
Setting up 2 worker threads for Enlighten.
  Thread -> id: 7fe8337fe700 -> priority: 1 
  Thread -> id: 7fe832ffd700 -> priority: 1 
2020-06-24 13:03:31 INFO [environment.py:418] Environment shut down with return code 0.
