slurmstepd-ecknach: error: Unable to create TMPDIR [/tmp/user/30108]: Permission denied
slurmstepd-ecknach: error: Setting TMPDIR to /tmp
------- load study successful
Found path: /home/j/jensenj/PycharmProjects/Federer-Jr./src/../crawler_single/linux/dynamic_server/crawler_dynamic.x86_64
Mono path[0] = '/home/j/jensenj/PycharmProjects/Federer-Jr./src/../crawler_single/linux/dynamic_server/crawler_dynamic_Data/Managed'
Mono config path = '/home/j/jensenj/PycharmProjects/Federer-Jr./src/../crawler_single/linux/dynamic_server/crawler_dynamic_Data/MonoBleedingEdge/etc'
Preloaded 'lib_burst_generated.so'
Preloaded 'libgrpc_csharp_ext.x64.so'
Initialize engine version: 2019.3.15f1 (59ff3e03856d)
[Subsystems] Discovering subsystems at path /home/j/jensenj/PycharmProjects/Federer-Jr./src/../crawler_single/linux/dynamic_server/crawler_dynamic_Data/UnitySubsystems
Forcing GfxDevice: Null
GfxDevice: creating device client; threaded=0
NullGfxDevice:
    Version:  NULL 1.0 [1.0]
    Renderer: Null Device
    Vendor:   Unity Technologies
Begin MonoManager ReloadAssembly
- Completed reload, in  0.121 seconds
WARNING: Shader Unsupported: 'Autodesk Interactive' - All passes removed
WARNING: Shader Did you use #pragma only_renderers and omit this platform?
UnloadTime: 0.459341 ms
Fallback handler could not load library /home/j/jensenj/PycharmProjects/Federer-Jr./src/../crawler_single/linux/dynamic_server/crawler_dynamic_Data/Mono/libcoreclr.so
Fallback handler could not load library /home/j/jensenj/PycharmProjects/Federer-Jr./src/../crawler_single/linux/dynamic_server/crawler_dynamic_Data/Mono/libcoreclr.so
Fallback handler could not load library /home/j/jensenj/PycharmProjects/Federer-Jr./src/../crawler_single/linux/dynamic_server/crawler_dynamic_Data/Mono/libcoreclr.so
Fallback handler could not load library /home/j/jensenj/PycharmProjects/Federer-Jr./src/../crawler_single/linux/dynamic_server/crawler_dynamic_Data/Mono/libSystem.dylib
Fallback handler could not load library /home/j/jensenj/PycharmProjects/Federer-Jr./src/../crawler_single/linux/dynamic_server/crawler_dynamic_Data/Mono/libSystem.dylib.so
Fallback handler could not load library /home/j/jensenj/PycharmProjects/Federer-Jr./src/../crawler_single/linux/dynamic_server/crawler_dynamic_Data/Mono/libSystem.dylib
Fallback handler could not load library /home/j/jensenj/PycharmProjects/Federer-Jr./src/../crawler_single/linux/dynamic_server/crawler_dynamic_Data/Mono/libcoreclr.so
Fallback handler could not load library /home/j/jensenj/PycharmProjects/Federer-Jr./src/../crawler_single/linux/dynamic_server/crawler_dynamic_Data/Mono/libcoreclr.so
Fallback handler could not load library /home/j/jensenj/PycharmProjects/Federer-Jr./src/../crawler_single/linux/dynamic_server/crawler_dynamic_Data/Mono/libcoreclr.so
Fallback handler could not load library /home/j/jensenj/PycharmProjects/Federer-Jr./src/../crawler_single/linux/dynamic_server/crawler_dynamic_Data/Mono/libSystem.dylib
Fallback handler could not load library /home/j/jensenj/PycharmProjects/Federer-Jr./src/../crawler_single/linux/dynamic_server/crawler_dynamic_Data/Mono/libSystem.dylib.so
Fallback handler could not load library /home/j/jensenj/PycharmProjects/Federer-Jr./src/../crawler_single/linux/dynamic_server/crawler_dynamic_Data/Mono/libSystem.dylib
/home/j/jensenj/.local/lib/python3.6/site-packages/tensorboard/compat/tensorflow_stub/dtypes.py:541: FutureWarning: Passing (type, 1) or '1type' as a synonym of type is deprecated; in a future version of numpy, it will be understood as (type, (1,)) / '(1,)type'.
  _np_qint8 = np.dtype([("qint8", np.int8, 1)])
/home/j/jensenj/.local/lib/python3.6/site-packages/tensorboard/compat/tensorflow_stub/dtypes.py:542: FutureWarning: Passing (type, 1) or '1type' as a synonym of type is deprecated; in a future version of numpy, it will be understood as (type, (1,)) / '(1,)type'.
  _np_quint8 = np.dtype([("quint8", np.uint8, 1)])
/home/j/jensenj/.local/lib/python3.6/site-packages/tensorboard/compat/tensorflow_stub/dtypes.py:543: FutureWarning: Passing (type, 1) or '1type' as a synonym of type is deprecated; in a future version of numpy, it will be understood as (type, (1,)) / '(1,)type'.
  _np_qint16 = np.dtype([("qint16", np.int16, 1)])
/home/j/jensenj/.local/lib/python3.6/site-packages/tensorboard/compat/tensorflow_stub/dtypes.py:544: FutureWarning: Passing (type, 1) or '1type' as a synonym of type is deprecated; in a future version of numpy, it will be understood as (type, (1,)) / '(1,)type'.
  _np_quint16 = np.dtype([("quint16", np.uint16, 1)])
/home/j/jensenj/.local/lib/python3.6/site-packages/tensorboard/compat/tensorflow_stub/dtypes.py:545: FutureWarning: Passing (type, 1) or '1type' as a synonym of type is deprecated; in a future version of numpy, it will be understood as (type, (1,)) / '(1,)type'.
  _np_qint32 = np.dtype([("qint32", np.int32, 1)])
/home/j/jensenj/.local/lib/python3.6/site-packages/tensorboard/compat/tensorflow_stub/dtypes.py:550: FutureWarning: Passing (type, 1) or '1type' as a synonym of type is deprecated; in a future version of numpy, it will be understood as (type, (1,)) / '(1,)type'.
  np_resource = np.dtype([("resource", np.ubyte, 1)])
2020-06-24 12:52:00 INFO [environment.py:108] Connected to Unity environment with package version 1.0.2 and communication version 1.0.0
2020-06-24 12:52:00 INFO [environment.py:265] Connected new brain:
CrawlerDynamic?team=0
2020-06-24 12:52:00 WARNING [__init__.py:92] The environment contains multiple observations. You must define allow_multiple_obs=True to receive them all. Otherwise, only the first visual observation (or vector observation ifthere are no visual observations) will be provided in the observation.
/home/j/jensenj/.local/lib/python3.6/site-packages/gym/logger.py:30: UserWarning: WARN: Box bound precision lowered by casting to float32
  warnings.warn(colorize('%s: %s'%('WARN', msg % args), 'yellow'))
{'nr_output_features': 20, 'nr_input_features': 126, 'env': <gym_unity.envs.UnityToGymWrapper object at 0x7f9b7614dcf8>, 'alpha': 0.003, 'tau': 0.95, 'clip': 0.2, 'minibatch_size': 32, 'hidden_units': 512, 'update_time_steps': 9216, 'ppo_epochs': 16, 'gamma': 0.9397628824657334, 'beta': 0.005690230629486328}
2020-06-24 12:06:02 - # 0 :	 -1.1627160673961043
2020-06-24 12:06:04 - # 1 :	 -0.3529246309772134
2020-06-24 12:06:04 - # 2 :	 -1.2247008515987545
2020-06-24 12:06:05 - # 3 :	 -1.5103984698653221
2020-06-24 12:06:05 - # 4 :	 -1.2238254491239786
2020-06-24 12:06:06 - # 5 :	 -0.3810567818582058
2020-06-24 12:06:06 - # 6 :	 -0.7579516805708408
2020-06-24 12:06:07 - # 7 :	 -1.905989971710369
2020-06-24 12:06:08 - # 8 :	 -1.3492441326379776
2020-06-24 12:06:09 - # 9 :	 -1.257466130424291
2020-06-24 12:06:10 - # 10 :	 -1.0893362979404628
2020-06-24 12:06:10 - # 11 :	 -1.6317166648805141
2020-06-24 12:06:11 - # 12 :	 -0.7689664028584957
2020-06-24 12:06:14 - # 13 :	 6.36915339785628
2020-06-24 12:06:14 - # 14 :	 -1.9855362884700298
2020-06-24 12:06:16 - # 15 :	 -1.457537512294948
2020-06-24 12:06:17 - # 16 :	 -0.9685926269739866
2020-06-24 12:06:19 - # 17 :	 2.3637157487683
2020-06-24 12:06:20 - # 18 :	 -1.1650913823395967
2020-06-24 12:06:21 - # 19 :	 -1.318474669009447
2020-06-24 12:06:21 - # 20 :	 -1.3991210125386715
2020-06-24 12:06:25 - # 21 :	 -6.938103669323027
2020-06-24 12:06:26 - # 22 :	 0.21517428662627935
2020-06-24 12:06:27 - # 23 :	 -1.5634037796407938
2020-06-24 12:06:27 - # 24 :	 -1.0120639149099588
2020-06-24 12:06:29 - # 25 :	 0.9883540086448193
2020-06-24 12:06:30 - # 26 :	 -1.523770172148943
2020-06-24 12:06:30 - # 27 :	 -0.6386856636963785
2020-06-24 12:06:31 - # 28 :	 -1.8368221609853208
2020-06-24 12:06:31 - # 29 :	 -1.439741874113679
2020-06-24 12:06:33 - # 30 :	 -3.8207306526601315
2020-06-24 12:06:34 - # 31 :	 -0.4401922607794404
2020-06-24 12:06:34 - # 32 :	 -0.8569563361816108
2020-06-24 12:06:37 - # 33 :	 -0.34619060019031167
2020-06-24 12:06:38 - # 34 :	 -0.17500810138881207
2020-06-24 12:06:39 - # 35 :	 -1.8821467366069555
2020-06-24 12:06:40 - # 36 :	 -1.3721785191446543
2020-06-24 12:06:40 - # 37 :	 -0.8493313470389694
2020-06-24 12:06:41 - # 38 :	 -0.5466909948736429
2020-06-24 12:06:42 - # 39 :	 -1.1291535077616572
2020-06-24 12:06:43 - # 40 :	 -2.9764592822175473
2020-06-24 12:06:44 - # 41 :	 3.178956030867994
2020-06-24 12:06:45 - # 42 :	 -0.9202876663766801
2020-06-24 12:06:45 - # 43 :	 -0.7209314238280058
2020-06-24 12:06:46 - # 44 :	 -0.3444521469064057
2020-06-24 12:06:47 - # 45 :	 -1.3922064618673176
2020-06-24 12:06:49 - # 46 :	 -2.326421565376222
2020-06-24 12:06:50 - # 47 :	 -1.3847458865493536
2020-06-24 12:06:52 - # 48 :	 -2.696504986844957
2020-06-24 12:06:52 - # 49 :	 -1.1546052368357778
2020-06-24 12:06:54 - # 50 :	 1.051900777965784
2020-06-24 12:06:54 - # 51 :	 -1.6822233088314533
2020-06-24 12:06:55 - # 52 :	 -1.3689086884260178
2020-06-24 12:06:55 - # 53 :	 -1.777450664434582
2020-06-24 12:06:57 - # 54 :	 -0.3615945093333721
2020-06-24 12:06:58 - # 55 :	 -1.7334551643580198
2020-06-24 12:06:59 - # 56 :	 -1.2593719728756696
2020-06-24 12:06:01 - # 57 :	 -1.8995811305940151
2020-06-24 12:06:02 - # 58 :	 -1.4467913107946515
2020-06-24 12:06:03 - # 59 :	 -1.4976027756929398
2020-06-24 12:06:03 - # 60 :	 -1.9216515561565757
2020-06-24 12:06:04 - # 61 :	 -1.983352162875235
2020-06-24 12:06:06 - # 62 :	 -2.451933405827731
2020-06-24 12:06:07 - # 63 :	 -2.462136320769787
2020-06-24 12:06:07 - # 64 :	 -1.6135265715420246
2020-06-24 12:06:08 - # 65 :	 -1.1463893428444862
2020-06-24 12:06:09 - # 66 :	 -0.8684684936888516
2020-06-24 12:06:10 - # 67 :	 -1.3203552775084972
2020-06-24 12:06:10 - # 68 :	 -1.6011920971795917
2020-06-24 12:06:13 - # 69 :	 2.767561638960615
2020-06-24 12:06:14 - # 70 :	 -0.9732239777222276
2020-06-24 12:06:14 - # 71 :	 -1.906456619501114
2020-06-24 12:06:17 - # 72 :	 1.0084186971653253
2020-06-24 12:06:17 - # 73 :	 -1.3946927152574062
2020-06-24 12:06:18 - # 74 :	 -1.1686815628781915
2020-06-24 12:06:19 - # 75 :	 -1.375581187196076
2020-06-24 12:06:19 - # 76 :	 -0.9222037489525974
2020-06-24 12:06:20 - # 77 :	 -1.4501055851578712
2020-06-24 12:06:24 - # 78 :	 3.1289826054126024
2020-06-24 12:06:25 - # 79 :	 -1.021186643280089
2020-06-24 12:06:27 - # 80 :	 -2.870907500386238
2020-06-24 12:06:28 - # 81 :	 -1.3533327942714095
2020-06-24 12:06:29 - # 82 :	 1.18928062915802
2020-06-24 12:06:30 - # 83 :	 0.36083383299410343
2020-06-24 12:06:31 - # 84 :	 -0.8957504574209452
2020-06-24 12:06:32 - # 85 :	 0.25713689625263214
2020-06-24 12:06:32 - # 86 :	 -1.1902788914740086
2020-06-24 12:06:33 - # 87 :	 -1.1223968584090471
2020-06-24 12:06:34 - # 88 :	 -1.735867403447628
2020-06-24 12:06:34 - # 89 :	 -0.8886039536446333
2020-06-24 12:06:36 - # 90 :	 0.7129009030759335
2020-06-24 12:06:40 - # 91 :	 -5.377915454562753
2020-06-24 12:06:40 - # 92 :	 -1.5627120826393366
2020-06-24 12:06:41 - # 93 :	 -1.4696018258109689
2020-06-24 12:06:43 - # 94 :	 -2.2967861145734787
2020-06-24 12:06:44 - # 95 :	 -1.6667892523109913
2020-06-24 12:06:44 - # 96 :	 -1.2742060543969274
2020-06-24 12:06:45 - # 97 :	 -2.0983161590993404
2020-06-24 12:06:46 - # 98 :	 -0.8313159956596792
2020-06-24 12:06:46 - # 99 :	 -1.7167890658602118
2020-06-24 12:06:48 - # 100 :	 -1.5711708422750235
2020-06-24 12:06:49 - # 101 :	 -1.226436324417591
2020-06-24 12:06:49 - # 102 :	 -1.6586897019296885
2020-06-24 12:06:50 - # 103 :	 -1.0554043492302299
2020-06-24 12:06:51 - # 104 :	 -1.613335894420743
2020-06-24 12:06:51 - # 105 :	 -1.698378142202273
2020-06-24 12:06:52 - # 106 :	 -1.7099457364529371
2020-06-24 12:06:52 - # 107 :	 -0.9318554638884962
2020-06-24 12:06:53 - # 108 :	 -0.7414495814591646
2020-06-24 12:06:55 - # 109 :	 -8.230577764101326
2020-06-24 12:06:56 - # 110 :	 -2.1781920567154884
2020-06-24 12:06:58 - # 111 :	 -2.5198838636279106
2020-06-24 12:06:58 - # 112 :	 -1.4082717839628458
2020-06-24 12:06:59 - # 113 :	 -1.4766091350466013
2020-06-24 12:06:59 - # 114 :	 -1.5254094451665878
2020-06-24 12:06:00 - # 115 :	 -1.4313042294234037
2020-06-24 12:06:02 - # 116 :	 -4.3092454187572
2020-06-24 12:06:02 - # 117 :	 -0.9402514845132828
2020-06-24 12:06:03 - # 118 :	 -1.018882878124714
2020-06-24 12:06:05 - # 119 :	 -3.4219535011798143
2020-06-24 12:06:05 - # 120 :	 -1.2608960992656648
2020-06-24 12:06:06 - # 121 :	 -1.1486907415091991
2020-06-24 12:06:06 - # 122 :	 -1.6055897157639265
2020-06-24 12:06:07 - # 123 :	 -1.3576219230890274
2020-06-24 12:06:08 - # 124 :	 -1.5787477381527424
2020-06-24 12:06:08 - # 125 :	 -0.8787621227093041
2020-06-24 12:06:10 - # 126 :	 -0.8265807445859537
2020-06-24 12:06:11 - # 127 :	 -1.5095088770613074
2020-06-24 12:06:13 - # 128 :	 2.321296045091003
2020-06-24 12:06:14 - # 129 :	 -1.9755728468298912
2020-06-24 12:06:14 - # 130 :	 -0.8220161348581314
2020-06-24 12:06:15 - # 131 :	 -0.7847050661221147
2020-06-24 12:06:15 - # 132 :	 -1.1668803058564663
2020-06-24 12:06:16 - # 133 :	 -1.07040423899889
2020-06-24 12:06:18 - # 134 :	 -2.1448906157165766
2020-06-24 12:06:19 - # 135 :	 2.242539252154529
2020-06-24 12:06:21 - # 136 :	 -2.9922913275659084
2020-06-24 12:06:23 - # 137 :	 -3.7632725057192147
2020-06-24 12:06:23 - # 138 :	 -1.8163539357483387
2020-06-24 12:06:25 - # 139 :	 -2.2460565709043294
2020-06-24 12:06:25 - # 140 :	 -1.1675607413053513
2020-06-24 12:06:26 - # 141 :	 -1.0615854114294052
2020-06-24 12:06:26 - # 142 :	 -0.8431991534307599
2020-06-24 12:06:27 - # 143 :	 -1.5613400349393487
2020-06-24 12:06:29 - # 144 :	 0.4444834180176258
2020-06-24 12:06:29 - # 145 :	 -1.1297691240906715
2020-06-24 12:06:30 - # 146 :	 -1.2643179902806878
2020-06-24 12:06:30 - # 147 :	 -2.471895119175315
2020-06-24 12:06:31 - # 148 :	 -0.5765096810646355
2020-06-24 12:06:33 - # 149 :	 -1.6212684400379658
2020-06-24 12:06:34 - # 150 :	 -0.6708960356190801
2020-06-24 12:06:36 - # 151 :	 -2.4891811460256577
2020-06-24 12:06:37 - # 152 :	 -1.1063027027994394
2020-06-24 12:06:38 - # 153 :	 1.3806524402461946
2020-06-24 12:06:39 - # 154 :	 -1.8062575655058026
2020-06-24 12:06:43 - # 155 :	 0.8001094908686355
2020-06-24 12:06:43 - # 156 :	 -1.1025834081228822
2020-06-24 12:06:44 - # 157 :	 -1.0412408800330013
2020-06-24 12:06:44 - # 158 :	 -1.305641961749643
2020-06-24 12:06:45 - # 159 :	 0.09450501017272472
2020-06-24 12:06:46 - # 160 :	 -1.240544225787744
2020-06-24 12:06:47 - # 161 :	 -1.3291738596744835
2020-06-24 12:06:47 - # 162 :	 -1.4156740847975016
2020-06-24 12:06:48 - # 163 :	 -0.8642451670020819
2020-06-24 12:06:49 - # 164 :	 -1.2107094200327992
2020-06-24 12:06:50 - # 165 :	 -0.9337726924568415
2020-06-24 12:06:50 - # 166 :	 -0.9345630235038698
2020-06-24 12:06:51 - # 167 :	 -1.4738388820551336
2020-06-24 12:06:52 - # 168 :	 -2.085887140594423
2020-06-24 12:06:53 - # 169 :	 -0.14143000007607043
2020-06-24 12:06:53 - # 170 :	 -1.1439817766658962
2020-06-24 12:06:54 - # 171 :	 -0.9509481675922871
2020-06-24 12:06:56 - # 172 :	 1.744648179039359
2020-06-24 12:06:57 - # 173 :	 1.0521268071606755
2020-06-24 12:06:58 - # 174 :	 1.1357082962058485
2020-06-24 12:06:59 - # 175 :	 -1.554322000592947
2020-06-24 12:06:00 - # 176 :	 -0.7490020738914609
2020-06-24 12:06:01 - # 177 :	 -1.357316778972745
2020-06-24 12:06:02 - # 178 :	 -2.9805621076375246
2020-06-24 12:06:04 - # 179 :	 1.3247073534876108
2020-06-24 12:06:05 - # 180 :	 -1.5896084317937493
2020-06-24 12:06:06 - # 181 :	 -2.4562577148899436
2020-06-24 12:06:07 - # 182 :	 -1.5335750652011484
2020-06-24 12:06:08 - # 183 :	 -0.8140520136803389
2020-06-24 12:06:08 - # 184 :	 -1.4502409510314465
2020-06-24 12:06:09 - # 185 :	 -1.1079715499654412
2020-06-24 12:06:10 - # 186 :	 0.6525777871720493
2020-06-24 12:06:11 - # 187 :	 -1.7542327474802732
2020-06-24 12:06:13 - # 188 :	 2.516684714704752
2020-06-24 12:06:14 - # 189 :	 -0.215226162225008
2020-06-24 12:06:15 - # 190 :	 -1.5367238600738347
2020-06-24 12:06:16 - # 191 :	 -2.485823445022106
2020-06-24 12:06:16 - # 192 :	 -1.7556035770103335
2020-06-24 12:06:17 - # 193 :	 -1.4467714477796108
2020-06-24 12:06:18 - # 194 :	 -1.6802945863455534
2020-06-24 12:06:19 - # 195 :	 -1.9969276590272784
2020-06-24 12:06:19 - # 196 :	 -1.5986452028155327
2020-06-24 12:06:21 - # 197 :	 -0.6259472565725446
2020-06-24 12:06:21 - # 198 :	 -2.0847368091344833
2020-06-24 12:06:23 - # 199 :	 -1.8798620719462633
2020-06-24 12:06:25 - # 200 :	 -1.5468792053870857
2020-06-24 12:06:31 - # 201 :	 9.184285705909133
2020-06-24 12:06:31 - # 202 :	 -1.1352850180119276
2020-06-24 12:06:33 - # 203 :	 -5.809898417443037
2020-06-24 12:06:34 - # 204 :	 -1.0903971614316106
2020-06-24 12:06:35 - # 205 :	 -1.2924555009230971
2020-06-24 12:06:36 - # 206 :	 -0.49358651600778103
2020-06-24 12:06:39 - # 207 :	 0.7463644919916987
2020-06-24 12:06:41 - # 208 :	 0.48806390166282654
2020-06-24 12:06:41 - # 209 :	 -1.3415680537000299
2020-06-24 12:06:44 - # 210 :	 -1.9436834891093895
2020-06-24 12:06:45 - # 211 :	 1.0235870275646448
2020-06-24 12:06:46 - # 212 :	 -2.007722359150648
2020-06-24 12:06:47 - # 213 :	 -1.2490636967122555
2020-06-24 12:06:51 - # 214 :	 2.747039434267208
2020-06-24 12:06:53 - # 215 :	 -0.8494342325720936
2020-06-24 12:06:55 - # 216 :	 -2.2064086839091033
2020-06-24 12:06:57 - # 217 :	 -3.6041541611775756
2020-06-24 12:06:57 - # 218 :	 -1.5380286648869514
2020-06-24 12:06:58 - # 219 :	 -1.2231182546820492
2020-06-24 12:06:59 - # 220 :	 -1.6210948624648154
2020-06-24 12:06:59 - # 221 :	 -1.3654223959892988
2020-06-24 12:06:00 - # 222 :	 -1.3310600169934332
2020-06-24 12:06:01 - # 223 :	 -0.8839843263849616
2020-06-24 12:06:02 - # 224 :	 -1.0805331822484732
2020-06-24 12:06:02 - # 225 :	 -1.6121706292033195
2020-06-24 12:06:03 - # 226 :	 -1.6272818557918072
2020-06-24 12:06:04 - # 227 :	 0.13331861980259418
2020-06-24 12:06:06 - # 228 :	 1.3706792909651995
2020-06-24 12:06:06 - # 229 :	 -1.9684991799294949
2020-06-24 12:06:07 - # 230 :	 -1.660369373857975
2020-06-24 12:06:08 - # 231 :	 -1.649766992777586
2020-06-24 12:06:08 - # 232 :	 -0.9748663026839495
2020-06-24 12:06:11 - # 233 :	 1.6700984127819538
2020-06-24 12:06:12 - # 234 :	 -1.3541644961806014
2020-06-24 12:06:12 - # 235 :	 -1.230113533732947
2020-06-24 12:06:13 - # 236 :	 -1.9001282826066017
2020-06-24 12:06:14 - # 237 :	 -3.1914197457954288
2020-06-24 12:06:15 - # 238 :	 -1.0410225689411163
2020-06-24 12:06:17 - # 239 :	 -0.3881533993408084
2020-06-24 12:06:17 - # 240 :	 -1.221219387371093
2020-06-24 12:06:18 - # 241 :	 -0.3126915954053402
2020-06-24 12:06:18 - # 242 :	 -1.1716940784826875
2020-06-24 12:06:19 - # 243 :	 -1.1155347675085068
2020-06-24 12:06:19 - # 244 :	 -1.5058542261831462
2020-06-24 12:06:20 - # 245 :	 -1.37061771703884
2020-06-24 12:06:21 - # 246 :	 -1.3335128193721175
2020-06-24 12:06:21 - # 247 :	 -1.016219288110733
2020-06-24 12:06:28 - # 248 :	 8.453881101915613
2020-06-24 12:06:28 - # 249 :	 -1.2207279838621616
2020-06-24 12:06:29 - # 250 :	 -2.115951370447874
2020-06-24 12:06:32 - # 251 :	 3.726205381564796
2020-06-24 12:06:33 - # 252 :	 -1.7318056910298765
2020-06-24 12:06:34 - # 253 :	 -0.7176490901038051
2020-06-24 12:06:35 - # 254 :	 -1.903251730836928
2020-06-24 12:06:35 - # 255 :	 -1.1208767495118082
2020-06-24 12:06:37 - # 256 :	 -8.237673487514257
2020-06-24 12:06:39 - # 257 :	 -5.2875707587227225
2020-06-24 12:06:39 - # 258 :	 -1.3567610951140523
2020-06-24 12:06:40 - # 259 :	 -2.1332186087965965
2020-06-24 12:06:41 - # 260 :	 -1.120354370214045
2020-06-24 12:06:41 - # 261 :	 -0.8422865439206362
2020-06-24 12:06:42 - # 262 :	 -2.0828099958598614
2020-06-24 12:06:43 - # 263 :	 0.3781662341207266
2020-06-24 12:06:44 - # 264 :	 -0.5947143514640629
2020-06-24 12:06:44 - # 265 :	 -1.5855224579572678
2020-06-24 12:06:45 - # 266 :	 -1.374135910300538
2020-06-24 12:06:46 - # 267 :	 -0.8029622498434037
2020-06-24 12:06:47 - # 268 :	 -3.2636710926890373
2020-06-24 12:06:47 - # 269 :	 -1.527794510126114
2020-06-24 12:06:50 - # 270 :	 -1.6266917237080634
2020-06-24 12:06:52 - # 271 :	 -3.146859511733055
2020-06-24 12:06:53 - # 272 :	 -0.32802452566102147
2020-06-24 12:06:55 - # 273 :	 0.30172970541752875
2020-06-24 12:06:56 - # 274 :	 -2.6691161254420877
2020-06-24 12:06:57 - # 275 :	 -1.4382605999708176
2020-06-24 12:06:57 - # 276 :	 -0.9340991713106632
2020-06-24 12:06:59 - # 277 :	 1.4875210672616959
2020-06-24 12:06:59 - # 278 :	 -1.0675910515710711
2020-06-24 12:06:01 - # 279 :	 -3.5416065137833357
2020-06-24 12:06:02 - # 280 :	 -0.7076206179335713
2020-06-24 12:06:03 - # 281 :	 -0.08906177431344986
2020-06-24 12:06:04 - # 282 :	 -2.108378555625677
2020-06-24 12:06:04 - # 283 :	 -2.029160805977881
2020-06-24 12:06:05 - # 284 :	 -0.9302361272275448
2020-06-24 12:06:06 - # 285 :	 -1.2371448432095349
2020-06-24 12:06:07 - # 286 :	 -1.8491916498169303
2020-06-24 12:06:08 - # 287 :	 -1.4760056855157018
2020-06-24 12:06:08 - # 288 :	 -0.9385113697499037
2020-06-24 12:06:09 - # 289 :	 -2.769289955496788
2020-06-24 12:06:09 - # 290 :	 -1.1831356156617403
2020-06-24 12:06:10 - # 291 :	 -0.7036079354584217
2020-06-24 12:06:11 - # 292 :	 -1.3260750407353044
2020-06-24 12:06:12 - # 293 :	 -0.7511405104305595
2020-06-24 12:06:14 - # 294 :	 -2.070149030536413
2020-06-24 12:06:15 - # 295 :	 -1.9786596074700356
2020-06-24 12:06:17 - # 296 :	 3.400756192393601
2020-06-24 12:06:18 - # 297 :	 -0.9626187272369862
2020-06-24 12:06:20 - # 298 :	 2.7554935989901423
2020-06-24 12:06:21 - # 299 :	 -2.1761024933075532
2020-06-24 12:06:22 - # 300 :	 -1.030534266261384
2020-06-24 12:06:24 - # 301 :	 -3.8526694723404944
2020-06-24 12:06:27 - # 302 :	 7.07983704097569
2020-06-24 12:06:27 - # 303 :	 -1.4113753363490105
2020-06-24 12:06:30 - # 304 :	 3.9888237812556326
2020-06-24 12:06:31 - # 305 :	 -1.2958493437618017
2020-06-24 12:06:32 - # 306 :	 -3.580199431627989
2020-06-24 12:06:33 - # 307 :	 -1.5819570310413837
2020-06-24 12:06:33 - # 308 :	 -1.1660171039402485
2020-06-24 12:06:35 - # 309 :	 -0.1587069509550929
2020-06-24 12:06:36 - # 310 :	 -1.413982093334198
2020-06-24 12:06:37 - # 311 :	 -1.9137218282558024
2020-06-24 12:06:38 - # 312 :	 -1.523699551820755
2020-06-24 12:06:40 - # 313 :	 3.558443119749427
2020-06-24 12:06:41 - # 314 :	 -1.2261259390506893
2020-06-24 12:06:43 - # 315 :	 -3.015379723161459
2020-06-24 12:06:43 - # 316 :	 -0.7793437838554382
2020-06-24 12:06:44 - # 317 :	 -1.75426859036088
2020-06-24 12:06:45 - # 318 :	 -1.1944270581007004
2020-06-24 12:06:47 - # 319 :	 -1.1185449799522758
2020-06-24 12:06:48 - # 320 :	 -1.0534228177275509
2020-06-24 12:06:48 - # 321 :	 -0.9039350934326649
2020-06-24 12:06:51 - # 322 :	 5.745804460719228
2020-06-24 12:06:52 - # 323 :	 -1.4875015965662897
2020-06-24 12:06:55 - # 324 :	 3.3367651044391096
2020-06-24 12:06:55 - # 325 :	 -1.2906045741401613
2020-06-24 12:06:56 - # 326 :	 -1.3345499774441123
2020-06-24 12:06:56 - # 327 :	 -1.0546072395518422
2020-06-24 12:06:58 - # 328 :	 -0.8911561742424965
2020-06-24 12:06:58 - # 329 :	 -2.365788849070668
2020-06-24 12:06:01 - # 330 :	 -6.378057544119656
2020-06-24 12:06:02 - # 331 :	 -1.7229132391512394
2020-06-24 12:06:02 - # 332 :	 -1.4646129324100912
2020-06-24 12:06:05 - # 333 :	 0.25689671002328396
2020-06-24 12:06:05 - # 334 :	 -1.052024188451469
2020-06-24 12:06:09 - # 335 :	 -8.329002041369677
2020-06-24 12:06:10 - # 336 :	 -2.129549083299935
2020-06-24 12:06:10 - # 337 :	 -1.379117245785892
2020-06-24 12:06:11 - # 338 :	 -1.9389949955511838
2020-06-24 12:06:12 - # 339 :	 -2.158652685582638
2020-06-24 12:06:14 - # 340 :	 -1.545822849497199
2020-06-24 12:06:14 - # 341 :	 -1.3093201164156199
2020-06-24 12:06:15 - # 342 :	 -0.818328111898154
2020-06-24 12:06:16 - # 343 :	 -0.9285472091287374
2020-06-24 12:06:20 - # 344 :	 -10.043958608992398
2020-06-24 12:06:20 - # 345 :	 -1.6388883646577597
2020-06-24 12:06:21 - # 346 :	 -1.4251260859891772
2020-06-24 12:06:21 - # 347 :	 -1.4297228250652552
2020-06-24 12:06:22 - # 348 :	 -1.411004132591188
2020-06-24 12:06:23 - # 349 :	 -1.9031308759003878
2020-06-24 12:06:23 - # 350 :	 -0.7777127879671752
2020-06-24 12:06:25 - # 351 :	 0.3493446633219719
2020-06-24 12:06:26 - # 352 :	 -1.2516330536454916
2020-06-24 12:06:30 - # 353 :	 -0.4827302657067776
2020-06-24 12:06:31 - # 354 :	 -1.0583863914944232
2020-06-24 12:06:31 - # 355 :	 -1.321509800851345
2020-06-24 12:06:33 - # 356 :	 -0.039015696034766734
2020-06-24 12:06:34 - # 357 :	 -0.8402516026981175
2020-06-24 12:06:34 - # 358 :	 -0.9572338778525591
2020-06-24 12:06:36 - # 359 :	 1.0794763350859284
2020-06-24 12:06:37 - # 360 :	 -1.4319459982216358
2020-06-24 12:06:37 - # 361 :	 -0.831293435767293
2020-06-24 12:06:38 - # 362 :	 0.3494192943908274
2020-06-24 12:06:39 - # 363 :	 -1.940830485895276
2020-06-24 12:06:41 - # 364 :	 -4.5497308522462845
2020-06-24 12:06:41 - # 365 :	 -1.5703027844429016
2020-06-24 12:06:42 - # 366 :	 -1.3171598305925727
2020-06-24 12:06:43 - # 367 :	 0.28743182495236397
2020-06-24 12:06:44 - # 368 :	 -1.6199590265750885
2020-06-24 12:06:44 - # 369 :	 -1.7357975589111447
2020-06-24 12:06:45 - # 370 :	 -2.6159288436174393
2020-06-24 12:06:46 - # 371 :	 -0.74401122238487
2020-06-24 12:06:46 - # 372 :	 -1.253178907558322
2020-06-24 12:06:47 - # 373 :	 -1.0971096649300307
2020-06-24 12:06:49 - # 374 :	 -0.894497079658322
2020-06-24 12:06:49 - # 375 :	 -1.5922485571354628
2020-06-24 12:06:50 - # 376 :	 -1.4379848642274737
2020-06-24 12:06:50 - # 377 :	 -1.1035411078482866
2020-06-24 12:06:52 - # 378 :	 -0.1705807000398636
2020-06-24 12:06:53 - # 379 :	 -1.4064141707494855
2020-06-24 12:06:56 - # 380 :	 2.3175288285128772
2020-06-24 12:06:56 - # 381 :	 -1.651871308684349
2020-06-24 12:06:57 - # 382 :	 -1.4650821482064202
2020-06-24 12:06:58 - # 383 :	 -2.083396978676319
2020-06-24 12:06:00 - # 384 :	 2.1374510494060814
2020-06-24 12:06:00 - # 385 :	 -1.4454728264827281
2020-06-24 12:06:01 - # 386 :	 -2.0035451911389828
2020-06-24 12:06:02 - # 387 :	 -1.4181517455726862
2020-06-24 12:06:02 - # 388 :	 -1.73289904743433
2020-06-24 12:06:03 - # 389 :	 -2.5869540125131607
2020-06-24 12:06:04 - # 390 :	 -0.8436927106231451
2020-06-24 12:06:05 - # 391 :	 -0.45210024155676365
2020-06-24 12:06:06 - # 392 :	 -1.6043045856058598
2020-06-24 12:06:06 - # 393 :	 -1.5557909421622753
2020-06-24 12:06:07 - # 394 :	 -1.3202262450940907
2020-06-24 12:06:09 - # 395 :	 -2.5696620983071625
2020-06-24 12:06:10 - # 396 :	 -3.6374300001189113
2020-06-24 12:06:11 - # 397 :	 -1.1411204151809216
2020-06-24 12:06:11 - # 398 :	 -1.2026879508048296
2020-06-24 12:06:12 - # 399 :	 -1.6408175518736243
2020-06-24 12:06:14 - # 400 :	 2.710692273452878
2020-06-24 12:06:15 - # 401 :	 -0.5601291470229626
2020-06-24 12:06:15 - # 402 :	 -0.8798531387001276
2020-06-24 12:06:16 - # 403 :	 -1.6633624248206615
2020-06-24 12:06:17 - # 404 :	 -3.8262988943606615
2020-06-24 12:06:18 - # 405 :	 -2.165626183152199
2020-06-24 12:06:20 - # 406 :	 -2.1587717002257705
2020-06-24 12:06:20 - # 407 :	 -1.494749512290582
2020-06-24 12:06:21 - # 408 :	 -0.9869103371165693
2020-06-24 12:06:21 - # 409 :	 -1.716297458857298
2020-06-24 12:06:23 - # 410 :	 -2.457400086626876
2020-06-24 12:06:24 - # 411 :	 -0.9095483794808388
2020-06-24 12:06:26 - # 412 :	 -2.64711856842041
2020-06-24 12:06:26 - # 413 :	 -1.863493487238884
2020-06-24 12:06:27 - # 414 :	 -1.2572117671370506
2020-06-24 12:06:28 - # 415 :	 -1.6659325882792473
2020-06-24 12:06:28 - # 416 :	 -1.0535285081714392
2020-06-24 12:06:31 - # 417 :	 -1.9230851482134312
2020-06-24 12:06:33 - # 418 :	 1.5264381188899279
2020-06-24 12:06:34 - # 419 :	 -1.9399788938462734
2020-06-24 12:06:34 - # 420 :	 -1.2449996639043093
2020-06-24 12:06:35 - # 421 :	 -1.8536706492304802
2020-06-24 12:06:37 - # 422 :	 -6.512291733874008
2020-06-24 12:06:40 - # 423 :	 -0.12637552968226373
2020-06-24 12:06:42 - # 424 :	 -0.6280274896416813
2020-06-24 12:06:44 - # 425 :	 -3.196412129327655
2020-06-24 12:06:45 - # 426 :	 -1.6958453692495823
2020-06-24 12:06:45 - # 427 :	 -1.760385874658823
2020-06-24 12:06:46 - # 428 :	 -1.5311808390542865
2020-06-24 12:06:47 - # 429 :	 -1.1481193033978343
2020-06-24 12:06:50 - # 430 :	 -6.431691821722779
2020-06-24 12:06:51 - # 431 :	 -1.337891098111868
2020-06-24 12:06:54 - # 432 :	 -5.722861932590604
2020-06-24 12:06:54 - # 433 :	 -1.4331386908888817
2020-06-24 12:06:55 - # 434 :	 -1.08061857894063
2020-06-24 12:06:56 - # 435 :	 -0.2939916914328933
2020-06-24 12:06:57 - # 436 :	 -1.2594591504894197
2020-06-24 12:06:57 - # 437 :	 -2.033774821087718
2020-06-24 12:06:58 - # 438 :	 2.3198104817420244
2020-06-24 12:06:59 - # 439 :	 -1.8201350532472134
2020-06-24 13:06:01 - # 440 :	 -7.875717097893357
2020-06-24 13:06:02 - # 441 :	 -1.342410258948803
2020-06-24 13:06:04 - # 442 :	 3.3441055733710527
2020-06-24 13:06:05 - # 443 :	 -0.02258384320884943
2020-06-24 13:06:06 - # 444 :	 -1.3624813961796463
2020-06-24 13:06:07 - # 445 :	 2.645580509211868
2020-06-24 13:06:10 - # 446 :	 -0.3131270371377468
2020-06-24 13:06:11 - # 447 :	 -1.7336397003382444
2020-06-24 13:06:12 - # 448 :	 -1.080632071942091
2020-06-24 13:06:14 - # 449 :	 1.8724493724294007
2020-06-24 13:06:15 - # 450 :	 -4.862008426338434
2020-06-24 13:06:16 - # 451 :	 -2.2977066598832607
2020-06-24 13:06:17 - # 452 :	 -1.0666714692488313
2020-06-24 13:06:18 - # 453 :	 -1.2330458988435566
2020-06-24 13:06:18 - # 454 :	 -0.9406809573993087
2020-06-24 13:06:20 - # 455 :	 -4.9944366263225675
2020-06-24 13:06:21 - # 456 :	 -1.3391876020468771
2020-06-24 13:06:23 - # 457 :	 9.632593799382448
2020-06-24 13:06:24 - # 458 :	 -1.1395490975119174
2020-06-24 13:06:26 - # 459 :	 -2.3668477297760546
2020-06-24 13:06:27 - # 460 :	 0.8603853117674589
2020-06-24 13:06:28 - # 461 :	 -0.8422248540446162
2020-06-24 13:06:29 - # 462 :	 -0.6837867740541697
2020-06-24 13:06:30 - # 463 :	 -5.57519782288
2020-06-24 13:06:31 - # 464 :	 -1.973931662272662
2020-06-24 13:06:31 - # 465 :	 -1.167396497912705
2020-06-24 13:06:33 - # 466 :	 0.856984636746347
2020-06-24 13:06:34 - # 467 :	 -1.470201637595892
2020-06-24 13:06:35 - # 468 :	 -1.077667915262282
2020-06-24 13:06:36 - # 469 :	 -1.2899076684843749
2020-06-24 13:06:37 - # 470 :	 -1.7304011676460505
2020-06-24 13:06:37 - # 471 :	 -1.0119640436023474
2020-06-24 13:06:38 - # 472 :	 -1.4199024997651577
2020-06-24 13:06:39 - # 473 :	 -1.281002389267087
2020-06-24 13:06:40 - # 474 :	 -0.5741979898884892
2020-06-24 13:06:42 - # 475 :	 -2.6673968438990414
2020-06-24 13:06:43 - # 476 :	 -1.038961865240708
2020-06-24 13:06:44 - # 477 :	 -1.0629281252622604
2020-06-24 13:06:44 - # 478 :	 -1.6564835142344236
2020-06-24 13:06:46 - # 479 :	 -4.738041798584163
2020-06-24 13:06:47 - # 480 :	 -0.9924742416478693
2020-06-24 13:06:47 - # 481 :	 -1.0273515620501712
2020-06-24 13:06:49 - # 482 :	 2.079230770468712
2020-06-24 13:06:50 - # 483 :	 -1.6283890400081873
2020-06-24 13:06:52 - # 484 :	 -1.7242360156960785
2020-06-24 13:06:52 - # 485 :	 -1.2416152590885758
2020-06-24 13:06:53 - # 486 :	 -0.901457704603672
2020-06-24 13:06:55 - # 487 :	 -1.545431412756443
2020-06-24 13:06:56 - # 488 :	 1.272955983877182
2020-06-24 13:06:57 - # 489 :	 -0.7063173092901707
2020-06-24 13:06:58 - # 490 :	 0.7808734532445669
2020-06-24 13:06:59 - # 491 :	 -1.1525618131272495
2020-06-24 13:06:01 - # 492 :	 -6.207148592919111
2020-06-24 13:06:02 - # 493 :	 2.2304262444376945
2020-06-24 13:06:05 - # 494 :	 3.0613423637114465
2020-06-24 13:06:10 - # 495 :	 -11.640712240245193
2020-06-24 13:06:13 - # 496 :	 -2.2538197301328182
2020-06-24 13:06:13 - # 497 :	 -1.7219730392098427
2020-06-24 13:06:15 - # 498 :	 -2.8087060453835875
2020-06-24 13:06:16 - # 499 :	 -0.6291621855925769
2020-06-24 13:06:16 - # 500 :	 -1.4400832038372755
2020-06-24 13:06:17 - # 501 :	 -1.529015826061368
2020-06-24 13:06:18 - # 502 :	 -0.20783444680273533
2020-06-24 13:06:20 - # 503 :	 -4.802503780461848
2020-06-24 13:06:21 - # 504 :	 -3.0719444062560797
2020-06-24 13:06:23 - # 505 :	 -2.3691490534693003
2020-06-24 13:06:25 - # 506 :	 -2.132975344080478
2020-06-24 13:06:25 - # 507 :	 -1.4019851731136441
2020-06-24 13:06:26 - # 508 :	 -0.7273035198450089
2020-06-24 13:06:28 - # 509 :	 2.8841327484697104
2020-06-24 13:06:30 - # 510 :	 -1.0254543609917164
2020-06-24 13:06:31 - # 511 :	 -2.068995988694951
2020-06-24 13:06:31 - # 512 :	 -0.9554469878785312
2020-06-24 13:06:34 - # 513 :	 -5.886059793643653
2020-06-24 13:06:36 - # 514 :	 0.6777895670384169
2020-06-24 13:06:36 - # 515 :	 -2.022414730861783
2020-06-24 13:06:37 - # 516 :	 -0.8177974452264607
2020-06-24 13:06:39 - # 517 :	 -1.7558870518696494
2020-06-24 13:06:40 - # 518 :	 -1.480504160746932
2020-06-24 13:06:41 - # 519 :	 -2.0589036382734776
2020-06-24 13:06:42 - # 520 :	 -0.4241177678341046
2020-06-24 13:06:44 - # 521 :	 0.02320584887638688
2020-06-24 13:06:45 - # 522 :	 -1.7184076639823616
2020-06-24 13:06:47 - # 523 :	 0.5762207736261189
2020-06-24 13:06:48 - # 524 :	 -1.582962591201067
2020-06-24 13:06:49 - # 525 :	 -0.6625276245176792
2020-06-24 13:06:50 - # 526 :	 -2.4131002495996654
2020-06-24 13:06:50 - # 527 :	 -1.8138594217598438
2020-06-24 13:06:51 - # 528 :	 -0.9404981527477503
2020-06-24 13:06:53 - # 529 :	 1.035683157388121
2020-06-24 13:06:53 - # 530 :	 -1.2159111239016056
2020-06-24 13:06:56 - # 531 :	 1.6826107213273644
2020-06-24 13:06:58 - # 532 :	 4.173072390258312
2020-06-24 13:06:59 - # 533 :	 -1.1107624424621463
2020-06-24 13:06:59 - # 534 :	 -1.3872491493821144
2020-06-24 13:06:01 - # 535 :	 -3.058495359495282
2020-06-24 13:06:02 - # 536 :	 -0.7962835170328617
2020-06-24 13:06:04 - # 537 :	 -2.7144268518313766
2020-06-24 13:06:05 - # 538 :	 -2.0710950354114175
2020-06-24 13:06:07 - # 539 :	 1.2350359223783016
2020-06-24 13:06:07 - # 540 :	 -1.5702733732759953
2020-06-24 13:06:09 - # 541 :	 0.48113088868558407
!!! updated
2020-06-24 13:06:55 - # 542 :	 6.410726295784116
2020-06-24 13:06:56 - # 543 :	 -0.8189125433564186
2020-06-24 13:06:56 - # 544 :	 -0.9778811545111239
2020-06-24 13:06:59 - # 545 :	 -2.831952851265669
2020-06-24 13:06:01 - # 546 :	 3.345648003742099
2020-06-24 13:06:03 - # 547 :	 2.15497450158
2020-06-24 13:06:04 - # 548 :	 -1.9045592918992043
2020-06-24 13:06:06 - # 549 :	 -3.1072722878307104
2020-06-24 13:06:06 - # 550 :	 -1.09000129904598
2020-06-24 13:06:07 - # 551 :	 -1.4047854421660304
2020-06-24 13:06:09 - # 552 :	 -1.2366151129826903
2020-06-24 13:06:12 - # 553 :	 0.9560030801221728
2020-06-24 13:06:12 - # 554 :	 -0.9906532149761915
2020-06-24 13:06:17 - # 555 :	 -10.463607016950846
2020-06-24 13:06:19 - # 556 :	 -1.8143909610807896
2020-06-24 13:06:19 - # 557 :	 -1.5625778585672379
2020-06-24 13:06:20 - # 558 :	 -0.8451260435394943
2020-06-24 13:06:20 - # 559 :	 -1.1080571999773383
2020-06-24 13:06:23 - # 560 :	 -4.55262815579772
2020-06-24 13:06:26 - # 561 :	 -0.3205715350341052
2020-06-24 13:06:27 - # 562 :	 -0.15756515774410218
2020-06-24 13:06:31 - # 563 :	 -5.656117076054215
2020-06-24 13:06:32 - # 564 :	 0.05686995014548302
2020-06-24 13:06:36 - # 565 :	 -9.569911571219563
2020-06-24 13:06:36 - # 566 :	 -1.2487004902213812
2020-06-24 13:06:37 - # 567 :	 -1.4091048818081617
2020-06-24 13:06:37 - # 568 :	 -1.1256096384022385
2020-06-24 13:06:38 - # 569 :	 -1.432904819957912
2020-06-24 13:06:40 - # 570 :	 -2.6496695848181844
2020-06-24 13:06:41 - # 571 :	 -1.324320604559034
2020-06-24 13:06:41 - # 572 :	 -1.419211046770215
2020-06-24 13:06:42 - # 573 :	 -1.617956766858697
2020-06-24 13:06:42 - # 574 :	 -0.8001108542084694
2020-06-24 13:06:43 - # 575 :	 -1.7303128018975258
2020-06-24 13:06:43 - # 576 :	 -1.2489056218182668
2020-06-24 13:06:46 - # 577 :	 3.9187633898109198
2020-06-24 13:06:47 - # 578 :	 -1.6478169150650501
2020-06-24 13:06:48 - # 579 :	 -1.1038057012483478
2020-06-24 13:06:49 - # 580 :	 -1.373366883955896
2020-06-24 13:06:49 - # 581 :	 -1.6732046194374561
2020-06-24 13:06:51 - # 582 :	 -5.521654803305864
2020-06-24 13:06:51 - # 583 :	 -0.5768003240227699
2020-06-24 13:06:52 - # 584 :	 -0.8698821999132633
2020-06-24 13:06:54 - # 585 :	 1.697066710330546
2020-06-24 13:06:56 - # 586 :	 0.4733467111364007
2020-06-24 13:06:57 - # 587 :	 -0.6870392533019185
2020-06-24 13:06:57 - # 588 :	 -1.7682361183688045
2020-06-24 13:06:58 - # 589 :	 -1.3201858792454004
2020-06-24 13:06:59 - # 590 :	 -1.053249848075211
2020-06-24 13:06:02 - # 591 :	 -1.1600938106421381
2020-06-24 13:06:03 - # 592 :	 -1.4655680265277624
2020-06-24 13:06:03 - # 593 :	 -1.223901828750968
2020-06-24 13:06:04 - # 594 :	 -1.3024871717207134
2020-06-24 13:06:05 - # 595 :	 -1.5921426909044385
2020-06-24 13:06:06 - # 596 :	 -4.928993038833141
2020-06-24 13:06:07 - # 597 :	 -0.7884231545031071
2020-06-24 13:06:08 - # 598 :	 -1.8375270664691925
2020-06-24 13:06:08 - # 599 :	 -1.7220505103468895
2020-06-24 13:06:09 - # 600 :	 -1.3197505911812186
2020-06-24 13:06:12 - # 601 :	 -4.845251427963376
2020-06-24 13:06:16 - # 602 :	 -0.2717884974554181
2020-06-24 13:06:18 - # 603 :	 2.9593663085252047
2020-06-24 13:06:18 - # 604 :	 -1.8096075356006622
2020-06-24 13:06:19 - # 605 :	 -1.4050866002216935
2020-06-24 13:06:20 - # 606 :	 2.3930326579138637
2020-06-24 13:06:24 - # 607 :	 -3.3538882923312485
2020-06-24 13:06:26 - # 608 :	 -5.477602002676576
2020-06-24 13:06:26 - # 609 :	 -1.7680605202913284
2020-06-24 13:06:27 - # 610 :	 -1.2794891390949488
2020-06-24 13:06:28 - # 611 :	 -0.9508699649013579
2020-06-24 13:06:34 - # 612 :	 13.492211367934942
2020-06-24 13:06:36 - # 613 :	 0.22217537835240364
2020-06-24 13:06:37 - # 614 :	 -3.3642768915742636
2020-06-24 13:06:39 - # 615 :	 -9.699834777973592
2020-06-24 13:06:40 - # 616 :	 -2.478352762758732
2020-06-24 13:06:41 - # 617 :	 -0.7592444010078907
2020-06-24 13:06:45 - # 618 :	 5.533589749597013
2020-06-24 13:06:46 - # 619 :	 -2.013515383936465
2020-06-24 13:06:49 - # 620 :	 5.335372576490045
2020-06-24 13:06:50 - # 621 :	 -3.1598472259938717
2020-06-24 13:06:53 - # 622 :	 0.5411368478089571
2020-06-24 13:06:53 - # 623 :	 -1.017149293795228
2020-06-24 13:06:54 - # 624 :	 -1.510045874863863
2020-06-24 13:06:54 - # 625 :	 -0.8973545767366886
2020-06-24 13:06:56 - # 626 :	 0.36019232403486967
2020-06-24 13:06:57 - # 627 :	 -1.5217636218294501
2020-06-24 13:06:59 - # 628 :	 2.219877539202571
2020-06-24 13:06:59 - # 629 :	 -1.4737315298989415
2020-06-24 13:06:01 - # 630 :	 0.2050584047101438
2020-06-24 13:06:02 - # 631 :	 -1.8212420959025621
2020-06-24 13:06:04 - # 632 :	 -2.065112623386085
2020-06-24 13:06:06 - # 633 :	 2.8428572500124574
2020-06-24 13:06:09 - # 634 :	 -7.441569703631103
2020-06-24 13:06:14 - # 635 :	 -13.474694984033704
2020-06-24 13:06:14 - # 636 :	 -0.8381141545251012
2020-06-24 13:06:15 - # 637 :	 -2.148747680708766
2020-06-24 13:06:16 - # 638 :	 -1.5551982540637255
2020-06-24 13:06:18 - # 639 :	 -1.5511691169813275
2020-06-24 13:06:20 - # 640 :	 -1.7560690743848681
2020-06-24 13:06:20 - # 641 :	 -1.110299214720726
2020-06-24 13:06:21 - # 642 :	 -2.3596617821604013
2020-06-24 13:06:22 - # 643 :	 -0.7610807833261788
2020-06-24 13:06:24 - # 644 :	 -0.08959986083209515
2020-06-24 13:06:25 - # 645 :	 -3.8276843391358852
2020-06-24 13:06:27 - # 646 :	 2.6275417199358344
2020-06-24 13:06:31 - # 647 :	 6.774257934652269
2020-06-24 13:06:31 - # 648 :	 -1.2454615947790444
2020-06-24 13:06:32 - # 649 :	 -3.3322171978652477
2020-06-24 13:06:33 - # 650 :	 -0.9965653144754469
2020-06-24 13:06:33 - # 651 :	 -1.1823735240614042
2020-06-24 13:06:36 - # 652 :	 1.5807066103443503
2020-06-24 13:06:37 - # 653 :	 -1.743187190964818
2020-06-24 13:06:38 - # 654 :	 -0.9454223392531276
2020-06-24 13:06:39 - # 655 :	 -0.752566821873188
2020-06-24 13:06:41 - # 656 :	 -2.567075707949698
2020-06-24 13:06:42 - # 657 :	 -2.046164679341018
2020-06-24 13:06:44 - # 658 :	 -0.1327359671704471
2020-06-24 13:06:46 - # 659 :	 -3.6851749094203115
2020-06-24 13:06:47 - # 660 :	 -1.8063724593957886
2020-06-24 13:06:48 - # 661 :	 -1.5924820466898382
2020-06-24 13:06:51 - # 662 :	 -1.6051395563408732
2020-06-24 13:06:51 - # 663 :	 -0.4326749490574002
2020-06-24 13:06:53 - # 664 :	 2.0791477765887976
2020-06-24 13:06:56 - # 665 :	 -1.5743952370248735
2020-06-24 13:06:56 - # 666 :	 -1.785665350034833
2020-06-24 13:06:58 - # 667 :	 -9.008445724000921
2020-06-24 13:06:59 - # 668 :	 -1.1966759455390275
2020-06-24 13:06:02 - # 669 :	 2.091136896982789
2020-06-24 13:06:06 - # 670 :	 -15.910701021552086
2020-06-24 13:06:10 - # 671 :	 -8.297611425165087
2020-06-24 13:06:11 - # 672 :	 -0.8687590286135674
2020-06-24 13:06:11 - # 673 :	 -1.3859072485938668
2020-06-24 13:06:12 - # 674 :	 -0.983674131333828
2020-06-24 13:06:13 - # 675 :	 -1.6925056912004948
2020-06-24 13:06:14 - # 676 :	 -1.3817820912227035
2020-06-24 13:06:14 - # 677 :	 -1.7169510889798403
2020-06-24 13:06:18 - # 678 :	 -9.631422448903322
2020-06-24 13:06:20 - # 679 :	 -2.3543048677966
2020-06-24 13:06:22 - # 680 :	 2.668501788750291
2020-06-24 13:06:22 - # 681 :	 -2.9458239674568176
2020-06-24 13:06:26 - # 682 :	 -1.680625087581575
2020-06-24 13:06:27 - # 683 :	 -2.006830177269876
2020-06-24 13:06:31 - # 684 :	 -11.409276574850082
2020-06-24 13:06:34 - # 685 :	 8.86757645290345
2020-06-24 13:06:35 - # 686 :	 -0.7948158700019121
2020-06-24 13:06:35 - # 687 :	 -0.2018200857564807
2020-06-24 13:06:38 - # 688 :	 2.106949843466282
2020-06-24 13:06:39 - # 689 :	 -2.575402842834592
2020-06-24 13:06:40 - # 690 :	 -0.29262255504727364
2020-06-24 13:06:41 - # 691 :	 -0.6015694895759225
2020-06-24 13:06:41 - # 692 :	 -1.1959806233644485
2020-06-24 13:06:42 - # 693 :	 -0.7514699157327414
2020-06-24 13:06:46 - # 694 :	 -8.706217135768384
2020-06-24 13:06:47 - # 695 :	 -2.10006832703948
2020-06-24 13:06:48 - # 696 :	 -2.7436607740819454
2020-06-24 13:06:49 - # 697 :	 -1.6120042949914932
2020-06-24 13:06:50 - # 698 :	 -1.1957156471908092
2020-06-24 13:06:50 - # 699 :	 -1.2015178725123405
2020-06-24 13:06:51 - # 700 :	 -0.4768287353217602
2020-06-24 13:06:51 - # 701 :	 -1.5009980499744415
2020-06-24 13:06:53 - # 702 :	 -4.522425425238907
2020-06-24 13:06:54 - # 703 :	 -0.05989479273557663
2020-06-24 13:06:58 - # 704 :	 -21.1690343208611
2020-06-24 13:06:59 - # 705 :	 -1.6150782611221075
2020-06-24 13:06:01 - # 706 :	 5.208457749802619
2020-06-24 13:06:01 - # 707 :	 -1.3628923911601305
2020-06-24 13:06:02 - # 708 :	 -0.8414233555085957
2020-06-24 13:06:05 - # 709 :	 1.4173837567213923
2020-06-24 13:06:07 - # 710 :	 0.23920700140297413
2020-06-24 13:06:08 - # 711 :	 -2.388074889779091
2020-06-24 13:06:08 - # 712 :	 -1.5498887607827783
2020-06-24 13:06:10 - # 713 :	 -0.6975942417047918
2020-06-24 13:06:12 - # 714 :	 2.5374558763578534
2020-06-24 13:06:13 - # 715 :	 -0.5117563707754016
2020-06-24 13:06:15 - # 716 :	 2.5767703293822706
2020-06-24 13:06:16 - # 717 :	 -1.6865712981671095
2020-06-24 13:06:16 - # 718 :	 -1.2812287309207022
2020-06-24 13:06:17 - # 719 :	 -1.2212596591562033
2020-06-24 13:06:18 - # 720 :	 -1.6508315615355968
2020-06-24 13:06:18 - # 721 :	 -0.16546993656083941
2020-06-24 13:06:20 - # 722 :	 -0.1084819114767015
2020-06-24 13:06:22 - # 723 :	 -1.7238510083407164
2020-06-24 13:06:23 - # 724 :	 -2.4213419295847416
2020-06-24 13:06:25 - # 725 :	 -0.34793417184846476
2020-06-24 13:06:26 - # 726 :	 -0.065242113545537
2020-06-24 13:06:26 - # 727 :	 -0.18625059735495597
2020-06-24 13:06:27 - # 728 :	 -0.7049759263172746
2020-06-24 13:06:31 - # 729 :	 9.760344411246479
2020-06-24 13:06:34 - # 730 :	 2.6162670857738703
2020-06-24 13:06:35 - # 731 :	 -1.4033178938552737
2020-06-24 13:06:36 - # 732 :	 -1.3180650230497122
2020-06-24 13:06:37 - # 733 :	 -1.5092858001589775
2020-06-24 13:06:37 - # 734 :	 -1.035730641335249
2020-06-24 13:06:38 - # 735 :	 -1.6424128944054246
2020-06-24 13:06:42 - # 736 :	 -1.3526097340509295
2020-06-24 13:06:43 - # 737 :	 -1.0856832601130009
2020-06-24 13:06:44 - # 738 :	 -2.133678218582645
2020-06-24 13:06:45 - # 739 :	 -1.6104569248855114
2020-06-24 13:06:47 - # 740 :	 2.007215621881187
2020-06-24 13:06:48 - # 741 :	 -4.422112470492721
2020-06-24 13:06:49 - # 742 :	 -1.4840309284627438
2020-06-24 13:06:49 - # 743 :	 -1.3744496488943696
2020-06-24 13:06:51 - # 744 :	 0.4146149046719074
2020-06-24 13:06:52 - # 745 :	 -0.855529585853219
2020-06-24 13:06:54 - # 746 :	 -1.961843209573999
2020-06-24 13:06:55 - # 747 :	 -4.12539978697896
2020-06-24 13:06:57 - # 748 :	 -2.9168418627232313
2020-06-24 13:06:58 - # 749 :	 -1.4633514573797584
2020-06-24 13:06:00 - # 750 :	 -1.833289542235434
2020-06-24 13:06:01 - # 751 :	 -1.2511275655124336
2020-06-24 13:06:02 - # 752 :	 -1.398455997928977
2020-06-24 13:06:04 - # 753 :	 -3.1327898548915982
2020-06-24 13:06:05 - # 754 :	 1.432417550124228
2020-06-24 13:06:06 - # 755 :	 -0.7310298243537545
2020-06-24 13:06:06 - # 756 :	 -0.8387669641524553
2020-06-24 13:06:08 - # 757 :	 -6.4713509157299995
2020-06-24 13:06:09 - # 758 :	 -1.0085303857922554
2020-06-24 13:06:10 - # 759 :	 -1.5638578901998699
2020-06-24 13:06:12 - # 760 :	 -6.843190234620124
2020-06-24 13:06:13 - # 761 :	 -1.3821044452488422
2020-06-24 13:06:16 - # 762 :	 3.0106979086995125
2020-06-24 13:06:16 - # 763 :	 -1.0543936709873378
2020-06-24 13:06:18 - # 764 :	 -0.12216658634133637
2020-06-24 13:06:18 - # 765 :	 -0.8675967715680599
2020-06-24 13:06:19 - # 766 :	 -0.8153493143618107
2020-06-24 13:06:21 - # 767 :	 1.2542601572349668
2020-06-24 13:06:25 - # 768 :	 1.201506782323122
2020-06-24 13:06:25 - # 769 :	 -1.5111208828166127
2020-06-24 13:06:26 - # 770 :	 -3.0639689676463604
2020-06-24 13:06:28 - # 771 :	 -4.1318466775119305
2020-06-24 13:06:29 - # 772 :	 -1.8385171638801694
2020-06-24 13:06:29 - # 773 :	 -0.7968573849648237
2020-06-24 13:06:33 - # 774 :	 3.0810916358605027
2020-06-24 13:06:33 - # 775 :	 -1.2746106144040823
2020-06-24 13:06:34 - # 776 :	 -1.2241592602804303
2020-06-24 13:06:35 - # 777 :	 0.5192202534526587
2020-06-24 13:06:36 - # 778 :	 -1.0551623916253448
2020-06-24 13:06:36 - # 779 :	 -0.7681358167901635
2020-06-24 13:06:37 - # 780 :	 -1.4398978627286851
2020-06-24 13:06:38 - # 781 :	 -1.4339206367731094
2020-06-24 13:06:38 - # 782 :	 -1.5507323257625103
2020-06-24 13:06:45 - # 783 :	 -6.088071196223609
2020-06-24 13:06:47 - # 784 :	 -3.255153934471309
2020-06-24 13:06:50 - # 785 :	 -0.5920106051489711
2020-06-24 13:06:51 - # 786 :	 -1.1668451260775328
2020-06-24 13:06:51 - # 787 :	 -0.524641128256917
2020-06-24 13:06:52 - # 788 :	 -1.9472718983888626
2020-06-24 13:06:53 - # 789 :	 -0.1145124826580286
2020-06-24 13:06:54 - # 790 :	 -1.4237903952598572
2020-06-24 13:06:59 - # 791 :	 8.874199107289314
2020-06-24 13:06:59 - # 792 :	 -1.008523101452738
2020-06-24 13:06:01 - # 793 :	 1.1450910232961178
2020-06-24 13:06:02 - # 794 :	 -1.1601722547784448
2020-06-24 13:06:04 - # 795 :	 -0.6932491045445204
2020-06-24 13:06:05 - # 796 :	 -0.6908769980072975
2020-06-24 13:06:09 - # 797 :	 -10.067209205357358
2020-06-24 13:06:09 - # 798 :	 -1.229185152798891
2020-06-24 13:06:10 - # 799 :	 -2.265082770958543
2020-06-24 13:06:15 - # 800 :	 5.814955107867718
2020-06-24 13:06:16 - # 801 :	 -3.9338883040472865
2020-06-24 13:06:18 - # 802 :	 -1.421226181089878
2020-06-24 13:06:20 - # 803 :	 2.6148850321769714
2020-06-24 13:06:21 - # 804 :	 -1.577366508776322
2020-06-24 13:06:22 - # 805 :	 -3.3576722708530724
2020-06-24 13:06:23 - # 806 :	 -0.8579467106610537
2020-06-24 13:06:24 - # 807 :	 -3.6138969315215945
2020-06-24 13:06:25 - # 808 :	 -0.9981831591576338
2020-06-24 13:06:26 - # 809 :	 -1.3341104392893612
2020-06-24 13:06:30 - # 810 :	 -0.8255825985688716
2020-06-24 13:06:30 - # 811 :	 -1.4051213175989687
2020-06-24 13:06:31 - # 812 :	 -2.25372052192688
2020-06-24 13:06:31 - # 813 :	 -1.3823105078190565
2020-06-24 13:06:32 - # 814 :	 -0.8354694852605462
2020-06-24 13:06:33 - # 815 :	 -1.39955990947783
2020-06-24 13:06:37 - # 816 :	 3.1757340987678617
2020-06-24 13:06:37 - # 817 :	 -1.1968336114659905
2020-06-24 13:06:41 - # 818 :	 3.807131796842441
2020-06-24 13:06:41 - # 819 :	 -1.7003126107156277
2020-06-24 13:06:42 - # 820 :	 -1.630947969853878
2020-06-24 13:06:43 - # 821 :	 -1.9610037319362164
2020-06-24 13:06:44 - # 822 :	 -0.8515240475535393
2020-06-24 13:06:46 - # 823 :	 -4.393244689330459
2020-06-24 13:06:46 - # 824 :	 -1.0302181551232934
2020-06-24 13:06:47 - # 825 :	 -0.79919208958745
2020-06-24 13:06:48 - # 826 :	 -0.7852192954160273
2020-06-24 13:06:53 - # 827 :	 5.372791467234492
2020-06-24 13:06:57 - # 828 :	 7.803475011605769
2020-06-24 13:06:59 - # 829 :	 3.2671710182912648
2020-06-24 13:06:00 - # 830 :	 -0.9375535165891051
2020-06-24 13:06:01 - # 831 :	 -1.2962701129727066
2020-06-24 13:06:02 - # 832 :	 -2.275454606860876
2020-06-24 13:06:04 - # 833 :	 -2.1536165848374367
2020-06-24 13:06:04 - # 834 :	 -1.471537996083498
2020-06-24 13:06:06 - # 835 :	 -2.284941974096
2020-06-24 13:06:10 - # 836 :	 -5.450110199395567
2020-06-24 13:06:10 - # 837 :	 -1.758450387045741
2020-06-24 13:06:13 - # 838 :	 -0.6884385189041495
2020-06-24 13:06:13 - # 839 :	 -0.943060967605561
2020-06-24 13:06:17 - # 840 :	 7.852979738265276
2020-06-24 13:06:17 - # 841 :	 -2.076596325263381
2020-06-24 13:06:19 - # 842 :	 -0.7351997669320554
2020-06-24 13:06:19 - # 843 :	 -1.5068014152348042
2020-06-24 13:06:20 - # 844 :	 -0.9528765697032213
2020-06-24 13:06:23 - # 845 :	 6.062762585002929
2020-06-24 13:06:24 - # 846 :	 -1.0046522314660251
2020-06-24 13:06:24 - # 847 :	 -1.3379031093791127
2020-06-24 13:06:25 - # 848 :	 -1.869729220867157
2020-06-24 13:06:26 - # 849 :	 -1.0261055678129196
2020-06-24 13:06:30 - # 850 :	 -0.05926240049302578
2020-06-24 13:06:33 - # 851 :	 -9.427869367413223
2020-06-24 13:06:34 - # 852 :	 -1.3563023190945387
2020-06-24 13:06:34 - # 853 :	 -1.4387307725846767
2020-06-24 13:06:35 - # 854 :	 -0.008740050718188286
2020-06-24 13:06:37 - # 855 :	 1.64229391887784
2020-06-24 13:06:37 - # 856 :	 -1.4873475134372711
2020-06-24 13:06:38 - # 857 :	 -1.4443240370601416
2020-06-24 13:06:40 - # 858 :	 -0.8785338333109394
2020-06-24 13:06:43 - # 859 :	 0.34212932735681534
2020-06-24 13:06:44 - # 860 :	 -4.059485085308552
2020-06-24 13:06:45 - # 861 :	 -0.1722621857188642
2020-06-24 13:06:48 - # 862 :	 3.143732746131718
2020-06-24 13:06:49 - # 863 :	 -1.637677727267146
2020-06-24 13:06:52 - # 864 :	 -5.971871855901554
2020-06-24 13:06:52 - # 865 :	 -1.3933633714914322
2020-06-24 13:06:54 - # 866 :	 -3.166801957413554
2020-06-24 13:06:58 - # 867 :	 -1.5732960142195225
2020-06-24 13:06:59 - # 868 :	 -1.9915053695440292
2020-06-24 13:06:01 - # 869 :	 1.928510133177042
2020-06-24 13:06:01 - # 870 :	 -1.080326359719038
2020-06-24 13:06:04 - # 871 :	 -3.4200202226638794
2020-06-24 13:06:05 - # 872 :	 -1.4069202616810799
2020-06-24 13:06:05 - # 873 :	 -1.6637805923819542
2020-06-24 13:06:06 - # 874 :	 -0.15664314478635788
2020-06-24 13:06:07 - # 875 :	 -1.187648007646203
2020-06-24 13:06:08 - # 876 :	 -0.9355805786326528
2020-06-24 13:06:09 - # 877 :	 -0.8151501487009227
2020-06-24 13:06:13 - # 878 :	 -11.23792446963489
2020-06-24 13:06:13 - # 879 :	 -1.4582757074385881
2020-06-24 13:06:18 - # 880 :	 1.4875841059256345
2020-06-24 13:06:19 - # 881 :	 -2.4084297558292747
2020-06-24 13:06:24 - # 882 :	 -7.713975305203348
2020-06-24 13:06:25 - # 883 :	 -2.142448201775551
2020-06-24 13:06:26 - # 884 :	 2.0347673557698727
2020-06-24 13:06:27 - # 885 :	 -1.0858154268935323
2020-06-24 13:06:28 - # 886 :	 0.19761209283024073
2020-06-24 13:06:29 - # 887 :	 -2.555117316544056
2020-06-24 13:06:31 - # 888 :	 -3.481539983302355
2020-06-24 13:06:32 - # 889 :	 -1.7204949911683798
2020-06-24 13:06:32 - # 890 :	 -0.9904892512131482
2020-06-24 13:06:33 - # 891 :	 -0.2985511589795351
2020-06-24 13:06:34 - # 892 :	 -1.220786353573203
2020-06-24 13:06:36 - # 893 :	 1.924722557887435
2020-06-24 13:06:37 - # 894 :	 -1.7123550409451127
2020-06-24 13:06:37 - # 895 :	 -1.2343493551015854
2020-06-24 13:06:38 - # 896 :	 -0.6517502479255199
2020-06-24 13:06:39 - # 897 :	 -2.5670955032110214
2020-06-24 13:06:39 - # 898 :	 -0.897405649535358
2020-06-24 13:06:41 - # 899 :	 -0.40389799047261477
2020-06-24 13:06:41 - # 900 :	 -0.9943182389251888
2020-06-24 13:06:42 - # 901 :	 -1.4237066842615604
2020-06-24 13:06:44 - # 902 :	 -5.268172246403992
2020-06-24 13:06:45 - # 903 :	 2.426570424810052
2020-06-24 13:06:46 - # 904 :	 -2.007220381870866
2020-06-24 13:06:48 - # 905 :	 -6.65289980918169
2020-06-24 13:06:52 - # 906 :	 -3.7569225132465363
2020-06-24 13:06:52 - # 907 :	 -1.1592314392328262
2020-06-24 13:06:57 - # 908 :	 -3.066489472053945
2020-06-24 13:06:59 - # 909 :	 -1.3783364300616086
2020-06-24 13:06:01 - # 910 :	 -2.4871472020167857
2020-06-24 13:06:01 - # 911 :	 -1.8350990805774927
2020-06-24 13:06:02 - # 912 :	 -1.6249025985598564
2020-06-24 13:06:03 - # 913 :	 -2.389041709713638
2020-06-24 13:06:04 - # 914 :	 -1.5853633973747492
2020-06-24 13:06:06 - # 915 :	 -4.433505795896053
2020-06-24 13:06:07 - # 916 :	 -2.679635434411466
2020-06-24 13:06:08 - # 917 :	 -1.0073928963392973
2020-06-24 13:06:10 - # 918 :	 -1.028222078923136
2020-06-24 13:06:10 - # 919 :	 -1.321339319460094
2020-06-24 13:06:11 - # 920 :	 -1.349909819662571
2020-06-24 13:06:11 - # 921 :	 -2.375346813350916
2020-06-24 13:06:13 - # 922 :	 1.624165004119277
2020-06-24 13:06:13 - # 923 :	 -1.2707421854138374
2020-06-24 13:06:14 - # 924 :	 -0.5995910661295056
2020-06-24 13:06:15 - # 925 :	 -2.568001343868673
2020-06-24 13:06:16 - # 926 :	 -0.7291408386081457
2020-06-24 13:06:19 - # 927 :	 -10.501716984435916
2020-06-24 13:06:20 - # 928 :	 -1.5978611251339316
2020-06-24 13:06:23 - # 929 :	 -3.743394102784805
2020-06-24 13:06:24 - # 930 :	 -3.61738887289539
2020-06-24 13:06:25 - # 931 :	 -0.8365551978349686
2020-06-24 13:06:27 - # 932 :	 0.5098019484430552
2020-06-24 13:06:27 - # 933 :	 -1.07910917699337
2020-06-24 13:06:28 - # 934 :	 -1.4892872888594866
2020-06-24 13:06:30 - # 935 :	 5.849691387265921
2020-06-24 13:06:31 - # 936 :	 -1.1769737545400858
2020-06-24 13:06:31 - # 937 :	 -1.0646595433354378
2020-06-24 13:06:32 - # 938 :	 -1.1600960036739707
2020-06-24 13:06:33 - # 939 :	 0.2687150239944458
2020-06-24 13:06:34 - # 940 :	 -1.942199606448412
2020-06-24 13:06:34 - # 941 :	 -1.3815174456685781
2020-06-24 13:06:35 - # 942 :	 -1.2602232052013278
2020-06-24 13:06:36 - # 943 :	 -0.0027743522077798843
2020-06-24 13:06:37 - # 944 :	 -0.5061623421497643
2020-06-24 13:06:37 - # 945 :	 -0.9635646613314748
2020-06-24 13:06:39 - # 946 :	 2.156398843973875
2020-06-24 13:06:43 - # 947 :	 -16.601400760933757
2020-06-24 13:06:48 - # 948 :	 -10.539725803304464
2020-06-24 13:06:54 - # 949 :	 0.3605268890969455
2020-06-24 13:06:56 - # 950 :	 1.5207544825971127
2020-06-24 13:06:57 - # 951 :	 -0.7253805380314589
2020-06-24 13:06:57 - # 952 :	 -0.5562563873827457
2020-06-24 13:06:00 - # 953 :	 -2.5719692334532738
!!! updated
2020-06-24 13:06:46 - # 954 :	 2.153639132156968
2020-06-24 13:06:46 - # 955 :	 -1.4483847692608833
2020-06-24 13:06:47 - # 956 :	 -1.1947065871208906
2020-06-24 13:06:47 - # 957 :	 -0.9826311031356454
2020-06-24 13:06:48 - # 958 :	 -0.8755299230106175
2020-06-24 13:06:48 - # 959 :	 -0.914523325394839
/home/j/jensenj/.local/lib/python3.6/site-packages/numpy/core/_methods.py:160: RuntimeWarning: invalid value encountered in reduce
  ret = umr_sum(arr, axis, dtype, out, keepdims)
action: tensor([[ 2.1594e+34, -1.6821e+34, -2.2914e+34, -9.8628e+34, -6.7163e+34,
         -2.2748e+35, -6.4606e+34,  1.6849e+35, -2.1091e+35,  1.1906e+35,
          8.9890e+34,  1.9405e+35, -1.1119e+35, -1.4680e+35,  5.6234e+34,
          1.3989e+35, -4.4021e+34,  7.2306e+34,  1.4093e+35, -7.1332e+34]]) , log_prob: tensor([[-1.1717, -1.0961, -1.1357, -1.1515, -1.1206, -1.1962, -1.0474, -1.1381,
         -1.3031, -1.1655, -1.1387, -1.1375, -1.1488, -1.1021, -1.1073, -1.1649,
         -1.1992, -1.1628, -1.1453, -1.1628]], grad_fn=<SubBackward0>) , value: tensor([[-1.5324e+33]], grad_fn=<AddmmBackward>)
action numpy:  [ 2.1593547e+34 -1.6821090e+34 -2.2914023e+34 -9.8627990e+34
 -6.7163065e+34 -2.2747887e+35 -6.4606358e+34  1.6848924e+35
 -2.1090951e+35  1.1905937e+35  8.9890154e+34  1.9404936e+35
 -1.1118815e+35 -1.4679685e+35  5.6233862e+34  1.3988897e+35
 -4.4020692e+34  7.2306087e+34  1.4092839e+35 -7.1331586e+34]
[W 2020-06-24 13:13:49,515] Setting status of trial#49 as TrialState.FAIL because of the following error: RuntimeError('The observations provided had NaN values.',)
Traceback (most recent call last):
  File "/home/j/jensenj/.local/lib/python3.6/site-packages/optuna/study.py", line 734, in _run_trial
    result = func(trial)
  File "main-optuna.py", line 100, in objective
    returns = [episode(env, agent, params, writer, i) for i in range(training_episodes)]
  File "main-optuna.py", line 100, in <listcomp>
    returns = [episode(env, agent, params, writer, i) for i in range(training_episodes)]
  File "main-optuna.py", line 36, in episode
    raise e
  File "main-optuna.py", line 32, in episode
    next_state, reward, done, _ = env.step(action.numpy()[0])
  File "/home/j/jensenj/.local/lib/python3.6/site-packages/gym_unity/envs/__init__.py", line 177, in step
    self._env.step()
  File "/home/j/jensenj/.local/lib/python3.6/site-packages/mlagents_envs/timers.py", line 305, in wrapped
    return func(*args, **kwargs)
  File "/home/j/jensenj/.local/lib/python3.6/site-packages/mlagents_envs/environment.py", line 319, in step
    self._update_state(rl_output)
  File "/home/j/jensenj/.local/lib/python3.6/site-packages/mlagents_envs/environment.py", line 275, in _update_state
    agent_info_list, self._env_specs[brain_name]
  File "/home/j/jensenj/.local/lib/python3.6/site-packages/mlagents_envs/timers.py", line 305, in wrapped
    return func(*args, **kwargs)
  File "/home/j/jensenj/.local/lib/python3.6/site-packages/mlagents_envs/rpc_utils.py", line 193, in steps_from_proto
    obs_index, obs_shape, terminal_agent_info_list
  File "/home/j/jensenj/.local/lib/python3.6/site-packages/mlagents_envs/timers.py", line 305, in wrapped
    return func(*args, **kwargs)
  File "/home/j/jensenj/.local/lib/python3.6/site-packages/mlagents_envs/rpc_utils.py", line 152, in _process_vector_observation
    _raise_on_nan_and_inf(np_obs, "observations")
  File "/home/j/jensenj/.local/lib/python3.6/site-packages/mlagents_envs/rpc_utils.py", line 130, in _raise_on_nan_and_inf
    raise RuntimeError(f"The {source} provided had NaN values.")
RuntimeError: The observations provided had NaN values.
Traceback (most recent call last):
  File "main-optuna.py", line 118, in <module>
    study.optimize(objective, n_trials=10000)
  File "/home/j/jensenj/.local/lib/python3.6/site-packages/optuna/study.py", line 339, in optimize
    func, n_trials, timeout, catch, callbacks, gc_after_trial, None
  File "/home/j/jensenj/.local/lib/python3.6/site-packages/optuna/study.py", line 682, in _optimize_sequential
    self._run_trial_and_callbacks(func, catch, callbacks, gc_after_trial)
  File "/home/j/jensenj/.local/lib/python3.6/site-packages/optuna/study.py", line 713, in _run_trial_and_callbacks
    trial = self._run_trial(func, catch, gc_after_trial)
  File "/home/j/jensenj/.local/lib/python3.6/site-packages/optuna/study.py", line 734, in _run_trial
    result = func(trial)
  File "main-optuna.py", line 100, in objective
    returns = [episode(env, agent, params, writer, i) for i in range(training_episodes)]
  File "main-optuna.py", line 100, in <listcomp>
    returns = [episode(env, agent, params, writer, i) for i in range(training_episodes)]
  File "main-optuna.py", line 36, in episode
    raise e
  File "main-optuna.py", line 32, in episode
    next_state, reward, done, _ = env.step(action.numpy()[0])
  File "/home/j/jensenj/.local/lib/python3.6/site-packages/gym_unity/envs/__init__.py", line 177, in step
    self._env.step()
  File "/home/j/jensenj/.local/lib/python3.6/site-packages/mlagents_envs/timers.py", line 305, in wrapped
    return func(*args, **kwargs)
  File "/home/j/jensenj/.local/lib/python3.6/site-packages/mlagents_envs/environment.py", line 319, in step
    self._update_state(rl_output)
  File "/home/j/jensenj/.local/lib/python3.6/site-packages/mlagents_envs/environment.py", line 275, in _update_state
    agent_info_list, self._env_specs[brain_name]
  File "/home/j/jensenj/.local/lib/python3.6/site-packages/mlagents_envs/timers.py", line 305, in wrapped
    return func(*args, **kwargs)
  File "/home/j/jensenj/.local/lib/python3.6/site-packages/mlagents_envs/rpc_utils.py", line 193, in steps_from_proto
    obs_index, obs_shape, terminal_agent_info_list
  File "/home/j/jensenj/.local/lib/python3.6/site-packages/mlagents_envs/timers.py", line 305, in wrapped
    return func(*args, **kwargs)
  File "/home/j/jensenj/.local/lib/python3.6/site-packages/mlagents_envs/rpc_utils.py", line 152, in _process_vector_observation
    _raise_on_nan_and_inf(np_obs, "observations")
  File "/home/j/jensenj/.local/lib/python3.6/site-packages/mlagents_envs/rpc_utils.py", line 130, in _raise_on_nan_and_inf
    raise RuntimeError(f"The {source} provided had NaN values.")
RuntimeError: The observations provided had NaN values.
Setting up 2 worker threads for Enlighten.
  Thread -> id: 7fc46141a700 -> priority: 1 
  Thread -> id: 7fc460c19700 -> priority: 1 
2020-06-24 13:13:49 INFO [environment.py:418] Environment shut down with return code 0.
