slurmstepd-duernbach: error: Unable to create TMPDIR [/tmp/user/30108]: Permission denied
slurmstepd-duernbach: error: Setting TMPDIR to /tmp
------- load study successful
Found path: /home/j/jensenj/PycharmProjects/Federer-Jr./src/../crawler_single/linux/dynamic_server/crawler_dynamic.x86_64
Mono path[0] = '/home/j/jensenj/PycharmProjects/Federer-Jr./src/../crawler_single/linux/dynamic_server/crawler_dynamic_Data/Managed'
Mono config path = '/home/j/jensenj/PycharmProjects/Federer-Jr./src/../crawler_single/linux/dynamic_server/crawler_dynamic_Data/MonoBleedingEdge/etc'
Preloaded 'lib_burst_generated.so'
Preloaded 'libgrpc_csharp_ext.x64.so'
Initialize engine version: 2019.3.15f1 (59ff3e03856d)
[Subsystems] Discovering subsystems at path /home/j/jensenj/PycharmProjects/Federer-Jr./src/../crawler_single/linux/dynamic_server/crawler_dynamic_Data/UnitySubsystems
Forcing GfxDevice: Null
GfxDevice: creating device client; threaded=0
NullGfxDevice:
    Version:  NULL 1.0 [1.0]
    Renderer: Null Device
    Vendor:   Unity Technologies
Begin MonoManager ReloadAssembly
- Completed reload, in  0.224 seconds
WARNING: Shader Unsupported: 'Autodesk Interactive' - All passes removed
WARNING: Shader Did you use #pragma only_renderers and omit this platform?
UnloadTime: 0.496582 ms
Fallback handler could not load library /home/j/jensenj/PycharmProjects/Federer-Jr./src/../crawler_single/linux/dynamic_server/crawler_dynamic_Data/Mono/libcoreclr.so
Fallback handler could not load library /home/j/jensenj/PycharmProjects/Federer-Jr./src/../crawler_single/linux/dynamic_server/crawler_dynamic_Data/Mono/libcoreclr.so
Fallback handler could not load library /home/j/jensenj/PycharmProjects/Federer-Jr./src/../crawler_single/linux/dynamic_server/crawler_dynamic_Data/Mono/libcoreclr.so
Fallback handler could not load library /home/j/jensenj/PycharmProjects/Federer-Jr./src/../crawler_single/linux/dynamic_server/crawler_dynamic_Data/Mono/libSystem.dylib
Fallback handler could not load library /home/j/jensenj/PycharmProjects/Federer-Jr./src/../crawler_single/linux/dynamic_server/crawler_dynamic_Data/Mono/libSystem.dylib.so
Fallback handler could not load library /home/j/jensenj/PycharmProjects/Federer-Jr./src/../crawler_single/linux/dynamic_server/crawler_dynamic_Data/Mono/libSystem.dylib
Fallback handler could not load library /home/j/jensenj/PycharmProjects/Federer-Jr./src/../crawler_single/linux/dynamic_server/crawler_dynamic_Data/Mono/libcoreclr.so
Fallback handler could not load library /home/j/jensenj/PycharmProjects/Federer-Jr./src/../crawler_single/linux/dynamic_server/crawler_dynamic_Data/Mono/libcoreclr.so
Fallback handler could not load library /home/j/jensenj/PycharmProjects/Federer-Jr./src/../crawler_single/linux/dynamic_server/crawler_dynamic_Data/Mono/libcoreclr.so
Fallback handler could not load library /home/j/jensenj/PycharmProjects/Federer-Jr./src/../crawler_single/linux/dynamic_server/crawler_dynamic_Data/Mono/libSystem.dylib
Fallback handler could not load library /home/j/jensenj/PycharmProjects/Federer-Jr./src/../crawler_single/linux/dynamic_server/crawler_dynamic_Data/Mono/libSystem.dylib.so
Fallback handler could not load library /home/j/jensenj/PycharmProjects/Federer-Jr./src/../crawler_single/linux/dynamic_server/crawler_dynamic_Data/Mono/libSystem.dylib
/home/j/jensenj/.local/lib/python3.6/site-packages/tensorboard/compat/tensorflow_stub/dtypes.py:541: FutureWarning: Passing (type, 1) or '1type' as a synonym of type is deprecated; in a future version of numpy, it will be understood as (type, (1,)) / '(1,)type'.
  _np_qint8 = np.dtype([("qint8", np.int8, 1)])
/home/j/jensenj/.local/lib/python3.6/site-packages/tensorboard/compat/tensorflow_stub/dtypes.py:542: FutureWarning: Passing (type, 1) or '1type' as a synonym of type is deprecated; in a future version of numpy, it will be understood as (type, (1,)) / '(1,)type'.
  _np_quint8 = np.dtype([("quint8", np.uint8, 1)])
/home/j/jensenj/.local/lib/python3.6/site-packages/tensorboard/compat/tensorflow_stub/dtypes.py:543: FutureWarning: Passing (type, 1) or '1type' as a synonym of type is deprecated; in a future version of numpy, it will be understood as (type, (1,)) / '(1,)type'.
  _np_qint16 = np.dtype([("qint16", np.int16, 1)])
/home/j/jensenj/.local/lib/python3.6/site-packages/tensorboard/compat/tensorflow_stub/dtypes.py:544: FutureWarning: Passing (type, 1) or '1type' as a synonym of type is deprecated; in a future version of numpy, it will be understood as (type, (1,)) / '(1,)type'.
  _np_quint16 = np.dtype([("quint16", np.uint16, 1)])
/home/j/jensenj/.local/lib/python3.6/site-packages/tensorboard/compat/tensorflow_stub/dtypes.py:545: FutureWarning: Passing (type, 1) or '1type' as a synonym of type is deprecated; in a future version of numpy, it will be understood as (type, (1,)) / '(1,)type'.
  _np_qint32 = np.dtype([("qint32", np.int32, 1)])
/home/j/jensenj/.local/lib/python3.6/site-packages/tensorboard/compat/tensorflow_stub/dtypes.py:550: FutureWarning: Passing (type, 1) or '1type' as a synonym of type is deprecated; in a future version of numpy, it will be understood as (type, (1,)) / '(1,)type'.
  np_resource = np.dtype([("resource", np.ubyte, 1)])
2020-06-24 12:51:59 INFO [environment.py:108] Connected to Unity environment with package version 1.0.2 and communication version 1.0.0
2020-06-24 12:51:59 INFO [environment.py:265] Connected new brain:
CrawlerDynamic?team=0
2020-06-24 12:51:59 WARNING [__init__.py:92] The environment contains multiple observations. You must define allow_multiple_obs=True to receive them all. Otherwise, only the first visual observation (or vector observation ifthere are no visual observations) will be provided in the observation.
/home/j/jensenj/.local/lib/python3.6/site-packages/gym/logger.py:30: UserWarning: WARN: Box bound precision lowered by casting to float32
  warnings.warn(colorize('%s: %s'%('WARN', msg % args), 'yellow'))
{'nr_output_features': 20, 'nr_input_features': 126, 'env': <gym_unity.envs.UnityToGymWrapper object at 0x7f04da7b2be0>, 'alpha': 0.003, 'tau': 0.95, 'clip': 0.2, 'minibatch_size': 32, 'hidden_units': 512, 'update_time_steps': 2048, 'ppo_epochs': 24, 'gamma': 0.919947880246598, 'beta': 0.03187322154594637}
2020-06-24 12:06:01 - # 0 :	 -1.7634745556861162
2020-06-24 12:06:03 - # 1 :	 3.010746863670647
2020-06-24 12:06:07 - # 2 :	 0.6153739625588059
2020-06-24 12:06:09 - # 3 :	 -1.1619117329828441
2020-06-24 12:06:10 - # 4 :	 0.4560858178883791
2020-06-24 12:06:12 - # 5 :	 0.31837384356185794
2020-06-24 12:06:13 - # 6 :	 -0.9641344174742699
2020-06-24 12:06:14 - # 7 :	 -1.1129825841635466
2020-06-24 12:06:17 - # 8 :	 4.2423782222904265
2020-06-24 12:06:17 - # 9 :	 -1.5592463985085487
2020-06-24 12:06:18 - # 10 :	 -1.2626370657235384
2020-06-24 12:06:19 - # 11 :	 -1.3047073502093554
2020-06-24 12:06:23 - # 12 :	 -4.394298038445413
2020-06-24 12:06:25 - # 13 :	 -1.721948191523552
2020-06-24 12:06:28 - # 14 :	 -0.32732193684205413
2020-06-24 12:06:28 - # 15 :	 -1.8013287410140038
2020-06-24 12:06:31 - # 16 :	 1.1209315918385983
2020-06-24 12:06:34 - # 17 :	 -1.0064298971556127
2020-06-24 12:06:34 - # 18 :	 -1.2830522572621703
2020-06-24 12:06:35 - # 19 :	 -0.9488028869964182
2020-06-24 12:06:38 - # 20 :	 -3.0953012068057433
2020-06-24 12:06:39 - # 21 :	 -1.844517171382904
2020-06-24 12:06:39 - # 22 :	 -1.4356083571910858
2020-06-24 12:06:40 - # 23 :	 -0.9662452433258295
2020-06-24 12:06:40 - # 24 :	 -1.4893521517515182
2020-06-24 12:06:43 - # 25 :	 1.1820318666286767
2020-06-24 12:06:44 - # 26 :	 -0.9957982623018324
2020-06-24 12:06:45 - # 27 :	 -1.699498012661934
2020-06-24 12:06:46 - # 28 :	 -3.0217681783251464
2020-06-24 12:06:51 - # 29 :	 6.727107850834727
2020-06-24 12:06:52 - # 30 :	 -0.9438669411465526
2020-06-24 12:06:53 - # 31 :	 -3.8456582985818386
2020-06-24 12:06:55 - # 32 :	 2.3724706089124084
2020-06-24 12:06:55 - # 33 :	 -0.9907444287091494
2020-06-24 12:06:56 - # 34 :	 -0.9058367223478854
2020-06-24 12:06:56 - # 35 :	 -1.2265971070155501
2020-06-24 12:06:57 - # 36 :	 -1.6056259386241436
2020-06-24 12:06:58 - # 37 :	 -2.4561568424105644
2020-06-24 12:06:06 - # 38 :	 7.673849483137019
2020-06-24 12:06:08 - # 39 :	 -0.9679058250039816
2020-06-24 12:06:19 - # 40 :	 21.459801491349936
2020-06-24 12:06:19 - # 41 :	 -1.2957063117064536
2020-06-24 12:06:20 - # 42 :	 -0.5076567092910409
2020-06-24 12:06:21 - # 43 :	 -0.2661557588726282
2020-06-24 12:06:23 - # 44 :	 -1.8910138802602887
2020-06-24 12:06:24 - # 45 :	 -1.3783263973891735
2020-06-24 12:06:25 - # 46 :	 -0.19076633034273982
2020-06-24 12:06:25 - # 47 :	 -2.423708133632317
2020-06-24 12:06:26 - # 48 :	 -1.0433892216533422
2020-06-24 12:06:27 - # 49 :	 -1.1599611858837306
2020-06-24 12:06:31 - # 50 :	 -8.624687333591282
2020-06-24 12:06:32 - # 51 :	 -1.5480356942862272
2020-06-24 12:06:33 - # 52 :	 -0.6586033888161182
2020-06-24 12:06:33 - # 53 :	 -1.007427804172039
2020-06-24 12:06:38 - # 54 :	 3.259034640621394
2020-06-24 12:06:39 - # 55 :	 -1.707708615809679
2020-06-24 12:06:40 - # 56 :	 0.9249543310143054
2020-06-24 12:06:40 - # 57 :	 -1.737571026198566
2020-06-24 12:06:41 - # 58 :	 -0.4059241849463433
2020-06-24 12:06:42 - # 59 :	 -1.5453184191137552
2020-06-24 12:06:44 - # 60 :	 -0.3563442686572671
2020-06-24 12:06:44 - # 61 :	 -1.5260959737934172
2020-06-24 12:06:45 - # 62 :	 -3.047325812280178
2020-06-24 12:06:49 - # 63 :	 -0.19661362934857607
2020-06-24 12:06:51 - # 64 :	 -0.6806930829770863
2020-06-24 12:06:53 - # 65 :	 -1.9385243142023683
2020-06-24 12:06:57 - # 66 :	 -0.5395086822099984
2020-06-24 12:06:58 - # 67 :	 -1.9042215943336487
2020-06-24 12:06:58 - # 68 :	 -1.4266567435115576
2020-06-24 12:06:59 - # 69 :	 -0.6408109730109572
2020-06-24 12:06:00 - # 70 :	 -0.640002166852355
2020-06-24 12:06:01 - # 71 :	 0.2676134533248842
2020-06-24 12:06:02 - # 72 :	 -1.6032904349267483
2020-06-24 12:06:04 - # 73 :	 -6.708000377519056
2020-06-24 12:06:05 - # 74 :	 -1.1612940998747945
2020-06-24 12:06:10 - # 75 :	 -8.391250646440312
2020-06-24 12:06:12 - # 76 :	 -6.814134850166738
2020-06-24 12:06:15 - # 77 :	 6.800474771298468
!!! updated
2020-06-24 12:06:30 - # 78 :	 -0.16211397433653474
2020-06-24 12:06:32 - # 79 :	 4.618208089377731
2020-06-24 12:06:33 - # 80 :	 -1.5979727040976286
2020-06-24 12:06:36 - # 81 :	 -12.10198887437582
2020-06-24 12:06:37 - # 82 :	 -1.7172695929184556
2020-06-24 12:06:37 - # 83 :	 -0.5825377940200269
2020-06-24 12:06:38 - # 84 :	 -0.7623787354677916
2020-06-24 12:06:39 - # 85 :	 2.0482166409492493
2020-06-24 12:06:41 - # 86 :	 -1.202963245101273
2020-06-24 12:06:43 - # 87 :	 0.994103578501381
2020-06-24 12:06:49 - # 88 :	 5.788534936029464
2020-06-24 12:06:50 - # 89 :	 -0.787899964954704
2020-06-24 12:06:55 - # 90 :	 -7.432619257830083
2020-06-24 12:06:56 - # 91 :	 -1.131659641629085
2020-06-24 12:06:59 - # 92 :	 -3.7617468766402453
2020-06-24 12:06:03 - # 93 :	 -1.1414337591268122
2020-06-24 12:06:04 - # 94 :	 -1.6222138120792806
2020-06-24 12:06:06 - # 95 :	 2.243751844856888
2020-06-24 12:06:08 - # 96 :	 2.8026787601411343
2020-06-24 12:06:10 - # 97 :	 1.3465634398162365
2020-06-24 12:06:20 - # 98 :	 -3.6796126100234687
2020-06-24 12:06:23 - # 99 :	 -2.338271663058549
2020-06-24 12:06:25 - # 100 :	 2.630435304250568
2020-06-24 12:06:25 - # 101 :	 -1.053999600932002
2020-06-24 12:06:27 - # 102 :	 -6.956364951096475
2020-06-24 12:06:30 - # 103 :	 -0.29378367541357875
2020-06-24 12:06:31 - # 104 :	 -1.2353905299678445
2020-06-24 12:06:35 - # 105 :	 3.2176203578710556
2020-06-24 12:06:38 - # 106 :	 -3.0059261675924063
2020-06-24 12:06:39 - # 107 :	 -1.4678202304057777
2020-06-24 12:06:41 - # 108 :	 1.390351552516222
2020-06-24 12:06:44 - # 109 :	 5.032989854924381
2020-06-24 12:06:47 - # 110 :	 -1.144393338181544
2020-06-24 12:06:47 - # 111 :	 -0.8573594177141786
2020-06-24 12:06:48 - # 112 :	 -1.4123693250585347
2020-06-24 12:06:52 - # 113 :	 -0.2785512115806341
2020-06-24 12:06:54 - # 114 :	 1.9382251854985952
2020-06-24 12:06:56 - # 115 :	 0.4502437082119286
2020-06-24 12:06:59 - # 116 :	 -4.085683229379356
2020-06-24 12:06:08 - # 117 :	 -21.922750883735716
2020-06-24 12:06:10 - # 118 :	 -1.9632640010677278
2020-06-24 12:06:11 - # 119 :	 -1.540374543517828
2020-06-24 12:06:12 - # 120 :	 -1.2725025829859078
2020-06-24 12:06:14 - # 121 :	 -0.30788692319765687
2020-06-24 12:06:16 - # 122 :	 -0.9614539484027773
2020-06-24 12:06:20 - # 123 :	 -7.540971181355417
2020-06-24 12:06:21 - # 124 :	 1.7283622473478317
2020-06-24 12:06:32 - # 125 :	 8.034028260735795
2020-06-24 12:06:35 - # 126 :	 -3.15611654240638
2020-06-24 12:06:39 - # 127 :	 -3.5598847824148834
2020-06-24 12:06:41 - # 128 :	 -3.1558316070586443
2020-06-24 12:06:41 - # 129 :	 -1.471861993893981
2020-06-24 12:06:43 - # 130 :	 -4.208226205781102
!!! updated
2020-06-24 12:06:59 - # 131 :	 1.1727665159851313
2020-06-24 12:06:00 - # 132 :	 -1.4035011450760067
2020-06-24 12:06:01 - # 133 :	 -0.25722372625023127
2020-06-24 12:06:04 - # 134 :	 -9.530787892639637
2020-06-24 12:06:11 - # 135 :	 6.154332415666431
2020-06-24 12:06:15 - # 136 :	 1.7883081994950771
2020-06-24 12:06:17 - # 137 :	 0.5947712017223239
2020-06-24 12:06:18 - # 138 :	 -1.8052840121090412
2020-06-24 12:06:21 - # 139 :	 -1.9007235579192638
2020-06-24 12:06:23 - # 140 :	 3.821188419125974
2020-06-24 12:06:25 - # 141 :	 4.549893283750862
2020-06-24 12:06:29 - # 142 :	 -5.291163945221342
2020-06-24 12:06:33 - # 143 :	 12.67456833831966
2020-06-24 12:06:36 - # 144 :	 1.9769878424704075
2020-06-24 12:06:41 - # 145 :	 2.79007724695839
2020-06-24 12:06:43 - # 146 :	 3.6977120260708034
2020-06-24 12:06:44 - # 147 :	 -0.20219324447680265
2020-06-24 12:06:45 - # 148 :	 -1.7334082052111626
2020-06-24 12:06:45 - # 149 :	 -1.4003262147307396
2020-06-24 12:06:49 - # 150 :	 -3.372316012624651
2020-06-24 12:06:52 - # 151 :	 -7.794120308943093
2020-06-24 12:06:53 - # 152 :	 -1.1553609226830304
2020-06-24 12:06:56 - # 153 :	 -9.010995415970683
2020-06-24 12:06:00 - # 154 :	 -1.2652491191402078
2020-06-24 12:06:01 - # 155 :	 -1.7200794406235218
2020-06-24 12:06:02 - # 156 :	 -1.4220907110720873
2020-06-24 12:06:04 - # 157 :	 -2.363256401848048
2020-06-24 12:06:05 - # 158 :	 -1.2883811201900244
2020-06-24 12:06:09 - # 159 :	 2.1135028484277427
2020-06-24 12:06:10 - # 160 :	 -1.5456564221531153
2020-06-24 12:06:11 - # 161 :	 0.29713584622368217
2020-06-24 12:06:13 - # 162 :	 1.1758782067336142
2020-06-24 12:06:13 - # 163 :	 -1.7846398749388754
2020-06-24 12:06:14 - # 164 :	 -1.4723684377968311
2020-06-24 12:06:17 - # 165 :	 9.445205807685852
2020-06-24 12:06:18 - # 166 :	 -1.4055666984058917
2020-06-24 12:06:19 - # 167 :	 -2.5899990871548653
2020-06-24 12:06:20 - # 168 :	 -0.9933977033942938
2020-06-24 12:06:21 - # 169 :	 -1.0547269866801798
2020-06-24 12:06:28 - # 170 :	 -19.33550051273778
2020-06-24 12:06:29 - # 171 :	 -1.7684860778972507
2020-06-24 12:06:32 - # 172 :	 -9.724301993846893
2020-06-24 12:06:34 - # 173 :	 -0.9553478101734072
2020-06-24 12:06:34 - # 174 :	 -1.299695247784257
2020-06-24 12:06:36 - # 175 :	 -0.8233960701618344
2020-06-24 12:06:37 - # 176 :	 0.7988704862073064
2020-06-24 12:06:38 - # 177 :	 -1.6684475876390934
2020-06-24 12:06:40 - # 178 :	 4.712560212705284
2020-06-24 12:06:40 - # 179 :	 -0.8954424522817135
2020-06-24 12:06:41 - # 180 :	 -0.8542018830776215
2020-06-24 12:06:43 - # 181 :	 -1.209804981481284
2020-06-24 12:06:53 - # 182 :	 23.43365212250501
2020-06-24 12:06:55 - # 183 :	 -2.4865435771644115
2020-06-24 12:06:59 - # 184 :	 -0.8744581209030002
2020-06-24 12:06:06 - # 185 :	 -5.356991550885141
2020-06-24 12:06:07 - # 186 :	 0.004960705991834402
2020-06-24 12:06:08 - # 187 :	 -1.7940303981304169
!!! updated
2020-06-24 12:06:31 - # 188 :	 -4.474984041415155
2020-06-24 12:06:34 - # 189 :	 -2.8636487433686852
2020-06-24 12:06:34 - # 190 :	 -1.339493908919394
2020-06-24 12:06:35 - # 191 :	 -2.022542329505086
2020-06-24 12:06:41 - # 192 :	 -4.588427521754056
2020-06-24 12:06:44 - # 193 :	 2.962037782650441
2020-06-24 12:06:47 - # 194 :	 6.503851227462292
2020-06-24 12:06:49 - # 195 :	 -4.901236671954393
2020-06-24 12:06:51 - # 196 :	 -4.393108917400241
2020-06-24 12:06:57 - # 197 :	 12.146934194490314
2020-06-24 12:06:58 - # 198 :	 0.18372700735926628
2020-06-24 13:06:01 - # 199 :	 2.264240378048271
2020-06-24 13:06:06 - # 200 :	 -5.212817324325442
2020-06-24 13:06:07 - # 201 :	 -1.9035452902317047
2020-06-24 13:06:07 - # 202 :	 -0.8744335528463125
2020-06-24 13:06:09 - # 203 :	 5.918068181723356
2020-06-24 13:06:13 - # 204 :	 4.9584326890762895
2020-06-24 13:06:16 - # 205 :	 -1.8557037881109864
2020-06-24 13:06:19 - # 206 :	 0.13066663779318333
2020-06-24 13:06:20 - # 207 :	 -1.7944226986728609
2020-06-24 13:06:25 - # 208 :	 0.7996978661976755
2020-06-24 13:06:25 - # 209 :	 -1.578795918263495
2020-06-24 13:06:26 - # 210 :	 -0.9278084193356335
2020-06-24 13:06:29 - # 211 :	 -8.752060278318822
2020-06-24 13:06:30 - # 212 :	 -0.6740178433246911
2020-06-24 13:06:30 - # 213 :	 -1.1960282686341088
2020-06-24 13:06:31 - # 214 :	 -1.1602755077183247
2020-06-24 13:06:43 - # 215 :	 17.137399056809954
2020-06-24 13:06:43 - # 216 :	 -1.9324925355613232
2020-06-24 13:06:45 - # 217 :	 -4.319167334586382
2020-06-24 13:06:56 - # 218 :	 -4.221742612775415
2020-06-24 13:06:57 - # 219 :	 1.0553419515490532
2020-06-24 13:06:01 - # 220 :	 6.209866791265085
2020-06-24 13:06:02 - # 221 :	 -1.511055919341743
2020-06-24 13:06:06 - # 222 :	 5.281107275746763
2020-06-24 13:06:07 - # 223 :	 -0.9144995654933155
2020-06-24 13:06:14 - # 224 :	 0.9174747597426176
2020-06-24 13:06:15 - # 225 :	 -1.483976132236421
2020-06-24 13:06:16 - # 226 :	 0.6770761236548424
2020-06-24 13:06:16 - # 227 :	 -1.238081019371748
2020-06-24 13:06:19 - # 228 :	 0.057758917566388845
2020-06-24 13:06:23 - # 229 :	 -6.952066889498383
2020-06-24 13:06:27 - # 230 :	 3.519123673904687
2020-06-24 13:06:28 - # 231 :	 -1.4436733238399029
2020-06-24 13:06:37 - # 232 :	 -1.177332361228764
2020-06-24 13:06:39 - # 233 :	 -3.8209889298304915
2020-06-24 13:06:41 - # 234 :	 -3.6447757622227073
!!! updated
2020-06-24 13:06:00 - # 235 :	 1.1469378301408142
2020-06-24 13:06:04 - # 236 :	 -14.85007656738162
2020-06-24 13:06:06 - # 237 :	 3.30154183274135
2020-06-24 13:06:15 - # 238 :	 0.08599800639785826
2020-06-24 13:06:16 - # 239 :	 0.43573430087417364
2020-06-24 13:06:22 - # 240 :	 -1.9618624434806406
2020-06-24 13:06:27 - # 241 :	 -6.139974766178057
2020-06-24 13:06:31 - # 242 :	 1.8903697291389108
2020-06-24 13:06:31 - # 243 :	 -1.0185701623558998
2020-06-24 13:06:33 - # 244 :	 -4.488709321245551
2020-06-24 13:06:35 - # 245 :	 -1.9204548015259206
2020-06-24 13:06:41 - # 246 :	 2.157113214256242
2020-06-24 13:06:41 - # 247 :	 -0.7700048051774502
2020-06-24 13:06:43 - # 248 :	 6.009847147390246
2020-06-24 13:06:46 - # 249 :	 0.6269694771617651
2020-06-24 13:06:54 - # 250 :	 10.431741256034002
2020-06-24 13:06:56 - # 251 :	 -1.6287084706127644
2020-06-24 13:06:58 - # 252 :	 -1.4697991837747395
2020-06-24 13:06:59 - # 253 :	 -0.9160141572356224
2020-06-24 13:06:59 - # 254 :	 -1.4962079338729382
2020-06-24 13:06:02 - # 255 :	 -7.981590263079852
2020-06-24 13:06:04 - # 256 :	 -0.1691836854442954
2020-06-24 13:06:04 - # 257 :	 -1.117432781495154
2020-06-24 13:06:06 - # 258 :	 2.4376812051050365
2020-06-24 13:06:10 - # 259 :	 -5.735462820157409
2020-06-24 13:06:11 - # 260 :	 0.14045278541743755
2020-06-24 13:06:11 - # 261 :	 -1.6596012525260448
2020-06-24 13:06:13 - # 262 :	 -5.745838850736618
2020-06-24 13:06:15 - # 263 :	 -4.419797739945352
2020-06-24 13:06:18 - # 264 :	 -1.6393107105977833
2020-06-24 13:06:19 - # 265 :	 -0.9496182803995907
2020-06-24 13:06:19 - # 266 :	 -1.5631234422326088
2020-06-24 13:06:25 - # 267 :	 -10.93544616480358
2020-06-24 13:06:27 - # 268 :	 4.69788492936641
2020-06-24 13:06:28 - # 269 :	 -2.334676591679454
2020-06-24 13:06:30 - # 270 :	 0.15007912262808532
2020-06-24 13:06:32 - # 271 :	 -1.4313150476664305
2020-06-24 13:06:33 - # 272 :	 -0.9048868454992771
2020-06-24 13:06:36 - # 273 :	 -13.863971080631018
2020-06-24 13:06:37 - # 274 :	 -1.3587668742984533
2020-06-24 13:06:38 - # 275 :	 -1.5349590554833412
2020-06-24 13:06:39 - # 276 :	 -1.2745502369944006
2020-06-24 13:06:41 - # 277 :	 -0.4379332714015618
2020-06-24 13:06:47 - # 278 :	 -23.574568199925125
2020-06-24 13:06:56 - # 279 :	 5.039960683556274
2020-06-24 13:06:59 - # 280 :	 0.22368831746280193
2020-06-24 13:06:08 - # 281 :	 21.96220002602786
2020-06-24 13:06:09 - # 282 :	 3.530144078657031
2020-06-24 13:06:10 - # 283 :	 -0.7246548784896731
!!! updated
2020-06-24 13:06:31 - # 284 :	 -19.711907028453425
2020-06-24 13:06:33 - # 285 :	 3.0731212608516216
2020-06-24 13:06:45 - # 286 :	 28.58187301689759
2020-06-24 13:06:45 - # 287 :	 -1.2219853987917304
2020-06-24 13:06:47 - # 288 :	 1.417332976590842
2020-06-24 13:06:50 - # 289 :	 -0.6069361097179353
2020-06-24 13:06:52 - # 290 :	 -6.537153848446906
2020-06-24 13:06:56 - # 291 :	 0.8925340380519629
2020-06-24 13:06:56 - # 292 :	 -1.8916507102549076
2020-06-24 13:06:58 - # 293 :	 -3.067728655412793
2020-06-24 13:06:01 - # 294 :	 -3.5577435148879886
2020-06-24 13:06:02 - # 295 :	 -1.4426950262859464
2020-06-24 13:06:02 - # 296 :	 -0.9949856009334326
2020-06-24 13:06:03 - # 297 :	 -0.8520881943404675
2020-06-24 13:06:03 - # 298 :	 -1.2733764043077826
2020-06-24 13:06:17 - # 299 :	 8.261598059674725
2020-06-24 13:06:18 - # 300 :	 -1.6064777933061123
2020-06-24 13:06:23 - # 301 :	 -25.300272413762286
2020-06-24 13:06:26 - # 302 :	 1.251870105508715
2020-06-24 13:06:33 - # 303 :	 12.638157911598682
2020-06-24 13:06:33 - # 304 :	 -1.5289616561494768
2020-06-24 13:06:34 - # 305 :	 -0.8066387055441737
2020-06-24 13:06:35 - # 306 :	 -2.4901385717093945
2020-06-24 13:06:41 - # 307 :	 -23.328347278758883
2020-06-24 13:06:44 - # 308 :	 -6.61919616907835
2020-06-24 13:06:48 - # 309 :	 -13.74214081466198
2020-06-24 13:06:51 - # 310 :	 -3.763393944595009
2020-06-24 13:06:54 - # 311 :	 -0.5496558733284473
2020-06-24 13:06:56 - # 312 :	 -1.1867692752275616
2020-06-24 13:06:00 - # 313 :	 8.466729904990643
2020-06-24 13:06:02 - # 314 :	 -3.1901186044560745
2020-06-24 13:06:06 - # 315 :	 -6.277258126530796
2020-06-24 13:06:06 - # 316 :	 -3.7471911646425724
2020-06-24 13:06:08 - # 317 :	 -0.3862486919388175
2020-06-24 13:06:09 - # 318 :	 -2.4459271132946014
2020-06-24 13:06:12 - # 319 :	 -7.5803168546408415
2020-06-24 13:06:17 - # 320 :	 3.3703785759862512
2020-06-24 13:06:21 - # 321 :	 1.5339047610759735
2020-06-24 13:06:23 - # 322 :	 -9.8146330434829
2020-06-24 13:06:24 - # 323 :	 -0.8385020662099123
2020-06-24 13:06:28 - # 324 :	 2.8547386899590492
2020-06-24 13:06:29 - # 325 :	 -0.8295673194807023
2020-06-24 13:06:30 - # 326 :	 -1.879328309558332
2020-06-24 13:06:36 - # 327 :	 -6.084917218890041
2020-06-24 13:06:37 - # 328 :	 2.915281591936946
2020-06-24 13:06:38 - # 329 :	 -0.7851249864324927
2020-06-24 13:06:41 - # 330 :	 -2.594560801051557
2020-06-24 13:06:44 - # 331 :	 7.257485140580684
!!! updated
2020-06-24 13:06:59 - # 332 :	 -0.8569449111819267
2020-06-24 13:06:08 - # 333 :	 23.472378982696682
2020-06-24 13:06:09 - # 334 :	 -4.231661828700453
2020-06-24 13:06:13 - # 335 :	 -4.456579302903265
2020-06-24 13:06:15 - # 336 :	 -1.5933991132769734
2020-06-24 13:06:18 - # 337 :	 4.31328548816964
2020-06-24 13:06:20 - # 338 :	 3.3489380655810237
2020-06-24 13:06:22 - # 339 :	 -0.8098276313394308
2020-06-24 13:06:22 - # 340 :	 -1.3118947446346283
2020-06-24 13:06:27 - # 341 :	 4.118295039865188
2020-06-24 13:06:29 - # 342 :	 0.2676593167707324
2020-06-24 13:06:31 - # 343 :	 -7.8557042218744755
2020-06-24 13:06:32 - # 344 :	 -0.4112669819733128
2020-06-24 13:06:35 - # 345 :	 -8.13687411788851
2020-06-24 13:06:38 - # 346 :	 2.0273503828793764
2020-06-24 13:06:39 - # 347 :	 -2.3181065768003464
2020-06-24 13:06:42 - # 348 :	 -4.297196974046528
2020-06-24 13:06:43 - # 349 :	 -2.590212717652321
2020-06-24 13:06:50 - # 350 :	 1.5162746596615762
2020-06-24 13:06:52 - # 351 :	 -2.268852924928069
2020-06-24 13:06:55 - # 352 :	 1.163678121753037
2020-06-24 13:06:58 - # 353 :	 1.4167483253404498
2020-06-24 13:06:58 - # 354 :	 -0.7991124633699656
2020-06-24 13:06:06 - # 355 :	 -0.7110603866167367
2020-06-24 13:06:08 - # 356 :	 -3.3275676257908344
2020-06-24 13:06:09 - # 357 :	 -0.30311265122145414
2020-06-24 13:06:13 - # 358 :	 -4.198735394980758
2020-06-24 13:06:14 - # 359 :	 2.8735404666513205
2020-06-24 13:06:17 - # 360 :	 -2.2666216078214347
2020-06-24 13:06:26 - # 361 :	 -3.6288446825928986
2020-06-24 13:06:28 - # 362 :	 -3.3108423994854093
2020-06-24 13:06:31 - # 363 :	 -9.116884851362556
2020-06-24 13:06:32 - # 364 :	 -1.1235371408984065
2020-06-24 13:06:32 - # 365 :	 -1.1855519986711442
2020-06-24 13:06:34 - # 366 :	 -3.289401814341545
2020-06-24 13:06:37 - # 367 :	 -2.2462887773290277
2020-06-24 13:06:42 - # 368 :	 0.07009778381325305
2020-06-24 13:06:51 - # 369 :	 13.68388930009678
2020-06-24 13:06:57 - # 370 :	 -3.8204909479245543
2020-06-24 13:06:57 - # 371 :	 -1.5786796137690544
2020-06-24 13:06:09 - # 372 :	 -18.046101408544928
2020-06-24 13:06:14 - # 373 :	 -1.4675708995200694
!!! updated
2020-06-24 13:06:32 - # 374 :	 -20.154243871569633
2020-06-24 13:06:34 - # 375 :	 3.0147102407645434
2020-06-24 13:06:37 - # 376 :	 1.4758190549910069
2020-06-24 13:06:40 - # 377 :	 1.3399614579975605
2020-06-24 13:06:40 - # 378 :	 -1.7493823897093534
2020-06-24 13:06:45 - # 379 :	 8.554758921731263
2020-06-24 13:06:47 - # 380 :	 0.7045213414821774
2020-06-24 13:06:52 - # 381 :	 -2.233936036005616
2020-06-24 13:06:52 - # 382 :	 -2.0625837109982967
2020-06-24 13:06:53 - # 383 :	 -1.0975987720303237
2020-06-24 13:06:58 - # 384 :	 -5.852670407912228
2020-06-24 13:06:59 - # 385 :	 -1.8419024241156876
2020-06-24 13:06:00 - # 386 :	 -0.05719304271042347
2020-06-24 13:06:02 - # 387 :	 3.6427275836467743
2020-06-24 13:06:06 - # 388 :	 -0.6147691146470606
2020-06-24 13:06:10 - # 389 :	 -11.201230593025684
2020-06-24 13:06:15 - # 390 :	 14.24920857604593
2020-06-24 13:06:17 - # 391 :	 -2.6106015383265913
2020-06-24 13:06:18 - # 392 :	 -0.5961369608994573
2020-06-24 13:06:21 - # 393 :	 -2.576413526199758
2020-06-24 13:06:22 - # 394 :	 -0.922930535627529
2020-06-24 13:06:28 - # 395 :	 -5.527278617490083
2020-06-24 13:06:31 - # 396 :	 -7.597875558305532
2020-06-24 13:06:32 - # 397 :	 -2.9315434880554676
2020-06-24 13:06:33 - # 398 :	 -1.1959684286266565
2020-06-24 13:06:34 - # 399 :	 -2.2074254918843508
2020-06-24 13:06:37 - # 400 :	 -0.12128321616910398
2020-06-24 13:06:40 - # 401 :	 -0.2073785145767033
2020-06-24 13:06:40 - # 402 :	 -1.6116943173110485
2020-06-24 13:06:41 - # 403 :	 0.22141832765191793
2020-06-24 13:06:42 - # 404 :	 -0.9927165149711072
2020-06-24 13:06:43 - # 405 :	 -0.8390385778620839
2020-06-24 13:06:44 - # 406 :	 1.907014979980886
2020-06-24 13:06:44 - # 407 :	 -1.314724899828434
2020-06-24 13:06:45 - # 408 :	 -1.2001478420570493
2020-06-24 13:06:46 - # 409 :	 0.9051477275788784
2020-06-24 13:06:48 - # 410 :	 -3.9298430453054607
2020-06-24 13:06:51 - # 411 :	 12.257813172414899
2020-06-24 13:06:54 - # 412 :	 0.10786568187177181
2020-06-24 13:06:03 - # 413 :	 17.834204477723688
2020-06-24 13:06:05 - # 414 :	 1.2690480335149914
2020-06-24 13:06:09 - # 415 :	 4.62959349155426
2020-06-24 13:06:13 - # 416 :	 -0.4580269786529243
2020-06-24 13:06:14 - # 417 :	 -1.2137743886560202
2020-06-24 13:06:16 - # 418 :	 -3.9279025197029114
2020-06-24 13:06:19 - # 419 :	 3.321400746703148
2020-06-24 13:06:21 - # 420 :	 -3.461388561874628
2020-06-24 13:06:22 - # 421 :	 -1.7276655305176973
2020-06-24 13:06:23 - # 422 :	 -0.6741598341614008
2020-06-24 13:06:23 - # 423 :	 -2.0464615132659674
2020-06-24 13:06:29 - # 424 :	 -4.593279158696532
2020-06-24 13:06:30 - # 425 :	 -2.0428990460932255
2020-06-24 13:06:33 - # 426 :	 -8.308001772034913
2020-06-24 13:06:34 - # 427 :	 -1.764691885560751
2020-06-24 13:06:38 - # 428 :	 -1.3618028814671561
2020-06-24 13:06:39 - # 429 :	 -1.4700293489731848
2020-06-24 13:06:40 - # 430 :	 -3.6090228052344173
!!! updated
2020-06-24 13:06:00 - # 431 :	 -5.289237571880221
2020-06-24 13:06:02 - # 432 :	 -5.5842127138748765
2020-06-24 13:06:03 - # 433 :	 -1.378786907531321
2020-06-24 13:06:07 - # 434 :	 2.880239145597443
2020-06-24 13:06:07 - # 435 :	 -1.536196494475007
2020-06-24 13:06:08 - # 436 :	 -1.248910153284669
2020-06-24 13:06:10 - # 437 :	 3.9658233104273677
2020-06-24 13:06:16 - # 438 :	 15.822432551998645
2020-06-24 13:06:17 - # 439 :	 -2.692990256473422
2020-06-24 13:06:21 - # 440 :	 10.543997204862535
2020-06-24 13:06:30 - # 441 :	 10.77045667404309
2020-06-24 13:06:33 - # 442 :	 7.350213615223765
2020-06-24 13:06:34 - # 443 :	 -1.4650093691889197
2020-06-24 13:06:39 - # 444 :	 -5.403219654923305
2020-06-24 13:06:41 - # 445 :	 -2.0712510803714395
2020-06-24 13:06:42 - # 446 :	 -2.094237394630909
2020-06-24 13:06:44 - # 447 :	 -1.7794672911986709
2020-06-24 13:06:48 - # 448 :	 -11.791411813348532
2020-06-24 13:06:49 - # 449 :	 0.3586445632390678
2020-06-24 13:06:54 - # 450 :	 -0.20988915534690022
2020-06-24 13:06:57 - # 451 :	 -2.3519053924828768
2020-06-24 13:06:03 - # 452 :	 17.254584030248225
2020-06-24 13:06:07 - # 453 :	 -3.1172685101628304
2020-06-24 13:06:19 - # 454 :	 -1.7947593885473907
2020-06-24 13:06:20 - # 455 :	 -1.7691165278665721
2020-06-24 13:06:24 - # 456 :	 -6.545081727905199
2020-06-24 13:06:34 - # 457 :	 12.351646282244474
2020-06-24 13:06:41 - # 458 :	 5.323162551037967
2020-06-24 13:06:46 - # 459 :	 -6.038020721171051
2020-06-24 13:06:47 - # 460 :	 -1.150971463881433
2020-06-24 13:06:48 - # 461 :	 -0.6275613345205784
2020-06-24 13:06:55 - # 462 :	 6.86331560369581
2020-06-24 13:06:56 - # 463 :	 0.6235793540254235
2020-06-24 13:06:57 - # 464 :	 -1.7630412059370428
2020-06-24 13:06:04 - # 465 :	 -11.263235521968454
2020-06-24 13:06:06 - # 466 :	 1.6598004698753357
2020-06-24 13:06:07 - # 467 :	 -3.1219082921743393
2020-06-24 13:06:09 - # 468 :	 -0.3095645122230053
!!! updated
2020-06-24 13:06:28 - # 469 :	 -5.609527229331434
2020-06-24 13:06:30 - # 470 :	 -5.158441671170294
2020-06-24 13:06:35 - # 471 :	 21.64738214528188
2020-06-24 13:06:38 - # 472 :	 1.7531068371608853
2020-06-24 13:06:49 - # 473 :	 8.170064761303365
2020-06-24 13:06:53 - # 474 :	 -1.2992261499166489
2020-06-24 13:06:05 - # 475 :	 -27.081828052643687
2020-06-24 13:06:05 - # 476 :	 -1.7603017836809158
2020-06-24 13:06:09 - # 477 :	 1.451825742609799
2020-06-24 13:06:10 - # 478 :	 -0.5389424590393901
2020-06-24 13:06:11 - # 479 :	 -1.3069112626835704
2020-06-24 13:06:11 - # 480 :	 -1.3398090787231922
2020-06-24 13:06:14 - # 481 :	 10.000119687989354
2020-06-24 13:06:15 - # 482 :	 -1.260060079395771
2020-06-24 13:06:17 - # 483 :	 4.748693379573524
2020-06-24 13:06:18 - # 484 :	 -1.7890215441584587
2020-06-24 13:06:20 - # 485 :	 5.4809542004950345
2020-06-24 13:06:26 - # 486 :	 -8.895907795988023
2020-06-24 13:06:28 - # 487 :	 -2.277641340624541
2020-06-24 13:06:32 - # 488 :	 -10.421309262514114
2020-06-24 13:06:35 - # 489 :	 5.417918974533677
2020-06-24 13:06:35 - # 490 :	 -1.4271089197136462
2020-06-24 13:06:41 - # 491 :	 3.635892836842686
2020-06-24 13:06:46 - # 492 :	 2.3185009660664946
2020-06-24 13:06:48 - # 493 :	 -0.3537156255915761
2020-06-24 13:06:49 - # 494 :	 -2.450476571917534
2020-06-24 13:06:52 - # 495 :	 5.114281935617328
2020-06-24 13:06:00 - # 496 :	 10.628193486947566
2020-06-24 13:06:04 - # 497 :	 -3.7932451257947832
2020-06-24 13:06:12 - # 498 :	 -2.971120358677581
2020-06-24 13:06:14 - # 499 :	 2.1407934790477157
2020-06-24 13:06:15 - # 500 :	 -1.0685916086658835
2020-06-24 13:06:20 - # 501 :	 8.148402739316225
2020-06-24 13:06:25 - # 502 :	 -0.9647411862388253
!!! updated
2020-06-24 13:06:01 - # 503 :	 -32.21380888996646
2020-06-24 13:06:03 - # 504 :	 -1.0437799505889416
2020-06-24 13:06:04 - # 505 :	 -2.0350810391828418
2020-06-24 13:06:12 - # 506 :	 4.620456916629337
2020-06-24 13:06:14 - # 507 :	 -1.1145886005833745
2020-06-24 13:06:18 - # 508 :	 3.1312178801745176
2020-06-24 13:06:21 - # 509 :	 1.6949326591566205
2020-06-24 13:06:24 - # 510 :	 -0.3526190482079983
2020-06-24 13:06:27 - # 511 :	 2.173628686927259
2020-06-24 13:06:27 - # 512 :	 -1.0012409780174494
2020-06-24 13:06:32 - # 513 :	 -7.880029758438468
2020-06-24 13:06:41 - # 514 :	 -26.616810876876116
2020-06-24 13:06:47 - # 515 :	 12.737097931094468
2020-06-24 13:06:50 - # 516 :	 -0.3889938769862056
2020-06-24 13:06:52 - # 517 :	 1.8218280924484134
2020-06-24 13:06:56 - # 518 :	 -12.065590169746429
2020-06-24 13:06:56 - # 519 :	 -1.4061610866338015
2020-06-24 13:06:58 - # 520 :	 3.922312218695879
2020-06-24 13:06:03 - # 521 :	 3.2834214442409575
2020-06-24 13:06:13 - # 522 :	 -4.044624829664826
2020-06-24 13:06:19 - # 523 :	 6.425275940913707
2020-06-24 13:06:26 - # 524 :	 -28.57201180048287
2020-06-24 13:06:27 - # 525 :	 -0.5609155697748065
2020-06-24 13:06:28 - # 526 :	 -0.639320214278996
2020-06-24 13:06:30 - # 527 :	 -1.5174808031879365
2020-06-24 13:06:32 - # 528 :	 1.375057670287788
2020-06-24 13:06:40 - # 529 :	 -1.808458548039198
2020-06-24 13:06:41 - # 530 :	 -2.1463691145181656
2020-06-24 13:06:41 - # 531 :	 -1.3121432438492775
2020-06-24 13:06:45 - # 532 :	 -8.843246713513508
2020-06-24 13:06:52 - # 533 :	 -21.06458706688136
2020-06-24 13:06:53 - # 534 :	 -1.9336771368980408
2020-06-24 13:06:53 - # 535 :	 -1.5501482710242271
2020-06-24 13:06:56 - # 536 :	 2.250798121560365
2020-06-24 13:06:56 - # 537 :	 -1.5890098046511412
2020-06-24 13:06:02 - # 538 :	 -11.558974375831895
2020-06-24 13:06:04 - # 539 :	 -3.807347627589479
2020-06-24 13:06:07 - # 540 :	 0.3484325504396111
2020-06-24 13:06:07 - # 541 :	 -0.8524905126541853
2020-06-24 13:06:10 - # 542 :	 3.261221765773371
!!! updated
2020-06-24 13:06:28 - # 543 :	 -3.5041755102574825
2020-06-24 13:06:35 - # 544 :	 -8.386696129571646
2020-06-24 13:06:36 - # 545 :	 -4.342897507362068
2020-06-24 13:06:38 - # 546 :	 1.5714066424407065
2020-06-24 13:06:40 - # 547 :	 -1.4822732233442366
2020-06-24 13:06:45 - # 548 :	 -8.026792452670634
2020-06-24 13:06:46 - # 549 :	 -1.8168185870163143
2020-06-24 13:06:47 - # 550 :	 -1.7694477923214436
2020-06-24 13:06:47 - # 551 :	 -1.3192794318310916
2020-06-24 13:06:49 - # 552 :	 -1.6485705506056547
2020-06-24 13:06:55 - # 553 :	 6.795637135393918
2020-06-24 13:06:56 - # 554 :	 -2.153140537440777
2020-06-24 13:06:57 - # 555 :	 -1.0893605444580317
2020-06-24 13:06:57 - # 556 :	 -1.3049124954268336
2020-06-24 13:06:00 - # 557 :	 -0.5377331925556064
2020-06-24 13:06:08 - # 558 :	 -19.972681686282158
2020-06-24 13:06:10 - # 559 :	 -1.6231817491352558
2020-06-24 13:06:14 - # 560 :	 0.1831599371507764
2020-06-24 13:06:15 - # 561 :	 -2.035047920886427
2020-06-24 13:06:25 - # 562 :	 -6.2804913921281695
2020-06-24 13:06:27 - # 563 :	 -5.01366559532471
2020-06-24 13:06:29 - # 564 :	 -2.0825449246913195
2020-06-24 13:06:31 - # 565 :	 -5.391203925944865
2020-06-24 13:06:34 - # 566 :	 4.291707324795425
2020-06-24 13:06:35 - # 567 :	 -2.22998721152544
2020-06-24 13:06:37 - # 568 :	 0.6503408057615161
2020-06-24 13:06:37 - # 569 :	 -0.825696874409914
2020-06-24 13:06:43 - # 570 :	 -8.45466632116586
2020-06-24 13:06:47 - # 571 :	 -4.866001554299146
2020-06-24 13:06:53 - # 572 :	 -3.580880630761385
2020-06-24 13:06:54 - # 573 :	 -2.4305325269233435
2020-06-24 13:06:59 - # 574 :	 -3.7982786488719285
2020-06-24 13:06:02 - # 575 :	 -0.6385656264610589
2020-06-24 13:06:04 - # 576 :	 -4.704664966091514
2020-06-24 13:06:06 - # 577 :	 -6.3319788300432265
2020-06-24 13:06:08 - # 578 :	 -5.632566753774881
2020-06-24 13:06:09 - # 579 :	 -1.454240346327424
2020-06-24 13:06:09 - # 580 :	 -1.2331098970025778
2020-06-24 13:06:12 - # 581 :	 4.9227842800319195
2020-06-24 13:06:13 - # 582 :	 1.1716040028259158
2020-06-24 13:06:14 - # 583 :	 -2.2393975015729666
2020-06-24 13:06:26 - # 584 :	 13.430802096612751
2020-06-24 13:06:27 - # 585 :	 -1.981320032151416
2020-06-24 13:06:29 - # 586 :	 -2.550840553827584
2020-06-24 13:06:30 - # 587 :	 -0.9370430558919907
2020-06-24 13:06:31 - # 588 :	 -3.7356401197612286
2020-06-24 13:06:36 - # 589 :	 1.8953335266560316
2020-06-24 13:06:37 - # 590 :	 -1.9530041492544115
2020-06-24 13:06:41 - # 591 :	 0.4925662106834352
2020-06-24 13:06:42 - # 592 :	 -0.6677310727536678
2020-06-24 13:06:43 - # 593 :	 -2.2339398238109425
!!! updated
2020-06-24 13:06:57 - # 594 :	 -1.5681274896487594
2020-06-24 13:06:59 - # 595 :	 -3.6944035263732076
2020-06-24 13:06:02 - # 596 :	 -4.059401923790574
2020-06-24 13:06:05 - # 597 :	 -2.0225467798300087
2020-06-24 13:06:07 - # 598 :	 -2.279908596072346
2020-06-24 13:06:11 - # 599 :	 -1.5075581336859614
2020-06-24 13:06:15 - # 600 :	 -12.23105348367244
2020-06-24 13:06:17 - # 601 :	 1.4059182935161516
2020-06-24 13:06:19 - # 602 :	 -5.594911569729447
2020-06-24 13:06:21 - # 603 :	 -0.7812253371812403
2020-06-24 13:06:26 - # 604 :	 -3.939565839478746
2020-06-24 13:06:27 - # 605 :	 1.681347567588091
2020-06-24 13:06:28 - # 606 :	 -1.7436299091205
2020-06-24 13:06:34 - # 607 :	 -15.329902064986527
2020-06-24 13:06:34 - # 608 :	 -0.9040046148002148
2020-06-24 13:06:35 - # 609 :	 -0.952962466981262
2020-06-24 13:06:36 - # 610 :	 -3.2945599844679236
2020-06-24 13:06:43 - # 611 :	 -12.68273573834449
2020-06-24 13:06:47 - # 612 :	 -1.149237007368356
2020-06-24 13:06:49 - # 613 :	 -2.4578188685700297
2020-06-24 13:06:50 - # 614 :	 -1.5210976544767618
2020-06-24 13:06:51 - # 615 :	 -1.2440818510949612
2020-06-24 13:06:58 - # 616 :	 -1.6925954124890268
2020-06-24 13:06:00 - # 617 :	 -0.9475190471857786
2020-06-24 13:06:01 - # 618 :	 2.052893839776516
2020-06-24 13:06:09 - # 619 :	 -3.5345512265339494
2020-06-24 13:06:09 - # 620 :	 -1.6959761250764132
2020-06-24 13:06:10 - # 621 :	 -1.921972345560789
2020-06-24 13:06:11 - # 622 :	 -3.951371954753995
2020-06-24 13:06:14 - # 623 :	 -3.881624131463468
2020-06-24 13:06:20 - # 624 :	 -2.8278450540383346
2020-06-24 13:06:22 - # 625 :	 0.02272026799619198
2020-06-24 13:06:23 - # 626 :	 -3.163607269525528
2020-06-24 13:06:30 - # 627 :	 -1.4646557483356446
2020-06-24 13:06:34 - # 628 :	 10.305201068520546
2020-06-24 13:06:41 - # 629 :	 -8.827838518889621
2020-06-24 13:06:53 - # 630 :	 34.66811584425159
2020-06-24 13:06:56 - # 631 :	 1.822226993739605
2020-06-24 13:06:02 - # 632 :	 13.662776258657686
2020-06-24 13:06:04 - # 633 :	 -4.476468803361058
2020-06-24 13:06:05 - # 634 :	 -1.3343257559463382
2020-06-24 13:06:05 - # 635 :	 -1.4172210856340826
2020-06-24 13:06:06 - # 636 :	 -0.3018820686265826
2020-06-24 13:06:10 - # 637 :	 8.208420934155583
2020-06-24 13:06:12 - # 638 :	 2.329489462543279
!!! updated
2020-06-24 13:06:32 - # 639 :	 -9.462053870782256
2020-06-24 13:06:33 - # 640 :	 -1.346835253876634
2020-06-24 13:06:33 - # 641 :	 -0.9539363766089082
2020-06-24 13:06:35 - # 642 :	 0.6422239895910025
2020-06-24 13:06:38 - # 643 :	 -5.839984465390444
2020-06-24 13:06:40 - # 644 :	 -5.162401806097478
2020-06-24 13:06:45 - # 645 :	 -11.882957046851516
2020-06-24 13:06:50 - # 646 :	 8.185047699138522
2020-06-24 13:06:51 - # 647 :	 -2.7501691188663244
2020-06-24 13:06:53 - # 648 :	 -2.293505547568202
2020-06-24 13:06:57 - # 649 :	 -11.569869220256805
2020-06-24 13:06:00 - # 650 :	 -2.5201589027419686
2020-06-24 13:06:07 - # 651 :	 -13.021420997800305
2020-06-24 13:06:07 - # 652 :	 -0.8011018710676581
2020-06-24 13:06:16 - # 653 :	 39.91823498997837
2020-06-24 13:06:18 - # 654 :	 -3.5413815178908408
2020-06-24 13:06:20 - # 655 :	 -1.3631239514797926
2020-06-24 13:06:25 - # 656 :	 3.3683642692340072
2020-06-24 13:06:35 - # 657 :	 -30.850492920726538
2020-06-24 13:06:43 - # 658 :	 2.445504477713257
2020-06-24 13:06:48 - # 659 :	 19.579569306224585
2020-06-24 13:06:52 - # 660 :	 -22.210476465523243
2020-06-24 13:06:56 - # 661 :	 0.056318575982004404
2020-06-24 13:06:57 - # 662 :	 -0.5839630123227835
2020-06-24 13:06:59 - # 663 :	 -3.2957169390283525
2020-06-24 13:06:02 - # 664 :	 3.1762146237306297
2020-06-24 13:06:07 - # 665 :	 -0.33253611205145717
2020-06-24 13:06:11 - # 666 :	 2.1606986057013273
2020-06-24 13:06:19 - # 667 :	 8.840035049710423
2020-06-24 13:06:19 - # 668 :	 -1.0561245661228895
2020-06-24 13:06:21 - # 669 :	 -4.219199861399829
2020-06-24 13:06:22 - # 670 :	 -1.8220087960362434
2020-06-24 13:06:24 - # 671 :	 -3.7744639865122736
2020-06-24 13:06:24 - # 672 :	 -1.680741673335433
2020-06-24 13:06:35 - # 673 :	 -10.090470001101494
2020-06-24 13:06:41 - # 674 :	 2.680789584759623
2020-06-24 13:06:42 - # 675 :	 -0.01314624771475792
!!! updated
2020-06-24 13:06:59 - # 676 :	 -5.174371674656868
2020-06-24 13:06:00 - # 677 :	 -1.0670114741660655
2020-06-24 13:06:10 - # 678 :	 -19.328302331268787
2020-06-24 13:06:11 - # 679 :	 -1.398209024220705
2020-06-24 13:06:15 - # 680 :	 -11.81820220919326
2020-06-24 13:06:18 - # 681 :	 -1.1065232881810516
2020-06-24 13:06:18 - # 682 :	 -2.0914614479988813
2020-06-24 13:06:20 - # 683 :	 -4.961131047923118
2020-06-24 13:06:23 - # 684 :	 0.7254740064963698
2020-06-24 13:06:27 - # 685 :	 7.092358031775802
2020-06-24 13:06:27 - # 686 :	 -1.2103154202923179
2020-06-24 13:06:29 - # 687 :	 -2.5281473975628614
2020-06-24 13:06:30 - # 688 :	 -0.6045271137263626
2020-06-24 13:06:37 - # 689 :	 -8.260497933253646
2020-06-24 13:06:39 - # 690 :	 4.172379751689732
2020-06-24 13:06:41 - # 691 :	 7.102502794237807
2020-06-24 13:06:43 - # 692 :	 -5.207355712540448
2020-06-24 13:06:46 - # 693 :	 -5.517807124881074
2020-06-24 13:06:47 - # 694 :	 -2.0116443522274494
2020-06-24 13:06:52 - # 695 :	 5.513662549899891
2020-06-24 13:06:53 - # 696 :	 1.0353542733937502
2020-06-24 13:06:57 - # 697 :	 1.846023905556649
2020-06-24 13:06:00 - # 698 :	 -5.53515840601176
2020-06-24 13:06:05 - # 699 :	 -19.39729528594762
2020-06-24 13:06:06 - # 700 :	 -1.032117709517479
2020-06-24 13:06:09 - # 701 :	 -2.140223963186145
2020-06-24 13:06:11 - # 702 :	 -4.869661686010659
2020-06-24 13:06:13 - # 703 :	 -0.06524658296257257
2020-06-24 13:06:15 - # 704 :	 1.3266114424914122
2020-06-24 13:06:18 - # 705 :	 -4.07628239504993
2020-06-24 13:06:19 - # 706 :	 -1.5482106730341911
2020-06-24 13:06:21 - # 707 :	 4.445416621863842
2020-06-24 13:06:23 - # 708 :	 0.14583147398661822
2020-06-24 13:06:24 - # 709 :	 -1.3760775444097817
2020-06-24 13:06:30 - # 710 :	 12.280960597097874
2020-06-24 13:06:40 - # 711 :	 0.6113508730195463
2020-06-24 13:06:44 - # 712 :	 12.16109031997621
2020-06-24 13:06:47 - # 713 :	 -1.254641210543923
2020-06-24 13:06:48 - # 714 :	 -0.2334707947447896
2020-06-24 13:06:51 - # 715 :	 -4.996167454868555
2020-06-24 13:06:52 - # 716 :	 -2.8605222022160888
2020-06-24 13:06:55 - # 717 :	 -1.8908440805971622
2020-06-24 13:06:55 - # 718 :	 -1.5058019012212753
2020-06-24 13:06:57 - # 719 :	 -1.9963940167799592
2020-06-24 13:06:57 - # 720 :	 -1.408871665596962
2020-06-24 13:06:01 - # 721 :	 -5.6747633228078485
2020-06-24 13:06:11 - # 722 :	 12.463170500705019
2020-06-24 13:06:11 - # 723 :	 -1.2319871727377176
!!! updated
2020-06-24 13:06:30 - # 724 :	 -13.681198198813945
2020-06-24 13:06:32 - # 725 :	 -2.208898648619652
2020-06-24 13:06:35 - # 726 :	 2.724538785405457
2020-06-24 13:06:42 - # 727 :	 -14.751368235331029
2020-06-24 13:06:43 - # 728 :	 1.0535788228735328
2020-06-24 13:06:51 - # 729 :	 -4.883149248547852
2020-06-24 13:06:55 - # 730 :	 -4.132815327960998
2020-06-24 13:06:57 - # 731 :	 -2.6601592409424484
2020-06-24 13:06:02 - # 732 :	 2.499699984677136
2020-06-24 13:06:02 - # 733 :	 -0.032631331123411655
2020-06-24 13:06:05 - # 734 :	 -6.091949697583914
2020-06-24 13:06:07 - # 735 :	 -2.2749719391576946
2020-06-24 13:06:13 - # 736 :	 -21.492713807616383
2020-06-24 13:06:16 - # 737 :	 -1.687720773741603
2020-06-24 13:06:17 - # 738 :	 -1.6462679356336594
2020-06-24 13:06:19 - # 739 :	 -1.9388917302712798
2020-06-24 13:06:24 - # 740 :	 4.2199748661369085
2020-06-24 13:06:27 - # 741 :	 -11.38470082078129
2020-06-24 13:06:31 - # 742 :	 3.356790574733168
2020-06-24 13:06:32 - # 743 :	 -1.7009049318730831
2020-06-24 13:06:33 - # 744 :	 -1.744689967483282
2020-06-24 13:06:41 - # 745 :	 -2.2453513657674193
2020-06-24 13:06:46 - # 746 :	 -19.999419764615595
2020-06-24 13:06:50 - # 747 :	 10.55622474453412
2020-06-24 13:06:52 - # 748 :	 -1.0781394923105836
2020-06-24 13:06:55 - # 749 :	 -10.207073165103793
2020-06-24 13:06:59 - # 750 :	 -7.102188592310995
2020-06-24 13:06:04 - # 751 :	 -1.8841396672651172
2020-06-24 13:06:05 - # 752 :	 0.7317305728793144
2020-06-24 13:06:07 - # 753 :	 -1.238184473477304
2020-06-24 13:06:08 - # 754 :	 -1.5268911644816399
2020-06-24 13:06:11 - # 755 :	 -5.347356700338423
2020-06-24 13:06:11 - # 756 :	 -2.1310937628149986
2020-06-24 13:06:12 - # 757 :	 -1.2525818245485425
2020-06-24 13:06:20 - # 758 :	 -23.904487682739273
2020-06-24 13:06:24 - # 759 :	 12.434309885138646
2020-06-24 13:06:28 - # 760 :	 4.6619886150583625
2020-06-24 13:06:29 - # 761 :	 -1.5226482935249805
2020-06-24 13:06:31 - # 762 :	 -3.2403872064314783
2020-06-24 13:06:34 - # 763 :	 -4.531277461443096
2020-06-24 13:06:35 - # 764 :	 -1.8108571507036686
2020-06-24 13:06:37 - # 765 :	 -8.471107106655836
2020-06-24 13:06:39 - # 766 :	 3.464818219654262
2020-06-24 13:06:42 - # 767 :	 1.4035141370259225
!!! updated
2020-06-24 13:06:02 - # 768 :	 -0.8098405124619603
2020-06-24 13:06:07 - # 769 :	 5.994257209618809
2020-06-24 13:06:10 - # 770 :	 3.1677654022350907
2020-06-24 13:06:10 - # 771 :	 -1.5825591327156872
2020-06-24 13:06:11 - # 772 :	 -1.7768872247543186
2020-06-24 13:06:13 - # 773 :	 -9.047859109938145
2020-06-24 13:06:22 - # 774 :	 18.216110629960895
2020-06-24 13:06:24 - # 775 :	 0.47043008729815483
2020-06-24 13:06:30 - # 776 :	 2.884644927456975
2020-06-24 13:06:33 - # 777 :	 -2.992033200338483
2020-06-24 13:06:34 - # 778 :	 0.7434526830911636
2020-06-24 13:06:44 - # 779 :	 1.4394854293204844
2020-06-24 13:06:46 - # 780 :	 -2.2125738919712603
2020-06-24 13:06:48 - # 781 :	 -1.2011925615370274
2020-06-24 13:06:50 - # 782 :	 -12.17078875657171
2020-06-24 13:06:53 - # 783 :	 -4.771793161518872
2020-06-24 13:06:55 - # 784 :	 -0.5747445747256279
2020-06-24 13:06:57 - # 785 :	 0.39159314543940127
2020-06-24 13:06:01 - # 786 :	 -21.598651118576527
2020-06-24 13:06:02 - # 787 :	 -2.0075824656523764
2020-06-24 13:06:03 - # 788 :	 -1.6456964015960693
2020-06-24 13:06:04 - # 789 :	 -1.555503724142909
2020-06-24 13:06:11 - # 790 :	 -16.59266347135417
2020-06-24 13:06:13 - # 791 :	 -0.4733642591163516
2020-06-24 13:06:16 - # 792 :	 -1.564419973641634
2020-06-24 13:06:18 - # 793 :	 1.4940098084043711
2020-06-24 13:06:19 - # 794 :	 -1.3378716581501067
2020-06-24 13:06:21 - # 795 :	 1.5153608191758394
2020-06-24 13:06:22 - # 796 :	 -1.0659636380150914
2020-06-24 13:06:23 - # 797 :	 0.23113491851836443
2020-06-24 13:06:25 - # 798 :	 -2.2141046598553658
2020-06-24 13:06:29 - # 799 :	 1.5852240580134094
2020-06-24 13:06:29 - # 800 :	 -1.0840751640498638
2020-06-24 13:06:32 - # 801 :	 -0.3783409623429179
2020-06-24 13:06:33 - # 802 :	 -0.64511913433671
2020-06-24 13:06:35 - # 803 :	 -5.129282785579562
2020-06-24 13:06:36 - # 804 :	 -1.7182484376244247
2020-06-24 13:06:43 - # 805 :	 18.223019398748875
2020-06-24 13:06:47 - # 806 :	 9.162403667345643
2020-06-24 13:06:48 - # 807 :	 -1.9730221051722765
2020-06-24 13:06:54 - # 808 :	 6.725576833356172
2020-06-24 13:06:02 - # 809 :	 16.165447070728987
2020-06-24 13:06:06 - # 810 :	 -0.5357039738446474
2020-06-24 13:06:10 - # 811 :	 -2.2957507567480206
2020-06-24 13:06:13 - # 812 :	 -11.517368139699101
!!! updated
2020-06-24 13:06:31 - # 813 :	 -5.350002360995859
2020-06-24 13:06:36 - # 814 :	 -10.809294447302818
2020-06-24 13:06:46 - # 815 :	 -5.2559402654878795
2020-06-24 13:06:49 - # 816 :	 2.096480601001531
2020-06-24 13:06:52 - # 817 :	 8.000236423686147
2020-06-24 13:06:53 - # 818 :	 -1.7086616177111864
2020-06-24 13:06:01 - # 819 :	 -1.1883601685985923
2020-06-24 13:06:03 - # 820 :	 8.230446053668857
2020-06-24 13:06:06 - # 821 :	 -3.074865195900202
2020-06-24 13:06:14 - # 822 :	 0.7104607461951673
2020-06-24 13:06:17 - # 823 :	 -2.0461052008904517
2020-06-24 13:06:19 - # 824 :	 3.7259744964540005
2020-06-24 13:06:21 - # 825 :	 -0.945240487344563
2020-06-24 13:06:24 - # 826 :	 -0.9310912087094039
2020-06-24 13:06:26 - # 827 :	 0.9589140978641808
2020-06-24 13:06:28 - # 828 :	 -6.709162299986929
2020-06-24 13:06:29 - # 829 :	 -1.2659331671893597
2020-06-24 13:06:30 - # 830 :	 -1.5834421515464783
2020-06-24 13:06:34 - # 831 :	 6.962570155970752
2020-06-24 13:06:39 - # 832 :	 -3.0722515219822526
2020-06-24 13:06:41 - # 833 :	 1.357297871261835
2020-06-24 13:06:44 - # 834 :	 5.127937529236078
2020-06-24 13:06:45 - # 835 :	 -2.2157788015902042
2020-06-24 13:06:48 - # 836 :	 9.255486899986863
2020-06-24 13:06:55 - # 837 :	 2.7443579592509195
2020-06-24 13:06:58 - # 838 :	 -7.4869728069752455
2020-06-24 13:06:12 - # 839 :	 16.771741109434515
2020-06-24 13:06:14 - # 840 :	 -1.1896216575987637
2020-06-24 13:06:17 - # 841 :	 -2.0083837918937206
2020-06-24 13:06:18 - # 842 :	 -3.1739291129633784
2020-06-24 13:06:20 - # 843 :	 -0.9749183063395321
2020-06-24 13:06:22 - # 844 :	 -1.3748336331918836
2020-06-24 13:06:25 - # 845 :	 -1.9949655742384493
2020-06-24 13:06:27 - # 846 :	 2.809429470449686
2020-06-24 13:06:29 - # 847 :	 -7.707941651344299
2020-06-24 13:06:30 - # 848 :	 -0.2809763206169009
2020-06-24 13:06:33 - # 849 :	 -3.2465961687266827
2020-06-24 13:06:33 - # 850 :	 -1.8161051236093044
!!! updated
2020-06-24 13:06:01 - # 851 :	 4.375048362184316
2020-06-24 13:06:17 - # 852 :	 4.74121742323041
2020-06-24 13:06:19 - # 853 :	 2.6942082373425364
2020-06-24 13:06:28 - # 854 :	 2.0651785286609083
2020-06-24 13:06:31 - # 855 :	 -8.49711855314672
2020-06-24 13:06:33 - # 856 :	 -2.3459479408338666
2020-06-24 13:06:39 - # 857 :	 -2.5719050102634355
2020-06-24 13:06:51 - # 858 :	 32.077057083602995
2020-06-24 13:06:52 - # 859 :	 -1.252103965729475
2020-06-24 13:06:54 - # 860 :	 1.3525846228003502
2020-06-24 13:06:01 - # 861 :	 8.330454238690436
2020-06-24 13:06:03 - # 862 :	 -3.110591252334416
2020-06-24 13:06:05 - # 863 :	 -0.496895563788712
2020-06-24 13:06:07 - # 864 :	 -1.1257132645696402
2020-06-24 13:06:11 - # 865 :	 3.5016425792127848
2020-06-24 13:06:12 - # 866 :	 -1.8976877834647894
2020-06-24 13:06:13 - # 867 :	 1.000856545753777
2020-06-24 13:06:14 - # 868 :	 -0.3645280823111534
2020-06-24 13:06:16 - # 869 :	 -1.3069303128868341
2020-06-24 13:06:19 - # 870 :	 -6.577865034807473
2020-06-24 13:06:21 - # 871 :	 1.834544031880796
2020-06-24 13:06:22 - # 872 :	 -1.1980764814652503
2020-06-24 13:06:25 - # 873 :	 -4.169571513775736
2020-06-24 13:06:27 - # 874 :	 0.9104926800355315
2020-06-24 13:06:31 - # 875 :	 2.132264779880643
2020-06-24 13:06:47 - # 876 :	 -0.8865342799690552
2020-06-24 13:06:48 - # 877 :	 -1.0982063305564225
2020-06-24 13:06:49 - # 878 :	 -2.2601101230829954
2020-06-24 13:06:53 - # 879 :	 0.9269388346001506
2020-06-24 13:06:57 - # 880 :	 -2.3073238930664957
2020-06-24 13:06:58 - # 881 :	 -1.8211588058620691
2020-06-24 13:06:59 - # 882 :	 -1.1075840066187084
2020-06-24 13:06:00 - # 883 :	 -1.4519366202875972
2020-06-24 13:06:01 - # 884 :	 -1.1786456601694226
2020-06-24 13:06:02 - # 885 :	 -1.808406362310052
2020-06-24 13:06:06 - # 886 :	 -4.365669880993664
2020-06-24 13:06:10 - # 887 :	 -15.006103488616645
2020-06-24 13:06:14 - # 888 :	 4.081710460595787
!!! updated
2020-06-24 13:06:32 - # 889 :	 6.48966706963256
2020-06-24 13:06:33 - # 890 :	 -1.58027377538383
2020-06-24 13:06:34 - # 891 :	 -2.0418284256011248
2020-06-24 13:06:37 - # 892 :	 -5.927511079236865
2020-06-24 13:06:37 - # 893 :	 -1.3405008185654879
2020-06-24 13:06:40 - # 894 :	 4.22658116556704
2020-06-24 13:06:42 - # 895 :	 -0.03679012833163142
2020-06-24 13:06:46 - # 896 :	 4.641436909325421
2020-06-24 13:06:52 - # 897 :	 5.633662169799209
2020-06-24 13:06:54 - # 898 :	 -1.6108977338299155
2020-06-24 13:06:55 - # 899 :	 -0.6618563681840897
2020-06-24 13:06:58 - # 900 :	 6.8156544314697385
2020-06-24 13:06:00 - # 901 :	 1.988665281329304
2020-06-24 13:06:04 - # 902 :	 6.780574603006244
2020-06-24 13:06:07 - # 903 :	 -3.7321037789806724
2020-06-24 13:06:08 - # 904 :	 -2.2205632850527763
2020-06-24 13:06:11 - # 905 :	 6.660389577038586
2020-06-24 13:06:13 - # 906 :	 -4.351993408985436
2020-06-24 13:06:15 - # 907 :	 -0.8736405039671808
2020-06-24 13:06:17 - # 908 :	 -4.414471982978284
2020-06-24 13:06:22 - # 909 :	 -4.466563971247524
2020-06-24 13:06:24 - # 910 :	 -0.3463850044645369
2020-06-24 13:06:25 - # 911 :	 -3.1478844434022903
2020-06-24 13:06:26 - # 912 :	 -1.6820190018042922
2020-06-24 13:06:27 - # 913 :	 -4.751692447811365
2020-06-24 13:06:31 - # 914 :	 0.2224213641602546
2020-06-24 13:06:33 - # 915 :	 -1.9526641070842743
2020-06-24 13:06:37 - # 916 :	 -2.841107987333089
2020-06-24 13:06:40 - # 917 :	 2.4346131524071097
2020-06-24 13:06:42 - # 918 :	 4.052160939667374
2020-06-24 13:06:47 - # 919 :	 -0.9241737592965364
2020-06-24 13:06:49 - # 920 :	 4.127563446760178
2020-06-24 13:06:53 - # 921 :	 8.320564399240538
2020-06-24 13:06:54 - # 922 :	 -1.02706381957978
2020-06-24 13:06:54 - # 923 :	 -1.820599252358079
2020-06-24 13:06:02 - # 924 :	 -18.687884834129363
2020-06-24 13:06:07 - # 925 :	 -3.9153134441003203
2020-06-24 13:06:08 - # 926 :	 -3.0615803450345993
2020-06-24 13:06:11 - # 927 :	 -2.252856597304344
2020-06-24 13:06:13 - # 928 :	 1.6625013330485672
2020-06-24 13:06:15 - # 929 :	 -0.43437605863437057
2020-06-24 13:06:15 - # 930 :	 -1.4528063274919987
2020-06-24 13:06:16 - # 931 :	 -1.618839554488659
2020-06-24 13:06:18 - # 932 :	 0.8120901975780725
2020-06-24 13:06:20 - # 933 :	 -1.0179489138536155
2020-06-24 13:06:21 - # 934 :	 -2.2406241120770574
2020-06-24 13:06:22 - # 935 :	 -2.4192479886114597
2020-06-24 13:06:30 - # 936 :	 -0.9978779391385615
2020-06-24 13:06:30 - # 937 :	 -1.5758208213374019
2020-06-24 13:06:33 - # 938 :	 -8.72396731004119
2020-06-24 13:06:36 - # 939 :	 2.606301393127069
2020-06-24 13:06:38 - # 940 :	 -2.644411855377257
!!! updated
2020-06-24 13:06:00 - # 941 :	 -12.38053788477555
2020-06-24 13:06:01 - # 942 :	 -0.8753985473886132
2020-06-24 13:06:02 - # 943 :	 -2.5865801870822906
2020-06-24 13:06:03 - # 944 :	 -1.63824874907732
2020-06-24 13:06:05 - # 945 :	 -4.904504192061722
2020-06-24 13:06:06 - # 946 :	 -2.089647952467203
2020-06-24 13:06:06 - # 947 :	 -0.8023260850459337
2020-06-24 13:06:09 - # 948 :	 1.58163029467687
2020-06-24 13:06:11 - # 949 :	 0.8459364864975214
2020-06-24 13:06:14 - # 950 :	 -7.561092898249626
2020-06-24 13:06:18 - # 951 :	 -0.7948974906466901
2020-06-24 13:06:21 - # 952 :	 2.062095146626234
2020-06-24 13:06:22 - # 953 :	 -1.4623246006667614
2020-06-24 13:06:24 - # 954 :	 -3.673820100259036
2020-06-24 13:06:26 - # 955 :	 -7.813962624873966
2020-06-24 13:06:28 - # 956 :	 3.3615131615661085
2020-06-24 13:06:30 - # 957 :	 -3.5177459735423326
2020-06-24 13:06:31 - # 958 :	 -1.2248930856585503
2020-06-24 13:06:36 - # 959 :	 -10.206495500635356
2020-06-24 13:06:42 - # 960 :	 6.808626302052289
2020-06-24 13:06:44 - # 961 :	 -4.430193546926603
2020-06-24 13:06:45 - # 962 :	 -0.839102111523971
2020-06-24 13:06:49 - # 963 :	 1.120409575290978
2020-06-24 13:06:50 - # 964 :	 -0.052545247483067214
2020-06-24 13:06:52 - # 965 :	 -3.8444736609235406
2020-06-24 13:06:52 - # 966 :	 -1.3964923676103354
2020-06-24 13:06:53 - # 967 :	 -0.33460291661322117
2020-06-24 13:06:54 - # 968 :	 -1.8304575830698013
2020-06-24 13:06:57 - # 969 :	 -0.40395205467939377
2020-06-24 13:06:59 - # 970 :	 -4.2969067841768265
2020-06-24 13:06:05 - # 971 :	 -1.480989443603903
2020-06-24 13:06:05 - # 972 :	 -1.2532287910580635
2020-06-24 13:06:07 - # 973 :	 -0.03986756317317486
2020-06-24 13:06:08 - # 974 :	 -1.810598386451602
2020-06-24 13:06:08 - # 975 :	 -1.045326916500926
2020-06-24 13:06:09 - # 976 :	 -1.0154186226427555
2020-06-24 13:06:10 - # 977 :	 -0.24423759058117867
2020-06-24 13:06:11 - # 978 :	 0.02035385277122259
2020-06-24 13:06:13 - # 979 :	 1.7496833666227758
2020-06-24 13:06:14 - # 980 :	 -1.3429582007229328
2020-06-24 13:06:16 - # 981 :	 -2.4681153604760766
2020-06-24 13:06:17 - # 982 :	 -1.3291476219892502
2020-06-24 13:06:17 - # 983 :	 -1.8496466816868633
2020-06-24 13:06:19 - # 984 :	 -2.9087507859803736
2020-06-24 13:06:22 - # 985 :	 -7.3499670997262
2020-06-24 13:06:25 - # 986 :	 3.4527694641437847
2020-06-24 13:06:30 - # 987 :	 -8.005028644576669
2020-06-24 13:06:33 - # 988 :	 -0.6007113475352526
2020-06-24 13:06:34 - # 989 :	 -0.7271160744130611
2020-06-24 13:06:44 - # 990 :	 -38.844311375170946
2020-06-24 13:06:45 - # 991 :	 -0.45312844030559063
2020-06-24 13:06:47 - # 992 :	 -4.609274143353105
2020-06-24 13:06:48 - # 993 :	 -2.1253530979156494
2020-06-24 13:06:49 - # 994 :	 -0.7926319823600352
2020-06-24 13:06:50 - # 995 :	 -1.6625499613583088
2020-06-24 13:06:55 - # 996 :	 -4.5156426995527
2020-06-24 13:06:57 - # 997 :	 -1.5571255492977798
2020-06-24 13:06:02 - # 998 :	 -3.6158048363868147
2020-06-24 13:06:04 - # 999 :	 0.9836066281422973
Setting up 2 worker threads for Enlighten.
  Thread -> id: 7fd8c2ffd700 -> priority: 1 
  Thread -> id: 7fd8c27fc700 -> priority: 1 
2020-06-24 13:44:05 INFO [environment.py:418] Environment shut down with return code 0.
[I 2020-06-24 13:44:05,337] Finished trial#40 with value: -1.143933148342825 with parameters: {'update_time_steps': 2048, 'ppo_epochs': 24, 'gamma': 0.919947880246598, 'beta': 0.03187322154594637}. Best is trial#28 with value: -1.522217790647177.
Found path: /home/j/jensenj/PycharmProjects/Federer-Jr./src/../crawler_single/linux/dynamic_server/crawler_dynamic.x86_64
Mono path[0] = '/home/j/jensenj/PycharmProjects/Federer-Jr./src/../crawler_single/linux/dynamic_server/crawler_dynamic_Data/Managed'
Mono config path = '/home/j/jensenj/PycharmProjects/Federer-Jr./src/../crawler_single/linux/dynamic_server/crawler_dynamic_Data/MonoBleedingEdge/etc'
Preloaded 'lib_burst_generated.so'
Preloaded 'libgrpc_csharp_ext.x64.so'
Initialize engine version: 2019.3.15f1 (59ff3e03856d)
[Subsystems] Discovering subsystems at path /home/j/jensenj/PycharmProjects/Federer-Jr./src/../crawler_single/linux/dynamic_server/crawler_dynamic_Data/UnitySubsystems
Forcing GfxDevice: Null
GfxDevice: creating device client; threaded=0
NullGfxDevice:
    Version:  NULL 1.0 [1.0]
    Renderer: Null Device
    Vendor:   Unity Technologies
Begin MonoManager ReloadAssembly
- Completed reload, in  0.094 seconds
WARNING: Shader Unsupported: 'Autodesk Interactive' - All passes removed
WARNING: Shader Did you use #pragma only_renderers and omit this platform?
UnloadTime: 0.432855 ms
Fallback handler could not load library /home/j/jensenj/PycharmProjects/Federer-Jr./src/../crawler_single/linux/dynamic_server/crawler_dynamic_Data/Mono/libcoreclr.so
Fallback handler could not load library /home/j/jensenj/PycharmProjects/Federer-Jr./src/../crawler_single/linux/dynamic_server/crawler_dynamic_Data/Mono/libcoreclr.so
Fallback handler could not load library /home/j/jensenj/PycharmProjects/Federer-Jr./src/../crawler_single/linux/dynamic_server/crawler_dynamic_Data/Mono/libcoreclr.so
Fallback handler could not load library /home/j/jensenj/PycharmProjects/Federer-Jr./src/../crawler_single/linux/dynamic_server/crawler_dynamic_Data/Mono/libSystem.dylib
Fallback handler could not load library /home/j/jensenj/PycharmProjects/Federer-Jr./src/../crawler_single/linux/dynamic_server/crawler_dynamic_Data/Mono/libSystem.dylib.so
Fallback handler could not load library /home/j/jensenj/PycharmProjects/Federer-Jr./src/../crawler_single/linux/dynamic_server/crawler_dynamic_Data/Mono/libSystem.dylib
Fallback handler could not load library /home/j/jensenj/PycharmProjects/Federer-Jr./src/../crawler_single/linux/dynamic_server/crawler_dynamic_Data/Mono/libcoreclr.so
Fallback handler could not load library /home/j/jensenj/PycharmProjects/Federer-Jr./src/../crawler_single/linux/dynamic_server/crawler_dynamic_Data/Mono/libcoreclr.so
Fallback handler could not load library /home/j/jensenj/PycharmProjects/Federer-Jr./src/../crawler_single/linux/dynamic_server/crawler_dynamic_Data/Mono/libcoreclr.so
Fallback handler could not load library /home/j/jensenj/PycharmProjects/Federer-Jr./src/../crawler_single/linux/dynamic_server/crawler_dynamic_Data/Mono/libSystem.dylib
Fallback handler could not load library /home/j/jensenj/PycharmProjects/Federer-Jr./src/../crawler_single/linux/dynamic_server/crawler_dynamic_Data/Mono/libSystem.dylib.so
Fallback handler could not load library /home/j/jensenj/PycharmProjects/Federer-Jr./src/../crawler_single/linux/dynamic_server/crawler_dynamic_Data/Mono/libSystem.dylib
2020-06-24 13:44:06 INFO [environment.py:108] Connected to Unity environment with package version 1.0.2 and communication version 1.0.0
2020-06-24 13:44:06 INFO [environment.py:265] Connected new brain:
CrawlerDynamic?team=0
2020-06-24 13:44:06 WARNING [__init__.py:92] The environment contains multiple observations. You must define allow_multiple_obs=True to receive them all. Otherwise, only the first visual observation (or vector observation ifthere are no visual observations) will be provided in the observation.
{'nr_output_features': 20, 'nr_input_features': 126, 'env': <gym_unity.envs.UnityToGymWrapper object at 0x7f04d8435588>, 'alpha': 0.003, 'tau': 0.95, 'clip': 0.2, 'minibatch_size': 32, 'hidden_units': 512, 'update_time_steps': 7168, 'ppo_epochs': 3, 'gamma': 0.9864225276879075, 'beta': 0.09446738734603333}
------ # states: 1 , time_step	 42863
------ # states: 2 , time_step	 42864
------ # states: 3 , time_step	 42865
------ # states: 4 , time_step	 42866
------ # states: 5 , time_step	 42867
------ # states: 6 , time_step	 42868
------ # states: 7 , time_step	 42869
------ # states: 8 , time_step	 42870
------ # states: 9 , time_step	 42871
2020-06-24 13:06:07 - # 0 :	 -1.6389758363366127
------ # states: 10 , time_step	 42872
------ # states: 11 , time_step	 42873
------ # states: 12 , time_step	 42874
------ # states: 13 , time_step	 42875
------ # states: 14 , time_step	 42876
------ # states: 15 , time_step	 42877
------ # states: 16 , time_step	 42878
------ # states: 17 , time_step	 42879
------ # states: 18 , time_step	 42880
------ # states: 19 , time_step	 42881
2020-06-24 13:06:07 - # 1 :	 -1.1696529060136527
------ # states: 20 , time_step	 42882
------ # states: 21 , time_step	 42883
------ # states: 22 , time_step	 42884
------ # states: 23 , time_step	 42885
------ # states: 24 , time_step	 42886
------ # states: 25 , time_step	 42887
------ # states: 26 , time_step	 42888
------ # states: 27 , time_step	 42889
------ # states: 28 , time_step	 42890
2020-06-24 13:06:08 - # 2 :	 -1.4526704968884587
------ # states: 29 , time_step	 42891
------ # states: 30 , time_step	 42892
------ # states: 31 , time_step	 42893
------ # states: 32 , time_step	 42894
------ # states: 33 , time_step	 42895
------ # states: 34 , time_step	 42896
------ # states: 35 , time_step	 42897
------ # states: 36 , time_step	 42898
------ # states: 37 , time_step	 42899
2020-06-24 13:06:09 - # 3 :	 -1.442566342651844
------ # states: 38 , time_step	 42900
------ # states: 39 , time_step	 42901
------ # states: 40 , time_step	 42902
------ # states: 41 , time_step	 42903
------ # states: 42 , time_step	 42904
------ # states: 43 , time_step	 42905
------ # states: 44 , time_step	 42906
------ # states: 45 , time_step	 42907
------ # states: 46 , time_step	 42908
------ # states: 47 , time_step	 42909
------ # states: 48 , time_step	 42910
------ # states: 49 , time_step	 42911
------ # states: 50 , time_step	 42912
------ # states: 51 , time_step	 42913
------ # states: 52 , time_step	 42914
------ # states: 53 , time_step	 42915
------ # states: 54 , time_step	 42916
------ # states: 55 , time_step	 42917
------ # states: 56 , time_step	 42918
------ # states: 57 , time_step	 42919
------ # states: 58 , time_step	 42920
------ # states: 59 , time_step	 42921
------ # states: 60 , time_step	 42922
------ # states: 61 , time_step	 42923
------ # states: 62 , time_step	 42924
------ # states: 63 , time_step	 42925
------ # states: 64 , time_step	 42926
------ # states: 65 , time_step	 42927
------ # states: 66 , time_step	 42928
------ # states: 67 , time_step	 42929
------ # states: 68 , time_step	 42930
------ # states: 69 , time_step	 42931
------ # states: 70 , time_step	 42932
------ # states: 71 , time_step	 42933
------ # states: 72 , time_step	 42934
------ # states: 73 , time_step	 42935
------ # states: 74 , time_step	 42936
------ # states: 75 , time_step	 42937
------ # states: 76 , time_step	 42938
------ # states: 77 , time_step	 42939
------ # states: 78 , time_step	 42940
------ # states: 79 , time_step	 42941
------ # states: 80 , time_step	 42942
------ # states: 81 , time_step	 42943
------ # states: 82 , time_step	 42944
------ # states: 83 , time_step	 42945
------ # states: 84 , time_step	 42946
------ # states: 85 , time_step	 42947
------ # states: 86 , time_step	 42948
------ # states: 87 , time_step	 42949
------ # states: 88 , time_step	 42950
------ # states: 89 , time_step	 42951
------ # states: 90 , time_step	 42952
------ # states: 91 , time_step	 42953
------ # states: 92 , time_step	 42954
------ # states: 93 , time_step	 42955
------ # states: 94 , time_step	 42956
------ # states: 95 , time_step	 42957
------ # states: 96 , time_step	 42958
2020-06-24 13:06:13 - # 4 :	 5.933020872063935
------ # states: 97 , time_step	 42959
------ # states: 98 , time_step	 42960
------ # states: 99 , time_step	 42961
------ # states: 100 , time_step	 42962
------ # states: 101 , time_step	 42963
------ # states: 102 , time_step	 42964
------ # states: 103 , time_step	 42965
------ # states: 104 , time_step	 42966
------ # states: 105 , time_step	 42967
2020-06-24 13:06:13 - # 5 :	 -0.8221258511766791
------ # states: 106 , time_step	 42968
------ # states: 107 , time_step	 42969
------ # states: 108 , time_step	 42970
------ # states: 109 , time_step	 42971
------ # states: 110 , time_step	 42972
------ # states: 111 , time_step	 42973
------ # states: 112 , time_step	 42974
------ # states: 113 , time_step	 42975
------ # states: 114 , time_step	 42976
2020-06-24 13:06:14 - # 6 :	 -0.7719534700736403
------ # states: 115 , time_step	 42977
------ # states: 116 , time_step	 42978
------ # states: 117 , time_step	 42979
------ # states: 118 , time_step	 42980
------ # states: 119 , time_step	 42981
------ # states: 120 , time_step	 42982
------ # states: 121 , time_step	 42983
------ # states: 122 , time_step	 42984
------ # states: 123 , time_step	 42985
2020-06-24 13:06:14 - # 7 :	 -1.4507134999148548
------ # states: 124 , time_step	 42986
------ # states: 125 , time_step	 42987
------ # states: 126 , time_step	 42988
------ # states: 127 , time_step	 42989
------ # states: 128 , time_step	 42990
------ # states: 129 , time_step	 42991
------ # states: 130 , time_step	 42992
------ # states: 131 , time_step	 42993
------ # states: 132 , time_step	 42994
------ # states: 133 , time_step	 42995
------ # states: 134 , time_step	 42996
------ # states: 135 , time_step	 42997
------ # states: 136 , time_step	 42998
------ # states: 137 , time_step	 42999
------ # states: 138 , time_step	 43000
------ # states: 139 , time_step	 43001
------ # states: 140 , time_step	 43002
------ # states: 141 , time_step	 43003
------ # states: 142 , time_step	 43004
------ # states: 143 , time_step	 43005
------ # states: 144 , time_step	 43006
------ # states: 145 , time_step	 43007
------ # states: 146 , time_step	 43008
ERROR -  batch_size: 146 , batch_count: 4
[W 2020-06-24 13:44:16,315] Setting status of trial#67 as TrialState.FAIL because of the following error: ValueError('array split does not result in an equal division',)
Traceback (most recent call last):
  File "/home/j/jensenj/.local/lib/python3.6/site-packages/numpy/lib/shape_base.py", line 867, in split
    len(indices_or_sections)
TypeError: object of type 'int' has no len()

During handling of the above exception, another exception occurred:

Traceback (most recent call last):
  File "/home/j/jensenj/.local/lib/python3.6/site-packages/optuna/study.py", line 734, in _run_trial
    result = func(trial)
  File "main-optuna.py", line 100, in objective
    returns = [episode(env, agent, params, writer, i) for i in range(training_episodes)]
  File "main-optuna.py", line 100, in <listcomp>
    returns = [episode(env, agent, params, writer, i) for i in range(training_episodes)]
  File "main-optuna.py", line 53, in episode
    agent.update(next_state)
  File "/home/j/jensenj/PycharmProjects/Federer-Jr./src/ppo.py", line 149, in update
    next_value):
  File "/home/j/jensenj/PycharmProjects/Federer-Jr./src/ppo.py", line 52, in sample_batch
    raise v
  File "/home/j/jensenj/PycharmProjects/Federer-Jr./src/ppo.py", line 49, in sample_batch
    ids = np.split(ids, batch_count)
  File "<__array_function__ internals>", line 6, in split
  File "/home/j/jensenj/.local/lib/python3.6/site-packages/numpy/lib/shape_base.py", line 873, in split
    'array split does not result in an equal division')
ValueError: array split does not result in an equal division
Traceback (most recent call last):
  File "/home/j/jensenj/.local/lib/python3.6/site-packages/numpy/lib/shape_base.py", line 867, in split
    len(indices_or_sections)
TypeError: object of type 'int' has no len()

During handling of the above exception, another exception occurred:

Traceback (most recent call last):
  File "main-optuna.py", line 118, in <module>
    study.optimize(objective, n_trials=10000)
  File "/home/j/jensenj/.local/lib/python3.6/site-packages/optuna/study.py", line 339, in optimize
    func, n_trials, timeout, catch, callbacks, gc_after_trial, None
  File "/home/j/jensenj/.local/lib/python3.6/site-packages/optuna/study.py", line 682, in _optimize_sequential
    self._run_trial_and_callbacks(func, catch, callbacks, gc_after_trial)
  File "/home/j/jensenj/.local/lib/python3.6/site-packages/optuna/study.py", line 713, in _run_trial_and_callbacks
    trial = self._run_trial(func, catch, gc_after_trial)
  File "/home/j/jensenj/.local/lib/python3.6/site-packages/optuna/study.py", line 734, in _run_trial
    result = func(trial)
  File "main-optuna.py", line 100, in objective
    returns = [episode(env, agent, params, writer, i) for i in range(training_episodes)]
  File "main-optuna.py", line 100, in <listcomp>
    returns = [episode(env, agent, params, writer, i) for i in range(training_episodes)]
  File "main-optuna.py", line 53, in episode
    agent.update(next_state)
  File "/home/j/jensenj/PycharmProjects/Federer-Jr./src/ppo.py", line 149, in update
    next_value):
  File "/home/j/jensenj/PycharmProjects/Federer-Jr./src/ppo.py", line 52, in sample_batch
    raise v
  File "/home/j/jensenj/PycharmProjects/Federer-Jr./src/ppo.py", line 49, in sample_batch
    ids = np.split(ids, batch_count)
  File "<__array_function__ internals>", line 6, in split
  File "/home/j/jensenj/.local/lib/python3.6/site-packages/numpy/lib/shape_base.py", line 873, in split
    'array split does not result in an equal division')
ValueError: array split does not result in an equal division
Setting up 2 worker threads for Enlighten.
  Thread -> id: 7fe3437fe700 -> priority: 1 
  Thread -> id: 7fe342ffd700 -> priority: 1 
2020-06-24 13:44:16 INFO [environment.py:418] Environment shut down with return code 0.
