slurmstepd-ilm: error: Unable to create TMPDIR [/tmp/user/30108]: Permission denied
slurmstepd-ilm: error: Setting TMPDIR to /tmp
------- load study successful
Found path: /home/j/jensenj/PycharmProjects/Federer-Jr./src/../crawler_single/linux/dynamic_server/crawler_dynamic.x86_64
Mono path[0] = '/home/j/jensenj/PycharmProjects/Federer-Jr./src/../crawler_single/linux/dynamic_server/crawler_dynamic_Data/Managed'
Mono config path = '/home/j/jensenj/PycharmProjects/Federer-Jr./src/../crawler_single/linux/dynamic_server/crawler_dynamic_Data/MonoBleedingEdge/etc'
Preloaded 'lib_burst_generated.so'
Preloaded 'libgrpc_csharp_ext.x64.so'
Initialize engine version: 2019.3.15f1 (59ff3e03856d)
[Subsystems] Discovering subsystems at path /home/j/jensenj/PycharmProjects/Federer-Jr./src/../crawler_single/linux/dynamic_server/crawler_dynamic_Data/UnitySubsystems
Forcing GfxDevice: Null
GfxDevice: creating device client; threaded=0
NullGfxDevice:
    Version:  NULL 1.0 [1.0]
    Renderer: Null Device
    Vendor:   Unity Technologies
Begin MonoManager ReloadAssembly
- Completed reload, in  0.099 seconds
WARNING: Shader Unsupported: 'Autodesk Interactive' - All passes removed
WARNING: Shader Did you use #pragma only_renderers and omit this platform?
UnloadTime: 0.428081 ms
Fallback handler could not load library /home/j/jensenj/PycharmProjects/Federer-Jr./src/../crawler_single/linux/dynamic_server/crawler_dynamic_Data/Mono/libcoreclr.so
Fallback handler could not load library /home/j/jensenj/PycharmProjects/Federer-Jr./src/../crawler_single/linux/dynamic_server/crawler_dynamic_Data/Mono/libcoreclr.so
Fallback handler could not load library /home/j/jensenj/PycharmProjects/Federer-Jr./src/../crawler_single/linux/dynamic_server/crawler_dynamic_Data/Mono/libcoreclr.so
Fallback handler could not load library /home/j/jensenj/PycharmProjects/Federer-Jr./src/../crawler_single/linux/dynamic_server/crawler_dynamic_Data/Mono/libSystem.dylib
Fallback handler could not load library /home/j/jensenj/PycharmProjects/Federer-Jr./src/../crawler_single/linux/dynamic_server/crawler_dynamic_Data/Mono/libSystem.dylib.so
Fallback handler could not load library /home/j/jensenj/PycharmProjects/Federer-Jr./src/../crawler_single/linux/dynamic_server/crawler_dynamic_Data/Mono/libSystem.dylib
Fallback handler could not load library /home/j/jensenj/PycharmProjects/Federer-Jr./src/../crawler_single/linux/dynamic_server/crawler_dynamic_Data/Mono/libcoreclr.so
Fallback handler could not load library /home/j/jensenj/PycharmProjects/Federer-Jr./src/../crawler_single/linux/dynamic_server/crawler_dynamic_Data/Mono/libcoreclr.so
Fallback handler could not load library /home/j/jensenj/PycharmProjects/Federer-Jr./src/../crawler_single/linux/dynamic_server/crawler_dynamic_Data/Mono/libcoreclr.so
Fallback handler could not load library /home/j/jensenj/PycharmProjects/Federer-Jr./src/../crawler_single/linux/dynamic_server/crawler_dynamic_Data/Mono/libSystem.dylib
Fallback handler could not load library /home/j/jensenj/PycharmProjects/Federer-Jr./src/../crawler_single/linux/dynamic_server/crawler_dynamic_Data/Mono/libSystem.dylib.so
Fallback handler could not load library /home/j/jensenj/PycharmProjects/Federer-Jr./src/../crawler_single/linux/dynamic_server/crawler_dynamic_Data/Mono/libSystem.dylib
/home/j/jensenj/.local/lib/python3.6/site-packages/tensorboard/compat/tensorflow_stub/dtypes.py:541: FutureWarning: Passing (type, 1) or '1type' as a synonym of type is deprecated; in a future version of numpy, it will be understood as (type, (1,)) / '(1,)type'.
  _np_qint8 = np.dtype([("qint8", np.int8, 1)])
/home/j/jensenj/.local/lib/python3.6/site-packages/tensorboard/compat/tensorflow_stub/dtypes.py:542: FutureWarning: Passing (type, 1) or '1type' as a synonym of type is deprecated; in a future version of numpy, it will be understood as (type, (1,)) / '(1,)type'.
  _np_quint8 = np.dtype([("quint8", np.uint8, 1)])
/home/j/jensenj/.local/lib/python3.6/site-packages/tensorboard/compat/tensorflow_stub/dtypes.py:543: FutureWarning: Passing (type, 1) or '1type' as a synonym of type is deprecated; in a future version of numpy, it will be understood as (type, (1,)) / '(1,)type'.
  _np_qint16 = np.dtype([("qint16", np.int16, 1)])
/home/j/jensenj/.local/lib/python3.6/site-packages/tensorboard/compat/tensorflow_stub/dtypes.py:544: FutureWarning: Passing (type, 1) or '1type' as a synonym of type is deprecated; in a future version of numpy, it will be understood as (type, (1,)) / '(1,)type'.
  _np_quint16 = np.dtype([("quint16", np.uint16, 1)])
/home/j/jensenj/.local/lib/python3.6/site-packages/tensorboard/compat/tensorflow_stub/dtypes.py:545: FutureWarning: Passing (type, 1) or '1type' as a synonym of type is deprecated; in a future version of numpy, it will be understood as (type, (1,)) / '(1,)type'.
  _np_qint32 = np.dtype([("qint32", np.int32, 1)])
/home/j/jensenj/.local/lib/python3.6/site-packages/tensorboard/compat/tensorflow_stub/dtypes.py:550: FutureWarning: Passing (type, 1) or '1type' as a synonym of type is deprecated; in a future version of numpy, it will be understood as (type, (1,)) / '(1,)type'.
  np_resource = np.dtype([("resource", np.ubyte, 1)])
2020-06-24 12:51:57 INFO [environment.py:108] Connected to Unity environment with package version 1.0.2 and communication version 1.0.0
2020-06-24 12:51:57 INFO [environment.py:265] Connected new brain:
CrawlerDynamic?team=0
2020-06-24 12:51:57 WARNING [__init__.py:92] The environment contains multiple observations. You must define allow_multiple_obs=True to receive them all. Otherwise, only the first visual observation (or vector observation ifthere are no visual observations) will be provided in the observation.
/home/j/jensenj/.local/lib/python3.6/site-packages/gym/logger.py:30: UserWarning: WARN: Box bound precision lowered by casting to float32
  warnings.warn(colorize('%s: %s'%('WARN', msg % args), 'yellow'))
{'nr_output_features': 20, 'nr_input_features': 126, 'env': <gym_unity.envs.UnityToGymWrapper object at 0x7f20c1bbebe0>, 'alpha': 0.003, 'tau': 0.95, 'clip': 0.2, 'minibatch_size': 32, 'hidden_units': 512, 'update_time_steps': 8192, 'ppo_epochs': 28, 'gamma': 0.9225099148686841, 'beta': 0.0356948398579692}
2020-06-24 12:06:58 - # 0 :	 -1.5683023883029819
2020-06-24 12:06:59 - # 1 :	 -1.9391848240047693
2020-06-24 12:06:00 - # 2 :	 -0.7346818814985454
2020-06-24 12:06:02 - # 3 :	 -0.1493993429467082
2020-06-24 12:06:02 - # 4 :	 -0.9096701964735985
2020-06-24 12:06:04 - # 5 :	 3.1900267573073506
2020-06-24 12:06:05 - # 6 :	 0.12902829516679049
2020-06-24 12:06:07 - # 7 :	 1.149072905536741
2020-06-24 12:06:09 - # 8 :	 -2.8893454987555742
2020-06-24 12:06:10 - # 9 :	 -1.2188979603815824
2020-06-24 12:06:10 - # 10 :	 -1.0030141081660986
2020-06-24 12:06:11 - # 11 :	 -1.8330168658867478
2020-06-24 12:06:12 - # 12 :	 -1.187003092840314
2020-06-24 12:06:12 - # 13 :	 -1.3092301543802023
2020-06-24 12:06:16 - # 14 :	 -9.636272511212155
2020-06-24 12:06:16 - # 15 :	 -1.8272066302597523
2020-06-24 12:06:17 - # 16 :	 -0.6804299931973219
2020-06-24 12:06:20 - # 17 :	 -1.5452366053359583
2020-06-24 12:06:24 - # 18 :	 4.717144789523445
2020-06-24 12:06:25 - # 19 :	 -1.6030409298837185
2020-06-24 12:06:27 - # 20 :	 -5.127682389691472
2020-06-24 12:06:28 - # 21 :	 -5.420320238918066
2020-06-24 12:06:29 - # 22 :	 -1.326312481192872
2020-06-24 12:06:30 - # 23 :	 -1.2136941491626203
2020-06-24 12:06:32 - # 24 :	 -0.17956159636378288
2020-06-24 12:06:33 - # 25 :	 -2.626794744282961
2020-06-24 12:06:34 - # 26 :	 -1.184840054716915
2020-06-24 12:06:35 - # 27 :	 -0.5925959618762136
2020-06-24 12:06:35 - # 28 :	 -1.8265704736113548
2020-06-24 12:06:36 - # 29 :	 -0.9426393136382103
2020-06-24 12:06:36 - # 30 :	 -1.6225768700242043
2020-06-24 12:06:37 - # 31 :	 -1.720705577172339
2020-06-24 12:06:38 - # 32 :	 -1.1248685643076897
2020-06-24 12:06:39 - # 33 :	 -0.40761310048401356
2020-06-24 12:06:40 - # 34 :	 -0.5032051731832325
2020-06-24 12:06:41 - # 35 :	 -0.6959189926274121
2020-06-24 12:06:42 - # 36 :	 -0.7228430472314358
2020-06-24 12:06:42 - # 37 :	 -1.0271189715713263
2020-06-24 12:06:44 - # 38 :	 -1.5678068296983838
2020-06-24 12:06:44 - # 39 :	 -1.7608179338276386
2020-06-24 12:06:46 - # 40 :	 -3.761737632099539
2020-06-24 12:06:48 - # 41 :	 0.630858261603862
2020-06-24 12:06:49 - # 42 :	 -0.8991506807506084
2020-06-24 12:06:50 - # 43 :	 0.3319142824038863
2020-06-24 12:06:51 - # 44 :	 -0.9302426967769861
2020-06-24 12:06:52 - # 45 :	 -0.9056977098807693
2020-06-24 12:06:52 - # 46 :	 -0.5954389311373234
2020-06-24 12:06:57 - # 47 :	 -5.796092909295112
2020-06-24 12:06:57 - # 48 :	 -1.059367248788476
2020-06-24 12:06:58 - # 49 :	 -1.3395599422510713
2020-06-24 12:06:58 - # 50 :	 -1.2370046305004507
2020-06-24 12:06:59 - # 51 :	 -1.0889838812872767
2020-06-24 12:06:00 - # 52 :	 -2.585576329380274
2020-06-24 12:06:00 - # 53 :	 -1.1183127833064646
2020-06-24 12:06:01 - # 54 :	 -1.2764847800135612
2020-06-24 12:06:03 - # 55 :	 -1.7403235901147127
2020-06-24 12:06:04 - # 56 :	 -1.1753495335578918
2020-06-24 12:06:04 - # 57 :	 -1.632122464478016
2020-06-24 12:06:06 - # 58 :	 -2.866853560321033
2020-06-24 12:06:07 - # 59 :	 -1.8547765538096428
2020-06-24 12:06:07 - # 60 :	 -1.206387749640271
2020-06-24 12:06:08 - # 61 :	 -1.3897828799672425
2020-06-24 12:06:09 - # 62 :	 -0.7037289820145816
2020-06-24 12:06:11 - # 63 :	 -2.5551868746988475
2020-06-24 12:06:12 - # 64 :	 -1.8350025042891502
2020-06-24 12:06:12 - # 65 :	 -1.1882271855138242
2020-06-24 12:06:15 - # 66 :	 3.492572693154216
2020-06-24 12:06:16 - # 67 :	 -1.9520530179142952
2020-06-24 12:06:16 - # 68 :	 -1.3460995256900787
2020-06-24 12:06:18 - # 69 :	 0.04159560985863209
2020-06-24 12:06:20 - # 70 :	 -1.8021518681198359
2020-06-24 12:06:22 - # 71 :	 -4.5543208215385675
2020-06-24 12:06:27 - # 72 :	 -1.6921491702087224
2020-06-24 12:06:28 - # 73 :	 -1.1024274434894323
2020-06-24 12:06:28 - # 74 :	 -1.0529909264296293
2020-06-24 12:06:29 - # 75 :	 -1.4547847844660282
2020-06-24 12:06:29 - # 76 :	 -1.2739892392419279
2020-06-24 12:06:30 - # 77 :	 -0.5628026993945241
2020-06-24 12:06:31 - # 78 :	 -1.2725274777039886
2020-06-24 12:06:32 - # 79 :	 -2.066310552880168
2020-06-24 12:06:32 - # 80 :	 -1.143423866480589
2020-06-24 12:06:33 - # 81 :	 -0.7551788273267448
2020-06-24 12:06:34 - # 82 :	 -1.5944053884595633
2020-06-24 12:06:34 - # 83 :	 -1.5108153391629457
2020-06-24 12:06:35 - # 84 :	 -2.0401274487376213
2020-06-24 12:06:38 - # 85 :	 2.148897785693407
2020-06-24 12:06:38 - # 86 :	 -1.3551613476593047
2020-06-24 12:06:40 - # 87 :	 -4.0553446434787475
2020-06-24 12:06:41 - # 88 :	 -1.0568362972699106
2020-06-24 12:06:41 - # 89 :	 -0.5914912410080433
2020-06-24 12:06:42 - # 90 :	 -1.0951273869723082
2020-06-24 12:06:43 - # 91 :	 -0.6995341372676194
2020-06-24 12:06:43 - # 92 :	 -1.2858916108962148
2020-06-24 12:06:45 - # 93 :	 -0.5449919560924172
2020-06-24 12:06:49 - # 94 :	 -12.987197219394147
2020-06-24 12:06:55 - # 95 :	 11.727877495344728
2020-06-24 12:06:56 - # 96 :	 -1.5862339595332742
2020-06-24 12:06:57 - # 97 :	 1.124170701019466
2020-06-24 12:06:58 - # 98 :	 -0.8547954466193914
2020-06-24 12:06:59 - # 99 :	 -2.904048535041511
2020-06-24 12:06:00 - # 100 :	 -2.8787198215723038
2020-06-24 12:06:02 - # 101 :	 -1.3603077195584774
2020-06-24 12:06:03 - # 102 :	 -2.2484265035018325
2020-06-24 12:06:04 - # 103 :	 -0.22629214636981487
2020-06-24 12:06:05 - # 104 :	 -2.653637856245041
2020-06-24 12:06:09 - # 105 :	 -2.1198014710098505
2020-06-24 12:06:12 - # 106 :	 -4.153494793106802
2020-06-24 12:06:13 - # 107 :	 -1.4483216144144535
2020-06-24 12:06:14 - # 108 :	 -0.6292825480923057
2020-06-24 12:06:15 - # 109 :	 -0.09978075325489044
2020-06-24 12:06:15 - # 110 :	 -1.2798676575766876
2020-06-24 12:06:16 - # 111 :	 -1.7112305462360382
2020-06-24 12:06:18 - # 112 :	 -4.087781340349466
2020-06-24 12:06:19 - # 113 :	 -1.3861145470291376
2020-06-24 12:06:20 - # 114 :	 3.4185875169932842
2020-06-24 12:06:21 - # 115 :	 -1.3181883108336478
2020-06-24 12:06:21 - # 116 :	 -0.7865980202332139
2020-06-24 12:06:24 - # 117 :	 -5.881278529996052
2020-06-24 12:06:24 - # 118 :	 -1.140025422675535
2020-06-24 12:06:27 - # 119 :	 -1.4866323759779334
2020-06-24 12:06:29 - # 120 :	 -3.2415897285100073
2020-06-24 12:06:30 - # 121 :	 -3.493726322427392
2020-06-24 12:06:30 - # 122 :	 -1.736624963581562
2020-06-24 12:06:32 - # 123 :	 -5.881887482479215
2020-06-24 12:06:33 - # 124 :	 -3.912705449387431
2020-06-24 12:06:34 - # 125 :	 -1.3216602029278874
2020-06-24 12:06:36 - # 126 :	 -1.6800003359094262
2020-06-24 12:06:41 - # 127 :	 -6.71853606775403
2020-06-24 12:06:42 - # 128 :	 -1.4275708459317684
2020-06-24 12:06:46 - # 129 :	 1.3886182650458068
2020-06-24 12:06:49 - # 130 :	 -12.211050435900688
2020-06-24 12:06:50 - # 131 :	 -1.8760482221841812
2020-06-24 12:06:50 - # 132 :	 -1.270881547126919
2020-06-24 12:06:51 - # 133 :	 -2.414771803189069
2020-06-24 12:06:52 - # 134 :	 -2.8153961282223463
2020-06-24 12:06:54 - # 135 :	 0.3058812031522393
2020-06-24 12:06:55 - # 136 :	 -0.8004067917354405
2020-06-24 12:06:57 - # 137 :	 -3.0188777605071664
2020-06-24 12:06:57 - # 138 :	 -1.7924268133938313
2020-06-24 12:06:58 - # 139 :	 -1.335919577628374
2020-06-24 12:06:00 - # 140 :	 2.739662523381412
2020-06-24 12:06:01 - # 141 :	 -1.0441834875382483
2020-06-24 12:06:02 - # 142 :	 -1.6440791422501206
2020-06-24 12:06:05 - # 143 :	 -7.237328615272418
2020-06-24 12:06:07 - # 144 :	 -0.9250819068402052
2020-06-24 12:06:07 - # 145 :	 -1.3832069523632526
2020-06-24 12:06:08 - # 146 :	 -0.9864699877798557
2020-06-24 12:06:09 - # 147 :	 -1.9595203548669815
2020-06-24 12:06:11 - # 148 :	 -3.168619554489851
2020-06-24 12:06:12 - # 149 :	 -1.1595324836671352
2020-06-24 12:06:13 - # 150 :	 0.29137012967839837
2020-06-24 12:06:14 - # 151 :	 -1.2708685398101807
2020-06-24 12:06:17 - # 152 :	 -6.511174080427736
2020-06-24 12:06:19 - # 153 :	 -5.39123285934329
2020-06-24 12:06:20 - # 154 :	 -1.0447533335536718
2020-06-24 12:06:21 - # 155 :	 -6.26040766807273
2020-06-24 12:06:23 - # 156 :	 -0.2375436034053564
2020-06-24 12:06:24 - # 157 :	 -1.3076895773410797
2020-06-24 12:06:25 - # 158 :	 -0.7448862219462171
2020-06-24 12:06:29 - # 159 :	 -4.372862823307514
2020-06-24 12:06:31 - # 160 :	 -3.6679454264231026
2020-06-24 12:06:32 - # 161 :	 -1.2359117183368653
2020-06-24 12:06:34 - # 162 :	 0.9399175941944122
2020-06-24 12:06:36 - # 163 :	 1.535614900290966
2020-06-24 12:06:36 - # 164 :	 -1.212428908329457
2020-06-24 12:06:38 - # 165 :	 -2.835808092262596
2020-06-24 12:06:39 - # 166 :	 -1.5221486734226346
2020-06-24 12:06:39 - # 167 :	 -1.0452746748924255
2020-06-24 12:06:41 - # 168 :	 7.416667343117297
2020-06-24 12:06:42 - # 169 :	 -1.5983924278989434
2020-06-24 12:06:44 - # 170 :	 -1.2457869905047119
2020-06-24 12:06:45 - # 171 :	 -4.299142170697451
2020-06-24 12:06:47 - # 172 :	 -2.1470032054930925
2020-06-24 12:06:47 - # 173 :	 -1.0978342238813639
2020-06-24 12:06:48 - # 174 :	 -1.3999445266090333
2020-06-24 12:06:49 - # 175 :	 -1.1262574009597301
2020-06-24 12:06:50 - # 176 :	 -1.6501914011314511
2020-06-24 12:06:50 - # 177 :	 -1.442019833251834
2020-06-24 12:06:52 - # 178 :	 -0.7492373390123248
2020-06-24 12:06:53 - # 179 :	 -2.8169082179665565
2020-06-24 12:06:54 - # 180 :	 -4.004003521054983
2020-06-24 12:06:55 - # 181 :	 -1.5326170367188752
2020-06-24 12:06:55 - # 182 :	 -1.2517170133069158
2020-06-24 12:06:56 - # 183 :	 -1.3341934755444527
2020-06-24 12:06:58 - # 184 :	 -4.118075361009687
2020-06-24 12:06:58 - # 185 :	 -1.0074717653915286
2020-06-24 12:06:59 - # 186 :	 -0.6806248426437378
2020-06-24 12:06:01 - # 187 :	 -1.7570341147948056
2020-06-24 12:06:02 - # 188 :	 -0.8482543397694826
2020-06-24 12:06:03 - # 189 :	 -0.8552761061582714
2020-06-24 12:06:03 - # 190 :	 -1.8926638700067997
2020-06-24 12:06:04 - # 191 :	 -0.7415817817673087
2020-06-24 12:06:05 - # 192 :	 -1.7534918042365462
2020-06-24 12:06:05 - # 193 :	 -1.4778235265985131
2020-06-24 12:06:06 - # 194 :	 -2.104152418207377
2020-06-24 12:06:07 - # 195 :	 -1.182458975352347
2020-06-24 12:06:07 - # 196 :	 -0.9326579421758652
2020-06-24 12:06:09 - # 197 :	 -0.6392927942797542
2020-06-24 12:06:09 - # 198 :	 -1.6470624338835478
2020-06-24 12:06:13 - # 199 :	 4.497689389623702
2020-06-24 12:06:13 - # 200 :	 -2.094167100265622
2020-06-24 12:06:14 - # 201 :	 -0.8955346432048827
2020-06-24 12:06:15 - # 202 :	 -0.7504253722727299
2020-06-24 12:06:18 - # 203 :	 -3.010194748174399
2020-06-24 12:06:19 - # 204 :	 -1.724607165902853
2020-06-24 12:06:20 - # 205 :	 -0.26488657714799047
2020-06-24 12:06:21 - # 206 :	 -1.877468187827617
2020-06-24 12:06:24 - # 207 :	 -2.279114430770278
2020-06-24 12:06:24 - # 208 :	 -1.130426969844848
2020-06-24 12:06:27 - # 209 :	 -2.454962778603658
2020-06-24 12:06:30 - # 210 :	 1.3317021075636148
2020-06-24 12:06:31 - # 211 :	 -1.5296645523048937
2020-06-24 12:06:32 - # 212 :	 -1.5872945580631495
2020-06-24 12:06:32 - # 213 :	 -1.2017087321728468
2020-06-24 12:06:33 - # 214 :	 -1.287015737965703
2020-06-24 12:06:35 - # 215 :	 0.5320788299432024
2020-06-24 12:06:35 - # 216 :	 -1.4571382328867912
2020-06-24 12:06:36 - # 217 :	 -1.2592860674485564
2020-06-24 12:06:37 - # 218 :	 0.7400657581165433
2020-06-24 12:06:38 - # 219 :	 -1.5643239570781589
2020-06-24 12:06:40 - # 220 :	 -3.8253739969804883
2020-06-24 12:06:41 - # 221 :	 -1.0895571000874043
2020-06-24 12:06:42 - # 222 :	 -1.476742621511221
2020-06-24 12:06:43 - # 223 :	 -1.71940828114748
2020-06-24 12:06:44 - # 224 :	 -1.3027839716523886
2020-06-24 12:06:44 - # 225 :	 -2.163329031318426
2020-06-24 12:06:45 - # 226 :	 -0.21663128305226564
2020-06-24 12:06:48 - # 227 :	 -6.204207780305296
2020-06-24 12:06:50 - # 228 :	 0.7759193293750286
2020-06-24 12:06:51 - # 229 :	 -2.5278316498734057
2020-06-24 12:06:52 - # 230 :	 -1.648275951622054
2020-06-24 12:06:53 - # 231 :	 -0.9897092329338193
2020-06-24 12:06:54 - # 232 :	 -1.5372549053281546
2020-06-24 12:06:55 - # 233 :	 -1.005480958148837
2020-06-24 12:06:56 - # 234 :	 -1.7365257982164621
2020-06-24 12:06:56 - # 235 :	 -1.2727201185189188
2020-06-24 12:06:57 - # 236 :	 -0.8617401672527194
2020-06-24 12:06:57 - # 237 :	 -1.2362931072711945
2020-06-24 12:06:58 - # 238 :	 -1.2449077479541302
2020-06-24 12:06:59 - # 239 :	 -1.7978625297546387
2020-06-24 12:06:00 - # 240 :	 2.7310203704982996
2020-06-24 12:06:01 - # 241 :	 -3.0296280309557915
2020-06-24 12:06:02 - # 242 :	 -1.0068959904601797
2020-06-24 12:06:02 - # 243 :	 -1.6628869455307722
2020-06-24 12:06:03 - # 244 :	 -0.7902993634343147
2020-06-24 12:06:03 - # 245 :	 -0.9385899640619755
2020-06-24 12:06:04 - # 246 :	 -1.3189509361982346
2020-06-24 12:06:05 - # 247 :	 -2.100623417645693
2020-06-24 12:06:06 - # 248 :	 -2.529589932411909
2020-06-24 12:06:07 - # 249 :	 0.15661480370908976
2020-06-24 12:06:08 - # 250 :	 -1.8047905401326716
2020-06-24 12:06:11 - # 251 :	 -3.126429636729881
2020-06-24 12:06:12 - # 252 :	 -1.768513134215027
2020-06-24 12:06:13 - # 253 :	 -0.8914533690549433
2020-06-24 12:06:14 - # 254 :	 -1.179058874025941
2020-06-24 12:06:15 - # 255 :	 -0.7972583631053567
2020-06-24 12:06:16 - # 256 :	 -0.13583857333287597
2020-06-24 12:06:16 - # 257 :	 -1.3646205104887486
2020-06-24 12:06:17 - # 258 :	 -0.29658921249210835
2020-06-24 12:06:18 - # 259 :	 -2.2472545225173235
2020-06-24 12:06:19 - # 260 :	 -1.9643356231972575
2020-06-24 12:06:20 - # 261 :	 -0.7655274998396635
2020-06-24 12:06:21 - # 262 :	 -1.4296460086479783
2020-06-24 12:06:24 - # 263 :	 6.710365309379995
2020-06-24 12:06:26 - # 264 :	 -2.52892354875803
2020-06-24 12:06:28 - # 265 :	 -1.4647873025387526
2020-06-24 12:06:29 - # 266 :	 -0.8049149326980114
2020-06-24 12:06:29 - # 267 :	 -1.7828189507126808
2020-06-24 12:06:30 - # 268 :	 -1.246944885700941
2020-06-24 12:06:31 - # 269 :	 -1.1439692672574893
2020-06-24 12:06:32 - # 270 :	 -0.9292134328279644
2020-06-24 12:06:33 - # 271 :	 -0.8634372078813612
2020-06-24 12:06:33 - # 272 :	 -0.9827602514997125
2020-06-24 12:06:34 - # 273 :	 -2.0393778905272484
2020-06-24 12:06:34 - # 274 :	 -1.4180719889700413
2020-06-24 12:06:35 - # 275 :	 -1.8341788444668055
2020-06-24 12:06:36 - # 276 :	 1.7428835909813643
2020-06-24 12:06:37 - # 277 :	 -0.8313102694228292
2020-06-24 12:06:37 - # 278 :	 -0.8897157367318869
2020-06-24 12:06:39 - # 279 :	 -2.250703863799572
2020-06-24 12:06:39 - # 280 :	 -0.8465113039128482
2020-06-24 12:06:40 - # 281 :	 -0.9443808514624834
2020-06-24 12:06:42 - # 282 :	 -2.858249909710139
2020-06-24 12:06:43 - # 283 :	 -3.753783993422985
2020-06-24 12:06:44 - # 284 :	 -1.2415411258116364
2020-06-24 12:06:46 - # 285 :	 -5.481154711917043
2020-06-24 12:06:48 - # 286 :	 -1.4164105304516852
2020-06-24 12:06:49 - # 287 :	 -1.2111305482685566
2020-06-24 12:06:50 - # 288 :	 -1.1665848512202501
2020-06-24 12:06:52 - # 289 :	 -0.1378002930432558
2020-06-24 12:06:53 - # 290 :	 0.8569619082845747
2020-06-24 12:06:54 - # 291 :	 -2.0151917478069663
2020-06-24 12:06:55 - # 292 :	 -1.6277046725153923
2020-06-24 12:06:55 - # 293 :	 -0.7741352282464504
2020-06-24 12:06:56 - # 294 :	 -0.5733675435185432
2020-06-24 12:06:58 - # 295 :	 1.6535279233939946
2020-06-24 12:06:59 - # 296 :	 -1.4782964251935482
2020-06-24 12:06:59 - # 297 :	 -0.7125622387975454
2020-06-24 12:06:01 - # 298 :	 -0.625558746047318
2020-06-24 12:06:02 - # 299 :	 -0.9601750378496945
2020-06-24 12:06:02 - # 300 :	 -1.7141936868429184
2020-06-24 12:06:03 - # 301 :	 -0.9842641223222017
2020-06-24 12:06:04 - # 302 :	 -2.484332323540002
2020-06-24 12:06:05 - # 303 :	 -1.7177164293825626
2020-06-24 12:06:07 - # 304 :	 -1.8237001979723573
2020-06-24 12:06:09 - # 305 :	 0.7121804561465979
2020-06-24 12:06:10 - # 306 :	 -1.6160575933754444
2020-06-24 12:06:10 - # 307 :	 -1.9848294435068965
2020-06-24 12:06:11 - # 308 :	 -1.570285332389176
2020-06-24 12:06:12 - # 309 :	 -1.4471095763146877
2020-06-24 12:06:13 - # 310 :	 -1.1626810850575566
2020-06-24 12:06:14 - # 311 :	 -3.356400310061872
2020-06-24 12:06:15 - # 312 :	 -1.8878325847908854
2020-06-24 12:06:16 - # 313 :	 -1.2387077705934644
2020-06-24 12:06:19 - # 314 :	 -3.6858694218099117
2020-06-24 12:06:19 - # 315 :	 -3.4080234467983246
2020-06-24 12:06:20 - # 316 :	 -2.368979388847947
2020-06-24 12:06:24 - # 317 :	 -8.241210183128715
2020-06-24 12:06:24 - # 318 :	 -1.6530362982302904
2020-06-24 12:06:25 - # 319 :	 -0.7845809357240796
2020-06-24 12:06:26 - # 320 :	 -1.6995162852108479
2020-06-24 12:06:26 - # 321 :	 -1.6938380002975464
2020-06-24 12:06:29 - # 322 :	 -1.0848140513990074
2020-06-24 12:06:30 - # 323 :	 -1.0926067121326923
2020-06-24 12:06:31 - # 324 :	 -1.5127974338829517
2020-06-24 12:06:32 - # 325 :	 -2.1450775768607855
2020-06-24 12:06:33 - # 326 :	 -1.711411202326417
2020-06-24 12:06:34 - # 327 :	 -0.5725292866118252
2020-06-24 12:06:34 - # 328 :	 -1.7473051846027374
2020-06-24 12:06:35 - # 329 :	 -1.6618946599774063
2020-06-24 12:06:36 - # 330 :	 -0.31065250071696937
2020-06-24 12:06:37 - # 331 :	 -0.7957541802898049
2020-06-24 12:06:38 - # 332 :	 -2.3964141262695193
2020-06-24 12:06:39 - # 333 :	 -1.3231125455349684
2020-06-24 12:06:39 - # 334 :	 -0.6673115780577064
2020-06-24 12:06:43 - # 335 :	 6.564288697205484
2020-06-24 12:06:44 - # 336 :	 -1.0556612880900502
2020-06-24 12:06:45 - # 337 :	 -1.3767118179239333
2020-06-24 12:06:46 - # 338 :	 2.6552569530904293
2020-06-24 12:06:47 - # 339 :	 -2.3432027772068977
2020-06-24 12:06:49 - # 340 :	 2.2034265669062734
2020-06-24 12:06:53 - # 341 :	 -12.843839511275291
2020-06-24 12:06:54 - # 342 :	 -0.70456921774894
2020-06-24 12:06:56 - # 343 :	 -0.02214314602315426
2020-06-24 12:06:56 - # 344 :	 -2.0398392155766487
2020-06-24 12:06:58 - # 345 :	 0.49342564633116126
2020-06-24 12:06:59 - # 346 :	 -3.3840660378336906
2020-06-24 12:06:00 - # 347 :	 -1.875367640517652
2020-06-24 12:06:02 - # 348 :	 -1.4408470414346084
2020-06-24 12:06:04 - # 349 :	 -6.898298088461161
2020-06-24 12:06:05 - # 350 :	 -2.734048429876566
2020-06-24 12:06:08 - # 351 :	 -2.222505592741072
2020-06-24 12:06:09 - # 352 :	 -1.2870264938101172
2020-06-24 12:06:12 - # 353 :	 -6.0384206008166075
2020-06-24 12:06:15 - # 354 :	 1.0356780979782343
2020-06-24 12:06:16 - # 355 :	 -1.495340192108415
2020-06-24 12:06:20 - # 356 :	 -2.6176078389398754
2020-06-24 12:06:21 - # 357 :	 -0.7757976315915585
2020-06-24 12:06:21 - # 358 :	 -1.2364349104464054
2020-06-24 12:06:22 - # 359 :	 -0.9431110695004463
2020-06-24 12:06:23 - # 360 :	 -1.67939237318933
2020-06-24 12:06:23 - # 361 :	 -0.3628293415531516
2020-06-24 12:06:25 - # 362 :	 2.810142029542476
2020-06-24 12:06:26 - # 363 :	 -1.5573621112853289
2020-06-24 12:06:26 - # 364 :	 -1.1983001991175115
2020-06-24 12:06:28 - # 365 :	 -1.0798228005878627
2020-06-24 12:06:29 - # 366 :	 -2.0252844356000423
2020-06-24 12:06:30 - # 367 :	 -1.6378937745466828
2020-06-24 12:06:32 - # 368 :	 -5.970507938880473
2020-06-24 12:06:33 - # 369 :	 -1.232443779706955
2020-06-24 12:06:35 - # 370 :	 0.2018254636786878
2020-06-24 12:06:37 - # 371 :	 -2.0397170605137944
2020-06-24 12:06:37 - # 372 :	 -1.4891579998657107
2020-06-24 12:06:38 - # 373 :	 -0.7529002707451582
2020-06-24 12:06:38 - # 374 :	 -1.5060494244098663
2020-06-24 12:06:39 - # 375 :	 -1.7771970722824335
2020-06-24 12:06:42 - # 376 :	 1.8311944382730871
2020-06-24 12:06:43 - # 377 :	 -0.8589441869407892
2020-06-24 12:06:45 - # 378 :	 1.0929113691672683
2020-06-24 12:06:46 - # 379 :	 -3.903942670673132
2020-06-24 12:06:47 - # 380 :	 -1.7558421697467566
2020-06-24 12:06:48 - # 381 :	 0.30587945180013776
2020-06-24 12:06:49 - # 382 :	 -0.8253936846740544
2020-06-24 12:06:50 - # 383 :	 -0.8179838825017214
2020-06-24 12:06:50 - # 384 :	 -1.2968344925902784
2020-06-24 12:06:52 - # 385 :	 1.6358252195641398
2020-06-24 12:06:55 - # 386 :	 -0.866419313242659
2020-06-24 12:06:57 - # 387 :	 1.875676647759974
2020-06-24 12:06:59 - # 388 :	 -1.9888877589255571
2020-06-24 13:06:01 - # 389 :	 -4.454151291400194
2020-06-24 13:06:03 - # 390 :	 -1.063465230166912
2020-06-24 13:06:04 - # 391 :	 -0.06179266422986984
2020-06-24 13:06:05 - # 392 :	 -0.9593112543225288
2020-06-24 13:06:05 - # 393 :	 -1.2277843859046698
2020-06-24 13:06:06 - # 394 :	 -1.3027872908860445
2020-06-24 13:06:07 - # 395 :	 1.6101184887811542
2020-06-24 13:06:09 - # 396 :	 -2.2895196746103466
2020-06-24 13:06:10 - # 397 :	 -0.8652225960977376
2020-06-24 13:06:11 - # 398 :	 -0.3004120634868741
2020-06-24 13:06:12 - # 399 :	 -1.2243069121614099
2020-06-24 13:06:14 - # 400 :	 -0.10833173710852861
2020-06-24 13:06:14 - # 401 :	 -2.816801380366087
2020-06-24 13:06:17 - # 402 :	 -0.8403576700948179
2020-06-24 13:06:18 - # 403 :	 0.07012086594477296
2020-06-24 13:06:19 - # 404 :	 -1.0871201865375042
2020-06-24 13:06:21 - # 405 :	 1.830883901566267
2020-06-24 13:06:22 - # 406 :	 -2.278365587349981
2020-06-24 13:06:22 - # 407 :	 -1.0927223931066692
2020-06-24 13:06:23 - # 408 :	 -1.807684201747179
2020-06-24 13:06:24 - # 409 :	 -4.316005580127239
2020-06-24 13:06:25 - # 410 :	 -1.650536846369505
2020-06-24 13:06:26 - # 411 :	 -1.415900799445808
2020-06-24 13:06:27 - # 412 :	 -0.7868692604824901
2020-06-24 13:06:29 - # 413 :	 0.48098202189430594
2020-06-24 13:06:29 - # 414 :	 -0.7715153875760734
2020-06-24 13:06:32 - # 415 :	 4.729712509550154
2020-06-24 13:06:32 - # 416 :	 -0.968016994651407
2020-06-24 13:06:33 - # 417 :	 -1.4932738840579987
2020-06-24 13:06:34 - # 418 :	 -1.9860052652657032
2020-06-24 13:06:35 - # 419 :	 -1.9502266151830554
2020-06-24 13:06:37 - # 420 :	 0.052370856050401926
2020-06-24 13:06:38 - # 421 :	 -1.492404769640416
2020-06-24 13:06:38 - # 422 :	 -1.5540061220526695
2020-06-24 13:06:39 - # 423 :	 -0.7976587992161512
2020-06-24 13:06:40 - # 424 :	 -2.459891740232706
2020-06-24 13:06:42 - # 425 :	 -3.479630694258958
2020-06-24 13:06:44 - # 426 :	 -0.03371231351047754
2020-06-24 13:06:45 - # 427 :	 -1.470825470983982
2020-06-24 13:06:45 - # 428 :	 -0.9145929315127432
2020-06-24 13:06:46 - # 429 :	 -1.1452532277908176
2020-06-24 13:06:47 - # 430 :	 -1.5842076130211353
2020-06-24 13:06:47 - # 431 :	 -1.2357021402567625
2020-06-24 13:06:50 - # 432 :	 -3.87813217821531
2020-06-24 13:06:51 - # 433 :	 -0.8272698223590851
2020-06-24 13:06:52 - # 434 :	 -1.5847354978322983
2020-06-24 13:06:53 - # 435 :	 -0.8651711260899901
2020-06-24 13:06:55 - # 436 :	 -6.744994772598147
2020-06-24 13:06:55 - # 437 :	 -1.4434720589779317
2020-06-24 13:06:56 - # 438 :	 -2.95770581997931
2020-06-24 13:06:57 - # 439 :	 -1.0498096896335483
2020-06-24 13:06:58 - # 440 :	 -1.658221798017621
!!! updated
2020-06-24 13:06:04 - # 441 :	 -3.6668983474373817
2020-06-24 13:06:05 - # 442 :	 -2.120564579963684
2020-06-24 13:06:06 - # 443 :	 -0.17229413334280252
2020-06-24 13:06:07 - # 444 :	 -0.19247659668326378
2020-06-24 13:06:08 - # 445 :	 -1.4078451896784827
2020-06-24 13:06:09 - # 446 :	 -0.2102541010826826
2020-06-24 13:06:09 - # 447 :	 -0.43771388242021203
2020-06-24 13:06:10 - # 448 :	 -0.15631243027746677
2020-06-24 13:06:11 - # 449 :	 -2.2774923127144575
2020-06-24 13:06:12 - # 450 :	 -0.8341481210663915
2020-06-24 13:06:13 - # 451 :	 -0.2315487777814269
2020-06-24 13:06:14 - # 452 :	 -2.0801857579499483
2020-06-24 13:06:15 - # 453 :	 -1.6147731132805347
2020-06-24 13:06:15 - # 454 :	 -0.005117894150316715
2020-06-24 13:06:16 - # 455 :	 -2.2240703888237476
2020-06-24 13:06:17 - # 456 :	 -2.0750953443348408
2020-06-24 13:06:18 - # 457 :	 -2.0393209010362625
2020-06-24 13:06:19 - # 458 :	 -1.6164704393595457
2020-06-24 13:06:20 - # 459 :	 -0.4168406883254647
2020-06-24 13:06:20 - # 460 :	 -0.4854595363140106
2020-06-24 13:06:21 - # 461 :	 -2.108264958485961
2020-06-24 13:06:22 - # 462 :	 -1.0415019609499723
2020-06-24 13:06:23 - # 463 :	 -1.7740247659385204
2020-06-24 13:06:24 - # 464 :	 -0.16313055995851755
2020-06-24 13:06:25 - # 465 :	 -2.932257540524006
2020-06-24 13:06:25 - # 466 :	 -2.209640610963106
2020-06-24 13:06:26 - # 467 :	 -1.7710382086224854
2020-06-24 13:06:27 - # 468 :	 -1.9063351042568684
2020-06-24 13:06:28 - # 469 :	 -0.2001148695126176
2020-06-24 13:06:29 - # 470 :	 -1.3722928743809462
2020-06-24 13:06:30 - # 471 :	 -0.19067075289785862
2020-06-24 13:06:31 - # 472 :	 -0.263702598400414
2020-06-24 13:06:31 - # 473 :	 -1.4993653409183025
2020-06-24 13:06:32 - # 474 :	 -2.091691467911005
2020-06-24 13:06:33 - # 475 :	 -1.9278483875095844
2020-06-24 13:06:34 - # 476 :	 -0.13555718399584293
2020-06-24 13:06:35 - # 477 :	 -1.9598330445587635
2020-06-24 13:06:36 - # 478 :	 -2.0394844114780426
2020-06-24 13:06:36 - # 479 :	 -0.916779350489378
2020-06-24 13:06:37 - # 480 :	 -0.14081560261547565
2020-06-24 13:06:38 - # 481 :	 -0.41102324053645134
2020-06-24 13:06:39 - # 482 :	 -0.2747905943542719
2020-06-24 13:06:40 - # 483 :	 -1.2344276260118932
2020-06-24 13:06:41 - # 484 :	 -1.21500488743186
2020-06-24 13:06:42 - # 485 :	 -2.251243744045496
2020-06-24 13:06:42 - # 486 :	 -0.09122870396822691
2020-06-24 13:06:43 - # 487 :	 -0.27089785877615213
2020-06-24 13:06:44 - # 488 :	 -1.212356073781848
2020-06-24 13:06:45 - # 489 :	 -2.4045072123408318
2020-06-24 13:06:46 - # 490 :	 -1.9414195083081722
2020-06-24 13:06:47 - # 491 :	 -1.1121263694949448
action: tensor([[ 3.4833e+32, -3.2021e+34,  6.3945e+34, -1.2581e+34,  5.9449e+34,
          9.9461e+34, -4.5405e+34, -1.3453e+34,  1.1052e+35,  3.0059e+34,
         -5.0798e+34,  2.5086e+34,  3.7513e+34,  6.9472e+34, -9.4219e+32,
         -6.1185e+34, -6.7319e+34,  4.5180e+34,  7.3177e+34,  7.1174e+34]]) , log_prob: tensor([[-1.0988, -1.1326, -1.1541, -1.2343, -1.0788, -1.1579, -1.1236, -1.1349,
         -1.1161, -1.0909, -1.1433, -1.1656, -1.1107, -1.1006, -1.1169, -1.1326,
         -1.1756, -1.1058, -1.1585, -1.0619]], grad_fn=<SubBackward0>) , value: tensor([[0.1335]], grad_fn=<AddmmBackward>)
action numpy:  [ 3.4833393e+32 -3.2021456e+34  6.3944540e+34 -1.2581068e+34
  5.9449050e+34  9.9461332e+34 -4.5405343e+34 -1.3452652e+34
  1.1051796e+35  3.0059162e+34 -5.0797780e+34  2.5086310e+34
  3.7513074e+34  6.9471724e+34 -9.4219113e+32 -6.1185409e+34
 -6.7318560e+34  4.5179746e+34  7.3176616e+34  7.1173659e+34]
[W 2020-06-24 13:02:48,023] Setting status of trial#34 as TrialState.FAIL because of the following error: RuntimeError('The observations provided had Infinite values.',)
Traceback (most recent call last):
  File "/home/j/jensenj/.local/lib/python3.6/site-packages/optuna/study.py", line 734, in _run_trial
    result = func(trial)
  File "main-optuna.py", line 100, in objective
    returns = [episode(env, agent, params, writer, i) for i in range(training_episodes)]
  File "main-optuna.py", line 100, in <listcomp>
    returns = [episode(env, agent, params, writer, i) for i in range(training_episodes)]
  File "main-optuna.py", line 36, in episode
    raise e
  File "main-optuna.py", line 32, in episode
    next_state, reward, done, _ = env.step(action.numpy()[0])
  File "/home/j/jensenj/.local/lib/python3.6/site-packages/gym_unity/envs/__init__.py", line 177, in step
    self._env.step()
  File "/home/j/jensenj/.local/lib/python3.6/site-packages/mlagents_envs/timers.py", line 305, in wrapped
    return func(*args, **kwargs)
  File "/home/j/jensenj/.local/lib/python3.6/site-packages/mlagents_envs/environment.py", line 319, in step
    self._update_state(rl_output)
  File "/home/j/jensenj/.local/lib/python3.6/site-packages/mlagents_envs/environment.py", line 275, in _update_state
    agent_info_list, self._env_specs[brain_name]
  File "/home/j/jensenj/.local/lib/python3.6/site-packages/mlagents_envs/timers.py", line 305, in wrapped
    return func(*args, **kwargs)
  File "/home/j/jensenj/.local/lib/python3.6/site-packages/mlagents_envs/rpc_utils.py", line 188, in steps_from_proto
    obs_index, obs_shape, decision_agent_info_list
  File "/home/j/jensenj/.local/lib/python3.6/site-packages/mlagents_envs/timers.py", line 305, in wrapped
    return func(*args, **kwargs)
  File "/home/j/jensenj/.local/lib/python3.6/site-packages/mlagents_envs/rpc_utils.py", line 152, in _process_vector_observation
    _raise_on_nan_and_inf(np_obs, "observations")
  File "/home/j/jensenj/.local/lib/python3.6/site-packages/mlagents_envs/rpc_utils.py", line 132, in _raise_on_nan_and_inf
    raise RuntimeError(f"The {source} provided had Infinite values.")
RuntimeError: The observations provided had Infinite values.
Traceback (most recent call last):
  File "main-optuna.py", line 118, in <module>
    study.optimize(objective, n_trials=10000)
  File "/home/j/jensenj/.local/lib/python3.6/site-packages/optuna/study.py", line 339, in optimize
    func, n_trials, timeout, catch, callbacks, gc_after_trial, None
  File "/home/j/jensenj/.local/lib/python3.6/site-packages/optuna/study.py", line 682, in _optimize_sequential
    self._run_trial_and_callbacks(func, catch, callbacks, gc_after_trial)
  File "/home/j/jensenj/.local/lib/python3.6/site-packages/optuna/study.py", line 713, in _run_trial_and_callbacks
    trial = self._run_trial(func, catch, gc_after_trial)
  File "/home/j/jensenj/.local/lib/python3.6/site-packages/optuna/study.py", line 734, in _run_trial
    result = func(trial)
  File "main-optuna.py", line 100, in objective
    returns = [episode(env, agent, params, writer, i) for i in range(training_episodes)]
  File "main-optuna.py", line 100, in <listcomp>
    returns = [episode(env, agent, params, writer, i) for i in range(training_episodes)]
  File "main-optuna.py", line 36, in episode
    raise e
  File "main-optuna.py", line 32, in episode
    next_state, reward, done, _ = env.step(action.numpy()[0])
  File "/home/j/jensenj/.local/lib/python3.6/site-packages/gym_unity/envs/__init__.py", line 177, in step
    self._env.step()
  File "/home/j/jensenj/.local/lib/python3.6/site-packages/mlagents_envs/timers.py", line 305, in wrapped
    return func(*args, **kwargs)
  File "/home/j/jensenj/.local/lib/python3.6/site-packages/mlagents_envs/environment.py", line 319, in step
    self._update_state(rl_output)
  File "/home/j/jensenj/.local/lib/python3.6/site-packages/mlagents_envs/environment.py", line 275, in _update_state
    agent_info_list, self._env_specs[brain_name]
  File "/home/j/jensenj/.local/lib/python3.6/site-packages/mlagents_envs/timers.py", line 305, in wrapped
    return func(*args, **kwargs)
  File "/home/j/jensenj/.local/lib/python3.6/site-packages/mlagents_envs/rpc_utils.py", line 188, in steps_from_proto
    obs_index, obs_shape, decision_agent_info_list
  File "/home/j/jensenj/.local/lib/python3.6/site-packages/mlagents_envs/timers.py", line 305, in wrapped
    return func(*args, **kwargs)
  File "/home/j/jensenj/.local/lib/python3.6/site-packages/mlagents_envs/rpc_utils.py", line 152, in _process_vector_observation
    _raise_on_nan_and_inf(np_obs, "observations")
  File "/home/j/jensenj/.local/lib/python3.6/site-packages/mlagents_envs/rpc_utils.py", line 132, in _raise_on_nan_and_inf
    raise RuntimeError(f"The {source} provided had Infinite values.")
RuntimeError: The observations provided had Infinite values.
Setting up 2 worker threads for Enlighten.
  Thread -> id: 7fecde9ad700 -> priority: 1 
  Thread -> id: 7fecde1ac700 -> priority: 1 
2020-06-24 13:02:48 INFO [environment.py:418] Environment shut down with return code 0.
