slurmstepd-anlauter: error: Unable to create TMPDIR [/tmp/user/30108]: Permission denied
slurmstepd-anlauter: error: Setting TMPDIR to /tmp
------- load study successful
Found path: /home/j/jensenj/PycharmProjects/Federer-Jr./src/../crawler_single/linux/dynamic_server/crawler_dynamic.x86_64
Mono path[0] = '/home/j/jensenj/PycharmProjects/Federer-Jr./src/../crawler_single/linux/dynamic_server/crawler_dynamic_Data/Managed'
Mono config path = '/home/j/jensenj/PycharmProjects/Federer-Jr./src/../crawler_single/linux/dynamic_server/crawler_dynamic_Data/MonoBleedingEdge/etc'
Preloaded 'lib_burst_generated.so'
Preloaded 'libgrpc_csharp_ext.x64.so'
Initialize engine version: 2019.3.15f1 (59ff3e03856d)
[Subsystems] Discovering subsystems at path /home/j/jensenj/PycharmProjects/Federer-Jr./src/../crawler_single/linux/dynamic_server/crawler_dynamic_Data/UnitySubsystems
Forcing GfxDevice: Null
GfxDevice: creating device client; threaded=0
NullGfxDevice:
    Version:  NULL 1.0 [1.0]
    Renderer: Null Device
    Vendor:   Unity Technologies
Begin MonoManager ReloadAssembly
- Completed reload, in  0.128 seconds
WARNING: Shader Unsupported: 'Autodesk Interactive' - All passes removed
WARNING: Shader Did you use #pragma only_renderers and omit this platform?
UnloadTime: 0.529694 ms
Fallback handler could not load library /home/j/jensenj/PycharmProjects/Federer-Jr./src/../crawler_single/linux/dynamic_server/crawler_dynamic_Data/Mono/libcoreclr.so
Fallback handler could not load library /home/j/jensenj/PycharmProjects/Federer-Jr./src/../crawler_single/linux/dynamic_server/crawler_dynamic_Data/Mono/libcoreclr.so
Fallback handler could not load library /home/j/jensenj/PycharmProjects/Federer-Jr./src/../crawler_single/linux/dynamic_server/crawler_dynamic_Data/Mono/libcoreclr.so
Fallback handler could not load library /home/j/jensenj/PycharmProjects/Federer-Jr./src/../crawler_single/linux/dynamic_server/crawler_dynamic_Data/Mono/libSystem.dylib
Fallback handler could not load library /home/j/jensenj/PycharmProjects/Federer-Jr./src/../crawler_single/linux/dynamic_server/crawler_dynamic_Data/Mono/libSystem.dylib.so
Fallback handler could not load library /home/j/jensenj/PycharmProjects/Federer-Jr./src/../crawler_single/linux/dynamic_server/crawler_dynamic_Data/Mono/libSystem.dylib
Fallback handler could not load library /home/j/jensenj/PycharmProjects/Federer-Jr./src/../crawler_single/linux/dynamic_server/crawler_dynamic_Data/Mono/libcoreclr.so
Fallback handler could not load library /home/j/jensenj/PycharmProjects/Federer-Jr./src/../crawler_single/linux/dynamic_server/crawler_dynamic_Data/Mono/libcoreclr.so
Fallback handler could not load library /home/j/jensenj/PycharmProjects/Federer-Jr./src/../crawler_single/linux/dynamic_server/crawler_dynamic_Data/Mono/libcoreclr.so
Fallback handler could not load library /home/j/jensenj/PycharmProjects/Federer-Jr./src/../crawler_single/linux/dynamic_server/crawler_dynamic_Data/Mono/libSystem.dylib
Fallback handler could not load library /home/j/jensenj/PycharmProjects/Federer-Jr./src/../crawler_single/linux/dynamic_server/crawler_dynamic_Data/Mono/libSystem.dylib.so
Fallback handler could not load library /home/j/jensenj/PycharmProjects/Federer-Jr./src/../crawler_single/linux/dynamic_server/crawler_dynamic_Data/Mono/libSystem.dylib
/home/j/jensenj/.local/lib/python3.6/site-packages/tensorboard/compat/tensorflow_stub/dtypes.py:541: FutureWarning: Passing (type, 1) or '1type' as a synonym of type is deprecated; in a future version of numpy, it will be understood as (type, (1,)) / '(1,)type'.
  _np_qint8 = np.dtype([("qint8", np.int8, 1)])
/home/j/jensenj/.local/lib/python3.6/site-packages/tensorboard/compat/tensorflow_stub/dtypes.py:542: FutureWarning: Passing (type, 1) or '1type' as a synonym of type is deprecated; in a future version of numpy, it will be understood as (type, (1,)) / '(1,)type'.
  _np_quint8 = np.dtype([("quint8", np.uint8, 1)])
/home/j/jensenj/.local/lib/python3.6/site-packages/tensorboard/compat/tensorflow_stub/dtypes.py:543: FutureWarning: Passing (type, 1) or '1type' as a synonym of type is deprecated; in a future version of numpy, it will be understood as (type, (1,)) / '(1,)type'.
  _np_qint16 = np.dtype([("qint16", np.int16, 1)])
/home/j/jensenj/.local/lib/python3.6/site-packages/tensorboard/compat/tensorflow_stub/dtypes.py:544: FutureWarning: Passing (type, 1) or '1type' as a synonym of type is deprecated; in a future version of numpy, it will be understood as (type, (1,)) / '(1,)type'.
  _np_quint16 = np.dtype([("quint16", np.uint16, 1)])
/home/j/jensenj/.local/lib/python3.6/site-packages/tensorboard/compat/tensorflow_stub/dtypes.py:545: FutureWarning: Passing (type, 1) or '1type' as a synonym of type is deprecated; in a future version of numpy, it will be understood as (type, (1,)) / '(1,)type'.
  _np_qint32 = np.dtype([("qint32", np.int32, 1)])
/home/j/jensenj/.local/lib/python3.6/site-packages/tensorboard/compat/tensorflow_stub/dtypes.py:550: FutureWarning: Passing (type, 1) or '1type' as a synonym of type is deprecated; in a future version of numpy, it will be understood as (type, (1,)) / '(1,)type'.
  np_resource = np.dtype([("resource", np.ubyte, 1)])
2020-06-24 12:51:59 INFO [environment.py:108] Connected to Unity environment with package version 1.0.2 and communication version 1.0.0
2020-06-24 12:51:59 INFO [environment.py:265] Connected new brain:
CrawlerDynamic?team=0
2020-06-24 12:51:59 WARNING [__init__.py:92] The environment contains multiple observations. You must define allow_multiple_obs=True to receive them all. Otherwise, only the first visual observation (or vector observation ifthere are no visual observations) will be provided in the observation.
/home/j/jensenj/.local/lib/python3.6/site-packages/gym/logger.py:30: UserWarning: WARN: Box bound precision lowered by casting to float32
  warnings.warn(colorize('%s: %s'%('WARN', msg % args), 'yellow'))
{'nr_output_features': 20, 'nr_input_features': 126, 'env': <gym_unity.envs.UnityToGymWrapper object at 0x7faaa9aa3be0>, 'alpha': 0.003, 'tau': 0.95, 'clip': 0.2, 'minibatch_size': 32, 'hidden_units': 512, 'update_time_steps': 8192, 'ppo_epochs': 18, 'gamma': 0.9792605564255729, 'beta': 0.031060389398227133}
2020-06-24 12:06:02 - # 0 :	 -1.81494897371158
2020-06-24 12:06:04 - # 1 :	 0.4588094651699066
2020-06-24 12:06:06 - # 2 :	 -3.239052839577198
2020-06-24 12:06:07 - # 3 :	 1.1646280148997903
2020-06-24 12:06:08 - # 4 :	 -0.506054469384253
2020-06-24 12:06:12 - # 5 :	 6.959070708602667
2020-06-24 12:06:13 - # 6 :	 -0.5506295161321759
2020-06-24 12:06:14 - # 7 :	 -1.0126616675406694
2020-06-24 12:06:15 - # 8 :	 -1.193925108294934
2020-06-24 12:06:16 - # 9 :	 -3.1600231677293777
2020-06-24 12:06:19 - # 10 :	 -1.6784631595946848
2020-06-24 12:06:20 - # 11 :	 0.35869492311030626
2020-06-24 12:06:22 - # 12 :	 -1.1135037885978818
2020-06-24 12:06:23 - # 13 :	 -1.430477298446931
2020-06-24 12:06:24 - # 14 :	 -0.7623100054915994
2020-06-24 12:06:24 - # 15 :	 -1.7974689565598965
2020-06-24 12:06:25 - # 16 :	 -1.1869946024380624
2020-06-24 12:06:26 - # 17 :	 -0.963404122274369
2020-06-24 12:06:27 - # 18 :	 -1.7026202706620097
2020-06-24 12:06:27 - # 19 :	 -1.6635731868445873
2020-06-24 12:06:29 - # 20 :	 -3.9050317213404924
2020-06-24 12:06:30 - # 21 :	 -1.0937989878002554
2020-06-24 12:06:30 - # 22 :	 -1.1092598671093583
2020-06-24 12:06:31 - # 23 :	 -2.2152742706239223
2020-06-24 12:06:34 - # 24 :	 -1.3376486906781793
2020-06-24 12:06:34 - # 25 :	 -0.8554420871660113
2020-06-24 12:06:36 - # 26 :	 -4.258759066462517
2020-06-24 12:06:37 - # 27 :	 -1.5869389427825809
2020-06-24 12:06:37 - # 28 :	 -1.0537428883835673
2020-06-24 12:06:38 - # 29 :	 -1.4458318203687668
2020-06-24 12:06:39 - # 30 :	 0.6958655240014195
2020-06-24 12:06:40 - # 31 :	 -0.9602943025529385
2020-06-24 12:06:41 - # 32 :	 -2.0024498105049133
2020-06-24 12:06:41 - # 33 :	 -1.4515192247927189
2020-06-24 12:06:43 - # 34 :	 -0.8001243760809302
2020-06-24 12:06:44 - # 35 :	 -1.4072486152872443
2020-06-24 12:06:44 - # 36 :	 -0.8892520945519209
2020-06-24 12:06:45 - # 37 :	 -0.9020312521606684
2020-06-24 12:06:46 - # 38 :	 -0.37858158093877137
2020-06-24 12:06:46 - # 39 :	 -1.4105422720313072
2020-06-24 12:06:50 - # 40 :	 2.854146082419902
2020-06-24 12:06:51 - # 41 :	 -2.1558912992477417
2020-06-24 12:06:53 - # 42 :	 -1.8551531656703446
2020-06-24 12:06:54 - # 43 :	 -0.8886732822284102
2020-06-24 12:06:56 - # 44 :	 -2.9683749452233315
2020-06-24 12:06:56 - # 45 :	 -1.4850456155836582
2020-06-24 12:06:57 - # 46 :	 -0.9955120936501771
2020-06-24 12:06:58 - # 47 :	 -2.06428474932909
2020-06-24 12:06:59 - # 48 :	 -1.9117372990585864
2020-06-24 12:06:03 - # 49 :	 -9.006599102402106
2020-06-24 12:06:03 - # 50 :	 -0.361135839484632
2020-06-24 12:06:04 - # 51 :	 -0.5742814745754004
2020-06-24 12:06:05 - # 52 :	 -0.9410683624446392
2020-06-24 12:06:05 - # 53 :	 -1.6980745233595371
2020-06-24 12:06:10 - # 54 :	 -4.99197504366748
2020-06-24 12:06:11 - # 55 :	 1.927602805197239
2020-06-24 12:06:15 - # 56 :	 -8.27628052746877
2020-06-24 12:06:15 - # 57 :	 -1.5307707525789738
2020-06-24 12:06:16 - # 58 :	 -0.929326243698597
2020-06-24 12:06:17 - # 59 :	 -1.6678274013102055
2020-06-24 12:06:17 - # 60 :	 -1.3694332228042185
2020-06-24 12:06:19 - # 61 :	 0.32270214334130287
2020-06-24 12:06:20 - # 62 :	 -1.333844630047679
2020-06-24 12:06:21 - # 63 :	 -1.1618596815969795
2020-06-24 12:06:23 - # 64 :	 -5.096211518160999
2020-06-24 12:06:24 - # 65 :	 -5.528637928888202
2020-06-24 12:06:25 - # 66 :	 -0.7867082701995969
2020-06-24 12:06:26 - # 67 :	 -0.10501128807663918
2020-06-24 12:06:28 - # 68 :	 -3.770418891683221
2020-06-24 12:06:28 - # 69 :	 -0.9663936099968851
2020-06-24 12:06:29 - # 70 :	 -1.2783161317929626
2020-06-24 12:06:29 - # 71 :	 -1.6088664012495428
2020-06-24 12:06:30 - # 72 :	 -0.9741315115243196
2020-06-24 12:06:31 - # 73 :	 -1.226785027072765
2020-06-24 12:06:32 - # 74 :	 -1.5860186517238617
2020-06-24 12:06:33 - # 75 :	 -1.8948426032438874
2020-06-24 12:06:34 - # 76 :	 -0.679811273701489
2020-06-24 12:06:35 - # 77 :	 -1.2608683845028281
2020-06-24 12:06:35 - # 78 :	 -1.516716037876904
2020-06-24 12:06:37 - # 79 :	 -3.307844439987093
2020-06-24 12:06:38 - # 80 :	 -0.6416652258485556
2020-06-24 12:06:41 - # 81 :	 1.3174155086744577
2020-06-24 12:06:41 - # 82 :	 -0.9790529832243919
2020-06-24 12:06:42 - # 83 :	 -1.3787775300443172
2020-06-24 12:06:43 - # 84 :	 -1.324057364021428
2020-06-24 12:06:44 - # 85 :	 -0.730539842043072
2020-06-24 12:06:44 - # 86 :	 -1.8329952899366617
2020-06-24 12:06:45 - # 87 :	 -1.3001759639009833
2020-06-24 12:06:45 - # 88 :	 -1.4468587301671505
2020-06-24 12:06:46 - # 89 :	 -2.709730377420783
2020-06-24 12:06:47 - # 90 :	 -1.788658894598484
2020-06-24 12:06:48 - # 91 :	 -1.3914185613393784
2020-06-24 12:06:48 - # 92 :	 -1.302509468048811
2020-06-24 12:06:49 - # 93 :	 -1.5619078017771244
2020-06-24 12:06:49 - # 94 :	 -0.9509561518207192
2020-06-24 12:06:50 - # 95 :	 -0.6694430923089385
2020-06-24 12:06:53 - # 96 :	 -1.8815117734484375
2020-06-24 12:06:53 - # 97 :	 -1.1832464921753854
2020-06-24 12:06:54 - # 98 :	 -1.1080862684175372
2020-06-24 12:06:54 - # 99 :	 -1.6021485477685928
2020-06-24 12:06:55 - # 100 :	 -1.368557729292661
2020-06-24 12:06:56 - # 101 :	 -0.6327894264832139
2020-06-24 12:06:58 - # 102 :	 1.8093933016061783
2020-06-24 12:06:01 - # 103 :	 -6.62070061545819
2020-06-24 12:06:04 - # 104 :	 0.34295344445854425
2020-06-24 12:06:04 - # 105 :	 -1.2053434243425727
2020-06-24 12:06:05 - # 106 :	 -1.1754514770582318
2020-06-24 12:06:06 - # 107 :	 -1.684267833828926
2020-06-24 12:06:07 - # 108 :	 0.43963113706558943
2020-06-24 12:06:08 - # 109 :	 -1.2502506580203772
2020-06-24 12:06:08 - # 110 :	 -1.117684224853292
2020-06-24 12:06:09 - # 111 :	 -1.8866316378116608
2020-06-24 12:06:10 - # 112 :	 -1.203259184025228
2020-06-24 12:06:14 - # 113 :	 1.223930252250284
2020-06-24 12:06:14 - # 114 :	 -1.4083147617056966
2020-06-24 12:06:15 - # 115 :	 -1.718703986145556
2020-06-24 12:06:15 - # 116 :	 -1.563401360064745
2020-06-24 12:06:19 - # 117 :	 -4.887494904920459
2020-06-24 12:06:20 - # 118 :	 -1.0535085466690361
2020-06-24 12:06:21 - # 119 :	 -1.4625619500875473
2020-06-24 12:06:21 - # 120 :	 -1.5719455070793629
2020-06-24 12:06:22 - # 121 :	 -1.5598066761158407
2020-06-24 12:06:23 - # 122 :	 -1.8151146220043302
2020-06-24 12:06:23 - # 123 :	 -1.1917311009019613
2020-06-24 12:06:24 - # 124 :	 -1.4929575379937887
2020-06-24 12:06:26 - # 125 :	 -1.3457559486851096
2020-06-24 12:06:26 - # 126 :	 -1.7691446281969547
2020-06-24 12:06:27 - # 127 :	 -1.3206948833540082
2020-06-24 12:06:28 - # 128 :	 -1.214070376707241
2020-06-24 12:06:28 - # 129 :	 -1.630472058430314
2020-06-24 12:06:34 - # 130 :	 -19.45710957236588
2020-06-24 12:06:35 - # 131 :	 -1.691389039158821
2020-06-24 12:06:37 - # 132 :	 0.39091318752616644
2020-06-24 12:06:38 - # 133 :	 -2.4391956701874733
2020-06-24 12:06:42 - # 134 :	 -0.03155348962172866
2020-06-24 12:06:43 - # 135 :	 -3.4772417061030865
2020-06-24 12:06:45 - # 136 :	 -1.3392943432554603
2020-06-24 12:06:46 - # 137 :	 -1.7944664359092712
2020-06-24 12:06:47 - # 138 :	 -1.4836168084293604
2020-06-24 12:06:47 - # 139 :	 -0.7132908697240055
2020-06-24 12:06:48 - # 140 :	 -0.8147888071835041
2020-06-24 12:06:49 - # 141 :	 -0.9066079366020858
2020-06-24 12:06:49 - # 142 :	 -1.911148577928543
2020-06-24 12:06:51 - # 143 :	 -0.7474842346273363
2020-06-24 12:06:54 - # 144 :	 -1.3218995966017246
2020-06-24 12:06:55 - # 145 :	 -2.164692087098956
2020-06-24 12:06:57 - # 146 :	 0.31805504858493805
2020-06-24 12:06:59 - # 147 :	 -5.817904451861978
2020-06-24 12:06:00 - # 148 :	 -0.7411649054847658
2020-06-24 12:06:01 - # 149 :	 -1.4302669018507004
2020-06-24 12:06:01 - # 150 :	 -1.2152422538492829
2020-06-24 12:06:06 - # 151 :	 -0.7486697169952095
2020-06-24 12:06:06 - # 152 :	 -1.3798454869538546
2020-06-24 12:06:07 - # 153 :	 -1.4324226074386388
2020-06-24 12:06:08 - # 154 :	 -1.7548350396100432
2020-06-24 12:06:09 - # 155 :	 -0.8059729528613389
2020-06-24 12:06:09 - # 156 :	 -1.0207502078264952
2020-06-24 12:06:10 - # 157 :	 -0.9623251599259675
2020-06-24 12:06:11 - # 158 :	 -1.3634309470653534
2020-06-24 12:06:12 - # 159 :	 2.136790848337114
2020-06-24 12:06:14 - # 160 :	 -0.8350678347051144
2020-06-24 12:06:16 - # 161 :	 -2.0319568999111652
2020-06-24 12:06:16 - # 162 :	 -1.0697408057749271
2020-06-24 12:06:17 - # 163 :	 -0.8446766631677747
2020-06-24 12:06:19 - # 164 :	 0.5798456221818924
2020-06-24 12:06:20 - # 165 :	 -0.7826993428170681
2020-06-24 12:06:21 - # 166 :	 -1.8164008273743093
2020-06-24 12:06:21 - # 167 :	 -1.4161645518615842
2020-06-24 12:06:22 - # 168 :	 -1.7647283785045147
2020-06-24 12:06:23 - # 169 :	 -2.1686140345409513
2020-06-24 12:06:25 - # 170 :	 -3.0316811921074986
2020-06-24 12:06:27 - # 171 :	 -5.251886196434498
2020-06-24 12:06:28 - # 172 :	 -1.5398374148644507
2020-06-24 12:06:28 - # 173 :	 -0.833773470018059
2020-06-24 12:06:30 - # 174 :	 -2.2731199827976525
2020-06-24 12:06:30 - # 175 :	 -0.46585993841290474
2020-06-24 12:06:31 - # 176 :	 -1.030225689522922
2020-06-24 12:06:33 - # 177 :	 5.446571301668882
2020-06-24 12:06:34 - # 178 :	 -1.1669924221932888
2020-06-24 12:06:34 - # 179 :	 -1.1308173609431833
2020-06-24 12:06:35 - # 180 :	 -1.6458429945632815
2020-06-24 12:06:39 - # 181 :	 -10.063287856988609
2020-06-24 12:06:39 - # 182 :	 -1.4995559379458427
2020-06-24 12:06:40 - # 183 :	 0.6823590975254774
2020-06-24 12:06:42 - # 184 :	 -2.6172554306685925
2020-06-24 12:06:44 - # 185 :	 -3.3838247042149305
2020-06-24 12:06:45 - # 186 :	 -1.1575482659973204
2020-06-24 12:06:45 - # 187 :	 -1.28624850185588
2020-06-24 12:06:47 - # 188 :	 -0.3462772206403315
2020-06-24 12:06:47 - # 189 :	 -1.0827336432412267
2020-06-24 12:06:48 - # 190 :	 -0.7666162867099047
2020-06-24 12:06:49 - # 191 :	 -2.1471980065107346
2020-06-24 12:06:50 - # 192 :	 -1.4573302171193063
2020-06-24 12:06:51 - # 193 :	 -2.303164642304182
2020-06-24 12:06:51 - # 194 :	 -1.8341034427285194
2020-06-24 12:06:52 - # 195 :	 -1.3519612401723862
2020-06-24 12:06:53 - # 196 :	 -1.424626004183665
2020-06-24 12:06:53 - # 197 :	 -0.5330966450273991
2020-06-24 12:06:54 - # 198 :	 -2.104335132986307
2020-06-24 12:06:55 - # 199 :	 -1.138841659296304
2020-06-24 12:06:56 - # 200 :	 -2.7534422390162945
2020-06-24 12:06:57 - # 201 :	 -1.169783097691834
2020-06-24 12:06:58 - # 202 :	 3.739624273730442
2020-06-24 12:06:59 - # 203 :	 -1.0652906936593354
2020-06-24 12:06:59 - # 204 :	 -1.3128692172467709
2020-06-24 12:06:00 - # 205 :	 -0.910810062661767
2020-06-24 12:06:00 - # 206 :	 -1.1003314971458167
2020-06-24 12:06:01 - # 207 :	 -1.1426567900925875
2020-06-24 12:06:02 - # 208 :	 -1.09371283557266
2020-06-24 12:06:02 - # 209 :	 -1.5156304966658354
2020-06-24 12:06:04 - # 210 :	 0.2766085830517113
2020-06-24 12:06:04 - # 211 :	 -1.8661224953830242
2020-06-24 12:06:05 - # 212 :	 -1.7216531075537205
2020-06-24 12:06:05 - # 213 :	 -0.8760687867179513
2020-06-24 12:06:07 - # 214 :	 -1.4519318672828376
2020-06-24 12:06:07 - # 215 :	 -1.5603882800787687
2020-06-24 12:06:08 - # 216 :	 -0.6132291555404663
2020-06-24 12:06:12 - # 217 :	 3.3056303802877665
2020-06-24 12:06:12 - # 218 :	 -1.2522800900042057
2020-06-24 12:06:13 - # 219 :	 -1.2147564478218555
2020-06-24 12:06:13 - # 220 :	 -1.3914936166256666
2020-06-24 12:06:14 - # 221 :	 -1.0156350415199995
2020-06-24 12:06:15 - # 222 :	 -1.4199393726885319
2020-06-24 12:06:15 - # 223 :	 -1.378577034920454
2020-06-24 12:06:16 - # 224 :	 -0.5941387051716447
2020-06-24 12:06:19 - # 225 :	 -5.543320829980075
2020-06-24 12:06:19 - # 226 :	 -1.0877506025135517
2020-06-24 12:06:20 - # 227 :	 -1.4138670791871846
2020-06-24 12:06:21 - # 228 :	 -1.4860284551978111
2020-06-24 12:06:24 - # 229 :	 -5.34089351631701
2020-06-24 12:06:25 - # 230 :	 -2.00386643409729
2020-06-24 12:06:26 - # 231 :	 -1.2037460692226887
2020-06-24 12:06:27 - # 232 :	 -0.6674437634646893
2020-06-24 12:06:27 - # 233 :	 -1.7667215913534164
2020-06-24 12:06:28 - # 234 :	 -1.0327247437089682
2020-06-24 12:06:28 - # 235 :	 -1.065270465798676
2020-06-24 12:06:29 - # 236 :	 -1.32455922185909
2020-06-24 12:06:30 - # 237 :	 -2.3948494233191013
2020-06-24 12:06:31 - # 238 :	 -1.700075602158904
2020-06-24 12:06:33 - # 239 :	 -2.4875103919766843
2020-06-24 12:06:33 - # 240 :	 -1.2350066405488178
2020-06-24 12:06:35 - # 241 :	 -5.09552388638258
2020-06-24 12:06:37 - # 242 :	 -0.8408966707065701
2020-06-24 12:06:38 - # 243 :	 -0.8830228857696056
2020-06-24 12:06:38 - # 244 :	 -0.9699453460052609
2020-06-24 12:06:39 - # 245 :	 -0.9279559627175331
2020-06-24 12:06:41 - # 246 :	 -1.3838805630803108
2020-06-24 12:06:42 - # 247 :	 -1.63071721047163
2020-06-24 12:06:42 - # 248 :	 -1.0438100444152951
2020-06-24 12:06:44 - # 249 :	 2.1761610405519605
2020-06-24 12:06:45 - # 250 :	 -1.2485929867252707
2020-06-24 12:06:46 - # 251 :	 -1.0423737126402557
2020-06-24 12:06:46 - # 252 :	 -0.9895277181640267
2020-06-24 12:06:47 - # 253 :	 -1.516074103768915
2020-06-24 12:06:48 - # 254 :	 -2.052019248716533
2020-06-24 12:06:48 - # 255 :	 -1.942312443163246
2020-06-24 12:06:50 - # 256 :	 -1.4076502011157572
2020-06-24 12:06:51 - # 257 :	 0.5308052804321051
2020-06-24 12:06:52 - # 258 :	 -1.7055715955793858
2020-06-24 12:06:54 - # 259 :	 -0.7418601671233773
2020-06-24 12:06:55 - # 260 :	 -0.7493698205798864
2020-06-24 12:06:56 - # 261 :	 -1.1978796711191535
2020-06-24 12:06:57 - # 262 :	 -1.5569715350866318
2020-06-24 12:06:57 - # 263 :	 -1.1752958768047392
2020-06-24 12:06:58 - # 264 :	 -1.3556070672348142
2020-06-24 12:06:00 - # 265 :	 0.2470411858521402
2020-06-24 12:06:01 - # 266 :	 0.2962871612980962
2020-06-24 12:06:02 - # 267 :	 -1.6010527554899454
2020-06-24 12:06:03 - # 268 :	 -1.1286314902827144
2020-06-24 12:06:04 - # 269 :	 -1.2299293288961053
2020-06-24 12:06:05 - # 270 :	 -3.9502018820494413
2020-06-24 12:06:09 - # 271 :	 -3.3249283574987203
2020-06-24 12:06:09 - # 272 :	 -1.6096997000277042
2020-06-24 12:06:11 - # 273 :	 -1.0780611298978329
2020-06-24 12:06:11 - # 274 :	 -1.0868465704843402
2020-06-24 12:06:12 - # 275 :	 -1.5760994665324688
2020-06-24 12:06:12 - # 276 :	 -1.2436424212064594
2020-06-24 12:06:13 - # 277 :	 -1.1954246442764997
2020-06-24 12:06:14 - # 278 :	 -0.41914819506928325
2020-06-24 12:06:15 - # 279 :	 -0.8912446480244398
2020-06-24 12:06:15 - # 280 :	 -0.89668297348544
2020-06-24 12:06:16 - # 281 :	 0.23879259638488293
2020-06-24 12:06:20 - # 282 :	 0.8165227053686976
2020-06-24 12:06:21 - # 283 :	 -0.7306954655796289
2020-06-24 12:06:21 - # 284 :	 -1.3562928349711
2020-06-24 12:06:22 - # 285 :	 -2.31802511960268
2020-06-24 12:06:22 - # 286 :	 -1.2742393990047276
2020-06-24 12:06:23 - # 287 :	 -1.249124329071492
2020-06-24 12:06:23 - # 288 :	 -1.3695956356823444
2020-06-24 12:06:24 - # 289 :	 -1.45289515145123
2020-06-24 12:06:25 - # 290 :	 -1.400430186651647
2020-06-24 12:06:25 - # 291 :	 -1.6148386541754007
2020-06-24 12:06:26 - # 292 :	 -1.20309480978176
2020-06-24 12:06:27 - # 293 :	 -1.669947786256671
2020-06-24 12:06:27 - # 294 :	 -0.9114512484520674
2020-06-24 12:06:29 - # 295 :	 -1.1072893301025033
2020-06-24 12:06:29 - # 296 :	 -1.6290788035839796
2020-06-24 12:06:30 - # 297 :	 -0.7770491114351898
2020-06-24 12:06:31 - # 298 :	 -1.2946420144289732
2020-06-24 12:06:31 - # 299 :	 -1.503755846992135
2020-06-24 12:06:32 - # 300 :	 -0.02225432312116027
2020-06-24 12:06:34 - # 301 :	 -1.178570717573166
2020-06-24 12:06:35 - # 302 :	 -0.8297305963933468
2020-06-24 12:06:36 - # 303 :	 -1.4198771906085312
2020-06-24 12:06:37 - # 304 :	 -1.6732953153550625
2020-06-24 12:06:38 - # 305 :	 -3.355583406984806
2020-06-24 12:06:40 - # 306 :	 -1.067831986118108
2020-06-24 12:06:40 - # 307 :	 -0.740408849902451
2020-06-24 12:06:42 - # 308 :	 2.3879847656935453
2020-06-24 12:06:43 - # 309 :	 -2.3002399504184723
2020-06-24 12:06:44 - # 310 :	 -1.4665065524168313
2020-06-24 12:06:46 - # 311 :	 -1.7744355427566916
2020-06-24 12:06:47 - # 312 :	 -0.9645589524880052
2020-06-24 12:06:48 - # 313 :	 -2.625711038708687
2020-06-24 12:06:48 - # 314 :	 -1.0330915180966258
2020-06-24 12:06:49 - # 315 :	 -0.7949740681797266
2020-06-24 12:06:51 - # 316 :	 -3.9348301235586405
2020-06-24 12:06:51 - # 317 :	 -1.632932593114674
2020-06-24 12:06:52 - # 318 :	 -1.6468163840472698
2020-06-24 12:06:52 - # 319 :	 -1.1276706620119512
2020-06-24 12:06:53 - # 320 :	 -1.2609411841258407
2020-06-24 12:06:54 - # 321 :	 -1.0656853425316513
2020-06-24 12:06:55 - # 322 :	 -0.016902264207601547
2020-06-24 12:06:56 - # 323 :	 -2.6449349550530314
2020-06-24 12:06:57 - # 324 :	 -1.3644330757670105
2020-06-24 12:06:58 - # 325 :	 -1.4455668698064983
2020-06-24 12:06:59 - # 326 :	 -0.5885370238684118
2020-06-24 12:06:00 - # 327 :	 0.4387876531109214
2020-06-24 12:06:01 - # 328 :	 -0.22801253758370876
2020-06-24 12:06:01 - # 329 :	 -1.433805888518691
2020-06-24 12:06:03 - # 330 :	 -1.503794205840677
2020-06-24 12:06:04 - # 331 :	 -1.74921290948987
2020-06-24 12:06:05 - # 332 :	 -0.9162617092952132
2020-06-24 12:06:06 - # 333 :	 -1.388495017774403
2020-06-24 12:06:06 - # 334 :	 -1.3314820569939911
2020-06-24 12:06:07 - # 335 :	 -0.3519039507955313
2020-06-24 12:06:08 - # 336 :	 -2.244897532975301
2020-06-24 12:06:10 - # 337 :	 0.42309108562767506
2020-06-24 12:06:10 - # 338 :	 -1.6258981693536043
2020-06-24 12:06:11 - # 339 :	 -0.7095833569765091
2020-06-24 12:06:12 - # 340 :	 -2.021023754030466
2020-06-24 12:06:14 - # 341 :	 2.6287883943878114
2020-06-24 12:06:14 - # 342 :	 -1.7611899748444557
2020-06-24 12:06:17 - # 343 :	 -3.4933626945130527
2020-06-24 12:06:18 - # 344 :	 -1.4897235184907913
2020-06-24 12:06:21 - # 345 :	 -5.231987660750747
2020-06-24 12:06:24 - # 346 :	 -3.99029486393556
2020-06-24 12:06:27 - # 347 :	 5.048457816243172
2020-06-24 12:06:27 - # 348 :	 -1.4374519111588597
2020-06-24 12:06:28 - # 349 :	 -1.672468805219978
2020-06-24 12:06:29 - # 350 :	 -1.6587784625589848
2020-06-24 12:06:29 - # 351 :	 -0.7174185309559107
2020-06-24 12:06:31 - # 352 :	 -2.080547086428851
2020-06-24 12:06:32 - # 353 :	 -1.7929816571995616
2020-06-24 12:06:32 - # 354 :	 -1.3692979030311108
2020-06-24 12:06:33 - # 355 :	 0.023482888005673885
2020-06-24 12:06:33 - # 356 :	 -1.1651858408004045
2020-06-24 12:06:35 - # 357 :	 -0.8746125439647585
2020-06-24 12:06:36 - # 358 :	 -1.1870551174506545
2020-06-24 12:06:36 - # 359 :	 -1.2999522918835282
2020-06-24 12:06:37 - # 360 :	 -0.9664986459538341
2020-06-24 12:06:38 - # 361 :	 -1.4197264574468136
2020-06-24 12:06:38 - # 362 :	 -0.9589030565693974
2020-06-24 12:06:40 - # 363 :	 1.3205810580402613
2020-06-24 12:06:41 - # 364 :	 -0.8432167703285813
2020-06-24 12:06:43 - # 365 :	 -2.1416465849615633
2020-06-24 12:06:44 - # 366 :	 -1.1709427936002612
2020-06-24 12:06:47 - # 367 :	 -7.253374702297151
2020-06-24 12:06:48 - # 368 :	 -1.8276361431926489
2020-06-24 12:06:48 - # 369 :	 -1.5849145725369453
2020-06-24 12:06:49 - # 370 :	 -0.500198625959456
2020-06-24 12:06:50 - # 371 :	 -1.4041917966678739
2020-06-24 12:06:54 - # 372 :	 6.018645212985575
2020-06-24 12:06:55 - # 373 :	 -2.768228493630886
2020-06-24 12:06:56 - # 374 :	 -1.0895019681192935
2020-06-24 12:06:57 - # 375 :	 -0.8619916308671236
2020-06-24 12:06:57 - # 376 :	 -1.1168524543754756
2020-06-24 12:06:58 - # 377 :	 -1.6631334237754345
2020-06-24 12:06:59 - # 378 :	 -2.402254968881607
2020-06-24 12:06:02 - # 379 :	 -3.9171669351053424
2020-06-24 12:06:04 - # 380 :	 -4.246937975287437
2020-06-24 12:06:04 - # 381 :	 -1.5784027576446533
2020-06-24 12:06:05 - # 382 :	 -0.7095790496096015
2020-06-24 12:06:09 - # 383 :	 -3.1659439112991095
2020-06-24 12:06:10 - # 384 :	 -2.0986964404582977
2020-06-24 12:06:11 - # 385 :	 -1.5521666929125786
2020-06-24 12:06:16 - # 386 :	 -0.39082635939121246
2020-06-24 12:06:17 - # 387 :	 -1.0763207257259637
2020-06-24 12:06:17 - # 388 :	 -1.3700148528441787
2020-06-24 12:06:18 - # 389 :	 -1.9537445828318596
2020-06-24 12:06:19 - # 390 :	 -0.8455326855182648
2020-06-24 12:06:20 - # 391 :	 -1.465724082197994
2020-06-24 12:06:21 - # 392 :	 -0.7746234338264912
2020-06-24 12:06:21 - # 393 :	 -1.1783332768827677
2020-06-24 12:06:22 - # 394 :	 -1.294707477092743
2020-06-24 12:06:22 - # 395 :	 -1.6077711507678032
2020-06-24 12:06:23 - # 396 :	 -1.286896824836731
2020-06-24 12:06:24 - # 397 :	 -0.9853711384348571
2020-06-24 12:06:24 - # 398 :	 -0.7971728928387165
2020-06-24 12:06:26 - # 399 :	 -7.632625149097294
2020-06-24 12:06:32 - # 400 :	 -7.760166765190661
2020-06-24 12:06:33 - # 401 :	 -1.5043045182246715
2020-06-24 12:06:33 - # 402 :	 -1.2084254138171673
2020-06-24 12:06:34 - # 403 :	 -1.8030759086832404
2020-06-24 12:06:34 - # 404 :	 -1.1408826732076705
2020-06-24 12:06:35 - # 405 :	 -1.1813903357833624
2020-06-24 12:06:36 - # 406 :	 -1.2947029834613204
2020-06-24 12:06:37 - # 407 :	 -0.5049687558785081
2020-06-24 12:06:38 - # 408 :	 -1.5210278453305364
2020-06-24 12:06:39 - # 409 :	 -1.794659212231636
2020-06-24 12:06:39 - # 410 :	 -0.8656261647120118
2020-06-24 12:06:40 - # 411 :	 -1.0443528941832483
2020-06-24 12:06:41 - # 412 :	 -3.261491308454424
2020-06-24 12:06:42 - # 413 :	 -0.8456650897860527
2020-06-24 12:06:42 - # 414 :	 -0.630158266518265
2020-06-24 12:06:43 - # 415 :	 -0.8784946529194713
2020-06-24 12:06:45 - # 416 :	 -1.881749799940735
2020-06-24 12:06:46 - # 417 :	 -1.6368258371949196
2020-06-24 12:06:47 - # 418 :	 -0.5658146576024592
2020-06-24 12:06:48 - # 419 :	 -0.9178035785444081
2020-06-24 12:06:49 - # 420 :	 -1.9483800027519464
2020-06-24 12:06:50 - # 421 :	 -1.049332045018673
2020-06-24 12:06:50 - # 422 :	 -0.9176172711886466
2020-06-24 12:06:51 - # 423 :	 -2.048704218119383
2020-06-24 12:06:53 - # 424 :	 -3.5498633867828175
2020-06-24 12:06:55 - # 425 :	 -2.2876969557255507
2020-06-24 12:06:58 - # 426 :	 -1.004589173477143
2020-06-24 12:06:58 - # 427 :	 -1.3715677107684314
2020-06-24 12:06:59 - # 428 :	 -1.1952752978540957
2020-06-24 13:06:01 - # 429 :	 -5.850852805189788
2020-06-24 13:06:01 - # 430 :	 -1.8000816442072392
2020-06-24 13:06:02 - # 431 :	 -0.2833251804113388
2020-06-24 13:06:03 - # 432 :	 -0.8724984470754862
2020-06-24 13:06:04 - # 433 :	 -1.138865040615201
2020-06-24 13:06:05 - # 434 :	 -1.539215249940753
2020-06-24 13:06:06 - # 435 :	 -5.662628281861544
2020-06-24 13:06:07 - # 436 :	 1.7685900721699
2020-06-24 13:06:10 - # 437 :	 -6.681643866933882
2020-06-24 13:06:10 - # 438 :	 -1.174038012046367
2020-06-24 13:06:11 - # 439 :	 -1.8244960741139948
2020-06-24 13:06:11 - # 440 :	 -1.4286606349050999
2020-06-24 13:06:13 - # 441 :	 -0.34237964265048504
2020-06-24 13:06:13 - # 442 :	 -1.3342223539948463
2020-06-24 13:06:14 - # 443 :	 -1.0886719524860382
2020-06-24 13:06:15 - # 444 :	 -1.946698646992445
2020-06-24 13:06:16 - # 445 :	 -1.422696138266474
2020-06-24 13:06:16 - # 446 :	 -1.6773577220737934
2020-06-24 13:06:19 - # 447 :	 -1.827244620071724
2020-06-24 13:06:19 - # 448 :	 -1.4248650511726737
2020-06-24 13:06:20 - # 449 :	 -0.8498709783889353
2020-06-24 13:06:21 - # 450 :	 -2.4646428185515106
2020-06-24 13:06:23 - # 451 :	 -4.213629593141377
2020-06-24 13:06:23 - # 452 :	 -0.7089984379708767
2020-06-24 13:06:24 - # 453 :	 -1.4542789333499968
2020-06-24 13:06:26 - # 454 :	 -3.7373158810660243
2020-06-24 13:06:31 - # 455 :	 -10.670117603614926
2020-06-24 13:06:31 - # 456 :	 -1.8407757766544819
2020-06-24 13:06:34 - # 457 :	 -0.9268166306428611
2020-06-24 13:06:34 - # 458 :	 -0.9499854221940041
2020-06-24 13:06:35 - # 459 :	 -1.2369283069856465
2020-06-24 13:06:37 - # 460 :	 -0.43319427501410246
2020-06-24 13:06:38 - # 461 :	 -1.3370399320265278
2020-06-24 13:06:39 - # 462 :	 -1.0981912007555366
2020-06-24 13:06:40 - # 463 :	 -1.5296891517937183
2020-06-24 13:06:40 - # 464 :	 -0.6693785204552114
2020-06-24 13:06:41 - # 465 :	 -2.242522274143994
2020-06-24 13:06:47 - # 466 :	 -5.96880437200889
2020-06-24 13:06:47 - # 467 :	 -1.410914832726121
2020-06-24 13:06:48 - # 468 :	 -0.9907727516256273
2020-06-24 13:06:49 - # 469 :	 -1.6572559475898743
2020-06-24 13:06:54 - # 470 :	 -2.3172779388260096
2020-06-24 13:06:55 - # 471 :	 -1.5268663987517357
2020-06-24 13:06:56 - # 472 :	 -1.1751657715067267
2020-06-24 13:06:56 - # 473 :	 -0.5199962267652154
2020-06-24 13:06:57 - # 474 :	 -1.115214399062097
2020-06-24 13:06:58 - # 475 :	 -0.7613749480806291
2020-06-24 13:06:59 - # 476 :	 -4.330316462554038
2020-06-24 13:06:00 - # 477 :	 -0.7825883403420448
!!! updated
2020-06-24 13:06:43 - # 478 :	 -1.9048212617635727
2020-06-24 13:06:43 - # 479 :	 -1.4991021063178778
2020-06-24 13:06:44 - # 480 :	 -1.6210450397338718
2020-06-24 13:06:44 - # 481 :	 -1.4490777216851711
2020-06-24 13:06:45 - # 482 :	 -2.054034486413002
2020-06-24 13:06:45 - # 483 :	 -1.536718912422657
2020-06-24 13:06:46 - # 484 :	 -1.3622097857296467
2020-06-24 13:06:46 - # 485 :	 -1.4774141730740666
2020-06-24 13:06:47 - # 486 :	 -1.3951944196596742
2020-06-24 13:06:47 - # 487 :	 -1.018723770044744
2020-06-24 13:06:48 - # 488 :	 -1.432413937523961
2020-06-24 13:06:48 - # 489 :	 -0.9996354738250375
2020-06-24 13:06:49 - # 490 :	 -1.5869009755551815
2020-06-24 13:06:49 - # 491 :	 -1.4714293405413628
/home/j/jensenj/.local/lib/python3.6/site-packages/numpy/core/_methods.py:160: RuntimeWarning: invalid value encountered in reduce
  ret = umr_sum(arr, axis, dtype, out, keepdims)
action: tensor([[-5.6489e+34, -3.6979e+34, -4.1681e+34,  8.2494e+34,  8.4598e+34,
          8.6804e+34, -2.3040e+34,  6.7320e+34,  8.5930e+34,  1.2562e+34,
         -5.4229e+34,  4.5909e+34,  9.9151e+34,  4.0306e+34, -6.6921e+33,
         -4.9427e+34,  3.4567e+34, -7.6994e+34,  1.8948e+34,  4.4091e+34]]) , log_prob: tensor([[-1.2657, -1.3585, -1.4874, -1.3590, -1.4033, -1.5834, -1.4682, -1.4619,
         -1.4342, -1.4524, -1.4724, -1.4709, -1.4508, -1.5288, -1.5962, -1.3685,
         -1.3891, -1.2782, -1.3809, -1.3397]], grad_fn=<SubBackward0>) , value: tensor([[1.1358e+33]], grad_fn=<AddmmBackward>)
action numpy:  [-5.6488912e+34 -3.6979126e+34 -4.1681382e+34  8.2493650e+34
  8.4598257e+34  8.6803940e+34 -2.3039624e+34  6.7319526e+34
  8.5929815e+34  1.2561753e+34 -5.4228696e+34  4.5908897e+34
  9.9151144e+34  4.0306110e+34 -6.6921330e+33 -4.9427163e+34
  3.4566673e+34 -7.6993829e+34  1.8947747e+34  4.4091200e+34]
[W 2020-06-24 13:01:50,221] Setting status of trial#43 as TrialState.FAIL because of the following error: RuntimeError('The observations provided had NaN values.',)
Traceback (most recent call last):
  File "/home/j/jensenj/.local/lib/python3.6/site-packages/optuna/study.py", line 734, in _run_trial
    result = func(trial)
  File "main-optuna.py", line 100, in objective
    returns = [episode(env, agent, params, writer, i) for i in range(training_episodes)]
  File "main-optuna.py", line 100, in <listcomp>
    returns = [episode(env, agent, params, writer, i) for i in range(training_episodes)]
  File "main-optuna.py", line 36, in episode
    raise e
  File "main-optuna.py", line 32, in episode
    next_state, reward, done, _ = env.step(action.numpy()[0])
  File "/home/j/jensenj/.local/lib/python3.6/site-packages/gym_unity/envs/__init__.py", line 177, in step
    self._env.step()
  File "/home/j/jensenj/.local/lib/python3.6/site-packages/mlagents_envs/timers.py", line 305, in wrapped
    return func(*args, **kwargs)
  File "/home/j/jensenj/.local/lib/python3.6/site-packages/mlagents_envs/environment.py", line 319, in step
    self._update_state(rl_output)
  File "/home/j/jensenj/.local/lib/python3.6/site-packages/mlagents_envs/environment.py", line 275, in _update_state
    agent_info_list, self._env_specs[brain_name]
  File "/home/j/jensenj/.local/lib/python3.6/site-packages/mlagents_envs/timers.py", line 305, in wrapped
    return func(*args, **kwargs)
  File "/home/j/jensenj/.local/lib/python3.6/site-packages/mlagents_envs/rpc_utils.py", line 188, in steps_from_proto
    obs_index, obs_shape, decision_agent_info_list
  File "/home/j/jensenj/.local/lib/python3.6/site-packages/mlagents_envs/timers.py", line 305, in wrapped
    return func(*args, **kwargs)
  File "/home/j/jensenj/.local/lib/python3.6/site-packages/mlagents_envs/rpc_utils.py", line 152, in _process_vector_observation
    _raise_on_nan_and_inf(np_obs, "observations")
  File "/home/j/jensenj/.local/lib/python3.6/site-packages/mlagents_envs/rpc_utils.py", line 130, in _raise_on_nan_and_inf
    raise RuntimeError(f"The {source} provided had NaN values.")
RuntimeError: The observations provided had NaN values.
Traceback (most recent call last):
  File "main-optuna.py", line 118, in <module>
    study.optimize(objective, n_trials=10000)
  File "/home/j/jensenj/.local/lib/python3.6/site-packages/optuna/study.py", line 339, in optimize
    func, n_trials, timeout, catch, callbacks, gc_after_trial, None
  File "/home/j/jensenj/.local/lib/python3.6/site-packages/optuna/study.py", line 682, in _optimize_sequential
    self._run_trial_and_callbacks(func, catch, callbacks, gc_after_trial)
  File "/home/j/jensenj/.local/lib/python3.6/site-packages/optuna/study.py", line 713, in _run_trial_and_callbacks
    trial = self._run_trial(func, catch, gc_after_trial)
  File "/home/j/jensenj/.local/lib/python3.6/site-packages/optuna/study.py", line 734, in _run_trial
    result = func(trial)
  File "main-optuna.py", line 100, in objective
    returns = [episode(env, agent, params, writer, i) for i in range(training_episodes)]
  File "main-optuna.py", line 100, in <listcomp>
    returns = [episode(env, agent, params, writer, i) for i in range(training_episodes)]
  File "main-optuna.py", line 36, in episode
    raise e
  File "main-optuna.py", line 32, in episode
    next_state, reward, done, _ = env.step(action.numpy()[0])
  File "/home/j/jensenj/.local/lib/python3.6/site-packages/gym_unity/envs/__init__.py", line 177, in step
    self._env.step()
  File "/home/j/jensenj/.local/lib/python3.6/site-packages/mlagents_envs/timers.py", line 305, in wrapped
    return func(*args, **kwargs)
  File "/home/j/jensenj/.local/lib/python3.6/site-packages/mlagents_envs/environment.py", line 319, in step
    self._update_state(rl_output)
  File "/home/j/jensenj/.local/lib/python3.6/site-packages/mlagents_envs/environment.py", line 275, in _update_state
    agent_info_list, self._env_specs[brain_name]
  File "/home/j/jensenj/.local/lib/python3.6/site-packages/mlagents_envs/timers.py", line 305, in wrapped
    return func(*args, **kwargs)
  File "/home/j/jensenj/.local/lib/python3.6/site-packages/mlagents_envs/rpc_utils.py", line 188, in steps_from_proto
    obs_index, obs_shape, decision_agent_info_list
  File "/home/j/jensenj/.local/lib/python3.6/site-packages/mlagents_envs/timers.py", line 305, in wrapped
    return func(*args, **kwargs)
  File "/home/j/jensenj/.local/lib/python3.6/site-packages/mlagents_envs/rpc_utils.py", line 152, in _process_vector_observation
    _raise_on_nan_and_inf(np_obs, "observations")
  File "/home/j/jensenj/.local/lib/python3.6/site-packages/mlagents_envs/rpc_utils.py", line 130, in _raise_on_nan_and_inf
    raise RuntimeError(f"The {source} provided had NaN values.")
RuntimeError: The observations provided had NaN values.
Setting up 2 worker threads for Enlighten.
  Thread -> id: 7fe9c2399700 -> priority: 1 
  Thread -> id: 7fe9c1b98700 -> priority: 1 
2020-06-24 13:01:50 INFO [environment.py:418] Environment shut down with return code 0.
