slurmstepd-felchbach: error: Unable to create TMPDIR [/tmp/user/30108]: Permission denied
slurmstepd-felchbach: error: Setting TMPDIR to /tmp
------- load study successful
Found path: /home/j/jensenj/PycharmProjects/Federer-Jr./src/../crawler_single/linux/dynamic_server/crawler_dynamic.x86_64
Mono path[0] = '/home/j/jensenj/PycharmProjects/Federer-Jr./src/../crawler_single/linux/dynamic_server/crawler_dynamic_Data/Managed'
Mono config path = '/home/j/jensenj/PycharmProjects/Federer-Jr./src/../crawler_single/linux/dynamic_server/crawler_dynamic_Data/MonoBleedingEdge/etc'
Preloaded 'lib_burst_generated.so'
Preloaded 'libgrpc_csharp_ext.x64.so'
Initialize engine version: 2019.3.15f1 (59ff3e03856d)
[Subsystems] Discovering subsystems at path /home/j/jensenj/PycharmProjects/Federer-Jr./src/../crawler_single/linux/dynamic_server/crawler_dynamic_Data/UnitySubsystems
Forcing GfxDevice: Null
GfxDevice: creating device client; threaded=0
NullGfxDevice:
    Version:  NULL 1.0 [1.0]
    Renderer: Null Device
    Vendor:   Unity Technologies
Begin MonoManager ReloadAssembly
- Completed reload, in  0.097 seconds
WARNING: Shader Unsupported: 'Autodesk Interactive' - All passes removed
WARNING: Shader Did you use #pragma only_renderers and omit this platform?
UnloadTime: 0.435223 ms
Fallback handler could not load library /home/j/jensenj/PycharmProjects/Federer-Jr./src/../crawler_single/linux/dynamic_server/crawler_dynamic_Data/Mono/libcoreclr.so
Fallback handler could not load library /home/j/jensenj/PycharmProjects/Federer-Jr./src/../crawler_single/linux/dynamic_server/crawler_dynamic_Data/Mono/libcoreclr.so
Fallback handler could not load library /home/j/jensenj/PycharmProjects/Federer-Jr./src/../crawler_single/linux/dynamic_server/crawler_dynamic_Data/Mono/libcoreclr.so
Fallback handler could not load library /home/j/jensenj/PycharmProjects/Federer-Jr./src/../crawler_single/linux/dynamic_server/crawler_dynamic_Data/Mono/libSystem.dylib
Fallback handler could not load library /home/j/jensenj/PycharmProjects/Federer-Jr./src/../crawler_single/linux/dynamic_server/crawler_dynamic_Data/Mono/libSystem.dylib.so
Fallback handler could not load library /home/j/jensenj/PycharmProjects/Federer-Jr./src/../crawler_single/linux/dynamic_server/crawler_dynamic_Data/Mono/libSystem.dylib
Fallback handler could not load library /home/j/jensenj/PycharmProjects/Federer-Jr./src/../crawler_single/linux/dynamic_server/crawler_dynamic_Data/Mono/libcoreclr.so
Fallback handler could not load library /home/j/jensenj/PycharmProjects/Federer-Jr./src/../crawler_single/linux/dynamic_server/crawler_dynamic_Data/Mono/libcoreclr.so
Fallback handler could not load library /home/j/jensenj/PycharmProjects/Federer-Jr./src/../crawler_single/linux/dynamic_server/crawler_dynamic_Data/Mono/libcoreclr.so
Fallback handler could not load library /home/j/jensenj/PycharmProjects/Federer-Jr./src/../crawler_single/linux/dynamic_server/crawler_dynamic_Data/Mono/libSystem.dylib
Fallback handler could not load library /home/j/jensenj/PycharmProjects/Federer-Jr./src/../crawler_single/linux/dynamic_server/crawler_dynamic_Data/Mono/libSystem.dylib.so
Fallback handler could not load library /home/j/jensenj/PycharmProjects/Federer-Jr./src/../crawler_single/linux/dynamic_server/crawler_dynamic_Data/Mono/libSystem.dylib
/home/j/jensenj/.local/lib/python3.6/site-packages/tensorboard/compat/tensorflow_stub/dtypes.py:541: FutureWarning: Passing (type, 1) or '1type' as a synonym of type is deprecated; in a future version of numpy, it will be understood as (type, (1,)) / '(1,)type'.
  _np_qint8 = np.dtype([("qint8", np.int8, 1)])
/home/j/jensenj/.local/lib/python3.6/site-packages/tensorboard/compat/tensorflow_stub/dtypes.py:542: FutureWarning: Passing (type, 1) or '1type' as a synonym of type is deprecated; in a future version of numpy, it will be understood as (type, (1,)) / '(1,)type'.
  _np_quint8 = np.dtype([("quint8", np.uint8, 1)])
/home/j/jensenj/.local/lib/python3.6/site-packages/tensorboard/compat/tensorflow_stub/dtypes.py:543: FutureWarning: Passing (type, 1) or '1type' as a synonym of type is deprecated; in a future version of numpy, it will be understood as (type, (1,)) / '(1,)type'.
  _np_qint16 = np.dtype([("qint16", np.int16, 1)])
/home/j/jensenj/.local/lib/python3.6/site-packages/tensorboard/compat/tensorflow_stub/dtypes.py:544: FutureWarning: Passing (type, 1) or '1type' as a synonym of type is deprecated; in a future version of numpy, it will be understood as (type, (1,)) / '(1,)type'.
  _np_quint16 = np.dtype([("quint16", np.uint16, 1)])
/home/j/jensenj/.local/lib/python3.6/site-packages/tensorboard/compat/tensorflow_stub/dtypes.py:545: FutureWarning: Passing (type, 1) or '1type' as a synonym of type is deprecated; in a future version of numpy, it will be understood as (type, (1,)) / '(1,)type'.
  _np_qint32 = np.dtype([("qint32", np.int32, 1)])
/home/j/jensenj/.local/lib/python3.6/site-packages/tensorboard/compat/tensorflow_stub/dtypes.py:550: FutureWarning: Passing (type, 1) or '1type' as a synonym of type is deprecated; in a future version of numpy, it will be understood as (type, (1,)) / '(1,)type'.
  np_resource = np.dtype([("resource", np.ubyte, 1)])
2020-06-24 12:51:56 INFO [environment.py:108] Connected to Unity environment with package version 1.0.2 and communication version 1.0.0
2020-06-24 12:51:56 INFO [environment.py:265] Connected new brain:
CrawlerDynamic?team=0
2020-06-24 12:51:56 WARNING [__init__.py:92] The environment contains multiple observations. You must define allow_multiple_obs=True to receive them all. Otherwise, only the first visual observation (or vector observation ifthere are no visual observations) will be provided in the observation.
/home/j/jensenj/.local/lib/python3.6/site-packages/gym/logger.py:30: UserWarning: WARN: Box bound precision lowered by casting to float32
  warnings.warn(colorize('%s: %s'%('WARN', msg % args), 'yellow'))
{'nr_output_features': 20, 'nr_input_features': 126, 'env': <gym_unity.envs.UnityToGymWrapper object at 0x7fb0540be358>, 'alpha': 0.003, 'tau': 0.95, 'clip': 0.2, 'minibatch_size': 32, 'hidden_units': 512, 'update_time_steps': 4096, 'ppo_epochs': 16, 'gamma': 0.9813432844415975, 'beta': 0.020758622457786292}
2020-06-24 12:06:58 - # 0 :	 -1.9708054885268211
2020-06-24 12:06:59 - # 1 :	 0.33125196141190827
2020-06-24 12:06:00 - # 2 :	 -0.5441032890230417
2020-06-24 12:06:01 - # 3 :	 -0.8530832096002996
2020-06-24 12:06:01 - # 4 :	 -0.9057350000366569
2020-06-24 12:06:02 - # 5 :	 -1.2683711061254144
2020-06-24 12:06:03 - # 6 :	 -1.0127858510240912
2020-06-24 12:06:04 - # 7 :	 -1.7572534438222647
2020-06-24 12:06:06 - # 8 :	 -0.6301145264878869
2020-06-24 12:06:07 - # 9 :	 -3.5904918854357675
2020-06-24 12:06:08 - # 10 :	 -1.334833283443004
2020-06-24 12:06:08 - # 11 :	 -1.2659158874303102
2020-06-24 12:06:10 - # 12 :	 -0.32131658028811216
2020-06-24 12:06:12 - # 13 :	 0.5404316035564989
2020-06-24 12:06:16 - # 14 :	 -6.6491570570506155
2020-06-24 12:06:19 - # 15 :	 -2.7921526910504326
2020-06-24 12:06:20 - # 16 :	 -1.3054392710328102
2020-06-24 12:06:21 - # 17 :	 1.2569734659045935
2020-06-24 12:06:22 - # 18 :	 -1.9021161259151995
2020-06-24 12:06:22 - # 19 :	 -1.0328727825544775
2020-06-24 12:06:25 - # 20 :	 -4.247497288510203
2020-06-24 12:06:27 - # 21 :	 -2.4616591930389404
2020-06-24 12:06:28 - # 22 :	 -1.8265725802630186
2020-06-24 12:06:30 - # 23 :	 -1.6001229230314493
2020-06-24 12:06:30 - # 24 :	 -1.2733341145794839
2020-06-24 12:06:31 - # 25 :	 -0.8516922611743212
2020-06-24 12:06:33 - # 26 :	 -3.0095147006213665
2020-06-24 12:06:34 - # 27 :	 -0.5052930098026991
2020-06-24 12:06:34 - # 28 :	 -1.0157747510820627
2020-06-24 12:06:35 - # 29 :	 -1.4323526490479708
2020-06-24 12:06:36 - # 30 :	 -0.5371079035103321
2020-06-24 12:06:36 - # 31 :	 -1.5668249470181763
2020-06-24 12:06:37 - # 32 :	 -0.6222640443593264
2020-06-24 12:06:38 - # 33 :	 -1.3295650952495635
2020-06-24 12:06:39 - # 34 :	 -1.053345238789916
2020-06-24 12:06:40 - # 35 :	 -1.435236107558012
2020-06-24 12:06:40 - # 36 :	 -1.015299392864108
2020-06-24 12:06:41 - # 37 :	 -1.2421183958649635
2020-06-24 12:06:43 - # 38 :	 0.586624345742166
2020-06-24 12:06:46 - # 39 :	 -2.3331485129892826
2020-06-24 12:06:46 - # 40 :	 -1.0475270403549075
2020-06-24 12:06:47 - # 41 :	 -0.6365776075981557
2020-06-24 12:06:48 - # 42 :	 -0.5976075935177505
2020-06-24 12:06:49 - # 43 :	 -1.7254560388391837
2020-06-24 12:06:50 - # 44 :	 -1.1073562840465456
2020-06-24 12:06:51 - # 45 :	 -1.5751665122807026
2020-06-24 12:06:51 - # 46 :	 -0.970489114522934
2020-06-24 12:06:53 - # 47 :	 -5.846565386280417
2020-06-24 12:06:53 - # 48 :	 -1.2329123746603727
2020-06-24 12:06:56 - # 49 :	 -2.652838727692142
2020-06-24 12:06:57 - # 50 :	 -2.483290407806635
2020-06-24 12:06:58 - # 51 :	 -2.337699940893799
2020-06-24 12:06:01 - # 52 :	 -2.416677488712594
2020-06-24 12:06:02 - # 53 :	 -0.7588107781484723
2020-06-24 12:06:03 - # 54 :	 -1.6508664730936289
2020-06-24 12:06:05 - # 55 :	 -1.1520215524360538
2020-06-24 12:06:05 - # 56 :	 -1.3982771821320057
2020-06-24 12:06:07 - # 57 :	 -3.811361839994788
2020-06-24 12:06:07 - # 58 :	 -1.499958788510412
2020-06-24 12:06:08 - # 59 :	 -2.145761391147971
2020-06-24 12:06:09 - # 60 :	 -1.8731216946616769
2020-06-24 12:06:09 - # 61 :	 -1.1080693840049207
2020-06-24 12:06:11 - # 62 :	 -3.5197554932674393
2020-06-24 12:06:14 - # 63 :	 -4.3595180762931705
2020-06-24 12:06:15 - # 64 :	 -1.4128614336950704
2020-06-24 12:06:17 - # 65 :	 2.513853461947292
2020-06-24 12:06:20 - # 66 :	 7.056304559111595
2020-06-24 12:06:20 - # 67 :	 -1.008385538123548
2020-06-24 12:06:22 - # 68 :	 -3.189754208549857
2020-06-24 12:06:23 - # 69 :	 -1.665926493704319
2020-06-24 12:06:24 - # 70 :	 -1.6327874809503555
2020-06-24 12:06:27 - # 71 :	 1.5797475867439061
2020-06-24 12:06:27 - # 72 :	 -1.00983443018049
2020-06-24 12:06:28 - # 73 :	 0.08512583374977112
2020-06-24 12:06:31 - # 74 :	 -2.0889663249254227
2020-06-24 12:06:32 - # 75 :	 -1.3066294053569436
2020-06-24 12:06:34 - # 76 :	 2.6351791359484196
2020-06-24 12:06:35 - # 77 :	 -1.1106441223528236
2020-06-24 12:06:38 - # 78 :	 -0.26743185170926154
2020-06-24 12:06:44 - # 79 :	 6.329696639673784
2020-06-24 12:06:46 - # 80 :	 2.7125648595392704
2020-06-24 12:06:46 - # 81 :	 -1.0399395930580795
2020-06-24 12:06:48 - # 82 :	 -1.4105148625094444
2020-06-24 12:06:48 - # 83 :	 -1.185364163480699
2020-06-24 12:06:49 - # 84 :	 -0.04601684911176562
2020-06-24 12:06:51 - # 85 :	 -0.012409180402755737
2020-06-24 12:06:52 - # 86 :	 -2.1457691360265017
2020-06-24 12:06:54 - # 87 :	 1.4948952831327915
2020-06-24 12:06:55 - # 88 :	 -0.3339270353317261
2020-06-24 12:06:57 - # 89 :	 1.956236932426691
2020-06-24 12:06:58 - # 90 :	 -0.8258410282433033
2020-06-24 12:06:00 - # 91 :	 4.127046426292509
2020-06-24 12:06:00 - # 92 :	 -1.1995825301855803
2020-06-24 12:06:03 - # 93 :	 -2.238206321839243
2020-06-24 12:06:04 - # 94 :	 -1.3546518557704985
2020-06-24 12:06:04 - # 95 :	 -0.9067632285878062
2020-06-24 12:06:06 - # 96 :	 -0.07519123703241348
2020-06-24 12:06:08 - # 97 :	 2.62704043276608
2020-06-24 12:06:10 - # 98 :	 3.843095611780882
2020-06-24 12:06:12 - # 99 :	 0.9066749701742083
2020-06-24 12:06:12 - # 100 :	 -1.0388199675362557
2020-06-24 12:06:14 - # 101 :	 -1.9821824869140983
2020-06-24 12:06:18 - # 102 :	 10.640647880733013
2020-06-24 12:06:19 - # 103 :	 -1.303442134987563
2020-06-24 12:06:20 - # 104 :	 -1.453981252387166
2020-06-24 12:06:21 - # 105 :	 -1.0934249255806208
2020-06-24 12:06:22 - # 106 :	 -1.9395897537469864
2020-06-24 12:06:23 - # 107 :	 -4.070395414717495
2020-06-24 12:06:23 - # 108 :	 -1.3379739695228636
2020-06-24 12:06:26 - # 109 :	 5.802087906748056
2020-06-24 12:06:27 - # 110 :	 -1.7404431863687932
2020-06-24 12:06:29 - # 111 :	 -2.4448846727609634
2020-06-24 12:06:30 - # 112 :	 -1.4956319723278284
2020-06-24 12:06:34 - # 113 :	 -1.222496421309188
2020-06-24 12:06:37 - # 114 :	 -1.9624901856295764
2020-06-24 12:06:38 - # 115 :	 -0.4709994699805975
2020-06-24 12:06:38 - # 116 :	 -1.5550554729998112
2020-06-24 12:06:40 - # 117 :	 -0.2324721645563841
2020-06-24 12:06:41 - # 118 :	 -2.020719934720546
2020-06-24 12:06:43 - # 119 :	 -0.9744675015099347
2020-06-24 12:06:45 - # 120 :	 -3.2136409571394324
2020-06-24 12:06:46 - # 121 :	 0.8401172207668424
2020-06-24 12:06:47 - # 122 :	 -0.24427930917590857
2020-06-24 12:06:49 - # 123 :	 -1.0342452842742205
2020-06-24 12:06:50 - # 124 :	 -2.3137562945485115
2020-06-24 12:06:50 - # 125 :	 -0.9401852497830987
2020-06-24 12:06:51 - # 126 :	 -0.9686421500518918
2020-06-24 12:06:51 - # 127 :	 -1.4918159393128008
2020-06-24 12:06:52 - # 128 :	 -1.655261855572462
2020-06-24 12:06:52 - # 129 :	 -1.6246098270639777
2020-06-24 12:06:53 - # 130 :	 -1.6592328641563654
2020-06-24 12:06:54 - # 131 :	 -1.378632578998804
2020-06-24 12:06:55 - # 132 :	 -0.3763833390548825
2020-06-24 12:06:56 - # 133 :	 -1.557914697099477
2020-06-24 12:06:57 - # 134 :	 -1.7736744126304984
2020-06-24 12:06:57 - # 135 :	 -1.2375689703039825
2020-06-24 12:06:02 - # 136 :	 -6.643529299646616
2020-06-24 12:06:02 - # 137 :	 -2.1476225033402443
2020-06-24 12:06:05 - # 138 :	 -3.1733474682550877
2020-06-24 12:06:05 - # 139 :	 -1.5980440070852637
2020-06-24 12:06:07 - # 140 :	 -0.36566480272449553
2020-06-24 12:06:08 - # 141 :	 1.0671474914997816
2020-06-24 12:06:10 - # 142 :	 -3.7713435664772987
2020-06-24 12:06:12 - # 143 :	 -1.112988581880927
2020-06-24 12:06:12 - # 144 :	 -1.0632403064519167
2020-06-24 12:06:14 - # 145 :	 -2.2244002618826926
2020-06-24 12:06:15 - # 146 :	 -1.3855356350541115
2020-06-24 12:06:15 - # 147 :	 -1.1527578039094806
2020-06-24 12:06:16 - # 148 :	 -1.9864241648465395
2020-06-24 12:06:16 - # 149 :	 -0.6810863800346851
2020-06-24 12:06:18 - # 150 :	 0.08666815236210823
2020-06-24 12:06:18 - # 151 :	 -1.3091836804524064
2020-06-24 12:06:20 - # 152 :	 -1.2973044225946069
2020-06-24 12:06:22 - # 153 :	 -4.029930269345641
2020-06-24 12:06:22 - # 154 :	 -2.6207334846258163
2020-06-24 12:06:24 - # 155 :	 3.5822167228907347
2020-06-24 12:06:24 - # 156 :	 -0.758088905364275
2020-06-24 12:06:25 - # 157 :	 -1.2641361467540264
2020-06-24 12:06:29 - # 158 :	 -6.368378188461065
2020-06-24 12:06:30 - # 159 :	 -1.0750378873199224
2020-06-24 12:06:32 - # 160 :	 -1.11367292329669
2020-06-24 12:06:33 - # 161 :	 -1.9397845934145153
2020-06-24 12:06:33 - # 162 :	 -1.125314483884722
2020-06-24 12:06:34 - # 163 :	 -1.3067964429501444
2020-06-24 12:06:35 - # 164 :	 -0.964842451736331
2020-06-24 12:06:35 - # 165 :	 -1.4308093478903174
2020-06-24 12:06:36 - # 166 :	 -1.880893997848034
2020-06-24 12:06:37 - # 167 :	 -1.1341164074838161
2020-06-24 12:06:38 - # 168 :	 -0.8538404032588005
2020-06-24 12:06:39 - # 169 :	 -0.4833574937656522
2020-06-24 12:06:39 - # 170 :	 -1.3154769325628877
2020-06-24 12:06:40 - # 171 :	 -0.9794266349636018
2020-06-24 12:06:41 - # 172 :	 -0.5922462306916714
2020-06-24 12:06:42 - # 173 :	 -1.1412452580407262
2020-06-24 12:06:45 - # 174 :	 -6.713622663170099
2020-06-24 12:06:48 - # 175 :	 -0.5212522097863257
2020-06-24 12:06:49 - # 176 :	 -0.8792865751311183
2020-06-24 12:06:50 - # 177 :	 -1.0659244544804096
2020-06-24 12:06:50 - # 178 :	 -0.9405673672445118
2020-06-24 12:06:52 - # 179 :	 -1.801882864907384
2020-06-24 12:06:56 - # 180 :	 1.1382936127483845
2020-06-24 12:06:00 - # 181 :	 0.21440115943551064
2020-06-24 12:06:01 - # 182 :	 -1.3842290467582643
2020-06-24 12:06:01 - # 183 :	 -1.0117056164890528
2020-06-24 12:06:02 - # 184 :	 -0.811016489751637
2020-06-24 12:06:03 - # 185 :	 -1.0589896934106946
2020-06-24 12:06:04 - # 186 :	 1.6580562368035316
2020-06-24 12:06:07 - # 187 :	 -2.6024362361058593
2020-06-24 12:06:08 - # 188 :	 -0.8839693982154131
2020-06-24 12:06:09 - # 189 :	 -1.0664956932887435
2020-06-24 12:06:14 - # 190 :	 -0.9175483430735767
2020-06-24 12:06:15 - # 191 :	 -0.623558615334332
2020-06-24 12:06:16 - # 192 :	 -1.564573161303997
2020-06-24 12:06:16 - # 193 :	 -0.7259938735514879
2020-06-24 12:06:17 - # 194 :	 -1.3029307778924704
2020-06-24 12:06:17 - # 195 :	 -1.5655302964150906
2020-06-24 12:06:18 - # 196 :	 -1.4437262825667858
2020-06-24 12:06:20 - # 197 :	 -4.73005820158869
2020-06-24 12:06:21 - # 198 :	 -1.5215859389863908
2020-06-24 12:06:21 - # 199 :	 -1.1769323539920151
2020-06-24 12:06:24 - # 200 :	 -1.2621645494364202
2020-06-24 12:06:26 - # 201 :	 -1.8126970380544662
!!! updated
2020-06-24 12:06:46 - # 202 :	 1.594785030465573
2020-06-24 12:06:52 - # 203 :	 5.701935455668718
2020-06-24 12:06:52 - # 204 :	 -2.4590173587203026
2020-06-24 12:06:53 - # 205 :	 0.0037895645946264267
2020-06-24 12:06:54 - # 206 :	 -1.8408629521727562
2020-06-24 12:06:55 - # 207 :	 0.07997510675340891
2020-06-24 12:06:57 - # 208 :	 -1.096328791230917
2020-06-24 12:06:57 - # 209 :	 -1.9375509172677994
2020-06-24 12:06:59 - # 210 :	 1.3615861251018941
2020-06-24 12:06:01 - # 211 :	 -0.6778625228907913
2020-06-24 12:06:01 - # 212 :	 -1.8376623839139938
2020-06-24 12:06:02 - # 213 :	 -0.46423738868907094
2020-06-24 12:06:03 - # 214 :	 -2.0633104480803013
2020-06-24 12:06:05 - # 215 :	 -4.8866344429552555
2020-06-24 12:06:06 - # 216 :	 -1.1206418126821518
2020-06-24 12:06:06 - # 217 :	 -0.8894811859354377
2020-06-24 12:06:07 - # 218 :	 -1.279347128001973
2020-06-24 12:06:07 - # 219 :	 -0.8447864018380642
2020-06-24 12:06:09 - # 220 :	 -0.9929418521933258
2020-06-24 12:06:10 - # 221 :	 -1.2814832143485546
2020-06-24 12:06:11 - # 222 :	 -0.4826522907242179
2020-06-24 12:06:12 - # 223 :	 -0.9806152284145355
2020-06-24 12:06:12 - # 224 :	 -1.2879477785900235
2020-06-24 12:06:13 - # 225 :	 -1.859477901365608
2020-06-24 12:06:13 - # 226 :	 -0.9357820090372115
2020-06-24 12:06:14 - # 227 :	 -0.9144981410354376
2020-06-24 12:06:15 - # 228 :	 -2.1603719433769584
2020-06-24 12:06:16 - # 229 :	 -1.289677955210209
2020-06-24 12:06:18 - # 230 :	 0.07162091694772243
2020-06-24 12:06:18 - # 231 :	 -1.1037773829884827
2020-06-24 12:06:22 - # 232 :	 -5.560166139155626
2020-06-24 12:06:24 - # 233 :	 -1.7949694793205708
2020-06-24 12:06:26 - # 234 :	 0.27198542561382055
2020-06-24 12:06:28 - # 235 :	 -4.3750031646341085
2020-06-24 12:06:30 - # 236 :	 -2.7745052478276193
2020-06-24 12:06:31 - # 237 :	 1.896986517123878
2020-06-24 12:06:34 - # 238 :	 5.000469407066703
2020-06-24 12:06:36 - # 239 :	 -0.9809605836344417
2020-06-24 12:06:37 - # 240 :	 -0.985048511531204
2020-06-24 12:06:42 - # 241 :	 2.070372718386352
2020-06-24 12:06:42 - # 242 :	 -1.5748279951512814
2020-06-24 12:06:43 - # 243 :	 -1.955897282809019
2020-06-24 12:06:44 - # 244 :	 -1.4355081403627992
2020-06-24 12:06:45 - # 245 :	 -0.8644919749349356
2020-06-24 12:06:46 - # 246 :	 -1.932315363548696
2020-06-24 12:06:48 - # 247 :	 5.009769441559911
2020-06-24 12:06:49 - # 248 :	 -2.396048691123724
2020-06-24 12:06:50 - # 249 :	 -3.2380678560584784
2020-06-24 12:06:52 - # 250 :	 -5.126353062689304
2020-06-24 12:06:52 - # 251 :	 -1.7895011864602566
2020-06-24 12:06:53 - # 252 :	 -1.037993029691279
2020-06-24 12:06:55 - # 253 :	 1.8600812056101859
2020-06-24 12:06:57 - # 254 :	 2.9246410755440593
2020-06-24 12:06:58 - # 255 :	 -1.0798198422417045
2020-06-24 12:06:59 - # 256 :	 -0.7621282893233001
2020-06-24 12:06:00 - # 257 :	 -1.2118855314329267
2020-06-24 12:06:02 - # 258 :	 -0.28731289273127913
2020-06-24 12:06:02 - # 259 :	 -1.1872957097366452
2020-06-24 12:06:03 - # 260 :	 -1.7325824077706784
2020-06-24 12:06:06 - # 261 :	 -0.1711125737056136
2020-06-24 12:06:06 - # 262 :	 -1.2619925420731306
2020-06-24 12:06:07 - # 263 :	 -1.1275024274364114
2020-06-24 12:06:09 - # 264 :	 0.7695143357850611
2020-06-24 12:06:11 - # 265 :	 -5.042592675425112
2020-06-24 12:06:13 - # 266 :	 1.924114864319563
2020-06-24 12:06:17 - # 267 :	 -0.03997105546295643
2020-06-24 12:06:18 - # 268 :	 -1.450414982624352
2020-06-24 12:06:18 - # 269 :	 -1.690429326146841
2020-06-24 12:06:19 - # 270 :	 -1.246035453863442
2020-06-24 12:06:20 - # 271 :	 -1.2119885254651308
2020-06-24 12:06:20 - # 272 :	 -1.380290664266795
2020-06-24 12:06:22 - # 273 :	 -1.2318472703918815
2020-06-24 12:06:25 - # 274 :	 -3.848697786219418
2020-06-24 12:06:26 - # 275 :	 -4.014430965296924
2020-06-24 12:06:30 - # 276 :	 -5.435531822964549
2020-06-24 12:06:32 - # 277 :	 -0.9147636583074927
2020-06-24 12:06:33 - # 278 :	 -0.9600202683359385
2020-06-24 12:06:35 - # 279 :	 -0.8892666075844318
2020-06-24 12:06:37 - # 280 :	 -2.760239487979561
2020-06-24 12:06:38 - # 281 :	 -0.22304479079321027
2020-06-24 12:06:41 - # 282 :	 -4.261734311468899
2020-06-24 12:06:42 - # 283 :	 -1.8903156332671642
2020-06-24 12:06:43 - # 284 :	 -0.114618388004601
2020-06-24 12:06:45 - # 285 :	 -1.6259830622002482
2020-06-24 12:06:45 - # 286 :	 -1.1653132108040154
2020-06-24 12:06:48 - # 287 :	 5.071380893699825
2020-06-24 12:06:49 - # 288 :	 -2.0199253438040614
2020-06-24 12:06:51 - # 289 :	 3.636342198587954
2020-06-24 12:06:53 - # 290 :	 -2.0020541260018945
2020-06-24 12:06:55 - # 291 :	 1.5207076468504965
2020-06-24 12:06:56 - # 292 :	 -1.0583831183612347
2020-06-24 12:06:57 - # 293 :	 -0.5770724476315081
2020-06-24 12:06:59 - # 294 :	 -3.0060621481388807
2020-06-24 12:06:00 - # 295 :	 -2.0923026320524514
2020-06-24 12:06:01 - # 296 :	 -2.929794505238533
2020-06-24 12:06:04 - # 297 :	 -6.212877017911524
2020-06-24 12:06:06 - # 298 :	 1.2813135432079434
2020-06-24 12:06:07 - # 299 :	 0.4356219582259655
2020-06-24 12:06:09 - # 300 :	 -1.9981634239666164
2020-06-24 12:06:10 - # 301 :	 -0.928795725107193
2020-06-24 12:06:12 - # 302 :	 -0.1960495525272563
2020-06-24 12:06:14 - # 303 :	 -1.7908359598368406
2020-06-24 12:06:15 - # 304 :	 0.8033401849679649
2020-06-24 12:06:17 - # 305 :	 -2.033642209134996
2020-06-24 12:06:18 - # 306 :	 0.6224180888384581
2020-06-24 12:06:18 - # 307 :	 -2.034774367697537
2020-06-24 12:06:19 - # 308 :	 -1.533843083307147
2020-06-24 12:06:20 - # 309 :	 -1.6437593530863523
2020-06-24 12:06:21 - # 310 :	 -1.6638202536851168
2020-06-24 12:06:22 - # 311 :	 1.4645431879907846
2020-06-24 12:06:23 - # 312 :	 -1.3513938188552856
2020-06-24 12:06:25 - # 313 :	 -1.324229585006833
2020-06-24 12:06:26 - # 314 :	 -2.0461334264837205
2020-06-24 12:06:27 - # 315 :	 -1.05796717107296
2020-06-24 12:06:31 - # 316 :	 -2.694258075673133
2020-06-24 12:06:32 - # 317 :	 -0.14746583020314574
2020-06-24 12:06:33 - # 318 :	 -2.36026044934988
2020-06-24 12:06:38 - # 319 :	 -4.632659114897251
2020-06-24 12:06:39 - # 320 :	 -1.4384784065186977
2020-06-24 12:06:43 - # 321 :	 1.1481462235096842
2020-06-24 12:06:45 - # 322 :	 -1.6223462370689958
2020-06-24 12:06:45 - # 323 :	 -1.5644466988742352
2020-06-24 12:06:47 - # 324 :	 2.348733542021364
2020-06-24 12:06:48 - # 325 :	 -1.61351650650613
2020-06-24 12:06:50 - # 326 :	 -3.9636916648596525
2020-06-24 12:06:52 - # 327 :	 -3.3142455657944083
2020-06-24 12:06:54 - # 328 :	 0.1949919518083334
2020-06-24 12:06:56 - # 329 :	 -3.041250452399254
2020-06-24 12:06:57 - # 330 :	 -1.9071269361302257
2020-06-24 13:06:00 - # 331 :	 -0.13970408868044615
2020-06-24 13:06:00 - # 332 :	 -2.5405633002519608
2020-06-24 13:06:03 - # 333 :	 -7.160525527782738
2020-06-24 13:06:06 - # 334 :	 -4.967064188793302
2020-06-24 13:06:06 - # 335 :	 -0.5654721357859671
2020-06-24 13:06:08 - # 336 :	 -1.7885070531629026
2020-06-24 13:06:09 - # 337 :	 -2.0999631341546774
2020-06-24 13:06:09 - # 338 :	 -0.8764011133462191
2020-06-24 13:06:12 - # 339 :	 5.155100062955171
2020-06-24 13:06:14 - # 340 :	 -0.5412033316679299
2020-06-24 13:06:14 - # 341 :	 -0.7645700927823782
2020-06-24 13:06:17 - # 342 :	 -4.172828742885031
2020-06-24 13:06:21 - # 343 :	 -1.3842456545680761
2020-06-24 13:06:22 - # 344 :	 -1.4313535382971168
2020-06-24 13:06:22 - # 345 :	 -1.364165272563696
2020-06-24 13:06:23 - # 346 :	 -1.665291752666235
2020-06-24 13:06:25 - # 347 :	 -1.8533933060243726
2020-06-24 13:06:26 - # 348 :	 -0.45026038587093353
2020-06-24 13:06:29 - # 349 :	 8.459151329472661
2020-06-24 13:06:30 - # 350 :	 -1.4434378407895565
2020-06-24 13:06:31 - # 351 :	 -1.0084837339818478
2020-06-24 13:06:31 - # 352 :	 -1.8314462266862392
2020-06-24 13:06:33 - # 353 :	 -4.3576605804264545
2020-06-24 13:06:36 - # 354 :	 4.563307431526482
2020-06-24 13:06:36 - # 355 :	 -0.9690748136490583
2020-06-24 13:06:37 - # 356 :	 -0.5377722806297243
2020-06-24 13:06:39 - # 357 :	 -1.097201005090028
2020-06-24 13:06:40 - # 358 :	 -2.2615008149296045
2020-06-24 13:06:41 - # 359 :	 0.17162886075675488
2020-06-24 13:06:44 - # 360 :	 0.7432025524321944
2020-06-24 13:06:45 - # 361 :	 -0.9129040809348226
2020-06-24 13:06:49 - # 362 :	 -6.172726683318615
2020-06-24 13:06:49 - # 363 :	 -1.9930922277271748
2020-06-24 13:06:50 - # 364 :	 -1.3591204647673294
2020-06-24 13:06:51 - # 365 :	 -1.3542536310851574
2020-06-24 13:06:52 - # 366 :	 0.3717318754643202
2020-06-24 13:06:55 - # 367 :	 4.533975657541305
2020-06-24 13:06:58 - # 368 :	 1.4785990579985082
2020-06-24 13:06:59 - # 369 :	 -1.3320410512387753
2020-06-24 13:06:01 - # 370 :	 4.133815397042781
2020-06-24 13:06:03 - # 371 :	 -0.6748292036354542
2020-06-24 13:06:03 - # 372 :	 -1.5982171948999166
2020-06-24 13:06:04 - # 373 :	 -0.944062101887539
2020-06-24 13:06:06 - # 374 :	 -1.0342036932706833
2020-06-24 13:06:07 - # 375 :	 -1.7811173293739557
2020-06-24 13:06:08 - # 376 :	 -1.3977569825947285
2020-06-24 13:06:10 - # 377 :	 -9.274925674311817
2020-06-24 13:06:10 - # 378 :	 -0.9816070506349206
2020-06-24 13:06:11 - # 379 :	 0.032782115042209625
2020-06-24 13:06:12 - # 380 :	 -2.1763026863336563
2020-06-24 13:06:13 - # 381 :	 -1.2437715386040509
2020-06-24 13:06:14 - # 382 :	 -1.2630458511412144
2020-06-24 13:06:16 - # 383 :	 -2.725895980373025
!!! updated
2020-06-24 13:06:35 - # 384 :	 -1.3911922660190612
2020-06-24 13:06:35 - # 385 :	 -1.2880068235099316
2020-06-24 13:06:36 - # 386 :	 -0.9344772612676024
2020-06-24 13:06:36 - # 387 :	 -1.3805204555392265
2020-06-24 13:06:37 - # 388 :	 -1.1968616368249059
2020-06-24 13:06:38 - # 389 :	 -1.8964672908186913
2020-06-24 13:06:38 - # 390 :	 -2.115064390003681
2020-06-24 13:06:39 - # 391 :	 -0.941791077144444
2020-06-24 13:06:39 - # 392 :	 -0.8943368135951459
2020-06-24 13:06:40 - # 393 :	 -2.1982511281967163
action: tensor([[-4.8093e+34,  2.0655e+34,  3.5811e+34,  4.9939e+34, -9.6046e+34,
         -4.4666e+34, -6.4676e+34, -3.9409e+34, -3.9229e+34, -2.9648e+34,
         -3.7066e+34,  6.5612e+34,  4.9610e+34,  8.6036e+34, -2.5516e+34,
          4.1353e+33, -2.7503e+34,  2.0243e+34, -4.2755e+34, -2.4965e+34]]) , log_prob: tensor([[-1.3900, -1.3992, -1.3579, -1.3454, -1.3962, -1.3300, -1.4140, -1.4004,
         -1.4053, -1.4044, -1.4354, -1.2822, -1.3323, -1.2292, -1.4002, -1.3807,
         -1.3533, -1.3251, -1.3970, -1.4432]], grad_fn=<SubBackward0>) , value: tensor([[-3.8482e+32]], grad_fn=<AddmmBackward>)
action numpy:  [-4.8092544e+34  2.0655343e+34  3.5811441e+34  4.9939135e+34
 -9.6046380e+34 -4.4666214e+34 -6.4675504e+34 -3.9408742e+34
 -3.9228532e+34 -2.9648461e+34 -3.7065824e+34  6.5611674e+34
  4.9610477e+34  8.6036090e+34 -2.5516343e+34  4.1352554e+33
 -2.7503242e+34  2.0242511e+34 -4.2754988e+34 -2.4965304e+34]
[W 2020-06-24 13:01:40,525] Setting status of trial#29 as TrialState.FAIL because of the following error: RuntimeError('The observations provided had Infinite values.',)
Traceback (most recent call last):
  File "/home/j/jensenj/.local/lib/python3.6/site-packages/optuna/study.py", line 734, in _run_trial
    result = func(trial)
  File "main-optuna.py", line 100, in objective
    returns = [episode(env, agent, params, writer, i) for i in range(training_episodes)]
  File "main-optuna.py", line 100, in <listcomp>
    returns = [episode(env, agent, params, writer, i) for i in range(training_episodes)]
  File "main-optuna.py", line 36, in episode
    raise e
  File "main-optuna.py", line 32, in episode
    next_state, reward, done, _ = env.step(action.numpy()[0])
  File "/home/j/jensenj/.local/lib/python3.6/site-packages/gym_unity/envs/__init__.py", line 177, in step
    self._env.step()
  File "/home/j/jensenj/.local/lib/python3.6/site-packages/mlagents_envs/timers.py", line 305, in wrapped
    return func(*args, **kwargs)
  File "/home/j/jensenj/.local/lib/python3.6/site-packages/mlagents_envs/environment.py", line 319, in step
    self._update_state(rl_output)
  File "/home/j/jensenj/.local/lib/python3.6/site-packages/mlagents_envs/environment.py", line 275, in _update_state
    agent_info_list, self._env_specs[brain_name]
  File "/home/j/jensenj/.local/lib/python3.6/site-packages/mlagents_envs/timers.py", line 305, in wrapped
    return func(*args, **kwargs)
  File "/home/j/jensenj/.local/lib/python3.6/site-packages/mlagents_envs/rpc_utils.py", line 188, in steps_from_proto
    obs_index, obs_shape, decision_agent_info_list
  File "/home/j/jensenj/.local/lib/python3.6/site-packages/mlagents_envs/timers.py", line 305, in wrapped
    return func(*args, **kwargs)
  File "/home/j/jensenj/.local/lib/python3.6/site-packages/mlagents_envs/rpc_utils.py", line 152, in _process_vector_observation
    _raise_on_nan_and_inf(np_obs, "observations")
  File "/home/j/jensenj/.local/lib/python3.6/site-packages/mlagents_envs/rpc_utils.py", line 132, in _raise_on_nan_and_inf
    raise RuntimeError(f"The {source} provided had Infinite values.")
RuntimeError: The observations provided had Infinite values.
Traceback (most recent call last):
  File "main-optuna.py", line 118, in <module>
    study.optimize(objective, n_trials=10000)
  File "/home/j/jensenj/.local/lib/python3.6/site-packages/optuna/study.py", line 339, in optimize
    func, n_trials, timeout, catch, callbacks, gc_after_trial, None
  File "/home/j/jensenj/.local/lib/python3.6/site-packages/optuna/study.py", line 682, in _optimize_sequential
    self._run_trial_and_callbacks(func, catch, callbacks, gc_after_trial)
  File "/home/j/jensenj/.local/lib/python3.6/site-packages/optuna/study.py", line 713, in _run_trial_and_callbacks
    trial = self._run_trial(func, catch, gc_after_trial)
  File "/home/j/jensenj/.local/lib/python3.6/site-packages/optuna/study.py", line 734, in _run_trial
    result = func(trial)
  File "main-optuna.py", line 100, in objective
    returns = [episode(env, agent, params, writer, i) for i in range(training_episodes)]
  File "main-optuna.py", line 100, in <listcomp>
    returns = [episode(env, agent, params, writer, i) for i in range(training_episodes)]
  File "main-optuna.py", line 36, in episode
    raise e
  File "main-optuna.py", line 32, in episode
    next_state, reward, done, _ = env.step(action.numpy()[0])
  File "/home/j/jensenj/.local/lib/python3.6/site-packages/gym_unity/envs/__init__.py", line 177, in step
    self._env.step()
  File "/home/j/jensenj/.local/lib/python3.6/site-packages/mlagents_envs/timers.py", line 305, in wrapped
    return func(*args, **kwargs)
  File "/home/j/jensenj/.local/lib/python3.6/site-packages/mlagents_envs/environment.py", line 319, in step
    self._update_state(rl_output)
  File "/home/j/jensenj/.local/lib/python3.6/site-packages/mlagents_envs/environment.py", line 275, in _update_state
    agent_info_list, self._env_specs[brain_name]
  File "/home/j/jensenj/.local/lib/python3.6/site-packages/mlagents_envs/timers.py", line 305, in wrapped
    return func(*args, **kwargs)
  File "/home/j/jensenj/.local/lib/python3.6/site-packages/mlagents_envs/rpc_utils.py", line 188, in steps_from_proto
    obs_index, obs_shape, decision_agent_info_list
  File "/home/j/jensenj/.local/lib/python3.6/site-packages/mlagents_envs/timers.py", line 305, in wrapped
    return func(*args, **kwargs)
  File "/home/j/jensenj/.local/lib/python3.6/site-packages/mlagents_envs/rpc_utils.py", line 152, in _process_vector_observation
    _raise_on_nan_and_inf(np_obs, "observations")
  File "/home/j/jensenj/.local/lib/python3.6/site-packages/mlagents_envs/rpc_utils.py", line 132, in _raise_on_nan_and_inf
    raise RuntimeError(f"The {source} provided had Infinite values.")
RuntimeError: The observations provided had Infinite values.
Setting up 2 worker threads for Enlighten.
  Thread -> id: 7f1bc3fff700 -> priority: 1 
  Thread -> id: 7f1bc37fe700 -> priority: 1 
2020-06-24 13:01:40 INFO [environment.py:418] Environment shut down with return code 0.
