slurmstepd-peridot: error: Unable to create TMPDIR [/tmp/user/30108]: Permission denied
slurmstepd-peridot: error: Setting TMPDIR to /tmp
------- load study successful
Found path: /home/j/jensenj/PycharmProjects/Federer-Jr./src/../crawler_single/linux/dynamic_server/crawler_dynamic.x86_64
Mono path[0] = '/home/j/jensenj/PycharmProjects/Federer-Jr./src/../crawler_single/linux/dynamic_server/crawler_dynamic_Data/Managed'
Mono config path = '/home/j/jensenj/PycharmProjects/Federer-Jr./src/../crawler_single/linux/dynamic_server/crawler_dynamic_Data/MonoBleedingEdge/etc'
Preloaded 'lib_burst_generated.so'
Preloaded 'libgrpc_csharp_ext.x64.so'
Initialize engine version: 2019.3.15f1 (59ff3e03856d)
[Subsystems] Discovering subsystems at path /home/j/jensenj/PycharmProjects/Federer-Jr./src/../crawler_single/linux/dynamic_server/crawler_dynamic_Data/UnitySubsystems
Forcing GfxDevice: Null
GfxDevice: creating device client; threaded=0
NullGfxDevice:
    Version:  NULL 1.0 [1.0]
    Renderer: Null Device
    Vendor:   Unity Technologies
Begin MonoManager ReloadAssembly
- Completed reload, in  0.115 seconds
WARNING: Shader Unsupported: 'Autodesk Interactive' - All passes removed
WARNING: Shader Did you use #pragma only_renderers and omit this platform?
UnloadTime: 0.390869 ms
Fallback handler could not load library /home/j/jensenj/PycharmProjects/Federer-Jr./src/../crawler_single/linux/dynamic_server/crawler_dynamic_Data/Mono/libcoreclr.so
Fallback handler could not load library /home/j/jensenj/PycharmProjects/Federer-Jr./src/../crawler_single/linux/dynamic_server/crawler_dynamic_Data/Mono/libcoreclr.so
Fallback handler could not load library /home/j/jensenj/PycharmProjects/Federer-Jr./src/../crawler_single/linux/dynamic_server/crawler_dynamic_Data/Mono/libcoreclr.so
Fallback handler could not load library /home/j/jensenj/PycharmProjects/Federer-Jr./src/../crawler_single/linux/dynamic_server/crawler_dynamic_Data/Mono/libSystem.dylib
Fallback handler could not load library /home/j/jensenj/PycharmProjects/Federer-Jr./src/../crawler_single/linux/dynamic_server/crawler_dynamic_Data/Mono/libSystem.dylib.so
Fallback handler could not load library /home/j/jensenj/PycharmProjects/Federer-Jr./src/../crawler_single/linux/dynamic_server/crawler_dynamic_Data/Mono/libSystem.dylib
Fallback handler could not load library /home/j/jensenj/PycharmProjects/Federer-Jr./src/../crawler_single/linux/dynamic_server/crawler_dynamic_Data/Mono/libcoreclr.so
Fallback handler could not load library /home/j/jensenj/PycharmProjects/Federer-Jr./src/../crawler_single/linux/dynamic_server/crawler_dynamic_Data/Mono/libcoreclr.so
Fallback handler could not load library /home/j/jensenj/PycharmProjects/Federer-Jr./src/../crawler_single/linux/dynamic_server/crawler_dynamic_Data/Mono/libcoreclr.so
Fallback handler could not load library /home/j/jensenj/PycharmProjects/Federer-Jr./src/../crawler_single/linux/dynamic_server/crawler_dynamic_Data/Mono/libSystem.dylib
Fallback handler could not load library /home/j/jensenj/PycharmProjects/Federer-Jr./src/../crawler_single/linux/dynamic_server/crawler_dynamic_Data/Mono/libSystem.dylib.so
Fallback handler could not load library /home/j/jensenj/PycharmProjects/Federer-Jr./src/../crawler_single/linux/dynamic_server/crawler_dynamic_Data/Mono/libSystem.dylib
/home/j/jensenj/.local/lib/python3.6/site-packages/tensorboard/compat/tensorflow_stub/dtypes.py:541: FutureWarning: Passing (type, 1) or '1type' as a synonym of type is deprecated; in a future version of numpy, it will be understood as (type, (1,)) / '(1,)type'.
  _np_qint8 = np.dtype([("qint8", np.int8, 1)])
/home/j/jensenj/.local/lib/python3.6/site-packages/tensorboard/compat/tensorflow_stub/dtypes.py:542: FutureWarning: Passing (type, 1) or '1type' as a synonym of type is deprecated; in a future version of numpy, it will be understood as (type, (1,)) / '(1,)type'.
  _np_quint8 = np.dtype([("quint8", np.uint8, 1)])
/home/j/jensenj/.local/lib/python3.6/site-packages/tensorboard/compat/tensorflow_stub/dtypes.py:543: FutureWarning: Passing (type, 1) or '1type' as a synonym of type is deprecated; in a future version of numpy, it will be understood as (type, (1,)) / '(1,)type'.
  _np_qint16 = np.dtype([("qint16", np.int16, 1)])
/home/j/jensenj/.local/lib/python3.6/site-packages/tensorboard/compat/tensorflow_stub/dtypes.py:544: FutureWarning: Passing (type, 1) or '1type' as a synonym of type is deprecated; in a future version of numpy, it will be understood as (type, (1,)) / '(1,)type'.
  _np_quint16 = np.dtype([("quint16", np.uint16, 1)])
/home/j/jensenj/.local/lib/python3.6/site-packages/tensorboard/compat/tensorflow_stub/dtypes.py:545: FutureWarning: Passing (type, 1) or '1type' as a synonym of type is deprecated; in a future version of numpy, it will be understood as (type, (1,)) / '(1,)type'.
  _np_qint32 = np.dtype([("qint32", np.int32, 1)])
/home/j/jensenj/.local/lib/python3.6/site-packages/tensorboard/compat/tensorflow_stub/dtypes.py:550: FutureWarning: Passing (type, 1) or '1type' as a synonym of type is deprecated; in a future version of numpy, it will be understood as (type, (1,)) / '(1,)type'.
  np_resource = np.dtype([("resource", np.ubyte, 1)])
2020-06-24 12:51:57 INFO [environment.py:108] Connected to Unity environment with package version 1.0.2 and communication version 1.0.0
2020-06-24 12:51:57 INFO [environment.py:265] Connected new brain:
CrawlerDynamic?team=0
2020-06-24 12:51:57 WARNING [__init__.py:92] The environment contains multiple observations. You must define allow_multiple_obs=True to receive them all. Otherwise, only the first visual observation (or vector observation ifthere are no visual observations) will be provided in the observation.
/home/j/jensenj/.local/lib/python3.6/site-packages/gym/logger.py:30: UserWarning: WARN: Box bound precision lowered by casting to float32
  warnings.warn(colorize('%s: %s'%('WARN', msg % args), 'yellow'))
{'nr_output_features': 20, 'nr_input_features': 126, 'env': <gym_unity.envs.UnityToGymWrapper object at 0x7f6dc40f4550>, 'alpha': 0.003, 'tau': 0.95, 'clip': 0.2, 'minibatch_size': 32, 'hidden_units': 512, 'update_time_steps': 9216, 'ppo_epochs': 28, 'gamma': 0.986412759581738, 'beta': 0.03824342962747979}
2020-06-24 12:06:59 - # 0 :	 -1.471521446481347
2020-06-24 12:06:01 - # 1 :	 1.981632642680779
2020-06-24 12:06:02 - # 2 :	 -0.723109869286418
2020-06-24 12:06:06 - # 3 :	 1.2314045566599816
2020-06-24 12:06:06 - # 4 :	 -0.9267120594158769
2020-06-24 12:06:07 - # 5 :	 -0.797986363992095
2020-06-24 12:06:09 - # 6 :	 1.934394249226898
2020-06-24 12:06:12 - # 7 :	 -0.382907556835562
2020-06-24 12:06:13 - # 8 :	 -0.9697330445051193
2020-06-24 12:06:14 - # 9 :	 -3.4444187465123832
2020-06-24 12:06:16 - # 10 :	 -2.9117439473047853
2020-06-24 12:06:16 - # 11 :	 -1.1726428661495447
2020-06-24 12:06:17 - # 12 :	 -1.2762421281076968
2020-06-24 12:06:18 - # 13 :	 -1.264187952503562
2020-06-24 12:06:28 - # 14 :	 0.7135015041567385
2020-06-24 12:06:29 - # 15 :	 -1.4380048350431025
2020-06-24 12:06:29 - # 16 :	 -2.461290662176907
2020-06-24 12:06:31 - # 17 :	 1.3223397471010685
2020-06-24 12:06:32 - # 18 :	 -1.602089036256075
2020-06-24 12:06:32 - # 19 :	 -1.076809087768197
2020-06-24 12:06:33 - # 20 :	 -0.914500739891082
2020-06-24 12:06:33 - # 21 :	 -1.3009461760520935
2020-06-24 12:06:38 - # 22 :	 -9.902777954936028
2020-06-24 12:06:38 - # 23 :	 -1.0869558048434556
2020-06-24 12:06:40 - # 24 :	 -3.4382137712091208
2020-06-24 12:06:44 - # 25 :	 -3.4657471023965627
2020-06-24 12:06:44 - # 26 :	 -1.5730711240321398
2020-06-24 12:06:45 - # 27 :	 -1.2933370815590024
2020-06-24 12:06:46 - # 28 :	 -1.5116075933910906
2020-06-24 12:06:47 - # 29 :	 0.2151145813986659
2020-06-24 12:06:49 - # 30 :	 -1.2080890275537968
2020-06-24 12:06:50 - # 31 :	 0.2559838043525815
2020-06-24 12:06:52 - # 32 :	 -3.425151415169239
2020-06-24 12:06:53 - # 33 :	 -2.4479148741811514
2020-06-24 12:06:54 - # 34 :	 -1.4102598801255226
2020-06-24 12:06:55 - # 35 :	 -1.3395100552588701
2020-06-24 12:06:55 - # 36 :	 -1.530489350669086
2020-06-24 12:06:56 - # 37 :	 -0.9454190880060196
2020-06-24 12:06:58 - # 38 :	 1.71698781196028
2020-06-24 12:06:01 - # 39 :	 -0.7082174518145621
2020-06-24 12:06:01 - # 40 :	 -0.9593108529224992
2020-06-24 12:06:02 - # 41 :	 -1.0312547823414207
2020-06-24 12:06:05 - # 42 :	 -3.597029303200543
2020-06-24 12:06:08 - # 43 :	 -8.966564733535051
2020-06-24 12:06:11 - # 44 :	 0.9565143561922014
2020-06-24 12:06:12 - # 45 :	 -3.9311989014968276
2020-06-24 12:06:13 - # 46 :	 -1.3263609139248729
2020-06-24 12:06:13 - # 47 :	 -1.0849088623654097
2020-06-24 12:06:15 - # 48 :	 -4.288564706221223
2020-06-24 12:06:18 - # 49 :	 3.824766542762518
2020-06-24 12:06:20 - # 50 :	 0.22274304972961545
2020-06-24 12:06:21 - # 51 :	 -0.4688812606036663
2020-06-24 12:06:22 - # 52 :	 1.0187627393752337
2020-06-24 12:06:27 - # 53 :	 -1.2220273073762655
2020-06-24 12:06:28 - # 54 :	 -1.5801493441686034
2020-06-24 12:06:29 - # 55 :	 -1.243376241531223
2020-06-24 12:06:34 - # 56 :	 -5.9531429200433195
2020-06-24 12:06:36 - # 57 :	 0.9422216811217368
2020-06-24 12:06:39 - # 58 :	 0.5401159763569012
2020-06-24 12:06:41 - # 59 :	 -2.853910068050027
2020-06-24 12:06:42 - # 60 :	 -0.6673490824177861
2020-06-24 12:06:44 - # 61 :	 -3.453378359321505
2020-06-24 12:06:45 - # 62 :	 -1.3158344058319926
2020-06-24 12:06:48 - # 63 :	 -0.3221765379421413
2020-06-24 12:06:49 - # 64 :	 -1.437021380290389
2020-06-24 12:06:50 - # 65 :	 -2.3915886487811804
2020-06-24 12:06:51 - # 66 :	 -1.9439287930727005
2020-06-24 12:06:52 - # 67 :	 -0.9260037951171398
2020-06-24 12:06:52 - # 68 :	 -0.7130893655121326
2020-06-24 12:06:54 - # 69 :	 -0.2128596743568778
2020-06-24 12:06:54 - # 70 :	 -0.9884842419996858
2020-06-24 12:06:55 - # 71 :	 -1.7376717207953334
2020-06-24 12:06:56 - # 72 :	 -1.2677822925616056
2020-06-24 12:06:58 - # 73 :	 -2.2215137649327517
2020-06-24 12:06:00 - # 74 :	 -2.753581297583878
2020-06-24 12:06:02 - # 75 :	 -8.108259737491608
2020-06-24 12:06:03 - # 76 :	 -1.2803435297682881
2020-06-24 12:06:03 - # 77 :	 -0.917662444524467
2020-06-24 12:06:04 - # 78 :	 1.4463855167850852
2020-06-24 12:06:05 - # 79 :	 -1.6415782701224089
2020-06-24 12:06:08 - # 80 :	 -2.864539062604308
2020-06-24 12:06:08 - # 81 :	 -0.9461693540215492
2020-06-24 12:06:15 - # 82 :	 4.624183410778642
2020-06-24 12:06:16 - # 83 :	 -4.3533830479718745
2020-06-24 12:06:18 - # 84 :	 -3.8964673299342394
2020-06-24 12:06:18 - # 85 :	 -1.098870157264173
2020-06-24 12:06:24 - # 86 :	 -13.477344382554293
2020-06-24 12:06:26 - # 87 :	 -0.17346518952399492
2020-06-24 12:06:26 - # 88 :	 -0.9682393879629672
2020-06-24 12:06:28 - # 89 :	 -1.7750919316895306
2020-06-24 12:06:32 - # 90 :	 -10.836134085431695
2020-06-24 12:06:32 - # 91 :	 -1.7996300617232919
2020-06-24 12:06:33 - # 92 :	 -1.6587893078103662
2020-06-24 12:06:33 - # 93 :	 -1.3992188721895218
2020-06-24 12:06:34 - # 94 :	 -1.257839547470212
2020-06-24 12:06:36 - # 95 :	 -4.634439792484045
2020-06-24 12:06:36 - # 96 :	 -0.7442725980654359
2020-06-24 12:06:37 - # 97 :	 -1.4409330114722252
2020-06-24 12:06:40 - # 98 :	 2.9040268640965223
2020-06-24 12:06:42 - # 99 :	 -0.8142982497811317
2020-06-24 12:06:42 - # 100 :	 -0.7624291144311428
2020-06-24 12:06:43 - # 101 :	 -1.0843075327575207
2020-06-24 12:06:46 - # 102 :	 6.317211727611721
2020-06-24 12:06:47 - # 103 :	 -1.2934656608849764
2020-06-24 12:06:47 - # 104 :	 -1.3502245815470815
2020-06-24 12:06:49 - # 105 :	 -1.9903190550394356
2020-06-24 12:06:50 - # 106 :	 -3.1274139434099197
2020-06-24 12:06:51 - # 107 :	 -1.9315683767199516
2020-06-24 12:06:54 - # 108 :	 2.8643173868767917
2020-06-24 12:06:57 - # 109 :	 1.3972501792013645
2020-06-24 12:06:03 - # 110 :	 -11.942067622207105
2020-06-24 12:06:04 - # 111 :	 -1.471555421128869
2020-06-24 12:06:04 - # 112 :	 -1.4148501995950937
2020-06-24 12:06:05 - # 113 :	 -1.2892117612063885
2020-06-24 12:06:07 - # 114 :	 1.9867244102060795
2020-06-24 12:06:08 - # 115 :	 -1.2227722280658782
2020-06-24 12:06:11 - # 116 :	 -0.8094407329335809
2020-06-24 12:06:15 - # 117 :	 -12.187921051867306
2020-06-24 12:06:17 - # 118 :	 -4.46231067692861
2020-06-24 12:06:18 - # 119 :	 -0.9931586314924061
2020-06-24 12:06:21 - # 120 :	 1.5514662092318758
2020-06-24 12:06:22 - # 121 :	 -0.9558886578306556
2020-06-24 12:06:27 - # 122 :	 -1.4210559672210366
2020-06-24 12:06:30 - # 123 :	 -3.543441123329103
2020-06-24 12:06:33 - # 124 :	 -2.915297780185938
2020-06-24 12:06:33 - # 125 :	 -1.9159560343250632
2020-06-24 12:06:34 - # 126 :	 -2.1026727529242635
2020-06-24 12:06:36 - # 127 :	 -3.093877971637994
2020-06-24 12:06:36 - # 128 :	 -1.6688180770725012
2020-06-24 12:06:37 - # 129 :	 -1.4883560468442738
2020-06-24 12:06:38 - # 130 :	 -0.8976342463865876
2020-06-24 12:06:38 - # 131 :	 -0.7521634586155415
2020-06-24 12:06:39 - # 132 :	 -1.8186255507171154
2020-06-24 12:06:39 - # 133 :	 -1.0146965831518173
2020-06-24 12:06:42 - # 134 :	 -6.841330379247665
2020-06-24 12:06:43 - # 135 :	 -1.7169176861643791
2020-06-24 12:06:43 - # 136 :	 -1.3738882942125201
2020-06-24 12:06:51 - # 137 :	 -0.4441419702488929
2020-06-24 12:06:52 - # 138 :	 -1.0591403767466545
2020-06-24 12:06:54 - # 139 :	 -2.6252168165519834
2020-06-24 12:06:55 - # 140 :	 -1.94053415954113
2020-06-24 12:06:56 - # 141 :	 -1.132683988660574
2020-06-24 12:06:56 - # 142 :	 -1.236857176758349
2020-06-24 12:06:01 - # 143 :	 4.267421681433916
2020-06-24 12:06:01 - # 144 :	 -0.9857637654058635
2020-06-24 12:06:03 - # 145 :	 -0.7743730710353702
2020-06-24 12:06:03 - # 146 :	 -0.9412634950131178
2020-06-24 12:06:05 - # 147 :	 -3.7031621132045984
2020-06-24 12:06:08 - # 148 :	 1.8184868656098843
2020-06-24 12:06:08 - # 149 :	 -1.168386984616518
2020-06-24 12:06:09 - # 150 :	 -1.3755460362881422
2020-06-24 12:06:11 - # 151 :	 -3.66799163230462
2020-06-24 12:06:13 - # 152 :	 -1.3989752437919378
2020-06-24 12:06:13 - # 153 :	 -1.2212570663541555
2020-06-24 12:06:14 - # 154 :	 -1.293893444351852
2020-06-24 12:06:15 - # 155 :	 -1.275853623636067
2020-06-24 12:06:17 - # 156 :	 -1.5535884429700673
2020-06-24 12:06:18 - # 157 :	 -1.7013434898108244
2020-06-24 12:06:20 - # 158 :	 0.40337759838439524
2020-06-24 12:06:21 - # 159 :	 -1.6642576716840267
2020-06-24 12:06:21 - # 160 :	 -1.2008526739664376
2020-06-24 12:06:22 - # 161 :	 -0.995371718890965
2020-06-24 12:06:24 - # 162 :	 -1.7105403020977974
2020-06-24 12:06:26 - # 163 :	 -3.753248958848417
2020-06-24 12:06:28 - # 164 :	 -1.1698072405997664
2020-06-24 12:06:30 - # 165 :	 -1.529032529797405
2020-06-24 12:06:31 - # 166 :	 -1.9565057246945798
2020-06-24 12:06:32 - # 167 :	 -0.3406226709485054
2020-06-24 12:06:34 - # 168 :	 -1.33952132682316
2020-06-24 12:06:38 - # 169 :	 6.418520630337298
2020-06-24 12:06:38 - # 170 :	 -1.035677365027368
2020-06-24 12:06:41 - # 171 :	 1.336406845599413
2020-06-24 12:06:42 - # 172 :	 -3.232517178170383
2020-06-24 12:06:45 - # 173 :	 1.158921311609447
2020-06-24 12:06:47 - # 174 :	 -0.09134640567936003
2020-06-24 12:06:50 - # 175 :	 2.720230466220528
2020-06-24 12:06:00 - # 176 :	 5.420407244004309
2020-06-24 12:06:01 - # 177 :	 -1.3892744574695826
2020-06-24 12:06:02 - # 178 :	 -1.9232388441450894
2020-06-24 12:06:03 - # 179 :	 -1.2445197859779
2020-06-24 12:06:06 - # 180 :	 1.2017286317422986
2020-06-24 12:06:08 - # 181 :	 -2.557912598364055
2020-06-24 12:06:10 - # 182 :	 -2.6217749334173277
2020-06-24 12:06:10 - # 183 :	 -0.7860914058983326
2020-06-24 12:06:12 - # 184 :	 -2.248691251501441
2020-06-24 12:06:13 - # 185 :	 -1.731807466596365
2020-06-24 12:06:14 - # 186 :	 -1.4830647204071283
2020-06-24 12:06:17 - # 187 :	 -1.946397628635168
2020-06-24 12:06:19 - # 188 :	 3.3259862172417343
2020-06-24 12:06:20 - # 189 :	 -0.677646417170763
2020-06-24 12:06:21 - # 190 :	 -1.7026508040726185
2020-06-24 12:06:22 - # 191 :	 -1.456356454640627
2020-06-24 12:06:22 - # 192 :	 -0.7412575902417302
2020-06-24 12:06:24 - # 193 :	 -2.9319756226614118
2020-06-24 12:06:25 - # 194 :	 -2.1872864719480276
2020-06-24 12:06:26 - # 195 :	 -1.3472006544470787
2020-06-24 12:06:26 - # 196 :	 -0.8593887183815241
2020-06-24 12:06:28 - # 197 :	 0.03922297747340053
2020-06-24 12:06:34 - # 198 :	 -10.578620183980092
2020-06-24 12:06:34 - # 199 :	 -2.038306914269924
2020-06-24 12:06:37 - # 200 :	 4.341554781422019
2020-06-24 12:06:40 - # 201 :	 -6.946128436829895
2020-06-24 12:06:41 - # 202 :	 4.292645024135709
2020-06-24 12:06:44 - # 203 :	 -4.525299443630502
2020-06-24 12:06:45 - # 204 :	 -0.36549349408596754
2020-06-24 12:06:47 - # 205 :	 -1.7198570696637034
2020-06-24 12:06:48 - # 206 :	 -0.7033638907596469
2020-06-24 12:06:50 - # 207 :	 -2.4570244504138827
2020-06-24 12:06:50 - # 208 :	 -1.9618375599384308
2020-06-24 12:06:51 - # 209 :	 -1.555689474567771
2020-06-24 12:06:51 - # 210 :	 -1.1572489677928388
2020-06-24 12:06:58 - # 211 :	 0.9257804658263922
2020-06-24 12:06:58 - # 212 :	 -1.2033732440322638
2020-06-24 12:06:59 - # 213 :	 -0.8615738339722157
2020-06-24 12:06:00 - # 214 :	 -1.8432874530553818
2020-06-24 12:06:00 - # 215 :	 -1.7005063463002443
2020-06-24 12:06:01 - # 216 :	 -1.01044439105317
2020-06-24 12:06:01 - # 217 :	 -1.745033347979188
2020-06-24 12:06:03 - # 218 :	 -3.213016536552459
2020-06-24 12:06:05 - # 219 :	 -0.41215322189964354
2020-06-24 12:06:06 - # 220 :	 -1.485445766709745
2020-06-24 12:06:07 - # 221 :	 -1.1222772914916277
2020-06-24 12:06:11 - # 222 :	 -0.49255967792123556
2020-06-24 12:06:14 - # 223 :	 -1.044022272224538
2020-06-24 12:06:16 - # 224 :	 -0.11091512674465775
2020-06-24 12:06:17 - # 225 :	 0.1925115715712309
2020-06-24 12:06:18 - # 226 :	 -1.204674271401018
2020-06-24 12:06:19 - # 227 :	 -1.090024583041668
2020-06-24 12:06:19 - # 228 :	 -1.437909446656704
2020-06-24 12:06:26 - # 229 :	 -9.510922797955573
2020-06-24 12:06:28 - # 230 :	 1.6912425975315273
2020-06-24 12:06:28 - # 231 :	 -1.4674646113999188
2020-06-24 12:06:29 - # 232 :	 -1.6320995725691319
2020-06-24 12:06:30 - # 233 :	 -0.8053186470642686
2020-06-24 12:06:30 - # 234 :	 -0.946649419143796
2020-06-24 12:06:32 - # 235 :	 -3.0026783030480146
2020-06-24 12:06:40 - # 236 :	 -8.544529925915413
2020-06-24 12:06:40 - # 237 :	 -1.5697085475549102
2020-06-24 12:06:41 - # 238 :	 -1.5406329613178968
2020-06-24 12:06:41 - # 239 :	 -1.1018699305132031
2020-06-24 12:06:42 - # 240 :	 -1.3436243943870068
2020-06-24 12:06:43 - # 241 :	 -1.1170898713171482
2020-06-24 12:06:43 - # 242 :	 -0.9347460018470883
2020-06-24 12:06:44 - # 243 :	 -0.4671976896934211
2020-06-24 12:06:45 - # 244 :	 -1.319391398690641
2020-06-24 12:06:45 - # 245 :	 -1.4754618927836418
2020-06-24 12:06:50 - # 246 :	 7.252983417361975
2020-06-24 12:06:51 - # 247 :	 -1.402084215078503
2020-06-24 12:06:54 - # 248 :	 -1.746698092436418
2020-06-24 12:06:55 - # 249 :	 -2.551751979626715
2020-06-24 12:06:57 - # 250 :	 -3.055917513091117
2020-06-24 12:06:58 - # 251 :	 -2.7192378691397607
2020-06-24 12:06:59 - # 252 :	 -1.4343449706211686
2020-06-24 12:06:00 - # 253 :	 -0.7667941036634147
2020-06-24 12:06:02 - # 254 :	 -2.6221374636515975
2020-06-24 12:06:02 - # 255 :	 -1.4194472511298954
2020-06-24 12:06:04 - # 256 :	 -1.9833418363705277
2020-06-24 12:06:06 - # 257 :	 -4.0024966318160295
2020-06-24 12:06:08 - # 258 :	 -4.2809941079467535
2020-06-24 12:06:09 - # 259 :	 -1.710420391522348
2020-06-24 12:06:11 - # 260 :	 -5.434960354119539
2020-06-24 12:06:12 - # 261 :	 -1.0785038080066442
2020-06-24 12:06:14 - # 262 :	 1.7916417447850108
2020-06-24 12:06:15 - # 263 :	 -1.626504016108811
2020-06-24 12:06:16 - # 264 :	 -0.744981374591589
2020-06-24 12:06:20 - # 265 :	 -2.1618398842401803
2020-06-24 12:06:20 - # 266 :	 -1.8776703644543886
2020-06-24 12:06:21 - # 267 :	 -2.429643115028739
2020-06-24 12:06:22 - # 268 :	 -1.8497220072895288
2020-06-24 12:06:24 - # 269 :	 -2.024326025508344
2020-06-24 12:06:25 - # 270 :	 -1.1678334241732955
2020-06-24 12:06:26 - # 271 :	 -0.9087679255753756
2020-06-24 12:06:27 - # 272 :	 -1.0277912374585867
2020-06-24 12:06:29 - # 273 :	 -1.8902893584163394
2020-06-24 12:06:29 - # 274 :	 -1.8208391107618809
2020-06-24 12:06:30 - # 275 :	 -1.7425549570471048
2020-06-24 12:06:31 - # 276 :	 -0.06071138335391879
2020-06-24 12:06:33 - # 277 :	 -4.347097039688379
2020-06-24 12:06:34 - # 278 :	 -1.1274747899733484
2020-06-24 12:06:35 - # 279 :	 -0.8120215111412108
2020-06-24 12:06:35 - # 280 :	 -1.091397825628519
2020-06-24 12:06:39 - # 281 :	 -8.673181474674493
2020-06-24 12:06:43 - # 282 :	 -7.829762035049498
2020-06-24 12:06:45 - # 283 :	 -3.1172765409573913
2020-06-24 12:06:45 - # 284 :	 -1.4245111141353846
2020-06-24 12:06:46 - # 285 :	 -0.926180143840611
2020-06-24 12:06:47 - # 286 :	 -2.063036283478141
2020-06-24 12:06:47 - # 287 :	 -1.3231277274899185
2020-06-24 12:06:48 - # 288 :	 -1.5014423299580812
2020-06-24 12:06:49 - # 289 :	 -2.2011377974413335
2020-06-24 12:06:50 - # 290 :	 -0.9896376086398959
2020-06-24 12:06:51 - # 291 :	 -1.361543983221054
2020-06-24 12:06:52 - # 292 :	 -1.9993992312811315
2020-06-24 12:06:53 - # 293 :	 -1.2994124377146363
2020-06-24 12:06:53 - # 294 :	 -1.079915705602616
2020-06-24 12:06:54 - # 295 :	 -2.540872134268284
2020-06-24 12:06:55 - # 296 :	 -2.508702967199497
2020-06-24 12:06:56 - # 297 :	 -0.9975952140521258
2020-06-24 12:06:56 - # 298 :	 -1.4235252207145095
2020-06-24 12:06:57 - # 299 :	 -1.754889115691185
2020-06-24 12:06:59 - # 300 :	 4.82780215726234
2020-06-24 13:06:01 - # 301 :	 -1.3186169024556875
2020-06-24 13:06:02 - # 302 :	 -0.9781643226742744
2020-06-24 13:06:03 - # 303 :	 -1.637311289086938
2020-06-24 13:06:04 - # 304 :	 -1.2724960600025952
2020-06-24 13:06:05 - # 305 :	 -1.939177330583334
2020-06-24 13:06:05 - # 306 :	 -1.0999849524814636
2020-06-24 13:06:11 - # 307 :	 -1.2011240315623581
2020-06-24 13:06:12 - # 308 :	 -1.790955393575132
2020-06-24 13:06:12 - # 309 :	 -1.2493202625773847
2020-06-24 13:06:13 - # 310 :	 -0.7935170494019985
2020-06-24 13:06:14 - # 311 :	 -1.468914991710335
2020-06-24 13:06:15 - # 312 :	 -2.78956519626081
2020-06-24 13:06:15 - # 313 :	 -1.339298678562045
2020-06-24 13:06:17 - # 314 :	 -7.534051449969411
2020-06-24 13:06:18 - # 315 :	 -1.4588347263634205
2020-06-24 13:06:21 - # 316 :	 -4.40062518324703
2020-06-24 13:06:22 - # 317 :	 -1.853559484705329
2020-06-24 13:06:22 - # 318 :	 -1.1023717429488897
2020-06-24 13:06:27 - # 319 :	 -4.138265976216644
2020-06-24 13:06:27 - # 320 :	 -1.6878807763569057
2020-06-24 13:06:28 - # 321 :	 -1.3437599577009678
2020-06-24 13:06:29 - # 322 :	 -1.7697997502982616
2020-06-24 13:06:30 - # 323 :	 -2.156690758652985
2020-06-24 13:06:33 - # 324 :	 6.158049422316253
2020-06-24 13:06:34 - # 325 :	 -1.4659759849309921
2020-06-24 13:06:35 - # 326 :	 -2.056024450343102
2020-06-24 13:06:36 - # 327 :	 -2.3340480639599264
2020-06-24 13:06:38 - # 328 :	 -2.5885192696005106
2020-06-24 13:06:40 - # 329 :	 0.939958002185449
2020-06-24 13:06:42 - # 330 :	 -9.391640780493617
2020-06-24 13:06:43 - # 331 :	 -0.5649493490345776
2020-06-24 13:06:44 - # 332 :	 -0.8967617261223495
2020-06-24 13:06:45 - # 333 :	 -1.5722249234095216
2020-06-24 13:06:48 - # 334 :	 -7.301573655568063
2020-06-24 13:06:53 - # 335 :	 -6.620613288367167
2020-06-24 13:06:53 - # 336 :	 -1.3836898989975452
2020-06-24 13:06:54 - # 337 :	 -0.4604133740067482
2020-06-24 13:06:56 - # 338 :	 -4.855462764389813
2020-06-24 13:06:59 - # 339 :	 0.285204810090363
2020-06-24 13:06:00 - # 340 :	 -0.7762097483500838
2020-06-24 13:06:04 - # 341 :	 4.030223047826439
2020-06-24 13:06:07 - # 342 :	 -0.5623296927660704
2020-06-24 13:06:08 - # 343 :	 6.454884700477123
2020-06-24 13:06:09 - # 344 :	 -1.8346452442929149
2020-06-24 13:06:10 - # 345 :	 1.031394425779581
2020-06-24 13:06:11 - # 346 :	 -1.6411698758602142
2020-06-24 13:06:11 - # 347 :	 -1.632709875702858
2020-06-24 13:06:12 - # 348 :	 -1.9980158228427172
2020-06-24 13:06:16 - # 349 :	 -1.03163655474782
2020-06-24 13:06:18 - # 350 :	 0.10349503462202847
2020-06-24 13:06:18 - # 351 :	 -1.1876195785589516
2020-06-24 13:06:19 - # 352 :	 -0.6603812491521239
2020-06-24 13:06:22 - # 353 :	 0.5668695149943233
2020-06-24 13:06:23 - # 354 :	 -0.024272285401821136
2020-06-24 13:06:25 - # 355 :	 1.719083620235324
2020-06-24 13:06:27 - # 356 :	 1.3500423822551966
2020-06-24 13:06:31 - # 357 :	 -5.09997601993382
2020-06-24 13:06:32 - # 358 :	 -3.627744570374489
2020-06-24 13:06:35 - # 359 :	 8.703113190829754
2020-06-24 13:06:37 - # 360 :	 1.5205845050513744
2020-06-24 13:06:37 - # 361 :	 -0.923238119110465
2020-06-24 13:06:38 - # 362 :	 -1.395175440236926
2020-06-24 13:06:40 - # 363 :	 -1.0617808664683253
2020-06-24 13:06:40 - # 364 :	 -1.4517651330679655
2020-06-24 13:06:42 - # 365 :	 1.0105754770338535
2020-06-24 13:06:44 - # 366 :	 -2.9524830477312207
2020-06-24 13:06:46 - # 367 :	 -2.8064532070420682
2020-06-24 13:06:46 - # 368 :	 -1.6150506660342216
2020-06-24 13:06:47 - # 369 :	 -0.9390322924591601
2020-06-24 13:06:50 - # 370 :	 -9.644918093457818
2020-06-24 13:06:50 - # 371 :	 -1.6127076596021652
2020-06-24 13:06:54 - # 372 :	 8.513600144535303
2020-06-24 13:06:54 - # 373 :	 -1.9398745317012072
2020-06-24 13:06:55 - # 374 :	 -1.5574090769514441
2020-06-24 13:06:55 - # 375 :	 -2.293398881331086
2020-06-24 13:06:56 - # 376 :	 -2.285693995654583
2020-06-24 13:06:57 - # 377 :	 -0.8693851782009006
2020-06-24 13:06:02 - # 378 :	 -11.151974976004567
2020-06-24 13:06:05 - # 379 :	 -3.0901428679935634
2020-06-24 13:06:05 - # 380 :	 -0.8903181604109704
!!! updated
2020-06-24 13:06:11 - # 381 :	 2.3821501154452562
2020-06-24 13:06:12 - # 382 :	 -0.7782411458902061
2020-06-24 13:06:13 - # 383 :	 -0.9027367033995688
2020-06-24 13:06:13 - # 384 :	 -1.5318209677934647
2020-06-24 13:06:14 - # 385 :	 -1.200933514162898
2020-06-24 13:06:14 - # 386 :	 -1.3682498279958963
2020-06-24 13:06:15 - # 387 :	 -1.2833234858699143
2020-06-24 13:06:15 - # 388 :	 -1.117264538537711
2020-06-24 13:06:16 - # 389 :	 -0.9292578715831041
2020-06-24 13:06:16 - # 390 :	 -1.5997770465910435
2020-06-24 13:06:17 - # 391 :	 -1.2417506678029895
2020-06-24 13:06:17 - # 392 :	 -1.392859986051917
2020-06-24 13:06:18 - # 393 :	 -1.2496389693114907
2020-06-24 13:06:18 - # 394 :	 -1.5131045766174793
2020-06-24 13:06:19 - # 395 :	 -1.5466796308755875
2020-06-24 13:06:19 - # 396 :	 -0.7363968044519424
2020-06-24 13:06:20 - # 397 :	 -0.8322059521451592
2020-06-24 13:06:20 - # 398 :	 -0.8798581692390144
2020-06-24 13:06:21 - # 399 :	 -0.817929177545011
2020-06-24 13:06:22 - # 400 :	 -0.8820555028505623
2020-06-24 13:06:22 - # 401 :	 -1.4142004940658808
action: tensor([[ 8.2554e+34, -8.6036e+34,  4.8201e+34, -8.1487e+34, -9.2678e+34,
         -7.4869e+34,  7.4893e+34, -3.9887e+34, -1.0063e+35, -7.8949e+34,
          4.9913e+34, -1.1478e+35, -4.0437e+34,  6.5806e+34, -4.7466e+34,
         -6.2081e+34, -4.7681e+34, -5.9408e+34,  8.4522e+34, -9.6322e+33]]) , log_prob: tensor([[-0.9344, -1.0057, -0.9776, -0.9744, -1.0042, -0.9477, -1.0157, -1.0032,
         -0.9793, -1.0208, -1.0052, -1.0100, -1.0933, -0.9870, -1.0547, -0.9443,
         -0.9976, -0.9966, -0.9942, -0.9563]], grad_fn=<SubBackward0>) , value: tensor([[-0.1360]], grad_fn=<AddmmBackward>)
action numpy:  [ 8.2554215e+34 -8.6035585e+34  4.8200978e+34 -8.1487443e+34
 -9.2677916e+34 -7.4868861e+34  7.4893010e+34 -3.9886965e+34
 -1.0063483e+35 -7.8949364e+34  4.9913227e+34 -1.1478413e+35
 -4.0436759e+34  6.5806392e+34 -4.7466058e+34 -6.2081430e+34
 -4.7680692e+34 -5.9408327e+34  8.4522297e+34 -9.6322146e+33]
[W 2020-06-24 13:03:23,036] Setting status of trial#31 as TrialState.FAIL because of the following error: RuntimeError('The observations provided had Infinite values.',)
Traceback (most recent call last):
  File "/home/j/jensenj/.local/lib/python3.6/site-packages/optuna/study.py", line 734, in _run_trial
    result = func(trial)
  File "main-optuna.py", line 100, in objective
    returns = [episode(env, agent, params, writer, i) for i in range(training_episodes)]
  File "main-optuna.py", line 100, in <listcomp>
    returns = [episode(env, agent, params, writer, i) for i in range(training_episodes)]
  File "main-optuna.py", line 36, in episode
    raise e
  File "main-optuna.py", line 32, in episode
    next_state, reward, done, _ = env.step(action.numpy()[0])
  File "/home/j/jensenj/.local/lib/python3.6/site-packages/gym_unity/envs/__init__.py", line 177, in step
    self._env.step()
  File "/home/j/jensenj/.local/lib/python3.6/site-packages/mlagents_envs/timers.py", line 305, in wrapped
    return func(*args, **kwargs)
  File "/home/j/jensenj/.local/lib/python3.6/site-packages/mlagents_envs/environment.py", line 319, in step
    self._update_state(rl_output)
  File "/home/j/jensenj/.local/lib/python3.6/site-packages/mlagents_envs/environment.py", line 275, in _update_state
    agent_info_list, self._env_specs[brain_name]
  File "/home/j/jensenj/.local/lib/python3.6/site-packages/mlagents_envs/timers.py", line 305, in wrapped
    return func(*args, **kwargs)
  File "/home/j/jensenj/.local/lib/python3.6/site-packages/mlagents_envs/rpc_utils.py", line 188, in steps_from_proto
    obs_index, obs_shape, decision_agent_info_list
  File "/home/j/jensenj/.local/lib/python3.6/site-packages/mlagents_envs/timers.py", line 305, in wrapped
    return func(*args, **kwargs)
  File "/home/j/jensenj/.local/lib/python3.6/site-packages/mlagents_envs/rpc_utils.py", line 152, in _process_vector_observation
    _raise_on_nan_and_inf(np_obs, "observations")
  File "/home/j/jensenj/.local/lib/python3.6/site-packages/mlagents_envs/rpc_utils.py", line 132, in _raise_on_nan_and_inf
    raise RuntimeError(f"The {source} provided had Infinite values.")
RuntimeError: The observations provided had Infinite values.
Traceback (most recent call last):
  File "main-optuna.py", line 118, in <module>
    study.optimize(objective, n_trials=10000)
  File "/home/j/jensenj/.local/lib/python3.6/site-packages/optuna/study.py", line 339, in optimize
    func, n_trials, timeout, catch, callbacks, gc_after_trial, None
  File "/home/j/jensenj/.local/lib/python3.6/site-packages/optuna/study.py", line 682, in _optimize_sequential
    self._run_trial_and_callbacks(func, catch, callbacks, gc_after_trial)
  File "/home/j/jensenj/.local/lib/python3.6/site-packages/optuna/study.py", line 713, in _run_trial_and_callbacks
    trial = self._run_trial(func, catch, gc_after_trial)
  File "/home/j/jensenj/.local/lib/python3.6/site-packages/optuna/study.py", line 734, in _run_trial
    result = func(trial)
  File "main-optuna.py", line 100, in objective
    returns = [episode(env, agent, params, writer, i) for i in range(training_episodes)]
  File "main-optuna.py", line 100, in <listcomp>
    returns = [episode(env, agent, params, writer, i) for i in range(training_episodes)]
  File "main-optuna.py", line 36, in episode
    raise e
  File "main-optuna.py", line 32, in episode
    next_state, reward, done, _ = env.step(action.numpy()[0])
  File "/home/j/jensenj/.local/lib/python3.6/site-packages/gym_unity/envs/__init__.py", line 177, in step
    self._env.step()
  File "/home/j/jensenj/.local/lib/python3.6/site-packages/mlagents_envs/timers.py", line 305, in wrapped
    return func(*args, **kwargs)
  File "/home/j/jensenj/.local/lib/python3.6/site-packages/mlagents_envs/environment.py", line 319, in step
    self._update_state(rl_output)
  File "/home/j/jensenj/.local/lib/python3.6/site-packages/mlagents_envs/environment.py", line 275, in _update_state
    agent_info_list, self._env_specs[brain_name]
  File "/home/j/jensenj/.local/lib/python3.6/site-packages/mlagents_envs/timers.py", line 305, in wrapped
    return func(*args, **kwargs)
  File "/home/j/jensenj/.local/lib/python3.6/site-packages/mlagents_envs/rpc_utils.py", line 188, in steps_from_proto
    obs_index, obs_shape, decision_agent_info_list
  File "/home/j/jensenj/.local/lib/python3.6/site-packages/mlagents_envs/timers.py", line 305, in wrapped
    return func(*args, **kwargs)
  File "/home/j/jensenj/.local/lib/python3.6/site-packages/mlagents_envs/rpc_utils.py", line 152, in _process_vector_observation
    _raise_on_nan_and_inf(np_obs, "observations")
  File "/home/j/jensenj/.local/lib/python3.6/site-packages/mlagents_envs/rpc_utils.py", line 132, in _raise_on_nan_and_inf
    raise RuntimeError(f"The {source} provided had Infinite values.")
RuntimeError: The observations provided had Infinite values.
Setting up 6 worker threads for Enlighten.
  Thread -> id: 7fa074012700 -> priority: 1 
  Thread -> id: 7fa073811700 -> priority: 1 
  Thread -> id: 7fa073010700 -> priority: 1 
  Thread -> id: 7fa07280f700 -> priority: 1 
  Thread -> id: 7fa07200e700 -> priority: 1 
  Thread -> id: 7fa07180d700 -> priority: 1 
2020-06-24 13:03:23 INFO [environment.py:418] Environment shut down with return code 0.
