slurmstepd-donau: error: Unable to create TMPDIR [/tmp/user/30108]: Permission denied
slurmstepd-donau: error: Setting TMPDIR to /tmp
Found path: /home/j/jensenj/PycharmProjects/Federer-Jr./src/../crawler_single/linux/dynamic_server/crawler_dynamic.x86_64
Mono path[0] = '/home/j/jensenj/PycharmProjects/Federer-Jr./src/../crawler_single/linux/dynamic_server/crawler_dynamic_Data/Managed'
Mono config path = '/home/j/jensenj/PycharmProjects/Federer-Jr./src/../crawler_single/linux/dynamic_server/crawler_dynamic_Data/MonoBleedingEdge/etc'
Preloaded 'lib_burst_generated.so'
Preloaded 'libgrpc_csharp_ext.x64.so'
Initialize engine version: 2019.3.15f1 (59ff3e03856d)
[Subsystems] Discovering subsystems at path /home/j/jensenj/PycharmProjects/Federer-Jr./src/../crawler_single/linux/dynamic_server/crawler_dynamic_Data/UnitySubsystems
Forcing GfxDevice: Null
GfxDevice: creating device client; threaded=0
NullGfxDevice:
    Version:  NULL 1.0 [1.0]
    Renderer: Null Device
    Vendor:   Unity Technologies
Begin MonoManager ReloadAssembly
- Completed reload, in  0.236 seconds
WARNING: Shader Unsupported: 'Autodesk Interactive' - All passes removed
WARNING: Shader Did you use #pragma only_renderers and omit this platform?
UnloadTime: 0.436713 ms
Fallback handler could not load library /home/j/jensenj/PycharmProjects/Federer-Jr./src/../crawler_single/linux/dynamic_server/crawler_dynamic_Data/Mono/libcoreclr.so
Fallback handler could not load library /home/j/jensenj/PycharmProjects/Federer-Jr./src/../crawler_single/linux/dynamic_server/crawler_dynamic_Data/Mono/libcoreclr.so
Fallback handler could not load library /home/j/jensenj/PycharmProjects/Federer-Jr./src/../crawler_single/linux/dynamic_server/crawler_dynamic_Data/Mono/libcoreclr.so
Fallback handler could not load library /home/j/jensenj/PycharmProjects/Federer-Jr./src/../crawler_single/linux/dynamic_server/crawler_dynamic_Data/Mono/libSystem.dylib
Fallback handler could not load library /home/j/jensenj/PycharmProjects/Federer-Jr./src/../crawler_single/linux/dynamic_server/crawler_dynamic_Data/Mono/libSystem.dylib.so
Fallback handler could not load library /home/j/jensenj/PycharmProjects/Federer-Jr./src/../crawler_single/linux/dynamic_server/crawler_dynamic_Data/Mono/libSystem.dylib
Fallback handler could not load library /home/j/jensenj/PycharmProjects/Federer-Jr./src/../crawler_single/linux/dynamic_server/crawler_dynamic_Data/Mono/libcoreclr.so
Fallback handler could not load library /home/j/jensenj/PycharmProjects/Federer-Jr./src/../crawler_single/linux/dynamic_server/crawler_dynamic_Data/Mono/libcoreclr.so
Fallback handler could not load library /home/j/jensenj/PycharmProjects/Federer-Jr./src/../crawler_single/linux/dynamic_server/crawler_dynamic_Data/Mono/libcoreclr.so
Fallback handler could not load library /home/j/jensenj/PycharmProjects/Federer-Jr./src/../crawler_single/linux/dynamic_server/crawler_dynamic_Data/Mono/libSystem.dylib
Fallback handler could not load library /home/j/jensenj/PycharmProjects/Federer-Jr./src/../crawler_single/linux/dynamic_server/crawler_dynamic_Data/Mono/libSystem.dylib.so
Fallback handler could not load library /home/j/jensenj/PycharmProjects/Federer-Jr./src/../crawler_single/linux/dynamic_server/crawler_dynamic_Data/Mono/libSystem.dylib
/home/j/jensenj/.local/lib/python3.6/site-packages/tensorboard/compat/tensorflow_stub/dtypes.py:541: FutureWarning: Passing (type, 1) or '1type' as a synonym of type is deprecated; in a future version of numpy, it will be understood as (type, (1,)) / '(1,)type'.
  _np_qint8 = np.dtype([("qint8", np.int8, 1)])
/home/j/jensenj/.local/lib/python3.6/site-packages/tensorboard/compat/tensorflow_stub/dtypes.py:542: FutureWarning: Passing (type, 1) or '1type' as a synonym of type is deprecated; in a future version of numpy, it will be understood as (type, (1,)) / '(1,)type'.
  _np_quint8 = np.dtype([("quint8", np.uint8, 1)])
/home/j/jensenj/.local/lib/python3.6/site-packages/tensorboard/compat/tensorflow_stub/dtypes.py:543: FutureWarning: Passing (type, 1) or '1type' as a synonym of type is deprecated; in a future version of numpy, it will be understood as (type, (1,)) / '(1,)type'.
  _np_qint16 = np.dtype([("qint16", np.int16, 1)])
/home/j/jensenj/.local/lib/python3.6/site-packages/tensorboard/compat/tensorflow_stub/dtypes.py:544: FutureWarning: Passing (type, 1) or '1type' as a synonym of type is deprecated; in a future version of numpy, it will be understood as (type, (1,)) / '(1,)type'.
  _np_quint16 = np.dtype([("quint16", np.uint16, 1)])
/home/j/jensenj/.local/lib/python3.6/site-packages/tensorboard/compat/tensorflow_stub/dtypes.py:545: FutureWarning: Passing (type, 1) or '1type' as a synonym of type is deprecated; in a future version of numpy, it will be understood as (type, (1,)) / '(1,)type'.
  _np_qint32 = np.dtype([("qint32", np.int32, 1)])
/home/j/jensenj/.local/lib/python3.6/site-packages/tensorboard/compat/tensorflow_stub/dtypes.py:550: FutureWarning: Passing (type, 1) or '1type' as a synonym of type is deprecated; in a future version of numpy, it will be understood as (type, (1,)) / '(1,)type'.
  np_resource = np.dtype([("resource", np.ubyte, 1)])
2020-06-25 12:04:22 INFO [environment.py:108] Connected to Unity environment with package version 1.0.2 and communication version 1.0.0
2020-06-25 12:04:22 INFO [environment.py:265] Connected new brain:
CrawlerDynamic?team=0
2020-06-25 12:04:22 WARNING [__init__.py:92] The environment contains multiple observations. You must define allow_multiple_obs=True to receive them all. Otherwise, only the first visual observation (or vector observation ifthere are no visual observations) will be provided in the observation.
/home/j/jensenj/.local/lib/python3.6/site-packages/gym/logger.py:30: UserWarning: [33mWARN: Box bound precision lowered by casting to float32[0m
  warnings.warn(colorize('%s: %s'%('WARN', msg % args), 'yellow'))
/home/j/jensenj/.local/lib/python3.6/site-packages/numpy/core/_methods.py:160: RuntimeWarning: invalid value encountered in reduce
  ret = umr_sum(arr, axis, dtype, out, keepdims)
update_time_steps: 4096 , ppo_epochs: 8 , beta:  0.01 , gamma 0.99
0 : 0.7740869342815131
1 : -1.6467235344462097
2 : -1.1183093097060919
3 : -1.913471369072795
4 : -1.2595553770661354
5 : -0.5092901191674173
6 : -2.147889238782227
7 : -2.336623358540237
8 : -1.089175540022552
9 : -1.3290066625922918
10 : -3.0939185130409896
11 : -1.0271785063669086
12 : -1.527392864227295
13 : 1.2232426083646715
14 : -1.2582221901975572
15 : -1.6360862655565143
16 : -0.22892536665312946
17 : -1.8782958425581455
18 : -0.751753689488396
19 : -0.9000238100998104
20 : 0.6563189150765538
21 : -1.7223814502358437
22 : -1.0901850088266656
23 : -1.2537961602210999
24 : -1.7050884319469333
25 : -1.596815811470151
26 : -0.036309650633484125
27 : -1.682136181741953
28 : 0.8458940465934575
29 : 3.429467025678605
30 : -1.8212579935789108
31 : -1.235156562179327
32 : 3.3784231953322887
33 : -1.4290831154212356
34 : -1.3712598280981183
35 : -2.47772578895092
36 : -1.394982824102044
37 : -1.6110391300171614
38 : -0.7673894250765443
39 : -1.3567702225409448
40 : -1.208951499313116
41 : -0.8973235210869461
42 : -1.8083897344768047
43 : -0.8863295465707779
44 : -0.4602542035281658
45 : 0.20244146743789315
46 : -2.2771887332201004
47 : -1.364664876833558
48 : -1.0637513129040599
49 : -0.7844083542004228
50 : -0.7565894778817892
51 : -0.9470675466582179
52 : -2.025647133588791
53 : -0.3569181369384751
54 : -1.1832936685532331
55 : -0.9202033636393026
56 : -1.5423752886708826
57 : -1.8551511205732822
58 : -1.4251092988997698
59 : -2.4574029562063515
60 : -0.41780815087258816
61 : -1.1982128974050283
62 : -1.6787290014326572
63 : -1.8837678544223309
64 : -1.3849527835845947
65 : -6.120076164603233
66 : -5.3258098075166345
67 : -0.6682129367254674
68 : -1.7121354504488409
69 : -0.6667615375481546
70 : -1.5719410730525851
71 : -14.5841741762124
72 : -2.120488873682916
73 : -1.2704068473540246
74 : -1.1881375145167112
75 : -0.9993243589997292
76 : -1.4401303930208087
77 : -1.1744541991502047
78 : 1.8015386424958706
79 : -0.8925006445497274
80 : -1.9226144030690193
81 : -0.5422441512346268
82 : -0.9320804993622005
83 : -0.7216208316385746
84 : -3.0611254796385765
85 : -1.191423405893147
86 : 7.157975451555103
87 : 5.511285495012999
88 : -1.4305268889293075
89 : -0.9315220713615417
90 : -1.475866503547877
91 : -0.7846715999767184
92 : -3.7535248547792435
93 : 1.9214034676551819
94 : -1.8908018320798874
95 : -1.0004326226189733
96 : -1.4141581319272518
97 : -1.4191488111391664
98 : -1.6855800915509462
99 : 1.1633766274899244
100 : -1.0446847826242447
101 : -1.289968101773411
102 : 3.1842603143304586
103 : -2.534599914215505
104 : -3.2666604169644415
105 : -2.513123281300068
106 : -0.9947557710111141
107 : -3.4893830292858183
108 : -7.456359087489545
109 : -4.335699619259685
110 : -1.5437418734654784
111 : -0.8413979075849056
112 : -1.1756903901696205
113 : -1.2479962473735213
114 : -1.3193573504686356
115 : -1.6639715544879436
116 : -1.26507100276649
117 : -2.460854268632829
118 : -2.133923962712288
119 : -1.2608127379789948
120 : -1.4792683327104896
121 : -0.7523401910439134
122 : -2.3747584875673056
123 : -0.7888060538098216
124 : -2.1568709686398506
125 : -0.9647588366642594
126 : -1.3957256600260735
127 : -1.4630330838263035
128 : -1.5514175482094288
129 : -1.0753030497580767
130 : 0.029053916223347187
131 : -2.2603292549028993
132 : -1.5801295302808285
133 : -1.4585883263498545
134 : -1.536066179163754
135 : -0.8653660588897765
136 : -0.7779732756316662
137 : -1.4968530992045999
138 : -1.4122044809628278
139 : -1.5999325746670365
140 : -1.4475576747208834
141 : -2.0012643579393625
142 : -1.5333561524748802
143 : -3.86038335878402
144 : -1.6731192730367184
145 : -1.4079245701432228
146 : -1.0516647880431265
147 : -2.2070642206817865
148 : -1.450793169438839
149 : -1.438473858870566
150 : -2.429161114618182
151 : 3.667124113999307
152 : -1.041984809562564
153 : -1.2884961739182472
154 : -1.0714048049412668
155 : -1.387368779629469
156 : -1.1548068951815367
157 : -2.93344682501629
158 : -2.0950628011487424
159 : 1.8836507946252823
160 : -1.2431716287974268
161 : 0.34738436434417963
162 : 0.28630663617514074
163 : -3.3519085462903604
164 : -0.872307444922626
165 : -1.4262750335037708
166 : -1.0699308309704065
167 : 1.2599464235827327
168 : 1.4197669280692935
169 : -1.2929009199142456
170 : -0.8591934107244015
171 : -1.620000580791384
172 : -1.1065371809527278
173 : -0.812908579595387
174 : -1.4492960020434111
175 : -2.384919546544552
176 : -0.8069187081418931
177 : 0.7400919459760189
178 : -0.5988706587813795
179 : -1.3765003868029453
180 : -0.9314823229797184
181 : -1.4064764517825097
182 : -3.316491637378931
183 : -1.7614236436784267
184 : -0.16020607948303223
185 : -1.435586128383875
186 : -1.718401800841093
187 : -1.7194571746513247
188 : -1.3103892533108592
189 : -0.5134140281006694
190 : -0.39930572686716914
191 : -1.5284046353772283
192 : -0.8171677803620696
193 : -2.0171819254755974
194 : -1.9896231284947135
195 : -1.302237211726606
196 : -1.3919712007045746
197 : -1.750769630074501
198 : -1.4868173957802355
199 : -4.267733556218445
200 : -0.9511246122419834
201 : -0.6127202212810516
202 : 0.9274800594430417
203 : -1.8952349536120892
204 : -1.1860610768198967
205 : -1.116969050373882
206 : -1.6701433770358562
207 : -1.7454874068498611
208 : -1.2067662626504898
209 : -3.270094289444387
210 : -1.5440035320352763
211 : -0.8393466891720891
212 : -1.498412575572729
213 : -0.9194205114617944
214 : -2.016978722065687
215 : -0.16390445176512003
216 : -0.5899106897413731
217 : -1.1647570137865841
218 : -1.1558068646118045
219 : -1.2119754189625382
220 : -1.6111644096672535
221 : -1.3020658176392317
222 : -1.7572026774287224
223 : -0.6525087989866734
224 : -1.5100491419434547
225 : -0.6920341399963945
226 : -2.3618866577744484
227 : -0.7962554455734789
228 : -1.851222375407815
229 : -2.02379002654925
230 : -1.1053169891238213
231 : -0.8802251974120736
232 : -1.0780076840892434
233 : -1.2903178930282593
234 : -1.6459331205114722
235 : 1.403540008701384
236 : -1.3404681775718927
237 : 2.5670505999587476
238 : -1.2540878960862756
239 : -1.1171478554606438
240 : -3.11674412060529
241 : -1.2190845273435116
242 : -0.4296855917200446
243 : -0.4042674950323999
244 : -1.056277222931385
245 : -1.5981979202479124
246 : -2.0959791280329227
247 : -0.8459427813068032
248 : 0.05104266107082367
249 : -1.6700281742960215
250 : -1.2047579288482666
251 : -1.0427481420338154
252 : -1.0175988962873816
253 : -1.2353826174512506
254 : -0.9638522267341614
255 : -1.7272203620523214
256 : -1.393741387873888
257 : 3.200476247817278
258 : -2.031754158437252
259 : -1.1448228135704994
260 : -2.5119221564382315
261 : -1.469108703546226
262 : -0.9082081839442253
263 : -1.0476651769131422
264 : -0.4540656830649823
265 : -1.007701980881393
!!! updated
266 : -1.665503918658942
267 : -1.4497258765622973
268 : -1.0230273467022926
269 : -2.622344598174095
270 : -1.3038588669151068
271 : -1.890615090727806
272 : -1.539748638868332
273 : -0.9885431849397719
Setting up 2 worker threads for Enlighten.
  Thread -> id: 7f27429ad700 -> priority: 1 
  Thread -> id: 7f27421ac700 -> priority: 1 
Traceback (most recent call last):
  File "main.py", line 123, in <module>
    returns = [episode(env, agent, i) for i in range(training_episodes)]
  File "main.py", line 123, in <listcomp>
    returns = [episode(env, agent, i) for i in range(training_episodes)]
  File "main.py", line 30, in episode
    next_state, reward, done, _ = env.step(action.numpy()[0])
  File "/home/j/jensenj/.local/lib/python3.6/site-packages/gym_unity/envs/__init__.py", line 177, in step
    self._env.step()
  File "/home/j/jensenj/.local/lib/python3.6/site-packages/mlagents_envs/timers.py", line 305, in wrapped
    return func(*args, **kwargs)
  File "/home/j/jensenj/.local/lib/python3.6/site-packages/mlagents_envs/environment.py", line 319, in step
    self._update_state(rl_output)
  File "/home/j/jensenj/.local/lib/python3.6/site-packages/mlagents_envs/environment.py", line 275, in _update_state
    agent_info_list, self._env_specs[brain_name]
  File "/home/j/jensenj/.local/lib/python3.6/site-packages/mlagents_envs/timers.py", line 305, in wrapped
    return func(*args, **kwargs)
  File "/home/j/jensenj/.local/lib/python3.6/site-packages/mlagents_envs/rpc_utils.py", line 193, in steps_from_proto
    obs_index, obs_shape, terminal_agent_info_list
  File "/home/j/jensenj/.local/lib/python3.6/site-packages/mlagents_envs/timers.py", line 305, in wrapped
    return func(*args, **kwargs)
  File "/home/j/jensenj/.local/lib/python3.6/site-packages/mlagents_envs/rpc_utils.py", line 152, in _process_vector_observation
    _raise_on_nan_and_inf(np_obs, "observations")
  File "/home/j/jensenj/.local/lib/python3.6/site-packages/mlagents_envs/rpc_utils.py", line 130, in _raise_on_nan_and_inf
    raise RuntimeError(f"The {source} provided had NaN values.")
RuntimeError: The observations provided had NaN values.
2020-06-25 12:09:25 INFO [environment.py:418] Environment shut down with return code 0.
