slurmstepd-feueropal: error: Unable to create TMPDIR [/tmp/user/30108]: Permission denied
slurmstepd-feueropal: error: Setting TMPDIR to /tmp
Found path: /home/j/jensenj/PycharmProjects/Federer-Jr./src/../crawler_single/linux/dynamic_server/crawler_dynamic.x86_64
Mono path[0] = '/home/j/jensenj/PycharmProjects/Federer-Jr./src/../crawler_single/linux/dynamic_server/crawler_dynamic_Data/Managed'
Mono config path = '/home/j/jensenj/PycharmProjects/Federer-Jr./src/../crawler_single/linux/dynamic_server/crawler_dynamic_Data/MonoBleedingEdge/etc'
Preloaded 'lib_burst_generated.so'
Preloaded 'libgrpc_csharp_ext.x64.so'
Initialize engine version: 2019.3.15f1 (59ff3e03856d)
[Subsystems] Discovering subsystems at path /home/j/jensenj/PycharmProjects/Federer-Jr./src/../crawler_single/linux/dynamic_server/crawler_dynamic_Data/UnitySubsystems
Forcing GfxDevice: Null
GfxDevice: creating device client; threaded=0
NullGfxDevice:
    Version:  NULL 1.0 [1.0]
    Renderer: Null Device
    Vendor:   Unity Technologies
Begin MonoManager ReloadAssembly
- Completed reload, in  0.084 seconds
WARNING: Shader Unsupported: 'Autodesk Interactive' - All passes removed
WARNING: Shader Did you use #pragma only_renderers and omit this platform?
UnloadTime: 0.401520 ms
Fallback handler could not load library /home/j/jensenj/PycharmProjects/Federer-Jr./src/../crawler_single/linux/dynamic_server/crawler_dynamic_Data/Mono/libcoreclr.so
Fallback handler could not load library /home/j/jensenj/PycharmProjects/Federer-Jr./src/../crawler_single/linux/dynamic_server/crawler_dynamic_Data/Mono/libcoreclr.so
Fallback handler could not load library /home/j/jensenj/PycharmProjects/Federer-Jr./src/../crawler_single/linux/dynamic_server/crawler_dynamic_Data/Mono/libcoreclr.so
Fallback handler could not load library /home/j/jensenj/PycharmProjects/Federer-Jr./src/../crawler_single/linux/dynamic_server/crawler_dynamic_Data/Mono/libSystem.dylib
Fallback handler could not load library /home/j/jensenj/PycharmProjects/Federer-Jr./src/../crawler_single/linux/dynamic_server/crawler_dynamic_Data/Mono/libSystem.dylib.so
Fallback handler could not load library /home/j/jensenj/PycharmProjects/Federer-Jr./src/../crawler_single/linux/dynamic_server/crawler_dynamic_Data/Mono/libSystem.dylib
Fallback handler could not load library /home/j/jensenj/PycharmProjects/Federer-Jr./src/../crawler_single/linux/dynamic_server/crawler_dynamic_Data/Mono/libcoreclr.so
Fallback handler could not load library /home/j/jensenj/PycharmProjects/Federer-Jr./src/../crawler_single/linux/dynamic_server/crawler_dynamic_Data/Mono/libcoreclr.so
Fallback handler could not load library /home/j/jensenj/PycharmProjects/Federer-Jr./src/../crawler_single/linux/dynamic_server/crawler_dynamic_Data/Mono/libcoreclr.so
Fallback handler could not load library /home/j/jensenj/PycharmProjects/Federer-Jr./src/../crawler_single/linux/dynamic_server/crawler_dynamic_Data/Mono/libSystem.dylib
Fallback handler could not load library /home/j/jensenj/PycharmProjects/Federer-Jr./src/../crawler_single/linux/dynamic_server/crawler_dynamic_Data/Mono/libSystem.dylib.so
Fallback handler could not load library /home/j/jensenj/PycharmProjects/Federer-Jr./src/../crawler_single/linux/dynamic_server/crawler_dynamic_Data/Mono/libSystem.dylib
/home/j/jensenj/.local/lib/python3.6/site-packages/tensorboard/compat/tensorflow_stub/dtypes.py:541: FutureWarning: Passing (type, 1) or '1type' as a synonym of type is deprecated; in a future version of numpy, it will be understood as (type, (1,)) / '(1,)type'.
  _np_qint8 = np.dtype([("qint8", np.int8, 1)])
/home/j/jensenj/.local/lib/python3.6/site-packages/tensorboard/compat/tensorflow_stub/dtypes.py:542: FutureWarning: Passing (type, 1) or '1type' as a synonym of type is deprecated; in a future version of numpy, it will be understood as (type, (1,)) / '(1,)type'.
  _np_quint8 = np.dtype([("quint8", np.uint8, 1)])
/home/j/jensenj/.local/lib/python3.6/site-packages/tensorboard/compat/tensorflow_stub/dtypes.py:543: FutureWarning: Passing (type, 1) or '1type' as a synonym of type is deprecated; in a future version of numpy, it will be understood as (type, (1,)) / '(1,)type'.
  _np_qint16 = np.dtype([("qint16", np.int16, 1)])
/home/j/jensenj/.local/lib/python3.6/site-packages/tensorboard/compat/tensorflow_stub/dtypes.py:544: FutureWarning: Passing (type, 1) or '1type' as a synonym of type is deprecated; in a future version of numpy, it will be understood as (type, (1,)) / '(1,)type'.
  _np_quint16 = np.dtype([("quint16", np.uint16, 1)])
/home/j/jensenj/.local/lib/python3.6/site-packages/tensorboard/compat/tensorflow_stub/dtypes.py:545: FutureWarning: Passing (type, 1) or '1type' as a synonym of type is deprecated; in a future version of numpy, it will be understood as (type, (1,)) / '(1,)type'.
  _np_qint32 = np.dtype([("qint32", np.int32, 1)])
/home/j/jensenj/.local/lib/python3.6/site-packages/tensorboard/compat/tensorflow_stub/dtypes.py:550: FutureWarning: Passing (type, 1) or '1type' as a synonym of type is deprecated; in a future version of numpy, it will be understood as (type, (1,)) / '(1,)type'.
  np_resource = np.dtype([("resource", np.ubyte, 1)])
2020-06-25 12:13:21 INFO [environment.py:108] Connected to Unity environment with package version 1.0.2 and communication version 1.0.0
2020-06-25 12:13:21 INFO [environment.py:265] Connected new brain:
CrawlerDynamic?team=0
2020-06-25 12:13:21 WARNING [__init__.py:92] The environment contains multiple observations. You must define allow_multiple_obs=True to receive them all. Otherwise, only the first visual observation (or vector observation ifthere are no visual observations) will be provided in the observation.
/home/j/jensenj/.local/lib/python3.6/site-packages/gym/logger.py:30: UserWarning: [33mWARN: Box bound precision lowered by casting to float32[0m
  warnings.warn(colorize('%s: %s'%('WARN', msg % args), 'yellow'))
/home/j/jensenj/.local/lib/python3.6/site-packages/numpy/core/_methods.py:160: RuntimeWarning: invalid value encountered in reduce
  ret = umr_sum(arr, axis, dtype, out, keepdims)
update_time_steps: 8192 , ppo_epochs: 4 , beta:  0.01 , gamma 0.9
0 : -4.64311729837209
1 : -1.795512832235545
2 : -1.471482376102358
3 : -1.6883083991706371
4 : -1.1654786565341055
5 : -0.32412316277623177
6 : -4.899201216874644
7 : -1.4993843454867601
8 : 1.2603994158562273
9 : -1.611291429027915
10 : -2.5400635404512286
11 : -1.4009725999785587
12 : -3.3245592154562473
13 : -1.214279931038618
14 : -1.0405396069400012
15 : -1.8931516893208027
16 : -1.025305112823844
17 : -1.6289965845644474
18 : -0.8799117803573608
19 : -0.969180453568697
20 : -1.3087955522350967
21 : -1.7472720257937908
22 : 0.34712742059491575
23 : -2.425293354317546
24 : -1.1366032036021352
25 : -0.4145174166187644
26 : -1.2749914526939392
27 : -0.4084343370050192
28 : 0.6716354452073574
29 : -0.18890531873330474
30 : -2.678324064705521
31 : -3.8122733309865
32 : -1.6422036588191986
33 : -1.125829509459436
34 : -5.237106940243393
35 : -1.3270446956157684
36 : -2.4565365030430257
37 : -1.6874748729169369
38 : -1.3472111434675753
39 : -0.6708971383050084
40 : -0.9161384664475918
41 : -0.17393856029957533
42 : -1.4716265089809895
43 : -0.6861156318336725
44 : -0.46367793064564466
45 : -0.8311505345627666
46 : -1.4105142075568438
47 : 0.21999673917889595
48 : -1.052440702682361
49 : -1.376073194667697
50 : -1.4490882493555546
51 : -0.8869393700733781
52 : -1.9539655628614128
53 : -1.3930989718064666
54 : -1.6333595989271998
55 : -0.5584110636264086
56 : 1.3373411938082427
57 : -1.6407830119132996
58 : -2.426147060468793
59 : -4.949503900483251
60 : -1.1397223882377148
61 : 6.981501922477037
62 : -2.7939526047557592
63 : -1.6718796454370022
64 : -1.3930123466998339
65 : -1.4433617740869522
66 : 0.8529150956310332
67 : -2.1888245437294245
68 : -0.6568298665806651
69 : -2.124534818343818
70 : -1.3512310720980167
71 : -2.009917177259922
72 : -0.2958750962279737
73 : -1.396761416690424
74 : 0.08445198088884354
75 : -1.211929208599031
76 : 0.6149767804890871
77 : -1.115937251597643
78 : 0.18645907170139253
79 : -1.239729281514883
80 : -3.7737157167866826
81 : -1.1895145219750702
82 : -0.9381482810713351
83 : -1.9173682685941458
84 : 1.0285337250679731
85 : -1.3242881381884217
86 : 2.224780681543052
87 : -2.8808476980775595
88 : -1.5332858404144645
89 : 2.830666773021221
90 : -2.260213357396424
91 : -1.5492715761065483
92 : 1.6369005544111133
93 : -0.945396987721324
94 : 0.8287589102983475
95 : -1.8490032311528921
96 : 0.36720144376158714
97 : -1.2575628329068422
98 : -1.0977797731757164
99 : -1.389135666191578
100 : -1.0447634658776224
101 : -0.8378920899704099
102 : -1.016390746459365
103 : -1.3199589727446437
104 : -1.3197494260966778
105 : -1.1311352890916169
106 : -2.931626047939062
107 : -1.6172735212603584
108 : -0.6712781758978963
109 : -1.259907502681017
110 : 1.1376961348578334
111 : -2.777407603338361
112 : -1.2586485100910068
113 : -1.2154410481452942
114 : -1.4008754417300224
115 : -1.182125160470605
116 : -2.412560798227787
117 : 3.7683190659154207
118 : -1.580502513796091
119 : -1.5230996031314135
120 : -0.9229358900338411
121 : -0.970609768293798
122 : -1.2394199492409825
123 : -2.7022956497967243
124 : 0.6305990724358708
125 : -5.356742475181818
126 : -0.9363608565181494
127 : -1.432850494980812
128 : -3.7929722536355257
129 : -1.7756128404289484
130 : 1.9287884328514338
131 : 0.6483515594154596
132 : -5.29489644872956
133 : -1.48289152700454
134 : -1.4091333562973887
135 : -0.17936577461659908
136 : -0.9162604422308505
137 : -3.9685389671940356
138 : -1.5112412022426724
139 : -0.8761816001497209
140 : -1.0648317821323872
141 : 1.4262422402389348
142 : -1.2213631514459848
143 : -0.8144220476970077
144 : 5.08279215102084
145 : -0.9288652576506138
146 : -1.5101550100371242
147 : -3.730726633220911
148 : 0.96919114748016
149 : -0.795824266038835
150 : -2.0135598806664348
151 : -2.1129516884684563
152 : -1.2322805752046406
153 : -1.2058449750766158
154 : -2.5585348894819617
155 : -1.9058028012514114
156 : -1.4035734562203288
157 : -1.2956959726288915
158 : -1.488282261416316
159 : -1.9517816416919231
160 : -1.138578424230218
161 : -1.0975691201165318
162 : -0.46857670275494456
163 : -1.257003874401562
164 : -1.4592317999340594
165 : -2.4942519906908274
166 : -0.9548394354060292
167 : -1.3482160540297627
168 : -0.23080565501004457
169 : -0.6633346283342689
170 : -0.16674616117961705
171 : 1.8383484901860356
172 : -1.41273901052773
173 : -0.9280254235491157
174 : 1.2256127879954875
175 : -0.21757565718144178
176 : -0.9388694539666176
177 : -1.7509005293250084
178 : -0.9690020866692066
179 : -0.18711878918111324
180 : 1.4509545778855681
181 : -1.225395540241152
182 : -0.8110830523073673
183 : 0.6020293282344937
184 : -2.5748058082535863
185 : -1.0802152385003865
186 : -1.6084464313462377
187 : -1.7020124434493482
188 : -1.634128473000601
189 : -1.2760841231793165
190 : 1.1020556705771014
191 : -2.2349366126582026
192 : -3.9495376106351614
193 : -2.3883743807673454
194 : -1.3626612680964172
195 : -1.1308078719303012
196 : -3.55552746495232
197 : -2.0319954003207386
198 : -1.170287562534213
199 : -1.879247589968145
200 : -0.9772173650562763
201 : -0.6210092883557081
202 : -0.8648601742461324
203 : -3.078379343263805
204 : -1.221233039163053
205 : -1.124617027118802
206 : -0.9149899445474148
207 : -0.9604613082483411
208 : -0.4575367867946625
209 : -0.7145201675593853
210 : -0.9456366063095629
211 : -0.5894451942294836
212 : -1.5242850598879158
213 : -1.234715268947184
214 : -1.633221754571423
215 : -0.8600010820664465
216 : -2.1212874092161655
217 : -3.723989650607109
218 : -1.2518003517761827
219 : -1.912394491955638
220 : -1.207223556470126
221 : -0.523096811491996
222 : -0.7264191354624927
223 : -0.06636515446007252
224 : -1.1307840468361974
225 : -2.6971182599663734
226 : -0.8298231177031994
227 : -4.2423989456146955
228 : -1.2404515948146582
229 : -1.1656349580734968
230 : -1.45974099682644
231 : -0.10563874943181872
232 : -2.322434770874679
233 : -6.1298225754871964
234 : -1.7195811290293932
235 : -1.124329567886889
236 : -0.9123365022242069
237 : -1.294100696220994
238 : 0.38738130778074265
239 : -0.8827716512605548
240 : -0.6872573085129261
241 : -1.8257772773504257
242 : -1.7117764800786972
243 : -1.3089709365740418
244 : -2.2325233607552946
245 : -1.0201060231775045
246 : -1.3314794227480888
247 : -1.6176563780754805
248 : 0.08570437505841255
249 : -1.028200670145452
250 : -2.5624607503414154
251 : -2.1999042304232717
252 : -8.553163977339864
253 : -1.3513777237385511
254 : -4.481073707342148
255 : -1.1721772495657206
256 : -2.3889572406187654
257 : -0.2068804893642664
258 : -0.13912955159321427
259 : -1.5684513114392757
260 : -0.6738649997860193
261 : -1.2616186151281
262 : -0.571647428907454
263 : -1.3155319578945637
264 : -1.5992718152701855
265 : 4.255764506757259
266 : -2.038899026811123
267 : -1.2797587551176548
268 : -1.1595761901699007
269 : -1.3495698175393045
270 : -1.0391336157917976
271 : 0.7008636202663183
272 : -0.7717363587580621
273 : -0.9002653793431818
274 : -2.650758747011423
275 : -0.8714527161791921
276 : -1.3897077981382608
277 : -1.8243431020528078
278 : 1.1132867224514484
279 : -3.514168381690979
280 : -0.9940014062449336
281 : 0.5913410354405642
282 : -2.4261979535222054
283 : -1.716516254004091
284 : -3.7956593204289675
285 : -0.0034502046182751656
286 : -3.404754873365164
287 : -0.19557472132146358
288 : -1.1611514193937182
289 : -0.7726430124603212
290 : -3.3388341169338673
291 : -1.4687749887816608
292 : -4.200584277510643
293 : -1.5104846581816673
294 : -4.047377089969814
295 : -0.3335403772071004
296 : 13.699479533592239
297 : -0.7759063027333468
298 : -0.8033421384170651
299 : -4.507946809753776
300 : -2.843507826793939
301 : -0.46237812004983425
302 : -1.5098544978536665
303 : -1.2720457846298814
304 : -1.8242031447589397
305 : -0.6993083842098713
306 : -3.6808583026286215
307 : -1.4645550549030304
308 : -0.956515540368855
309 : -3.5750171467661858
310 : -3.948620781302452
311 : -0.3037277888506651
312 : -1.729028720408678
313 : -1.3721328983083367
314 : -0.7787516885437071
315 : -1.8496794030070305
316 : -0.9703397986013442
317 : -1.1847456148825586
318 : 0.832547512371093
319 : -1.758991933427751
320 : -1.3580487594008446
321 : 8.07143771275878
322 : -3.1384952643420547
323 : -0.8428518027067184
324 : -1.2723317686468363
325 : -1.1110784020274878
326 : -1.5345441633835435
327 : -1.2469651447609067
328 : 0.9146461207419634
329 : -0.5397135780658573
330 : -2.043398827314377
331 : -1.0996399242430925
332 : -2.741771128028631
333 : -1.8483926774933934
334 : -1.4480902422219515
335 : -0.8683216320350766
336 : -0.9084903923794627
337 : -1.4355073580518365
338 : -4.440206361934543
339 : -1.5639430712908506
340 : -1.726875752210617
341 : -1.8387417383491993
342 : -6.690999214537442
343 : -1.4487084671854973
344 : -1.5643296828493476
345 : -1.179142358712852
346 : -2.2994002141058445
347 : -1.178458021953702
348 : -1.6778722442686558
349 : -0.858399162068963
350 : 0.16992931487038732
351 : -2.293928161263466
352 : -1.387718723155558
353 : -0.9977047052234411
354 : -0.6561545766890049
355 : -0.7908936161547899
356 : -1.1922294506803155
357 : -0.901252475567162
358 : -2.968723226338625
359 : -1.830800674855709
360 : -1.0556558398529887
361 : 1.053561992943287
362 : -1.672253908123821
363 : -1.0044049378484488
364 : 5.312687739729881
365 : -2.8784810211509466
366 : -1.3720197090879083
367 : -1.3816383812809363
368 : -1.6252774186432362
369 : -0.8726785713806748
370 : -1.3583373352885246
371 : -4.512775828130543
372 : -1.8627523630857468
373 : -1.7865232289768755
374 : -2.476753354072571
375 : -1.3130406439304352
376 : -1.0448907618410885
377 : -0.1718397638760507
378 : -2.3250139984302223
379 : 4.785919717513025
380 : -0.2967617022804916
381 : -1.173350257333368
382 : -0.6674765087664127
383 : -1.9862006353214383
384 : -0.961274737957865
385 : -1.5058589652180672
386 : -0.8874279675073922
387 : 4.55549544095993
388 : -1.44802586408332
389 : -1.2876613177359104
390 : -1.3061402775347233
391 : -1.9261602256447077
392 : 2.894164969213307
393 : 0.0007607960142195225
394 : 1.2203646649140865
395 : -0.9714999916031957
396 : -1.0186378080397844
397 : -12.099083988461643
398 : -1.7141860127449036
399 : -0.10625200811773539
400 : -1.485457543283701
401 : -1.9451327389106154
402 : -1.702395780943334
403 : -0.5735189276747406
404 : -0.7564577669836581
405 : -2.750212616287172
406 : -1.0995898132096045
407 : -1.2733255694620311
408 : -7.079103277996182
409 : -2.0511967428028584
410 : -1.0071268258616328
411 : -1.213809406850487
412 : -0.0642285174690187
413 : -1.9210073854774237
414 : -1.6039851922541857
415 : -4.908751752227545
416 : -1.4452995057217777
417 : -0.5820496091619134
418 : -3.297033400274813
419 : -3.2105973944999278
420 : -0.6145819826051593
421 : -0.8502598833292723
422 : -1.553930152207613
423 : -1.3571241442114115
424 : -1.884884980507195
425 : -1.580916654318571
426 : -1.7590032881125808
427 : -3.6472565308213234
428 : -1.8668594881892204
429 : -0.09477342199534178
430 : -0.943918242584914
431 : 2.272073058411479
432 : -1.4908164013177156
433 : -0.8060434372164309
434 : -0.6922340802848339
435 : -2.7546855099499226
436 : -7.283159810118377
437 : -0.7741105146706104
438 : -0.2739250808954239
439 : -1.3683022614568472
440 : -2.183358552865684
441 : -1.1179345259442925
442 : -0.828217189759016
443 : -5.853113758377731
444 : -1.7029686011373997
445 : -0.7183306473307312
446 : 0.018536806106567383
447 : -1.458211187273264
448 : -1.3201415492221713
449 : -2.6502287536859512
450 : -1.2993855467066169
451 : -1.0465468862093985
452 : -1.2723934426903725
453 : -1.296978697180748
454 : 0.6302705463021994
455 : -1.3957396633923054
456 : -1.3586591589264572
457 : -1.5929398471489549
458 : -0.6893849922344089
459 : -7.75551789579913
460 : -3.7156507149338722
461 : -1.6033175056800246
462 : -2.2243196899071336
463 : -1.4475416280329227
464 : -0.4181800461374223
!!! updated
465 : -3.0655329012079164
466 : -1.318134618923068
467 : -0.7539597461000085
468 : -1.2904039518907666
469 : -1.0907466523349285
Setting up 6 worker threads for Enlighten.
  Thread -> id: 7f4cef7fe700 -> priority: 1 
  Thread -> id: 7f4ceeffd700 -> priority: 1 
  Thread -> id: 7f4cee7fc700 -> priority: 1 
  Thread -> id: 7f4cedffb700 -> priority: 1 
  Thread -> id: 7f4ced7fa700 -> priority: 1 
  Thread -> id: 7f4cecff9700 -> priority: 1 
Traceback (most recent call last):
  File "main.py", line 123, in <module>
    returns = [episode(env, agent, i) for i in range(training_episodes)]
  File "main.py", line 123, in <listcomp>
    returns = [episode(env, agent, i) for i in range(training_episodes)]
  File "main.py", line 30, in episode
    next_state, reward, done, _ = env.step(action.numpy()[0])
  File "/home/j/jensenj/.local/lib/python3.6/site-packages/gym_unity/envs/__init__.py", line 177, in step
    self._env.step()
  File "/home/j/jensenj/.local/lib/python3.6/site-packages/mlagents_envs/timers.py", line 305, in wrapped
    return func(*args, **kwargs)
  File "/home/j/jensenj/.local/lib/python3.6/site-packages/mlagents_envs/environment.py", line 319, in step
    self._update_state(rl_output)
  File "/home/j/jensenj/.local/lib/python3.6/site-packages/mlagents_envs/environment.py", line 275, in _update_state
    agent_info_list, self._env_specs[brain_name]
  File "/home/j/jensenj/.local/lib/python3.6/site-packages/mlagents_envs/timers.py", line 305, in wrapped
    return func(*args, **kwargs)
  File "/home/j/jensenj/.local/lib/python3.6/site-packages/mlagents_envs/rpc_utils.py", line 188, in steps_from_proto
    obs_index, obs_shape, decision_agent_info_list
  File "/home/j/jensenj/.local/lib/python3.6/site-packages/mlagents_envs/timers.py", line 305, in wrapped
    return func(*args, **kwargs)
  File "/home/j/jensenj/.local/lib/python3.6/site-packages/mlagents_envs/rpc_utils.py", line 152, in _process_vector_observation
    _raise_on_nan_and_inf(np_obs, "observations")
  File "/home/j/jensenj/.local/lib/python3.6/site-packages/mlagents_envs/rpc_utils.py", line 130, in _raise_on_nan_and_inf
    raise RuntimeError(f"The {source} provided had NaN values.")
RuntimeError: The observations provided had NaN values.
2020-06-25 12:22:45 INFO [environment.py:418] Environment shut down with return code 0.
