slurmstepd-oybach: error: Unable to create TMPDIR [/tmp/user/30108]: Permission denied
slurmstepd-oybach: error: Setting TMPDIR to /tmp
Found path: /home/j/jensenj/PycharmProjects/Federer-Jr./src/../crawler_single/linux/dynamic_server/crawler_dynamic.x86_64
Mono path[0] = '/home/j/jensenj/PycharmProjects/Federer-Jr./src/../crawler_single/linux/dynamic_server/crawler_dynamic_Data/Managed'
Mono config path = '/home/j/jensenj/PycharmProjects/Federer-Jr./src/../crawler_single/linux/dynamic_server/crawler_dynamic_Data/MonoBleedingEdge/etc'
Preloaded 'lib_burst_generated.so'
Preloaded 'libgrpc_csharp_ext.x64.so'
Initialize engine version: 2019.3.15f1 (59ff3e03856d)
[Subsystems] Discovering subsystems at path /home/j/jensenj/PycharmProjects/Federer-Jr./src/../crawler_single/linux/dynamic_server/crawler_dynamic_Data/UnitySubsystems
Forcing GfxDevice: Null
GfxDevice: creating device client; threaded=0
NullGfxDevice:
    Version:  NULL 1.0 [1.0]
    Renderer: Null Device
    Vendor:   Unity Technologies
Begin MonoManager ReloadAssembly
- Completed reload, in  0.098 seconds
WARNING: Shader Unsupported: 'Autodesk Interactive' - All passes removed
WARNING: Shader Did you use #pragma only_renderers and omit this platform?
UnloadTime: 0.435778 ms
Fallback handler could not load library /home/j/jensenj/PycharmProjects/Federer-Jr./src/../crawler_single/linux/dynamic_server/crawler_dynamic_Data/Mono/libcoreclr.so
Fallback handler could not load library /home/j/jensenj/PycharmProjects/Federer-Jr./src/../crawler_single/linux/dynamic_server/crawler_dynamic_Data/Mono/libcoreclr.so
Fallback handler could not load library /home/j/jensenj/PycharmProjects/Federer-Jr./src/../crawler_single/linux/dynamic_server/crawler_dynamic_Data/Mono/libcoreclr.so
Fallback handler could not load library /home/j/jensenj/PycharmProjects/Federer-Jr./src/../crawler_single/linux/dynamic_server/crawler_dynamic_Data/Mono/libSystem.dylib
Fallback handler could not load library /home/j/jensenj/PycharmProjects/Federer-Jr./src/../crawler_single/linux/dynamic_server/crawler_dynamic_Data/Mono/libSystem.dylib.so
Fallback handler could not load library /home/j/jensenj/PycharmProjects/Federer-Jr./src/../crawler_single/linux/dynamic_server/crawler_dynamic_Data/Mono/libSystem.dylib
Fallback handler could not load library /home/j/jensenj/PycharmProjects/Federer-Jr./src/../crawler_single/linux/dynamic_server/crawler_dynamic_Data/Mono/libcoreclr.so
Fallback handler could not load library /home/j/jensenj/PycharmProjects/Federer-Jr./src/../crawler_single/linux/dynamic_server/crawler_dynamic_Data/Mono/libcoreclr.so
Fallback handler could not load library /home/j/jensenj/PycharmProjects/Federer-Jr./src/../crawler_single/linux/dynamic_server/crawler_dynamic_Data/Mono/libcoreclr.so
Fallback handler could not load library /home/j/jensenj/PycharmProjects/Federer-Jr./src/../crawler_single/linux/dynamic_server/crawler_dynamic_Data/Mono/libSystem.dylib
Fallback handler could not load library /home/j/jensenj/PycharmProjects/Federer-Jr./src/../crawler_single/linux/dynamic_server/crawler_dynamic_Data/Mono/libSystem.dylib.so
Fallback handler could not load library /home/j/jensenj/PycharmProjects/Federer-Jr./src/../crawler_single/linux/dynamic_server/crawler_dynamic_Data/Mono/libSystem.dylib
/home/j/jensenj/.local/lib/python3.6/site-packages/tensorboard/compat/tensorflow_stub/dtypes.py:541: FutureWarning: Passing (type, 1) or '1type' as a synonym of type is deprecated; in a future version of numpy, it will be understood as (type, (1,)) / '(1,)type'.
  _np_qint8 = np.dtype([("qint8", np.int8, 1)])
/home/j/jensenj/.local/lib/python3.6/site-packages/tensorboard/compat/tensorflow_stub/dtypes.py:542: FutureWarning: Passing (type, 1) or '1type' as a synonym of type is deprecated; in a future version of numpy, it will be understood as (type, (1,)) / '(1,)type'.
  _np_quint8 = np.dtype([("quint8", np.uint8, 1)])
/home/j/jensenj/.local/lib/python3.6/site-packages/tensorboard/compat/tensorflow_stub/dtypes.py:543: FutureWarning: Passing (type, 1) or '1type' as a synonym of type is deprecated; in a future version of numpy, it will be understood as (type, (1,)) / '(1,)type'.
  _np_qint16 = np.dtype([("qint16", np.int16, 1)])
/home/j/jensenj/.local/lib/python3.6/site-packages/tensorboard/compat/tensorflow_stub/dtypes.py:544: FutureWarning: Passing (type, 1) or '1type' as a synonym of type is deprecated; in a future version of numpy, it will be understood as (type, (1,)) / '(1,)type'.
  _np_quint16 = np.dtype([("quint16", np.uint16, 1)])
/home/j/jensenj/.local/lib/python3.6/site-packages/tensorboard/compat/tensorflow_stub/dtypes.py:545: FutureWarning: Passing (type, 1) or '1type' as a synonym of type is deprecated; in a future version of numpy, it will be understood as (type, (1,)) / '(1,)type'.
  _np_qint32 = np.dtype([("qint32", np.int32, 1)])
/home/j/jensenj/.local/lib/python3.6/site-packages/tensorboard/compat/tensorflow_stub/dtypes.py:550: FutureWarning: Passing (type, 1) or '1type' as a synonym of type is deprecated; in a future version of numpy, it will be understood as (type, (1,)) / '(1,)type'.
  np_resource = np.dtype([("resource", np.ubyte, 1)])
2020-06-25 12:02:51 INFO [environment.py:108] Connected to Unity environment with package version 1.0.2 and communication version 1.0.0
2020-06-25 12:02:51 INFO [environment.py:265] Connected new brain:
CrawlerDynamic?team=0
2020-06-25 12:02:51 WARNING [__init__.py:92] The environment contains multiple observations. You must define allow_multiple_obs=True to receive them all. Otherwise, only the first visual observation (or vector observation ifthere are no visual observations) will be provided in the observation.
/home/j/jensenj/.local/lib/python3.6/site-packages/gym/logger.py:30: UserWarning: [33mWARN: Box bound precision lowered by casting to float32[0m
  warnings.warn(colorize('%s: %s'%('WARN', msg % args), 'yellow'))
/home/j/jensenj/.local/lib/python3.6/site-packages/numpy/core/_methods.py:160: RuntimeWarning: invalid value encountered in reduce
  ret = umr_sum(arr, axis, dtype, out, keepdims)
update_time_steps: 4096 , ppo_epochs: 2 , beta:  0.01 , gamma 0.99
0 : 3.2453358983621
1 : -1.1579531852621585
2 : -0.6204123180359602
3 : -0.08806642144918442
4 : -0.49336703354492784
5 : 1.599375600926578
6 : -1.1054004929028451
7 : -2.1970785721205175
8 : -1.3070874917320907
9 : -1.6208232194185257
10 : -1.2594769070856273
11 : -2.3719391935737804
12 : -1.6946396455168724
13 : -0.9089848175644875
14 : -2.7030556625686586
15 : -1.7675712620839477
16 : -1.1818705787882209
17 : -1.5516816563904285
18 : 0.5378345950739458
19 : -1.088648233562708
20 : -1.8452577688731253
21 : -1.1038901824504137
22 : -1.0668561165221035
23 : -1.5908810570836067
24 : -1.6742637567222118
25 : 1.565494429320097
26 : -1.5560012413188815
27 : -0.8613081648945808
28 : -1.8693763483315706
29 : -1.4199775028973818
30 : -1.1904215007089078
31 : -1.2156228125095367
32 : -1.224635410355404
33 : -1.583217516541481
34 : -1.1612729616463184
35 : -1.259348139166832
36 : -1.837132589891553
37 : -1.0275653956923634
38 : -1.0601631244644523
39 : -2.38003564812243
40 : -1.2029080588836223
41 : -2.597245052922517
42 : -0.7286815859843045
43 : -0.8756618751212955
44 : -0.19852430513128638
45 : -1.389738330617547
46 : -1.2897866182029247
47 : -1.2884796313010156
48 : -1.6294494643807411
49 : -4.3354333490133286
50 : 1.9244151413440704
51 : -0.973938116338104
52 : -0.921439272351563
53 : -1.8175782160833478
54 : 0.01071376632899046
55 : -2.7141516180709004
56 : -1.2628416421357542
57 : -0.5789137585088611
58 : -1.1158586735837162
59 : -1.3449075687676668
60 : -2.0162633284926414
61 : -2.54414551705122
62 : -1.3728681467473507
63 : -2.427462047431618
64 : -1.5399916034657508
65 : -2.12652201205492
66 : -0.5686395736411214
67 : -1.4019020800478756
68 : -0.8923120982944965
69 : -1.884092690423131
70 : -1.6846683798357844
71 : -1.3864060463383794
72 : -1.5357679575681686
73 : -2.127584412228316
74 : -1.3071000566706061
75 : -1.2589825098402798
76 : -0.584233870729804
77 : -2.5675172451883554
78 : -1.0568941954988986
79 : -1.3078975789248943
80 : 0.6718443799763918
81 : -0.6008191294968128
82 : -10.132128198631108
83 : -0.9196860175579786
84 : -1.4955612067133188
85 : 1.7178852101787925
86 : -0.8361092247068882
87 : -0.8877784484066069
88 : -1.445796134416014
89 : -1.1358797531574965
90 : -1.4175844751298428
91 : -0.625757310539484
92 : -1.9839137382805347
93 : -0.8571011619642377
94 : -3.7309478572569788
95 : -1.148776768706739
96 : -0.566297551151365
97 : -1.7140584969893098
98 : -0.6281622890383005
99 : -1.4470622632652521
100 : 1.4677207879722118
101 : -2.6448570657521486
102 : -2.1536707058548927
103 : -1.4710221523419023
104 : -1.6919996133074164
105 : -0.8039784859865904
106 : -1.2649217187426984
107 : -0.9361714352853596
108 : -0.9548784531652927
109 : -1.1109823556616902
110 : -0.8305978709831834
111 : -2.683791570365429
112 : -0.8707688581198454
113 : -1.8565779887139797
114 : -1.0775078302249312
115 : -1.110496268607676
116 : -1.596447478979826
117 : 4.940494315698743
118 : -1.517942895181477
119 : -1.234819335397333
120 : -2.1914345966652036
121 : -0.8836651938036084
122 : -0.6991726369597018
123 : -1.6107731629163027
124 : 1.5750689143314958
125 : -2.336478851735592
126 : -1.5382618866860867
127 : -1.3449228033423424
128 : -2.107330396771431
129 : -1.4406378637067974
130 : -1.0832989597693086
131 : 0.8837280310690403
132 : -1.021586524322629
133 : -11.011027375468984
134 : -3.636906621279195
135 : -2.182532916776836
136 : -1.4654255509376526
137 : -0.6063294502673671
138 : -1.2719714995473623
139 : -0.8869468932971358
140 : 1.8527903463691473
141 : -1.9181901849806309
142 : -1.4529038546606898
143 : -1.0782300650607795
144 : 0.9084485825151205
145 : -1.1613030533771962
146 : -1.5251403395086527
147 : -1.8111233226954937
148 : -1.1627173671731725
149 : 3.8194916620850563
150 : -0.8017316702753305
151 : -1.8684182185679674
152 : -1.4868567176163197
153 : -0.9335651458241045
154 : -1.4989130580797791
155 : 6.265145230572671
156 : 1.1297038882039487
157 : -0.3551119174808264
158 : -0.6040571606718004
159 : -2.763866092544049
160 : -6.671135680750012
161 : -0.8497814546572044
162 : -2.816085350466892
163 : -1.003008802421391
164 : -1.9986914051696658
165 : -1.2967699337750673
166 : -0.7995644900947809
167 : -1.811016544001177
168 : -1.4387570694088936
169 : -1.3629585364833474
170 : -1.3346798550337553
171 : -1.4282062384299934
172 : -1.0881861164234579
173 : -1.2108902968466282
174 : 0.11553846206516027
175 : 0.45625678170472383
176 : -1.499572478234768
177 : -0.3386280909180641
178 : -1.467865727841854
179 : -0.5747818206436932
180 : -0.06480491440743208
181 : -1.4551659682765603
182 : -0.39382944721728563
183 : -1.5223101824522018
184 : -1.1105254837311804
185 : -2.078118907287717
186 : -2.648028860334307
187 : -1.269029717426747
188 : -1.5704898703843355
189 : -0.813113184645772
190 : -1.2855021907016635
191 : -1.6890431009232998
192 : -1.8722440041601658
193 : -3.8227239744737744
194 : -0.9223139649257064
195 : -1.1251168553717434
196 : -1.2409962201490998
197 : -0.7587112542241812
198 : -1.393607061356306
199 : -0.8201970998197794
200 : -0.9874584097415209
201 : -1.1174441231414676
202 : -1.3071690974757075
203 : -1.050331275910139
204 : -0.792243548668921
205 : -0.6445427946746349
206 : -1.1911132098175585
207 : 2.321580189280212
208 : -1.1543531436473131
209 : -1.29142975108698
210 : -1.9651959026232362
211 : -1.5135694928467274
212 : 3.0059457903262228
213 : -1.9015151783823967
214 : -0.7560301912017167
215 : -1.044472573325038
216 : 1.3838124796748161
217 : -1.073288288200274
218 : -1.5321465600281954
219 : -8.758487497456372
220 : 0.2854285445064306
221 : -1.646184230223298
222 : 5.131240000016987
223 : -2.2545397263020277
224 : -1.21134502440691
225 : -1.3877644357271492
226 : -1.994083863683045
227 : -1.518792051821947
228 : -1.0639383550733328
229 : -2.3432129360735416
230 : -2.484071906656027
231 : -0.7855098421714501
232 : -2.2401501000858843
233 : -0.8107533226720989
234 : -1.4026323952712119
235 : -1.7216109782457352
236 : -1.413655363023281
237 : -2.155610709451139
238 : -1.2115016393363476
239 : -3.4005831964313984
240 : -1.7819741247221828
241 : -0.8732158085331321
242 : -0.9784083114936948
243 : -1.6146148052066565
244 : 4.933234767988324
245 : -1.2999209370464087
246 : -0.7203520899638534
247 : -1.3393555544316769
248 : -1.125351091613993
249 : -0.7408254416659474
!!! updated
250 : -1.2869877377524972
251 : -1.2231621677055955
252 : -1.3280878569930792
253 : -1.0494939675554633
254 : -0.9257345930673182
255 : -0.9231334263458848
256 : -1.4055773941799998
257 : -1.2065079845488071
258 : -1.4596147872507572
259 : -1.4447843618690968
260 : -1.7463884502649307
Setting up 2 worker threads for Enlighten.
  Thread -> id: 7f678f7fe700 -> priority: 1 
  Thread -> id: 7f678effd700 -> priority: 1 
Traceback (most recent call last):
  File "main.py", line 123, in <module>
    returns = [episode(env, agent, i) for i in range(training_episodes)]
  File "main.py", line 123, in <listcomp>
    returns = [episode(env, agent, i) for i in range(training_episodes)]
  File "main.py", line 30, in episode
    next_state, reward, done, _ = env.step(action.numpy()[0])
  File "/home/j/jensenj/.local/lib/python3.6/site-packages/gym_unity/envs/__init__.py", line 177, in step
    self._env.step()
  File "/home/j/jensenj/.local/lib/python3.6/site-packages/mlagents_envs/timers.py", line 305, in wrapped
    return func(*args, **kwargs)
  File "/home/j/jensenj/.local/lib/python3.6/site-packages/mlagents_envs/environment.py", line 319, in step
    self._update_state(rl_output)
  File "/home/j/jensenj/.local/lib/python3.6/site-packages/mlagents_envs/environment.py", line 275, in _update_state
    agent_info_list, self._env_specs[brain_name]
  File "/home/j/jensenj/.local/lib/python3.6/site-packages/mlagents_envs/timers.py", line 305, in wrapped
    return func(*args, **kwargs)
  File "/home/j/jensenj/.local/lib/python3.6/site-packages/mlagents_envs/rpc_utils.py", line 188, in steps_from_proto
    obs_index, obs_shape, decision_agent_info_list
  File "/home/j/jensenj/.local/lib/python3.6/site-packages/mlagents_envs/timers.py", line 305, in wrapped
    return func(*args, **kwargs)
  File "/home/j/jensenj/.local/lib/python3.6/site-packages/mlagents_envs/rpc_utils.py", line 152, in _process_vector_observation
    _raise_on_nan_and_inf(np_obs, "observations")
  File "/home/j/jensenj/.local/lib/python3.6/site-packages/mlagents_envs/rpc_utils.py", line 130, in _raise_on_nan_and_inf
    raise RuntimeError(f"The {source} provided had NaN values.")
RuntimeError: The observations provided had NaN values.
2020-06-25 12:07:34 INFO [environment.py:418] Environment shut down with return code 0.
