slurmstepd-anlauter: error: Unable to create TMPDIR [/tmp/user/30108]: Permission denied
slurmstepd-anlauter: error: Setting TMPDIR to /tmp
Found path: /home/j/jensenj/PycharmProjects/Federer-Jr./src/../crawler_single/linux/dynamic_server/crawler_dynamic.x86_64
Mono path[0] = '/home/j/jensenj/PycharmProjects/Federer-Jr./src/../crawler_single/linux/dynamic_server/crawler_dynamic_Data/Managed'
Mono config path = '/home/j/jensenj/PycharmProjects/Federer-Jr./src/../crawler_single/linux/dynamic_server/crawler_dynamic_Data/MonoBleedingEdge/etc'
Preloaded 'lib_burst_generated.so'
Preloaded 'libgrpc_csharp_ext.x64.so'
Initialize engine version: 2019.3.15f1 (59ff3e03856d)
[Subsystems] Discovering subsystems at path /home/j/jensenj/PycharmProjects/Federer-Jr./src/../crawler_single/linux/dynamic_server/crawler_dynamic_Data/UnitySubsystems
Forcing GfxDevice: Null
GfxDevice: creating device client; threaded=0
NullGfxDevice:
    Version:  NULL 1.0 [1.0]
    Renderer: Null Device
    Vendor:   Unity Technologies
Begin MonoManager ReloadAssembly
- Completed reload, in  0.096 seconds
WARNING: Shader Unsupported: 'Autodesk Interactive' - All passes removed
WARNING: Shader Did you use #pragma only_renderers and omit this platform?
UnloadTime: 0.445053 ms
Fallback handler could not load library /home/j/jensenj/PycharmProjects/Federer-Jr./src/../crawler_single/linux/dynamic_server/crawler_dynamic_Data/Mono/libcoreclr.so
Fallback handler could not load library /home/j/jensenj/PycharmProjects/Federer-Jr./src/../crawler_single/linux/dynamic_server/crawler_dynamic_Data/Mono/libcoreclr.so
Fallback handler could not load library /home/j/jensenj/PycharmProjects/Federer-Jr./src/../crawler_single/linux/dynamic_server/crawler_dynamic_Data/Mono/libcoreclr.so
Fallback handler could not load library /home/j/jensenj/PycharmProjects/Federer-Jr./src/../crawler_single/linux/dynamic_server/crawler_dynamic_Data/Mono/libSystem.dylib
Fallback handler could not load library /home/j/jensenj/PycharmProjects/Federer-Jr./src/../crawler_single/linux/dynamic_server/crawler_dynamic_Data/Mono/libSystem.dylib.so
Fallback handler could not load library /home/j/jensenj/PycharmProjects/Federer-Jr./src/../crawler_single/linux/dynamic_server/crawler_dynamic_Data/Mono/libSystem.dylib
Fallback handler could not load library /home/j/jensenj/PycharmProjects/Federer-Jr./src/../crawler_single/linux/dynamic_server/crawler_dynamic_Data/Mono/libcoreclr.so
Fallback handler could not load library /home/j/jensenj/PycharmProjects/Federer-Jr./src/../crawler_single/linux/dynamic_server/crawler_dynamic_Data/Mono/libcoreclr.so
Fallback handler could not load library /home/j/jensenj/PycharmProjects/Federer-Jr./src/../crawler_single/linux/dynamic_server/crawler_dynamic_Data/Mono/libcoreclr.so
Fallback handler could not load library /home/j/jensenj/PycharmProjects/Federer-Jr./src/../crawler_single/linux/dynamic_server/crawler_dynamic_Data/Mono/libSystem.dylib
Fallback handler could not load library /home/j/jensenj/PycharmProjects/Federer-Jr./src/../crawler_single/linux/dynamic_server/crawler_dynamic_Data/Mono/libSystem.dylib.so
Fallback handler could not load library /home/j/jensenj/PycharmProjects/Federer-Jr./src/../crawler_single/linux/dynamic_server/crawler_dynamic_Data/Mono/libSystem.dylib
/home/j/jensenj/.local/lib/python3.6/site-packages/tensorboard/compat/tensorflow_stub/dtypes.py:541: FutureWarning: Passing (type, 1) or '1type' as a synonym of type is deprecated; in a future version of numpy, it will be understood as (type, (1,)) / '(1,)type'.
  _np_qint8 = np.dtype([("qint8", np.int8, 1)])
/home/j/jensenj/.local/lib/python3.6/site-packages/tensorboard/compat/tensorflow_stub/dtypes.py:542: FutureWarning: Passing (type, 1) or '1type' as a synonym of type is deprecated; in a future version of numpy, it will be understood as (type, (1,)) / '(1,)type'.
  _np_quint8 = np.dtype([("quint8", np.uint8, 1)])
/home/j/jensenj/.local/lib/python3.6/site-packages/tensorboard/compat/tensorflow_stub/dtypes.py:543: FutureWarning: Passing (type, 1) or '1type' as a synonym of type is deprecated; in a future version of numpy, it will be understood as (type, (1,)) / '(1,)type'.
  _np_qint16 = np.dtype([("qint16", np.int16, 1)])
/home/j/jensenj/.local/lib/python3.6/site-packages/tensorboard/compat/tensorflow_stub/dtypes.py:544: FutureWarning: Passing (type, 1) or '1type' as a synonym of type is deprecated; in a future version of numpy, it will be understood as (type, (1,)) / '(1,)type'.
  _np_quint16 = np.dtype([("quint16", np.uint16, 1)])
/home/j/jensenj/.local/lib/python3.6/site-packages/tensorboard/compat/tensorflow_stub/dtypes.py:545: FutureWarning: Passing (type, 1) or '1type' as a synonym of type is deprecated; in a future version of numpy, it will be understood as (type, (1,)) / '(1,)type'.
  _np_qint32 = np.dtype([("qint32", np.int32, 1)])
/home/j/jensenj/.local/lib/python3.6/site-packages/tensorboard/compat/tensorflow_stub/dtypes.py:550: FutureWarning: Passing (type, 1) or '1type' as a synonym of type is deprecated; in a future version of numpy, it will be understood as (type, (1,)) / '(1,)type'.
  np_resource = np.dtype([("resource", np.ubyte, 1)])
2020-06-25 12:12:51 INFO [environment.py:108] Connected to Unity environment with package version 1.0.2 and communication version 1.0.0
2020-06-25 12:12:51 INFO [environment.py:265] Connected new brain:
CrawlerDynamic?team=0
2020-06-25 12:12:51 WARNING [__init__.py:92] The environment contains multiple observations. You must define allow_multiple_obs=True to receive them all. Otherwise, only the first visual observation (or vector observation ifthere are no visual observations) will be provided in the observation.
/home/j/jensenj/.local/lib/python3.6/site-packages/gym/logger.py:30: UserWarning: [33mWARN: Box bound precision lowered by casting to float32[0m
  warnings.warn(colorize('%s: %s'%('WARN', msg % args), 'yellow'))
/home/j/jensenj/.local/lib/python3.6/site-packages/numpy/core/_methods.py:160: RuntimeWarning: invalid value encountered in reduce
  ret = umr_sum(arr, axis, dtype, out, keepdims)
update_time_steps: 8192 , ppo_epochs: 4 , beta:  0.001 , gamma 0.9
0 : -2.0348494816571474
1 : -1.1351493168622255
2 : -0.8953625550493598
3 : -1.7169735543429852
4 : -7.498817857354879
5 : -1.429213849361986
6 : -1.8368322048336267
7 : -1.46256816200912
8 : -1.3530723531730473
9 : -1.5280260564759374
10 : 1.9493058547377586
11 : 8.81776490015909
12 : -1.3679941003210843
13 : -1.0031998618505895
14 : -0.8237672243267298
15 : -1.3934361243154854
16 : -1.9704498499631882
17 : -1.9831180244218558
18 : -0.8958528868388385
19 : -1.7541056871414185
20 : -0.03385298512876034
21 : 2.742279822938144
22 : 2.8339579459279776
23 : 5.998294232413173
24 : -2.794181235949509
25 : -0.6154226558282971
26 : -1.0680160829797387
27 : -0.6406822544522583
28 : -1.9375587310642004
29 : -2.293060882948339
30 : 2.832826443016529
31 : -1.078131161571946
32 : -1.5925525184720755
33 : -3.3813278693705797
34 : -1.8274105859454721
35 : -1.5411102455109358
36 : -1.3217041566967964
37 : -2.0208004657179117
38 : -0.8813880919478834
39 : -0.8967865128070116
40 : -1.3834231569198892
41 : -7.358968762680888
42 : -1.7202444970607758
43 : -4.785569892264903
44 : -2.8303325376473367
45 : -1.0887487456202507
46 : -1.2742115342989564
47 : -1.3094615035224706
48 : -3.5846990512218326
49 : -0.7904719207435846
50 : -1.2507960610091686
51 : 1.220122927799821
52 : -8.509676322340965
53 : -1.8787852004170418
54 : -1.4807006977498531
55 : -0.37820267060305923
56 : -1.1946934796869755
57 : -1.151893654372543
58 : -2.1260366402566433
59 : -1.1959445825777948
60 : -1.0262345466762781
61 : -1.0153652341105044
62 : -1.0078487610444427
63 : -1.8439803323708475
64 : -1.9623038657009602
65 : -2.9375138264149427
66 : -2.1195669434964657
67 : -1.489136766642332
68 : -0.9358837362378836
69 : -0.8598442394286394
70 : -2.0982585456222296
71 : 0.9846367975696921
72 : -2.00890414044261
73 : -1.2430601119995117
74 : 3.1521555855870247
75 : -1.5282582826330326
76 : -0.8482083436101675
77 : -1.3412506459280849
78 : -1.9625556655228138
79 : 2.2192354276776314
80 : -1.0092003825120628
81 : -4.428427892737091
82 : -1.5434175357222557
83 : -1.1500395816983655
84 : -2.744764947332442
85 : -3.16294105630368
86 : -1.4967505815438926
87 : -1.1817635521292686
88 : -1.5449636690318584
89 : -1.1979654338210821
90 : -7.492622612044215
91 : -1.3406772869639099
92 : -2.101245940197259
93 : 2.4785835505463183
94 : -1.67204384598881
95 : -1.492295229807496
96 : -1.4826503526419401
97 : -1.3390258327126503
98 : -0.37564827129244804
99 : -1.4648965410888195
100 : -3.425550854066387
101 : -1.018375533632934
102 : -0.7434782655909657
103 : -1.2660988619318232
104 : -1.232144283130765
105 : -1.2158345677889884
106 : 0.10693678492680192
107 : -1.0453539676964283
108 : -1.274112100712955
109 : -1.4830090058967471
110 : -1.504363196901977
111 : -2.2009340785443783
112 : -1.5296036852523685
113 : -1.5875392388552427
114 : -6.174200695939362
115 : -1.7131063099950552
116 : -1.7388290148228407
117 : -1.6644045487046242
118 : -0.7178528234362602
119 : 5.0694025522097945
120 : -1.5444735973142087
121 : -2.2140545286238194
122 : -0.9570811428129673
123 : -1.6758196959272027
124 : -3.730789680033922
125 : -4.879718558862805
126 : 0.3043581694364548
127 : -3.4432271737605333
128 : -4.458944244077429
129 : -0.6953708911314607
130 : -1.6181505508720875
131 : -0.7772578555159271
132 : -1.8095989152789116
133 : 1.6903315433301032
134 : -3.5984161449596286
135 : -1.6283985935151577
136 : 10.20438150409609
137 : -1.2914335587993264
138 : -0.08659422490745783
139 : -1.5563948275521398
140 : -1.1281826766207814
141 : -0.8382186386734247
142 : 0.05177816189825535
143 : -1.056254267692566
144 : -5.764779064804316
145 : -1.7336595035158098
146 : -2.139113262295723
147 : 2.7765938751399517
148 : -0.48669595643877983
149 : -0.9976702495478094
150 : -1.1555272648110986
151 : -1.587211012840271
152 : -1.0432470112573355
153 : -1.4886574521660805
154 : -1.0776331210508943
155 : 1.9855618365108967
156 : -1.770424734801054
157 : -0.7165787196718156
158 : -1.529710995964706
159 : -1.5225051920861006
160 : -2.1970977932214737
161 : -1.0011363103985786
162 : -1.1864077398786321
163 : -1.4926963718608022
164 : -1.6240876019001007
165 : -0.9178787795826793
166 : -1.393598711816594
167 : -1.4341581701301038
168 : -1.3645165362395346
169 : -2.0809627671260387
170 : 0.6667980423662812
171 : -1.5634082853794098
172 : -1.1445215712301433
173 : -1.505635367706418
174 : -1.0219591856002808
175 : 2.000794519437477
176 : -1.2291050835046917
177 : -1.9862624164670706
178 : -0.8829150767996907
179 : 3.1292246468365192
180 : -1.6325780544430017
181 : -1.5527707636356354
182 : -0.40633982699364424
183 : -1.4628591481596231
184 : -1.1170165538787842
185 : -5.1791714280843735
186 : -1.2556153829209507
187 : 0.020481823943555355
188 : -1.6378044756129384
189 : -3.7529538362286985
190 : -1.9741466902196407
191 : -1.1710591670125723
192 : -1.4921972579322755
193 : -1.2473266562446952
194 : -1.4225128693506122
195 : -1.3157962784171104
196 : -1.5340876253321767
197 : -0.7993113845586777
198 : 6.122562974691391
199 : -0.9811137802898884
200 : -1.851524750702083
201 : -1.423363831359893
202 : -1.4216885711066425
203 : 2.7757586324587464
204 : -1.2899041096679866
205 : 0.6479515763930976
206 : 3.979716186411679
207 : -1.5546126794070005
208 : -1.3818625314161181
209 : -2.090448034927249
210 : -1.27923764847219
211 : -1.5489705139771104
212 : -1.4426182573661208
213 : -1.0517042558640242
214 : -2.986727156676352
215 : -2.1544138714671135
216 : -0.9915518658235669
217 : -1.1821051830193028
218 : -1.180666890926659
219 : -1.9732966294977814
220 : -1.4696469940245152
221 : -1.4679997563362122
222 : -1.124100560322404
223 : -1.5896089395973831
224 : -1.0934217488393188
225 : -1.3191291172988713
226 : -0.5166183458641171
227 : -1.6960540525615215
228 : -0.9224562235176563
229 : -0.951475284062326
230 : -1.5446792729198933
231 : -1.0822351111564785
232 : -0.5000869827345014
233 : -2.067858568392694
234 : -1.4173447913490236
235 : 1.23683843575418
236 : -1.3214872325770557
237 : 1.062999302521348
238 : -1.00060222344473
239 : -0.7642405079677701
240 : -1.0700321160256863
241 : -2.420063190162182
242 : -1.395464510191232
243 : -1.0209270427003503
244 : 2.5291753001511097
245 : -0.06600620420795167
246 : -1.0265773390419781
247 : -1.5225183069705963
248 : 4.16383137088269
249 : -1.0989349847659469
250 : -0.2229064255952835
251 : -0.7508448916487396
252 : -1.6737972213886678
253 : -1.4297995183151215
254 : 0.9387499303556979
255 : -1.0734966518357396
256 : -0.7273263186216354
257 : -1.8679952695965767
258 : -0.9598157252185047
259 : -1.1077695509884506
260 : -1.9376170574687421
261 : 2.5476674772799015
262 : -4.261089634615928
263 : -5.726196687668562
264 : -1.162109819240868
265 : -1.1557987342821434
266 : -1.5775309586897492
267 : -0.6303592994809151
268 : -1.4799151197075844
269 : -2.2617064407095313
270 : -1.3763703652075492
271 : -0.8161227437667549
272 : 1.5658416245132685
273 : -1.9057753589004278
274 : -0.5296078659594059
275 : -1.6747725629247725
276 : -1.0688796201720834
277 : -1.3698748452588916
278 : 0.43057616986334324
279 : -1.1215327633544803
280 : -1.433509523048997
281 : -2.40350940823555
282 : -0.8557036239653826
283 : 2.926401201635599
284 : -2.495439387857914
285 : -1.6641771993599832
286 : -1.0504058208316565
287 : -1.1216371050104499
288 : -1.7225882494822145
289 : -1.152122916188091
290 : -1.037535147741437
291 : -2.0587671641260386
292 : 6.5804013861343265
293 : -2.0581997483968735
294 : -9.38209034781903
295 : -0.9646804137155414
296 : -0.9955141800455749
297 : -1.0747462706640363
298 : -2.0114960465580225
299 : -1.5416344362311065
300 : -1.4618030432611704
301 : -4.443228453397751
302 : -1.4521156093105674
303 : -1.4141238825395703
304 : -3.4745628349483013
305 : -1.1806060429662466
306 : -1.1197200776077807
307 : -1.4415235631167889
308 : -1.0752677042037249
309 : -0.34055660106241703
310 : -1.9278003759682178
311 : -0.9721178435720503
312 : 2.428093481808901
313 : -1.6358854714781046
314 : -2.218951508984901
315 : -1.4750792989507318
316 : -0.5538319917395711
317 : -3.323196346871555
318 : -1.8866063691675663
319 : -2.9657892026007175
320 : -0.8250784105621278
321 : -1.6717279367148876
322 : -1.2261227080598474
323 : -0.5751537494361401
324 : -1.2483599986881018
325 : -1.2823018277995288
326 : -1.5216579250991344
327 : -0.037316685542464256
328 : -0.47741943039000034
329 : -1.9568367013707757
330 : -4.086569817736745
331 : -1.5821222979575396
332 : -0.9182653306052089
333 : -2.3232675567269325
334 : 4.753498140722513
335 : -0.6433497667312622
336 : -1.5107636768370867
337 : -2.015088581480086
338 : -1.708520095795393
339 : -1.3419650360010564
340 : -1.658124402165413
341 : -2.1883006878197193
342 : -3.519478613510728
343 : -4.472769253421575
344 : -0.5140978116542101
345 : -0.9550819024443626
346 : -1.7940042754635215
347 : 1.1331016784533858
348 : -0.8076400337740779
349 : -1.2482730895280838
350 : -1.9309431817382574
351 : -1.0577775675337762
352 : -6.686273366212845
353 : -0.2090000854805112
354 : -0.7497734362259507
355 : -1.7252319045364857
356 : -0.9344612322747707
357 : -0.8452063882723451
358 : -1.3391845542937517
359 : -4.106255762279034
360 : -1.6704404496122152
361 : -1.3084120526909828
362 : -0.8069536257535219
363 : -1.1577195562422276
364 : -3.8813039138913155
365 : -1.2093282882124186
366 : -1.4648638609796762
367 : -0.30459934566169977
368 : -0.9391647204756737
369 : -2.273661434650421
370 : 0.7757932106032968
371 : -1.4871617322787642
372 : -7.535672651370987
373 : 0.3936396378558129
374 : -1.5900826607830822
375 : -0.8839469880331308
376 : -7.300336427986622
377 : -1.5783575251698494
378 : -0.5396526716649532
379 : -1.47786233574152
380 : -1.7373351433780044
381 : -1.481389733031392
382 : -1.0954670794308186
383 : -1.0227354713715613
384 : -3.020748319104314
385 : 5.169133513234556
386 : -2.1060516089200974
387 : 0.3666240959428251
388 : -2.094088912010193
389 : -1.3494481947273016
390 : -4.061803868506104
391 : -1.5190028082579374
392 : -0.9073969535529613
393 : -1.0878791599534452
394 : -1.2054330694954842
395 : -1.9404757749289274
396 : -5.457547179423273
397 : -1.3478824491612613
398 : -2.1020033583045006
399 : -1.05926106357947
400 : -1.2611436937004328
401 : 10.336664693662897
402 : -1.2265322972089052
403 : -1.1615558695048094
404 : -2.904999352991581
405 : -1.4599403534084558
406 : -1.8562912456691265
407 : -0.8788949116133153
408 : -1.6997380363754928
409 : 0.8865647809579968
410 : -0.6109680305235088
411 : -0.4306293912231922
412 : -1.4230838026851416
413 : -2.414385102689266
414 : -1.6508059291518293
415 : -0.7961744274944067
416 : -1.318848118185997
417 : -1.4868147858651355
418 : -2.160701170563698
419 : 0.284257554449141
420 : -1.6205337196588516
421 : 3.086842918768525
422 : -1.163974354043603
423 : -4.02934783231467
424 : -0.8844241788610816
425 : -0.5618013916537166
426 : -1.2402604287490249
427 : 3.5404232684522867
428 : -1.2775351768359542
429 : -1.5428509674966335
430 : -1.081645944621414
431 : -2.0008282344788313
432 : -1.1767053524963558
433 : -1.0708360937424004
434 : -1.3955359905958176
435 : -4.203614137135446
436 : -1.4969276040792465
437 : -0.28128121607005596
438 : -0.8087170515209436
439 : -1.521380630787462
440 : -2.0550552112981677
441 : -0.6865095794200897
442 : -1.5137213692069054
443 : -1.75046322401613
444 : -1.3967896476387978
445 : 1.5161419585347176
446 : -1.8170268777757883
447 : -1.8241671565920115
448 : -0.8511130167171359
449 : -1.8268268145620823
450 : -1.3124401066452265
451 : -0.9458847232162952
452 : -0.8783415448851883
453 : -0.983798548579216
454 : -1.0191562222316861
455 : -1.3398392931558192
456 : -2.061612254008651
457 : -0.623480511829257
458 : -3.2491220980882645
459 : -1.5163675667718053
460 : -1.944046575576067
461 : -1.531564837321639
462 : -1.8452161252498627
463 : 3.6565176835283637
464 : -1.4218943347223103
465 : -3.2425021966919303
466 : -1.074423429556191
467 : 2.232334863394499
468 : -1.6125144418329
469 : -1.3482860852964222
470 : -1.5516183078289032
471 : 2.289822962600738
472 : -1.4066626448184252
473 : -0.8940288899466395
474 : -1.3520627720281482
475 : -0.9814932197332382
476 : 0.29535476490855217
477 : -2.0821441002190113
478 : 3.016867568716407
479 : -1.6075617633759975
!!! updated
480 : -1.0986413406208158
481 : -0.8190844040364027
482 : -0.8434211751446128
483 : -1.1479789932491258
484 : -1.0857759714126587
485 : -0.7784986710175872
486 : -1.6212724968791008
487 : -0.9306759014725685
488 : -0.8351567015051842
489 : -1.5243132449686527
490 : -1.1039459207095206
Setting up 2 worker threads for Enlighten.
  Thread -> id: 7fe06201e700 -> priority: 1 
  Thread -> id: 7fe06181d700 -> priority: 1 
Traceback (most recent call last):
  File "main.py", line 123, in <module>
    returns = [episode(env, agent, i) for i in range(training_episodes)]
  File "main.py", line 123, in <listcomp>
    returns = [episode(env, agent, i) for i in range(training_episodes)]
  File "main.py", line 30, in episode
    next_state, reward, done, _ = env.step(action.numpy()[0])
  File "/home/j/jensenj/.local/lib/python3.6/site-packages/gym_unity/envs/__init__.py", line 177, in step
    self._env.step()
  File "/home/j/jensenj/.local/lib/python3.6/site-packages/mlagents_envs/timers.py", line 305, in wrapped
    return func(*args, **kwargs)
  File "/home/j/jensenj/.local/lib/python3.6/site-packages/mlagents_envs/environment.py", line 319, in step
    self._update_state(rl_output)
  File "/home/j/jensenj/.local/lib/python3.6/site-packages/mlagents_envs/environment.py", line 275, in _update_state
    agent_info_list, self._env_specs[brain_name]
  File "/home/j/jensenj/.local/lib/python3.6/site-packages/mlagents_envs/timers.py", line 305, in wrapped
    return func(*args, **kwargs)
  File "/home/j/jensenj/.local/lib/python3.6/site-packages/mlagents_envs/rpc_utils.py", line 188, in steps_from_proto
    obs_index, obs_shape, decision_agent_info_list
  File "/home/j/jensenj/.local/lib/python3.6/site-packages/mlagents_envs/timers.py", line 305, in wrapped
    return func(*args, **kwargs)
  File "/home/j/jensenj/.local/lib/python3.6/site-packages/mlagents_envs/rpc_utils.py", line 152, in _process_vector_observation
    _raise_on_nan_and_inf(np_obs, "observations")
  File "/home/j/jensenj/.local/lib/python3.6/site-packages/mlagents_envs/rpc_utils.py", line 130, in _raise_on_nan_and_inf
    raise RuntimeError(f"The {source} provided had NaN values.")
RuntimeError: The observations provided had NaN values.
2020-06-25 12:22:30 INFO [environment.py:418] Environment shut down with return code 0.
