slurmstepd-anlauter: error: Unable to create TMPDIR [/tmp/user/30108]: Permission denied
slurmstepd-anlauter: error: Setting TMPDIR to /tmp
Found path: /home/j/jensenj/PycharmProjects/Federer-Jr./src/../crawler_single/linux/dynamic_server/crawler_dynamic.x86_64
Mono path[0] = '/home/j/jensenj/PycharmProjects/Federer-Jr./src/../crawler_single/linux/dynamic_server/crawler_dynamic_Data/Managed'
Mono config path = '/home/j/jensenj/PycharmProjects/Federer-Jr./src/../crawler_single/linux/dynamic_server/crawler_dynamic_Data/MonoBleedingEdge/etc'
Preloaded 'lib_burst_generated.so'
Preloaded 'libgrpc_csharp_ext.x64.so'
Initialize engine version: 2019.3.15f1 (59ff3e03856d)
[Subsystems] Discovering subsystems at path /home/j/jensenj/PycharmProjects/Federer-Jr./src/../crawler_single/linux/dynamic_server/crawler_dynamic_Data/UnitySubsystems
Forcing GfxDevice: Null
GfxDevice: creating device client; threaded=0
NullGfxDevice:
    Version:  NULL 1.0 [1.0]
    Renderer: Null Device
    Vendor:   Unity Technologies
Begin MonoManager ReloadAssembly
- Completed reload, in  0.099 seconds
WARNING: Shader Unsupported: 'Autodesk Interactive' - All passes removed
WARNING: Shader Did you use #pragma only_renderers and omit this platform?
UnloadTime: 0.397301 ms
Fallback handler could not load library /home/j/jensenj/PycharmProjects/Federer-Jr./src/../crawler_single/linux/dynamic_server/crawler_dynamic_Data/Mono/libcoreclr.so
Fallback handler could not load library /home/j/jensenj/PycharmProjects/Federer-Jr./src/../crawler_single/linux/dynamic_server/crawler_dynamic_Data/Mono/libcoreclr.so
Fallback handler could not load library /home/j/jensenj/PycharmProjects/Federer-Jr./src/../crawler_single/linux/dynamic_server/crawler_dynamic_Data/Mono/libcoreclr.so
Fallback handler could not load library /home/j/jensenj/PycharmProjects/Federer-Jr./src/../crawler_single/linux/dynamic_server/crawler_dynamic_Data/Mono/libSystem.dylib
Fallback handler could not load library /home/j/jensenj/PycharmProjects/Federer-Jr./src/../crawler_single/linux/dynamic_server/crawler_dynamic_Data/Mono/libSystem.dylib.so
Fallback handler could not load library /home/j/jensenj/PycharmProjects/Federer-Jr./src/../crawler_single/linux/dynamic_server/crawler_dynamic_Data/Mono/libSystem.dylib
Fallback handler could not load library /home/j/jensenj/PycharmProjects/Federer-Jr./src/../crawler_single/linux/dynamic_server/crawler_dynamic_Data/Mono/libcoreclr.so
Fallback handler could not load library /home/j/jensenj/PycharmProjects/Federer-Jr./src/../crawler_single/linux/dynamic_server/crawler_dynamic_Data/Mono/libcoreclr.so
Fallback handler could not load library /home/j/jensenj/PycharmProjects/Federer-Jr./src/../crawler_single/linux/dynamic_server/crawler_dynamic_Data/Mono/libcoreclr.so
Fallback handler could not load library /home/j/jensenj/PycharmProjects/Federer-Jr./src/../crawler_single/linux/dynamic_server/crawler_dynamic_Data/Mono/libSystem.dylib
Fallback handler could not load library /home/j/jensenj/PycharmProjects/Federer-Jr./src/../crawler_single/linux/dynamic_server/crawler_dynamic_Data/Mono/libSystem.dylib.so
Fallback handler could not load library /home/j/jensenj/PycharmProjects/Federer-Jr./src/../crawler_single/linux/dynamic_server/crawler_dynamic_Data/Mono/libSystem.dylib
/home/j/jensenj/.local/lib/python3.6/site-packages/tensorboard/compat/tensorflow_stub/dtypes.py:541: FutureWarning: Passing (type, 1) or '1type' as a synonym of type is deprecated; in a future version of numpy, it will be understood as (type, (1,)) / '(1,)type'.
  _np_qint8 = np.dtype([("qint8", np.int8, 1)])
/home/j/jensenj/.local/lib/python3.6/site-packages/tensorboard/compat/tensorflow_stub/dtypes.py:542: FutureWarning: Passing (type, 1) or '1type' as a synonym of type is deprecated; in a future version of numpy, it will be understood as (type, (1,)) / '(1,)type'.
  _np_quint8 = np.dtype([("quint8", np.uint8, 1)])
/home/j/jensenj/.local/lib/python3.6/site-packages/tensorboard/compat/tensorflow_stub/dtypes.py:543: FutureWarning: Passing (type, 1) or '1type' as a synonym of type is deprecated; in a future version of numpy, it will be understood as (type, (1,)) / '(1,)type'.
  _np_qint16 = np.dtype([("qint16", np.int16, 1)])
/home/j/jensenj/.local/lib/python3.6/site-packages/tensorboard/compat/tensorflow_stub/dtypes.py:544: FutureWarning: Passing (type, 1) or '1type' as a synonym of type is deprecated; in a future version of numpy, it will be understood as (type, (1,)) / '(1,)type'.
  _np_quint16 = np.dtype([("quint16", np.uint16, 1)])
/home/j/jensenj/.local/lib/python3.6/site-packages/tensorboard/compat/tensorflow_stub/dtypes.py:545: FutureWarning: Passing (type, 1) or '1type' as a synonym of type is deprecated; in a future version of numpy, it will be understood as (type, (1,)) / '(1,)type'.
  _np_qint32 = np.dtype([("qint32", np.int32, 1)])
/home/j/jensenj/.local/lib/python3.6/site-packages/tensorboard/compat/tensorflow_stub/dtypes.py:550: FutureWarning: Passing (type, 1) or '1type' as a synonym of type is deprecated; in a future version of numpy, it will be understood as (type, (1,)) / '(1,)type'.
  np_resource = np.dtype([("resource", np.ubyte, 1)])
2020-06-25 11:57:51 INFO [environment.py:108] Connected to Unity environment with package version 1.0.2 and communication version 1.0.0
2020-06-25 11:57:51 INFO [environment.py:265] Connected new brain:
CrawlerDynamic?team=0
2020-06-25 11:57:51 WARNING [__init__.py:92] The environment contains multiple observations. You must define allow_multiple_obs=True to receive them all. Otherwise, only the first visual observation (or vector observation ifthere are no visual observations) will be provided in the observation.
/home/j/jensenj/.local/lib/python3.6/site-packages/gym/logger.py:30: UserWarning: [33mWARN: Box bound precision lowered by casting to float32[0m
  warnings.warn(colorize('%s: %s'%('WARN', msg % args), 'yellow'))
update_time_steps: 2048 , ppo_epochs: 1 , beta:  0.001 , gamma 0.9
0 : -1.7889662273228168
1 : -1.1600219462998211
2 : -0.4190686549991369
3 : -1.9375471440143883
4 : -0.879532583989203
5 : -0.7994078490883112
6 : -2.864758860319853
7 : -0.9015622902661562
8 : -1.2911892256233841
9 : -1.5340075511485338
10 : -1.119250442367047
11 : -1.2263090191408992
12 : -2.778109190054238
13 : -1.3449833039194345
14 : 3.4878373350948095
15 : -1.4144253805279732
16 : -1.5132335452362895
17 : -0.8839035602286458
18 : -7.20970319584012
19 : -1.2355062821879983
20 : -3.292848179116845
21 : -2.274931308813393
22 : -1.7308185789734125
23 : -0.8050075434148312
24 : -1.5429482059553266
25 : -1.6754809208214283
26 : -0.7678823601454496
27 : -4.208075483795255
28 : -2.100555505603552
29 : -1.1643736260011792
30 : -1.4521293640136719
31 : 0.0123219583183527
32 : -1.9625282539054751
33 : -1.2627624701708555
34 : -1.3342456305399537
35 : -0.6432917071506381
36 : -1.2174592167139053
37 : -0.7372384499758482
38 : -1.416386416181922
39 : -0.5516984416171908
40 : -0.3147083977237344
41 : -1.3577879387885332
42 : 0.0160762844607234
43 : 1.2460661008954048
44 : -1.7695815227925777
45 : 4.043174354359508
46 : -1.424813723191619
47 : -1.0595232527703047
48 : -10.164434495614842
49 : -3.9214465990662575
50 : -1.506552702281624
51 : -1.434075893368572
52 : -0.6474682614207268
53 : -0.7191702164709568
54 : 7.177050876431167
55 : -1.3997478722594678
56 : -2.2259437358006835
57 : -1.4902479462325573
58 : -1.29610661463812
59 : -1.743257227470167
60 : -1.4229660406708717
61 : -1.0101024759933352
62 : -0.8167986050248146
63 : 8.030478656088235
64 : -1.2500181016512215
65 : -0.928459039889276
66 : -0.8568809726275504
67 : -2.2022629342973232
68 : -3.017218502238393
69 : -1.69142297655344
70 : -0.14750274526886642
71 : -1.55992825422436
72 : -0.6968459896743298
73 : -1.7977762129157782
74 : -6.698912180028856
75 : -0.5683367177844048
76 : -2.0799801502143964
77 : -1.326433200854808
78 : -5.337336642667651
79 : -1.3338567288592458
80 : -0.8248319551348686
81 : -1.494748285971582
82 : -2.3794261012226343
83 : 3.20441154204309
84 : -0.8766501913778484
85 : -5.5758608262985945
86 : -5.129411914618686
87 : -3.3374705277383327
88 : -1.1485789180733263
89 : -1.0106522095156834
90 : -1.1435805996879935
91 : -1.959997646510601
92 : -1.989977102726698
93 : -5.8736706199124455
94 : -1.6629048883914948
95 : -0.8656122088432312
96 : -0.7391575761139393
97 : -2.151120148599148
98 : 0.5387978740036488
99 : -0.4278641091659665
100 : 3.799878031015396
101 : -2.862483635544777
102 : -0.7589910672977567
103 : -1.4910877919755876
104 : 1.7256981693208218
105 : -1.6194212944246829
106 : -3.400334108620882
107 : -0.8003726387396455
108 : -1.3040279699489474
109 : -1.0398062011227012
110 : -1.1913288028445095
111 : -0.4070831458084285
112 : -1.3949974086135626
113 : -0.0007999977096915245
114 : -1.1287559643387794
115 : -1.4907499076798558
116 : 1.3442419338971376
117 : -0.9084025518968701
118 : -1.1458624610677361
!!! updated
119 : -1.623149348422885
120 : -1.4029269833117723
121 : -1.505860347300768
122 : -1.3703530970960855
123 : -1.462167577818036
124 : -1.2047162428498268
125 : -1.215291098691523
126 : -0.8978127711452544
127 : -1.3107855319976807
128 : -1.6494527496397495
129 : -1.5311827398836613
130 : -1.4314284748397768
131 : -1.6613511480391026
132 : -1.5391836613416672
133 : -1.486815889365971
134 : -1.5541807301342487
135 : -1.6546844020485878
136 : -1.3359187431633472
137 : -1.0609052036888897
138 : -1.7642019968479872
139 : -1.1227092654444277
140 : -1.5526989083737135
141 : -1.329377580434084
142 : -0.9861319977790117
143 : -1.9696700498461723
144 : -1.5735371820628643
145 : -0.8649177639745176
146 : -1.6010035518556833
147 : -1.2806761413812637
148 : -1.5885863546282053
149 : -1.2740642335265875
150 : -0.850378502625972
151 : -0.8504681726917624
152 : -0.942245552316308
153 : -1.1174314338713884
154 : -1.4432458821684122
155 : -1.561629094183445
156 : -1.2282022554427385
157 : -1.5533898081630468
158 : -1.492283783853054
159 : -1.210494788363576
160 : -1.3197215888649225
161 : -1.5618938822299242
162 : -1.4910055883228779
163 : -1.3006790671497583
164 : -0.952348462305963
165 : -1.0352217247709632
166 : -1.1116518499329686
167 : -1.3011141996830702
168 : -1.3084890069440007
169 : -1.5186504162847996
170 : -0.8271259097382426
171 : -1.4946696376428008
172 : -1.5847441963851452
173 : -1.2531940083717927
174 : -1.064336518291384
175 : -1.6836764365434647
176 : -1.3532598204910755
177 : -1.1371761844493449
178 : -1.0317025245167315
179 : -1.6145467394962907
180 : -1.2778446078300476
181 : -1.3380686580203474
182 : -0.9841392505913973
183 : -1.4829914723522961
184 : -0.8086329195648432
185 : -0.8100902754813433
186 : -1.4755269922316074
187 : -0.9662223579362035
188 : -1.2971318466588855
189 : -0.9217090359888971
190 : -0.845627629198134
191 : -0.9333212613128126
192 : -2.301370345056057
193 : -0.806866055354476
194 : -1.0318650268018246
195 : -1.76770431548357
196 : -1.5862844213843346
197 : -1.2741424469277263
198 : -1.3905168641358614
199 : -1.4698198097757995
200 : -1.064180014654994
201 : -0.7900623884052038
202 : -1.6311731487512589
203 : -1.2214392479509115
204 : -1.2850690465420485
205 : -1.0910212490707636
206 : -1.303205563686788
207 : -1.138171952799894
208 : -0.9388160891830921
209 : -1.3756374847143888
210 : -1.0471732350997627
211 : -0.9017812153324485
212 : -1.2414876325055957
213 : -1.6142880022525787
214 : -0.8633912061341107
215 : -0.7923173708841205
216 : -1.3843534251209348
217 : -0.9425436849705875
218 : -1.6418742015957832
219 : -1.3981745224446058
220 : -1.0481959162279963
221 : -0.938873085193336
222 : -1.4114496796391904
223 : -1.1703811273910105
224 : -1.8034710437059402
225 : -1.3795255701988935
226 : -0.8277469631284475
227 : -1.4128346238285303
228 : -1.0992243215441704
229 : -0.9466118274722248
230 : -0.9486709423363209
231 : -0.9645725768059492
232 : -1.1795446891337633
233 : -1.3272532927803695
234 : -1.0921310475096107
235 : -1.3242066744714975
236 : -1.3489256091415882
237 : -1.1176739833317697
238 : -1.4620787457097322
239 : -1.0318869869224727
240 : -1.6122072599828243
241 : -0.8098300844430923
242 : -0.9047393526416272
243 : -1.0274049518629909
244 : -1.4266247302293777
245 : -1.0677880838047713
246 : -1.1008653384633362
247 : -1.4098152630031109
248 : -1.5089961611665785
249 : -1.5127070862799883
250 : -0.9227003301493824
251 : -1.0217435583472252
252 : -1.3098445069044828
253 : -1.547300223261118
254 : -0.8957605664618313
255 : -0.9976056637242436
256 : -1.2679615747183561
257 : -1.5384552087634802
258 : -1.2855877475813031
259 : -0.7695364374667406
260 : -1.0999874295666814
261 : -1.0563263085205108
262 : -1.4501098664477468
263 : -1.3858223389834166
264 : -1.0491181914694607
265 : -1.0349345309659839
266 : -0.9102610251866281
267 : -1.147206979454495
268 : -1.128691871650517
269 : -1.4215903412550688
270 : -0.9925108030438423
271 : -1.089644436724484
272 : -1.4631058829836547
273 : -0.7778870752081275
274 : -1.068873099051416
275 : -0.7957042185589671
276 : -0.9852042999118567
277 : -1.4176811147481203
278 : -0.9843383086845279
279 : -1.1635395883349702
280 : -1.243308249861002
281 : -0.9935408043675125
282 : -0.9790187786566094
283 : -1.702770859003067
284 : -1.3447817414999008
285 : -1.4526197342202067
286 : -0.7794949356466532
287 : -1.0043793767690659
288 : -1.0575073510408401
289 : -1.2561343479901552
290 : -0.8754768231883645
291 : -0.9021818139590323
292 : -1.768892541527748
293 : -0.9897628286853433
294 : -1.5184501558542252
295 : -1.3842812329530716
296 : -0.7268204633146524
297 : -1.4660650976002216
298 : -1.6994113996624947
299 : -1.0594867635518312
300 : -0.9492061603814363
301 : -1.4352049231529236
302 : -1.162804245017469
303 : -1.6361284516751766
304 : -1.3734195516444743
305 : -2.4589994698762894
306 : -0.9211483150720596
307 : -1.2189263608306646
308 : -0.8769952412694693
309 : -1.2760099654551595
310 : -0.9294848912395537
311 : -1.6621518209576607
312 : -0.9678602595813572
313 : -1.128438150510192
314 : -1.4914851486682892
315 : -1.6229193136096
316 : -0.9537469735369086
317 : -1.3918945081532001
318 : -1.7501989603042603
319 : -1.4558891840279102
320 : -1.2382683008909225
321 : -1.4937812080606818
322 : -0.7425372786819935
323 : -1.2322546150535345
324 : -1.1481444446835667
325 : -0.9910351159051061
326 : -1.8156813457608223
327 : -3.0889909267425537
328 : -1.4652899987995625
329 : -1.9949939139187336
330 : -1.3726891502738
331 : -0.936775335110724
332 : -1.2486007185652852
333 : -1.5106328977271914
334 : -0.9711435232311487
335 : -1.0191927636042237
336 : -1.2925637755542994
337 : -1.5431028325110674
338 : -1.4627217169618234
339 : -0.8461499288678169
340 : -0.7627120707184076
341 : -1.5419741868972778
342 : -0.9377207369543612
343 : -0.9785571778193116
344 : -1.0940204644575715
345 : -1.288960237056017
346 : -1.3368617445230484
347 : -1.2107144254259765
348 : -1.0139030264690518
349 : -1.423579528927803
350 : -1.4245168454945087
351 : -1.3655206114053726
352 : -1.2453377330675721
353 : -0.915344457142055
354 : -1.4167824387550354
355 : -1.2929582642391324
356 : -0.819311966188252
357 : -1.6089451499283314
358 : -1.3753766464069486
359 : -1.5889504104852676
360 : -1.2861607503145933
361 : -1.3550608474761248
362 : -1.4988302011042833
363 : -1.660067841410637
364 : -1.4197298884391785
365 : -1.0693546603433788
366 : -1.4425954036414623
367 : -1.0873728850856423
368 : -1.1555133070796728
369 : -1.3602138720452785
370 : -0.7975374041125178
371 : -1.160191767849028
372 : -0.8732985835522413
373 : -1.371229499578476
374 : -0.8292928119190037
!!! updated
375 : -1.120819411240518
376 : -1.239535765722394
377 : -0.8869322193786502
378 : -1.554763089865446
379 : -1.2683382318355143
380 : -0.7026673769578338
381 : -1.4892112724483013
382 : -1.4972911961376667
383 : -1.2489046091213822
384 : -1.1957839392125607
385 : -1.1380787678062916
386 : -1.223217336460948
387 : -1.2121435794979334
388 : -1.652962788939476
389 : -0.9058490004390478
390 : -1.598352275788784
391 : -0.818599347025156
392 : -1.2297869604080915
393 : -1.5230897516012192
394 : -0.7152403639629483
395 : -1.40153344348073
396 : -1.0704193256096914
397 : -1.1499193138442934
398 : -1.5215366333723068
399 : -1.1507603819482028
400 : -0.9840253004804254
401 : -2.071652300655842
402 : -2.025742381811142
403 : -1.557179782539606
404 : -0.9332935735583305
405 : -0.8782222056761384
406 : -1.0084213921800256
407 : -1.657065138220787
408 : -0.7494847923517227
409 : -1.6853404939174652
410 : -0.8351359646767378
411 : -1.4950976893305779
412 : -1.2755314018577337
413 : -1.4384709931910038
414 : -1.4176633767783642
415 : -0.9192857462912798
416 : -1.2112196255475283
417 : -1.4745381008833647
418 : -1.2730737291276455
419 : -0.8051299219951034
420 : -1.0030499948188663
421 : -1.0122799845412374
422 : -0.9180537902284414
Setting up 2 worker threads for Enlighten.
  Thread -> id: 7f1ca4f95700 -> priority: 1 
  Thread -> id: 7f1ca4794700 -> priority: 1 
Traceback (most recent call last):
  File "main.py", line 123, in <module>
    returns = [episode(env, agent, i) for i in range(training_episodes)]
  File "main.py", line 123, in <listcomp>
    returns = [episode(env, agent, i) for i in range(training_episodes)]
  File "main.py", line 30, in episode
    next_state, reward, done, _ = env.step(action.numpy()[0])
  File "/home/j/jensenj/.local/lib/python3.6/site-packages/gym_unity/envs/__init__.py", line 177, in step
    self._env.step()
  File "/home/j/jensenj/.local/lib/python3.6/site-packages/mlagents_envs/timers.py", line 305, in wrapped
    return func(*args, **kwargs)
  File "/home/j/jensenj/.local/lib/python3.6/site-packages/mlagents_envs/environment.py", line 319, in step
    self._update_state(rl_output)
  File "/home/j/jensenj/.local/lib/python3.6/site-packages/mlagents_envs/environment.py", line 275, in _update_state
    agent_info_list, self._env_specs[brain_name]
  File "/home/j/jensenj/.local/lib/python3.6/site-packages/mlagents_envs/timers.py", line 305, in wrapped
    return func(*args, **kwargs)
  File "/home/j/jensenj/.local/lib/python3.6/site-packages/mlagents_envs/rpc_utils.py", line 193, in steps_from_proto
    obs_index, obs_shape, terminal_agent_info_list
  File "/home/j/jensenj/.local/lib/python3.6/site-packages/mlagents_envs/timers.py", line 305, in wrapped
    return func(*args, **kwargs)
  File "/home/j/jensenj/.local/lib/python3.6/site-packages/mlagents_envs/rpc_utils.py", line 152, in _process_vector_observation
    _raise_on_nan_and_inf(np_obs, "observations")
  File "/home/j/jensenj/.local/lib/python3.6/site-packages/mlagents_envs/rpc_utils.py", line 132, in _raise_on_nan_and_inf
    raise RuntimeError(f"The {source} provided had Infinite values.")
RuntimeError: The observations provided had Infinite values.
2020-06-25 12:03:05 INFO [environment.py:418] Environment shut down with return code 0.
