slurmstepd-nau: error: Unable to create TMPDIR [/tmp/user/30108]: Permission denied
slurmstepd-nau: error: Setting TMPDIR to /tmp
Found path: /home/j/jensenj/PycharmProjects/Federer-Jr./src/../crawler_single/linux/dynamic_server/crawler_dynamic.x86_64
Mono path[0] = '/home/j/jensenj/PycharmProjects/Federer-Jr./src/../crawler_single/linux/dynamic_server/crawler_dynamic_Data/Managed'
Mono config path = '/home/j/jensenj/PycharmProjects/Federer-Jr./src/../crawler_single/linux/dynamic_server/crawler_dynamic_Data/MonoBleedingEdge/etc'
Preloaded 'lib_burst_generated.so'
Preloaded 'libgrpc_csharp_ext.x64.so'
Initialize engine version: 2019.3.15f1 (59ff3e03856d)
[Subsystems] Discovering subsystems at path /home/j/jensenj/PycharmProjects/Federer-Jr./src/../crawler_single/linux/dynamic_server/crawler_dynamic_Data/UnitySubsystems
Forcing GfxDevice: Null
GfxDevice: creating device client; threaded=0
NullGfxDevice:
    Version:  NULL 1.0 [1.0]
    Renderer: Null Device
    Vendor:   Unity Technologies
Begin MonoManager ReloadAssembly
- Completed reload, in  0.100 seconds
WARNING: Shader Unsupported: 'Autodesk Interactive' - All passes removed
WARNING: Shader Did you use #pragma only_renderers and omit this platform?
UnloadTime: 0.439136 ms
Fallback handler could not load library /home/j/jensenj/PycharmProjects/Federer-Jr./src/../crawler_single/linux/dynamic_server/crawler_dynamic_Data/Mono/libcoreclr.so
Fallback handler could not load library /home/j/jensenj/PycharmProjects/Federer-Jr./src/../crawler_single/linux/dynamic_server/crawler_dynamic_Data/Mono/libcoreclr.so
Fallback handler could not load library /home/j/jensenj/PycharmProjects/Federer-Jr./src/../crawler_single/linux/dynamic_server/crawler_dynamic_Data/Mono/libcoreclr.so
Fallback handler could not load library /home/j/jensenj/PycharmProjects/Federer-Jr./src/../crawler_single/linux/dynamic_server/crawler_dynamic_Data/Mono/libSystem.dylib
Fallback handler could not load library /home/j/jensenj/PycharmProjects/Federer-Jr./src/../crawler_single/linux/dynamic_server/crawler_dynamic_Data/Mono/libSystem.dylib.so
Fallback handler could not load library /home/j/jensenj/PycharmProjects/Federer-Jr./src/../crawler_single/linux/dynamic_server/crawler_dynamic_Data/Mono/libSystem.dylib
Fallback handler could not load library /home/j/jensenj/PycharmProjects/Federer-Jr./src/../crawler_single/linux/dynamic_server/crawler_dynamic_Data/Mono/libcoreclr.so
Fallback handler could not load library /home/j/jensenj/PycharmProjects/Federer-Jr./src/../crawler_single/linux/dynamic_server/crawler_dynamic_Data/Mono/libcoreclr.so
Fallback handler could not load library /home/j/jensenj/PycharmProjects/Federer-Jr./src/../crawler_single/linux/dynamic_server/crawler_dynamic_Data/Mono/libcoreclr.so
Fallback handler could not load library /home/j/jensenj/PycharmProjects/Federer-Jr./src/../crawler_single/linux/dynamic_server/crawler_dynamic_Data/Mono/libSystem.dylib
Fallback handler could not load library /home/j/jensenj/PycharmProjects/Federer-Jr./src/../crawler_single/linux/dynamic_server/crawler_dynamic_Data/Mono/libSystem.dylib.so
Fallback handler could not load library /home/j/jensenj/PycharmProjects/Federer-Jr./src/../crawler_single/linux/dynamic_server/crawler_dynamic_Data/Mono/libSystem.dylib
/home/j/jensenj/.local/lib/python3.6/site-packages/tensorboard/compat/tensorflow_stub/dtypes.py:541: FutureWarning: Passing (type, 1) or '1type' as a synonym of type is deprecated; in a future version of numpy, it will be understood as (type, (1,)) / '(1,)type'.
  _np_qint8 = np.dtype([("qint8", np.int8, 1)])
/home/j/jensenj/.local/lib/python3.6/site-packages/tensorboard/compat/tensorflow_stub/dtypes.py:542: FutureWarning: Passing (type, 1) or '1type' as a synonym of type is deprecated; in a future version of numpy, it will be understood as (type, (1,)) / '(1,)type'.
  _np_quint8 = np.dtype([("quint8", np.uint8, 1)])
/home/j/jensenj/.local/lib/python3.6/site-packages/tensorboard/compat/tensorflow_stub/dtypes.py:543: FutureWarning: Passing (type, 1) or '1type' as a synonym of type is deprecated; in a future version of numpy, it will be understood as (type, (1,)) / '(1,)type'.
  _np_qint16 = np.dtype([("qint16", np.int16, 1)])
/home/j/jensenj/.local/lib/python3.6/site-packages/tensorboard/compat/tensorflow_stub/dtypes.py:544: FutureWarning: Passing (type, 1) or '1type' as a synonym of type is deprecated; in a future version of numpy, it will be understood as (type, (1,)) / '(1,)type'.
  _np_quint16 = np.dtype([("quint16", np.uint16, 1)])
/home/j/jensenj/.local/lib/python3.6/site-packages/tensorboard/compat/tensorflow_stub/dtypes.py:545: FutureWarning: Passing (type, 1) or '1type' as a synonym of type is deprecated; in a future version of numpy, it will be understood as (type, (1,)) / '(1,)type'.
  _np_qint32 = np.dtype([("qint32", np.int32, 1)])
/home/j/jensenj/.local/lib/python3.6/site-packages/tensorboard/compat/tensorflow_stub/dtypes.py:550: FutureWarning: Passing (type, 1) or '1type' as a synonym of type is deprecated; in a future version of numpy, it will be understood as (type, (1,)) / '(1,)type'.
  np_resource = np.dtype([("resource", np.ubyte, 1)])
2020-06-25 11:57:51 INFO [environment.py:108] Connected to Unity environment with package version 1.0.2 and communication version 1.0.0
2020-06-25 11:57:51 INFO [environment.py:265] Connected new brain:
CrawlerDynamic?team=0
2020-06-25 11:57:51 WARNING [__init__.py:92] The environment contains multiple observations. You must define allow_multiple_obs=True to receive them all. Otherwise, only the first visual observation (or vector observation ifthere are no visual observations) will be provided in the observation.
/home/j/jensenj/.local/lib/python3.6/site-packages/gym/logger.py:30: UserWarning: [33mWARN: Box bound precision lowered by casting to float32[0m
  warnings.warn(colorize('%s: %s'%('WARN', msg % args), 'yellow'))
/home/j/jensenj/.local/lib/python3.6/site-packages/numpy/core/_methods.py:160: RuntimeWarning: invalid value encountered in reduce
  ret = umr_sum(arr, axis, dtype, out, keepdims)
update_time_steps: 2048 , ppo_epochs: 16 , beta:  0.001 , gamma 0.9
0 : -1.42933065071702
1 : -1.5223023022990674
2 : -0.9397446876391768
3 : -1.5343829826451838
4 : -1.6249490892514586
5 : -5.706342282239348
6 : 3.4657868132926524
7 : -2.412798821926117
8 : -0.826487640850246
9 : -1.3343906463123858
10 : -0.8856903156265616
11 : -1.7728701420128345
12 : -0.9008591258898377
13 : -1.5755334149580449
14 : -1.765303791500628
15 : -2.4402252404252067
16 : -1.613354112021625
17 : -0.5349841993302107
18 : -1.085490157827735
19 : -1.2389968084171414
20 : -1.7494762586429715
21 : -1.2873243135400116
22 : -1.2050512041896582
23 : -1.3612171150743961
24 : -3.2507151402533054
25 : -1.1401882730424404
26 : -0.8397383894771338
27 : -1.7607677280902863
28 : 4.302071124780923
29 : 1.5094472435303032
30 : -1.523324143141508
31 : -1.3571643712930381
32 : -0.9930580649524927
33 : -1.243312992155552
34 : -0.98024957254529
35 : -1.7152429074048996
36 : -1.4957230743020773
37 : -1.2322415574453771
38 : -0.8881860454566777
39 : -1.0001010820269585
40 : -0.8340746774338186
41 : -1.4952257107943296
42 : 1.8578792158514261
43 : 0.915182329248637
44 : -0.896969654597342
45 : -1.0110373017378151
46 : 0.1183101530186832
47 : 1.4911469573853537
48 : -0.6171381671447307
49 : -1.719415433704853
50 : -0.8880178179824725
51 : 1.0972222154960036
52 : -1.001803814433515
53 : 3.1471976786851883
54 : -1.8672108314931393
55 : -1.1815348211675882
56 : 2.913463683798909
57 : -3.546254411805421
58 : -1.4360048985108733
59 : -2.0381177966482937
60 : -1.3987529128789902
61 : 5.264844160526991
62 : -1.8824963867664337
63 : 6.060422104783356
64 : 0.8427457185462117
65 : -7.513434588909149
66 : -4.043316406663507
67 : -1.7163659930229187
68 : -1.4306378774344921
69 : 1.71612564381212
70 : 1.7576933074742556
71 : -1.7605517506599426
72 : -3.6872263345867395
73 : -1.2686961172148585
74 : -1.3251858740113676
75 : -0.7680407767184079
76 : -1.5631380318664014
77 : -1.6924896072596312
78 : 1.841710027307272
79 : -0.950915468391031
80 : -1.1966681526973844
81 : -0.9330555344931781
82 : -0.6957016726955771
83 : -1.2335730062332004
84 : -0.47659443970769644
85 : -0.9397834148257971
86 : -1.1005362203868572
87 : -2.028945063240826
88 : -3.6112101851031184
89 : -0.21052597323432565
90 : -1.275786998681724
91 : -0.6021263161674142
92 : -2.49546080455184
93 : -3.4631983172148466
94 : -0.9819743321277201
95 : -3.295215661288239
96 : -1.3140870039351285
97 : -2.2435735096223652
98 : -1.4577073380351067
99 : -1.519387274980545
100 : -12.313699829857796
101 : -3.4358706139028072
102 : -1.984324723482132
103 : -0.7410959261469543
104 : -1.2720381803810596
105 : -3.3203069320879877
106 : -1.6811200608499348
107 : -1.3118398101069033
108 : -0.42195943742990494
109 : -0.46305948588997126
!!! updated
110 : 0.5235795706976205
111 : -1.7270801737904549
112 : -1.4571021758019924
113 : -2.165677100419998
114 : -1.5644109472632408
115 : -1.7017270475625992
116 : -1.6635453701019287
117 : -1.7293616719543934
118 : -0.813309389166534
119 : -1.6839807033538818
Setting up 2 worker threads for Enlighten.
  Thread -> id: 7fcbe27ac700 -> priority: 1 
  Thread -> id: 7fcbe1fab700 -> priority: 1 
Traceback (most recent call last):
  File "main.py", line 123, in <module>
    returns = [episode(env, agent, i) for i in range(training_episodes)]
  File "main.py", line 123, in <listcomp>
    returns = [episode(env, agent, i) for i in range(training_episodes)]
  File "main.py", line 30, in episode
    next_state, reward, done, _ = env.step(action.numpy()[0])
  File "/home/j/jensenj/.local/lib/python3.6/site-packages/gym_unity/envs/__init__.py", line 177, in step
    self._env.step()
  File "/home/j/jensenj/.local/lib/python3.6/site-packages/mlagents_envs/timers.py", line 305, in wrapped
    return func(*args, **kwargs)
  File "/home/j/jensenj/.local/lib/python3.6/site-packages/mlagents_envs/environment.py", line 319, in step
    self._update_state(rl_output)
  File "/home/j/jensenj/.local/lib/python3.6/site-packages/mlagents_envs/environment.py", line 275, in _update_state
    agent_info_list, self._env_specs[brain_name]
  File "/home/j/jensenj/.local/lib/python3.6/site-packages/mlagents_envs/timers.py", line 305, in wrapped
    return func(*args, **kwargs)
  File "/home/j/jensenj/.local/lib/python3.6/site-packages/mlagents_envs/rpc_utils.py", line 193, in steps_from_proto
    obs_index, obs_shape, terminal_agent_info_list
  File "/home/j/jensenj/.local/lib/python3.6/site-packages/mlagents_envs/timers.py", line 305, in wrapped
    return func(*args, **kwargs)
  File "/home/j/jensenj/.local/lib/python3.6/site-packages/mlagents_envs/rpc_utils.py", line 152, in _process_vector_observation
    _raise_on_nan_and_inf(np_obs, "observations")
  File "/home/j/jensenj/.local/lib/python3.6/site-packages/mlagents_envs/rpc_utils.py", line 130, in _raise_on_nan_and_inf
    raise RuntimeError(f"The {source} provided had NaN values.")
RuntimeError: The observations provided had NaN values.
2020-06-25 12:00:37 INFO [environment.py:418] Environment shut down with return code 0.
