slurmstepd-duernbach: error: Unable to create TMPDIR [/tmp/user/30108]: Permission denied
slurmstepd-duernbach: error: Setting TMPDIR to /tmp
Found path: /home/j/jensenj/PycharmProjects/Federer-Jr./src/../crawler_single/linux/dynamic_server/crawler_dynamic.x86_64
Mono path[0] = '/home/j/jensenj/PycharmProjects/Federer-Jr./src/../crawler_single/linux/dynamic_server/crawler_dynamic_Data/Managed'
Mono config path = '/home/j/jensenj/PycharmProjects/Federer-Jr./src/../crawler_single/linux/dynamic_server/crawler_dynamic_Data/MonoBleedingEdge/etc'
Preloaded 'lib_burst_generated.so'
Preloaded 'libgrpc_csharp_ext.x64.so'
Initialize engine version: 2019.3.15f1 (59ff3e03856d)
[Subsystems] Discovering subsystems at path /home/j/jensenj/PycharmProjects/Federer-Jr./src/../crawler_single/linux/dynamic_server/crawler_dynamic_Data/UnitySubsystems
Forcing GfxDevice: Null
GfxDevice: creating device client; threaded=0
NullGfxDevice:
    Version:  NULL 1.0 [1.0]
    Renderer: Null Device
    Vendor:   Unity Technologies
Begin MonoManager ReloadAssembly
- Completed reload, in  0.094 seconds
WARNING: Shader Unsupported: 'Autodesk Interactive' - All passes removed
WARNING: Shader Did you use #pragma only_renderers and omit this platform?
UnloadTime: 0.432626 ms
Fallback handler could not load library /home/j/jensenj/PycharmProjects/Federer-Jr./src/../crawler_single/linux/dynamic_server/crawler_dynamic_Data/Mono/libcoreclr.so
Fallback handler could not load library /home/j/jensenj/PycharmProjects/Federer-Jr./src/../crawler_single/linux/dynamic_server/crawler_dynamic_Data/Mono/libcoreclr.so
Fallback handler could not load library /home/j/jensenj/PycharmProjects/Federer-Jr./src/../crawler_single/linux/dynamic_server/crawler_dynamic_Data/Mono/libcoreclr.so
Fallback handler could not load library /home/j/jensenj/PycharmProjects/Federer-Jr./src/../crawler_single/linux/dynamic_server/crawler_dynamic_Data/Mono/libSystem.dylib
Fallback handler could not load library /home/j/jensenj/PycharmProjects/Federer-Jr./src/../crawler_single/linux/dynamic_server/crawler_dynamic_Data/Mono/libSystem.dylib.so
Fallback handler could not load library /home/j/jensenj/PycharmProjects/Federer-Jr./src/../crawler_single/linux/dynamic_server/crawler_dynamic_Data/Mono/libSystem.dylib
Fallback handler could not load library /home/j/jensenj/PycharmProjects/Federer-Jr./src/../crawler_single/linux/dynamic_server/crawler_dynamic_Data/Mono/libcoreclr.so
Fallback handler could not load library /home/j/jensenj/PycharmProjects/Federer-Jr./src/../crawler_single/linux/dynamic_server/crawler_dynamic_Data/Mono/libcoreclr.so
Fallback handler could not load library /home/j/jensenj/PycharmProjects/Federer-Jr./src/../crawler_single/linux/dynamic_server/crawler_dynamic_Data/Mono/libcoreclr.so
Fallback handler could not load library /home/j/jensenj/PycharmProjects/Federer-Jr./src/../crawler_single/linux/dynamic_server/crawler_dynamic_Data/Mono/libSystem.dylib
Fallback handler could not load library /home/j/jensenj/PycharmProjects/Federer-Jr./src/../crawler_single/linux/dynamic_server/crawler_dynamic_Data/Mono/libSystem.dylib.so
Fallback handler could not load library /home/j/jensenj/PycharmProjects/Federer-Jr./src/../crawler_single/linux/dynamic_server/crawler_dynamic_Data/Mono/libSystem.dylib
/home/j/jensenj/.local/lib/python3.6/site-packages/tensorboard/compat/tensorflow_stub/dtypes.py:541: FutureWarning: Passing (type, 1) or '1type' as a synonym of type is deprecated; in a future version of numpy, it will be understood as (type, (1,)) / '(1,)type'.
  _np_qint8 = np.dtype([("qint8", np.int8, 1)])
/home/j/jensenj/.local/lib/python3.6/site-packages/tensorboard/compat/tensorflow_stub/dtypes.py:542: FutureWarning: Passing (type, 1) or '1type' as a synonym of type is deprecated; in a future version of numpy, it will be understood as (type, (1,)) / '(1,)type'.
  _np_quint8 = np.dtype([("quint8", np.uint8, 1)])
/home/j/jensenj/.local/lib/python3.6/site-packages/tensorboard/compat/tensorflow_stub/dtypes.py:543: FutureWarning: Passing (type, 1) or '1type' as a synonym of type is deprecated; in a future version of numpy, it will be understood as (type, (1,)) / '(1,)type'.
  _np_qint16 = np.dtype([("qint16", np.int16, 1)])
/home/j/jensenj/.local/lib/python3.6/site-packages/tensorboard/compat/tensorflow_stub/dtypes.py:544: FutureWarning: Passing (type, 1) or '1type' as a synonym of type is deprecated; in a future version of numpy, it will be understood as (type, (1,)) / '(1,)type'.
  _np_quint16 = np.dtype([("quint16", np.uint16, 1)])
/home/j/jensenj/.local/lib/python3.6/site-packages/tensorboard/compat/tensorflow_stub/dtypes.py:545: FutureWarning: Passing (type, 1) or '1type' as a synonym of type is deprecated; in a future version of numpy, it will be understood as (type, (1,)) / '(1,)type'.
  _np_qint32 = np.dtype([("qint32", np.int32, 1)])
/home/j/jensenj/.local/lib/python3.6/site-packages/tensorboard/compat/tensorflow_stub/dtypes.py:550: FutureWarning: Passing (type, 1) or '1type' as a synonym of type is deprecated; in a future version of numpy, it will be understood as (type, (1,)) / '(1,)type'.
  np_resource = np.dtype([("resource", np.ubyte, 1)])
2020-06-25 12:03:21 INFO [environment.py:108] Connected to Unity environment with package version 1.0.2 and communication version 1.0.0
2020-06-25 12:03:21 INFO [environment.py:265] Connected new brain:
CrawlerDynamic?team=0
2020-06-25 12:03:21 WARNING [__init__.py:92] The environment contains multiple observations. You must define allow_multiple_obs=True to receive them all. Otherwise, only the first visual observation (or vector observation ifthere are no visual observations) will be provided in the observation.
/home/j/jensenj/.local/lib/python3.6/site-packages/gym/logger.py:30: UserWarning: [33mWARN: Box bound precision lowered by casting to float32[0m
  warnings.warn(colorize('%s: %s'%('WARN', msg % args), 'yellow'))
/home/j/jensenj/.local/lib/python3.6/site-packages/numpy/core/_methods.py:160: RuntimeWarning: invalid value encountered in reduce
  ret = umr_sum(arr, axis, dtype, out, keepdims)
update_time_steps: 4096 , ppo_epochs: 4 , beta:  0.001 , gamma 0.99
0 : 0.29124937346205115
1 : -1.6168098617345095
2 : 2.0550507158041
3 : -0.618060345761478
4 : -0.6618810375221074
5 : -0.9630403784103692
6 : -0.06776203960180283
7 : -0.9348923349753022
8 : -1.3222693102434278
9 : -1.4545786527451128
10 : -1.3931359115522355
11 : -1.314376867376268
12 : -0.5667444369755685
13 : -1.4606999903917313
14 : -2.858846003888175
15 : 2.5920554138720036
16 : -2.7980427434667945
17 : -1.278430001810193
18 : -0.884905073326081
19 : -1.0110975317656994
20 : -1.4854717622511089
21 : -1.9372635735198855
22 : -1.157666631275788
23 : -1.176630289759487
24 : -0.5414733998477459
25 : -1.4893945157527924
26 : -0.6354084545746446
27 : -2.2811448741704226
28 : -1.7030187617056072
29 : -3.2926385710015893
30 : -0.8944250838831067
31 : -1.447647713124752
32 : -1.9093423914164305
33 : -1.5490864384919405
34 : -1.1421452667564154
35 : -1.484333444852382
36 : -0.9604721963405609
37 : -1.8371544554829597
38 : -2.4038335722871125
39 : -1.1259785098955035
40 : -1.2529734736308455
41 : -3.00264574540779
42 : -1.3280355664901435
43 : -0.9355021931696683
44 : -2.186850255355239
45 : -0.8679730608128011
46 : -1.6815466126427054
47 : -1.4405924254097044
48 : -1.1849474012851715
49 : -1.185114066582173
50 : 2.263266074936837
51 : -2.347584206610918
52 : -1.09240086004138
53 : -0.9711076347157359
54 : -0.8289415664039552
55 : -1.274630972649902
56 : -1.8748080600053072
57 : -4.389138533966616
58 : -1.6451451741158962
59 : -3.3646641266532242
60 : -1.5844401847571135
61 : -0.6661632256582379
62 : -1.267203074065037
63 : -0.9961667454335839
64 : -1.6933893412351608
65 : 1.8360860934481025
66 : -2.366219660732895
67 : -2.1797623857855797
68 : -0.9971969407051802
69 : -1.8749756775796413
70 : -1.1689075734466314
71 : 1.5447064633481205
72 : -2.024655645247549
73 : -0.9149885689839721
74 : -1.1511224317364395
75 : -2.011856082826853
76 : -1.0870719170197845
77 : -1.3605248928070068
78 : -1.1095562581904233
79 : 0.630758008453995
80 : -0.8459754209034145
81 : -1.0516285579651594
82 : -1.599308580160141
83 : -0.9829896460287273
84 : -0.6788610946387053
85 : -2.100283468258567
86 : -1.2885095078963786
87 : -1.7119603622704744
88 : -0.04346974706277251
89 : -1.1651627821847796
90 : -1.2049999074079096
91 : -1.5098491171374917
92 : -1.182099623605609
93 : -1.5672096759080887
94 : -0.8012172263115644
95 : -8.285022837109864
96 : -1.2001877296715975
97 : -1.4305538146290928
98 : -2.0059893388533965
99 : -1.8330175764858723
100 : -3.9420632519759238
101 : -1.3228671681135893
102 : -1.6813599821180105
103 : -0.8394370013847947
104 : -1.7562607489526272
105 : 0.2319677546620369
106 : 1.9413925018161535
107 : -0.3905374691821635
108 : -1.6184687465429306
109 : -0.9969185069203377
110 : 0.4289888902567327
111 : -1.050955317914486
112 : -1.0064296908676624
113 : -0.8341828540433198
114 : -5.215367537748534
115 : -1.498660727404058
116 : -0.557612394914031
117 : 1.1486739572137594
118 : -5.51515910285525
119 : -1.8875193521380424
120 : -1.4018805986270308
121 : -6.943990894127637
122 : -1.6572258230298758
123 : -2.035779010504484
124 : -1.8620496857911348
125 : -1.027030955068767
126 : -0.15409992495551705
127 : -1.7597871497273445
128 : -1.2316170167177916
129 : -1.764380183070898
130 : -1.5373038835823536
131 : -1.734998907893896
132 : -1.795887808315456
133 : 0.8277788287959993
134 : -1.6105514280498028
135 : -1.1567875375039876
136 : -1.678958390839398
137 : 1.9456171747297049
138 : -1.4688224662095308
139 : -0.8421455547213554
140 : 2.0799778755754232
141 : -1.4525458249263465
142 : -0.8083106589037925
143 : -1.1934386007487774
144 : -5.960137831512839
145 : -0.9678545948117971
146 : 2.5070866607129574
147 : -7.077982347458601
148 : 0.5122610884718597
149 : 1.5866208653897047
150 : -1.9550917074084282
151 : -4.458577164448798
152 : -0.23812750168144703
153 : -1.2803793121129274
154 : -0.7016875045374036
155 : -0.9042298356071115
156 : -4.957646951079369
157 : -1.9339684322476387
158 : -1.4213387398049235
159 : -1.3791563380509615
160 : -1.124116479884833
161 : -3.235122832469642
162 : -1.5697121918201447
163 : 0.16321840789169073
164 : -1.2857497637160122
165 : -2.1835054829716682
166 : 1.488716758787632
167 : -4.576229369500652
168 : -0.9286007401533425
169 : -1.3728211754933
170 : -1.07727216091007
171 : -1.1655744351446629
172 : -0.14796897675842047
173 : -1.3607595656067133
174 : -0.6185984294861555
175 : -0.9091771217063069
176 : -1.670938789844513
177 : -3.259578666649759
178 : -2.3364545106887817
179 : -0.7580565558746457
180 : -1.0315727372653782
181 : -0.46830915566533804
182 : -1.9775212150998414
183 : -0.15211221389472485
184 : -0.8371648034080863
185 : -0.9253950351849198
186 : -1.4688011594116688
187 : -0.1458409707993269
188 : -1.474337715189904
189 : -1.182907685637474
190 : -1.2641294379718602
191 : 0.03235481958836317
192 : -1.6153700049035251
193 : -6.5151180401444435
194 : 0.21723705157637596
195 : 0.547931170091033
196 : -3.8938477467745543
197 : -3.2240169756114483
198 : -1.667746054008603
199 : -1.5583929307758808
200 : -1.1757298409938812
201 : -0.8571737110614777
202 : -1.3667255360633135
203 : -1.5913652963936329
204 : 5.087887489236891
205 : -0.8056788081303239
206 : -1.1213589917169884
207 : -0.9808361176401377
208 : -0.7347212275490165
209 : 0.20137910917401314
210 : -1.1042252499610186
211 : -5.2983015473000705
212 : -1.2770247622393072
213 : -1.941842533648014
214 : -1.3810336161404848
215 : -1.7108796928077936
216 : -1.3848288804292679
217 : -0.7166058644652367
218 : -1.6006406247615814
219 : -2.5041385404765606
220 : -0.9709205040708184
221 : -0.5269862907007337
222 : -1.5970801264047623
223 : -1.1802706699818373
224 : -1.845750354230404
225 : -0.7591186854988337
226 : 1.1675445064902306
227 : -1.2085566627793014
228 : -1.4143243338912725
229 : -1.7884148482698947
230 : 0.6598078459501266
231 : -1.9942675568163395
232 : -0.9296268103644252
233 : -2.3630189448595047
234 : -1.1213312251493335
235 : -1.3330720644444227
236 : -1.2450142167508602
237 : -0.9782452108338475
238 : -1.6553843449801207
239 : -0.8126220866106451
240 : -0.7271529722493142
241 : -1.5602377653121948
242 : -0.8473006747663021
243 : -1.0243006441742182
244 : -1.4172061290591955
245 : -1.466198742389679
246 : -1.1480383616872132
247 : -0.9402990033850074
248 : -0.9198732604272664
249 : -1.9735412672162056
250 : -1.407429439947009
251 : -1.5281689828261733
252 : -2.557935140095651
253 : -1.392216429580003
254 : -0.8328428179956973
255 : -1.6804108684882522
256 : -3.193105802871287
!!! updated
257 : -0.5545696830376983
258 : -1.4065885934978724
259 : -0.9268055912107229
260 : -0.9365187920629978
261 : -0.6871574390679598
262 : -0.9652683227322996
263 : -1.4215307235717773
264 : -0.9590178024955094
265 : -1.1813804563134909
266 : -1.2514762245118618
267 : -0.8298442387022078
268 : -1.16354791354388
Setting up 2 worker threads for Enlighten.
  Thread -> id: 7fd3a2daf700 -> priority: 1 
  Thread -> id: 7fd3a25ae700 -> priority: 1 
Traceback (most recent call last):
  File "main.py", line 123, in <module>
    returns = [episode(env, agent, i) for i in range(training_episodes)]
  File "main.py", line 123, in <listcomp>
    returns = [episode(env, agent, i) for i in range(training_episodes)]
  File "main.py", line 30, in episode
    next_state, reward, done, _ = env.step(action.numpy()[0])
  File "/home/j/jensenj/.local/lib/python3.6/site-packages/gym_unity/envs/__init__.py", line 177, in step
    self._env.step()
  File "/home/j/jensenj/.local/lib/python3.6/site-packages/mlagents_envs/timers.py", line 305, in wrapped
    return func(*args, **kwargs)
  File "/home/j/jensenj/.local/lib/python3.6/site-packages/mlagents_envs/environment.py", line 319, in step
    self._update_state(rl_output)
  File "/home/j/jensenj/.local/lib/python3.6/site-packages/mlagents_envs/environment.py", line 275, in _update_state
    agent_info_list, self._env_specs[brain_name]
  File "/home/j/jensenj/.local/lib/python3.6/site-packages/mlagents_envs/timers.py", line 305, in wrapped
    return func(*args, **kwargs)
  File "/home/j/jensenj/.local/lib/python3.6/site-packages/mlagents_envs/rpc_utils.py", line 188, in steps_from_proto
    obs_index, obs_shape, decision_agent_info_list
  File "/home/j/jensenj/.local/lib/python3.6/site-packages/mlagents_envs/timers.py", line 305, in wrapped
    return func(*args, **kwargs)
  File "/home/j/jensenj/.local/lib/python3.6/site-packages/mlagents_envs/rpc_utils.py", line 152, in _process_vector_observation
    _raise_on_nan_and_inf(np_obs, "observations")
  File "/home/j/jensenj/.local/lib/python3.6/site-packages/mlagents_envs/rpc_utils.py", line 130, in _raise_on_nan_and_inf
    raise RuntimeError(f"The {source} provided had NaN values.")
RuntimeError: The observations provided had NaN values.
2020-06-25 12:08:08 INFO [environment.py:418] Environment shut down with return code 0.
