slurmstepd-loisach: error: Unable to create TMPDIR [/tmp/user/30108]: Permission denied
slurmstepd-loisach: error: Setting TMPDIR to /tmp
Found path: /home/j/jensenj/PycharmProjects/Federer-Jr./src/../crawler_single/linux/dynamic_server/crawler_dynamic.x86_64
Mono path[0] = '/home/j/jensenj/PycharmProjects/Federer-Jr./src/../crawler_single/linux/dynamic_server/crawler_dynamic_Data/Managed'
Mono config path = '/home/j/jensenj/PycharmProjects/Federer-Jr./src/../crawler_single/linux/dynamic_server/crawler_dynamic_Data/MonoBleedingEdge/etc'
Preloaded 'lib_burst_generated.so'
Preloaded 'libgrpc_csharp_ext.x64.so'
Initialize engine version: 2019.3.15f1 (59ff3e03856d)
[Subsystems] Discovering subsystems at path /home/j/jensenj/PycharmProjects/Federer-Jr./src/../crawler_single/linux/dynamic_server/crawler_dynamic_Data/UnitySubsystems
Forcing GfxDevice: Null
GfxDevice: creating device client; threaded=0
NullGfxDevice:
    Version:  NULL 1.0 [1.0]
    Renderer: Null Device
    Vendor:   Unity Technologies
Begin MonoManager ReloadAssembly
- Completed reload, in  0.100 seconds
WARNING: Shader Unsupported: 'Autodesk Interactive' - All passes removed
WARNING: Shader Did you use #pragma only_renderers and omit this platform?
UnloadTime: 0.434470 ms
Fallback handler could not load library /home/j/jensenj/PycharmProjects/Federer-Jr./src/../crawler_single/linux/dynamic_server/crawler_dynamic_Data/Mono/libcoreclr.so
Fallback handler could not load library /home/j/jensenj/PycharmProjects/Federer-Jr./src/../crawler_single/linux/dynamic_server/crawler_dynamic_Data/Mono/libcoreclr.so
Fallback handler could not load library /home/j/jensenj/PycharmProjects/Federer-Jr./src/../crawler_single/linux/dynamic_server/crawler_dynamic_Data/Mono/libcoreclr.so
Fallback handler could not load library /home/j/jensenj/PycharmProjects/Federer-Jr./src/../crawler_single/linux/dynamic_server/crawler_dynamic_Data/Mono/libSystem.dylib
Fallback handler could not load library /home/j/jensenj/PycharmProjects/Federer-Jr./src/../crawler_single/linux/dynamic_server/crawler_dynamic_Data/Mono/libSystem.dylib.so
Fallback handler could not load library /home/j/jensenj/PycharmProjects/Federer-Jr./src/../crawler_single/linux/dynamic_server/crawler_dynamic_Data/Mono/libSystem.dylib
Fallback handler could not load library /home/j/jensenj/PycharmProjects/Federer-Jr./src/../crawler_single/linux/dynamic_server/crawler_dynamic_Data/Mono/libcoreclr.so
Fallback handler could not load library /home/j/jensenj/PycharmProjects/Federer-Jr./src/../crawler_single/linux/dynamic_server/crawler_dynamic_Data/Mono/libcoreclr.so
Fallback handler could not load library /home/j/jensenj/PycharmProjects/Federer-Jr./src/../crawler_single/linux/dynamic_server/crawler_dynamic_Data/Mono/libcoreclr.so
Fallback handler could not load library /home/j/jensenj/PycharmProjects/Federer-Jr./src/../crawler_single/linux/dynamic_server/crawler_dynamic_Data/Mono/libSystem.dylib
Fallback handler could not load library /home/j/jensenj/PycharmProjects/Federer-Jr./src/../crawler_single/linux/dynamic_server/crawler_dynamic_Data/Mono/libSystem.dylib.so
Fallback handler could not load library /home/j/jensenj/PycharmProjects/Federer-Jr./src/../crawler_single/linux/dynamic_server/crawler_dynamic_Data/Mono/libSystem.dylib
/home/j/jensenj/.local/lib/python3.6/site-packages/tensorboard/compat/tensorflow_stub/dtypes.py:541: FutureWarning: Passing (type, 1) or '1type' as a synonym of type is deprecated; in a future version of numpy, it will be understood as (type, (1,)) / '(1,)type'.
  _np_qint8 = np.dtype([("qint8", np.int8, 1)])
/home/j/jensenj/.local/lib/python3.6/site-packages/tensorboard/compat/tensorflow_stub/dtypes.py:542: FutureWarning: Passing (type, 1) or '1type' as a synonym of type is deprecated; in a future version of numpy, it will be understood as (type, (1,)) / '(1,)type'.
  _np_quint8 = np.dtype([("quint8", np.uint8, 1)])
/home/j/jensenj/.local/lib/python3.6/site-packages/tensorboard/compat/tensorflow_stub/dtypes.py:543: FutureWarning: Passing (type, 1) or '1type' as a synonym of type is deprecated; in a future version of numpy, it will be understood as (type, (1,)) / '(1,)type'.
  _np_qint16 = np.dtype([("qint16", np.int16, 1)])
/home/j/jensenj/.local/lib/python3.6/site-packages/tensorboard/compat/tensorflow_stub/dtypes.py:544: FutureWarning: Passing (type, 1) or '1type' as a synonym of type is deprecated; in a future version of numpy, it will be understood as (type, (1,)) / '(1,)type'.
  _np_quint16 = np.dtype([("quint16", np.uint16, 1)])
/home/j/jensenj/.local/lib/python3.6/site-packages/tensorboard/compat/tensorflow_stub/dtypes.py:545: FutureWarning: Passing (type, 1) or '1type' as a synonym of type is deprecated; in a future version of numpy, it will be understood as (type, (1,)) / '(1,)type'.
  _np_qint32 = np.dtype([("qint32", np.int32, 1)])
/home/j/jensenj/.local/lib/python3.6/site-packages/tensorboard/compat/tensorflow_stub/dtypes.py:550: FutureWarning: Passing (type, 1) or '1type' as a synonym of type is deprecated; in a future version of numpy, it will be understood as (type, (1,)) / '(1,)type'.
  np_resource = np.dtype([("resource", np.ubyte, 1)])
2020-06-25 12:33:21 INFO [environment.py:108] Connected to Unity environment with package version 1.0.2 and communication version 1.0.0
2020-06-25 12:33:21 INFO [environment.py:265] Connected new brain:
CrawlerDynamic?team=0
2020-06-25 12:33:21 WARNING [__init__.py:92] The environment contains multiple observations. You must define allow_multiple_obs=True to receive them all. Otherwise, only the first visual observation (or vector observation ifthere are no visual observations) will be provided in the observation.
/home/j/jensenj/.local/lib/python3.6/site-packages/gym/logger.py:30: UserWarning: [33mWARN: Box bound precision lowered by casting to float32[0m
  warnings.warn(colorize('%s: %s'%('WARN', msg % args), 'yellow'))
update_time_steps: 10240 , ppo_epochs: 8 , beta:  0.001 , gamma 0.9
0 : -1.5121871803421527
1 : -2.7960909665562212
2 : -1.3693482209928334
3 : 0.19302285183221102
4 : -1.2412905097007751
5 : -0.6355534428730607
6 : -0.8649521125480533
7 : -1.425020407885313
8 : -1.2991423343773931
9 : -2.069744656793773
10 : 0.5632782713510096
11 : -4.005197772756219
12 : -3.642093224916607
13 : -0.562147626769729
14 : -1.4302442986518145
15 : -1.480372074060142
16 : -1.1620647255331278
17 : -1.8705758908763528
18 : 0.17029442358762026
19 : 1.795765148010105
20 : -4.724678419530392
21 : -1.3771258406341076
22 : -2.714098280062899
23 : -0.5735763981938362
24 : -3.1440213955938816
25 : -1.1425965996459126
26 : 1.7503041392192245
27 : -1.6224359273910522
28 : -2.5313293007202446
29 : -1.8266763929277658
30 : -1.495427517220378
31 : -1.8298014216125011
32 : -0.11708783637732267
33 : -1.3194255456328392
34 : -1.5879528014920652
35 : 1.9809347055852413
36 : -1.8243122398853302
37 : -0.9204504233784974
38 : -0.12278145970776677
39 : -0.993721011094749
40 : -2.5720912516117096
41 : -1.3331405958160758
42 : -1.5691176266409457
43 : -1.8639440387487411
44 : -0.9397839424200356
45 : -0.43963177129626274
46 : -5.132461991161108
47 : -2.223865069448948
48 : -1.244206391274929
49 : -1.0362205356359482
50 : -1.0281485710293055
51 : -1.3848975440487266
52 : 0.6995335707906634
53 : 2.7205334175378084
54 : -1.5193376345559955
55 : -0.8495305990800261
56 : 4.570625481195748
57 : -1.3255236372351646
58 : -0.6853162818588316
59 : -1.354463441297412
60 : -3.5611386820673943
61 : -1.9038199242204428
62 : -1.1099554970860481
63 : -0.9862031387165189
64 : 0.27868387033231556
65 : -2.3525784388184547
66 : -0.9742493839003146
67 : -0.7093345085158944
68 : -0.7490291390568018
69 : -1.9437220739200711
70 : -0.9162286948412657
71 : -4.03275024658069
72 : -0.023825502954423428
73 : -1.2927971109747887
74 : -3.287098428234458
75 : -1.1150663765147328
76 : -2.106927065178752
77 : -1.178715720307082
78 : -0.12616844940930605
79 : -1.7985985232517123
80 : -1.2604203538503498
81 : -8.020712301135063
82 : -1.5109113904181868
83 : -1.029791158682201
84 : -0.9887538445182145
85 : -1.3634582310914993
86 : -1.0738677810877562
87 : -1.6157997772097588
88 : -1.8815745562314987
89 : -1.312514950055629
90 : -4.505154080223292
91 : -1.5515498165041208
92 : -0.666607060469687
93 : 0.8106709457933903
94 : -0.8944279076531529
95 : -0.9174718949943781
96 : -3.2696799375116825
97 : -1.4796009249985218
98 : -4.125685799866915
99 : 1.4937333394773304
100 : -1.965026542544365
101 : -3.307858149986714
102 : -2.0080920464824885
103 : -2.147281106095761
104 : -1.7090128026902676
105 : -1.6120741283521056
106 : -1.247432769741863
107 : 1.6423406470566988
108 : -0.23766468279063702
109 : -1.1272737411782146
110 : 1.0316794272512197
111 : -1.6486442973837256
112 : -0.6630689054727554
113 : -1.127103942912072
114 : -0.6031894832849503
115 : -1.5743438312783837
116 : -1.3634533667936921
117 : -0.4268850879743695
118 : -0.1477681677788496
119 : -2.3307011425495148
120 : -1.4014419401064515
121 : -1.372330142185092
122 : -0.39129821211099625
123 : 3.276327914558351
124 : -0.7258759969845414
125 : -6.41635673167184
126 : -1.7159210992977023
127 : -5.4749921495094895
128 : -1.5151503579691052
129 : -1.5453073382377625
130 : -1.8543188199400902
131 : -1.3559053731150925
132 : -0.06457257643342018
133 : -0.29528637835755944
134 : -2.617402502335608
135 : -1.672375276684761
136 : -0.7999814336653799
137 : -1.9131891066208482
138 : -1.1058189971372485
139 : -1.2758687282912433
140 : -0.22321010613813996
141 : -0.9598588095977902
142 : 2.227507323026657
143 : -1.7516949279233813
144 : 0.5798499491065741
145 : -1.2299373575951904
146 : -1.4218592122197151
147 : -3.4804333355277777
148 : -1.7901463629677892
149 : -0.4061601422727108
150 : -2.9198882654309273
151 : -0.31921355053782463
152 : -0.9758360176347196
153 : -0.7059561004862189
154 : 0.08695677248761058
155 : -0.8390553258359432
156 : -1.0101904766634107
157 : -2.1679995507001877
158 : -2.3352343696169555
159 : 0.7700079072965309
160 : -1.197812641505152
161 : -2.0969413686543703
162 : -1.1073776753619313
163 : -1.940635738428682
164 : 3.7040795302018523
165 : -1.3565672158729285
166 : -1.0965714228805155
167 : -1.469648045487702
168 : -1.8301333598792553
169 : -2.367824098095298
170 : -2.729355930816382
171 : -1.8122903928160667
172 : -2.7991082342341542
173 : -2.2489583007991314
174 : -3.515489649027586
175 : -2.3547461926937103
176 : -1.4412318039685488
177 : -0.8429984850808978
178 : 4.8103232234716415
179 : -0.4245137022808194
180 : -0.9195874123834074
181 : -1.5824117064476013
182 : -1.2763303364627063
183 : -3.854571546660736
184 : -1.3261348358355463
185 : -4.154638489708304
186 : -1.685800462961197
187 : 2.7974647944793105
188 : -1.232207780238241
189 : 0.9410296934656799
190 : -1.5130409449338913
191 : 1.182611680123955
192 : -0.6872116588056087
193 : -0.07384281372651458
194 : -1.112991918809712
195 : -1.2921307776123285
196 : -1.5344432331621647
197 : -0.5377971613779664
198 : -0.6629130560904741
199 : -1.2210191027261317
200 : -1.0590901500545442
201 : -1.4314270471222699
202 : -1.747892962768674
203 : -1.9952004104852676
204 : -1.0583173735067248
205 : -0.36158253625035286
206 : -1.948292126879096
207 : 2.103082014247775
208 : -1.0628031264059246
209 : -1.5767402350902557
210 : -1.4767238246276975
211 : -2.025352329015732
212 : -2.6543090334162116
213 : -1.283059754408896
214 : -0.9048196645453572
215 : 1.6313130436465144
216 : -1.0472459555603564
217 : -1.4850657852366567
218 : -1.0088618150912225
219 : -1.9643056616187096
220 : -0.8387454934418201
221 : -1.536329392110929
222 : -4.168179643340409
223 : -3.8674262366839685
224 : -1.743456743657589
225 : 0.4275798643939197
226 : -1.6815177984535694
227 : -4.778654979309067
228 : -1.6208544801920652
229 : -1.5496890349313617
230 : -1.7185900546610355
231 : -3.0561660062521696
232 : -0.9907647147774696
233 : -5.13481183629483
234 : -2.2076868042349815
235 : -0.5712382989004254
236 : -0.9533889712765813
237 : -1.797150852624327
238 : -1.415041459724307
239 : -1.5549699915573
240 : -1.6645117048174143
241 : -1.1056384162511677
242 : -0.8891165126115084
243 : -1.1026619961485267
244 : -0.7996113183908165
245 : -5.336965297348797
246 : -1.136853437870741
247 : -1.0846123024821281
248 : -1.715395756997168
249 : -12.570732416876126
250 : -2.0839769816957414
251 : -2.5495686307549477
252 : -1.291024879552424
253 : -1.7883300613611937
254 : -1.3353483248502016
255 : -1.0038247588090599
256 : 1.1348341926932335
257 : -1.9053506767377257
258 : -1.1242209132760763
259 : -1.1158960899338126
260 : 0.5867706453427672
261 : -1.6103003211319447
262 : -1.1041328660212457
263 : -1.3493679370731115
264 : -1.4938088618218899
265 : -2.2650849521160126
266 : -1.5778031516820192
267 : -0.28838167898356915
268 : -1.7413531793281436
269 : -1.2183136644307524
270 : -1.0997092658653855
271 : -2.1397243412211537
272 : -0.31891423859633505
273 : -1.3578911130316556
274 : -1.9195421105250716
275 : -1.8056062646210194
276 : -2.15246719121933
277 : -1.639293372631073
278 : 4.338261072523892
279 : -1.0445097647607327
280 : -1.3861024295911193
281 : -1.3743705758824944
282 : -0.370735552161932
283 : -0.6252612434327602
284 : -1.3127847225405276
285 : -1.1174811999080703
286 : -1.8504525274038315
287 : -1.0842736437916756
288 : -1.2894300036132336
289 : -2.4463339033536613
290 : -1.391074203653261
291 : -1.2663306528702378
292 : -0.997705957852304
293 : -1.367466519586742
294 : -1.264305418357253
295 : -0.9506735517643392
296 : -2.19918967038393
297 : -1.2127951504662633
298 : -1.4748969934880733
299 : -1.580983828753233
300 : -5.3947466355748475
301 : -1.9147254414856434
302 : -1.794553019106388
303 : -0.048879122361540794
304 : -0.9635023977607489
305 : 1.4447284722700715
306 : -1.5337986377999187
307 : -0.5632892528083175
308 : -2.5611613374203444
309 : -1.1219227174296975
310 : -1.1064643571153283
311 : -0.9459846150130033
312 : -1.412071936763823
313 : -0.9799451436847448
314 : -0.3991452306509018
315 : -0.7481214902363718
316 : -1.4992762692272663
317 : -2.0867349598556757
318 : -1.604710228741169
319 : -1.406691387295723
320 : -1.752968916669488
321 : -0.6131795537658036
322 : -1.8425430692732334
323 : -1.4583376795053482
324 : -3.072608172893524
325 : -2.2300256732851267
326 : -1.321626454591751
327 : -1.5467006638646126
328 : 3.3142409124411643
329 : -0.7627931069582701
330 : -1.8221098445355892
331 : -1.4549645595252514
332 : 0.05632501048967242
333 : -5.7632895689457655
334 : -4.663040849380195
335 : -3.0298545425757766
336 : -1.1288225846365094
337 : -6.793521458283067
338 : -2.0417241733521223
339 : -1.5735560040920973
340 : -1.828238002024591
341 : -0.9386728964745998
342 : -1.0312874838709831
343 : -5.312870210036635
344 : -1.953832097351551
345 : -3.3743764320388436
346 : -1.1808062517084181
347 : -1.3227996677160263
348 : -2.220144897699356
349 : -1.305872923694551
350 : -1.2254395433701575
351 : -1.1547795138321817
352 : -3.6658504782244563
353 : -1.3092892356216908
354 : -1.213015543995425
355 : -2.004607941955328
356 : -2.5539962956681848
357 : -1.486781912855804
358 : -1.40105472644791
359 : -0.995726122520864
360 : -1.125750423874706
361 : -0.9190621823072433
362 : 1.208751265425235
363 : 2.702392235863954
364 : -1.8577004075050354
365 : -1.8828284763731062
366 : -0.8192234458401799
367 : -4.600379250943661
368 : 0.5669865789823234
369 : -2.1968646274181083
370 : -0.9890574924647808
371 : -1.09900217410177
372 : -1.5307339588180184
373 : -1.170196901075542
374 : -1.869352403562516
375 : -5.87972455099225
376 : 4.326916579157114
377 : -3.496894519776106
378 : -3.572966809384525
379 : -2.966788128018379
380 : -0.585627201013267
381 : -1.060118570458144
382 : -1.8465294037014246
383 : -5.54696518369019
384 : -1.5200445596128702
385 : -2.744404174387455
386 : -2.2724597721826285
387 : -1.4498103968799114
388 : -1.5999580044299364
389 : -1.2308743877802044
390 : 0.1069093830883503
391 : -0.8367755305953324
392 : -0.8566064145416021
393 : -2.5524428794160485
394 : -2.2282780706882477
395 : -2.5639398396015167
396 : -1.2657654106151313
397 : -1.3162232171744108
398 : -1.3540403777733445
399 : -0.6396999033167958
400 : -1.8515979442745447
401 : -1.0534277250990272
402 : -1.5522122374968603
403 : -1.5490729920566082
404 : -1.5982366986572742
405 : -1.854928620159626
406 : -6.224845609627664
407 : -0.46380537608638406
408 : -4.657380305696279
409 : -1.3673169985413551
410 : 7.250116937793791
411 : 0.26824246626347303
412 : -2.291122753173113
413 : -0.36323803570121527
414 : -1.2609677403233945
415 : -0.959316348657012
416 : -0.8486723285168409
417 : -1.7336593084037304
418 : -1.1325136832892895
419 : -1.504162156721577
420 : -1.459410559386015
421 : -1.3050575600937009
422 : 0.39171342737972736
423 : -1.5384612595662475
424 : -1.583852025680244
425 : -1.0019396480638534
426 : -2.444596057292074
427 : -3.4557565711438656
428 : -6.997263823170215
429 : -2.104126574471593
430 : -0.5961836031638086
431 : -1.5820730067789555
432 : -1.3987400429323316
433 : -1.1155608110129833
434 : -1.368878991343081
435 : -1.6533068250864744
436 : -1.414552142843604
437 : -2.142120534554124
438 : -1.4900131048634648
439 : -1.3345584701746702
440 : -0.6711502384860069
441 : -1.2409464595839381
442 : -1.0176129471510649
443 : -0.9970083264634013
444 : -2.1867347843945026
445 : -3.8646720205433667
446 : -1.3214194141328335
447 : -1.6949771959334612
448 : -2.4492483844514936
449 : -1.451661329716444
450 : -1.534800682682544
451 : -0.8839309245813638
452 : 3.073629643768072
453 : -1.5512424148619175
454 : -1.175126996356994
455 : -1.051598059013486
456 : 1.4838868845254183
457 : -4.713315241737291
458 : -0.8879385450854897
459 : 0.8960653324611485
460 : -5.793647214770317
461 : -1.3791482141241431
462 : -1.7979055028408766
463 : -1.332372959703207
464 : -1.057230327744037
465 : -1.825982540845871
466 : -1.0955376336351037
467 : -1.691317810676992
468 : -0.042556730564683676
469 : -2.6445986833423376
470 : -5.88282657507807
471 : -1.6235791482031345
472 : -0.7863964638672769
473 : -0.20613617729395628
474 : -1.9244356118142605
475 : -0.43222844833508134
476 : -0.7879165709018707
477 : -1.3660519775003195
478 : -1.7844978477805853
479 : 1.6532863690517843
480 : -1.3384267266374081
481 : 1.1923593170940876
482 : 2.9557860172353685
483 : -0.9984758123755455
484 : -0.13439170643687248
485 : -2.971824863925576
486 : -1.4476939253509045
487 : -1.1202630707994103
488 : 0.2887170687317848
489 : -1.1728741093538702
490 : -1.74939120747149
491 : 0.08439387008547783
492 : 1.4238085316028446
493 : -1.5957437008619308
494 : -1.0899608642794192
495 : -1.5262160524725914
496 : -1.5289416834712029
497 : -3.8405020479112864
498 : -1.4375386713072658
499 : -1.072367925196886
500 : -1.1035714456811547
501 : -1.142159717157483
502 : -2.0265574608929455
503 : -1.1090221926569939
504 : -2.2968898923136294
505 : -1.9448063671588898
506 : -4.415355157107115
507 : -1.8142458787187934
508 : -1.5155033031478524
509 : -3.731278848834336
510 : -1.6240882594138384
511 : -1.3027981771156192
512 : -1.5098147243261337
513 : -1.088279826566577
514 : -1.0558109115809202
515 : -1.5227870484814048
516 : -0.5897040409035981
517 : 0.08124136924743652
518 : -1.1458741705864668
519 : -0.7494104872457683
520 : -1.07607298810035
521 : -0.9638961711898446
522 : -1.0919504188932478
523 : -1.3415969698689878
524 : -1.3835046850144863
525 : -0.7718824623152614
526 : 0.35947579238563776
527 : -0.4183174504432827
528 : -0.17669203830882907
529 : 2.2467130459845066
530 : -2.076853159815073
531 : -2.460862529464066
532 : 0.717087903060019
533 : 0.12301751784980297
534 : -1.2101991157978773
535 : -1.0043674954213202
536 : -1.2263328116387129
537 : -1.2705683363601565
538 : -0.3093135580420494
539 : -1.2320999316871166
540 : -0.7357424627989531
541 : -1.6142921219579875
542 : -0.47399724274873734
543 : 2.2723175096325576
544 : -1.0437946049496531
545 : -0.8616970032453537
546 : -1.8673383761197329
547 : -1.417842835187912
548 : -1.185447447001934
549 : -1.526184756308794
550 : -1.4731603702530265
551 : -0.8757213847711682
552 : -1.3036391697824001
553 : -6.837244492024183
554 : -1.1707901740446687
555 : -1.6128186364658177
556 : -6.552527196705341
557 : -1.487570574041456
558 : -1.0780652137473226
559 : -1.5596062326803803
560 : -1.426963591016829
561 : -1.4757232759147882
562 : -0.7056203982792795
563 : -1.9135733570437878
564 : -0.8252142816781998
565 : -1.055363993626088
566 : -1.429229942150414
567 : -1.0951552912592888
568 : -1.1653119008988142
569 : -0.8656383724883199
570 : -0.8631159556098282
571 : -1.3511050781235099
572 : -2.1697416491806507
573 : -1.244589850655757
574 : -1.1620602337643504
575 : -1.880942888557911
576 : -1.4035706678405404
577 : -1.0252821277827024
578 : -1.7164523750543594
579 : -0.2847449593245983
580 : -0.994739631190896
581 : -0.26619286835193634
582 : -2.434210138162598
583 : -1.2282405169680715
584 : 1.6889375234022737
585 : -1.9089961238205433
586 : -1.3204019460827112
587 : -1.2927821087650955
588 : -1.347313011996448
589 : -0.7915023230016232
590 : -1.1959989084862173
591 : -0.9368898337706923
592 : -1.1321803899481893
593 : -1.346594838425517
594 : -1.6037923507392406
595 : -1.2529371043201536
596 : -1.318099564872682
597 : -1.3649121578782797
598 : -1.2096254471689463
!!! updated
Setting up 2 worker threads for Enlighten.
  Thread -> id: 7f42c2bae700 -> priority: 1 
  Thread -> id: 7f42c23ad700 -> priority: 1 
Traceback (most recent call last):
  File "main.py", line 123, in <module>
    returns = [episode(env, agent, i) for i in range(training_episodes)]
  File "main.py", line 123, in <listcomp>
    returns = [episode(env, agent, i) for i in range(training_episodes)]
  File "main.py", line 30, in episode
    next_state, reward, done, _ = env.step(action.numpy()[0])
  File "/home/j/jensenj/.local/lib/python3.6/site-packages/gym_unity/envs/__init__.py", line 177, in step
    self._env.step()
  File "/home/j/jensenj/.local/lib/python3.6/site-packages/mlagents_envs/timers.py", line 305, in wrapped
    return func(*args, **kwargs)
  File "/home/j/jensenj/.local/lib/python3.6/site-packages/mlagents_envs/environment.py", line 319, in step
    self._update_state(rl_output)
  File "/home/j/jensenj/.local/lib/python3.6/site-packages/mlagents_envs/environment.py", line 275, in _update_state
    agent_info_list, self._env_specs[brain_name]
  File "/home/j/jensenj/.local/lib/python3.6/site-packages/mlagents_envs/timers.py", line 305, in wrapped
    return func(*args, **kwargs)
  File "/home/j/jensenj/.local/lib/python3.6/site-packages/mlagents_envs/rpc_utils.py", line 188, in steps_from_proto
    obs_index, obs_shape, decision_agent_info_list
  File "/home/j/jensenj/.local/lib/python3.6/site-packages/mlagents_envs/timers.py", line 305, in wrapped
    return func(*args, **kwargs)
  File "/home/j/jensenj/.local/lib/python3.6/site-packages/mlagents_envs/rpc_utils.py", line 152, in _process_vector_observation
    _raise_on_nan_and_inf(np_obs, "observations")
  File "/home/j/jensenj/.local/lib/python3.6/site-packages/mlagents_envs/rpc_utils.py", line 132, in _raise_on_nan_and_inf
    raise RuntimeError(f"The {source} provided had Infinite values.")
RuntimeError: The observations provided had Infinite values.
2020-06-25 12:45:51 INFO [environment.py:418] Environment shut down with return code 0.
