slurmstepd-feueropal: error: Unable to create TMPDIR [/tmp/user/30108]: Permission denied
slurmstepd-feueropal: error: Setting TMPDIR to /tmp
Found path: /home/j/jensenj/PycharmProjects/Federer-Jr./src/../crawler_single/linux/dynamic_server/crawler_dynamic.x86_64
Mono path[0] = '/home/j/jensenj/PycharmProjects/Federer-Jr./src/../crawler_single/linux/dynamic_server/crawler_dynamic_Data/Managed'
Mono config path = '/home/j/jensenj/PycharmProjects/Federer-Jr./src/../crawler_single/linux/dynamic_server/crawler_dynamic_Data/MonoBleedingEdge/etc'
Preloaded 'lib_burst_generated.so'
Preloaded 'libgrpc_csharp_ext.x64.so'
Initialize engine version: 2019.3.15f1 (59ff3e03856d)
[Subsystems] Discovering subsystems at path /home/j/jensenj/PycharmProjects/Federer-Jr./src/../crawler_single/linux/dynamic_server/crawler_dynamic_Data/UnitySubsystems
Forcing GfxDevice: Null
GfxDevice: creating device client; threaded=0
NullGfxDevice:
    Version:  NULL 1.0 [1.0]
    Renderer: Null Device
    Vendor:   Unity Technologies
Begin MonoManager ReloadAssembly
- Completed reload, in  0.085 seconds
WARNING: Shader Unsupported: 'Autodesk Interactive' - All passes removed
WARNING: Shader Did you use #pragma only_renderers and omit this platform?
UnloadTime: 0.367682 ms
Fallback handler could not load library /home/j/jensenj/PycharmProjects/Federer-Jr./src/../crawler_single/linux/dynamic_server/crawler_dynamic_Data/Mono/libcoreclr.so
Fallback handler could not load library /home/j/jensenj/PycharmProjects/Federer-Jr./src/../crawler_single/linux/dynamic_server/crawler_dynamic_Data/Mono/libcoreclr.so
Fallback handler could not load library /home/j/jensenj/PycharmProjects/Federer-Jr./src/../crawler_single/linux/dynamic_server/crawler_dynamic_Data/Mono/libcoreclr.so
Fallback handler could not load library /home/j/jensenj/PycharmProjects/Federer-Jr./src/../crawler_single/linux/dynamic_server/crawler_dynamic_Data/Mono/libSystem.dylib
Fallback handler could not load library /home/j/jensenj/PycharmProjects/Federer-Jr./src/../crawler_single/linux/dynamic_server/crawler_dynamic_Data/Mono/libSystem.dylib.so
Fallback handler could not load library /home/j/jensenj/PycharmProjects/Federer-Jr./src/../crawler_single/linux/dynamic_server/crawler_dynamic_Data/Mono/libSystem.dylib
Fallback handler could not load library /home/j/jensenj/PycharmProjects/Federer-Jr./src/../crawler_single/linux/dynamic_server/crawler_dynamic_Data/Mono/libcoreclr.so
Fallback handler could not load library /home/j/jensenj/PycharmProjects/Federer-Jr./src/../crawler_single/linux/dynamic_server/crawler_dynamic_Data/Mono/libcoreclr.so
Fallback handler could not load library /home/j/jensenj/PycharmProjects/Federer-Jr./src/../crawler_single/linux/dynamic_server/crawler_dynamic_Data/Mono/libcoreclr.so
Fallback handler could not load library /home/j/jensenj/PycharmProjects/Federer-Jr./src/../crawler_single/linux/dynamic_server/crawler_dynamic_Data/Mono/libSystem.dylib
Fallback handler could not load library /home/j/jensenj/PycharmProjects/Federer-Jr./src/../crawler_single/linux/dynamic_server/crawler_dynamic_Data/Mono/libSystem.dylib.so
Fallback handler could not load library /home/j/jensenj/PycharmProjects/Federer-Jr./src/../crawler_single/linux/dynamic_server/crawler_dynamic_Data/Mono/libSystem.dylib
/home/j/jensenj/.local/lib/python3.6/site-packages/tensorboard/compat/tensorflow_stub/dtypes.py:541: FutureWarning: Passing (type, 1) or '1type' as a synonym of type is deprecated; in a future version of numpy, it will be understood as (type, (1,)) / '(1,)type'.
  _np_qint8 = np.dtype([("qint8", np.int8, 1)])
/home/j/jensenj/.local/lib/python3.6/site-packages/tensorboard/compat/tensorflow_stub/dtypes.py:542: FutureWarning: Passing (type, 1) or '1type' as a synonym of type is deprecated; in a future version of numpy, it will be understood as (type, (1,)) / '(1,)type'.
  _np_quint8 = np.dtype([("quint8", np.uint8, 1)])
/home/j/jensenj/.local/lib/python3.6/site-packages/tensorboard/compat/tensorflow_stub/dtypes.py:543: FutureWarning: Passing (type, 1) or '1type' as a synonym of type is deprecated; in a future version of numpy, it will be understood as (type, (1,)) / '(1,)type'.
  _np_qint16 = np.dtype([("qint16", np.int16, 1)])
/home/j/jensenj/.local/lib/python3.6/site-packages/tensorboard/compat/tensorflow_stub/dtypes.py:544: FutureWarning: Passing (type, 1) or '1type' as a synonym of type is deprecated; in a future version of numpy, it will be understood as (type, (1,)) / '(1,)type'.
  _np_quint16 = np.dtype([("quint16", np.uint16, 1)])
/home/j/jensenj/.local/lib/python3.6/site-packages/tensorboard/compat/tensorflow_stub/dtypes.py:545: FutureWarning: Passing (type, 1) or '1type' as a synonym of type is deprecated; in a future version of numpy, it will be understood as (type, (1,)) / '(1,)type'.
  _np_qint32 = np.dtype([("qint32", np.int32, 1)])
/home/j/jensenj/.local/lib/python3.6/site-packages/tensorboard/compat/tensorflow_stub/dtypes.py:550: FutureWarning: Passing (type, 1) or '1type' as a synonym of type is deprecated; in a future version of numpy, it will be understood as (type, (1,)) / '(1,)type'.
  np_resource = np.dtype([("resource", np.ubyte, 1)])
2020-06-25 11:57:51 INFO [environment.py:108] Connected to Unity environment with package version 1.0.2 and communication version 1.0.0
2020-06-25 11:57:51 INFO [environment.py:265] Connected new brain:
CrawlerDynamic?team=0
2020-06-25 11:57:51 WARNING [__init__.py:92] The environment contains multiple observations. You must define allow_multiple_obs=True to receive them all. Otherwise, only the first visual observation (or vector observation ifthere are no visual observations) will be provided in the observation.
/home/j/jensenj/.local/lib/python3.6/site-packages/gym/logger.py:30: UserWarning: [33mWARN: Box bound precision lowered by casting to float32[0m
  warnings.warn(colorize('%s: %s'%('WARN', msg % args), 'yellow'))
/home/j/jensenj/.local/lib/python3.6/site-packages/numpy/core/_methods.py:160: RuntimeWarning: invalid value encountered in reduce
  ret = umr_sum(arr, axis, dtype, out, keepdims)
update_time_steps: 2048 , ppo_epochs: 4 , beta:  0.001 , gamma 0.99
0 : -1.0208304666448385
1 : -2.298020349815488
2 : -0.5807312056422234
3 : 3.9880706747062504
4 : -0.9645795375108719
5 : 0.3765382133424282
6 : -0.68675328604877
7 : 3.94905262067914
8 : -1.4239598186686635
9 : -1.328644048771821
10 : -0.5238183224573731
11 : -1.5581583743914962
12 : -1.4717121366411448
13 : -3.017969965003431
14 : 1.3021231000311673
15 : -2.6726585176074877
16 : -1.4936581328511238
17 : 3.277653176803142
18 : -1.5142102562822402
19 : -0.5738293863832951
20 : -3.179165359120816
21 : -2.104196608066559
22 : -0.19313483266159892
23 : -0.9738303064368665
24 : -1.856148611754179
25 : -6.849422806873918
26 : -2.1427043061703444
27 : -0.4083841983228922
28 : -1.5789475170895457
29 : -1.611041134223342
30 : 1.7428636346012354
31 : -0.6945520294830203
32 : -2.092257872223854
33 : -1.0732714040204883
34 : -1.1899061454460025
35 : -1.2036121096462011
36 : -1.2206744914874434
37 : -1.126267173094675
38 : -6.720491234213114
39 : -2.4060042276978493
40 : -1.0204487931914628
41 : -0.6719238581135869
42 : 5.516931659542024
43 : 2.150083783082664
44 : -0.35806856490671635
45 : -1.4420917690731585
46 : -1.4449282814748585
47 : 0.1264100125990808
48 : -1.3542061820626259
49 : -0.5657932749018073
50 : -1.1880821026861668
51 : -2.2309302035719156
52 : 3.371406864374876
53 : -0.9058253336697817
54 : -0.7218534406274557
55 : -1.7753874524496496
56 : -1.935591895133257
57 : -1.2796581746079028
58 : -1.893885157071054
59 : -1.2565516894683242
60 : 0.9323220178484917
61 : -0.9862115625292063
62 : -0.6105079959379509
63 : -0.4942392916418612
64 : -2.0076593863777816
65 : 1.2255138489417732
66 : -1.2641372485086322
67 : -3.3656906690448523
68 : -2.0683076605200768
69 : -0.2589910919778049
70 : 6.397494312375784
71 : 0.4779372066259384
72 : -0.7327309232205153
73 : -11.937416922301054
74 : -2.490699030458927
75 : -1.0351042938418686
76 : -1.2275475026108325
77 : -1.14802504517138
78 : -0.20415157452225685
79 : -2.521114008501172
80 : -2.340022194897756
81 : -1.1705110343173146
82 : -1.3854856956750154
83 : -1.4199775597080588
84 : -0.8651969418860972
85 : -1.5710397996008396
86 : -1.173278488451615
87 : -1.1785899857059121
88 : -1.1105931423371658
89 : 2.301356291398406
90 : -0.8825632478110492
91 : 1.4014459778554738
92 : -1.4036720676813275
93 : -1.7459663972258568
94 : 3.9308358766138554
95 : -1.6993043166585267
96 : -0.14101985096931458
97 : -0.7711033634841442
98 : -0.7320897597819567
99 : -1.3624052545055747
100 : -3.9383555483072996
101 : -2.0743433283641934
102 : 6.310609225183725
103 : -1.656054474413395
104 : -0.6131536434404552
105 : -2.2455040141940117
106 : -0.8119560740888119
107 : -2.1643810654059052
!!! updated
Setting up 6 worker threads for Enlighten.
  Thread -> id: 7eff563ad700 -> priority: 1 
  Thread -> id: 7eff55bac700 -> priority: 1 
  Thread -> id: 7eff553ab700 -> priority: 1 
  Thread -> id: 7eff54baa700 -> priority: 1 
  Thread -> id: 7efeebfff700 -> priority: 1 
  Thread -> id: 7efeeb7fe700 -> priority: 1 
Traceback (most recent call last):
  File "main.py", line 123, in <module>
    returns = [episode(env, agent, i) for i in range(training_episodes)]
  File "main.py", line 123, in <listcomp>
    returns = [episode(env, agent, i) for i in range(training_episodes)]
  File "main.py", line 30, in episode
    next_state, reward, done, _ = env.step(action.numpy()[0])
  File "/home/j/jensenj/.local/lib/python3.6/site-packages/gym_unity/envs/__init__.py", line 177, in step
    self._env.step()
  File "/home/j/jensenj/.local/lib/python3.6/site-packages/mlagents_envs/timers.py", line 305, in wrapped
    return func(*args, **kwargs)
  File "/home/j/jensenj/.local/lib/python3.6/site-packages/mlagents_envs/environment.py", line 319, in step
    self._update_state(rl_output)
  File "/home/j/jensenj/.local/lib/python3.6/site-packages/mlagents_envs/environment.py", line 275, in _update_state
    agent_info_list, self._env_specs[brain_name]
  File "/home/j/jensenj/.local/lib/python3.6/site-packages/mlagents_envs/timers.py", line 305, in wrapped
    return func(*args, **kwargs)
  File "/home/j/jensenj/.local/lib/python3.6/site-packages/mlagents_envs/rpc_utils.py", line 188, in steps_from_proto
    obs_index, obs_shape, decision_agent_info_list
  File "/home/j/jensenj/.local/lib/python3.6/site-packages/mlagents_envs/timers.py", line 305, in wrapped
    return func(*args, **kwargs)
  File "/home/j/jensenj/.local/lib/python3.6/site-packages/mlagents_envs/rpc_utils.py", line 152, in _process_vector_observation
    _raise_on_nan_and_inf(np_obs, "observations")
  File "/home/j/jensenj/.local/lib/python3.6/site-packages/mlagents_envs/rpc_utils.py", line 130, in _raise_on_nan_and_inf
    raise RuntimeError(f"The {source} provided had NaN values.")
RuntimeError: The observations provided had NaN values.
2020-06-25 12:00:15 INFO [environment.py:418] Environment shut down with return code 0.
