slurmstepd-frommbach: error: Unable to create TMPDIR [/tmp/user/30108]: Permission denied
slurmstepd-frommbach: error: Setting TMPDIR to /tmp
Found path: /home/j/jensenj/PycharmProjects/Federer-Jr./src/../crawler_single/linux/dynamic_server/crawler_dynamic.x86_64
Mono path[0] = '/home/j/jensenj/PycharmProjects/Federer-Jr./src/../crawler_single/linux/dynamic_server/crawler_dynamic_Data/Managed'
Mono config path = '/home/j/jensenj/PycharmProjects/Federer-Jr./src/../crawler_single/linux/dynamic_server/crawler_dynamic_Data/MonoBleedingEdge/etc'
Preloaded 'lib_burst_generated.so'
Preloaded 'libgrpc_csharp_ext.x64.so'
Initialize engine version: 2019.3.15f1 (59ff3e03856d)
[Subsystems] Discovering subsystems at path /home/j/jensenj/PycharmProjects/Federer-Jr./src/../crawler_single/linux/dynamic_server/crawler_dynamic_Data/UnitySubsystems
Forcing GfxDevice: Null
GfxDevice: creating device client; threaded=0
NullGfxDevice:
    Version:  NULL 1.0 [1.0]
    Renderer: Null Device
    Vendor:   Unity Technologies
Begin MonoManager ReloadAssembly
- Completed reload, in  0.096 seconds
WARNING: Shader Unsupported: 'Autodesk Interactive' - All passes removed
WARNING: Shader Did you use #pragma only_renderers and omit this platform?
UnloadTime: 0.395090 ms
Fallback handler could not load library /home/j/jensenj/PycharmProjects/Federer-Jr./src/../crawler_single/linux/dynamic_server/crawler_dynamic_Data/Mono/libcoreclr.so
Fallback handler could not load library /home/j/jensenj/PycharmProjects/Federer-Jr./src/../crawler_single/linux/dynamic_server/crawler_dynamic_Data/Mono/libcoreclr.so
Fallback handler could not load library /home/j/jensenj/PycharmProjects/Federer-Jr./src/../crawler_single/linux/dynamic_server/crawler_dynamic_Data/Mono/libcoreclr.so
Fallback handler could not load library /home/j/jensenj/PycharmProjects/Federer-Jr./src/../crawler_single/linux/dynamic_server/crawler_dynamic_Data/Mono/libSystem.dylib
Fallback handler could not load library /home/j/jensenj/PycharmProjects/Federer-Jr./src/../crawler_single/linux/dynamic_server/crawler_dynamic_Data/Mono/libSystem.dylib.so
Fallback handler could not load library /home/j/jensenj/PycharmProjects/Federer-Jr./src/../crawler_single/linux/dynamic_server/crawler_dynamic_Data/Mono/libSystem.dylib
Fallback handler could not load library /home/j/jensenj/PycharmProjects/Federer-Jr./src/../crawler_single/linux/dynamic_server/crawler_dynamic_Data/Mono/libcoreclr.so
Fallback handler could not load library /home/j/jensenj/PycharmProjects/Federer-Jr./src/../crawler_single/linux/dynamic_server/crawler_dynamic_Data/Mono/libcoreclr.so
Fallback handler could not load library /home/j/jensenj/PycharmProjects/Federer-Jr./src/../crawler_single/linux/dynamic_server/crawler_dynamic_Data/Mono/libcoreclr.so
Fallback handler could not load library /home/j/jensenj/PycharmProjects/Federer-Jr./src/../crawler_single/linux/dynamic_server/crawler_dynamic_Data/Mono/libSystem.dylib
Fallback handler could not load library /home/j/jensenj/PycharmProjects/Federer-Jr./src/../crawler_single/linux/dynamic_server/crawler_dynamic_Data/Mono/libSystem.dylib.so
Fallback handler could not load library /home/j/jensenj/PycharmProjects/Federer-Jr./src/../crawler_single/linux/dynamic_server/crawler_dynamic_Data/Mono/libSystem.dylib
/home/j/jensenj/.local/lib/python3.6/site-packages/tensorboard/compat/tensorflow_stub/dtypes.py:541: FutureWarning: Passing (type, 1) or '1type' as a synonym of type is deprecated; in a future version of numpy, it will be understood as (type, (1,)) / '(1,)type'.
  _np_qint8 = np.dtype([("qint8", np.int8, 1)])
/home/j/jensenj/.local/lib/python3.6/site-packages/tensorboard/compat/tensorflow_stub/dtypes.py:542: FutureWarning: Passing (type, 1) or '1type' as a synonym of type is deprecated; in a future version of numpy, it will be understood as (type, (1,)) / '(1,)type'.
  _np_quint8 = np.dtype([("quint8", np.uint8, 1)])
/home/j/jensenj/.local/lib/python3.6/site-packages/tensorboard/compat/tensorflow_stub/dtypes.py:543: FutureWarning: Passing (type, 1) or '1type' as a synonym of type is deprecated; in a future version of numpy, it will be understood as (type, (1,)) / '(1,)type'.
  _np_qint16 = np.dtype([("qint16", np.int16, 1)])
/home/j/jensenj/.local/lib/python3.6/site-packages/tensorboard/compat/tensorflow_stub/dtypes.py:544: FutureWarning: Passing (type, 1) or '1type' as a synonym of type is deprecated; in a future version of numpy, it will be understood as (type, (1,)) / '(1,)type'.
  _np_quint16 = np.dtype([("quint16", np.uint16, 1)])
/home/j/jensenj/.local/lib/python3.6/site-packages/tensorboard/compat/tensorflow_stub/dtypes.py:545: FutureWarning: Passing (type, 1) or '1type' as a synonym of type is deprecated; in a future version of numpy, it will be understood as (type, (1,)) / '(1,)type'.
  _np_qint32 = np.dtype([("qint32", np.int32, 1)])
/home/j/jensenj/.local/lib/python3.6/site-packages/tensorboard/compat/tensorflow_stub/dtypes.py:550: FutureWarning: Passing (type, 1) or '1type' as a synonym of type is deprecated; in a future version of numpy, it will be understood as (type, (1,)) / '(1,)type'.
  np_resource = np.dtype([("resource", np.ubyte, 1)])
2020-06-25 12:20:51 INFO [environment.py:108] Connected to Unity environment with package version 1.0.2 and communication version 1.0.0
2020-06-25 12:20:51 INFO [environment.py:265] Connected new brain:
CrawlerDynamic?team=0
2020-06-25 12:20:51 WARNING [__init__.py:92] The environment contains multiple observations. You must define allow_multiple_obs=True to receive them all. Otherwise, only the first visual observation (or vector observation ifthere are no visual observations) will be provided in the observation.
/home/j/jensenj/.local/lib/python3.6/site-packages/gym/logger.py:30: UserWarning: [33mWARN: Box bound precision lowered by casting to float32[0m
  warnings.warn(colorize('%s: %s'%('WARN', msg % args), 'yellow'))
/home/j/jensenj/.local/lib/python3.6/site-packages/numpy/core/_methods.py:160: RuntimeWarning: invalid value encountered in reduce
  ret = umr_sum(arr, axis, dtype, out, keepdims)
update_time_steps: 8192 , ppo_epochs: 16 , beta:  0.1 , gamma 0.99
0 : -2.1154598351567984
1 : -1.4907052973285317
2 : -0.6863618129864335
3 : -1.683381995651871
4 : -0.3311068909242749
5 : -6.061883294954896
6 : -2.0200193696655333
7 : -1.5488063786178827
8 : -0.4840705746319145
9 : -7.399412252474576
10 : -1.1885424205102026
11 : -3.248459917958826
12 : -1.25655547529459
13 : -1.6460535440128297
14 : -1.4380466733127832
15 : -2.0593222230672836
16 : -0.9987566480413079
17 : -1.279391409829259
18 : -1.3268840273376554
19 : -1.103921003639698
20 : -1.3322730967774987
21 : -1.092830065637827
22 : -1.82284449134022
23 : -2.7244735984131694
24 : -1.1123968120664358
25 : -1.7889320319518447
26 : -0.28661024663597345
27 : -0.932420969940722
28 : -13.016253899782896
29 : 0.6273819780908525
30 : -0.34143983013927937
31 : -2.1887147333472967
32 : -1.3695127752725966
33 : -1.0160664832219481
34 : 0.8264502477832139
35 : -0.5387004497461021
36 : -1.099320964422077
37 : -1.9744619447737932
38 : -2.4969048900529742
39 : -1.934300547465682
40 : 0.16283137910068035
41 : -1.6258321749046445
42 : -1.2357699247077107
43 : -1.0824262704700232
44 : -9.065615844912827
45 : -1.0809676628559828
46 : -1.3674277942627668
47 : -1.1939514335244894
48 : -1.0911719074938446
49 : 2.553001085529104
50 : -4.192850785097107
51 : 0.643262323923409
52 : -1.3689226512797177
53 : -1.3602927615866065
54 : -1.454243827611208
55 : -1.4424519487656653
56 : -0.11121458280831575
57 : -1.2179714608937502
58 : -0.9502491347957402
59 : -0.35911915730684996
60 : -0.7298867586068809
61 : -1.699043096974492
62 : -1.4980356357991695
63 : -0.7540342546999454
64 : -0.544313594698906
65 : 7.612870960729197
66 : -2.367906503379345
67 : 2.9108650335110724
68 : 1.9191189426928759
69 : -0.6378497909754515
70 : -5.721144980750978
71 : -1.3178229350596666
72 : -2.7276912815868855
73 : -1.0212511606514454
74 : -1.279798038303852
75 : -1.859321054071188
76 : 0.6641796790063381
77 : -1.0712348213419318
78 : -2.5499796546064317
79 : -1.9006858235225081
80 : -0.5815422935411334
81 : -0.5446211528033018
82 : -2.465067950543016
83 : 3.45815994287841
84 : 2.2067185533232987
85 : 0.14601656887680292
86 : 17.845649446826428
87 : -1.03660967387259
88 : -1.572461890988052
89 : -16.482459649443626
90 : -4.81952712778002
91 : -1.3555255476385355
92 : -0.5786991436034441
93 : -5.780825270805508
94 : -4.166789568495005
95 : -3.001840348355472
96 : -1.1441617840901017
97 : -1.2648598542436957
98 : -1.0969559885561466
99 : 0.21821665694005787
100 : -1.31957901827991
101 : -2.1183407828211784
102 : -1.4233629796653986
103 : 1.5595214562490582
104 : 0.998230999452062
105 : 0.9415225125849247
106 : -1.6077718660235405
107 : -21.2619453612715
108 : -6.001277285628021
109 : -1.4715592600405216
110 : -0.6724779922515154
111 : -0.7842816477641463
112 : -8.910150401294231
113 : -3.046013541519642
114 : -0.6282753762789071
115 : -2.1745831156149507
116 : -1.169849975965917
117 : -1.6274163983762264
118 : -11.102655402151868
119 : -3.609846523962915
120 : -5.364759450778365
121 : -1.149160341359675
122 : -0.7594023607671261
123 : -1.7565456628799438
124 : -3.132651244290173
125 : -1.2452609143219888
126 : -2.129726589191705
127 : -5.178517770022154
128 : -3.459986101370305
129 : -0.9910896602086723
130 : -1.4936753548681736
131 : -1.2149889941792935
132 : -1.3650332912802696
133 : -1.0453963726758957
134 : -0.5976530476473272
135 : -1.283838800387457
136 : 1.2817891370505095
137 : -4.103188222274184
138 : -1.099010118166916
139 : -1.2581123588606715
140 : -0.9285525865852833
141 : -1.4040825990960002
142 : -3.555342118255794
143 : -2.128577157855034
144 : -0.5083659701049328
145 : -0.9808257459662855
146 : 0.7159126484766603
147 : 1.4137399001047015
148 : -2.1509357132017612
149 : -1.3818259136751294
150 : 0.061645845882594585
151 : 11.071317414753139
152 : -1.7815683255903423
153 : -1.523163365200162
154 : -8.228694752790034
155 : -2.17707960261032
156 : -2.0955481578130275
157 : -3.990585183724761
158 : -1.2605395447462797
159 : -0.6512804515659809
160 : -1.5340960174798965
161 : -0.6627599773928523
162 : -1.2001186481211334
163 : -2.172092694789171
164 : -2.5189896295778453
165 : -1.308768200688064
166 : -2.270809942856431
167 : 0.06580916000530124
168 : -2.4058249294757843
169 : -0.9943553712219
170 : -0.810872592497617
171 : -0.721907252445817
172 : -1.0492491163313389
173 : -1.0163198909722269
174 : -1.0252235974185169
175 : -9.965295459609479
176 : -1.1339921820908785
177 : -1.5727749224752188
178 : 1.9265894955024123
179 : -0.45207234704867005
180 : -0.8192349346354604
181 : -0.6599734695628285
182 : -2.4912460315972567
183 : 0.885320289991796
184 : 1.3234796971082687
185 : -1.4597887229174376
186 : -5.476145387627184
187 : 1.6670808335766196
188 : 0.4388765189796686
189 : 1.2079352408181876
190 : -2.838138297200203
191 : -0.4089019661769271
192 : -0.8920262353494763
193 : -1.0526462206616998
194 : 4.291572565212846
195 : -1.457522944547236
196 : -1.3304585488513112
197 : -1.9975446350872517
198 : -2.060845874249935
199 : 0.22347112046554685
200 : -1.2448000311851501
201 : -2.007798243314028
202 : -3.1915365420281887
203 : -6.407233864127193
204 : -0.4741098443046212
205 : 1.653196282684803
206 : -1.6370955761522055
207 : -4.245188131928444
208 : -5.1237006527371705
209 : -1.0380292376503348
210 : -0.41185587691143155
211 : -0.844207210233435
212 : -1.5344854723662138
213 : -1.9134259303100407
214 : -1.575597527436912
215 : 2.7889170651324093
216 : -1.3114806581288576
217 : -1.092810950241983
218 : -3.129286853596568
219 : -0.7717824140563607
220 : -2.978984046727419
221 : -4.470246007665992
222 : -0.9186992179602385
223 : -1.2900248258374631
224 : 0.39721776614896953
225 : -0.5139609016478062
226 : -0.7585232481360435
227 : -1.8469862444326282
228 : -1.5413393946364522
229 : -1.2582352771423757
230 : -1.2055625887587667
231 : -1.5108660608530045
232 : 0.43733078287914395
233 : -2.126658732071519
234 : -1.0982734728604555
235 : -1.3950190488249063
236 : -2.3039749190211296
237 : -0.6963570425286889
238 : -0.858115941286087
239 : -0.7041125996038318
240 : 4.971885439008474
241 : -4.9535006559453905
242 : -1.809287328273058
243 : -0.9601136865094304
244 : -1.072829158976674
245 : -1.0605175027158111
246 : -1.6077941614203155
247 : -1.6105053313076496
248 : 0.3276679301634431
249 : -0.8319974159821868
250 : -1.4271069467067719
251 : 5.211030709557235
252 : -0.63006964745
253 : -1.2875022059306502
254 : 3.17377873044461
255 : 3.11003067297861
256 : -0.7576539600268006
257 : -1.4032252244651318
258 : -2.681510228663683
259 : -1.1439612051472068
260 : -1.5136598171666265
261 : -1.2337945140898228
262 : -1.3480756096541882
263 : -1.4201193093322217
264 : -1.9481050297617912
265 : -7.871879807207733
266 : -2.496190430596471
267 : 5.55872554925736
268 : -1.317687095142901
269 : -1.305700145661831
270 : -1.1279193279333413
271 : 14.662934567430057
272 : -1.08993667550385
273 : 1.3080746829509735
274 : -0.3933918015100062
275 : -1.6130666807293892
276 : 3.103408496826887
277 : -0.9162202700972557
278 : -0.8517489852383733
279 : -1.252428650856018
280 : -1.6864965027198195
281 : -1.3206529533490539
282 : -1.1632920689880848
283 : -1.6133817126974463
284 : 2.466331820935011
285 : -1.0050781900063157
286 : -0.6949221780523658
287 : -0.8539867391809821
288 : -1.4396673433948308
289 : -1.4990962473675609
290 : -0.9775385407265276
291 : 0.28025965456617996
292 : -1.4009164962917566
293 : -0.9929505444015376
294 : -1.3432660205289721
295 : -0.9760720506310463
296 : -1.2438641684129834
297 : 0.06691364152356982
298 : -1.9228730616159737
299 : -1.6345117283053696
300 : 8.692280911840498
301 : -6.095812588464469
302 : -1.3052555974572897
303 : -0.9387724553234875
304 : -6.6231007017195225
305 : -1.5997681505978107
306 : 2.5158335608430207
307 : 0.5823584727477282
308 : -2.515892713330686
309 : -1.3862415608018637
310 : -0.9258742979727685
311 : -0.8195868255570531
312 : -2.4626693092286587
313 : -1.0722631835378706
314 : -1.6838638968765736
315 : -3.5667064040899277
316 : -1.1759709985926747
317 : -4.248045359738171
318 : -1.7605922506190836
319 : -3.335856208577752
320 : 1.2493338587228209
321 : -3.7978450004011393
322 : -1.6200687224045396
323 : -1.1216415986418724
324 : -1.6959723755717278
325 : -2.791624713689089
326 : -2.43843064783141
327 : -2.8380205668509007
328 : -1.3803351512178779
329 : -1.2241388787515461
330 : -1.4979313155636191
331 : -0.5836610151454806
332 : -0.46287566097453237
333 : -1.064165834337473
334 : -1.0726095107384026
335 : -1.5448707789182663
336 : -0.9035250241868198
337 : -0.9827193301171064
338 : -1.12830057926476
339 : -1.6779911052435637
340 : -0.8691026279702783
341 : -1.5051055445801467
342 : -5.821745186578482
343 : -1.5894234851002693
344 : -0.8306692955084145
345 : 0.7914357297122478
346 : -3.864833283703774
347 : -3.530130758881569
348 : -0.7426529810763896
349 : -1.190019248984754
350 : -2.3789887577295303
351 : 0.12848094571381807
352 : -4.403374643065035
353 : -1.3914588913321495
354 : -0.9968503881245852
355 : -1.990402925759554
356 : -1.6946544833481312
357 : -0.007777171675115824
358 : -2.4390731900930405
359 : -6.186229829676449
360 : 1.5577915743924677
361 : -1.2115406235679984
362 : 4.753524734638631
363 : -1.8856657519936562
364 : -2.2259847447276115
365 : -1.2808633358217776
366 : -2.0405134269967675
367 : -2.3208556175231934
368 : -1.1088937553577125
369 : -1.2063076877966523
370 : -1.6236412702128291
371 : -1.6183229126036167
372 : -1.4638006333261728
373 : -1.6156404374632984
374 : -0.7897731112316251
375 : 3.049348201137036
376 : -6.829806098714471
377 : -1.9230250865221024
378 : -0.9275135351344943
379 : -0.9300824948586524
380 : -0.6186410482041538
381 : -2.905068929772824
382 : 1.5962481684982777
383 : -1.2075843424536288
384 : -0.6645523700863123
385 : -0.9407721980242059
386 : -5.0269839563407
387 : -3.5791981513611972
388 : -1.629730498418212
389 : -1.2058712320867926
!!! updated
390 : -2.844538731034845
Setting up 2 worker threads for Enlighten.
  Thread -> id: 7f63d6ffd700 -> priority: 1 
  Thread -> id: 7f63d67fc700 -> priority: 1 
Traceback (most recent call last):
  File "main.py", line 123, in <module>
    returns = [episode(env, agent, i) for i in range(training_episodes)]
  File "main.py", line 123, in <listcomp>
    returns = [episode(env, agent, i) for i in range(training_episodes)]
  File "main.py", line 30, in episode
    next_state, reward, done, _ = env.step(action.numpy()[0])
  File "/home/j/jensenj/.local/lib/python3.6/site-packages/gym_unity/envs/__init__.py", line 177, in step
    self._env.step()
  File "/home/j/jensenj/.local/lib/python3.6/site-packages/mlagents_envs/timers.py", line 305, in wrapped
    return func(*args, **kwargs)
  File "/home/j/jensenj/.local/lib/python3.6/site-packages/mlagents_envs/environment.py", line 319, in step
    self._update_state(rl_output)
  File "/home/j/jensenj/.local/lib/python3.6/site-packages/mlagents_envs/environment.py", line 275, in _update_state
    agent_info_list, self._env_specs[brain_name]
  File "/home/j/jensenj/.local/lib/python3.6/site-packages/mlagents_envs/timers.py", line 305, in wrapped
    return func(*args, **kwargs)
  File "/home/j/jensenj/.local/lib/python3.6/site-packages/mlagents_envs/rpc_utils.py", line 188, in steps_from_proto
    obs_index, obs_shape, decision_agent_info_list
  File "/home/j/jensenj/.local/lib/python3.6/site-packages/mlagents_envs/timers.py", line 305, in wrapped
    return func(*args, **kwargs)
  File "/home/j/jensenj/.local/lib/python3.6/site-packages/mlagents_envs/rpc_utils.py", line 152, in _process_vector_observation
    _raise_on_nan_and_inf(np_obs, "observations")
  File "/home/j/jensenj/.local/lib/python3.6/site-packages/mlagents_envs/rpc_utils.py", line 130, in _raise_on_nan_and_inf
    raise RuntimeError(f"The {source} provided had NaN values.")
RuntimeError: The observations provided had NaN values.
2020-06-25 12:31:40 INFO [environment.py:418] Environment shut down with return code 0.
