slurmstepd-pyrit: error: Unable to create TMPDIR [/tmp/user/30108]: Permission denied
slurmstepd-pyrit: error: Setting TMPDIR to /tmp
Found path: /home/j/jensenj/PycharmProjects/Federer-Jr./src/../crawler_single/linux/dynamic_server/crawler_dynamic.x86_64
Mono path[0] = '/home/j/jensenj/PycharmProjects/Federer-Jr./src/../crawler_single/linux/dynamic_server/crawler_dynamic_Data/Managed'
Mono config path = '/home/j/jensenj/PycharmProjects/Federer-Jr./src/../crawler_single/linux/dynamic_server/crawler_dynamic_Data/MonoBleedingEdge/etc'
Preloaded 'lib_burst_generated.so'
Preloaded 'libgrpc_csharp_ext.x64.so'
Initialize engine version: 2019.3.15f1 (59ff3e03856d)
[Subsystems] Discovering subsystems at path /home/j/jensenj/PycharmProjects/Federer-Jr./src/../crawler_single/linux/dynamic_server/crawler_dynamic_Data/UnitySubsystems
Forcing GfxDevice: Null
GfxDevice: creating device client; threaded=0
NullGfxDevice:
    Version:  NULL 1.0 [1.0]
    Renderer: Null Device
    Vendor:   Unity Technologies
Begin MonoManager ReloadAssembly
- Completed reload, in  0.117 seconds
WARNING: Shader Unsupported: 'Autodesk Interactive' - All passes removed
WARNING: Shader Did you use #pragma only_renderers and omit this platform?
UnloadTime: 0.328428 ms
Fallback handler could not load library /home/j/jensenj/PycharmProjects/Federer-Jr./src/../crawler_single/linux/dynamic_server/crawler_dynamic_Data/Mono/libcoreclr.so
Fallback handler could not load library /home/j/jensenj/PycharmProjects/Federer-Jr./src/../crawler_single/linux/dynamic_server/crawler_dynamic_Data/Mono/libcoreclr.so
Fallback handler could not load library /home/j/jensenj/PycharmProjects/Federer-Jr./src/../crawler_single/linux/dynamic_server/crawler_dynamic_Data/Mono/libcoreclr.so
Fallback handler could not load library /home/j/jensenj/PycharmProjects/Federer-Jr./src/../crawler_single/linux/dynamic_server/crawler_dynamic_Data/Mono/libSystem.dylib
Fallback handler could not load library /home/j/jensenj/PycharmProjects/Federer-Jr./src/../crawler_single/linux/dynamic_server/crawler_dynamic_Data/Mono/libSystem.dylib.so
Fallback handler could not load library /home/j/jensenj/PycharmProjects/Federer-Jr./src/../crawler_single/linux/dynamic_server/crawler_dynamic_Data/Mono/libSystem.dylib
Fallback handler could not load library /home/j/jensenj/PycharmProjects/Federer-Jr./src/../crawler_single/linux/dynamic_server/crawler_dynamic_Data/Mono/libcoreclr.so
Fallback handler could not load library /home/j/jensenj/PycharmProjects/Federer-Jr./src/../crawler_single/linux/dynamic_server/crawler_dynamic_Data/Mono/libcoreclr.so
Fallback handler could not load library /home/j/jensenj/PycharmProjects/Federer-Jr./src/../crawler_single/linux/dynamic_server/crawler_dynamic_Data/Mono/libcoreclr.so
Fallback handler could not load library /home/j/jensenj/PycharmProjects/Federer-Jr./src/../crawler_single/linux/dynamic_server/crawler_dynamic_Data/Mono/libSystem.dylib
Fallback handler could not load library /home/j/jensenj/PycharmProjects/Federer-Jr./src/../crawler_single/linux/dynamic_server/crawler_dynamic_Data/Mono/libSystem.dylib.so
Fallback handler could not load library /home/j/jensenj/PycharmProjects/Federer-Jr./src/../crawler_single/linux/dynamic_server/crawler_dynamic_Data/Mono/libSystem.dylib
/home/j/jensenj/.local/lib/python3.6/site-packages/tensorboard/compat/tensorflow_stub/dtypes.py:541: FutureWarning: Passing (type, 1) or '1type' as a synonym of type is deprecated; in a future version of numpy, it will be understood as (type, (1,)) / '(1,)type'.
  _np_qint8 = np.dtype([("qint8", np.int8, 1)])
/home/j/jensenj/.local/lib/python3.6/site-packages/tensorboard/compat/tensorflow_stub/dtypes.py:542: FutureWarning: Passing (type, 1) or '1type' as a synonym of type is deprecated; in a future version of numpy, it will be understood as (type, (1,)) / '(1,)type'.
  _np_quint8 = np.dtype([("quint8", np.uint8, 1)])
/home/j/jensenj/.local/lib/python3.6/site-packages/tensorboard/compat/tensorflow_stub/dtypes.py:543: FutureWarning: Passing (type, 1) or '1type' as a synonym of type is deprecated; in a future version of numpy, it will be understood as (type, (1,)) / '(1,)type'.
  _np_qint16 = np.dtype([("qint16", np.int16, 1)])
/home/j/jensenj/.local/lib/python3.6/site-packages/tensorboard/compat/tensorflow_stub/dtypes.py:544: FutureWarning: Passing (type, 1) or '1type' as a synonym of type is deprecated; in a future version of numpy, it will be understood as (type, (1,)) / '(1,)type'.
  _np_quint16 = np.dtype([("quint16", np.uint16, 1)])
/home/j/jensenj/.local/lib/python3.6/site-packages/tensorboard/compat/tensorflow_stub/dtypes.py:545: FutureWarning: Passing (type, 1) or '1type' as a synonym of type is deprecated; in a future version of numpy, it will be understood as (type, (1,)) / '(1,)type'.
  _np_qint32 = np.dtype([("qint32", np.int32, 1)])
/home/j/jensenj/.local/lib/python3.6/site-packages/tensorboard/compat/tensorflow_stub/dtypes.py:550: FutureWarning: Passing (type, 1) or '1type' as a synonym of type is deprecated; in a future version of numpy, it will be understood as (type, (1,)) / '(1,)type'.
  np_resource = np.dtype([("resource", np.ubyte, 1)])
2020-06-25 12:05:21 INFO [environment.py:108] Connected to Unity environment with package version 1.0.2 and communication version 1.0.0
2020-06-25 12:05:21 INFO [environment.py:265] Connected new brain:
CrawlerDynamic?team=0
2020-06-25 12:05:21 WARNING [__init__.py:92] The environment contains multiple observations. You must define allow_multiple_obs=True to receive them all. Otherwise, only the first visual observation (or vector observation ifthere are no visual observations) will be provided in the observation.
update_time_steps: 4096 , ppo_epochs: 8 , beta:  0.1 , gamma 0.9
0 : -1.6315964944660664
1 : -1.184023046400398
2 : -0.1218264177441597
3 : -1.7217837553471327
4 : 3.0185553752817214
5 : -1.188008210156113
6 : -0.9111126037314534
7 : 0.39965219516307116
8 : 1.4968234854750335
9 : -5.726369643583894
10 : -1.670400369912386
11 : -13.37738156504929
12 : -8.401573130395263
13 : -6.426846622489393
14 : -2.356653000228107
15 : -1.6949836425483227
16 : -1.260852191131562
17 : -1.2423969586379826
18 : 0.06359327165409923
19 : -1.2413859767839313
20 : -1.3209698849823326
21 : -1.408716289093718
22 : -1.1467164605855942
23 : -1.8577860109508038
24 : -1.3669581627473235
25 : -1.080307035241276
26 : -1.3958310661837459
27 : -1.2302762567996979
28 : 10.580570163205266
29 : 0.28158251754939556
30 : -1.4114550184458494
31 : -2.198921039700508
32 : -1.8228433690965176
33 : 2.385586909018457
34 : -0.6345778186805546
35 : -1.467392098158598
36 : -4.460407516919076
37 : -3.0765075136441737
38 : -0.9124292517080903
39 : -1.1018771063536406
40 : -1.2042168639600277
41 : -5.182195872068405
42 : -1.8188536730594933
43 : -1.4159574303776026
44 : 4.8828292060643435
45 : -1.0526757151819766
46 : -2.348865855485201
47 : -1.1293749175965786
48 : -1.251158612780273
49 : 0.03229778166860342
50 : -0.9175267177633941
51 : -1.4914466603659093
52 : -1.347051290795207
53 : -1.4947304497472942
54 : -1.7132042152807117
55 : -5.925162144005299
56 : -0.46538570371922106
57 : -1.68434701487422
58 : -1.3549550799652934
59 : -1.9758766437880695
60 : -1.5473945122212172
61 : -1.0334673523902893
62 : -1.1108607831411064
63 : -0.9659912958741188
64 : -1.593630949035287
65 : -1.9870892548933625
66 : -1.7170643582940102
67 : -7.6761584570631385
68 : -0.8169495249167085
69 : -0.27696886379271746
70 : 7.8517481703311205
71 : -0.8187572434544563
72 : 2.324184510624036
73 : -1.1619901191443205
74 : -0.32210235483944416
75 : -1.4924321630969644
76 : -0.9141044616699219
77 : -0.3806845606304705
78 : -1.2250668108463287
79 : -0.28554523549973965
80 : 0.16339790169149637
81 : -0.8981985077261925
82 : -0.6379287734162062
83 : -1.9783693198114634
84 : -0.9944142894819379
85 : 2.2978691617026925
86 : -1.1926104612648487
87 : 3.318780125118792
88 : -0.5215588862774894
89 : -4.071497543249279
90 : -2.431185584515333
91 : -1.6553942766040564
92 : -4.2948584239929914
93 : -1.1052777282893658
94 : -1.3954715253785253
95 : -0.6316301085753366
96 : -1.1064088447019458
97 : -3.867987825535238
98 : -4.218843539711088
99 : -5.494304781313986
100 : -0.4998856596648693
101 : -1.5118000395596027
102 : -2.5020247250795364
103 : 0.34453259594738483
104 : -1.9615087863057852
105 : -1.184366742731072
106 : -1.336960969492793
107 : -1.2454130789265037
108 : -1.9193319156765938
109 : -1.3967888839542866
110 : -2.3143134927377105
111 : 6.727914705872536
112 : -0.5846950460691005
113 : -1.0411914959549904
114 : -5.106542726047337
115 : -1.5707487286999822
116 : -3.359838060103357
117 : 1.7745238719508052
118 : -0.8877978124655783
119 : -1.471943223848939
120 : -2.19441407173872
121 : -4.074723179452121
122 : -1.0804837848991156
123 : -0.9319287496618927
124 : -0.9777425974607468
125 : 4.723860990721732
126 : 0.9778160732239485
127 : -1.5253628827631474
128 : -1.6739584896713495
129 : -2.3612710600718856
130 : -0.35494104539975524
131 : -6.775245077908039
132 : -0.1563109732232988
133 : -2.12540203332901
134 : -0.6030147303827107
135 : -1.1415425185114145
136 : -5.885536730289459
137 : -1.039816058240831
138 : -1.08412554115057
139 : 0.29840864706784487
140 : -1.6477334834635258
141 : -1.983202377334237
142 : -1.7365935994312167
143 : -2.4315025673713535
144 : 3.4879448898136616
145 : 2.496983868535608
146 : -1.0935195735655725
147 : 8.86049729399383
148 : -3.4657271979376674
149 : -1.2840448236092925
150 : -11.988101981580257
151 : -5.530071221292019
152 : -1.7025291956961155
153 : -0.5385986613109708
154 : -0.8543079793453217
155 : 3.4267435409128666
156 : 5.232239939738065
157 : -0.6696179006248713
158 : -1.3275389655027539
159 : -1.1357083301991224
160 : -1.6813011011108756
161 : -1.6244371384382248
162 : -0.819827230006922
163 : -1.3628893517889082
164 : 2.198741441126913
165 : -1.3193548719864339
166 : -0.13131000753492117
167 : -1.0935029333923012
168 : -1.3842627773992717
169 : -2.7811940954998136
170 : -1.3138291155919433
171 : 0.9798796232789755
172 : -0.7782152430154383
173 : 0.47785454150289297
174 : -2.5299708037637174
175 : -2.115948460996151
176 : -1.4474782384932041
177 : 11.357772940769792
178 : -1.4706845488399267
179 : -0.2960789371281862
180 : -2.46695656189695
181 : -2.02520390227437
182 : 0.5001473063603044
183 : -3.6008083750493824
184 : 0.27942606154829264
185 : -1.00546572660096
186 : -1.3789345833938569
187 : -1.1720107048749924
188 : -2.0429823838640004
!!! updated
189 : -1.2587853106670082
190 : -0.863150866702199
191 : -1.1724676457233727
192 : -1.4140379736199975
193 : -0.985773271182552
194 : -0.9170948322862387
195 : -1.6237806007266045
196 : -1.2434632000513375
197 : -1.2867075577378273
198 : -1.6436337195336819
199 : -1.8920980766415596
200 : -0.9513535520527512
201 : -2.5365418419241905
202 : -1.6172762028872967
203 : -1.567519772797823
204 : -1.1729534604237415
205 : -0.8238462870940566
206 : -1.0526700802147388
207 : -1.8787727989256382
208 : -1.466960109770298
209 : -0.6908996687270701
210 : -1.8696015104651451
211 : -1.154337776824832
212 : -2.0385603606700897
213 : -1.3966345321387053
214 : -1.5258683487772942
215 : -1.0177993667311966
216 : -0.979366478510201
217 : -1.4395990753546357
218 : -0.7381176371127367
219 : -1.2774704853072762
220 : -1.0682771364226937
221 : -0.7222312893718481
222 : -0.5964582823216915
223 : -0.9098763447254896
224 : -1.8083472475409508
225 : -1.574884608387947
226 : -0.7573322523385286
227 : -0.7519420040771365
228 : -1.394903602078557
229 : -0.9344115885905921
230 : -1.2081305822357535
231 : -1.6214802376925945
232 : -0.9886391749605536
233 : -1.0924010630697012
234 : -1.689722254872322
235 : -0.8414650429040194
236 : -1.461285188794136
237 : -2.252027750015259
238 : -0.7725174250081182
239 : -0.7134867389686406
240 : -1.2584390137344599
241 : -1.558013841509819
242 : -1.4276018906384706
243 : -1.3074729088693857
244 : -0.9040648071095347
245 : -1.0712557872757316
246 : -1.156925458344631
247 : -0.8598215538077056
248 : -0.8321066377684474
249 : -1.5781864635646343
250 : -1.5594356581568718
251 : -1.0438106949441135
252 : -1.6537572368979454
253 : -1.4365173429250717
254 : -1.4919393248856068
255 : -1.177499420940876
256 : -1.6623391807079315
257 : -0.7868581316433847
258 : -0.49653704185038805
259 : 0.8970470922067761
260 : -1.4302416257560253
261 : -1.4492656793445349
262 : -1.042538620531559
263 : -1.3604682926088572
264 : -1.64323191344738
265 : -1.4853260777890682
266 : -1.5158829875290394
267 : -1.217148745432496
268 : -1.297001903411001
269 : -0.9955630758777261
270 : -1.189068367704749
271 : -1.3086183983832598
272 : -0.7837001420557499
273 : -1.6302949115633965
274 : -0.8231136277318001
275 : -1.0971909007057548
276 : -1.2805691622197628
277 : -1.6511836796998978
278 : -0.9220608826726675
279 : -1.0486801899969578
280 : -2.314787410199642
281 : -1.468165809288621
282 : -1.4682727698236704
283 : -0.8514019725844264
284 : -1.7628297954797745
285 : -0.9360523133073002
286 : -1.2752288524061441
287 : -0.9973768531344831
288 : -0.9390936093404889
289 : -0.830537348985672
290 : -1.7838520258665085
291 : -1.0055225801188499
292 : -1.0355514698167099
293 : -1.4076036028563976
294 : -1.010945443995297
295 : -1.345214611850679
296 : -1.1532335546799004
297 : -1.3497917158529162
298 : -1.6784647107124329
299 : -1.3462094441056252
300 : -1.394053053110838
301 : -1.5905498787760735
302 : -1.6508725062012672
303 : -0.925145189743489
304 : -2.292571470141411
305 : -1.6470794193446636
306 : -0.8331565856933594
307 : -1.4712617434561253
308 : -0.7139786183834076
309 : -1.1514434637501836
310 : -1.2116455072537065
311 : -1.331184268463403
312 : -1.3857966754585505
313 : -0.8952280757948756
314 : -1.1759613147005439
315 : -1.2104648030363023
316 : -1.5253308191895485
317 : -3.4836984276771545
318 : -0.9961871143314056
319 : -1.0003421874716878
320 : -1.3261141143739223/home/j/jensenj/.local/lib/python3.6/site-packages/gym/logger.py:30: UserWarning: [33mWARN: Box bound precision lowered by casting to float32[0m
  warnings.warn(colorize('%s: %s'%('WARN', msg % args), 'yellow'))
/home/j/jensenj/.local/lib/python3.6/site-packages/numpy/core/_methods.py:160: RuntimeWarning: invalid value encountered in reduce
  ret = umr_sum(arr, axis, dtype, out, keepdims)

321 : -1.3226518044248223
322 : -1.3614314291626215
323 : -1.2674822909757495
324 : -0.8121301215142012
325 : -1.4540256708860397
326 : -1.0571555700153112
327 : -2.17870931327343
328 : -0.8047444233670831
329 : -1.5232239440083504
330 : -2.902609556913376
331 : -1.2581777651794255
332 : -0.7304511796683073
333 : -1.614947833120823
334 : -0.9303316073492169
335 : -0.9515941585414112
336 : -0.7156035862863064
337 : -1.3756125755608082
338 : -1.3442343845963478
339 : -1.0690358076244593
340 : -0.9510599356144667
341 : -0.9653851073235273
342 : -0.947681114077568
343 : -0.4095335565507412
344 : -1.653117150068283
345 : -1.2782438732683659
346 : -1.2939577996730804
347 : -1.372700186446309
348 : -1.7663049548864365
349 : -1.3675983045250177
350 : -1.6686763502657413
351 : -3.6003874391317368
352 : -1.5204397924244404
353 : -1.4368265010416508
354 : -1.815915159881115
355 : -0.7047728933393955
356 : 1.9551626155152917
357 : -0.909399002790451
358 : -1.0773361306637526
359 : -2.006820410490036
360 : -1.6202056184411049
361 : -1.1121789002791047
362 : -2.010086178779602
363 : -1.1467551523819566
364 : -1.3853782638907433
365 : -1.8457566872239113
366 : -0.8387589021585882
367 : -1.0774450618773699
368 : -1.7351643815636635
369 : -0.7781224269419909
370 : -1.796149618923664
371 : -1.1681279763579369
372 : -0.005480955354869366
373 : -1.2915330808609724
374 : -1.5385419656522572
375 : -1.2804555222392082
376 : -1.0872684610076249
377 : -0.9140445655211806
378 : -1.0436683939769864
379 : -1.9968515262007713
380 : -1.0249151217285544
381 : -1.7454775758087635
382 : -1.6308942511677742
383 : -1.3361262325197458
384 : -1.2619997877627611
385 : -0.7233079969882965
386 : -1.4887973330914974
387 : -0.8794789309613407
388 : -2.3579047173261642
389 : -1.6321551650762558
390 : -0.8642818043008447
391 : -1.4286816380918026
392 : -0.9655950423330069
393 : -1.42941964417696
394 : -1.5266153328120708
395 : -1.5008862763643265
396 : -0.8953717313706875
397 : -0.6845894996076822
398 : -1.0801237258128822
399 : -1.6329644061625004
400 : -2.186673534102738
401 : -1.1541364677250385
402 : -0.8307255029212683
403 : -1.5226234793663025
404 : -1.1115685026161373
405 : -0.7716499883681536
406 : -0.64410001039505
407 : -1.2219514641910791
408 : -0.8074442772194743
409 : -1.275847996585071
410 : -1.6276679239235818
411 : -1.525232084095478
412 : -0.6446121796034276
413 : -1.4605324380099773
414 : -0.8437214009463787
415 : -0.8963101720437407
416 : -1.4213917255401611
417 : -1.1910471096634865
418 : -1.823736049234867
419 : -1.5664491094648838
420 : -0.9365475289523602
421 : -0.8706709262914956
422 : -1.4367034193128347
423 : -1.8933227509260178
424 : -1.8158809170126915
425 : -1.4194989148527384
426 : -1.7295481637120247
427 : -1.1002100417390466
428 : -1.4992446638643742
429 : -1.1863462012261152
430 : -1.4073957204818726
431 : -1.4967079386115074
432 : -0.933095128275454
433 : -0.9319091240176931
434 : -2.137590892147273
435 : -1.399012241512537
436 : -0.8327283738180995
437 : -1.0137330456636846
438 : -1.8938576132059097
439 : -1.443084412254393
440 : -0.7653495855629444
441 : -1.0485305935144424
442 : -1.2643726263195276
443 : -1.190386965405196
444 : -1.5910778418183327
445 : -1.3099208641797304
446 : -1.0806836006231606
447 : -1.513222374022007
448 : -1.1577434362843633
449 : -1.2145947744138539
450 : -1.3245804915204644
451 : -1.5706667937338352
452 : -1.2156826332211494
453 : -0.9507683934643865
454 : -1.5878619998693466
455 : -1.531063312664628
456 : -1.520426444709301
457 : -1.0133200101554394
458 : -0.8548750909976661
459 : -1.5165853574872017
460 : -1.3894522041082382
461 : -1.5370313972234726
462 : -1.2791323696728796
463 : -1.5470553934574127
464 : -1.3850963935256004
465 : -1.1610921937972307
466 : -0.9289278611540794
467 : -2.0115993842482567
468 : -1.19184878654778
469 : -0.9970499891787767
470 : -1.073099979199469
471 : -1.4991439003497362
472 : -0.9749877410940826
473 : -0.9439257066696882
474 : -1.482845228165388
475 : -1.8665804117918015
476 : -1.690817542374134
477 : -0.7431841045618057
478 : -1.5747917080298066
479 : -1.695031113922596
480 : -1.412507090717554
481 : -1.486382618546486
482 : -1.6388878002762794
483 : -0.6680666343308985
484 : -2.804254025220871
485 : -1.2255846883635968
486 : -0.8269637525081635
487 : -2.973705917596817
488 : -1.6853329464793205
489 : -1.3959320615977049
490 : -1.2144145343918353
491 : -1.5970629453659058
492 : -0.9446794078685343
493 : -0.957309425342828
494 : -0.9378438657149673
495 : -1.0714279818348587
496 : -0.7834655423648655
497 : -1.5382612720131874
498 : -1.5481278151273727
499 : -1.2534336280077696
500 : -1.5584160857833922
501 : -1.9908615984022617
502 : -1.7437284365296364
503 : -1.6974662765860558
504 : -1.139195301104337
505 : -1.6845433339476585
506 : -1.5132937598973513
507 : -1.1946674436330795
508 : -1.5256518013775349
509 : -1.0505170691758394
510 : -1.356178380548954
511 : -0.904913144884631
512 : -1.1963087376207113
513 : -1.3219658248126507
514 : -1.013498705578968
515 : -1.0079848994500935
516 : -2.007950633764267
517 : -1.5200482122600079
518 : -1.0449076360091567
519 : -1.7845351621508598
520 : -1.584333747625351
521 : -1.2939164116978645
522 : -1.8857661560177803
523 : -1.2101421942934394
524 : -1.8711834102869034
525 : -1.486066298559308
526 : -1.0937158456072211
527 : -1.4834981821477413
528 : -1.436458047479391
529 : -1.6478709280490875
530 : -1.122838237322867
531 : -1.7094776146113873
532 : -1.7805083245038986
533 : -1.2495498252101243
534 : -1.4093902613967657
535 : -1.4929319843649864
536 : -0.9731104518286884
537 : -1.4942038301378489
538 : -1.658312063664198
539 : -1.1525301085785031
540 : 5.131694708717987
541 : -1.2877580490894616
542 : -0.7502168053761125
543 : -0.7463361825793982
544 : -1.232915717875585
545 : -0.9184293895959854
546 : -0.9425837805029005
547 : -1.7817020043730736
548 : -1.6028484627604485
549 : -0.8803264908492565
550 : -0.780405824072659
551 : -0.9519783306168392
552 : -1.029982903972268
553 : -1.2603537160903215
554 : -1.27024370059371
555 : -0.07138781249523163
556 : -0.9685400642920285
557 : -0.7062297333031893
558 : -1.9814115641638637
559 : -0.86987322953064
560 : -0.8905133502557874
561 : -1.042074869852513
562 : -1.430304478853941
563 : -1.296346987131983
564 : -1.6601802334189415
565 : -1.2099503111094236
566 : -0.784628527238965
567 : -1.4785465095192194
568 : -0.973607612773776
569 : -1.8992093801498413
570 : -1.0328975459560752
571 : -1.4939501946792006
572 : -1.1676307367160916
573 : -1.4918061066418886
574 : -2.1090571507811546
575 : -1.7920943200588226
576 : -1.5548077188432217
577 : -0.9753446779213846
578 : -1.169957290403545
579 : -1.1991708280984312
580 : -1.6384415961802006
581 : -0.8545490652322769
582 : -1.0553446542471647
583 : -1.2113529611378908
584 : -1.0341448308899999
585 : -0.9200683576054871
586 : -0.9509090242208913
587 : -0.9289409657940269
588 : -0.8985876662191004
589 : -1.0168465413153172
590 : -1.257956069894135
591 : -0.8994251927360892
592 : -1.7436530068516731
593 : -1.5284041687846184
594 : -0.9594243715982884
595 : -1.057879338040948
596 : -1.277574624400586
597 : -0.60928750410676
598 : -1.6069639399647713
599 : -0.7581695185508579
600 : -0.9787140563130379
601 : -2.144399121403694
602 : -0.8033895823173225
603 : -0.8136174194514751
604 : -1.8843745216727257
605 : -0.887343717738986
606 : -1.1120456096250564
607 : -0.848931185901165
608 : -1.2211839817464352
609 : -1.4709124583750963
610 : -1.502678888849914
611 : -1.6764795705676079
612 : -1.009863741695881
613 : -3.038972655311227
614 : -1.1402468336746097
615 : -1.0958580635488033
616 : -0.9145229570567608
617 : -1.5644662417471409
618 : -0.8489684239029884
619 : -1.432134348899126
620 : -0.9945697034709156
621 : -0.545024398714304
622 : -1.8863201513886452
623 : -1.406805381178856
624 : -1.1639075186103582
625 : -0.9009052095934749
626 : -1.5639539286494255
627 : -1.3870487590320408
628 : -1.6689031310379505
629 : -1.2950718132779002
630 : -1.3409835044294596
631 : -1.3589684795588255
632 : -1.8187676295638084
633 : -0.9967492977157235
634 : -1.704946555197239
635 : -1.19908296642825
636 : -1.3493084022775292
637 : -1.6554080732166767
638 : -1.979838214814663
639 : -1.2224050122313201
640 : -1.356587739661336
641 : -1.710722666233778
642 : -1.2473911666311324
643 : -0.8166955215856433
644 : -1.200650004670024
645 : -1.6373060941696167
646 : -1.9676709026098251
647 : -1.3350213021039963
648 : -1.5906754732131958
649 : -3.7022657562047243
650 : -1.6949842274188995
651 : -0.6688594780862331
652 : -1.5796854458749294
653 : -1.6840249821543694
654 : -1.1650909704621881
655 : -0.9183563394472003
656 : -1.1195727572776377
657 : -3.4075842830352485
658 : -1.7283614352345467
659 : -0.7616762295365334
660 : -1.3146165255457163
661 : -0.985034182202071
662 : -2.1701536625623703
663 : -1.8121160045266151
664 : -0.9950100074056536
665 : -1.3143855854868889
666 : -0.9629969401285052
667 : -0.7484119669534266
668 : -1.3750381153076887
669 : -0.816394379362464
670 : -0.8666030876338482
671 : -1.8011428639292717
672 : -0.597518602386117
673 : -1.4607894532382488
674 : -1.1292682411149144
675 : -1.739569991827011
676 : -1.407868292182684
677 : 0.7750984486192465
678 : -0.9638402489945292
679 : -1.022367721539922
680 : -1.8726631626486778
681 : -0.6784332375973463
!!! updated
682 : -2.384202066808939
Setting up 6 worker threads for Enlighten.
  Thread -> id: 7f4813096700 -> priority: 1 
  Thread -> id: 7f4812895700 -> priority: 1 
  Thread -> id: 7f4812094700 -> priority: 1 
  Thread -> id: 7f4811893700 -> priority: 1 
  Thread -> id: 7f4811092700 -> priority: 1 
  Thread -> id: 7f4810891700 -> priority: 1 
Traceback (most recent call last):
  File "main.py", line 123, in <module>
    returns = [episode(env, agent, i) for i in range(training_episodes)]
  File "main.py", line 123, in <listcomp>
    returns = [episode(env, agent, i) for i in range(training_episodes)]
  File "main.py", line 30, in episode
    next_state, reward, done, _ = env.step(action.numpy()[0])
  File "/home/j/jensenj/.local/lib/python3.6/site-packages/gym_unity/envs/__init__.py", line 177, in step
    self._env.step()
  File "/home/j/jensenj/.local/lib/python3.6/site-packages/mlagents_envs/timers.py", line 305, in wrapped
    return func(*args, **kwargs)
  File "/home/j/jensenj/.local/lib/python3.6/site-packages/mlagents_envs/environment.py", line 319, in step
    self._update_state(rl_output)
  File "/home/j/jensenj/.local/lib/python3.6/site-packages/mlagents_envs/environment.py", line 275, in _update_state
    agent_info_list, self._env_specs[brain_name]
  File "/home/j/jensenj/.local/lib/python3.6/site-packages/mlagents_envs/timers.py", line 305, in wrapped
    return func(*args, **kwargs)
  File "/home/j/jensenj/.local/lib/python3.6/site-packages/mlagents_envs/rpc_utils.py", line 188, in steps_from_proto
    obs_index, obs_shape, decision_agent_info_list
  File "/home/j/jensenj/.local/lib/python3.6/site-packages/mlagents_envs/timers.py", line 305, in wrapped
    return func(*args, **kwargs)
  File "/home/j/jensenj/.local/lib/python3.6/site-packages/mlagents_envs/rpc_utils.py", line 152, in _process_vector_observation
    _raise_on_nan_and_inf(np_obs, "observations")
  File "/home/j/jensenj/.local/lib/python3.6/site-packages/mlagents_envs/rpc_utils.py", line 130, in _raise_on_nan_and_inf
    raise RuntimeError(f"The {source} provided had NaN values.")
RuntimeError: The observations provided had NaN values.
2020-06-25 12:14:56 INFO [environment.py:418] Environment shut down with return code 0.
