slurmstepd-frommbach: error: Unable to create TMPDIR [/tmp/user/30108]: Permission denied
slurmstepd-frommbach: error: Setting TMPDIR to /tmp
Found path: /home/j/jensenj/PycharmProjects/Federer-Jr./src/../crawler_single/linux/dynamic_server/crawler_dynamic.x86_64
Mono path[0] = '/home/j/jensenj/PycharmProjects/Federer-Jr./src/../crawler_single/linux/dynamic_server/crawler_dynamic_Data/Managed'
Mono config path = '/home/j/jensenj/PycharmProjects/Federer-Jr./src/../crawler_single/linux/dynamic_server/crawler_dynamic_Data/MonoBleedingEdge/etc'
Preloaded 'lib_burst_generated.so'
Preloaded 'libgrpc_csharp_ext.x64.so'
Initialize engine version: 2019.3.15f1 (59ff3e03856d)
[Subsystems] Discovering subsystems at path /home/j/jensenj/PycharmProjects/Federer-Jr./src/../crawler_single/linux/dynamic_server/crawler_dynamic_Data/UnitySubsystems
Forcing GfxDevice: Null
GfxDevice: creating device client; threaded=0
NullGfxDevice:
    Version:  NULL 1.0 [1.0]
    Renderer: Null Device
    Vendor:   Unity Technologies
Begin MonoManager ReloadAssembly
- Completed reload, in  0.096 seconds
WARNING: Shader Unsupported: 'Autodesk Interactive' - All passes removed
WARNING: Shader Did you use #pragma only_renderers and omit this platform?
UnloadTime: 0.396583 ms
Fallback handler could not load library /home/j/jensenj/PycharmProjects/Federer-Jr./src/../crawler_single/linux/dynamic_server/crawler_dynamic_Data/Mono/libcoreclr.so
Fallback handler could not load library /home/j/jensenj/PycharmProjects/Federer-Jr./src/../crawler_single/linux/dynamic_server/crawler_dynamic_Data/Mono/libcoreclr.so
Fallback handler could not load library /home/j/jensenj/PycharmProjects/Federer-Jr./src/../crawler_single/linux/dynamic_server/crawler_dynamic_Data/Mono/libcoreclr.so
Fallback handler could not load library /home/j/jensenj/PycharmProjects/Federer-Jr./src/../crawler_single/linux/dynamic_server/crawler_dynamic_Data/Mono/libSystem.dylib
Fallback handler could not load library /home/j/jensenj/PycharmProjects/Federer-Jr./src/../crawler_single/linux/dynamic_server/crawler_dynamic_Data/Mono/libSystem.dylib.so
Fallback handler could not load library /home/j/jensenj/PycharmProjects/Federer-Jr./src/../crawler_single/linux/dynamic_server/crawler_dynamic_Data/Mono/libSystem.dylib
Fallback handler could not load library /home/j/jensenj/PycharmProjects/Federer-Jr./src/../crawler_single/linux/dynamic_server/crawler_dynamic_Data/Mono/libcoreclr.so
Fallback handler could not load library /home/j/jensenj/PycharmProjects/Federer-Jr./src/../crawler_single/linux/dynamic_server/crawler_dynamic_Data/Mono/libcoreclr.so
Fallback handler could not load library /home/j/jensenj/PycharmProjects/Federer-Jr./src/../crawler_single/linux/dynamic_server/crawler_dynamic_Data/Mono/libcoreclr.so
Fallback handler could not load library /home/j/jensenj/PycharmProjects/Federer-Jr./src/../crawler_single/linux/dynamic_server/crawler_dynamic_Data/Mono/libSystem.dylib
Fallback handler could not load library /home/j/jensenj/PycharmProjects/Federer-Jr./src/../crawler_single/linux/dynamic_server/crawler_dynamic_Data/Mono/libSystem.dylib.so
Fallback handler could not load library /home/j/jensenj/PycharmProjects/Federer-Jr./src/../crawler_single/linux/dynamic_server/crawler_dynamic_Data/Mono/libSystem.dylib
/home/j/jensenj/.local/lib/python3.6/site-packages/tensorboard/compat/tensorflow_stub/dtypes.py:541: FutureWarning: Passing (type, 1) or '1type' as a synonym of type is deprecated; in a future version of numpy, it will be understood as (type, (1,)) / '(1,)type'.
  _np_qint8 = np.dtype([("qint8", np.int8, 1)])
/home/j/jensenj/.local/lib/python3.6/site-packages/tensorboard/compat/tensorflow_stub/dtypes.py:542: FutureWarning: Passing (type, 1) or '1type' as a synonym of type is deprecated; in a future version of numpy, it will be understood as (type, (1,)) / '(1,)type'.
  _np_quint8 = np.dtype([("quint8", np.uint8, 1)])
/home/j/jensenj/.local/lib/python3.6/site-packages/tensorboard/compat/tensorflow_stub/dtypes.py:543: FutureWarning: Passing (type, 1) or '1type' as a synonym of type is deprecated; in a future version of numpy, it will be understood as (type, (1,)) / '(1,)type'.
  _np_qint16 = np.dtype([("qint16", np.int16, 1)])
/home/j/jensenj/.local/lib/python3.6/site-packages/tensorboard/compat/tensorflow_stub/dtypes.py:544: FutureWarning: Passing (type, 1) or '1type' as a synonym of type is deprecated; in a future version of numpy, it will be understood as (type, (1,)) / '(1,)type'.
  _np_quint16 = np.dtype([("quint16", np.uint16, 1)])
/home/j/jensenj/.local/lib/python3.6/site-packages/tensorboard/compat/tensorflow_stub/dtypes.py:545: FutureWarning: Passing (type, 1) or '1type' as a synonym of type is deprecated; in a future version of numpy, it will be understood as (type, (1,)) / '(1,)type'.
  _np_qint32 = np.dtype([("qint32", np.int32, 1)])
/home/j/jensenj/.local/lib/python3.6/site-packages/tensorboard/compat/tensorflow_stub/dtypes.py:550: FutureWarning: Passing (type, 1) or '1type' as a synonym of type is deprecated; in a future version of numpy, it will be understood as (type, (1,)) / '(1,)type'.
  np_resource = np.dtype([("resource", np.ubyte, 1)])
2020-06-25 12:05:51 INFO [environment.py:108] Connected to Unity environment with package version 1.0.2 and communication version 1.0.0
2020-06-25 12:05:51 INFO [environment.py:265] Connected new brain:
CrawlerDynamic?team=0
2020-06-25 12:05:51 WARNING [__init__.py:92] The environment contains multiple observations. You must define allow_multiple_obs=True to receive them all. Otherwise, only the first visual observation (or vector observation ifthere are no visual observations) will be provided in the observation.
/home/j/jensenj/.local/lib/python3.6/site-packages/gym/logger.py:30: UserWarning: [33mWARN: Box bound precision lowered by casting to float32[0m
  warnings.warn(colorize('%s: %s'%('WARN', msg % args), 'yellow'))
/home/j/jensenj/.local/lib/python3.6/site-packages/numpy/core/_methods.py:160: RuntimeWarning: invalid value encountered in reduce
  ret = umr_sum(arr, axis, dtype, out, keepdims)
update_time_steps: 4096 , ppo_epochs: 8 , beta:  0.1 , gamma 0.99
0 : 0.32600446697324514
1 : -6.553615810349584
2 : -0.2349066250026226
3 : -0.6883192481473088
4 : -1.3048621413763613
5 : -1.421397540718317
6 : -1.4574444312602282
7 : -2.2817756291478872
8 : -1.1666019251570106
9 : -1.4816866293549538
10 : 5.315579453948885
11 : -0.29054765962064266
12 : -1.2141024344600737
13 : 2.2832918325439095
14 : -1.43249204242602
15 : -1.8116432204842567
16 : -1.5418190583586693
17 : -1.27700518630445
18 : -1.0355436485260725
19 : -1.9080104392487556
20 : -1.8445768277160823
21 : -0.36648499872535467
22 : -0.7001564931124449
23 : -1.199364266358316
24 : -1.1248491303995252
25 : -1.1475815372541547
26 : 9.169577193446457
27 : 0.04042066400870681
28 : -5.196486264467239
29 : 0.1964094303548336
30 : 6.007299980148673
31 : -0.7638683672994375
32 : -1.3174210358411074
33 : -2.584943414432928
34 : -2.26351928897202
35 : -4.226351957768202
36 : -0.09255402337294072
37 : -0.5373250404372811
38 : -1.0874947453849018
39 : -0.6267357692122459
40 : -2.150870978832245
41 : 2.4884622767567635
42 : -2.370409606024623
43 : -0.5392149845138192
44 : -1.2175189014524221
45 : -1.329621376702562
46 : 0.5225396538153291
47 : -1.7264639660716057
48 : 0.2438448048196733
49 : -0.924152621999383
50 : -0.0360029679723084
51 : -1.066108375787735
52 : -1.5349201299250126
53 : -0.7797221277141944
54 : -1.6026868396438658
55 : -1.215805555228144
56 : -0.11679613962769508
57 : -1.9316899140831083
58 : -1.6370299961417913
59 : -6.3113671857863665
60 : -1.5228799134492874
61 : -1.0948263248428702
62 : -1.094126971438527
63 : -1.1242299790028483
64 : -8.409489061683416
65 : -0.4813497569411993
66 : -0.4528151359409094
67 : 4.43410789500922
68 : -0.8773602917790413
69 : -4.301001732237637
70 : 3.391764894593507
71 : 1.7797972317785025
72 : -1.8564914781600237
73 : -0.7761461169575341
74 : 0.9343746714293957
75 : -1.9404182760044932
76 : 2.104767695069313
77 : -1.2816227870061994
78 : -1.3512824159115553
79 : -0.9693293408490717
80 : 1.9188376534730196
81 : -1.7937572188675404
82 : -1.1975584333995357
83 : -1.3267919179052114
84 : -1.044946989044547
85 : -1.533737901598215
86 : -1.021170063642785
87 : -0.754252637270838
88 : -1.079639301635325
89 : -1.5938364043831825
90 : -4.101347140036523
91 : -1.9284181110560894
92 : -0.13227936532348394
93 : -2.268430676776916
94 : -1.25614102371037
95 : -2.396926935762167
96 : -2.5530488677322865
97 : -1.9134418722242117
98 : -0.501772915944457
99 : -1.3821688340976834
100 : -0.8042758330702782
101 : -0.27341484650969505
102 : -1.2514882888644934
103 : -0.21082274708896875
104 : -1.926303043961525
105 : -1.1044524614699185
106 : -1.9304804615676403
107 : -2.7848978153197095
108 : -1.5570991737768054
109 : -1.242288913577795
110 : -1.46566869225353
111 : 4.0568926725536585
112 : -1.994757913867943
113 : -0.9984238566830754
114 : -0.3878806373104453
115 : -1.0298326071351767
116 : -1.4646766316145658
117 : -1.5723845791071653
118 : -0.31165251042693853
119 : -3.70403035543859
120 : -1.5355059057474136
121 : -1.529003992676735
122 : -0.9694782239384949
123 : -0.9598058084957302
124 : -1.7783627836033702
125 : 3.3589884536340833
126 : -1.3207723423838615
127 : 1.29346377030015
128 : -3.6745661087334156
129 : -1.717773466836661
130 : -1.1998428627848625
131 : -1.5639456189237535
132 : -1.1747247006278485
133 : -1.5886403061449528
134 : -0.9910801276564598
135 : -1.0242699272930622
136 : 1.3009928772225976
137 : -0.8804617519490421
138 : -3.2042615907266736
139 : -1.361443213187158
140 : -1.231193938292563
141 : -1.2926286645233631
142 : -1.6516877682879567
143 : -0.49114718567579985
144 : -1.8706650091335177
145 : -4.104255656711757
146 : -2.810063493438065
147 : -0.8237833492457867
148 : -0.8896311484277248
149 : -1.952948979102075
150 : -1.5299787633121014
151 : -2.631353172007948
152 : -1.5952826980501413
153 : -0.49919483438134193
154 : -2.476295616477728
155 : -1.373196109663695
156 : -4.867808723822236
157 : -2.16694562882185
158 : -1.4810876976698637
159 : -1.8015538966283202
160 : -0.9334902614355087
161 : -3.2466986011713743
162 : -0.841109985485673
163 : -2.13779513258487
164 : -2.017873208038509
165 : -1.0811115712858737
166 : -8.021045898552984
167 : 0.3547830292955041
168 : -0.7454677098430693
169 : -0.9782343804836273
170 : -0.9938469594344497
171 : -1.2506844997406006
172 : -0.9989551962353289
173 : -1.2282036072574556
174 : -1.7023237058892846
175 : -1.3831783048808575
176 : -1.6601747833192348
177 : -1.20714573841542
178 : -2.298826990649104
179 : -1.3381178798153996
180 : -1.4101047292351723
181 : -0.7794437929987907
182 : -1.1529342830181122
183 : -0.19081412954255939
184 : -1.5472721792757511
185 : -11.926996442256495
186 : -1.4876657631248236
187 : -3.148676030570641
188 : -2.6199435899034142
189 : -0.802512388676405
190 : -3.957240542396903
191 : -1.5305567756295204
192 : -0.9555375454947352
193 : -1.4954520091414452
194 : 3.452857862226665
195 : -0.9063131455332041
196 : -5.419939267914742
197 : -1.1783180246129632
198 : -1.8997214064002037
199 : -0.2923564608208835
200 : -5.8066280372440815
201 : -1.098737903404981
202 : -0.41896195244044065
203 : -3.4808698452543467
204 : -2.3378919139504433
205 : -2.062590954825282
206 : -1.0302763218060136
207 : -1.580134766176343
208 : -1.087885845452547
209 : -1.6348586939275265
210 : -1.7305750669911504
211 : -1.3761113448999822
212 : -1.0413680523633957
213 : -0.19241019990295172
214 : -1.464700035750866
215 : -0.8879715297371149
216 : -1.0800515869632363
217 : -1.2388897506752983
218 : -3.273982518352568
219 : -0.27573859225958586
220 : -1.2487589719239622
221 : -1.1405292940326035
222 : 0.7009812351316214
223 : -1.1674959557130933
224 : -8.790889439173043
225 : -1.5621111439540982
226 : -4.0495560597628355
227 : 0.6220732182264328
228 : -1.9335644198581576
229 : -1.644788347184658
230 : -0.7911372361704707
!!! updated
231 : -1.2015683790668845
Setting up 2 worker threads for Enlighten.
  Thread -> id: 7f5d23fa1700 -> priority: 1 
  Thread -> id: 7f5d237a0700 -> priority: 1 
Traceback (most recent call last):
  File "main.py", line 123, in <module>
    returns = [episode(env, agent, i) for i in range(training_episodes)]
  File "main.py", line 123, in <listcomp>
    returns = [episode(env, agent, i) for i in range(training_episodes)]
  File "main.py", line 30, in episode
    next_state, reward, done, _ = env.step(action.numpy()[0])
  File "/home/j/jensenj/.local/lib/python3.6/site-packages/gym_unity/envs/__init__.py", line 177, in step
    self._env.step()
  File "/home/j/jensenj/.local/lib/python3.6/site-packages/mlagents_envs/timers.py", line 305, in wrapped
    return func(*args, **kwargs)
  File "/home/j/jensenj/.local/lib/python3.6/site-packages/mlagents_envs/environment.py", line 319, in step
    self._update_state(rl_output)
  File "/home/j/jensenj/.local/lib/python3.6/site-packages/mlagents_envs/environment.py", line 275, in _update_state
    agent_info_list, self._env_specs[brain_name]
  File "/home/j/jensenj/.local/lib/python3.6/site-packages/mlagents_envs/timers.py", line 305, in wrapped
    return func(*args, **kwargs)
  File "/home/j/jensenj/.local/lib/python3.6/site-packages/mlagents_envs/rpc_utils.py", line 188, in steps_from_proto
    obs_index, obs_shape, decision_agent_info_list
  File "/home/j/jensenj/.local/lib/python3.6/site-packages/mlagents_envs/timers.py", line 305, in wrapped
    return func(*args, **kwargs)
  File "/home/j/jensenj/.local/lib/python3.6/site-packages/mlagents_envs/rpc_utils.py", line 152, in _process_vector_observation
    _raise_on_nan_and_inf(np_obs, "observations")
  File "/home/j/jensenj/.local/lib/python3.6/site-packages/mlagents_envs/rpc_utils.py", line 130, in _raise_on_nan_and_inf
    raise RuntimeError(f"The {source} provided had NaN values.")
RuntimeError: The observations provided had NaN values.
2020-06-25 12:10:52 INFO [environment.py:418] Environment shut down with return code 0.
