slurmstepd-loisach: error: Unable to create TMPDIR [/tmp/user/30108]: Permission denied
slurmstepd-loisach: error: Setting TMPDIR to /tmp
Found path: /home/j/jensenj/PycharmProjects/Federer-Jr./src/../crawler_single/linux/dynamic_server/crawler_dynamic.x86_64
Mono path[0] = '/home/j/jensenj/PycharmProjects/Federer-Jr./src/../crawler_single/linux/dynamic_server/crawler_dynamic_Data/Managed'
Mono config path = '/home/j/jensenj/PycharmProjects/Federer-Jr./src/../crawler_single/linux/dynamic_server/crawler_dynamic_Data/MonoBleedingEdge/etc'
Preloaded 'lib_burst_generated.so'
Preloaded 'libgrpc_csharp_ext.x64.so'
Initialize engine version: 2019.3.15f1 (59ff3e03856d)
[Subsystems] Discovering subsystems at path /home/j/jensenj/PycharmProjects/Federer-Jr./src/../crawler_single/linux/dynamic_server/crawler_dynamic_Data/UnitySubsystems
Forcing GfxDevice: Null
GfxDevice: creating device client; threaded=0
NullGfxDevice:
    Version:  NULL 1.0 [1.0]
    Renderer: Null Device
    Vendor:   Unity Technologies
Begin MonoManager ReloadAssembly
- Completed reload, in  0.100 seconds
WARNING: Shader Unsupported: 'Autodesk Interactive' - All passes removed
WARNING: Shader Did you use #pragma only_renderers and omit this platform?
UnloadTime: 0.432013 ms
Fallback handler could not load library /home/j/jensenj/PycharmProjects/Federer-Jr./src/../crawler_single/linux/dynamic_server/crawler_dynamic_Data/Mono/libcoreclr.so
Fallback handler could not load library /home/j/jensenj/PycharmProjects/Federer-Jr./src/../crawler_single/linux/dynamic_server/crawler_dynamic_Data/Mono/libcoreclr.so
Fallback handler could not load library /home/j/jensenj/PycharmProjects/Federer-Jr./src/../crawler_single/linux/dynamic_server/crawler_dynamic_Data/Mono/libcoreclr.so
Fallback handler could not load library /home/j/jensenj/PycharmProjects/Federer-Jr./src/../crawler_single/linux/dynamic_server/crawler_dynamic_Data/Mono/libSystem.dylib
Fallback handler could not load library /home/j/jensenj/PycharmProjects/Federer-Jr./src/../crawler_single/linux/dynamic_server/crawler_dynamic_Data/Mono/libSystem.dylib.so
Fallback handler could not load library /home/j/jensenj/PycharmProjects/Federer-Jr./src/../crawler_single/linux/dynamic_server/crawler_dynamic_Data/Mono/libSystem.dylib
Fallback handler could not load library /home/j/jensenj/PycharmProjects/Federer-Jr./src/../crawler_single/linux/dynamic_server/crawler_dynamic_Data/Mono/libcoreclr.so
Fallback handler could not load library /home/j/jensenj/PycharmProjects/Federer-Jr./src/../crawler_single/linux/dynamic_server/crawler_dynamic_Data/Mono/libcoreclr.so
Fallback handler could not load library /home/j/jensenj/PycharmProjects/Federer-Jr./src/../crawler_single/linux/dynamic_server/crawler_dynamic_Data/Mono/libcoreclr.so
Fallback handler could not load library /home/j/jensenj/PycharmProjects/Federer-Jr./src/../crawler_single/linux/dynamic_server/crawler_dynamic_Data/Mono/libSystem.dylib
Fallback handler could not load library /home/j/jensenj/PycharmProjects/Federer-Jr./src/../crawler_single/linux/dynamic_server/crawler_dynamic_Data/Mono/libSystem.dylib.so
Fallback handler could not load library /home/j/jensenj/PycharmProjects/Federer-Jr./src/../crawler_single/linux/dynamic_server/crawler_dynamic_Data/Mono/libSystem.dylib
/home/j/jensenj/.local/lib/python3.6/site-packages/tensorboard/compat/tensorflow_stub/dtypes.py:541: FutureWarning: Passing (type, 1) or '1type' as a synonym of type is deprecated; in a future version of numpy, it will be understood as (type, (1,)) / '(1,)type'.
  _np_qint8 = np.dtype([("qint8", np.int8, 1)])
/home/j/jensenj/.local/lib/python3.6/site-packages/tensorboard/compat/tensorflow_stub/dtypes.py:542: FutureWarning: Passing (type, 1) or '1type' as a synonym of type is deprecated; in a future version of numpy, it will be understood as (type, (1,)) / '(1,)type'.
  _np_quint8 = np.dtype([("quint8", np.uint8, 1)])
/home/j/jensenj/.local/lib/python3.6/site-packages/tensorboard/compat/tensorflow_stub/dtypes.py:543: FutureWarning: Passing (type, 1) or '1type' as a synonym of type is deprecated; in a future version of numpy, it will be understood as (type, (1,)) / '(1,)type'.
  _np_qint16 = np.dtype([("qint16", np.int16, 1)])
/home/j/jensenj/.local/lib/python3.6/site-packages/tensorboard/compat/tensorflow_stub/dtypes.py:544: FutureWarning: Passing (type, 1) or '1type' as a synonym of type is deprecated; in a future version of numpy, it will be understood as (type, (1,)) / '(1,)type'.
  _np_quint16 = np.dtype([("quint16", np.uint16, 1)])
/home/j/jensenj/.local/lib/python3.6/site-packages/tensorboard/compat/tensorflow_stub/dtypes.py:545: FutureWarning: Passing (type, 1) or '1type' as a synonym of type is deprecated; in a future version of numpy, it will be understood as (type, (1,)) / '(1,)type'.
  _np_qint32 = np.dtype([("qint32", np.int32, 1)])
/home/j/jensenj/.local/lib/python3.6/site-packages/tensorboard/compat/tensorflow_stub/dtypes.py:550: FutureWarning: Passing (type, 1) or '1type' as a synonym of type is deprecated; in a future version of numpy, it will be understood as (type, (1,)) / '(1,)type'.
  np_resource = np.dtype([("resource", np.ubyte, 1)])
2020-06-25 12:00:51 INFO [environment.py:108] Connected to Unity environment with package version 1.0.2 and communication version 1.0.0
2020-06-25 12:00:51 INFO [environment.py:265] Connected new brain:
CrawlerDynamic?team=0
2020-06-25 12:00:51 WARNING [__init__.py:92] The environment contains multiple observations. You must define allow_multiple_obs=True to receive them all. Otherwise, only the first visual observation (or vector observation ifthere are no visual observations) will be provided in the observation.
/home/j/jensenj/.local/lib/python3.6/site-packages/gym/logger.py:30: UserWarning: [33mWARN: Box bound precision lowered by casting to float32[0m
  warnings.warn(colorize('%s: %s'%('WARN', msg % args), 'yellow'))
/home/j/jensenj/.local/lib/python3.6/site-packages/numpy/core/_methods.py:160: RuntimeWarning: invalid value encountered in reduce
  ret = umr_sum(arr, axis, dtype, out, keepdims)
update_time_steps: 4096 , ppo_epochs: 1 , beta:  0.1 , gamma 0.9
0 : -1.550373911857605
1 : -1.4756364536006004
2 : 3.7681814590469003
3 : 1.9944941732101142
4 : -1.5841284599155188
5 : 11.052354725077748
6 : -2.0518137207254767
7 : -1.0038713249377906
8 : -1.460601853672415
9 : -1.3574819481000304
10 : -7.892330556176603
11 : -1.2638360308483243
12 : 0.501502332277596
13 : 4.7067330735735595
14 : -1.4367970563471317
15 : -1.569600029848516
16 : -0.832501357421279
17 : -1.1908467970788479
18 : -1.7960082844365388
19 : -0.9091604137793183
20 : -1.261634069494903
21 : -1.2038496807217598
22 : -2.2747292295098305
23 : -2.4276945795863867
24 : -1.7266156375408173
25 : -1.2587483637034893
26 : -0.9540992490947247
27 : -1.4706846997141838
28 : 1.3915680744685233
29 : -1.6966980993747711
30 : -1.4645143514499068
31 : -1.5335696674883366
32 : -0.6285490617156029
33 : -10.109108847565949
34 : -2.7094552600756288
35 : -1.1804127572104335
36 : -1.1812993925996125
37 : -1.6294989380985498
38 : -1.8345510885119438
39 : -1.6042346861213446
40 : -0.7388284457847476
41 : -0.9929426200687885
42 : -0.2938433839008212
43 : -1.05639383289963
44 : -0.7443866650573909
45 : -1.0577083574607968
46 : -1.8575994111597538
47 : -3.19916333258152
48 : -4.8273533277679235
49 : -1.2301287343725562
50 : -1.150776945753023
51 : -4.329632591456175
52 : -1.261999802198261
53 : 1.6478341612964869
54 : -0.7462987536564469
55 : 9.203537020366639
56 : -2.047450816258788
57 : -3.0041585322469473
58 : -8.84928136691451
59 : -0.024529960472136736
60 : -1.2374509028159082
61 : -1.055259506450966
62 : -0.5416720239445567
63 : -2.0536096973810345
64 : -1.382421403657645
65 : -1.2662109239026904
66 : -1.7649443801492453
67 : -2.2248025201261044
68 : -1.3784167980775237
69 : -5.128353143110871
70 : -1.0666289702057838
71 : -4.1948687098920345
72 : -1.0265248948708177
73 : -0.7500519496388733
74 : -1.485555361956358
75 : -0.9961103163659573
76 : -1.311630167067051
77 : -1.4355681696906686
78 : -4.22236809739843
79 : -1.4146610628813505
80 : -2.155047895386815
81 : -3.078348963521421
82 : -2.0492342901416123
83 : -1.8844598345458508
84 : -0.6104859746992588
85 : 0.06726886751130223
86 : -8.213190990500152
87 : -5.509362597949803
88 : -5.992606358602643
89 : -0.9186970805749297
90 : -0.7718655746430159
91 : -9.926223240792751
92 : -1.6079614460468292
93 : -1.7144331019371748
94 : 2.6903829691000283
95 : -1.4002027579117566
96 : -0.5450196964666247
97 : -1.8331176294013858
98 : -1.6645330449100584
99 : -1.251861097291112
100 : -0.6000649807974696
101 : -1.3660169430077076
102 : -2.7635270273312926
103 : -0.20911082718521357
104 : -1.7724069766700268
105 : -1.7334453160874546
106 : -1.4299569642171264
107 : -1.5237276963889599
108 : -4.425486484542489
109 : -1.4278444312512875
110 : -3.312338348478079
111 : -1.7949833422899246
112 : -1.1668291315436363
113 : -0.9474970903247595
114 : -1.6154268765822053
115 : -0.6894629895687103
116 : 0.8891676981002092
117 : -3.87308949790895
118 : -1.6939331339672208
119 : -0.909975802525878
120 : -2.202380538918078
121 : -2.2175391763448715
122 : -1.3253011582419276
123 : -0.807565800845623
124 : -1.037506636697799
125 : -6.135079445317388
126 : -1.3631993788294494
127 : -1.7148148915730417
128 : -1.7279735393822193
129 : -1.3804197423160076
130 : -1.5014906612923369
131 : -1.110667634755373
132 : -1.4166311286389828
133 : -1.3650270965881646
134 : -0.8720913669094443
135 : -1.1687093316577375
136 : -1.0302603021264076
137 : 2.490528748370707
138 : 0.2327154828235507
139 : -2.9593122769147158
140 : -1.3096793899312615
141 : -7.9167165397666395
142 : -0.9492444414645433
143 : -0.6973057710565627
144 : -2.047110483981669
145 : -1.5211084298789501
146 : 5.673802033532411
147 : -0.26557590067386627
148 : -1.4806540911085904
149 : -1.5104397237300873
150 : -0.9086195291019976
151 : -6.980214866343886
152 : -0.8256950508803129
153 : -1.3882194804027677
154 : -0.32879842491820455
155 : -1.1810919765848666
156 : -3.1331905545666814
157 : -1.4404865554533899
158 : 2.0730574037879705
159 : -1.1102441241964698
160 : -3.7954291123896837
161 : -1.3565437118522823
162 : -1.2390066632069647
163 : 0.6149735525250435
164 : -1.5892988946288824
165 : -1.2701216228306293
166 : -2.1005004718899727
167 : -0.7598476476850919
168 : -1.493049506098032
169 : -4.453528750687838
170 : -3.155787360854447
171 : -5.683222647756338
172 : -2.0695863594301045
173 : -2.277146835345775
174 : 3.4757223408669233
175 : -8.502752523869276
176 : -1.888905942440033
177 : -1.5932747311890125
178 : -6.097519964445382
179 : -8.441168133169413
180 : -1.2893307926133275
181 : -2.828730119392276
182 : -1.1113286456093192
183 : 1.549586174543947
184 : -1.725727243348956
185 : -0.4270150908268988
186 : -1.762847039848566
187 : -2.031929949298501
188 : -2.039927490055561
189 : -1.336904501542449
190 : -1.1260071038268507
191 : 2.429612647742033
192 : -1.0131297218613327
193 : -0.7525022341869771
194 : -1.882121634669602
195 : -1.230846812017262
196 : -0.8580867648124695
197 : -1.898009680211544
198 : -1.0396241759881377
199 : -2.053483735769987
200 : -0.6590818017721176
201 : -1.5965397916734219
202 : -3.573237913195044
203 : -0.9287705048918724
204 : -0.06939169787801802
205 : -6.621384274214506
206 : -1.1755660518538207
207 : -0.8171124034561217
208 : -1.1087741227820516
209 : -1.354832500219345
210 : -1.4163225130178034
211 : -1.150777168571949
212 : 0.33903252612799406
213 : -0.48218197375535965
214 : -1.0491095930337906
!!! updated
215 : -8.630370447412133
216 : -2.0088174268603325
217 : -1.1868998259305954
218 : -1.19597776979208
219 : -0.9399368911981583
220 : -1.189018342178315
221 : -1.5284662395715714
Setting up 2 worker threads for Enlighten.
  Thread -> id: 7f7cb3664700 -> priority: 1 
  Thread -> id: 7f7cb2e63700 -> priority: 1 
Traceback (most recent call last):
  File "main.py", line 123, in <module>
    returns = [episode(env, agent, i) for i in range(training_episodes)]
  File "main.py", line 123, in <listcomp>
    returns = [episode(env, agent, i) for i in range(training_episodes)]
  File "main.py", line 30, in episode
    next_state, reward, done, _ = env.step(action.numpy()[0])
  File "/home/j/jensenj/.local/lib/python3.6/site-packages/gym_unity/envs/__init__.py", line 177, in step
    self._env.step()
  File "/home/j/jensenj/.local/lib/python3.6/site-packages/mlagents_envs/timers.py", line 305, in wrapped
    return func(*args, **kwargs)
  File "/home/j/jensenj/.local/lib/python3.6/site-packages/mlagents_envs/environment.py", line 319, in step
    self._update_state(rl_output)
  File "/home/j/jensenj/.local/lib/python3.6/site-packages/mlagents_envs/environment.py", line 275, in _update_state
    agent_info_list, self._env_specs[brain_name]
  File "/home/j/jensenj/.local/lib/python3.6/site-packages/mlagents_envs/timers.py", line 305, in wrapped
    return func(*args, **kwargs)
  File "/home/j/jensenj/.local/lib/python3.6/site-packages/mlagents_envs/rpc_utils.py", line 188, in steps_from_proto
    obs_index, obs_shape, decision_agent_info_list
  File "/home/j/jensenj/.local/lib/python3.6/site-packages/mlagents_envs/timers.py", line 305, in wrapped
    return func(*args, **kwargs)
  File "/home/j/jensenj/.local/lib/python3.6/site-packages/mlagents_envs/rpc_utils.py", line 152, in _process_vector_observation
    _raise_on_nan_and_inf(np_obs, "observations")
  File "/home/j/jensenj/.local/lib/python3.6/site-packages/mlagents_envs/rpc_utils.py", line 130, in _raise_on_nan_and_inf
    raise RuntimeError(f"The {source} provided had NaN values.")
RuntimeError: The observations provided had NaN values.
2020-06-25 12:05:31 INFO [environment.py:418] Environment shut down with return code 0.
