slurmstepd-rhodonit: error: Unable to create TMPDIR [/tmp/user/30108]: Permission denied
slurmstepd-rhodonit: error: Setting TMPDIR to /tmp
Found path: /home/j/jensenj/PycharmProjects/Federer-Jr./src/../crawler_single/linux/dynamic_server/crawler_dynamic.x86_64
Mono path[0] = '/home/j/jensenj/PycharmProjects/Federer-Jr./src/../crawler_single/linux/dynamic_server/crawler_dynamic_Data/Managed'
Mono config path = '/home/j/jensenj/PycharmProjects/Federer-Jr./src/../crawler_single/linux/dynamic_server/crawler_dynamic_Data/MonoBleedingEdge/etc'
Preloaded 'lib_burst_generated.so'
Preloaded 'libgrpc_csharp_ext.x64.so'
Initialize engine version: 2019.3.15f1 (59ff3e03856d)
[Subsystems] Discovering subsystems at path /home/j/jensenj/PycharmProjects/Federer-Jr./src/../crawler_single/linux/dynamic_server/crawler_dynamic_Data/UnitySubsystems
Forcing GfxDevice: Null
GfxDevice: creating device client; threaded=0
NullGfxDevice:
    Version:  NULL 1.0 [1.0]
    Renderer: Null Device
    Vendor:   Unity Technologies
Begin MonoManager ReloadAssembly
- Completed reload, in  0.196 seconds
WARNING: Shader Unsupported: 'Autodesk Interactive' - All passes removed
WARNING: Shader Did you use #pragma only_renderers and omit this platform?
UnloadTime: 0.372218 ms
Fallback handler could not load library /home/j/jensenj/PycharmProjects/Federer-Jr./src/../crawler_single/linux/dynamic_server/crawler_dynamic_Data/Mono/libcoreclr.so
Fallback handler could not load library /home/j/jensenj/PycharmProjects/Federer-Jr./src/../crawler_single/linux/dynamic_server/crawler_dynamic_Data/Mono/libcoreclr.so
Fallback handler could not load library /home/j/jensenj/PycharmProjects/Federer-Jr./src/../crawler_single/linux/dynamic_server/crawler_dynamic_Data/Mono/libcoreclr.so
Fallback handler could not load library /home/j/jensenj/PycharmProjects/Federer-Jr./src/../crawler_single/linux/dynamic_server/crawler_dynamic_Data/Mono/libSystem.dylib
Fallback handler could not load library /home/j/jensenj/PycharmProjects/Federer-Jr./src/../crawler_single/linux/dynamic_server/crawler_dynamic_Data/Mono/libSystem.dylib.so
Fallback handler could not load library /home/j/jensenj/PycharmProjects/Federer-Jr./src/../crawler_single/linux/dynamic_server/crawler_dynamic_Data/Mono/libSystem.dylib
Fallback handler could not load library /home/j/jensenj/PycharmProjects/Federer-Jr./src/../crawler_single/linux/dynamic_server/crawler_dynamic_Data/Mono/libcoreclr.so
Fallback handler could not load library /home/j/jensenj/PycharmProjects/Federer-Jr./src/../crawler_single/linux/dynamic_server/crawler_dynamic_Data/Mono/libcoreclr.so
Fallback handler could not load library /home/j/jensenj/PycharmProjects/Federer-Jr./src/../crawler_single/linux/dynamic_server/crawler_dynamic_Data/Mono/libcoreclr.so
Fallback handler could not load library /home/j/jensenj/PycharmProjects/Federer-Jr./src/../crawler_single/linux/dynamic_server/crawler_dynamic_Data/Mono/libSystem.dylib
Fallback handler could not load library /home/j/jensenj/PycharmProjects/Federer-Jr./src/../crawler_single/linux/dynamic_server/crawler_dynamic_Data/Mono/libSystem.dylib.so
Fallback handler could not load library /home/j/jensenj/PycharmProjects/Federer-Jr./src/../crawler_single/linux/dynamic_server/crawler_dynamic_Data/Mono/libSystem.dylib
/home/j/jensenj/.local/lib/python3.6/site-packages/tensorboard/compat/tensorflow_stub/dtypes.py:541: FutureWarning: Passing (type, 1) or '1type' as a synonym of type is deprecated; in a future version of numpy, it will be understood as (type, (1,)) / '(1,)type'.
  _np_qint8 = np.dtype([("qint8", np.int8, 1)])
/home/j/jensenj/.local/lib/python3.6/site-packages/tensorboard/compat/tensorflow_stub/dtypes.py:542: FutureWarning: Passing (type, 1) or '1type' as a synonym of type is deprecated; in a future version of numpy, it will be understood as (type, (1,)) / '(1,)type'.
  _np_quint8 = np.dtype([("quint8", np.uint8, 1)])
/home/j/jensenj/.local/lib/python3.6/site-packages/tensorboard/compat/tensorflow_stub/dtypes.py:543: FutureWarning: Passing (type, 1) or '1type' as a synonym of type is deprecated; in a future version of numpy, it will be understood as (type, (1,)) / '(1,)type'.
  _np_qint16 = np.dtype([("qint16", np.int16, 1)])
/home/j/jensenj/.local/lib/python3.6/site-packages/tensorboard/compat/tensorflow_stub/dtypes.py:544: FutureWarning: Passing (type, 1) or '1type' as a synonym of type is deprecated; in a future version of numpy, it will be understood as (type, (1,)) / '(1,)type'.
  _np_quint16 = np.dtype([("quint16", np.uint16, 1)])
/home/j/jensenj/.local/lib/python3.6/site-packages/tensorboard/compat/tensorflow_stub/dtypes.py:545: FutureWarning: Passing (type, 1) or '1type' as a synonym of type is deprecated; in a future version of numpy, it will be understood as (type, (1,)) / '(1,)type'.
  _np_qint32 = np.dtype([("qint32", np.int32, 1)])
/home/j/jensenj/.local/lib/python3.6/site-packages/tensorboard/compat/tensorflow_stub/dtypes.py:550: FutureWarning: Passing (type, 1) or '1type' as a synonym of type is deprecated; in a future version of numpy, it will be understood as (type, (1,)) / '(1,)type'.
  np_resource = np.dtype([("resource", np.ubyte, 1)])
2020-06-25 12:12:21 INFO [environment.py:108] Connected to Unity environment with package version 1.0.2 and communication version 1.0.0
2020-06-25 12:12:21 INFO [environment.py:265] Connected new brain:
CrawlerDynamic?team=0
2020-06-25 12:12:21 WARNING [__init__.py:92] The environment contains multiple observations. You must define allow_multiple_obs=True to receive them all. Otherwise, only the first visual observation (or vector observation ifthere are no visual observations) will be provided in the observation.
update_time_steps: 8192 , ppo_epochs: 2 , beta:  0.1 , gamma 0.99
0 : 0.32560639502480626
1 : -3.633498487994075
2 : -0.40975935012102127
3 : 2.0245168446563184
4 : -1.249456943012774
5 : -2.2588666169904172
6 : -1.4947957512922585
7 : -0.8867907566018403
8 : -3.237316162325442
9 : -1.8630207916721702
10 : 0.05687633343040943
11 : -0.9260085467249155
12 : -1.406397808343172
13 : -1.076050807023421
14 : -1.3065271428786218
15 : -2.4976514875888824
16 : -1.373775014653802
17 : -0.5830216389149427
18 : -1.345516531728208
19 : -0.7359933089464903
20 : 0.3163712304085493
21 : -0.9959378088824451
22 : 1.0125625359360129
23 : -1.3001223294995725
24 : 0.6803585686720908
25 : -0.8712686143699102
26 : -0.9125550612807274
27 : -1.7575229536741972
28 : -0.914268871769309
29 : -1.9273487441241741
30 : -17.66036520898342
31 : -1.4372917306609452
32 : -1.4101618453860283
33 : 9.455215837806463
34 : -3.0113418467808515
35 : -5.534333893097937
36 : -1.2044422612525523
37 : -1.395319962874055
38 : -0.22637639194726944
39 : 0.9336224532453343
40 : 0.24365208065137267
41 : -1.0287427641451359
42 : -0.7359089953824878
43 : -1.543645147117786
44 : -5.497874952852726
45 : -0.8831572700291872
46 : -0.8687698990106583
47 : -3.0026444513350725
48 : 0.6305410391651094
49 : -1.5376967559568584
50 : -1.0135412123054266
51 : -6.658122924156487
52 : -1.117701350711286
53 : 4.661442367359996
54 : -0.9060447392985225
55 : 2.0482340031303465
56 : -4.820617010816932
57 : -1.2375084916129708
58 : -1.5898975506424904
59 : -3.780216413550079
60 : -1.5324530079960823
61 : -9.558093890547752
62 : -1.1560214802157134
63 : -1.1157398517243564
64 : -1.8094753320328891
65 : -2.193733406253159
66 : -0.9094486786052585
67 : -0.13582983892410994
68 : -9.380688769742846
69 : -1.8054357515648007
70 : -7.554610215593129
71 : -1.9434492937289178
72 : -0.6944531360641122
73 : -1.7363956347107887
74 : -0.9888667510822415
75 : -0.007204416207969189
76 : -1.6446590162813663
77 : -0.4278648414183408
78 : 2.8786723632365465
79 : 4.36852454370819
80 : -1.213120510801673
81 : -1.051698302384466
82 : -1.5961821433156729
83 : -11.067809827625751
84 : -2.034258324187249
85 : -2.51030915370211
86 : -2.1632876060903072
87 : -1.354010345414281
88 : -1.1915757758542895
89 : -11.537065783049911
90 : -0.0765796615742147
91 : -7.8493099845945835
92 : -1.6414084555581212
93 : -1.2675801841542125
94 : -1.553800169378519
95 : -1.5789376767352223
96 : -3.8241605143994093
97 : -2.086035255342722
98 : -0.857084839604795
99 : -0.8416475122794509
100 : -1.55584907787852
101 : -5.734783740714192
102 : -0.27600153163075447
103 : 0.8415469489991665
104 : -8.950963824056089
105 : -0.8546576416119933
106 : -0.5545750265009701
107 : -17.365019366145134
108 : -0.908844007179141
109 : 3.894664552528411
110 : -1.2866795780137181
111 : 1.0589476006571203
112 : -1.5800526440143585
113 : -2.1974854664877057
114 : -1.282643424347043
115 : -0.6659362493082881
116 : -3.0011738929897547
117 : -2.1750377314165235
118 : -4.5778803722932935
119 : -16.412457689642906
120 : -1.6353338956832886
121 : -3.4025790984742343
122 : 0.8550271838903427
123 : -2.8752646415960044
124 : -20.462885919958353
125 : -0.633990899194032
126 : -1.9428474642336369
127 : -0.5587774571031332
128 : -1.495385447051376
129 : 2.671326095238328
130 : -9.342832557857037
131 : -1.7983628623187542
132 : -1.7191391112282872
133 : -3.0272791273891926
134 : -1.2049770196899772
135 : -1.6059161121957004
136 : 4.0814584996551275
137 : -1.8001048658043146
138 : 1.525789791252464
139 : 1.779502778314054
140 : 13.657936677336693
141 : 1.5520000699907541
142 : -1.7764046303927898
143 : -1.6810527089983225
144 : -0.6669511399231851
145 : -6.852116613648832
146 : -8.100729619967751
147 : -0.6221022582612932
148 : -1.8881322862580419
149 : -0.8847391097806394
150 : -0.22649262379854918
151 : -2.5919104665517807
152 : -2.519362128106877
153 : -1.908055772073567
154 : -1.3331763446331024
155 : 7.890847384696826
156 : -1.5100887585431337
157 : -1.257794938981533
158 : -1.7333481283858418
159 : 1.173998560756445
160 : -1.0634639784693718
161 : -1.049265356734395
162 : -2.642476239707321
163 : -2.934071238152683
164 : 0.471191031858325
165 : -1.0975951082073152
166 : -1.225584788247943
167 : -1.6147671253420413
168 : 0.46731635835021734
169 : -2.1914762910455465
170 : -8.203479051589966
171 : -1.7479291656054556
172 : -1.5294391475617886
173 : 30.148000542540103
174 : -7.416925340890884
175 : 0.5373077550902963
176 : -2.188563823932782
177 : -1.1760593317449093
178 : -3.0822556116618216
179 : -5.822288195719011
180 : -0.8929877476766706
181 : -1.3930774335749447
182 : -1.207703878870234
183 : 2.406700217165053
184 : -1.1189163064118475
185 : -1.247654752805829
186 : -1.5717560108751059
187 : -1.6569929122924805
188 : -4.118122884072363
189 : -0.6329035253729671
190 : -1.3752150814980268
191 : -1.3441176246851683
192 : -3.149003173224628
193 : -1.5467448309063911
194 : -5.634152618702501
195 : -1.6808805651962757
196 : -0.7062303815037012
197 : -11.652172827161849
198 : -2.9107174621894956
199 : -1.8643713966012
200 : -6.694360541179776
201 : 0.3839984480291605
202 : -12.490638394840062
203 : -5.589253612328321
204 : -0.6413775393739343
205 : -1.6332843649433926
206 : -1.3457420296035707
207 : -3.4901069556362927
208 : 0.5283684260211885
209 : -0.7713855663314462
210 : -3.060438461601734
211 : -1.313580791465938
212 : -0.520557633601129
213 : -1.3184885494410992
214 : 0.613151915371418
215 : -1.273063711822033
216 : -0.16900618840008974
217 : -8.51548581942916
218 : -5.625439170747995
219 : -1.071865894831717
220 : 0.8636076794937253
221 : -1.2581943701952696
222 : -1.4490707265213132
223 : -1.7500525563955307
224 : 1.1475103609263897
225 : -0.6363704050891101
226 : 1.9141247831285
227 : -0.03408153634518385
228 : -1.079757639206946
229 : 3.2181998006999493
230 : -1.4839164484292269
231 : -1.272062472999096
232 : -7.235798147507012
233 : -1.3035010797902942
234 : -0.48789025098085403
235 : 2.168455658480525
236 : 5.87658038828522
237 : -0.11663192440755665
238 : -1.4494071770459414
239 : -4.129356970079243
240 : -6.586555436253548
241 : 1.807349861599505
242 : -1.3662586892023683
243 : -13.540943539701402
244 : -6.210844667162746
245 : 5.607051606290042
246 : -0.9868917558342218
247 : -2.614043918438256
248 : -1.4023424573242664
249 : -0.7089906483888626
250 : -1.159200113848783
251 : 1.7660538293421268
252 : -2.1901166550815105
253 : -3.4336957233026624
254 : -3.3974953666329384
255 : -0.9659741846844554
256 : -3.6749055963009596
257 : -1.44023263361305
258 : -1.4060245538130403
259 : -2.3133645413909107
260 : -2.3649742929264903
261 : -5.864556805230677
262 : -8.508227327372879
263 : -5.6497431648895144
264 : -2.4447051282040775
265 : -1.162548232357949
266 : -0.6745735509321094
267 : -5.31589111732319
268 : 4.026270078960806
269 : 2.714612868381664
270 : -2.1952845361083746
271 : -0.6669833199121058
272 : 0.32596456771716475
273 : -7.454584788065404
274 : -5.690258085727692
!!! updated
275 : -3.5068516242317855
276 : -0.7353130700066686
277 : -0.6838934551924467
278 : -1.8345878273248672
279 : -0.6593114174902439
280 : -0.8683702247217298
281 : -0.7157199000939727
282 : -1.5855773761868477
283 : -1.172634300775826
284 : -1.0952027444727719
285 : -0.9933734307996929
286 : -1.026830529095605
287 : -0.9402642287313938
288 : -1.610049657523632
289 : -1.2409446109086275
290 : -0.9731129291467369
291 : -1.917703591287136
292 : -0.9053903091698885
293 : -0.9160648407414556
294 : -1.6112502068281174
295 : -0.6940063424408436
296 : -1.8397037461400032
297 : -0.6904763532802463
298 : -0.7174895410425961
299 : -1.5749881528317928
300 : -0.7861618236638606
301 : -0.7429704973474145
302 : -1.3820887506008148
303 : -1.6377458944916725
304 : -1.425979658961296
305 : -1.2114948250818998
306 : -1.5824148133397102
307 : -1.0891679781489074
308 : -1.7959053218364716
309 : -1.8417363092303276
310 : -1.0414122035726905
311 : -1.8340571373701096
312 : -0.7299510166049004
313 : -1.590292040258646
314 : -0.867381360149011
315 : -0.9550342308357358
316 : -1.137481848243624
317 : -1.4055188447237015
318 : -1.5106280222535133
319 : -0.8762590461410582
320 : -1.5869279392063618
321 : -1.6929837986826897
322 : -1.0790308807045221
323 : -1.0782866943627596
324 : -1.237973865121603
325 : -1.484470009803772
326 : -0.9525212873704731
327 : -1.5383075885474682
328 : -1.2721482403576374
329 : -1.4274748042225838
330 : -1.5613156743347645
331 : -1.136948379687965
332 : -0.7039271565154195
333 : -1.500016575679183
334 : -1.6754481792449951
335 : -1.6122758127748966
336 : -1.1268084108596668
337 : -1.5596229992806911
338 : -2.0234051793813705
339 : -0.9646038464270532
340 : -1.5911367908120155
341 : -1.0788178890943527
342 : -0.7091627847403288
343 : -0.7578895958140492
344 : -1.0293707121163607
345 : -1.576723888516426
346 : -0.7929957527667284
347 : -0.9828715692274272
348 : -1.1462377067655325
349 : -1.4159314669668674
350 : -0.6509837992489338
351 : -0.7367623117752373
352 : -1.448263768106699
353 : -0.6929063983261585
354 : -1.5150443791644648
355 : -1.008982645580545
356 : -0.9893996878527105
357 : -1.5232194028794765
358 : -1.0291977850720286
359 : -1.610538698732853
360 : -0.6861192230135202
361 : -0.8855813280679286
362 : -2.1939314007759094
363 : -1.190199799835682
364 : -1.1292417219374329
365 : -1.1364368224167265
366 : -0.7194227054715157
367 : -1.076991144567728
368 : -1.5082074888050556
369 : -1.1093992609530687
370 : -0.767565755173564
371 : -1.0102869169786572
372 : -0.7300382908433676
373 : -1.1680609717732295
374 : -1.0273867454379797
375 : -0.775973386131227
376 : -1.6665741056203842
377 : -1.4355696281418204
378 : -1.2152024703100324
379 : -0.739471239503473
380 : -1.463268268853426
381 : -0.670640641823411
382 : -0.9396836692467332
383 : -0.7748417090624571
384 : -0.8252178959082812
385 : -1.6036733891814947
386 : -1.068624800303951
387 : -1.5309167578816414
388 : -0.7564568212255836
389 : -0.9793324191123247
390 : -0.6379768904298544
391 : -0.9607295040041208
392 : -1.074473708635196
393 : -2.6242858469486237
394 : -1.4628345966339111
395 : -1.7718057185411453
396 : -0.6497560515999794
397 : -1.928221970796585
398 : -1.8182430639863014
399 : -1.1511537448968738
400 : -1.5275717452168465
401 : -0.7292657406069338
402 : -1.800949141383171
403 : -1.2212342079728842
404 : -1.1808438245207071
405 : -1.4004280418157578
406 : -0.8537493851035833
407 : -1.6750455684959888
408 : -1.5984307751059532
409 : -1.7357499152421951
410 : -0.6434061080217361
411 : -1.8529368340969086
412 : -0.9061943918932229
413 : -1.2099406071938574
414 : -1.352055974304676
415 : -0.5918397903442383
416 : -1.7139882594347
417 : -0.9636966823600233
418 : -1.2312886789441109
419 : -1.0939844441600144
420 : -1.204594187438488
421 : -0.7157366639003158
422 : -0.7628885684534907
423 : -2.0753323584795
424 : -1.168432171922177
425 : -0.9558366383425891
426 : -1.605423592031002
427 : -0.8572343531996012
428 : -1.507453329861164
429 : -1.0029245996847749
430 : -1.5284743756055832
431 : -1.528683379292488
432 : -1.5808329060673714
433 : -1.6314039677381516
434 : -1.4313908470794559
435 : -0.6975076822564006
436 : -1.5876093208789825
437 : -0.6203951146453619
438 : -0.9276368259452283
439 : -0.8216249952092767
440 : -1.0940287690609694
441 : -1.6301402933895588
442 : -0.8695579199120402
443 : -1.6266414860729128
444 : -0.9492466077208519
445 : -1.018299239454791
446 : -1.394875206053257
447 : -1.29569380171597
448 : -0.7695631049573421
449 : -2.0589621663093567
450 : -0.7877741581760347
451 : -0.9777217470109463
452 : -0.9428271381184459
453 : -0.8433082131668925
454 : -1.320553783327341
455 : -0.7999333329498768
456 : -0.946661897469312
457 : -0.9904902568086982
458 : -0.9963556425645947
459 : -0.8747040135785937
460 : -0.9079686459153891
461 : -0.9579947842285037
462 : -0.866082055028528
463 : -1.6765114516019821
464 : -1.452376652508974
465 : -0.7271841014735401
466 : -0.7811455558985472
467 : -1.3895155750215054
468 : -1.5822801254689693
469 : -2.4392707012593746
470 : -0.675552373751998
471 : -1.202690185047686
472 : -1.050536316819489
473 : -1.723421111702919
474 : -0.713590195402503
475 : -1.729808323085308
476 : -1.2665113937109709
477 : -0.9099198123440146
478 : -0.9284158770460635
479 : -1.6141173839569092
480 : -0.907771430676803
481 : -0.8491310933604836
482 : -0.7754183225333691
483 : -0.7727538966573775
484 : -0.6932148355990648
485 : -0.9401215529069304
486 : -1.2310180272907019
487 : -3.3922202587127686
488 : -0.8681184428278357
489 : -2.1857129484415054
490 : -1.4578228741884232
491 : -1.677446536719799
492 : -1.552062053233385
493 : -1.6098018065094948
494 : -0.6500181797891855
495 : -0.7567690443247557
496 : -0.9231806211173534
497 : -1.0508997216820717
498 : -1.6411609128117561
499 : -0.939872729126364
500 : -0.7383642271161079
501 : -1.849509407300502
502 : -0.6232503801584244
503 : -1.4607329070568085
504 : -0.9479382443241775
505 : -1.3718529902398586
506 : -0.8157248101197183
507 : -1.6250125728547573
508 : -1.1436850777827203
509 : -0.7888844553381205
510 : -1.372491268441081
511 : -1.2664991732453927
512 : -1.620395503938198
513 : -1.5212568081915379
514 : -0.7521301507949829
515 : -1.4783315919339657
516 : -1.0889002908952534
517 : -1.679742008447647
518 : -1.2629752475768328
519 : -1.4009205475449562
520 : -2.6893454492092133
521 : -0.5456437207758427
522 : -1.0524434354156256
523 : -1.6846600770950317
524 : -0.6794608626514673
525 : -1.2434388501569629
526 : -0.6568940989673138
527 : -1.16056624148041
528 : -1.1517929807305336
529 : -1.6209952160716057
530 : -1.011874360498041
531 : -1.0027433084324002
532 : -0.6758425571024418
533 : -1.5385110713541508
534 : -1.056921223178506
535 : -1.359927263110876
536 : -2.6275682598352432
537 : -0.6369572002440691
538 : -0.7877793274819851
539 : -1.5484643951058388
540 : -0.682038614526391
541 : -1.2943701955955476
542 : -1.125193034298718
543 : -0.9452581102959812
544 : -1.0789331337437034
545 : -0.6870311042293906
546 : -1.5131110548973083
547 : -1.6450663059949875
548 : -0.9192894804291427
549 : -1.2928746109828353
550 : -1.113742628833279
551 : -0.6484279837459326
552 : -1.728845290839672
553 : -0.7944711744785309
554 : -1.005564615712501
555 : -1.6334846764802933
556 : -1.0234325225465
557 : -0.9406530670821667
558 : -1.756097674369812
559 : -1.0655466560274363
560 : -1.2945570573210716
561 : -1.6000459156930447
562 : -1.598817951977253
563 : -1.903952594846487
564 : -1.5227142795920372
565 : -1.575557753443718
566 : -1.3611443415284157
567 : -1.242517352104187
568 : -1.646599568426609
569 : -1.222996562719345
570 : -1.439705464988947
571 : -0.7908608089201152
572 : -0.5808033458888531
573 : -2.0748151764273643
574 : -1.2158883125521243
575 : -1.1320728664286435
576 : -0.7969108568504453
577 : -1.389258436858654
578 : -1.6966966316103935
579 : -1.7513270899653435
580 : -1.3824104107916355
581 : -1.1188517101109028
582 : -1.5419111885130405
583 : -0.6998838493600488
584 : -1.3140150159597397
585 : -0.927829310297966
586 : -1.7237277776002884
587 : -0.7277268283069134
588 : -1.748276561498642
589 : -1.4663750976324081
590 : -0.7633153079077601
591 : -1.6436743810772896
592 : -0.8365675061941147
593 : -0.7549318964593112
594 : -1.773142658174038
595 : -0.7107126256451011
596 : -0.9489683144493029
597 : -1.5892101600766182
598 : -1.619141235947609
599 : -1.7787296548485756
600 : -1.348635658621788
601 : -0.8357706940732896
602 : -0.6547769401222467
603 : -1.7106395438313484
604 : -1.8237165734171867
605 : -1.1819584050681442
606 : -0.6435557175427675
607 : -0.9541761483997107
608 : -1.4299743473529816
609 : -0.7924602702260017
610 : -0.8733028406277299
611 : -1.2367654303088784
612 : -1.1853931308723986
613 : -1.3759010727517307
614 : -1.5897092707455158
615 : -0.7455426859669387
616 : -1.0156527934595942
617 : -0.8875434948131442
618 : -1.5593605190515518
619 : -1.3995975581929088
620 : -1.6910323426127434
621 : -1.576336346566677
622 : -1.4809772484004498
623 : -0.7053153607994318
624 : -1.0761400456540287
625 : -1.4791217260062695
626 : -0.7213137820363045
627 : -0.7458962621167302
628 : -1.3196244426071644
629 : -0.7750242268666625
630 : -1.9908732920885086
631 : -0.8790831188671291
632 : -0.8649553535506129
633 : -1.154999379068613
634 : -0.6475351490080357
635 : -0.7576833814382553
636 : -1.5533205792307854
637 : -1.3407628368586302
638 : -1.1417457559145987
639 : -1.2293215105310082
640 : -0.8420329918153584/home/j/jensenj/.local/lib/python3.6/site-packages/gym/logger.py:30: UserWarning: [33mWARN: Box bound precision lowered by casting to float32[0m
  warnings.warn(colorize('%s: %s'%('WARN', msg % args), 'yellow'))

641 : -1.798647701740265
642 : -0.9856126941740513
643 : -1.4990803077816963
644 : -0.7877858583815396
645 : -1.213672467507422
646 : -1.2617769334465265
647 : -1.1373582165688276
648 : -1.9588275104761124
649 : -1.5267476988956332
650 : -0.7518887519836426
651 : -1.662654958665371
652 : -0.9847306278534234
653 : -1.6120494809001684
654 : -1.6443074494600296
655 : -1.6792572438716888
656 : -0.7224556840956211
657 : -1.1207130937837064
658 : -0.8849188787862659
659 : -2.7011052146553993
660 : -0.6404165476560593
661 : -1.6794676631689072
662 : -0.7196511775255203
663 : -2.040975220501423
664 : -1.6491130627691746
665 : -0.9912926079705358
666 : -0.7688539372757077
667 : -2.01420009881258
668 : -1.602609284222126
669 : -1.2432889211922884
670 : -0.8260642755776644
671 : -0.8818459641188383
672 : -0.97359900677111
673 : -1.116974949836731
674 : -1.5173627249896526
675 : -1.3059574291110039
676 : -1.2905297633260489
677 : -1.5947862640023232
678 : -0.6267850808799267
679 : -0.8549324385821819
680 : -1.4632216915488243
681 : -0.731580532155931
682 : -1.76493189483881
683 : -0.7537216013297439
684 : -0.6485129185020924
685 : -1.501120500266552
686 : -1.539240550249815
687 : -2.1385780423879623
688 : -0.9228403931483626
689 : -0.5925704054534435
690 : -1.2943010497838259
691 : -1.7960482388734818
692 : -0.9161281688138843
693 : -0.7609374821186066
694 : -0.7582414727658033
695 : -1.7935755401849747
696 : -0.8872359059751034
697 : -0.8867575312033296
698 : -1.595077533274889
699 : -0.8400358064100146
700 : -0.6457485016435385
701 : -1.0481948275119066
702 : -1.8025152124464512
703 : -1.868340864777565
704 : -1.5527294054627419
705 : -1.03125661611557
706 : -0.7378961858339608
707 : -0.919597300235182
708 : -0.9440853660926223
709 : -1.1796110928989947
710 : -0.6253817025572062
711 : -0.7398488465696573
712 : -1.400453295558691
713 : -1.4068396873772144
714 : -0.8412164598703384
715 : -0.9339229557663202
716 : -0.9525989480316639
717 : -1.6934877671301365
718 : -1.654391534626484
719 : -0.919236971065402
720 : -1.6058191731572151
721 : -0.7695094575174153
722 : -1.6278680711984634
723 : -0.678460780531168
724 : -1.2105069179087877
725 : -1.0691946782171726
726 : -1.0325146401301026
727 : -0.7769776624627411
728 : -1.4650393594056368
729 : -1.5937420725822449
730 : -0.7462689569219947
731 : -1.5360952988266945
732 : -1.2679481683298945
733 : -1.7600985541939735
734 : -1.528942197561264
735 : -1.038345698500052
736 : -1.7077880874276161
737 : -0.7255033147521317
738 : -0.8049061349593103
739 : -0.809666215442121
740 : -1.8796222135424614
741 : -1.3717901669442654
742 : -0.9929315002518706
743 : -1.8084604516625404
744 : -2.3047067746520042
745 : -0.7436471097171307
746 : -0.7949715717695653
747 : -0.8397266799584031
748 : -1.384912463836372
749 : -0.9797029402107
750 : -1.361579556018114
751 : -0.8030189592391253
752 : -1.0019281804561615
753 : -0.9251006166450679
754 : -0.871302783023566
755 : -1.5486106015741825
756 : -1.5708495900034904
757 : -1.3603454697877169
758 : -0.6671461649239063
759 : -0.7605590214952826
760 : -1.1069420324638486
761 : -1.227137228474021
762 : -0.6639568582177162
763 : -1.8833802863955498
764 : -1.1816636379808187
765 : -1.495305197313428
766 : -1.040225623641163
767 : -1.3515628315508366
768 : -1.5880852490663528
769 : -0.7101955991238356
770 : -0.8258579354733229
771 : -1.712701752781868
772 : -0.9333705417811871
773 : -0.9564020466059446
774 : -1.2999578807502985
775 : -1.4167858585715294
776 : -1.247136696241796
777 : -0.6697666281834245
778 : -1.0056484336964786
779 : -1.7231461256742477
780 : -1.0511998627334833
781 : -1.9245388396084309
782 : -1.0676367587875575
783 : -1.0509086148813367
784 : -1.5835226364433765
785 : -1.1803517532534897
786 : -1.0357500286772847
787 : -0.7817793348804116
788 : -1.2033538855612278
789 : -1.660925094038248
790 : -1.0289242388680577
791 : -1.7532932981848717
792 : -1.177207700908184
793 : -1.3217664193361998
794 : -0.8188585550524294
795 : -1.1459796763956547
796 : -1.5635752975940704
797 : -0.7779124602675438
798 : -1.096630148589611
799 : -0.6967596872709692
800 : -1.5710674859583378
801 : -0.9594762269407511
802 : -1.4376970436424017
803 : -0.7318743821233511
804 : -1.279575646854937
805 : -1.5268964692950249
806 : -0.8507184516638517
807 : -1.7142752334475517
808 : -1.545436155050993
809 : -1.6299491226673126
810 : -1.4195565171539783
811 : -1.304756313096732
812 : -0.7949507907032967
813 : -0.7605630028992891
814 : -1.425799172371626
815 : -1.7340735346078873
816 : -1.7286449745297432
817 : -0.8223596820607781
818 : -1.5891152322292328
819 : -0.7412196393124759
820 : -1.5568460077047348
821 : -0.6596080991439521
822 : -1.0836498690769076
823 : -0.9792642048560083
824 : -0.7995482836849988
825 : -0.9700523586943746
826 : -2.0859722048044205
827 : -1.0941587884444743
828 : -1.0055916663259268
829 : -1.2625456447713077
830 : -1.5192285291850567
831 : -1.0674008397618309
832 : -1.6230870261788368
833 : -1.870556928217411
834 : -1.7743127048015594
835 : -0.76136973220855
836 : -2.0678847283124924
837 : -1.2665995573624969
838 : -0.6484804973006248
839 : -1.2137984107248485
840 : -0.8266908335499465
841 : -1.4422412291169167
842 : -0.7264674827456474
843 : -1.6618615090847015
844 : -0.6399327721446753
845 : -1.5853528566658497
846 : -1.689174436032772
847 : -1.5875068381428719
848 : -1.7052295580506325
849 : -0.9473311714828014
850 : -0.7871078606694937
851 : -1.162924062460661
852 : -0.9204838136211038
853 : -1.6165744960308075
854 : -2.244108721613884
855 : -0.8492416441440582
856 : -2.583771087229252
857 : -1.5120365880429745
858 : -0.8269417313858867
859 : -1.1332523403689265
860 : -0.9914809577167034
861 : -0.7503104531206191
862 : -0.7699900376610458
863 : -1.926969524472952
864 : -1.2355460710823536
865 : -0.827776666963473
866 : -0.7437811018899083
867 : -0.6281836349517107
868 : -1.1922983604017645
869 : -1.1054273902554996
870 : -1.38172628544271
871 : -0.6358039993792772
872 : -1.648253545165062
873 : -0.9506623763591051
874 : -1.2978880861774087
875 : -1.6251827627420425
876 : -0.8843668540939689
877 : -2.1653015464544296
878 : -0.6610172465443611
879 : -1.494430661201477
880 : -1.431954100728035
881 : -1.3109328104183078
882 : -1.0270015052519739
883 : -1.903999075293541
884 : -1.5521086938679218
885 : -1.5762136690318584
886 : -1.2531152162700891
887 : -1.4936111867427826
888 : -0.8147922465577722
889 : -1.7217268720269203
890 : -1.6470564380288124
891 : -1.4119577966630459
892 : -0.9503994518890977
893 : -1.656927578151226
894 : -1.560029424726963
895 : -1.6914274767041206
896 : -1.3727146945893764
897 : -1.4707182087004185
898 : -1.4641260616481304
899 : -0.8918407708406448
900 : -1.4947882145643234
901 : -0.7404736713506281
902 : -0.761917139403522
903 : -0.9614248992875218
904 : -0.6595816146582365
905 : -0.8569018254056573
906 : -0.6945313736796379
907 : -0.9562746332958341
908 : -0.7496210867539048
909 : -0.88365727243945
910 : -1.6046712473034859
911 : -0.580345967784524
912 : -0.9979298999533057
913 : -1.0201685703359544
914 : -1.1382369296625257
915 : -1.3592910449951887
916 : -0.9847971340641379
917 : -1.592453982681036
918 : -0.7867460264824331
919 : -1.5817020684480667
920 : -1.9327123686671257
921 : -0.5778528153896332
922 : -1.917942613363266
923 : -1.153208532370627
924 : -0.7035902589559555
925 : -1.4387820698320866
926 : -1.5491908639669418
927 : -1.1689177751541138
928 : -1.2380270548164845
929 : -0.669837424531579
930 : -0.8389443228952587
931 : -1.5871937200427055
932 : -0.7384576462209225
933 : -2.4380837567150593
934 : -0.8255131430923939
935 : -1.284126065671444
936 : -1.5318141728639603
937 : -1.5713352113962173
938 : -1.7544116526842117
939 : -1.6657517328858376
940 : -0.9633583065588027
941 : -1.3516590800136328
942 : -1.2388161644339561
943 : -1.207686745095998
944 : -1.3517266064882278
945 : -1.6846604719758034
946 : -1.324014589190483
947 : -1.53789684176445
948 : -1.3390357941389084
949 : -1.2430485896766186
950 : -1.7048565074801445
951 : -0.7060953341424465
952 : -3.352753482758999
953 : -1.3115877211093903
954 : -0.5663274079561234
955 : -0.8614581311121583
956 : -0.9661268666386604
957 : -1.5555589944124222
958 : -0.6632519718259573
959 : -1.0270141046494246
960 : -1.188411531969905
961 : -1.237556935288012
962 : -1.9074097201228142
963 : -0.8139795034658164
964 : -1.7948572635650635
965 : -0.7256019813939929
966 : -0.7246042573824525
967 : -1.8203646913170815
968 : -0.8936496651731431
969 : -1.4199285805225372
970 : -0.8185044759884477
971 : -1.219227021560073
972 : -2.4077025800943375
973 : -0.9855820555239916
974 : -0.8533862633630633
975 : -1.456222491338849
976 : -0.8785988204181194
977 : -0.7533277529291809
978 : -1.8450339958071709
979 : -1.4432748071849346
980 : -1.8066221177577972
981 : -0.9887388935312629
982 : -0.6796342469751835
983 : -1.523975022137165
984 : -1.6068955399096012
985 : -1.6880319342017174
986 : -1.0352506930939853
987 : -0.6358136832714081
988 : -1.7032438516616821
989 : -0.6760451477020979
990 : -1.1579906828701496
991 : -0.861266715452075
992 : -1.8157541826367378
993 : -1.0533065219642594
994 : -0.6019694954156876
995 : -0.7432690896093845
996 : -0.777483232319355
997 : -1.4029002487659454
998 : -0.7223224341869354
999 : -1.2785107393283397
Setting up 6 worker threads for Enlighten.
  Thread -> id: 7f0e33955700 -> priority: 1 
  Thread -> id: 7f0e33154700 -> priority: 1 
  Thread -> id: 7f0e32953700 -> priority: 1 
  Thread -> id: 7f0e32152700 -> priority: 1 
  Thread -> id: 7f0e31951700 -> priority: 1 
  Thread -> id: 7f0e31150700 -> priority: 1 
2020-06-25 12:28:02 INFO [environment.py:418] Environment shut down with return code 0.
