slurmstepd-ilz: error: Unable to create TMPDIR [/tmp/user/30108]: Permission denied
slurmstepd-ilz: error: Setting TMPDIR to /tmp
Found path: /home/j/jensenj/PycharmProjects/Federer-Jr./src/../crawler_single/linux/dynamic_server/crawler_dynamic.x86_64
Mono path[0] = '/home/j/jensenj/PycharmProjects/Federer-Jr./src/../crawler_single/linux/dynamic_server/crawler_dynamic_Data/Managed'
Mono config path = '/home/j/jensenj/PycharmProjects/Federer-Jr./src/../crawler_single/linux/dynamic_server/crawler_dynamic_Data/MonoBleedingEdge/etc'
Preloaded 'lib_burst_generated.so'
Preloaded 'libgrpc_csharp_ext.x64.so'
Initialize engine version: 2019.3.15f1 (59ff3e03856d)
[Subsystems] Discovering subsystems at path /home/j/jensenj/PycharmProjects/Federer-Jr./src/../crawler_single/linux/dynamic_server/crawler_dynamic_Data/UnitySubsystems
Forcing GfxDevice: Null
GfxDevice: creating device client; threaded=0
NullGfxDevice:
    Version:  NULL 1.0 [1.0]
    Renderer: Null Device
    Vendor:   Unity Technologies
Begin MonoManager ReloadAssembly
- Completed reload, in  0.097 seconds
WARNING: Shader Unsupported: 'Autodesk Interactive' - All passes removed
WARNING: Shader Did you use #pragma only_renderers and omit this platform?
UnloadTime: 0.392075 ms
Fallback handler could not load library /home/j/jensenj/PycharmProjects/Federer-Jr./src/../crawler_single/linux/dynamic_server/crawler_dynamic_Data/Mono/libcoreclr.so
Fallback handler could not load library /home/j/jensenj/PycharmProjects/Federer-Jr./src/../crawler_single/linux/dynamic_server/crawler_dynamic_Data/Mono/libcoreclr.so
Fallback handler could not load library /home/j/jensenj/PycharmProjects/Federer-Jr./src/../crawler_single/linux/dynamic_server/crawler_dynamic_Data/Mono/libcoreclr.so
Fallback handler could not load library /home/j/jensenj/PycharmProjects/Federer-Jr./src/../crawler_single/linux/dynamic_server/crawler_dynamic_Data/Mono/libSystem.dylib
Fallback handler could not load library /home/j/jensenj/PycharmProjects/Federer-Jr./src/../crawler_single/linux/dynamic_server/crawler_dynamic_Data/Mono/libSystem.dylib.so
Fallback handler could not load library /home/j/jensenj/PycharmProjects/Federer-Jr./src/../crawler_single/linux/dynamic_server/crawler_dynamic_Data/Mono/libSystem.dylib
Fallback handler could not load library /home/j/jensenj/PycharmProjects/Federer-Jr./src/../crawler_single/linux/dynamic_server/crawler_dynamic_Data/Mono/libcoreclr.so
Fallback handler could not load library /home/j/jensenj/PycharmProjects/Federer-Jr./src/../crawler_single/linux/dynamic_server/crawler_dynamic_Data/Mono/libcoreclr.so
Fallback handler could not load library /home/j/jensenj/PycharmProjects/Federer-Jr./src/../crawler_single/linux/dynamic_server/crawler_dynamic_Data/Mono/libcoreclr.so
Fallback handler could not load library /home/j/jensenj/PycharmProjects/Federer-Jr./src/../crawler_single/linux/dynamic_server/crawler_dynamic_Data/Mono/libSystem.dylib
Fallback handler could not load library /home/j/jensenj/PycharmProjects/Federer-Jr./src/../crawler_single/linux/dynamic_server/crawler_dynamic_Data/Mono/libSystem.dylib.so
Fallback handler could not load library /home/j/jensenj/PycharmProjects/Federer-Jr./src/../crawler_single/linux/dynamic_server/crawler_dynamic_Data/Mono/libSystem.dylib
/home/j/jensenj/.local/lib/python3.6/site-packages/tensorboard/compat/tensorflow_stub/dtypes.py:541: FutureWarning: Passing (type, 1) or '1type' as a synonym of type is deprecated; in a future version of numpy, it will be understood as (type, (1,)) / '(1,)type'.
  _np_qint8 = np.dtype([("qint8", np.int8, 1)])
/home/j/jensenj/.local/lib/python3.6/site-packages/tensorboard/compat/tensorflow_stub/dtypes.py:542: FutureWarning: Passing (type, 1) or '1type' as a synonym of type is deprecated; in a future version of numpy, it will be understood as (type, (1,)) / '(1,)type'.
  _np_quint8 = np.dtype([("quint8", np.uint8, 1)])
/home/j/jensenj/.local/lib/python3.6/site-packages/tensorboard/compat/tensorflow_stub/dtypes.py:543: FutureWarning: Passing (type, 1) or '1type' as a synonym of type is deprecated; in a future version of numpy, it will be understood as (type, (1,)) / '(1,)type'.
  _np_qint16 = np.dtype([("qint16", np.int16, 1)])
/home/j/jensenj/.local/lib/python3.6/site-packages/tensorboard/compat/tensorflow_stub/dtypes.py:544: FutureWarning: Passing (type, 1) or '1type' as a synonym of type is deprecated; in a future version of numpy, it will be understood as (type, (1,)) / '(1,)type'.
  _np_quint16 = np.dtype([("quint16", np.uint16, 1)])
/home/j/jensenj/.local/lib/python3.6/site-packages/tensorboard/compat/tensorflow_stub/dtypes.py:545: FutureWarning: Passing (type, 1) or '1type' as a synonym of type is deprecated; in a future version of numpy, it will be understood as (type, (1,)) / '(1,)type'.
  _np_qint32 = np.dtype([("qint32", np.int32, 1)])
/home/j/jensenj/.local/lib/python3.6/site-packages/tensorboard/compat/tensorflow_stub/dtypes.py:550: FutureWarning: Passing (type, 1) or '1type' as a synonym of type is deprecated; in a future version of numpy, it will be understood as (type, (1,)) / '(1,)type'.
  np_resource = np.dtype([("resource", np.ubyte, 1)])
2020-06-25 12:20:51 INFO [environment.py:108] Connected to Unity environment with package version 1.0.2 and communication version 1.0.0
2020-06-25 12:20:51 INFO [environment.py:265] Connected new brain:
CrawlerDynamic?team=0
2020-06-25 12:20:51 WARNING [__init__.py:92] The environment contains multiple observations. You must define allow_multiple_obs=True to receive them all. Otherwise, only the first visual observation (or vector observation ifthere are no visual observations) will be provided in the observation.
/home/j/jensenj/.local/lib/python3.6/site-packages/gym/logger.py:30: UserWarning: [33mWARN: Box bound precision lowered by casting to float32[0m
  warnings.warn(colorize('%s: %s'%('WARN', msg % args), 'yellow'))
/home/j/jensenj/.local/lib/python3.6/site-packages/numpy/core/_methods.py:160: RuntimeWarning: invalid value encountered in reduce
  ret = umr_sum(arr, axis, dtype, out, keepdims)
update_time_steps: 8192 , ppo_epochs: 32 , beta:  0.001 , gamma 0.9
0 : -1.514720861800015
1 : 0.36139017064124346
2 : 1.7756598824635148
3 : -1.8097506859339774
4 : -1.2202180298045278
5 : -1.2829116806387901
6 : -0.7732216781005263
7 : -1.9194655269384384
8 : 0.004376322962343693
9 : -2.1202432890422642
10 : -2.1959520312957466
11 : -1.125344599597156
12 : -1.4949908293783665
13 : -1.1093486212193966
14 : -0.6883062780834734
15 : -2.9053049087524414
16 : -0.7552182963117957
17 : -0.951954597607255
18 : -1.2587554997298867
19 : -0.9241439555771649
20 : 0.3117597661912441
21 : -1.8330818954855204
22 : -0.8143698275089264
23 : -0.9813101598992944
24 : -5.892029643058777
25 : -3.798993468284607
26 : 0.8112717652693391
27 : -0.6038045333698392
28 : -0.8022853769361973
29 : -1.5052335038781166
30 : -0.9027973627671599
31 : -1.4048886531963944
32 : -0.7312068997416645
33 : -1.9941962994635105
34 : -1.2522334847599268
35 : -0.9165775943547487
36 : -0.9607223682105541
37 : -0.9587358087301254
38 : -1.5328014912083745
39 : -0.8895531510934234
40 : -1.2491510529071093
41 : -6.769244274124503
42 : -1.5307663260027766
43 : -0.9599107443355024
44 : -1.196515909396112
45 : -1.1564233861863613
46 : -0.9069944799412042
47 : -2.183885380625725
48 : -1.3062725439667702
49 : -1.0704937120899558
50 : -0.7051292350515723
51 : -1.1799248647876084
52 : -1.6801445186138153
53 : -1.2606356639880687
54 : -1.524407396093011
55 : -1.6244239248335361
56 : -1.111196814570576
57 : -4.434066564776003
58 : -0.37204092741012573
59 : -1.503904176875949
60 : -1.6851188307628036
61 : -1.0695409644395113
62 : -1.5794876255095005
63 : -1.9828806519508362
64 : -1.480684575624764
65 : -1.6483685933053493
66 : -2.5519797573797405
67 : -0.9401437910273671
68 : -1.3305603694170713
69 : -2.99187242356129
70 : -1.5776521433144808
71 : -1.4563591331243515
72 : -1.162221628241241
73 : -1.1996044656261802
74 : -1.7237220536917448
75 : -1.014164841733873
76 : -1.2533301669172943
77 : -0.9553039730526507
78 : -1.5305373948067427
79 : -0.772145735565573
80 : 0.06060822028666735
81 : -0.7325209542177618
82 : -1.5801476817578077
83 : -0.5358033999800682
84 : -4.162771446630359
85 : 1.8247978631407022
86 : -2.304907424375415
87 : -1.2781178555451334
88 : -1.4423400070518255
89 : -1.716904321219772
90 : -1.5933505045250058
91 : -3.172881269827485
92 : -3.2682922538369894
93 : -4.176437815651298
94 : -1.0414048181846738
95 : -1.2568048960529268
96 : -1.693980984389782
97 : 1.6024164194241166
98 : -1.5283494405448437
99 : -0.9228724166750908
100 : -5.218733713962138
101 : -0.020286389626562595
102 : -0.9016771288588643
103 : 2.4284596275538206
104 : -1.5172438779845834
105 : -1.093760833144188
106 : -1.794766502454877
107 : -1.1273958031088114
108 : 1.634220426902175
109 : -1.6012514187023044
110 : -1.3624592423439026
111 : -2.3637438379228115
112 : -0.9945974452421069
113 : -1.4092818442732096
114 : -2.6246217731386423
115 : -1.023275834042579
116 : -1.4782485691830516
117 : -1.1528516244143248
118 : 0.03122609108686447
119 : -1.8822747804224491
120 : -1.5844836318865418
121 : -1.4633940774947405
122 : -2.4327426105737686
123 : -1.6881667226552963
124 : -1.9809440486133099
125 : 0.09515599999576807
126 : -2.2265199087560177
127 : -2.373824775684625
128 : -1.3099852399900556
129 : -1.4062241856008768
130 : 1.8267882680520415
131 : -1.1019915053620934
132 : -1.1236181799322367
133 : -0.646048498339951
134 : -1.4523684792220592
135 : -3.3954692143015563
136 : -1.2501840200275183
137 : -0.8149095419794321
138 : -0.8075012294575572
139 : 0.5040462128818035
140 : -1.619087141007185
141 : -1.3772721011191607
142 : 0.8796506593935192
143 : -1.5240031778812408
144 : -1.010017216205597
145 : -3.975100092589855
146 : -1.6440533208660781
147 : -0.13411600282415748
148 : -1.4974822010844946
149 : -1.4777655773796141
150 : -1.5884858593344688
151 : -6.220543785020709
152 : -1.3788227592594922
153 : -1.3447622824460268
154 : -1.432243639137596
155 : 1.3027008706703782
156 : -1.114894141210243
157 : -2.1014517908915877
158 : -0.9176197228953242
159 : -0.16904073115438223
160 : -2.906816817820072
161 : 1.1179185518994927
162 : -1.6964432313106954
163 : -2.251907316967845
164 : -4.087918628938496
165 : -0.048844079952687025
166 : -0.40515598002821207
167 : -1.1099398019723594
168 : -1.3028467502444983
169 : -1.0665491740219295
170 : -0.7558859102427959
171 : -1.179351192433387
172 : -1.7310236915946007
173 : -1.5996288154274225
174 : 0.20326559990644455
175 : -6.6522405333817005
176 : 3.9128118297085166
177 : -2.3030504279304296
178 : -1.1232741866260767
179 : -1.549905217019841
180 : 4.37830943800509
181 : -1.8884116527624428
182 : -11.942431083414704
183 : -0.9195252703502774
184 : -1.3704268457368016
185 : -4.157455399632454
186 : -1.4748127129860222
187 : -2.644401895813644
188 : -1.2503857985138893
189 : -0.821389923337847
190 : -1.6239477880299091
191 : -1.1840341612696648
192 : -1.344196716323495
193 : 4.098335575312376
194 : -1.8851882591843605
195 : -1.0029018502682447
196 : -1.281054925173521
197 : -3.4648445434868336
198 : -1.1944733085110784
199 : -0.841612920165062
200 : -2.3735270369797945
201 : -0.9389049746096134
202 : -1.177485930500552
203 : -1.426492449361831
204 : 0.9822592278942466
205 : 0.570024271029979
206 : -1.4595052376389503
207 : -0.857467089779675
208 : -1.2356514604762197
209 : 0.26632234919816256
210 : -1.449056513607502
211 : -1.5070470534265041
212 : -1.373729360755533
213 : -1.3483493607491255
214 : -1.4648538790643215
215 : -1.3529117936268449
216 : -1.1333818403072655
217 : -1.0477423183619976
218 : -1.7992557100951672
219 : 1.516759132500738
220 : -1.7240537833422422
221 : -0.6077069472521544
222 : -2.2644964940845966
223 : -0.19344797916710377
224 : 0.019382180646061897
225 : -1.821382150053978
226 : 0.18876236490905285
227 : -1.7607545470818877
228 : -0.9159655105322599
229 : -2.1147966757416725
230 : -0.6488695479929447
231 : -1.500697704963386
232 : 3.0304881553165615
233 : -0.6252492954954505
234 : -0.16741462145000696
235 : 2.8505445569753647
236 : -2.4612749367952347
237 : -1.322049731388688
238 : -1.6624379213899374
239 : -0.9970717895776033
240 : -0.746772013604641
241 : -1.3208939358592033
242 : 0.022793583571910858
243 : -0.8680245224386454
244 : -0.734957423992455
245 : -1.4238848960958421
246 : -1.33290137629956
247 : -2.3067802898585796
248 : -1.2157966932281852
249 : 0.9707812527194619
250 : -0.9777606576681137
251 : -2.018596723675728
252 : -1.0608719056472182
253 : -2.2762953978963196
254 : -1.125367903150618
255 : -0.32876667007803917
256 : -5.282075868919492
257 : -1.9391708634793758
258 : -0.8178792353719473
259 : -0.9594937898218632
260 : -1.1718705398961902
261 : -1.0313880983740091
262 : 3.692367152310908
263 : -4.824373468756676
264 : -1.0053586061112583
265 : -0.8330096956342459
266 : -4.645131826400757
267 : -3.0268851555883884
268 : -5.737037932500243
269 : -0.85706945694983
270 : -0.7129217777401209
271 : -0.5600165170617402
272 : -1.4548717755824327
273 : 2.76677786372602
274 : 0.10255000507459044
275 : -2.0140392519533634
276 : -0.768025865778327
277 : -1.8666744413785636
278 : -1.8279712926596403
279 : -0.5494791222736239
280 : -1.5767958629876375
281 : -8.941451478749514
282 : -1.0457206033170223
283 : -1.4563078545033932
284 : -1.1426465732511133
285 : -1.5273287259042263
286 : -2.071499021258205
287 : -2.5632744506001472
288 : -0.9262926504015923
289 : -1.2536963513121009
290 : 2.56794644985348
291 : -1.7016212083399296
292 : -0.9148199018090963
293 : -0.951533236540854
294 : -1.7698825299739838
295 : -0.8902971912175417
296 : -0.8343352545052767
297 : -2.062759444117546
298 : -1.4769290406256914
299 : 4.2309172404929996
300 : -1.773495729546994
301 : 0.07788037229329348
302 : -1.4205807894468307
303 : -0.5342270275577903
304 : -1.5163501175120473
305 : 1.6204595901072025
306 : -2.5180359538644552
307 : -1.9928794018924236
308 : -1.0936000384390354
309 : -1.026353289373219
310 : 1.44059297721833
311 : -2.5131822023540735
312 : -0.9493341092020273
313 : -2.745830312371254
314 : 2.1736719822511077
315 : -1.7519684368744493
316 : -0.6974632758647203
317 : -1.7302917763590813
318 : 3.453183033503592
319 : -1.8523947247304022
320 : -4.526727385818958
321 : -1.5720624215900898
322 : -2.394911615177989
323 : -1.7581245470792055
324 : -1.0053826496005058
325 : -0.5515178819186985
326 : -1.7256442792713642
327 : -0.9124003467150033
328 : -0.027141783386468887
329 : -1.2855086186900735
330 : -1.2812012173235416
331 : 1.1004245830699801
332 : -1.4534062556922436
333 : -1.487263125833124
334 : -2.8070094040594995
335 : -0.3706401311792433
336 : -5.003215944394469
337 : -1.2933139633387327
338 : -0.755928254686296
339 : -1.406048466451466
340 : -1.1111892107874155
341 : 0.8228606879711151
342 : -2.1632318925112486
343 : -1.7123478911817074
344 : -0.32059531193226576
345 : -0.8274615602567792
346 : -2.654858192894608
347 : -4.215219933539629
348 : 3.146159313619137
349 : -2.313748029526323
350 : -1.591962305828929
351 : -1.276193009223789
352 : -0.9076735973358154
353 : -0.8306547156535089
354 : -1.427393577992916
355 : -1.3096220484003425
356 : -0.9675307720899582
357 : -1.3783073194790632
358 : -1.6839036606252193
359 : -0.11739119701087475
360 : -1.4763384079560637
361 : -0.13245475478470325
362 : 4.292911423370242
363 : 7.445249294862151
364 : -1.7785305604338646
365 : 1.1210692916065454
366 : -2.5600214046426117
367 : -1.288008753908798
368 : -1.475039318203926
369 : -1.3556345347315073
370 : -0.762743117287755
371 : -1.8093170560896397
372 : -1.4845553077757359
373 : -2.010355420410633
374 : -0.5873702708631754
375 : -0.9220995828509331
376 : -1.7723512183874846
377 : -0.5651474269106984
378 : -0.9672923292964697
379 : -2.019889274612069
380 : -1.7796462066471577
381 : -1.8948901919648051
382 : -0.6314648985862732
383 : 7.929957523941994
384 : -0.9623569631949067
385 : -0.8652235702611506
386 : -0.658247453160584
387 : -2.7844090051949024
388 : -1.3593028231989592
389 : -1.3209639880806208
390 : 1.9035442180465907
391 : 1.0776998782530427
392 : -3.3666203785687685
393 : -1.157317092642188
394 : -0.6484843892976642
395 : -1.3465549582615495
396 : -1.1003923919051886
397 : -1.7011544606648386
398 : 0.8543249182403088
399 : -1.3454275811091065
400 : -1.0359828444197774
401 : -1.0202933382242918
402 : -1.1384824961423874
403 : -1.645462904125452
404 : -1.4854488391429186
405 : -0.19420090946368873
406 : -1.1101788710802794
407 : -1.1718216394074261
408 : -1.9249732331372797
409 : -2.013210028409958
410 : -1.4154287218116224
411 : 0.1694542388431728
412 : -1.3676302060484886
413 : -1.4560155682265759
414 : -1.768584482371807
415 : -0.7562640309333801
416 : -3.8042732100002468
417 : -1.9209804944694042
418 : -4.717206459492445
419 : -1.6511911265552044
420 : -0.12360484199598432
421 : -0.875846965238452
422 : 0.060704746982082725
423 : -5.044697351753712
424 : -1.7680342113599181
425 : -0.8943680059164762
426 : -1.0755335355643183
427 : -3.5043907747603953
428 : -1.4228476877324283
429 : -1.6023689080029726
430 : -1.511834111995995
431 : -1.566155081614852
432 : -1.7014998085796833
433 : -1.459078485146165
434 : -0.9057013038545847
435 : -1.529929518699646
436 : -1.2435439471155405
437 : -0.07969222450628877
438 : -7.305600795894861
439 : -2.204799236729741
440 : -1.2481951611116529
441 : -2.073753844946623
442 : -1.3071499401703477
443 : -1.6165836788713932
444 : -1.9230314255692065
445 : -2.3300091065466404
446 : -1.466699704527855
447 : -0.5282873508022021
448 : -1.1414641686715186
449 : -0.8846803903579712
450 : 5.2231761226430535
451 : -1.7120866179466248
452 : -1.6395110674202442
453 : -1.280271640047431
454 : -0.8917531901970506
455 : -3.6771169416606426
456 : -7.62747592292726
457 : -0.8114963313564658
458 : -1.2057746220380068
459 : -1.7854518666863441
460 : -1.4507551402784884
461 : -2.0945186875760555
462 : -1.205550281330943
463 : -1.0893442591186613
464 : -6.027563840150833
465 : -1.3401858722791076
466 : -2.7074318435043097
467 : 1.4103498747572303
468 : -1.4657356441020966
469 : -1.6865925607271492
470 : -1.6728944331407547
471 : -1.5260493382811546
472 : -1.1330785839818418
473 : -1.4263949077576399
474 : 0.38064171141013503
475 : -2.1114237010478973
476 : -2.201867662370205
477 : -0.8496132474392653
478 : -1.7647364055737853
479 : -0.32923029479570687
480 : -0.04153277538716793
481 : -1.7240077322348952
482 : -1.2549031064845622
483 : -1.4287814782001078
484 : -1.5446354388259351
485 : -4.387045924551785
486 : 2.1015392020344734
487 : 0.16739797685295343
488 : -1.6503968480974436
489 : -2.17061301600188
490 : -0.4577754782512784
491 : -1.0341523317620158
492 : -1.3671720754355192
493 : -1.4297282099723816
494 : -1.441826269030571
495 : -1.3822153974324465
496 : -1.6011951733380556
497 : -1.5489410981535912
498 : 1.431069407146424
499 : -1.896474290639162
500 : -0.9994564652442932
501 : -0.9231933718547225
502 : -0.9056663666851819
503 : -0.9039928496349603
504 : -1.255991039914079
505 : -0.8032978139817715
506 : -1.344018750532996
507 : -1.6881863102316856
508 : -1.9188673896715045
509 : -1.1524727866053581
510 : -0.9560105074197054
511 : -1.3098314236849546
512 : -1.5707194227725267
513 : -1.803992796689272
514 : -1.184461600612849
515 : -1.1735636037774384
516 : -0.919296370819211
517 : -0.7892039220314473
518 : 0.572705427184701
519 : -1.1911463299766183
520 : -1.4160543903708458
521 : -0.5809820163995028
522 : -0.9155676523223519
523 : -1.2019499726593494
524 : -5.499902669806033
525 : -1.4081017393618822
526 : -1.8142608697526157
527 : -1.6758270002901554
528 : -0.9521381966769695
529 : -1.590510781854391
530 : -3.055621646810323
531 : 0.7418622320983559
532 : -1.6699447892606258
533 : -1.6500859740190208
534 : -1.2987043275497854
535 : -1.2435506079345942
536 : -1.299433812033385
537 : 1.608590625692159
!!! updated
538 : -1.8819322972558439
539 : -0.8314032312482595
540 : -1.586526408791542
Setting up 2 worker threads for Enlighten.
  Thread -> id: 7fbe1158d700 -> priority: 1 
  Thread -> id: 7fbe10d8c700 -> priority: 1 
Traceback (most recent call last):
  File "main.py", line 123, in <module>
    returns = [episode(env, agent, i) for i in range(training_episodes)]
  File "main.py", line 123, in <listcomp>
    returns = [episode(env, agent, i) for i in range(training_episodes)]
  File "main.py", line 30, in episode
    next_state, reward, done, _ = env.step(action.numpy()[0])
  File "/home/j/jensenj/.local/lib/python3.6/site-packages/gym_unity/envs/__init__.py", line 177, in step
    self._env.step()
  File "/home/j/jensenj/.local/lib/python3.6/site-packages/mlagents_envs/timers.py", line 305, in wrapped
    return func(*args, **kwargs)
  File "/home/j/jensenj/.local/lib/python3.6/site-packages/mlagents_envs/environment.py", line 319, in step
    self._update_state(rl_output)
  File "/home/j/jensenj/.local/lib/python3.6/site-packages/mlagents_envs/environment.py", line 275, in _update_state
    agent_info_list, self._env_specs[brain_name]
  File "/home/j/jensenj/.local/lib/python3.6/site-packages/mlagents_envs/timers.py", line 305, in wrapped
    return func(*args, **kwargs)
  File "/home/j/jensenj/.local/lib/python3.6/site-packages/mlagents_envs/rpc_utils.py", line 188, in steps_from_proto
    obs_index, obs_shape, decision_agent_info_list
  File "/home/j/jensenj/.local/lib/python3.6/site-packages/mlagents_envs/timers.py", line 305, in wrapped
    return func(*args, **kwargs)
  File "/home/j/jensenj/.local/lib/python3.6/site-packages/mlagents_envs/rpc_utils.py", line 152, in _process_vector_observation
    _raise_on_nan_and_inf(np_obs, "observations")
  File "/home/j/jensenj/.local/lib/python3.6/site-packages/mlagents_envs/rpc_utils.py", line 130, in _raise_on_nan_and_inf
    raise RuntimeError(f"The {source} provided had NaN values.")
RuntimeError: The observations provided had NaN values.
2020-06-25 12:33:05 INFO [environment.py:418] Environment shut down with return code 0.
