slurmstepd-buxach: error: Unable to create TMPDIR [/tmp/user/30108]: Permission denied
slurmstepd-buxach: error: Setting TMPDIR to /tmp
Found path: /home/j/jensenj/PycharmProjects/Federer-Jr./src/../crawler_single/linux/dynamic_server/crawler_dynamic.x86_64
Mono path[0] = '/home/j/jensenj/PycharmProjects/Federer-Jr./src/../crawler_single/linux/dynamic_server/crawler_dynamic_Data/Managed'
Mono config path = '/home/j/jensenj/PycharmProjects/Federer-Jr./src/../crawler_single/linux/dynamic_server/crawler_dynamic_Data/MonoBleedingEdge/etc'
Preloaded 'lib_burst_generated.so'
Preloaded 'libgrpc_csharp_ext.x64.so'
Initialize engine version: 2019.3.15f1 (59ff3e03856d)
[Subsystems] Discovering subsystems at path /home/j/jensenj/PycharmProjects/Federer-Jr./src/../crawler_single/linux/dynamic_server/crawler_dynamic_Data/UnitySubsystems
Forcing GfxDevice: Null
GfxDevice: creating device client; threaded=0
NullGfxDevice:
    Version:  NULL 1.0 [1.0]
    Renderer: Null Device
    Vendor:   Unity Technologies
Begin MonoManager ReloadAssembly
- Completed reload, in  0.100 seconds
WARNING: Shader Unsupported: 'Autodesk Interactive' - All passes removed
WARNING: Shader Did you use #pragma only_renderers and omit this platform?
UnloadTime: 0.439003 ms
Fallback handler could not load library /home/j/jensenj/PycharmProjects/Federer-Jr./src/../crawler_single/linux/dynamic_server/crawler_dynamic_Data/Mono/libcoreclr.so
Fallback handler could not load library /home/j/jensenj/PycharmProjects/Federer-Jr./src/../crawler_single/linux/dynamic_server/crawler_dynamic_Data/Mono/libcoreclr.so
Fallback handler could not load library /home/j/jensenj/PycharmProjects/Federer-Jr./src/../crawler_single/linux/dynamic_server/crawler_dynamic_Data/Mono/libcoreclr.so
Fallback handler could not load library /home/j/jensenj/PycharmProjects/Federer-Jr./src/../crawler_single/linux/dynamic_server/crawler_dynamic_Data/Mono/libSystem.dylib
Fallback handler could not load library /home/j/jensenj/PycharmProjects/Federer-Jr./src/../crawler_single/linux/dynamic_server/crawler_dynamic_Data/Mono/libSystem.dylib.so
Fallback handler could not load library /home/j/jensenj/PycharmProjects/Federer-Jr./src/../crawler_single/linux/dynamic_server/crawler_dynamic_Data/Mono/libSystem.dylib
Fallback handler could not load library /home/j/jensenj/PycharmProjects/Federer-Jr./src/../crawler_single/linux/dynamic_server/crawler_dynamic_Data/Mono/libcoreclr.so
Fallback handler could not load library /home/j/jensenj/PycharmProjects/Federer-Jr./src/../crawler_single/linux/dynamic_server/crawler_dynamic_Data/Mono/libcoreclr.so
Fallback handler could not load library /home/j/jensenj/PycharmProjects/Federer-Jr./src/../crawler_single/linux/dynamic_server/crawler_dynamic_Data/Mono/libcoreclr.so
Fallback handler could not load library /home/j/jensenj/PycharmProjects/Federer-Jr./src/../crawler_single/linux/dynamic_server/crawler_dynamic_Data/Mono/libSystem.dylib
Fallback handler could not load library /home/j/jensenj/PycharmProjects/Federer-Jr./src/../crawler_single/linux/dynamic_server/crawler_dynamic_Data/Mono/libSystem.dylib.so
Fallback handler could not load library /home/j/jensenj/PycharmProjects/Federer-Jr./src/../crawler_single/linux/dynamic_server/crawler_dynamic_Data/Mono/libSystem.dylib
/home/j/jensenj/.local/lib/python3.6/site-packages/tensorboard/compat/tensorflow_stub/dtypes.py:541: FutureWarning: Passing (type, 1) or '1type' as a synonym of type is deprecated; in a future version of numpy, it will be understood as (type, (1,)) / '(1,)type'.
  _np_qint8 = np.dtype([("qint8", np.int8, 1)])
/home/j/jensenj/.local/lib/python3.6/site-packages/tensorboard/compat/tensorflow_stub/dtypes.py:542: FutureWarning: Passing (type, 1) or '1type' as a synonym of type is deprecated; in a future version of numpy, it will be understood as (type, (1,)) / '(1,)type'.
  _np_quint8 = np.dtype([("quint8", np.uint8, 1)])
/home/j/jensenj/.local/lib/python3.6/site-packages/tensorboard/compat/tensorflow_stub/dtypes.py:543: FutureWarning: Passing (type, 1) or '1type' as a synonym of type is deprecated; in a future version of numpy, it will be understood as (type, (1,)) / '(1,)type'.
  _np_qint16 = np.dtype([("qint16", np.int16, 1)])
/home/j/jensenj/.local/lib/python3.6/site-packages/tensorboard/compat/tensorflow_stub/dtypes.py:544: FutureWarning: Passing (type, 1) or '1type' as a synonym of type is deprecated; in a future version of numpy, it will be understood as (type, (1,)) / '(1,)type'.
  _np_quint16 = np.dtype([("quint16", np.uint16, 1)])
/home/j/jensenj/.local/lib/python3.6/site-packages/tensorboard/compat/tensorflow_stub/dtypes.py:545: FutureWarning: Passing (type, 1) or '1type' as a synonym of type is deprecated; in a future version of numpy, it will be understood as (type, (1,)) / '(1,)type'.
  _np_qint32 = np.dtype([("qint32", np.int32, 1)])
/home/j/jensenj/.local/lib/python3.6/site-packages/tensorboard/compat/tensorflow_stub/dtypes.py:550: FutureWarning: Passing (type, 1) or '1type' as a synonym of type is deprecated; in a future version of numpy, it will be understood as (type, (1,)) / '(1,)type'.
  np_resource = np.dtype([("resource", np.ubyte, 1)])
2020-06-25 12:42:21 INFO [environment.py:108] Connected to Unity environment with package version 1.0.2 and communication version 1.0.0
2020-06-25 12:42:21 INFO [environment.py:265] Connected new brain:
CrawlerDynamic?team=0
2020-06-25 12:42:21 WARNING [__init__.py:92] The environment contains multiple observations. You must define allow_multiple_obs=True to receive them all. Otherwise, only the first visual observation (or vector observation ifthere are no visual observations) will be provided in the observation.
/home/j/jensenj/.local/lib/python3.6/site-packages/gym/logger.py:30: UserWarning: [33mWARN: Box bound precision lowered by casting to float32[0m
  warnings.warn(colorize('%s: %s'%('WARN', msg % args), 'yellow'))
update_time_steps: 10240 , ppo_epochs: 32 , beta:  0.001 , gamma 0.99
0 : -1.468373704701662
1 : -1.097052033408545
2 : 0.6639629788696766
3 : -1.2383367866277695
4 : -1.5932112969458103
5 : 0.0013287551701068878
6 : -0.9893235620111227
7 : -11.199520604684949
8 : -1.2406807718798518
9 : 0.11879865685477853
10 : -1.3207217985764146
11 : -1.3746091052889824
12 : -1.6365324016660452
13 : -1.1380071132443845
14 : -4.748048136010766
15 : -1.723332304507494
16 : -5.259576387703419
17 : -1.8076940244063735
18 : -1.6615000227466226
19 : -2.3059236500412226
20 : -2.7795135602355003
21 : -0.2839540846180171
22 : 1.055757375434041
23 : -1.2538248226046562
24 : -1.444644346833229
25 : -1.6803578212857246
26 : 0.4566879905760288
27 : -1.0222385888919234
28 : -7.854183508548886
29 : 0.39010713109746575
30 : -1.076873064506799
31 : -9.051592777483165
32 : -1.001903897151351
33 : -1.4170979307964444
34 : -1.338737721554935
35 : 0.10593583714216948
36 : -3.547852039337158
37 : -1.6131944824010134
38 : -1.506230667233467
39 : -1.4161173906177282
40 : 3.049329850822687
41 : 2.923653314821422
42 : 1.3121853861957788
43 : -1.4230911992490292
44 : -0.842175810597837
45 : -0.9829810606315732
46 : 1.157421339303255
47 : -2.9175736559554935
48 : -2.058516915421933
49 : -0.9387791727203876
50 : -12.77635488845408
51 : -1.8959382884204388
52 : -1.0214573317207396
53 : 0.5514516169205308
54 : 1.7605087328702211
55 : -1.1848114551976323
56 : -0.9013875890523195
57 : 0.14767993846908212
58 : -3.9415633864700794
59 : -16.467833746457472
60 : -1.435765840113163
61 : -1.191606530919671
62 : -1.873641373589635
63 : 2.845207706326619
64 : -1.658109212294221
65 : -0.8228733837604523
66 : -1.0177692072466016
67 : 3.0647773006930947
68 : -2.294189866632223
69 : -0.6728469333611429
70 : -18.384998743771575
71 : -0.857627535238862
72 : -1.2080711172893643
73 : -1.6761417044326663
74 : -3.2043361216783524
75 : 5.173622130416334
76 : -10.034656648524106
77 : -1.3975718803703785
78 : -0.25373334623873234
79 : -0.5265341706108302
80 : -1.1701597943902016
81 : 8.07784819882363
82 : -0.9121864733751863
83 : -1.2482463801279664
84 : -2.636524362489581
85 : -0.13740983232855797
86 : -2.593991020694375
87 : -0.7820116709917784
88 : -1.3888130290433764
89 : -1.241061451844871
90 : -1.8352172691375017
91 : -2.074829204007983
92 : -0.6793665392324328
93 : -2.106629609479569
94 : 6.2185952588915825
95 : -1.7547556553035975
96 : 13.704543772153556
97 : -19.10259827459231
98 : 1.4199774186126888
99 : 3.3445203192532063
100 : -0.4648427157662809
101 : -2.9653779193758965
102 : -1.4956002701073885
103 : -2.202480498701334
104 : -0.6423950968310237
105 : -2.0089592281728983
106 : -1.539381429553032
107 : -6.35336648253724
108 : -10.494818412233144
109 : 0.37275029288139194
110 : -2.1629806589335203
111 : -0.9418779592961073
112 : 2.856095515191555
113 : -1.3834062814712524
114 : -1.9946498712524772
115 : -0.9113841280341148
116 : -1.4872486329404637
117 : -1.0839375220239162
118 : 0.5689824251458049
119 : -1.198144493624568
120 : -3.3592711901292205
121 : -1.6694351411424577
122 : -4.1822425913996994
123 : -1.971794206649065
124 : -2.379568390548229
125 : -2.254053397104144
126 : 1.451469006948173
127 : -1.349292827770114
128 : -0.9212903715670109
129 : -0.8926410870626569
130 : 6.44605738343671
131 : -1.6275587994605303
132 : -5.374520088080317
133 : -1.6695028655231
134 : -3.893275377806276
135 : -7.010906609706581
136 : 0.21858111955225468
137 : 7.2983245979994535
138 : 5.962816305458546
139 : -5.713972664438188
140 : -0.18148962315171957
141 : 6.892574445344508
142 : -0.5889610066078603
143 : -0.42642474733293056
144 : -1.6785359159111977
145 : -1.5748188775032759
146 : -1.7001977134495974
147 : -0.16420577745884657
148 : -0.21360826399177313
149 : 0.33208890818059444
150 : -2.147902612807229
151 : -7.322075405623764
152 : -2.544655427336693
153 : -1.2950495332479477
154 : -1.4631417784839869
155 : -1.3759660171344876
156 : -3.814323179423809
157 : -2.6615188913419843
158 : -1.1136103523895144
159 : -1.351699335500598
160 : -1.1667745502199978
161 : 0.815501063130796
162 : -1.7185368426144123
163 : -2.941544719040394
164 : -1.7868792321532965
165 : -1.0648738350719213
166 : 1.4087437320267782
167 : -0.9001697138883173
168 : -2.44385108910501
169 : -0.5237349607050419
170 : -6.338844601530582
171 : -9.649638205766678
172 : -0.07154319901019335
173 : 1.1525126546621323
174 : 0.12025196570903063
175 : -2.454689957201481
176 : -1.980154585558921
177 : -2.7105948999524117
178 : -0.9746356052346528
179 : -1.513865978922695
180 : -1.019248604774475
181 : -1.4696282423101366
182 : -1.4076537489891052
183 : 6.399025119841099
184 : 3.0806877315044403
185 : -1.7180652925744653
186 : 2.1911895871162415
187 : -1.6595137808471918
188 : -3.3765812003985047
189 : -1.9045650716871023
190 : -7.214890985284001
191 : -1.9129648655653
192 : 2.536415245383978
193 : -0.6301741469651461
194 : -5.866681580897421
195 : -1.901253156363964
196 : -1.9248834704048932
197 : -0.6825513765215874
198 : -1.5039145345799625
199 : -1.2022889060899615
200 : -0.9350788174197078
201 : -2.725891367532313
202 : 1.659725694451481
203 : -1.319320862647146
204 : -1.3352215867489576
205 : -1.5911508901044726
206 : -2.3092113453894854
207 : -1.2720163778867573
208 : -2.313151744194329
209 : -0.9161647389410064
210 : -1.5980043597519398
211 : -0.7747800797224045
212 : -1.6132555771619081
213 : -0.5134568214416504
214 : -1.731894853990525
215 : 4.238738276530057
216 : -1.5917875617742538
217 : -0.6533343279734254
218 : -1.0716830655001104
219 : -3.276483479421586
220 : -1.0531004392541945
221 : -1.274778307415545
222 : -0.2059942747000605
223 : -1.005319770425558
224 : 10.99282041285187
225 : -1.0037183556705713
226 : -1.222786983475089
227 : -1.370282025076449
228 : -0.74333321955055
229 : -1.3172527756541967
230 : -1.6665433524176478
231 : 0.06281081028282642
232 : -1.1818991983309388
233 : -2.5694414195604622
234 : -1.6654221033677459
235 : -0.051569169387221336
236 : 3.3297014790587127
237 : -1.6016007354483008
238 : -1.2903975835070014
239 : -1.6515903493855149
240 : -1.1858389806002378
241 : -0.8721589911729097
242 : 0.18181027099490166
243 : -1.5093540223315358
244 : -2.0319813926471397
245 : 4.137401927262545
246 : 0.20197458053007722
247 : -1.5417633652687073
248 : -1.4042714349925518
249 : -6.8082267683930695
250 : -1.0616556257009506
251 : -1.555172293446958
252 : -1.0886878073215485
253 : -0.7251463350839913
254 : -1.8597803777083755
255 : -1.4830872677266598
256 : -3.0510092433542013
257 : -0.9845525068230927
258 : -0.8369793915189803
259 : -1.0790366008877754
260 : -1.1410122504457831
261 : -1.5052722468972206
262 : -0.9964884174987674
263 : 3.1370260175317526
264 : 4.185576794669032
265 : -0.8206068007275462
266 : -1.6227882942184806
267 : -1.3585395822301507
268 : 3.511075671762228
269 : -1.083736224565655
270 : 2.0260289371944964
271 : -1.3020631792023778
272 : -0.9493938107043505
273 : -1.233759876806289
274 : -1.0625820118002594
275 : -1.6885354779660702
276 : 0.4124037022702396
277 : -1.5287508415058255
278 : 0.6210398147813976
279 : -1.6191820837557316
280 : -2.558599680662155
281 : -6.776290024165064
282 : -0.016092273872345686
283 : -1.742880204692483
284 : 2.2853946229442954
285 : 12.284275800921023
286 : -0.609366849064827
287 : 4.972747514024377
288 : -0.7897030040621758
289 : -1.6428342293947935
290 : -3.597718799690483
291 : 1.8117082780227065
292 : -1.6578166377730668
293 : -0.979912281036377
294 : -4.1476940487045795
295 : -1.0079427440650761
296 : -1.3275934038683772
297 : -2.624903148971498
298 : -0.18939548404887319
299 : -1.998039809986949
300 : -0.7019189591519535
301 : -1.7183987372554839
302 : -2.1616055400809273
303 : -4.903343789279461
304 : -0.5175493592396379
305 : -1.215737291611731
306 : -1.6086152223870158
307 : -0.5719129387289286
308 : -1.1193177294917405
309 : -4.20954685495235
310 : -1.6019913032650948
311 : -9.028105228208005
312 : 0.6776268621906638
313 : -2.762107524089515
314 : -3.5165743036195636
315 : -5.071546185063198
316 : -1.7717316392809153
317 : -0.8558667143806815
318 : -0.7558561363257468
319 : -1.3061996381729841
320 : 6.005212284158915
321 : 0.4459185842424631
322 : -1.2632368914783
323 : -1.8778205458074808
324 : -1.1069504860788584
325 : -0.9631869113072753
326 : 2.898327291943133
327 : -1.5353060513734818
328 : -9.06303773727268
329 : -1.3403276689350605
330 : 2.041606579441577
331 : -2.5012629721313715
332 : 5.843826232012361
333 : 0.7433052465785295
334 : 4.669553449377418
335 : -0.14116618316620588
336 : -1.281081859022379
337 : -2.7619210919365287
338 : -0.2948633562773466
339 : 14.92363053560257
340 : -0.9965926110744476
341 : -1.7483557956293225
342 : -2.039120886474848
343 : -4.886376571375877
344 : 2.952042411081493
345 : -1.5565820038318634
346 : -0.5321823211852461
347 : -1.5556384846568108
348 : 2.4437661599367857
349 : -1.8348757508210838
350 : -4.4936118414625525
351 : 5.274999573361129
352 : -3.0879554133862257
353 : -1.3274621553719044
354 : -0.7241828944534063
355 : 0.2655812371522188
356 : -1.2231103964149952
357 : -5.820649642962962
358 : -1.6414392809383571
359 : -1.704353871755302
360 : -1.9856996750459075
361 : -1.8491424527019262
362 : -7.144102870021015
363 : 6.319528458174318
364 : -1.4834364466369152
365 : -2.294087056070566
366 : -0.9498023707419634
367 : -2.54022510885261
368 : -1.3626408502459526
369 : -3.0760100642219186
370 : 3.310784572735429
371 : -3.96672479622066
372 : 11.300808381056413
373 : -1.0592883294448256
374 : -1.5589038338512182
375 : -1.4026669189333916
376 : -2.8420388316735625
377 : 1.0077759500127286
378 : -0.7257227031514049
379 : -1.4166433485224843
380 : -3.386955363675952
381 : -2.699696369469166
382 : -1.0312863318249583
383 : -1.3023280296474695
384 : -13.56555995438248
385 : -1.4906727159395814
386 : -1.7297406159341335
387 : -0.3212378090247512
388 : -1.6774885673075914
389 : -1.8869533082470298
390 : -1.154542832635343
391 : -2.0459047351032495
392 : -1.3424353320151567
393 : -1.2901185750961304
394 : -1.0001971516758204
395 : -0.6045427960343659
396 : -20.294251170475036
397 : -2.616438346914947
398 : -1.1519693229347467
399 : -1.3572948276996613
400 : 0.47833985462784767
401 : -1.3543729265220463
402 : -1.1460093576461077
403 : -1.3992611216381192
404 : -1.798982422798872
405 : -0.879356762394309
406 : 1.9895484638400376
407 : -4.296822740230709
408 : -0.9934214362874627
409 : -1.2951749172061682
410 : -0.7013160027563572
411 : -1.8341180756688118
!!! updated
412 : 0.41922395257279277
Setting up 2 worker threads for Enlighten.
  Thread -> id: 7f307cf95700 -> priority: 1 
  Thread -> id: 7f3073fff700 -> priority: 1 
Traceback (most recent call last):
  File "main.py", line 123, in <module>
    returns = [episode(env, agent, i) for i in range(training_episodes)]
  File "main.py", line 123, in <listcomp>
    returns = [episode(env, agent, i) for i in range(training_episodes)]
  File "main.py", line 30, in episode
    next_state, reward, done, _ = env.step(action.numpy()[0])
  File "/home/j/jensenj/.local/lib/python3.6/site-packages/gym_unity/envs/__init__.py", line 177, in step
    self._env.step()
  File "/home/j/jensenj/.local/lib/python3.6/site-packages/mlagents_envs/timers.py", line 305, in wrapped
    return func(*args, **kwargs)
  File "/home/j/jensenj/.local/lib/python3.6/site-packages/mlagents_envs/environment.py", line 319, in step
    self._update_state(rl_output)
  File "/home/j/jensenj/.local/lib/python3.6/site-packages/mlagents_envs/environment.py", line 275, in _update_state
    agent_info_list, self._env_specs[brain_name]
  File "/home/j/jensenj/.local/lib/python3.6/site-packages/mlagents_envs/timers.py", line 305, in wrapped
    return func(*args, **kwargs)
  File "/home/j/jensenj/.local/lib/python3.6/site-packages/mlagents_envs/rpc_utils.py", line 188, in steps_from_proto
    obs_index, obs_shape, decision_agent_info_list
  File "/home/j/jensenj/.local/lib/python3.6/site-packages/mlagents_envs/timers.py", line 305, in wrapped
    return func(*args, **kwargs)
  File "/home/j/jensenj/.local/lib/python3.6/site-packages/mlagents_envs/rpc_utils.py", line 152, in _process_vector_observation
    _raise_on_nan_and_inf(np_obs, "observations")
  File "/home/j/jensenj/.local/lib/python3.6/site-packages/mlagents_envs/rpc_utils.py", line 132, in _raise_on_nan_and_inf
    raise RuntimeError(f"The {source} provided had Infinite values.")
RuntimeError: The observations provided had Infinite values.
2020-06-25 12:57:42 INFO [environment.py:418] Environment shut down with return code 0.
