slurmstepd-ilm: error: Unable to create TMPDIR [/tmp/user/30108]: Permission denied
slurmstepd-ilm: error: Setting TMPDIR to /tmp
Found path: /home/j/jensenj/PycharmProjects/Federer-Jr./src/../crawler_single/linux/dynamic_server/crawler_dynamic.x86_64
Mono path[0] = '/home/j/jensenj/PycharmProjects/Federer-Jr./src/../crawler_single/linux/dynamic_server/crawler_dynamic_Data/Managed'
Mono config path = '/home/j/jensenj/PycharmProjects/Federer-Jr./src/../crawler_single/linux/dynamic_server/crawler_dynamic_Data/MonoBleedingEdge/etc'
Preloaded 'lib_burst_generated.so'
Preloaded 'libgrpc_csharp_ext.x64.so'
Initialize engine version: 2019.3.15f1 (59ff3e03856d)
[Subsystems] Discovering subsystems at path /home/j/jensenj/PycharmProjects/Federer-Jr./src/../crawler_single/linux/dynamic_server/crawler_dynamic_Data/UnitySubsystems
Forcing GfxDevice: Null
GfxDevice: creating device client; threaded=0
NullGfxDevice:
    Version:  NULL 1.0 [1.0]
    Renderer: Null Device
    Vendor:   Unity Technologies
Begin MonoManager ReloadAssembly
- Completed reload, in  0.098 seconds
WARNING: Shader Unsupported: 'Autodesk Interactive' - All passes removed
WARNING: Shader Did you use #pragma only_renderers and omit this platform?
UnloadTime: 0.442697 ms
Fallback handler could not load library /home/j/jensenj/PycharmProjects/Federer-Jr./src/../crawler_single/linux/dynamic_server/crawler_dynamic_Data/Mono/libcoreclr.so
Fallback handler could not load library /home/j/jensenj/PycharmProjects/Federer-Jr./src/../crawler_single/linux/dynamic_server/crawler_dynamic_Data/Mono/libcoreclr.so
Fallback handler could not load library /home/j/jensenj/PycharmProjects/Federer-Jr./src/../crawler_single/linux/dynamic_server/crawler_dynamic_Data/Mono/libcoreclr.so
Fallback handler could not load library /home/j/jensenj/PycharmProjects/Federer-Jr./src/../crawler_single/linux/dynamic_server/crawler_dynamic_Data/Mono/libSystem.dylib
Fallback handler could not load library /home/j/jensenj/PycharmProjects/Federer-Jr./src/../crawler_single/linux/dynamic_server/crawler_dynamic_Data/Mono/libSystem.dylib.so
Fallback handler could not load library /home/j/jensenj/PycharmProjects/Federer-Jr./src/../crawler_single/linux/dynamic_server/crawler_dynamic_Data/Mono/libSystem.dylib
Fallback handler could not load library /home/j/jensenj/PycharmProjects/Federer-Jr./src/../crawler_single/linux/dynamic_server/crawler_dynamic_Data/Mono/libcoreclr.so
Fallback handler could not load library /home/j/jensenj/PycharmProjects/Federer-Jr./src/../crawler_single/linux/dynamic_server/crawler_dynamic_Data/Mono/libcoreclr.so
Fallback handler could not load library /home/j/jensenj/PycharmProjects/Federer-Jr./src/../crawler_single/linux/dynamic_server/crawler_dynamic_Data/Mono/libcoreclr.so
Fallback handler could not load library /home/j/jensenj/PycharmProjects/Federer-Jr./src/../crawler_single/linux/dynamic_server/crawler_dynamic_Data/Mono/libSystem.dylib
Fallback handler could not load library /home/j/jensenj/PycharmProjects/Federer-Jr./src/../crawler_single/linux/dynamic_server/crawler_dynamic_Data/Mono/libSystem.dylib.so
Fallback handler could not load library /home/j/jensenj/PycharmProjects/Federer-Jr./src/../crawler_single/linux/dynamic_server/crawler_dynamic_Data/Mono/libSystem.dylib
/home/j/jensenj/.local/lib/python3.6/site-packages/tensorboard/compat/tensorflow_stub/dtypes.py:541: FutureWarning: Passing (type, 1) or '1type' as a synonym of type is deprecated; in a future version of numpy, it will be understood as (type, (1,)) / '(1,)type'.
  _np_qint8 = np.dtype([("qint8", np.int8, 1)])
/home/j/jensenj/.local/lib/python3.6/site-packages/tensorboard/compat/tensorflow_stub/dtypes.py:542: FutureWarning: Passing (type, 1) or '1type' as a synonym of type is deprecated; in a future version of numpy, it will be understood as (type, (1,)) / '(1,)type'.
  _np_quint8 = np.dtype([("quint8", np.uint8, 1)])
/home/j/jensenj/.local/lib/python3.6/site-packages/tensorboard/compat/tensorflow_stub/dtypes.py:543: FutureWarning: Passing (type, 1) or '1type' as a synonym of type is deprecated; in a future version of numpy, it will be understood as (type, (1,)) / '(1,)type'.
  _np_qint16 = np.dtype([("qint16", np.int16, 1)])
/home/j/jensenj/.local/lib/python3.6/site-packages/tensorboard/compat/tensorflow_stub/dtypes.py:544: FutureWarning: Passing (type, 1) or '1type' as a synonym of type is deprecated; in a future version of numpy, it will be understood as (type, (1,)) / '(1,)type'.
  _np_quint16 = np.dtype([("quint16", np.uint16, 1)])
/home/j/jensenj/.local/lib/python3.6/site-packages/tensorboard/compat/tensorflow_stub/dtypes.py:545: FutureWarning: Passing (type, 1) or '1type' as a synonym of type is deprecated; in a future version of numpy, it will be understood as (type, (1,)) / '(1,)type'.
  _np_qint32 = np.dtype([("qint32", np.int32, 1)])
/home/j/jensenj/.local/lib/python3.6/site-packages/tensorboard/compat/tensorflow_stub/dtypes.py:550: FutureWarning: Passing (type, 1) or '1type' as a synonym of type is deprecated; in a future version of numpy, it will be understood as (type, (1,)) / '(1,)type'.
  np_resource = np.dtype([("resource", np.ubyte, 1)])
2020-06-25 11:57:51 INFO [environment.py:108] Connected to Unity environment with package version 1.0.2 and communication version 1.0.0
2020-06-25 11:57:51 INFO [environment.py:265] Connected new brain:
CrawlerDynamic?team=0
2020-06-25 11:57:51 WARNING [__init__.py:92] The environment contains multiple observations. You must define allow_multiple_obs=True to receive them all. Otherwise, only the first visual observation (or vector observation ifthere are no visual observations) will be provided in the observation.
/home/j/jensenj/.local/lib/python3.6/site-packages/gym/logger.py:30: UserWarning: [33mWARN: Box bound precision lowered by casting to float32[0m
  warnings.warn(colorize('%s: %s'%('WARN', msg % args), 'yellow'))
/home/j/jensenj/.local/lib/python3.6/site-packages/numpy/core/_methods.py:160: RuntimeWarning: invalid value encountered in reduce
  ret = umr_sum(arr, axis, dtype, out, keepdims)
update_time_steps: 2048 , ppo_epochs: 8 , beta:  0.001 , gamma 0.99
0 : -1.524143099784851
1 : -2.1702086600707844
2 : -0.29164947755634785
3 : -0.5644377395510674
4 : -1.3725088848732412
5 : -3.9118027426302433
6 : -3.733932390809059
7 : -1.186727313324809
8 : -1.424581861589104
9 : -1.10706536937505
10 : -1.433848855085671
11 : -1.5585609547561035
12 : -1.0533674471080303
13 : -1.3606511652469635
14 : -1.7661438751965761
15 : -0.9854561686515808
16 : 5.552194596268237
17 : -1.3101225853897631
18 : -0.6618635896593332
19 : 0.22897353483131155
20 : -1.4187520333798602
21 : -1.0251824809238315
22 : -3.7162575274705887
23 : -1.6023159436881542
24 : -1.2794695910997689
25 : -0.9942490141838789
26 : -3.6397699238732457
27 : -0.04176471522077918
28 : -3.495600400492549
29 : -1.8149587884545326
30 : -1.35190818621777
31 : -1.2473838637815788
32 : -1.1248417326714844
33 : -1.5197949260473251
34 : -1.3711809306405485
35 : -2.3153140507638454
36 : -0.9600752922706306
37 : -0.02844473347067833
38 : -3.7019426743499935
39 : -1.2865013387054205
40 : -1.6833079010248184
41 : -1.032733059488237
42 : -1.2520384616218507
43 : -1.3208978846669197
44 : -1.3973310235887766
45 : -2.1302861347794533
46 : -0.94611906260252
47 : -3.9921157900243998
48 : -0.7824274376034737
49 : -1.0216780896298587
50 : -1.2701833387836814
51 : -4.046535287052393
52 : -4.94942244887352
53 : 1.5921961106359959
54 : -4.108969638124108
55 : 3.547850027680397
56 : -1.5194026296958327
57 : -4.649235756369308
58 : -1.5671247863210738
59 : -1.5391038190573454
60 : -1.1336241448298097
61 : -0.9369577476754785
62 : -3.754471182823181
63 : -1.180013498174958
64 : -1.8488846635445952
65 : -0.3665614281781018
66 : -0.8664395762607455
67 : -0.31008348520845175
68 : -0.9587193196639419
69 : -1.5425349436700344
70 : -1.5787408389151096
71 : -1.1935811415314674
72 : -1.048121515661478
73 : -1.4480956867337227
74 : -0.9352047862485051
75 : -0.9198381053283811
76 : -1.1413718154653907
77 : -1.531085778027773
78 : -0.9074875535443425
79 : -1.4702098108828068
80 : -1.1354863862507045
81 : -1.2851510543841869
82 : -5.95176459196955
83 : 1.0767131969332695
84 : 0.42758567072451115
85 : -1.3662319951690733
86 : -1.2293753288686275
87 : -1.80083738733083
88 : -1.0271408101543784
89 : -1.4224188746884465
90 : -2.0698952227830887
91 : -0.8816172126680613
92 : -1.30823730584234
93 : -1.0300546526559629
94 : -2.967063531279564
95 : -0.5805622059851885
96 : -1.4773872061632574
97 : -1.08974873367697
98 : -2.1447534672915936
99 : -0.7334568928927183
100 : -1.3946045450866222
101 : -1.4282854897901416
102 : -2.0471979454159737
103 : -1.0384841542690992
104 : -2.247910685837269
105 : -1.6705006156116724
106 : -1.287074533291161
107 : -0.7775571066886187
108 : 3.829529982060194
109 : -1.2996272621676326
110 : -3.625478549161926
111 : -1.554411631077528
112 : -1.729675944428891
113 : 6.88348351046443
114 : -1.5998914763331413
115 : -1.2469643950462341
116 : -1.9729588478803635
117 : -2.0451474199071527
118 : -1.6980587779544294
119 : 1.68282900005579
120 : -2.3646888178773224
121 : -0.06200793571770191
122 : -5.584750320762396
123 : -1.0102553786709905
124 : -1.6723995162174106
125 : -1.8418574752286077
126 : -1.4840364642441273
127 : -8.32667649909854
128 : -1.4144863709807396
129 : -0.8479506568983197
130 : -2.0632094824686646
131 : -1.490496177226305
132 : -2.163115717470646
133 : -1.5257857013493776
134 : -1.8829434551298618
135 : -1.2437665578909218
136 : -1.2072367268847302
137 : 1.42428386118263
138 : -1.7358660129830241
139 : -1.4587002974003553
!!! updated
Setting up 2 worker threads for Enlighten.
  Thread -> id: 7fcf937fe700 -> priority: 1 
  Thread -> id: 7fcf92ffd700 -> priority: 1 
Traceback (most recent call last):
  File "main.py", line 123, in <module>
    returns = [episode(env, agent, i) for i in range(training_episodes)]
  File "main.py", line 123, in <listcomp>
    returns = [episode(env, agent, i) for i in range(training_episodes)]
  File "main.py", line 30, in episode
    next_state, reward, done, _ = env.step(action.numpy()[0])
  File "/home/j/jensenj/.local/lib/python3.6/site-packages/gym_unity/envs/__init__.py", line 177, in step
    self._env.step()
  File "/home/j/jensenj/.local/lib/python3.6/site-packages/mlagents_envs/timers.py", line 305, in wrapped
    return func(*args, **kwargs)
  File "/home/j/jensenj/.local/lib/python3.6/site-packages/mlagents_envs/environment.py", line 319, in step
    self._update_state(rl_output)
  File "/home/j/jensenj/.local/lib/python3.6/site-packages/mlagents_envs/environment.py", line 275, in _update_state
    agent_info_list, self._env_specs[brain_name]
  File "/home/j/jensenj/.local/lib/python3.6/site-packages/mlagents_envs/timers.py", line 305, in wrapped
    return func(*args, **kwargs)
  File "/home/j/jensenj/.local/lib/python3.6/site-packages/mlagents_envs/rpc_utils.py", line 188, in steps_from_proto
    obs_index, obs_shape, decision_agent_info_list
  File "/home/j/jensenj/.local/lib/python3.6/site-packages/mlagents_envs/timers.py", line 305, in wrapped
    return func(*args, **kwargs)
  File "/home/j/jensenj/.local/lib/python3.6/site-packages/mlagents_envs/rpc_utils.py", line 152, in _process_vector_observation
    _raise_on_nan_and_inf(np_obs, "observations")
  File "/home/j/jensenj/.local/lib/python3.6/site-packages/mlagents_envs/rpc_utils.py", line 130, in _raise_on_nan_and_inf
    raise RuntimeError(f"The {source} provided had NaN values.")
RuntimeError: The observations provided had NaN values.
2020-06-25 12:00:21 INFO [environment.py:418] Environment shut down with return code 0.
