slurmstepd-loisach: error: Unable to create TMPDIR [/tmp/user/30108]: Permission denied
slurmstepd-loisach: error: Setting TMPDIR to /tmp
Found path: /home/j/jensenj/PycharmProjects/Federer-Jr./src/../crawler_single/linux/dynamic_server/crawler_dynamic.x86_64
Mono path[0] = '/home/j/jensenj/PycharmProjects/Federer-Jr./src/../crawler_single/linux/dynamic_server/crawler_dynamic_Data/Managed'
Mono config path = '/home/j/jensenj/PycharmProjects/Federer-Jr./src/../crawler_single/linux/dynamic_server/crawler_dynamic_Data/MonoBleedingEdge/etc'
Preloaded 'lib_burst_generated.so'
Preloaded 'libgrpc_csharp_ext.x64.so'
Initialize engine version: 2019.3.15f1 (59ff3e03856d)
[Subsystems] Discovering subsystems at path /home/j/jensenj/PycharmProjects/Federer-Jr./src/../crawler_single/linux/dynamic_server/crawler_dynamic_Data/UnitySubsystems
Forcing GfxDevice: Null
GfxDevice: creating device client; threaded=0
NullGfxDevice:
    Version:  NULL 1.0 [1.0]
    Renderer: Null Device
    Vendor:   Unity Technologies
Begin MonoManager ReloadAssembly
- Completed reload, in  0.111 seconds
WARNING: Shader Unsupported: 'Autodesk Interactive' - All passes removed
WARNING: Shader Did you use #pragma only_renderers and omit this platform?
UnloadTime: 0.433961 ms
Fallback handler could not load library /home/j/jensenj/PycharmProjects/Federer-Jr./src/../crawler_single/linux/dynamic_server/crawler_dynamic_Data/Mono/libcoreclr.so
Fallback handler could not load library /home/j/jensenj/PycharmProjects/Federer-Jr./src/../crawler_single/linux/dynamic_server/crawler_dynamic_Data/Mono/libcoreclr.so
Fallback handler could not load library /home/j/jensenj/PycharmProjects/Federer-Jr./src/../crawler_single/linux/dynamic_server/crawler_dynamic_Data/Mono/libcoreclr.so
Fallback handler could not load library /home/j/jensenj/PycharmProjects/Federer-Jr./src/../crawler_single/linux/dynamic_server/crawler_dynamic_Data/Mono/libSystem.dylib
Fallback handler could not load library /home/j/jensenj/PycharmProjects/Federer-Jr./src/../crawler_single/linux/dynamic_server/crawler_dynamic_Data/Mono/libSystem.dylib.so
Fallback handler could not load library /home/j/jensenj/PycharmProjects/Federer-Jr./src/../crawler_single/linux/dynamic_server/crawler_dynamic_Data/Mono/libSystem.dylib
Fallback handler could not load library /home/j/jensenj/PycharmProjects/Federer-Jr./src/../crawler_single/linux/dynamic_server/crawler_dynamic_Data/Mono/libcoreclr.so
Fallback handler could not load library /home/j/jensenj/PycharmProjects/Federer-Jr./src/../crawler_single/linux/dynamic_server/crawler_dynamic_Data/Mono/libcoreclr.so
Fallback handler could not load library /home/j/jensenj/PycharmProjects/Federer-Jr./src/../crawler_single/linux/dynamic_server/crawler_dynamic_Data/Mono/libcoreclr.so
Fallback handler could not load library /home/j/jensenj/PycharmProjects/Federer-Jr./src/../crawler_single/linux/dynamic_server/crawler_dynamic_Data/Mono/libSystem.dylib
Fallback handler could not load library /home/j/jensenj/PycharmProjects/Federer-Jr./src/../crawler_single/linux/dynamic_server/crawler_dynamic_Data/Mono/libSystem.dylib.so
Fallback handler could not load library /home/j/jensenj/PycharmProjects/Federer-Jr./src/../crawler_single/linux/dynamic_server/crawler_dynamic_Data/Mono/libSystem.dylib
/home/j/jensenj/.local/lib/python3.6/site-packages/tensorboard/compat/tensorflow_stub/dtypes.py:541: FutureWarning: Passing (type, 1) or '1type' as a synonym of type is deprecated; in a future version of numpy, it will be understood as (type, (1,)) / '(1,)type'.
  _np_qint8 = np.dtype([("qint8", np.int8, 1)])
/home/j/jensenj/.local/lib/python3.6/site-packages/tensorboard/compat/tensorflow_stub/dtypes.py:542: FutureWarning: Passing (type, 1) or '1type' as a synonym of type is deprecated; in a future version of numpy, it will be understood as (type, (1,)) / '(1,)type'.
  _np_quint8 = np.dtype([("quint8", np.uint8, 1)])
/home/j/jensenj/.local/lib/python3.6/site-packages/tensorboard/compat/tensorflow_stub/dtypes.py:543: FutureWarning: Passing (type, 1) or '1type' as a synonym of type is deprecated; in a future version of numpy, it will be understood as (type, (1,)) / '(1,)type'.
  _np_qint16 = np.dtype([("qint16", np.int16, 1)])
/home/j/jensenj/.local/lib/python3.6/site-packages/tensorboard/compat/tensorflow_stub/dtypes.py:544: FutureWarning: Passing (type, 1) or '1type' as a synonym of type is deprecated; in a future version of numpy, it will be understood as (type, (1,)) / '(1,)type'.
  _np_quint16 = np.dtype([("quint16", np.uint16, 1)])
/home/j/jensenj/.local/lib/python3.6/site-packages/tensorboard/compat/tensorflow_stub/dtypes.py:545: FutureWarning: Passing (type, 1) or '1type' as a synonym of type is deprecated; in a future version of numpy, it will be understood as (type, (1,)) / '(1,)type'.
  _np_qint32 = np.dtype([("qint32", np.int32, 1)])
/home/j/jensenj/.local/lib/python3.6/site-packages/tensorboard/compat/tensorflow_stub/dtypes.py:550: FutureWarning: Passing (type, 1) or '1type' as a synonym of type is deprecated; in a future version of numpy, it will be understood as (type, (1,)) / '(1,)type'.
  np_resource = np.dtype([("resource", np.ubyte, 1)])
2020-06-25 12:20:51 INFO [environment.py:108] Connected to Unity environment with package version 1.0.2 and communication version 1.0.0
2020-06-25 12:20:51 INFO [environment.py:265] Connected new brain:
CrawlerDynamic?team=0
2020-06-25 12:20:51 WARNING [__init__.py:92] The environment contains multiple observations. You must define allow_multiple_obs=True to receive them all. Otherwise, only the first visual observation (or vector observation ifthere are no visual observations) will be provided in the observation.
/home/j/jensenj/.local/lib/python3.6/site-packages/gym/logger.py:30: UserWarning: [33mWARN: Box bound precision lowered by casting to float32[0m
  warnings.warn(colorize('%s: %s'%('WARN', msg % args), 'yellow'))
/home/j/jensenj/.local/lib/python3.6/site-packages/numpy/core/_methods.py:160: RuntimeWarning: invalid value encountered in reduce
  ret = umr_sum(arr, axis, dtype, out, keepdims)
update_time_steps: 8192 , ppo_epochs: 32 , beta:  0.001 , gamma 0.99
0 : -1.0945873162709177
1 : -1.8507804851979017
2 : -0.8658058131113648
3 : -2.926235020160675
4 : -0.9318961361423135
5 : -0.9779847348108888
6 : -0.8302747271955013
7 : -2.3899923539720476
8 : -0.545004466548562
9 : -1.595046080648899
10 : -1.3318238644860685
11 : -1.453493203036487
12 : -1.1841073399409652
13 : -1.1583022947888821
14 : -1.43665528902784
15 : -1.2424970287829638
16 : -1.2152769155800343
17 : -1.45747241191566
18 : -1.9025425538420677
19 : -1.2673588010948151
20 : -1.1368567587342113
21 : -1.0883887810632586
22 : -1.051100947894156
23 : -1.5951323481276631
24 : -1.2282339883968234
25 : -0.9060531510040164
26 : -0.03773506172001362
27 : 1.9891733471304178
28 : -1.0238004243001342
29 : -1.5437385775148869
30 : -1.3548853654647246
31 : -1.3358296025544405
32 : -2.3493862375617027
33 : -1.4467502795159817
34 : -1.6276591941714287
35 : -2.2995358402840793
36 : -0.9120782511308789
37 : -1.0474148839712143
38 : -0.3405959056690335
39 : -0.9708634116686881
40 : -1.2522132862359285
41 : -0.9456365518271923
42 : -1.375561292283237
43 : -1.1504248036071658
44 : -1.0341343637555838
45 : -0.583900835365057
46 : -4.199420442804694
47 : -0.7859340645372868
48 : -0.943896331358701
49 : -1.4683927851729095
50 : -0.5834990050643682
51 : -3.055378288961947
52 : -1.345894797355868
53 : -4.176433953456581
54 : -0.22030908847227693
55 : -1.4219868639484048
56 : -0.3616208336316049
57 : -1.7075927592813969
58 : 1.4838557206094265
59 : -2.234676994383335
60 : -2.8522529928013682
61 : 0.7354660495184362
62 : -1.137177904136479
63 : -2.6907859472557902
64 : 1.24010667251423
65 : 0.19115543365478516
66 : -0.8544691782444715
67 : -0.7730090199038386
68 : -1.6261542020365596
69 : -1.9117616224102676
70 : -1.2898811735212803
71 : -1.5095934150740504
72 : -0.11361119477078319
73 : -0.7511323159560561
74 : -1.7113719396293163
75 : -1.3420649704057723
76 : -1.9357768949121237
77 : -1.6489153243601322
78 : -1.2217476684600115
79 : -1.693478599190712
80 : -0.6006040200591087
81 : -1.465213562361896
82 : -0.9330516699701548
83 : -0.8589177131652832
84 : -0.7632645852863789
85 : -1.0394789301790297
86 : -1.547754067927599
87 : -1.5421857796609402
88 : -0.7061122972518206
89 : -1.4470351692289114
90 : -0.8478524712845683
91 : 2.8988146260380745
92 : -1.2268920222995803
93 : -0.892579180188477
94 : -1.8894654549658298
95 : -1.2775540929287672
96 : -1.7836966086179018
97 : -0.7074707057327032
98 : -2.017679517157376
99 : -1.8720265866722912
100 : -0.7095193020068109
101 : -1.613718319684267
102 : -1.135370122268796
103 : -0.9498511380515993
104 : -0.9855966195464134
105 : -0.9580100807361305
106 : -1.0735854916274548
107 : -1.507943756878376
108 : 0.37563370261341333
109 : -1.5782894995063543
110 : -1.6301013678312302
111 : -1.7373670674860477
112 : -1.381248077377677
113 : -1.5597524642944336
114 : -3.6792906932532787
115 : -1.9810384809970856
116 : -1.5038256887346506
117 : -1.2493141270242631
118 : 0.07065932545810938
119 : -1.0525062740780413
120 : -1.6095771733671427
121 : -1.653663394972682
122 : -1.1833199984394014
123 : -2.1673575416207314
124 : -1.3945759842172265
125 : -1.6706446912139654
126 : -1.6994207836687565
127 : 0.9481660430319607
128 : -1.9004759639501572
129 : -6.0649600848555565
130 : -0.9119066768325865
131 : -2.22523610945791
132 : -1.3184063602238894
133 : -1.4440257772803307
134 : -1.8249560799449682
135 : -0.7535059973597527
136 : -1.519174486398697
137 : -1.773141460493207
138 : -1.5670715849846601
139 : 0.40136928856372833
140 : -0.5377917746081948
141 : 2.4741743453778327
142 : -0.926445484161377
143 : -1.0754282306879759
144 : -1.047554636374116
145 : -1.255011429078877
146 : -1.968516580760479
147 : -1.554010333493352
148 : -1.368216848000884
149 : 0.37058431608602405
150 : -2.4911906387424096
151 : -2.0231253732927144
152 : -1.7182402424514294
153 : -0.8802338391542435
154 : -1.6186532014980912
155 : 0.1769717801362276
156 : -0.43359666992910206
157 : -0.16521354159340262
158 : 5.187225805595517
159 : -1.6578627824783325
160 : -0.7294122863095254
161 : -1.3481318764388561
162 : 2.376900089904666
163 : -1.4804333420470357
164 : -1.315117297694087
165 : -1.057614867342636
166 : -4.265036066295579
167 : -1.6104607675224543
168 : -0.9226790713146329
169 : -1.2953968616202474
170 : -1.0480551235377789
171 : -1.0073730847798288
172 : -1.2846789415925741
173 : -0.5334161347709596
174 : -1.4155109636485577
175 : -2.668476225808263
176 : -1.2230322980321944
177 : -1.0316681023687124
178 : -4.655086493585259
179 : -1.949209594167769
180 : 1.3017206699587405
181 : -1.2013160451315343
182 : -1.712209865450859
183 : -1.925590805709362
184 : 8.409181929077022
185 : -1.0517733036540449
186 : -1.414366215467453
187 : 3.5555357802659273
188 : -3.14519745670259
189 : -1.9278142894618213
190 : -1.6204741224646568
191 : -0.7802948579192162
192 : -1.86981157399714
193 : -0.06917979335412383
194 : -1.093256713822484
195 : -2.023090170114301
196 : -1.424074379261583
197 : -0.7570560360327363
198 : -1.3072342118248343
199 : 4.361919976770878
200 : -1.6796591961756349
201 : -1.8132134140469134
202 : -0.9394604898989201
203 : -0.7911031851544976
204 : -0.871956686489284
205 : -1.5633995407260954
206 : 0.1286199651658535
207 : 0.4659047988243401
208 : -1.092126782052219
209 : -1.4549952074885368
210 : -1.4397615231573582
211 : 0.7839067438617349
212 : -1.5072237295098603
213 : -1.1796603575348854
214 : -1.0222253017127514
215 : -2.926634176634252
216 : -0.4473558343015611
217 : -0.7213692711666226
218 : -1.9672892224043608
219 : -1.0246736155822873
220 : -1.589722715318203
221 : -3.5380863593891263
222 : -2.6433178423903883
223 : -2.1988843828439713
224 : -7.0922099985182285
225 : -1.7042038813233376
226 : -2.0640611704438925
227 : -1.9686831831932068
228 : -1.3495331704616547
229 : -1.070143423974514
230 : -1.4797499161213636
231 : -1.2308738365536556
232 : -0.7590707298368216
233 : -2.652687630150467
234 : -1.5896993353962898
235 : -2.1763574555516243
236 : -1.5854134326800704
237 : -1.0406942294212058
238 : -4.967220869380981
239 : -1.0240339348092675
240 : -0.9766791323199868
241 : -1.2809988735243678
242 : -1.036916741169989
243 : -1.0003493009135127
244 : -0.301582042244263
245 : -1.5902708247303963
246 : -1.7069763392210007
247 : -3.281655125785619
248 : -0.9547445103526115
249 : -1.8093970264308155
250 : -7.226766592822969
251 : -1.9453720562160015
252 : -3.0400447454303503
253 : -1.0433487216942012
254 : -1.0404720974620432
255 : -1.269648945890367
256 : 0.3641734663397074
257 : -1.7073229211382568
258 : -1.0590798305347562
259 : -1.7819354981184006
260 : -1.5884305676445365
261 : -1.2474636263214052
262 : -1.9384279400110245
263 : -1.7759181754663587
264 : -1.2572195455431938
265 : -0.6450760588049889
266 : 7.397744312882423
267 : 2.819267774000764
268 : -1.4398350901901722
269 : -1.2952479869127274
270 : -1.0686091594398022
271 : -1.6198077704757452
272 : -1.0999027779325843
273 : -1.2739740791730583
274 : -1.901844972744584
275 : -0.9165826812386513
276 : 0.263497662730515
277 : -1.9706514296121895
278 : -0.9434363609179854
279 : -2.5108985900878906
280 : -0.052785711362957954
281 : -1.1371016753837466
282 : -1.4182240068912506
283 : -1.0984970911522396
284 : -1.6841076090931892
285 : -1.6244238764047623
286 : -1.467347288504243
287 : -0.9913606671616435
288 : -1.2204016253817827
289 : -1.724450041539967
290 : -1.089855006430298
291 : -2.1090735271573067
292 : -0.7959405016154051
293 : -1.5594703610986471
294 : -0.5646472424268723
295 : -10.413993384689093
296 : -1.9363723751157522
297 : -1.787028033286333
298 : -1.2262423858046532
299 : 0.7717309966683388
300 : -1.4254228118807077
301 : -1.104779725894332
302 : -1.418542331084609
303 : 1.0702746883034706
304 : -1.0121745294891298
305 : -1.7780275270342827
306 : -0.8114924672991037
307 : -1.6036490462720394
308 : -1.0017439890652895
309 : -2.2527513462118804
310 : -1.606481110677123
311 : -0.7398860573302954
312 : -1.7682084888219833
313 : 1.4232795326970518
314 : -1.3060399033129215
315 : -0.9568817792460322
316 : -1.7632526457309723
317 : -1.4181520137935877
318 : 0.6362381177023053
319 : -0.7736401348374784
320 : -3.3283765465021133
321 : -1.200036964379251
322 : -1.3190317214466631
323 : -1.51412486564368
324 : -2.867628467269242
325 : -0.17885583359748125
326 : -1.0005094856023788
327 : -1.102724552154541
328 : -1.024843702558428
329 : -0.9659409914165735
330 : -1.243538174778223
331 : -1.2487937193363905
332 : -7.235506720840931
333 : -1.299691379070282
334 : 5.01911775348708
335 : -2.8855475627351552
336 : -1.668640211224556
337 : -1.5329812280833721
338 : -4.046091128140688
339 : -1.8604877777397633
340 : -2.1581249721348286
341 : -1.7838339358568192
342 : -1.503010205924511
343 : -5.34495889255777
344 : -1.8280572667717934
345 : -1.1045718679670244
346 : -1.5085190534591675
347 : -1.5813755257986486
348 : -1.0073383478447795
349 : -1.9106592568568885
350 : -0.9626196352764964
351 : -1.098681366071105
352 : -1.0035035721957684
353 : -0.8453932488337159
354 : -0.9266431932337582
355 : -1.5130182951688766
356 : -0.44536803429946303
357 : -1.7879723003134131
358 : -0.19243503734469414
359 : -1.0668428791686893
360 : -1.540819138288498
361 : -1.293515082448721
362 : -2.3418164292816073
363 : 1.3310631830245256
364 : -1.2915699053555727
365 : -1.5402202811092138
366 : -1.4608519729226828
367 : -2.1282948832958937
368 : -1.0059019038453698
369 : -0.4726322372443974
370 : 0.1505247950553894
371 : -2.3990326300263405
372 : -4.331624681130052
373 : -1.3703668313100934
374 : -1.1297500939108431
375 : -0.9694242468103766
376 : -2.913546863012016
377 : -1.2679212931543589
378 : -1.31043641269207
379 : -1.1515860687941313
380 : -1.754154296591878
381 : -1.1414401303045452
382 : -0.10001166863366961
383 : -1.3548907209187746
384 : -1.1540339337661862
385 : -4.204780671745539
386 : -2.940995203331113
387 : -1.4404306337237358
388 : -1.2950869221240282
389 : -1.298050906509161
390 : -1.4247691379860044
391 : -1.9147144313901663
392 : -1.1552965249866247
393 : -1.02996695227921
394 : -1.307493433356285
395 : 0.1513073593378067
396 : -0.18824526434764266
397 : -1.6213708529248834
398 : -0.432010930031538
399 : -5.272915244568139
400 : -0.5020542670972645
401 : -1.0737122651189566
402 : -0.7916985945776105
403 : -1.4711874381173402
404 : -2.0526825208216906
405 : -0.7043698458001018
406 : -0.5371786109171808
407 : -1.3296741303056479
408 : -1.055485701188445
409 : -1.259615533053875
410 : -1.2038085954263806
411 : -2.7879165271297097
412 : -0.9500929657369852
413 : -1.2455982118844986
414 : -1.5416605100035667
415 : -0.1170599814504385
416 : -1.9811819568276405
417 : -1.334756575524807
418 : -0.9068607967346907
419 : 0.8030142206698656
420 : -2.231820786371827
421 : -6.587657549185678
422 : -1.7614730279892683
423 : -1.4412399251013994
424 : -1.9297738261520863
425 : -1.4619631171226501
426 : -1.0734470062889159
427 : -1.42448028922081
428 : -1.2199052441865206
429 : -0.04883587034419179
430 : -1.3206632807850838
431 : -1.6017895489931107
432 : -0.9378291172906756
433 : -1.517539176158607
434 : -1.1348743357229978
435 : -0.5755472066812217
436 : -1.7932308241724968
437 : -0.7452504858374596
438 : -1.6885917652398348
439 : -0.9613676927983761
440 : -2.716643674764782
441 : -0.6440399060957134
442 : -1.3419330846518278
443 : -1.1860261922702193
444 : -0.8770592585206032
445 : -1.3220221195369959
446 : -1.5773698687553406
447 : -0.9328530309721828
448 : -1.2251266306266189
449 : -2.018164198845625
450 : -0.8852637577801943
451 : -1.626680538058281
452 : -1.2600445291027427
453 : -1.2085943017154932
454 : -1.0447073196992278
455 : -1.0348392706364393
456 : -2.106116781011224
457 : -1.6415629498660564
458 : -1.0009088860824704
459 : -0.49513277038931847
460 : -2.8194858180359006
461 : -1.352792621590197
462 : -1.1911065122112632
463 : -1.4624091759324074
464 : -1.409537397325039
465 : -1.8035351242870092
466 : -0.8001119960099459
467 : -0.7459267186932266
468 : -0.7428927514702082
469 : -1.2416405298863538
470 : -0.8564541572704911
471 : -1.198270478285849
472 : -1.8555555120110512
473 : -2.845620038919151
474 : -0.9751407508738339
475 : -1.2094230740331113
476 : -1.6238363524898887
477 : 0.25656610913574696
478 : -0.817895382642746
479 : -1.4645626405254006
480 : -1.9364036656916142
481 : -1.261559466831386
482 : -0.9387334017083049
483 : -1.1443666433915496
484 : -0.8007949441671371
485 : -1.5379365221597254
486 : -1.2489385452354327
487 : -1.3950051290448755
488 : -0.7782273832708597
489 : -1.5277826329693198
490 : -1.2104462911374867
491 : -1.1313859201036394
492 : -2.758677447680384
493 : -1.873058207333088
494 : -1.6844465350732207
495 : -1.006612490862608
496 : -1.7985163312405348
497 : -0.43449970055371523
498 : -1.2613190226256847
499 : -1.2864614371210337
500 : 1.3842814741656184
501 : -2.075924498960376
502 : -1.1734813377261162
503 : -1.313314384315163
504 : -0.420360941439867
505 : 0.9825849775224924
506 : -1.3714201617985964
507 : -0.6819828432053328
508 : -1.1209384908434004
509 : -1.0533559306059033
510 : -1.1635097488760948
511 : 2.2828255533240736
512 : -0.9668079372495413
513 : -1.0536866569891572
514 : -1.2856152025051415
515 : -5.291821776423603
516 : -1.0047096153721213
517 : -0.5429023276083171
518 : -1.8604768393561244
519 : -1.445031438022852
520 : -3.564834162592888
521 : -0.5441898051649332
522 : -0.2236061980947852
523 : -1.8066438287496567
524 : -0.8650731677189469
525 : -1.450865157879889
526 : -2.336412141099572
527 : -1.1760531133040786
528 : -2.5597621258348227
529 : -1.3206510720774531
530 : -1.4446849478408694
531 : -2.653111048042774
532 : -1.6436264174990356
533 : -1.8598581794649363
534 : 1.4711202308535576
535 : -2.0600977949798107
536 : -1.419333890080452
537 : -2.392943136394024
538 : -0.78112154873088
539 : -0.16662589320912957
540 : -1.0930551872588694
541 : -1.043647188693285
542 : -1.9751982912421227
543 : -1.3803036864846945
544 : -1.726683109998703
545 : -1.6145883612334728
546 : -1.5823494978249073
547 : -1.4155539851635695
548 : -2.319541499018669
549 : -1.2837111335247755
550 : -2.221600629389286
551 : -1.5686081405729055
552 : 0.9003491862677038
553 : -1.3984859166666865
554 : 0.7987304870039225
555 : -4.793308253400028
556 : -2.051915191113949
557 : -1.403150679077953
558 : -2.4636577889323235
559 : -1.5279457569122314
560 : 1.461965661495924
561 : -2.023955322802067
562 : -1.8093240461312234
563 : -2.083721640286967
564 : -0.3878390910103917
565 : -1.829204149544239
566 : -0.9422655724920332
!!! updated
567 : 2.5535975880920887
568 : -1.538747951388359
Setting up 2 worker threads for Enlighten.
  Thread -> id: 7f7826ffd700 -> priority: 1 
  Thread -> id: 7f78267fc700 -> priority: 1 
Traceback (most recent call last):
  File "main.py", line 123, in <module>
    returns = [episode(env, agent, i) for i in range(training_episodes)]
  File "main.py", line 123, in <listcomp>
    returns = [episode(env, agent, i) for i in range(training_episodes)]
  File "main.py", line 30, in episode
    next_state, reward, done, _ = env.step(action.numpy()[0])
  File "/home/j/jensenj/.local/lib/python3.6/site-packages/gym_unity/envs/__init__.py", line 177, in step
    self._env.step()
  File "/home/j/jensenj/.local/lib/python3.6/site-packages/mlagents_envs/timers.py", line 305, in wrapped
    return func(*args, **kwargs)
  File "/home/j/jensenj/.local/lib/python3.6/site-packages/mlagents_envs/environment.py", line 319, in step
    self._update_state(rl_output)
  File "/home/j/jensenj/.local/lib/python3.6/site-packages/mlagents_envs/environment.py", line 275, in _update_state
    agent_info_list, self._env_specs[brain_name]
  File "/home/j/jensenj/.local/lib/python3.6/site-packages/mlagents_envs/timers.py", line 305, in wrapped
    return func(*args, **kwargs)
  File "/home/j/jensenj/.local/lib/python3.6/site-packages/mlagents_envs/rpc_utils.py", line 188, in steps_from_proto
    obs_index, obs_shape, decision_agent_info_list
  File "/home/j/jensenj/.local/lib/python3.6/site-packages/mlagents_envs/timers.py", line 305, in wrapped
    return func(*args, **kwargs)
  File "/home/j/jensenj/.local/lib/python3.6/site-packages/mlagents_envs/rpc_utils.py", line 152, in _process_vector_observation
    _raise_on_nan_and_inf(np_obs, "observations")
  File "/home/j/jensenj/.local/lib/python3.6/site-packages/mlagents_envs/rpc_utils.py", line 130, in _raise_on_nan_and_inf
    raise RuntimeError(f"The {source} provided had NaN values.")
RuntimeError: The observations provided had NaN values.
2020-06-25 12:33:11 INFO [environment.py:418] Environment shut down with return code 0.
