slurmstepd-luhe: error: Unable to create TMPDIR [/tmp/user/30108]: Permission denied
slurmstepd-luhe: error: Setting TMPDIR to /tmp
Found path: /home/j/jensenj/PycharmProjects/Federer-Jr./src/../crawler_single/linux/dynamic_server/crawler_dynamic.x86_64
Mono path[0] = '/home/j/jensenj/PycharmProjects/Federer-Jr./src/../crawler_single/linux/dynamic_server/crawler_dynamic_Data/Managed'
Mono config path = '/home/j/jensenj/PycharmProjects/Federer-Jr./src/../crawler_single/linux/dynamic_server/crawler_dynamic_Data/MonoBleedingEdge/etc'
Preloaded 'lib_burst_generated.so'
Preloaded 'libgrpc_csharp_ext.x64.so'
Initialize engine version: 2019.3.15f1 (59ff3e03856d)
[Subsystems] Discovering subsystems at path /home/j/jensenj/PycharmProjects/Federer-Jr./src/../crawler_single/linux/dynamic_server/crawler_dynamic_Data/UnitySubsystems
Forcing GfxDevice: Null
GfxDevice: creating device client; threaded=0
NullGfxDevice:
    Version:  NULL 1.0 [1.0]
    Renderer: Null Device
    Vendor:   Unity Technologies
Begin MonoManager ReloadAssembly
- Completed reload, in  0.102 seconds
WARNING: Shader Unsupported: 'Autodesk Interactive' - All passes removed
WARNING: Shader Did you use #pragma only_renderers and omit this platform?
UnloadTime: 0.432546 ms
Fallback handler could not load library /home/j/jensenj/PycharmProjects/Federer-Jr./src/../crawler_single/linux/dynamic_server/crawler_dynamic_Data/Mono/libcoreclr.so
Fallback handler could not load library /home/j/jensenj/PycharmProjects/Federer-Jr./src/../crawler_single/linux/dynamic_server/crawler_dynamic_Data/Mono/libcoreclr.so
Fallback handler could not load library /home/j/jensenj/PycharmProjects/Federer-Jr./src/../crawler_single/linux/dynamic_server/crawler_dynamic_Data/Mono/libcoreclr.so
Fallback handler could not load library /home/j/jensenj/PycharmProjects/Federer-Jr./src/../crawler_single/linux/dynamic_server/crawler_dynamic_Data/Mono/libSystem.dylib
Fallback handler could not load library /home/j/jensenj/PycharmProjects/Federer-Jr./src/../crawler_single/linux/dynamic_server/crawler_dynamic_Data/Mono/libSystem.dylib.so
Fallback handler could not load library /home/j/jensenj/PycharmProjects/Federer-Jr./src/../crawler_single/linux/dynamic_server/crawler_dynamic_Data/Mono/libSystem.dylib
Fallback handler could not load library /home/j/jensenj/PycharmProjects/Federer-Jr./src/../crawler_single/linux/dynamic_server/crawler_dynamic_Data/Mono/libcoreclr.so
Fallback handler could not load library /home/j/jensenj/PycharmProjects/Federer-Jr./src/../crawler_single/linux/dynamic_server/crawler_dynamic_Data/Mono/libcoreclr.so
Fallback handler could not load library /home/j/jensenj/PycharmProjects/Federer-Jr./src/../crawler_single/linux/dynamic_server/crawler_dynamic_Data/Mono/libcoreclr.so
Fallback handler could not load library /home/j/jensenj/PycharmProjects/Federer-Jr./src/../crawler_single/linux/dynamic_server/crawler_dynamic_Data/Mono/libSystem.dylib
Fallback handler could not load library /home/j/jensenj/PycharmProjects/Federer-Jr./src/../crawler_single/linux/dynamic_server/crawler_dynamic_Data/Mono/libSystem.dylib.so
Fallback handler could not load library /home/j/jensenj/PycharmProjects/Federer-Jr./src/../crawler_single/linux/dynamic_server/crawler_dynamic_Data/Mono/libSystem.dylib
/home/j/jensenj/.local/lib/python3.6/site-packages/tensorboard/compat/tensorflow_stub/dtypes.py:541: FutureWarning: Passing (type, 1) or '1type' as a synonym of type is deprecated; in a future version of numpy, it will be understood as (type, (1,)) / '(1,)type'.
  _np_qint8 = np.dtype([("qint8", np.int8, 1)])
/home/j/jensenj/.local/lib/python3.6/site-packages/tensorboard/compat/tensorflow_stub/dtypes.py:542: FutureWarning: Passing (type, 1) or '1type' as a synonym of type is deprecated; in a future version of numpy, it will be understood as (type, (1,)) / '(1,)type'.
  _np_quint8 = np.dtype([("quint8", np.uint8, 1)])
/home/j/jensenj/.local/lib/python3.6/site-packages/tensorboard/compat/tensorflow_stub/dtypes.py:543: FutureWarning: Passing (type, 1) or '1type' as a synonym of type is deprecated; in a future version of numpy, it will be understood as (type, (1,)) / '(1,)type'.
  _np_qint16 = np.dtype([("qint16", np.int16, 1)])
/home/j/jensenj/.local/lib/python3.6/site-packages/tensorboard/compat/tensorflow_stub/dtypes.py:544: FutureWarning: Passing (type, 1) or '1type' as a synonym of type is deprecated; in a future version of numpy, it will be understood as (type, (1,)) / '(1,)type'.
  _np_quint16 = np.dtype([("quint16", np.uint16, 1)])
/home/j/jensenj/.local/lib/python3.6/site-packages/tensorboard/compat/tensorflow_stub/dtypes.py:545: FutureWarning: Passing (type, 1) or '1type' as a synonym of type is deprecated; in a future version of numpy, it will be understood as (type, (1,)) / '(1,)type'.
  _np_qint32 = np.dtype([("qint32", np.int32, 1)])
/home/j/jensenj/.local/lib/python3.6/site-packages/tensorboard/compat/tensorflow_stub/dtypes.py:550: FutureWarning: Passing (type, 1) or '1type' as a synonym of type is deprecated; in a future version of numpy, it will be understood as (type, (1,)) / '(1,)type'.
  np_resource = np.dtype([("resource", np.ubyte, 1)])
2020-06-25 12:19:51 INFO [environment.py:108] Connected to Unity environment with package version 1.0.2 and communication version 1.0.0
2020-06-25 12:19:51 INFO [environment.py:265] Connected new brain:
CrawlerDynamic?team=0
2020-06-25 12:19:51 WARNING [__init__.py:92] The environment contains multiple observations. You must define allow_multiple_obs=True to receive them all. Otherwise, only the first visual observation (or vector observation ifthere are no visual observations) will be provided in the observation.
/home/j/jensenj/.local/lib/python3.6/site-packages/gym/logger.py:30: UserWarning: [33mWARN: Box bound precision lowered by casting to float32[0m
  warnings.warn(colorize('%s: %s'%('WARN', msg % args), 'yellow'))
/home/j/jensenj/.local/lib/python3.6/site-packages/numpy/core/_methods.py:160: RuntimeWarning: invalid value encountered in reduce
  ret = umr_sum(arr, axis, dtype, out, keepdims)
update_time_steps: 8192 , ppo_epochs: 16 , beta:  0.01 , gamma 0.99
0 : -1.296330497134477
1 : -1.0889146438566968
2 : -0.0736709637567401
3 : 6.677290208172053
4 : 0.5488790264353156
5 : -1.0847239615395665
6 : 1.151715723797679
7 : 4.1550317127257586
8 : -1.4624733831733465
9 : -1.0850790566764772
10 : -1.1989622991532087
11 : -0.8440320109948516
12 : -1.3120212173089385
13 : -1.0792195592075586
14 : -0.5745505820959806
15 : -3.46221175044775
16 : -0.9249774133786559
17 : -0.8543700135778636
18 : -1.185770894633606
19 : 0.5837653377093375
20 : -1.2806864753365517
21 : 0.7313797557726502
22 : -1.5085867829620838
23 : -5.96573044732213
24 : 2.2006030809134245
25 : -1.6708471365272999
26 : 4.507995032705367
27 : -0.8104716185480356
28 : -1.409106898587197
29 : 5.124531412962824
30 : -1.9384481897577643
31 : -1.3268017508089542
32 : -0.044105926528573036
33 : 0.522370811086148
34 : 6.631017436273396
35 : -1.1568539552390575
36 : -0.6548087038099766
37 : -1.2895613638684154
38 : -2.367759115062654
39 : -1.1222025714814663
40 : -0.9105685735121369
41 : -1.3205287531018257
42 : -1.1371208354830742
43 : -9.88605690561235
44 : -1.0329852271825075
45 : -0.6920875255018473
46 : -0.9389783958904445
47 : -2.302096836268902
48 : -4.939208350144327
49 : -2.8345490181818604
50 : -0.9378018518909812
51 : 3.653480837121606
52 : -1.3221012633293867
53 : -1.0114305724855512
54 : -2.04315834492445
55 : -0.4075697287917137
56 : -2.0532155025284737
57 : -0.21628481522202492
58 : -1.2726403949782252
59 : -2.660960338776931
60 : -1.5795185258612037
61 : -1.5015186667442322
62 : -2.536375687457621
63 : -1.6536787189543247
64 : -1.3219413915649056
65 : -0.6506361309438944
66 : -0.9965750314295292
67 : -1.9963253661990166
68 : -0.8606072613038123
69 : -0.9317756872624159
70 : 0.2810419211164117
71 : -1.581934506073594
72 : -1.6194280236959457
73 : -1.5838745143264532
74 : -3.4097298374399543
75 : -5.206013644114137
76 : 7.221733890939504
77 : -1.4377558338455856
78 : -0.9955450417473912
79 : -1.0744246244430542
80 : -2.133722159313038
81 : 0.04212826117873192
82 : -1.5030719637870789
83 : -1.1290487805381417
84 : -4.248676858842373
85 : -3.0941954194568098
86 : 3.829148036893457
87 : -2.3779870122671127
88 : -2.460979554336518
89 : -7.843519430607557
90 : -1.8978008069097996
91 : 2.4688068963587284
92 : -1.593773609958589
93 : -1.1565878242254257
94 : -0.6789782764390111
95 : -1.1162918219342828
96 : -0.6936738763470203
97 : -2.878328040242195
98 : -1.5114811677485704
99 : -0.9394162651151419
100 : -1.4602196775376797
101 : -0.8702127235010266
102 : -1.6808398962020874
103 : -0.46609572786837816
104 : -1.1167445499449968
105 : -1.3508045114576817
106 : -1.0019880635663867
107 : 6.154265938326716
108 : -0.4906800901517272
109 : -1.2053880635648966
110 : 0.9704937639180571
111 : -1.3842425299808383
112 : -1.6636126227676868
113 : -1.872949542477727
114 : -10.396464492660016
115 : 0.7611448764801025
116 : 1.1488098949193954
117 : -1.0001131519675255
118 : -1.3646346633322537
119 : -3.9652317576110363
120 : 2.132913053035736
121 : -0.9324633455835283
122 : -0.7887332364916801
123 : 0.2460873401723802
124 : -1.3587983697652817
125 : 3.8711897544562817
126 : -6.683428214862943
127 : -2.899498336017132
128 : -1.7349414117634296
129 : -1.8652158337645233
130 : -2.2167749386280775
131 : -1.3394268262200058
132 : -0.7713120318949223
133 : -3.3876794539391994
134 : -2.412174598313868
135 : -1.4939169064164162
136 : -0.5426798209082335
137 : -0.339140135794878
138 : -1.7176151350140572
139 : -0.6942120911553502
140 : -2.8187786489725113
141 : -1.6028267405927181
142 : -1.3790303489658982
143 : -2.0036639953032136
144 : -0.9972552433609962
145 : -1.3227087412960827
146 : -0.575932839885354
147 : -1.6947069820016623
148 : -1.0822292836382985
149 : -0.7458889419212937
150 : -1.5017484854906797
151 : -1.9287706576287746
152 : -2.22167044878006
153 : 1.447601175867021
154 : -1.4542380291968584
155 : -0.9090128671377897
156 : -4.972265391610563
157 : 0.6094834853429347
158 : -1.2599935727193952
159 : -1.7795396074652672
160 : -1.5705949650146067
161 : 0.4107689540833235
162 : -1.1578550528502092
163 : 1.1820584312081337
164 : -1.1577508433256298
165 : -1.4054473638534546
166 : -1.4812234584242105
167 : -2.475771631579846
168 : -1.3645900674164295
169 : -1.5321236848831177
170 : -0.9103019898757339
171 : -2.8435573196038604
172 : -1.5412666127085686
173 : -1.4456949029117823
174 : -1.8215022422373295
175 : -0.9948120545595884
176 : 0.6898090336471796
177 : -1.368997324258089
178 : -3.1162982233799994
179 : 1.3714647265151143
180 : -0.1659930031746626
181 : -1.1277390215545893
182 : -0.7807113295421004
183 : -5.123973828041926
184 : -1.8023172989487648
185 : -1.4542144108563662
186 : -1.333777234889567
187 : -1.0542356194928288
188 : 3.322260865010321
189 : -2.7263223212212324
190 : -1.7233510166406631
191 : -1.2983039245009422
192 : -0.6211207304149866
193 : -1.403951314277947
194 : -0.9856865112669766
195 : -1.2656619008630514
196 : -0.8967697527259588
197 : -0.4900046056136489
198 : -1.463679052889347
199 : -1.6542507875710726
200 : -2.12900510430336
201 : -1.567178312689066
202 : -1.671758010983467
203 : -1.7637728708796203
204 : -0.13401044718921185
205 : -1.7753574075177312
206 : -0.7441713903099298
207 : -1.6773945149034262
208 : -1.1045020583551377
209 : -1.0713334819301963
210 : -1.7072318121790886
211 : -2.5141330352053046
212 : 1.911645103537012
213 : -1.5773125421255827
214 : -0.8549683010205626
215 : -2.392045389395207
216 : -1.057224411983043
217 : -0.09779570531100035
218 : -2.093761332333088
219 : -1.6336925933137536
220 : -0.34569175262004137
221 : -1.8568573240190744
222 : -1.3998643662780523
223 : -6.390891958959401
224 : -0.8868806092068553
225 : -1.65414784476161
226 : -1.4022849015891552
227 : -1.908359818160534
228 : -1.8301492519676685
229 : -3.927097932668403
230 : -1.528734490275383
231 : -1.5466336235404015
232 : -2.595688086003065
233 : -0.7980880616232753
234 : -2.5815327800810337
235 : -1.1088857799768448
236 : -0.7701351726427674
237 : 0.5322054279968143
238 : 3.7435797792859375
239 : -1.2274734303355217
240 : -0.8657488999888301
241 : -2.341105559375137
242 : -4.760764807462692
243 : -1.764545813202858
244 : 0.9587637567892671
245 : -1.0749626392498612
246 : -2.0357574075460434
247 : -5.865651471540332
248 : -0.8864406188949943
249 : -1.6401553195901215
250 : -1.148333102464676
251 : -0.5135957626625896
252 : 0.6256682053208351
253 : -1.089332980569452
254 : -0.8303210898302495
255 : -2.0878057833760977
256 : -1.1492757545784116
257 : -1.4393232557922602
258 : -2.694215212482959
259 : -6.6954249031841755
260 : -2.1505100801587105
261 : 7.394862920977175
262 : -1.3353628884069622
263 : -0.9861805592663586
264 : -10.340645605698228
265 : -3.5745972599834204
266 : -0.7973578199744225
267 : -0.9090925920754671
268 : -0.9484733631834388
269 : -1.674480363726616
270 : -1.612877756357193
271 : -2.072730422951281
272 : -2.863475512713194
273 : -1.3224963657557964
274 : -2.3222902566194534
275 : -4.114770248532295
276 : 1.2801450085826218
277 : -1.010503931902349
278 : -0.6346438550390303
279 : -1.3436203496530652
280 : -0.6297528520226479
281 : 11.298425565473735
282 : 0.008995498064905405
283 : 0.6113255564123392
284 : -1.846387168392539
285 : -1.1468109395354986
286 : -1.1177258417010307
287 : 0.14012007508426905
288 : -0.3969875290058553
289 : -1.5967915169894695
290 : -0.7447660332545638
291 : -1.6285359729081392
292 : -1.5355656445026398
293 : -0.04492523614317179
294 : -1.1481802463531494
295 : -1.6341522186994553
296 : -0.24892515316605568
297 : -3.47969464212656
298 : -1.923550403676927
299 : -6.601893859915435
300 : -1.3672430645674467
301 : -1.2729040123522282
302 : -0.26906654704362154
303 : -1.5617549223825336
304 : -2.1541606411337852
305 : -1.4777225889265537
306 : -1.4688408938236535
307 : 1.2636639084666967
308 : 3.025308351032436
309 : 6.223372772336006
310 : -0.15167420270154253
311 : 3.4331931392662227
312 : -1.1869519059546292
313 : -0.9176808930933475
314 : -1.9510155376046896
315 : -6.046736426651478
316 : -2.18616732256487
317 : -2.1483252057805657
318 : -2.4460485549643636
319 : -2.9827741775661707
320 : -5.368927313014865
321 : -14.81650590710342
322 : -0.6917702369391918
323 : 1.8393267476931214
324 : -1.3181654009968042
325 : -0.2757047973573208
326 : -1.1630555102601647
327 : -2.335975914262235
328 : 2.1273891706950963
329 : -2.905263348482549
330 : 0.985061171464622
331 : -1.166570812696591
332 : -1.4636310394853354
333 : -1.8168609468266368
334 : 0.5902474094182253
335 : -1.7236889004707336
336 : -0.8761692214757204
337 : -9.418060202151537
338 : -1.6724505461752415
339 : -2.1508330292999744
340 : 0.6904258951544762
341 : -0.6571180764585733
342 : -1.6465343562886119
343 : -1.7326168064028025
344 : -1.6013306938111782
345 : -0.7485351003706455
346 : -0.9061594901140779
347 : 0.8131154989823699
348 : -2.0310329906642437
349 : -1.1079623121768236
350 : -3.6214444832876325
351 : -1.475457213819027
352 : -2.1066021516453475
353 : -1.9590870067477226
354 : -0.7812019730918109
355 : -1.3594477605074644
356 : -2.647346392273903
357 : -5.434208428487182
358 : -2.8408770859241486
359 : -1.3693981210235506
360 : -6.496543218381703
361 : 0.003953548148274422
362 : -1.093155330978334
363 : -1.2089695259928703
364 : -3.2282016640529037
365 : -1.3658721828833222
366 : -1.8313740249723196
367 : -1.0971582001075149
368 : -0.9252087194472551
369 : -1.438890166580677
370 : -8.687410078942776
371 : -1.0860681566409767
372 : -1.046918440144509
373 : -0.9830120364204049
374 : -1.2886210586875677
375 : 2.839204039424658
376 : -1.3432034514844418
377 : 0.011705521028488874
378 : 0.6763804219663143
379 : -1.3876362489536405
380 : -1.1261031674221158
381 : -3.797255787998438
382 : -1.719729432836175
383 : 0.7588119553402066
384 : -1.4995883032679558
385 : -1.1315417625010014
386 : -1.4239533692598343
387 : 2.836599147412926
388 : -1.0306207360699773
389 : -1.1789158461615443
390 : 1.1806161813437939
391 : -2.9229108840227127
392 : -0.7802189812064171
393 : -1.2502548401243985
394 : -1.4828276298940182
395 : 0.2356953938724473
396 : -1.5842238636687398
397 : -1.110158497467637
398 : -0.8637894033454359
399 : 0.5554312858730555
400 : -2.004548739641905
401 : -1.018639215733856
402 : -1.421113558113575
403 : -0.7906299033202231
404 : -1.9076340161263943
405 : -1.5136586790904403
406 : -0.32664950378239155
407 : -0.9048021216876805
408 : -2.0492862425744534
409 : -4.8888037712313235
410 : -3.8224239074625075
411 : -0.13340577390044928
412 : -1.641404613852501
413 : 0.2512777759693563
414 : -1.561070829629898
415 : -5.430905606597662
416 : -1.0767194395884871
417 : -1.34750187699683
418 : -1.0636273152194917
419 : -0.8584856516681612
420 : -1.1118798600509763
421 : -1.9062260705977678
422 : -0.9714552755467594
423 : -1.220247644931078
424 : -1.2656544768251479
425 : -0.5044275499967625
426 : -4.613236761651933
427 : 1.541827293112874
428 : -1.734225606545806
429 : -0.9072928978130221
430 : -1.4721369305625558
431 : -0.8667275067418814
432 : -2.57323644682765
433 : -1.6089461129158735
434 : 0.6253593787550926
435 : -1.1981715308502316
436 : -0.7866328246891499
437 : -0.6921733692288399
438 : -1.8393286848440766
439 : -4.015649882145226
440 : -1.3485134653747082
441 : -10.592052430612966
442 : -1.5811494160443544
443 : -0.453895865008235
444 : -1.7404588451609015
445 : -1.730879800627008
446 : -0.8587537296116352
447 : -1.698109958320856
448 : -7.698982021771371
449 : -1.07184533867985
450 : -0.281114605255425
451 : 0.04626023303717375
452 : -1.7385591799393296
453 : 0.3653583638370037
454 : -1.868844110518694
455 : 0.5081756403669715
456 : -4.396187048405409
457 : -1.7285749386064708
458 : -1.5485829450190067
459 : -2.695795275270939
460 : -3.6301270239055157
461 : -1.5308902999386191
462 : -1.7054682489251718
463 : -1.1425962620414793
464 : -0.5244923289865255
465 : -0.19249480590224266
466 : -1.6274401391856372
467 : -1.4467908814549446
468 : -0.997575172688812
469 : 2.4531757356598973
470 : -1.5568780340254307
471 : -1.5875427718274295
472 : -2.401189688593149
473 : -4.7755179246887565
474 : -1.7356564104557037
475 : 0.22524976264685392
476 : -1.8802268169820309
477 : -0.9056032067164779
478 : -1.5145060941576958
479 : -1.209847217076458
480 : -3.085751929320395
!!! updated
481 : -1.499017808586359
482 : -1.3467921037226915
Setting up 2 worker threads for Enlighten.
  Thread -> id: 7f26b324c700 -> priority: 1 
  Thread -> id: 7f26b2a4b700 -> priority: 1 
Traceback (most recent call last):
  File "main.py", line 123, in <module>
    returns = [episode(env, agent, i) for i in range(training_episodes)]
  File "main.py", line 123, in <listcomp>
    returns = [episode(env, agent, i) for i in range(training_episodes)]
  File "main.py", line 30, in episode
    next_state, reward, done, _ = env.step(action.numpy()[0])
  File "/home/j/jensenj/.local/lib/python3.6/site-packages/gym_unity/envs/__init__.py", line 177, in step
    self._env.step()
  File "/home/j/jensenj/.local/lib/python3.6/site-packages/mlagents_envs/timers.py", line 305, in wrapped
    return func(*args, **kwargs)
  File "/home/j/jensenj/.local/lib/python3.6/site-packages/mlagents_envs/environment.py", line 319, in step
    self._update_state(rl_output)
  File "/home/j/jensenj/.local/lib/python3.6/site-packages/mlagents_envs/environment.py", line 275, in _update_state
    agent_info_list, self._env_specs[brain_name]
  File "/home/j/jensenj/.local/lib/python3.6/site-packages/mlagents_envs/timers.py", line 305, in wrapped
    return func(*args, **kwargs)
  File "/home/j/jensenj/.local/lib/python3.6/site-packages/mlagents_envs/rpc_utils.py", line 188, in steps_from_proto
    obs_index, obs_shape, decision_agent_info_list
  File "/home/j/jensenj/.local/lib/python3.6/site-packages/mlagents_envs/timers.py", line 305, in wrapped
    return func(*args, **kwargs)
  File "/home/j/jensenj/.local/lib/python3.6/site-packages/mlagents_envs/rpc_utils.py", line 152, in _process_vector_observation
    _raise_on_nan_and_inf(np_obs, "observations")
  File "/home/j/jensenj/.local/lib/python3.6/site-packages/mlagents_envs/rpc_utils.py", line 130, in _raise_on_nan_and_inf
    raise RuntimeError(f"The {source} provided had NaN values.")
RuntimeError: The observations provided had NaN values.
2020-06-25 12:30:34 INFO [environment.py:418] Environment shut down with return code 0.
