slurmstepd-haselgraben: error: Unable to create TMPDIR [/tmp/user/30108]: Permission denied
slurmstepd-haselgraben: error: Setting TMPDIR to /tmp
Found path: /home/j/jensenj/PycharmProjects/Federer-Jr./src/../crawler_single/linux/dynamic_server/crawler_dynamic.x86_64
Mono path[0] = '/home/j/jensenj/PycharmProjects/Federer-Jr./src/../crawler_single/linux/dynamic_server/crawler_dynamic_Data/Managed'
Mono config path = '/home/j/jensenj/PycharmProjects/Federer-Jr./src/../crawler_single/linux/dynamic_server/crawler_dynamic_Data/MonoBleedingEdge/etc'
Preloaded 'lib_burst_generated.so'
Preloaded 'libgrpc_csharp_ext.x64.so'
Initialize engine version: 2019.3.15f1 (59ff3e03856d)
[Subsystems] Discovering subsystems at path /home/j/jensenj/PycharmProjects/Federer-Jr./src/../crawler_single/linux/dynamic_server/crawler_dynamic_Data/UnitySubsystems
Forcing GfxDevice: Null
GfxDevice: creating device client; threaded=0
NullGfxDevice:
    Version:  NULL 1.0 [1.0]
    Renderer: Null Device
    Vendor:   Unity Technologies
Begin MonoManager ReloadAssembly
- Completed reload, in  0.099 seconds
WARNING: Shader Unsupported: 'Autodesk Interactive' - All passes removed
WARNING: Shader Did you use #pragma only_renderers and omit this platform?
UnloadTime: 0.436263 ms
Fallback handler could not load library /home/j/jensenj/PycharmProjects/Federer-Jr./src/../crawler_single/linux/dynamic_server/crawler_dynamic_Data/Mono/libcoreclr.so
Fallback handler could not load library /home/j/jensenj/PycharmProjects/Federer-Jr./src/../crawler_single/linux/dynamic_server/crawler_dynamic_Data/Mono/libcoreclr.so
Fallback handler could not load library /home/j/jensenj/PycharmProjects/Federer-Jr./src/../crawler_single/linux/dynamic_server/crawler_dynamic_Data/Mono/libcoreclr.so
Fallback handler could not load library /home/j/jensenj/PycharmProjects/Federer-Jr./src/../crawler_single/linux/dynamic_server/crawler_dynamic_Data/Mono/libSystem.dylib
Fallback handler could not load library /home/j/jensenj/PycharmProjects/Federer-Jr./src/../crawler_single/linux/dynamic_server/crawler_dynamic_Data/Mono/libSystem.dylib.so
Fallback handler could not load library /home/j/jensenj/PycharmProjects/Federer-Jr./src/../crawler_single/linux/dynamic_server/crawler_dynamic_Data/Mono/libSystem.dylib
Fallback handler could not load library /home/j/jensenj/PycharmProjects/Federer-Jr./src/../crawler_single/linux/dynamic_server/crawler_dynamic_Data/Mono/libcoreclr.so
Fallback handler could not load library /home/j/jensenj/PycharmProjects/Federer-Jr./src/../crawler_single/linux/dynamic_server/crawler_dynamic_Data/Mono/libcoreclr.so
Fallback handler could not load library /home/j/jensenj/PycharmProjects/Federer-Jr./src/../crawler_single/linux/dynamic_server/crawler_dynamic_Data/Mono/libcoreclr.so
Fallback handler could not load library /home/j/jensenj/PycharmProjects/Federer-Jr./src/../crawler_single/linux/dynamic_server/crawler_dynamic_Data/Mono/libSystem.dylib
Fallback handler could not load library /home/j/jensenj/PycharmProjects/Federer-Jr./src/../crawler_single/linux/dynamic_server/crawler_dynamic_Data/Mono/libSystem.dylib.so
Fallback handler could not load library /home/j/jensenj/PycharmProjects/Federer-Jr./src/../crawler_single/linux/dynamic_server/crawler_dynamic_Data/Mono/libSystem.dylib
/home/j/jensenj/.local/lib/python3.6/site-packages/tensorboard/compat/tensorflow_stub/dtypes.py:541: FutureWarning: Passing (type, 1) or '1type' as a synonym of type is deprecated; in a future version of numpy, it will be understood as (type, (1,)) / '(1,)type'.
  _np_qint8 = np.dtype([("qint8", np.int8, 1)])
/home/j/jensenj/.local/lib/python3.6/site-packages/tensorboard/compat/tensorflow_stub/dtypes.py:542: FutureWarning: Passing (type, 1) or '1type' as a synonym of type is deprecated; in a future version of numpy, it will be understood as (type, (1,)) / '(1,)type'.
  _np_quint8 = np.dtype([("quint8", np.uint8, 1)])
/home/j/jensenj/.local/lib/python3.6/site-packages/tensorboard/compat/tensorflow_stub/dtypes.py:543: FutureWarning: Passing (type, 1) or '1type' as a synonym of type is deprecated; in a future version of numpy, it will be understood as (type, (1,)) / '(1,)type'.
  _np_qint16 = np.dtype([("qint16", np.int16, 1)])
/home/j/jensenj/.local/lib/python3.6/site-packages/tensorboard/compat/tensorflow_stub/dtypes.py:544: FutureWarning: Passing (type, 1) or '1type' as a synonym of type is deprecated; in a future version of numpy, it will be understood as (type, (1,)) / '(1,)type'.
  _np_quint16 = np.dtype([("quint16", np.uint16, 1)])
/home/j/jensenj/.local/lib/python3.6/site-packages/tensorboard/compat/tensorflow_stub/dtypes.py:545: FutureWarning: Passing (type, 1) or '1type' as a synonym of type is deprecated; in a future version of numpy, it will be understood as (type, (1,)) / '(1,)type'.
  _np_qint32 = np.dtype([("qint32", np.int32, 1)])
/home/j/jensenj/.local/lib/python3.6/site-packages/tensorboard/compat/tensorflow_stub/dtypes.py:550: FutureWarning: Passing (type, 1) or '1type' as a synonym of type is deprecated; in a future version of numpy, it will be understood as (type, (1,)) / '(1,)type'.
  np_resource = np.dtype([("resource", np.ubyte, 1)])
2020-06-25 12:08:21 INFO [environment.py:108] Connected to Unity environment with package version 1.0.2 and communication version 1.0.0
2020-06-25 12:08:21 INFO [environment.py:265] Connected new brain:
CrawlerDynamic?team=0
2020-06-25 12:08:21 WARNING [__init__.py:92] The environment contains multiple observations. You must define allow_multiple_obs=True to receive them all. Otherwise, only the first visual observation (or vector observation ifthere are no visual observations) will be provided in the observation.
/home/j/jensenj/.local/lib/python3.6/site-packages/gym/logger.py:30: UserWarning: [33mWARN: Box bound precision lowered by casting to float32[0m
  warnings.warn(colorize('%s: %s'%('WARN', msg % args), 'yellow'))
/home/j/jensenj/.local/lib/python3.6/site-packages/numpy/core/_methods.py:160: RuntimeWarning: invalid value encountered in reduce
  ret = umr_sum(arr, axis, dtype, out, keepdims)
update_time_steps: 4096 , ppo_epochs: 32 , beta:  0.1 , gamma 0.99
0 : -0.13374537229537964
1 : -1.2948026389349252
2 : 0.8552688700146973
3 : 5.447441427968442
4 : -1.3769732620567083
5 : -0.18336269399151206
6 : -3.748286292422563
7 : -1.4637123299762607
8 : -0.9007566850632429
9 : -1.880140032619238
10 : 0.6346700880676508
11 : -2.1762160095386207
12 : -5.618289558216929
13 : -5.983230300829746
14 : -1.3207203075289726
15 : -3.1916546300053596
16 : -0.8125805826857686
17 : -2.612078814767301
18 : -1.1200505800079554
19 : -2.4495650480967015
20 : -1.277078926563263
21 : -1.611602948512882
22 : -1.1341740870848298
23 : -2.5649418625980616
24 : -2.5858240984380245
25 : -1.6662334725260735
26 : -0.8709828089922667
27 : -1.582047836855054
28 : 0.20601074071601033
29 : 4.0882661358918995
30 : -4.061922101769596
31 : -0.9686010121367872
32 : -1.3725118171423674
33 : -0.8592173708602786
34 : -0.618992667645216
35 : -1.391242878511548
36 : -1.0140986745245755
37 : -1.8439408615231514
38 : -2.2216017935425043
39 : -11.073619668371975
40 : -1.2977200241293758
41 : -1.2620586222037673
42 : -2.172767536714673
43 : -1.5990057445596904
44 : -0.4875881429761648
45 : -4.612093831412494
46 : -2.3292572423815727
47 : -0.9356161928735673
48 : -1.2838581036776304
49 : -0.577157043851912
50 : 0.6498322146944702
51 : -0.9184495136141777
52 : -2.4297074037604034
53 : -2.180052053183317
54 : -1.0872752261348069
55 : -2.943988462910056
56 : -0.40318400925025344
57 : -0.7165343682281673
58 : -4.363688290119171
59 : -4.83773151692003
60 : -1.25536232534796
61 : -0.6722732558846474
62 : -8.136881357990205
63 : -2.7834025248885155
64 : -2.541568249464035
65 : -1.3901052167639136
66 : -0.9737718310207129
67 : -0.9234953485429287
68 : -1.4579917481169105
69 : -0.08205135725438595
70 : -1.5671822791919112
71 : -0.7207283680327237
72 : -0.3163392045535147
73 : 0.7604265375994146
74 : -1.9376621954143047
75 : -1.0429526399821043
76 : -1.1330045200884342
77 : -1.0903188253287226
78 : -1.4685467602685094
79 : -1.1960254982113838
80 : -0.6180675732903183
81 : -0.8562381854280829
82 : -0.7145602824166417
83 : -1.3129295092076063
84 : -1.124606005847454
85 : -1.0355264255777001
86 : -0.9865308089647442
87 : -0.24347651982679963
88 : -1.1946950927376747
89 : -2.164259664248675
90 : 1.2745334915816784
91 : -2.0407886561006308
92 : -3.2968622625339776
93 : -1.1358202104456723
94 : -1.471586782950908
95 : -0.3074063453823328
96 : 2.6491580605506897
97 : -2.54605446010828
98 : -1.30055002681911
99 : -1.2606520131230354
100 : -0.6381073738448322
101 : -9.257718713954091
102 : -4.086358357220888
103 : -1.4512593038380146
104 : -2.314946404658258
105 : -1.7903451845049858
106 : -9.521991483867168
107 : -1.808052851818502
108 : 3.206824262626469
109 : 0.324764265678823
110 : -0.6805554055608809
111 : 2.748066261410713
112 : -4.143441462889314
113 : -1.4931714050471783
114 : 0.844474975951016
115 : -1.7630537915974855
116 : -2.6956418603658676
117 : -2.0454434836283326
118 : -0.794659738894552
119 : 0.11908125085756183
120 : -2.915890334174037
121 : -4.691460288129747
122 : -1.2968981871381402
123 : -3.56106625078246
124 : -11.361089940182865
125 : -2.146410208195448
126 : -1.8247587978839874
127 : 1.9545559780672193
128 : -5.68137913569808
129 : 0.4063393138349056
130 : -1.942030763719231
131 : -4.509358206763864
132 : -0.7028994811698794
133 : -1.0681899227201939
134 : -4.9089322979561985
135 : -0.5922926841303706
136 : -0.50194654869847
137 : -4.878128786571324
138 : -14.908441544510424
139 : -2.4120522788725793
140 : -0.25620452070143074
141 : -2.2435300229117274
142 : -4.674580026417971
143 : 4.073774080723524
144 : -1.7818488888442516
145 : -2.1749863233417273
146 : -1.1315192095935345
147 : -1.1304476661607623
148 : 3.254863440990448
149 : -1.8503102585673332
150 : 4.494962501339614
151 : -2.7979792803525925
152 : -0.8136694524437189
153 : -0.04286457924172282
154 : -1.7725782338529825
155 : -6.807844648370519
156 : -3.6144688427448273
157 : -1.7413569958880544
158 : -0.8922405103221536
159 : -0.946844061370939
160 : -0.8516259239986539
161 : 0.733851911034435
162 : -1.2039040140807629
163 : -1.1433059656992555
164 : -0.02359339501708746
165 : -0.9136292543262243
166 : -3.772915446665138
167 : -0.04425208084285259
168 : -1.9431098137865774
169 : -1.3274300657212734
170 : -4.258574661100283
171 : -1.0040357522666454
172 : 3.2140217651613057
173 : 7.3065863258671016
174 : -1.1223376388661563
175 : -1.0180041687563062
176 : -0.5649411007761955
!!! updated
177 : -3.5776903149671853
178 : -0.7797030946239829
179 : -0.7354805022478104
Setting up 2 worker threads for Enlighten.
  Thread -> id: 7fbd9d0c8700 -> priority: 1 
  Thread -> id: 7fbd9c8c7700 -> priority: 1 
Traceback (most recent call last):
  File "main.py", line 123, in <module>
    returns = [episode(env, agent, i) for i in range(training_episodes)]
  File "main.py", line 123, in <listcomp>
    returns = [episode(env, agent, i) for i in range(training_episodes)]
  File "main.py", line 30, in episode
    next_state, reward, done, _ = env.step(action.numpy()[0])
  File "/home/j/jensenj/.local/lib/python3.6/site-packages/gym_unity/envs/__init__.py", line 177, in step
    self._env.step()
  File "/home/j/jensenj/.local/lib/python3.6/site-packages/mlagents_envs/timers.py", line 305, in wrapped
    return func(*args, **kwargs)
  File "/home/j/jensenj/.local/lib/python3.6/site-packages/mlagents_envs/environment.py", line 319, in step
    self._update_state(rl_output)
  File "/home/j/jensenj/.local/lib/python3.6/site-packages/mlagents_envs/environment.py", line 275, in _update_state
    agent_info_list, self._env_specs[brain_name]
  File "/home/j/jensenj/.local/lib/python3.6/site-packages/mlagents_envs/timers.py", line 305, in wrapped
    return func(*args, **kwargs)
  File "/home/j/jensenj/.local/lib/python3.6/site-packages/mlagents_envs/rpc_utils.py", line 188, in steps_from_proto
    obs_index, obs_shape, decision_agent_info_list
  File "/home/j/jensenj/.local/lib/python3.6/site-packages/mlagents_envs/timers.py", line 305, in wrapped
    return func(*args, **kwargs)
  File "/home/j/jensenj/.local/lib/python3.6/site-packages/mlagents_envs/rpc_utils.py", line 152, in _process_vector_observation
    _raise_on_nan_and_inf(np_obs, "observations")
  File "/home/j/jensenj/.local/lib/python3.6/site-packages/mlagents_envs/rpc_utils.py", line 130, in _raise_on_nan_and_inf
    raise RuntimeError(f"The {source} provided had NaN values.")
RuntimeError: The observations provided had NaN values.
2020-06-25 12:14:35 INFO [environment.py:418] Environment shut down with return code 0.
