slurmstepd-frommbach: error: Unable to create TMPDIR [/tmp/user/30108]: Permission denied
slurmstepd-frommbach: error: Setting TMPDIR to /tmp
Found path: /home/j/jensenj/PycharmProjects/Federer-Jr./src/../crawler_single/linux/dynamic_server/crawler_dynamic.x86_64
Mono path[0] = '/home/j/jensenj/PycharmProjects/Federer-Jr./src/../crawler_single/linux/dynamic_server/crawler_dynamic_Data/Managed'
Mono config path = '/home/j/jensenj/PycharmProjects/Federer-Jr./src/../crawler_single/linux/dynamic_server/crawler_dynamic_Data/MonoBleedingEdge/etc'
Preloaded 'lib_burst_generated.so'
Preloaded 'libgrpc_csharp_ext.x64.so'
Initialize engine version: 2019.3.15f1 (59ff3e03856d)
[Subsystems] Discovering subsystems at path /home/j/jensenj/PycharmProjects/Federer-Jr./src/../crawler_single/linux/dynamic_server/crawler_dynamic_Data/UnitySubsystems
Forcing GfxDevice: Null
GfxDevice: creating device client; threaded=0
NullGfxDevice:
    Version:  NULL 1.0 [1.0]
    Renderer: Null Device
    Vendor:   Unity Technologies
Begin MonoManager ReloadAssembly
- Completed reload, in  0.099 seconds
WARNING: Shader Unsupported: 'Autodesk Interactive' - All passes removed
WARNING: Shader Did you use #pragma only_renderers and omit this platform?
UnloadTime: 0.421129 ms
Fallback handler could not load library /home/j/jensenj/PycharmProjects/Federer-Jr./src/../crawler_single/linux/dynamic_server/crawler_dynamic_Data/Mono/libcoreclr.so
Fallback handler could not load library /home/j/jensenj/PycharmProjects/Federer-Jr./src/../crawler_single/linux/dynamic_server/crawler_dynamic_Data/Mono/libcoreclr.so
Fallback handler could not load library /home/j/jensenj/PycharmProjects/Federer-Jr./src/../crawler_single/linux/dynamic_server/crawler_dynamic_Data/Mono/libcoreclr.so
Fallback handler could not load library /home/j/jensenj/PycharmProjects/Federer-Jr./src/../crawler_single/linux/dynamic_server/crawler_dynamic_Data/Mono/libSystem.dylib
Fallback handler could not load library /home/j/jensenj/PycharmProjects/Federer-Jr./src/../crawler_single/linux/dynamic_server/crawler_dynamic_Data/Mono/libSystem.dylib.so
Fallback handler could not load library /home/j/jensenj/PycharmProjects/Federer-Jr./src/../crawler_single/linux/dynamic_server/crawler_dynamic_Data/Mono/libSystem.dylib
Fallback handler could not load library /home/j/jensenj/PycharmProjects/Federer-Jr./src/../crawler_single/linux/dynamic_server/crawler_dynamic_Data/Mono/libcoreclr.so
Fallback handler could not load library /home/j/jensenj/PycharmProjects/Federer-Jr./src/../crawler_single/linux/dynamic_server/crawler_dynamic_Data/Mono/libcoreclr.so
Fallback handler could not load library /home/j/jensenj/PycharmProjects/Federer-Jr./src/../crawler_single/linux/dynamic_server/crawler_dynamic_Data/Mono/libcoreclr.so
Fallback handler could not load library /home/j/jensenj/PycharmProjects/Federer-Jr./src/../crawler_single/linux/dynamic_server/crawler_dynamic_Data/Mono/libSystem.dylib
Fallback handler could not load library /home/j/jensenj/PycharmProjects/Federer-Jr./src/../crawler_single/linux/dynamic_server/crawler_dynamic_Data/Mono/libSystem.dylib.so
Fallback handler could not load library /home/j/jensenj/PycharmProjects/Federer-Jr./src/../crawler_single/linux/dynamic_server/crawler_dynamic_Data/Mono/libSystem.dylib
/home/j/jensenj/.local/lib/python3.6/site-packages/tensorboard/compat/tensorflow_stub/dtypes.py:541: FutureWarning: Passing (type, 1) or '1type' as a synonym of type is deprecated; in a future version of numpy, it will be understood as (type, (1,)) / '(1,)type'.
  _np_qint8 = np.dtype([("qint8", np.int8, 1)])
/home/j/jensenj/.local/lib/python3.6/site-packages/tensorboard/compat/tensorflow_stub/dtypes.py:542: FutureWarning: Passing (type, 1) or '1type' as a synonym of type is deprecated; in a future version of numpy, it will be understood as (type, (1,)) / '(1,)type'.
  _np_quint8 = np.dtype([("quint8", np.uint8, 1)])
/home/j/jensenj/.local/lib/python3.6/site-packages/tensorboard/compat/tensorflow_stub/dtypes.py:543: FutureWarning: Passing (type, 1) or '1type' as a synonym of type is deprecated; in a future version of numpy, it will be understood as (type, (1,)) / '(1,)type'.
  _np_qint16 = np.dtype([("qint16", np.int16, 1)])
/home/j/jensenj/.local/lib/python3.6/site-packages/tensorboard/compat/tensorflow_stub/dtypes.py:544: FutureWarning: Passing (type, 1) or '1type' as a synonym of type is deprecated; in a future version of numpy, it will be understood as (type, (1,)) / '(1,)type'.
  _np_quint16 = np.dtype([("quint16", np.uint16, 1)])
/home/j/jensenj/.local/lib/python3.6/site-packages/tensorboard/compat/tensorflow_stub/dtypes.py:545: FutureWarning: Passing (type, 1) or '1type' as a synonym of type is deprecated; in a future version of numpy, it will be understood as (type, (1,)) / '(1,)type'.
  _np_qint32 = np.dtype([("qint32", np.int32, 1)])
/home/j/jensenj/.local/lib/python3.6/site-packages/tensorboard/compat/tensorflow_stub/dtypes.py:550: FutureWarning: Passing (type, 1) or '1type' as a synonym of type is deprecated; in a future version of numpy, it will be understood as (type, (1,)) / '(1,)type'.
  np_resource = np.dtype([("resource", np.ubyte, 1)])
2020-06-25 11:57:51 INFO [environment.py:108] Connected to Unity environment with package version 1.0.2 and communication version 1.0.0
2020-06-25 11:57:51 INFO [environment.py:265] Connected new brain:
CrawlerDynamic?team=0
2020-06-25 11:57:51 WARNING [__init__.py:92] The environment contains multiple observations. You must define allow_multiple_obs=True to receive them all. Otherwise, only the first visual observation (or vector observation ifthere are no visual observations) will be provided in the observation.
/home/j/jensenj/.local/lib/python3.6/site-packages/gym/logger.py:30: UserWarning: [33mWARN: Box bound precision lowered by casting to float32[0m
  warnings.warn(colorize('%s: %s'%('WARN', msg % args), 'yellow'))
/home/j/jensenj/.local/lib/python3.6/site-packages/numpy/core/_methods.py:160: RuntimeWarning: invalid value encountered in reduce
  ret = umr_sum(arr, axis, dtype, out, keepdims)
update_time_steps: 2048 , ppo_epochs: 4 , beta:  0.01 , gamma 0.9
0 : 0.6537389666773379
1 : -3.039907958067488
2 : 0.8672949699684978
3 : -1.1469407146796584
4 : -0.8114329692907631
5 : -1.022414393723011
6 : -0.6260076221078634
7 : -0.9213531026616693
8 : -1.1135053192265332
9 : -0.5349254761822522
10 : -1.1664847219362855
11 : -0.9440483553335071
12 : -1.3712310213595629
13 : -1.1887519414303824
14 : -2.108370590955019
15 : -0.35023802891373634
16 : -1.8852876909077168
17 : -1.3085120271425694
18 : -4.434800025541335
19 : -1.3287031126674265
20 : -1.1619133865460753
21 : -0.14800512325018644
22 : -6.647377962246537
23 : -10.550092914607376
24 : 0.9974112818017602
25 : -0.9055348723195493
26 : -2.187876120209694
27 : -1.2568738088011742
28 : -3.302965572103858
29 : -2.1056963577866554
30 : -1.9296832457184792
31 : 3.405223193578422
32 : 1.9016809007152915
33 : -1.1992049384862185
34 : -1.2087335889227688
35 : -1.1468204578850418
36 : -1.921264864038676
37 : -1.051210512407124
38 : -3.083102888893336
39 : -0.6658403491601348
40 : -0.7616510521620512
41 : -0.9677267577499151
42 : -1.204054682282731
43 : 0.6237563723698258
44 : -0.7773465039208531
45 : -0.7016067272052169
46 : -0.8574435743503273
47 : -0.610603166045621
48 : 0.9794611565303057
49 : -1.212411621119827
50 : -3.6230335952714086
51 : 0.11970964074134827
52 : -0.8230792721733451
53 : -0.6611047382466495
54 : 0.8302234262228012
55 : -4.1360130328685045
56 : -1.864212024025619
57 : -2.762524891179055
58 : -3.0932758732233196
59 : -0.994165116455406
60 : -1.1146660228259861
61 : -2.7078295331448317
62 : -1.4679827694781125
63 : 1.588980176486075
64 : -2.9948868034407496
65 : -5.86031012237072
66 : -1.9115629894658923
67 : -1.2156534167006612
68 : -1.0221407720819116
69 : -1.3513180650770664
70 : -0.6367780435830355
71 : -4.714391742832959
72 : -2.361819177865982
73 : -0.2586410529911518
74 : -3.3932188423350453
75 : -1.9781325049698353
76 : -0.6809413423761725
77 : -2.5938176829367876
78 : -1.0694902832619846
79 : -4.576792545616627
80 : -1.5062451548874378
81 : -4.0995501056313515
82 : -1.2988767926581204
83 : 2.9809448439627886
84 : -0.9723062478005886
85 : 3.2026547640562057
86 : -9.322720889002085
87 : 0.19722697010729462
88 : -2.428816809784621
89 : -0.051963185891509056
90 : -6.083093723282218
91 : -1.5994833633303642
92 : -1.0572544168680906
93 : -1.8000166714191437
94 : -1.278136673849076
95 : -1.1985138184390962
96 : -0.6797151882201433
97 : -5.493676056154072
98 : -2.4893869147635996
99 : -1.2737131360918283
!!! updated
100 : -1.793488634750247
101 : -1.0631236848421395
102 : -1.5921174474060535
103 : -0.8481010026298463
104 : -1.538281498476863
105 : -1.486517384648323
106 : -1.2078992100432515
107 : -0.956720557063818
108 : -0.9633868634700775
109 : -0.7818448282778263
110 : -0.9053886868059635
111 : -0.8595136478543282
112 : -1.2341873496770859
113 : -1.6064391396939754
Setting up 2 worker threads for Enlighten.
  Thread -> id: 7f95b895f700 -> priority: 1 
  Thread -> id: 7f95b3fff700 -> priority: 1 
Traceback (most recent call last):
  File "main.py", line 123, in <module>
    returns = [episode(env, agent, i) for i in range(training_episodes)]
  File "main.py", line 123, in <listcomp>
    returns = [episode(env, agent, i) for i in range(training_episodes)]
  File "main.py", line 30, in episode
    next_state, reward, done, _ = env.step(action.numpy()[0])
  File "/home/j/jensenj/.local/lib/python3.6/site-packages/gym_unity/envs/__init__.py", line 177, in step
    self._env.step()
  File "/home/j/jensenj/.local/lib/python3.6/site-packages/mlagents_envs/timers.py", line 305, in wrapped
    return func(*args, **kwargs)
  File "/home/j/jensenj/.local/lib/python3.6/site-packages/mlagents_envs/environment.py", line 319, in step
    self._update_state(rl_output)
  File "/home/j/jensenj/.local/lib/python3.6/site-packages/mlagents_envs/environment.py", line 275, in _update_state
    agent_info_list, self._env_specs[brain_name]
  File "/home/j/jensenj/.local/lib/python3.6/site-packages/mlagents_envs/timers.py", line 305, in wrapped
    return func(*args, **kwargs)
  File "/home/j/jensenj/.local/lib/python3.6/site-packages/mlagents_envs/rpc_utils.py", line 193, in steps_from_proto
    obs_index, obs_shape, terminal_agent_info_list
  File "/home/j/jensenj/.local/lib/python3.6/site-packages/mlagents_envs/timers.py", line 305, in wrapped
    return func(*args, **kwargs)
  File "/home/j/jensenj/.local/lib/python3.6/site-packages/mlagents_envs/rpc_utils.py", line 152, in _process_vector_observation
    _raise_on_nan_and_inf(np_obs, "observations")
  File "/home/j/jensenj/.local/lib/python3.6/site-packages/mlagents_envs/rpc_utils.py", line 130, in _raise_on_nan_and_inf
    raise RuntimeError(f"The {source} provided had NaN values.")
RuntimeError: The observations provided had NaN values.
2020-06-25 12:00:21 INFO [environment.py:418] Environment shut down with return code 0.
