slurmstepd-nassach: error: Unable to create TMPDIR [/tmp/user/30108]: Permission denied
slurmstepd-nassach: error: Setting TMPDIR to /tmp
Found path: /home/j/jensenj/PycharmProjects/Federer-Jr./src/../crawler_single/linux/dynamic_server/crawler_dynamic.x86_64
Mono path[0] = '/home/j/jensenj/PycharmProjects/Federer-Jr./src/../crawler_single/linux/dynamic_server/crawler_dynamic_Data/Managed'
Mono config path = '/home/j/jensenj/PycharmProjects/Federer-Jr./src/../crawler_single/linux/dynamic_server/crawler_dynamic_Data/MonoBleedingEdge/etc'
Preloaded 'lib_burst_generated.so'
Preloaded 'libgrpc_csharp_ext.x64.so'
Initialize engine version: 2019.3.15f1 (59ff3e03856d)
[Subsystems] Discovering subsystems at path /home/j/jensenj/PycharmProjects/Federer-Jr./src/../crawler_single/linux/dynamic_server/crawler_dynamic_Data/UnitySubsystems
Forcing GfxDevice: Null
GfxDevice: creating device client; threaded=0
NullGfxDevice:
    Version:  NULL 1.0 [1.0]
    Renderer: Null Device
    Vendor:   Unity Technologies
Begin MonoManager ReloadAssembly
- Completed reload, in  0.095 seconds
WARNING: Shader Unsupported: 'Autodesk Interactive' - All passes removed
WARNING: Shader Did you use #pragma only_renderers and omit this platform?
UnloadTime: 0.436302 ms
Fallback handler could not load library /home/j/jensenj/PycharmProjects/Federer-Jr./src/../crawler_single/linux/dynamic_server/crawler_dynamic_Data/Mono/libcoreclr.so
Fallback handler could not load library /home/j/jensenj/PycharmProjects/Federer-Jr./src/../crawler_single/linux/dynamic_server/crawler_dynamic_Data/Mono/libcoreclr.so
Fallback handler could not load library /home/j/jensenj/PycharmProjects/Federer-Jr./src/../crawler_single/linux/dynamic_server/crawler_dynamic_Data/Mono/libcoreclr.so
Fallback handler could not load library /home/j/jensenj/PycharmProjects/Federer-Jr./src/../crawler_single/linux/dynamic_server/crawler_dynamic_Data/Mono/libSystem.dylib
Fallback handler could not load library /home/j/jensenj/PycharmProjects/Federer-Jr./src/../crawler_single/linux/dynamic_server/crawler_dynamic_Data/Mono/libSystem.dylib.so
Fallback handler could not load library /home/j/jensenj/PycharmProjects/Federer-Jr./src/../crawler_single/linux/dynamic_server/crawler_dynamic_Data/Mono/libSystem.dylib
Fallback handler could not load library /home/j/jensenj/PycharmProjects/Federer-Jr./src/../crawler_single/linux/dynamic_server/crawler_dynamic_Data/Mono/libcoreclr.so
Fallback handler could not load library /home/j/jensenj/PycharmProjects/Federer-Jr./src/../crawler_single/linux/dynamic_server/crawler_dynamic_Data/Mono/libcoreclr.so
Fallback handler could not load library /home/j/jensenj/PycharmProjects/Federer-Jr./src/../crawler_single/linux/dynamic_server/crawler_dynamic_Data/Mono/libcoreclr.so
Fallback handler could not load library /home/j/jensenj/PycharmProjects/Federer-Jr./src/../crawler_single/linux/dynamic_server/crawler_dynamic_Data/Mono/libSystem.dylib
Fallback handler could not load library /home/j/jensenj/PycharmProjects/Federer-Jr./src/../crawler_single/linux/dynamic_server/crawler_dynamic_Data/Mono/libSystem.dylib.so
Fallback handler could not load library /home/j/jensenj/PycharmProjects/Federer-Jr./src/../crawler_single/linux/dynamic_server/crawler_dynamic_Data/Mono/libSystem.dylib
/home/j/jensenj/.local/lib/python3.6/site-packages/tensorboard/compat/tensorflow_stub/dtypes.py:541: FutureWarning: Passing (type, 1) or '1type' as a synonym of type is deprecated; in a future version of numpy, it will be understood as (type, (1,)) / '(1,)type'.
  _np_qint8 = np.dtype([("qint8", np.int8, 1)])
/home/j/jensenj/.local/lib/python3.6/site-packages/tensorboard/compat/tensorflow_stub/dtypes.py:542: FutureWarning: Passing (type, 1) or '1type' as a synonym of type is deprecated; in a future version of numpy, it will be understood as (type, (1,)) / '(1,)type'.
  _np_quint8 = np.dtype([("quint8", np.uint8, 1)])
/home/j/jensenj/.local/lib/python3.6/site-packages/tensorboard/compat/tensorflow_stub/dtypes.py:543: FutureWarning: Passing (type, 1) or '1type' as a synonym of type is deprecated; in a future version of numpy, it will be understood as (type, (1,)) / '(1,)type'.
  _np_qint16 = np.dtype([("qint16", np.int16, 1)])
/home/j/jensenj/.local/lib/python3.6/site-packages/tensorboard/compat/tensorflow_stub/dtypes.py:544: FutureWarning: Passing (type, 1) or '1type' as a synonym of type is deprecated; in a future version of numpy, it will be understood as (type, (1,)) / '(1,)type'.
  _np_quint16 = np.dtype([("quint16", np.uint16, 1)])
/home/j/jensenj/.local/lib/python3.6/site-packages/tensorboard/compat/tensorflow_stub/dtypes.py:545: FutureWarning: Passing (type, 1) or '1type' as a synonym of type is deprecated; in a future version of numpy, it will be understood as (type, (1,)) / '(1,)type'.
  _np_qint32 = np.dtype([("qint32", np.int32, 1)])
/home/j/jensenj/.local/lib/python3.6/site-packages/tensorboard/compat/tensorflow_stub/dtypes.py:550: FutureWarning: Passing (type, 1) or '1type' as a synonym of type is deprecated; in a future version of numpy, it will be understood as (type, (1,)) / '(1,)type'.
  np_resource = np.dtype([("resource", np.ubyte, 1)])
2020-06-25 12:33:21 INFO [environment.py:108] Connected to Unity environment with package version 1.0.2 and communication version 1.0.0
2020-06-25 12:33:21 INFO [environment.py:265] Connected new brain:
CrawlerDynamic?team=0
2020-06-25 12:33:21 WARNING [__init__.py:92] The environment contains multiple observations. You must define allow_multiple_obs=True to receive them all. Otherwise, only the first visual observation (or vector observation ifthere are no visual observations) will be provided in the observation.
update_time_steps: 10240 , ppo_epochs: 8 , beta:  0.001 , gamma 0.99
0 : -1.4688390213996172
1 : -6.782158402958885
2 : -5.361547335982323
3 : -1.5404642168432474
4 : -1.583671917207539
5 : -1.7020479450002313
6 : -0.6692777778953314
7 : -1.6338367210701108
8 : -1.2467100080102682
9 : -1.6746829780749977
10 : 3.265884331194684
11 : -1.852792214602232
12 : 4.5157196298241615
13 : -1.4919568374752998
14 : -1.4354762942530215
15 : -1.8446410838514566
16 : -8.611013520509005
17 : -1.5481996908783913
18 : -1.6563113387674093
19 : 1.5651309734676033
20 : -1.2990059815347195
21 : -0.39090903103351593
22 : -1.8451799163594842
23 : -2.174709547776729
24 : -2.005661301314831
25 : -2.12393051024992
26 : -2.1256193798035383
27 : -1.4022974893450737
28 : -1.1909870966337621
29 : 0.789559286320582
30 : -1.5740674939006567
31 : -1.020359695656225
32 : -0.03392417635768652
33 : -1.3312830375507474
34 : 6.02065789885819
35 : -1.2711187843233347
36 : -1.3058415246196091
37 : -1.764125200919807
38 : -0.2889763165730983
39 : -1.3641251474618912
40 : -0.777568300254643
41 : -0.8255536826327443
42 : -1.3913761898875237
43 : -0.9277965989895165
44 : -1.5425039231777191
45 : -1.1501551745459437
46 : 7.480749641545117
47 : -11.751473531126976
48 : -2.7880129599943757
49 : -1.2978679430671036
50 : -0.8304912652820349
51 : -3.0274009038694203
52 : 0.504092862829566
53 : -1.3627545274794102
54 : -1.8558221887797117
55 : 0.8238939438015223
56 : 2.451019586995244
57 : -3.3414790965616703
58 : -2.3554311022162437
59 : -1.1511314456583932
60 : -1.1349935298785567
61 : -12.727509553078562
62 : -1.1493889698758721
63 : -2.8215527632273734
64 : 2.54324967879802
65 : -0.13708952395245433
66 : -0.948492955416441
67 : -0.9227508315816522
68 : -0.705574638210237
69 : -0.7410572823137045
70 : -7.525481581687927
71 : -1.2829842974897474
72 : -0.7842398807406425
73 : -1.368542890995741
74 : -0.8517071611713618
75 : 2.982168525457382
76 : -6.3390045473352075
77 : -0.41932930424809456
78 : -1.0850484394468367
79 : -1.250245678354986
80 : 4.808461714535952
81 : -0.9570162249729037
82 : -0.8730343785136938
83 : -0.7527633463032544
84 : 1.2700792672112584
85 : -1.2206134088337421
86 : -0.6775779165327549
87 : -4.883606239920482
88 : -1.4757545567117631
89 : -3.832703273743391
90 : -1.9474066067487001
91 : -1.4942498467862606
92 : -1.4267403036355972
93 : -1.5562998726963997
94 : -1.2555001438595355
95 : -0.8885074378922582
96 : -1.6742479614913464
97 : -1.3608271526172757
98 : -0.8345201648771763
99 : -0.48600955214351416
100 : -0.43268272932618856
101 : -0.7310229381546378
102 : -1.5792955923825502
103 : -1.82454944960773
104 : -4.010604089125991
105 : -1.5534818014129996
106 : -6.744861832819879
107 : -5.858361147344112
108 : -1.4034013794735074
109 : -0.5670570116490126
110 : -8.839951977133751
111 : -2.732004789635539
112 : -2.3373975418508053
113 : -2.6927370335906744
114 : -1.5542097873985767
115 : -3.2492604178842157
116 : -1.503862735349685
117 : -1.378065719269216
118 : 1.3141894340515137
119 : -1.1008060239255428
120 : 3.59774613333866
121 : -0.8853258644230664
122 : -1.6649241279810667
123 : -1.837647195905447
124 : -0.0727348099462688
125 : 0.7947086927015334
126 : -1.8485680539160967
127 : -0.5546118216589093
128 : -2.4530076012015343
129 : -1.3514117654412985
130 : -4.375081200152636
131 : -0.2608572142198682
132 : -2.1734923534095287
133 : 1.3968757251277566
134 : -0.8571433909237385
135 : -0.09863169770687819
136 : -1.2350837551057339
137 : -3.7614664919674397
138 : -1.1979618333280087
139 : -1.1172652877867222
140 : -1.531551368534565
141 : -1.4220730115193874
142 : -1.2936253920197487
143 : -2.2867118157446384
144 : 0.10698413336649537
145 : -0.3945286311209202
146 : 2.813764409162104
147 : -1.4901034543290734
148 : -1.4795073959976435
149 : -1.6508409855887294
150 : -1.2837795577943325
151 : -5.046087416820228
152 : 2.6450035385787487
153 : -2.361649583093822
154 : -1.6710107512772083
155 : -2.8290777835063636
156 : -2.287327833008021
157 : -0.809101739898324
158 : -0.8373747514560819
159 : -1.1248125853016973
160 : -1.5077730268239975
161 : -6.262950626201928
162 : -1.4710311591625214
163 : -1.2833874491043389
164 : -1.3026519850827754
165 : 2.344888538122177
166 : -1.5748901031911373
167 : -1.3427972123026848
168 : -1.361528243869543
169 : -0.9263269249349833
170 : -0.6312735644169152
171 : -1.4295112676918507
172 : -1.1144582200795412
173 : 2.564429988153279
174 : -2.1600226666778326
175 : -1.4981540217995644
176 : -1.0798633976373821
177 : -2.0297769838944077
178 : -7.977539706043899
179 : -1.189857172779739
180 : 5.287133719306439
181 : -0.4328711125999689
182 : -1.373421811265871
183 : -0.05519679468125105
184 : -0.963177802041173
185 : -7.551598325371742
186 : -1.843771155923605
187 : -1.6000897819176316
188 : -4.475207644980401
189 : -4.631636319682002
190 : -1.187331615947187
191 : -0.7797885062173009
192 : -1.1315962057560682
193 : -1.160416793776676
194 : 0.7247595963999629
195 : -1.5797770489007235
196 : -2.5838112207129598
197 : -0.6475225929170847
198 : -1.9961808118969202
199 : -1.5570642091333866
200 : -2.440071750432253
201 : -1.0501453131437302
202 : -4.0700601299759
203 : -0.9522986058145761
204 : -0.9382141688838601
205 : -0.4365432485938072
206 : -1.1445474680513144
207 : 5.787968646734953
208 : -1.9721008501946926
209 : -5.71346864849329
210 : -1.3024050137028098
211 : 3.6486476100981236
212 : 1.0481093917042017
213 : -5.477794384583831
214 : -1.6110339984297752
215 : -0.939114146400243
216 : -1.4067854965105653
217 : -1.399480789899826
218 : -1.1265107644721866
219 : -3.020649226033129
220 : -1.2118909507989883
221 : -1.7495454410091043
222 : 1.6894335262477398
223 : -1.3205784070305526
224 : -1.3095482350327075
225 : -1.6152829844504595
226 : -1.4442778583616018
227 : 1.6314951428212225
228 : -2.8613279163837433
229 : -1.3793879819568247
230 : -0.7041539503261447
231 : -7.324213393032551
232 : 0.3898088166024536
233 : -0.05817840527743101
234 : -0.9984720861539245
235 : -1.7523175866808742
236 : 0.09836369752883911
237 : -0.9901803098618984
238 : 8.453201618045568
239 : 1.5172501225024462
240 : -0.9046302083879709
241 : -1.6940058348700404
242 : -2.4431179743260145
243 : 1.1864011101424694
244 : -1.195444289711304
245 : -1.4716133382171392
246 : -0.8594791032373905
247 : -3.4189693853259087
248 : -1.0716132605448365
249 : -0.4824060583487153
250 : 8.712259544059634
251 : -1.2055381815880537
252 : -1.2302275458350778
253 : -1.6789099052548409
254 : -1.0203055748715997
255 : -0.5161622269079089
256 : -1.7306960802525282
257 : -0.97888298984617
258 : -1.3591402601450682
259 : -1.3589733615517616
260 : -1.0516130439937115
261 : -1.5325818695127964
262 : -1.466674386523664
263 : -0.7355731166899204
264 : -1.8880057446658611
265 : -2.8147241547703743
266 : -0.43367800349369645
267 : -2.379553586244583
268 : -1.1148227686062455
269 : -0.9324454921297729
270 : -1.667516842018813
271 : -0.5737319122999907
272 : 0.7769202294293791
273 : -1.4420859180390835
274 : -1.2174431877210736
275 : -0.9088087053969502
276 : -0.8826465331949294
277 : -3.1527596812229604
278 : -2.1607076309155673
279 : -1.0269026961177588
280 : -3.7955461158417165
281 : -1.5682926774024963
282 : 0.25155352242290974
283 : 3.5306725334376097
284 : -1.4159899922087789
285 : -0.46461495151743293
286 : -1.650004698894918
287 : -2.0086335446685553
288 : -4.639995366334915
289 : -4.190885213203728
290 : -1.1235102927312255
291 : -0.12918623024597764
292 : -0.8422632180154324
293 : -1.0666308840736747
294 : -1.423783328384161
295 : -1.3167878771200776
296 : -1.0409974539652467
297 : -1.2833111137151718
298 : -0.4417713936418295
299 : -1.3732212912291288
300 : -0.2516079000197351
301 : 1.155285439454019
302 : -1.648125019390136
303 : 2.0106333373114467
304 : -1.708023608662188
305 : -0.3467723741196096
306 : -16.376353700645268
307 : -1.7751815542578697
308 : 0.727154134772718
309 : 0.1301161665469408
310 : -1.781256329268217
311 : -3.7925127875059843
312 : -1.0844892105087638
313 : -1.1004317551851273
314 : -1.1888068420812488
315 : -1.4636442670598626
316 : -1.8865639241412282
317 : -0.8248554286547005
318 : -0.6779570635408163
319 : -4.881976969540119
320 : -0.4437757176347077
321 : 2.0947902123443782
322 : -1.449525972129777
323 : -4.277128219604492
324 : -1.5735950991511345
325 : -1.609240378253162
326 : -2.9414329985156655
327 : 0.17119924630969763
328 : -1.9750255476683378
329 : -1.1259978730231524
330 : -0.17009338829666376
331 : 3.836341538466513
332 : -0.98255769116804
333 : 1.7863548141904175
334 : -2.4606900131329894
335 : -1.6972039127722383
336 : -1.5930309444665909
337 : -1.4158236449584365
338 : -1.2735555786639452
339 : -1.5037373453378677
340 : -1.6600738232955337
341 : -4.090202118270099
342 : -1.4799568746238947
343 : 7.268055073916912
344 : -1.3938831761479378
345 : -1.3775971289724112
346 : -1.4585392782464623
347 : -0.6124917007982731
348 : -1.9894059840589762
349 : -1.488991405814886
350 : -0.7352758571505547
351 : -0.5559227662160993
352 : -1.5984154641628265
353 : 1.9762384723871946
354 : -1.9803310111165047
355 : -7.6987096183001995
356 : -0.9838290796615183
357 : -1.3195231431163847
358 : -1.487372208852321
359 : -5.228003414813429
360 : -1.390182364732027
361 : -0.8365685846656561
362 : -1.5273907892405987
363 : -1.022345579462126
364 : -2.4297368228435516
365 : -1.3807422844693065
366 : -0.9870108524337411
367 : -1.1677929675206542
368 : -1.26376032223925
369 : -5.6224723742343485
370 : -2.3988347724080086
371 : -1.4847917947918177
372 : -1.6490440629422665
373 : -0.9840162834152579
374 : -0.6444139881059527
375 : -1.1556142014451325
376 : -2.6218186393380165
377 : 0.13121603662148118
378 : 0.10747276875190437
379 : -0.4453812288120389
380 : 1.685140538495034
381 : -8.665478078648448
382 : 1.2311504543758929
383 : -10.603349075652659
384 : -2.0562675381079316
385 : -1.374117499217391
386 : -1.4372833766974509
387 : -1.6268327198922634
388 : -1.2999000325798988
389 : -1.0563246929086745
390 : -1.367846000008285
391 : -4.976982469437644
392 : -1.026837781071663
393 : 1.357689807889983
394 : -1.2967446283437312
395 : -1.4445243394002318
396 : 0.3044093576609157
397 : -3.5628587137907743
398 : -1.0676367464475334
399 : 0.6191328871063888
400 : 1.7470928579568863
401 : -0.6000215299427509
402 : 0.6461803030688316
403 : -3.150829557911493
404 : 1.026465054601431
405 : 0.8706204313784838
406 : -1.3471865118481219
407 : -1.1430439939722419
408 : -2.4351508151739836
409 : -0.0029740091413259506
410 : -0.9624194079078734
411 : -1.129142934922129
412 : -1.8451238125562668
413 : -6.046784350648522
414 : -1.454527766443789
415 : -3.6072532841935754
416 : -1.2345493212342262
417 : -3.595821423456073
418 : -3.452542670071125
419 : -1.4625521609559655
420 : 0.276483166962862
421 : -0.9859324777498841
422 : -3.4909485084936023
423 : -1.3092287052422762
424 : -1.3711096420884132
425 : -1.8969529271125793
426 : -3.438423430081457
427 : -0.15748055279254913
428 : -1.3006765549071133
429 : -1.3926203334704041
430 : -0.9237614995799959
431 : -1.5657104458659887
432 : -2.5718992738984525
433 : -1.3627058900892735
434 : -1.6716694878414273
435 : -5.6121478718705475
436 : -1.4148189779371023
437 : 2.2894493639469147
438 : -1.9440020313486457
439 : -0.25850718142464757
440 : -1.0725520434207283
441 : -1.5964926313608885
442 : -1.1163390455767512
443 : -1.5207842495292425
444 : -1.2815359933301806
445 : -1.9135714955627918
446 : -1.629700436256826
447 : -4.568739316891879
448 : -2.275452397763729
449 : -1.1259314762428403
450 : -1.0372481230879202
451 : -0.23582183243706822
452 : -0.8825574144721031
453 : -1.431091694161296
454 : -0.79498974326998
455 : -1.2315532395150512
456 : -1.8455474050715566
457 : -0.5136182894930243
458 : -0.9477765578776598
459 : -1.385654821060598
460 : -2.420402812771499
461 : -0.8024021461606026
462 : -1.7832846357487142
463 : -4.618104891851544
464 : -1.1437827805057168
465 : -2.0431223399937153
466 : -0.9305634452030063
467 : -0.380293408408761
468 : -4.641828185878694
469 : -1.286050919443369
470 : -2.212836950086057
471 : -1.490390868857503
472 : -1.556257835123688
473 : -5.065178595948964
474 : -1.4907495370134711
475 : -1.344969481229782
476 : -1.8694303409429267
477 : 0.3561722356826067
478 : -3.279837232083082
479 : -0.7911485182121396
480 : 3.4209883753210306
481 : -1.4786178655922413
482 : -1.305965709965676
483 : -1.8012071624398232
484 : -0.803538947366178
485 : -1.0902217736002058
486 : -1.3527047894895077
487 : -0.8880095602944493
488 : -2.6664149202406406
489 : -1.518913171137683
490 : -1.2845104122534394
491 : -3.5743409860879183
492 : -1.229349497705698
493 : -1.396693205460906
494 : -3.4312702231109142
495 : -0.5217057764530182
496 : -1.220971909351647
497 : 0.491665443405509
498 : -1.3981289048679173
499 : -1.303079763194546
500 : 4.005103742703795
501 : -1.6765945255756378
502 : -1.0376620416063815
503 : -1.3966253688558936
504 : -1.496037248056382
505 : -1.4203535933047533
506 : -4.166190916206688
507 : -0.8271799394860864
508 : -0.9665147736668587
509 : 2.2991052931174636
510 : -1.1753248816821724
511 : -7.507785046938807
512 : -0.8654061295092106
513 : -0.6138948602601886
514 : -0.8101074509322643
515 : -1.1797858159989119
516 : 0.9659234154969454
517 : -12.853731370996684
518 : -1.859615720808506
519 : -0.871316731441766
520 : -1.5097134793177247
521 : -1.0646055850666016
522 : -0.8244429990882054
523 : -1.5089629236608744
524 : 1.2105820456054062
525 : -1.9034051112830639
526 : -11.576797285815701
527 : -1.464341573184356
528 : -0.7896257266402245
529 : -1.3181045604869723
530 : -1.503721541725099
531 : -2.9654941000044346
532 : -0.9366069380193949
533 : -2.8375543309375644
!!! updated
534 : -0.8360180603340268
535 : -0.9585596041288227
536 : 0.23134038597345352
537 : 0.020773092284798622
538 : -0.16418205806985497
539 : 0.011434242129325867
540 : -1.798228433355689
541 : -2.667592503130436
542 : 0.27410533744841814
543 : -2.128558088093996
544 : -1.7115042209625244
545 : -2.1800438165664673
546 : -1.2676563952118158
547 : -0.7377524143084884
548 : -2.156514447182417
549 : -0.0779830738902092
550 : -2.6651948392391205
551 : -2.3244211114943027
552 : -0.4340122966095805
553 : -1.0218212995678186
554 : -2.253589800791815
555 : -2.734010972082615
556 : -0.8075542151927948
557 : -1.8572615068405867
558 : -1.928286049515009
559 : -2.146528247743845
560 : -2.69433780759573
561 : -1.0123909609392285
562 : -2.007114409469068
563 : -0.5928020235151052
564 : 0.0013188645243644714
565 : 0.09793569426983595
566 : -2.6120748966932297
567 : 0.2822511123958975
568 : -0.1817270703613758
569 : -1.6837463323026896
570 : 0.08962061209604144
571 : -1.1466286107897758
572 : -0.9627457410097122
573 : -1.345754039939493
574 : -0.9701123787090182
575 : -3.002159871160984
576 : -0.8724465221166611
577 : -2.796031007543206
578 : -1.1796715408563614
579 : -2.600918918615207
580 : 0.15051323734223843
581 : -2.3059723004698753
582 : -2.547585814842023
583 : -0.07360615767538548
584 : 0.18999619572423398
585 : -0.08936109021306038
586 : -0.8622072376310825
587 : -2.6099657267332077
588 : -0.8971862443722785
589 : -1.1418956918641925
590 : -1.8045147066004574
591 : -1.026239287108183
592 : -0.7902336902916431
593 : -0.3470461070537567
594 : 0.2743478184565902
595 : -2.305949177592993
596 : -0.24368992261588573
597 : -1.4667404303327203
598 : -2.389553830958903
599 : -1.640007508918643
600 : -0.039126474410295486
601 : -2.105870050145313
602 : -2.5943779200315475
603 : -0.8196759447455406
604 : -0.48187266755849123
605 : -0.3437732458114624
606 : -2.576017666608095
607 : 0.29960745526477695
608 : -0.7777018761262298
609 : -3.4162822514772415
610 : -2.638220226857811
611 : -0.19653273094445467
612 : -0.38378751650452614
613 : -0.3297470770776272
614 : -0.05093272868543863
615 : -2.8303017672151327
616 : -2.6383347790688276
617 : -0.5014680698513985
618 : -2.470820281887427
619 : -1.2292297864332795
620 : -0.3308578203432262
621 : 0.1945182867348194
622 : -0.5242391959764063
623 : -3.44202920794487
624 : -0.1259453147649765
625 : -0.3753896662965417
626 : -0.17339066043496132
627 : -1.0521762780845165
628 : -0.1853876020759344
629 : -2.7276256643235683
630 : -1.1227727122604847
631 : -0.23542436258867383
632 : -0.7418484501540661
633 : -2.0087208840996027
634 : -0.6121835359372199
635 : -0.8014528406783938
636 : -2.5165317617356777
637 : -1.0257864776067436
638 : -2.655540332198143
639 : 0.31865762104280293
640 : /home/j/jensenj/.local/lib/python3.6/site-packages/gym/logger.py:30: UserWarning: [33mWARN: Box bound precision lowered by casting to float32[0m
  warnings.warn(colorize('%s: %s'%('WARN', msg % args), 'yellow'))
-2.5613048896193504
641 : -0.04422248899936676
642 : -2.70010145008564
643 : -2.4307151176035404
644 : -1.8801744803786278
645 : 0.30168003076687455
646 : 0.0794672854244709
647 : -2.4365099982824177
648 : -0.2724790722131729
649 : 0.023136692121624947
650 : 0.08752426877617836
651 : -0.41955163702368736
652 : -0.6679292526096106
653 : 0.09572861716151237
654 : -1.9413875825703144
655 : -0.7614523721858859
656 : -0.7412849143147469
657 : -0.48011808888986707
658 : -0.18270263820886612
659 : -2.6688529178500175
660 : -2.2225423315539956
661 : -0.07723836600780487
662 : -2.532396452501416
663 : -2.5227852100506425
664 : 0.25184797775000334
665 : -2.5278648464009166
666 : -1.9966597398743033
667 : -2.6607715655118227
668 : -2.591376017779112
669 : -0.08811729773879051
670 : -2.0582881728187203
671 : 0.09404961159452796
672 : -0.3233301676809788
673 : -1.4355685231275856
674 : 0.17819032073020935
675 : 0.21808652952313423
676 : -2.3627102561295033
677 : -0.8073171228170395
678 : -2.1988980025053024
679 : -2.7437554225325584
680 : -2.650479931384325
681 : -0.2658426924608648
682 : -0.031793038826435804
683 : -1.4386931704357266
684 : 0.40827161888591945
685 : -1.5823049270547926
686 : -1.120701314881444
687 : -0.5571861751377583
688 : -2.549239568412304
689 : 0.11306596640497446
690 : -0.47461423464119434
691 : -1.0149530046619475
692 : 0.07694047316908836
693 : -2.4396110298112035
694 : -1.198018599767238
695 : 0.2362443720921874
696 : -0.10908347507938743
697 : -1.8073667511343956
698 : -2.462695720139891
699 : -0.7038542376831174
700 : -1.6145794466137886
701 : -2.2654819935560226
702 : -0.4044082653708756
703 : -2.4793563336133957
704 : -0.2544313780963421
705 : -1.3830939061008394
706 : 0.008753546047955751
707 : 0.22077354788780212
708 : -1.6157953310757875
709 : -2.651911687105894
710 : -0.46932536270469427
711 : -0.7329885568469763
712 : 0.2423493224196136
713 : -1.54263287037611
714 : -1.2586367730982602
715 : -2.3006112086586654
716 : -0.08468466624617577
717 : -0.33375751227140427
718 : -0.57009656727314
719 : -1.010275460779667
720 : -1.5026088035665452
721 : -0.834186511579901
722 : -1.4279569634236395
723 : -0.0688169184140861
724 : -1.6356730675324798
725 : -0.8298021224327385
726 : -1.1985630560666323
727 : -0.23346033319830894
728 : -2.7225174074992537
729 : -2.4432182274758816
730 : -0.16407285910099745
731 : -1.350918238516897
732 : -2.9051922261714935
733 : -2.3097839292604476
734 : -2.112579330801964
735 : -1.483085710555315
736 : -0.026547325775027275
737 : -0.8855711370706558
738 : -0.4167798119597137
739 : -0.31864411756396294
740 : -2.6050849203020334
741 : -2.0031084828078747
742 : 0.03931361809372902
743 : -0.7157734259963036
744 : -0.34802175126969814
745 : 0.27356634102761745
746 : 0.24500007275491953
747 : -2.5396379716694355
748 : -1.154424861073494
749 : -1.0810737609863281
750 : -2.319185374304652
751 : -1.168931532651186
752 : -1.052430184558034
753 : -2.680123008787632
754 : -2.963449191302061
755 : -1.7768241856247187
756 : -2.624416804872453
757 : -2.0928093269467354
758 : -3.4397311471402645
759 : -1.135319737251848
760 : -1.6174711771309376
761 : -0.706089086830616
762 : -2.614791078492999
763 : -2.223887149244547
764 : -2.123561680316925
765 : -2.9687968641519547
766 : -2.3177722059190273
767 : -1.5046938569284976
768 : -0.9164351569488645
769 : 0.28038343600928783
770 : -0.18891762383282185
771 : -0.48518712259829044
772 : -0.16126248612999916
773 : -0.6859837304800749
774 : 0.16453953459858894
775 : 0.3219188400544226
776 : -0.006311097182333469
777 : -0.5373464282602072
778 : 0.25905824173241854
779 : -2.21451388951391
780 : -1.4434872716665268
781 : 0.3426550580188632
782 : -2.1730683259665966
783 : -0.19612586311995983
784 : -0.40816376358270645
785 : -1.3734570210799575
786 : -0.19553017150610685
787 : -2.644130975008011
788 : -0.2097937148064375
789 : 0.25666794646531343
790 : -3.284514844417572
791 : 0.17978142853826284
792 : -2.5214499589055777
793 : -0.6287726168520749
794 : -1.7143476475030184
795 : -1.9321355987340212
796 : -2.410846568644047
797 : -0.8339138235896826
798 : -0.11991926841437817
799 : -1.7191782435402274
800 : -1.5079576233401895
801 : -0.6428202968090773
802 : -2.541703565046191
803 : -1.7908530263230205
804 : -1.1082153636962175
805 : -2.062048855237663
806 : -0.8723447304219007
807 : -2.3607865422964096
808 : -2.966562755405903
809 : -0.2509293262846768
810 : -1.3001316878944635
811 : -0.3066478930413723
812 : -0.2116500991396606
813 : 0.06950455345213413
814 : 0.2685164688155055
815 : -1.859970225021243
816 : 0.08635766670340672
817 : -0.31133025139570236
818 : -0.0648985244333744
819 : 0.28018956060986966
820 : -2.656466394662857
821 : -0.04665498621761799
822 : 0.037430986762046814
823 : -0.046495683025568724
824 : -0.29538577422499657
825 : 0.24662855919450521
826 : -1.746692180633545
827 : -3.2271220022812486
828 : -0.6162564158439636
829 : -1.9968301374465227
830 : -2.423026204109192
831 : -2.3864397443830967
832 : 0.2804001164622605
833 : 0.2226569578051567
834 : -0.23641244508326054
835 : -2.770157527178526
836 : -0.6299929693341255
837 : -2.4653881192207336
838 : -2.4188347533345222
839 : -0.3077492415904999
840 : -0.35101571679115295
841 : 0.30733072897419333
842 : 0.13085214793682098
843 : 0.07581361336633563
844 : -2.393648998811841
845 : -0.9038034598343074
846 : -0.2286909818649292
847 : -2.2313120402395725
848 : -1.2970213508233428
849 : 0.1908132005482912
850 : 0.37332874489948153
851 : -1.9082721630111337
852 : -0.7477912595495582
853 : -2.0086805392056704
854 : -0.15970065258443356
855 : -1.5763369146734476
856 : 0.24969096668064594
857 : -1.0002611987292767
858 : 0.07522105891257524
859 : -2.647062560543418
860 : 0.1674078181385994
861 : -0.3135172463953495
862 : 0.3154324465431273
863 : -0.5725084692239761
864 : -2.4133077040314674
865 : -1.3531881039962173
866 : -2.666080854833126
867 : -2.14618503395468
868 : -0.5675328932702541
869 : -2.045593712478876
870 : -0.984085091855377
871 : -1.057622004300356
872 : 0.415438633877784
873 : 0.09722117614001036
874 : 0.010132268071174622
875 : 0.13412572257220745
876 : 0.10582394525408745
877 : 0.2382731158286333
878 : 0.29254905856214464
879 : -2.368119874037802
880 : -2.385047774761915
881 : -0.2782387547194958
882 : -0.997791619040072
883 : -0.10956219211220741
884 : -1.947381678968668
885 : 0.19800733029842377
886 : -0.8247199524194002
887 : -1.052976238541305
888 : 0.2619187440723181
889 : -0.35790419578552246
890 : -0.9558778810314834
891 : -1.2725753039121628
892 : -2.2014891002327204
893 : 0.02131038112565875
894 : 0.2828030271921307
895 : -0.8031622059643269
896 : 0.23423822037875652
897 : -1.4360047276131809
898 : -1.2564674094319344
899 : 0.1993756741285324
900 : -2.7639521304517984
901 : -2.9047345221042633
902 : -3.133090525865555
903 : -2.1592426244169474
904 : 0.3178594238124788
905 : -0.22299688309431076
906 : -2.2702901363372803
907 : -0.963656323030591
908 : 0.21599972248077393
909 : -0.7929580081254244
910 : -1.2641496798023582
911 : -3.188382513821125
912 : -0.5442259227856994
913 : -0.5621655564755201
914 : 0.09367324784398079
915 : -1.073636386077851
916 : -1.0483643161132932
917 : -2.4037961568683386
918 : 0.1256777010858059
919 : -0.039561111479997635
920 : -0.21140518598258495
921 : -1.5962180942296982
922 : -1.828884031623602
923 : 0.16881873831152916
924 : -2.7045558327808976
925 : -0.9568666368722916
926 : 0.05967801436781883
927 : -1.1895633777603507
928 : 0.08927141688764095
929 : 0.20628855749964714
930 : 0.2839349852874875
931 : -1.8468232518061996
932 : 0.2335996818728745
933 : 0.29103804007172585
934 : -1.877505000680685
935 : -2.4643167722970247
936 : -0.7211089516058564
937 : -0.8781392090022564
938 : -2.5361430335906334
939 : -2.6385976634919643
940 : -0.44229577109217644
941 : 0.3864791761152446
942 : 0.20823352690786123
943 : -0.1574963852763176
944 : -1.1815380305051804
945 : 0.1642491450184025
946 : -0.40586152859032154
947 : -1.6295582228340209
948 : -1.136762467212975
949 : -3.935252482071519
950 : -2.8835993837565184
951 : 0.3196683614514768
952 : 0.25870271446183324
953 : -1.9364347280934453
954 : -2.0798437036573887
955 : -0.557242140173912
956 : 0.24342897348105907
957 : -2.5946659445762634
958 : -2.334820492193103
959 : -1.4340646984055638
960 : -0.7543767001479864
961 : -2.940511729568243
962 : -1.2787021286785603
963 : -2.762828089296818
964 : 0.008374480530619621
965 : -2.7096570543944836
966 : -2.308638500981033
967 : -2.0566179214511067
968 : 0.19128074124455452
969 : -0.4143278170377016
970 : 0.23625754844397306
971 : -2.3296138048171997
972 : -0.027324384078383446
973 : -2.7881621792912483
974 : 0.2533172001130879
975 : -2.0543887205421925
976 : -1.7467766534537077
977 : -0.6349422410130501
978 : -0.3925091768614948
979 : -2.4116153977811337
980 : -2.36557247932069
981 : -0.2964615114033222
982 : 0.06924468651413918
983 : -1.3005593833513558
984 : -0.022793013602495193
985 : -2.2595168836414814
986 : -1.2578412280417979
987 : -2.443934343755245
988 : -0.16431056568399072
989 : -0.19634833093732595
990 : -2.05587454745546
991 : -1.491891962941736
992 : -1.400199961848557
993 : -0.4541183393448591
994 : -0.4277680218219757
995 : -0.1434936486184597
996 : -0.7606564247980714
997 : -2.5030839989194646
998 : -0.8784710541367531
999 : -1.1029612645506859
Setting up 2 worker threads for Enlighten.
  Thread -> id: 7f56837fe700 -> priority: 1 
  Thread -> id: 7f5682ffd700 -> priority: 1 
2020-06-25 12:53:04 INFO [environment.py:418] Environment shut down with return code 0.
