slurmstepd-duernbach: error: Unable to create TMPDIR [/tmp/user/30108]: Permission denied
slurmstepd-duernbach: error: Setting TMPDIR to /tmp
Found path: /home/j/jensenj/PycharmProjects/Federer-Jr./src/../crawler_single/linux/dynamic_server/crawler_dynamic.x86_64
Mono path[0] = '/home/j/jensenj/PycharmProjects/Federer-Jr./src/../crawler_single/linux/dynamic_server/crawler_dynamic_Data/Managed'
Mono config path = '/home/j/jensenj/PycharmProjects/Federer-Jr./src/../crawler_single/linux/dynamic_server/crawler_dynamic_Data/MonoBleedingEdge/etc'
Preloaded 'lib_burst_generated.so'
Preloaded 'libgrpc_csharp_ext.x64.so'
Initialize engine version: 2019.3.15f1 (59ff3e03856d)
[Subsystems] Discovering subsystems at path /home/j/jensenj/PycharmProjects/Federer-Jr./src/../crawler_single/linux/dynamic_server/crawler_dynamic_Data/UnitySubsystems
Forcing GfxDevice: Null
GfxDevice: creating device client; threaded=0
NullGfxDevice:
    Version:  NULL 1.0 [1.0]
    Renderer: Null Device
    Vendor:   Unity Technologies
Begin MonoManager ReloadAssembly
- Completed reload, in  0.101 seconds
WARNING: Shader Unsupported: 'Autodesk Interactive' - All passes removed
WARNING: Shader Did you use #pragma only_renderers and omit this platform?
UnloadTime: 0.432504 ms
Fallback handler could not load library /home/j/jensenj/PycharmProjects/Federer-Jr./src/../crawler_single/linux/dynamic_server/crawler_dynamic_Data/Mono/libcoreclr.so
Fallback handler could not load library /home/j/jensenj/PycharmProjects/Federer-Jr./src/../crawler_single/linux/dynamic_server/crawler_dynamic_Data/Mono/libcoreclr.so
Fallback handler could not load library /home/j/jensenj/PycharmProjects/Federer-Jr./src/../crawler_single/linux/dynamic_server/crawler_dynamic_Data/Mono/libcoreclr.so
Fallback handler could not load library /home/j/jensenj/PycharmProjects/Federer-Jr./src/../crawler_single/linux/dynamic_server/crawler_dynamic_Data/Mono/libSystem.dylib
Fallback handler could not load library /home/j/jensenj/PycharmProjects/Federer-Jr./src/../crawler_single/linux/dynamic_server/crawler_dynamic_Data/Mono/libSystem.dylib.so
Fallback handler could not load library /home/j/jensenj/PycharmProjects/Federer-Jr./src/../crawler_single/linux/dynamic_server/crawler_dynamic_Data/Mono/libSystem.dylib
Fallback handler could not load library /home/j/jensenj/PycharmProjects/Federer-Jr./src/../crawler_single/linux/dynamic_server/crawler_dynamic_Data/Mono/libcoreclr.so
Fallback handler could not load library /home/j/jensenj/PycharmProjects/Federer-Jr./src/../crawler_single/linux/dynamic_server/crawler_dynamic_Data/Mono/libcoreclr.so
Fallback handler could not load library /home/j/jensenj/PycharmProjects/Federer-Jr./src/../crawler_single/linux/dynamic_server/crawler_dynamic_Data/Mono/libcoreclr.so
Fallback handler could not load library /home/j/jensenj/PycharmProjects/Federer-Jr./src/../crawler_single/linux/dynamic_server/crawler_dynamic_Data/Mono/libSystem.dylib
Fallback handler could not load library /home/j/jensenj/PycharmProjects/Federer-Jr./src/../crawler_single/linux/dynamic_server/crawler_dynamic_Data/Mono/libSystem.dylib.so
Fallback handler could not load library /home/j/jensenj/PycharmProjects/Federer-Jr./src/../crawler_single/linux/dynamic_server/crawler_dynamic_Data/Mono/libSystem.dylib
/home/j/jensenj/.local/lib/python3.6/site-packages/tensorboard/compat/tensorflow_stub/dtypes.py:541: FutureWarning: Passing (type, 1) or '1type' as a synonym of type is deprecated; in a future version of numpy, it will be understood as (type, (1,)) / '(1,)type'.
  _np_qint8 = np.dtype([("qint8", np.int8, 1)])
/home/j/jensenj/.local/lib/python3.6/site-packages/tensorboard/compat/tensorflow_stub/dtypes.py:542: FutureWarning: Passing (type, 1) or '1type' as a synonym of type is deprecated; in a future version of numpy, it will be understood as (type, (1,)) / '(1,)type'.
  _np_quint8 = np.dtype([("quint8", np.uint8, 1)])
/home/j/jensenj/.local/lib/python3.6/site-packages/tensorboard/compat/tensorflow_stub/dtypes.py:543: FutureWarning: Passing (type, 1) or '1type' as a synonym of type is deprecated; in a future version of numpy, it will be understood as (type, (1,)) / '(1,)type'.
  _np_qint16 = np.dtype([("qint16", np.int16, 1)])
/home/j/jensenj/.local/lib/python3.6/site-packages/tensorboard/compat/tensorflow_stub/dtypes.py:544: FutureWarning: Passing (type, 1) or '1type' as a synonym of type is deprecated; in a future version of numpy, it will be understood as (type, (1,)) / '(1,)type'.
  _np_quint16 = np.dtype([("quint16", np.uint16, 1)])
/home/j/jensenj/.local/lib/python3.6/site-packages/tensorboard/compat/tensorflow_stub/dtypes.py:545: FutureWarning: Passing (type, 1) or '1type' as a synonym of type is deprecated; in a future version of numpy, it will be understood as (type, (1,)) / '(1,)type'.
  _np_qint32 = np.dtype([("qint32", np.int32, 1)])
/home/j/jensenj/.local/lib/python3.6/site-packages/tensorboard/compat/tensorflow_stub/dtypes.py:550: FutureWarning: Passing (type, 1) or '1type' as a synonym of type is deprecated; in a future version of numpy, it will be understood as (type, (1,)) / '(1,)type'.
  np_resource = np.dtype([("resource", np.ubyte, 1)])
2020-06-25 12:36:51 INFO [environment.py:108] Connected to Unity environment with package version 1.0.2 and communication version 1.0.0
2020-06-25 12:36:51 INFO [environment.py:265] Connected new brain:
CrawlerDynamic?team=0
2020-06-25 12:36:51 WARNING [__init__.py:92] The environment contains multiple observations. You must define allow_multiple_obs=True to receive them all. Otherwise, only the first visual observation (or vector observation ifthere are no visual observations) will be provided in the observation.
update_time_steps: 10240 , ppo_epochs: 16 , beta:  0.01 , gamma 0.9
0 : -1.5263094855472445
1 : 5.21643296815455
2 : -1.6821569977328181
3 : -1.0797289665788412
4 : -0.7942636380903423
5 : -0.20571653312072158
6 : -0.9284966802224517
7 : -0.58242701087147
8 : -1.4463485814630985
9 : -4.173605820862576
10 : -1.1232653921470046
11 : -0.9673555493354797
12 : -1.2923901677131653
13 : -0.9386691115796566
14 : -1.1859892588108778
15 : -2.1444980017840862
16 : -0.5891346288844943
17 : -1.2680132817476988
18 : -1.0169447164516896
19 : -1.8372888686135411
20 : -1.2728043850511312
21 : -0.6504950316157192
22 : -1.3762151836417615
23 : -1.4009201619774103
24 : -1.1686368258669972
25 : 1.7737476383335888
26 : -1.7738054189831018
27 : -1.3844084534794092
28 : -2.0630988627672195
29 : -0.5093757957220078
30 : -1.3794503705576062
31 : -0.09202435985207558
32 : -2.280450793914497
33 : -1.0704994699917734
34 : -1.1808022112818435
35 : -1.8345349207520485
36 : -1.8199831657111645
37 : -1.0149738856125623
38 : -0.29801477678120136
39 : -0.8005661964416504
40 : -0.6514694085344672
41 : -1.2916345307603478
42 : -1.048007095232606
43 : -1.017267644405365
44 : -0.12279282230883837
45 : -0.4616261722985655
46 : -1.0278103174641728
47 : -1.2945247907191515
48 : -1.3812871128320694
49 : -1.1199200237169862
50 : -0.45015907287597656
51 : -1.3342378148809075
52 : -1.5590445278212428
53 : -1.507291795220226
54 : -0.9695130579639226
55 : -1.025311240926385
56 : -0.2986241318285465
57 : -0.8947721756994724
58 : 6.4600143757415935
59 : -2.0380055606365204
60 : -1.230150253046304
61 : -1.455139851430431
62 : -0.3759655032772571
63 : -1.2875814887229353
64 : -1.5244078827090561
65 : -1.086561790201813
66 : -0.7817970123142004
67 : -1.0358359506353736
68 : -1.2509198328480124
69 : -5.143255603965372
70 : -1.7459166087210178
71 : -1.2962629925459623
72 : -0.9748037456301972
73 : -1.065715883858502
74 : -7.393536012619734
75 : -1.205886809155345
76 : -0.8660422246903181
77 : -1.5823444463312626
78 : -1.9615324679762125
79 : -1.9146865978837013
80 : -0.7468689922243357
81 : -1.0911655449308455
82 : 4.45036318525672
83 : -1.5704958140850067
84 : -0.8571135783568025
85 : -1.0979590341448784
86 : -1.8990658558905125
87 : -1.9404379799962044
88 : -1.4367836532182992
89 : -2.476058904081583
90 : -0.9885116862133145
91 : -1.3248141799122095
92 : -2.1582685806788504
93 : -2.1226168368011713
94 : -1.066576436161995
95 : -1.5096302954480052
96 : -1.33340067230165
97 : -2.665815107524395
98 : -0.7965673878788948
99 : -1.4523656070232391
100 : 0.5843075604643673
101 : -0.685519028455019
102 : -0.19228088238742203
103 : -1.1167087173089385
104 : -0.826133313588798
105 : -3.722424864768982
106 : -1.5399912986904383
107 : -1.2894912203773856
108 : -3.695015463978052
109 : -1.176214192993939
110 : -0.8896858831867576
111 : -1.8250052258372307
112 : -2.1631708247587085
113 : -1.5122823435813189
114 : -1.8108493052423
115 : -1.7692838199436665
116 : -1.327375222928822
117 : -1.2079151310026646
118 : -3.0271066073328257
119 : -1.6940689161419868
120 : -1.4470941796898842
121 : -1.5452213231474161
122 : -1.0469138333573937
123 : -1.6665459480136633
124 : 0.7740562245016918
125 : -1.0604204568080604
126 : -1.1692372038960457
127 : -3.19266957975924
128 : 4.840546266641468
129 : -5.590391129255295
130 : -1.0748019870370626
131 : -1.7210889905691147
132 : -1.7297414657659829
133 : -0.9388197958469391
134 : -0.7540112780407071
135 : -0.8135091364383698
136 : -1.3141247183084488
137 : -1.600326469168067
138 : 0.058810021728277206
139 : 0.5060389116406441
140 : -1.624057188630104
141 : -0.792190961074084
142 : -1.2306658998131752
143 : -0.7276526130735874
144 : -0.1824685400351882
145 : -1.1860770410858095
146 : -1.240738213993609
147 : -1.6512318458408117
148 : -1.0764177702367306
149 : -1.4730364494025707
150 : -2.0160302370786667
151 : -1.9354234791826457
152 : -2.422780377790332
153 : 1.4005972500890493
154 : 0.6750809570075944
155 : -1.2472997712902725
156 : -1.3100499452557415
157 : -1.5286390911787748
158 : -0.9170072367414832
159 : 0.4481891766190529
160 : -1.2869598604738712
161 : -2.3749815560877323
162 : -1.6986486967653036
163 : -0.5380900111049414
164 : 2.6471781856380403
165 : -0.9505989239551127
166 : -0.8155896095559001
167 : -0.9987661889754236
168 : -1.1579729963559657
169 : -1.768427724018693
170 : -0.7118417713791132
171 : -2.8877906408160925
172 : 3.829832755494863
173 : -1.4718847521580756
174 : -1.3806726029142737
175 : -1.4503077808767557
176 : 3.4207052486017346
177 : -1.69845418818295
178 : -0.06571230106055737
179 : -1.518994063604623
180 : -1.335293096024543
181 : -1.4145863018929958
182 : -2.5700486628338695
183 : -1.4466858408413827
184 : 0.3153208252042532
185 : -1.5577678098343313
186 : -0.923237569630146
187 : -1.4226092733442783
188 : 0.5511733442544937
189 : -0.902445696759969
190 : 1.4462937032803893
191 : -1.3579834811389446
192 : -1.1360031283693388
193 : -2.1540752947330475
194 : -4.541824918240309
195 : -1.632676773937419
196 : -1.4434868693351746
197 : -0.5748462425544858
198 : -2.381024681031704
199 : -0.9408388184383512
200 : -1.860621658153832
201 : -1.4470038912259042
202 : -1.146024787798524
203 : -0.7981850132346153
204 : -3.0120643712580204
205 : -3.2152139469981194
206 : -1.1157307652756572
207 : -0.6836882410570979
208 : -1.2605968560092151
209 : 1.310564422979951
210 : -1.5975846890360117
211 : -1.6353729777038097
212 : -1.7255692817270756
213 : -0.5589046478271484
214 : 1.4399964660406113
215 : 1.1766078947111964
216 : -1.067227360792458
217 : -2.3153339233249426
218 : 0.0010028257966041565
219 : -1.1000121468678117
220 : -1.4759441064670682
221 : -1.6597764268517494
222 : -1.1421008044853806
223 : -2.4010182041674852
224 : -1.598354510962963
225 : -0.7072206232696772
226 : -1.738650020211935
227 : -0.9715216876938939
228 : -0.8752941954880953
229 : -1.3013211898505688
230 : -2.1732515022158623
231 : -2.758928580209613
232 : -1.5826909095048904
233 : -0.8817042522132397
234 : 2.537132321856916
235 : -1.2477588094770908
236 : -2.2414967510849237
237 : -1.7080332934856415
238 : -1.2782551244599745
239 : -0.45547868497669697
240 : -4.7680432088673115
241 : -1.216590516269207
242 : 0.09203969105146825
243 : -1.7886429000645876
244 : -0.9967060566414148
245 : -0.4129394656047225
246 : -1.6337284371256828
247 : -0.9797803447581828
248 : -1.8289880314841866
249 : -1.001670051831752
250 : -0.8699016477912664
251 : -1.4068319695070386
252 : -1.278702609357424
253 : 2.277580600231886
254 : 0.543820533901453
255 : -1.7357463594526052
256 : -0.04346338112372905
257 : -2.3794996105134487
258 : -1.928505152463913
259 : -1.9825235246680677
260 : -8.115074002183974
261 : -0.2763978997245431
262 : -1.0493532191030681
263 : -1.200994643382728
264 : -1.2694650664925575
265 : -1.0187841053120792
266 : -1.1472375239245594
267 : -1.340644077397883
268 : 0.38786149956285954
269 : -1.1024051904678345
270 : -9.36368479207158
271 : -10.98812445718795
272 : -1.5728505589067936
273 : -1.1081187836825848
274 : -1.6954762898385525
275 : -0.9583424988668412
276 : 0.6083563826978207
277 : -2.8854876775294542
278 : -1.0526954291854054
279 : -1.6274238424375653
280 : 11.034331364557147
281 : -1.436938930884935
282 : -1.785995103418827
283 : -1.473148985300213
284 : -1.2261666487902403
285 : -1.2174727357923985
286 : -2.872862241230905
287 : -1.330822734045796
288 : -0.16540484549477696
289 : -2.096330538392067
290 : -0.40261280443519354
291 : -0.8663928005844355
292 : -1.5632005333900452
293 : -0.8061602357774973
294 : -1.5653732945211232
295 : -1.7160660959780216
296 : -1.3848343146964908
297 : -1.2925023613497615
298 : -1.2175416187383235
299 : -1.6499347761273384
300 : -0.482116759987548
301 : -0.8263674923218787
302 : -3.4645814436953515
303 : -1.0999172637239099
304 : -1.298722667619586
305 : -7.70038758777082
306 : -1.5138905514031649
307 : -4.886935256421566
308 : -1.329012317582965
309 : -2.194044202566147
310 : -0.6562956627458334
311 : 0.17855198308825493
312 : -1.8696263781748712
313 : -1.1582467462867498
314 : -1.5079067274928093
315 : -1.4586233384907246
316 : -0.5596615052781999
317 : -1.714885052293539
318 : -1.7828912436962128
319 : -0.6330892094410956
320 : -1.00764069147408/home/j/jensenj/.local/lib/python3.6/site-packages/gym/logger.py:30: UserWarning: [33mWARN: Box bound precision lowered by casting to float32[0m
  warnings.warn(colorize('%s: %s'%('WARN', msg % args), 'yellow'))

321 : -1.4181834235787392
322 : -1.7196280751377344
323 : -0.9924997198395431
324 : -1.3225757302716374
325 : 1.4309109612368047
326 : -1.3059756979346275
327 : -0.8586881123483181
328 : -1.349288529716432
329 : -1.0281594023108482
330 : 0.06360097229480743
331 : -5.448923464864492
332 : -1.3179308827966452
333 : -2.334031768143177
334 : -1.6302547175437212
335 : -0.8083793087862432
336 : -1.0826540952548385
337 : -1.2427250128239393
338 : -1.5034172656014562
339 : -0.4109179135411978
340 : -1.907087940722704
341 : -1.034656141884625
342 : -2.2534109465777874
343 : -1.0693015260621905
344 : -6.6238712929189205
345 : -0.7904682219959795
346 : -0.7843808571342379
347 : -1.6711206920444965
348 : -1.459309364669025
349 : -1.5235877740196884
350 : -2.422428235411644
351 : -1.469852538779378
352 : -2.7160260565578938
353 : -1.4075428643263876
354 : -1.5440500751137733
355 : -0.9485025652684271
356 : -1.622980996966362
357 : -0.393471040064469
358 : -1.8226990029215813
359 : -0.8972255103290081
360 : -0.008355715777724981
361 : -1.0568918762728572
362 : -1.0638821925967932
363 : 2.89482403639704
364 : 1.2860048357397318
365 : -3.030683336779475
366 : -1.2895017000846565
367 : -1.1966562825255096
368 : -1.6313261175528169
369 : -1.3727442286908627
370 : -1.9163096472620964
371 : -2.041979538742453
372 : 0.5999239878728986
373 : -2.3023793091997504
374 : -1.657551642274484
375 : -1.0247946251183748
376 : 0.20432748831808567
377 : -1.930824089795351
378 : -0.6442501372657716
379 : -1.1984271248802543
380 : -1.4753290684893727
381 : -1.2763972952961922
382 : -1.3865569019690156
383 : -0.7982539506629109
384 : -0.832047478761524
385 : -2.154677987098694
386 : -4.107979636639357
387 : -1.2845226135104895
388 : -6.96401356975548
389 : 3.740415726788342
390 : -1.4331433065235615
391 : -0.25178901478648186
392 : 2.8042064821347594
393 : -1.1454706713557243
394 : -1.1900726612657309
395 : -0.9805443240329623
396 : -1.001834461465478
397 : -1.9576238188892603
398 : -0.25691382121294737
399 : -8.502792809158564
400 : -0.5797703652642667
401 : -0.7645554468035698
402 : -1.5789985381998122
403 : -2.271518537774682
404 : -3.369268560782075
405 : -1.5693538207560778
406 : -0.9715984476497397
407 : -1.5170343704521656
408 : -1.7829706892371178
409 : -2.788026014342904
410 : -0.9998144218698144
411 : -0.8317500855773687
412 : -2.6046442072838545
413 : -1.6576087102293968
414 : -1.5610582679510117
415 : -2.109008278697729
416 : -1.683611124753952
417 : -2.6220839326269925
418 : 2.2906128941103816
419 : -1.1489529609680176
420 : -0.8690587785094976
421 : -1.9779016710817814
422 : -0.9139899578876793
423 : -5.334507325664163
424 : -1.2738054445944726
425 : -0.7315175305120647
426 : -1.3524720924906433
427 : -1.7216650289483368
428 : -0.8628172818571329
429 : -2.5647084899246693
430 : 0.4868732038885355
431 : -1.1810607751831412
432 : -1.1764142195461318
433 : -1.6072881668806076
434 : -4.607889866922051
435 : -1.106091711204499
436 : -1.4748314023017883
437 : -1.5922536607831717
438 : -1.237842008471489
439 : -1.6532023409381509
440 : -1.7235032822936773
441 : -0.8416956649161875
442 : -2.3689671363681555
443 : -1.4025021460838616
444 : -1.6057166145183146
445 : -3.473011977504939
446 : -0.5811430495232344
447 : -1.477270150091499
448 : -1.0476092752069235
449 : -1.03382737073116
450 : -4.753083643503487
451 : -0.9565569208934903
452 : -0.82254967559129
453 : -5.647830929607153
454 : -2.2690235627815127
455 : -2.196185316890478
456 : -0.16072657611221075
457 : -0.9498804537579417
458 : 1.244587312452495
459 : -1.3455153373070061
460 : -1.1639097640290856
461 : -3.018087641336024
462 : -2.4183733463287354
463 : -1.579434571089223
464 : -1.2130424492061138
465 : 1.6357343480922282
466 : -1.2711628330871463
467 : -0.7267623012885451
468 : -1.5994587317109108
469 : -0.7399595100432634
470 : -1.7683394588530064
471 : -0.7520085861906409
472 : -1.218934134230949
473 : -0.6459418314043432
474 : -1.4135051625780761
475 : -1.710003536194563
476 : -1.6022937512025237
477 : -1.117869796231389
478 : 0.5153932387474924
479 : -1.0579606564715505
480 : -2.875744244083762
481 : -1.0020009693689644
482 : -1.3555970788002014
483 : -1.6681271749548614
484 : -5.549661941360682
485 : -0.9917706977576017
486 : -0.7400223203003407
487 : 2.672413380816579
488 : 2.76193823851645
489 : -4.280006535351276
490 : -0.3415801879018545
491 : -0.11899586208164692
492 : -0.925440956838429
493 : -5.697865032590926
494 : -1.0690700341947377
495 : -0.8971800594590604
496 : -1.8411349952220917
497 : -0.9214729629456997
498 : -1.2247074989136308
499 : -0.783758046105504
500 : -1.4173275716602802
501 : -5.489019853062928
502 : -1.6851535066962242
503 : -0.8216743522789329
504 : 1.1313466373831034
505 : -1.092803621198982
506 : 1.0956504652276635
507 : -1.0638255449011922
508 : -3.1897285422310233
509 : -1.0831830967217684
510 : -0.1526841837912798
511 : -0.62910196185112
512 : -0.5849391585215926
513 : -2.4286223463714123
514 : -1.153791408520192
515 : -0.9661959484219551
516 : -1.4456023909151554
517 : 2.8391129672527313
518 : -0.8174738148227334
519 : -0.7463950398378074
520 : -1.1044984417967498
521 : -2.7085910327732563
522 : -1.234408472198993
523 : -2.4211230957880616
524 : -0.4427945245988667
525 : -0.9540801718831062
526 : 1.5667913374491036
527 : 0.696186033077538
528 : 1.6136095621623099
529 : 0.18354086624458432
530 : 4.889616807922721
531 : -0.8185045006684959
532 : -0.9569536140188575
533 : -0.917121944250539
534 : -0.6304193073883653
535 : -1.5360125182196498
536 : -3.0940923234447837
537 : -1.1564296073047444
538 : -0.8862436860799789
539 : -1.319019390270114
540 : -0.33788776211440563
541 : -1.9506742656230927
542 : -1.3759726523421705
543 : -1.5246656783856452
544 : -1.216168484184891
545 : -1.5470101886894554
546 : -1.4776088381186128
547 : -0.9074298022314906
548 : -0.16031468380242586
549 : -1.2706516962498426
550 : -1.095757215283811
551 : -1.5087131820619106
552 : -0.8929751869291067
553 : -0.3205588776618242
554 : -1.8499164208769798
555 : -1.8525519794784486
556 : 2.5769539875909686
557 : -2.3708843905478716
558 : -13.4655442237854
559 : -1.3717006287770346
560 : -0.7399655068293214
561 : -1.4648048218805343
562 : -0.6850292943418026
563 : -1.6118093095719814
564 : -1.137583683943376
565 : -1.491580376867205
566 : -3.065709201619029
567 : 1.131918080849573
568 : -1.075512089766562
569 : -1.336534421890974
570 : -1.8303369283676147
571 : -1.785730242729187
572 : -1.2788912993855774
573 : -1.0387417562305927
574 : 0.7276118146255612
575 : -1.2647777912206948
576 : -1.639558500610292
577 : 0.07739383075386286
578 : -1.5941934091970325
579 : -0.6846099817194045
580 : -0.8994092158973217
581 : -1.4601766150444746
582 : 0.3393160296836868
583 : -1.6682726149447262
584 : -0.9563685981556773
585 : -0.8187834676355124
586 : 4.389184680767357
587 : 0.8336071273079142
588 : -1.6632493790239096
589 : -2.019856508821249
590 : -1.1624430934898555
591 : 1.0536536141298711
592 : -1.5543275717645884
593 : -1.6213410720229149
594 : -2.4926982885226607
595 : -1.3385381358675659
596 : -1.675940248183906
597 : -1.9384610671550035
598 : -0.6574743762612343
599 : -3.5978158097714186
600 : 2.35352334799245
601 : -1.3318947367370129
602 : -1.425599216017872
603 : -1.5857850722968578
604 : -1.0059293259400874
605 : -1.141750100068748
606 : -1.78043033182621
607 : -1.1942797708325088
608 : 2.3699588188901544
609 : -1.4250097940675914
610 : -1.2051904555410147
611 : -0.8267545332200825
612 : -1.497353920713067
613 : 0.13877458265051246
614 : -1.4270234666764736
615 : -1.2562876222655177
616 : -1.281458041165024
617 : -1.1019966104067862
618 : -2.2661357456818223
619 : 2.569145265966654
620 : -3.2937373546883464
621 : -1.4332031346857548
622 : -1.7024055803194642
623 : -1.1429302089381963
624 : -0.8664601016789675
625 : -1.5978128723800182
626 : -2.8005290906876326
627 : -0.852438185364008
628 : -1.4708553105592728
629 : -2.759104710072279
630 : -1.2603103732690215
631 : -0.7335251811891794
632 : -0.4273985717445612
633 : -0.6240849932655692
634 : -1.5510259661823511
635 : -2.686578271444887
636 : -2.2151894737035036
637 : -1.1076717749238014
638 : -1.4658207632601261
639 : -11.518875675275922
640 : -1.4841890279203653
641 : -1.8487174743786454
642 : -0.93636459344998
643 : -1.5657845120877028
644 : -1.0347170904278755
645 : -1.678185369586572
646 : -2.49020878970623
647 : 0.6578610325232148
648 : -2.0075024412944913
!!! updated
Setting up 2 worker threads for Enlighten.
  Thread -> id: 7f71024c1700 -> priority: 1 
  Thread -> id: 7f7101cc0700 -> priority: 1 
Traceback (most recent call last):
  File "main.py", line 123, in <module>
    returns = [episode(env, agent, i) for i in range(training_episodes)]
  File "main.py", line 123, in <listcomp>
    returns = [episode(env, agent, i) for i in range(training_episodes)]
  File "main.py", line 30, in episode
    next_state, reward, done, _ = env.step(action.numpy()[0])
  File "/home/j/jensenj/.local/lib/python3.6/site-packages/gym_unity/envs/__init__.py", line 177, in step
    self._env.step()
  File "/home/j/jensenj/.local/lib/python3.6/site-packages/mlagents_envs/timers.py", line 305, in wrapped
    return func(*args, **kwargs)
  File "/home/j/jensenj/.local/lib/python3.6/site-packages/mlagents_envs/environment.py", line 319, in step
    self._update_state(rl_output)
  File "/home/j/jensenj/.local/lib/python3.6/site-packages/mlagents_envs/environment.py", line 275, in _update_state
    agent_info_list, self._env_specs[brain_name]
  File "/home/j/jensenj/.local/lib/python3.6/site-packages/mlagents_envs/timers.py", line 305, in wrapped
    return func(*args, **kwargs)
  File "/home/j/jensenj/.local/lib/python3.6/site-packages/mlagents_envs/rpc_utils.py", line 188, in steps_from_proto
    obs_index, obs_shape, decision_agent_info_list
  File "/home/j/jensenj/.local/lib/python3.6/site-packages/mlagents_envs/timers.py", line 305, in wrapped
    return func(*args, **kwargs)
  File "/home/j/jensenj/.local/lib/python3.6/site-packages/mlagents_envs/rpc_utils.py", line 152, in _process_vector_observation
    _raise_on_nan_and_inf(np_obs, "observations")
  File "/home/j/jensenj/.local/lib/python3.6/site-packages/mlagents_envs/rpc_utils.py", line 132, in _raise_on_nan_and_inf
    raise RuntimeError(f"The {source} provided had Infinite values.")
RuntimeError: The observations provided had Infinite values.
2020-06-25 12:50:03 INFO [environment.py:418] Environment shut down with return code 0.
