slurmstepd-luhe: error: Unable to create TMPDIR [/tmp/user/30108]: Permission denied
slurmstepd-luhe: error: Setting TMPDIR to /tmp
Found path: /home/j/jensenj/PycharmProjects/Federer-Jr./src/../crawler_single/linux/dynamic_server/crawler_dynamic.x86_64
Mono path[0] = '/home/j/jensenj/PycharmProjects/Federer-Jr./src/../crawler_single/linux/dynamic_server/crawler_dynamic_Data/Managed'
Mono config path = '/home/j/jensenj/PycharmProjects/Federer-Jr./src/../crawler_single/linux/dynamic_server/crawler_dynamic_Data/MonoBleedingEdge/etc'
Preloaded 'lib_burst_generated.so'
Preloaded 'libgrpc_csharp_ext.x64.so'
Initialize engine version: 2019.3.15f1 (59ff3e03856d)
[Subsystems] Discovering subsystems at path /home/j/jensenj/PycharmProjects/Federer-Jr./src/../crawler_single/linux/dynamic_server/crawler_dynamic_Data/UnitySubsystems
Forcing GfxDevice: Null
GfxDevice: creating device client; threaded=0
NullGfxDevice:
    Version:  NULL 1.0 [1.0]
    Renderer: Null Device
    Vendor:   Unity Technologies
Begin MonoManager ReloadAssembly
- Completed reload, in  0.106 seconds
WARNING: Shader Unsupported: 'Autodesk Interactive' - All passes removed
WARNING: Shader Did you use #pragma only_renderers and omit this platform?
UnloadTime: 0.449495 ms
Fallback handler could not load library /home/j/jensenj/PycharmProjects/Federer-Jr./src/../crawler_single/linux/dynamic_server/crawler_dynamic_Data/Mono/libcoreclr.so
Fallback handler could not load library /home/j/jensenj/PycharmProjects/Federer-Jr./src/../crawler_single/linux/dynamic_server/crawler_dynamic_Data/Mono/libcoreclr.so
Fallback handler could not load library /home/j/jensenj/PycharmProjects/Federer-Jr./src/../crawler_single/linux/dynamic_server/crawler_dynamic_Data/Mono/libcoreclr.so
Fallback handler could not load library /home/j/jensenj/PycharmProjects/Federer-Jr./src/../crawler_single/linux/dynamic_server/crawler_dynamic_Data/Mono/libSystem.dylib
Fallback handler could not load library /home/j/jensenj/PycharmProjects/Federer-Jr./src/../crawler_single/linux/dynamic_server/crawler_dynamic_Data/Mono/libSystem.dylib.so
Fallback handler could not load library /home/j/jensenj/PycharmProjects/Federer-Jr./src/../crawler_single/linux/dynamic_server/crawler_dynamic_Data/Mono/libSystem.dylib
Fallback handler could not load library /home/j/jensenj/PycharmProjects/Federer-Jr./src/../crawler_single/linux/dynamic_server/crawler_dynamic_Data/Mono/libcoreclr.so
Fallback handler could not load library /home/j/jensenj/PycharmProjects/Federer-Jr./src/../crawler_single/linux/dynamic_server/crawler_dynamic_Data/Mono/libcoreclr.so
Fallback handler could not load library /home/j/jensenj/PycharmProjects/Federer-Jr./src/../crawler_single/linux/dynamic_server/crawler_dynamic_Data/Mono/libcoreclr.so
Fallback handler could not load library /home/j/jensenj/PycharmProjects/Federer-Jr./src/../crawler_single/linux/dynamic_server/crawler_dynamic_Data/Mono/libSystem.dylib
Fallback handler could not load library /home/j/jensenj/PycharmProjects/Federer-Jr./src/../crawler_single/linux/dynamic_server/crawler_dynamic_Data/Mono/libSystem.dylib.so
Fallback handler could not load library /home/j/jensenj/PycharmProjects/Federer-Jr./src/../crawler_single/linux/dynamic_server/crawler_dynamic_Data/Mono/libSystem.dylib
/home/j/jensenj/.local/lib/python3.6/site-packages/tensorboard/compat/tensorflow_stub/dtypes.py:541: FutureWarning: Passing (type, 1) or '1type' as a synonym of type is deprecated; in a future version of numpy, it will be understood as (type, (1,)) / '(1,)type'.
  _np_qint8 = np.dtype([("qint8", np.int8, 1)])
/home/j/jensenj/.local/lib/python3.6/site-packages/tensorboard/compat/tensorflow_stub/dtypes.py:542: FutureWarning: Passing (type, 1) or '1type' as a synonym of type is deprecated; in a future version of numpy, it will be understood as (type, (1,)) / '(1,)type'.
  _np_quint8 = np.dtype([("quint8", np.uint8, 1)])
/home/j/jensenj/.local/lib/python3.6/site-packages/tensorboard/compat/tensorflow_stub/dtypes.py:543: FutureWarning: Passing (type, 1) or '1type' as a synonym of type is deprecated; in a future version of numpy, it will be understood as (type, (1,)) / '(1,)type'.
  _np_qint16 = np.dtype([("qint16", np.int16, 1)])
/home/j/jensenj/.local/lib/python3.6/site-packages/tensorboard/compat/tensorflow_stub/dtypes.py:544: FutureWarning: Passing (type, 1) or '1type' as a synonym of type is deprecated; in a future version of numpy, it will be understood as (type, (1,)) / '(1,)type'.
  _np_quint16 = np.dtype([("quint16", np.uint16, 1)])
/home/j/jensenj/.local/lib/python3.6/site-packages/tensorboard/compat/tensorflow_stub/dtypes.py:545: FutureWarning: Passing (type, 1) or '1type' as a synonym of type is deprecated; in a future version of numpy, it will be understood as (type, (1,)) / '(1,)type'.
  _np_qint32 = np.dtype([("qint32", np.int32, 1)])
/home/j/jensenj/.local/lib/python3.6/site-packages/tensorboard/compat/tensorflow_stub/dtypes.py:550: FutureWarning: Passing (type, 1) or '1type' as a synonym of type is deprecated; in a future version of numpy, it will be understood as (type, (1,)) / '(1,)type'.
  np_resource = np.dtype([("resource", np.ubyte, 1)])
2020-06-25 12:30:51 INFO [environment.py:108] Connected to Unity environment with package version 1.0.2 and communication version 1.0.0
2020-06-25 12:30:51 INFO [environment.py:265] Connected new brain:
CrawlerDynamic?team=0
2020-06-25 12:30:51 WARNING [__init__.py:92] The environment contains multiple observations. You must define allow_multiple_obs=True to receive them all. Otherwise, only the first visual observation (or vector observation ifthere are no visual observations) will be provided in the observation.
/home/j/jensenj/.local/lib/python3.6/site-packages/gym/logger.py:30: UserWarning: [33mWARN: Box bound precision lowered by casting to float32[0m
  warnings.warn(colorize('%s: %s'%('WARN', msg % args), 'yellow'))
/home/j/jensenj/.local/lib/python3.6/site-packages/numpy/core/_methods.py:160: RuntimeWarning: invalid value encountered in reduce
  ret = umr_sum(arr, axis, dtype, out, keepdims)
update_time_steps: 10240 , ppo_epochs: 4 , beta:  0.001 , gamma 0.99
0 : -1.561444259248674
1 : -0.5789223746396601
2 : 1.446586794219911
3 : -0.40173256676644087
4 : -1.0777468020096421
5 : -0.7118089543655515
6 : 0.12832558527588844
7 : -0.8830761834979057
8 : -4.113834014162421
9 : -0.9101452510803938
10 : 2.3965193177573383
11 : 0.3031497127376497
12 : 6.825639974791557
13 : -3.506655437289737
14 : -1.3703329041600227
15 : -3.8894855407997966
16 : -1.833745863288641
17 : -0.7521096002310514
18 : -1.1594433777499944
19 : -1.878943620249629
20 : -0.948498297482729
21 : -4.543582518585026
22 : -1.7948572877794504
23 : -1.330347136594355
24 : -0.9233376812189817
25 : 3.0668208077549934
26 : -1.9770552916452289
27 : -1.0026467684656382
28 : -0.4508040314540267
29 : -2.213509957306087
30 : -0.9766374938189983
31 : -1.2960120560601354
32 : -1.9243666408583522
33 : -1.384364360012114
34 : -1.2522455900907516
35 : -0.5740512860938907
36 : -1.3581440253183246
37 : -0.7630903460085392
38 : -1.7830763310194016
39 : -1.49567761272192
40 : -1.5673577063716948
41 : -2.2867026422172785
42 : -1.7852122951298952
43 : -1.0787364719435573
44 : -1.0506017981097102
45 : -1.5432782713323832
46 : -0.7596557349897921
47 : -1.2295845616608858
48 : 0.4397018114104867
49 : -1.0371648091822863
50 : -2.8861579410731792
51 : -0.9648565333336592
52 : -1.1060485013294965
53 : -0.8890994591638446
54 : -1.4215537775307894
55 : -1.4158862996846437
56 : -1.4069073777645826
57 : -2.9916571979410946
58 : -1.361913327127695
59 : -1.2404650191310793
60 : -0.9887625961564481
61 : -1.123065423220396
62 : -1.1957230530679226
63 : -1.3553251903504133
64 : -1.4968829792924225
65 : -1.4688927419483662
66 : -1.539479047525674
67 : -1.2374094272963703
68 : -1.2563589387573302
69 : 1.0009639281779528
70 : 2.692509976681322
71 : -0.9017160944640636
72 : -6.839132081717253
73 : -1.0113308373838663
74 : -1.1899051880463958
75 : -1.153553707525134
76 : -2.1223271624185145
77 : -1.2718993928283453
78 : -0.9573190296068788
79 : -1.3609989776741713
80 : -0.9149030558764935
81 : -0.4927087058313191
82 : -0.7690948862582445
83 : -1.5878401882946491
84 : -1.0821167146787047
85 : -1.4633026346564293
86 : -3.727831969386898
87 : -1.0188258327543736
88 : -3.2365393564105034
89 : -1.6000309945084155
90 : -0.25424563186243176
91 : 2.1363321654498577
92 : -0.774783777538687
93 : -1.4897642191499472
94 : -3.1475005773827434
95 : -2.004283171147108
96 : -0.9298292752355337
97 : -1.0018189130350947
98 : -2.0651826933026314
99 : -1.9699887349270284
100 : -2.194498982280493
101 : -1.5953788459300995
102 : 7.944664839655161
103 : -1.5261890478432178
104 : 0.10980287287384272
105 : -1.4980630809441209
106 : -1.449104892089963
107 : 0.01124407397583127
108 : 6.190208934247494
109 : -0.9627304235473275
110 : -1.0309865679591894
111 : -1.2333221128210425
112 : -4.203253032173961
113 : -10.747985447756946
114 : -1.2588004851713777
115 : -0.6372104622423649
116 : -5.027238264679909
117 : -5.606080185621977
118 : -1.8673083148896694
119 : 0.6272426722571254
120 : -1.7081109248101711
121 : -2.221256452612579
122 : -1.6782674612477422
123 : -1.0250210305675864
124 : -0.9428593665361404
125 : -1.4751639999449253
126 : -1.3535500182770193
127 : -1.2074897401034832
128 : -1.2429862329736352
129 : -1.874787699431181
130 : -1.3656893479637802
131 : -1.0422712797299027
132 : -0.9474623873829842
133 : -1.594335631467402
134 : -1.676789416000247
135 : -1.1428354484960437
136 : 3.6319466293789446
137 : -1.7180570252239704
138 : -2.8120509651489556
139 : -2.066960597410798
140 : 3.315263000316918
141 : -0.038176603615283966
142 : -1.9269573278725147
143 : -0.6798109523952007
144 : -1.7545638363808393
145 : -1.2746840855106711
146 : -0.9227708629332483
147 : -0.14489849214442074
148 : -0.7475216640159488
149 : -1.7223874796181917
150 : -1.29171044472605
151 : -0.7710040360689163
152 : -1.7144676521420479
153 : -1.1034603863954544
154 : -7.88469769153744
155 : -1.552146422676742
156 : -0.5050432458519936
157 : -0.9513443154282868
158 : -1.2300236215814948
159 : -1.0896760222967714
160 : -1.644793564453721
161 : -2.566102348268032
162 : 0.979994504712522
163 : -1.3166921567171812
164 : -2.9471884821541607
165 : -1.2232768619433045
166 : -0.758289301302284
167 : -1.1768087074160576
168 : -0.9422555235214531
169 : -1.0309779308736324
170 : -0.8817373188212514
171 : -0.7872902806848288
172 : -1.3232229463756084
173 : -0.5015500648878515
174 : -0.6102944388985634
175 : -1.2840712782926857
176 : -1.1735317779239267
177 : -0.83936489187181
178 : -3.794035163708031
179 : -0.17631553299725056
180 : -2.196046288125217
181 : -1.1380326970829628
182 : -1.1249683862552047
183 : -1.802691463381052
184 : -1.0906875766813755
185 : -2.410988003015518
186 : -8.279731946066022
187 : 3.870737720746547
188 : -1.4510321225970984
189 : -1.7971615176647902
190 : -1.2474985142471269
191 : 1.491038174368441
192 : -2.547138794325292
193 : -1.792521869763732
194 : -1.1041171662509441
195 : -2.5287057422101498
196 : -1.4812818877398968
197 : -0.7175082331523299
198 : -2.189104091376066
199 : -1.5396531047299504
200 : -2.0500772707164288
201 : -1.0821958117885515
202 : -0.501468216534704
203 : -1.3360960432328284
204 : -1.4829273712821305
205 : -2.1166870072484016
206 : -1.7971882740966976
207 : -0.6340743633918464
208 : -0.7335471673868597
209 : -2.5156658440828323
210 : -1.4540047119371593
211 : -1.4403680115938187
212 : -0.45581011520698667
213 : -0.2533340943045914
214 : -1.3325312035158277
215 : -2.7416031593456864
216 : -1.8720489647239447
217 : 1.6924173324368894
218 : -2.9091523496899754
219 : -0.9638313939794898
220 : -1.8848660928197205
221 : -4.102720484137535
222 : -1.0438165860250592
223 : 0.5857998691499233
224 : -11.496925350278616
225 : -1.0764076169580221
226 : -10.856836107559502
227 : -1.7913204655051231
228 : -1.2129232762381434
229 : -1.8031141068786383
230 : -1.1894197599031031
231 : -1.5841838400810957
232 : -0.5830964939668775
233 : -0.7510436838492751
234 : -1.5739095375174657
235 : -0.8148386050015688
236 : -1.550872053951025
237 : -1.7048137662932277
238 : -0.9204492345452309
239 : -1.79446036554873
240 : -1.265250988304615
241 : -4.017446988262236
242 : -1.6021286584436893
243 : -1.7821146734058857
244 : -1.2262350674718618
245 : -0.8532416624948382
246 : 1.046750845387578
247 : -2.4727356173098087
248 : -1.9777145124971867
249 : -2.019663748331368
250 : -1.5590154957026243
251 : -0.7395702917128801
252 : -0.9216595124453306
253 : -1.1473340271040797
254 : -1.0656121452338994
255 : -1.413285078946501
256 : -1.6190853118896484
257 : 3.712807080708444
258 : -2.075943237170577
259 : -2.4344904418103397
260 : -1.6230368562974036
261 : -1.0213414849713445
262 : -1.8072220236063004
263 : -0.5458683068864048
264 : -1.745572361163795
265 : 3.8726039370521903
266 : 0.5946726808324456
267 : -1.3393211802467704
268 : -2.214578094892204
269 : -0.5924318851903081
270 : -1.5317306802608073
271 : -1.466592758661136
272 : -1.2796607073396444
273 : -0.6888014115393162
274 : -2.5708206109702587
275 : -1.3135279580019414
276 : -1.4830843284726143
277 : -1.4565544109791517
278 : -1.1922440584748983
279 : -0.7367314952425659
280 : -0.6685664444230497
281 : 1.542178745381534
282 : -2.674096290022135
283 : -2.0914165768772364
284 : -1.0124715957790613
285 : -1.4964875997975469
286 : -1.3948128279298544
287 : -1.9244439266622066
288 : -0.6314442176371813
289 : -1.3427372756414115
290 : -1.6013193652033806
291 : -2.77050046203658
292 : -1.7905575390905142
293 : -2.9919135733507574
294 : 1.0634411803912371
295 : -1.1952772364020348
296 : -1.9817446619272232
297 : -1.814905147999525
298 : -1.0112174728419632
299 : -1.4331125798635185
300 : -0.7177155837416649
301 : -0.24772244575433433
302 : 1.1028935853973962
303 : -10.161992789246142
304 : -0.7009783850517124
305 : -1.1925066756084561
306 : -2.4499568841420114
307 : 5.396166855469346
308 : -1.0252675069496036
309 : -1.3896566610783339
310 : -3.3859829418361187
311 : -0.32026912551373243
312 : -1.472950697178021
313 : -1.6917120553553104
314 : -0.5139019349589944
315 : -1.804608759470284
316 : -2.2149724094197154
317 : 0.8850235866848379
318 : -3.552394961938262
319 : -2.0871874880976975
320 : -1.7724516615271568
321 : -3.6516863349825144
322 : -0.17828060314059258
323 : 1.5204731859266758
324 : -1.4717040359973907
325 : -3.025513682514429
326 : -1.1445912173949182
327 : -0.747248100116849
328 : -1.3197352942079306
329 : 0.0792185734026134
330 : 1.8296937886625528
331 : -0.984045060351491
332 : -1.0357253830879927
333 : -1.3035279070027173
334 : 3.4758189427666366
335 : -1.799601249396801
336 : -1.14439095556736
337 : -1.5054661221802235
338 : -2.4748947555199265
339 : -0.826210318133235
340 : 6.135255571920425
341 : -2.504876524209976
342 : -0.6566270641051233
343 : -1.2416848912835121
344 : -3.8242884972132742
345 : -0.8045951798558235
346 : -1.047412110492587
347 : 2.402220814023167
348 : -1.7473867796361446
349 : -0.1813685381785035
350 : -0.8826220501214266
351 : -1.0062126200646162
352 : -1.7845964999869466
353 : -0.9933923967182636
354 : -0.8449544636532664
355 : -1.227313218638301
356 : -2.5774096623063087
357 : -1.2203819043934345
358 : -1.4971983917057514
359 : -6.030281268060207
360 : -1.3605680597247556
361 : 5.395905003882945
362 : -3.355215071234852
363 : -1.2484439383260906
364 : 0.9015279114246368
365 : -1.127891746116802
366 : -1.6194880716502666
367 : -1.263170326128602
368 : -1.4302620340604335
369 : 0.2938203397206962
370 : -1.792059138417244
371 : -1.653135797008872
372 : -1.0482766283676028
373 : -1.264824504032731
374 : -8.03932049125433
375 : -5.4516094657592475
376 : -1.1805797182023525
377 : -0.8611404933035374
378 : -1.203360908664763
379 : -12.804628261364996
380 : -0.17066718451678753
381 : 0.7559683555737138
382 : -0.9607174163684249
383 : 0.5928092682734132
384 : -0.9108032379299402
385 : -1.5435255728662014
386 : -1.988541160710156
387 : 0.5136872828006744
388 : -0.8300923397764564
389 : -0.8475732682272792
390 : -0.8203040920197964
391 : 1.1989197527291253
392 : -0.8640258810482919
393 : -1.4375792839564383
394 : -7.072642836719751
395 : -1.4795705825090408
396 : -3.3739858197513968
397 : -1.273258431814611
398 : -0.3185382876545191
399 : -0.9110233206301928
400 : -2.1766419550403953
401 : 0.6164401299320161
402 : -1.7557430863380432
403 : -0.8405141537077725
404 : -1.372743397951126
405 : -0.9492786633782089
406 : -3.255175769329071
407 : -3.493167089764029
408 : -2.340245336294174
409 : -0.0969593096524477
410 : -1.1219648998230696
411 : -1.6615916145965457
412 : -1.1662403978407383
413 : -1.563590232282877
414 : -1.4490809231065214
415 : -1.3631997928023338
416 : -1.0148124629631639
417 : -4.090255960822105
418 : -0.8083019168116152
419 : -1.3838745094835758
420 : -1.468760209158063
421 : 0.4770149774849415
422 : -9.764495302923024
423 : -1.1718660788610578
424 : -0.9098516339436173
425 : -1.378067709505558
426 : 1.2164863087236881
427 : -1.7599789127707481
428 : -1.6336499154567719
429 : -1.4639745592139661
430 : -1.3325960217043757
431 : -1.9257994685322046
432 : -0.8165756131056696
433 : -1.1704996605403721
434 : 0.059131402522325516
435 : -4.723603907972574
436 : -1.9672446586191654
437 : -3.545252032345161
438 : -1.4023705493891612
439 : -1.1442204266786575
440 : -1.2519574156031013
441 : 3.383336551487446
442 : -3.335981006268412
443 : -1.5038939230144024
444 : -1.5530908042564988
445 : -2.647146722301841
446 : -1.4419429451227188
447 : 5.780910465400666
448 : -1.7422794280573726
449 : 1.518792659509927
450 : -2.5404981849715114
451 : 5.002030584029853
452 : -1.4425387345254421
453 : -3.373271561227739
454 : -1.841680004261434
455 : 0.15839090757071972
456 : -1.1305292760953307
457 : -0.6980459513142705
458 : -1.716997254639864
459 : -0.838328234385699
460 : 0.5872559584677219
461 : -1.629542937502265
462 : -1.422320555895567
463 : -1.8309966046363115
464 : 4.212699570693076
465 : -0.9845117600634694
466 : -4.657037572935224
467 : 3.7019574297592044
468 : -1.70451186504215
469 : -1.7416020780801773
470 : -0.8306748429313302
471 : -2.850600030273199
472 : -1.2195210382342339
473 : -1.3021700698882341
474 : -2.1267640106379986
475 : -0.47915610671043396
476 : -1.3082010860089213
477 : -3.5230844635516405
478 : -1.676945149898529
479 : -2.03211109386757
480 : 0.3149831141345203
481 : -8.686176225543022
482 : -1.799868674017489
483 : -0.9890398355200887
484 : -1.075889894273132
485 : -1.521940196864307
486 : -1.1207037038402632
487 : -1.2223296272568405
488 : -3.005198913626373
489 : -1.6390024553984404
490 : -1.2711906097829342
491 : -1.2558483988977969
492 : -1.0269895372912288
493 : -1.7196351811289787
494 : 0.3110715541988611
495 : -1.7118451334536076
496 : -0.8220500079914927
497 : -3.6948393136262894
498 : -1.7803149400278926
499 : -1.6993327215313911
500 : -2.821927226614207
501 : -3.057943570660427
502 : -2.776374075561762
503 : -1.7399570476263762
504 : -1.0537936612963676
505 : -0.8840502658858895
506 : -3.1699600405991077
507 : -3.9086596444249153
508 : 0.7670086822472513
509 : -2.3932646294124424
510 : -1.1588486628606915
511 : -1.3159566726535559
512 : -0.7361586312763393
513 : -1.7432066351175308
514 : 3.594434197060764
515 : -0.20161627000197768
516 : -5.140958815813065
517 : -1.8125480394810438
518 : -1.3085117656737566
519 : 8.823850027285516
520 : -0.2916041100397706
521 : -1.3662421219050884
522 : -1.4130634181201458
523 : 0.04409068264067173
524 : -1.5619785720482469
525 : -2.0462346435524523
526 : -1.0753416512161493
527 : -1.0115399139467627
528 : -2.100160372443497
529 : 3.9080601800233126
530 : -1.1850473266094923
531 : -1.8286251067183912
532 : -1.6418965682387352
533 : 1.0079355051275343
534 : -0.9840168235823512
535 : -0.017964481143280864
536 : -1.2232183758169413
537 : -1.6742435544729233
538 : -1.2878294056281447
539 : -1.2153840102255344
540 : -1.836500876583159
541 : -1.070372138172388
542 : -1.263663973659277
543 : -0.8737262394279242
544 : -0.6594215459190309
545 : -1.121045621111989
546 : -1.9342297688126564
547 : -2.1640011481940746
548 : -1.3669110569171607
549 : -6.294296896550804
550 : -1.191150937229395
!!! updated
551 : -0.14394688233733177
Setting up 2 worker threads for Enlighten.
  Thread -> id: 7fb7b6bae700 -> priority: 1 
  Thread -> id: 7fb7b63ad700 -> priority: 1 
Traceback (most recent call last):
  File "main.py", line 123, in <module>
    returns = [episode(env, agent, i) for i in range(training_episodes)]
  File "main.py", line 123, in <listcomp>
    returns = [episode(env, agent, i) for i in range(training_episodes)]
  File "main.py", line 30, in episode
    next_state, reward, done, _ = env.step(action.numpy()[0])
  File "/home/j/jensenj/.local/lib/python3.6/site-packages/gym_unity/envs/__init__.py", line 177, in step
    self._env.step()
  File "/home/j/jensenj/.local/lib/python3.6/site-packages/mlagents_envs/timers.py", line 305, in wrapped
    return func(*args, **kwargs)
  File "/home/j/jensenj/.local/lib/python3.6/site-packages/mlagents_envs/environment.py", line 319, in step
    self._update_state(rl_output)
  File "/home/j/jensenj/.local/lib/python3.6/site-packages/mlagents_envs/environment.py", line 275, in _update_state
    agent_info_list, self._env_specs[brain_name]
  File "/home/j/jensenj/.local/lib/python3.6/site-packages/mlagents_envs/timers.py", line 305, in wrapped
    return func(*args, **kwargs)
  File "/home/j/jensenj/.local/lib/python3.6/site-packages/mlagents_envs/rpc_utils.py", line 188, in steps_from_proto
    obs_index, obs_shape, decision_agent_info_list
  File "/home/j/jensenj/.local/lib/python3.6/site-packages/mlagents_envs/timers.py", line 305, in wrapped
    return func(*args, **kwargs)
  File "/home/j/jensenj/.local/lib/python3.6/site-packages/mlagents_envs/rpc_utils.py", line 152, in _process_vector_observation
    _raise_on_nan_and_inf(np_obs, "observations")
  File "/home/j/jensenj/.local/lib/python3.6/site-packages/mlagents_envs/rpc_utils.py", line 130, in _raise_on_nan_and_inf
    raise RuntimeError(f"The {source} provided had NaN values.")
RuntimeError: The observations provided had NaN values.
2020-06-25 12:42:52 INFO [environment.py:418] Environment shut down with return code 0.
