slurmstepd-guenz: error: Unable to create TMPDIR [/tmp/user/30108]: Permission denied
slurmstepd-guenz: error: Setting TMPDIR to /tmp
Found path: /home/j/jensenj/PycharmProjects/Federer-Jr./src/../crawler_single/linux/dynamic_server/crawler_dynamic.x86_64
Mono path[0] = '/home/j/jensenj/PycharmProjects/Federer-Jr./src/../crawler_single/linux/dynamic_server/crawler_dynamic_Data/Managed'
Mono config path = '/home/j/jensenj/PycharmProjects/Federer-Jr./src/../crawler_single/linux/dynamic_server/crawler_dynamic_Data/MonoBleedingEdge/etc'
Preloaded 'lib_burst_generated.so'
Preloaded 'libgrpc_csharp_ext.x64.so'
Initialize engine version: 2019.3.15f1 (59ff3e03856d)
[Subsystems] Discovering subsystems at path /home/j/jensenj/PycharmProjects/Federer-Jr./src/../crawler_single/linux/dynamic_server/crawler_dynamic_Data/UnitySubsystems
Forcing GfxDevice: Null
GfxDevice: creating device client; threaded=0
NullGfxDevice:
    Version:  NULL 1.0 [1.0]
    Renderer: Null Device
    Vendor:   Unity Technologies
Begin MonoManager ReloadAssembly
- Completed reload, in  0.100 seconds
WARNING: Shader Unsupported: 'Autodesk Interactive' - All passes removed
WARNING: Shader Did you use #pragma only_renderers and omit this platform?
UnloadTime: 0.453103 ms
Fallback handler could not load library /home/j/jensenj/PycharmProjects/Federer-Jr./src/../crawler_single/linux/dynamic_server/crawler_dynamic_Data/Mono/libcoreclr.so
Fallback handler could not load library /home/j/jensenj/PycharmProjects/Federer-Jr./src/../crawler_single/linux/dynamic_server/crawler_dynamic_Data/Mono/libcoreclr.so
Fallback handler could not load library /home/j/jensenj/PycharmProjects/Federer-Jr./src/../crawler_single/linux/dynamic_server/crawler_dynamic_Data/Mono/libcoreclr.so
Fallback handler could not load library /home/j/jensenj/PycharmProjects/Federer-Jr./src/../crawler_single/linux/dynamic_server/crawler_dynamic_Data/Mono/libSystem.dylib
Fallback handler could not load library /home/j/jensenj/PycharmProjects/Federer-Jr./src/../crawler_single/linux/dynamic_server/crawler_dynamic_Data/Mono/libSystem.dylib.so
Fallback handler could not load library /home/j/jensenj/PycharmProjects/Federer-Jr./src/../crawler_single/linux/dynamic_server/crawler_dynamic_Data/Mono/libSystem.dylib
Fallback handler could not load library /home/j/jensenj/PycharmProjects/Federer-Jr./src/../crawler_single/linux/dynamic_server/crawler_dynamic_Data/Mono/libcoreclr.so
Fallback handler could not load library /home/j/jensenj/PycharmProjects/Federer-Jr./src/../crawler_single/linux/dynamic_server/crawler_dynamic_Data/Mono/libcoreclr.so
Fallback handler could not load library /home/j/jensenj/PycharmProjects/Federer-Jr./src/../crawler_single/linux/dynamic_server/crawler_dynamic_Data/Mono/libcoreclr.so
Fallback handler could not load library /home/j/jensenj/PycharmProjects/Federer-Jr./src/../crawler_single/linux/dynamic_server/crawler_dynamic_Data/Mono/libSystem.dylib
Fallback handler could not load library /home/j/jensenj/PycharmProjects/Federer-Jr./src/../crawler_single/linux/dynamic_server/crawler_dynamic_Data/Mono/libSystem.dylib.so
Fallback handler could not load library /home/j/jensenj/PycharmProjects/Federer-Jr./src/../crawler_single/linux/dynamic_server/crawler_dynamic_Data/Mono/libSystem.dylib
/home/j/jensenj/.local/lib/python3.6/site-packages/tensorboard/compat/tensorflow_stub/dtypes.py:541: FutureWarning: Passing (type, 1) or '1type' as a synonym of type is deprecated; in a future version of numpy, it will be understood as (type, (1,)) / '(1,)type'.
  _np_qint8 = np.dtype([("qint8", np.int8, 1)])
/home/j/jensenj/.local/lib/python3.6/site-packages/tensorboard/compat/tensorflow_stub/dtypes.py:542: FutureWarning: Passing (type, 1) or '1type' as a synonym of type is deprecated; in a future version of numpy, it will be understood as (type, (1,)) / '(1,)type'.
  _np_quint8 = np.dtype([("quint8", np.uint8, 1)])
/home/j/jensenj/.local/lib/python3.6/site-packages/tensorboard/compat/tensorflow_stub/dtypes.py:543: FutureWarning: Passing (type, 1) or '1type' as a synonym of type is deprecated; in a future version of numpy, it will be understood as (type, (1,)) / '(1,)type'.
  _np_qint16 = np.dtype([("qint16", np.int16, 1)])
/home/j/jensenj/.local/lib/python3.6/site-packages/tensorboard/compat/tensorflow_stub/dtypes.py:544: FutureWarning: Passing (type, 1) or '1type' as a synonym of type is deprecated; in a future version of numpy, it will be understood as (type, (1,)) / '(1,)type'.
  _np_quint16 = np.dtype([("quint16", np.uint16, 1)])
/home/j/jensenj/.local/lib/python3.6/site-packages/tensorboard/compat/tensorflow_stub/dtypes.py:545: FutureWarning: Passing (type, 1) or '1type' as a synonym of type is deprecated; in a future version of numpy, it will be understood as (type, (1,)) / '(1,)type'.
  _np_qint32 = np.dtype([("qint32", np.int32, 1)])
/home/j/jensenj/.local/lib/python3.6/site-packages/tensorboard/compat/tensorflow_stub/dtypes.py:550: FutureWarning: Passing (type, 1) or '1type' as a synonym of type is deprecated; in a future version of numpy, it will be understood as (type, (1,)) / '(1,)type'.
  np_resource = np.dtype([("resource", np.ubyte, 1)])
2020-06-25 12:00:21 INFO [environment.py:108] Connected to Unity environment with package version 1.0.2 and communication version 1.0.0
2020-06-25 12:00:21 INFO [environment.py:265] Connected new brain:
CrawlerDynamic?team=0
2020-06-25 12:00:21 WARNING [__init__.py:92] The environment contains multiple observations. You must define allow_multiple_obs=True to receive them all. Otherwise, only the first visual observation (or vector observation ifthere are no visual observations) will be provided in the observation.
/home/j/jensenj/.local/lib/python3.6/site-packages/gym/logger.py:30: UserWarning: [33mWARN: Box bound precision lowered by casting to float32[0m
  warnings.warn(colorize('%s: %s'%('WARN', msg % args), 'yellow'))
/home/j/jensenj/.local/lib/python3.6/site-packages/numpy/core/_methods.py:160: RuntimeWarning: invalid value encountered in reduce
  ret = umr_sum(arr, axis, dtype, out, keepdims)
update_time_steps: 2048 , ppo_epochs: 16 , beta:  0.1 , gamma 0.9
0 : 0.9165148083120584
1 : -1.5007239114493132
2 : 1.5388411227613688
3 : -1.0335292862728238
4 : -1.7209846246987581
5 : -0.9743514489382505
6 : -1.3361278139054775
7 : -1.559731163084507
8 : -1.0410298518836498
9 : -0.8286016496131197
10 : -0.7326412699185312
11 : -1.4588257810100913
12 : -2.0049085076898336
13 : -1.6190135227516294
14 : -1.4562644474208355
15 : -1.5534516908228397
16 : -0.23227176070213318
17 : -4.467594098299742
18 : -1.1521345009095967
19 : -1.0231121866963804
20 : -1.5926508663687855
21 : -1.163982333149761
22 : -2.066839683102444
23 : -1.0645159482955933
24 : 1.7071336042135954
25 : -2.2926065661013126
26 : 1.1323169339448214
27 : -0.5720270127058029
28 : -1.3930504247546196
29 : -0.7891851346939802
30 : -0.9096134421415627
31 : -1.6777324862778187
32 : -0.49620113731361926
33 : -2.1465400233864784
34 : 2.8463991440366954
35 : 3.9656393947079778
36 : -1.2968474784865975
37 : -1.3921450767666101
38 : -1.7968146055936813
39 : -1.1770385382696986
40 : 4.829021372832358
41 : 2.208883549552411
42 : -1.0332812713459134
43 : -0.9525047093629837
44 : -1.1705849878489971
45 : -9.445326557848603
46 : 0.27625722251832485
47 : -1.0928330039605498
48 : -1.7145060040056705
49 : -1.3663748726248741
50 : -1.8448258712887764
51 : 0.9261668380349874
52 : -0.34814978670328856
53 : 0.04677119292318821
54 : -2.6186096677556634
55 : -0.6161730848252773
56 : -1.9214781234040856
57 : -1.4399004485458136
58 : -2.3516233507543802
59 : -1.564490720629692
60 : -0.8604977838695049
61 : -1.2803107525687665
62 : -1.1568582362961024
63 : 0.7925983220338821
64 : -0.8770190584473312
65 : -0.38153004366904497
66 : -1.3236203447449952
67 : -5.080105844885111
68 : -0.6115233663003892
69 : -3.074734356254339
70 : -0.4859115513972938
71 : -1.1091622728854418
72 : -1.0168961039744318
73 : -1.0800042478367686
74 : -0.9850810766220093
75 : -0.5944409556686878
76 : -6.0784918600693345
77 : -1.000119213014841
78 : -1.464540463872254
79 : -1.2962359415832907
80 : -3.936084996908903
81 : -4.607381203910336
82 : -0.8818468046374619
83 : -1.5170037671923637
84 : -0.8510744012892246
85 : -1.3132383842021227
86 : -0.8718822989612818
87 : -0.9211717910366133
88 : -0.7440189621411264
89 : -11.527228776365519
90 : -2.0062877237796783
91 : -1.589580754749477
92 : -0.19895366206765175
93 : -1.7650515511631966
94 : -0.772345173638314
95 : -3.9182906369678676
96 : -1.1871481388807297
97 : -2.761289476417005
98 : -1.587330013513565
99 : -3.0071440492756665
100 : -2.344787476118654
101 : -1.2636316930875182
102 : -2.09968314319849
103 : -1.8252315965364687
104 : -6.66448243171908
105 : -1.798191625624895
!!! updated
106 : -2.8246858082711697
107 : -0.7825870793312788
108 : -1.0432710857130587
109 : -1.2794402204453945
110 : -0.6460754685103893
111 : -0.9994264799170196
Setting up 2 worker threads for Enlighten.
  Thread -> id: 7f462d023700 -> priority: 1 
  Thread -> id: 7f462c822700 -> priority: 1 
Traceback (most recent call last):
  File "main.py", line 123, in <module>
    returns = [episode(env, agent, i) for i in range(training_episodes)]
  File "main.py", line 123, in <listcomp>
    returns = [episode(env, agent, i) for i in range(training_episodes)]
  File "main.py", line 30, in episode
    next_state, reward, done, _ = env.step(action.numpy()[0])
  File "/home/j/jensenj/.local/lib/python3.6/site-packages/gym_unity/envs/__init__.py", line 177, in step
    self._env.step()
  File "/home/j/jensenj/.local/lib/python3.6/site-packages/mlagents_envs/timers.py", line 305, in wrapped
    return func(*args, **kwargs)
  File "/home/j/jensenj/.local/lib/python3.6/site-packages/mlagents_envs/environment.py", line 319, in step
    self._update_state(rl_output)
  File "/home/j/jensenj/.local/lib/python3.6/site-packages/mlagents_envs/environment.py", line 275, in _update_state
    agent_info_list, self._env_specs[brain_name]
  File "/home/j/jensenj/.local/lib/python3.6/site-packages/mlagents_envs/timers.py", line 305, in wrapped
    return func(*args, **kwargs)
  File "/home/j/jensenj/.local/lib/python3.6/site-packages/mlagents_envs/rpc_utils.py", line 188, in steps_from_proto
    obs_index, obs_shape, decision_agent_info_list
  File "/home/j/jensenj/.local/lib/python3.6/site-packages/mlagents_envs/timers.py", line 305, in wrapped
    return func(*args, **kwargs)
  File "/home/j/jensenj/.local/lib/python3.6/site-packages/mlagents_envs/rpc_utils.py", line 152, in _process_vector_observation
    _raise_on_nan_and_inf(np_obs, "observations")
  File "/home/j/jensenj/.local/lib/python3.6/site-packages/mlagents_envs/rpc_utils.py", line 130, in _raise_on_nan_and_inf
    raise RuntimeError(f"The {source} provided had NaN values.")
RuntimeError: The observations provided had NaN values.
2020-06-25 12:03:02 INFO [environment.py:418] Environment shut down with return code 0.
