slurmstepd-chamb: error: Unable to create TMPDIR [/tmp/user/30108]: Permission denied
slurmstepd-chamb: error: Setting TMPDIR to /tmp
Found path: /home/j/jensenj/PycharmProjects/Federer-Jr./src/../crawler_single/linux/dynamic_server/crawler_dynamic.x86_64
Mono path[0] = '/home/j/jensenj/PycharmProjects/Federer-Jr./src/../crawler_single/linux/dynamic_server/crawler_dynamic_Data/Managed'
Mono config path = '/home/j/jensenj/PycharmProjects/Federer-Jr./src/../crawler_single/linux/dynamic_server/crawler_dynamic_Data/MonoBleedingEdge/etc'
Preloaded 'lib_burst_generated.so'
Preloaded 'libgrpc_csharp_ext.x64.so'
Initialize engine version: 2019.3.15f1 (59ff3e03856d)
[Subsystems] Discovering subsystems at path /home/j/jensenj/PycharmProjects/Federer-Jr./src/../crawler_single/linux/dynamic_server/crawler_dynamic_Data/UnitySubsystems
Forcing GfxDevice: Null
GfxDevice: creating device client; threaded=0
NullGfxDevice:
    Version:  NULL 1.0 [1.0]
    Renderer: Null Device
    Vendor:   Unity Technologies
Begin MonoManager ReloadAssembly
- Completed reload, in  0.097 seconds
WARNING: Shader Unsupported: 'Autodesk Interactive' - All passes removed
WARNING: Shader Did you use #pragma only_renderers and omit this platform?
UnloadTime: 0.429735 ms
Fallback handler could not load library /home/j/jensenj/PycharmProjects/Federer-Jr./src/../crawler_single/linux/dynamic_server/crawler_dynamic_Data/Mono/libcoreclr.so
Fallback handler could not load library /home/j/jensenj/PycharmProjects/Federer-Jr./src/../crawler_single/linux/dynamic_server/crawler_dynamic_Data/Mono/libcoreclr.so
Fallback handler could not load library /home/j/jensenj/PycharmProjects/Federer-Jr./src/../crawler_single/linux/dynamic_server/crawler_dynamic_Data/Mono/libcoreclr.so
Fallback handler could not load library /home/j/jensenj/PycharmProjects/Federer-Jr./src/../crawler_single/linux/dynamic_server/crawler_dynamic_Data/Mono/libSystem.dylib
Fallback handler could not load library /home/j/jensenj/PycharmProjects/Federer-Jr./src/../crawler_single/linux/dynamic_server/crawler_dynamic_Data/Mono/libSystem.dylib.so
Fallback handler could not load library /home/j/jensenj/PycharmProjects/Federer-Jr./src/../crawler_single/linux/dynamic_server/crawler_dynamic_Data/Mono/libSystem.dylib
Fallback handler could not load library /home/j/jensenj/PycharmProjects/Federer-Jr./src/../crawler_single/linux/dynamic_server/crawler_dynamic_Data/Mono/libcoreclr.so
Fallback handler could not load library /home/j/jensenj/PycharmProjects/Federer-Jr./src/../crawler_single/linux/dynamic_server/crawler_dynamic_Data/Mono/libcoreclr.so
Fallback handler could not load library /home/j/jensenj/PycharmProjects/Federer-Jr./src/../crawler_single/linux/dynamic_server/crawler_dynamic_Data/Mono/libcoreclr.so
Fallback handler could not load library /home/j/jensenj/PycharmProjects/Federer-Jr./src/../crawler_single/linux/dynamic_server/crawler_dynamic_Data/Mono/libSystem.dylib
Fallback handler could not load library /home/j/jensenj/PycharmProjects/Federer-Jr./src/../crawler_single/linux/dynamic_server/crawler_dynamic_Data/Mono/libSystem.dylib.so
Fallback handler could not load library /home/j/jensenj/PycharmProjects/Federer-Jr./src/../crawler_single/linux/dynamic_server/crawler_dynamic_Data/Mono/libSystem.dylib
/home/j/jensenj/.local/lib/python3.6/site-packages/tensorboard/compat/tensorflow_stub/dtypes.py:541: FutureWarning: Passing (type, 1) or '1type' as a synonym of type is deprecated; in a future version of numpy, it will be understood as (type, (1,)) / '(1,)type'.
  _np_qint8 = np.dtype([("qint8", np.int8, 1)])
/home/j/jensenj/.local/lib/python3.6/site-packages/tensorboard/compat/tensorflow_stub/dtypes.py:542: FutureWarning: Passing (type, 1) or '1type' as a synonym of type is deprecated; in a future version of numpy, it will be understood as (type, (1,)) / '(1,)type'.
  _np_quint8 = np.dtype([("quint8", np.uint8, 1)])
/home/j/jensenj/.local/lib/python3.6/site-packages/tensorboard/compat/tensorflow_stub/dtypes.py:543: FutureWarning: Passing (type, 1) or '1type' as a synonym of type is deprecated; in a future version of numpy, it will be understood as (type, (1,)) / '(1,)type'.
  _np_qint16 = np.dtype([("qint16", np.int16, 1)])
/home/j/jensenj/.local/lib/python3.6/site-packages/tensorboard/compat/tensorflow_stub/dtypes.py:544: FutureWarning: Passing (type, 1) or '1type' as a synonym of type is deprecated; in a future version of numpy, it will be understood as (type, (1,)) / '(1,)type'.
  _np_quint16 = np.dtype([("quint16", np.uint16, 1)])
/home/j/jensenj/.local/lib/python3.6/site-packages/tensorboard/compat/tensorflow_stub/dtypes.py:545: FutureWarning: Passing (type, 1) or '1type' as a synonym of type is deprecated; in a future version of numpy, it will be understood as (type, (1,)) / '(1,)type'.
  _np_qint32 = np.dtype([("qint32", np.int32, 1)])
/home/j/jensenj/.local/lib/python3.6/site-packages/tensorboard/compat/tensorflow_stub/dtypes.py:550: FutureWarning: Passing (type, 1) or '1type' as a synonym of type is deprecated; in a future version of numpy, it will be understood as (type, (1,)) / '(1,)type'.
  np_resource = np.dtype([("resource", np.ubyte, 1)])
2020-06-25 12:13:21 INFO [environment.py:108] Connected to Unity environment with package version 1.0.2 and communication version 1.0.0
2020-06-25 12:13:21 INFO [environment.py:265] Connected new brain:
CrawlerDynamic?team=0
2020-06-25 12:13:21 WARNING [__init__.py:92] The environment contains multiple observations. You must define allow_multiple_obs=True to receive them all. Otherwise, only the first visual observation (or vector observation ifthere are no visual observations) will be provided in the observation.
/home/j/jensenj/.local/lib/python3.6/site-packages/gym/logger.py:30: UserWarning: [33mWARN: Box bound precision lowered by casting to float32[0m
  warnings.warn(colorize('%s: %s'%('WARN', msg % args), 'yellow'))
/home/j/jensenj/.local/lib/python3.6/site-packages/numpy/core/_methods.py:160: RuntimeWarning: invalid value encountered in reduce
  ret = umr_sum(arr, axis, dtype, out, keepdims)
update_time_steps: 8192 , ppo_epochs: 4 , beta:  0.001 , gamma 0.99
0 : 4.089795911218971
1 : -1.7488316781818867
2 : -0.7842207886278629
3 : -0.26800602255389094
4 : -1.0762012507766485
5 : -0.744014322757721
6 : -0.8071942208334804
7 : -1.0170071702450514
8 : -1.8575894688256085
9 : -1.459710295079276
10 : -1.3453516894951463
11 : -1.1902655316516757
12 : -0.9940642733126879
13 : -2.27962096221745
14 : -4.873774054693058
15 : -1.2321178941056132
16 : -1.0657490445300937
17 : -2.452040893957019
18 : -1.3294237926602364
19 : -0.8473432064056396
20 : -1.2910462429281324
21 : -0.7117753011407331
22 : -1.464578501880169
23 : -1.2812333665788174
24 : -0.37023772951215506
25 : -2.058686446864158
26 : -0.7747561037540436
27 : 2.3644059784710407
28 : -1.0293084736913443
29 : -0.8405640069395304
30 : -1.604741895571351
31 : -1.519839097512886
32 : -1.3543080855160952
33 : -1.0391555582173169
34 : -1.1510208803229034
35 : -1.191741419956088
36 : -6.524306370411068
37 : -1.246411340776831
38 : -0.5450541069731116
39 : -1.3318790150806308
40 : -1.1489102435298264
41 : -1.3783501097932458
42 : -1.481079947669059
43 : 0.16432886198163033
44 : -1.4704735949635506
45 : 0.06413482874631882
46 : -1.2538403766229749
47 : -1.6143917199224234
48 : -1.1310246950015426
49 : -3.4616916072554886
50 : 3.7065513134002686
51 : -0.7100281291641295
52 : -1.5579763166606426
53 : -1.3187036197632551
54 : -0.5352702289819717
55 : -7.662073969841003
56 : -1.0107132736593485
57 : -1.4930169130675495
58 : -2.2974606059724465
59 : -1.1195122855715454
60 : -1.2218716200441122
61 : -1.6151127642951906
62 : -0.6030629710294306
63 : -1.4653148148208857
64 : -1.6751627177000046
65 : 6.414821422658861
66 : -1.6009915843605995
67 : -1.5222081150859594
68 : -1.0164316073060036
69 : -1.3733675060793757
70 : -2.5068774819374084
71 : 3.485590591095388
72 : -1.786502639297396
73 : -1.3744146013632417
74 : -0.49385562539100647
75 : -1.3464910606853664
76 : -3.7541276374831796
77 : -0.8882909342646599
78 : -1.285337407141924
79 : -0.9153423551470041
80 : -0.349473487585783
81 : -1.6336458884179592
82 : -1.4781183544546366
83 : 0.5703370738774538
84 : -0.9207649938762188
85 : -1.1906726863235235
86 : -1.368499387986958
87 : -1.5341217294335365
88 : -1.4011663272976875
89 : 0.33728019054979086
90 : -1.1484449077397585
91 : -0.9998054439201951
92 : -3.1529017135035247
93 : -1.6283195847645402
94 : -0.6656989781185985
95 : 0.23315767664462328
96 : -0.5933851758018136
97 : -1.6685691066086292
98 : -2.946325346827507
99 : -1.0604588268324733
100 : -1.788319356739521
101 : -6.220668711699545
102 : -2.5085676591843367
103 : -0.7471750141121447
104 : -0.6052717752754688
105 : -1.0852747187018394
106 : -1.0469913696870208
107 : -3.938557291403413
108 : -7.530761017464101
109 : -1.0233781775459647
110 : -0.8128810133785009
111 : -1.4068956887349486
112 : 0.2957542324438691
113 : -1.239914617384784
114 : -1.0865327883511782
115 : -9.373366496991366
116 : -3.4510938357561827
117 : 1.8019770681858063
118 : -1.8110711351037025
119 : -1.286347797140479
120 : -1.498027921654284
121 : -2.552045727148652
122 : -1.9688172321766615
123 : 0.9955391027033329
124 : -1.0499808522872627
125 : -2.1971675865352154
126 : 1.7685670931823552
127 : -1.8806973695755005
128 : -1.529503433033824
129 : -2.159151779487729
130 : -1.5299418326467276
131 : -1.2074446100741625
132 : -2.352905374020338
133 : -1.4367654109373689
134 : -1.538453966844827
135 : 1.3999202190898359
136 : -0.8164205504581332
137 : 0.8994142636656761
138 : -0.9518048400059342
139 : -1.3784725130535662
140 : -1.5524288216838613
141 : -1.6889341156929731
142 : -1.4073800444602966
143 : -0.9345034207217395
144 : -1.596132218837738
145 : -0.9008213244378567
146 : -1.658748298883438
147 : -0.8889768999069929
148 : -1.1747401235625148
149 : -3.6481924084946513
150 : -1.597040668129921
151 : -1.3167506149038672
152 : -2.144933613773901
153 : 0.09557124692946672
154 : -1.3143285866826773
155 : -0.013770364224910736
156 : -1.3738408349454403
157 : -1.0755365155637264
158 : -4.1153659299016
159 : -2.853791437111795
160 : -1.1831802919041365
161 : -0.9837960591539741
162 : -1.072457825532183
163 : -1.018955146893859
164 : -2.0380523819476366
165 : -0.8605022206902504
166 : -1.45948158018291
167 : 0.4012487302534282
168 : -1.647247163578868
169 : -1.1478120181709528
170 : -1.9475955590605736
171 : -0.41780427284538746
172 : -1.660641584545374
173 : -0.5083172516897321
174 : -1.7804916612803936
175 : -1.1986455786973238
176 : -0.43461246602237225
177 : -1.4081472624093294
178 : -1.2305439813062549
179 : -1.4804993607103825
180 : -0.09273367607966065
181 : -1.0286487424746156
182 : 1.6557791363447905
183 : -1.3765453901141882
184 : -1.3763810582458973
185 : -1.4698021013755351
186 : 1.0237135831266642
187 : -1.4200332909822464
188 : -1.9708817363716662
189 : -1.501488909125328
190 : 0.13266715966165066
191 : -0.8256842233240604
192 : -1.1048945523798466
193 : -1.6298274211585522
194 : -1.4872043877840042
195 : -1.7304192017763853
196 : -1.6995290135964751
197 : -0.7315079113468528
198 : -1.3613287126645446
199 : -1.9018163438886404
200 : -1.2331048385240138
201 : -1.135683749220334
202 : -1.0694193261442706
203 : -1.0423981617204845
204 : -1.4224216490983963
205 : 0.43339433893561363
206 : -4.9725636169314384
207 : -0.928087783511728
208 : -1.0871186745353043
209 : -1.0968931876122952
210 : -1.427341259084642
211 : -2.262765347957611
212 : 1.075469471514225
213 : -1.007062904536724
214 : -4.282919707009569
215 : -0.742160894908011
216 : -2.182447917293757
217 : -1.0764855919405818
218 : -1.4314639810472727
219 : -1.5267245606519282
220 : -1.5448484476655722
221 : -0.9711693385615945
222 : -1.635719183832407
223 : -1.8872776795178652
224 : -1.6521850330755115
225 : -1.9587461110204458
226 : -0.9628152791410685
227 : -1.2288955952972174
228 : -1.2484868578612804
229 : -2.259828669950366
230 : -1.917734643444419
231 : -1.6562636103481054
232 : -0.9865425564348698
233 : -1.0840382669121027
234 : -0.501378754619509
235 : -0.9996433632913977
236 : -0.8065380556508899
237 : 2.0551039911806583
238 : -1.3815943454392254
239 : -1.8431058516725898
240 : -2.5940533420071006
241 : -1.434805041179061
242 : -0.16812547110021114
243 : -0.5065355100668967
244 : -1.2252444024197757
245 : -1.1683636140078306
246 : -1.5428373194299638
247 : -1.312299920246005
248 : -0.7605870198458433
249 : -0.9780094656161964
250 : -0.8925234731286764
251 : -0.5475981901399791
252 : -1.2323483629152179
253 : -1.641037242487073
254 : 0.8597650956362486
255 : -0.9327324358746409
256 : -1.3306008698418736
257 : -1.4707254329696298
258 : -0.9504448063671589
259 : -1.5830194801092148
260 : -1.0312138767912984
261 : -1.8654317245818675
262 : -0.7862709872424603
263 : -1.0875037107616663
264 : -1.3792363107204437
265 : -2.380768692237325
266 : -4.793932382017374
267 : -1.566830875352025
268 : -1.4354294962249696
269 : -1.3541593253612518
270 : 2.1046487148851156
271 : -0.8299654750153422
272 : 0.7917256765067577
273 : -0.5132832154631615
274 : -1.087761144619435
275 : -1.6438233703374863
276 : -1.0931228660047054
277 : -2.5722410533344373
278 : -1.2364956513047218
279 : -0.8886920921504498
280 : -1.1461933506652713
281 : -1.20942845614627
282 : -0.9102609334513545
283 : -0.7298949314281344
284 : -1.3778819316066802
285 : -1.604329171590507
286 : -1.2215423416346312
287 : -2.439431259408593
288 : -1.218055886682123
289 : -1.35977328941226
290 : -1.4278571067843586
291 : -1.724645453505218
292 : -2.7930347775109112
293 : -1.8780718883499503
294 : -0.9225268103182316
295 : -2.373108848929405
296 : -1.6647123568691313
297 : -1.2390455408021808
298 : -1.002550445497036
299 : -0.8825691044330597
300 : -0.9924255954101682
301 : -1.342446718364954
302 : -1.1384728895500302
303 : 2.477140849456191
304 : -1.8543561927508563
305 : -1.4719390936661512
306 : -0.8192612836137414
307 : 2.8435569712892175
308 : -1.348709803307429
309 : -1.4330016551539302
310 : -1.4144889265298843
311 : -0.9868411801289767
312 : -1.6381132490932941
313 : 0.11919679492712021
314 : -1.7088072262704372
315 : -2.9257835098542273
316 : -1.2308840441983193
317 : -1.3452616045251489
318 : -1.8693885132670403
319 : -0.9334743656218052
320 : -2.6951991841197014
321 : -0.787323459982872
322 : -0.7769130505621433
323 : -2.253385232295841
324 : -0.7302026659017429
325 : 0.06947868783026934
326 : -1.2989146336913109
327 : -5.120087897405028
328 : -0.8175446381792426
329 : -1.3326340217608958
330 : -1.0180154722183943
331 : -0.9751932639628649
332 : -1.6733275167644024
333 : -1.1849071821197867
334 : -2.0006045852787793
335 : -1.4322022800333798
336 : -3.8238138929009438
337 : -1.5016734898090363
338 : -1.6263352811802179
339 : -2.3343974724411964
340 : -1.6170859578996897
341 : -3.5955039616674185
342 : -0.8985078390687704
343 : -1.3818327286280692
344 : -0.7325614392757416
345 : -7.030096964910626
346 : -1.1096840188838542
347 : -1.1767062537837774
348 : -1.9554676953703165
349 : -1.5512896999716759
350 : -1.2361313826404512
351 : -1.1908296011388302
352 : -1.5832319222390652
353 : -0.7934154029935598
354 : -1.1448581349104643
355 : -0.8037150464951992
356 : -1.5133849061094224
357 : -1.2586216740310192
358 : -1.6405574046075344
359 : -4.098470888566226
360 : -1.6078721918165684
361 : -1.6714150111656636
362 : -1.792077156715095
363 : -2.464391279499978
364 : -1.8166465619578958
365 : -0.9122093487530947
366 : -0.6270607830956578
367 : -2.0557864061556756
368 : -1.6735853888094425
369 : -2.1809712829999626
370 : 1.883849622681737
371 : -1.6394884567707777
372 : -1.5950134480372071
373 : -3.3261829018592834
374 : -1.2507362393662333
375 : 1.1757212346419692
376 : -0.613138466142118
377 : -0.16741614835336804
378 : -7.813463062979281
379 : -1.3969393367879093
380 : -1.3440036587417126
381 : -2.1073807533830404
382 : -0.8028810634277761
383 : -0.8477102778851986
384 : -1.1458830665796995
385 : -1.2534165768884122
386 : -2.270875409245491
387 : -1.2453183382749557
388 : -2.925213810056448
389 : -1.3093334985896945
390 : -1.604797946754843
391 : 3.4598410516045988
392 : -1.2367826903937384
393 : -2.519028030335903
394 : -1.4127017706632614
395 : -1.271434519556351
396 : -3.1741387490183115
397 : -1.5258867172524333
398 : -1.5127978280652314
399 : 1.7017139233648777
400 : -1.0534586301073432
401 : -2.6801923727616668
402 : -3.1042893771082163
403 : -1.9050152450799942
404 : -0.7717996656429023
405 : -0.8525891420431435
406 : -0.7906758692115545
407 : -4.0985937006771564
408 : -1.4205530295148492
409 : -2.966490361839533
410 : -1.8629839643836021
411 : -1.466755733359605
412 : -1.33507567550987
413 : -1.432714581489563
414 : -1.5073863603174686
415 : -1.3168665901757777
416 : -1.713147759437561
417 : -2.515684638172388
418 : -9.366244819946587
419 : -3.505839324556291
420 : -1.2954021207988262
421 : -0.8869724492542446
422 : -1.601990070194006
423 : -1.3027045354247093
424 : -1.9377533979713917
425 : -2.876950287492946
426 : -1.9169550677761436
427 : -2.4673184542916715
428 : -1.0361004658043385
429 : -1.3581412276253104
430 : -1.3496754965744913
431 : -2.3944347286596894
432 : -0.9609123589470983
433 : -1.1847633652650984
434 : -1.0355469564092346
435 : -5.086532567045651
436 : -1.0076544075272977
437 : 11.496343805920333
438 : -0.596602713689208
439 : -0.8377722529694438
440 : -0.8985589559888467
441 : -1.4475281494669616
442 : -0.2830480611883104
443 : -2.215044431388378
444 : -0.845178883522749
445 : -1.4453127142041922
446 : 6.525089557282627
447 : -0.6712698573246598
448 : -2.176300622522831
449 : -0.2744792113080621
450 : -0.9243165659718215
451 : -1.616511233150959
452 : -4.543090657331049
453 : -1.8490042611956596
454 : 0.07353969104588032
455 : -0.986839946359396
456 : 2.0741164691280574
457 : -0.958064436679706
458 : -0.7839725851081312
459 : -1.329408451449126
460 : -1.4090393651276827
461 : -0.4620201485231519
462 : -2.1930087748914957
463 : -1.0924917369848117
464 : -1.9511962495744228
465 : -1.3091975459828973
466 : -0.7779305148869753
467 : -3.0890018311329186
468 : -1.5356481960043311
469 : -1.256409733556211
470 : -4.460373326204717
471 : 3.6546994745731354
472 : -3.955931518925354
473 : -0.8861005050130188
474 : -0.6405826192349195
475 : -1.6982444059103727
476 : -1.3408182598650455
477 : 0.6410382706671953
478 : -0.8664486883208156
479 : -0.7770625241100788
480 : -1.4791217716410756
481 : -1.2365038136485964
482 : -1.5338123915717006
483 : -0.9920790242031217
484 : -1.1575752436183393
485 : -0.5981981474906206
486 : -1.8398802764713764
487 : -1.2880014558322728
488 : -1.3591875666752458
489 : -1.5039341282099485
490 : -2.052828423678875
491 : -0.4788994244299829
492 : -0.20440234243869781
493 : -0.9240480437874794
494 : -2.3571038767695427
495 : -1.385563432238996
496 : -2.371666330844164
497 : -1.6309510422870517
498 : -1.3181951991282403
499 : 0.07531111594289541
500 : -4.572615508455783
501 : -1.6951760277152061
502 : -1.1493024163646623
503 : -0.8485391698777676
504 : -0.41764263063669205
505 : -1.652813021093607
506 : -1.1439528006594628
507 : -2.0237716431729496
508 : 0.8992783124558628
509 : -1.4916611891239882
510 : -0.32469393871724606
511 : -1.5850128568708897
512 : -1.5509936213493347
513 : -0.8334416933357716
514 : -1.080544397176709
515 : -1.0217246394604445
516 : -1.35231879260391
517 : 1.8508141520433128
518 : -1.770196720957756
519 : -1.9505655206739902
520 : -1.2558356206864119
521 : -1.5580162853002548
522 : -1.4103011582046747
523 : -0.536149594001472
524 : -1.6536299102008343
525 : -1.1082390970550478
526 : -1.0480125765316188
527 : -1.8416699189692736
528 : -0.8710604570806026
!!! updated
529 : 0.48737476440146565
530 : -1.2062991089187562
531 : -1.754947915673256
532 : -1.0590769264381379
533 : -1.2913685329258442
Setting up 2 worker threads for Enlighten.
  Thread -> id: 7f960dd96700 -> priority: 1 
  Thread -> id: 7f960d595700 -> priority: 1 
Traceback (most recent call last):
  File "main.py", line 123, in <module>
    returns = [episode(env, agent, i) for i in range(training_episodes)]
  File "main.py", line 123, in <listcomp>
    returns = [episode(env, agent, i) for i in range(training_episodes)]
  File "main.py", line 30, in episode
    next_state, reward, done, _ = env.step(action.numpy()[0])
  File "/home/j/jensenj/.local/lib/python3.6/site-packages/gym_unity/envs/__init__.py", line 177, in step
    self._env.step()
  File "/home/j/jensenj/.local/lib/python3.6/site-packages/mlagents_envs/timers.py", line 305, in wrapped
    return func(*args, **kwargs)
  File "/home/j/jensenj/.local/lib/python3.6/site-packages/mlagents_envs/environment.py", line 319, in step
    self._update_state(rl_output)
  File "/home/j/jensenj/.local/lib/python3.6/site-packages/mlagents_envs/environment.py", line 275, in _update_state
    agent_info_list, self._env_specs[brain_name]
  File "/home/j/jensenj/.local/lib/python3.6/site-packages/mlagents_envs/timers.py", line 305, in wrapped
    return func(*args, **kwargs)
  File "/home/j/jensenj/.local/lib/python3.6/site-packages/mlagents_envs/rpc_utils.py", line 188, in steps_from_proto
    obs_index, obs_shape, decision_agent_info_list
  File "/home/j/jensenj/.local/lib/python3.6/site-packages/mlagents_envs/timers.py", line 305, in wrapped
    return func(*args, **kwargs)
  File "/home/j/jensenj/.local/lib/python3.6/site-packages/mlagents_envs/rpc_utils.py", line 152, in _process_vector_observation
    _raise_on_nan_and_inf(np_obs, "observations")
  File "/home/j/jensenj/.local/lib/python3.6/site-packages/mlagents_envs/rpc_utils.py", line 130, in _raise_on_nan_and_inf
    raise RuntimeError(f"The {source} provided had NaN values.")
RuntimeError: The observations provided had NaN values.
2020-06-25 12:22:58 INFO [environment.py:418] Environment shut down with return code 0.
