slurmstepd-ilm: error: Unable to create TMPDIR [/tmp/user/30108]: Permission denied
slurmstepd-ilm: error: Setting TMPDIR to /tmp
Found path: /home/j/jensenj/PycharmProjects/Federer-Jr./src/../crawler_single/linux/dynamic_server/crawler_dynamic.x86_64
Mono path[0] = '/home/j/jensenj/PycharmProjects/Federer-Jr./src/../crawler_single/linux/dynamic_server/crawler_dynamic_Data/Managed'
Mono config path = '/home/j/jensenj/PycharmProjects/Federer-Jr./src/../crawler_single/linux/dynamic_server/crawler_dynamic_Data/MonoBleedingEdge/etc'
Preloaded 'lib_burst_generated.so'
Preloaded 'libgrpc_csharp_ext.x64.so'
Initialize engine version: 2019.3.15f1 (59ff3e03856d)
[Subsystems] Discovering subsystems at path /home/j/jensenj/PycharmProjects/Federer-Jr./src/../crawler_single/linux/dynamic_server/crawler_dynamic_Data/UnitySubsystems
Forcing GfxDevice: Null
GfxDevice: creating device client; threaded=0
NullGfxDevice:
    Version:  NULL 1.0 [1.0]
    Renderer: Null Device
    Vendor:   Unity Technologies
Begin MonoManager ReloadAssembly
- Completed reload, in  0.096 seconds
WARNING: Shader Unsupported: 'Autodesk Interactive' - All passes removed
WARNING: Shader Did you use #pragma only_renderers and omit this platform?
UnloadTime: 0.433560 ms
Fallback handler could not load library /home/j/jensenj/PycharmProjects/Federer-Jr./src/../crawler_single/linux/dynamic_server/crawler_dynamic_Data/Mono/libcoreclr.so
Fallback handler could not load library /home/j/jensenj/PycharmProjects/Federer-Jr./src/../crawler_single/linux/dynamic_server/crawler_dynamic_Data/Mono/libcoreclr.so
Fallback handler could not load library /home/j/jensenj/PycharmProjects/Federer-Jr./src/../crawler_single/linux/dynamic_server/crawler_dynamic_Data/Mono/libcoreclr.so
Fallback handler could not load library /home/j/jensenj/PycharmProjects/Federer-Jr./src/../crawler_single/linux/dynamic_server/crawler_dynamic_Data/Mono/libSystem.dylib
Fallback handler could not load library /home/j/jensenj/PycharmProjects/Federer-Jr./src/../crawler_single/linux/dynamic_server/crawler_dynamic_Data/Mono/libSystem.dylib.so
Fallback handler could not load library /home/j/jensenj/PycharmProjects/Federer-Jr./src/../crawler_single/linux/dynamic_server/crawler_dynamic_Data/Mono/libSystem.dylib
Fallback handler could not load library /home/j/jensenj/PycharmProjects/Federer-Jr./src/../crawler_single/linux/dynamic_server/crawler_dynamic_Data/Mono/libcoreclr.so
Fallback handler could not load library /home/j/jensenj/PycharmProjects/Federer-Jr./src/../crawler_single/linux/dynamic_server/crawler_dynamic_Data/Mono/libcoreclr.so
Fallback handler could not load library /home/j/jensenj/PycharmProjects/Federer-Jr./src/../crawler_single/linux/dynamic_server/crawler_dynamic_Data/Mono/libcoreclr.so
Fallback handler could not load library /home/j/jensenj/PycharmProjects/Federer-Jr./src/../crawler_single/linux/dynamic_server/crawler_dynamic_Data/Mono/libSystem.dylib
Fallback handler could not load library /home/j/jensenj/PycharmProjects/Federer-Jr./src/../crawler_single/linux/dynamic_server/crawler_dynamic_Data/Mono/libSystem.dylib.so
Fallback handler could not load library /home/j/jensenj/PycharmProjects/Federer-Jr./src/../crawler_single/linux/dynamic_server/crawler_dynamic_Data/Mono/libSystem.dylib
/home/j/jensenj/.local/lib/python3.6/site-packages/tensorboard/compat/tensorflow_stub/dtypes.py:541: FutureWarning: Passing (type, 1) or '1type' as a synonym of type is deprecated; in a future version of numpy, it will be understood as (type, (1,)) / '(1,)type'.
  _np_qint8 = np.dtype([("qint8", np.int8, 1)])
/home/j/jensenj/.local/lib/python3.6/site-packages/tensorboard/compat/tensorflow_stub/dtypes.py:542: FutureWarning: Passing (type, 1) or '1type' as a synonym of type is deprecated; in a future version of numpy, it will be understood as (type, (1,)) / '(1,)type'.
  _np_quint8 = np.dtype([("quint8", np.uint8, 1)])
/home/j/jensenj/.local/lib/python3.6/site-packages/tensorboard/compat/tensorflow_stub/dtypes.py:543: FutureWarning: Passing (type, 1) or '1type' as a synonym of type is deprecated; in a future version of numpy, it will be understood as (type, (1,)) / '(1,)type'.
  _np_qint16 = np.dtype([("qint16", np.int16, 1)])
/home/j/jensenj/.local/lib/python3.6/site-packages/tensorboard/compat/tensorflow_stub/dtypes.py:544: FutureWarning: Passing (type, 1) or '1type' as a synonym of type is deprecated; in a future version of numpy, it will be understood as (type, (1,)) / '(1,)type'.
  _np_quint16 = np.dtype([("quint16", np.uint16, 1)])
/home/j/jensenj/.local/lib/python3.6/site-packages/tensorboard/compat/tensorflow_stub/dtypes.py:545: FutureWarning: Passing (type, 1) or '1type' as a synonym of type is deprecated; in a future version of numpy, it will be understood as (type, (1,)) / '(1,)type'.
  _np_qint32 = np.dtype([("qint32", np.int32, 1)])
/home/j/jensenj/.local/lib/python3.6/site-packages/tensorboard/compat/tensorflow_stub/dtypes.py:550: FutureWarning: Passing (type, 1) or '1type' as a synonym of type is deprecated; in a future version of numpy, it will be understood as (type, (1,)) / '(1,)type'.
  np_resource = np.dtype([("resource", np.ubyte, 1)])
2020-06-25 12:23:51 INFO [environment.py:108] Connected to Unity environment with package version 1.0.2 and communication version 1.0.0
2020-06-25 12:23:51 INFO [environment.py:265] Connected new brain:
CrawlerDynamic?team=0
2020-06-25 12:23:51 WARNING [__init__.py:92] The environment contains multiple observations. You must define allow_multiple_obs=True to receive them all. Otherwise, only the first visual observation (or vector observation ifthere are no visual observations) will be provided in the observation.
/home/j/jensenj/.local/lib/python3.6/site-packages/gym/logger.py:30: UserWarning: [33mWARN: Box bound precision lowered by casting to float32[0m
  warnings.warn(colorize('%s: %s'%('WARN', msg % args), 'yellow'))
/home/j/jensenj/.local/lib/python3.6/site-packages/numpy/core/_methods.py:160: RuntimeWarning: invalid value encountered in reduce
  ret = umr_sum(arr, axis, dtype, out, keepdims)
update_time_steps: 10240 , ppo_epochs: 1 , beta:  0.01 , gamma 0.9
0 : 0.9527188553474844
1 : -1.4700462920591235
2 : 1.8181145088747144
3 : -1.634065743535757
4 : 3.5534827169030905
5 : 2.883937783539295
6 : -1.6238684467971325
7 : -0.668674114625901
8 : -1.8436633145902306
9 : -1.7384425140917301
10 : -0.8035711161792278
11 : -1.5174545305781066
12 : -0.0723706460557878
13 : -6.620361495763063
14 : -1.5886936746537685
15 : -1.8851941358298063
16 : 0.7528057433664799
17 : -1.3608826622366905
18 : -2.873397740535438
19 : -1.2601052555255592
20 : -1.4817578606307507
21 : -2.151047090999782
22 : -9.754618138540536
23 : 0.9656399562954903
24 : -1.5848189890384674
25 : -1.587274827528745
26 : -0.8964885110035539
27 : -4.213099665706977
28 : -8.865572704700753
29 : -1.0941938143223524
30 : -4.64841175917536
31 : -3.49648509407416
32 : -2.4173833313398063
33 : -1.4120145998895168
34 : -7.067161269020289
35 : 1.14790447964333
36 : 6.933112661354244
37 : -2.129931324161589
38 : -7.012557305395603
39 : -0.3153953501023352
40 : -0.12063371180556715
41 : 1.4467890672385693
42 : -1.4289055671542883
43 : -0.89249069057405
44 : -1.2568979654461145
45 : -0.6975134871900082
46 : -1.0262402016669512
47 : -1.9454874638468027
48 : -1.3140828786417842
49 : -1.2671039626002312
50 : -1.3976711118593812
51 : -1.0648435330949724
52 : -1.0031357160769403
53 : 2.5861479486338794
54 : -1.5515809310600162
55 : -7.38592488411814
56 : -1.4477591782342643
57 : -1.0630934238433838
58 : -1.7976165220316034
59 : -0.9979542153887451
60 : -1.2351046595722437
61 : -1.3954312638379633
62 : -1.0925940331071615
63 : -0.9762372933328152
64 : 3.775376527570188
65 : -1.2135228475090116
66 : -0.8380092033185065
67 : 0.8235365231521428
68 : -1.0537299923598766
69 : -0.8058090340346098
70 : 1.158548661507666
71 : -1.5116769215092063
72 : 0.05012813303619623
73 : -1.6010049572214484
74 : -1.8726601963862777
75 : -1.2376135643571615
76 : -0.9503075871616602
77 : -1.1882667392492294
78 : -0.5462107276543975
79 : -7.379958221223205
80 : -1.5171579830348492
81 : 1.7359727215953171
82 : -1.0153456111438572
83 : 3.491428067907691
84 : 1.30999328289181
85 : -0.505257610231638
86 : -3.9295044410973787
87 : -0.9375815407838672
88 : -0.8184303883463144
89 : 2.765853237360716
90 : -2.0596671234816313
91 : -0.5601993873715401
92 : -1.8977855322882533
93 : -1.6017128340899944
94 : -1.380639310926199
95 : -0.27246696408838034
96 : -2.164136945968494
97 : -0.31599526666104794
98 : 2.742666362784803
99 : -3.9281226359307766
100 : -3.121092336717993
101 : -2.191408101003617
102 : -1.6702478351071477
103 : -0.9374527661129832
104 : -3.883651847485453
105 : -0.8362298305146396
106 : -2.0586826815269887
107 : -0.6260602851398289
108 : -0.30705741979181767
109 : -1.3868668866343796
110 : 0.5358819416724145
111 : -1.1667745904996991
112 : -1.2590072192251682
113 : -1.2859138222411275
114 : -0.7983475252985954
115 : -1.879165792837739
116 : -3.759751885663718
117 : -2.945929026696831
118 : -13.622294573113322
119 : -1.1184103339910507
120 : -1.0855916403234005
121 : -1.4910866068676114
122 : -0.9301193598657846
123 : -1.2304633650928736
124 : -1.490568325854838
125 : -1.4536628061905503
126 : -1.3810081956908107
127 : 0.9644969878718257
128 : -3.755306525155902
129 : -2.149223567917943
130 : -1.6961471289396286
131 : -0.7931463532149792
132 : -2.4525974025018513
133 : 9.914466727990657
134 : -2.6641280935145915
135 : -4.4839152679778636
136 : -2.0019270228222013
137 : -1.6423401981592178
138 : -1.6445722063072026
139 : 0.7135570580139756
140 : -1.6527013126760721
141 : -1.471803852589801
142 : -1.179781153332442
143 : -0.8126549310982227
144 : -0.8085924629122019
145 : 1.4411029014736414
146 : -1.3368333671241999
147 : -1.5794139364734292
148 : -4.772282725200057
149 : -0.8716667708940804
150 : 5.432753071188927
151 : 3.573116961400956
152 : -1.399131809361279
153 : 0.596608106046915
154 : -0.8223828766494989
155 : -1.349930400494486
156 : -0.9602366210892797
157 : -0.8246079795062542
158 : -2.1149683706462383
159 : -1.470691043883562
160 : -1.820743566378951
161 : 0.6436825841665268
162 : 1.9195065274834633
163 : -0.9139988026581705
164 : -0.4115136385662481
165 : -1.44750758074224
166 : -1.103245086967945
167 : -1.461487215012312
168 : -1.3125343229621649
169 : -2.639477154240012
170 : -1.0934181911870837
171 : -0.5826005917042494
172 : -2.501168094575405
173 : -0.8800041708163917
174 : -2.3975547328591347
175 : -2.1935821045190096
176 : -1.1213411674834788
177 : -1.227969435742125
178 : -0.5443617370910943
179 : -1.4194070370867848
180 : -1.0338354390114546
181 : -1.5871149003505707
182 : 2.374880164861679
183 : -1.2238966766744852
184 : -1.218302346765995
185 : 17.482666705735028
186 : -2.1245036125183105
187 : -0.7976936968043447
188 : 0.14732129778712988
189 : -5.807511081919074
190 : -1.4457319229841232
191 : -1.2712054755538702
192 : 0.9768211422488093
193 : -1.5320793227292597
194 : -1.0468442148994654
195 : -1.9694621227681637
196 : -7.7928341664373875
197 : -0.8488707328215241
198 : -1.0157890813425183
199 : -2.631324549438432
200 : 4.113849394023418
201 : -2.2040767720900476
202 : -3.116871573962271
203 : -1.583845085464418
204 : -1.4210878293961287
205 : -1.0354228252545
206 : -1.7244395669549704
207 : -1.0773938889615238
208 : -1.1390474669169635
209 : -0.8269557412713766
210 : -7.771348332054913
211 : 1.0174392689950764
212 : -1.90324777783826
213 : 1.4735613986849785
214 : -1.432729184627533
215 : -0.9083542563021183
216 : -1.559547245502472
217 : -1.0649354667402804
218 : -0.7338404385372996
219 : -0.6235549692064524
220 : -1.0827868236228824
221 : -1.9125491450540721
222 : -1.4338617008179426
223 : 0.06152274738997221
224 : -1.316393107175827
225 : -1.31421316601336
226 : -1.337610728573054
227 : -7.899539058096707
228 : -1.6945939846336842
229 : -0.7640521675348282
230 : -1.5897636990994215
231 : -0.2170811181422323
232 : -1.6893197745084763
233 : 0.728968754876405
234 : 0.1639139880426228
235 : 2.654254572466016
236 : -6.88357500731945
237 : -3.563520312309265
238 : 0.2011364959180355
239 : 1.8796583851799369
240 : -1.2633354691788554
241 : 1.4232044909149408
242 : -7.592049318831414
243 : -3.428137542679906
244 : -1.4471588376909494
245 : -1.4495390690863132
246 : -6.116777386283502
247 : -2.909348174929619
248 : -0.9994583090301603
249 : -0.9688475942239165
250 : -1.75301059987396
251 : -1.4934493085602298
252 : -1.1675571920350194
253 : -1.9010125510394573
254 : -0.7448184145614505
255 : -1.179292416665703
256 : -0.12958454759791493
257 : -1.1149074360728264
258 : 0.8172486731782556
259 : -1.447301585227251
260 : 3.9838303085416555
261 : -1.6986937150359154
262 : -2.4037517169490457
263 : -1.2092890813946724
264 : -1.6538860090076923
265 : -0.35111861396580935
266 : -3.857466312125325
267 : -1.1051628063432872
268 : -1.9090949967503548
269 : -0.5845274049788713
270 : -1.3235533172264695
271 : 0.7059946246445179
272 : 0.6492726691067219
273 : -1.1406724974513054
274 : 3.556409364566207
275 : -1.1030114530585706
276 : -1.6415769020095468
277 : -1.8959584906697273
278 : -1.6007217410951853
279 : -0.8902539652772248
280 : 1.973668910562992
281 : -0.47090080357156694
282 : -0.5459430199116468
283 : -2.0704483217559755
284 : 2.6114637251012027
285 : -1.084121792577207
286 : -1.3846092848107219
287 : 0.21745063655544072
288 : 1.8551206039264798
289 : -2.1258442234247923
290 : -0.27738576009869576
291 : -0.2678829748183489
292 : -1.3432072838768363
293 : -1.4556069378741086
294 : -2.066989853978157
295 : 1.0430322885513306
296 : 0.6630847239866853
297 : -3.741832695901394
298 : -0.7037264704704285
299 : -1.743660407140851
300 : -1.2664436139166355
301 : -1.0097420299425721
302 : -1.4198477333411574
303 : -1.1919077290222049
304 : -1.426283081062138
305 : -1.6613414380699396
306 : -0.7885266933590174
307 : -1.3509721683803946
308 : 0.7051348555833101
309 : -1.6836864370852709
310 : -1.5981978420168161
311 : -1.2433707490563393
312 : -1.050526692532003
313 : 0.89071533549577
314 : -5.129453376866877
315 : -1.3807543404400349
316 : -1.3533929493278265
317 : -1.5075694769620895
318 : -1.9780604615807533
319 : -2.6703068763017654
320 : -0.9443214870989323
321 : -1.56798480078578
322 : -0.9402887923642993
323 : -1.259218737250194
324 : -1.4071764522232115
325 : -7.931557504460216
326 : -6.210674850270152
327 : -2.7726554069668055
328 : -1.128515960648656
329 : -1.1624099230393767
330 : -10.576994295231998
331 : -4.700819242047146
332 : -0.8544607227668166
333 : -1.4853764865547419
334 : -1.1682131914421916
335 : -0.4904283797368407
336 : -4.357595865614712
337 : -1.937412466853857
338 : -8.35879971133545
339 : -2.008597206324339
340 : -1.0409187842160463
341 : -2.6529797883704305
342 : -0.49790159170515835
343 : -0.1661166027188301
344 : -1.4375622789375484
345 : -2.421714797616005
346 : -1.7270965278148651
347 : -1.4900563461706042
348 : -0.4493579603731632
349 : -2.00520059466362
350 : -1.1027386505156755
351 : -1.7144530462101102
352 : -3.3084630724042654
353 : -2.5092039281735197
354 : 9.060422115959227
355 : -0.3896655570715666
356 : -1.0585998792666942
357 : -0.9707350172102451
358 : -1.2837435835972428
359 : -1.3324094731360674
360 : -2.0959543264470994
361 : -1.7116442378610373
362 : -4.963162903441116
363 : -1.0240486776456237
364 : -0.9412803668528795
365 : -1.4554887586273253
366 : -1.3308612974360585
367 : -3.1970932176336646
368 : -0.9989161230623722
369 : -1.0325218606740236
370 : -3.6114074988290668
371 : -0.5072307046502829
372 : -1.4371577618876472
373 : -1.112591915531084
374 : -1.310982782393694
375 : -2.042947366833687
376 : -0.7647083438932896
377 : -1.5787502713501453
378 : -5.026513405144215
379 : -2.3417378664016724
380 : -0.8038242775946856
381 : -0.519928072579205
382 : 0.33127634692937136
383 : -1.0160346450284123
384 : 2.7244585659354925
385 : -2.196563508361578
386 : -2.213167426176369
387 : -2.3174895104020834
388 : 1.382690447382629
389 : -1.45251967292279
390 : -0.9604593422263861
391 : -6.1644362565129995
392 : -2.910072749480605
393 : -0.6929171746596694
394 : -0.573518443852663
395 : -0.9824248703662306
396 : -1.3054979853332043
397 : -1.4190071448683739
398 : 5.147217364050448
399 : -6.02281043631956
400 : -4.003955618944019
401 : -2.1497992342337966
402 : 0.42705480195581913
403 : 0.6844821684062481
404 : -1.5674208756536245
405 : -1.6945693269371986
406 : -0.863037028349936
407 : -0.8783628158271313
408 : -0.949062357423827
409 : -2.5638273418881
410 : -1.8467715196311474
411 : -11.046601859852672
412 : -2.929643993731588
413 : -0.8549429154954851
414 : -1.2942696991376579
415 : -1.9899638574570417
416 : -1.9255289286375046
417 : -1.4352252185344696
418 : -0.8525917921215296
419 : -8.20531477406621
420 : -2.5858704787679017
421 : -1.937588892877102
422 : -1.6810076963156462
423 : -1.7601780965924263
424 : -1.44948908733204
425 : -0.9337838370120153
426 : -1.2530080014839768
427 : -3.2266920399852097
428 : -2.7922366205602884
429 : -7.707998014986515
430 : 2.197063441388309
431 : 1.782240311615169
432 : -1.3754857555031776
433 : -0.12169747147709131
434 : -1.4936194773763418
435 : -1.3231547973118722
436 : -1.920897264033556
437 : -2.1189442183822393
438 : -1.1269046543166041
439 : -1.5679192955140024
440 : 9.784622029634193
441 : 2.33336176071316
442 : 0.44936135970056057
443 : -0.1688142593484372
444 : -5.895041162148118
445 : -1.8448044955730438
446 : -1.098084102384746
447 : -1.6516856960952282
448 : -0.714137221686542
449 : -0.27651104144752026
450 : -1.310999278910458
451 : 5.146955082193017
452 : -2.8457150161266327
453 : -1.2367071090266109
454 : -1.3623606087639928
455 : -0.9503707913681865
456 : -0.7475897669792175
457 : -0.8952390132471919
458 : -0.8957167556509376
459 : -0.5140574192628264
460 : -1.8352862023748457
461 : -0.7761044248472899
462 : -0.6954953125678003
463 : -1.4859817721880972
464 : -1.2856048792600632
465 : -1.8706708326935768
466 : 3.6335305478423834
467 : -1.5297386436723173
468 : 0.09366614790633321
469 : -1.393781766295433
470 : 0.872276995331049
471 : -1.6969914599321783
472 : -1.339599679224193
473 : -1.452993610408157
474 : -1.2549235040787607
475 : -1.6374062784016132
476 : -2.0490207674447447
477 : -1.6578629463911057
478 : -9.016582968179137
479 : -0.4460925648454577
480 : -1.54460072144866
!!! updated
481 : -4.884940856136382
482 : -2.017702452838421
483 : -1.3167521376162767
484 : -0.767743973992765
485 : -1.2936852388083935
486 : -1.1882566716521978
487 : -0.9898401843383908
488 : -2.078854516148567
489 : -1.2752527594566345
490 : -1.216924567706883
Setting up 2 worker threads for Enlighten.
  Thread -> id: 7f23acd94700 -> priority: 1 
  Thread -> id: 7f23a3fff700 -> priority: 1 
Traceback (most recent call last):
  File "main.py", line 123, in <module>
    returns = [episode(env, agent, i) for i in range(training_episodes)]
  File "main.py", line 123, in <listcomp>
    returns = [episode(env, agent, i) for i in range(training_episodes)]
  File "main.py", line 30, in episode
    next_state, reward, done, _ = env.step(action.numpy()[0])
  File "/home/j/jensenj/.local/lib/python3.6/site-packages/gym_unity/envs/__init__.py", line 177, in step
    self._env.step()
  File "/home/j/jensenj/.local/lib/python3.6/site-packages/mlagents_envs/timers.py", line 305, in wrapped
    return func(*args, **kwargs)
  File "/home/j/jensenj/.local/lib/python3.6/site-packages/mlagents_envs/environment.py", line 319, in step
    self._update_state(rl_output)
  File "/home/j/jensenj/.local/lib/python3.6/site-packages/mlagents_envs/environment.py", line 275, in _update_state
    agent_info_list, self._env_specs[brain_name]
  File "/home/j/jensenj/.local/lib/python3.6/site-packages/mlagents_envs/timers.py", line 305, in wrapped
    return func(*args, **kwargs)
  File "/home/j/jensenj/.local/lib/python3.6/site-packages/mlagents_envs/rpc_utils.py", line 188, in steps_from_proto
    obs_index, obs_shape, decision_agent_info_list
  File "/home/j/jensenj/.local/lib/python3.6/site-packages/mlagents_envs/timers.py", line 305, in wrapped
    return func(*args, **kwargs)
  File "/home/j/jensenj/.local/lib/python3.6/site-packages/mlagents_envs/rpc_utils.py", line 152, in _process_vector_observation
    _raise_on_nan_and_inf(np_obs, "observations")
  File "/home/j/jensenj/.local/lib/python3.6/site-packages/mlagents_envs/rpc_utils.py", line 130, in _raise_on_nan_and_inf
    raise RuntimeError(f"The {source} provided had NaN values.")
RuntimeError: The observations provided had NaN values.
2020-06-25 12:35:26 INFO [environment.py:418] Environment shut down with return code 0.
