slurmstepd-geltnach: error: Unable to create TMPDIR [/tmp/user/30108]: Permission denied
slurmstepd-geltnach: error: Setting TMPDIR to /tmp
Found path: /home/j/jensenj/PycharmProjects/Federer-Jr./src/../crawler_single/linux/dynamic_server/crawler_dynamic.x86_64
Mono path[0] = '/home/j/jensenj/PycharmProjects/Federer-Jr./src/../crawler_single/linux/dynamic_server/crawler_dynamic_Data/Managed'
Mono config path = '/home/j/jensenj/PycharmProjects/Federer-Jr./src/../crawler_single/linux/dynamic_server/crawler_dynamic_Data/MonoBleedingEdge/etc'
Preloaded 'lib_burst_generated.so'
Preloaded 'libgrpc_csharp_ext.x64.so'
Initialize engine version: 2019.3.15f1 (59ff3e03856d)
[Subsystems] Discovering subsystems at path /home/j/jensenj/PycharmProjects/Federer-Jr./src/../crawler_single/linux/dynamic_server/crawler_dynamic_Data/UnitySubsystems
Forcing GfxDevice: Null
GfxDevice: creating device client; threaded=0
NullGfxDevice:
    Version:  NULL 1.0 [1.0]
    Renderer: Null Device
    Vendor:   Unity Technologies
Begin MonoManager ReloadAssembly
- Completed reload, in  0.120 seconds
WARNING: Shader Unsupported: 'Autodesk Interactive' - All passes removed
WARNING: Shader Did you use #pragma only_renderers and omit this platform?
UnloadTime: 0.397762 ms
Fallback handler could not load library /home/j/jensenj/PycharmProjects/Federer-Jr./src/../crawler_single/linux/dynamic_server/crawler_dynamic_Data/Mono/libcoreclr.so
Fallback handler could not load library /home/j/jensenj/PycharmProjects/Federer-Jr./src/../crawler_single/linux/dynamic_server/crawler_dynamic_Data/Mono/libcoreclr.so
Fallback handler could not load library /home/j/jensenj/PycharmProjects/Federer-Jr./src/../crawler_single/linux/dynamic_server/crawler_dynamic_Data/Mono/libcoreclr.so
Fallback handler could not load library /home/j/jensenj/PycharmProjects/Federer-Jr./src/../crawler_single/linux/dynamic_server/crawler_dynamic_Data/Mono/libSystem.dylib
Fallback handler could not load library /home/j/jensenj/PycharmProjects/Federer-Jr./src/../crawler_single/linux/dynamic_server/crawler_dynamic_Data/Mono/libSystem.dylib.so
Fallback handler could not load library /home/j/jensenj/PycharmProjects/Federer-Jr./src/../crawler_single/linux/dynamic_server/crawler_dynamic_Data/Mono/libSystem.dylib
Fallback handler could not load library /home/j/jensenj/PycharmProjects/Federer-Jr./src/../crawler_single/linux/dynamic_server/crawler_dynamic_Data/Mono/libcoreclr.so
Fallback handler could not load library /home/j/jensenj/PycharmProjects/Federer-Jr./src/../crawler_single/linux/dynamic_server/crawler_dynamic_Data/Mono/libcoreclr.so
Fallback handler could not load library /home/j/jensenj/PycharmProjects/Federer-Jr./src/../crawler_single/linux/dynamic_server/crawler_dynamic_Data/Mono/libcoreclr.so
Fallback handler could not load library /home/j/jensenj/PycharmProjects/Federer-Jr./src/../crawler_single/linux/dynamic_server/crawler_dynamic_Data/Mono/libSystem.dylib
Fallback handler could not load library /home/j/jensenj/PycharmProjects/Federer-Jr./src/../crawler_single/linux/dynamic_server/crawler_dynamic_Data/Mono/libSystem.dylib.so
Fallback handler could not load library /home/j/jensenj/PycharmProjects/Federer-Jr./src/../crawler_single/linux/dynamic_server/crawler_dynamic_Data/Mono/libSystem.dylib
/home/j/jensenj/.local/lib/python3.6/site-packages/tensorboard/compat/tensorflow_stub/dtypes.py:541: FutureWarning: Passing (type, 1) or '1type' as a synonym of type is deprecated; in a future version of numpy, it will be understood as (type, (1,)) / '(1,)type'.
  _np_qint8 = np.dtype([("qint8", np.int8, 1)])
/home/j/jensenj/.local/lib/python3.6/site-packages/tensorboard/compat/tensorflow_stub/dtypes.py:542: FutureWarning: Passing (type, 1) or '1type' as a synonym of type is deprecated; in a future version of numpy, it will be understood as (type, (1,)) / '(1,)type'.
  _np_quint8 = np.dtype([("quint8", np.uint8, 1)])
/home/j/jensenj/.local/lib/python3.6/site-packages/tensorboard/compat/tensorflow_stub/dtypes.py:543: FutureWarning: Passing (type, 1) or '1type' as a synonym of type is deprecated; in a future version of numpy, it will be understood as (type, (1,)) / '(1,)type'.
  _np_qint16 = np.dtype([("qint16", np.int16, 1)])
/home/j/jensenj/.local/lib/python3.6/site-packages/tensorboard/compat/tensorflow_stub/dtypes.py:544: FutureWarning: Passing (type, 1) or '1type' as a synonym of type is deprecated; in a future version of numpy, it will be understood as (type, (1,)) / '(1,)type'.
  _np_quint16 = np.dtype([("quint16", np.uint16, 1)])
/home/j/jensenj/.local/lib/python3.6/site-packages/tensorboard/compat/tensorflow_stub/dtypes.py:545: FutureWarning: Passing (type, 1) or '1type' as a synonym of type is deprecated; in a future version of numpy, it will be understood as (type, (1,)) / '(1,)type'.
  _np_qint32 = np.dtype([("qint32", np.int32, 1)])
/home/j/jensenj/.local/lib/python3.6/site-packages/tensorboard/compat/tensorflow_stub/dtypes.py:550: FutureWarning: Passing (type, 1) or '1type' as a synonym of type is deprecated; in a future version of numpy, it will be understood as (type, (1,)) / '(1,)type'.
  np_resource = np.dtype([("resource", np.ubyte, 1)])
2020-06-25 12:33:21 INFO [environment.py:108] Connected to Unity environment with package version 1.0.2 and communication version 1.0.0
2020-06-25 12:33:21 INFO [environment.py:265] Connected new brain:
CrawlerDynamic?team=0
2020-06-25 12:33:21 WARNING [__init__.py:92] The environment contains multiple observations. You must define allow_multiple_obs=True to receive them all. Otherwise, only the first visual observation (or vector observation ifthere are no visual observations) will be provided in the observation.
Internal: JobTempAlloc has allocations that are more than 4 frames old - this is not allowed and likely a leak 
(Filename:  Line: 554)

/home/j/jensenj/.local/lib/python3.6/site-packages/gym/logger.py:30: UserWarning: [33mWARN: Box bound precision lowered by casting to float32[0m
  warnings.warn(colorize('%s: %s'%('WARN', msg % args), 'yellow'))
/home/j/jensenj/.local/lib/python3.6/site-packages/numpy/core/_methods.py:160: RuntimeWarning: invalid value encountered in reduce
  ret = umr_sum(arr, axis, dtype, out, keepdims)
update_time_steps: 10240 , ppo_epochs: 4 , beta:  0.1 , gamma 0.9
0 : 0.31708561396226287
1 : -4.252095380797982
2 : -3.895821338519454
3 : -0.9314985009841621
4 : -0.9000412486493587
5 : -0.6921658241190016
6 : -4.319573903921992
7 : 0.8581414883956313
8 : -2.0394013640470803
9 : -1.9924102211371064
10 : 0.5022366943303496
11 : 0.30111760273575783
12 : 0.2824141103774309
13 : 0.10096413968130946
14 : -3.864603476598859
15 : -1.0498138070106506
16 : -1.4641613471321762
17 : 3.398038685321808
18 : -2.8123601467814296
19 : -1.62768888566643
20 : -2.5740356142632663
21 : -1.632158110383898
22 : -1.3443006137385964
23 : -0.8866048883646727
24 : -0.4888366525992751
25 : -6.673587940167636
26 : -0.9739632084965706
27 : -2.896534312516451
28 : 0.2744686887599528
29 : -2.497680902015418
30 : 0.986523418687284
31 : -1.6729338951408863
32 : -0.9850521860644221
33 : -1.48451646277681
34 : -0.3302342174574733
35 : -1.1923632016405463
36 : -2.9006579015403986
37 : -1.1366245402023196
38 : 5.538347974943463
39 : -1.1649762077722698
40 : -6.026405740529299
41 : -1.4104889631271362
42 : -4.149840198457241
43 : -4.768076890613884
44 : 0.35386195266619325
45 : -12.568619378842413
46 : 1.286637606099248
47 : -2.07645570859313
48 : -0.9998106565326452
49 : -1.2340860106050968
50 : -0.07126373238861561
51 : -2.9598662215285003
52 : 3.6947219716385007
53 : -1.929757110774517
54 : -2.829706977121532
55 : -1.9502620152197778
56 : -1.168814861914143
57 : -2.406039932742715
58 : -0.5046321898698807
59 : -1.0465877186506987
60 : -1.0458380540367216
61 : -3.1385001754388213
62 : -1.6708178482949734
63 : 2.0133982114493847
64 : -1.2333609815686941
65 : -1.5344603713601828
66 : -2.367213362827897
67 : -1.4436308983713388
68 : -1.3189364103600383
69 : 0.7184389648027718
70 : -1.7027508355677128
71 : -0.953252159524709
72 : -1.4720439368393272
73 : -1.9149753227829933
74 : -5.160675534512848
75 : -0.6591371106915176
76 : 1.3007945083081722
77 : 4.226372068747878
78 : -1.2147021079435945
79 : -5.345206657424569
80 : -1.350318195298314
81 : -2.4884879579767585
82 : -0.8036919608712196
83 : 4.700149546377361
84 : -3.9448231337592006
85 : 3.6312050791457295
86 : -1.0992422471754253
87 : -2.1791787669062614
88 : -1.5035486295819283
89 : -10.548633647151291
90 : -1.5864383019506931
91 : 4.771318365586922
92 : 0.008973447605967522
93 : 2.145806195680052
94 : 4.858729231636971
95 : -0.8105197735130787
96 : -1.11610340885818
97 : -1.9624313302338123
98 : -1.6533476877957582
99 : -0.818664132617414
100 : -1.5780700528994203
101 : 0.11260493937879801
102 : -1.7503380617126822
103 : -2.539878025650978
104 : -0.7747735748998821
105 : -2.682813059538603
106 : -7.329871787223965
107 : -1.2130940053611994
108 : 0.2896770560182631
109 : -1.6385918706655502
110 : -4.065912165213376
111 : -0.9300319012254477
112 : -1.0762557499110699
113 : -1.2670280579477549
114 : -1.0505410358309746
115 : -1.3388210418634117
116 : 1.281045283190906
117 : -1.8232036181725562
118 : 0.8900908641517162
119 : -0.2543017570860684
120 : -0.36779579776339233
121 : -1.3086294145323336
122 : -1.2027831845916808
123 : 1.0778366327285767
124 : -0.46428850479424
125 : -3.3117584427818656
126 : -1.5664477283135056
127 : 5.756302641471848
128 : -2.2738012969493866
129 : -7.282515501137823
130 : -7.094707467593253
131 : -1.8719847723841667
132 : -1.606557559221983
133 : -2.039283249527216
134 : -4.812685317359865
135 : -13.561704883584753
136 : -2.273787599056959
137 : -5.983226628508419
138 : -1.666975156404078
139 : -1.795066799968481
140 : 3.5686763441190124
141 : -2.680538103915751
142 : -4.746186751872301
143 : -1.7261616894975305
144 : -0.9764072331599891
145 : 1.3727083802223206
146 : -3.1468212958425283
147 : -2.1634166426956654
148 : -1.2416490940377116
149 : -2.1191035993397236
150 : -1.0978902112692595
151 : 3.87609081575647
152 : -0.9378464166074991
153 : -4.089564195135608
154 : -2.0085226465016603
155 : -0.7908437321893871
156 : 4.81449186289683
157 : -1.1271732114255428
158 : 0.7342508509755135
159 : -0.9107860052026808
160 : -1.5301857460290194
161 : -0.8621767535805702
162 : 6.8112800433300436
163 : -1.6130526345223188
164 : -1.5491435825824738
165 : -1.4514955151826143
166 : -1.8520837612450123
167 : -0.7525614472106099
168 : -1.3265758706256747
169 : -2.860496967099607
170 : -1.2979829274117947
171 : -0.955300199915655
172 : -2.2416151724755764
173 : 3.951609362848103
174 : -1.098968439269811
175 : -3.834036458283663
176 : -1.0882210112176836
177 : -1.4910680842585862
178 : 2.85032042209059
179 : -1.0792553997598588
180 : -1.1784564023837447
181 : -0.12378007173538208
182 : -1.283621416427195
183 : -0.7351880269125104
184 : -1.3785451361909509
185 : -0.9819487406639382
186 : -1.3336833035573363
187 : 1.889950959943235
188 : -2.4836282525211573
189 : 3.1004316844046116
190 : -1.7988424189388752
191 : -1.1299803471192718
192 : -1.2565460780169815
193 : -1.219209079630673
194 : -1.2581412778235972
195 : -1.4793907031416893
196 : -1.2849646746180952
197 : -3.265963782556355
198 : -1.9888241197913885
199 : 7.463130617514253
200 : -1.787409894168377
201 : -6.446583420038223
202 : -1.754531379789114
203 : -3.1046949652954936
204 : 4.3999592661857605
205 : -3.0076924450695515
206 : -1.5734251774847507
207 : -0.4359291298314929
208 : -1.1643591653555632
209 : -1.4493162794969976
210 : -1.0210161451250315
211 : 1.5728569980710745
212 : 1.6300506759434938
213 : -3.6060565300285816
214 : -1.066367111634463
215 : -1.589381281286478
216 : 5.069511867128313
217 : -0.048309601843357086
218 : -0.7662760615348816
219 : -1.2267627911642194
220 : -1.4634688682854176
221 : -1.6023278036154807
222 : -1.287014733767137
223 : 0.6347733326256275
224 : 2.337306095287204
225 : -1.1619114712812006
226 : -1.3860281251836568
227 : 0.6066006869077682
228 : -1.1779290344566107
229 : -0.8860428403131664
230 : -1.375175578519702
231 : -6.080274096690118
232 : -0.9919234239496291
233 : -1.2741425456479192
234 : -1.1190502839162946
235 : -0.2995964880101383
236 : 5.034554759040475
237 : -1.5154740966390818
238 : -0.9102659053169191
239 : -3.2163036419078708
240 : 2.5877177016809583
241 : -1.296740929596126
242 : -1.254469208419323
243 : -4.186917658895254
244 : -2.095894167199731
245 : 1.0285875902045518
246 : -1.1700116173014976
247 : -1.1008909530937672
248 : -1.9284597844816744
249 : -0.7526472136378288
250 : -1.4346007527783513
251 : -1.2554076788946986
252 : -2.2971586898202077
253 : -0.9033205909654498
254 : -0.021919120103120804
255 : -1.365960389841348
256 : -1.9001886628102511
257 : -2.7691345158964396
258 : 0.0855264663696289
259 : -2.929829703643918
260 : 3.864581985399127
261 : -1.8540220228023827
262 : -1.3618798041716218
263 : -1.763542752712965
264 : 10.378847753163427
265 : -1.0826451308093965
266 : -3.297119882889092
267 : -0.9287024093791842
268 : -1.4370305947959423
269 : -1.0040291054174304
270 : -2.2573744067922235
271 : -1.126281417440623
272 : -3.2958959601819515
273 : -1.389618668705225
274 : -1.9483521858928725
275 : 0.07891303300857544
276 : -1.1903512384742498
277 : 1.2043129024095833
278 : -1.5365515854209661
279 : -0.25863126991316676
280 : 1.3387191185029224
281 : -1.87309330701828
282 : -1.451719222124666
283 : 2.208054245915264
284 : -2.06636510649696
285 : 1.6688453778624535
286 : -2.499047497753054
287 : -0.8616322017041966
288 : -0.14184121787548065
289 : 3.62442325707525
290 : 0.4760235194116831
291 : -1.4485340174287558
292 : 1.4667467381805182
293 : -1.609987311065197
294 : -1.246814952697605
295 : -2.050720950588584
296 : -1.6991059011779726
297 : -1.0979166738688946
298 : -1.4411012548953295
299 : 4.311753843910992
300 : -0.8525699488818645
301 : -0.32221647584810853
302 : -0.8115223608911037
303 : 2.230438871309161
304 : -1.1269822344183922
305 : -2.9529096744954586
306 : -3.0747173316776752
307 : -0.9382240758277476
308 : -1.430933490395546
309 : -0.23284996673464775
310 : -1.8985912390053272
311 : 0.5619375486858189
312 : -4.65618934482336
313 : -0.8831127136945724
314 : -1.398543894290924
315 : -5.704511208925396
316 : -0.6652793507091701
317 : -2.3949795067310333
318 : -1.3409377373754978
319 : -1.2396729113534093
320 : -1.4163886476308107
321 : -2.2325438712723553
322 : 0.4460002384148538
323 : -2.2502373680472374
324 : -3.8784166229888797
325 : -1.5777626261115074
326 : -0.5850747991353273
327 : -1.8112069256603718
328 : -1.537446079775691
329 : -6.887665744870901
330 : 2.2447202941402793
331 : -1.8627001997083426
332 : -0.7701729293912649
333 : -2.368053959682584
334 : -1.7223994671367109
335 : -1.8511716490611434
336 : -1.997258948162198
337 : -0.7620193343609571
338 : -1.329534157179296
339 : -3.558176437392831
340 : -0.8269804771989584
341 : -0.48041735822334886
342 : -1.790251069702208
343 : -0.9161828435026109
344 : -0.9725947817787528
345 : -1.4039583541452885
346 : 0.5283924317918718
347 : -9.313060160260648
348 : -1.8590840622782707
349 : -0.791384712792933
350 : -1.4528215294703841
351 : -1.4522668905556202
352 : -1.7955225417390466
353 : -1.2444502017460763
354 : -1.5309262000955641
355 : -2.137301690876484
356 : -3.2479078210890293
357 : -0.473003598395735
358 : -0.7055463576689363
359 : -0.4742778204381466
360 : -0.595521816983819
361 : -1.8223431631922722
362 : 1.4435690455138683
363 : -2.0854099397547543
364 : -1.059705344028771
365 : 12.017697384115309
366 : -1.6845853924751282
367 : -0.40273833833634853
368 : -2.015170030295849
369 : -6.889177103992552
370 : 1.810886638239026
371 : -0.4268858218565583
372 : -1.854343306273222
373 : 5.993360063061118
374 : -3.1917075738310814
375 : -1.1569981649518013
376 : -1.4441583566367626
377 : -1.2707617704290897
378 : 1.3868605503812432
379 : -1.3524497654289007
380 : -1.2694664900191128
381 : -7.4954719096422195
382 : -3.5543744526803493
383 : -1.8157005216926336
384 : 0.6646417835727334
385 : -3.6705608868505806
386 : -0.023620928172022104
387 : 1.938889775890857
388 : -1.3648680616170168
389 : -1.6213621217757463
390 : 2.224350760690868
391 : -2.229930294677615
392 : 0.001852281391620636
393 : -1.8768097460269928
394 : -3.8113788589835167
395 : -5.035664048511535
396 : -1.5205835532397032
397 : -5.659709606319666
398 : -0.8218751745298505
399 : -0.41749192774295807
400 : -0.8046493623405695
401 : 0.24103663198184222
402 : -0.9020947609096766
403 : -1.8877160558477044
404 : -0.6584429740905762
405 : -1.7271248793695122
406 : -1.3752384022809565
407 : 0.3722524084150791
408 : -2.495076645165682
409 : -0.8761524106375873
410 : -1.4403544794768095
411 : -1.046281217597425
412 : -3.2692089173942804
413 : -1.8151525394059718
414 : -1.3563943952322006
415 : -0.31351248105056584
416 : -2.3504983335733414
417 : -1.2494179606437683
418 : 0.24933710414916277
419 : -0.8395438557490706
420 : -2.1359403701499104
421 : -6.5326534155756235
422 : -7.3555261814035475
423 : 2.615517782047391
424 : -1.717114970088005
425 : -1.4797615194693208
426 : -4.133572213817388
427 : 1.0159114953130484
428 : -0.8075906783342361
!!! updated
429 : -1.9191028294153512
430 : -1.2742866082116961
431 : -0.7575414734892547
432 : -0.77035909332335
433 : -1.8227292746305466
434 : -0.8495713472366333
435 : -1.117488481104374
Setting up 2 worker threads for Enlighten.
  Thread -> id: 7fe499997700 -> priority: 1 
  Thread -> id: 7fe499196700 -> priority: 1 
Traceback (most recent call last):
  File "main.py", line 123, in <module>
    returns = [episode(env, agent, i) for i in range(training_episodes)]
  File "main.py", line 123, in <listcomp>
    returns = [episode(env, agent, i) for i in range(training_episodes)]
  File "main.py", line 30, in episode
    next_state, reward, done, _ = env.step(action.numpy()[0])
  File "/home/j/jensenj/.local/lib/python3.6/site-packages/gym_unity/envs/__init__.py", line 177, in step
    self._env.step()
  File "/home/j/jensenj/.local/lib/python3.6/site-packages/mlagents_envs/timers.py", line 305, in wrapped
    return func(*args, **kwargs)
  File "/home/j/jensenj/.local/lib/python3.6/site-packages/mlagents_envs/environment.py", line 319, in step
    self._update_state(rl_output)
  File "/home/j/jensenj/.local/lib/python3.6/site-packages/mlagents_envs/environment.py", line 275, in _update_state
    agent_info_list, self._env_specs[brain_name]
  File "/home/j/jensenj/.local/lib/python3.6/site-packages/mlagents_envs/timers.py", line 305, in wrapped
    return func(*args, **kwargs)
  File "/home/j/jensenj/.local/lib/python3.6/site-packages/mlagents_envs/rpc_utils.py", line 188, in steps_from_proto
    obs_index, obs_shape, decision_agent_info_list
  File "/home/j/jensenj/.local/lib/python3.6/site-packages/mlagents_envs/timers.py", line 305, in wrapped
    return func(*args, **kwargs)
  File "/home/j/jensenj/.local/lib/python3.6/site-packages/mlagents_envs/rpc_utils.py", line 152, in _process_vector_observation
    _raise_on_nan_and_inf(np_obs, "observations")
  File "/home/j/jensenj/.local/lib/python3.6/site-packages/mlagents_envs/rpc_utils.py", line 130, in _raise_on_nan_and_inf
    raise RuntimeError(f"The {source} provided had NaN values.")
RuntimeError: The observations provided had NaN values.
2020-06-25 12:45:18 INFO [environment.py:418] Environment shut down with return code 0.
