slurmstepd-rhodonit: error: Unable to create TMPDIR [/tmp/user/30108]: Permission denied
slurmstepd-rhodonit: error: Setting TMPDIR to /tmp
Found path: /home/j/jensenj/PycharmProjects/Federer-Jr./src/../crawler_single/linux/dynamic_server/crawler_dynamic.x86_64
Mono path[0] = '/home/j/jensenj/PycharmProjects/Federer-Jr./src/../crawler_single/linux/dynamic_server/crawler_dynamic_Data/Managed'
Mono config path = '/home/j/jensenj/PycharmProjects/Federer-Jr./src/../crawler_single/linux/dynamic_server/crawler_dynamic_Data/MonoBleedingEdge/etc'
Preloaded 'lib_burst_generated.so'
Preloaded 'libgrpc_csharp_ext.x64.so'
Initialize engine version: 2019.3.15f1 (59ff3e03856d)
[Subsystems] Discovering subsystems at path /home/j/jensenj/PycharmProjects/Federer-Jr./src/../crawler_single/linux/dynamic_server/crawler_dynamic_Data/UnitySubsystems
Forcing GfxDevice: Null
GfxDevice: creating device client; threaded=0
NullGfxDevice:
    Version:  NULL 1.0 [1.0]
    Renderer: Null Device
    Vendor:   Unity Technologies
Begin MonoManager ReloadAssembly
- Completed reload, in  0.115 seconds
WARNING: Shader Unsupported: 'Autodesk Interactive' - All passes removed
WARNING: Shader Did you use #pragma only_renderers and omit this platform?
UnloadTime: 0.398400 ms
Fallback handler could not load library /home/j/jensenj/PycharmProjects/Federer-Jr./src/../crawler_single/linux/dynamic_server/crawler_dynamic_Data/Mono/libcoreclr.so
Fallback handler could not load library /home/j/jensenj/PycharmProjects/Federer-Jr./src/../crawler_single/linux/dynamic_server/crawler_dynamic_Data/Mono/libcoreclr.so
Fallback handler could not load library /home/j/jensenj/PycharmProjects/Federer-Jr./src/../crawler_single/linux/dynamic_server/crawler_dynamic_Data/Mono/libcoreclr.so
Fallback handler could not load library /home/j/jensenj/PycharmProjects/Federer-Jr./src/../crawler_single/linux/dynamic_server/crawler_dynamic_Data/Mono/libSystem.dylib
Fallback handler could not load library /home/j/jensenj/PycharmProjects/Federer-Jr./src/../crawler_single/linux/dynamic_server/crawler_dynamic_Data/Mono/libSystem.dylib.so
Fallback handler could not load library /home/j/jensenj/PycharmProjects/Federer-Jr./src/../crawler_single/linux/dynamic_server/crawler_dynamic_Data/Mono/libSystem.dylib
Fallback handler could not load library /home/j/jensenj/PycharmProjects/Federer-Jr./src/../crawler_single/linux/dynamic_server/crawler_dynamic_Data/Mono/libcoreclr.so
Fallback handler could not load library /home/j/jensenj/PycharmProjects/Federer-Jr./src/../crawler_single/linux/dynamic_server/crawler_dynamic_Data/Mono/libcoreclr.so
Fallback handler could not load library /home/j/jensenj/PycharmProjects/Federer-Jr./src/../crawler_single/linux/dynamic_server/crawler_dynamic_Data/Mono/libcoreclr.so
Fallback handler could not load library /home/j/jensenj/PycharmProjects/Federer-Jr./src/../crawler_single/linux/dynamic_server/crawler_dynamic_Data/Mono/libSystem.dylib
Fallback handler could not load library /home/j/jensenj/PycharmProjects/Federer-Jr./src/../crawler_single/linux/dynamic_server/crawler_dynamic_Data/Mono/libSystem.dylib.so
Fallback handler could not load library /home/j/jensenj/PycharmProjects/Federer-Jr./src/../crawler_single/linux/dynamic_server/crawler_dynamic_Data/Mono/libSystem.dylib
/home/j/jensenj/.local/lib/python3.6/site-packages/tensorboard/compat/tensorflow_stub/dtypes.py:541: FutureWarning: Passing (type, 1) or '1type' as a synonym of type is deprecated; in a future version of numpy, it will be understood as (type, (1,)) / '(1,)type'.
  _np_qint8 = np.dtype([("qint8", np.int8, 1)])
/home/j/jensenj/.local/lib/python3.6/site-packages/tensorboard/compat/tensorflow_stub/dtypes.py:542: FutureWarning: Passing (type, 1) or '1type' as a synonym of type is deprecated; in a future version of numpy, it will be understood as (type, (1,)) / '(1,)type'.
  _np_quint8 = np.dtype([("quint8", np.uint8, 1)])
/home/j/jensenj/.local/lib/python3.6/site-packages/tensorboard/compat/tensorflow_stub/dtypes.py:543: FutureWarning: Passing (type, 1) or '1type' as a synonym of type is deprecated; in a future version of numpy, it will be understood as (type, (1,)) / '(1,)type'.
  _np_qint16 = np.dtype([("qint16", np.int16, 1)])
/home/j/jensenj/.local/lib/python3.6/site-packages/tensorboard/compat/tensorflow_stub/dtypes.py:544: FutureWarning: Passing (type, 1) or '1type' as a synonym of type is deprecated; in a future version of numpy, it will be understood as (type, (1,)) / '(1,)type'.
  _np_quint16 = np.dtype([("quint16", np.uint16, 1)])
/home/j/jensenj/.local/lib/python3.6/site-packages/tensorboard/compat/tensorflow_stub/dtypes.py:545: FutureWarning: Passing (type, 1) or '1type' as a synonym of type is deprecated; in a future version of numpy, it will be understood as (type, (1,)) / '(1,)type'.
  _np_qint32 = np.dtype([("qint32", np.int32, 1)])
/home/j/jensenj/.local/lib/python3.6/site-packages/tensorboard/compat/tensorflow_stub/dtypes.py:550: FutureWarning: Passing (type, 1) or '1type' as a synonym of type is deprecated; in a future version of numpy, it will be understood as (type, (1,)) / '(1,)type'.
  np_resource = np.dtype([("resource", np.ubyte, 1)])
2020-06-25 12:01:21 INFO [environment.py:108] Connected to Unity environment with package version 1.0.2 and communication version 1.0.0
2020-06-25 12:01:21 INFO [environment.py:265] Connected new brain:
CrawlerDynamic?team=0
2020-06-25 12:01:21 WARNING [__init__.py:92] The environment contains multiple observations. You must define allow_multiple_obs=True to receive them all. Otherwise, only the first visual observation (or vector observation ifthere are no visual observations) will be provided in the observation.
/home/j/jensenj/.local/lib/python3.6/site-packages/gym/logger.py:30: UserWarning: [33mWARN: Box bound precision lowered by casting to float32[0m
  warnings.warn(colorize('%s: %s'%('WARN', msg % args), 'yellow'))
update_time_steps: 4096 , ppo_epochs: 2 , beta:  0.01 , gamma 0.9
0 : -1.5138485189527273
1 : -0.685916050337255
2 : -0.5357978260144591
3 : -0.36943737836554646
4 : -0.8968374114483595
5 : -0.04877050081267953
6 : -1.0829837433993816
7 : -0.6560206511057913
8 : -1.6317623322829604
9 : -0.6900585673283786
10 : -1.2224298659712076
11 : -0.8092107907868922
12 : -1.3584048189222813
13 : -2.422693352214992
14 : -1.4032652854220942
15 : 0.5737996380776167
16 : -1.9240959472954273
17 : -0.35719536803662777
18 : -1.691163475625217
19 : -1.269706841558218
20 : -0.93288395088166
21 : 0.7480816207826138
22 : -1.3870065603405237
23 : -1.3252611397765577
24 : -1.8633632296696305
25 : -1.0210146415047348
26 : 0.44853631407022476
27 : 4.025414235889912
28 : -1.1190791251137853
29 : 1.4778806655667722
30 : -2.4509608186781406
31 : -1.3404716874938458
32 : -1.2015436701476574
33 : -1.7787063401192427
34 : -0.9609095989726484
35 : -1.468411734327674
36 : -3.3752610781230032
37 : -1.9202748835086823
38 : -2.0150623582303524
39 : -1.2660100320354104
40 : -0.7559896074235439
41 : -1.4557512532919645
42 : -1.2138602240011096
43 : -1.8423157930374146
44 : -0.731987714767456
45 : -1.22905242908746
46 : -1.6127520613372326
47 : -1.1311920089647174
48 : -0.5545754823833704
49 : -1.0390455788001418
50 : -0.6819923883304
51 : 2.808388961479068
52 : -0.7873632442206144
53 : -1.4573372174054384
54 : -1.9586855610832572
55 : -1.8170502036809921
56 : 2.9536601779982448
57 : -1.5390266925096512
58 : -0.868014520034194
59 : -1.5273355022072792
60 : -1.4122884385287762
61 : 4.148065610788763
62 : -2.1531906477175653
63 : -2.839803632348776
64 : -0.9177483441308141
65 : -1.3386055044829845
66 : -1.3551884260959923
67 : -1.2992199249565601
68 : -0.9210797026753426
69 : -1.6540436036884785
70 : -2.212105168029666
71 : -1.420232305303216
72 : -2.4482910512015224
73 : -0.8302291561849415
74 : 1.5793676860630512
75 : 0.3260208675637841
76 : -1.1142230667173862
77 : -0.903193173580803
78 : -1.5569845135323703
79 : -0.7872855439782143
80 : -1.3396496390923858
81 : -1.1048838696442544
82 : 0.18256364483386278
83 : -4.491309675388038
84 : -1.2428901523235254
85 : 0.034119274001568556
86 : -0.38697034819051623
87 : -1.1772329807281494
88 : -1.1584268289152533
89 : -1.4821274031419307
90 : -0.09987107198685408
91 : -1.789266785606742
92 : -1.3252510111778975
93 : -0.7797404080629349
94 : 1.0557742407545447
95 : -1.1816150499507785
96 : -2.9894168749451637
97 : -1.9051341600716114
98 : -0.6990829110145569
99 : -1.565935391932726
100 : -3.008465815335512
101 : -1.877470061648637
102 : 2.3760885348310694
103 : -1.5162666123360395
104 : -1.0760652348399162
105 : -1.228036887012422
106 : -1.7211016397923231
107 : -1.4932644055224955
108 : -1.1151411775499582
109 : -1.0786782917566597
110 : -0.8889267393387854
111 : -0.31024946831166744
112 : -1.1061553694307804
113 : -0.8400948725175112
114 : -1.720530241727829
115 : -3.72096589487046
116 : -1.5811813063919544
117 : -1.389929112046957
118 : -0.2511298730969429
119 : -1.472804474644363
120 : -1.1345337904058397
121 : -1.2916601486504078
122 : -1.275665782392025
123 : -1.595746728591621
124 : -1.3976425975561142
125 : -2.4156445898115635
126 : -1.6847497336566448
127 : -3.4298989474773407
128 : -1.6074696965515614
129 : -2.0361187160015106
130 : 0.105506032705307
131 : -0.7240296807140112
132 : -1.4816099926829338
133 : 2.6478416975587606
134 : -1.679271150380373
135 : -0.7789207603782415
136 : -3.9368079267442226
137 : -1.6924010887742043
138 : -0.8049006955698133
139 : -1.0350600806996226
140 : -0.6390892285853624
141 : -0.8500264398753643
142 : -1.5258113509044051
143 : -1.7352808322757483
144 : -0.8716023676097393
145 : -1.5668868236243725
146 : 0.004583530710078776
147 : -1.2500805296003819
148 : -0.8891992494463921
149 : -2.8629749044775963
150 : -1.152009996585548
151 : -3.98743758816272
152 : -0.8503941930830479
153 : -1.3377597210928798
154 : -1.6261099427938461
155 : -1.5095779388211668
156 : -1.4566625070292503
157 : 0.4335751816397533
158 : -1.2270798119716346
159 : -1.8218670692294836
160 : -0.6051495308056474
161 : -0.8812454175204039
162 : 1.813246103003621
163 : -1.4510335102677345
164 : -2.286155908834189
165 : -1.2099102875217795
166 : 9.772864060476422
167 : -1.7798834405839443
168 : -1.420395664870739
169 : -0.9373248126357794
170 : -1.4616813111351803
171 : -2.015109211206436
172 : 0.7685093623585999
173 : -0.04281787248328328
174 : -1.2187783485278487
175 : -1.2785005802288651
176 : -1.5027032964862883
177 : -1.070120737189427
178 : -9.114336865022779
179 : -0.6423385664820671
180 : -0.9129757136106491
181 : -1.0721602148842067
182 : 2.147014760412276
183 : -1.4935157420113683
184 : -1.6422995571047068
185 : -0.6474891554098576
186 : -1.6302281459793448
187 : -0.9167339885607362
188 : 3.253091311547905
189 : -1.5360833099111915
190 : -2.4661853834986687
191 : -1.2214679480530322
192 : -1.6664425991475582
193 : 0.8059472786262631
194 : -1.525462911464274
195 : -0.8326991507783532
196 : -1.8422889187932014
197 : -0.8470995503012091
198 : -0.9341956130228937
199 : -0.413225818076171
200 : -1.4578821202740073
201 : -0.7441301504150033
202 : -2.356196580454707
203 : -0.9464219762012362
204 : -3.3350543500855565
205 : -1.093857056926936
206 : -1.0045532546937466
207 : -1.5416707755066454
208 : -0.9914116677828133
209 : -1.8524760976433754
210 : -1.2373838862404227
211 : 0.08588920719921589
212 : -1.1806242540478706
213 : -1.8743589939549565
214 : -1.177926967618987
215 : -1.340232745744288
216 : -2.0042011085897684
217 : -0.6811739765107632
218 : -1.3834499372169375
219 : -1.3346271666232497
220 : -1.3352047819644213
221 : -1.572485042968765
222 : -1.1180433195549995
223 : -2.2588143697939813
224 : -0.873451380059123
225 : -1.318829320371151
226 : -1.1763395257294178
227 : -1.3586082810070366
228 : 0.8869138192385435
229 : -1.7474867664277554
230 : -1.470578908920288
231 : -1.1371366614475846
232 : -1.1611349964514375
233 : -2.4360807184129953
234 : -0.8753887945786119
235 : -1.9410637118853629
236 : -1.5051008947193623
237 : -6.832519676536322
238 : -1.5436991965398192
239 : -0.07250676327385008
240 : -1.1209072498604655
241 : -1.2902700584381819
242 : -1.490871372167021
243 : -0.9169666478410363
244 : -1.5142686488106847
245 : -2.603286397177726
246 : -1.2528711161576211
247 : -0.3893675496801734
248 : -1.1907117683440447
249 : -2.661770176142454
250 : -1.8435098677873611
251 : -1.5356087796390057
252 : -1.500683336518705
253 : -1.5764903910458088
254 : -1.303830061107874
255 : -1.326136832125485
256 : -0.61692806892097
257 : -1.3916971287690103
258 : -0.7398720497731119
259 : -1.2024865651037544
260 : 1.1471403259783983
261 : -0.6315180072560906
262 : 1.2255205996334553
263 : -1.4550836882553995
264 : -1.2278141109272838
265 : 3.398257739841938
266 : -1.466431364417076
267 : -1.899838276207447
268 : -1.1122537609189749
269 : -1.7835488356649876
270 : -2.171720890328288
271 : -1.488231498748064
!!! updated
272 : -3.684837013017386
273 : -0.9324585697613657
274 : -0.8273538164794445
275 : -0.9205942661501467
276 : -1.4496059715747833
277 : -1.0677973669953644
278 : -0.8480445966124535
279 : -1.5659754425287247
280 : -0.7574539696797729
281 : -1.3300641560927033
282 : -1.593714751303196
283 : -1.2213444020599127
284 : -1.4456712752580643
285 : -2.1839075684547424
Setting up 6 worker threads for Enlighten.
  Thread -> id: 7fcd65598700 -> priority: 1 
  Thread -> id: 7fcd64d97700 -> priority: 1 
  Thread -> id: 7fcd64596700 -> priority: 1 
  Thread -> id: 7fcd63d95700 -> priority: 1 
  Thread -> id: 7fcd63594700 -> priority: 1 
  Thread -> id: 7fcd62d93700 -> priority: 1 
Traceback (most recent call last):
  File "main.py", line 123, in <module>
    returns = [episode(env, agent, i) for i in range(training_episodes)]
  File "main.py", line 123, in <listcomp>
    returns = [episode(env, agent, i) for i in range(training_episodes)]
  File "main.py", line 30, in episode
    next_state, reward, done, _ = env.step(action.numpy()[0])
  File "/home/j/jensenj/.local/lib/python3.6/site-packages/gym_unity/envs/__init__.py", line 177, in step
    self._env.step()
  File "/home/j/jensenj/.local/lib/python3.6/site-packages/mlagents_envs/timers.py", line 305, in wrapped
    return func(*args, **kwargs)
  File "/home/j/jensenj/.local/lib/python3.6/site-packages/mlagents_envs/environment.py", line 319, in step
    self._update_state(rl_output)
  File "/home/j/jensenj/.local/lib/python3.6/site-packages/mlagents_envs/environment.py", line 275, in _update_state
    agent_info_list, self._env_specs[brain_name]
  File "/home/j/jensenj/.local/lib/python3.6/site-packages/mlagents_envs/timers.py", line 305, in wrapped
    return func(*args, **kwargs)
  File "/home/j/jensenj/.local/lib/python3.6/site-packages/mlagents_envs/rpc_utils.py", line 188, in steps_from_proto
    obs_index, obs_shape, decision_agent_info_list
  File "/home/j/jensenj/.local/lib/python3.6/site-packages/mlagents_envs/timers.py", line 305, in wrapped
    return func(*args, **kwargs)
  File "/home/j/jensenj/.local/lib/python3.6/site-packages/mlagents_envs/rpc_utils.py", line 152, in _process_vector_observation
    _raise_on_nan_and_inf(np_obs, "observations")
  File "/home/j/jensenj/.local/lib/python3.6/site-packages/mlagents_envs/rpc_utils.py", line 132, in _raise_on_nan_and_inf
    raise RuntimeError(f"The {source} provided had Infinite values.")
RuntimeError: The observations provided had Infinite values.
2020-06-25 12:06:05 INFO [environment.py:418] Environment shut down with return code 0.
