slurmstepd-felchbach: error: Unable to create TMPDIR [/tmp/user/30108]: Permission denied
slurmstepd-felchbach: error: Setting TMPDIR to /tmp
Found path: /home/j/jensenj/PycharmProjects/Federer-Jr./src/../crawler_single/linux/dynamic_server/crawler_dynamic.x86_64
Mono path[0] = '/home/j/jensenj/PycharmProjects/Federer-Jr./src/../crawler_single/linux/dynamic_server/crawler_dynamic_Data/Managed'
Mono config path = '/home/j/jensenj/PycharmProjects/Federer-Jr./src/../crawler_single/linux/dynamic_server/crawler_dynamic_Data/MonoBleedingEdge/etc'
Preloaded 'lib_burst_generated.so'
Preloaded 'libgrpc_csharp_ext.x64.so'
Initialize engine version: 2019.3.15f1 (59ff3e03856d)
[Subsystems] Discovering subsystems at path /home/j/jensenj/PycharmProjects/Federer-Jr./src/../crawler_single/linux/dynamic_server/crawler_dynamic_Data/UnitySubsystems
Forcing GfxDevice: Null
GfxDevice: creating device client; threaded=0
NullGfxDevice:
    Version:  NULL 1.0 [1.0]
    Renderer: Null Device
    Vendor:   Unity Technologies
Begin MonoManager ReloadAssembly
- Completed reload, in  0.099 seconds
WARNING: Shader Unsupported: 'Autodesk Interactive' - All passes removed
WARNING: Shader Did you use #pragma only_renderers and omit this platform?
UnloadTime: 0.386466 ms
Fallback handler could not load library /home/j/jensenj/PycharmProjects/Federer-Jr./src/../crawler_single/linux/dynamic_server/crawler_dynamic_Data/Mono/libcoreclr.so
Fallback handler could not load library /home/j/jensenj/PycharmProjects/Federer-Jr./src/../crawler_single/linux/dynamic_server/crawler_dynamic_Data/Mono/libcoreclr.so
Fallback handler could not load library /home/j/jensenj/PycharmProjects/Federer-Jr./src/../crawler_single/linux/dynamic_server/crawler_dynamic_Data/Mono/libcoreclr.so
Fallback handler could not load library /home/j/jensenj/PycharmProjects/Federer-Jr./src/../crawler_single/linux/dynamic_server/crawler_dynamic_Data/Mono/libSystem.dylib
Fallback handler could not load library /home/j/jensenj/PycharmProjects/Federer-Jr./src/../crawler_single/linux/dynamic_server/crawler_dynamic_Data/Mono/libSystem.dylib.so
Fallback handler could not load library /home/j/jensenj/PycharmProjects/Federer-Jr./src/../crawler_single/linux/dynamic_server/crawler_dynamic_Data/Mono/libSystem.dylib
Fallback handler could not load library /home/j/jensenj/PycharmProjects/Federer-Jr./src/../crawler_single/linux/dynamic_server/crawler_dynamic_Data/Mono/libcoreclr.so
Fallback handler could not load library /home/j/jensenj/PycharmProjects/Federer-Jr./src/../crawler_single/linux/dynamic_server/crawler_dynamic_Data/Mono/libcoreclr.so
Fallback handler could not load library /home/j/jensenj/PycharmProjects/Federer-Jr./src/../crawler_single/linux/dynamic_server/crawler_dynamic_Data/Mono/libcoreclr.so
Fallback handler could not load library /home/j/jensenj/PycharmProjects/Federer-Jr./src/../crawler_single/linux/dynamic_server/crawler_dynamic_Data/Mono/libSystem.dylib
Fallback handler could not load library /home/j/jensenj/PycharmProjects/Federer-Jr./src/../crawler_single/linux/dynamic_server/crawler_dynamic_Data/Mono/libSystem.dylib.so
Fallback handler could not load library /home/j/jensenj/PycharmProjects/Federer-Jr./src/../crawler_single/linux/dynamic_server/crawler_dynamic_Data/Mono/libSystem.dylib
/home/j/jensenj/.local/lib/python3.6/site-packages/tensorboard/compat/tensorflow_stub/dtypes.py:541: FutureWarning: Passing (type, 1) or '1type' as a synonym of type is deprecated; in a future version of numpy, it will be understood as (type, (1,)) / '(1,)type'.
  _np_qint8 = np.dtype([("qint8", np.int8, 1)])
/home/j/jensenj/.local/lib/python3.6/site-packages/tensorboard/compat/tensorflow_stub/dtypes.py:542: FutureWarning: Passing (type, 1) or '1type' as a synonym of type is deprecated; in a future version of numpy, it will be understood as (type, (1,)) / '(1,)type'.
  _np_quint8 = np.dtype([("quint8", np.uint8, 1)])
/home/j/jensenj/.local/lib/python3.6/site-packages/tensorboard/compat/tensorflow_stub/dtypes.py:543: FutureWarning: Passing (type, 1) or '1type' as a synonym of type is deprecated; in a future version of numpy, it will be understood as (type, (1,)) / '(1,)type'.
  _np_qint16 = np.dtype([("qint16", np.int16, 1)])
/home/j/jensenj/.local/lib/python3.6/site-packages/tensorboard/compat/tensorflow_stub/dtypes.py:544: FutureWarning: Passing (type, 1) or '1type' as a synonym of type is deprecated; in a future version of numpy, it will be understood as (type, (1,)) / '(1,)type'.
  _np_quint16 = np.dtype([("quint16", np.uint16, 1)])
/home/j/jensenj/.local/lib/python3.6/site-packages/tensorboard/compat/tensorflow_stub/dtypes.py:545: FutureWarning: Passing (type, 1) or '1type' as a synonym of type is deprecated; in a future version of numpy, it will be understood as (type, (1,)) / '(1,)type'.
  _np_qint32 = np.dtype([("qint32", np.int32, 1)])
/home/j/jensenj/.local/lib/python3.6/site-packages/tensorboard/compat/tensorflow_stub/dtypes.py:550: FutureWarning: Passing (type, 1) or '1type' as a synonym of type is deprecated; in a future version of numpy, it will be understood as (type, (1,)) / '(1,)type'.
  np_resource = np.dtype([("resource", np.ubyte, 1)])
2020-06-25 12:41:21 INFO [environment.py:108] Connected to Unity environment with package version 1.0.2 and communication version 1.0.0
2020-06-25 12:41:21 INFO [environment.py:265] Connected new brain:
CrawlerDynamic?team=0
2020-06-25 12:41:21 WARNING [__init__.py:92] The environment contains multiple observations. You must define allow_multiple_obs=True to receive them all. Otherwise, only the first visual observation (or vector observation ifthere are no visual observations) will be provided in the observation.
update_time_steps: 10240 , ppo_epochs: 32 , beta:  0.001 , gamma 0.9
0 : 0.46340622659772635
1 : -1.5403683432377875
2 : 2.0337939066812396
3 : -1.5289448671974242
4 : -0.9130167486146092
5 : -0.24993210658431053
6 : -1.0211959285661578
7 : -0.8828756231814623
8 : -2.619472064077854
9 : -1.5168582126498222
10 : 1.7992694349959493
11 : -1.8296130473027006
12 : -1.4701734031550586
13 : -1.3323412456084043
14 : 3.3381201359443367
15 : -1.4134474315214902
16 : -1.7629015822894871
17 : 2.0524987801909447
18 : -0.32399924914352596
19 : -10.025446921819821
20 : -1.2776235803030431
21 : -1.2112904200330377
22 : -1.2763014379888773
23 : -1.2049370263703167
24 : -0.881290604127571
25 : -1.2061958806589246
26 : 4.459660574328154
27 : -1.3080642390996218
28 : -4.471208521164954
29 : -0.9471816651057452
30 : -1.4929711818695068
31 : -1.272019226104021
32 : -9.36527256667614
33 : -1.1518451636657119
34 : -1.0730418395251036
35 : -1.244983384385705
36 : -6.021386120701209
37 : -1.10764876101166
38 : -1.4489910355769098
39 : -3.8943527098745108
40 : -1.9068132650572807
41 : -0.2583780996501446
42 : 3.2111864974722266
43 : 17.361044290009886
44 : -1.4668004190316424
45 : -1.3094961568713188
46 : -1.3842828385531902
47 : -10.874125422677025
48 : -4.871205000090413
49 : -2.249988422729075
50 : -5.12802813318558
51 : -8.36576284840703
52 : -0.6176868700422347
53 : 2.5551694529131055
54 : 1.1507577430456877
55 : 0.6696473122574389
56 : 1.3849278967827559
57 : 6.249374764971435
58 : 0.19681555591523647
59 : -1.0805625086650252
60 : 0.049177147913724184
61 : -1.383720594458282
62 : -3.463133811019361
63 : -1.9139049910008907
64 : -1.555853569880128
65 : -0.2765373373404145
66 : -0.804475518874824
67 : -2.3014622405171394
68 : -0.9392433851025999
69 : -1.0229305513203144
70 : -3.8821997437626123
71 : -0.7680395450443029
72 : -4.439173587597907
73 : -1.198716539889574
74 : -1.145758762024343
75 : -0.7190998867154121
76 : -0.8440322568640113
77 : -2.224552699830383
78 : -1.874926888383925
79 : -8.569913494866341
80 : -1.1794883105903864
81 : -7.0238625183701515
82 : -3.230085711926222
83 : 3.374630024190992
84 : -2.519758767914027
85 : 5.123140271985903
86 : -4.236436513252556
87 : -1.7650201693177223
88 : -1.330287459306419
89 : -1.3216966795735061
90 : -0.2488021608442068
91 : -0.39757040143013
92 : -1.6950838044285774
93 : -3.745832555927336
94 : -5.403387483209372
95 : -1.397465042769909
96 : -0.9049093718640506
97 : -0.4894472109153867
98 : -0.5733179124072194
99 : -0.017617790028452873
100 : -2.8340734359808266
101 : 6.0071128671988845
102 : -10.454643118660897
103 : 1.278170534875244
104 : -1.942418317310512
105 : -0.7009165268391371
106 : -6.377957248128951
107 : -0.9050190874841064
108 : -1.0141602484509349
109 : -0.8433512351475656
110 : -3.866919328458607
111 : -0.4949379600584507
112 : -1.2433199062943459
113 : 4.19965098798275
114 : -2.3213419581297785
115 : -0.8796567666577175
116 : -0.8861671513877809
117 : 1.3170932424254715
118 : -0.802088825032115
119 : -1.5821283897385001
120 : 2.2525466261431575
121 : -1.0572923270519823
122 : -1.938385820016265
123 : -8.32929603708908
124 : -1.4635593760758638
125 : -0.903205995913595
126 : -3.5325350034981966
127 : 0.9508393714204431
128 : -6.717297077178955
129 : -2.8725852966308594
130 : -4.1181232943199575
131 : 2.182323893532157
132 : 0.728394334204495
133 : -9.878310845699161
134 : -1.6038042288273573
135 : -1.7247644246090204
136 : -2.214608776383102
137 : -0.7015570988878608
138 : 3.757715464103967
139 : 0.13773032510653138
140 : -2.3734502531588078
141 : -1.8159503801725805
142 : -0.9290810647653416
143 : -1.2800114685669541
144 : -0.1311156116425991
145 : -8.10782563732937
146 : 0.3482759203761816
147 : -6.996944581158459
148 : -0.4445454450324178
149 : 1.0432116887532175
150 : -0.7244150079786777
151 : -2.921702555846423
152 : -0.7951068347319961
153 : -1.6122293174266815
154 : 0.21901672426611185
155 : -2.919426550157368
156 : 2.0007982859387994
157 : -2.5512876380234957
158 : -0.8748965971171856
159 : -10.484873371664435
160 : -1.6238160021603107
161 : -1.255747886840254
162 : -0.5327672152779996
163 : -0.9686168730258942
164 : -1.250877806916833
165 : -1.6136424578726292
166 : 1.652416960336268
167 : -3.128904163837433
168 : 0.5158218955621123
169 : 6.042555013205856
170 : -1.246850922703743
171 : -6.130161482840776
172 : -1.295688986312598
173 : -4.904717887286097
174 : -3.617365080397576
175 : -1.6626056656241417
176 : -1.9875116730108857
177 : -0.7948331800289452
178 : 1.7418907694518566
179 : -2.8267682688310742
180 : -0.5185560006648302
181 : -1.5345357586629689
182 : -0.9054416604340076
183 : -0.5225000567734241
184 : -0.8186514060944319
185 : 6.454646247439086
186 : -0.5345845697447658
187 : 26.117426549084485
188 : -1.6180070247501135
189 : 2.276503430213779
190 : -2.4337274795398116
191 : 2.902430973947048
192 : -2.8890497176907957
193 : -3.149856879375875
194 : -1.167753268033266
195 : 0.8527227304875851
196 : -2.315521340817213
197 : -1.3215236216783524
198 : -1.024248719215393
199 : 2.6365924128331244
200 : 3.082262443844229
201 : -1.275177612900734
202 : -1.379344217479229
203 : -0.40380381466820836
204 : -0.844932806212455
205 : -0.36698308354243636
206 : -1.4872273541986942
207 : -0.8697610562667251
208 : 2.4215536005795
209 : 1.0636131670325994
210 : -2.9802164137363434
211 : 5.857881533913314
212 : -5.320864568231627
213 : -1.3582477178424597
214 : -4.557668074034154
215 : 5.280452759005129
216 : -1.2253517135977745
217 : 1.407662970945239
218 : -2.164700597524643
219 : -0.9493320011533797
220 : -0.9358386450912803
221 : -1.5373630702961236
222 : -1.3594781374558806
223 : 9.931873633759096
224 : -1.058289778418839
225 : -0.7291231593117118
226 : -1.1580833088373765
227 : -1.2977119765419047
228 : -1.0141866533085704
229 : -1.1636885274201632
230 : -1.4505591467022896
231 : -0.9468447612598538
232 : -1.6831641444005072
233 : -1.607439181767404
234 : 16.0001061251387
235 : -1.5192647092044353
236 : 0.28559047263115644
237 : -2.671645114198327
238 : -1.7276658285409212
239 : -0.100036536809057
240 : 4.912697737105191
241 : -0.5573489814996719
242 : 3.9806815832853317
243 : -2.289343220181763
244 : -1.5245224302634597
245 : -0.3566984450444579
246 : -0.7221784656867385
247 : -1.0317396968603134
248 : -1.3217392461374402
249 : 14.560961592535023
250 : 4.52953736577183
251 : 0.8206297855358571
252 : -2.8329172446392477
253 : -16.482368865050375
254 : -3.546717409044504
255 : -1.616718364879489
256 : -4.8576833312399685
257 : -1.038433772046119
258 : -1.0992187133524567
259 : 1.1977268983609974
260 : -1.8352052494883537
261 : 3.055661908816546
262 : 4.405190573539585
263 : -3.0840415377169847
264 : -0.49212525971233845
265 : 8.288701373152435
266 : -1.7049500346183777
267 : -1.8788205701857805
268 : 1.1997562507167459
269 : -0.9000670262612402
270 : -0.9370407024398446
271 : 0.529961165972054
272 : 7.878853245638311
273 : -2.083713021595031
274 : -8.458662111312151
275 : -1.5823164451867342
276 : -0.676835990510881
277 : -2.5407902328297496
278 : -0.36252118833363056
279 : -1.7130832560360432
280 : -0.5968693625181913
281 : -7.573360237292945
282 : -2.138864387758076
283 : 0.5897739580832422
284 : -6.773597786203027
285 : -2.1687285182997584
286 : 4.335437573492527
287 : -1.1019874238409102
288 : -1.88316370267421
289 : -0.8251377171836793
290 : -4.628273932496086
291 : -2.2754903826862574
292 : -1.113944589626044
293 : -2.9580963356420398
294 : -3.796829129103571
295 : 1.4902052688412368
296 : -6.385067543946207
297 : 2.462959037628025
298 : -2.0482608005404472
299 : -0.8041404294781387
300 : -3.405281091108918
301 : -3.45199316740036
302 : 0.06362082902342081
303 : -1.192060514818877
304 : -2.9918716456741095
305 : 1.7954359028954059
306 : -15.046558559173718
307 : -1.767180670518428
308 : -4.929269126616418
309 : -1.5941821980522946
310 : -1.5657243365421891
311 : -1.1961726089939475
312 : 0.1916516162455082
313 : -2.1115579456090927
314 : -1.152689159847796
315 : -1.767510812729597
316 : 7.23115118779242
317 : -5.051514964085072
318 : -2.598388323560357
319 : -0.7961366311646998
320 : 2.192302934010513
321 : 0.6354229897260666
322 : -2.641428144648671
323 : 4.160960875451565
324 : -1.541895049624145
325 : -0.6847792528569698
326 : -1.8880831580609083
327 : 0.97737439814955
328 : 14.409002440050244
329 : -1.8833070597611368
330 : -0.2221464782487601
331 : -4.5911775985732675
332 : -3.9003573628142476
333 : 0.820503668859601
334 : 11.228714567609131
335 : -1.1722656451165676
336 : -7.869219742715359
337 : -2.3590919971466064
338 : -0.9508231235668063
339 : 0.21764768846333027
340 : -1.9753680899739265
341 : -0.9022472091019154
342 : -3.656622026115656
343 : -1.8039932623505592
344 : 6.569483601022512
345 : -2.580250073224306
!!! updated
346 : -1.0977315134368837
347 : -1.3686351543292403
348 : -1.4087049677036703
349 : -1.792225420475006
350 : -0.02967312466353178
351 : -1.4230384891852736
352 : -1.2272589392960072
353 : -1.4076582794077694
354 : -1.1216716095805168
355 : -0.923119000159204
356 : -0.9328816868364811
357 : -1.0978958047926426
358 : -1.0495404819957912
359 : -1.5037202117964625
360 : -0.750279450789094
361 : -1.1164085743948817
362 : -1.4624582342803478
363 : -1.3776045236736536
364 : -1.370542973279953
365 : -1.485571600496769
366 : -1.340552568784915
367 : -1.326889696996659
368 : 0.5493618603795767
369 : -1.24426902923733
370 : -0.964524113573134
371 : -1.3424767476972193
372 : -1.3321568761020899
373 : -1.1319199176505208
374 : -1.8390623973682523
375 : -1.025300981476903
376 : -0.5966966589912772
377 : -0.27891790121793747
378 : -0.6852411041036248
379 : -0.04933488601818681
380 : -2.1629109233617783
381 : -1.4453144231811166
382 : -1.0336604891344905
383 : -0.7690805643796921
384 : -2.128618597984314
385 : -1.5864201784133911
386 : -1.6221297959564254
387 : -2.213183364830911
388 : -1.1213076021522284
389 : -0.6584334368817508
390 : -1.5027007721364498
391 : -1.1403458546847105
392 : -1.0306492326781154
393 : -1.4997616969048977
394 : -1.6171713378280401
395 : -1.4758334793150425
396 : -1.2729164343327284
397 : -0.9034916101954877
398 : -1.0916074309498072
399 : -0.9938856242224574
400 : -1.3561758678406477
401 : -0.8706302121281624
402 : -1.101183352060616
403 : -3.3462949972599745
404 : 0.7549729999154806
405 : -1.3081519259139895
406 : -1.4227397292852402
407 : -2.1589213609695435
408 : -0.7366209235042334
409 : -2.520060144132003
410 : -0.9089914658106863
411 : -1.2118141520768404
412 : -1.1346626016311347
413 : -1.3628882030025125
414 : -1.2501267464831471
415 : -1.4510133587755263
416 : -1.6570900902152061
417 : -0.9315446615219116
418 : -1.6189575865864754
419 : -1.457750636152923
420 : -14.082649314776063
421 : -1.2051559775136411
422 : -1.4656127355992794
423 : 10.89545926079154
424 : -1.3369263336062431
425 : -0.9588331799022853
426 : -3.102882292121649
427 : 4.95110499067232
428 : -1.405773688107729
429 : -0.9229041049256921
430 : -1.4266128558665514
431 : -1.3610857063904405
432 : -1.2230319920927286
433 : -1.6183294914662838
434 : -0.8239979725331068
435 : -1.5465208441019058
436 : -1.180700607597828
437 : -0.9353545773774385
438 : -1.210122178774327
439 : -1.0186951123178005
440 : -1.032293607480824
441 : -1.4306778721511364
442 : -1.324034247547388
443 : -0.9780653696507215
444 : -1.4645496904850006
445 : -1.0609312201850116
446 : -1.336658127605915
447 : -1.1009216704405844
448 : -1.1934368694201112
449 : 1.6370801930315793
450 : 0.19334149872884154
451 : -1.4218021482229233
452 : -0.6870931903831661
453 : -2.769721487071365
454 : -1.063392742536962
455 : -0.10278970375657082
456 : -1.2490042382851243
457 : -0.9663026402704418
458 : -1.9627853035926819
459 : -0.9210159797221422
460 : -1.4079099136870354
461 : -0.9465284310281277
462 : -1.3949157427996397
463 : -1.590285714250058
464 : -0.8891378240659833
465 : -1.317244351725094
466 : -1.2609866801649332
467 : -1.3166447798721492
468 : -2.1684868037700653
469 : 1.2163643874228
470 : -1.3755845725536346
471 : -1.0738178172614425
472 : -1.4596383376047015
473 : -1.0233481153845787
474 : -1.1480831801891327
475 : -1.5176918506622314
476 : 0.7638255637139082
477 : -1.1046991916373372
478 : -0.06824803538620472
479 : -1.0637625474482775
480 : -1.3633847469463944
481 : -1.299932947382331
482 : -0.7289934288710356
483 : -1.0550128226168454
484 : 6.333996253088117
485 : -1.0623062793165445
486 : -1.374425034970045
487 : -1.599412988871336
488 : -1.2953625991940498
489 : -0.6223969412967563
490 : -0.9911005515605211
491 : -1.2129678670316935
492 : -2.68830784317106
493 : -0.9487191312946379
494 : -0.9292952418327332
495 : -1.3870948367984965
496 : -1.179853904992342
497 : -1.6465165987610817
498 : -7.815446800552309
499 : -1.228834176901728
500 : -1.6284797948319465
501 : -1.4344941955059767
502 : -1.4025523979216814
503 : -0.6026413151994348
504 : -1.1473371628671885
505 : 1.696852351538837
506 : -1.2240411136299372
507 : 1.0253883246332407
508 : -0.9547887500375509
509 : -1.2341645872220397
510 : -1.3860431597568095
511 : -0.7141955159604549
512 : -1.4049636786803603
513 : -1.6762978276237845
514 : -1.42968341242522
515 : -1.1477916901931167
516 : -1.4186784657649696
517 : -0.8870566748082638
518 : -1.9038760103285313
519 : -0.7137487875297666
520 : -2.9402361178363208
521 : -0.09329829551279545
522 : -1.1305110536050051
523 : 0.9916946552693844
524 : -2.3785920292139053
525 : -1.5681150779128075
526 : -1.1705077849328518
527 : -0.5753690889105201
528 : -3.1804486345499754
529 : 2.5059926426038146
530 : -1.634217083454132
531 : -1.2117539858445525
532 : -1.414219538681209
533 : -1.3770668767392635
534 : -0.3955466046463698
535 : -1.4201927557587624
536 : -1.4235710445791483
537 : -1.5668803751468658
538 : -1.2210522834211588
539 : -1.584215123206377
540 : -0.8848019745200872
541 : -1.0833772462792695
542 : -0.709690066287294
543 : -0.7698601456359029
544 : -1.1954218707978725
545 : -1.9642108641564846
546 : -4.3529920326545835
547 : -1.1670737313106656
548 : 1.777980349957943
549 : -1.63522994145751
550 : -1.4087918177247047
551 : -1.5406224094331264
552 : -1.4385703299194574
553 : -1.913339301943779
554 : -1.7148897536098957
555 : -2.180386893451214
556 : -1.2047487311065197
557 : -1.033814369700849
558 : -1.3155586593784392
559 : -0.8681747000664473
560 : -2.113361019641161
561 : -1.4440756309777498
562 : -2.0699094142764807
563 : -3.391475773882121
564 : -2.6187089309096336
565 : -1.411983103491366
566 : -1.1523413825780153
567 : -1.6400410793721676
568 : -1.7538474723696709
569 : -1.0696313618682325
570 : -1.3936712769791484
571 : -0.986532908398658
572 : -1.2918880209326744
573 : -1.4563958896324039
574 : -0.8495558053255081
575 : -2.2348187938332558
576 : -1.150174694135785
577 : 2.3088580574840307
578 : -1.3857391942292452
579 : -1.3545075561851263
580 : -1.4406165285035968
581 : -1.5096158478409052
582 : -1.516952486243099
583 : -0.7147601074539125
584 : -1.5694328770041466
585 : -1.2703380212187767
586 : -1.5562171060591936
587 : -0.3225293532013893
588 : -1.1879093782044947
589 : -0.1543715512380004
590 : -1.4586518164724112
591 : -1.6593407448381186
592 : -0.8718981826677918
593 : -2.8381953984498978
594 : -1.167371072806418
595 : -1.3304172162897885
596 : -0.8786270460113883
597 : -1.5982095198705792
598 : 4.755252895876765
599 : -1.6099603362381458
600 : 2.2567869623890147
601 : -1.550767857581377
602 : -1.0811114348471165
603 : -1.112980481237173
604 : -1.3533154353499413
605 : -1.5017720139585435
606 : 0.30200650729238987
607 : -1.3442070223391056
608 : -1.275821603834629
609 : -1.1116638630628586
610 : -3.859017298091203
611 : -2.6592018380761147
612 : -1.5784982624463737
613 : -0.9059603027999401
614 : -0.8911855474580079
615 : -1.3348136222921312
616 : -0.8926397394388914
617 : -1.7060444576200098
618 : -1.9995889333076775
619 : 2.222065918147564
620 : -1.367410768289119
621 : -0.8229023199528456
622 : -0.9741005124524236
623 : -1.1220547510311007
624 : -1.6332266815006733
625 : -1.6531691774725914
626 : -1.9307569647207856
627 : -0.8047588327899575
628 : -1.3446201037149876
629 : -1.3047486636787653
630 : -6.418194157071412
631 : -1.9817047417163849
632 : -1.3445336585864425
633 : -1.3343017427250743
634 : 1.4484980450943112
635 : -1.4493245468474925
636 : -1.2285530604422092
637 : -1.1072596814483404
638 : -1.3651827275753021
639 : -1.533897808752954
640 : -0.932241756701842
641 : -1.5887147542089224
642 : -0.95253986120224/home/j/jensenj/.local/lib/python3.6/site-packages/gym/logger.py:30: UserWarning: [33mWARN: Box bound precision lowered by casting to float32[0m
  warnings.warn(colorize('%s: %s'%('WARN', msg % args), 'yellow'))

643 : -1.8698607254773378
644 : -1.5526614114642143
645 : -4.400879666209221
646 : -1.0433848490938544
647 : -0.8662927765399218
648 : -1.396267767995596
649 : -0.8984821904450655
650 : -0.998988711507991
651 : -1.429780749604106
652 : -1.2176710641942918
653 : -1.1856396971852519
654 : -1.465398870408535
655 : -1.5357623435556889
656 : -1.239378185942769
657 : -2.3785542459227145
658 : -1.470875982195139
659 : -1.3275579158216715
660 : -1.3771041668951511
661 : -0.9761760476976633
662 : -1.1256072390824556
663 : -1.7380938320420682
664 : -0.6468173624016345
665 : -1.1621162444353104
666 : -1.2242690427228808
667 : -1.3922181180678308
668 : -2.1288458816707134
669 : -1.2900613192468882
670 : -1.0420355200767517
671 : 4.173258511349559
672 : 0.03403676440939307
673 : -1.747759496793151
674 : -0.9652508329600096
675 : -1.6726362314075232
676 : -1.5054112616926432
677 : -0.975254351273179
678 : -1.4044990208931267
679 : -1.4321188856847584
680 : -0.5017713364213705
681 : -1.029275304172188
682 : 0.0896789850667119
683 : 0.7835502214729786
684 : -1.2618346337694675
685 : -1.1911506042815745
686 : -1.0751222488470376
687 : -1.433991891797632
688 : -1.529759120196104
689 : 4.719524968415499
690 : 0.30920645501464605
691 : -2.4349868670105934
692 : -1.525034879334271
693 : -0.9017275171354413
694 : -0.4898168807849288
695 : -1.50856002420187
696 : -1.7338004242628813
697 : -0.44781703874468803
698 : -1.7168201804161072
699 : -1.131227945908904
700 : -1.589387733489275
701 : -1.28352171741426
702 : 0.8356381645426154
703 : -1.7316588051617146
704 : -1.020640842616558
705 : -1.656524147838354
706 : -1.1199815049767494
707 : -1.5167310908436775
708 : -1.1719402372837067
709 : -1.6044018622487783
710 : -1.19277972728014
711 : -0.9954753522761166
712 : -1.4017331134527922
713 : -1.2196655068546534
714 : -0.7996225608512759
715 : -0.9904055553488433
716 : -0.8772744722664356
717 : -1.6521238344721496
718 : -0.770990539342165
719 : -1.4890020247548819
720 : -0.8064999431371689
721 : -1.3011331371963024
722 : -1.9219936057925224
723 : -3.6306905206292868
724 : -0.7083615269511938
725 : -0.3249015659093857
726 : -0.6897001308389008
727 : -1.333210475742817
728 : -1.3678036192432046
729 : -1.3010993730276823
730 : -1.1635675951838493
731 : -0.9277449725195765
732 : -1.106820285320282
733 : -0.8381035719066858
734 : -1.335222871042788
735 : -1.4301305171102285
736 : -0.9908593744039536
737 : -0.022180176805704832
738 : -0.9966979967430234
739 : -1.3798332698643208
740 : -0.8486414095386863
741 : 0.5139778200536966
742 : -1.256280351197347
743 : -3.4741872316226363
744 : -1.6711741425096989
745 : -0.8298658300191164
746 : -0.8902871180325747
747 : -1.407272458076477
748 : -1.5540463784709573
749 : -0.704947566613555
750 : -1.2328665622044355
751 : -0.8164536356925964
752 : -0.41820810455828905
753 : 9.724592426791787
754 : -0.9637696631252766
755 : -1.1432758532464504
756 : -2.073544517159462
757 : -0.8503937674686313
758 : -1.0124286322388798
759 : -0.8840259248390794
760 : -0.9695528319571167
761 : -1.4895642269402742
762 : 0.10556107945740223
763 : -1.049425968900323
764 : -1.3847349537536502
765 : -1.7092416882514954
766 : -0.8541888855397701
767 : -0.9451481779105961
768 : -1.315237783594057
769 : -0.7358090048655868
770 : -1.3947968427091837
771 : -0.9062929865904152
772 : -1.0081121353432536
773 : -6.910582854878157
774 : 1.4725047685205936
775 : -1.6134744007140398
776 : -1.504758533090353
777 : -1.0251948926597834
778 : -0.5789918666705489
779 : -1.1454041535034776
780 : -1.1739265318028629
781 : -0.9168001357465982
782 : -1.6369210151024163
783 : -1.1585963061079383
784 : -1.2900255711283535
785 : -1.6638221330940723
786 : -0.7853426830843091
787 : -1.5707618715241551
788 : -0.7902928837575018
789 : -1.1771693089976907
790 : -1.7958580181002617
791 : -1.28435003105551
792 : -1.573568046092987
793 : -1.661943582817912
794 : -0.7911251410841942
795 : -1.4323028740473092
796 : -0.9062281791120768
797 : -1.321327731013298
798 : 7.18014460336417
799 : -1.4098522458225489
800 : -1.2663838281296194
801 : -2.0932330898940563
802 : -1.4965340485796332
803 : -1.9381566494703293
804 : -1.5388727490790188
805 : -1.8302012234926224
806 : -1.5149507392197847
807 : -0.7811205079779029
808 : -1.8336563911288977
809 : -1.7685604458674788
810 : -1.0437834514304996
811 : -1.4955700221471488
812 : -1.4910972341895103
813 : -1.3292051795870066
814 : -1.628612857311964
815 : 0.3468315890058875
816 : -1.3546650726348162
817 : -0.8936042003333569
818 : -2.9430624186061323
819 : -1.5793777219951153
820 : 13.914938570931554
821 : -1.609043039381504
822 : -1.2604934852570295
823 : -2.8096273243427277
824 : -1.4562996719032526
825 : -1.0560360077070072
826 : 4.197162451222539
827 : -1.5046524992212653
828 : -0.5153904142789543
829 : -1.2894065529108047
830 : -2.1580526027828455
831 : -3.360008828341961
832 : -1.140919616445899
833 : -0.7081389538943768
834 : -0.9777333680540323
835 : -1.0560555066913366
836 : -1.8936962559819221
837 : -1.3103345036506653
838 : -1.728170357644558
839 : -1.7207829183898866
840 : -1.298210633918643
841 : -1.350712139159441
842 : -0.6134362369775772
843 : -1.1199887646362185
844 : -1.4147876910865307
845 : -0.9318445879034698
846 : -1.9670153269544244
847 : -1.2791314795613289
848 : -1.408918322995305
849 : -0.8034441801719368
850 : -0.5508638294413686
851 : -1.6525848777964711
852 : -1.4080237969756126
853 : -1.3818587716668844
854 : -0.7688521915115416
855 : -1.5207375213503838
856 : -1.3779714237898588
857 : -0.9584423396736383
858 : -1.1062997383996844
859 : -2.2912402898073196
860 : -1.2066952367313206
861 : 1.3564244816079736
862 : -1.4186484671663493
863 : -1.173150585964322
864 : -1.7414957955479622
865 : -1.5241742879152298
866 : -1.2823364473879337
867 : -1.3157097450457513
868 : -0.9894234244711697
869 : -1.5209746900945902
870 : -1.3071820941986516
871 : -1.1656823214143515
872 : -1.0816514648031443
873 : -1.5502861570566893
874 : 2.753830138593912
875 : -1.4390450902283192
876 : -3.2676789429970086
877 : -1.3212931002490222
878 : -1.4313093032687902
879 : -1.209003905300051
880 : -1.5075105233117938
881 : 1.1706302417442203
882 : -1.234453385695815
883 : -1.5987203903496265
884 : -1.8683131746947765
885 : -1.3594821621663868
886 : -1.0197555674239993
887 : -1.204925684724003
888 : -0.6944247432984412
889 : -1.0722790113650262
890 : -1.2286100019700825
891 : -0.9677498796954751
892 : -1.174161434173584
893 : -1.5827247090637684
894 : -0.7982600852847099
895 : -1.4542921297252178
896 : -0.9278426305390894
897 : -0.8045932501554489
898 : -5.40636001387611
899 : -1.065962327644229
900 : -1.3823076491244137
901 : -1.5286752125248313
902 : -0.9075757944956422
903 : -2.743878737092018
904 : -1.283237924799323
905 : -1.1347675798460841
906 : -2.038561069406569
907 : -1.3848142554052174
908 : -1.3371417541056871
909 : -1.7694297218695283
910 : -1.307665891945362
911 : -0.7871519215404987
912 : -1.0451795302797109
913 : -1.4916401375085115
914 : -3.5116317828651518
915 : -1.2359094505663961
916 : -1.2342945128912106
917 : -1.2433227775618434
918 : -1.2681267885491252
919 : -1.951621189713478
920 : -1.0594746535643935
921 : -1.339875549543649
922 : -0.6719016740098596
923 : -1.1904944546986371
924 : -1.2673987979651429
925 : -1.1554140485823154
926 : -0.958489241078496
927 : -0.9532024431973696
928 : -1.6126300618052483
929 : -1.4554107822477818
930 : -0.4378950217505917
931 : -0.15808855928480625
932 : -1.9157620314508677
933 : -1.0449393643066287
934 : -1.3549919808283448
935 : -1.2783938171342015
936 : -0.5464724036864936
937 : -1.6409716494381428
938 : -0.7596405111253262
939 : -1.1389829330146313
940 : -1.6231226227246225
941 : -3.0292275631800294
942 : -1.1481808153912425
943 : -1.2234637322835624
944 : -1.38122277893126
945 : -0.9822083567269146
946 : -1.0038379323668778
947 : -1.7393055520951748
948 : -1.3926784126088023
949 : -2.31417927891016
950 : -1.7613226547837257
951 : -1.8404058441519737
952 : -0.6809394434094429
953 : -1.5563488630577922
954 : -1.8537335470318794
955 : -0.688939779996872
956 : -2.7068819580599666
957 : -1.5450518820434809
958 : -1.1335396799258888
959 : -1.0799206756055355
960 : -1.0379430837929249
961 : -0.972755229100585
962 : 3.518196415156126
963 : -1.4077560175210238
964 : -1.0394474267959595
965 : -0.9987936690449715
966 : -0.8654720596969128
967 : -1.4306650944054127
968 : -1.5924967369064689
969 : -1.2980068186298013
970 : -1.4803725797683
971 : -1.1896911785006523
972 : -1.2760860994458199
973 : -1.4869840312749147
974 : -1.0675861854106188
975 : -1.7733451016247272
976 : -1.1465042792260647
977 : -1.0963273530360311
978 : -1.9017419666051865
979 : -1.3170268964022398
980 : -1.1807957142591476
981 : 7.739981500431895
982 : -1.136835677549243
983 : -1.2660055169835687
984 : -1.4467823272570968
985 : -1.2529897093772888
986 : -2.187724497169256
987 : -1.9002610426396132
988 : -1.4388091906439513
989 : -1.3342288546264172
990 : -1.9877553852275014
991 : -1.4416092615574598
992 : -1.1920587942004204
993 : -1.4672036515548825
994 : -0.9746512591373175
995 : -0.9669954143464565
996 : -1.2719530910253525
997 : -1.9078512154519558
998 : -1.9875123053789139
999 : -1.128574512898922
Setting up 2 worker threads for Enlighten.
  Thread -> id: 7f9041196700 -> priority: 1 
  Thread -> id: 7f9040995700 -> priority: 1 
2020-06-25 13:05:17 INFO [environment.py:418] Environment shut down with return code 0.
