slurmstepd-luhe: error: Unable to create TMPDIR [/tmp/user/30108]: Permission denied
slurmstepd-luhe: error: Setting TMPDIR to /tmp
Found path: /home/j/jensenj/PycharmProjects/Federer-Jr./src/../crawler_single/linux/dynamic_server/crawler_dynamic.x86_64
Mono path[0] = '/home/j/jensenj/PycharmProjects/Federer-Jr./src/../crawler_single/linux/dynamic_server/crawler_dynamic_Data/Managed'
Mono config path = '/home/j/jensenj/PycharmProjects/Federer-Jr./src/../crawler_single/linux/dynamic_server/crawler_dynamic_Data/MonoBleedingEdge/etc'
Preloaded 'lib_burst_generated.so'
Preloaded 'libgrpc_csharp_ext.x64.so'
Initialize engine version: 2019.3.15f1 (59ff3e03856d)
[Subsystems] Discovering subsystems at path /home/j/jensenj/PycharmProjects/Federer-Jr./src/../crawler_single/linux/dynamic_server/crawler_dynamic_Data/UnitySubsystems
Forcing GfxDevice: Null
GfxDevice: creating device client; threaded=0
NullGfxDevice:
    Version:  NULL 1.0 [1.0]
    Renderer: Null Device
    Vendor:   Unity Technologies
Begin MonoManager ReloadAssembly
- Completed reload, in  0.106 seconds
WARNING: Shader Unsupported: 'Autodesk Interactive' - All passes removed
WARNING: Shader Did you use #pragma only_renderers and omit this platform?
UnloadTime: 0.427006 ms
Fallback handler could not load library /home/j/jensenj/PycharmProjects/Federer-Jr./src/../crawler_single/linux/dynamic_server/crawler_dynamic_Data/Mono/libcoreclr.so
Fallback handler could not load library /home/j/jensenj/PycharmProjects/Federer-Jr./src/../crawler_single/linux/dynamic_server/crawler_dynamic_Data/Mono/libcoreclr.so
Fallback handler could not load library /home/j/jensenj/PycharmProjects/Federer-Jr./src/../crawler_single/linux/dynamic_server/crawler_dynamic_Data/Mono/libcoreclr.so
Fallback handler could not load library /home/j/jensenj/PycharmProjects/Federer-Jr./src/../crawler_single/linux/dynamic_server/crawler_dynamic_Data/Mono/libSystem.dylib
Fallback handler could not load library /home/j/jensenj/PycharmProjects/Federer-Jr./src/../crawler_single/linux/dynamic_server/crawler_dynamic_Data/Mono/libSystem.dylib.so
Fallback handler could not load library /home/j/jensenj/PycharmProjects/Federer-Jr./src/../crawler_single/linux/dynamic_server/crawler_dynamic_Data/Mono/libSystem.dylib
Fallback handler could not load library /home/j/jensenj/PycharmProjects/Federer-Jr./src/../crawler_single/linux/dynamic_server/crawler_dynamic_Data/Mono/libcoreclr.so
Fallback handler could not load library /home/j/jensenj/PycharmProjects/Federer-Jr./src/../crawler_single/linux/dynamic_server/crawler_dynamic_Data/Mono/libcoreclr.so
Fallback handler could not load library /home/j/jensenj/PycharmProjects/Federer-Jr./src/../crawler_single/linux/dynamic_server/crawler_dynamic_Data/Mono/libcoreclr.so
Fallback handler could not load library /home/j/jensenj/PycharmProjects/Federer-Jr./src/../crawler_single/linux/dynamic_server/crawler_dynamic_Data/Mono/libSystem.dylib
Fallback handler could not load library /home/j/jensenj/PycharmProjects/Federer-Jr./src/../crawler_single/linux/dynamic_server/crawler_dynamic_Data/Mono/libSystem.dylib.so
Fallback handler could not load library /home/j/jensenj/PycharmProjects/Federer-Jr./src/../crawler_single/linux/dynamic_server/crawler_dynamic_Data/Mono/libSystem.dylib
/home/j/jensenj/.local/lib/python3.6/site-packages/tensorboard/compat/tensorflow_stub/dtypes.py:541: FutureWarning: Passing (type, 1) or '1type' as a synonym of type is deprecated; in a future version of numpy, it will be understood as (type, (1,)) / '(1,)type'.
  _np_qint8 = np.dtype([("qint8", np.int8, 1)])
/home/j/jensenj/.local/lib/python3.6/site-packages/tensorboard/compat/tensorflow_stub/dtypes.py:542: FutureWarning: Passing (type, 1) or '1type' as a synonym of type is deprecated; in a future version of numpy, it will be understood as (type, (1,)) / '(1,)type'.
  _np_quint8 = np.dtype([("quint8", np.uint8, 1)])
/home/j/jensenj/.local/lib/python3.6/site-packages/tensorboard/compat/tensorflow_stub/dtypes.py:543: FutureWarning: Passing (type, 1) or '1type' as a synonym of type is deprecated; in a future version of numpy, it will be understood as (type, (1,)) / '(1,)type'.
  _np_qint16 = np.dtype([("qint16", np.int16, 1)])
/home/j/jensenj/.local/lib/python3.6/site-packages/tensorboard/compat/tensorflow_stub/dtypes.py:544: FutureWarning: Passing (type, 1) or '1type' as a synonym of type is deprecated; in a future version of numpy, it will be understood as (type, (1,)) / '(1,)type'.
  _np_quint16 = np.dtype([("quint16", np.uint16, 1)])
/home/j/jensenj/.local/lib/python3.6/site-packages/tensorboard/compat/tensorflow_stub/dtypes.py:545: FutureWarning: Passing (type, 1) or '1type' as a synonym of type is deprecated; in a future version of numpy, it will be understood as (type, (1,)) / '(1,)type'.
  _np_qint32 = np.dtype([("qint32", np.int32, 1)])
/home/j/jensenj/.local/lib/python3.6/site-packages/tensorboard/compat/tensorflow_stub/dtypes.py:550: FutureWarning: Passing (type, 1) or '1type' as a synonym of type is deprecated; in a future version of numpy, it will be understood as (type, (1,)) / '(1,)type'.
  np_resource = np.dtype([("resource", np.ubyte, 1)])
2020-06-25 12:10:21 INFO [environment.py:108] Connected to Unity environment with package version 1.0.2 and communication version 1.0.0
2020-06-25 12:10:21 INFO [environment.py:265] Connected new brain:
CrawlerDynamic?team=0
2020-06-25 12:10:21 WARNING [__init__.py:92] The environment contains multiple observations. You must define allow_multiple_obs=True to receive them all. Otherwise, only the first visual observation (or vector observation ifthere are no visual observations) will be provided in the observation.
/home/j/jensenj/.local/lib/python3.6/site-packages/gym/logger.py:30: UserWarning: [33mWARN: Box bound precision lowered by casting to float32[0m
  warnings.warn(colorize('%s: %s'%('WARN', msg % args), 'yellow'))
/home/j/jensenj/.local/lib/python3.6/site-packages/numpy/core/_methods.py:160: RuntimeWarning: invalid value encountered in reduce
  ret = umr_sum(arr, axis, dtype, out, keepdims)
update_time_steps: 8192 , ppo_epochs: 1 , beta:  0.1 , gamma 0.9
0 : -0.49803566839545965
1 : -1.1465388156939298
2 : -0.5195454191416502
3 : -6.574930471368134
4 : -1.6336295497603714
5 : -3.085384799167514
6 : -1.6292248368263245
7 : -2.1660374579951167
8 : -4.123755886219442
9 : -1.4912584819830954
10 : -1.311457977630198
11 : -1.5084693003445864
12 : -1.5691884267143905
13 : -1.3253078162670135
14 : -6.698587085935287
15 : -1.4355163611471653
16 : -0.8748509613797069
17 : -1.551863331347704
18 : -1.5022174380719662
19 : -1.1643030941486359
20 : -1.492464106529951
21 : -1.1400668425485492
22 : -1.669114725664258
23 : -1.6001586886122823
24 : -0.11261925473809242
25 : 0.14166943822056055
26 : -1.5003936924040318
27 : -0.2460746164433658
28 : -0.41163388872519135
29 : -1.71666547562927
30 : -1.4284651428461075
31 : -3.442616945132613
32 : -0.6391376596875489
33 : -0.7570815379731357
34 : -2.022541932761669
35 : -2.716546578332782
36 : -1.0633854600600898
37 : -0.7939730025827885
38 : -0.7795088337734342
39 : -1.4085583428386599
40 : -1.1986165205016732
41 : -0.9889899124391377
42 : -0.711988577619195
43 : 0.32365156686864793
44 : -1.294922610744834
45 : 5.196853395551443
46 : -1.6198946619406343
47 : -1.2221189459960442
48 : 0.14713840186595917
49 : -0.7766931708902121
50 : -2.84342906717211
51 : -1.0109801590442657
52 : -1.3831262402236462
53 : -0.9984684712253511
54 : -6.47074596513994
55 : -1.3649779444094747
56 : -1.3997893477790058
57 : -1.494195278850384
58 : -3.8227128838188946
59 : -1.4354897737503052
60 : -1.8217108948156238
61 : -3.5916666947305202
62 : -1.658007986843586
63 : -1.4328539813868701
64 : -1.304877856746316
65 : -0.568599356804043
66 : -1.6765988101251423
67 : -3.508352278266102
68 : -1.7479489110410213
69 : -1.0460549956187606
70 : -3.5640135761350393
71 : -1.4634268702939153
72 : -1.1824447698891163
73 : -1.4004117995500565
74 : -0.7870886847376823
75 : 7.307471016421914
76 : -1.168812661897391
77 : -1.3515254985541105
78 : -2.0189312556758523
79 : 0.3587374924682081
80 : -0.6329298964701593
81 : 0.3419293165206909
82 : -1.0259106243029237
83 : -1.2714190762490034
84 : -0.7557817818596959
85 : -2.0745379999279976
86 : -1.5003223372623324
87 : 0.674417033791542
88 : -21.856541328132153
89 : -1.0032090633176267
90 : -3.8218743349425495
91 : -0.9114227509126067
92 : -0.6529346685856581
93 : -2.337062422884628
94 : -2.9841881468892097
95 : -2.67376644955948
96 : -0.7804661076515913
97 : -1.8386570774018764
98 : -0.5583128617145121
99 : -11.17686739936471
100 : -1.9513915828429163
101 : -1.6460953429341316
102 : -1.2243251074105501
103 : -0.7109205685555935
104 : -6.655460761161521
105 : 2.868331827921793
106 : -1.0112046599388123
107 : -0.7355323224328458
108 : -4.5705890180543065
109 : -0.7020274139940739
110 : -0.8590103927999735
111 : -1.590783576015383
112 : -1.047364804893732
113 : -1.485670080408454
114 : -0.5647111306898296
115 : -1.5182799422182143
116 : -4.727181879803538
117 : -1.3019372103735805
118 : -0.6358616286888719
119 : -1.8990078028291464
120 : -1.2611997555941343
121 : -1.669517606496811
122 : -1.0162293491885066
123 : -1.7949070781469345
124 : -1.2743086921982467
125 : -1.137774879578501
126 : -5.279035612940788
127 : -1.6123336981981993
128 : -0.8117982558906078
129 : -2.175863191485405
130 : -0.363489871378988
131 : -6.107229777611792
132 : -1.6531631276011467
133 : 0.09307817835360765
134 : -2.6956507191061974
135 : -1.57963652536273
136 : -0.2389170154929161
137 : -1.6668659602291882
138 : -3.5317047275602818
139 : 1.5899329967796803
140 : -1.8338943868875504
141 : -0.8499397812411189
142 : -1.7481670640408993
143 : -1.422077788040042
144 : -3.5020187562331557
145 : 1.1886890190653503
146 : -0.841578520834446
147 : -1.3955587521195412
148 : 3.247207639273256
149 : -1.3838168138172477
150 : -1.3315663859248161
151 : -0.9816040238365531
152 : -1.2041239431127906
153 : -0.9531656838953495
154 : 2.542976800352335
155 : -1.9622156023979187
156 : 1.0062620867975056
157 : -2.591675031464547
158 : -3.4699554601684213
159 : -2.1350733330473304
160 : -1.2645335122942924
161 : -1.0862590470351279
162 : -0.8528487961739302
163 : -1.12221853248775
164 : -3.7474069744348526
165 : -0.6875013895332813
166 : -1.172310383990407
167 : -1.552619656547904
168 : -0.9122699745930731
169 : -1.7141385851427913
170 : 0.24490917846560478
171 : -1.855557382106781
172 : -1.5519063081592321
173 : -0.3584452047944069
174 : -4.863561633974314
175 : -1.4070409201085567
176 : -0.9718549028038979
177 : -1.631992058828473
178 : -0.9475419139489532
179 : -1.2333252914249897
180 : -0.9586734678596258
181 : 1.7179267406463623
182 : -1.7913368893787265
183 : -2.414548355154693
184 : -0.5982132223434746
185 : -0.6267408393323421
186 : -1.386538359336555
187 : -1.5748872817493975
188 : -3.133716255426407
189 : -1.4770315662026405
190 : -1.6656892756000161
191 : -0.5875796135514975
192 : -1.0518400971777737
193 : -0.1427467092871666
194 : -3.7049125297926366
195 : -1.4102683870587498
196 : -0.5045167915523052
197 : -1.7059620320796967
198 : -1.3081392161548138
199 : -0.206058151088655
200 : -2.3137795478105545
201 : -2.093131944537163
202 : -0.9322811933234334
203 : -1.5542455911636353
204 : -1.1522837299853563
205 : -3.154284358024597
206 : -1.6840723007917404
207 : -1.9018658800050616
208 : -3.0105660553090274
209 : -1.9025418269447982
210 : -0.27898628637194633
211 : -1.655112330801785
212 : -1.1440960285253823
213 : -3.3085900247097015
214 : -0.8950287718325853
215 : -3.031543023418635
216 : -2.1822783653624356
217 : -1.4425517208874226
218 : -3.770622511859983
219 : -1.5545799783430994
220 : 0.9647956117987633
221 : -1.040577296167612
222 : -1.1914044758304954
223 : -1.6255065500736237
224 : -1.3444916270673275
225 : -2.4529209290631115
226 : -1.2062521111220121
227 : -3.5172581262886524
228 : -1.6795830130577087
229 : -0.64008736575488
230 : -1.081088355742395
231 : -1.1088037968147546
232 : -0.37856028554961085
233 : -1.519771933555603
234 : -2.4756720676086843
235 : -1.0545644843950868
236 : -1.8163300948217511
237 : -1.2143291621468961
238 : -1.047295484226197
239 : -1.9950407072901726
240 : -0.9868398485705256
241 : -0.23247660789638758
242 : -1.6049776040017605
243 : -0.7997133615426719
244 : -1.7022183584049344
245 : -1.258759394288063
246 : -0.6710785685572773
247 : -1.3623328321846202
248 : 0.33208389300853014
249 : -1.4434868674725294
250 : 2.003044626675546
251 : -1.3018235564231873
252 : -1.3295307643711567
253 : -1.6340003348886967
254 : -1.5271763782948256
255 : -1.5752521194517612
256 : -1.3084715213626623
257 : -1.0138901295140386
258 : -0.5773491291329265
259 : -1.5608316846191883
260 : 0.9376171995536424
261 : -1.7631497206166387
262 : -0.6790204383432865
263 : 2.1966931354254484
264 : -4.411960236728191
265 : -0.9798080543987453
266 : -2.2844969937577844
267 : -6.72415526304394
268 : -3.8006002232432365
269 : -3.7860011565499008
270 : -1.0748365484178066
271 : -1.3362569026648998
272 : -0.7619990492239594
273 : -2.4868071749806404
274 : 12.128919180482626
275 : -1.32770277839154
276 : -1.2183923688717186
277 : -1.5891905650496483
278 : -1.2071461724117398
279 : -1.1614572289399803
280 : -0.8618990257382393
281 : -0.57972929533571
282 : -1.4629057962447405
283 : -4.142930812668055
284 : -1.0713763253297657
285 : -1.5026050237938762
286 : -0.3806452043354511
287 : -1.7870714906603098
288 : -1.0544534060172737
289 : -1.5248989285901189
290 : -1.117583547718823
291 : 0.4306523143313825
292 : 2.3402366531081498
293 : 4.432787832571194
294 : -3.288540104404092
295 : -1.2863014242611825
296 : -1.8895856104791164
297 : -2.3626930555328727
298 : -1.1315434724092484
299 : -1.7095043258741498
300 : -0.8159778462722898
301 : -0.45931379473768175
302 : 1.435721761547029
303 : -5.251572102308273
304 : -0.9547083955258131
305 : -0.6727877743542194
306 : -0.904882924631238
307 : -1.0764197488315403
308 : -1.8856582278385758
309 : -3.378293748944998
310 : -1.1535509161185473
311 : 0.22867336636409163
312 : -1.961787193082273
313 : -1.240338757634163
314 : -1.4845658766571432
315 : -1.972260758280754
316 : -0.7886071926914155
317 : -8.54998628795147
318 : -8.238555358955637
319 : -2.741126909852028
320 : -1.3795421542599797
321 : -2.662312313914299
322 : -1.0507020112127066
323 : -1.0384643054567277
324 : -1.0433762832544744
325 : -1.8574801124632359
326 : -1.2337057497352362
327 : -1.1658167210407555
328 : -0.9862926902715117
329 : -1.0746122859418392
330 : 5.935453028418124
331 : -1.2691518673673272
332 : -1.1445531244389713
333 : -0.9606828195974231
334 : -1.8254308751784265
335 : -1.3485908429138362
336 : -0.007258126512169838
337 : -1.649618860334158
338 : -2.0372398684266955
339 : -0.03707082010805607
340 : -2.156407617032528
341 : -2.3802917157299817
342 : -1.6271550245583057
343 : -0.8120059706270695
344 : -1.1783380908891559
345 : 4.61842640535906
346 : -0.29575540125370026
347 : -2.2999038440175354
348 : -0.9505258854478598
349 : -1.526290487498045
350 : -1.6464891731739044
351 : 8.428115824237466
352 : -1.8641104162670672
353 : -1.227041531354189
354 : -0.9597047520801425
355 : 1.0690276785753667
356 : -0.20755125535652041
357 : -4.892905907705426
358 : -0.8290495295077562
359 : -1.2032534336904064
360 : -5.110212146304548
361 : 0.21763941831886768
362 : -2.844984364695847
363 : -0.943489097058773
364 : 3.0882244226522744
365 : -0.7002734029665589
366 : 1.526445910334587
367 : -0.9858831949532032
368 : -4.576379181817174
369 : -0.003467345144599676
370 : -1.2646871618926525
371 : -2.263443868025206
372 : 11.292353644035757
373 : -1.4776679212227464
374 : -1.529072068631649
375 : -1.0070964777842164
376 : -5.363149610348046
377 : -0.7207304988987744
378 : 0.08458837680518627
379 : -2.9032193219754845
380 : -6.604165129363537
381 : -6.495218690484762
382 : 2.4747512941248715
383 : -1.628735739737749
384 : -0.8823866248130798
385 : 5.991884246002883
386 : 3.6861063949763775
387 : 0.6241265181452036
388 : -0.4116358067840338
389 : -3.687080681324005
390 : 2.375174223445356
391 : 0.8955114223062992
392 : -1.1386816691374406
393 : -2.2229247577488422
394 : 2.24279026244767
395 : -0.7329145818948746
396 : -0.17963529098778963
397 : -1.2381067732349038
398 : -1.2557862950488925
399 : -1.4267868734896183
400 : -1.4140064092352986
401 : -1.6543759368360043
402 : -1.2625167649239302
403 : 3.746671395841986
404 : 1.967619656585157
405 : 1.4076956501230597
406 : -7.465951583813876
407 : -1.8860241137444973
408 : 3.5614651553332806
409 : -1.91125875338912
410 : -8.77003955328837
411 : -2.11983632016927
412 : -1.127293348312378
413 : 3.3462036419659853
414 : -0.6898133829236031
415 : -1.2427121857181191
416 : -1.221315736649558
417 : -1.9369858605787158
418 : -1.304602436721325
419 : 0.37288773991167545
420 : -1.6785663589835167
421 : -1.3249624678865075
!!! updated
422 : -2.2421896178275347
423 : -1.4484312906861305
424 : -0.9968512523919344
425 : -0.8567754765972495
426 : -1.576978623867035
427 : -1.4454203508794308
428 : -0.9863256288226694
429 : -1.0535783236846328
Setting up 2 worker threads for Enlighten.
  Thread -> id: 7f7080d8c700 -> priority: 1 
  Thread -> id: 7f7053fff700 -> priority: 1 
Traceback (most recent call last):
  File "main.py", line 123, in <module>
    returns = [episode(env, agent, i) for i in range(training_episodes)]
  File "main.py", line 123, in <listcomp>
    returns = [episode(env, agent, i) for i in range(training_episodes)]
  File "main.py", line 30, in episode
    next_state, reward, done, _ = env.step(action.numpy()[0])
  File "/home/j/jensenj/.local/lib/python3.6/site-packages/gym_unity/envs/__init__.py", line 177, in step
    self._env.step()
  File "/home/j/jensenj/.local/lib/python3.6/site-packages/mlagents_envs/timers.py", line 305, in wrapped
    return func(*args, **kwargs)
  File "/home/j/jensenj/.local/lib/python3.6/site-packages/mlagents_envs/environment.py", line 319, in step
    self._update_state(rl_output)
  File "/home/j/jensenj/.local/lib/python3.6/site-packages/mlagents_envs/environment.py", line 275, in _update_state
    agent_info_list, self._env_specs[brain_name]
  File "/home/j/jensenj/.local/lib/python3.6/site-packages/mlagents_envs/timers.py", line 305, in wrapped
    return func(*args, **kwargs)
  File "/home/j/jensenj/.local/lib/python3.6/site-packages/mlagents_envs/rpc_utils.py", line 188, in steps_from_proto
    obs_index, obs_shape, decision_agent_info_list
  File "/home/j/jensenj/.local/lib/python3.6/site-packages/mlagents_envs/timers.py", line 305, in wrapped
    return func(*args, **kwargs)
  File "/home/j/jensenj/.local/lib/python3.6/site-packages/mlagents_envs/rpc_utils.py", line 152, in _process_vector_observation
    _raise_on_nan_and_inf(np_obs, "observations")
  File "/home/j/jensenj/.local/lib/python3.6/site-packages/mlagents_envs/rpc_utils.py", line 130, in _raise_on_nan_and_inf
    raise RuntimeError(f"The {source} provided had NaN values.")
RuntimeError: The observations provided had NaN values.
2020-06-25 12:19:38 INFO [environment.py:418] Environment shut down with return code 0.
