slurmstepd-gaissa: error: Unable to create TMPDIR [/tmp/user/30108]: Permission denied
slurmstepd-gaissa: error: Setting TMPDIR to /tmp
Found path: /home/j/jensenj/PycharmProjects/Federer-Jr./src/../crawler_single/linux/dynamic_server/crawler_dynamic.x86_64
Mono path[0] = '/home/j/jensenj/PycharmProjects/Federer-Jr./src/../crawler_single/linux/dynamic_server/crawler_dynamic_Data/Managed'
Mono config path = '/home/j/jensenj/PycharmProjects/Federer-Jr./src/../crawler_single/linux/dynamic_server/crawler_dynamic_Data/MonoBleedingEdge/etc'
Preloaded 'lib_burst_generated.so'
Preloaded 'libgrpc_csharp_ext.x64.so'
Initialize engine version: 2019.3.15f1 (59ff3e03856d)
[Subsystems] Discovering subsystems at path /home/j/jensenj/PycharmProjects/Federer-Jr./src/../crawler_single/linux/dynamic_server/crawler_dynamic_Data/UnitySubsystems
Forcing GfxDevice: Null
GfxDevice: creating device client; threaded=0
NullGfxDevice:
    Version:  NULL 1.0 [1.0]
    Renderer: Null Device
    Vendor:   Unity Technologies
Begin MonoManager ReloadAssembly
- Completed reload, in  0.100 seconds
WARNING: Shader Unsupported: 'Autodesk Interactive' - All passes removed
WARNING: Shader Did you use #pragma only_renderers and omit this platform?
UnloadTime: 0.440674 ms
Fallback handler could not load library /home/j/jensenj/PycharmProjects/Federer-Jr./src/../crawler_single/linux/dynamic_server/crawler_dynamic_Data/Mono/libcoreclr.so
Fallback handler could not load library /home/j/jensenj/PycharmProjects/Federer-Jr./src/../crawler_single/linux/dynamic_server/crawler_dynamic_Data/Mono/libcoreclr.so
Fallback handler could not load library /home/j/jensenj/PycharmProjects/Federer-Jr./src/../crawler_single/linux/dynamic_server/crawler_dynamic_Data/Mono/libcoreclr.so
Fallback handler could not load library /home/j/jensenj/PycharmProjects/Federer-Jr./src/../crawler_single/linux/dynamic_server/crawler_dynamic_Data/Mono/libSystem.dylib
Fallback handler could not load library /home/j/jensenj/PycharmProjects/Federer-Jr./src/../crawler_single/linux/dynamic_server/crawler_dynamic_Data/Mono/libSystem.dylib.so
Fallback handler could not load library /home/j/jensenj/PycharmProjects/Federer-Jr./src/../crawler_single/linux/dynamic_server/crawler_dynamic_Data/Mono/libSystem.dylib
Fallback handler could not load library /home/j/jensenj/PycharmProjects/Federer-Jr./src/../crawler_single/linux/dynamic_server/crawler_dynamic_Data/Mono/libcoreclr.so
Fallback handler could not load library /home/j/jensenj/PycharmProjects/Federer-Jr./src/../crawler_single/linux/dynamic_server/crawler_dynamic_Data/Mono/libcoreclr.so
Fallback handler could not load library /home/j/jensenj/PycharmProjects/Federer-Jr./src/../crawler_single/linux/dynamic_server/crawler_dynamic_Data/Mono/libcoreclr.so
Fallback handler could not load library /home/j/jensenj/PycharmProjects/Federer-Jr./src/../crawler_single/linux/dynamic_server/crawler_dynamic_Data/Mono/libSystem.dylib
Fallback handler could not load library /home/j/jensenj/PycharmProjects/Federer-Jr./src/../crawler_single/linux/dynamic_server/crawler_dynamic_Data/Mono/libSystem.dylib.so
Fallback handler could not load library /home/j/jensenj/PycharmProjects/Federer-Jr./src/../crawler_single/linux/dynamic_server/crawler_dynamic_Data/Mono/libSystem.dylib
/home/j/jensenj/.local/lib/python3.6/site-packages/tensorboard/compat/tensorflow_stub/dtypes.py:541: FutureWarning: Passing (type, 1) or '1type' as a synonym of type is deprecated; in a future version of numpy, it will be understood as (type, (1,)) / '(1,)type'.
  _np_qint8 = np.dtype([("qint8", np.int8, 1)])
/home/j/jensenj/.local/lib/python3.6/site-packages/tensorboard/compat/tensorflow_stub/dtypes.py:542: FutureWarning: Passing (type, 1) or '1type' as a synonym of type is deprecated; in a future version of numpy, it will be understood as (type, (1,)) / '(1,)type'.
  _np_quint8 = np.dtype([("quint8", np.uint8, 1)])
/home/j/jensenj/.local/lib/python3.6/site-packages/tensorboard/compat/tensorflow_stub/dtypes.py:543: FutureWarning: Passing (type, 1) or '1type' as a synonym of type is deprecated; in a future version of numpy, it will be understood as (type, (1,)) / '(1,)type'.
  _np_qint16 = np.dtype([("qint16", np.int16, 1)])
/home/j/jensenj/.local/lib/python3.6/site-packages/tensorboard/compat/tensorflow_stub/dtypes.py:544: FutureWarning: Passing (type, 1) or '1type' as a synonym of type is deprecated; in a future version of numpy, it will be understood as (type, (1,)) / '(1,)type'.
  _np_quint16 = np.dtype([("quint16", np.uint16, 1)])
/home/j/jensenj/.local/lib/python3.6/site-packages/tensorboard/compat/tensorflow_stub/dtypes.py:545: FutureWarning: Passing (type, 1) or '1type' as a synonym of type is deprecated; in a future version of numpy, it will be understood as (type, (1,)) / '(1,)type'.
  _np_qint32 = np.dtype([("qint32", np.int32, 1)])
/home/j/jensenj/.local/lib/python3.6/site-packages/tensorboard/compat/tensorflow_stub/dtypes.py:550: FutureWarning: Passing (type, 1) or '1type' as a synonym of type is deprecated; in a future version of numpy, it will be understood as (type, (1,)) / '(1,)type'.
  np_resource = np.dtype([("resource", np.ubyte, 1)])
2020-06-25 12:23:51 INFO [environment.py:108] Connected to Unity environment with package version 1.0.2 and communication version 1.0.0
2020-06-25 12:23:51 INFO [environment.py:265] Connected new brain:
CrawlerDynamic?team=0
2020-06-25 12:23:51 WARNING [__init__.py:92] The environment contains multiple observations. You must define allow_multiple_obs=True to receive them all. Otherwise, only the first visual observation (or vector observation ifthere are no visual observations) will be provided in the observation.
update_time_steps: 10240 , ppo_epochs: 1 , beta:  0.001 , gamma 0.99
0 : -1.4087392818182707
1 : -1.2601697705686092
2 : -0.6494592851959169
3 : -0.9148009214550257
4 : -0.9074642099440098
5 : -4.920041911303997
6 : -0.8986923517659307
7 : -1.3358725048601627
8 : -1.3188724210485816
9 : -1.4633202012628317
10 : -0.7502251691184938
11 : -1.2525067041278817
12 : -1.4440168794244528
13 : -1.1196301151067019
14 : -1.2187209092080593
15 : -1.9733084291219711
16 : -1.1192965093068779
17 : -2.503168779425323
18 : -2.6405164375901222
19 : 0.5043627936393023
20 : -0.9358088930603117
21 : 0.6180961020290852
22 : -1.397092466475442
23 : -4.645845333114266
24 : -2.1058957050554454
25 : -1.2713128244504333
26 : -1.0732346922159195
27 : -1.7218250259757042
28 : -1.779912244528532
29 : -1.352435702458024
30 : -0.8122913362458348
31 : -3.8458759486675262
32 : -1.480724600609392
33 : -1.2678104247897863
34 : -1.4617827355396003
35 : -1.082344607450068
36 : -1.77022096386645
37 : -1.4695409759879112
38 : -1.5181207321584225
39 : -1.4344954676926136
40 : -0.357948767952621
41 : -1.374891424085945
42 : -1.2318563219159842
43 : -1.8836761638522148
44 : -0.9356049280613661
45 : -0.5061112847179174
46 : -0.8751897332258523
47 : -1.3943660845980048
48 : -4.486892735119909
49 : -1.3995029700454324
50 : -1.1588729759678245
51 : -1.3408903894014657
52 : -0.5088360644876957
53 : -1.4775223210453987
54 : -1.5068308375775814
55 : -0.9017563918605447
56 : -0.7734829629771411
57 : -0.854962557903491
58 : -1.2562206499278545
59 : -1.2421381305903196
60 : -1.6057789102196693
61 : -1.5019117956981063
62 : -1.702874593436718
63 : -0.8025260465219617
64 : -1.4928993145003915
65 : -3.930739918258041
66 : -1.379412803798914
67 : -1.68569819862023
68 : -0.7510490464046597
69 : -1.0185297979041934
70 : -1.5460921060293913
71 : -1.4284693207591772
72 : -1.3442845155950636
73 : -0.32881856244057417
74 : -1.1504309894517064
75 : 6.56082744942978
76 : -1.1931590763852
77 : -1.2325451015494764
78 : -0.9542863089591265
79 : -1.559046427719295
80 : -1.5249612675979733
81 : -1.757011697627604
82 : -1.1136923637241125
83 : -0.6883251904509962
84 : -0.8668322889134288
85 : -0.8433541394770145
86 : -1.151803066022694
87 : -1.0708097470924258
88 : -2.176930196583271
89 : -1.3665426168590784
90 : 1.5342057812958956
91 : -2.7092298385687172
92 : -1.5877563054673374
93 : -1.6554002538323402
94 : -1.017894595861435
95 : -2.715051837498322
96 : -1.299440138391219
97 : -2.8088542446494102
98 : -1.345332601107657
99 : -1.6644258454907686
100 : -1.0917224884033203
101 : -2.0714546646922827
102 : -5.247683651745319
103 : -1.303472715895623
104 : -2.751322139054537
105 : -3.3615787331946194
106 : -0.6583188511431217
107 : -1.4441581242717803
108 : -0.8669002614915371
109 : -0.9782792218029499
110 : -1.149982200935483
111 : -1.5096030160784721
112 : -1.3484759144484997
113 : -2.2142355404794216
114 : -1.3449381086975336
115 : -1.6901580467820168
116 : -1.5708249383606017
117 : -0.6954835345968604
118 : 0.67159687820822
119 : -2.112219899892807
120 : 0.13012790773063898
121 : -1.0170421293005347
122 : -0.7135536815039814
123 : -1.5309387720189989
124 : -0.8321295152418315
125 : -1.4613982401788235
126 : -1.460262380540371
127 : -2.33507296256721
128 : -0.9895278075709939
129 : 1.909223048016429
130 : -5.873081114143133
131 : -1.4397916682064533
132 : -1.3464862289838493
133 : -0.9410310038365424
134 : -1.6798549946397543
135 : -1.1983422162011266
136 : -0.9860175158828497
137 : -1.4307966227643192
138 : -1.348223764449358
139 : -1.2399673289619386
140 : -1.2891724240034819
141 : -1.3848663633689284
142 : -2.0383128533139825
143 : -1.5959854410029948
144 : -0.9346153102815151
145 : -0.8751902561634779
146 : -0.29313383158296347
147 : -1.6434768177568913
148 : 0.7343677077442408
149 : 2.529572102241218
150 : -1.7364339381456375
151 : -3.5349696497432888
152 : -0.11195342661812901
153 : -2.2416993705555797
154 : -2.010423064697534
155 : -0.6272014304995537
156 : -0.6648591100238264
157 : -1.0356044247746468
158 : -0.7388026248663664
159 : -1.50062969699502
160 : -2.087616803124547
161 : -0.7893628855235875
162 : -0.6818179367110133
163 : -1.5058673359453678
164 : -0.8663129704073071
165 : -0.5555387092754245
166 : -1.212012579664588
167 : 1.7622537040151656
168 : -1.5290100574493408
169 : -2.3335208552889526
170 : -2.0035635298117995
171 : -1.2525946265086532
172 : 1.481997047783807
173 : 0.9255250263959169
174 : -1.4511722731404006
175 : -0.7469048891216516
176 : -1.1525050806812942
177 : 0.6262150607071817
178 : -1.3098438153974712
179 : -1.4309296580031514
180 : 2.0917949602007866
181 : -0.8135567274875939
182 : -0.841999817173928
183 : -1.9662122540175915
184 : -1.0432344619184732
185 : -0.8400404546409845
186 : -1.9975296668708324
187 : -1.5482985973358154
188 : -0.39691916294395924
189 : 2.9148822305724025
190 : -0.1187969091697596
191 : -1.5660295840352774
192 : 0.44187258649617434
193 : -0.2819040142931044
194 : -1.265717038884759
195 : 0.9586420711129904
196 : -1.7787952283397317
197 : -0.8644609558396041
198 : -1.3329031001776457
199 : -0.8443268912378699
200 : -1.0595714645460248
201 : -0.7844581492245197
202 : -0.8625989148858935
203 : -0.7000128831714392
204 : -1.0272773443721235
205 : -0.9888393059372902
206 : -0.8510759472846985
207 : -2.103597719222307
208 : -1.5974425142630935
209 : -1.176608853507787
210 : -1.2874952023848891
211 : -1.3575793239288032
212 : -1.8678711466491222
213 : -2.5770278587006032
214 : -1.110222129151225
215 : -1.635074069723487
216 : -1.0930275659775361
217 : -1.1541667524725199
218 : -1.73824093490839
219 : -0.861141424626112
220 : -0.9835390448570251
221 : 2.084490546490997
222 : -0.9741831179708242
223 : -1.3615864887833595
224 : 18.006516294553876
225 : -1.0187698127701879
226 : -0.18811092479154468
227 : -1.4546543145552278
228 : -1.4648843761533499
229 : -0.9370429995469749
230 : -1.6801743330433965
231 : -0.826130114030093
232 : -0.7536454587243497
233 : -1.5584754110313952
234 : -1.3431653203442693
235 : -1.106781934387982
236 : -1.4739005834562704
237 : -1.059369315393269
238 : -1.0704334452748299
239 : -1.087274172808975
240 : -0.5973166711628437
241 : -2.15747956559062
242 : -1.1077713668346405
243 : -2.7714232029393315
244 : -0.9522879952564836
245 : -1.1779939974658191
246 : -1.6895739436149597
247 : -1.5433286018669605
248 : -1.5206717806868255
249 : -0.8755645323544741
250 : 1.7611095099709928
251 : -0.1838623769581318
252 : -1.2503608176484704
253 : -0.9056933186948299
254 : -1.2521259170025587
255 : -0.25047547928988934
256 : -0.9061053302139044
257 : -2.4361361879855394
258 : -0.8473981730639935
259 : -2.519419594667852
260 : -1.990794347366318
261 : -1.6418548338115215
262 : -0.940785831771791
263 : -0.9081329726614058
264 : -1.2394431494176388
265 : -1.219323988771066
266 : -3.699382414110005
267 : -1.349071104079485
268 : -0.8010083949193358
269 : -1.5418737940490246
270 : -1.2519411742687225
271 : -1.4824334820732474
272 : -0.8109111478552222
273 : -0.9472674410790205
274 : -0.8796729585155845
275 : -3.2589475545100868
276 : -1.877533495426178
277 : -0.7817094344645739
278 : -2.973501210100949
279 : -1.4375186823308468
280 : -0.6456659091636539
281 : 0.06080921972170472
282 : -1.4047673884779215
283 : -1.6065668165683746
284 : -0.796200642362237
285 : -0.3159835735568777
286 : -1.7654813318513334
287 : -1.2865134144667536
288 : 0.023654408287256956
289 : -0.8155407514423132
290 : -0.08663836261257529
291 : -1.9416253119707108
292 : -0.9121099356561899
293 : -0.767616200260818
294 : -0.37546765618026257
295 : -1.2702705641277134
296 : -4.5193967167288065
297 : -1.5075799860060215
298 : -0.8373254844918847
299 : -1.6022555604577065
300 : -1.2623223883565515
301 : -1.6683510392904282
302 : -0.8285899693146348
303 : -3.0859816623851657
304 : -1.0456140940077603
305 : 0.49056603014469147
306 : 3.7746047247201204
307 : -0.8302703658118844
308 : -1.6873120665550232
309 : -1.52333624381572
310 : -1.6263337563723326
311 : -2.2677545433398336
312 : -1.3744865488260984
313 : -0.8483054023236036
314 : 0.5914232674986124
315 : -1.6935543473809958
316 : 0.5958866598084569
317 : -2.2560926899313927
318 : -0.800348088145256
319 : -0.7094306796789169
320 : -2.2190307304263115
321 : -1.675260841846466
322 : -1.0987222674302757
323 : -1.297868860885501
324 : -1.6597494026646018
325 : -1.2796472571790218
326 : -1.1288126555737108
327 : -1.5573011171072721
328 : -1.5445584105327725
329 : 0.6335173659026623
330 : -2.4131493816385046
331 : -0.7559558236971498
332 : -1.4181569181382656
333 : -1.1522440845146775
334 : -0.8320521581918001
335 : -1.8544282913208008
336 : -1.7890875525772572
337 : -1.8267605639994144
338 : -1.9818301285849884
339 : 0.19423218071460724
340 : -1.477291963994503
341 : 4.0939185954630375
342 : -2.2187279192730784
343 : -1.3881396390497684
344 : -1.4519185691606253
345 : -1.3360513974912465
346 : -0.8173381173983216
347 : -0.8064872799441218
348 : -0.9056825060397387
349 : -2.0114959999918938
350 : -1.4764203280210495
351 : -2.434778439346701
352 : -1.963956754654646
353 : -1.123764529824257
354 : -0.9638591520488262
355 : -0.6242395248264074
356 : -1.3998747006990016
357 : 3.096950965002179
358 : 1.0183052932843566
359 : -1.4042795049026608
360 : -1.1874367883428931
361 : -4.832329892553389
362 : -1.3561451779678464
363 : -0.7006782633252442
364 : -1.5834877146407962
365 : 0.7914450652897358
366 : -1.5643439749255776
367 : -0.35939465276896954
368 : -1.2450947230681777
369 : -0.8933593221008778
370 : -1.8925742879509926
371 : -1.6849614260718226
372 : -2.331658337265253
373 : -0.9927637847140431
374 : -1.208115184912458
375 : -0.8444739021360874
376 : -2.2827804535627365
377 : -0.49618181167170405
378 : -1.9624744029715657
379 : -1.025110577698797
380 : -6.1725220726802945
381 : -1.859388343989849
382 : -2.5168971233069897
383 : -1.4824393298476934
384 : -0.837782577611506
385 : -1.713426983449608
386 : -1.4074711743742228
387 : -1.2717147883959115
388 : -1.4448257815092802
389 : -2.3656233670189977
390 : -1.0569402072578669
391 : 0.5599429691210389
392 : -1.3439413686282933
393 : 1.457063116133213
394 : -1.026385884732008
395 : 2.0986551977694035
396 : -1.5559076499193907
397 : -1.2544068610295653
398 : -2.023598089814186
399 : -0.8979430850595236
400 : -0.9179702224209905
401 : -0.9586626915261149
402 : -0.1378310846630484
403 : -1.2391647677868605
404 : -0.6642144895158708
405 : -1.1481266245245934
406 : -1.4778825491666794
407 : -2.3479356430470943
408 : -1.2260775417089462
409 : -1.593967441469431
410 : -1.247090633958578
411 : -1.7800382226705551
412 : -1.355385639704764
413 : -1.744040733203292
414 : -1.5792754106223583
415 : -1.303633788600564
416 : 0.9654600350186229
417 : -1.1337383957579732
418 : -2.969852506648749
419 : -4.406586782541126
420 : 1.5572916571982205
421 : -0.790764955803752
422 : -0.4265499245375395
423 : -1.5752307046204805
424 : -0.262353528290987
425 : -1.3615444209426641
426 : -1.0478996820747852
427 : -0.8182498537935317
428 : -1.8922156081534922
429 : -1.0496896337717772
430 : -0.9069646056741476
431 : -1.0548598673194647
432 : -1.5769014358520508
433 : -1.21116454154253
434 : -1.3634863505139947
435 : -3.2650883458554745
436 : -1.3271547481417656
437 : -1.6353725455701351
438 : 2.135346796363592
439 : 0.004686138592660427
440 : -0.9587053135037422
441 : -1.1889087739400566
442 : -1.4952347204089165
443 : -4.690882328432053
444 : -1.5985923744738102
445 : -1.0758948647417128
446 : -1.46552905254066
447 : -2.2737135365605354
448 : 0.786635147407651
449 : -1.0801046025007963
450 : 0.6350490283221006
451 : -0.6045039957389235
452 : -0.9656134932301939
453 : 1.4982442981563509
454 : -1.433410495519638
455 : -1.6058113751932979
456 : -3.070693204179406
457 : -1.5254494920372963
458 : 1.9855493614450097
459 : -0.9918738882988691
460 : -2.0613505095243454
461 : -0.5049426103942096
462 : -1.375097617506981
463 : 0.12516420730389655
464 : -1.4227882996201515
465 : -0.7812981344759464
466 : -1.1191176320426166
467 : -1.0379943752195686
468 : -1.261679356917739
469 : -1.3143507409840822
470 : -2.371350832283497
471 : -1.7394528463482857
472 : -0.8462187051773071
473 : -1.689810123294592
474 : -1.458963219774887
475 : -1.0725858400110155
476 : -1.1156898345798254
477 : -2.1778770983219147
478 : -1.2506706407293677
479 : -0.3058274909853935
480 : -1.2451737504452467
481 : -1.111375748179853
482 : -1.5363564528524876
483 : -1.0344075446482748
484 : -1.076550567522645
485 : -0.698577675037086
486 : -2.5031376285478473
487 : -1.74285531276837
488 : 2.8683651126921177
489 : -1.2503512222319841
490 : -2.1222094278782606
491 : -1.348121801391244
492 : -2.46660602837801
493 : 0.022610144689679146
494 : 0.3508077170699835
495 : -1.3352298117242754
496 : -1.2297333888709545
497 : -1.1273155137896538
498 : -0.8962204190902412
499 : -1.3967985566705465
500 : -1.0833089500665665
501 : -1.8539467295631766
502 : -5.767844657879323
503 : -1.7597385495901108
504 : -1.3960194406099617
505 : -0.700121995061636
506 : -0.3361195642501116
507 : -1.219488270347938
508 : -1.1646707616746426
509 : -1.72464619576931
510 : -0.9683203972526826
511 : -2.321091200225055
512 : -0.8923441995866597
513 : -3.6671039182692766
514 : -1.1946652540937066
515 : -1.5460395030677319
516 : 0.825747876893729
517 : -0.6075731837190688
518 : -4.4624007903039455
519 : -1.3451872188597918
520 : -1.3826685501262546
521 : -0.8371026366949081
522 : 0.13915504794567823
523 : -1.2047521811909974
524 : -2.5801882445812225
525 : -1.1119821956381202
526 : -1.4382047075778246
527 : -1.9129883097484708
528 : -0.7601787112653255
529 : -1.4149170303717256
530 : -0.6570551078766584
531 : -1.738225320354104
532 : -1.2075983956456184
533 : -0.9616740811616182
534 : -0.8946097372099757
535 : -0.6758467368781567
536 : -1.3998622689396143
537 : -0.8854023767635226
538 : -0.7854292336851358
539 : -0.7177956500090659
540 : -1.612111303023994
541 : -0.2389880707487464
542 : 1.3525268603116274
543 : 0.6622560927644372
544 : -2.002722654491663
545 : -1.0612257453612983
546 : -3.600294342264533
547 : -1.4393158555030823
548 : -1.7061691358685493
549 : -1.320208316668868
550 : -1.3485990092158318
551 : -1.5913738505914807
552 : -1.4906294345855713
553 : -1.160542210098356
554 : -2.223472334444523
555 : -1.0983662684448063
556 : -3.4230511630885303
557 : 3.765744215808809
558 : -1.7109081000089645
559 : -0.8966664085164666
560 : -1.9702780693769455
561 : -0.8862846102565527
562 : 1.0206138514913619
563 : -3.6822268217802048
564 : -2.073267441810458
565 : -1.0789819355122745
566 : -1.4542106743901968
567 : -1.1367984293028712
568 : -1.3438124191015959
569 : -1.3029240053147078
570 : -1.1720658326521516
571 : -2.4209058098495007
572 : -0.6758012687787414
573 : -1.3998964801430702
574 : -1.3749990118667483
575 : -1.4693579338490963
576 : 0.2467397372238338
577 : -1.49055534042418
578 : -0.8148075509816408
579 : 0.4305799212306738
580 : -1.01114911865443
581 : -0.8827952358406037
582 : -1.06783119821921
583 : -1.739709984511137
584 : -2.008841252885759
585 : -0.9412025436758995
586 : -1.4810099070891738
587 : -1.141584761440754
588 : -0.8381315362639725
589 : -1.3123524966649711
590 : -2.0470519922673702
591 : -3.3941973990295082
592 : -1.6111583523452282
593 : -1.1097661452367902
594 : -1.6724720066413283
595 : -0.2047740463167429
596 : 2.7481425255537033
597 : -1.9404470883309841
598 : -1.6452866196632385
599 : -3.6188452085480094
600 : -1.5209953924641013
601 : -0.7861444484442472
602 : -1.6910418197512627
603 : -1.6105383411049843
604 : -1.4517919290810823
605 : -0.5826830710284412
606 : -1.4260177090764046
607 : -1.3385794796049595
608 : -1.7841255851089954
609 : -1.4873729795217514
610 : 1.924894426483661
611 : -0.7303389208391309
612 : 5.460286572575569
613 : -3.2332279309630394
614 : -2.277548333629966
615 : -1.8531147316098213
616 : -2.700459507293999
617 : -1.0719291102141142
618 : 0.4357288219034672
619 : 0.5108034969307482
620 : -2.7262100828811526
621 : -1.363334022462368
622 : -1.6897437181323767
623 : -1.9622335322201252
624 : -1.0020456458441913
625 : -1.5376927331089973
626 : -0.7644770601764321
627 : -1.4900508970022202
628 : -1.0220676916651428
629 : -2.5464668050408363
630 : -1.7020009234547615
631 : -1.0796972941607237
632 : -1.667492087930441
633 : -2.060480797663331
634 : -2.2854444589465857
635 : -1.9636271391063929
636 : -0.8916265275329351
637 : -2.0629564826376736
638 : -1.6278716567903757
639 : 4.437075178604573
640 :/home/j/jensenj/.local/lib/python3.6/site-packages/gym/logger.py:30: UserWarning: [33mWARN: Box bound precision lowered by casting to float32[0m
  warnings.warn(colorize('%s: %s'%('WARN', msg % args), 'yellow'))
 -1.276058731134981
641 : -6.43176771979779
642 : -1.6314371721819043
643 : -0.525128576438874
644 : -1.093181161209941
645 : -0.6381957113044336
646 : -0.7941951137036085
647 : -0.7695659659802914
648 : -1.4163927622139454
649 : -2.1218525394797325
650 : -0.7737322933971882
651 : -1.3940517418086529
652 : -0.902154728770256
653 : -1.1793061746284366
654 : -0.6941359336487949
655 : -1.7827636674046516
656 : -1.2920200650114566
657 : -1.6936994567513466
658 : -1.3813301865011454
659 : -1.2210733694955707
660 : -1.7908198015065864
661 : -1.4448576495051384
662 : -0.38141195429489017
663 : -0.619431970641017
664 : -1.2768764533102512
665 : -1.6952139297500253
666 : -1.5310177765786648
667 : -3.275057823397219
668 : 0.3116111159324646
669 : -0.85914471372962
!!! updated
670 : -1.921289261430502
671 : -0.22011659247800708
672 : 0.29997529461979866
673 : -2.726957753300667
674 : -2.503463327884674
675 : -2.9649760387837887
676 : 0.3844883879646659
677 : -2.387000359594822
678 : 0.4984250757843256
679 : -1.1570475515909493
680 : -1.3066514725796878
681 : 0.5063138222321868
682 : -0.9559815498068929
683 : 0.5843952600844204
684 : 0.12318885186687112
685 : -1.589566094102338
686 : 0.652525283396244
687 : -2.9897812232375145
688 : -3.1832634806632996
689 : 0.709882297553122
690 : -2.8097070418298244
691 : -1.7013076059520245
692 : 0.3711847113445401
693 : 0.45510747749358416
694 : -0.597665024921298
695 : -2.9443708173930645
696 : -2.509133867919445
697 : 0.655978390481323
698 : -2.346272137016058
699 : -0.31175785697996616
700 : -2.9047679752111435
701 : 0.3079972928389907
702 : -3.0173469856381416
703 : -1.5663973428308964
704 : 0.4055468225851655
705 : -0.9982889951206744
706 : -2.683820467442274
707 : 0.1358762700110674
708 : 0.6147719863802195
709 : -2.946028620004654
710 : 0.27474663127213717
711 : -2.872285060584545
712 : 0.6643589823506773
713 : 0.5299898600205779
714 : -2.084794394671917
715 : -3.1263673827052116
716 : -0.8913171836175025
717 : 0.3846350768581033
718 : 0.3896919935941696
719 : -2.978842243552208
720 : -0.3143203076906502
721 : -3.2174957990646362
722 : -0.7466937014833093
723 : 0.6781163960695267
724 : -1.2845293787540868
725 : 0.5924753844738007
726 : -2.0953838489949703
727 : -2.9583042971789837
728 : 0.47780047357082367
729 : -2.8100823014974594
730 : -2.7782474234700203
731 : -0.5648111482150853
732 : -1.4718245826661587
733 : 0.531636112369597
734 : -1.078412818373181
735 : 0.28644249215722084
736 : -2.816483534872532
737 : -1.9521670266985893
738 : -0.23126559937372804
739 : 0.3497662153095007
740 : -1.473604632075876
741 : -0.3695822220761329
742 : -2.7975862212479115
743 : -2.5467659533023834
744 : 0.4887544196099043
745 : -0.5747345774434507
746 : 0.5319166341796517
747 : -0.0433703288435936
748 : -1.331018561613746
749 : -0.21875536860898137
750 : -0.3980097956955433
751 : -2.3162084370851517
752 : -1.031091037322767
753 : -0.41578085510991514
754 : 0.4373635519295931
755 : -1.4954279093071818
756 : -2.701308809220791
757 : -0.9481792338192463
758 : -0.15854473784565926
759 : -2.043379694223404
760 : -1.9704303927719593
761 : -3.059583678841591
762 : 0.38017490319907665
763 : 0.5222184117883444
764 : -1.2213835841976106
765 : 0.45971183478832245
766 : 0.6487616025842726
767 : 0.014322968199849129
768 : -2.7593542225658894
769 : -0.06298605864867568
770 : -2.8695175014436245
771 : -3.102301739156246
772 : -3.0164985731244087
773 : -0.9016465460881591
774 : 0.3657149327918887
775 : 0.5636905618011951
776 : -0.20189650496467948
777 : 0.5603314843028784
778 : -3.091750033199787
779 : 0.5106030832976103
780 : -1.3565616342239082
781 : 0.7105050021782517
782 : -2.5474523827433586
783 : -2.074709925800562
784 : -1.4337925128638744
785 : 0.5199479348957539
786 : -0.34479193575680256
787 : 0.4554519522935152
788 : 0.6251854095607996
789 : -2.495926707983017
790 : -2.3695312961935997
791 : -1.2530853060306981
792 : -2.6693290919065475
793 : -0.191227238625288
794 : -1.2516506700776517
795 : -1.0604760344140232
796 : 0.5536622861400247
797 : -1.939470499753952
798 : -0.30990197183564305
799 : -1.9633288457989693
800 : -0.38350735232234
801 : -0.12870467454195023
802 : -2.1271979957818985
803 : 0.11611935216933489
804 : -2.6686558052897453
805 : -1.5433369940146804
806 : -2.783424310386181
807 : -1.4494964417535812
808 : -0.6707424689084291
809 : 0.2543212100863457
810 : -2.5666472017765045
811 : -1.5210187202319503
812 : -2.719972427934408
813 : 0.10244455095380545
814 : -0.34066234389320016
815 : -0.8530902527272701
816 : 0.11956600658595562
817 : -2.8511145189404488
818 : -1.29924123280216
819 : -0.038943519815802574
820 : 0.6875659041106701
821 : -3.0054696910083294
822 : -0.01501321792602539
823 : -2.22533118724823
824 : -1.354462152288761
825 : -3.0450592562556267
826 : 0.36729494109749794
827 : -1.3766383077017963
828 : -0.5680161828640848
829 : -1.4368803757242858
830 : -3.3198803141713142
831 : 0.007041303440928459
832 : -0.12552015390247107
833 : 0.6060215439647436
834 : -0.8695591343566775
835 : -1.7399516236037016
836 : -2.092105358839035
837 : -2.9254013933241367
838 : -0.7519094254821539
839 : 0.14756621699780226
840 : -2.006407480686903
841 : 0.5339633878320456
842 : -1.478769730310887
843 : -0.46124761272221804
844 : -1.1271733748726547
845 : -2.856356307864189
846 : -2.958016872406006
847 : -1.8149781078100204
848 : -2.385051190853119
849 : 0.03708960022777319
850 : -2.6251010857522488
851 : -0.7765892702154815
852 : -3.023267239332199
853 : -1.0906738289631903
854 : -1.8469221219420433
855 : -2.6296824738383293
856 : -2.971398152410984
857 : 0.3194489907473326
858 : -1.6796188242733479
859 : 0.25060754641890526
860 : -2.022779382765293
861 : -2.7322291918098927
862 : -1.8816429898142815
863 : 0.4953044611029327
864 : -0.6373880188912153
865 : 0.7627321183681488
866 : -2.9336851574480534
867 : 0.2200277498923242
868 : -2.6813388392329216
869 : 0.271791682112962
870 : -2.9514833949506283
871 : 0.07968281116336584
872 : -2.9189193323254585
873 : -2.8674247413873672
874 : -0.46037890762090683
875 : 0.5723495660349727
876 : 0.06474065035581589
877 : -1.9117440171539783
878 : -2.638714239001274
879 : -2.7757061533629894
880 : -0.3042699284851551
881 : -2.8750894367694855
882 : -0.9233672902919352
883 : -1.0646314696641639
884 : 0.46726128086447716
885 : -2.2368902564048767
886 : -0.507499510422349
887 : -2.1339464224874973
888 : -1.3871027352288365
889 : -2.346598409116268
890 : -0.6788288624957204
891 : -0.4394290349446237
892 : 0.7164515201002359
893 : -2.6921546906232834
894 : -2.4161027558147907
895 : -2.7844545021653175
896 : -0.5686370739713311
897 : -0.1903207739815116
898 : -0.3048365879803896
899 : 0.694455835968256
900 : -2.9782170690596104
901 : -1.0317905619740486
902 : 0.5284315347671509
903 : -3.0688579455018044
904 : -2.8156945072114468
905 : -0.3474948664661497
906 : -0.26734214276075363
907 : 0.5715103074908257
908 : -2.826487682759762
909 : -2.5634699016809464
910 : -2.2912266738712788
911 : 0.537597144022584
912 : -3.094225823879242
913 : 0.43163865618407726
914 : -1.0536129691172391
915 : 0.7724775401875377
916 : 0.3018980943597853
917 : -0.9700601019430906
918 : -2.7401065416634083
919 : -2.9825425520539284
920 : -1.0806044931523502
921 : -2.8057172559201717
922 : -2.711199350655079
923 : -0.7871406390331686
924 : -0.1580170514062047
925 : -2.292363351210952
926 : -0.9321125547867268
927 : -1.8116427771747112
928 : -1.4698199471458793
929 : -1.7511971193598583
930 : 0.5733727677725255
931 : -0.3640173622407019
932 : -2.5429651737213135
933 : 0.6001590760424733
934 : -2.484449552372098
935 : 0.7479916792362928
936 : -2.193895446136594
937 : -2.257873009890318
938 : -0.8235139101743698
939 : -1.2716636401601136
940 : 0.1675518429838121
941 : -1.7231605951674283
942 : -0.1613499135710299
943 : -0.02631385251879692
944 : -3.006494916975498
945 : 0.23807228496298194
946 : -0.8785990447504446
947 : 0.5905155465006828
948 : -2.9224163815379143
949 : 0.4872889779508114
950 : 0.35459583532065153
951 : -2.8563643097877502
952 : 0.519503247924149
953 : -2.426953637972474
954 : -2.272010624408722
955 : -1.0071893632411957
956 : -1.6750550917349756
957 : 0.4338738527148962
958 : 0.609526515007019
959 : -1.804754976183176
960 : 0.17916924320161343
961 : -0.4035615250468254
962 : -0.9767847035545856
963 : -2.604136072099209
964 : -2.5249283611774445
965 : -2.125396872404963
966 : -2.3023533951491117
967 : -2.054351579397917
968 : -3.02427427098155
969 : -2.841580882668495
970 : 0.49634153954684734
971 : 0.6559744458645582
972 : -0.4455049764364958
973 : -1.6426098141819239
974 : -3.149085946381092
975 : -1.982292152941227
976 : -0.27805821178480983
977 : 0.6598508995957673
978 : -0.5159642980434
979 : -1.6353602185845375
980 : 0.4294600114226341
981 : -2.7102402932941914
982 : -1.3397767706774175
983 : -1.1893986323848367
984 : -1.1606069883564487
985 : -0.6682183453813195
986 : -2.9470081850886345
987 : 0.5552268996834755
988 : 0.6209355713799596
989 : 0.5395634369924664
990 : 0.2813296038657427
991 : -2.715254072099924
992 : 0.07923921197652817
993 : -0.3858431479893625
994 : 0.5739578120410442
995 : -0.5123492190614343
996 : -0.7075068168342113
997 : -0.8301745363278314
998 : -0.2509481734596193
999 : -2.8622869700193405
Setting up 2 worker threads for Enlighten.
  Thread -> id: 7f4d81c1b700 -> priority: 1 
  Thread -> id: 7f4d8141a700 -> priority: 1 
2020-06-25 12:40:18 INFO [environment.py:418] Environment shut down with return code 0.
