slurmstepd-anlauter: error: Unable to create TMPDIR [/tmp/user/30108]: Permission denied
slurmstepd-anlauter: error: Setting TMPDIR to /tmp
Found path: /home/j/jensenj/PycharmProjects/Federer-Jr./src/../crawler_single/linux/dynamic_server/crawler_dynamic.x86_64
Mono path[0] = '/home/j/jensenj/PycharmProjects/Federer-Jr./src/../crawler_single/linux/dynamic_server/crawler_dynamic_Data/Managed'
Mono config path = '/home/j/jensenj/PycharmProjects/Federer-Jr./src/../crawler_single/linux/dynamic_server/crawler_dynamic_Data/MonoBleedingEdge/etc'
Preloaded 'lib_burst_generated.so'
Preloaded 'libgrpc_csharp_ext.x64.so'
Initialize engine version: 2019.3.15f1 (59ff3e03856d)
[Subsystems] Discovering subsystems at path /home/j/jensenj/PycharmProjects/Federer-Jr./src/../crawler_single/linux/dynamic_server/crawler_dynamic_Data/UnitySubsystems
Forcing GfxDevice: Null
GfxDevice: creating device client; threaded=0
NullGfxDevice:
    Version:  NULL 1.0 [1.0]
    Renderer: Null Device
    Vendor:   Unity Technologies
Begin MonoManager ReloadAssembly
- Completed reload, in  0.096 seconds
WARNING: Shader Unsupported: 'Autodesk Interactive' - All passes removed
WARNING: Shader Did you use #pragma only_renderers and omit this platform?
UnloadTime: 0.435150 ms
Fallback handler could not load library /home/j/jensenj/PycharmProjects/Federer-Jr./src/../crawler_single/linux/dynamic_server/crawler_dynamic_Data/Mono/libcoreclr.so
Fallback handler could not load library /home/j/jensenj/PycharmProjects/Federer-Jr./src/../crawler_single/linux/dynamic_server/crawler_dynamic_Data/Mono/libcoreclr.so
Fallback handler could not load library /home/j/jensenj/PycharmProjects/Federer-Jr./src/../crawler_single/linux/dynamic_server/crawler_dynamic_Data/Mono/libcoreclr.so
Fallback handler could not load library /home/j/jensenj/PycharmProjects/Federer-Jr./src/../crawler_single/linux/dynamic_server/crawler_dynamic_Data/Mono/libSystem.dylib
Fallback handler could not load library /home/j/jensenj/PycharmProjects/Federer-Jr./src/../crawler_single/linux/dynamic_server/crawler_dynamic_Data/Mono/libSystem.dylib.so
Fallback handler could not load library /home/j/jensenj/PycharmProjects/Federer-Jr./src/../crawler_single/linux/dynamic_server/crawler_dynamic_Data/Mono/libSystem.dylib
Fallback handler could not load library /home/j/jensenj/PycharmProjects/Federer-Jr./src/../crawler_single/linux/dynamic_server/crawler_dynamic_Data/Mono/libcoreclr.so
Fallback handler could not load library /home/j/jensenj/PycharmProjects/Federer-Jr./src/../crawler_single/linux/dynamic_server/crawler_dynamic_Data/Mono/libcoreclr.so
Fallback handler could not load library /home/j/jensenj/PycharmProjects/Federer-Jr./src/../crawler_single/linux/dynamic_server/crawler_dynamic_Data/Mono/libcoreclr.so
Fallback handler could not load library /home/j/jensenj/PycharmProjects/Federer-Jr./src/../crawler_single/linux/dynamic_server/crawler_dynamic_Data/Mono/libSystem.dylib
Fallback handler could not load library /home/j/jensenj/PycharmProjects/Federer-Jr./src/../crawler_single/linux/dynamic_server/crawler_dynamic_Data/Mono/libSystem.dylib.so
Fallback handler could not load library /home/j/jensenj/PycharmProjects/Federer-Jr./src/../crawler_single/linux/dynamic_server/crawler_dynamic_Data/Mono/libSystem.dylib
/home/j/jensenj/.local/lib/python3.6/site-packages/tensorboard/compat/tensorflow_stub/dtypes.py:541: FutureWarning: Passing (type, 1) or '1type' as a synonym of type is deprecated; in a future version of numpy, it will be understood as (type, (1,)) / '(1,)type'.
  _np_qint8 = np.dtype([("qint8", np.int8, 1)])
/home/j/jensenj/.local/lib/python3.6/site-packages/tensorboard/compat/tensorflow_stub/dtypes.py:542: FutureWarning: Passing (type, 1) or '1type' as a synonym of type is deprecated; in a future version of numpy, it will be understood as (type, (1,)) / '(1,)type'.
  _np_quint8 = np.dtype([("quint8", np.uint8, 1)])
/home/j/jensenj/.local/lib/python3.6/site-packages/tensorboard/compat/tensorflow_stub/dtypes.py:543: FutureWarning: Passing (type, 1) or '1type' as a synonym of type is deprecated; in a future version of numpy, it will be understood as (type, (1,)) / '(1,)type'.
  _np_qint16 = np.dtype([("qint16", np.int16, 1)])
/home/j/jensenj/.local/lib/python3.6/site-packages/tensorboard/compat/tensorflow_stub/dtypes.py:544: FutureWarning: Passing (type, 1) or '1type' as a synonym of type is deprecated; in a future version of numpy, it will be understood as (type, (1,)) / '(1,)type'.
  _np_quint16 = np.dtype([("quint16", np.uint16, 1)])
/home/j/jensenj/.local/lib/python3.6/site-packages/tensorboard/compat/tensorflow_stub/dtypes.py:545: FutureWarning: Passing (type, 1) or '1type' as a synonym of type is deprecated; in a future version of numpy, it will be understood as (type, (1,)) / '(1,)type'.
  _np_qint32 = np.dtype([("qint32", np.int32, 1)])
/home/j/jensenj/.local/lib/python3.6/site-packages/tensorboard/compat/tensorflow_stub/dtypes.py:550: FutureWarning: Passing (type, 1) or '1type' as a synonym of type is deprecated; in a future version of numpy, it will be understood as (type, (1,)) / '(1,)type'.
  np_resource = np.dtype([("resource", np.ubyte, 1)])
2020-06-25 12:03:21 INFO [environment.py:108] Connected to Unity environment with package version 1.0.2 and communication version 1.0.0
2020-06-25 12:03:21 INFO [environment.py:265] Connected new brain:
CrawlerDynamic?team=0
2020-06-25 12:03:21 WARNING [__init__.py:92] The environment contains multiple observations. You must define allow_multiple_obs=True to receive them all. Otherwise, only the first visual observation (or vector observation ifthere are no visual observations) will be provided in the observation.
/home/j/jensenj/.local/lib/python3.6/site-packages/gym/logger.py:30: UserWarning: [33mWARN: Box bound precision lowered by casting to float32[0m
  warnings.warn(colorize('%s: %s'%('WARN', msg % args), 'yellow'))
/home/j/jensenj/.local/lib/python3.6/site-packages/numpy/core/_methods.py:160: RuntimeWarning: invalid value encountered in reduce
  ret = umr_sum(arr, axis, dtype, out, keepdims)
update_time_steps: 4096 , ppo_epochs: 2 , beta:  0.1 , gamma 0.9
0 : -0.13453007489442825
1 : -1.0737906543072313
2 : 2.644911169540137
3 : 2.3169102952815592
4 : -0.897395895794034
5 : -1.4288049153983593
6 : -2.256672967225313
7 : -3.4379580691456795
8 : 4.35109574533999
9 : -1.5627244543284178
10 : 2.0372679345309734
11 : -1.3446573503315449
12 : -1.7592631466686726
13 : -1.3400886380113661
14 : -0.9583500302396715
15 : -1.9766611652448773
16 : -0.5337994948495179
17 : -0.8666755259037018
18 : -1.6003903951495886
19 : -1.465114596299827
20 : -0.8505014558322728
21 : -1.4060373869724572
22 : -1.804138774634339
23 : 0.2177602001465857
24 : -2.5859515238553286
25 : -1.5980570688843727
26 : 0.6758115109987557
27 : -1.1199704110622406
28 : -6.595985434949398
29 : -1.0568847660906613
30 : -1.1983614983037114
31 : -1.010307134129107
32 : 0.39083654899150133
33 : 1.0199518102454022
34 : -0.8798874653875828
35 : -0.343987874686718
36 : -1.3121612506220117
37 : -1.2573452666401863
38 : -1.2198690548539162
39 : -1.4531087363138795
40 : -2.0120018320158124
41 : -0.9309154973598197
42 : -4.593579716980457
43 : -2.0782942958176136
44 : 5.054294761270285
45 : -14.071083510294557
46 : -0.8913780190050602
47 : -1.266421209089458
48 : -0.5035408139228821
49 : -1.5920685017481446
50 : -4.409961866214871
51 : -1.17151740193367
52 : -2.150655534118414
53 : -2.8780942312441766
54 : -4.581824006512761
55 : -2.1682775616645813
56 : 1.5940485389437526
57 : -1.0673860949464142
58 : -1.482617179164663
59 : -1.1319385380484164
60 : -3.2959597813896835
61 : -1.553615908138454
62 : -5.558266105130315
63 : -0.8982524899765849
64 : 7.658610858023167
65 : -0.6084307939745486
66 : 2.6456288509070873
67 : -2.04425485432148
68 : -1.6087707756087184
69 : -0.8708296958357096
70 : -14.803087550215423
71 : -0.9461644142866135
72 : -1.3053215155377984
73 : -2.2464242950081825
74 : -0.8235297994688153
75 : -1.9907199796289206
76 : -1.715074531501159
77 : -1.2465414050966501
78 : -1.2598912422545254
79 : 1.4797725770622492
80 : -0.3636909192427993
81 : -5.809219050221145
82 : -1.7835772819817066
83 : -2.2646337447222322
84 : -8.994388103485107
85 : -3.680547907948494
86 : 2.314981397241354
87 : -1.1380317630246282
88 : -0.39811005210503936
89 : -1.5598586462438107
90 : -3.543985929340124
91 : -1.4872985063120723
92 : -1.4056935720145702
93 : -1.0088079483248293
94 : -1.2718149502761662
95 : -1.7971180081367493
96 : -1.2497366582974792
97 : 9.600482252426445
98 : -1.7023517042398453
99 : -1.2274779453873634
100 : -0.9957559462636709
101 : -1.7618529107421637
102 : -0.6429361491464078
103 : -1.0743782063946128
104 : 1.4768970161676407
105 : -1.4333242485299706
106 : -1.1210675700567663
107 : -0.8471728237345815
108 : -0.7015315569005907
109 : -0.9859474003314972
110 : -2.4511770382523537
111 : 3.3324937084689736
112 : -0.7986106621101499
113 : -0.5609106840565801
114 : 3.257047515362501
115 : -4.960307542234659
116 : -1.3509683087468147
117 : -1.4945448506623507
118 : -3.280770070850849
119 : 1.6085231872275472
120 : -1.853324968367815
121 : -9.499237132724375
122 : -3.7202016338706017
123 : -4.6928416774608195
124 : 0.7816435801796615
125 : -10.671026499010623
126 : -1.1280407276935875
127 : -1.0147081441245973
128 : -1.8300192626193166
129 : -1.8627901789732277
130 : 1.397065768018365
131 : -1.013024127110839
132 : -1.3125615126919001
133 : -0.770438855048269
134 : -1.1294593131169677
135 : -4.566075315698981
136 : 2.4167428761720657
137 : -1.7417966928333044
138 : -1.3931778795085847
139 : -1.3589125610888004
140 : -1.7898326758295298
141 : -0.7444121679291129
142 : -0.9035643739625812
143 : -1.5980537422001362
144 : -1.5997640849091113
145 : -3.421206320170313
146 : -1.5968620441854
147 : -1.506999152712524
148 : -1.0082946410402656
149 : -0.8872810117900372
150 : -1.2485095765441656
151 : -1.4761289218440652
152 : -1.342800261452794
153 : -0.5059706503525376
154 : -1.6496326550841331
155 : -1.411957636475563
156 : -5.071808327920735
157 : -1.6769850601558574
158 : -3.677334839478135
159 : -1.4223418571054935
160 : -5.509461578913033
161 : -0.3778003780171275
162 : -0.9756181878037751
163 : -2.500766433775425
164 : -1.0946592108812183
165 : 4.362944534048438
166 : -1.2064204944763333
167 : -0.12594403908587992
168 : -1.2757514640688896
169 : -1.2633164152503014
170 : -0.94256999832578
171 : -0.834450731985271
172 : -1.076420652680099
173 : 5.089937869459391
174 : -1.082889883313328
!!! updated
175 : -1.482411163393408
176 : -2.6054026837809943
177 : -1.0767597337253392
178 : -2.158537371084094
179 : -1.8584111705422401
180 : -1.058689157711342
181 : -1.2513633258640766
182 : -1.0875244562048465
183 : -1.0943332738243043
184 : -1.2469222890213132
185 : -1.0385612226091325
186 : -1.2664047926664352
187 : -1.1254198180977255
188 : -1.1775258425623178
189 : -1.2025449397042394
190 : -1.383393818512559
191 : 2.217341896146536
192 : -1.3937338627874851
193 : -1.13037926889956
194 : -1.5736168809235096
195 : -1.1923889592289925
196 : -1.7885343506932259
197 : -1.0533145102672279
198 : -1.494320577941835
199 : -1.264427699148655
200 : -1.4447951763868332
201 : -1.2087838109582663
202 : -0.8827461432665586
203 : -2.1705737859010696
204 : -1.0567672809120268
205 : -2.866065338253975
206 : -1.4199301395565271
207 : -1.55876325070858
208 : 0.6342406223993748
209 : -1.0512311118654907
210 : -1.168042479082942
211 : -1.840415507555008
212 : -1.3221511505544186
213 : -0.9884686986915767
214 : -1.3024514000862837
215 : -1.0153530733659863
216 : 0.3028752999380231
217 : -1.4563773768022656
218 : -1.3499259073287249
219 : -1.0212718551047146
220 : -1.7789626782760024
221 : -1.0405598068609834
222 : -1.276313429698348
223 : -0.7833290006965399
224 : -1.7482367232441902
225 : -1.4655604548752308
226 : -1.09466580953449
227 : 1.7927313121035695
228 : -1.1749341348186135
229 : -1.8607408232055604
230 : -1.5160938166081905
231 : -1.200679024681449
232 : -1.3509497791528702
233 : -1.2789753079414368
234 : -1.1000590426847339
235 : -1.3424213863909245
236 : -1.6266248300671577
237 : -1.288633532822132
238 : -1.8705577747896314
239 : -1.4551858566701412
240 : -0.9673618241213262
241 : -1.4352141879498959
242 : -1.382536303019151
243 : -1.1275154841132462
244 : -1.2891301270574331
245 : -1.4165640473365784
246 : -1.4367306199856102
247 : -1.3136517088860273
248 : -1.9408414838835597
249 : -1.2358211670070887
250 : -1.0518955949228257
251 : -1.6536853201687336
252 : -0.917508736718446
253 : -1.5453984700143337
254 : -1.0471589273074642
255 : -2.881174199283123
256 : -1.0497282408177853
257 : -0.966031507588923
258 : -1.0231515252962708
259 : 0.7838843930512667
260 : -1.363085974007845
261 : -1.3213722743093967
262 : -1.0061709508299828
263 : -0.9683091174811125
264 : 4.521132750436664
265 : -1.3985361941158772
266 : -2.025896003469825
267 : -1.285616621375084
268 : -1.326206762343645
269 : -1.8289173394441605
270 : -0.9961880445480347
271 : -1.471077784895897
272 : -1.2977524138987064
273 : -1.3513495586812496
274 : -1.4745958894491196
275 : -1.1479541794396937
276 : 5.582259496673942
277 : -1.6729394048452377
278 : -0.9230681471526623
279 : -1.143676201812923
280 : -1.009095257613808
281 : -1.4003445599228144
282 : -1.37682643532753
283 : -1.4327009283006191
284 : -1.134430751670152
285 : -1.0834434665739536
286 : -1.410374449333176
287 : -1.439420610666275
288 : -1.267097009345889
289 : -1.3412142195738852
290 : -1.3995078206062317
291 : -1.1369596337899566
292 : -1.1340408809483051
293 : -1.647359024733305
294 : -1.0480478517711163
295 : -0.9184519960545003
296 : -1.4314513988792896
297 : -1.0125543167814612
298 : -0.9933574390597641
299 : -1.2141607198864222
300 : -2.3077415451407433
301 : -1.1452522045001388
302 : -1.0818624787498266
303 : -1.2914338801056147
304 : -1.6302066296339035
305 : -1.0483448111917824
306 : -0.8781385137699544
307 : -1.5633901506662369
308 : -1.7107595009729266
309 : -0.9333182675763965
310 : -1.2753199115395546
311 : -1.3655386809259653
312 : -1.3820316861383617
313 : -1.5226638726890087
314 : -1.2901591621339321
315 : -1.3996260464191437
316 : -1.0557274329476058
317 : -1.6969148333882913
318 : -1.3240552209317684
319 : -0.9292662958614528
320 : -1.239759385585785
321 : -0.9660123107023537
322 : -1.245311526581645
323 : -1.4538661614060402
324 : -1.4354194663465023
325 : -1.534175019711256
326 : -1.2063990635797381
327 : -1.109469105489552
328 : -1.1651241552317515
329 : -1.533588346093893
330 : -2.201649036258459
331 : -1.317154135555029
332 : -0.9348327443003654
333 : -1.2578401174396276
334 : 2.956349820829928
335 : -1.836003452539444
336 : 3.099634333513677
337 : -1.532545305788517
338 : -2.564822532236576
339 : -1.2814763616770506
340 : -1.039244840387255
341 : -0.8013444319367409
342 : -0.5522176972590387
343 : -1.184355289209634
344 : -1.139361945912242
345 : 4.965221235528588
346 : 1.7021348923444748
347 : -0.8571493956260383
348 : -1.6603194186463952
349 : -1.5545503534376621
350 : -1.3069276362657547
351 : -1.270105408038944
352 : -1.277469128370285
353 : 1.173091882839799
354 : -1.5298865959048271
355 : -1.2685107178986073
356 : -0.9622376994229853
357 : -1.0054228003136814
358 : -1.2731365580111742
359 : -1.4213497750461102
360 : -0.9029791313223541
361 : -1.2728200093843043
362 : -1.6512432396411896
363 : -1.3303063660860062
364 : -1.2515738792717457
365 : -1.5835810753051192
366 : -2.0415452383458614
367 : -1.5385399740189314
368 : -1.5846659652888775
369 : -1.3169173672795296
370 : -1.2285273596644402
371 : -1.8868655562400818
372 : -0.9608441418968141
373 : -1.129460676573217
374 : -1.7637842521071434
375 : -1.5300124660134315
376 : -2.0244538486003876
377 : -1.1454889243468642
378 : -1.2622396908700466
379 : -1.4209042713046074
380 : -2.1770125664770603
381 : -1.334986416157335
382 : -1.1592930695333052
383 : 5.330241246148944
384 : -1.008775060530752
385 : -1.152147488668561
386 : -1.0680035464465618
387 : -1.404312270344235
388 : -1.1849491680040956
389 : -1.590756393969059
390 : -1.396415388211608
391 : -1.866564005613327
392 : -1.3500403203070164
393 : -0.9038239722140133
394 : -1.2011105809360743
395 : -1.0387337720021605
396 : -1.2494782246649265
397 : -0.8981934087350965
398 : -1.1782474983483553
399 : -1.078036535414867
400 : -1.4789927173405886
401 : -0.9777841616887599
402 : -1.207426028791815
403 : -0.9588446761481464
404 : -1.0977870533242822
405 : -2.715867817401886
406 : -1.3362257592380047
407 : -1.141252238303423
408 : 0.7444729115813971
409 : -2.253187059191987
410 : -1.2548611164093018
411 : -1.2136266585439444
412 : -1.4277994073927402
413 : -1.2649445831775665
414 : -1.0040277331136167
415 : -1.2817849963903427
416 : -1.4344513630494475
417 : -0.9995659152045846
418 : -1.0224897785665235
419 : -1.0773115861229599
420 : -1.3859793320298195
421 : -2.1890493631362915
422 : -1.350344330072403
423 : -2.1075445618480444
424 : -1.2725758831948042
425 : -0.8224524955730885
426 : -1.837585262954235
427 : -1.4028778336942196
428 : -2.151390179991722
429 : -1.3503439547494054
430 : -2.36211508885026
431 : -1.364603165537119
432 : -1.2750177034176886
433 : -1.4576248787343502
434 : -1.2454801704734564
435 : -1.2895385567098856
436 : -0.9801495778374374
437 : -1.1000229567289352
438 : -1.0777725771768019
439 : -1.2927138470113277
440 : -0.9625997974071652
441 : -1.348928514868021
442 : -1.3023708835244179
443 : -3.051879970356822
444 : -0.8731085248291492
445 : -1.08718441426754
446 : -1.0423478553420864
447 : -1.0754112261347473
448 : -1.5863279737532139
449 : -1.0695898635312915
450 : -1.4364392682909966
451 : -1.1651440924033523
452 : -1.838846551720053
453 : -0.8837385103106499
454 : -1.5347959399223328
455 : -1.9390255510807037
456 : -1.7033264674246311
457 : -1.0246308716014028
458 : -0.8277966938912868
459 : -1.4490320980548859
460 : -0.9918558071367443
461 : -1.3505861200392246
462 : -1.0254618139006197
463 : -1.3923949003219604
464 : -1.4936993010342121
465 : -1.0199056388810277
466 : -1.6745805628597736
467 : -1.0878551006317139
468 : -1.1016852767206728
469 : -1.473995141685009
470 : -1.419230718165636
471 : -1.3467071913182735
472 : -1.1297668432816863
473 : -1.2380708889104426
474 : -1.2168915830552578
475 : -0.7677385099232197
476 : -0.9928087666630745
477 : -0.43239737302064896
478 : 0.16472693905234337
479 : -1.555822093039751
480 : -1.5094608776271343
481 : -2.9751217514276505
482 : -1.220342276385054
483 : -1.9841152168810368
484 : -0.9507617214694619
485 : -1.6107759587466717
486 : -0.8669164055027068
487 : -1.4863480851054192
488 : 3.0320153068751097
489 : -1.4089103480800986
490 : -1.0797088779509068
491 : -2.135359453037381
492 : -1.1908085327595472
493 : -1.04845896596089
494 : -1.2322136629372835
495 : -1.5597099149599671
496 : 0.564031002111733
497 : -0.4046856239438057
498 : -1.5038019218482077
499 : -2.0417485339567065
500 : -0.8837104151025414
501 : -1.0006972863338888
502 : -1.6190746054053307
503 : -1.3852306492626667
504 : -2.239506241865456
505 : -1.0164515348151326
506 : -1.7103728167712688
507 : -0.983582457061857
508 : -0.9635147065855563
509 : -1.509032018482685
510 : -1.0162006127648056
511 : -1.1695733144879341
512 : -1.0772538323653862
513 : -1.347021248191595
514 : -0.922960015013814
515 : -2.09873466193676
516 : -1.1028434056788683
517 : -1.6247088182717562
518 : -1.5596186965703964
519 : -1.5341831408441067
520 : -1.025128394830972
521 : -0.9727103607729077
522 : -0.8099456895142794
523 : -1.589715413749218
524 : -1.318093104287982
525 : -1.5669582933187485
526 : -1.5462675504386425
527 : -1.2319934014230967
528 : -1.392588125076145
529 : -0.9624923630617559
530 : -1.4425711780786514
531 : -1.9828660008497536
532 : -1.060859450371936
533 : -1.420041412115097
534 : -1.539200867060572
535 : -2.6895462702959776
536 : -1.3243737798184156
537 : -1.245102621614933
538 : -1.3526842147111893
539 : -1.259129200130701
540 : 0.579154574777931
541 : -1.5281731486320496
542 : -1.007723935879767
543 : -1.0053539904765785
544 : -1.0007292916998267
545 : -1.4728925339877605
546 : -2.043920187279582
547 : -1.0029969476163387
548 : -1.6348351314663887
549 : -1.0219351858831942
550 : -0.956640622811392
551 : -2.0918156835250556
552 : -1.1204723273403943
553 : -1.2962109558284283
554 : -1.9862023312598467
555 : -1.3830036669969559
556 : -1.3468030709773302
557 : -1.2696093954145908
558 : -0.8911168640479445
559 : -1.3127111429348588
560 : -0.6072377725504339
561 : -2.0601058527827263
562 : -1.17850935831666
563 : -1.1291654468514025
564 : -1.3377286791801453
565 : -2.1958974432200193
566 : -1.0075069312006235
567 : -1.154557335190475
568 : -1.3571445364505053
569 : -0.9840730675496161
570 : -1.044853622559458
571 : -1.0762553680688143
572 : -1.004992967005819
573 : -1.273828755132854
574 : -1.6179011184722185
575 : -1.4871399893891066
576 : -1.7645055167376995
577 : -1.023745605489239
578 : -1.1016664581838995
579 : -0.9677498796954751
580 : -1.5646773874759674
581 : -1.1711024306714535
582 : -1.6718857209198177
583 : -1.9019328518770635
!!! updated
584 : -0.2986374758183956
585 : -1.5662692822515965
586 : -1.4281617254018784
Setting up 2 worker threads for Enlighten.
  Thread -> id: 7f82516c8700 -> priority: 1 
  Thread -> id: 7f8250ec7700 -> priority: 1 
Traceback (most recent call last):
  File "main.py", line 123, in <module>
    returns = [episode(env, agent, i) for i in range(training_episodes)]
  File "main.py", line 123, in <listcomp>
    returns = [episode(env, agent, i) for i in range(training_episodes)]
  File "main.py", line 30, in episode
    next_state, reward, done, _ = env.step(action.numpy()[0])
  File "/home/j/jensenj/.local/lib/python3.6/site-packages/gym_unity/envs/__init__.py", line 177, in step
    self._env.step()
  File "/home/j/jensenj/.local/lib/python3.6/site-packages/mlagents_envs/timers.py", line 305, in wrapped
    return func(*args, **kwargs)
  File "/home/j/jensenj/.local/lib/python3.6/site-packages/mlagents_envs/environment.py", line 319, in step
    self._update_state(rl_output)
  File "/home/j/jensenj/.local/lib/python3.6/site-packages/mlagents_envs/environment.py", line 275, in _update_state
    agent_info_list, self._env_specs[brain_name]
  File "/home/j/jensenj/.local/lib/python3.6/site-packages/mlagents_envs/timers.py", line 305, in wrapped
    return func(*args, **kwargs)
  File "/home/j/jensenj/.local/lib/python3.6/site-packages/mlagents_envs/rpc_utils.py", line 188, in steps_from_proto
    obs_index, obs_shape, decision_agent_info_list
  File "/home/j/jensenj/.local/lib/python3.6/site-packages/mlagents_envs/timers.py", line 305, in wrapped
    return func(*args, **kwargs)
  File "/home/j/jensenj/.local/lib/python3.6/site-packages/mlagents_envs/rpc_utils.py", line 152, in _process_vector_observation
    _raise_on_nan_and_inf(np_obs, "observations")
  File "/home/j/jensenj/.local/lib/python3.6/site-packages/mlagents_envs/rpc_utils.py", line 130, in _raise_on_nan_and_inf
    raise RuntimeError(f"The {source} provided had NaN values.")
RuntimeError: The observations provided had NaN values.
2020-06-25 12:12:47 INFO [environment.py:418] Environment shut down with return code 0.
