slurmstepd-felchbach: error: Unable to create TMPDIR [/tmp/user/30108]: Permission denied
slurmstepd-felchbach: error: Setting TMPDIR to /tmp
Found path: /home/j/jensenj/PycharmProjects/Federer-Jr./src/../crawler_single/linux/dynamic_server/crawler_dynamic.x86_64
Mono path[0] = '/home/j/jensenj/PycharmProjects/Federer-Jr./src/../crawler_single/linux/dynamic_server/crawler_dynamic_Data/Managed'
Mono config path = '/home/j/jensenj/PycharmProjects/Federer-Jr./src/../crawler_single/linux/dynamic_server/crawler_dynamic_Data/MonoBleedingEdge/etc'
Preloaded 'lib_burst_generated.so'
Preloaded 'libgrpc_csharp_ext.x64.so'
Initialize engine version: 2019.3.15f1 (59ff3e03856d)
[Subsystems] Discovering subsystems at path /home/j/jensenj/PycharmProjects/Federer-Jr./src/../crawler_single/linux/dynamic_server/crawler_dynamic_Data/UnitySubsystems
Forcing GfxDevice: Null
GfxDevice: creating device client; threaded=0
NullGfxDevice:
    Version:  NULL 1.0 [1.0]
    Renderer: Null Device
    Vendor:   Unity Technologies
Begin MonoManager ReloadAssembly
- Completed reload, in  0.100 seconds
WARNING: Shader Unsupported: 'Autodesk Interactive' - All passes removed
WARNING: Shader Did you use #pragma only_renderers and omit this platform?
UnloadTime: 0.389785 ms
Fallback handler could not load library /home/j/jensenj/PycharmProjects/Federer-Jr./src/../crawler_single/linux/dynamic_server/crawler_dynamic_Data/Mono/libcoreclr.so
Fallback handler could not load library /home/j/jensenj/PycharmProjects/Federer-Jr./src/../crawler_single/linux/dynamic_server/crawler_dynamic_Data/Mono/libcoreclr.so
Fallback handler could not load library /home/j/jensenj/PycharmProjects/Federer-Jr./src/../crawler_single/linux/dynamic_server/crawler_dynamic_Data/Mono/libcoreclr.so
Fallback handler could not load library /home/j/jensenj/PycharmProjects/Federer-Jr./src/../crawler_single/linux/dynamic_server/crawler_dynamic_Data/Mono/libSystem.dylib
Fallback handler could not load library /home/j/jensenj/PycharmProjects/Federer-Jr./src/../crawler_single/linux/dynamic_server/crawler_dynamic_Data/Mono/libSystem.dylib.so
Fallback handler could not load library /home/j/jensenj/PycharmProjects/Federer-Jr./src/../crawler_single/linux/dynamic_server/crawler_dynamic_Data/Mono/libSystem.dylib
Fallback handler could not load library /home/j/jensenj/PycharmProjects/Federer-Jr./src/../crawler_single/linux/dynamic_server/crawler_dynamic_Data/Mono/libcoreclr.so
Fallback handler could not load library /home/j/jensenj/PycharmProjects/Federer-Jr./src/../crawler_single/linux/dynamic_server/crawler_dynamic_Data/Mono/libcoreclr.so
Fallback handler could not load library /home/j/jensenj/PycharmProjects/Federer-Jr./src/../crawler_single/linux/dynamic_server/crawler_dynamic_Data/Mono/libcoreclr.so
Fallback handler could not load library /home/j/jensenj/PycharmProjects/Federer-Jr./src/../crawler_single/linux/dynamic_server/crawler_dynamic_Data/Mono/libSystem.dylib
Fallback handler could not load library /home/j/jensenj/PycharmProjects/Federer-Jr./src/../crawler_single/linux/dynamic_server/crawler_dynamic_Data/Mono/libSystem.dylib.so
Fallback handler could not load library /home/j/jensenj/PycharmProjects/Federer-Jr./src/../crawler_single/linux/dynamic_server/crawler_dynamic_Data/Mono/libSystem.dylib
/home/j/jensenj/.local/lib/python3.6/site-packages/tensorboard/compat/tensorflow_stub/dtypes.py:541: FutureWarning: Passing (type, 1) or '1type' as a synonym of type is deprecated; in a future version of numpy, it will be understood as (type, (1,)) / '(1,)type'.
  _np_qint8 = np.dtype([("qint8", np.int8, 1)])
/home/j/jensenj/.local/lib/python3.6/site-packages/tensorboard/compat/tensorflow_stub/dtypes.py:542: FutureWarning: Passing (type, 1) or '1type' as a synonym of type is deprecated; in a future version of numpy, it will be understood as (type, (1,)) / '(1,)type'.
  _np_quint8 = np.dtype([("quint8", np.uint8, 1)])
/home/j/jensenj/.local/lib/python3.6/site-packages/tensorboard/compat/tensorflow_stub/dtypes.py:543: FutureWarning: Passing (type, 1) or '1type' as a synonym of type is deprecated; in a future version of numpy, it will be understood as (type, (1,)) / '(1,)type'.
  _np_qint16 = np.dtype([("qint16", np.int16, 1)])
/home/j/jensenj/.local/lib/python3.6/site-packages/tensorboard/compat/tensorflow_stub/dtypes.py:544: FutureWarning: Passing (type, 1) or '1type' as a synonym of type is deprecated; in a future version of numpy, it will be understood as (type, (1,)) / '(1,)type'.
  _np_quint16 = np.dtype([("quint16", np.uint16, 1)])
/home/j/jensenj/.local/lib/python3.6/site-packages/tensorboard/compat/tensorflow_stub/dtypes.py:545: FutureWarning: Passing (type, 1) or '1type' as a synonym of type is deprecated; in a future version of numpy, it will be understood as (type, (1,)) / '(1,)type'.
  _np_qint32 = np.dtype([("qint32", np.int32, 1)])
/home/j/jensenj/.local/lib/python3.6/site-packages/tensorboard/compat/tensorflow_stub/dtypes.py:550: FutureWarning: Passing (type, 1) or '1type' as a synonym of type is deprecated; in a future version of numpy, it will be understood as (type, (1,)) / '(1,)type'.
  np_resource = np.dtype([("resource", np.ubyte, 1)])
2020-06-25 12:29:21 INFO [environment.py:108] Connected to Unity environment with package version 1.0.2 and communication version 1.0.0
2020-06-25 12:29:21 INFO [environment.py:265] Connected new brain:
CrawlerDynamic?team=0
2020-06-25 12:29:21 WARNING [__init__.py:92] The environment contains multiple observations. You must define allow_multiple_obs=True to receive them all. Otherwise, only the first visual observation (or vector observation ifthere are no visual observations) will be provided in the observation.
/home/j/jensenj/.local/lib/python3.6/site-packages/gym/logger.py:30: UserWarning: [33mWARN: Box bound precision lowered by casting to float32[0m
  warnings.warn(colorize('%s: %s'%('WARN', msg % args), 'yellow'))
/home/j/jensenj/.local/lib/python3.6/site-packages/numpy/core/_methods.py:160: RuntimeWarning: invalid value encountered in reduce
  ret = umr_sum(arr, axis, dtype, out, keepdims)
update_time_steps: 10240 , ppo_epochs: 2 , beta:  0.1 , gamma 0.9
0 : -1.4896974582225084
1 : -1.4499169932678342
2 : -0.6627759980037808
3 : 5.683228800073266
4 : 3.4463674784637988
5 : -5.8996255258098245
6 : -2.258251681458205
7 : -0.9189232941716909
8 : -0.8984439724590629
9 : -5.203145075589418
10 : -1.5342395547777414
11 : -4.027922193985432
12 : -1.6291556842625141
13 : -4.624494681833312
14 : -1.8442167397588491
15 : -2.202752357814461
16 : -3.5771167716011405
17 : 0.49348328239284456
18 : -4.187484599184245
19 : 2.844077612273395
20 : -5.3480744659900665
21 : -5.936678223893978
22 : -0.20392126869410276
23 : -1.1783071560785174
24 : 0.15562765020877123
25 : -1.0053447922691703
26 : -1.4154228991828859
27 : -0.8440525196492672
28 : -2.104155028006062
29 : -1.6659104488790035
30 : -0.050042685121297836
31 : 0.06397292064502835
32 : -7.2477795062586665
33 : -2.6060701217502356
34 : -2.109024999779649
35 : -0.6194119779393077
36 : -8.193951174616814
37 : -0.9716084795072675
38 : 1.1241311514750123
39 : -0.7117107715457678
40 : -0.6473104823380709
41 : -1.382974318228662
42 : -0.7641626643016934
43 : 0.9666038556024432
44 : -0.9261958422139287
45 : -0.3345778491348028
46 : -1.27648954000324
47 : -1.326623322442174
48 : 6.756172625115141
49 : -3.7871271558105946
50 : -1.3216162826865911
51 : -0.6057529347017407
52 : 4.54759403783828
53 : 0.9331571571528912
54 : -2.242858974263072
55 : -0.5796160609461367
56 : -1.1797368708066642
57 : -1.1218499545939267
58 : -1.0041125533170998
59 : -2.239183773752302
60 : -1.1336070345714688
61 : -1.3972091223113239
62 : -0.519260236993432
63 : -1.6395689388737082
64 : -2.180579239502549
65 : -1.3849817588925362
66 : -4.3023039563559
67 : -2.0465851183980703
68 : -2.101270460523665
69 : -0.9295063726603985
70 : -1.517811601050198
71 : -2.609534226357937
72 : 2.4372255955822766
73 : -1.7187946792691946
74 : -2.2183573960792273
75 : -1.0025666672736406
76 : -1.1502246279269457
77 : -1.3407389665953815
78 : 0.873649715911597
79 : -1.0774045442231
80 : 1.3642390873283148
81 : 3.738594315946102
82 : -5.321500554680824
83 : -1.684762418270111
84 : -0.872724347980693
85 : -3.756235381180886
86 : -0.8187801004387438
87 : -1.0092604402452707
88 : -0.7676833188161254
89 : -1.580236429348588
90 : -2.588079555891454
91 : 5.23718610778451
92 : -1.8463108222931623
93 : -0.5821863678283989
94 : -1.6848626118153334
95 : -1.1053916662931442
96 : -10.83417676994577
97 : -0.986383643001318
98 : 2.9115877114236355
99 : -1.7256580851972103
100 : -1.3987891697324812
101 : -3.243073843885213
102 : -1.0283501539379358
103 : -6.661922729574144
104 : -4.277685066219419
105 : -0.8257044944912195
106 : -1.217050521634519
107 : -3.5611673472449183
108 : -1.7920067748054862
109 : 2.3925191164016724
110 : -1.74953019246459
111 : -1.4041305929422379
112 : 0.6148501057177782
113 : 1.0877717481926084
114 : -0.5381540535017848
115 : -1.0455830190330744
116 : -1.672199660912156
117 : -1.6991225527599454
118 : -0.7844856074079871
119 : -0.9264092058874667
120 : 8.305012645199895
121 : -4.8619495034217834
122 : -1.0628339033573866
123 : -0.8046157127246261
124 : -0.9621961938682944
125 : -5.099295281805098
126 : -1.4960710816085339
127 : -1.0170198269188404
128 : 4.150372251868248
129 : -6.023964311927557
130 : -8.195105703081936
131 : -2.248250760138035
132 : 0.9249789547175169
133 : -1.2684550534468144
134 : -0.8609143798239529
135 : -2.616590540856123
136 : -1.4123740941286087
137 : -0.7117066867649555
138 : -0.6152344048023224
139 : -1.0364332024473697
140 : 13.094887754879892
141 : -1.7974286749958992
142 : -1.5282344464212656
143 : -1.1936748353764415
144 : -5.668265325017273
145 : -1.7435709834098816
146 : -0.2998216701671481
147 : -1.2374242600053549
148 : -0.3883041450753808
149 : -1.5823035724461079
150 : -0.998668210580945
151 : -1.3692839033901691
152 : -1.228401692584157
153 : 0.803109378553927
154 : -2.16033773124218
155 : -0.7063616802915931
156 : -1.7775571793317795
157 : -0.8798417975194752
158 : -3.5288587543182075
159 : -1.6221110075712204
160 : 4.009142474271357
161 : -2.1340776905417442
162 : -1.6124325096607208
163 : -1.530095319263637
164 : -1.4837667639367282
165 : -1.1236675698310137
166 : -1.0297719077207148
167 : -0.8004379849880934
168 : -8.590646717697382
169 : -1.712087020277977
170 : -0.9680946976877749
171 : -2.6230179793201387
172 : -1.5423934170976281
173 : -0.8819645685143769
174 : -2.196327412268147
175 : -2.6797526255249977
176 : -1.8422550661489367
177 : -1.513840524945408
178 : 0.08289387915283442
179 : -1.8306332975625992
180 : -1.037233293056488
181 : -1.8946421816945076
182 : -0.9134380482137203
183 : -1.434849220328033
184 : -1.6022692928090692
185 : -1.1948290849104524
186 : -1.4149784930050373
187 : -1.1266998078208417
188 : -5.746291620656848
189 : -1.148308695293963
190 : -0.30593032436445355
191 : -6.575969001278281
192 : -2.3144115791656077
193 : 1.2486879732459784
194 : -0.1737824371084571
195 : -0.8579386649653316
196 : -1.380882991477847
197 : -0.8846556805074215
198 : -0.6189736854285002
199 : -1.5118315825238824
200 : -1.2315527753671631
201 : -2.0261737732216716
202 : -1.3754806788638234
203 : -1.4556968789547682
204 : -0.911694835871458
205 : -0.9331379635259509
206 : -6.78129131346941
207 : -0.3392133228480816
208 : -1.2658237162977457
209 : -0.7460834579542279
210 : -2.3890349492430687
211 : -1.7300760550424457
212 : -0.7702890643849969
213 : -1.4548171209171414
214 : 0.7670766902156174
215 : -1.448222491890192
216 : -2.5346170738339424
217 : -1.0922410264611244
218 : -0.7032918576151133
219 : -1.132819665595889
220 : 1.802296093199402
221 : -1.2937136068940163
222 : -1.622264813631773
223 : -1.4808932859450579
224 : -2.173371986253187
225 : -1.4493515025824308
226 : 0.0780316861346364
227 : -1.4707622728310525
228 : -1.691402648575604
229 : -2.0598998521454632
230 : -1.472146924585104
231 : -0.9807246467098594
232 : -7.045592651702464
233 : -2.7814767592353746
234 : -2.4195855245925486
235 : -1.9060550699941814
236 : -1.1619347352534533
237 : -2.6905731707811356
238 : -0.962501673027873
239 : -0.48107378743588924
240 : -1.2160430559888482
241 : 0.7652412382885814
242 : -0.4347675824537873
243 : -1.1645779190585017
244 : -0.5183237213641405
245 : -1.3260395638644695
246 : -1.215207975357771
247 : -1.7112543750554323
248 : -1.428438175469637
249 : -1.3134600259363651
250 : -1.2451639813371003
251 : 8.008380284532905
252 : -7.200173106743023
253 : -1.3899094653315842
254 : -0.1298959027044475
255 : 0.5301183462142944
256 : -1.1123597454279661
257 : -0.8007497522048652
258 : -3.4041372747160494
259 : -5.907354775816202
260 : -0.995004874188453
261 : -1.8723716735839844
262 : -0.3371237441897392
263 : -1.8738687713630497
264 : -1.4328397139906883
265 : -0.6690423730760813
266 : -1.9383844695985317
267 : -0.704913567751646
268 : -1.771131346002221
269 : 1.2385579803958535
270 : -1.0961861028335989
271 : -2.2477728314697742
272 : -1.5529865436255932
273 : -0.7576191243715584
274 : -1.76938549708575
275 : -1.6652096502948552
276 : -12.980645798612386
277 : -0.90863695461303
278 : -1.027699221856892
279 : -1.2059485260397196
280 : -1.2191461883485317
281 : -2.749944657087326
282 : -1.409200444817543
283 : -0.9298432003706694
284 : -2.3008766807615757
285 : -0.6387789486907423
286 : -0.9935910219792277
287 : -0.8887020758120343
288 : -1.833906608633697
289 : 1.834393144119531
290 : 0.09639285271987319
291 : -2.0470829512923956
292 : -3.741848025470972
293 : -1.2758876918815076
294 : -1.474902044981718
295 : 1.4039534623734653
296 : -0.6955261584371328
297 : 2.692656259983778
298 : -4.174539063125849
299 : -1.2963756597600877
300 : 6.123691187240183
301 : -0.9226043950766325
302 : -0.9333188645541668
303 : -0.1351487571373582
304 : -1.456124565564096
305 : -3.8115612976253033
306 : -0.43397068278864026
307 : -0.6256249025464058
308 : -1.3774643084034324
309 : -1.488915290683508
310 : -0.4298422634601593
311 : -3.128808118402958
312 : -1.2748903473839164
313 : -1.099387698341161
314 : 0.6677685361355543
315 : -1.7066470310091972
316 : 1.7167919618077576
317 : -1.8506496418267488
318 : -0.7055343771353364
319 : -1.9441986791789532
320 : -1.239003174006939
321 : -5.4174096994102
322 : -0.5261580189689994
323 : -1.8092885166406631
324 : -2.4234478720463812
325 : -2.5256147794425488
326 : -1.7344715744256973
327 : -1.3814617400057614
328 : -0.23352783732116222
329 : 2.898734332062304
330 : 5.03053642436862
331 : 1.0515842139720917
332 : -1.2241100268438458
333 : -1.3171104446519166
334 : 2.1538880462758243
335 : -8.924715921282768
336 : -7.481674985960126
337 : -1.0361310364678502
338 : -1.575132805854082
339 : -1.527193358168006
340 : -0.843045893125236
341 : -2.02968077827245
342 : -1.6434101534541696
343 : -1.9407623810693622
344 : -0.9079247638583183
345 : -1.6638340656645596
346 : -2.601673372089863
347 : -1.8103280626237392
348 : -0.32306840270757675
349 : -1.3348242975771427
350 : -1.5620858054608107
351 : -2.3504502391442657
352 : -3.6836269851773977
353 : -2.238685770891607
354 : 1.458126824349165
355 : -1.511776665225625
356 : -0.8681492586620152
357 : -0.9177610008046031
358 : -2.013461321592331
359 : -1.9166464805603027
360 : -1.2081054353620857
361 : -1.311564036179334
362 : -2.254669226706028
363 : -1.0606163782067597
364 : -1.3124029822647572
365 : -1.3371265202295035
366 : -0.39036227110773325
367 : 1.481763832271099
368 : -1.392377466778271
369 : -0.24615051795262843
370 : -1.0893604960292578
371 : -1.8432668782770634
372 : -1.5029335776343942
373 : -0.4984891056083143
374 : 0.7919936738908291
375 : -1.2570067280903459
376 : -1.7058341386727989
377 : -3.839011915959418
378 : 1.5821876996196806
379 : -0.8141596680507064
380 : -0.40217544976621866
381 : -0.9945368925109506
382 : -3.093929700553417
383 : -1.4786018882878125
384 : -1.4467888893559575
385 : 0.4810536289587617
386 : -1.3572075043339282
387 : -1.4051660893019289
388 : -2.132497236598283
389 : -1.5638140176888555
390 : -0.8594531989656389
391 : 1.2295537004247308
392 : -0.44430131185799837
393 : -1.4331343062222004
394 : -0.7590860463678837
395 : -1.4640794824808836
396 : -0.6128318603150547
397 : -8.70813683141023
398 : 14.471405372722074
399 : 1.0334637053310871
400 : -1.7860667537897825
401 : -1.2530051488429308
402 : -4.717671610414982
403 : 0.6505966740660369
404 : -1.0635855235159397
405 : 1.1777813718654215
406 : -1.1419661366380751
407 : 0.3061554334126413
408 : 0.5614798432216048
409 : -1.9385880967602134
410 : -1.8945686733350158
411 : -1.7366012062411755
412 : -1.586015872657299
413 : -0.5886750183999538
414 : -1.3556215041317046
415 : -0.9910012111067772
416 : 0.9379262102302164
417 : -0.5105156395584345
418 : -0.5917408717796206
419 : 1.7047842219471931
420 : -0.8173260055482388
421 : 2.6134393997490406
422 : -1.0617692028172314
423 : -4.720218036090955
424 : -1.242897083517164
425 : -2.5485627353191376
426 : -1.1785318376496434
427 : -7.611907402053475
428 : -1.4117814172059298
429 : 1.2370582316070795
430 : -1.7510131672024727
431 : -1.245954006910324
432 : -1.290922270854935
433 : -1.6422284659929574
434 : -1.3987818635068834
435 : -0.8849495672620833
436 : -0.609224421903491
437 : -1.532338316552341
438 : -0.4098360840580426
439 : 0.32406584545969963
440 : -5.270251505076885
441 : -1.2657873462885618
442 : -0.7155709816142917
443 : -6.4848376996815205
444 : -1.364026159280911
445 : -2.5679721836932003
446 : -1.4979778407141566
447 : 2.007710751146078
448 : -1.7146297069266438
449 : -2.062861085694749
450 : -1.9055681359022856
451 : -1.0845630001276731
452 : -1.0385358035564423
453 : -1.7084765490144491
454 : -1.6179878301918507
455 : 1.6638425141572952
456 : -0.8454871000722051
457 : -2.0383682306855917
458 : -1.9962973818182945
459 : -0.9732820079661906
460 : 3.906944991555065
461 : -1.4657675940543413
462 : -0.8363299258053303
463 : -0.6613154700025916
464 : -1.10897178016603
465 : -1.4712366200983524
466 : -1.3752996735274792
467 : -1.6292513767257333
468 : -2.7200250327587128
469 : -1.707230947446078
470 : -2.9060072069987655
471 : -2.97509796731174
472 : -1.624844060279429
473 : -1.5132899014279246
474 : -0.8806770462542772
475 : -1.7247889349237084
476 : -1.6707788528874516
477 : -2.8316742926836014
478 : -0.9551603426225483
479 : -3.027100087609142
480 : -1.4480349607765675
481 : -1.0746097965165973
482 : -2.1918273344635963
483 : -1.7070613502291963
484 : -2.109364289790392
485 : -0.5601856471039355
486 : -2.6763329282402992
487 : -1.3166238251142204
488 : -1.8290783241391182
489 : -2.737869364209473
490 : 1.943690222222358
491 : -2.1942766793072224
492 : -0.740891763009131
493 : -0.7576596913859248
494 : -1.3493419401347637
495 : -2.197702180361375
496 : -2.78793153911829
497 : 2.0221487747621723
498 : -0.6140202125534415
499 : -1.8095457972958684
500 : -0.6781432554125786
501 : -2.5666587073355913
502 : -1.9860780388116837
503 : -0.5591760389506817
504 : -3.1301581263542175
505 : 1.7166742887347937
506 : -1.9255962893366814
507 : -1.3395324181765318
508 : -0.6493579298257828
509 : -1.135397847276181
!!! updated
Setting up 2 worker threads for Enlighten.
  Thread -> id: 7f1d03fff700 -> priority: 1 
  Thread -> id: 7f1d037fe700 -> priority: 1 
Traceback (most recent call last):
  File "main.py", line 123, in <module>
    returns = [episode(env, agent, i) for i in range(training_episodes)]
  File "main.py", line 123, in <listcomp>
    returns = [episode(env, agent, i) for i in range(training_episodes)]
  File "main.py", line 30, in episode
    next_state, reward, done, _ = env.step(action.numpy()[0])
  File "/home/j/jensenj/.local/lib/python3.6/site-packages/gym_unity/envs/__init__.py", line 177, in step
    self._env.step()
  File "/home/j/jensenj/.local/lib/python3.6/site-packages/mlagents_envs/timers.py", line 305, in wrapped
    return func(*args, **kwargs)
  File "/home/j/jensenj/.local/lib/python3.6/site-packages/mlagents_envs/environment.py", line 319, in step
    self._update_state(rl_output)
  File "/home/j/jensenj/.local/lib/python3.6/site-packages/mlagents_envs/environment.py", line 275, in _update_state
    agent_info_list, self._env_specs[brain_name]
  File "/home/j/jensenj/.local/lib/python3.6/site-packages/mlagents_envs/timers.py", line 305, in wrapped
    return func(*args, **kwargs)
  File "/home/j/jensenj/.local/lib/python3.6/site-packages/mlagents_envs/rpc_utils.py", line 188, in steps_from_proto
    obs_index, obs_shape, decision_agent_info_list
  File "/home/j/jensenj/.local/lib/python3.6/site-packages/mlagents_envs/timers.py", line 305, in wrapped
    return func(*args, **kwargs)
  File "/home/j/jensenj/.local/lib/python3.6/site-packages/mlagents_envs/rpc_utils.py", line 152, in _process_vector_observation
    _raise_on_nan_and_inf(np_obs, "observations")
  File "/home/j/jensenj/.local/lib/python3.6/site-packages/mlagents_envs/rpc_utils.py", line 130, in _raise_on_nan_and_inf
    raise RuntimeError(f"The {source} provided had NaN values.")
RuntimeError: The observations provided had NaN values.
2020-06-25 12:40:59 INFO [environment.py:418] Environment shut down with return code 0.
