slurmstepd-rhodonit: error: Unable to create TMPDIR [/tmp/user/30108]: Permission denied
slurmstepd-rhodonit: error: Setting TMPDIR to /tmp
Found path: /home/j/jensenj/PycharmProjects/Federer-Jr./src/../crawler_single/linux/dynamic_server/crawler_dynamic.x86_64
Mono path[0] = '/home/j/jensenj/PycharmProjects/Federer-Jr./src/../crawler_single/linux/dynamic_server/crawler_dynamic_Data/Managed'
Mono config path = '/home/j/jensenj/PycharmProjects/Federer-Jr./src/../crawler_single/linux/dynamic_server/crawler_dynamic_Data/MonoBleedingEdge/etc'
Preloaded 'lib_burst_generated.so'
Preloaded 'libgrpc_csharp_ext.x64.so'
Initialize engine version: 2019.3.15f1 (59ff3e03856d)
[Subsystems] Discovering subsystems at path /home/j/jensenj/PycharmProjects/Federer-Jr./src/../crawler_single/linux/dynamic_server/crawler_dynamic_Data/UnitySubsystems
Forcing GfxDevice: Null
GfxDevice: creating device client; threaded=0
NullGfxDevice:
    Version:  NULL 1.0 [1.0]
    Renderer: Null Device
    Vendor:   Unity Technologies
Begin MonoManager ReloadAssembly
- Completed reload, in  0.122 seconds
WARNING: Shader Unsupported: 'Autodesk Interactive' - All passes removed
WARNING: Shader Did you use #pragma only_renderers and omit this platform?
UnloadTime: 0.390025 ms
Fallback handler could not load library /home/j/jensenj/PycharmProjects/Federer-Jr./src/../crawler_single/linux/dynamic_server/crawler_dynamic_Data/Mono/libcoreclr.so
Fallback handler could not load library /home/j/jensenj/PycharmProjects/Federer-Jr./src/../crawler_single/linux/dynamic_server/crawler_dynamic_Data/Mono/libcoreclr.so
Fallback handler could not load library /home/j/jensenj/PycharmProjects/Federer-Jr./src/../crawler_single/linux/dynamic_server/crawler_dynamic_Data/Mono/libcoreclr.so
Fallback handler could not load library /home/j/jensenj/PycharmProjects/Federer-Jr./src/../crawler_single/linux/dynamic_server/crawler_dynamic_Data/Mono/libSystem.dylib
Fallback handler could not load library /home/j/jensenj/PycharmProjects/Federer-Jr./src/../crawler_single/linux/dynamic_server/crawler_dynamic_Data/Mono/libSystem.dylib.so
Fallback handler could not load library /home/j/jensenj/PycharmProjects/Federer-Jr./src/../crawler_single/linux/dynamic_server/crawler_dynamic_Data/Mono/libSystem.dylib
Fallback handler could not load library /home/j/jensenj/PycharmProjects/Federer-Jr./src/../crawler_single/linux/dynamic_server/crawler_dynamic_Data/Mono/libcoreclr.so
Fallback handler could not load library /home/j/jensenj/PycharmProjects/Federer-Jr./src/../crawler_single/linux/dynamic_server/crawler_dynamic_Data/Mono/libcoreclr.so
Fallback handler could not load library /home/j/jensenj/PycharmProjects/Federer-Jr./src/../crawler_single/linux/dynamic_server/crawler_dynamic_Data/Mono/libcoreclr.so
Fallback handler could not load library /home/j/jensenj/PycharmProjects/Federer-Jr./src/../crawler_single/linux/dynamic_server/crawler_dynamic_Data/Mono/libSystem.dylib
Fallback handler could not load library /home/j/jensenj/PycharmProjects/Federer-Jr./src/../crawler_single/linux/dynamic_server/crawler_dynamic_Data/Mono/libSystem.dylib.so
Fallback handler could not load library /home/j/jensenj/PycharmProjects/Federer-Jr./src/../crawler_single/linux/dynamic_server/crawler_dynamic_Data/Mono/libSystem.dylib
/home/j/jensenj/.local/lib/python3.6/site-packages/tensorboard/compat/tensorflow_stub/dtypes.py:541: FutureWarning: Passing (type, 1) or '1type' as a synonym of type is deprecated; in a future version of numpy, it will be understood as (type, (1,)) / '(1,)type'.
  _np_qint8 = np.dtype([("qint8", np.int8, 1)])
/home/j/jensenj/.local/lib/python3.6/site-packages/tensorboard/compat/tensorflow_stub/dtypes.py:542: FutureWarning: Passing (type, 1) or '1type' as a synonym of type is deprecated; in a future version of numpy, it will be understood as (type, (1,)) / '(1,)type'.
  _np_quint8 = np.dtype([("quint8", np.uint8, 1)])
/home/j/jensenj/.local/lib/python3.6/site-packages/tensorboard/compat/tensorflow_stub/dtypes.py:543: FutureWarning: Passing (type, 1) or '1type' as a synonym of type is deprecated; in a future version of numpy, it will be understood as (type, (1,)) / '(1,)type'.
  _np_qint16 = np.dtype([("qint16", np.int16, 1)])
/home/j/jensenj/.local/lib/python3.6/site-packages/tensorboard/compat/tensorflow_stub/dtypes.py:544: FutureWarning: Passing (type, 1) or '1type' as a synonym of type is deprecated; in a future version of numpy, it will be understood as (type, (1,)) / '(1,)type'.
  _np_quint16 = np.dtype([("quint16", np.uint16, 1)])
/home/j/jensenj/.local/lib/python3.6/site-packages/tensorboard/compat/tensorflow_stub/dtypes.py:545: FutureWarning: Passing (type, 1) or '1type' as a synonym of type is deprecated; in a future version of numpy, it will be understood as (type, (1,)) / '(1,)type'.
  _np_qint32 = np.dtype([("qint32", np.int32, 1)])
/home/j/jensenj/.local/lib/python3.6/site-packages/tensorboard/compat/tensorflow_stub/dtypes.py:550: FutureWarning: Passing (type, 1) or '1type' as a synonym of type is deprecated; in a future version of numpy, it will be understood as (type, (1,)) / '(1,)type'.
  np_resource = np.dtype([("resource", np.ubyte, 1)])
2020-06-25 12:06:21 INFO [environment.py:108] Connected to Unity environment with package version 1.0.2 and communication version 1.0.0
2020-06-25 12:06:21 INFO [environment.py:265] Connected new brain:
CrawlerDynamic?team=0
2020-06-25 12:06:21 WARNING [__init__.py:92] The environment contains multiple observations. You must define allow_multiple_obs=True to receive them all. Otherwise, only the first visual observation (or vector observation ifthere are no visual observations) will be provided in the observation.
/home/j/jensenj/.local/lib/python3.6/site-packages/gym/logger.py:30: UserWarning: [33mWARN: Box bound precision lowered by casting to float32[0m
  warnings.warn(colorize('%s: %s'%('WARN', msg % args), 'yellow'))
/home/j/jensenj/.local/lib/python3.6/site-packages/numpy/core/_methods.py:160: RuntimeWarning: invalid value encountered in reduce
  ret = umr_sum(arr, axis, dtype, out, keepdims)
update_time_steps: 4096 , ppo_epochs: 16 , beta:  0.1 , gamma 0.9
0 : -0.906339718028903
1 : -1.3644129671156406
2 : 3.580890486482531
3 : -9.76997441239655
4 : 8.087886212393641
5 : 1.24607487116009
6 : -3.367629734799266
7 : 6.003328637685627
8 : -1.3600190826691687
9 : -1.380940159317106
10 : 2.803996054921299
11 : 5.12585547263734
12 : -2.0236710775643587
13 : 1.4763738689944148
14 : 0.6249296221649274
15 : -1.865824367851019
16 : -2.1235143151134253
17 : -8.58152296487242
18 : 3.4744749004021287
19 : -1.642419705633074
20 : -1.028347690589726
21 : 2.967924009077251
22 : -1.6154476811061613
23 : -2.0630495036020875
24 : -1.3955615609884262
25 : -1.4250826500356197
26 : -1.6617707461118698
27 : -0.7627966813743114
28 : -0.9135210118256509
29 : -0.6720400927588344
30 : -1.4526316588744521
31 : -13.357284214813262
32 : -0.9737348351627588
33 : -1.5659583356464282
34 : 0.06677953945472836
35 : 8.666745136957616
36 : 1.7412340892478824
37 : -2.643831725232303
38 : -1.7433400489389896
39 : -1.439977735397406
40 : -1.0394242182374
41 : -0.7875972865149379
42 : -1.3922109447885305
43 : -11.652553666266613
44 : -3.4747414221055806
45 : -1.2411101525649428
46 : -1.8628758564591408
47 : -1.2310043228790164
48 : -4.554696099832654
49 : -4.787283199373633
50 : -2.222130009671673
51 : -6.0492541952989995
52 : -1.095343837980181
53 : 12.220624087378383
54 : -1.4488306045532227
55 : -1.3093976937234402
56 : -5.9884756351821125
57 : -1.6720961320679635
58 : -1.2787646495271474
59 : -1.127042361535132
60 : -1.0129185891710222
61 : -1.3391294698230922
62 : -0.7194563993252814
63 : -1.6751003600656986
64 : -1.0477766296826303
65 : -1.9654471466783434
66 : -1.3561767060309649
67 : 3.9894256037659943
68 : -1.4866643068380654
69 : 3.691127819940448
70 : -9.124967220239341
71 : 1.9239844493567944
72 : -1.6774966828525066
73 : -0.9582438785582781
74 : -1.7255570851266384
75 : 3.0284953373484313
76 : -1.0876492781681009
77 : 0.1517872833646834
78 : -1.0381945609115064
79 : -1.1440109874820337
80 : -0.07712275395169854
81 : -1.791208453476429
82 : -6.119017880177125
83 : -1.872272977605462
84 : -0.413077799603343
85 : 3.882821388542652
86 : 0.765965186059475
87 : -6.020904065109789
88 : -0.7936720498837531
89 : -3.9874955294653773
90 : -5.960295134223998
91 : -5.481122462078929
92 : -2.5993772707879543
93 : -9.754355697892606
94 : -1.9363409359939396
95 : -6.140171932056546
96 : -0.16506353579461575
97 : -1.0840753051452339
98 : -0.907236416824162
99 : -1.2225104328244925
100 : 6.678882110863924
101 : -0.6892547444440424
102 : -0.6210363935679197
103 : -5.319295227527618
104 : -15.180068980902433
105 : -3.218473829329014
106 : -1.1428931572008878
107 : -1.5647687539458275
108 : 1.1029811422340572
109 : -1.567574905231595
110 : -1.2250652499496937
111 : -1.0551421595737338
112 : -5.918707932345569
113 : -1.4993476616218686
114 : -1.0800145734101534
115 : -0.0923476648167707
116 : -1.168446813710034
117 : -11.345879463013262
118 : -2.549216164276004
119 : -6.605169050395489
120 : -1.757569495588541
!!! updated
121 : -1.4761966466903687
122 : -1.4698645481839776
123 : -0.35331517085433006
124 : -1.8813634514808655
125 : -1.9424340911209583
126 : -0.4792513898573816
127 : -2.2719887904822826
128 : -0.19241427723318338
129 : -1.85475659603253
130 : -0.48083699215203524
131 : -1.980715007521212
132 : -1.8376067355275154
133 : -1.5762435477226973
134 : -1.9168439581990242
135 : -0.7790854964405298
136 : -1.3968325480818748
137 : -1.2774737761355937
138 : -1.8419487020000815
139 : -1.2787210568785667
140 : -1.686483047902584
141 : -2.0589324217289686
142 : -1.1568821854889393
143 : -1.6914541395381093
144 : -0.5119401458650827
Setting up 6 worker threads for Enlighten.
  Thread -> id: 7f7074a8a700 -> priority: 1 
  Thread -> id: 7f7074289700 -> priority: 1 
  Thread -> id: 7f7073a88700 -> priority: 1 
  Thread -> id: 7f7073287700 -> priority: 1 
  Thread -> id: 7f7072a86700 -> priority: 1 
  Thread -> id: 7f7072285700 -> priority: 1 
Traceback (most recent call last):
  File "main.py", line 123, in <module>
    returns = [episode(env, agent, i) for i in range(training_episodes)]
  File "main.py", line 123, in <listcomp>
    returns = [episode(env, agent, i) for i in range(training_episodes)]
  File "main.py", line 30, in episode
    next_state, reward, done, _ = env.step(action.numpy()[0])
  File "/home/j/jensenj/.local/lib/python3.6/site-packages/gym_unity/envs/__init__.py", line 177, in step
    self._env.step()
  File "/home/j/jensenj/.local/lib/python3.6/site-packages/mlagents_envs/timers.py", line 305, in wrapped
    return func(*args, **kwargs)
  File "/home/j/jensenj/.local/lib/python3.6/site-packages/mlagents_envs/environment.py", line 319, in step
    self._update_state(rl_output)
  File "/home/j/jensenj/.local/lib/python3.6/site-packages/mlagents_envs/environment.py", line 275, in _update_state
    agent_info_list, self._env_specs[brain_name]
  File "/home/j/jensenj/.local/lib/python3.6/site-packages/mlagents_envs/timers.py", line 305, in wrapped
    return func(*args, **kwargs)
  File "/home/j/jensenj/.local/lib/python3.6/site-packages/mlagents_envs/rpc_utils.py", line 188, in steps_from_proto
    obs_index, obs_shape, decision_agent_info_list
  File "/home/j/jensenj/.local/lib/python3.6/site-packages/mlagents_envs/timers.py", line 305, in wrapped
    return func(*args, **kwargs)
  File "/home/j/jensenj/.local/lib/python3.6/site-packages/mlagents_envs/rpc_utils.py", line 152, in _process_vector_observation
    _raise_on_nan_and_inf(np_obs, "observations")
  File "/home/j/jensenj/.local/lib/python3.6/site-packages/mlagents_envs/rpc_utils.py", line 130, in _raise_on_nan_and_inf
    raise RuntimeError(f"The {source} provided had NaN values.")
RuntimeError: The observations provided had NaN values.
2020-06-25 12:11:51 INFO [environment.py:418] Environment shut down with return code 0.
