slurmstepd-nau: error: Unable to create TMPDIR [/tmp/user/30108]: Permission denied
slurmstepd-nau: error: Setting TMPDIR to /tmp
Found path: /home/j/jensenj/PycharmProjects/Federer-Jr./src/../crawler_single/linux/dynamic_server/crawler_dynamic.x86_64
Mono path[0] = '/home/j/jensenj/PycharmProjects/Federer-Jr./src/../crawler_single/linux/dynamic_server/crawler_dynamic_Data/Managed'
Mono config path = '/home/j/jensenj/PycharmProjects/Federer-Jr./src/../crawler_single/linux/dynamic_server/crawler_dynamic_Data/MonoBleedingEdge/etc'
Preloaded 'lib_burst_generated.so'
Preloaded 'libgrpc_csharp_ext.x64.so'
Initialize engine version: 2019.3.15f1 (59ff3e03856d)
[Subsystems] Discovering subsystems at path /home/j/jensenj/PycharmProjects/Federer-Jr./src/../crawler_single/linux/dynamic_server/crawler_dynamic_Data/UnitySubsystems
Forcing GfxDevice: Null
GfxDevice: creating device client; threaded=0
NullGfxDevice:
    Version:  NULL 1.0 [1.0]
    Renderer: Null Device
    Vendor:   Unity Technologies
Begin MonoManager ReloadAssembly
- Completed reload, in  0.098 seconds
WARNING: Shader Unsupported: 'Autodesk Interactive' - All passes removed
WARNING: Shader Did you use #pragma only_renderers and omit this platform?
UnloadTime: 0.428271 ms
Fallback handler could not load library /home/j/jensenj/PycharmProjects/Federer-Jr./src/../crawler_single/linux/dynamic_server/crawler_dynamic_Data/Mono/libcoreclr.so
Fallback handler could not load library /home/j/jensenj/PycharmProjects/Federer-Jr./src/../crawler_single/linux/dynamic_server/crawler_dynamic_Data/Mono/libcoreclr.so
Fallback handler could not load library /home/j/jensenj/PycharmProjects/Federer-Jr./src/../crawler_single/linux/dynamic_server/crawler_dynamic_Data/Mono/libcoreclr.so
Fallback handler could not load library /home/j/jensenj/PycharmProjects/Federer-Jr./src/../crawler_single/linux/dynamic_server/crawler_dynamic_Data/Mono/libSystem.dylib
Fallback handler could not load library /home/j/jensenj/PycharmProjects/Federer-Jr./src/../crawler_single/linux/dynamic_server/crawler_dynamic_Data/Mono/libSystem.dylib.so
Fallback handler could not load library /home/j/jensenj/PycharmProjects/Federer-Jr./src/../crawler_single/linux/dynamic_server/crawler_dynamic_Data/Mono/libSystem.dylib
Fallback handler could not load library /home/j/jensenj/PycharmProjects/Federer-Jr./src/../crawler_single/linux/dynamic_server/crawler_dynamic_Data/Mono/libcoreclr.so
Fallback handler could not load library /home/j/jensenj/PycharmProjects/Federer-Jr./src/../crawler_single/linux/dynamic_server/crawler_dynamic_Data/Mono/libcoreclr.so
Fallback handler could not load library /home/j/jensenj/PycharmProjects/Federer-Jr./src/../crawler_single/linux/dynamic_server/crawler_dynamic_Data/Mono/libcoreclr.so
Fallback handler could not load library /home/j/jensenj/PycharmProjects/Federer-Jr./src/../crawler_single/linux/dynamic_server/crawler_dynamic_Data/Mono/libSystem.dylib
Fallback handler could not load library /home/j/jensenj/PycharmProjects/Federer-Jr./src/../crawler_single/linux/dynamic_server/crawler_dynamic_Data/Mono/libSystem.dylib.so
Fallback handler could not load library /home/j/jensenj/PycharmProjects/Federer-Jr./src/../crawler_single/linux/dynamic_server/crawler_dynamic_Data/Mono/libSystem.dylib
/home/j/jensenj/.local/lib/python3.6/site-packages/tensorboard/compat/tensorflow_stub/dtypes.py:541: FutureWarning: Passing (type, 1) or '1type' as a synonym of type is deprecated; in a future version of numpy, it will be understood as (type, (1,)) / '(1,)type'.
  _np_qint8 = np.dtype([("qint8", np.int8, 1)])
/home/j/jensenj/.local/lib/python3.6/site-packages/tensorboard/compat/tensorflow_stub/dtypes.py:542: FutureWarning: Passing (type, 1) or '1type' as a synonym of type is deprecated; in a future version of numpy, it will be understood as (type, (1,)) / '(1,)type'.
  _np_quint8 = np.dtype([("quint8", np.uint8, 1)])
/home/j/jensenj/.local/lib/python3.6/site-packages/tensorboard/compat/tensorflow_stub/dtypes.py:543: FutureWarning: Passing (type, 1) or '1type' as a synonym of type is deprecated; in a future version of numpy, it will be understood as (type, (1,)) / '(1,)type'.
  _np_qint16 = np.dtype([("qint16", np.int16, 1)])
/home/j/jensenj/.local/lib/python3.6/site-packages/tensorboard/compat/tensorflow_stub/dtypes.py:544: FutureWarning: Passing (type, 1) or '1type' as a synonym of type is deprecated; in a future version of numpy, it will be understood as (type, (1,)) / '(1,)type'.
  _np_quint16 = np.dtype([("quint16", np.uint16, 1)])
/home/j/jensenj/.local/lib/python3.6/site-packages/tensorboard/compat/tensorflow_stub/dtypes.py:545: FutureWarning: Passing (type, 1) or '1type' as a synonym of type is deprecated; in a future version of numpy, it will be understood as (type, (1,)) / '(1,)type'.
  _np_qint32 = np.dtype([("qint32", np.int32, 1)])
/home/j/jensenj/.local/lib/python3.6/site-packages/tensorboard/compat/tensorflow_stub/dtypes.py:550: FutureWarning: Passing (type, 1) or '1type' as a synonym of type is deprecated; in a future version of numpy, it will be understood as (type, (1,)) / '(1,)type'.
  np_resource = np.dtype([("resource", np.ubyte, 1)])
2020-06-25 12:20:51 INFO [environment.py:108] Connected to Unity environment with package version 1.0.2 and communication version 1.0.0
2020-06-25 12:20:51 INFO [environment.py:265] Connected new brain:
CrawlerDynamic?team=0
2020-06-25 12:20:51 WARNING [__init__.py:92] The environment contains multiple observations. You must define allow_multiple_obs=True to receive them all. Otherwise, only the first visual observation (or vector observation ifthere are no visual observations) will be provided in the observation.
/home/j/jensenj/.local/lib/python3.6/site-packages/gym/logger.py:30: UserWarning: [33mWARN: Box bound precision lowered by casting to float32[0m
  warnings.warn(colorize('%s: %s'%('WARN', msg % args), 'yellow'))
/home/j/jensenj/.local/lib/python3.6/site-packages/numpy/core/_methods.py:160: RuntimeWarning: invalid value encountered in reduce
  ret = umr_sum(arr, axis, dtype, out, keepdims)
update_time_steps: 8192 , ppo_epochs: 32 , beta:  0.01 , gamma 0.99
0 : 4.847538258880377
1 : -1.774612981826067
2 : -0.7824407871812582
3 : -1.4064230527728796
4 : -0.3974086318630725
5 : -1.534747026860714
6 : -1.303369652479887
7 : 0.0885651670396328
8 : -1.3814583476632833
9 : -0.9124424643814564
10 : 3.8898371872492135
11 : -1.5113184191286564
12 : 0.5606399588286877
13 : -1.3537356052547693
14 : -1.4734838595613837
15 : -0.8933967258781195
16 : -1.1116639574756846
17 : -1.2693323902785778
18 : -0.859390310710296
19 : 0.419103373773396
20 : -5.757822028361261
21 : -0.9903105823323131
22 : -1.3034296287223697
23 : -0.4971901997923851
24 : -1.4868702194653451
25 : -0.8398975403979421
26 : -5.421782291028649
27 : -1.4575283899903297
28 : -2.7692511219065636
29 : -1.5385324582457542
30 : 1.3272510655224323
31 : 1.1434797586407512
32 : -1.4067957503721118
33 : -1.1960150422528386
34 : -1.9814315945841372
35 : -3.7819385696202517
36 : -0.5837217578664422
37 : -1.8181898668408394
38 : -1.0217071361839771
39 : -2.6409034584648907
40 : -0.9775091120973229
41 : -0.7194969314150512
42 : -1.755105284973979
43 : -0.2958115441724658
44 : -1.2691457089968026
45 : 0.877827990334481
46 : 0.16032894747331738
47 : -1.1094539653277025
48 : -0.7719990988261998
49 : 2.75863067060709
50 : -0.2885016817599535
51 : 0.14021023223176599
52 : -1.3461977737024426
53 : -1.0462337331846356
54 : -1.7443579137325287
55 : -5.921547719743103
56 : -1.4742800274398178
57 : -1.0206575624179095
58 : -2.256534919142723
59 : -1.2132958783768117
60 : -1.1115533150732517
61 : -1.389016748405993
62 : -1.7324184514582157
63 : -2.028778877109289
64 : -16.968352880328894
65 : -1.025636457838118
66 : -1.0561652178876102
67 : -0.7839596928097308
68 : -1.7586138807237148
69 : -1.466680955607444
70 : -0.9267057157121599
71 : -1.5436713937669992
72 : -1.0077762347646058
73 : -2.017105999402702
74 : -3.4443964241072536
75 : -1.1390219232998788
76 : -0.9785264776437543
77 : -1.4215309293940663
78 : -0.965718911960721
79 : -1.8713908065110445
80 : -3.1867269314825535
81 : -1.5406986400485039
82 : 2.6565921399742365
83 : -1.632442843168974
84 : -0.8819887591525912
85 : -6.478926304727793
86 : -1.1726113930344582
87 : -0.8905054647475481
88 : -1.1383037549676374
89 : -3.9423576425760984
90 : 3.2897230638191104
91 : -1.338434822508134
92 : -1.901479311287403
93 : -1.689046200364828
94 : -1.5866730213165283
95 : -1.3863197304308414
96 : 1.24780682194978
97 : -1.9346097223460674
98 : -1.625359458848834
99 : -1.4486308619379997
100 : -3.764554351568222
101 : 3.268866863101721
102 : -1.2110341228544712
103 : -0.6594918537884951
104 : -1.6006140122190118
105 : 1.7490695603191853
106 : -1.2141044589225203
107 : -1.9074983224272728
108 : -0.47215580753982067
109 : -1.3789676218293607
110 : -1.7348582092672586
111 : -0.7056996654719114
112 : -1.0647768422495574
113 : -1.5730603076517582
114 : -5.00949583388865
115 : 1.203540002927184
116 : -1.2465301597258076
117 : -0.8733588168397546
118 : -1.5083893528208137
119 : -0.4561375267803669
120 : -1.7279689153656363
121 : -1.8422478176653385
122 : -3.526912469882518
123 : -5.028225579299033
124 : -1.595152035355568
125 : -3.0354074924252927
126 : -2.112729463726282
127 : -2.090527973137796
128 : -3.493129562586546
129 : -1.9627231545746326
130 : -1.6533572329208255
131 : -2.0174286533147097
132 : -0.9095172807574272
133 : -1.5218894453719258
134 : -0.6525445193983614
135 : -1.7449740329757333
136 : -0.7526606661267579
137 : -1.9947753679007292
138 : 1.1065037238877267
139 : 0.8603193638846278
140 : -2.887554718181491
141 : -1.2073481101542711
142 : -1.1920179892331362
143 : -1.4379697814583778
144 : -0.8973678941838443
145 : -5.058468896895647
146 : -2.034091403707862
147 : -0.6524278093129396
148 : 3.914843160659075
149 : -0.6421576221473515
150 : -0.42164158704690635
151 : -2.1874040849506855
152 : -2.1623229309916496
153 : 0.9382083900272846
154 : 1.410720362327993
155 : 0.7088905582204461
156 : -2.6208165022544563
157 : -1.0788218770176172
158 : -4.397817447781563
159 : -2.3922128677368164
160 : -0.8350866120308638
161 : -1.0413882620632648
162 : -0.9241729807108641
163 : -1.6753057669848204
164 : -4.1533480528742075
165 : -1.6666385158896446
166 : -0.14875425957143307
167 : -1.4124418622814119
168 : -1.7274698540568352
169 : -1.2232809038832784
170 : 2.030174421146512
171 : 1.4865744453854859
172 : -1.5285703130066395
173 : -7.151522462256253
174 : -1.3689763229340315
175 : -0.8884452693164349
176 : 0.11502034217119217
177 : -1.476590939797461
178 : -4.527278702706099
179 : -3.097716450691223
180 : -6.574087512213737
181 : -1.024203744251281
182 : -2.27369806682691
183 : -0.5287343366071582
184 : -1.323202881962061
185 : -0.8221157197840512
186 : -1.9776801345869899
187 : -1.7750580785796046
188 : -4.639351099729538
189 : -5.472023378126323
190 : -1.3892878699116409
191 : -1.9940871964208782
192 : -0.8402718836441636
193 : -2.074363564606756
194 : -1.416124477982521
195 : -0.07240173406898975
196 : -0.34292908757925034
197 : -1.521623095497489
198 : -1.3724465686827898
199 : -1.330729164648801
200 : -1.384375624358654
201 : -1.256696704775095
202 : -1.640351764857769
203 : -8.25813209079206
204 : -1.2647230345755816
205 : 7.272222130559385
206 : -2.9195208083838224
207 : -1.3917686846107244
208 : 1.2867327341809869
209 : 1.4652379108592868
210 : -1.0982276960276067
211 : -0.7814461523666978
212 : -6.416975349187851
213 : -1.6473550256341696
214 : -1.312612196430564
215 : -3.002594945486635
216 : 0.07093724980950356
217 : -0.6536800721660256
218 : 1.08583699259907
219 : -2.2770110964775085
220 : -0.5005361204966903
221 : -2.4492299775592983
222 : -3.0134091172367334
223 : -2.1042669331654906
224 : -3.3376652281731367
225 : -0.6906347423791885
226 : -0.025192901957780123
227 : -1.2655346654355526
228 : -1.065875015920028
229 : -1.7461848435923457
230 : -0.820862203836441
231 : -4.152851423015818
232 : 1.942896828521043
233 : -2.216660412494093
234 : -0.6649732873775065
235 : -1.092956755310297
236 : -3.0124156828969717
237 : -0.4573032194748521
238 : -1.4073218144476414
239 : -1.1068519817199558
240 : -0.8239748487249017
241 : -0.11699598748236895
242 : -1.2200020211748779
243 : -0.7360758930444717
244 : 2.6561850626021624
245 : -1.1406261185184121
246 : -0.9250478860922158
247 : -1.4259533127769828
248 : -1.5212467149831355
249 : -1.3816372225992382
250 : -1.2533687315881252
251 : 3.619864682201296
252 : -1.1132643204182386
253 : -1.8757084906101227
254 : -2.0925010927021503
255 : -1.595779798924923
256 : -1.4812355935573578
257 : -0.8051978810690343
258 : -1.1078195115551353
259 : -1.981072514085099
260 : -10.644820648245513
261 : -0.6928379950113595
262 : -1.1210340727120638
263 : -0.9702096907421947
264 : -0.8686745120212436
265 : -1.6732306135818362
266 : -1.1092355707660317
267 : -11.921160132624209
268 : -1.6915223337709904
269 : -0.8909132042899728
270 : -1.787215174175799
271 : -2.111791029572487
272 : -1.3591240725945681
273 : -1.2826393526047468
274 : -1.4592078598216176
275 : -1.5254032984375954
276 : -5.240487362723798
277 : -0.46115458151325583
278 : -1.6943938015028834
279 : -0.9771618288941681
280 : -3.7030289582908154
281 : 0.2456262786872685
282 : -0.8723740112036467
283 : -1.4987326264381409
284 : -2.019787920638919
285 : -1.070022496394813
286 : -1.9932703990489244
287 : -4.970408921595663
288 : -1.6854928638786077
289 : -1.681447796523571
290 : 0.3171958038583398
291 : -0.7369719389826059
292 : -1.233406063169241
293 : -1.55326392268762
294 : -1.870314609259367
295 : -1.5242433845996857
296 : -2.5641398057341576
297 : 0.9677953533828259
298 : -0.5972594730556011
299 : 0.18894959520548582
300 : -2.061211080290377
301 : 1.4954487765207887
302 : -2.0175583623349667
303 : 0.20714557822793722
304 : -0.8529677651822567
305 : -2.482535820454359
306 : -1.3453188119456172
307 : -1.418577398173511
308 : -0.7137558562681079
309 : -2.0081359706819057
310 : -5.848556258250028
311 : -2.127943402156234
312 : 0.0960190212354064
313 : -0.976953727658838
314 : -1.3741779094561934
315 : 1.1138504843693227
316 : -5.061198782175779
317 : -3.203324410598725
318 : -12.429912738502026
319 : -0.9759638160467148
320 : 5.086531281005591
321 : -1.7266892362385988
322 : -0.28668556176126003
323 : -0.9667070657014847
324 : -2.9361542090773582
325 : -1.2794882245361805
326 : 1.6840553227812052
327 : -0.3274215655401349
328 : 3.908034536987543
329 : -1.6688409596681595
330 : -0.5271695349365473
331 : -1.5598104260861874
332 : 1.441445229575038
333 : -0.90152673330158
334 : -1.514168731868267
335 : 1.6356714274734259
336 : -1.0870160665363073
337 : -1.4194314563646913
338 : -0.8751394096761942
339 : -0.764594635926187
340 : -0.49731672927737236
341 : -1.8817726764827967
342 : -2.734946488402784
343 : -1.8537558410316706
344 : -1.2938047628849745
345 : -1.1844170852564275
346 : -0.9654392842203379
347 : -1.5569914355874062
348 : -0.9408251824788749
349 : -0.9449135046452284
350 : -1.1978467367589474
351 : -1.842687550932169
352 : -2.062695410102606
353 : -1.7590123945847154
354 : -0.7509459587745368
355 : -0.18167728977277875
356 : -0.94047692976892
357 : -5.659006092697382
358 : -1.7404855666682124
359 : -1.318162478506565
360 : -1.5586646739393473
361 : -1.460115971043706
362 : 0.753072377294302
363 : -1.0056967679411173
364 : -1.2251498140394688
365 : -1.4079569443129003
366 : -2.245974244084209
367 : -6.629220068920404
368 : -1.6883054040372372
369 : -0.810215063393116
370 : -1.5393235506489873
371 : -1.0957432370632887
372 : -1.5096979578956962
373 : 3.4592549465596676
374 : -1.7991435052827
375 : 0.6354055139236152
376 : 0.7507916502654552
377 : -1.557953632203862
378 : -1.5157509371638298
379 : -3.7114216117188334
380 : -3.0970827494747937
381 : -2.2661302722990513
382 : 0.41392970085144043
383 : -1.0884231314994395
384 : -0.8888748912140727
385 : -2.6387790217995644
386 : -0.827960541471839
387 : -1.2177527472376823
388 : -1.7443568222224712
389 : -2.0097690373659134
390 : -0.011825339868664742
391 : -1.5682094376534224
392 : -1.6144766993820667
393 : -1.8068951554596424
394 : -0.9740565922111273
395 : 4.655228189192712
396 : -0.23657509684562683
397 : -2.537030339241028
398 : -1.675739847123623
399 : -0.9971948764286935
400 : -1.7771113156341016
401 : 2.4479072093963623
402 : -0.9577223854139447
403 : 0.21402457216754556
404 : -1.3078108383342624
405 : -1.068506888113916
406 : -1.2990238019265234
407 : -0.9149203635752201
408 : -1.661948038265109
409 : -1.14003170048818
410 : -1.0496050026267767
411 : -1.6777636241167784
412 : -1.751597358379513
413 : -1.4127318933606148
414 : -1.0317404940724373
415 : -0.7776314523071051
416 : -0.22659868095070124
417 : -1.35589393787086
418 : -2.4594004042446613
419 : -0.6762789208441973
420 : -0.9398550949990749
421 : -3.376313753426075
422 : 1.2020236186799593
423 : -1.281762004364282
424 : -2.1507081910967827
425 : -1.1266428492963314
426 : -1.2331558431033045
427 : -2.5896238987334073
428 : -1.4497288707643747
429 : -0.8567982343956828
430 : -1.4190648272633553
431 : -4.583697069436312
432 : -1.7631785990670323
433 : 0.8612823616713285
434 : -1.7723172202240676
435 : -2.9894070383161306
436 : -1.748558010905981
437 : -2.0918362215161324
438 : -1.8013936877250671
439 : 2.1960025914013386
440 : -1.51759023219347
441 : -1.128688219934702
442 : -4.891657434403896
443 : -0.40887183975428343
444 : -6.329266163986176
445 : -5.567988079506904
446 : -0.5784454136155546
447 : -2.431108372285962
448 : 0.8809380372986197
449 : -3.007345679681748
450 : -1.4303583009168506
451 : -1.2502346485853195
452 : 0.7939927894622087
453 : -7.427170851267874
454 : -1.9828642341308296
455 : -1.329801658866927
456 : -1.6801700317300856
457 : -1.9964906629174948
458 : -0.8867094579618424
459 : -0.3970581186003983
!!! updated
460 : -2.1308932062238455
Setting up 2 worker threads for Enlighten.
  Thread -> id: 7fbaaffff700 -> priority: 1 
  Thread -> id: 7fbaaf7fe700 -> priority: 1 
Traceback (most recent call last):
  File "main.py", line 123, in <module>
    returns = [episode(env, agent, i) for i in range(training_episodes)]
  File "main.py", line 123, in <listcomp>
    returns = [episode(env, agent, i) for i in range(training_episodes)]
  File "main.py", line 30, in episode
    next_state, reward, done, _ = env.step(action.numpy()[0])
  File "/home/j/jensenj/.local/lib/python3.6/site-packages/gym_unity/envs/__init__.py", line 177, in step
    self._env.step()
  File "/home/j/jensenj/.local/lib/python3.6/site-packages/mlagents_envs/timers.py", line 305, in wrapped
    return func(*args, **kwargs)
  File "/home/j/jensenj/.local/lib/python3.6/site-packages/mlagents_envs/environment.py", line 319, in step
    self._update_state(rl_output)
  File "/home/j/jensenj/.local/lib/python3.6/site-packages/mlagents_envs/environment.py", line 275, in _update_state
    agent_info_list, self._env_specs[brain_name]
  File "/home/j/jensenj/.local/lib/python3.6/site-packages/mlagents_envs/timers.py", line 305, in wrapped
    return func(*args, **kwargs)
  File "/home/j/jensenj/.local/lib/python3.6/site-packages/mlagents_envs/rpc_utils.py", line 188, in steps_from_proto
    obs_index, obs_shape, decision_agent_info_list
  File "/home/j/jensenj/.local/lib/python3.6/site-packages/mlagents_envs/timers.py", line 305, in wrapped
    return func(*args, **kwargs)
  File "/home/j/jensenj/.local/lib/python3.6/site-packages/mlagents_envs/rpc_utils.py", line 152, in _process_vector_observation
    _raise_on_nan_and_inf(np_obs, "observations")
  File "/home/j/jensenj/.local/lib/python3.6/site-packages/mlagents_envs/rpc_utils.py", line 130, in _raise_on_nan_and_inf
    raise RuntimeError(f"The {source} provided had NaN values.")
RuntimeError: The observations provided had NaN values.
2020-06-25 12:33:02 INFO [environment.py:418] Environment shut down with return code 0.
