slurmstepd-luhe: error: Unable to create TMPDIR [/tmp/user/30108]: Permission denied
slurmstepd-luhe: error: Setting TMPDIR to /tmp
Found path: /home/j/jensenj/PycharmProjects/Federer-Jr./src/../crawler_single/linux/dynamic_server/crawler_dynamic.x86_64
Mono path[0] = '/home/j/jensenj/PycharmProjects/Federer-Jr./src/../crawler_single/linux/dynamic_server/crawler_dynamic_Data/Managed'
Mono config path = '/home/j/jensenj/PycharmProjects/Federer-Jr./src/../crawler_single/linux/dynamic_server/crawler_dynamic_Data/MonoBleedingEdge/etc'
Preloaded 'lib_burst_generated.so'
Preloaded 'libgrpc_csharp_ext.x64.so'
Initialize engine version: 2019.3.15f1 (59ff3e03856d)
[Subsystems] Discovering subsystems at path /home/j/jensenj/PycharmProjects/Federer-Jr./src/../crawler_single/linux/dynamic_server/crawler_dynamic_Data/UnitySubsystems
Forcing GfxDevice: Null
GfxDevice: creating device client; threaded=0
NullGfxDevice:
    Version:  NULL 1.0 [1.0]
    Renderer: Null Device
    Vendor:   Unity Technologies
Begin MonoManager ReloadAssembly
- Completed reload, in  0.104 seconds
WARNING: Shader Unsupported: 'Autodesk Interactive' - All passes removed
WARNING: Shader Did you use #pragma only_renderers and omit this platform?
UnloadTime: 0.391644 ms
Fallback handler could not load library /home/j/jensenj/PycharmProjects/Federer-Jr./src/../crawler_single/linux/dynamic_server/crawler_dynamic_Data/Mono/libcoreclr.so
Fallback handler could not load library /home/j/jensenj/PycharmProjects/Federer-Jr./src/../crawler_single/linux/dynamic_server/crawler_dynamic_Data/Mono/libcoreclr.so
Fallback handler could not load library /home/j/jensenj/PycharmProjects/Federer-Jr./src/../crawler_single/linux/dynamic_server/crawler_dynamic_Data/Mono/libcoreclr.so
Fallback handler could not load library /home/j/jensenj/PycharmProjects/Federer-Jr./src/../crawler_single/linux/dynamic_server/crawler_dynamic_Data/Mono/libSystem.dylib
Fallback handler could not load library /home/j/jensenj/PycharmProjects/Federer-Jr./src/../crawler_single/linux/dynamic_server/crawler_dynamic_Data/Mono/libSystem.dylib.so
Fallback handler could not load library /home/j/jensenj/PycharmProjects/Federer-Jr./src/../crawler_single/linux/dynamic_server/crawler_dynamic_Data/Mono/libSystem.dylib
Fallback handler could not load library /home/j/jensenj/PycharmProjects/Federer-Jr./src/../crawler_single/linux/dynamic_server/crawler_dynamic_Data/Mono/libcoreclr.so
Fallback handler could not load library /home/j/jensenj/PycharmProjects/Federer-Jr./src/../crawler_single/linux/dynamic_server/crawler_dynamic_Data/Mono/libcoreclr.so
Fallback handler could not load library /home/j/jensenj/PycharmProjects/Federer-Jr./src/../crawler_single/linux/dynamic_server/crawler_dynamic_Data/Mono/libcoreclr.so
Fallback handler could not load library /home/j/jensenj/PycharmProjects/Federer-Jr./src/../crawler_single/linux/dynamic_server/crawler_dynamic_Data/Mono/libSystem.dylib
Fallback handler could not load library /home/j/jensenj/PycharmProjects/Federer-Jr./src/../crawler_single/linux/dynamic_server/crawler_dynamic_Data/Mono/libSystem.dylib.so
Fallback handler could not load library /home/j/jensenj/PycharmProjects/Federer-Jr./src/../crawler_single/linux/dynamic_server/crawler_dynamic_Data/Mono/libSystem.dylib
/home/j/jensenj/.local/lib/python3.6/site-packages/tensorboard/compat/tensorflow_stub/dtypes.py:541: FutureWarning: Passing (type, 1) or '1type' as a synonym of type is deprecated; in a future version of numpy, it will be understood as (type, (1,)) / '(1,)type'.
  _np_qint8 = np.dtype([("qint8", np.int8, 1)])
/home/j/jensenj/.local/lib/python3.6/site-packages/tensorboard/compat/tensorflow_stub/dtypes.py:542: FutureWarning: Passing (type, 1) or '1type' as a synonym of type is deprecated; in a future version of numpy, it will be understood as (type, (1,)) / '(1,)type'.
  _np_quint8 = np.dtype([("quint8", np.uint8, 1)])
/home/j/jensenj/.local/lib/python3.6/site-packages/tensorboard/compat/tensorflow_stub/dtypes.py:543: FutureWarning: Passing (type, 1) or '1type' as a synonym of type is deprecated; in a future version of numpy, it will be understood as (type, (1,)) / '(1,)type'.
  _np_qint16 = np.dtype([("qint16", np.int16, 1)])
/home/j/jensenj/.local/lib/python3.6/site-packages/tensorboard/compat/tensorflow_stub/dtypes.py:544: FutureWarning: Passing (type, 1) or '1type' as a synonym of type is deprecated; in a future version of numpy, it will be understood as (type, (1,)) / '(1,)type'.
  _np_quint16 = np.dtype([("quint16", np.uint16, 1)])
/home/j/jensenj/.local/lib/python3.6/site-packages/tensorboard/compat/tensorflow_stub/dtypes.py:545: FutureWarning: Passing (type, 1) or '1type' as a synonym of type is deprecated; in a future version of numpy, it will be understood as (type, (1,)) / '(1,)type'.
  _np_qint32 = np.dtype([("qint32", np.int32, 1)])
/home/j/jensenj/.local/lib/python3.6/site-packages/tensorboard/compat/tensorflow_stub/dtypes.py:550: FutureWarning: Passing (type, 1) or '1type' as a synonym of type is deprecated; in a future version of numpy, it will be understood as (type, (1,)) / '(1,)type'.
  np_resource = np.dtype([("resource", np.ubyte, 1)])
2020-06-25 11:57:51 INFO [environment.py:108] Connected to Unity environment with package version 1.0.2 and communication version 1.0.0
2020-06-25 11:57:51 INFO [environment.py:265] Connected new brain:
CrawlerDynamic?team=0
2020-06-25 11:57:51 WARNING [__init__.py:92] The environment contains multiple observations. You must define allow_multiple_obs=True to receive them all. Otherwise, only the first visual observation (or vector observation ifthere are no visual observations) will be provided in the observation.
/home/j/jensenj/.local/lib/python3.6/site-packages/gym/logger.py:30: UserWarning: [33mWARN: Box bound precision lowered by casting to float32[0m
  warnings.warn(colorize('%s: %s'%('WARN', msg % args), 'yellow'))
update_time_steps: 2048 , ppo_epochs: 8 , beta:  0.1 , gamma 0.9
0 : 0.42495362646877766
1 : -1.9630390054080635
2 : -1.4349665949121118
3 : -1.7029637238010764
4 : -1.206393115222454
5 : -3.2789678275585175
6 : -5.40601846203208
7 : -1.140956130810082
8 : -1.2036426151171327
9 : -1.0678570163436234
10 : -0.7780493930913508
11 : -1.3046503458172083
12 : -1.2677556979469955
13 : -1.1433988343924284
14 : -1.1540032718330622
15 : -1.5332725336775184
16 : -1.2543990863487124
17 : -2.2889581955969334
18 : -1.2174926092848182
19 : -1.0163013571873307
20 : -1.4262479115277529
21 : -0.4899559235200286
22 : -3.2856686471495777
23 : -1.0560618080198765
24 : -0.5129959415644407
25 : -10.401627955958247
26 : -1.3013498727232218
27 : -1.3287332393229008
28 : -1.005652918945998
29 : 0.0905256625264883
30 : -0.5227933097630739
31 : -1.2004565745592117
32 : -1.30661266669631
33 : 2.927364236675203
34 : -1.486628832295537
35 : -0.878788948757574
36 : -1.0774107724428177
37 : -3.305373251438141
38 : -5.110870788805187
39 : -1.643491045339033
40 : 5.6321979612112045
41 : -1.31301293335855
42 : -1.136323045939207
43 : -2.381100766826421
44 : -1.6950069735758007
45 : -1.2682659551501274
46 : -0.8974193632602692
47 : -1.3425885261967778
48 : -0.41183653101325035
49 : -11.247555127833039
50 : -0.456127823330462
51 : -0.9081497900187969
52 : -0.9200594229623675
53 : -0.9855802971869707
54 : -1.7299528159201145
55 : -1.5209448616951704
56 : -2.24103148560971
57 : -1.3800556336063892
58 : -5.040864231996238
59 : -1.131458694115281
60 : 0.5032423343509436
61 : -1.3188258446753025
62 : -0.2584029330755584
63 : 4.029343444854021
64 : -1.2717419411055744
65 : -2.3476870879530907
66 : -1.5347749656066298
67 : -1.0440950524061918
68 : -0.7032532002776861
69 : -1.0910261776298285
70 : -0.9720445778220892
71 : -1.8412569449283183
72 : -2.7455649822950363
73 : 1.8910647416487336
74 : -2.797317162156105
75 : 10.328102794941515
76 : -4.304460624232888
77 : -2.566240726970136
78 : 2.794639505445957
79 : 2.5686523583717644
80 : -5.587144657969475
81 : -1.2551626705098897
82 : -0.1330486163496971
83 : -1.1527112117037177
84 : -1.281570223160088
85 : -1.007121954113245
86 : -1.4747800529003143
87 : -1.2594170942902565
88 : -0.13447546306997538
89 : -1.6990481577813625
90 : -1.3354207333177328
91 : -1.5856006611138582
92 : -1.267584826797247
93 : -0.9932641065679491
94 : 0.16224189804052003
95 : -1.8300748150795698
96 : 1.7239552587270737
97 : -1.0327413231134415
98 : -0.7143613360822201
!!! updated
99 : 4.154200039454736
100 : -1.0391895845532417
101 : -0.8785892501473427
102 : -1.5289366878569126
103 : -1.4460922703146935
104 : -1.079309924505651
105 : -1.208522703498602
106 : -1.4960417449474335
107 : -1.486890647560358
108 : -2.1180195957422256
109 : -1.0091243828646839
Setting up 2 worker threads for Enlighten.
  Thread -> id: 7f4e046f7700 -> priority: 1 
  Thread -> id: 7f4e03ef6700 -> priority: 1 
Traceback (most recent call last):
  File "main.py", line 123, in <module>
    returns = [episode(env, agent, i) for i in range(training_episodes)]
  File "main.py", line 123, in <listcomp>
    returns = [episode(env, agent, i) for i in range(training_episodes)]
  File "main.py", line 30, in episode
    next_state, reward, done, _ = env.step(action.numpy()[0])
  File "/home/j/jensenj/.local/lib/python3.6/site-packages/gym_unity/envs/__init__.py", line 177, in step
    self._env.step()
  File "/home/j/jensenj/.local/lib/python3.6/site-packages/mlagents_envs/timers.py", line 305, in wrapped
    return func(*args, **kwargs)
  File "/home/j/jensenj/.local/lib/python3.6/site-packages/mlagents_envs/environment.py", line 319, in step
    self._update_state(rl_output)
  File "/home/j/jensenj/.local/lib/python3.6/site-packages/mlagents_envs/environment.py", line 275, in _update_state
    agent_info_list, self._env_specs[brain_name]
  File "/home/j/jensenj/.local/lib/python3.6/site-packages/mlagents_envs/timers.py", line 305, in wrapped
    return func(*args, **kwargs)
  File "/home/j/jensenj/.local/lib/python3.6/site-packages/mlagents_envs/rpc_utils.py", line 193, in steps_from_proto
    obs_index, obs_shape, terminal_agent_info_list
  File "/home/j/jensenj/.local/lib/python3.6/site-packages/mlagents_envs/timers.py", line 305, in wrapped
    return func(*args, **kwargs)
  File "/home/j/jensenj/.local/lib/python3.6/site-packages/mlagents_envs/rpc_utils.py", line 152, in _process_vector_observation
    _raise_on_nan_and_inf(np_obs, "observations")
  File "/home/j/jensenj/.local/lib/python3.6/site-packages/mlagents_envs/rpc_utils.py", line 132, in _raise_on_nan_and_inf
    raise RuntimeError(f"The {source} provided had Infinite values.")
RuntimeError: The observations provided had Infinite values.
2020-06-25 12:00:24 INFO [environment.py:418] Environment shut down with return code 0.
