slurmstepd-nassach: error: Unable to create TMPDIR [/tmp/user/30108]: Permission denied
slurmstepd-nassach: error: Setting TMPDIR to /tmp
Found path: /home/j/jensenj/PycharmProjects/Federer-Jr./src/../crawler_single/linux/dynamic_server/crawler_dynamic.x86_64
Mono path[0] = '/home/j/jensenj/PycharmProjects/Federer-Jr./src/../crawler_single/linux/dynamic_server/crawler_dynamic_Data/Managed'
Mono config path = '/home/j/jensenj/PycharmProjects/Federer-Jr./src/../crawler_single/linux/dynamic_server/crawler_dynamic_Data/MonoBleedingEdge/etc'
Preloaded 'lib_burst_generated.so'
Preloaded 'libgrpc_csharp_ext.x64.so'
Initialize engine version: 2019.3.15f1 (59ff3e03856d)
[Subsystems] Discovering subsystems at path /home/j/jensenj/PycharmProjects/Federer-Jr./src/../crawler_single/linux/dynamic_server/crawler_dynamic_Data/UnitySubsystems
Forcing GfxDevice: Null
GfxDevice: creating device client; threaded=0
NullGfxDevice:
    Version:  NULL 1.0 [1.0]
    Renderer: Null Device
    Vendor:   Unity Technologies
Begin MonoManager ReloadAssembly
- Completed reload, in  0.097 seconds
WARNING: Shader Unsupported: 'Autodesk Interactive' - All passes removed
WARNING: Shader Did you use #pragma only_renderers and omit this platform?
UnloadTime: 0.404145 ms
Fallback handler could not load library /home/j/jensenj/PycharmProjects/Federer-Jr./src/../crawler_single/linux/dynamic_server/crawler_dynamic_Data/Mono/libcoreclr.so
Fallback handler could not load library /home/j/jensenj/PycharmProjects/Federer-Jr./src/../crawler_single/linux/dynamic_server/crawler_dynamic_Data/Mono/libcoreclr.so
Fallback handler could not load library /home/j/jensenj/PycharmProjects/Federer-Jr./src/../crawler_single/linux/dynamic_server/crawler_dynamic_Data/Mono/libcoreclr.so
Fallback handler could not load library /home/j/jensenj/PycharmProjects/Federer-Jr./src/../crawler_single/linux/dynamic_server/crawler_dynamic_Data/Mono/libSystem.dylib
Fallback handler could not load library /home/j/jensenj/PycharmProjects/Federer-Jr./src/../crawler_single/linux/dynamic_server/crawler_dynamic_Data/Mono/libSystem.dylib.so
Fallback handler could not load library /home/j/jensenj/PycharmProjects/Federer-Jr./src/../crawler_single/linux/dynamic_server/crawler_dynamic_Data/Mono/libSystem.dylib
Fallback handler could not load library /home/j/jensenj/PycharmProjects/Federer-Jr./src/../crawler_single/linux/dynamic_server/crawler_dynamic_Data/Mono/libcoreclr.so
Fallback handler could not load library /home/j/jensenj/PycharmProjects/Federer-Jr./src/../crawler_single/linux/dynamic_server/crawler_dynamic_Data/Mono/libcoreclr.so
Fallback handler could not load library /home/j/jensenj/PycharmProjects/Federer-Jr./src/../crawler_single/linux/dynamic_server/crawler_dynamic_Data/Mono/libcoreclr.so
Fallback handler could not load library /home/j/jensenj/PycharmProjects/Federer-Jr./src/../crawler_single/linux/dynamic_server/crawler_dynamic_Data/Mono/libSystem.dylib
Fallback handler could not load library /home/j/jensenj/PycharmProjects/Federer-Jr./src/../crawler_single/linux/dynamic_server/crawler_dynamic_Data/Mono/libSystem.dylib.so
Fallback handler could not load library /home/j/jensenj/PycharmProjects/Federer-Jr./src/../crawler_single/linux/dynamic_server/crawler_dynamic_Data/Mono/libSystem.dylib
/home/j/jensenj/.local/lib/python3.6/site-packages/tensorboard/compat/tensorflow_stub/dtypes.py:541: FutureWarning: Passing (type, 1) or '1type' as a synonym of type is deprecated; in a future version of numpy, it will be understood as (type, (1,)) / '(1,)type'.
  _np_qint8 = np.dtype([("qint8", np.int8, 1)])
/home/j/jensenj/.local/lib/python3.6/site-packages/tensorboard/compat/tensorflow_stub/dtypes.py:542: FutureWarning: Passing (type, 1) or '1type' as a synonym of type is deprecated; in a future version of numpy, it will be understood as (type, (1,)) / '(1,)type'.
  _np_quint8 = np.dtype([("quint8", np.uint8, 1)])
/home/j/jensenj/.local/lib/python3.6/site-packages/tensorboard/compat/tensorflow_stub/dtypes.py:543: FutureWarning: Passing (type, 1) or '1type' as a synonym of type is deprecated; in a future version of numpy, it will be understood as (type, (1,)) / '(1,)type'.
  _np_qint16 = np.dtype([("qint16", np.int16, 1)])
/home/j/jensenj/.local/lib/python3.6/site-packages/tensorboard/compat/tensorflow_stub/dtypes.py:544: FutureWarning: Passing (type, 1) or '1type' as a synonym of type is deprecated; in a future version of numpy, it will be understood as (type, (1,)) / '(1,)type'.
  _np_quint16 = np.dtype([("quint16", np.uint16, 1)])
/home/j/jensenj/.local/lib/python3.6/site-packages/tensorboard/compat/tensorflow_stub/dtypes.py:545: FutureWarning: Passing (type, 1) or '1type' as a synonym of type is deprecated; in a future version of numpy, it will be understood as (type, (1,)) / '(1,)type'.
  _np_qint32 = np.dtype([("qint32", np.int32, 1)])
/home/j/jensenj/.local/lib/python3.6/site-packages/tensorboard/compat/tensorflow_stub/dtypes.py:550: FutureWarning: Passing (type, 1) or '1type' as a synonym of type is deprecated; in a future version of numpy, it will be understood as (type, (1,)) / '(1,)type'.
  np_resource = np.dtype([("resource", np.ubyte, 1)])
2020-06-25 11:57:51 INFO [environment.py:108] Connected to Unity environment with package version 1.0.2 and communication version 1.0.0
2020-06-25 11:57:51 INFO [environment.py:265] Connected new brain:
CrawlerDynamic?team=0
2020-06-25 11:57:51 WARNING [__init__.py:92] The environment contains multiple observations. You must define allow_multiple_obs=True to receive them all. Otherwise, only the first visual observation (or vector observation ifthere are no visual observations) will be provided in the observation.
/home/j/jensenj/.local/lib/python3.6/site-packages/gym/logger.py:30: UserWarning: [33mWARN: Box bound precision lowered by casting to float32[0m
  warnings.warn(colorize('%s: %s'%('WARN', msg % args), 'yellow'))
/home/j/jensenj/.local/lib/python3.6/site-packages/numpy/core/_methods.py:160: RuntimeWarning: invalid value encountered in reduce
  ret = umr_sum(arr, axis, dtype, out, keepdims)
update_time_steps: 2048 , ppo_epochs: 8 , beta:  0.1 , gamma 0.99
0 : -1.001934708096087
1 : -5.630521130980924
2 : -0.02166032651439309
3 : -1.055512033868581
4 : -0.866692828014493
5 : -0.6662278980948031
6 : -0.9821093510836363
7 : -0.8941435408778489
8 : -1.2582794873742387
9 : -2.2861478512641042
10 : -0.4878706766758114
11 : -1.1037383205257356
12 : -1.306061277166009
13 : -1.3703128839842975
14 : -1.185633557382971
15 : -1.4482675081817433
16 : -1.464947230182588
17 : -0.9267789777368307
18 : -1.4684996623545885
19 : -2.6469628466293216
20 : -0.7803571349941194
21 : -1.005154954502359
22 : -1.8447704557329416
23 : -1.2290231036022305
24 : -1.0982053831685334
25 : -1.4934367882087827
26 : -1.38844670727849
27 : -1.2806675708852708
28 : -0.6054697213694453
29 : -1.9234251538291574
30 : 11.182859890628606
31 : -1.6216648649424314
32 : -8.204059787094593
33 : -1.150178237236105
34 : -0.6254698713310063
35 : -1.3369061388075352
36 : 0.5949003966525197
37 : -0.905794708058238
38 : -1.178635589312762
39 : -1.8707448169589043
40 : -0.9568994082510471
41 : -0.830341680906713
42 : -0.8880265401676297
43 : -0.8283908078446984
44 : -1.2802533060312271
45 : -0.29872776567935944
46 : -0.7283852575346828
47 : -0.9450514912605286
48 : -1.427020758856088
49 : -1.456069285981357
50 : -4.712407370097935
51 : 0.7244137562811375
52 : -0.9099603984504938
53 : -0.8021263680420816
54 : -0.721376565285027
55 : -0.9130352432839572
56 : -1.6835763026028872
57 : -0.9603059142827988
58 : -1.590982093475759
59 : -4.720182032324374
60 : -1.4677649992518127
61 : -0.9916891623288393
62 : -1.1094606461701915
63 : -1.2099633691832423
64 : -1.7677485421299934
65 : -1.7338753249496222
66 : -1.1771656479686499
67 : -1.07785698864609
68 : -0.9739568363875151
69 : -1.3956721285358071
70 : -1.285822641570121
71 : -0.015424767043441534
72 : -1.9240868352353573
73 : -1.141870353370905
74 : -1.3693134365603328
75 : -2.6292767256964
76 : -0.9026071927510202
77 : -4.585445274133235
78 : -1.216750318882987
79 : -1.0457366239279509
80 : -1.0721781272441149
81 : -1.094982277136296
82 : -1.3780790967866778
83 : -1.269830903969705
84 : -1.0678223250433803
85 : -0.9185042204335332
86 : 0.4210617206990719
87 : -2.263489121571183
88 : -1.9686164259910583
89 : -1.0331516414880753
90 : -0.8866778295487165
91 : -0.7884372305124998
92 : -1.1859633084386587
93 : -2.1231704209931195
94 : -1.6633686684072018
95 : -1.1764414785429835
96 : -1.022420926950872
97 : -1.179301003459841
98 : -2.0264850060921162
99 : -0.8530798004940152
100 : -0.21473373658955097
101 : -2.216456823050976
102 : -1.7833520732820034
103 : -1.9267083890736103
104 : -0.9398732045665383
105 : -0.7793221063911915
106 : -0.7326721069402993
107 : -0.9108297051861882
108 : -1.135546050965786
109 : -1.655096523463726
110 : -0.9109016447328031
111 : -1.303070604801178
112 : -2.579067931510508
113 : -0.9065093835815787
114 : -11.470225036144257
115 : -1.5775660127401352
116 : -1.6622506878338754
117 : -7.149092962499708
118 : -6.052749047521502
119 : -1.0270757605321705
120 : -1.218118746764958
121 : -3.7703013718128204
122 : -1.1665599942207336
123 : -0.7161594578064978
124 : -1.732720535248518
125 : 0.23351632803678513
126 : -2.2891065441071987
127 : -2.246767822653055
128 : -1.9352133870124817
129 : -0.6782736917957664
130 : -2.9817368420772254
131 : -2.6623479947447777
132 : -1.6666720323264599
133 : -3.0638330860529095
134 : -1.6375620439648628
135 : -1.4408691679127514
136 : -1.7143966611474752
137 : -1.4549598060548306
138 : -1.0275201546028256
139 : -1.03070517629385
140 : -0.1798835564404726
141 : -1.4670191900804639
142 : -2.1699843099340796
143 : -6.74706806614995
144 : -1.381347605958581
!!! updated
145 : -2.4822373567149043
146 : 1.9033999238163233
Setting up 2 worker threads for Enlighten.
  Thread -> id: 7fe972399700 -> priority: 1 
  Thread -> id: 7fe971b98700 -> priority: 1 
Traceback (most recent call last):
  File "main.py", line 123, in <module>
    returns = [episode(env, agent, i) for i in range(training_episodes)]
  File "main.py", line 123, in <listcomp>
    returns = [episode(env, agent, i) for i in range(training_episodes)]
  File "main.py", line 30, in episode
    next_state, reward, done, _ = env.step(action.numpy()[0])
  File "/home/j/jensenj/.local/lib/python3.6/site-packages/gym_unity/envs/__init__.py", line 177, in step
    self._env.step()
  File "/home/j/jensenj/.local/lib/python3.6/site-packages/mlagents_envs/timers.py", line 305, in wrapped
    return func(*args, **kwargs)
  File "/home/j/jensenj/.local/lib/python3.6/site-packages/mlagents_envs/environment.py", line 319, in step
    self._update_state(rl_output)
  File "/home/j/jensenj/.local/lib/python3.6/site-packages/mlagents_envs/environment.py", line 275, in _update_state
    agent_info_list, self._env_specs[brain_name]
  File "/home/j/jensenj/.local/lib/python3.6/site-packages/mlagents_envs/timers.py", line 305, in wrapped
    return func(*args, **kwargs)
  File "/home/j/jensenj/.local/lib/python3.6/site-packages/mlagents_envs/rpc_utils.py", line 188, in steps_from_proto
    obs_index, obs_shape, decision_agent_info_list
  File "/home/j/jensenj/.local/lib/python3.6/site-packages/mlagents_envs/timers.py", line 305, in wrapped
    return func(*args, **kwargs)
  File "/home/j/jensenj/.local/lib/python3.6/site-packages/mlagents_envs/rpc_utils.py", line 152, in _process_vector_observation
    _raise_on_nan_and_inf(np_obs, "observations")
  File "/home/j/jensenj/.local/lib/python3.6/site-packages/mlagents_envs/rpc_utils.py", line 130, in _raise_on_nan_and_inf
    raise RuntimeError(f"The {source} provided had NaN values.")
RuntimeError: The observations provided had NaN values.
2020-06-25 12:00:23 INFO [environment.py:418] Environment shut down with return code 0.
