slurmstepd-feueropal: error: Unable to create TMPDIR [/tmp/user/30108]: Permission denied
slurmstepd-feueropal: error: Setting TMPDIR to /tmp
Found path: /home/j/jensenj/PycharmProjects/Federer-Jr./src/../crawler_single/linux/dynamic_server/crawler_dynamic.x86_64
Mono path[0] = '/home/j/jensenj/PycharmProjects/Federer-Jr./src/../crawler_single/linux/dynamic_server/crawler_dynamic_Data/Managed'
Mono config path = '/home/j/jensenj/PycharmProjects/Federer-Jr./src/../crawler_single/linux/dynamic_server/crawler_dynamic_Data/MonoBleedingEdge/etc'
Preloaded 'lib_burst_generated.so'
Preloaded 'libgrpc_csharp_ext.x64.so'
Initialize engine version: 2019.3.15f1 (59ff3e03856d)
[Subsystems] Discovering subsystems at path /home/j/jensenj/PycharmProjects/Federer-Jr./src/../crawler_single/linux/dynamic_server/crawler_dynamic_Data/UnitySubsystems
Forcing GfxDevice: Null
GfxDevice: creating device client; threaded=0
NullGfxDevice:
    Version:  NULL 1.0 [1.0]
    Renderer: Null Device
    Vendor:   Unity Technologies
Begin MonoManager ReloadAssembly
- Completed reload, in  0.086 seconds
WARNING: Shader Unsupported: 'Autodesk Interactive' - All passes removed
WARNING: Shader Did you use #pragma only_renderers and omit this platform?
UnloadTime: 0.467864 ms
Fallback handler could not load library /home/j/jensenj/PycharmProjects/Federer-Jr./src/../crawler_single/linux/dynamic_server/crawler_dynamic_Data/Mono/libcoreclr.so
Fallback handler could not load library /home/j/jensenj/PycharmProjects/Federer-Jr./src/../crawler_single/linux/dynamic_server/crawler_dynamic_Data/Mono/libcoreclr.so
Fallback handler could not load library /home/j/jensenj/PycharmProjects/Federer-Jr./src/../crawler_single/linux/dynamic_server/crawler_dynamic_Data/Mono/libcoreclr.so
Fallback handler could not load library /home/j/jensenj/PycharmProjects/Federer-Jr./src/../crawler_single/linux/dynamic_server/crawler_dynamic_Data/Mono/libSystem.dylib
Fallback handler could not load library /home/j/jensenj/PycharmProjects/Federer-Jr./src/../crawler_single/linux/dynamic_server/crawler_dynamic_Data/Mono/libSystem.dylib.so
Fallback handler could not load library /home/j/jensenj/PycharmProjects/Federer-Jr./src/../crawler_single/linux/dynamic_server/crawler_dynamic_Data/Mono/libSystem.dylib
Fallback handler could not load library /home/j/jensenj/PycharmProjects/Federer-Jr./src/../crawler_single/linux/dynamic_server/crawler_dynamic_Data/Mono/libcoreclr.so
Fallback handler could not load library /home/j/jensenj/PycharmProjects/Federer-Jr./src/../crawler_single/linux/dynamic_server/crawler_dynamic_Data/Mono/libcoreclr.so
Fallback handler could not load library /home/j/jensenj/PycharmProjects/Federer-Jr./src/../crawler_single/linux/dynamic_server/crawler_dynamic_Data/Mono/libcoreclr.so
Fallback handler could not load library /home/j/jensenj/PycharmProjects/Federer-Jr./src/../crawler_single/linux/dynamic_server/crawler_dynamic_Data/Mono/libSystem.dylib
Fallback handler could not load library /home/j/jensenj/PycharmProjects/Federer-Jr./src/../crawler_single/linux/dynamic_server/crawler_dynamic_Data/Mono/libSystem.dylib.so
Fallback handler could not load library /home/j/jensenj/PycharmProjects/Federer-Jr./src/../crawler_single/linux/dynamic_server/crawler_dynamic_Data/Mono/libSystem.dylib
/home/j/jensenj/.local/lib/python3.6/site-packages/tensorboard/compat/tensorflow_stub/dtypes.py:541: FutureWarning: Passing (type, 1) or '1type' as a synonym of type is deprecated; in a future version of numpy, it will be understood as (type, (1,)) / '(1,)type'.
  _np_qint8 = np.dtype([("qint8", np.int8, 1)])
/home/j/jensenj/.local/lib/python3.6/site-packages/tensorboard/compat/tensorflow_stub/dtypes.py:542: FutureWarning: Passing (type, 1) or '1type' as a synonym of type is deprecated; in a future version of numpy, it will be understood as (type, (1,)) / '(1,)type'.
  _np_quint8 = np.dtype([("quint8", np.uint8, 1)])
/home/j/jensenj/.local/lib/python3.6/site-packages/tensorboard/compat/tensorflow_stub/dtypes.py:543: FutureWarning: Passing (type, 1) or '1type' as a synonym of type is deprecated; in a future version of numpy, it will be understood as (type, (1,)) / '(1,)type'.
  _np_qint16 = np.dtype([("qint16", np.int16, 1)])
/home/j/jensenj/.local/lib/python3.6/site-packages/tensorboard/compat/tensorflow_stub/dtypes.py:544: FutureWarning: Passing (type, 1) or '1type' as a synonym of type is deprecated; in a future version of numpy, it will be understood as (type, (1,)) / '(1,)type'.
  _np_quint16 = np.dtype([("quint16", np.uint16, 1)])
/home/j/jensenj/.local/lib/python3.6/site-packages/tensorboard/compat/tensorflow_stub/dtypes.py:545: FutureWarning: Passing (type, 1) or '1type' as a synonym of type is deprecated; in a future version of numpy, it will be understood as (type, (1,)) / '(1,)type'.
  _np_qint32 = np.dtype([("qint32", np.int32, 1)])
/home/j/jensenj/.local/lib/python3.6/site-packages/tensorboard/compat/tensorflow_stub/dtypes.py:550: FutureWarning: Passing (type, 1) or '1type' as a synonym of type is deprecated; in a future version of numpy, it will be understood as (type, (1,)) / '(1,)type'.
  np_resource = np.dtype([("resource", np.ubyte, 1)])
2020-06-24 03:42:31 INFO [environment.py:108] Connected to Unity environment with package version 1.0.2 and communication version 1.0.0
2020-06-24 03:42:31 INFO [environment.py:265] Connected new brain:
CrawlerDynamic?team=0
2020-06-24 03:42:31 WARNING [__init__.py:92] The environment contains multiple observations. You must define allow_multiple_obs=True to receive them all. Otherwise, only the first visual observation (or vector observation ifthere are no visual observations) will be provided in the observation.
/home/j/jensenj/.local/lib/python3.6/site-packages/gym/logger.py:30: UserWarning: WARN: Box bound precision lowered by casting to float32
  warnings.warn(colorize('%s: %s'%('WARN', msg % args), 'yellow'))
{'nr_output_features': 20, 'nr_input_features': 126, 'env': <gym_unity.envs.UnityToGymWrapper object at 0x7f714ab3e1d0>, 'alpha': 0.003, 'tau': 0.95, 'clip': 0.2, 'minibatch_size': 32, 'hidden_units': 512, 'update_time_steps': 7168, 'ppo_epochs': 12, 'gamma': 0.9645231968340159, 'beta': 0.05478709282379135}
0 : -1.9324055653996766
1 : -0.7342444718815386
2 : -0.23700672760605812
3 : -1.6582153253257275
4 : -1.7094140853732824
5 : -1.6972783729434013
6 : 3.839909275062382
7 : -2.560797793790698
8 : -1.8628316435497254
9 : -0.9554468400310725
10 : -1.2848596735857427
11 : -2.9981690030544996
12 : -0.9143519715871662
13 : -1.1478574774228036
14 : -7.150542759569362
15 : -1.8546741800382733
16 : -1.624080638634041
17 : -3.5361394232604653
18 : 1.001813136273995
19 : -1.8345429496839643
20 : -0.932439411059022
21 : -4.559875466860831
22 : 0.809627414913848
23 : 0.49596079625189304
24 : -1.704334195703268
25 : -2.1492535080760717
26 : -0.2791233719326556
27 : -1.5248100464232266
28 : -3.7511954496148974
29 : -1.974205051548779
30 : -0.5451139695942402
31 : -0.8097632909193635
32 : 1.030101039330475
33 : 0.011654302477836609
34 : 1.424479660578072
35 : 3.5255813144613057
36 : -4.223478713072836
37 : -2.236521389801055
38 : 0.15214694384485483
39 : -0.8340120483189821
40 : -0.04807463043835014
41 : 0.18232435546815395
42 : -0.7363476501777768
43 : -0.5280172801576555
44 : -1.0563015192747116
45 : -0.43577514309436083
46 : -1.1227089380845428
47 : -0.6650125151500106
48 : -4.2842043954879045
49 : -2.6896513979882
50 : -1.045976061373949
51 : -0.09764034813269973
52 : -1.4849188812077045
53 : -1.8298963122069836
54 : -0.058472937904298306
55 : 2.23097508167848
56 : 1.1102031532209367
57 : -1.0804435075260699
58 : -1.0696808423381299
59 : -1.5938540492206812
60 : -0.9908044496551156
61 : -3.7004383185412735
62 : 20.15167757391464
63 : -2.055616818834096
64 : -5.625806845258921
65 : -2.730669334065169
66 : 0.060259684920310974
67 : 2.366958551108837
68 : -0.12685321178287268
69 : 3.184732912108302
70 : -2.556409358046949
71 : -1.1895385487005115
72 : 7.810647258069366
73 : 7.396297512575984
74 : -1.2868863325566053
75 : -1.187661213800311
76 : 0.2288131001405418
77 : 12.956128421705216
78 : -1.7022866276092827
79 : -1.376432272605598
80 : -16.695406261831522
81 : -1.6288428725674748
82 : 6.4425078220665455
83 : -3.4999770373106003
84 : -11.231853467645124
85 : -1.8329937234520912
86 : 4.459469717578031
87 : -1.8712952898349613
88 : -0.7244458869099617
89 : -1.2372957840561867
90 : 0.4551570927724242
91 : -2.097474478185177
92 : 0.6518152006901801
93 : -1.5017829779535532
94 : -1.730954298749566
95 : -0.7229860834777355
96 : -5.864951830357313
97 : -1.376834389520809
98 : -0.4753029835410416
99 : -1.7125729331746697
100 : -6.194371215533465
101 : -2.2153531624935567
102 : -1.4232765175402164
103 : -0.5492805847898126
104 : -0.11275747790932655
105 : -3.4423012267798185
106 : -2.1610141299897805
107 : 0.47869586385786533
108 : -1.2575397621840239
109 : -1.80510755488649
110 : 0.5081041064113379
111 : -1.3901282390579581
112 : -1.2636133302003145
113 : -1.70158376917243
114 : -6.4124989323318005
115 : -1.9021447896957397
116 : -3.070832083467394
117 : -2.08447446487844
118 : -0.1177501818165183
119 : 0.8197414055466652
120 : 3.4764983681961894
121 : -7.884976050350815
122 : -2.6928911423310637
123 : -2.0245826318860054
124 : -1.265935504809022
125 : -1.3721900191158056
126 : -1.449612700380385
127 : -0.539352186024189
128 : -0.11211573472246528
129 : -1.2373948260210454
130 : -1.1615498112514615
131 : -1.5792649862123653
132 : -4.352363343350589
133 : -4.206281330436468
134 : -1.9671126054599881
135 : -1.8436226416379213
136 : -1.6913633476942778
137 : -1.6334350616671145
138 : -1.5454843239858747
139 : -1.2861499936552718
140 : -0.9375276039354503
141 : -1.4459913182072341
142 : -1.2848279010504484
143 : -1.8868273459374905
144 : -1.1405544755980372
145 : -1.1878414279781282
146 : 0.9305968172848225
147 : -1.281038955785334
148 : -1.755478685721755
149 : -2.0712131075561047
150 : -4.762871734565124
151 : -1.6901348605751991
152 : -1.8224076814949512
153 : 1.640762947499752
154 : -1.4145466424524784
155 : -0.9714014779310673
156 : 0.6334204459562898
157 : -1.4620445407927036
158 : -9.396663018967956
159 : -1.1752013792283833
160 : -0.5690128020942211
161 : -0.7748292908072472
162 : -0.9845370752736926
163 : -1.6009523612447083
164 : -1.3809008672833443
165 : -1.675612710416317
166 : 2.497385166119784
167 : -1.4013114017434418
168 : -2.4301782930269837
169 : 1.7860602792352438
170 : -6.7250697910785675
171 : 2.1246609082445502
172 : 0.8120244294404984
173 : -2.538648351095617
174 : -1.2001881776377559
175 : 0.348438928835094
176 : -1.7185379485599697
177 : -1.0062010334804654
178 : -0.8166323527693748
179 : 1.8605553598608822
180 : 1.677006360143423
181 : -2.6175888795405626
182 : -1.0801879563368857
183 : -1.0859537278302014
184 : -1.5584987746551633
185 : -1.7884565889835358
186 : -0.9097701050341129
187 : -1.070791077800095
188 : -1.699600849300623
189 : -1.111783804371953
190 : 0.14276825077831745
191 : -2.0606477186083794
192 : -1.4657808626070619
193 : -1.5726065635681152
194 : 0.5858671050518751
195 : -1.169213938061148
196 : -2.1316158114932477
197 : -3.4932452854700387
198 : -1.5705540552735329
199 : 1.3102459851652384
200 : -1.1193310022354126
201 : -1.4407284054905176
202 : -2.6451545916497707
203 : -1.5518849990330637
204 : -1.1896307244896889
205 : -1.7030883273109794
206 : -0.6406807699240744
207 : 4.523161882534623
208 : -1.4725109105929732
209 : -0.5759728271514177
210 : -0.4786354494281113
211 : -0.7288191961124539
212 : -0.12868382059969008
213 : -1.8026276619639248
214 : -1.432758368551731
215 : -1.4000423392280936
216 : -5.238916329108179
217 : -9.102406197460368
218 : -1.0618929388001561
219 : -2.1765296990051866
220 : -2.1123394374735653
221 : -6.323390546953306
222 : -5.347553570754826
223 : -7.414322281721979
224 : -1.9095405023545027
225 : -0.5692742839455605
226 : -1.28800518065691
227 : -0.7680920185521245
228 : -1.7404111716896296
229 : -0.9676866461522877
230 : -0.41603140789084136
231 : -0.8050873195752501
232 : -5.134996872162446
233 : -0.8191987797617912
234 : -0.983078770339489
235 : 0.1982827759347856
236 : 2.500520820962265
237 : -1.6417238938156515
238 : -2.3511951230466366
239 : -0.8507726592943072
240 : -2.1177717689424753
241 : -0.980015717446804
242 : 3.502424736507237
243 : -5.370524421799928
244 : -3.92866951553151
245 : -0.9737725239247084
246 : -1.3297822303138673
247 : -1.4301518248394132
248 : -0.35832367837429047
249 : 1.5665824739262462
250 : -2.816387780942023
251 : -4.2795254200464115
252 : -1.6042925268411636
253 : -3.675743766129017
254 : 4.720922747626901
255 : 0.9550946741364896
256 : -2.146739223971963
257 : 1.4225161392241716
258 : -1.9962984428275377
259 : -2.9160765260457993
260 : -0.9663097043521702
261 : -0.9195425058715045
262 : -1.4791298359632492
263 : -0.8114371933043003
264 : -0.7740651173517108
265 : -2.6336923982016742
266 : -1.0290012145414948
267 : -1.4498006775975227
268 : -4.347746759653091
269 : -1.6719906274229288
270 : -1.2826652124058455
271 : -1.7950199351180345
272 : -1.3435073234140873
273 : -1.8487242748960853
274 : -1.4491099761798978
275 : -1.442271283827722
276 : -1.4953707987442613
277 : 6.598236388526857
278 : -1.7985796481370926
279 : -0.619195010047406
280 : 0.2658101716078818
281 : -0.7743379278108478
282 : -0.8170322738587856
283 : -6.751405540853739
284 : -2.580465014092624
285 : 1.1616893727332354
286 : 0.20410240581259131
287 : -0.5538749666884542
288 : -6.289202937856317
289 : -0.23105078376829624
290 : -0.969513036776334
291 : -5.966864196583629
292 : -5.100070975255221
293 : -2.4619753677397966
294 : -1.390599020756781
295 : -1.0872807591222227
296 : 4.02410508506
297 : -2.9221385261043906
298 : -0.7824827991425991
299 : -0.08997879736125469
300 : -1.9114211201667786
301 : -4.540314464829862
302 : -0.8400532533414662
303 : -4.703865529038012
304 : -0.37685812171548605
305 : -1.5793768055737019
306 : -1.0344847766682506
307 : -2.9348640511743724
308 : -2.2334304759278893
309 : -0.6534129451029003
310 : -3.0640199263580143
311 : 0.09745364275295287
312 : -3.3983689439482987
313 : -1.669785412028432
314 : 0.8642779542133212
315 : -2.3302074521780014
316 : -8.095254275482148
317 : 1.05422483664006
318 : -6.863989802543074
319 : -4.420298034325242
320 : 4.330905593931675
321 : -1.0236645531840622
322 : -1.92628174694255
323 : -0.8582245158031583
324 : -1.5678785480558872
325 : -2.394193045794964
326 : -0.7371012060903013
327 : -0.6699393223971128
328 : -2.5124696884304285
329 : -9.541659037582576
330 : 5.584398282691836
331 : -0.7801963107194752
332 : -1.3254437167197466
333 : -8.456409698817879
334 : -1.2120115327415988
335 : 2.5229915250092745
336 : -32.03473976906389
337 : -2.9325182512402534
338 : -1.3297755531966686
339 : -4.471768439296284
340 : 1.1749010030180216
341 : -16.680053954944015
342 : -7.588664518669248
343 : -1.0826836451888084
344 : -3.281546726822853
345 : -1.535991772543639
346 : -1.1635657167062163
347 : -0.4789714249782264
348 : 0.035109325312078
349 : -2.2424380034208298
350 : -0.034432195127010345
351 : -1.545918608084321
352 : -3.050019476097077
353 : -1.9489794485270977
354 : 1.0651553766801953
355 : 2.1592710777185857
356 : -1.6268789595924318
357 : -0.22278868313878775
358 : -1.2703708745539188
359 : -1.0030277017503977
360 : -1.406850317493081
361 : -8.681492750067264
362 : -2.126933104824275
363 : -4.111346885561943
364 : 0.41014300659298897
365 : -3.84202995384112
366 : -1.3060800479725003
367 : -1.4594655968248844
368 : -0.5267201457172632
369 : -0.7348480187356472
370 : -1.5312369037419558
371 : 0.21775704249739647
372 : 0.9643844678066671
373 : -1.9029949875548482
374 : -1.5953965410590172
375 : -1.0036793118342757
376 : -2.3384840469807386
377 : -1.8257750133052468
378 : 2.5944134305464104
379 : -1.6396408919245005
380 : 0.09772812714800239
381 : 5.354447182733566
382 : 6.876571053289808
383 : -1.3155454900115728
384 : -1.7340848641470075
385 : -0.9123419509269297
386 : 5.61360935959965
387 : -1.5095047019422054
388 : -0.9368393318727612
389 : 0.779689110815525
390 : -0.2528122225776315
391 : -7.423136577475816
392 : -1.8025475554168224
393 : 0.018894074484705925
394 : 1.8445412628352642
395 : -20.039100711233914
396 : -3.073207378387451
397 : -1.4040114688687027
398 : 0.8026349265128374
399 : -1.27074666460976
400 : 5.46018989617005
401 : -1.638519107538741
402 : 6.7941585755907
403 : 0.5092646558769047
404 : 2.2597220954485238
405 : -1.443666022270918
406 : 1.7242573094554245
407 : -2.6114381719380617
408 : -2.1521554151549935
409 : -1.3024978330358863
410 : -0.895493246614933
411 : -0.8632238302379847
412 : 2.1530883428640664
413 : -0.8395341644063592
414 : -1.1616930784657598
415 : -1.7928970716893673
416 : -1.0037472839467227
417 : 1.0310337818227708
418 : -1.574036817997694
419 : -0.498401147313416
420 : -1.3712684325873852
421 : 0.6626085806638002
422 : -1.0908500673249364
423 : -0.0711715817451477
424 : -1.6254751347005367
425 : 9.401552465744317
426 : -2.137930303812027
427 : -1.0340067278593779
428 : 1.7844914244487882
429 : -6.614056997001171
430 : -1.4255123473703861
431 : -0.6116546234115958
432 : -1.401904341764748
433 : 0.3167234128341079
434 : -2.058395467232913
435 : -1.2222723350860178
436 : -2.0658802585676312
437 : -1.6394692473113537
438 : 1.2966810557991266
439 : -0.8752856235951185
440 : 3.2919403607957065
441 : 4.04453950561583
442 : 7.296132515184581
443 : -27.83905855193734
444 : -1.1608746107667685
445 : -1.5926624219864607
446 : 0.16566072672139853
447 : -12.867827714886516
448 : -1.0945472195744514
449 : -2.278316461481154
450 : -1.1437913626432419
451 : 1.6549956519156694
452 : -1.863504605833441
453 : 7.9559407737106085
454 : -1.0780123826116323
455 : -0.5669679883867502
456 : -1.5741457305848598
457 : 3.4415800236165524
458 : -2.512974189594388
459 : -0.7757102735340595
460 : 13.292172450339422
461 : -1.6863864734768867
462 : -1.1919747740030289
463 : -0.8343415996059775
464 : 1.4751314502209425
465 : -1.1291314093396068
466 : -0.9269810141995549
467 : 0.30376379983499646
468 : -2.4465307029895484
469 : -0.26068724505603313
470 : -1.5094967745244503
471 : 11.965735486708581
472 : -0.7158723399043083
473 : 0.045626682229340076
474 : -1.3063473496586084
475 : -1.6788652073591948
476 : 0.938777772244066
477 : -1.8189713023602962
478 : -1.1349442000500858
479 : 0.14229596871882677
480 : -1.1954983663745224
481 : -0.4455581367947161
482 : -0.48925156285986304
483 : -3.2046218612231314
484 : -2.698625488206744
485 : -1.1678122445009649
486 : 0.7436896190047264
487 : -1.0380840823054314
488 : -0.8986109176184982
489 : -1.0239365370944142
490 : -4.080758920870721
491 : -5.795166859403253
492 : -0.9468766078352928
493 : -1.2886808514595032
494 : -0.8441933579742908
495 : 0.5015919823199511
496 : -3.656198607990518
497 : -0.33353784144856036
498 : -1.6291098538786173
499 : -1.0433686848264188
500 : 4.692909643985331
501 : -1.0122542562894523
502 : 3.3968063588254154
503 : -0.409378650598228
504 : -0.10366975329816341
505 : -0.30661067040637136
506 : -1.3644737410359085
507 : -0.28966828249394894
508 : -1.6464748438447714
509 : -3.8056497676298022
510 : 2.597753885667771
511 : -6.127883512526751
512 : -0.677731990814209
513 : -0.8391556520946324
514 : -7.266384717077017
515 : -1.0377346528694034
516 : -1.449743626639247
517 : -0.30763333663344383
518 : -0.7978396033868194
519 : -1.198196069803089
520 : 2.6701255906373262
521 : -0.825792333111167
522 : -1.1053594695404172
523 : -3.969806845765561
524 : -1.21114196581766
525 : 3.9936114037409425
526 : -1.2260673707351089
527 : -0.5821611960418522
528 : -1.046614270657301
529 : -2.4524344522506
530 : 0.36810584366321564
531 : -2.4426228273659945
532 : -4.119739260524511
533 : -0.9299735380336642
534 : -0.10471116937696934
535 : 9.89675412606448
536 : -5.478431005496532
537 : -1.0851016961969435
538 : -0.4851718842983246
539 : -1.5976558974944055
540 : -2.9167480897158384
541 : 0.4650329649448395
542 : -1.916974633000791
543 : -1.189162794034928
544 : -1.8540134448558092
545 : -1.4754775539040565
546 : -3.6315865740180016
547 : -2.0106211826205254
548 : -1.507760701701045
549 : 1.6631062384694815
550 : 2.506804308388382
551 : -1.753984113689512
552 : 4.301288673537783
553 : -2.9456352195702493
554 : -7.190901406574994
555 : 4.580892737954855
556 : -1.1843905444256961
557 : -5.379015854559839
558 : -4.352021272294223
559 : -5.4879462933167815
560 : -0.6052072625607252
561 : -5.959645404014736
562 : 1.0766924116760492
563 : -4.904078530846164
564 : -3.950318820774555
565 : -3.9221879923716187
566 : -1.059972989372909
567 : -1.3262570085935295
568 : 1.986589820124209
569 : -0.38667090609669685
570 : 5.71520999353379
571 : -0.19782770704478025
572 : -1.6313772266730666
573 : 8.069408473558724
574 : -0.992247685790062
575 : -0.9215654404833913
576 : 0.3273534132167697
577 : -3.0688079041428864
578 : 2.9938635993748903
579 : -1.2546689976006746
580 : -1.285258708987385
581 : -0.7998624369502068
582 : -2.0914288982748985
583 : -1.1650643493048847
584 : 0.5206445772200823
585 : -0.8072731741704047
586 : 15.079851862043142
587 : 0.1092511685565114
588 : 3.5247324998490512
589 : -0.9603712344542146
590 : 2.0918029244057834
591 : -2.8775636826176196
592 : -2.0841385927051306
593 : 1.090263731777668
594 : -2.4132050240878016
595 : -0.6654758878285065
596 : 0.6132908165454865
597 : -0.04636116046458483
598 : -1.1698024924844503
599 : -3.920737497508526
600 : 0.9770667557604611
601 : 0.32617215532809496
602 : -2.1393673103302717
603 : -1.9906136943027377
604 : -1.2105097603052855
605 : -3.3528948668390512
606 : 0.3539198311045766
607 : -5.887701579369605
608 : -0.04634975641965866
609 : -1.4530136128887534
610 : -3.0669090738520026
611 : 0.00558005110360682
612 : -7.806859923060983
613 : -1.0852665584534407
614 : -1.6876655956730247
615 : -10.385183691978455
616 : -0.9473807914182544
617 : -1.2827130546793342
618 : -1.5731287896633148
619 : -1.4241736680269241
620 : -1.7114494927227497
621 : -1.394457183778286
622 : -1.7662433236837387
623 : -1.3764273338019848
624 : -1.719112679362297
625 : -1.2325620288029313
626 : -1.7334802225232124
627 : -1.4505302980542183
628 : -1.9499629363417625
629 : -1.2550988905131817
630 : -1.2170309573411942
631 : -1.3408565148711205
632 : -1.3581665083765984
633 : -1.2475232314318419
634 : -0.8911568056792021
635 : -1.086903378367424
636 : -1.4335719160735607
637 : -2.0099394991993904
638 : -1.0837460937909782
639 : -1.5696128010749817
640 : -1.1832927563227713
641 : -1.4409067668020725
642 : -1.114737511612475
643 : -1.4595626629889011
644 : -1.336079217493534
645 : -1.0441984552890062
646 : -1.1705690762028098
647 : -1.1375377932563424
648 : -2.213497791439295
649 : -1.4521766155958176
650 : -0.8798201037570834
651 : -1.621873289346695
652 : -1.2894389228895307
653 : -1.3408491984009743
654 : -1.7706427872180939
655 : -1.3984421901404858
656 : -1.0455036882776767
657 : -1.483012419193983
658 : -1.6051637679338455
659 : -1.0961875547654927
660 : -1.1605829950422049
661 : -1.0043745199218392
662 : -0.7390747405588627
663 : -1.4567513018846512
664 : -1.0718974652700126
665 : -1.3214509580284357
666 : -1.4129120744764805
667 : -1.3396993558853865
668 : -1.411964986473322
669 : -1.6225904449820518
670 : -0.8237421624362469
671 : -1.495284958742559
672 : -1.260412672534585
673 : -1.6144240200519562
674 : -1.3027499951422215
675 : -0.9303291975520551
676 : -1.569020725786686
677 : -1.3213565219193697
678 : -1.048147133551538
679 : -1.5687401294708252
680 : -0.9900932358577847
681 : -0.9173355200327933
682 : -1.2032479774206877
683 : -1.406913511455059
684 : -1.5211976319551468
685 : -0.8792714574374259
686 : -2.4934147745370865
687 : -1.0949608949013054
688 : -1.4758798703551292
689 : -0.7849378073588014
690 : -1.2508452590554953
691 : -1.2221110993996263
692 : -0.9357102625072002
693 : -2.117263026535511
694 : -1.0189956836402416
695 : -1.5751234218478203
696 : -0.8505127672106028
697 : -1.1648474894464016
698 : -1.03541505523026
699 : -1.4008071348071098
700 : -1.7184903733432293
701 : -1.3327670260332525
702 : -1.214099152595736
703 : -1.3672951604239643
704 : -1.197539864340797
705 : -1.3038600869476795
706 : -1.9426292106509209
707 : -1.4106388576328754
708 : -1.167776484042406
709 : -1.7101605534553528
710 : -1.4965405017137527
711 : -1.3435644046403468
712 : -1.4246583506464958
713 : -1.929504081606865
714 : -1.1455418858677149
715 : -1.0875687054358423
716 : -1.1089471876621246
717 : -1.5258268229663372
718 : -0.8762015653774142
719 : -1.048408292233944
720 : -1.3027085214853287
721 : -1.0684301732107997
722 : -1.0599383106455207
723 : -1.2002376448363066
724 : -0.9486175612546504
725 : -0.8115275749005377
726 : -1.8226569667458534
727 : -1.3894655890762806
728 : -1.4187765065580606
729 : -1.4252108186483383
730 : -0.9121084110811353
731 : -1.136311212554574
[W 2020-06-24 04:01:45,719] Setting status of trial#151 as TrialState.FAIL because of the following error: RuntimeError('The observations provided had Infinite values.',)
Traceback (most recent call last):
  File "/home/j/jensenj/.local/lib/python3.6/site-packages/optuna/study.py", line 734, in _run_trial
    result = func(trial)
  File "main-optuna.py", line 88, in objective
    returns = [episode(env, agent, params, writer, i) for i in range(training_episodes)]
  File "main-optuna.py", line 88, in <listcomp>
    returns = [episode(env, agent, params, writer, i) for i in range(training_episodes)]
  File "main-optuna.py", line 28, in episode
    next_state, reward, done, _ = env.step(action.numpy()[0])
  File "/home/j/jensenj/.local/lib/python3.6/site-packages/gym_unity/envs/__init__.py", line 177, in step
    self._env.step()
  File "/home/j/jensenj/.local/lib/python3.6/site-packages/mlagents_envs/timers.py", line 305, in wrapped
    return func(*args, **kwargs)
  File "/home/j/jensenj/.local/lib/python3.6/site-packages/mlagents_envs/environment.py", line 319, in step
    self._update_state(rl_output)
  File "/home/j/jensenj/.local/lib/python3.6/site-packages/mlagents_envs/environment.py", line 275, in _update_state
    agent_info_list, self._env_specs[brain_name]
  File "/home/j/jensenj/.local/lib/python3.6/site-packages/mlagents_envs/timers.py", line 305, in wrapped
    return func(*args, **kwargs)
  File "/home/j/jensenj/.local/lib/python3.6/site-packages/mlagents_envs/rpc_utils.py", line 188, in steps_from_proto
    obs_index, obs_shape, decision_agent_info_list
  File "/home/j/jensenj/.local/lib/python3.6/site-packages/mlagents_envs/timers.py", line 305, in wrapped
    return func(*args, **kwargs)
  File "/home/j/jensenj/.local/lib/python3.6/site-packages/mlagents_envs/rpc_utils.py", line 152, in _process_vector_observation
    _raise_on_nan_and_inf(np_obs, "observations")
  File "/home/j/jensenj/.local/lib/python3.6/site-packages/mlagents_envs/rpc_utils.py", line 132, in _raise_on_nan_and_inf
    raise RuntimeError(f"The {source} provided had Infinite values.")
RuntimeError: The observations provided had Infinite values.
Traceback (most recent call last):
  File "main-optuna.py", line 103, in <module>
    study.optimize(objective, n_trials=1000)
  File "/home/j/jensenj/.local/lib/python3.6/site-packages/optuna/study.py", line 339, in optimize
    func, n_trials, timeout, catch, callbacks, gc_after_trial, None
  File "/home/j/jensenj/.local/lib/python3.6/site-packages/optuna/study.py", line 682, in _optimize_sequential
    self._run_trial_and_callbacks(func, catch, callbacks, gc_after_trial)
  File "/home/j/jensenj/.local/lib/python3.6/site-packages/optuna/study.py", line 713, in _run_trial_and_callbacks
    trial = self._run_trial(func, catch, gc_after_trial)
  File "/home/j/jensenj/.local/lib/python3.6/site-packages/optuna/study.py", line 734, in _run_trial
    result = func(trial)
  File "main-optuna.py", line 88, in objective
    returns = [episode(env, agent, params, writer, i) for i in range(training_episodes)]
  File "main-optuna.py", line 88, in <listcomp>
    returns = [episode(env, agent, params, writer, i) for i in range(training_episodes)]
  File "main-optuna.py", line 28, in episode
    next_state, reward, done, _ = env.step(action.numpy()[0])
  File "/home/j/jensenj/.local/lib/python3.6/site-packages/gym_unity/envs/__init__.py", line 177, in step
    self._env.step()
  File "/home/j/jensenj/.local/lib/python3.6/site-packages/mlagents_envs/timers.py", line 305, in wrapped
    return func(*args, **kwargs)
  File "/home/j/jensenj/.local/lib/python3.6/site-packages/mlagents_envs/environment.py", line 319, in step
    self._update_state(rl_output)
  File "/home/j/jensenj/.local/lib/python3.6/site-packages/mlagents_envs/environment.py", line 275, in _update_state
    agent_info_list, self._env_specs[brain_name]
  File "/home/j/jensenj/.local/lib/python3.6/site-packages/mlagents_envs/timers.py", line 305, in wrapped
    return func(*args, **kwargs)
  File "/home/j/jensenj/.local/lib/python3.6/site-packages/mlagents_envs/rpc_utils.py", line 188, in steps_from_proto
    obs_index, obs_shape, decision_agent_info_list
  File "/home/j/jensenj/.local/lib/python3.6/site-packages/mlagents_envs/timers.py", line 305, in wrapped
    return func(*args, **kwargs)
  File "/home/j/jensenj/.local/lib/python3.6/site-packages/mlagents_envs/rpc_utils.py", line 152, in _process_vector_observation
    _raise_on_nan_and_inf(np_obs, "observations")
  File "/home/j/jensenj/.local/lib/python3.6/site-packages/mlagents_envs/rpc_utils.py", line 132, in _raise_on_nan_and_inf
    raise RuntimeError(f"The {source} provided had Infinite values.")
RuntimeError: The observations provided had Infinite values.
Setting up 6 worker threads for Enlighten.
  Thread -> id: 7f5612daf700 -> priority: 1 
  Thread -> id: 7f56125ae700 -> priority: 1 
  Thread -> id: 7f5611dad700 -> priority: 1 
  Thread -> id: 7f56115ac700 -> priority: 1 
  Thread -> id: 7f5610dab700 -> priority: 1 
  Thread -> id: 7f55a7fff700 -> priority: 1 
2020-06-24 04:01:45 INFO [environment.py:418] Environment shut down with return code 0.
