slurmstepd-fensterbach: error: Unable to create TMPDIR [/tmp/user/30108]: Permission denied
slurmstepd-fensterbach: error: Setting TMPDIR to /tmp
Found path: /home/j/jensenj/PycharmProjects/Federer-Jr./src/../crawler_single/linux/dynamic_server/crawler_dynamic.x86_64
Mono path[0] = '/home/j/jensenj/PycharmProjects/Federer-Jr./src/../crawler_single/linux/dynamic_server/crawler_dynamic_Data/Managed'
Mono config path = '/home/j/jensenj/PycharmProjects/Federer-Jr./src/../crawler_single/linux/dynamic_server/crawler_dynamic_Data/MonoBleedingEdge/etc'
Preloaded 'lib_burst_generated.so'
Preloaded 'libgrpc_csharp_ext.x64.so'
Initialize engine version: 2019.3.15f1 (59ff3e03856d)
[Subsystems] Discovering subsystems at path /home/j/jensenj/PycharmProjects/Federer-Jr./src/../crawler_single/linux/dynamic_server/crawler_dynamic_Data/UnitySubsystems
Forcing GfxDevice: Null
GfxDevice: creating device client; threaded=0
NullGfxDevice:
    Version:  NULL 1.0 [1.0]
    Renderer: Null Device
    Vendor:   Unity Technologies
Begin MonoManager ReloadAssembly
- Completed reload, in  0.095 seconds
WARNING: Shader Unsupported: 'Autodesk Interactive' - All passes removed
WARNING: Shader Did you use #pragma only_renderers and omit this platform?
UnloadTime: 0.437621 ms
Fallback handler could not load library /home/j/jensenj/PycharmProjects/Federer-Jr./src/../crawler_single/linux/dynamic_server/crawler_dynamic_Data/Mono/libcoreclr.so
Fallback handler could not load library /home/j/jensenj/PycharmProjects/Federer-Jr./src/../crawler_single/linux/dynamic_server/crawler_dynamic_Data/Mono/libcoreclr.so
Fallback handler could not load library /home/j/jensenj/PycharmProjects/Federer-Jr./src/../crawler_single/linux/dynamic_server/crawler_dynamic_Data/Mono/libcoreclr.so
Fallback handler could not load library /home/j/jensenj/PycharmProjects/Federer-Jr./src/../crawler_single/linux/dynamic_server/crawler_dynamic_Data/Mono/libSystem.dylib
Fallback handler could not load library /home/j/jensenj/PycharmProjects/Federer-Jr./src/../crawler_single/linux/dynamic_server/crawler_dynamic_Data/Mono/libSystem.dylib.so
Fallback handler could not load library /home/j/jensenj/PycharmProjects/Federer-Jr./src/../crawler_single/linux/dynamic_server/crawler_dynamic_Data/Mono/libSystem.dylib
Fallback handler could not load library /home/j/jensenj/PycharmProjects/Federer-Jr./src/../crawler_single/linux/dynamic_server/crawler_dynamic_Data/Mono/libcoreclr.so
Fallback handler could not load library /home/j/jensenj/PycharmProjects/Federer-Jr./src/../crawler_single/linux/dynamic_server/crawler_dynamic_Data/Mono/libcoreclr.so
Fallback handler could not load library /home/j/jensenj/PycharmProjects/Federer-Jr./src/../crawler_single/linux/dynamic_server/crawler_dynamic_Data/Mono/libcoreclr.so
Fallback handler could not load library /home/j/jensenj/PycharmProjects/Federer-Jr./src/../crawler_single/linux/dynamic_server/crawler_dynamic_Data/Mono/libSystem.dylib
Fallback handler could not load library /home/j/jensenj/PycharmProjects/Federer-Jr./src/../crawler_single/linux/dynamic_server/crawler_dynamic_Data/Mono/libSystem.dylib.so
Fallback handler could not load library /home/j/jensenj/PycharmProjects/Federer-Jr./src/../crawler_single/linux/dynamic_server/crawler_dynamic_Data/Mono/libSystem.dylib
/home/j/jensenj/.local/lib/python3.6/site-packages/tensorboard/compat/tensorflow_stub/dtypes.py:541: FutureWarning: Passing (type, 1) or '1type' as a synonym of type is deprecated; in a future version of numpy, it will be understood as (type, (1,)) / '(1,)type'.
  _np_qint8 = np.dtype([("qint8", np.int8, 1)])
/home/j/jensenj/.local/lib/python3.6/site-packages/tensorboard/compat/tensorflow_stub/dtypes.py:542: FutureWarning: Passing (type, 1) or '1type' as a synonym of type is deprecated; in a future version of numpy, it will be understood as (type, (1,)) / '(1,)type'.
  _np_quint8 = np.dtype([("quint8", np.uint8, 1)])
/home/j/jensenj/.local/lib/python3.6/site-packages/tensorboard/compat/tensorflow_stub/dtypes.py:543: FutureWarning: Passing (type, 1) or '1type' as a synonym of type is deprecated; in a future version of numpy, it will be understood as (type, (1,)) / '(1,)type'.
  _np_qint16 = np.dtype([("qint16", np.int16, 1)])
/home/j/jensenj/.local/lib/python3.6/site-packages/tensorboard/compat/tensorflow_stub/dtypes.py:544: FutureWarning: Passing (type, 1) or '1type' as a synonym of type is deprecated; in a future version of numpy, it will be understood as (type, (1,)) / '(1,)type'.
  _np_quint16 = np.dtype([("quint16", np.uint16, 1)])
/home/j/jensenj/.local/lib/python3.6/site-packages/tensorboard/compat/tensorflow_stub/dtypes.py:545: FutureWarning: Passing (type, 1) or '1type' as a synonym of type is deprecated; in a future version of numpy, it will be understood as (type, (1,)) / '(1,)type'.
  _np_qint32 = np.dtype([("qint32", np.int32, 1)])
/home/j/jensenj/.local/lib/python3.6/site-packages/tensorboard/compat/tensorflow_stub/dtypes.py:550: FutureWarning: Passing (type, 1) or '1type' as a synonym of type is deprecated; in a future version of numpy, it will be understood as (type, (1,)) / '(1,)type'.
  np_resource = np.dtype([("resource", np.ubyte, 1)])
2020-06-24 03:42:32 INFO [environment.py:108] Connected to Unity environment with package version 1.0.2 and communication version 1.0.0
2020-06-24 03:42:32 INFO [environment.py:265] Connected new brain:
CrawlerDynamic?team=0
2020-06-24 03:42:32 WARNING [__init__.py:92] The environment contains multiple observations. You must define allow_multiple_obs=True to receive them all. Otherwise, only the first visual observation (or vector observation ifthere are no visual observations) will be provided in the observation.
/home/j/jensenj/.local/lib/python3.6/site-packages/gym/logger.py:30: UserWarning: WARN: Box bound precision lowered by casting to float32
  warnings.warn(colorize('%s: %s'%('WARN', msg % args), 'yellow'))
{'nr_output_features': 20, 'nr_input_features': 126, 'env': <gym_unity.envs.UnityToGymWrapper object at 0x7f3b17d53eb8>, 'alpha': 0.003, 'tau': 0.95, 'clip': 0.2, 'minibatch_size': 32, 'hidden_units': 512, 'update_time_steps': 7168, 'ppo_epochs': 12, 'gamma': 0.965384014282445, 'beta': 0.05699816400294575}
0 : -1.5050732139497995
1 : -0.9931879006326199
2 : -0.5374960079789162
3 : -1.6176165966317058
4 : -0.5630702562630177
5 : 0.5599432406015694
6 : 0.04877069732174277
7 : -2.29089428531006
8 : -1.5000717146322131
9 : -1.3298942809924483
10 : 1.1079409924568608
11 : -1.1515987170860171
12 : -2.3034026082605124
13 : -1.4239202998578548
14 : -1.31745021417737
15 : -0.12756432918831706
16 : -2.0064577348530293
17 : -2.211861523799598
18 : -1.5399003606289625
19 : -1.4980991501361132
20 : -1.0623152595944703
21 : -1.4327127560973167
22 : -1.3205880019813776
23 : -1.037765792105347
24 : -1.2218645801767707
25 : -1.4656553333625197
26 : -0.8080011438578367
27 : -1.4251561351120472
28 : -1.584184642881155
29 : -1.1636072625406086
30 : -2.41207375517115
31 : -0.2151339165866375
32 : -1.1220393106341362
33 : -1.5419392697513103
34 : -1.2468465063720942
35 : -1.616222615353763
36 : -1.8394931703805923
37 : -0.5533638913184404
38 : -0.9941712478175759
39 : -1.0579949850216508
40 : -1.1920124217867851
41 : -1.325093001127243
42 : -1.5451073786243796
43 : -0.489293004386127
44 : 3.025250636972487
45 : -0.42581518879160285
46 : -1.3798616756685078
47 : -0.26017062459141016
48 : -1.2999257668852806
49 : -0.8734310381114483
50 : -1.1707507828250527
51 : -1.7164409500546753
52 : -0.49791794642806053
53 : 2.789030658081174
54 : -2.859196810051799
55 : -1.5738500263541937
56 : -0.9414990227669477
57 : -5.81766678544227
58 : -1.0082607525400817
59 : 1.7769818343222141
60 : -2.465994628146291
61 : -1.912980604916811
62 : -0.3173375064507127
63 : -2.170593861490488
64 : -2.4305632072500885
65 : -1.3781542924698442
66 : -1.6613173484802246
67 : -1.1469197082333267
68 : -0.5968694379553199
69 : -0.6970347380265594
70 : 0.8895295709371567
71 : -1.0440820013172925
72 : -1.6893292423337698
73 : -1.2496648100204766
74 : -0.6665406250394881
75 : -1.0613479423336685
76 : -0.7212557271122932
77 : -0.12931518256664276
78 : -1.2738984037423506
79 : 4.2650152407586575
80 : -1.6454355902969837
81 : -0.982890572398901
82 : -0.8294212250038981
83 : -1.4255855092778802
84 : -0.20830393978394568
85 : -1.324961256235838
86 : -0.5051749106496572
87 : -0.7097744675120339
88 : -0.3027056260034442
89 : -2.1387132108211517
90 : -1.2087239315733314
91 : -1.5772480815649033
92 : -0.9336964339017868
93 : -1.394932895898819
94 : -0.7779904860071838
95 : 0.9066090434789658
96 : -1.2422106843441725
97 : -1.4985600225627422
98 : -1.238126501441002
99 : -1.243460237979889
100 : -0.8971744775772095
101 : -0.017594951670616865
102 : -2.850144879426807
103 : -0.7584016872569919
104 : -1.4324908759444952
105 : 1.1822739858180285
106 : -1.6199627434834838
107 : -2.5237775067798793
108 : -1.6945077031850815
109 : -1.2847026991657913
110 : -1.8062202837318182
111 : 2.1513383500277996
112 : -2.502957663498819
113 : -0.567260755226016
114 : -1.1538446713238955
115 : -1.1998297537211329
116 : 4.231921486207284
117 : 1.5673821773380041
118 : -1.7820994462817907
119 : -2.065128941088915
120 : -1.5618803203105927
121 : -2.024942932650447
122 : -0.6291883643716574
123 : -0.21703356923535466
124 : -2.461790818721056
125 : -1.8150434475392103
126 : -1.2540664293337613
127 : -1.6604459779337049
128 : -1.044268162921071
129 : -1.8553554099053144
130 : -1.6204289756715298
131 : -1.7615338265895844
132 : -3.0112484358251095
133 : -1.5699399439617991
134 : -6.509242401458323
135 : -0.7970791030675173
136 : -1.0041827613022178
137 : 0.3535189665853977
138 : -1.7663058508187532
139 : -1.393544989055954
140 : -0.9827116425149143
141 : -0.6896591251716018
142 : -0.6115612657740712
143 : -1.8360969219356775
144 : -1.0094086471945047
145 : -1.2292562881484628
146 : 0.5091073960065842
147 : -1.6026295274496078
148 : -7.705687489360571
149 : -1.440588301513344
150 : -0.8324499670416117
151 : -0.5207904046401381
152 : -2.389689618605189
153 : -0.9166332515887916
154 : -0.6111034420318902
155 : -3.8253824091516435
156 : -1.3301827260293067
157 : -1.1154411416500807
158 : -1.0159213170409203
159 : -1.2681939918547869
160 : -0.8646036740392447
161 : -2.2503076270222664
162 : 0.7707980144768953
163 : -1.3368648746982217
164 : -1.3812090589199215
165 : -1.0127088665030897
166 : 12.914366052020341
167 : -1.6153736151754856
168 : -0.840747931972146
169 : -0.38794091204181314
170 : -0.009698131121695042
171 : -1.2039914717897773
172 : 0.15289898589253426
173 : -1.5433266863692552
174 : -1.2765751592814922
175 : -1.1216502971947193
176 : -1.3196177193894982
177 : -5.639964158413932
178 : -0.8963923137634993
179 : -4.577176978811622
180 : -0.4320260789245367
181 : -1.332551711704582
182 : -1.5511049893684685
183 : -3.571782962884754
184 : 3.948160636238754
185 : -1.6108708828687668
186 : -2.0481775804655626
187 : -1.0857659955509007
188 : -2.713330553844571
189 : -3.435712303966284
190 : -1.5939577841199934
191 : -1.3103721607476473
192 : -0.32723108120262623
193 : -1.5381424678489566
194 : -1.7276856936514378
195 : 0.8356763338670135
196 : -1.7786435764282942
197 : -1.4958384409546852
198 : -1.3791426203679293
199 : -1.3719849083572626
200 : -2.3285231441259384
201 : -1.827116347849369
202 : -1.0265508235897869
203 : -0.9998318748548627
204 : -1.334740143502131
205 : -1.2543783970177174
206 : -1.7412487240508199
207 : -0.9558211034163833
208 : -0.2859204029664397
209 : -1.566812192555517
210 : -1.17283137422055
211 : -0.6451300918124616
212 : -1.069368589669466
213 : -1.2042278447188437
214 : -1.5708121014758945
215 : -0.8430613805539906
216 : -3.0564392060041428
217 : -2.4754866883158684
218 : -1.8314399309456348
219 : -0.6911686658859253
220 : -2.440726473927498
221 : -1.9695862014777958
222 : 1.9311477104201913
223 : -1.0147814638912678
224 : -4.79838883318007
225 : -4.094879500567913
226 : -1.0834125494584441
227 : -2.5173543263226748
228 : -1.6772004961967468
229 : -1.6481935027986765
230 : -2.612242266535759
231 : -0.9693673825822771
232 : -2.0598010644316673
233 : -2.3315435759723186
234 : -4.232979196123779
235 : -1.0324145969934762
236 : -1.3866306480485946
237 : -2.1535920528694987
238 : -1.4932312658056617
239 : -0.9049192690290511
240 : -1.247435812605545
241 : -1.0971229649148881
242 : -1.257948936894536
243 : -1.2310835653916001
244 : -1.3472378989681602
245 : -0.7642285022884607
246 : 0.49982554093003273
247 : -1.2070205877535045
248 : -1.5221647499129176
249 : -4.399975801818073
250 : 0.1965806253720075
251 : -6.226329745724797
252 : 1.6433978006243706
253 : -0.8561568967998028
254 : -0.8230157755315304
255 : -1.3348749289289117
256 : -0.047673605382442474
257 : -0.8713747719302773
258 : -1.3216181062161922
259 : -2.1257080119103193
260 : -1.3786080551799387
261 : 1.6273521892726421
262 : -1.3319789026863873
263 : 2.2572189643979073
264 : -2.349938064813614
265 : -15.082882563117892
266 : -1.6578393168747425
267 : -0.9098524241708219
268 : -1.2667971774935722
269 : -1.2864625768270344
270 : -2.23894926533103
271 : -1.5896039986982942
272 : -0.8623326234519482
273 : -2.8635673448443413
274 : -0.349999675527215
275 : -2.5825396105647087
276 : -1.0592874297872186
277 : -5.064223007764667
278 : 2.2260480851400644
279 : -0.475173476152122
280 : 1.2276439610868692
281 : -1.2663821233436465
282 : -1.9711802378296852
283 : 2.6361087234690785
284 : -1.4041308467276394
285 : -2.068831550888717
286 : -1.0908527011051774
287 : -1.378971356432885
288 : -0.8889468098059297
289 : -1.5784800052642822
290 : -1.531386292539537
291 : -0.0019837962463498116
292 : -1.133202782832086
293 : 0.6639179028570652
294 : -1.1293433019891381
295 : 1.3422157615423203
296 : -1.554695620201528
297 : -1.560300637036562
298 : -1.1128289895132184
299 : -4.3293444607406855
300 : -1.6247870782390237
301 : -1.0654362690984271
302 : -4.29034139867872
303 : -12.566757624037564
304 : -1.5587162639712915
305 : -0.18554837722331285
306 : -1.2369499164633453
307 : 1.1792988246306777
308 : -1.1833798182196915
309 : -1.9150560945272446
310 : -1.2900239396840334
311 : -3.1547640301287174
312 : -1.5104438848793507
313 : -4.320706335827708
314 : -1.2992383297532797
315 : -0.12164930591825396
316 : -1.6551476959139109
317 : -1.4412568509578705
318 : -2.061466045677662
319 : -1.9775266190990806
320 : -1.6878717923536897
321 : 6.554491693619639
322 : -1.1650761002674699
323 : -1.087330694310367
324 : -1.212944186059758
325 : 0.8726638481020927
326 : -1.2379328142851591
327 : -20.07253596186638
328 : -1.065695658326149
329 : -1.7193479798734188
330 : -1.6941973567008972
331 : -2.167194271925837
332 : -1.7303776200860739
333 : -0.8553190510720015
334 : -1.7597447140142322
335 : 1.2424433222040534
336 : -2.233473364263773
337 : -1.8069294355809689
338 : -1.0673252576962113
339 : 1.3505867728963494
340 : -1.9020213913172483
341 : -1.9682623445987701
342 : -1.6098096882924438
343 : -0.8832963537424803
344 : 2.6567691396921873
345 : -0.873950625769794
346 : -1.2762901652604342
347 : -1.1462427005171776
348 : 4.348357492592186
349 : -2.4861224330961704
350 : -1.2603052565827966
351 : -2.737297230400145
352 : -1.2877362193539739
353 : -3.0774212740943767
354 : 2.437232901342213
355 : -1.0138611970469356
356 : -0.6318283779546618
357 : -1.3920257575809956
358 : -1.2482687048614025
359 : -2.874613478779793
360 : -0.9066203134134412
361 : 0.4642887571826577
362 : 0.1847488833591342
363 : -1.7557282391935587
364 : -1.4009572695940733
365 : -1.9889298612251878
366 : -2.0498556196689606
367 : -0.6347223999910057
368 : -1.1498571024276316
369 : -1.4187889993190765
370 : 0.18866312713362277
371 : -1.0596769731491804
372 : -0.2991883703507483
373 : -0.5954674230888486
374 : -3.939451888203621
375 : -1.5318580940365791
376 : -1.5303226113319397
377 : -0.7941658277995884
378 : -1.239447976462543
379 : -5.947377530857921
380 : -1.538046003319323
381 : -0.3532426138408482
382 : -1.46152237476781
383 : -1.0305915849748999
384 : -2.122990757226944
385 : -1.9247617232613266
386 : -1.2287452761083841
387 : -0.9543116833083332
388 : -1.1909320540726185
389 : -0.0382656822912395
390 : -3.3172395187430084
391 : 1.2652378864586353
392 : -1.90487305726856
393 : -1.5292647927999496
394 : -0.838569737970829
395 : -1.511943133547902
396 : -1.4968577390536666
397 : -1.4013330657035112
398 : -13.524163534864783
Internal: JobTempAlloc has allocations that are more than 4 frames old - this is not allowed and likely a leak 
(Filename:  Line: 554)

Internal: deleting an allocation that is older than its permitted lifetime of 4 frames (age = 13) 
(Filename:  Line: 310)

399 : -0.9592871740460396
400 : -0.9013635702431202
401 : -1.7412998569197953
402 : -1.7836125791072845
403 : -2.6021038787439466
404 : -1.107055174652487
405 : -1.1868262384086847
406 : -1.031148299574852
407 : -0.29396211355924606
408 : -1.1754964201245457
409 : -1.3596783112734556
410 : -7.501301571726799
411 : -1.8916316838003695
412 : -1.1192234815098345
413 : -0.7864295183680952
414 : -4.641292272135615
415 : -1.4107280001044273
416 : 0.11446754867210984
417 : 5.715872252359986
418 : -1.1231507672928274
419 : 0.9049485297873616
420 : -1.7927204333245754
421 : 2.2865051850676537
422 : -1.0542974127456546
423 : -9.34190594125539
424 : -1.2116098143160343
425 : -0.9706176351755857
426 : -1.155688151717186
427 : -2.928801183588803
428 : -1.699442950077355
429 : 3.037045107688755
430 : -9.81779786478728
431 : -1.5203018812462687
432 : -0.7164602037519217
433 : -1.8240990787744522
434 : -0.9506767895072699
435 : -1.4746153159067035
436 : -1.4480022629722953
437 : -0.8765756860375404
438 : -4.6874423092231154
439 : -1.6910006268881261
440 : -0.9220911227166653
441 : -2.3009124659001827
442 : -1.0079556667478755
443 : -2.523842461872846
444 : -1.5094905626028776
445 : -0.8401570953428745
446 : -1.6135261841118336
447 : -0.04178169555962086
448 : 4.231089083012193
449 : -2.1343084946274757
450 : -1.6012986139394343
451 : -3.375512469559908
452 : -1.2557955626398325
453 : -1.3417588481679559
454 : 4.31928676366806
455 : -1.637170861242339
456 : -1.5729032754898071
457 : -0.6474676590878516
458 : -1.5119814455974847
459 : -2.8233898542821407
460 : -3.8045549988746643
461 : -5.0672151651233435
462 : -1.560472011566162
463 : 0.9633092426229268
464 : -1.0920307976193726
465 : -2.511524119239766
466 : -1.6409964002668858
467 : -0.04508599266409874
468 : -2.937875582370907
469 : 3.8559545991010964
470 : -1.9434614181518555
471 : 5.219704736489803
472 : -1.3990378808230162
473 : -1.4246208053082228
474 : -2.310262524522841
475 : -1.380421705543995
476 : 0.5094535117968917
477 : -4.892356855794787
478 : -1.4116394217126071
479 : -0.9692933261394501
480 : -2.014738742262125
481 : -3.967743002111092
482 : -1.2924366360530257
483 : 1.3097887192852795
484 : -1.7546098055317998
485 : -1.8618669975548983
486 : -1.7007740773260593
487 : 1.9877646677196026
488 : -1.0843110852874815
489 : -1.4309179913252592
490 : 0.0955077795078978
491 : -1.5771313975565135
492 : 0.2999442620202899
493 : -1.2944860779680312
494 : -2.1761595241259784
495 : -1.3764546532183886
496 : 3.444259041454643
497 : -1.2281324625946581
498 : -3.269921950995922
499 : 2.250204909592867
500 : -1.2907865308225155
501 : -0.8739486336708069
502 : 0.2030997253023088
503 : 1.326893201097846
504 : -1.731306031346321
505 : -1.519927688408643
506 : -0.9366993894800544
507 : -1.26230672840029
508 : -1.7152981357648969
509 : 9.516517988406122
510 : -1.0731754321604967
511 : -3.4949438329786062
512 : -1.016937542706728
513 : -10.217776675941423
514 : -10.234442574903369
515 : 14.509790174663067
516 : -1.6853139698505402
517 : -1.4251279393211007
518 : -1.6906552063301206
519 : 0.9458872827235609
520 : -1.4990012869238853
521 : 0.7262668185867369
522 : -1.024747796356678
523 : -1.8061961084604263
524 : 1.7171029157470912
525 : -3.6071141734719276
526 : -0.052082143258303404
527 : 0.061577046290040016
528 : -5.4785654209554195
529 : -0.5617650435306132
530 : -6.290774955414236
531 : -1.7674464397132397
532 : -0.364826419390738
533 : -1.244923397898674
534 : -0.9625367466360331
535 : -1.1992614839691669
536 : -3.8504971843212843
537 : -3.220276862382889
538 : -3.564563426654786
539 : -2.5273212241008878
540 : -2.430988330859691
541 : -0.8496683994308114
542 : -2.1545197595842183
543 : -1.1267966870218515
544 : -1.1063976706936955
545 : -7.219820786267519
546 : -1.3061317163519561
547 : -1.4386662626639009
548 : -2.2462535575032234
549 : -1.6879770690575242
550 : -1.7267021825537086
551 : -1.0736632160842419
552 : -1.494429999962449
553 : 1.8664095122367144
554 : 1.9076625849120319
555 : -2.3645391017198563
556 : -0.5531772775575519
557 : 3.674722783267498
558 : -0.9742603017948568
559 : -8.263014674186707
560 : 0.8881435096263885
561 : -4.158573884051293
562 : -0.573425617069006
563 : -10.853067925665528
564 : 0.4131416152231395
565 : -0.7723655980080366
566 : -5.211945470422506
567 : -2.7982804477214813
568 : 0.7580502182245255
569 : 0.42434428771957755
570 : -1.1246719337068498
571 : 1.6296132383868098
572 : -1.2110927077010274
573 : -2.9177896233741194
574 : 0.2940621189773083
575 : -1.0261460868641734
576 : -1.7880795747041702
577 : -1.988891627639532
578 : -5.0948501685634255
579 : -1.7712828498333693
580 : -0.9906177157536149
581 : -1.796774659305811
582 : -1.0780670456588268
583 : 1.4997771214693785
584 : -1.6318084951490164
585 : -1.2157091232948005
586 : 1.3873377963900566
587 : -1.4562620474025607
588 : -1.4720381759107113
589 : -0.6317547624930739
590 : 1.1009987238794565
591 : -1.546127576380968
592 : -4.384965751320124
593 : -2.2326050959527493
594 : -0.8916775472462177
595 : -3.534724213182926
596 : 0.43412371911108494
597 : 4.548561714822426
598 : -3.284491227939725
599 : 0.24493163917213678
600 : -1.6781634669750929
601 : 0.03153502941131592
602 : -0.34482535161077976
603 : -1.6543352715671062
604 : 2.0024927044287324
605 : -1.444546959362924
606 : -1.7339439783245325
607 : -3.552248550578952
608 : -1.3711884119547904
609 : -1.0931082554161549
610 : -1.9391786679625511
611 : -2.3880563536658883
612 : -1.795693939551711
613 : -5.661509965546429
614 : -3.2042749896645546
615 : -0.33035327680408955
616 : -0.9693374801427126
617 : -0.7262333389371634
618 : 2.9023587461560965
619 : -1.1113528264686465
620 : -1.3991783717647195
621 : -2.622303856536746
622 : -1.5764368502423167
623 : -0.5907288258895278
624 : -3.1578621165826917
625 : -12.769575764425099
626 : -1.4107642536982894
627 : -1.572823335416615
628 : -1.0284788864664733
629 : -1.4378540152683854
630 : 2.025894775055349
631 : -0.4358943309634924
632 : -2.7070143800228834
633 : -5.799979090690613
634 : -1.8304219162091613
635 : -1.4254604615271091
636 : -1.375000135973096
637 : -0.7150810128077865
638 : -1.4550277311354876
639 : -0.887579083442688
640 : -1.0504798032343388
641 : -0.7186936736106873
642 : -1.3470951467752457
643 : -0.918239344842732
644 : -1.7304825000464916
645 : -0.8259255513548851
646 : -2.3927071788348258
647 : -1.0773943047970533
648 : -0.14080900512635708
649 : -1.9291567206382751
650 : 2.0849475470604375
651 : -0.9476456046104431
652 : -4.848617991432548
653 : 0.7652510246261954
654 : 1.3103493433445692
655 : -1.345656156539917
656 : -1.6368814473971725
657 : -0.9673997052013874
658 : -1.0983077865093946
659 : -1.5570139177143574
660 : -0.7916501928120852
661 : -1.2371666696853936
662 : -0.3261459656059742
663 : -1.5098521509207785
664 : -1.2877657748758793
665 : -15.687386219389737
666 : -1.0728497160598636
667 : 1.0863351949956268
668 : -5.91543095279485
669 : -1.4738083509728312
670 : 9.688683554297313
671 : -1.063601167872548
672 : -1.2821963466703892
673 : -1.3321844143792987
674 : -1.1194342570379376
675 : -1.398619152372703
676 : -1.2964297076687217
677 : -0.6904536001384258
678 : -1.0652335088234395
679 : -1.3134246561676264
680 : -1.5813293140381575
681 : -1.472061060834676
682 : -2.114427621476352
683 : -1.7724151611328125
684 : -1.6605560649186373
685 : -1.0168484514579177
686 : -3.45892502553761
687 : -1.809343358501792
688 : 6.144799415487796
689 : -9.56730628805235
690 : -1.222380941733718
691 : -1.5260218903422356
692 : -0.8460066271945834
693 : -1.5907487235963345
694 : -2.748052455484867
695 : -0.2733323450665921
696 : -1.3724391567520797
697 : -0.8570495466701686
698 : -0.9283148255199194
699 : -2.6098270267248154
700 : -1.758719952777028
701 : -1.3759072893299162
702 : -2.668767424300313
703 : -0.9712631795555353
704 : 2.3962016329169273
705 : -0.9696667138487101
706 : -1.8603239385411143
707 : -0.9341684081591666
708 : -0.5256716404110193
709 : -0.9973617058712989
710 : 3.7572838366031647
711 : -5.096320222131908
712 : -1.001384291332215
713 : -1.1772327050566673
714 : -1.8306423593312502
715 : -0.733280323445797
716 : -6.894719035364687
717 : -0.8194340588524938
718 : 1.2571885781362653
719 : 10.466127214953303
720 : -2.7810093760490417
721 : 0.25815600622445345
722 : -0.7856680052354932
723 : -1.3242063708603382
724 : 2.5931176422163844
725 : -2.0213346406817436
726 : -0.7596291908994317
727 : 14.030742853647098
728 : -1.1209983108565211
729 : -1.3245355915278196
730 : -2.3315941020846367
731 : -0.544632219709456
732 : -1.868468294851482
733 : 0.4027815293520689
734 : -1.090944207040593
735 : -1.427392311859876
736 : -0.8183792736381292
737 : -2.4266627058386803
738 : -1.0614054184406996
739 : 1.4167463723570108
740 : 0.6967875354457647
741 : -3.7893045409582555
742 : -4.752433939138427
743 : -2.088070685043931
744 : -0.626149442512542
745 : 1.2516617174260318
746 : -1.3395038396120071
747 : 5.031215276569128
748 : -1.3539412249810994
749 : -1.1696722286287695
750 : 0.11462175939232111
751 : -1.3370870780199766
752 : -1.4702259227633476
753 : -0.9717885786667466
754 : -1.0983566977083683
755 : -0.39101678412407637
756 : -1.378627197816968
757 : -1.6031912453472614
758 : -1.408945931121707
759 : -2.9622386284172535
760 : 3.8504267991520464
761 : -1.4512095376849174
762 : -1.0796788791194558
763 : -1.1128054556902498
764 : -3.290895619895309
765 : 0.786404934246093
766 : -2.051055314950645
767 : -0.5304644221905619
768 : -9.443961275275797
769 : -1.327730618417263
770 : -2.5879488475620747
771 : 0.5453655491583049
772 : -2.203925183042884
773 : -0.7988905324600637
774 : -1.0095341559499502
775 : -0.9846138092689216
776 : -3.161870033480227
777 : -1.0302668074145913
778 : -5.8981370367109776
779 : 3.0130854337476194
780 : -1.3864250620827079
781 : -0.6383247682824731
782 : -2.109635910950601
783 : -1.0415130455512553
784 : 1.0231739736627787
785 : -1.030014906078577
786 : -1.0597645356319845
787 : -1.1384418746456504
788 : -4.693250447511673
789 : -0.7337984904879704
790 : -11.367269123438746
791 : -0.43094422575086355
792 : -0.8452067740727216
793 : -0.6776880376273766
794 : -1.29777777986601
795 : -1.110713329166174
796 : -1.0861577573232353
797 : 0.9582304004579782
798 : -10.643265441525728
799 : -1.3959020101465285
800 : -3.609768256545067
801 : -11.62639516685158
802 : 11.361737446859479
803 : -0.07957353454548866
804 : -1.2146885888651013
805 : -1.2714411823544651
806 : -2.38249727524817
807 : -0.9709785971790552
808 : -1.2791129550896585
809 : -0.9648539898917079
810 : -1.6504440177232027
811 : -0.6519097359851003
812 : -0.8689470160752535
813 : -3.636629539076239
814 : -0.12555816490203142
815 : -7.170523981563747
816 : 2.849043283611536
817 : -0.546432925388217
818 : -1.7466195113956928
819 : -4.906799580901861
820 : -6.946656189858913
821 : -4.88689699023962
822 : -2.888032179325819
823 : -0.0071675535291433334
824 : -0.8258904712274671
825 : -0.8179969843477011
826 : -1.197032377589494
827 : -2.3878984972834587
828 : -2.183645199984312
829 : -1.3894785791635513
830 : -1.3677191333845258
831 : -9.219040757394396
832 : -1.2089819563552737
833 : -2.3219848526641726
834 : -3.2357837290037423
835 : 0.7521883603185415
836 : -6.063378561288118
837 : -1.4584727119654417
838 : -10.350637992843986
839 : -1.5452460835222155
840 : 7.3555479142814875
841 : 0.5527838980779052
842 : -1.8164766486734152
843 : -0.5642167888581753
844 : -4.265234972350299
845 : -0.5311451866291463
846 : -1.460202923975885
847 : -3.5223993994295597
848 : -0.9546794863417745
849 : 2.99747821316123
850 : 3.2111709625460207
851 : -0.3700605444610119
852 : -0.38075364381074905
853 : 0.8044849950820208
854 : -1.049370336579159
855 : -1.054764655418694
856 : -1.1310292314738035
857 : -0.9019455322995782
858 : -1.2283539660274982
859 : -0.9532414227724075
860 : -1.3150057760067284
861 : -1.171374399214983
862 : -1.7722458466887474
863 : -2.192469147965312
864 : -5.818327397108078
865 : -6.833168871700764
866 : -1.6510465778410435
867 : -2.4737269282341003
868 : 0.7655468694865704
869 : -1.1584739163517952
870 : 0.7584327599033713
871 : -1.4269626289606094
872 : -14.096863232553005
873 : -1.7657056394964457
874 : -0.9588223621249199
875 : -0.17204687697812915
876 : -10.120399664156139
877 : 1.759904034435749
878 : -2.488357494585216
879 : 2.6792804561555386
880 : -0.5292799836024642
881 : -1.7226622579619288
882 : -2.0048236791044474
883 : -1.6915551079437137
884 : 6.5596949979662895
885 : 0.11425755731761456
886 : -1.4199698688462377
887 : -1.4390947287902236
888 : -1.3357611186802387
889 : -0.8953271079808474
890 : -0.2706480324268341
891 : -0.8132903752848506
892 : -1.0197900347411633
893 : -2.117107853293419
894 : -0.8364870958030224
895 : -0.9702889830805361
896 : -3.55715408467222
897 : -2.7669234476052225
898 : -0.6967216208577156
899 : -1.0120561635121703
900 : -1.7795422337949276
901 : -0.7733397213742137
902 : -0.4893973730504513
903 : -1.806587353348732
904 : -1.8386432342231274
905 : -6.574177422560751
906 : -1.8313584178686142
907 : -2.2905760281719267
908 : -1.3872884553857148
909 : -1.4834269564598799
910 : -1.4832350590731949
911 : -1.1492304354906082
912 : -0.8348073922097683
913 : -1.0264471252448857
914 : 2.563882270595059
915 : -1.630672626197338
916 : -1.419615726917982
917 : -1.2605857085436583
918 : -0.5838855328038335
919 : 0.40251224068924785
920 : -2.0191676383838058
921 : 1.3031991077587008
922 : -0.7116910852491856
923 : -0.9798171534202993
924 : -0.3756756288930774
925 : -7.807998525677249
926 : -0.7794228219427168
927 : -1.0412206971086562
928 : -1.3902066089212894
929 : 0.30764516396448016
930 : -5.457259531132877
931 : -3.6864019334316254
932 : -1.4134252027142793
933 : -1.4603259447030723
934 : -0.2731615910306573
935 : 2.1504311487078667
936 : -1.8112618140876293
937 : -1.401209257543087
938 : -1.9708939846605062
939 : -1.530132190324366
940 : -4.9772356916219
941 : -5.7481306456029415
942 : -1.8686306662857533
943 : -2.2733065257780254
944 : -1.7500218227505684
945 : -1.38568976521492
946 : -1.5661384691484272
947 : -1.318978639319539
948 : -1.2421248010359704
949 : 3.424677084200084
950 : -2.5449680224992335
951 : -1.5616499790921807
952 : 5.5332993026822805
953 : -2.1002123653888702
954 : 0.036977553740143776
955 : -0.46210682578384876
956 : 1.3297556433826685
957 : -23.65131870098412
958 : -1.685227707028389
959 : -2.5037300772964954
960 : -0.8556008748710155
961 : -1.2378915461013094
962 : -2.837924196384847
963 : -1.2202710281126201
964 : -0.47677488066256046
965 : -0.4697480024769902
966 : -0.7219895352609456
967 : -1.1313412366434932
968 : 0.6098812930285931
969 : -2.210138112306595
970 : -9.842903092503548
971 : 1.4996772662270814
972 : -1.8298981562256813
973 : 1.2228024606592953
974 : -4.279727095738053
975 : -1.456347287632525
976 : -1.4871539855375886
977 : -1.368744314648211
978 : -2.7298316578380764
979 : -0.8252107985317707
980 : -0.7289542527869344
981 : 0.9943691464141011
982 : 0.332287454046309
983 : -8.869692873209715
984 : -0.8386808005161583
985 : -0.8992884503677487
986 : -0.6392935067415237
987 : -0.9804031304083765
988 : -1.388737076194957
989 : -1.0567536624148488
990 : 0.42350151389837265
991 : -3.0826708525419235
992 : -1.6647620871663094
993 : -1.77113817690406
994 : -1.088728052098304
995 : -1.3080300819128752
996 : -0.6941065210849047
997 : -0.8091462161391973
998 : -1.9056573994457722
999 : -2.9451522164745256
Setting up 2 worker threads for Enlighten.
  Thread -> id: 7f7d82ffd700 -> priority: 1 
  Thread -> id: 7f7d827fc700 -> priority: 1 
2020-06-24 04:04:49 INFO [environment.py:418] Environment shut down with return code 0.
[I 2020-06-24 04:04:49,449] Finished trial#153 with value: -2.9451522164745256 with parameters: {'update_time_steps': 7168, 'ppo_epochs': 12, 'gamma': 0.965384014282445, 'beta': 0.05699816400294575}. Best is trial#148 with value: -6.7115356754511595.
Found path: /home/j/jensenj/PycharmProjects/Federer-Jr./src/../crawler_single/linux/dynamic_server/crawler_dynamic.x86_64
Mono path[0] = '/home/j/jensenj/PycharmProjects/Federer-Jr./src/../crawler_single/linux/dynamic_server/crawler_dynamic_Data/Managed'
Mono config path = '/home/j/jensenj/PycharmProjects/Federer-Jr./src/../crawler_single/linux/dynamic_server/crawler_dynamic_Data/MonoBleedingEdge/etc'
Preloaded 'lib_burst_generated.so'
Preloaded 'libgrpc_csharp_ext.x64.so'
Initialize engine version: 2019.3.15f1 (59ff3e03856d)
[Subsystems] Discovering subsystems at path /home/j/jensenj/PycharmProjects/Federer-Jr./src/../crawler_single/linux/dynamic_server/crawler_dynamic_Data/UnitySubsystems
Forcing GfxDevice: Null
GfxDevice: creating device client; threaded=0
NullGfxDevice:
    Version:  NULL 1.0 [1.0]
    Renderer: Null Device
    Vendor:   Unity Technologies
Begin MonoManager ReloadAssembly
- Completed reload, in  0.094 seconds
WARNING: Shader Unsupported: 'Autodesk Interactive' - All passes removed
WARNING: Shader Did you use #pragma only_renderers and omit this platform?
UnloadTime: 0.428179 ms
Fallback handler could not load library /home/j/jensenj/PycharmProjects/Federer-Jr./src/../crawler_single/linux/dynamic_server/crawler_dynamic_Data/Mono/libcoreclr.so
Fallback handler could not load library /home/j/jensenj/PycharmProjects/Federer-Jr./src/../crawler_single/linux/dynamic_server/crawler_dynamic_Data/Mono/libcoreclr.so
Fallback handler could not load library /home/j/jensenj/PycharmProjects/Federer-Jr./src/../crawler_single/linux/dynamic_server/crawler_dynamic_Data/Mono/libcoreclr.so
Fallback handler could not load library /home/j/jensenj/PycharmProjects/Federer-Jr./src/../crawler_single/linux/dynamic_server/crawler_dynamic_Data/Mono/libSystem.dylib
Fallback handler could not load library /home/j/jensenj/PycharmProjects/Federer-Jr./src/../crawler_single/linux/dynamic_server/crawler_dynamic_Data/Mono/libSystem.dylib.so
Fallback handler could not load library /home/j/jensenj/PycharmProjects/Federer-Jr./src/../crawler_single/linux/dynamic_server/crawler_dynamic_Data/Mono/libSystem.dylib
Fallback handler could not load library /home/j/jensenj/PycharmProjects/Federer-Jr./src/../crawler_single/linux/dynamic_server/crawler_dynamic_Data/Mono/libcoreclr.so
Fallback handler could not load library /home/j/jensenj/PycharmProjects/Federer-Jr./src/../crawler_single/linux/dynamic_server/crawler_dynamic_Data/Mono/libcoreclr.so
Fallback handler could not load library /home/j/jensenj/PycharmProjects/Federer-Jr./src/../crawler_single/linux/dynamic_server/crawler_dynamic_Data/Mono/libcoreclr.so
Fallback handler could not load library /home/j/jensenj/PycharmProjects/Federer-Jr./src/../crawler_single/linux/dynamic_server/crawler_dynamic_Data/Mono/libSystem.dylib
Fallback handler could not load library /home/j/jensenj/PycharmProjects/Federer-Jr./src/../crawler_single/linux/dynamic_server/crawler_dynamic_Data/Mono/libSystem.dylib.so
Fallback handler could not load library /home/j/jensenj/PycharmProjects/Federer-Jr./src/../crawler_single/linux/dynamic_server/crawler_dynamic_Data/Mono/libSystem.dylib
2020-06-24 04:04:50 INFO [environment.py:108] Connected to Unity environment with package version 1.0.2 and communication version 1.0.0
2020-06-24 04:04:50 INFO [environment.py:265] Connected new brain:
CrawlerDynamic?team=0
2020-06-24 04:04:50 WARNING [__init__.py:92] The environment contains multiple observations. You must define allow_multiple_obs=True to receive them all. Otherwise, only the first visual observation (or vector observation ifthere are no visual observations) will be provided in the observation.
{'nr_output_features': 20, 'nr_input_features': 126, 'env': <gym_unity.envs.UnityToGymWrapper object at 0x7f3b17cd8860>, 'alpha': 0.003, 'tau': 0.95, 'clip': 0.2, 'minibatch_size': 32, 'hidden_units': 512, 'update_time_steps': 9216, 'ppo_epochs': 17, 'gamma': 0.9749710941388781, 'beta': 0.040431655341316125}
0 : -1.4201097297482193
1 : -0.309266521842801
2 : -0.7980557754635811
3 : -4.164678771048784
4 : -1.3093811557628214
5 : -0.6415824880823493
6 : 9.946844899095595
7 : -1.9802379165776074
8 : -1.4413533909246325
9 : -0.8886698689311743
10 : -1.0995763097889721
11 : 0.17586910305544734
12 : -5.669448034837842
13 : -1.3680213056504726
14 : -3.092447467846796
15 : -1.4975721314549446
16 : -4.5623931139707565
17 : -1.075559132732451
18 : -1.2382492441684008
19 : -1.0662374212406576
20 : -0.5583879426121712
21 : -0.003337338101118803
22 : -2.10618132725358
23 : 1.0912567703053355
24 : -0.9649294074624777
25 : -0.9319428140297532
26 : -1.346554746851325
27 : 1.2304733057972044
28 : -0.6161400964483619
29 : -1.999133549630642
30 : -0.6039910116232932
31 : -1.3556144293397665
32 : -1.6432201117277145
33 : 0.13203199685085565
34 : -1.5054772784933448
35 : -1.345680145546794
36 : -1.1542286300100386
37 : 7.2708710874430835
38 : -1.9845651164650917
39 : -1.3264317633584142
40 : -1.7258979566395283
41 : 2.438013824634254
42 : -1.464285728521645
43 : -1.1361673985375091
44 : -0.2751883682794869
45 : -12.935612491797656
46 : -0.6513663707301021
47 : -1.502851216122508
48 : -0.8841090062633157
49 : -0.9370922846719623
50 : -2.2154144756495953
51 : -0.900688371155411
52 : -1.1480610370635986
53 : 3.743222794495523
54 : -2.09054953744635
55 : -1.338275448884815
56 : -1.2927147597074509
57 : -2.5147559326142073
58 : -1.764378521591425
59 : -3.043895733775571
60 : -1.246555458754301
61 : -1.3023701645433903
62 : -1.0844351621344686
63 : -1.0551094971597195
64 : -2.53022887557745
65 : -0.5313862096518278
66 : 0.48813363909721375
67 : -14.297686716541648
68 : -2.278417972382158
69 : -6.68656279053539
70 : -1.8013192601501942
71 : 1.0930671589449048
72 : -0.5176926702260971
73 : -2.919728308916092
74 : -3.0055699308868498
75 : -5.065985579974949
76 : -4.711857594549656
77 : -1.1145598669536412
78 : -2.5675732172094285
79 : 6.316264231689274
80 : -5.058266841806471
81 : -8.192682414432056
82 : -0.9368826374411583
83 : -6.046626215800643
84 : -0.9825104647316039
85 : -0.4983731172978878
86 : -2.0093717090785503
87 : 0.17684010323137045
88 : -1.4919188767671585
89 : -0.9970602300018072
90 : -1.0814572414383292
91 : -0.8592068194411695
92 : -1.2666574213653803
93 : -0.8402589145116508
94 : -1.4138285787776113
95 : 1.6633116248995066
96 : -1.7789311232045293
97 : -3.1832438209094107
98 : -5.334568053251132
99 : -1.9372698776423931
100 : -1.095120512880385
101 : -0.7538457019254565
102 : 2.5631356202065945
103 : -1.5315003721043468
104 : -1.5711730942130089
105 : -1.1176009206101298
106 : -3.705162772908807
107 : 8.07591595617123
108 : -2.4616492046043277
109 : 1.5813039494678378
110 : 2.193672209046781
111 : -1.2286600908264518
112 : -1.4467222932726145
113 : -1.3035144871100783
114 : -1.3522064723074436
115 : -1.00975052267313
116 : -6.998296944890171
117 : -1.7294262424111366
118 : -1.592768982052803
119 : -1.7682208362966776
120 : -1.3660528790205717
121 : -6.1336256503127515
122 : -1.3892350932583213
123 : -1.4975104555487633
124 : -0.26430700719356537
125 : -1.5813608579337597
126 : -0.9849815629422665
127 : 3.6188508234918118
128 : -7.278503339737654
129 : -21.663218958303332
130 : -3.005695428699255
131 : -2.0922132804989815
132 : -2.999707344919443
133 : -3.704112770501524
134 : -1.2403654027730227
135 : -1.414072910323739
136 : -2.9316967241466045
137 : -1.059017226099968
138 : -1.531239824835211
139 : -1.0977677647024393
140 : 1.5269970112713054
141 : -1.2384226936846972
142 : -2.090028929989785
143 : -1.8432230204343796
144 : -0.9648004723712802
145 : -1.3432694654911757
146 : 1.3431136100552976
147 : -0.2932926486246288
148 : 13.984174042008817
149 : -1.3688626727089286
150 : -1.5560575486160815
151 : 5.377281071618199
152 : -1.8071089307777584
153 : 0.2859959937632084
154 : -1.8859180733561516
155 : -2.718548644334078
156 : -2.8850306421518326
157 : 4.076532710343599
158 : -0.40064634196460247
159 : 6.791026568040252
160 : -4.111838865093887
161 : 0.3715709559619427
162 : -1.2104369960725307
163 : -1.169945084489882
164 : -0.9403019980527461
165 : -0.8224507584236562
166 : 2.7780126286670566
167 : -1.4578356742858887
168 : -3.7623727400787175
169 : -1.752719508484006
170 : -0.4233069345355034
171 : -3.512400770559907
172 : -2.800217643380165
173 : -1.2077864059247077
174 : -3.3855985747650266
175 : -5.645733315497637
176 : -1.8329928470775485
177 : -5.238765828311443
178 : -1.7588432468473911
179 : -2.9451287500560284
180 : -4.337942637503147
181 : -0.17241728119552135
182 : -1.8358503254130483
183 : 5.154526679776609
184 : -0.9479808788746595
185 : -1.013026273343712
186 : 4.173565065488219
187 : 1.2698911763727665
188 : -1.7549154665321112
189 : -1.8608598159626126
190 : -1.0644110161811113
191 : -1.3816247824579477
192 : -0.7024776616599411
193 : -11.717878581956029
194 : -2.534634117037058
195 : -13.307460976298898
196 : -1.4447449939325452
197 : -1.498466458171606
198 : -1.2715500015765429
199 : -2.415469556581229
200 : -10.114887268748134
201 : -3.404688874259591
202 : -1.822569279000163
203 : -0.6793680833652616
204 : 3.481797158718109
205 : -1.463131669908762
206 : -0.36693280935287476
207 : -0.9705699100159109
208 : -0.9676476214081049
209 : -1.0011698654852808
210 : -1.2920482028275728
211 : -1.4401045218110085
212 : -0.8870449671521783
213 : -1.001643953844905
214 : -0.38162061339244246
215 : -1.0288068670779467
216 : -11.829835198819637
217 : -2.4656910188496113
218 : -0.7284972295165062
219 : 0.4762936346232891
220 : -10.609874051529914
221 : -1.3221018430776894
222 : -2.2070494850631803
223 : -2.014638878405094
224 : -1.2412898130714893
225 : -1.0122181384358555
226 : -1.022298002615571
227 : -1.55256362631917
228 : -6.353086470626295
229 : -6.475484702736139
230 : -1.1469123843126
231 : -1.0821950235404074
232 : -1.4075192981399596
233 : -6.372053065337241
234 : -4.530692039988935
235 : -1.203618340427056
236 : -1.8461402147077024
237 : -0.8944291565567255
238 : 10.526280329097062
239 : -0.9465450155548751
240 : -1.5150614115409553
241 : -3.2336219628341496
242 : -4.036260122433305
243 : -1.6185938119888306
244 : -9.319231209345162
245 : -1.1477289162576199
246 : 0.7215203363448381
247 : -6.335235813166946
248 : -4.053504791052546
249 : 6.554072145372629
250 : -1.535273496992886
251 : -4.51194376219064
252 : -0.5566281154751778
253 : -1.4668819960206747
254 : -0.10877581918612123
255 : 2.628014526795596
256 : -1.068285663612187
257 : 0.3054385129362345
258 : 0.9296746980398893
259 : 4.537210847251117
260 : 3.6522532757371664
261 : -1.1174821271561086
262 : -1.126689084339887
263 : -1.9393227589316666
264 : -1.212718381313607
265 : -1.4944729381240904
266 : 2.699394487310201
267 : -1.6220594756305218
268 : -0.6773657780140638
269 : -1.2073980867862701
270 : -0.26884601172059774
271 : -0.8397348555736244
272 : -1.3693994767963886
273 : 0.793261747341603
274 : -1.5397397123742849
275 : -1.194191371789202
276 : -0.6631944258697331
277 : -0.9707273570820689
278 : -1.974873922765255
279 : -1.2776358965784311
280 : -1.1063915216363966
281 : 1.9939618771895766
282 : -2.9714036900550127
283 : -1.2394810214173049
284 : 1.6791673144325614
285 : 0.21600197860971093
286 : 1.057146668434143
287 : -1.3218224635347724
288 : -1.697176605463028
289 : -0.9932978935539722
290 : -1.931153500918299
291 : -0.8487224141135812
292 : -1.298804834485054
293 : -2.4105750247836113
294 : -2.069037977606058
295 : 0.9792514620348811
296 : -1.598449144512415
297 : -3.55020098015666
298 : -4.881970572285354
299 : -3.2473761094734073
300 : -5.587825046852231
301 : -4.893913437612355
302 : -0.7565014362335205
303 : -1.2971415151841938
304 : -0.8405867819674313
305 : 2.8500459482893348
306 : 1.245688697323203
307 : -1.2916153483092785
308 : -1.7444534823298454
309 : -1.699180331081152
310 : -1.285758447367698
311 : 2.592108768876642
312 : -8.151882259175181
313 : -0.5324843996204436
314 : -0.8110507912933826
315 : -1.0249977363273501
316 : -0.29335729591548443
317 : -6.545549365691841
318 : 1.5411755971144885
319 : -1.8778987936675549
320 : -0.9533704160712659
321 : -1.3503423118963838
322 : -0.6931249219924212
[W 2020-06-24 04:13:54,665] Setting status of trial#175 as TrialState.FAIL because of the following error: ValueError('array split does not result in an equal division',)
Traceback (most recent call last):
  File "/home/j/jensenj/.local/lib/python3.6/site-packages/numpy/lib/shape_base.py", line 867, in split
    len(indices_or_sections)
TypeError: object of type 'int' has no len()

During handling of the above exception, another exception occurred:

Traceback (most recent call last):
  File "/home/j/jensenj/.local/lib/python3.6/site-packages/optuna/study.py", line 734, in _run_trial
    result = func(trial)
  File "main-optuna.py", line 88, in objective
    returns = [episode(env, agent, params, writer, i) for i in range(training_episodes)]
  File "main-optuna.py", line 88, in <listcomp>
    returns = [episode(env, agent, params, writer, i) for i in range(training_episodes)]
  File "main-optuna.py", line 40, in episode
    agent.update(next_state)
  File "/home/j/jensenj/PycharmProjects/Federer-Jr./src/ppo.py", line 140, in update
    for states, actions, old_log_probs, returns, advantages in self.memory.sample_batch(self.minibatch_size, next_value):
  File "/home/j/jensenj/PycharmProjects/Federer-Jr./src/ppo.py", line 44, in sample_batch
    ids = np.split(ids, batch_size // minibatch_size)
  File "<__array_function__ internals>", line 6, in split
  File "/home/j/jensenj/.local/lib/python3.6/site-packages/numpy/lib/shape_base.py", line 873, in split
    'array split does not result in an equal division')
ValueError: array split does not result in an equal division
Traceback (most recent call last):
  File "/home/j/jensenj/.local/lib/python3.6/site-packages/numpy/lib/shape_base.py", line 867, in split
    len(indices_or_sections)
TypeError: object of type 'int' has no len()

During handling of the above exception, another exception occurred:

Traceback (most recent call last):
  File "main-optuna.py", line 103, in <module>
    study.optimize(objective, n_trials=1000)
  File "/home/j/jensenj/.local/lib/python3.6/site-packages/optuna/study.py", line 339, in optimize
    func, n_trials, timeout, catch, callbacks, gc_after_trial, None
  File "/home/j/jensenj/.local/lib/python3.6/site-packages/optuna/study.py", line 682, in _optimize_sequential
    self._run_trial_and_callbacks(func, catch, callbacks, gc_after_trial)
  File "/home/j/jensenj/.local/lib/python3.6/site-packages/optuna/study.py", line 713, in _run_trial_and_callbacks
    trial = self._run_trial(func, catch, gc_after_trial)
  File "/home/j/jensenj/.local/lib/python3.6/site-packages/optuna/study.py", line 734, in _run_trial
    result = func(trial)
  File "main-optuna.py", line 88, in objective
    returns = [episode(env, agent, params, writer, i) for i in range(training_episodes)]
  File "main-optuna.py", line 88, in <listcomp>
    returns = [episode(env, agent, params, writer, i) for i in range(training_episodes)]
  File "main-optuna.py", line 40, in episode
    agent.update(next_state)
  File "/home/j/jensenj/PycharmProjects/Federer-Jr./src/ppo.py", line 140, in update
    for states, actions, old_log_probs, returns, advantages in self.memory.sample_batch(self.minibatch_size, next_value):
  File "/home/j/jensenj/PycharmProjects/Federer-Jr./src/ppo.py", line 44, in sample_batch
    ids = np.split(ids, batch_size // minibatch_size)
  File "<__array_function__ internals>", line 6, in split
  File "/home/j/jensenj/.local/lib/python3.6/site-packages/numpy/lib/shape_base.py", line 873, in split
    'array split does not result in an equal division')
ValueError: array split does not result in an equal division
Setting up 2 worker threads for Enlighten.
  Thread -> id: 7f430281f700 -> priority: 1 
  Thread -> id: 7f430201e700 -> priority: 1 
2020-06-24 04:13:54 INFO [environment.py:418] Environment shut down with return code 0.
