slurmstepd-ecknach: error: Unable to create TMPDIR [/tmp/user/30108]: Permission denied
slurmstepd-ecknach: error: Setting TMPDIR to /tmp
Found path: /home/j/jensenj/PycharmProjects/Federer-Jr./src/../crawler_single/linux/dynamic_server/crawler_dynamic.x86_64
Mono path[0] = '/home/j/jensenj/PycharmProjects/Federer-Jr./src/../crawler_single/linux/dynamic_server/crawler_dynamic_Data/Managed'
Mono config path = '/home/j/jensenj/PycharmProjects/Federer-Jr./src/../crawler_single/linux/dynamic_server/crawler_dynamic_Data/MonoBleedingEdge/etc'
Preloaded 'lib_burst_generated.so'
Preloaded 'libgrpc_csharp_ext.x64.so'
Initialize engine version: 2019.3.15f1 (59ff3e03856d)
[Subsystems] Discovering subsystems at path /home/j/jensenj/PycharmProjects/Federer-Jr./src/../crawler_single/linux/dynamic_server/crawler_dynamic_Data/UnitySubsystems
Forcing GfxDevice: Null
GfxDevice: creating device client; threaded=0
NullGfxDevice:
    Version:  NULL 1.0 [1.0]
    Renderer: Null Device
    Vendor:   Unity Technologies
Begin MonoManager ReloadAssembly
- Completed reload, in  0.096 seconds
WARNING: Shader Unsupported: 'Autodesk Interactive' - All passes removed
WARNING: Shader Did you use #pragma only_renderers and omit this platform?
UnloadTime: 0.445016 ms
Fallback handler could not load library /home/j/jensenj/PycharmProjects/Federer-Jr./src/../crawler_single/linux/dynamic_server/crawler_dynamic_Data/Mono/libcoreclr.so
Fallback handler could not load library /home/j/jensenj/PycharmProjects/Federer-Jr./src/../crawler_single/linux/dynamic_server/crawler_dynamic_Data/Mono/libcoreclr.so
Fallback handler could not load library /home/j/jensenj/PycharmProjects/Federer-Jr./src/../crawler_single/linux/dynamic_server/crawler_dynamic_Data/Mono/libcoreclr.so
Fallback handler could not load library /home/j/jensenj/PycharmProjects/Federer-Jr./src/../crawler_single/linux/dynamic_server/crawler_dynamic_Data/Mono/libSystem.dylib
Fallback handler could not load library /home/j/jensenj/PycharmProjects/Federer-Jr./src/../crawler_single/linux/dynamic_server/crawler_dynamic_Data/Mono/libSystem.dylib.so
Fallback handler could not load library /home/j/jensenj/PycharmProjects/Federer-Jr./src/../crawler_single/linux/dynamic_server/crawler_dynamic_Data/Mono/libSystem.dylib
Fallback handler could not load library /home/j/jensenj/PycharmProjects/Federer-Jr./src/../crawler_single/linux/dynamic_server/crawler_dynamic_Data/Mono/libcoreclr.so
Fallback handler could not load library /home/j/jensenj/PycharmProjects/Federer-Jr./src/../crawler_single/linux/dynamic_server/crawler_dynamic_Data/Mono/libcoreclr.so
Fallback handler could not load library /home/j/jensenj/PycharmProjects/Federer-Jr./src/../crawler_single/linux/dynamic_server/crawler_dynamic_Data/Mono/libcoreclr.so
Fallback handler could not load library /home/j/jensenj/PycharmProjects/Federer-Jr./src/../crawler_single/linux/dynamic_server/crawler_dynamic_Data/Mono/libSystem.dylib
Fallback handler could not load library /home/j/jensenj/PycharmProjects/Federer-Jr./src/../crawler_single/linux/dynamic_server/crawler_dynamic_Data/Mono/libSystem.dylib.so
Fallback handler could not load library /home/j/jensenj/PycharmProjects/Federer-Jr./src/../crawler_single/linux/dynamic_server/crawler_dynamic_Data/Mono/libSystem.dylib
/home/j/jensenj/.local/lib/python3.6/site-packages/tensorboard/compat/tensorflow_stub/dtypes.py:541: FutureWarning: Passing (type, 1) or '1type' as a synonym of type is deprecated; in a future version of numpy, it will be understood as (type, (1,)) / '(1,)type'.
  _np_qint8 = np.dtype([("qint8", np.int8, 1)])
/home/j/jensenj/.local/lib/python3.6/site-packages/tensorboard/compat/tensorflow_stub/dtypes.py:542: FutureWarning: Passing (type, 1) or '1type' as a synonym of type is deprecated; in a future version of numpy, it will be understood as (type, (1,)) / '(1,)type'.
  _np_quint8 = np.dtype([("quint8", np.uint8, 1)])
/home/j/jensenj/.local/lib/python3.6/site-packages/tensorboard/compat/tensorflow_stub/dtypes.py:543: FutureWarning: Passing (type, 1) or '1type' as a synonym of type is deprecated; in a future version of numpy, it will be understood as (type, (1,)) / '(1,)type'.
  _np_qint16 = np.dtype([("qint16", np.int16, 1)])
/home/j/jensenj/.local/lib/python3.6/site-packages/tensorboard/compat/tensorflow_stub/dtypes.py:544: FutureWarning: Passing (type, 1) or '1type' as a synonym of type is deprecated; in a future version of numpy, it will be understood as (type, (1,)) / '(1,)type'.
  _np_quint16 = np.dtype([("quint16", np.uint16, 1)])
/home/j/jensenj/.local/lib/python3.6/site-packages/tensorboard/compat/tensorflow_stub/dtypes.py:545: FutureWarning: Passing (type, 1) or '1type' as a synonym of type is deprecated; in a future version of numpy, it will be understood as (type, (1,)) / '(1,)type'.
  _np_qint32 = np.dtype([("qint32", np.int32, 1)])
/home/j/jensenj/.local/lib/python3.6/site-packages/tensorboard/compat/tensorflow_stub/dtypes.py:550: FutureWarning: Passing (type, 1) or '1type' as a synonym of type is deprecated; in a future version of numpy, it will be understood as (type, (1,)) / '(1,)type'.
  np_resource = np.dtype([("resource", np.ubyte, 1)])
2020-06-24 03:42:32 INFO [environment.py:108] Connected to Unity environment with package version 1.0.2 and communication version 1.0.0
2020-06-24 03:42:32 INFO [environment.py:265] Connected new brain:
CrawlerDynamic?team=0
2020-06-24 03:42:32 WARNING [__init__.py:92] The environment contains multiple observations. You must define allow_multiple_obs=True to receive them all. Otherwise, only the first visual observation (or vector observation ifthere are no visual observations) will be provided in the observation.
/home/j/jensenj/.local/lib/python3.6/site-packages/gym/logger.py:30: UserWarning: WARN: Box bound precision lowered by casting to float32
  warnings.warn(colorize('%s: %s'%('WARN', msg % args), 'yellow'))
{'nr_output_features': 20, 'nr_input_features': 126, 'env': <gym_unity.envs.UnityToGymWrapper object at 0x7f2ce4837eb8>, 'alpha': 0.003, 'tau': 0.95, 'clip': 0.2, 'minibatch_size': 32, 'hidden_units': 512, 'update_time_steps': 7168, 'ppo_epochs': 12, 'gamma': 0.9665185199271076, 'beta': 0.07755509594402224}
0 : -9.48393036169
1 : -5.785745527013205
2 : 3.4404979906976223
3 : -1.013806409202516
4 : 0.44751313515007496
5 : 1.29401321336627
6 : -1.4410660958383232
7 : -1.5728604309260845
8 : -1.144048001151532
9 : 2.2459511747583747
10 : -1.6402142271399498
11 : -1.105394084006548
12 : -2.2595425955951214
13 : -0.9153919313102961
14 : -1.829780213534832
15 : -1.2110273288562894
16 : 0.5187634751200676
17 : -6.979848252609372
18 : -1.9345006947405636
19 : -1.1435545636340976
20 : -7.112144276499748
21 : -7.639867201447487
22 : -1.9821480540558696
23 : 6.124060368165374
24 : -1.569276667200029
25 : -0.8032070929184556
26 : -0.737755237147212
27 : -2.371051689144224
28 : -1.673383911140263
29 : 1.0556678660213947
30 : -1.3618602631613612
31 : -1.1745819735806435
32 : -0.9830163447186351
33 : -1.045764219481498
34 : -1.2648699628189206
35 : -1.1085562445223331
36 : -1.9605227187275887
37 : -1.4492404013872147
38 : -1.5692297164350748
39 : -0.8123138770461082
40 : 0.09845088701695204
41 : -2.616862210445106
42 : -1.26955860783346
43 : -1.2110363598912954
44 : -1.287022676318884
45 : -2.9527015811763704
46 : -1.5616513937711716
47 : -1.0051115537062287
48 : -2.083428233861923
49 : -0.017570484429597855
50 : -1.7531893886625767
51 : -0.9652353837154806
52 : -0.9214945137500763
53 : -0.8600945023354143
54 : 0.005973067134618759
55 : -4.044649692252278
56 : -1.2316802954301238
57 : -1.41612583771348
58 : -1.7671357998624444
59 : -1.9000975992530584
60 : -0.6905598482117057
61 : -1.250232659978792
62 : -1.541471931617707
63 : -1.8604502119123936
64 : -1.5800585988909006
65 : -0.8799896850250661
66 : -1.6471886150538921
67 : -3.3786498175468296
68 : -1.7478754818439484
69 : -6.162975979037583
70 : -1.7544292956590652
71 : -0.8838286381214857
72 : -1.5875106379389763
73 : -2.0911335460841656
74 : 0.39489975897595286
75 : -1.5801817700266838
76 : -0.03563333163037896
77 : -0.07107867579907179
78 : -1.4181416822830215
79 : -1.0392283136025071
80 : -1.0619653845205903
81 : -0.7692256425507367
82 : -1.51477924361825
83 : -0.7321637966670096
84 : -1.047958671581
85 : -0.787310553714633
86 : -0.9377520140260458
87 : -2.387021791189909
88 : -0.21040300279855728
89 : -4.336682986468077
90 : -1.4258993994444609
91 : -1.1484504425898194
92 : 0.5664251078851521
93 : 0.16880368441343307
94 : -1.1478872844018042
95 : -0.8173987842164934
96 : -2.1147298798896372
97 : -0.8622656315565109
98 : -1.5163870137184858
99 : -1.1754569904878736
100 : -1.2536766678094864
101 : -1.0031011414248496
102 : -1.9112529791891575
103 : -0.23241750407032669
104 : -0.8547846679575741
105 : -3.918270504102111
106 : -2.0991321578621864
107 : -0.5263022924773395
108 : -1.0348052741028368
109 : -1.179894131142646
110 : -2.315669246017933
111 : -5.677942813374102
112 : -1.0936424974352121
113 : -0.7371946461498737
114 : -1.1518179274862632
115 : -1.053237794432789
116 : -1.2346167378127575
117 : -1.4070223569869995
118 : -1.1877839723601937
119 : -1.740125771611929
120 : -0.6616198238916695
121 : -2.553921459009871
122 : -1.9512059316039085
123 : -1.490025194361806
124 : -2.398814978543669
125 : -1.1342337131500244
126 : -2.013572592753917
127 : -0.14368550200015306
128 : -1.0820647049695253
129 : -0.7400928903371096
130 : -1.3819126086309552
131 : -2.783598788548261
132 : 0.11416545882821083
133 : -9.153039986267686
134 : -1.1570583791472018
135 : -0.8968748636543751
136 : 0.6863979049958289
137 : -1.589016673155129
138 : -4.047702751122415
139 : -2.404689427698031
140 : -1.3735006600618362
141 : -0.6375092454254627
142 : -11.778237929567695
143 : -0.8558658678084612
144 : -6.529204793274403
145 : -2.818421883508563
146 : -1.5868826881051064
147 : 9.210725092794746
148 : 4.863291433081031
149 : -5.962189371697605
150 : -3.2618111055344343
151 : 1.1921578664332628
152 : -1.5813595280051231
153 : -0.7627702762838453
154 : -1.5998892337083817
155 : -8.826497491449118
156 : 3.050299545750022
157 : -1.023296969011426
158 : -1.2573076598346233
159 : -1.762986408546567
160 : 0.20871132565662265
161 : -1.0580830480903387
162 : -0.9537282534874976
163 : -1.9457826744765043
164 : -5.437361286953092
165 : -0.7207118438091129
166 : -0.8116506496444345
167 : -1.344344676239416
168 : -1.0732348347082734
169 : -1.1672859154641628
170 : -1.0184224219992757
171 : 0.1361771714873612
172 : -1.973278301768005
173 : -1.0058156214654446
174 : -0.9378439811989665
175 : -4.273479772731662
176 : -0.5400356007739902
177 : -1.5818337555974722
178 : -1.6452426835894585
179 : -5.398308747448027
180 : -1.5966752227395773
181 : -0.4171724682673812
182 : -1.7239962574094534
183 : -0.726015865104273
184 : -0.6820856565609574
185 : -1.686144970357418
186 : -0.792450811713934
187 : -1.620202399790287
188 : 2.614970381837338
189 : -1.8638370875269175
190 : -9.598973802290857
191 : -1.1981531446799636
192 : 0.03440762963145971
193 : -1.347962093539536
194 : -1.4625433068722486
195 : -1.6277626305818558
196 : -4.622104813810438
197 : -1.5009745191782713
198 : -0.2526404354721308
199 : -1.6273737298324704
200 : -7.117463517934084
201 : -4.103190496563911
202 : -5.535542004043236
203 : -2.3838464724831283
204 : -1.108899693004787
205 : -2.174742989242077
206 : -1.0333867182489485
207 : -0.7453347323462367
208 : -1.2935184631496668
209 : -0.29444779828190804
210 : -1.321328328922391
211 : -1.1328926291316748
212 : -0.6345628746785223
213 : -1.123888481874019
214 : -3.513560618739575
215 : -1.252735759713687
216 : 2.4104623873718083
217 : -1.3444895409047604
218 : 1.8134400602430105
219 : -1.4684388786554337
220 : -2.5995019674301147
221 : -1.1456672083586454
222 : -1.231526711024344
223 : -0.8773280987516046
224 : -1.1275282688438892
225 : -7.47938200738281
226 : -3.5206765765324235
227 : -1.585287868976593
228 : -1.3570125233381987
229 : -0.956449359189719
230 : -1.3353074283804744
231 : -1.4491735976189375
232 : -5.603598099201918
233 : -5.985075581818819
234 : -1.5277032814919949
235 : -0.8305207779631019
236 : -2.101261514239013
237 : -0.4790982101112604
238 : -8.867872185306624
239 : -1.667626516893506
240 : -0.9688784535974264
241 : -1.7167564183473587
242 : -3.025504524819553
243 : -0.9201562758535147
244 : -1.4723820965737104
245 : 0.906129764392972
246 : 0.6102074827067554
247 : -1.497352214064449
248 : 3.0136301307938993
249 : -1.1547044049948454
250 : 0.330565445125103
251 : -1.1658591497689486
252 : -1.9787604715675116
253 : -3.223365091253072
254 : 0.9941989104263484
255 : -2.920061480719596
256 : -1.2494333293288946
257 : -0.8615573327988386
258 : -2.7725225295871496
259 : -1.5235520573332906
260 : -1.0290504326112568
261 : -2.820686036720872
262 : -1.1242340430617332
263 : -1.520570536609739
264 : 1.8342866003513336
265 : -1.8137188171967864
266 : -1.176865253597498
267 : -1.2710427504498512
268 : -1.3818262529093772
269 : -0.893525973893702
270 : -2.667850637342781
271 : -1.1477689556777477
272 : -0.7832083348184824
273 : -1.5612466784659773
274 : -1.2856717631220818
275 : -1.002020294778049
276 : -2.6033631339669228
277 : -1.0699719032272696
278 : -1.6130650825798512
279 : -4.214070051908493
280 : -1.2212560465559363
281 : -2.023778136819601
282 : -2.570269743911922
283 : -0.9526404598727822
284 : 3.3781856370624155
285 : -3.038414256647229
286 : -1.5378223974257708
287 : 0.6388500770553946
288 : -0.7537561999633908
289 : -0.42474429681897163
290 : -6.285700091160834
291 : -1.0067841224372387
292 : -8.980563909106422
293 : -9.45032258797437
294 : -2.2505990862846375
295 : -1.3039264841936529
296 : -1.3025147952139378
297 : -2.6786724873818457
298 : -1.6465071495622396
299 : -7.251375533640385
300 : -5.682312482967973
301 : -1.6014091270044446
302 : -1.305933615192771
303 : -10.042878594249487
304 : -4.245309830235783
305 : -1.5204078452661633
306 : -3.503302630968392
307 : -1.7425527684390545
308 : -0.8049511765129864
309 : -7.940808509942144
310 : -1.7471150942146778
311 : -1.2408983586356044
312 : -1.1193657806143165
313 : -2.5074459058232605
314 : -0.7396508846431971
315 : -1.998566280119121
316 : -1.3109128139913082
317 : -6.165511857718229
318 : -1.4747580783441663
319 : -3.214848413132131
320 : -0.9994128914549947
321 : -0.4172927811741829
322 : -7.092110671103001
323 : -1.4442920989822596
324 : -1.0918402904644608
325 : -0.9168098084628582
326 : -1.7235406152904034
327 : -1.8609796175733209
328 : -2.5857410351745784
329 : -0.8999871090054512
330 : -1.8928564628586173
331 : 0.6700419010594487
332 : -0.8329408131539822
333 : -0.7983496435917914
334 : -0.039657143875956535
335 : 0.608049284433946
336 : -0.839102718513459
337 : -0.975514855235815
338 : -2.4502336475998163
339 : -1.4656271496787667
340 : -3.315923050744459
341 : -1.1980217210948467
342 : -1.386891484260559
343 : -1.0930560138076544
344 : -4.30336400680244
345 : -3.9812295380979776
346 : -1.2850185642018914
347 : 0.09914008853957057
348 : -3.386549696326256
349 : 0.19038650626316667
350 : -0.629382535815239
351 : -1.5058221276849508
352 : -1.0001805992797017
353 : -1.0416763331741095
354 : -1.147839852143079
355 : -1.4729304499924183
356 : -1.0917085683904588
357 : -1.80082169175148
358 : -0.9571547792293131
359 : -1.1621001418679953
360 : -1.1340473918244243
361 : -1.4488502405583858
362 : -1.43552606087178
363 : -1.80545274913311
364 : -1.2070467174053192
365 : -2.5745097622275352
366 : -1.0537514804163948
367 : -1.4107029363512993
368 : -1.294750154018402
369 : -1.489486936479807
370 : -1.0813667140901089
371 : -1.1960373632609844
372 : -1.1469548735767603
373 : -1.0411520013585687
374 : -1.2119404547847807
375 : -1.4138931781053543
376 : -1.7179913031868637
377 : -1.2528533916920424
378 : -1.5214350447058678
379 : -1.5799588412046432
380 : -1.5927125103771687
381 : -1.2030120290000923
382 : -1.2047823159955442
383 : -1.169795143418014
384 : -1.2879607065115124
385 : -1.2703302081790753
386 : -0.4261702629737556
387 : -0.9247066648676991
388 : -1.3375551896169782
389 : -1.416446851566434
390 : -1.0210420219227672
391 : -1.0132709676399827
392 : -1.0566077874973416
393 : -1.3536816937848926
394 : -1.656678680330515
395 : -1.585496574640274
396 : -0.8759870892390609
397 : -0.9718685217667371
398 : -1.5130360256880522
399 : -1.321449379902333
400 : -1.3163115717470646
401 : -1.4245951026678085
402 : -1.3207540400326252
403 : -1.083787214010954
404 : -1.1913386520463973
405 : -1.371456996537745
406 : -0.829462205991149
407 : -2.0411648203153163
408 : -1.0042679999023676
409 : -1.5169252902269363
410 : -1.4447553558275104
411 : -1.5817627776414156
412 : -1.0954524781554937
413 : -1.383153845090419
414 : -0.9829740892164409
415 : -1.541344198398292
416 : -1.002685352228582
417 : -1.3440861590206623
418 : -1.1655732179060578
419 : -1.153264404507354
420 : -2.0440588407218456
421 : -0.9498190353624523
422 : -1.4991297060623765
423 : -1.3916243612766266
424 : -1.0380367757752538
425 : -1.3625445887446404
426 : -1.290467041078955
427 : -1.2138450602069497
428 : -1.2203326914459467
429 : -1.0427900366485119
430 : -1.2655169542413205
431 : -1.4661813266575336
432 : -1.0225491542369127
433 : -1.18717993889004
434 : -1.2747415034100413
435 : -1.2498929630964994
436 : -1.696171659976244
437 : -0.9758774186484516
438 : -1.3353035552427173
439 : -1.4807233940809965
440 : -1.372035350650549
441 : -1.1007305402308702
442 : -1.354303527623415
443 : -3.3134364634752274
444 : -1.3173828534781933
445 : -0.9795137317851186
446 : -1.0299838543869555
447 : -1.023013487458229
448 : -1.548054300248623
449 : -1.4930998431518674
450 : -1.309922430664301
451 : -1.3605830036103725
452 : -2.190229181200266
453 : -1.3162678517401218
454 : -2.3018765710294247
455 : -0.869675706140697
456 : -1.4283082224428654
457 : -1.2457460216246545
458 : -1.797707311809063
459 : -1.0996976187452674
460 : -0.8579743131995201
461 : -1.4326109737157822
462 : -1.1987502397969365
463 : -1.478056114166975
464 : -0.8943461310118437
465 : -2.4004719853401184
466 : -1.688228964805603
467 : -1.4122576699592173
468 : -1.4946075081825256
469 : -1.0480363718234003
470 : -1.2527555259875953
471 : -0.8310629399493337
472 : -1.0915667926892638
473 : -1.5762501768767834
474 : -1.4698208533227444
475 : -1.3079152153804898
476 : -1.7927998043596745
477 : -1.536724396981299
478 : -1.3994631189852953
479 : -1.2607369730249047
480 : -1.2280228175222874
481 : -1.0314726196229458
482 : -1.5802726820111275
483 : -1.1281818207353354
484 : -1.3364916793070734
485 : -1.4634653022512794
486 : -1.932078778743744
487 : -1.4508013799786568
488 : -1.144457656017039
489 : -1.4992415010929108
490 : -1.0367423230782151
491 : -1.2969669355079532
492 : -1.338419122621417
493 : -1.0842250734567642
494 : -1.0294646848924458
495 : -1.6624042503535748
496 : -1.3892428763210773
497 : -1.4255225043743849
498 : -1.0215751295909286
499 : -1.141456799232401
500 : -1.1725331048946828
501 : -0.6675485451705754
502 : -1.490838945377618
503 : -1.3898974489420652
504 : -1.5236079227179289
505 : -0.9218686455860734
506 : -1.453795462846756
507 : -2.015552720054984
508 : -1.3089171554893255
509 : -0.9823298314586282
510 : -1.4284967128187418
511 : -0.9325900198891759
512 : -0.8602305315434933
513 : -1.1070511620491743
514 : -1.0243170903995633
515 : -1.8326700031757355
516 : -2.9159231577068567
517 : -1.2679497902281582
518 : -0.8282537627965212
519 : -1.30155163211748
520 : -0.8665967653505504
521 : -1.4214023612439632
522 : -1.239105279557407
523 : -1.3514165761880577
524 : -1.011295191012323
525 : -1.356078840792179
526 : -0.8833775585517287
527 : -1.2083549108356237
528 : -0.9833152056671679
529 : -1.040995517745614
530 : -1.1653926693834364
531 : -1.6262159254401922
532 : -2.026665147393942
533 : -1.2314547672867775
534 : -1.1698952512815595
535 : -1.3290723650716245
536 : -0.7105980943888426
537 : -1.4740829765796661
538 : -1.5210374221205711
539 : -1.2968852436169982
540 : -1.2963901739567518
541 : -1.039403019938618
542 : -3.237594798207283
543 : -1.3797008991241455
544 : -1.4306453438475728
545 : -1.5137097919359803
546 : -1.5769595373421907
547 : -1.039657436311245
548 : -1.1242874411400408
549 : -1.438719925004989
550 : -1.2731139194220304
551 : -1.2123848949559033
552 : -1.0374689036980271
553 : -1.7975811921060085
554 : -1.3422958515584469
555 : -0.7846108796074986
556 : -0.8902002717368305
557 : -2.0213913191109896
558 : -1.3515404649078846
559 : -1.7005641236901283
560 : -1.4634614195674658
561 : -1.4530508760362864
562 : -1.3957549259066582
563 : -1.3001336371526122
564 : -0.9054877520538867
565 : -1.4590926840901375
566 : -1.3510810006409883
567 : -1.431683886796236
568 : -1.0893990136682987
569 : -1.5044709173962474
570 : -1.4546476528048515
571 : -1.605308175086975
572 : -1.073473087279126
573 : -1.79208729788661
574 : -1.0860663000494242
575 : -1.3353564981371164
576 : -1.478701583109796
577 : -1.4773550853133202
578 : -1.2723112367093563
579 : -1.2090877087321132
580 : -1.3994703013449907
581 : -0.9521246468648314
582 : -1.3506885506212711
583 : -1.2089577638544142
584 : -1.2513645496219397
585 : -1.3855732353404164
586 : -1.352638017386198
587 : -1.1120360111817718
588 : -1.25885941949673
589 : -1.2420371193438768
590 : -2.0535811726003885
591 : -0.9169567578937858
592 : -1.3833543865475804
593 : -0.895704903639853
594 : -1.583060059696436
595 : -1.539124520495534
596 : -0.9876828561536968
597 : -1.0183163080364466
598 : -1.2764150463044643
599 : -1.3649028167128563
600 : -0.9885862013325095
601 : -0.992358292452991
602 : -0.5235975971445441
603 : -1.2725448063574731
604 : -1.0667901765555143
605 : -1.2748729102313519
606 : -1.2982177715748549
607 : -1.3211116511374712
608 : -1.2606897321529686
609 : -1.4109342396259308
610 : -1.270092185586691
611 : -1.09940983960405
612 : -1.0477635440183803
613 : -1.8689103946089745
614 : -1.5812543705105782
615 : -1.3711408926174045
616 : -1.092571153305471
617 : -1.298712695017457
618 : -1.009491728618741
619 : -2.670561544597149
620 : -1.2383472826331854
621 : -1.0575975719839334
622 : -1.268841472454369
623 : -1.3592975069768727
624 : -1.3407137021422386
625 : -1.5484229363501072
626 : -1.6364506017416716
627 : -1.3959758020937443
628 : -0.7367853459436446
629 : -2.770085845142603
630 : -1.5836745388805866
631 : -1.3010211419314146
632 : -1.6673896051943302
633 : -1.2935890932567418
634 : -1.150440564379096
635 : -2.147248636931181
636 : -1.3877022378146648
637 : -0.8757308977656066
638 : -1.8054567761719227
639 : -1.4556621238589287
640 : -0.9020374659448862
641 : -1.3963642455637455
642 : -0.9835486197844148
643 : -0.7481066286563873
644 : -1.5791745875030756
645 : -1.0415245164185762
646 : -1.2818722631782293
647 : -1.6741717346012592
648 : -1.0461156738456339
649 : -1.584461748600006
650 : -1.3155347015708685
651 : -0.9015667019411922
652 : -1.2510350029915571
653 : -1.4010303765535355
654 : -0.9008571091108024
655 : -1.453418055549264
656 : -1.3180391462519765
657 : -1.2726447498425841
658 : -1.1523100435733795
659 : -0.7851415788754821
660 : -1.3768961704336107
661 : -1.2978877020068467
662 : -0.9317016452550888
663 : -1.1627751938067377
664 : -1.3921133009716868
665 : -0.8297758745029569
666 : -1.068619485013187
667 : -1.2257720781490207
668 : -2.0276246294379234
669 : -0.924737501423806
670 : -1.2178625934757292
671 : -1.2982814572751522
672 : -1.2333427593111992
673 : -0.9209048827178776
674 : -1.2660225369036198
675 : -1.2420650962740183
676 : -1.2156827123835683
677 : -1.1450255810050294
678 : -1.0248480085283518
679 : -1.2720572636462748
680 : -1.380727500654757
681 : -1.0391758042387664
682 : -1.177416910417378
683 : -1.2448841081932187
684 : -1.5732582658529282
685 : -1.33128706458956
686 : -1.3435908464016393
687 : -1.2028133142739534
688 : -0.7924928376451135
689 : -1.1621587979607284
690 : -1.300614496693015
691 : -1.179534717462957
692 : -0.9680202230811119
693 : -1.2445772280916572
694 : -2.200339786708355
695 : -1.3176571372896433
696 : -1.1339424774050713
697 : -1.3291574674658477
698 : -1.0974480817094445
699 : -1.1020971846301109
700 : -1.2078963873209432
701 : -0.9600959024392068
702 : -1.289865423925221
703 : -0.8156296839006245
704 : -1.2991597619839013
705 : -1.120664001442492
706 : -0.9601170131936669
707 : -2.3787028547376394
708 : -1.6406530737876892
709 : -1.0087428563274443
710 : -1.2695913948118687
711 : -1.4332788847386837
712 : -0.67172671854496
713 : -1.1597848567180336
714 : -1.207816367968917
715 : -1.23612813744694
716 : -1.5806043446063995
717 : -1.0156903257593513
718 : -1.2391027165576816
719 : -1.1700432437937707
720 : -1.5794152095913887
721 : -0.9306782577186823
722 : -2.1507574785500765
723 : -1.2712913886643946
724 : -0.8614095728844404
725 : -1.9508323133923113
726 : -1.40199763327837
727 : -1.5249262265861034
728 : -0.9178320989012718
729 : -1.4434724766761065
730 : -0.9289495050907135
731 : -1.3537453226745129
732 : -0.8035554802045226
733 : -1.1544181918725371
734 : -1.3869203068315983
735 : -1.6633971724659204
736 : -2.70841221511364
737 : -1.026610502973199
738 : -0.9136489443480968
739 : -1.8118349574506283
740 : -1.0855194428004324
741 : -1.9609387889504433
742 : -2.1682047843933105
743 : -1.0285702906548977
744 : -1.237165980041027
745 : -1.425624892115593
746 : -1.0703129668254405
747 : -1.304128861054778
748 : -1.5087016634643078
749 : -0.9878957867622375
750 : -1.4739814633503556
751 : -1.3077832711860538
752 : -1.1673792954534292
753 : -1.3208129163831472
754 : -0.8926602294668555
755 : -2.0138971619307995
756 : -1.2897337330505252
757 : -1.2148077134042978
758 : -0.9229449750855565
759 : -1.4498497853055596
760 : -1.3793116295710206
761 : -0.8943764986470342
762 : -1.025505450554192
763 : -1.0246321260929108
764 : -1.2721748072654009
765 : -1.0847540476825088
766 : -1.1315602269023657
767 : -1.2282673753798008
768 : -1.0431919507682323
769 : -1.8428015895187855
770 : -1.1535567995160818
771 : -1.1288996934890747
772 : -0.9379429602995515
773 : -1.1388587201945484
774 : -1.942564801312983
775 : -1.557426892220974
776 : -0.924934322014451
777 : -1.0871316227130592
778 : -1.3226556275039911
779 : -0.7048959545791149
780 : -0.9797400597017258
781 : -1.0509255360811949
782 : -1.4396871849894524
783 : -1.013901059050113
784 : -1.4127308670431376
785 : -1.1146600544452667
786 : -1.0210964921861887
787 : -2.043509379029274
788 : -1.4026427315548062
789 : -1.628111369907856
790 : -1.1272634929046035
791 : -1.059433457441628
792 : -1.2607014570385218
793 : -0.060384835582226515
794 : 3.555186031386256
795 : -1.8538154438138008
796 : -1.017145519144833
797 : -0.9356612010160461
798 : -1.0609672334976494
799 : -1.4407901093363762
800 : -1.1642087921500206
801 : -1.3882178915664554
802 : -1.0361830443143845
803 : -0.8664509011432528
804 : -1.1005790755152702
805 : -1.0310872024856508
806 : -1.514407429844141
807 : -0.9926808699965477
808 : -1.38522092346102
809 : -0.5705254767090082
810 : -1.3773989332839847
811 : -1.4118108870461583
812 : -0.8881101440638304
813 : -1.4076844761148095
814 : -1.0248388134641573
815 : -1.2316508782096207
816 : -1.1035151612013578
817 : -0.9528828961774707
818 : -1.3250685324892402
819 : -1.0814593555405736
820 : -0.8211697558872402
821 : -2.1482116542756557
822 : -1.708505768328905
823 : -1.723928164690733
824 : -1.2819828856736422
825 : -1.865766055881977
826 : -1.4931011330336332
827 : -1.2607487114146352
828 : -1.127611975185573
829 : -1.0574555224739015
830 : -1.358064679428935
831 : -1.1239302477333695
832 : -1.5572130009531975
833 : -1.2857539188116789
834 : -0.8183893584646285
835 : -1.4111875854432583
836 : -1.1288560424000025
837 : -1.6502473540604115
838 : -1.2216609166935086
839 : -1.3015185911208391
840 : -1.1121767051517963
841 : -1.385440238751471
842 : -1.0039274357259274
843 : -1.0442273193039
844 : -1.556139748543501
845 : -1.5004764944314957
846 : -1.0848092706874013
847 : -1.0658657243475318
848 : -1.1981365219689906
849 : -2.464369609951973
850 : -1.3059665709733963
851 : -1.5401730947196484
852 : -1.1623719517374411
853 : -0.9972383631393313
854 : -1.2835503197275102
855 : -1.3477945551276207
856 : -1.0674631849396974
857 : -1.2439837586134672
858 : -1.3836521841585636
859 : -2.0197680769488215
860 : -2.194623241201043
861 : -1.5287974141538143
862 : -0.9975444292649627
863 : -1.497297851368785
864 : -1.1757275220006704
865 : -1.5971244778484106
866 : -1.1540692781563848
867 : -1.1974047790281475
868 : -1.2986046699807048
869 : -1.5132857859134674
870 : -1.1190980705432594
871 : -2.1107647344470024
872 : -1.1964717109221965
873 : -1.4925654218532145
874 : -1.249216568423435
875 : -1.041637153364718
876 : -1.1719898749142885
877 : -1.2799285929650068
878 : -1.1069772052578628
879 : -1.4888089336454868
880 : -1.2053285539150238
881 : -1.1558255890849978
882 : -1.4353559976443648
883 : -1.5690540354698896
884 : -1.1721504665911198
885 : -1.2546574771404266
886 : -1.007067995145917
887 : -1.3974628080613911
888 : -1.3106556199491024
889 : -1.651764515787363
890 : -1.1438693385571241
891 : -1.061929872725159
892 : -0.974182303994894
893 : -1.3817651495337486
894 : -1.0638652122579515
895 : -1.4639844633638859
896 : -1.3568812943995
897 : -1.2162545629544184
898 : -1.162677789106965
899 : -1.0621962500736117
900 : -1.1426666188053787
901 : -3.1869727298617363
902 : -2.8425415735691786
903 : -2.065378062427044
904 : -1.203532911837101
905 : -1.258211635518819
906 : -2.2089148312807083
907 : -0.7881197356618941
908 : -1.3187940763309598
909 : -1.2021618280559778
910 : -1.2335244744317606
911 : -1.3183191232383251
912 : -1.1155385952442884
913 : -1.3415272682905197
914 : -1.1806780095212162
915 : -1.300777344033122
916 : -1.469951206818223
917 : -0.8753234976902604
918 : -1.7247460316866636
919 : -1.8532157018780708
920 : -1.5274555459618568
921 : -1.2374296430498362
922 : -0.9602845720946789
923 : -1.1242842487990856
924 : -1.3196983598172665
925 : -1.4210845651105046
926 : -1.0954367925878614
927 : -1.1794270742684603
928 : -1.019762312527746
929 : -1.3661049995571375
930 : -1.3258486343547702
931 : -0.9025534526444972
932 : -0.9349572923965752
933 : -3.28593145031482
934 : -1.2352247606031597
935 : -0.8474731217138469
936 : -1.2820143103599548
937 : -1.1034231251105666
938 : -0.8684260449372232
939 : -1.1819961918517947
940 : -0.8893000995740294
941 : -1.2220954112708569
942 : -1.0362604290712625
943 : -1.3781370148062706
944 : -1.4164411090314388
945 : -1.1851994469761848
946 : -1.3760460317134857
947 : -1.1461674575693905
948 : -1.216367761604488
949 : -0.9302346943877637
950 : -1.0343953529372811
951 : 0.9093302227556705
952 : -1.4769734125584364
953 : -1.0679723266512156
954 : -1.709272193722427
955 : -1.157481380738318
956 : -1.173184639774263
957 : -1.019484281539917
958 : -1.3545815125107765
959 : -3.771231710910797
960 : -1.287174778059125
961 : -1.5567597560584545
962 : -1.449841983616352
963 : -0.959615561296232
964 : -1.5041922368109226
965 : -1.1886809542775154
966 : -1.1868865583091974
967 : -1.3740322478115559
968 : -1.535644680261612
969 : -1.2847442775964737
970 : -0.996934873983264
971 : -1.302449868991971
972 : -0.8789421040564775
973 : -1.5467704199254513
974 : -1.4568964950740337
975 : -1.0134661099873483
976 : -2.7266824282705784
977 : -1.399391744285822
978 : -1.2500839168205857
979 : -1.334373438730836
980 : -1.3925836868584156
981 : -1.7715611010789871
982 : -0.9429683713242412
983 : -1.4423360154032707
984 : -1.6407044529914856
985 : -1.0620223849546164
986 : -1.5598095273599029
987 : -1.082900509238243
988 : -0.8593716202303767
989 : -1.6006717439740896
990 : -1.284522918984294
991 : -1.157362706027925
992 : -1.3115894541842863
993 : -1.5779834166169167
994 : -1.5412221048027277
995 : -1.3851924147456884
996 : -1.2215898595750332
997 : -1.3306106440722942
998 : -1.1068339454941452
999 : -1.8254812881350517
Setting up 2 worker threads for Enlighten.
  Thread -> id: 7f37add96700 -> priority: 1 
  Thread -> id: 7f37ad595700 -> priority: 1 
2020-06-24 03:56:36 INFO [environment.py:418] Environment shut down with return code 0.
[I 2020-06-24 03:56:36,986] Finished trial#160 with value: -1.8254812881350517 with parameters: {'update_time_steps': 7168, 'ppo_epochs': 12, 'gamma': 0.9665185199271076, 'beta': 0.07755509594402224}. Best is trial#129 with value: -4.94039882812649.
Found path: /home/j/jensenj/PycharmProjects/Federer-Jr./src/../crawler_single/linux/dynamic_server/crawler_dynamic.x86_64
Mono path[0] = '/home/j/jensenj/PycharmProjects/Federer-Jr./src/../crawler_single/linux/dynamic_server/crawler_dynamic_Data/Managed'
Mono config path = '/home/j/jensenj/PycharmProjects/Federer-Jr./src/../crawler_single/linux/dynamic_server/crawler_dynamic_Data/MonoBleedingEdge/etc'
Preloaded 'lib_burst_generated.so'
Preloaded 'libgrpc_csharp_ext.x64.so'
Initialize engine version: 2019.3.15f1 (59ff3e03856d)
[Subsystems] Discovering subsystems at path /home/j/jensenj/PycharmProjects/Federer-Jr./src/../crawler_single/linux/dynamic_server/crawler_dynamic_Data/UnitySubsystems
Forcing GfxDevice: Null
GfxDevice: creating device client; threaded=0
NullGfxDevice:
    Version:  NULL 1.0 [1.0]
    Renderer: Null Device
    Vendor:   Unity Technologies
Begin MonoManager ReloadAssembly
- Completed reload, in  0.304 seconds
WARNING: Shader Unsupported: 'Autodesk Interactive' - All passes removed
WARNING: Shader Did you use #pragma only_renderers and omit this platform?
UnloadTime: 0.416343 ms
Fallback handler could not load library /home/j/jensenj/PycharmProjects/Federer-Jr./src/../crawler_single/linux/dynamic_server/crawler_dynamic_Data/Mono/libcoreclr.so
Fallback handler could not load library /home/j/jensenj/PycharmProjects/Federer-Jr./src/../crawler_single/linux/dynamic_server/crawler_dynamic_Data/Mono/libcoreclr.so
Fallback handler could not load library /home/j/jensenj/PycharmProjects/Federer-Jr./src/../crawler_single/linux/dynamic_server/crawler_dynamic_Data/Mono/libcoreclr.so
Fallback handler could not load library /home/j/jensenj/PycharmProjects/Federer-Jr./src/../crawler_single/linux/dynamic_server/crawler_dynamic_Data/Mono/libSystem.dylib
Fallback handler could not load library /home/j/jensenj/PycharmProjects/Federer-Jr./src/../crawler_single/linux/dynamic_server/crawler_dynamic_Data/Mono/libSystem.dylib.so
Fallback handler could not load library /home/j/jensenj/PycharmProjects/Federer-Jr./src/../crawler_single/linux/dynamic_server/crawler_dynamic_Data/Mono/libSystem.dylib
Fallback handler could not load library /home/j/jensenj/PycharmProjects/Federer-Jr./src/../crawler_single/linux/dynamic_server/crawler_dynamic_Data/Mono/libcoreclr.so
Fallback handler could not load library /home/j/jensenj/PycharmProjects/Federer-Jr./src/../crawler_single/linux/dynamic_server/crawler_dynamic_Data/Mono/libcoreclr.so
Fallback handler could not load library /home/j/jensenj/PycharmProjects/Federer-Jr./src/../crawler_single/linux/dynamic_server/crawler_dynamic_Data/Mono/libcoreclr.so
Fallback handler could not load library /home/j/jensenj/PycharmProjects/Federer-Jr./src/../crawler_single/linux/dynamic_server/crawler_dynamic_Data/Mono/libSystem.dylib
Fallback handler could not load library /home/j/jensenj/PycharmProjects/Federer-Jr./src/../crawler_single/linux/dynamic_server/crawler_dynamic_Data/Mono/libSystem.dylib.so
Fallback handler could not load library /home/j/jensenj/PycharmProjects/Federer-Jr./src/../crawler_single/linux/dynamic_server/crawler_dynamic_Data/Mono/libSystem.dylib
2020-06-24 03:56:37 INFO [environment.py:108] Connected to Unity environment with package version 1.0.2 and communication version 1.0.0
2020-06-24 03:56:37 INFO [environment.py:265] Connected new brain:
CrawlerDynamic?team=0
2020-06-24 03:56:37 WARNING [__init__.py:92] The environment contains multiple observations. You must define allow_multiple_obs=True to receive them all. Otherwise, only the first visual observation (or vector observation ifthere are no visual observations) will be provided in the observation.
{'nr_output_features': 20, 'nr_input_features': 126, 'env': <gym_unity.envs.UnityToGymWrapper object at 0x7f2ce474d048>, 'alpha': 0.003, 'tau': 0.95, 'clip': 0.2, 'minibatch_size': 32, 'hidden_units': 512, 'update_time_steps': 5120, 'ppo_epochs': 16, 'gamma': 0.9182525983072092, 'beta': 0.09524939632072987}
0 : -2.7691004895605147
1 : -1.4844404957257211
2 : 0.021423365455120802
3 : -1.0166042963974178
4 : 0.49750750698149204
5 : -1.1544740544632077
6 : -0.6247794320806861
7 : -0.6126491017639637
8 : -1.11936245393008
9 : 1.3714458402246237
10 : 2.370382983237505
11 : 0.9085492417216301
12 : -4.542818324640393
13 : -1.4867543624714017
14 : -0.6818501446396112
15 : -2.0969220902770758
16 : -0.9859821479767561
17 : -1.630841739475727
18 : -1.006561551708728
19 : -0.595241283532232
20 : 1.4598316513001919
21 : -1.5255674552172422
22 : -1.5369995303917676
23 : -1.6225510130170733
24 : 5.685715178959072
25 : -0.7655158671550453
26 : -1.2371235797181726
27 : 7.3770930003374815
28 : -5.337001117412001
29 : -0.9894190430641174
30 : -0.8402759395539761
31 : -3.7478963062167168
32 : -1.5288649778813124
33 : -1.405497514642775
34 : -1.293169948272407
35 : -1.1489776805974543
36 : -2.731889787130058
37 : -1.830813705921173
38 : -1.5946065462194383
39 : -7.569315433502197
40 : -0.8658632421866059
41 : -2.9838709887117147
42 : 0.4033504924736917
43 : -1.2784532336518168
44 : 13.171660671476275
45 : -0.9888129341416061
46 : -5.17937531741336
47 : -1.3141054743900895
48 : -1.0422857576049864
49 : -3.0854101036675274
50 : -0.902037750929594
51 : -1.3173305703676306
52 : -0.47551451716572046
53 : -0.9086836134083569
54 : -0.9570679012686014
55 : -8.64179860567674
56 : -1.4704171549528837
57 : -4.843636919744313
58 : -1.1955535057932138
59 : -2.382451268378645
60 : -6.491582854912849
61 : -1.1855310341343284
62 : -0.3041525799781084
63 : -1.3791814856231213
64 : -1.3173062959685922
65 : -1.3778415536507964
66 : -0.8067269544117153
67 : -0.9735006811097264
68 : -1.4272192791104317
69 : -1.02561513800174
70 : -6.076988323125988
71 : 0.7800113717094064
72 : 6.2802039152011275
73 : -1.6763794478029013
74 : -1.7872622776776552
75 : -0.6143305008299649
76 : -1.7266021445393562
77 : 5.158908534795046
78 : -0.5716339061036706
79 : 1.4002385367639363
80 : -1.4355359780602157
81 : -3.0166694740764797
82 : -1.0282494290731847
83 : -2.3298472352325916
84 : -0.46620131470263004
85 : -0.777103659696877
86 : -0.34178436547517776
87 : -1.3328095637261868
88 : -1.498130276799202
89 : -0.39753791003022343
90 : -0.8378372616134584
91 : 1.4378619156777859
92 : -2.2721876581199467
93 : 4.0283255986869335
94 : -1.89203576836735
95 : 3.115395551547408
96 : -0.24811927694827318
97 : -2.1742799542844296
98 : -2.961006971541792
99 : 1.3811274082399905
100 : -3.0499093898106366
101 : -1.3426043586805463
102 : -1.2366312462836504
103 : 5.812639352865517
104 : -5.734648664481938
105 : -0.9573346786201
106 : -1.5202028267085552
107 : -1.2412975812330842
108 : -0.965283552184701
109 : -1.7281890623271465
110 : 3.57435342669487
111 : -0.885312769562006
112 : -1.0127208693884313
113 : -0.44098844192922115
114 : -0.8042367016896605
115 : -6.528096896596253
116 : -0.9013151405379176
117 : -2.4060666928999126
118 : 1.485505267046392
119 : -3.4381993021816015
120 : -0.14581653662025928
121 : -4.813382463529706
122 : -1.476707209367305
123 : -1.472821420058608
124 : -0.662688173353672
[W 2020-06-24 03:59:45,923] Setting status of trial#172 as TrialState.FAIL because of the following error: ValueError('array split does not result in an equal division',)
Traceback (most recent call last):
  File "/home/j/jensenj/.local/lib/python3.6/site-packages/numpy/lib/shape_base.py", line 867, in split
    len(indices_or_sections)
TypeError: object of type 'int' has no len()

During handling of the above exception, another exception occurred:

Traceback (most recent call last):
  File "/home/j/jensenj/.local/lib/python3.6/site-packages/optuna/study.py", line 734, in _run_trial
    result = func(trial)
  File "main-optuna.py", line 88, in objective
    returns = [episode(env, agent, params, writer, i) for i in range(training_episodes)]
  File "main-optuna.py", line 88, in <listcomp>
    returns = [episode(env, agent, params, writer, i) for i in range(training_episodes)]
  File "main-optuna.py", line 40, in episode
    agent.update(next_state)
  File "/home/j/jensenj/PycharmProjects/Federer-Jr./src/ppo.py", line 140, in update
    for states, actions, old_log_probs, returns, advantages in self.memory.sample_batch(self.minibatch_size, next_value):
  File "/home/j/jensenj/PycharmProjects/Federer-Jr./src/ppo.py", line 44, in sample_batch
    ids = np.split(ids, batch_size // minibatch_size)
  File "<__array_function__ internals>", line 6, in split
  File "/home/j/jensenj/.local/lib/python3.6/site-packages/numpy/lib/shape_base.py", line 873, in split
    'array split does not result in an equal division')
ValueError: array split does not result in an equal division
Traceback (most recent call last):
  File "/home/j/jensenj/.local/lib/python3.6/site-packages/numpy/lib/shape_base.py", line 867, in split
    len(indices_or_sections)
TypeError: object of type 'int' has no len()

During handling of the above exception, another exception occurred:

Traceback (most recent call last):
  File "main-optuna.py", line 103, in <module>
    study.optimize(objective, n_trials=1000)
  File "/home/j/jensenj/.local/lib/python3.6/site-packages/optuna/study.py", line 339, in optimize
    func, n_trials, timeout, catch, callbacks, gc_after_trial, None
  File "/home/j/jensenj/.local/lib/python3.6/site-packages/optuna/study.py", line 682, in _optimize_sequential
    self._run_trial_and_callbacks(func, catch, callbacks, gc_after_trial)
  File "/home/j/jensenj/.local/lib/python3.6/site-packages/optuna/study.py", line 713, in _run_trial_and_callbacks
    trial = self._run_trial(func, catch, gc_after_trial)
  File "/home/j/jensenj/.local/lib/python3.6/site-packages/optuna/study.py", line 734, in _run_trial
    result = func(trial)
  File "main-optuna.py", line 88, in objective
    returns = [episode(env, agent, params, writer, i) for i in range(training_episodes)]
  File "main-optuna.py", line 88, in <listcomp>
    returns = [episode(env, agent, params, writer, i) for i in range(training_episodes)]
  File "main-optuna.py", line 40, in episode
    agent.update(next_state)
  File "/home/j/jensenj/PycharmProjects/Federer-Jr./src/ppo.py", line 140, in update
    for states, actions, old_log_probs, returns, advantages in self.memory.sample_batch(self.minibatch_size, next_value):
  File "/home/j/jensenj/PycharmProjects/Federer-Jr./src/ppo.py", line 44, in sample_batch
    ids = np.split(ids, batch_size // minibatch_size)
  File "<__array_function__ internals>", line 6, in split
  File "/home/j/jensenj/.local/lib/python3.6/site-packages/numpy/lib/shape_base.py", line 873, in split
    'array split does not result in an equal division')
ValueError: array split does not result in an equal division
Setting up 2 worker threads for Enlighten.
  Thread -> id: 7f57a8bd6700 -> priority: 1 
  Thread -> id: 7f57a3fff700 -> priority: 1 
2020-06-24 03:59:46 INFO [environment.py:418] Environment shut down with return code 0.
