slurmstepd-selbitz: error: Unable to create TMPDIR [/tmp/user/30108]: Permission denied
slurmstepd-selbitz: error: Setting TMPDIR to /tmp
Found path: /home/j/jensenj/PycharmProjects/Federer-Jr./src/../crawler_single/linux/dynamic_server/crawler_dynamic.x86_64
Mono path[0] = '/home/j/jensenj/PycharmProjects/Federer-Jr./src/../crawler_single/linux/dynamic_server/crawler_dynamic_Data/Managed'
Mono config path = '/home/j/jensenj/PycharmProjects/Federer-Jr./src/../crawler_single/linux/dynamic_server/crawler_dynamic_Data/MonoBleedingEdge/etc'
Preloaded 'lib_burst_generated.so'
Preloaded 'libgrpc_csharp_ext.x64.so'
Initialize engine version: 2019.3.15f1 (59ff3e03856d)
[Subsystems] Discovering subsystems at path /home/j/jensenj/PycharmProjects/Federer-Jr./src/../crawler_single/linux/dynamic_server/crawler_dynamic_Data/UnitySubsystems
Forcing GfxDevice: Null
GfxDevice: creating device client; threaded=0
NullGfxDevice:
    Version:  NULL 1.0 [1.0]
    Renderer: Null Device
    Vendor:   Unity Technologies
Begin MonoManager ReloadAssembly
- Completed reload, in  0.098 seconds
WARNING: Shader Unsupported: 'Autodesk Interactive' - All passes removed
WARNING: Shader Did you use #pragma only_renderers and omit this platform?
UnloadTime: 0.400886 ms
Fallback handler could not load library /home/j/jensenj/PycharmProjects/Federer-Jr./src/../crawler_single/linux/dynamic_server/crawler_dynamic_Data/Mono/libcoreclr.so
Fallback handler could not load library /home/j/jensenj/PycharmProjects/Federer-Jr./src/../crawler_single/linux/dynamic_server/crawler_dynamic_Data/Mono/libcoreclr.so
Fallback handler could not load library /home/j/jensenj/PycharmProjects/Federer-Jr./src/../crawler_single/linux/dynamic_server/crawler_dynamic_Data/Mono/libcoreclr.so
Fallback handler could not load library /home/j/jensenj/PycharmProjects/Federer-Jr./src/../crawler_single/linux/dynamic_server/crawler_dynamic_Data/Mono/libSystem.dylib
Fallback handler could not load library /home/j/jensenj/PycharmProjects/Federer-Jr./src/../crawler_single/linux/dynamic_server/crawler_dynamic_Data/Mono/libSystem.dylib.so
Fallback handler could not load library /home/j/jensenj/PycharmProjects/Federer-Jr./src/../crawler_single/linux/dynamic_server/crawler_dynamic_Data/Mono/libSystem.dylib
Fallback handler could not load library /home/j/jensenj/PycharmProjects/Federer-Jr./src/../crawler_single/linux/dynamic_server/crawler_dynamic_Data/Mono/libcoreclr.so
Fallback handler could not load library /home/j/jensenj/PycharmProjects/Federer-Jr./src/../crawler_single/linux/dynamic_server/crawler_dynamic_Data/Mono/libcoreclr.so
Fallback handler could not load library /home/j/jensenj/PycharmProjects/Federer-Jr./src/../crawler_single/linux/dynamic_server/crawler_dynamic_Data/Mono/libcoreclr.so
Fallback handler could not load library /home/j/jensenj/PycharmProjects/Federer-Jr./src/../crawler_single/linux/dynamic_server/crawler_dynamic_Data/Mono/libSystem.dylib
Fallback handler could not load library /home/j/jensenj/PycharmProjects/Federer-Jr./src/../crawler_single/linux/dynamic_server/crawler_dynamic_Data/Mono/libSystem.dylib.so
Fallback handler could not load library /home/j/jensenj/PycharmProjects/Federer-Jr./src/../crawler_single/linux/dynamic_server/crawler_dynamic_Data/Mono/libSystem.dylib
/home/j/jensenj/.local/lib/python3.6/site-packages/tensorboard/compat/tensorflow_stub/dtypes.py:541: FutureWarning: Passing (type, 1) or '1type' as a synonym of type is deprecated; in a future version of numpy, it will be understood as (type, (1,)) / '(1,)type'.
  _np_qint8 = np.dtype([("qint8", np.int8, 1)])
/home/j/jensenj/.local/lib/python3.6/site-packages/tensorboard/compat/tensorflow_stub/dtypes.py:542: FutureWarning: Passing (type, 1) or '1type' as a synonym of type is deprecated; in a future version of numpy, it will be understood as (type, (1,)) / '(1,)type'.
  _np_quint8 = np.dtype([("quint8", np.uint8, 1)])
/home/j/jensenj/.local/lib/python3.6/site-packages/tensorboard/compat/tensorflow_stub/dtypes.py:543: FutureWarning: Passing (type, 1) or '1type' as a synonym of type is deprecated; in a future version of numpy, it will be understood as (type, (1,)) / '(1,)type'.
  _np_qint16 = np.dtype([("qint16", np.int16, 1)])
/home/j/jensenj/.local/lib/python3.6/site-packages/tensorboard/compat/tensorflow_stub/dtypes.py:544: FutureWarning: Passing (type, 1) or '1type' as a synonym of type is deprecated; in a future version of numpy, it will be understood as (type, (1,)) / '(1,)type'.
  _np_quint16 = np.dtype([("quint16", np.uint16, 1)])
/home/j/jensenj/.local/lib/python3.6/site-packages/tensorboard/compat/tensorflow_stub/dtypes.py:545: FutureWarning: Passing (type, 1) or '1type' as a synonym of type is deprecated; in a future version of numpy, it will be understood as (type, (1,)) / '(1,)type'.
  _np_qint32 = np.dtype([("qint32", np.int32, 1)])
/home/j/jensenj/.local/lib/python3.6/site-packages/tensorboard/compat/tensorflow_stub/dtypes.py:550: FutureWarning: Passing (type, 1) or '1type' as a synonym of type is deprecated; in a future version of numpy, it will be understood as (type, (1,)) / '(1,)type'.
  np_resource = np.dtype([("resource", np.ubyte, 1)])
2020-06-24 03:42:33 INFO [environment.py:108] Connected to Unity environment with package version 1.0.2 and communication version 1.0.0
2020-06-24 03:42:34 INFO [environment.py:265] Connected new brain:
CrawlerDynamic?team=0
2020-06-24 03:42:34 WARNING [__init__.py:92] The environment contains multiple observations. You must define allow_multiple_obs=True to receive them all. Otherwise, only the first visual observation (or vector observation ifthere are no visual observations) will be provided in the observation.
/home/j/jensenj/.local/lib/python3.6/site-packages/gym/logger.py:30: UserWarning: WARN: Box bound precision lowered by casting to float32
  warnings.warn(colorize('%s: %s'%('WARN', msg % args), 'yellow'))
{'nr_output_features': 20, 'nr_input_features': 126, 'env': <gym_unity.envs.UnityToGymWrapper object at 0x7fa1f361cf60>, 'alpha': 0.003, 'tau': 0.95, 'clip': 0.2, 'minibatch_size': 32, 'hidden_units': 512, 'update_time_steps': 7168, 'ppo_epochs': 11, 'gamma': 0.9639387902268255, 'beta': 0.060524288882386826}
0 : -1.3828635497484356
1 : -1.4107492938637733
2 : -5.500794577412307
3 : -1.9343134621158242
4 : -1.2849240209907293
5 : 5.236796110868454
6 : 1.3375615300610662
7 : -1.5758805982768536
8 : -0.89965147851035
9 : -1.5686553493142128
10 : -3.344180442392826
11 : -1.3432735344395041
12 : -1.4491562992334366
13 : -2.0434837294742465
14 : -3.376621474744752
15 : -1.818299250677228
16 : -4.778705636970699
17 : -1.8330405168235302
18 : -7.981966210529208
19 : -1.2925233663991094
20 : -1.5962291648611426
21 : -1.3960976405069232
22 : -0.591703727375716
23 : -2.5743825593963265
24 : -1.758999690413475
25 : 6.0194954900071025
26 : -0.9700491186231375
27 : -1.4398713409900665
28 : -1.0615645525977015
29 : -1.5126594249159098
30 : -1.7369141820818186
31 : -1.7453027460724115
32 : -0.8593293838202953
33 : -1.8440988278016448
34 : -1.5348142514703795
35 : -1.4208450401201844
36 : -1.4081985130906105
37 : -3.601169442757964
38 : -1.0105516188777983
39 : -1.9767893645912409
40 : -1.0784372705966234
41 : -0.8440199568867683
42 : 1.722963779233396
43 : -1.017776323016733
44 : -6.163737738505006
45 : -0.49489354295656085
46 : -0.891150489449501
47 : -1.4468926917761564
48 : -1.0692099712323397
49 : -1.296081304550171
50 : -0.7792659942060709
51 : -0.833199460990727
52 : -1.6615742235444486
53 : -1.2488089161925018
54 : -1.3216723408550024
55 : -3.297632965259254
56 : -1.5050351386889815
57 : -1.4145704451948404
58 : -1.6996615715324879
59 : -0.9943789169192314
60 : -7.6887102564796805
61 : -1.3892900496721268
62 : -1.7851044881390408
63 : 1.8344813855364919
64 : -1.3684752313420177
65 : -0.7161376979202032
66 : -2.2544751316308975
67 : -0.6260982640087605
68 : -0.6121023977175355
69 : 1.9237317610532045
70 : -0.9806178091093898
71 : -1.6073292503133416
72 : -1.5010883174836636
73 : -1.4424370061606169
74 : -1.6541344970464706
75 : -0.7078778843861073
76 : -2.280894422903657
77 : -2.129236191511154
78 : -1.3661444769240916
79 : -0.7719581942074001
80 : -1.4811936616897583
81 : -0.9657299898099154
82 : -0.9576981198042631
83 : -1.6228675059974194
84 : -1.0089459076989442
85 : -0.9025646625086665
86 : -1.1777889942750335
87 : -1.0735302781686187
88 : -0.8234633132815361
89 : -3.419934789650142
90 : -1.7876283824443817
91 : -1.4088724628090858
92 : -1.7947415448725224
93 : 1.2609664322808385
94 : -1.4166342690587044
95 : -0.7001532772555947
96 : -0.9159642774611712
97 : -1.1581649146974087
98 : -2.780259817838669
99 : -2.037342904135585
100 : -1.4034548941999674
101 : -1.7182529382407665
102 : -0.8320044502615929
103 : -1.8336812518537045
104 : -1.5609718831256032
105 : -0.7399323126301169
106 : -1.559955546632409
107 : -3.254511865088716
108 : -9.515453927218914
109 : -0.5314956116490066
110 : -0.6864203251898289
111 : 6.128787787631154
112 : -1.7554657459259033
113 : -0.6900662239640951
114 : -1.297450713813305
115 : -1.8284779228270054
116 : -1.4721340504474938
117 : -1.237936551682651
118 : -2.377462117932737
119 : -1.597326073795557
120 : -1.5426255874335766
121 : -1.0908151548355818
122 : -1.3882991708815098
123 : -0.9106321488507092
124 : -0.736454404424876
125 : -2.389873211737722
126 : -2.0238503366708755
127 : 0.4148230655118823
128 : -1.7502166703343391
129 : -1.6097174398601055
130 : -2.742624981328845
131 : -2.2262787520885468
132 : -1.642412164248526
133 : -1.5910255014896393
134 : -1.0367422108538449
135 : -2.237302443012595
136 : -0.8708750836085528
137 : -1.7195007018744946
138 : -1.3314100089482963
139 : -1.7908088401891291
140 : -1.4607871040934697
141 : 2.716529281809926
142 : 0.3883037241175771
143 : -1.0173134366050363
144 : -0.8282694248482585
145 : -1.0369481667876244
146 : 0.6912763621658087
147 : -1.102708550170064
148 : -1.5086175547912717
149 : -1.2780495071783662
150 : -1.3068655747920275
151 : -8.96147445216775
152 : -2.8262158688157797
153 : 1.4987935088574886
154 : -0.9721790421754122
155 : -0.7236483134329319
156 : -1.4813039619475603
157 : -1.9262097594328225
158 : -2.4450326580554247
159 : -0.6183309080079198
160 : -0.700212212279439
161 : -1.389981884509325
162 : -1.9795456603169441
163 : 1.8857257766649127
164 : -3.3572183959186077
165 : -0.8651696695014834
166 : -1.274513135664165
167 : -0.93049350916408
168 : -1.5439163334667683
169 : -1.5674900617450476
170 : -1.5324690826237202
171 : -0.5421413206495345
172 : -1.6258129552006721
173 : -1.53097582468763
174 : -1.4903891552239656
175 : -2.28552180621773
176 : -0.9062912752851844
177 : -1.0326179629191756
178 : -0.9311545416712761
179 : -1.8686302043497562
180 : -1.1456772708334029
181 : -1.349816570756957
182 : -1.2199885626323521
183 : -1.4212623164057732
184 : -2.5581457763910294
185 : -1.2772330599837005
186 : -0.9979991782456636
187 : -1.8172555044293404
188 : -1.7021670062094927
189 : -0.029982768464833498
190 : -2.261391932144761
191 : -0.6781774405390024
192 : -0.9426110917702317
193 : -1.6906644627451897
194 : -1.4427878027781844
195 : -1.640034019947052
196 : -0.8637085957452655
197 : -4.145034280605614
198 : -1.399108569137752
199 : -1.4504573736339808
200 : -1.3665056352037936
201 : -1.0296862488612533
202 : -0.26118301460519433
203 : 3.084436608944088
204 : -1.4466032764757983
205 : -1.4566782228648663
206 : -1.1835287706926465
207 : -1.0564532782882452
208 : -3.190913850441575
209 : -1.6833820608444512
210 : -1.3472650833427906
211 : -0.9614455886185169
212 : -1.341145347803831
213 : -1.509476214647293
214 : -0.9387974599376321
215 : -1.7703239195980132
216 : -1.337718840688467
217 : -1.383256707340479
218 : -0.7958180019631982
219 : -1.0360903553664684
220 : -1.0846090908162296
221 : -1.379585691029206
222 : 1.1610354240983725
223 : -1.0835833507589996
224 : -1.497430408373475
225 : 8.36492256168276
226 : 0.45019541401416063
227 : -1.2026196736842394
228 : -1.183401352725923
229 : -3.2381151092704386
230 : -1.8561359336599708
231 : -1.5510990945622325
232 : 1.913544218055904
233 : -0.34400949999690056
234 : -1.0538291111588478
235 : -4.515169960912317
236 : -1.5871052108705044
237 : -0.5584571212530136
238 : 1.9951966488733888
239 : 3.973327876534313
240 : -1.1081615798175335
241 : -0.9643003763630986
242 : -1.2399136880412698
243 : 0.9751653634011745
244 : 2.5703987232409418
245 : -4.841657253215089
246 : -1.0469010956585407
247 : -0.6703687682747841
248 : -1.8892618007957935
249 : -1.1565020852722228
250 : -1.43950211443007
251 : -1.1819807263091207
252 : -2.674751654267311
253 : -1.2121307575143874
254 : -1.248810587450862
255 : -1.1313320118933916
256 : 0.5267447726801038
257 : -1.3138243036810309
258 : -1.0128522333689034
259 : -0.4086609254591167
260 : 2.6847508382052183
261 : -1.5988823948428035
262 : 1.153663874603808
263 : 0.11263529676944017
264 : -2.198257800191641
265 : 2.0035786982625723
266 : 3.8449946073815227
267 : -0.9425752102397382
268 : -2.09639372327365
269 : 2.4448125013150275
270 : -0.1608546171337366
271 : -1.3755625411868095
272 : -1.2146406886167824
273 : 0.5937388325110078
274 : -0.3856142722070217
275 : -1.1278649447485805
276 : -0.5550200850702822
277 : -1.1781526976265013
278 : -1.3839278649538755
279 : -1.3517103157937527
280 : -0.5870405919849873
281 : -0.943912897258997
282 : -1.0581469766329974
283 : -1.7993752742186189
284 : -1.3120012786239386
285 : -0.7235158709809184
286 : -2.0572302220389247
287 : -0.8671818575821817
288 : -0.4280716245993972
289 : -1.3540903823450208
290 : -0.9657928636297584
291 : -1.9219891967950389
292 : -1.5659734532237053
293 : -1.4591252524405718
294 : -1.4668390173465014
295 : -1.6177037358283997
296 : -1.0170255587436259
297 : 1.100332900416106
298 : -1.0420487276278436
299 : -0.8797077997587621
300 : -1.569644165225327
301 : -1.2229421441443264
302 : -1.2068479591980577
303 : -1.3749377697240561
304 : -11.88668081141077
305 : -3.697509305551648
306 : -1.0370738464407623
307 : -1.5633552689105272
308 : -1.7184148710221052
309 : -0.9035690221935511
310 : -1.847603129222989
311 : -1.132203289307654
312 : -1.6438628723844886
313 : -0.9245561771094799
314 : -1.9803597489371896
315 : -1.38812814373523
316 : -1.232668049633503
317 : -1.2064048172906041
318 : -1.1611009598709643
319 : -0.8079716418869793
320 : -0.9258825574070215
321 : -4.263403845950961
322 : -1.7019413174130023
323 : -1.4254928827285767
324 : -0.8934038933366537
325 : -1.6727696526795626
326 : -1.537535410374403
327 : 3.090222000144422
328 : -1.587654573842883
329 : -0.9284464856609702
330 : -0.8182875607162714
331 : -0.7981973569840193
332 : -1.4589378237724304
333 : -1.436221469193697
334 : -1.3219945952296257
335 : -3.0915868780575693
336 : -0.9508829927071929
337 : -1.4327868055552244
338 : -1.2686183964833617
339 : -1.1141910124570131
340 : 4.320967722684145
341 : -7.841905303299427
342 : -2.0695782834663987
343 : -1.9126939997076988
344 : -2.09957726765424
345 : -1.570828977972269
346 : 1.6362629821524024
347 : -1.1937052942812443
348 : -2.5961213130503893
349 : -1.4732742512132972
350 : -0.863976763561368
351 : -1.621140762232244
352 : 1.1574152894318104
353 : -0.24221326131373644
354 : -1.8395115863531828
355 : -0.92738320492208
356 : -1.0603824919089675
357 : -3.172443905379623
358 : 2.2429912639781833
359 : -1.554127812385559
360 : 2.570076602511108
361 : -2.5960367349907756
362 : 0.36763750296086073
363 : -1.4596187714487314
364 : -1.0626582577824593
365 : -1.3298394698649645
366 : -2.375366923864931
367 : 0.28234440786764026
368 : -2.05963730905205
369 : -1.4885974023491144
370 : -1.5934698916971684
371 : -1.7174550779163837
372 : -0.7111038034781814
373 : -1.4222175870090723
374 : -1.7940589040517807
375 : -2.0630517015233636
376 : -2.1100945873185992
377 : -3.3082254752516747
378 : -1.0226488541811705
379 : -0.5882278494536877
380 : -2.3118859454989433
381 : -2.3290800899267197
382 : -7.286829769611359
383 : -1.189699155278504
384 : -3.3970546359196305
385 : -0.35643432196229696
386 : -1.4331782748922706
387 : -0.9581603184342384
388 : -1.8223803583532572
389 : -2.082920115441084
390 : -0.949689987115562
391 : -6.215463766362518
392 : -1.3759082783944905
393 : -0.35484062042087317
394 : -1.4829000146128237
395 : -1.1794555094093084
396 : 0.48355013597756624
397 : -1.1208087848499417
398 : -0.7815995598211884
399 : -1.252389038912952
400 : -0.9509643949568272
401 : -2.339477702975273
402 : -0.042058894294314086
403 : -2.2399900406599045
404 : -0.774888189509511
405 : -1.2353817359544337
406 : -0.5137885557487607
407 : -2.7317451268900186
408 : -0.8782969603780657
409 : 0.4361447966657579
410 : -0.8441256347578019
411 : -1.5175315523520112
412 : -1.381510631646961
413 : -3.5467259124852717
414 : -1.4563833810389042
415 : -0.935103252530098
416 : 1.3422064688056707
417 : -1.352733839303255
418 : -1.4919587336480618
419 : -0.8853716598823667
420 : -1.8005544818006456
421 : -1.4406504379585385
422 : -0.6672475030645728
423 : -3.1788503862917423
424 : -1.6812248423229903
425 : 5.500675344839692
426 : -1.0741950809024274
427 : 1.7131581660360098
428 : -1.0977610442787409
429 : 18.985672814771533
430 : -0.8530975808389485
431 : -1.4950651060789824
432 : -1.1752792883198708
433 : -5.813125191256404
434 : 0.40224170591682196
435 : -2.27183735370636
436 : -0.6269543035887182
437 : -1.885605849325657
438 : -3.3012978923507035
439 : -1.752588263247162
440 : -1.568160517141223
441 : 0.3461328223347664
442 : -0.5112339654006064
443 : 2.32678466103971
444 : -5.722885155119002
445 : -2.194778773933649
446 : -1.7286352925002575
447 : -4.03328294493258
448 : 0.4064160883426666
449 : 0.5398396668024361
450 : -3.0086000356823206
451 : -1.1683310233056545
452 : -1.3400652799755335
453 : -1.076319307088852
454 : -6.836206870153546
455 : -0.9790930328890681
456 : -1.2378703465219587
457 : -1.7569952309131622
458 : -0.8744047456420958
459 : -1.8587922910228372
460 : -3.9657457545399666
461 : -4.675389397889376
462 : -0.9812771938741207
463 : 0.8235601922497153
464 : 3.213069333229214
465 : 0.4233447811566293
466 : -3.341492896899581
467 : -1.5642790840938687
468 : 2.9112563227536157
469 : -0.9942841771990061
470 : 1.8382616015151143
471 : 3.665970974601805
472 : -4.983338085003197
473 : -1.4869573777541518
474 : -3.346166469156742
475 : -3.6374174915254116
476 : -1.212135628797114
477 : -1.635405007749796
478 : -1.3050908343866467
479 : -3.0282051055692136
480 : -0.6997927175834775
481 : -1.3759127520024776
482 : -1.937390600796789
483 : -0.7082469370216131
484 : 0.208988506346941
485 : -3.5020983144640923
486 : -1.2475282517261803
487 : -1.0682648560032248
488 : 0.37813594238832593
489 : -0.9620984373614192
490 : 0.6861155275255442
491 : -1.6157437711954117
492 : -1.335264298133552
493 : -1.4776133840205148
494 : 6.742418451234698
495 : 3.3679294902831316
496 : 1.723049754742533
497 : 3.2555318642407656
498 : -1.1018348205834627
499 : -1.4957398436963558
500 : -0.7540969057008624
501 : -1.9891925789415836
502 : 6.661634963005781
503 : 6.71978760138154
504 : -1.5591651580762118
505 : 0.9104951079934835
506 : -1.0878821210935712
507 : -1.3208579407073557
508 : 1.0040857134154066
509 : -0.7838736602570862
510 : -10.356653680093586
511 : -1.8038991149514914
512 : -1.9271587582770735
513 : 0.8190098870545626
514 : -0.8336861468851566
515 : 0.6207683172542602
516 : -1.9046740215271711
517 : -1.1206709197722375
518 : -1.2100448999553919
519 : -0.4144691564142704
520 : -5.086654314771295
521 : -1.1701505007222295
522 : 3.6990142092108727
523 : -3.181208349764347
524 : -3.367492424324155
525 : 10.520161617547274
526 : 2.740174090489745
527 : -0.8420853717252612
528 : -1.5688494369387627
529 : 1.4711716510355473
530 : -1.6961505245417356
531 : -1.0578376231715083
532 : -0.4223308595828712
533 : -1.7117135841399431
534 : 2.7656152062118053
535 : -0.9963329490274191
536 : 1.6088691833429039
537 : -9.577065523713827
538 : -1.4188855653628707
539 : -1.5896398951299489
540 : -1.1671538827940822
541 : -2.2019117046147585
542 : -0.46197733422741294
543 : -1.5328564948868006
544 : -0.9151383675634861
545 : -0.07671206817030907
546 : -1.5503901280462742
547 : -0.6861838148906827
548 : -1.989569474477321
549 : -1.2145357062108815
550 : -2.4484856594353914
551 : 1.7056973911821842
552 : -1.7336473129689693
553 : 3.256138295866549
554 : -5.941773634403944
555 : -1.6027712002396584
556 : 0.2949609775096178
557 : 3.0524629433639348
558 : -4.327955271117389
559 : -3.5925290435552597
560 : -8.430851623415947
561 : -3.138943355064839
562 : -3.061878681415692
563 : -0.7937981546856463
564 : -1.573086367920041
565 : -1.2951890677213669
566 : 2.7402813397347927
567 : -2.651493325829506
568 : -1.6260911989957094
569 : -1.2572152263019234
570 : -1.365922269411385
571 : -1.5546913710422814
572 : -1.746186751872301
573 : -1.2153541734442115
574 : -10.041410420555621
575 : -1.8126232102513313
576 : -1.2520803399384022
577 : -4.327019575983286
578 : -0.5834475080482662
579 : -2.7276622406207025
580 : -1.2036785781383514
581 : -0.4534966596402228
582 : -1.371974970214069
583 : 0.504183592274785
584 : -1.465853163972497
585 : -4.140425455290824
586 : -1.9018240757286549
587 : -1.305579584557563
588 : -1.9381326586008072
589 : 3.8718956406228244
590 : -4.553079189732671
591 : -1.0868296511471272
592 : -1.033993097487837
593 : -1.4210145631805062
594 : -0.9568135626614094
595 : -0.466094714589417
596 : -3.366110658273101
597 : -0.8978260513395071
598 : -0.19674163032323122
599 : -1.0559397861361504
600 : 0.28525481605902314
601 : -2.4188387342728674
602 : 10.820867866277695
603 : -1.4669136982411146
604 : -2.715594546869397
605 : -0.879064585082233
606 : 0.2611083392985165
607 : -1.6901839524507523
608 : -1.3889448950067163
609 : -0.7776862662285566
610 : 3.5288331024348736
611 : -1.533212523907423
612 : -1.032887380104512
613 : -11.144583427347243
614 : -1.4761393750086427
615 : -1.7241441840305924
616 : -3.1611378714442253
617 : -1.1727693350985646
618 : -0.8734902925789356
619 : 1.7191725303418934
620 : -4.434848505072296
621 : 1.4960948750376701
622 : -1.3943464262410998
623 : -9.059512618929148
624 : -1.630199398379773
625 : -0.11172832641750574
626 : -0.48834372963756323
627 : -1.2464541937224567
628 : -1.8160594631917775
629 : -1.3746452275663614
630 : 5.530798716470599
631 : -0.5551761286333203
632 : -2.3406552330125123
633 : -1.2656257315538824
634 : 4.6203905628062785
635 : -2.0463519557379186
636 : -1.082067646086216
637 : -1.487678756006062
638 : 2.2910798331722617
639 : 3.8523522540926933
640 : -1.4714116752147675
641 : 2.416439114138484
642 : -0.9767284444533288
643 : -0.4273251323029399
644 : -1.4877338504884392
645 : -0.9716487433761358
646 : -1.1389270909130573
647 : -0.9263811614364386
648 : -1.4209863869473338
649 : -2.396553013473749
650 : -1.4835534142330289
651 : 5.957528067287058
652 : -1.8740185918286443
653 : -1.630241060629487
654 : -0.5063497861847281
655 : 0.7355380621738732
656 : 1.7876973315142095
657 : 0.9565629670396447
658 : -2.305875939782709
659 : -3.1017527943477035
660 : -4.31108329910785
661 : -5.4979096367023885
662 : -4.89167021587491
663 : -1.3554225768893957
664 : -0.7212711949832737
665 : -0.7578957672230899
666 : -2.079281732439995
667 : -1.5789031758904457
668 : -5.507757840678096
669 : 2.7821617973968387
670 : -1.3018203345127404
671 : -3.2369943549856544
672 : -1.9231515061110258
673 : -6.952182325301692
674 : -3.0836822744458914
675 : -1.6776901301927865
676 : -1.2480007782578468
677 : -0.3127052327618003
678 : 1.1159986723214388
679 : -4.261490166187286
680 : -1.4204959459602833
681 : -1.368418443016708
682 : -2.2783855944871902
683 : -1.0421211551874876
684 : -0.9394909413531423
685 : -5.638722904026508
686 : -1.2681647725403309
687 : -2.421481277793646
688 : -8.116237134672701
689 : -3.56294927559793
690 : -0.5141289737075567
691 : -1.8197767143137753
692 : -0.8842276879586279
693 : 2.466633745469153
694 : -1.2125194622203708
695 : -4.144395200302824
696 : -1.407286131172441
697 : -1.9539647810161114
698 : 0.28484355378896
699 : -1.7860791212879121
700 : -0.9507203542161733
701 : 3.777791348285973
702 : -1.0137946102768183
703 : -1.1285214978270233
704 : -1.2676782286725938
705 : 2.6524287171196193
706 : -3.9938549106009305
707 : 3.22592119127512
708 : -1.3513553068041801
709 : 0.947160514537245
710 : -1.8977847592905164
711 : 0.2396617284975946
712 : 4.703205497935414
713 : -5.2152158953249454
714 : -1.4512147051282227
715 : -3.4441704843193293
716 : -0.933083794079721
717 : -1.066868704278022
718 : -1.5434616841375828
719 : -1.4349580500274897
720 : -16.041657452005893
721 : -3.862599905114621
722 : -1.436127713881433
723 : -3.2024271350819618
724 : -1.0268196668475866
725 : -0.9759883242659271
726 : -2.473135034320876
727 : -1.5997216643299907
728 : -1.2649761084467173
729 : -0.16746923234313726
730 : -3.718899507657625
731 : -0.8596935411915183
732 : -0.68859136197716
733 : -3.010188323445618
734 : -1.7906646165065467
735 : -1.3482713602716103
736 : -0.22612359328195453
737 : -3.9941173687111586
738 : -9.847331936936826
739 : -1.4571115300059319
740 : -0.8970209006220102
741 : -1.16401750408113
742 : -5.763014265336096
743 : -5.210633546113968
744 : -1.3256285768002272
745 : -1.2732271910645068
746 : -1.9424553369171917
747 : -1.2985498802736402
748 : -1.2484920169226825
749 : -1.5267194882035255
750 : -1.1739594978280365
751 : 1.551166693214327
752 : -0.17851056158542633
753 : -1.5698505081236362
754 : -0.8839760757982731
755 : -1.3551786318421364
756 : 1.4238843608181924
757 : -1.5933197550475597
758 : -3.5108721125870943
759 : -19.125916001969017
760 : -1.4471625043079257
761 : -0.05139754945412278
762 : -1.5108734127134085
763 : -1.312625844962895
764 : -4.288187864236534
765 : 6.239867310039699
766 : -0.8882435066625476
767 : 0.9306007619015872
768 : 0.23097076872363687
769 : -4.215922469738871
770 : -1.0762499943375587
771 : -1.6789532823022455
772 : -1.3040533848106861
773 : -1.7536581130698323
774 : -1.2373223286122084
775 : -1.9353182902559638
776 : -4.6114455671049654
777 : -1.0173101285472512
778 : -0.9250501170754433
779 : -3.412208441644907
780 : 4.176646601874381
781 : -2.3192387260496616
782 : -5.179093541577458
783 : 6.9791369154118
784 : -2.829313089605421
785 : 3.175520310178399
786 : -8.336910409852862
787 : -1.0973093858920038
788 : -3.238358389120549
789 : 1.0914124394766986
790 : -2.3620430644368753
791 : -1.4583180313929915
792 : -1.2511651534587145
793 : -1.0982314003631473
794 : 0.5448315618559718
795 : -4.060032285749912
796 : 0.2664816966280341
797 : -2.385766688734293
798 : 3.323738590814173
799 : -1.1950467452406883
800 : -0.8915487211197615
801 : -1.3190340478904545
802 : 11.513865815009922
803 : -1.711205008905381
804 : 2.4026528587564826
805 : -1.9734208160080016
806 : -1.7988781873136759
807 : -0.9387806188315153
808 : -1.3208176866173744
809 : -0.9809174258261919
810 : -1.7022970458492637
811 : -0.76422109734267
812 : -2.185027062892914
813 : -0.9418356232345104
814 : -1.6391244605183601
815 : -0.6340324999764562
816 : -1.908202335005626
817 : -1.033399162814021
818 : -5.76413518935442
819 : -5.799072939902544
820 : -1.3088926412165165
821 : -0.44420343497768044
822 : -1.5179586447775364
823 : -0.03180640423670411
824 : -2.0643287617713213
825 : -0.1871143844909966
826 : -1.095250679180026
827 : -2.7143685445189476
828 : -1.4369313977658749
829 : -1.5064926221966743
830 : -1.3589306585490704
831 : -1.5687808822840452
832 : -4.500751656247303
833 : -3.735347156878561
834 : -3.7046496719121933
835 : -6.031327846460044
836 : -1.5263374000787735
837 : -1.0684320069849491
838 : -0.008271930739283562
839 : -2.203301375731826
840 : -5.886279491707683
841 : -9.275641900487244
842 : -2.2805084036663175
843 : -1.4763549892231822
844 : -1.0010039862245321
845 : -1.5992210172116756
846 : 8.45016079582274
847 : -3.925260386429727
848 : -1.3886420205235481
849 : -1.2089691176079214
850 : -2.4563776662107557
851 : -2.0434436541981995
852 : 2.0942803756333888
853 : -1.565937620587647
854 : -1.6246006786823273
855 : -16.452664931304753
856 : -1.1618149373680353
857 : -0.9789480352774262
858 : -1.042716826312244
859 : -1.218505136668682
860 : 0.32512306421995163
861 : 0.12983952555805445
862 : 0.1878167763352394
863 : -2.6656424961984158
864 : 0.012890095822513103
865 : -1.2400801246985793
866 : -1.6441033044829965
867 : -1.8390990477055311
868 : -1.406318343244493
869 : -1.5983987809158862
870 : 1.480268725194037
871 : -1.6641853153705597
872 : -1.0499700233340263
873 : -1.4519176306203008
874 : -6.250712950248271
875 : -1.4953431114554405
876 : -1.8214414082467556
877 : -1.6688820105046034
878 : -1.2837807736359537
879 : -1.2351818387396634
880 : -1.626945249736309
881 : 2.1790319008287042
882 : -0.8380427332594991
883 : -1.1706381854601204
884 : -1.1415403103455901
885 : -3.4267015964724123
886 : -2.3785574794746935
887 : 0.12910070549696684
888 : -0.06501569598913193
889 : -1.6572289653122425
890 : -0.8612340898253024
891 : 5.340159872081131
892 : -1.0417250143364072
893 : -1.7517812885344028
894 : -1.386565568856895
895 : 2.9726916442159563
896 : -1.6243031630292535
897 : 1.3129029439296573
898 : -1.7588800117373466
899 : 0.19099224731326103
900 : -1.1012606611475348
901 : -1.5192923960275948
902 : -1.3397729527205229
903 : -0.48468194529414177
904 : -1.443120983429253
905 : -1.3866402823477983
906 : -1.266094284132123
907 : 0.6975797517225146
908 : -0.40776196448132396
909 : -3.837427331134677
910 : 1.7603774406015873
911 : -1.1100004261825234
912 : -1.1733035501092672
913 : -8.193464676383883
914 : -1.4068958554416895
915 : -5.067260399926454
916 : -0.3764960616827011
917 : -1.5294249542057514
918 : -1.2843078295700252
919 : 1.5541440341621637
920 : -1.3819251374807209
921 : -1.1609259489923716
922 : -1.0174804367125034
923 : -4.715388856595382
924 : 3.3286307444795966
925 : 0.40446436684578657
926 : 3.949807264842093
927 : -5.583902508020401
928 : -1.3864689581096172
929 : 1.1796766482293606
930 : -1.5975740142166615
931 : -1.6828723102807999
932 : -0.05327304732054472
933 : -0.890077187679708
934 : -0.8925399770960212
935 : -1.3650590465404093
936 : -0.846045941580087
937 : -1.607242802157998
938 : -1.6499841250479221
939 : 0.760627161944285
940 : 11.771810845006257
941 : 1.0179873956367373
942 : -1.306919732131064
943 : -1.2774832528084517
944 : -8.583890808746219
945 : -1.0944771501235664
946 : -0.4449678035452962
947 : 0.5172460917383432
948 : 0.4008595575578511
949 : -0.24645296996459365
950 : -2.8145076003856957
951 : -0.6442800853401423
952 : -1.1562241604551673
953 : 0.6989588313736022
954 : 2.6368742622435093
955 : -1.2365518170408905
956 : 5.457051164470613
957 : 3.3524210467003286
958 : 2.466379766818136
959 : -1.3469789531081915
960 : -0.8888916438445449
961 : 3.3357376269996166
962 : -3.1384322848170996
963 : -1.6155089009553194
964 : -1.1040210239589214
965 : -1.8870690441690385
966 : -1.1321316177491099
967 : -1.4093040125444531
968 : 1.2372014783322811
969 : -9.969109883066267
970 : 2.1272945855744183
971 : -0.9537856015376747
972 : -0.9153878795914352
973 : 0.5592168940929696
974 : -1.0152612905949354
975 : 4.173149964073673
976 : 1.6997140911407769
977 : -2.562673855572939
978 : -0.8342649918049574
979 : -9.308320753276348
980 : -2.9015198331326246
981 : -2.8979789107106626
982 : 4.067644949071109
983 : -5.790872223675251
984 : -6.841891930438578
985 : -1.4501893008127809
986 : -0.8888131566345692
987 : -3.668079987168312
988 : 9.641943596769124
989 : -1.2324369242414832
990 : -1.5164926797151566
991 : 2.5900830905884504
992 : -2.8581510046496987
993 : 1.1896673403680325
994 : -0.8515953999012709
995 : -1.679891868494451
996 : -1.4028047523461282
997 : 0.5534973470494151
998 : -0.31219909247010946
999 : 8.008034359663725
Setting up 2 worker threads for Enlighten.
  Thread -> id: 7f26a2daf700 -> priority: 1 
  Thread -> id: 7f26a25ae700 -> priority: 1 
2020-06-24 04:07:48 INFO [environment.py:418] Environment shut down with return code 0.
[I 2020-06-24 04:07:48,215] Finished trial#168 with value: 8.008034359663725 with parameters: {'update_time_steps': 7168, 'ppo_epochs': 11, 'gamma': 0.9639387902268255, 'beta': 0.060524288882386826}. Best is trial#148 with value: -6.7115356754511595.
Found path: /home/j/jensenj/PycharmProjects/Federer-Jr./src/../crawler_single/linux/dynamic_server/crawler_dynamic.x86_64
Mono path[0] = '/home/j/jensenj/PycharmProjects/Federer-Jr./src/../crawler_single/linux/dynamic_server/crawler_dynamic_Data/Managed'
Mono config path = '/home/j/jensenj/PycharmProjects/Federer-Jr./src/../crawler_single/linux/dynamic_server/crawler_dynamic_Data/MonoBleedingEdge/etc'
Preloaded 'lib_burst_generated.so'
Preloaded 'libgrpc_csharp_ext.x64.so'
Initialize engine version: 2019.3.15f1 (59ff3e03856d)
[Subsystems] Discovering subsystems at path /home/j/jensenj/PycharmProjects/Federer-Jr./src/../crawler_single/linux/dynamic_server/crawler_dynamic_Data/UnitySubsystems
Forcing GfxDevice: Null
GfxDevice: creating device client; threaded=0
NullGfxDevice:
    Version:  NULL 1.0 [1.0]
    Renderer: Null Device
    Vendor:   Unity Technologies
Begin MonoManager ReloadAssembly
- Completed reload, in  0.093 seconds
WARNING: Shader Unsupported: 'Autodesk Interactive' - All passes removed
WARNING: Shader Did you use #pragma only_renderers and omit this platform?
UnloadTime: 0.434132 ms
Fallback handler could not load library /home/j/jensenj/PycharmProjects/Federer-Jr./src/../crawler_single/linux/dynamic_server/crawler_dynamic_Data/Mono/libcoreclr.so
Fallback handler could not load library /home/j/jensenj/PycharmProjects/Federer-Jr./src/../crawler_single/linux/dynamic_server/crawler_dynamic_Data/Mono/libcoreclr.so
Fallback handler could not load library /home/j/jensenj/PycharmProjects/Federer-Jr./src/../crawler_single/linux/dynamic_server/crawler_dynamic_Data/Mono/libcoreclr.so
Fallback handler could not load library /home/j/jensenj/PycharmProjects/Federer-Jr./src/../crawler_single/linux/dynamic_server/crawler_dynamic_Data/Mono/libSystem.dylib
Fallback handler could not load library /home/j/jensenj/PycharmProjects/Federer-Jr./src/../crawler_single/linux/dynamic_server/crawler_dynamic_Data/Mono/libSystem.dylib.so
Fallback handler could not load library /home/j/jensenj/PycharmProjects/Federer-Jr./src/../crawler_single/linux/dynamic_server/crawler_dynamic_Data/Mono/libSystem.dylib
Fallback handler could not load library /home/j/jensenj/PycharmProjects/Federer-Jr./src/../crawler_single/linux/dynamic_server/crawler_dynamic_Data/Mono/libcoreclr.so
Fallback handler could not load library /home/j/jensenj/PycharmProjects/Federer-Jr./src/../crawler_single/linux/dynamic_server/crawler_dynamic_Data/Mono/libcoreclr.so
Fallback handler could not load library /home/j/jensenj/PycharmProjects/Federer-Jr./src/../crawler_single/linux/dynamic_server/crawler_dynamic_Data/Mono/libcoreclr.so
Fallback handler could not load library /home/j/jensenj/PycharmProjects/Federer-Jr./src/../crawler_single/linux/dynamic_server/crawler_dynamic_Data/Mono/libSystem.dylib
Fallback handler could not load library /home/j/jensenj/PycharmProjects/Federer-Jr./src/../crawler_single/linux/dynamic_server/crawler_dynamic_Data/Mono/libSystem.dylib.so
Fallback handler could not load library /home/j/jensenj/PycharmProjects/Federer-Jr./src/../crawler_single/linux/dynamic_server/crawler_dynamic_Data/Mono/libSystem.dylib
2020-06-24 04:07:48 INFO [environment.py:108] Connected to Unity environment with package version 1.0.2 and communication version 1.0.0
2020-06-24 04:07:48 INFO [environment.py:265] Connected new brain:
CrawlerDynamic?team=0
2020-06-24 04:07:48 WARNING [__init__.py:92] The environment contains multiple observations. You must define allow_multiple_obs=True to receive them all. Otherwise, only the first visual observation (or vector observation ifthere are no visual observations) will be provided in the observation.
{'nr_output_features': 20, 'nr_input_features': 126, 'env': <gym_unity.envs.UnityToGymWrapper object at 0x7fa1f3487208>, 'alpha': 0.003, 'tau': 0.95, 'clip': 0.2, 'minibatch_size': 32, 'hidden_units': 512, 'update_time_steps': 9216, 'ppo_epochs': 16, 'gamma': 0.9747950039098024, 'beta': 0.0391924730238413}
0 : -1.4152285074815154
1 : -0.8464260044274852
2 : -0.6165377823635936
3 : -3.4405231093987823
4 : 0.25938643142580986
5 : -2.1014813841320574
6 : -3.5325598809868097
7 : -1.7637718580663204
8 : -1.077816381584853
9 : -1.8481422755867243
10 : -1.262003016890958
11 : -2.243575179949403
12 : -1.6553346598520875
13 : 3.4929929460631683
14 : 9.272396919783205
15 : 1.4748118822462857
16 : -1.789955873042345
17 : -1.4014470069669187
18 : -1.1736073240172118
19 : -1.4364788923412561
20 : -1.3895980585366488
21 : -2.518987742718309
22 : 2.677224004175514
23 : -1.8913978543132544
24 : -2.0248804525472224
25 : -1.8799825254827738
26 : -0.16958255553618073
27 : 1.8476056791841984
28 : -1.5752124255523086
29 : -0.7932243226096034
30 : -1.5973573755472898
31 : -0.47403384232893586
32 : -0.7596708554774523
33 : -4.403534804470837
34 : -1.138792723417282
35 : -1.1191438725218177
36 : -1.4472139962017536
37 : 2.1362926438450813
38 : -1.1430300215724856
39 : 0.9502312792465091
40 : -1.1012559123337269
41 : 14.92696043010801
42 : 1.525167123414576
43 : -1.1362069761380553
44 : -0.8671798347495496
45 : 0.16798493079841137
46 : -0.9987221630290151
47 : -1.2449874710291624
48 : 0.27450937568210065
49 : -1.371221860870719
50 : -0.9790764288045466
51 : 0.5854884502477944
52 : 1.5950208716094494
53 : -3.5591193987056613
54 : -1.3433152884244919
55 : -1.8958383165299892
56 : -1.0032990858890116
57 : -1.1600899640470743
58 : -1.0066106664016843
59 : -1.0360292261466384
60 : -1.747972996905446
61 : -3.7571198695804924
62 : -1.6719271261245012
63 : 1.1271516047418118
64 : -1.0338589418679476
65 : -1.3051682617515326
66 : -1.9084631954319775
67 : -0.8091325559653342
68 : -0.5090130269527435
69 : -0.8629840295761824
70 : -1.083766056690365
71 : -2.3995978385210037
72 : -2.0323077999055386
73 : -0.9256638749502599
74 : -2.1542264483869076
75 : 0.0027215209556743503
76 : -1.5498817032203078
77 : -1.176932631060481
78 : -2.2302668587653898
79 : -1.1624766997992992
80 : -3.4997442639432847
81 : -1.542909906245768
82 : -1.436288938857615
83 : -0.8384107006713748
84 : -0.8760202252306044
85 : -1.0783712673000991
86 : -0.9030796978622675
87 : 5.071102381276432
88 : -0.01788155734539032
89 : -2.0079961642622948
90 : -2.8222257010638714
91 : -1.296568599063903
92 : -1.3461791398003697
93 : -0.8982346737757325
94 : -1.0072917568031698
95 : -1.4241449423134327
96 : 2.692932899110019
97 : 1.0421710470691323
98 : -1.2038414925336838
99 : -2.2265483736991882
100 : -1.8030686788260937
101 : -0.48324241070076823
102 : -1.4437623731791973
103 : -1.5712820328772068
104 : 2.5775941256433725
105 : 0.5949857986997813
106 : -1.640870163217187
107 : -1.1701000961475074
108 : -0.9051710534840822
109 : -0.9171117073856294
110 : -2.4490296258591115
111 : -4.681565928272903
112 : -1.553317479789257
113 : -0.8370489124208689
114 : -1.125663471466396
115 : -0.9577231397852302
116 : -1.031700333347544
117 : -1.4948233533650637
118 : -1.2703724228776991
119 : -1.4441544637084007
120 : -1.38973086187616
121 : -2.3204130306839943
122 : -2.864547671750188
123 : -0.7661251649260521
124 : -0.8477667546831071
125 : -2.4585144012235105
126 : -1.886459317523986
127 : -2.604400448035449
128 : 4.339376555755734
129 : -2.0599556523375213
130 : 0.9881364703178406
131 : -1.4254436939954758
132 : -1.3188877124339342
133 : -1.3928260067477822
134 : -2.2349092923104763
135 : -0.7172410944476724
136 : -1.6931548486463726
137 : -0.8041156828403473
138 : 1.3249750146642327
139 : -1.4850721545517445
140 : -1.04226815700531
141 : -1.8256708234548569
142 : -0.5994505425915122
143 : -0.627694008871913
144 : -2.298178642988205
145 : -1.7255022302269936
146 : -1.2153154630213976
147 : -1.4545548278838396
148 : -1.4230953347869217
149 : -2.478810552507639
150 : -0.9735461492091417
151 : -1.9813882187008858
152 : -1.0313565814867616
153 : 0.0902083283290267
154 : -1.9474843898788095
155 : -1.096237714868039
156 : -0.8394614746794105
157 : -1.095427024178207
158 : -0.16829011449590325
159 : -0.45007734932005405
160 : -2.019127604784444
161 : -2.517977482639253
162 : -2.1687849508598447
163 : -1.025825939141214
164 : -0.7874546246603131
165 : 0.012157803983427584
166 : -1.2627606857568026
167 : -6.038093358045444
168 : -0.9582604680908844
169 : -0.9269971661269665
170 : -1.3626194633543491
171 : -1.1216945378109813
172 : -1.0955238956958055
173 : 2.7745925281196833
174 : -1.1576232594670728
175 : -1.0550232362002134
176 : -1.2337974284309894
177 : 0.6362908370792866
178 : 0.4256477546878159
179 : -1.7036916501820087
180 : -0.8521488960832357
181 : -0.5607424811460078
182 : -1.7778197834268212
183 : -0.5899210385978222
184 : -1.4945945851504803
185 : -0.8723960760980844
186 : -1.3178758032154292
187 : -1.3630461851134896
188 : -2.873005375266075
189 : -0.4170053703710437
190 : 1.8846648284234107
191 : -0.7139646639116108
192 : -1.545333195477724
193 : -0.9821620350703597
194 : -1.9182170294225216
195 : -0.781843442004174
196 : -0.734328625490889
197 : 3.622688732109964
198 : -0.9878831487149
199 : -0.061456162948161364
200 : -1.1461997479200363
201 : -1.430508207762614
202 : -1.6189275388605893
203 : -1.6674567833542824
204 : -1.7544681131839752
205 : -4.080725852865726
206 : -0.9198492774739861
207 : -1.2629982430953532
208 : -1.8034457191824913
209 : -1.3868746906518936
210 : -0.8998588342219591
211 : -0.581074311863631
212 : 1.3578244242817163
213 : -2.0563117787241936
214 : -1.5866441228426993
215 : -0.9821224268525839
216 : -0.4444687645882368
217 : -1.1036889711394906
218 : 0.1790926163084805
219 : -1.9027011678554118
220 : 2.5068812742829323
221 : -3.734029397368431
222 : -1.9077265560626984
223 : 0.5762231489643455
224 : -1.8283770009875298
225 : -0.9066610194277018
226 : 4.496455742046237
227 : -1.253244279883802
228 : -0.8974393676035106
229 : -1.7032405473291874
230 : 2.526763354893774
231 : 0.9330819621682167
232 : -1.4505312566179782
233 : -1.4476903080940247
234 : -4.6060837644618005
235 : -1.008371633477509
236 : -0.7825409909710288
237 : -0.24262874759733677
238 : -1.142519798129797
239 : -1.182751527056098
240 : -1.5628967303782701
241 : -0.025344164110720158
242 : 0.17419732827693224
243 : -1.1186750076012686
244 : -0.9779400285333395
245 : -1.8872178811579943
246 : -1.1917869774624705
247 : -0.9367352570407093
248 : -15.959402627311647
249 : -2.315906224772334
250 : 2.3203505063429475
251 : -0.7894160416908562
252 : -7.171196831855923
253 : -1.436730673070997
254 : -2.595436107367277
255 : -0.8486124938353896
256 : -0.9348879922181368
257 : -1.360505677293986
258 : -1.3257547281682491
259 : -2.4163401038385928
260 : -4.171235769987106
261 : -2.688761617988348
262 : -2.8604396572336555
263 : -1.1148959649726748
264 : -1.4362069466151297
265 : -1.620190741494298
266 : -0.8132797582075
267 : -1.3434940534643829
268 : -1.0256915986537933
269 : -3.9123800224624574
270 : -1.1371232438832521
271 : -5.555401693563908
272 : -1.1556800231337547
273 : -0.9837958682328463
274 : -0.475558404577896
275 : -2.50762499216944
276 : -0.7315515442751348
277 : -1.1990098841488361
278 : -1.5349126448854804
279 : -1.5173534071072936
280 : -1.461614538449794
281 : -1.3007940971292555
282 : -0.9432722274214029
283 : -1.296308417338878
284 : -3.8520408261101693
285 : -0.8041980285197496
286 : -1.226715984288603
287 : -1.629140173085034
288 : -1.079045188613236
289 : -4.2751185316592455
290 : -1.4044084111228585
291 : -1.543848181143403
292 : -0.20495039457455277
293 : -1.2790075833909214
294 : 0.8444702699780464
295 : -14.41138610523194
296 : -1.3228196492418647
297 : -3.097411174327135
298 : -0.47763393446803093
299 : -1.6098268777132034
300 : -0.13392809312790632
301 : -1.6664556562900543
302 : -10.769074027892202
303 : -1.5794493299908936
304 : -1.3637901972979307
305 : -0.6030650795437396
306 : 1.1930960100144148
307 : -0.031475561670958996
308 : -1.4682708662003279
309 : -1.5584698226302862
310 : 0.7930190227925777
311 : -1.3160018420312554
312 : -0.8393599539995193
313 : -0.678773351944983
314 : -0.0031189394649118185
315 : -1.6124553605914116
316 : -1.2071362948045135
317 : -1.1829187301918864
318 : 0.250613568816334
[W 2020-06-24 04:14:15,516] Setting status of trial#180 as TrialState.FAIL because of the following error: ValueError('array split does not result in an equal division',)
Traceback (most recent call last):
  File "/home/j/jensenj/.local/lib/python3.6/site-packages/numpy/lib/shape_base.py", line 867, in split
    len(indices_or_sections)
TypeError: object of type 'int' has no len()

During handling of the above exception, another exception occurred:

Traceback (most recent call last):
  File "/home/j/jensenj/.local/lib/python3.6/site-packages/optuna/study.py", line 734, in _run_trial
    result = func(trial)
  File "main-optuna.py", line 88, in objective
    returns = [episode(env, agent, params, writer, i) for i in range(training_episodes)]
  File "main-optuna.py", line 88, in <listcomp>
    returns = [episode(env, agent, params, writer, i) for i in range(training_episodes)]
  File "main-optuna.py", line 40, in episode
    agent.update(next_state)
  File "/home/j/jensenj/PycharmProjects/Federer-Jr./src/ppo.py", line 140, in update
    for states, actions, old_log_probs, returns, advantages in self.memory.sample_batch(self.minibatch_size, next_value):
  File "/home/j/jensenj/PycharmProjects/Federer-Jr./src/ppo.py", line 44, in sample_batch
    ids = np.split(ids, batch_size // minibatch_size)
  File "<__array_function__ internals>", line 6, in split
  File "/home/j/jensenj/.local/lib/python3.6/site-packages/numpy/lib/shape_base.py", line 873, in split
    'array split does not result in an equal division')
ValueError: array split does not result in an equal division
Traceback (most recent call last):
  File "/home/j/jensenj/.local/lib/python3.6/site-packages/numpy/lib/shape_base.py", line 867, in split
    len(indices_or_sections)
TypeError: object of type 'int' has no len()

During handling of the above exception, another exception occurred:

Traceback (most recent call last):
  File "main-optuna.py", line 103, in <module>
    study.optimize(objective, n_trials=1000)
  File "/home/j/jensenj/.local/lib/python3.6/site-packages/optuna/study.py", line 339, in optimize
    func, n_trials, timeout, catch, callbacks, gc_after_trial, None
  File "/home/j/jensenj/.local/lib/python3.6/site-packages/optuna/study.py", line 682, in _optimize_sequential
    self._run_trial_and_callbacks(func, catch, callbacks, gc_after_trial)
  File "/home/j/jensenj/.local/lib/python3.6/site-packages/optuna/study.py", line 713, in _run_trial_and_callbacks
    trial = self._run_trial(func, catch, gc_after_trial)
  File "/home/j/jensenj/.local/lib/python3.6/site-packages/optuna/study.py", line 734, in _run_trial
    result = func(trial)
  File "main-optuna.py", line 88, in objective
    returns = [episode(env, agent, params, writer, i) for i in range(training_episodes)]
  File "main-optuna.py", line 88, in <listcomp>
    returns = [episode(env, agent, params, writer, i) for i in range(training_episodes)]
  File "main-optuna.py", line 40, in episode
    agent.update(next_state)
  File "/home/j/jensenj/PycharmProjects/Federer-Jr./src/ppo.py", line 140, in update
    for states, actions, old_log_probs, returns, advantages in self.memory.sample_batch(self.minibatch_size, next_value):
  File "/home/j/jensenj/PycharmProjects/Federer-Jr./src/ppo.py", line 44, in sample_batch
    ids = np.split(ids, batch_size // minibatch_size)
  File "<__array_function__ internals>", line 6, in split
  File "/home/j/jensenj/.local/lib/python3.6/site-packages/numpy/lib/shape_base.py", line 873, in split
    'array split does not result in an equal division')
ValueError: array split does not result in an equal division
Setting up 2 worker threads for Enlighten.
  Thread -> id: 7f9ba2662700 -> priority: 1 
  Thread -> id: 7f9ba1e61700 -> priority: 1 
2020-06-24 04:14:15 INFO [environment.py:418] Environment shut down with return code 0.
