slurmstepd-luhe: error: Unable to create TMPDIR [/tmp/user/30108]: Permission denied
slurmstepd-luhe: error: Setting TMPDIR to /tmp
Found path: /home/j/jensenj/PycharmProjects/Federer-Jr./src/../crawler_single/linux/dynamic_server/crawler_dynamic.x86_64
Mono path[0] = '/home/j/jensenj/PycharmProjects/Federer-Jr./src/../crawler_single/linux/dynamic_server/crawler_dynamic_Data/Managed'
Mono config path = '/home/j/jensenj/PycharmProjects/Federer-Jr./src/../crawler_single/linux/dynamic_server/crawler_dynamic_Data/MonoBleedingEdge/etc'
Preloaded 'lib_burst_generated.so'
Preloaded 'libgrpc_csharp_ext.x64.so'
Initialize engine version: 2019.3.15f1 (59ff3e03856d)
[Subsystems] Discovering subsystems at path /home/j/jensenj/PycharmProjects/Federer-Jr./src/../crawler_single/linux/dynamic_server/crawler_dynamic_Data/UnitySubsystems
Forcing GfxDevice: Null
GfxDevice: creating device client; threaded=0
NullGfxDevice:
    Version:  NULL 1.0 [1.0]
    Renderer: Null Device
    Vendor:   Unity Technologies
Begin MonoManager ReloadAssembly
- Completed reload, in  0.102 seconds
WARNING: Shader Unsupported: 'Autodesk Interactive' - All passes removed
WARNING: Shader Did you use #pragma only_renderers and omit this platform?
UnloadTime: 0.431797 ms
Fallback handler could not load library /home/j/jensenj/PycharmProjects/Federer-Jr./src/../crawler_single/linux/dynamic_server/crawler_dynamic_Data/Mono/libcoreclr.so
Fallback handler could not load library /home/j/jensenj/PycharmProjects/Federer-Jr./src/../crawler_single/linux/dynamic_server/crawler_dynamic_Data/Mono/libcoreclr.so
Fallback handler could not load library /home/j/jensenj/PycharmProjects/Federer-Jr./src/../crawler_single/linux/dynamic_server/crawler_dynamic_Data/Mono/libcoreclr.so
Fallback handler could not load library /home/j/jensenj/PycharmProjects/Federer-Jr./src/../crawler_single/linux/dynamic_server/crawler_dynamic_Data/Mono/libSystem.dylib
Fallback handler could not load library /home/j/jensenj/PycharmProjects/Federer-Jr./src/../crawler_single/linux/dynamic_server/crawler_dynamic_Data/Mono/libSystem.dylib.so
Fallback handler could not load library /home/j/jensenj/PycharmProjects/Federer-Jr./src/../crawler_single/linux/dynamic_server/crawler_dynamic_Data/Mono/libSystem.dylib
Fallback handler could not load library /home/j/jensenj/PycharmProjects/Federer-Jr./src/../crawler_single/linux/dynamic_server/crawler_dynamic_Data/Mono/libcoreclr.so
Fallback handler could not load library /home/j/jensenj/PycharmProjects/Federer-Jr./src/../crawler_single/linux/dynamic_server/crawler_dynamic_Data/Mono/libcoreclr.so
Fallback handler could not load library /home/j/jensenj/PycharmProjects/Federer-Jr./src/../crawler_single/linux/dynamic_server/crawler_dynamic_Data/Mono/libcoreclr.so
Fallback handler could not load library /home/j/jensenj/PycharmProjects/Federer-Jr./src/../crawler_single/linux/dynamic_server/crawler_dynamic_Data/Mono/libSystem.dylib
Fallback handler could not load library /home/j/jensenj/PycharmProjects/Federer-Jr./src/../crawler_single/linux/dynamic_server/crawler_dynamic_Data/Mono/libSystem.dylib.so
Fallback handler could not load library /home/j/jensenj/PycharmProjects/Federer-Jr./src/../crawler_single/linux/dynamic_server/crawler_dynamic_Data/Mono/libSystem.dylib
/home/j/jensenj/.local/lib/python3.6/site-packages/tensorboard/compat/tensorflow_stub/dtypes.py:541: FutureWarning: Passing (type, 1) or '1type' as a synonym of type is deprecated; in a future version of numpy, it will be understood as (type, (1,)) / '(1,)type'.
  _np_qint8 = np.dtype([("qint8", np.int8, 1)])
/home/j/jensenj/.local/lib/python3.6/site-packages/tensorboard/compat/tensorflow_stub/dtypes.py:542: FutureWarning: Passing (type, 1) or '1type' as a synonym of type is deprecated; in a future version of numpy, it will be understood as (type, (1,)) / '(1,)type'.
  _np_quint8 = np.dtype([("quint8", np.uint8, 1)])
/home/j/jensenj/.local/lib/python3.6/site-packages/tensorboard/compat/tensorflow_stub/dtypes.py:543: FutureWarning: Passing (type, 1) or '1type' as a synonym of type is deprecated; in a future version of numpy, it will be understood as (type, (1,)) / '(1,)type'.
  _np_qint16 = np.dtype([("qint16", np.int16, 1)])
/home/j/jensenj/.local/lib/python3.6/site-packages/tensorboard/compat/tensorflow_stub/dtypes.py:544: FutureWarning: Passing (type, 1) or '1type' as a synonym of type is deprecated; in a future version of numpy, it will be understood as (type, (1,)) / '(1,)type'.
  _np_quint16 = np.dtype([("quint16", np.uint16, 1)])
/home/j/jensenj/.local/lib/python3.6/site-packages/tensorboard/compat/tensorflow_stub/dtypes.py:545: FutureWarning: Passing (type, 1) or '1type' as a synonym of type is deprecated; in a future version of numpy, it will be understood as (type, (1,)) / '(1,)type'.
  _np_qint32 = np.dtype([("qint32", np.int32, 1)])
/home/j/jensenj/.local/lib/python3.6/site-packages/tensorboard/compat/tensorflow_stub/dtypes.py:550: FutureWarning: Passing (type, 1) or '1type' as a synonym of type is deprecated; in a future version of numpy, it will be understood as (type, (1,)) / '(1,)type'.
  np_resource = np.dtype([("resource", np.ubyte, 1)])
2020-06-24 03:42:32 INFO [environment.py:108] Connected to Unity environment with package version 1.0.2 and communication version 1.0.0
2020-06-24 03:42:32 INFO [environment.py:265] Connected new brain:
CrawlerDynamic?team=0
2020-06-24 03:42:32 WARNING [__init__.py:92] The environment contains multiple observations. You must define allow_multiple_obs=True to receive them all. Otherwise, only the first visual observation (or vector observation ifthere are no visual observations) will be provided in the observation.
/home/j/jensenj/.local/lib/python3.6/site-packages/gym/logger.py:30: UserWarning: WARN: Box bound precision lowered by casting to float32
  warnings.warn(colorize('%s: %s'%('WARN', msg % args), 'yellow'))
{'nr_output_features': 20, 'nr_input_features': 126, 'env': <gym_unity.envs.UnityToGymWrapper object at 0x7f537557eef0>, 'alpha': 0.003, 'tau': 0.95, 'clip': 0.2, 'minibatch_size': 32, 'hidden_units': 512, 'update_time_steps': 7168, 'ppo_epochs': 10, 'gamma': 0.9199599726218446, 'beta': 0.05657920673552956}
0 : -0.5719213569536805
1 : 4.919641019310802
2 : -2.5233693281188607
3 : -1.057762019801885
4 : -2.6034459210932255
5 : -1.1961288563907146
6 : 7.015172062441707
7 : -1.7736455984413624
8 : -0.8404980446211994
9 : -1.583305735141039
10 : 12.041598469018936
11 : -4.7519465438090265
12 : -1.7001350261271
13 : -2.9070521448738873
14 : 0.3567812816472724
15 : 4.780286462279037
16 : -1.2620887598022819
17 : -1.3127331738360226
18 : -1.4634673660621047
19 : -2.0636352056171745
20 : -1.6241237111389637
21 : -1.041461395099759
22 : -1.0160745801404119
23 : -2.44003296084702
24 : -1.7921577878296375
25 : -6.69728116132319
26 : -1.0670729717239738
27 : -2.171742337755859
28 : -1.9245551601052284
29 : -0.8520382638089359
30 : -0.297308343462646
31 : -1.1386573715135455
32 : 0.5904162228107452
33 : -1.6158744422718883
34 : -1.460207425057888
35 : 1.046136180870235
36 : 0.9173599476926029
37 : -2.3122550696134567
38 : -0.6297558317892253
39 : -3.8969759214669466
40 : -1.3129971977323294
41 : -0.7215228569693863
42 : 6.554344373755157
43 : -1.0328139960765839
44 : -1.3682990921661258
45 : 1.5677506257779896
46 : -1.3535605953074992
47 : -2.1814574003219604
48 : -4.835393877699971
49 : -1.4508635275997221
50 : -0.5746205747127533
51 : -1.0089292516931891
52 : -0.9873543023131788
53 : -0.5749096591025591
54 : -1.209015748463571
55 : -1.387901175301522
56 : 2.201953647658229
57 : -1.526689172256738
58 : -1.1861348487436771
59 : -2.6768184350803494
60 : -1.7088245525956154
61 : -5.90564445219934
62 : -1.8227075673639774
63 : -1.2573030747007579
64 : 5.316186392214149
65 : -4.852246998809278
66 : 2.321868329308927
67 : -1.2059401916339993
68 : 7.656622018199414
69 : -1.939680490642786
70 : -1.5395788680762053
71 : -2.1657261927612126
72 : -0.7284482098184526
73 : -3.9893220961093903
74 : 2.8319445680826902
75 : -1.4329178063198924
76 : 9.738444529473782
77 : -0.21483716275542974
78 : -0.8413121714256704
79 : 3.1582504101097584
80 : -1.3493975042365491
81 : 1.823786098510027
82 : 6.733572912868112
83 : -4.305915108881891
84 : -0.3875106396153569
85 : -1.166224918793887
86 : -0.7033517826348543
87 : 7.456418465124443
88 : 7.578128408640623
89 : -3.7673279400914907
90 : 9.467225577216595
91 : -3.4112016768194735
92 : 0.3183209905400872
93 : -1.9203143529593945
94 : -6.37552081188187
95 : 0.2717987569049001
96 : -0.9373602578416467
97 : 0.6193062190432101
98 : -2.948737159371376
99 : -1.5335048781707883
100 : 1.4994398169219494
101 : -7.6198529321700335
102 : -0.8526571085676551
103 : 0.49258623365312815
104 : -2.3156299642287195
105 : -0.624661099165678
106 : -2.1932696965523064
107 : -2.4817935721948743
108 : 0.9660013900138438
109 : -1.3584014801308513
110 : 2.5609006700105965
111 : -1.3101236056536436
112 : 3.133442024467513
113 : -1.362323465757072
114 : 2.5340557526797056
115 : -2.930616491707042
116 : -0.41926271305419505
117 : -1.384473909623921
118 : -1.3329992168582976
119 : -7.183962259441614
120 : -0.42367484397254884
121 : -1.409363112412393
122 : -1.3804922923445702
123 : -2.0518614882603288
124 : 0.4128363039344549
125 : -0.9982673330232501
126 : -0.2988509815186262
127 : -2.2568104341626167
128 : -1.6424195962026715
129 : -2.053237888030708
130 : -1.853798657655716
131 : -0.7713199135614559
132 : -3.1057414934039116
133 : -0.9827431445010006
134 : -1.4723775945603848
135 : 1.8688827713485807
136 : 2.263999408110976
137 : -1.5391268217936158
138 : -0.9030183898285031
139 : -4.713079858571291
140 : -3.14757236209698
141 : -0.013610318303108215
142 : -1.4176162770017982
143 : -0.6243986077606678
144 : -0.6901810709387064
145 : -1.2664655081462115
146 : -1.1840639440342784
147 : 0.35210380982607603
148 : 0.0802339690271765
149 : -2.1895795334130526
150 : -0.7343736495822668
151 : -3.089803922921419
152 : -1.3269055248238146
153 : -1.0655771610327065
154 : -1.910833265632391
155 : -0.24745091143995523
156 : -0.0034760218113660812
157 : 0.8809917885810137
158 : -0.8686679075472057
159 : -1.4624764821492136
160 : -1.542530314065516
161 : -1.592156894505024
162 : -6.217861317330971
163 : -1.5814259145408869
164 : -1.5845278576016426
165 : -1.0590043719857931
166 : -1.4386578910052776
167 : -2.4956307248212397
168 : -1.6124142464250326
169 : -1.5350676104426384
170 : -0.9154302966780961
171 : -1.3520682654343545
172 : -1.1667227363213897
173 : -3.2794661964289844
174 : 5.053764566313475
175 : -0.9691824894398451
176 : -1.6299469228833914
177 : -7.203208614140749
178 : 0.5276174920145422
179 : -1.5683270823210478
180 : -4.934974769828841
181 : -1.5765955257229507
182 : 5.717524814419448
183 : -4.484755579382181
184 : -1.3319485203828663
185 : -1.240298643708229
186 : -1.6996396984905005
187 : -0.44192245323210955
188 : -1.4013765826821327
189 : -1.3503123931586742
190 : -1.9964479836635292
191 : -1.22011659713462
192 : -1.5773291056975722
193 : -0.46933227591216564
194 : -1.1213382142595947
195 : -3.6969168735668063
196 : -1.6209497824311256
197 : -1.3448600694537163
198 : -1.2045249864459038
199 : -13.001779493875802
200 : -0.8858010352123529
201 : -1.3539089523255825
202 : -2.011365942656994
203 : -1.3473449079319835
204 : -0.08804187551140785
205 : -1.5654819033807144
206 : 3.643114292062819
207 : -0.5273980225902051
208 : -2.008613612037152
209 : -0.9598308205604553
210 : -6.92776255402714
211 : -1.0557237705215812
212 : 2.3743013497442007
213 : -2.058528450317681
214 : -0.9387390986084938
215 : -1.5794686507433653
216 : -4.85697688953951
217 : -1.3712046667933464
218 : -18.08299500774592
219 : -1.23818233422935
220 : -1.2309974487870932
221 : -1.144924959167838
222 : -2.091344579588622
223 : -2.8892163732089102
224 : 2.7234505526721478
225 : -0.6547794556245208
226 : -1.7958816476166248
227 : -0.5893360720947385
228 : -1.3957012239843607
229 : -3.507894198410213
230 : 2.373259771615267
231 : 0.10139123862609267
232 : -1.4721360108815134
233 : -2.3146236119791865
234 : -1.724685538560152
235 : -0.8202869240194559
236 : -4.71824242407456
237 : -1.0893095931969583
238 : -4.737498700153083
239 : -1.5204546423628926
240 : -3.3178622853010893
241 : -2.171994961798191
242 : 3.2460697339847684
243 : -1.0542737171053886
244 : -1.3626916389912367
245 : -1.6312402933835983
246 : -1.0772633072920144
247 : -0.9009454976767302
248 : -1.63653615815565
249 : -1.1738043783116154
250 : 4.897763532586396
251 : 2.1241277791559696
252 : -1.2784766764380038
253 : -5.922794550657272
254 : -0.20097750425338745
255 : -0.5105390567332506
256 : -1.2874639490619302
257 : 0.306481895968318
258 : -2.7717362828552723
259 : -0.9994022333994508
260 : -2.7406914280727506
261 : -1.4459737371653318
262 : -0.9840848851017654
263 : -1.8185532502830029
264 : -0.8915332616306841
265 : -0.7628648737445474
266 : -1.1079630190506577
267 : -1.0934220575727522
268 : -1.3308946695178747
269 : -0.884071918670088
270 : -1.825068673118949
271 : -0.857431351672858
272 : 2.311902762390673
273 : -4.645819934317842
274 : -1.4618723669555038
275 : -1.3069843091070652
276 : 0.9437013445422053
277 : -1.0729076215066016
278 : -1.9114973917603493
279 : 0.36274621449410915
280 : -3.531516688875854
281 : -2.3103980869054794
282 : -0.5903205154463649
283 : -2.0777389239519835
284 : -1.9414273174479604
285 : 0.5564042618498206
286 : -2.517409306950867
287 : -2.398922584950924
288 : -3.415011143311858
289 : 7.526305536739528
290 : -3.516448237700388
291 : -2.778420738875866
292 : -0.6109142685309052
293 : 0.4420814514160156
294 : -2.397327996790409
295 : 0.48746657371520996
296 : -1.7751482678577304
297 : -1.6557485330849886
298 : 2.4300505500286818
299 : 9.919876555446535
300 : -0.728025812190026
301 : -4.507416748907417
302 : -0.8936436995863914
303 : 2.4698333889245987
304 : -3.4980846224352717
305 : -2.549519460182637
306 : 1.2996606251690537
307 : -1.470790113788098
308 : -0.7964021442458034
309 : -0.6797972093336284
310 : 5.489743931218982
311 : -1.382016435265541
312 : -7.089965912047774
313 : -1.1752503730822355
314 : -13.878443735651672
315 : -1.3432029471732676
316 : 0.1441402593627572
317 : -1.305802134796977
318 : -6.224010587669909
319 : -0.028539069928228855
320 : -1.120403142995201
321 : -1.4706156319007277
322 : -0.3396339984610677
323 : -1.8284798000822775
324 : 4.486084676347673
325 : -2.2011123364791274
326 : -1.439757164567709
327 : 7.890673929825425
328 : -3.6137231490574777
329 : 3.1661658114753664
330 : 2.0587627454660833
331 : -4.20086803054437
332 : -16.277577166911215
333 : -2.1782689206302166
334 : -1.2550632171332836
335 : 5.401715964078903
336 : -0.4819569122046232
337 : -1.0446272939443588
338 : 0.3624131907708943
339 : 4.683260566554964
340 : -2.431120917201042
341 : 2.010712817311287
342 : -1.541680496186018
343 : -0.5835453909821808
344 : -0.2630647271871567
345 : -6.985185293480754
346 : 0.29064200771972537
347 : -3.3315214002504945
348 : -2.158226143568754
349 : -1.1132279470330104
350 : -1.2363234758377075
351 : -1.3826466212049127
352 : -0.32316638715565205
353 : -1.0705938609316945
354 : -0.8808049573563039
355 : -0.3562391265295446
356 : -1.3514367630705237
357 : -0.33403552090749145
358 : 0.4574520792812109
359 : -2.7046173964627087
360 : -2.343249874189496
361 : -3.116721495985985
362 : -1.1329977959394455
363 : 0.08808185160160065
364 : -2.9448505563195795
365 : -4.132367138750851
366 : -3.4028504341840744
367 : -1.25526212900877
368 : -0.6789840385317802
369 : -17.141739586368203
370 : 0.5312336357310414
371 : -1.4027142925187945
372 : -0.8522592675872147
373 : 7.551717305090278
374 : -1.3727993564680219
375 : -1.291185227688402
376 : -0.3027827823534608
377 : -1.0202052667737007
378 : -8.410763810854405
379 : -0.31458779610693455
380 : -0.7339219906134531
381 : -3.6341560161672533
382 : -2.011991288512945
383 : -2.9032775051891804
384 : -2.1933812387287617
385 : 1.8113874066621065
386 : -1.671792108565569
387 : -0.754119218327105
388 : -1.7246944829821587
389 : -2.019768316298723
390 : -1.9212684084195644
391 : -0.6205490431748331
392 : -0.48135147523134947
393 : -1.093559993430972
394 : -1.4815045483410358
395 : -1.648900032043457
396 : -0.49082610197365284
397 : -1.816441198810935
398 : -1.1023905668407679
399 : 1.8732695132493973
400 : -0.9195781694725156
401 : -0.8197239297442138
402 : -1.2920308765023947
403 : -2.8594632567837834
404 : -0.40486723044887185
405 : -1.0864322455599904
406 : -1.2654360802844167
407 : -6.743366985581815
408 : -1.304002774413675
409 : -0.22811982408165932
410 : -5.9035117933526635
411 : -2.55898105353117
412 : 2.0830959174782038
413 : -1.1209205435588956
414 : 0.9381006956100464
415 : -1.5423366772010922
416 : -0.38762545632198453
417 : -1.2035048011457548
418 : -0.6142962137237191
419 : 3.274437142536044
420 : -1.7789913043379784
421 : -0.6699987556785345
422 : -2.3317407174035907
423 : -1.0090074799954891
424 : -0.7894325973466039
425 : -1.0486054602079093
426 : -7.188958926592022
427 : -0.9534513400867581
428 : -1.1766336150467396
429 : -1.4196729306131601
430 : -0.7870634598657489
431 : -3.3982128058560193
432 : 3.0700301621109247
433 : -0.6508480752818286
434 : 3.412261674646288
435 : 0.4425889225676656
436 : -0.6096471631899476
437 : -3.6328991423361003
438 : -0.3705213889479637
439 : 2.4571855762042105
440 : -1.0887826466932893
441 : -0.9504943219944835
442 : -1.8162105965893716
443 : -1.8470269180834293
444 : -0.9911388866603374
445 : -0.8984137303195894
446 : -0.9633481055498123
447 : -1.9199421107769012
448 : -1.3935693437233567
449 : 3.613667723722756
450 : -0.7442525280639529
451 : -1.2354888124391437
452 : -0.6040763109922409
453 : -0.8062214329838753
454 : -28.000700081232935
455 : -13.509361970005557
456 : -0.8445065161213279
457 : -5.9090066738426685
458 : -1.8804000513628125
459 : 0.23241563769988716
460 : 0.3294405862689018
461 : -1.1525454686488956
462 : 0.34220767905935645
463 : -7.212737298570573
464 : -5.046614723280072
465 : 1.9379975264891982
466 : -1.3119176416657865
467 : -0.6108933137729764
468 : 2.110140975099057
469 : -4.288660902529955
470 : 0.0033057434484362602
471 : -2.8157143436255865
472 : 5.393912634812295
473 : -1.2823876747861505
474 : 0.8928393204696476
475 : -1.6972336741164327
476 : -2.0948794074356556
477 : 3.7871010079979897
478 : -2.799983236938715
479 : -1.2721236143261194
480 : -0.21619843412190676
481 : -4.42585612507537
482 : -1.3739195074886084
483 : -4.646821566158906
484 : -1.182525281328708
485 : -1.9877394838258624
486 : -4.744076073169708
487 : -5.685731634381227
488 : -1.1775000533089042
489 : 0.944126546382904
490 : -1.0925378063693643
491 : -0.6694672983139753
492 : 4.4650447852909565
493 : -1.576116977725178
494 : -1.4222570471465588
495 : -3.4466514214873314
496 : -1.1434968844987452
497 : 0.8645490640774369
498 : 0.12085601827129722
499 : 0.27053037635050714
500 : 3.0984671767801046
501 : 0.4232509061694145
502 : -1.3917235396802425
503 : -2.6777427294291556
504 : -3.42210547067225
505 : -1.0293420935049653
506 : 2.6874161455780268
507 : 1.7191068902611732
508 : 2.6794762955978513
509 : -2.2761348048225045
510 : 1.6311854836530983
511 : -2.4343623325694352
512 : -1.781119080260396
513 : 0.6400353480130434
514 : 1.8664839304983616
515 : -1.1122389482334256
516 : -0.840217859018594
517 : -2.856950955465436
518 : 1.17775016464293
519 : 2.85700350406114
520 : -1.897495215642266
521 : -1.8937511127442122
522 : 0.10355845186859369
523 : -0.4395953379571438
524 : 10.826254164334387
525 : -1.1793478457257152
526 : -1.3392359863501042
527 : -7.020456469617784
528 : -1.1759670302271843
529 : 4.0508653884753585
530 : -0.5510977408848703
531 : -1.2536521144211292
532 : -2.135099796112627
533 : -1.2694209851324558
534 : -1.3522644629701972
535 : -2.444434314966202
536 : -2.676438868045807
537 : -1.8590560471639037
538 : 5.010318459942937
539 : 0.3519272650592029
540 : -1.7490006182342768
541 : -0.6131845330819488
542 : -3.172713712323457
543 : 1.914772112853825
544 : -1.690471900627017
545 : -1.475037862546742
546 : -3.01167029235512
547 : -3.838814377784729
548 : -2.4779147803783417
549 : -0.7104721814393997
550 : -1.1930930567905307
551 : -1.2979966197162867
552 : 2.2140638809651136
553 : -1.6048069726675749
554 : 0.1201117280870676
555 : -2.283413302153349
556 : -5.491934935562313
557 : -4.981301293708384
558 : 0.5997866918332875
559 : -1.8029627772048116
560 : -1.7956971861422062
561 : -3.6457199128344655
562 : -2.1999377217143774
563 : -3.522675033658743
564 : -1.6245757471770048
565 : -0.8354856381192803
566 : -3.1810396229848266
567 : -1.640550209209323
568 : -1.292902267538011
569 : -1.5670940992422402
570 : 2.4302954841405153
571 : -1.800030680373311
572 : -10.544852007180452
573 : 1.9082624893635511
574 : -2.2704849131405354
575 : -3.4927301704883575
576 : -1.7081766910851002
577 : -0.7504098322242498
578 : 7.93431578297168
579 : -1.0297576845623553
580 : -3.000337152276188
581 : -3.03285451233387
582 : -1.2016397193074226
583 : -1.1365016382187605
584 : -1.1992878364399076
585 : -5.3501939214766026
586 : -0.5444876798428595
587 : -6.584008798003197
588 : 0.03240652661770582
589 : -0.7348822429776192
590 : 2.1574582969769835
591 : 1.7377802589908242
592 : -1.7289455458521843
593 : -0.9703141655772924
594 : 2.663168977946043
595 : -1.90684930421412
596 : 2.0963167555164546
597 : 0.3764681927859783
598 : -1.3960981951095164
599 : -0.13645573938265443
600 : -0.22870717430487275
601 : -1.5303796394728124
602 : -0.9092828957363963
603 : -2.666741542518139
604 : -1.2446752823889256
605 : -11.029779721517116
606 : 2.1309980684891343
607 : -0.42071815277449787
608 : -1.3817813210189342
609 : -2.461375258397311
610 : -2.4136311719194055
611 : -1.2771308962255716
612 : 13.048916898202151
613 : 4.04123995359987
614 : 3.9531163782812655
615 : 0.4775675740092993
616 : -2.0794526003301144
617 : -2.3947869688272476
618 : -1.4877396635711193
619 : -0.014821512158960104
620 : -1.624972142279148
621 : -1.9276531673967838
622 : -1.4085089731961489
623 : -1.664424929767847
624 : -22.991238401271403
625 : -1.8515439638867974
626 : -1.70227284822613
627 : -8.022944044321775
628 : -0.846844166982919
629 : -1.1988880848512053
630 : -0.21006767032667994
631 : 3.07341365609318
632 : -1.1913018855266273
633 : 5.335829931427725
634 : -2.2605556808412075
635 : -1.5406930807512254
636 : -1.3870026799850166
637 : -2.285697433166206
638 : -1.7333977483212948
639 : 1.5547051895409822
640 : 1.0441375505179167
641 : -1.4453252819366753
642 : -0.7385314740240574
643 : -1.3975670859217644
644 : -2.233823996037245
645 : -1.3602941073477268
646 : -1.0989474366651848
647 : -1.610052372328937
648 : 2.2560044596903026
649 : -3.789421759080142
650 : -1.8984042117372155
651 : -1.1823726054280996
652 : 5.357622679322958
653 : -2.969022925943136
654 : -9.382734134793282
655 : -0.9784539621323347
656 : -1.3436213065870106
657 : 1.9234153553843498
658 : 7.207102942280471
659 : 0.5908425413072109
660 : 2.0575903658755124
661 : -2.0792978261597455
662 : -1.4177004508674145
663 : -1.2011924888938665
664 : -0.9166293255984783
665 : -0.2523654354736209
666 : -1.032202678732574
667 : -2.764187746681273
668 : 1.412507422734052
669 : -1.558743380010128
670 : -0.5631977067387197
671 : -5.842719461768866
672 : -1.6943746686447412
673 : 1.0812786221504211
674 : -4.1528032585047185
675 : -0.9857957193162292
676 : 0.6231891689822078
677 : -1.5285276309587061
678 : -1.0679782154038548
679 : -1.569338619709015
680 : -1.5748060517944396
681 : 2.5624242881312966
682 : -2.5272078989073634
683 : 1.086491724010557
684 : -1.9765377901494503
685 : -1.1437403121963143
686 : -1.5684093125164509
687 : -1.1187316523864865
688 : 8.830412542098202
689 : -0.7646147673949599
690 : -4.570909924805164
691 : 13.965910336468369
692 : -10.269910114817321
693 : 0.5691309734247625
694 : -1.9476795569062233
695 : -5.738933782093227
696 : -0.9942665416747332
697 : -0.03582166135311127
698 : -7.122895870823413
699 : -5.4064242681488395
700 : 3.1530336001887918
701 : -6.295391448773444
702 : 3.6753856749273837
703 : -0.19360768236219883
704 : -0.1045257169753313
705 : -2.0854439735412598
706 : 0.7557238186709583
707 : 3.6245070558506995
708 : -6.868584544863552
709 : 0.2612706337822601
710 : 0.2836009538732469
711 : -1.671827806159854
712 : -0.9288109038025141
713 : 6.687088065780699
714 : 2.6533712670207024
715 : 0.31564226001501083
716 : -1.0966451740823686
717 : -3.253468420356512
718 : 1.0516916364431381
719 : 1.63920989446342
720 : -1.5598775390535593
721 : 0.9416183510329574
722 : -1.6847177520394325
723 : -1.2561961789615452
724 : -0.5588025143370032
725 : -0.700039196992293
726 : 12.049601313658059
727 : -1.8835424035787582
728 : -0.2412400480825454
729 : -1.4095646692439914
730 : -0.45608255034312606
731 : -0.9109541238285601
732 : -0.4540340494713746
733 : -1.1590824211016297
734 : -0.6876484104432166
735 : -2.3268181812018156
736 : -9.808942526113242
737 : 0.6457517486996949
738 : -1.5347580881789327
739 : -1.0940225385129452
740 : 0.8449576143175364
741 : -1.2624722933396697
742 : -1.5428078551776707
743 : -1.6393326856195927
744 : -0.6842294866219163
745 : -4.708282021805644
746 : -1.6134742572903633
747 : -7.699011604767293
748 : -2.866414276184514
749 : -2.256092546507716
750 : -5.372138276696205
751 : -1.3750004346948117
752 : -1.2165549383498728
753 : -2.653727101162076
754 : 0.5925279650837183
755 : -3.2298785531893373
756 : -1.4767220132052898
757 : 2.8911676555871964
758 : -1.1132041616365314
759 : -0.7572295153513551
760 : -3.3188860616646707
761 : -0.9053134452551603
762 : -1.9634808981791139
763 : 5.54648607224226
764 : -2.327251613140106
765 : 2.0055975182913244
766 : -1.8377247117459774
767 : -8.597001794725657
768 : -0.970083128195256
769 : -1.6169342920184135
770 : -2.3706883415579796
771 : -0.20275940047577024
772 : -0.9291976424865425
773 : -1.7855433747172356
774 : -2.2092087380588055
775 : -1.3606044230982661
776 : -0.6163085037842393
777 : -1.6807671189308167
778 : -1.4974221047013998
779 : -5.697535004466772
780 : -0.784005603287369
781 : -11.911229223012924
782 : 3.109182223677635
783 : -0.23819350451231003
784 : 0.9139989763498306
785 : -1.0862105824053288
786 : -3.271462355274707
787 : -1.1943703284487128
788 : -4.5663239331915975
789 : -1.1060331910848618
790 : 0.09825814864598215
791 : 1.8751324508339167
792 : -8.099927534349263
793 : 0.24261894775554538
794 : -1.9897083584219217
795 : -0.5954474629834294
796 : -1.967573031783104
797 : -2.119582138489932
798 : -2.0832821456715465
799 : -10.528797375038266
800 : -3.989625548943877
801 : -2.9991907561197877
802 : -1.7564238226041198
803 : -3.0814268812537193
804 : 2.4740429474040866
805 : -2.1619263566099107
806 : 0.6750952359288931
807 : -1.2018771395087242
808 : -0.9227018151432276
809 : -1.321028184145689
810 : -2.778273483738303
811 : -3.3487378330901265
812 : 0.24401838053017855
813 : -3.4241923252120614
814 : -1.7586679346859455
815 : -0.9370682640001178
816 : -4.061062674969435
817 : -1.169327032752335
818 : -4.879711447283626
819 : -1.2784081888385117
820 : -11.948900950606912
821 : 3.1057831021025777
822 : 3.932198306545615
823 : -1.1863606991246343
824 : -1.208865431137383
825 : 2.340230197645724
826 : -0.5723440642468631
827 : -2.6957311434671283
828 : -0.892111424356699
829 : 0.027733851689845324
830 : -1.4129642467014492
831 : -8.685484930872917
832 : -1.7382635399699211
833 : -1.3322095200419426
834 : -3.5713328374549747
835 : -2.4309586388990283
836 : -1.7277160924859345
837 : -0.9531819485127926
838 : 2.386585841421038
839 : -1.4288004166446626
840 : 6.537659225054085
841 : -1.90145955234766
842 : -3.279271299019456
843 : -8.78601622954011
844 : -1.9205578761175275
845 : -1.5498019438236952
846 : -5.289082960225642
847 : 2.690812507760711
848 : -4.074878752231598
849 : -1.3725427957251668
850 : 0.6062099100090563
851 : -8.548087838105857
852 : 2.243906727991998
853 : -0.5257306139683351
854 : -1.2714771330356598
855 : -1.9136139005422592
856 : -9.773412541486323
857 : -0.8321932931430638
858 : 0.27319759503006935
859 : -1.5200120080262423
860 : -6.288473790045828
861 : -5.067220200784504
862 : -0.9715996575541794
863 : -1.4291753945872188
864 : -2.562180963344872
865 : -1.3202964421361685
866 : -4.971307337284088
867 : -1.044185138773173
868 : -2.747734420001507
869 : -1.4163086719345301
870 : 0.7154860040172935
871 : -6.114695560187101
872 : 1.4833876620978117
873 : -0.7535221911966801
874 : -8.469853324815631
875 : -1.6463722363114357
876 : 0.002401279751211405
877 : 3.8984574684873223
878 : -0.6273231194354594
879 : -1.110363394021988
880 : -0.8740534288808703
881 : -1.751959964632988
882 : -0.4795737648382783
883 : -0.5111001832410693
884 : -1.6448375955224037
885 : 4.454984525218606
886 : -0.7389508774504066
887 : -0.8315964797511697
888 : -0.9824981857091188
889 : -0.7897311635315418
890 : -1.1498190085403621
891 : -0.14714906085282564
892 : -0.39425836503505707
893 : 2.2886490263044834
894 : -2.144813804887235
895 : -1.0343009121716022
896 : -4.813932623714209
897 : -1.4881970840506256
898 : -1.246588684618473
899 : -1.0284031610935926
900 : -0.1419836115092039
901 : -2.5857351385056973
902 : -0.18995824921876192
903 : 3.1909356834366918
904 : -1.5984298288822174
905 : -1.0877982610836625
906 : 3.9664099640212953
907 : -5.766117736231536
908 : 3.05244172969833
909 : -0.35759824328124523
910 : -2.111005488783121
911 : -5.207507545128465
912 : 4.337850907817483
913 : 5.651607881300151
914 : -0.806726829148829
915 : -0.8623300427570939
916 : 0.9241783153265715
917 : -0.7069581127725542
918 : -1.1335680729243904
919 : -1.6511211693286896
920 : -0.7458753436803818
921 : 10.332389041781425
922 : -1.2985849864780903
923 : 15.324275656603277
924 : -1.7972598575870506
925 : 7.228478260338306
926 : -0.1475480851950124
927 : -1.4308760059066117
928 : -2.2174357501789927
929 : -1.821128609124571
930 : 1.0961393732577562
931 : -0.9610549528151751
932 : -1.1005337536334991
933 : 0.6946994527243078
934 : -3.369943461380899
935 : 3.779449202120304
936 : -1.5835206033661962
937 : -1.2126572215929627
938 : -1.9744095029309392
939 : 1.9615955012850463
940 : -0.9459089981392026
941 : 12.297666472382843
942 : 4.552809527143836
943 : -3.9309981749393046
944 : 0.319149699062109
945 : 4.488319180905819
946 : -0.9891210730420426
947 : 3.662110211327672
948 : 3.5609385655261576
949 : -1.818233598023653
950 : 6.608621873427182
951 : -1.125158947892487
952 : 2.689421313814819
953 : -0.924400107935071
954 : -1.2920909188687801
955 : -3.6255428288131952
956 : 0.02491460694000125
957 : -0.36103724874556065
958 : -2.2564684781245887
959 : -1.9068170664831996
960 : -4.911797522567213
961 : -1.5802811551839113
962 : -0.10846744943410158
963 : 2.3362732212990522
964 : -0.8993876138702035
965 : -1.9743199502117932
966 : -1.2478437293320894
967 : -0.8764746990054846
968 : 2.176598669728264
969 : -3.045954028144479
970 : 6.668454213067889
971 : -0.9630160322412848
972 : -2.0938012953847647
973 : -5.47391764819622
974 : -5.805980093078688
975 : 0.143319733440876
976 : -4.8668473940342665
977 : -2.4528541192412376
978 : -1.1225040543358773
979 : 4.744609975256026
980 : -3.3301925463601947
981 : -2.0516575241927058
982 : -1.5043406281620264
983 : -5.230385354254395
984 : -5.247456185519695
985 : -1.5708655212074518
986 : 3.1505239454563707
987 : -1.6817024163901806
988 : -8.37686159601435
989 : -0.7714351331815124
990 : -1.4932964504696429
991 : -1.6620126366615295
992 : 3.229834981262684
993 : -0.7477411939762533
994 : -1.0450094691477716
995 : -0.9692900637164712
996 : -1.9676788370124996
997 : -1.5135527979582548
998 : -1.7383956236299127
999 : -0.9017016356810927
Setting up 2 worker threads for Enlighten.
  Thread -> id: 7fc7d2399700 -> priority: 1 
  Thread -> id: 7fc7d1b98700 -> priority: 1 
2020-06-24 04:13:31 INFO [environment.py:418] Environment shut down with return code 0.
[I 2020-06-24 04:13:31,471] Finished trial#157 with value: -0.9017016356810927 with parameters: {'update_time_steps': 7168, 'ppo_epochs': 10, 'gamma': 0.9199599726218446, 'beta': 0.05657920673552956}. Best is trial#148 with value: -6.7115356754511595.
Found path: /home/j/jensenj/PycharmProjects/Federer-Jr./src/../crawler_single/linux/dynamic_server/crawler_dynamic.x86_64
Mono path[0] = '/home/j/jensenj/PycharmProjects/Federer-Jr./src/../crawler_single/linux/dynamic_server/crawler_dynamic_Data/Managed'
Mono config path = '/home/j/jensenj/PycharmProjects/Federer-Jr./src/../crawler_single/linux/dynamic_server/crawler_dynamic_Data/MonoBleedingEdge/etc'
Preloaded 'lib_burst_generated.so'
Preloaded 'libgrpc_csharp_ext.x64.so'
Initialize engine version: 2019.3.15f1 (59ff3e03856d)
[Subsystems] Discovering subsystems at path /home/j/jensenj/PycharmProjects/Federer-Jr./src/../crawler_single/linux/dynamic_server/crawler_dynamic_Data/UnitySubsystems
Forcing GfxDevice: Null
GfxDevice: creating device client; threaded=0
NullGfxDevice:
    Version:  NULL 1.0 [1.0]
    Renderer: Null Device
    Vendor:   Unity Technologies
Begin MonoManager ReloadAssembly
- Completed reload, in  0.102 seconds
WARNING: Shader Unsupported: 'Autodesk Interactive' - All passes removed
WARNING: Shader Did you use #pragma only_renderers and omit this platform?
UnloadTime: 0.437153 ms
Fallback handler could not load library /home/j/jensenj/PycharmProjects/Federer-Jr./src/../crawler_single/linux/dynamic_server/crawler_dynamic_Data/Mono/libcoreclr.so
Fallback handler could not load library /home/j/jensenj/PycharmProjects/Federer-Jr./src/../crawler_single/linux/dynamic_server/crawler_dynamic_Data/Mono/libcoreclr.so
Fallback handler could not load library /home/j/jensenj/PycharmProjects/Federer-Jr./src/../crawler_single/linux/dynamic_server/crawler_dynamic_Data/Mono/libcoreclr.so
Fallback handler could not load library /home/j/jensenj/PycharmProjects/Federer-Jr./src/../crawler_single/linux/dynamic_server/crawler_dynamic_Data/Mono/libSystem.dylib
Fallback handler could not load library /home/j/jensenj/PycharmProjects/Federer-Jr./src/../crawler_single/linux/dynamic_server/crawler_dynamic_Data/Mono/libSystem.dylib.so
Fallback handler could not load library /home/j/jensenj/PycharmProjects/Federer-Jr./src/../crawler_single/linux/dynamic_server/crawler_dynamic_Data/Mono/libSystem.dylib
Fallback handler could not load library /home/j/jensenj/PycharmProjects/Federer-Jr./src/../crawler_single/linux/dynamic_server/crawler_dynamic_Data/Mono/libcoreclr.so
Fallback handler could not load library /home/j/jensenj/PycharmProjects/Federer-Jr./src/../crawler_single/linux/dynamic_server/crawler_dynamic_Data/Mono/libcoreclr.so
Fallback handler could not load library /home/j/jensenj/PycharmProjects/Federer-Jr./src/../crawler_single/linux/dynamic_server/crawler_dynamic_Data/Mono/libcoreclr.so
Fallback handler could not load library /home/j/jensenj/PycharmProjects/Federer-Jr./src/../crawler_single/linux/dynamic_server/crawler_dynamic_Data/Mono/libSystem.dylib
Fallback handler could not load library /home/j/jensenj/PycharmProjects/Federer-Jr./src/../crawler_single/linux/dynamic_server/crawler_dynamic_Data/Mono/libSystem.dylib.so
Fallback handler could not load library /home/j/jensenj/PycharmProjects/Federer-Jr./src/../crawler_single/linux/dynamic_server/crawler_dynamic_Data/Mono/libSystem.dylib
2020-06-24 04:13:32 INFO [environment.py:108] Connected to Unity environment with package version 1.0.2 and communication version 1.0.0
2020-06-24 04:13:32 INFO [environment.py:265] Connected new brain:
CrawlerDynamic?team=0
2020-06-24 04:13:32 WARNING [__init__.py:92] The environment contains multiple observations. You must define allow_multiple_obs=True to receive them all. Otherwise, only the first visual observation (or vector observation ifthere are no visual observations) will be provided in the observation.
{'nr_output_features': 20, 'nr_input_features': 126, 'env': <gym_unity.envs.UnityToGymWrapper object at 0x7f5375521080>, 'alpha': 0.003, 'tau': 0.95, 'clip': 0.2, 'minibatch_size': 32, 'hidden_units': 512, 'update_time_steps': 9216, 'ppo_epochs': 16, 'gamma': 0.9765406375818217, 'beta': 0.09958290841314228}
0 : -2.6560728680342436
1 : -1.2516158632934093
2 : -0.7873719222843647
3 : 1.2219229256734252
4 : -0.9327946626581252
5 : -0.757466746494174
6 : -4.112095374614
7 : -1.035901015624404
8 : -0.9694193312898278
9 : -2.041785749606788
10 : -1.3866879791021347
11 : 1.5041563032427803
12 : -1.2570929084904492
13 : -1.1604561497224495
14 : -3.2770554684102535
15 : -1.1406040787696838
16 : -1.4698014315217733
17 : 0.07013808330520988
18 : -3.665061335079372
19 : -1.1348261572420597
20 : -1.5315828192979097
21 : -0.116214809124358
22 : -0.6085129464045167
23 : -0.26805574633181095
24 : -2.3074460607022047
25 : -0.596148126758635
[W 2020-06-24 04:14:06,208] Setting status of trial#187 as TrialState.FAIL because of the following error: ValueError('array split does not result in an equal division',)
Traceback (most recent call last):
  File "/home/j/jensenj/.local/lib/python3.6/site-packages/numpy/lib/shape_base.py", line 867, in split
    len(indices_or_sections)
TypeError: object of type 'int' has no len()

During handling of the above exception, another exception occurred:

Traceback (most recent call last):
  File "/home/j/jensenj/.local/lib/python3.6/site-packages/optuna/study.py", line 734, in _run_trial
    result = func(trial)
  File "main-optuna.py", line 88, in objective
    returns = [episode(env, agent, params, writer, i) for i in range(training_episodes)]
  File "main-optuna.py", line 88, in <listcomp>
    returns = [episode(env, agent, params, writer, i) for i in range(training_episodes)]
  File "main-optuna.py", line 40, in episode
    agent.update(next_state)
  File "/home/j/jensenj/PycharmProjects/Federer-Jr./src/ppo.py", line 140, in update
    for states, actions, old_log_probs, returns, advantages in self.memory.sample_batch(self.minibatch_size, next_value):
  File "/home/j/jensenj/PycharmProjects/Federer-Jr./src/ppo.py", line 44, in sample_batch
    ids = np.split(ids, batch_size // minibatch_size)
  File "<__array_function__ internals>", line 6, in split
  File "/home/j/jensenj/.local/lib/python3.6/site-packages/numpy/lib/shape_base.py", line 873, in split
    'array split does not result in an equal division')
ValueError: array split does not result in an equal division
Traceback (most recent call last):
  File "/home/j/jensenj/.local/lib/python3.6/site-packages/numpy/lib/shape_base.py", line 867, in split
    len(indices_or_sections)
TypeError: object of type 'int' has no len()

During handling of the above exception, another exception occurred:

Traceback (most recent call last):
  File "main-optuna.py", line 103, in <module>
    study.optimize(objective, n_trials=1000)
  File "/home/j/jensenj/.local/lib/python3.6/site-packages/optuna/study.py", line 339, in optimize
    func, n_trials, timeout, catch, callbacks, gc_after_trial, None
  File "/home/j/jensenj/.local/lib/python3.6/site-packages/optuna/study.py", line 682, in _optimize_sequential
    self._run_trial_and_callbacks(func, catch, callbacks, gc_after_trial)
  File "/home/j/jensenj/.local/lib/python3.6/site-packages/optuna/study.py", line 713, in _run_trial_and_callbacks
    trial = self._run_trial(func, catch, gc_after_trial)
  File "/home/j/jensenj/.local/lib/python3.6/site-packages/optuna/study.py", line 734, in _run_trial
    result = func(trial)
  File "main-optuna.py", line 88, in objective
    returns = [episode(env, agent, params, writer, i) for i in range(training_episodes)]
  File "main-optuna.py", line 88, in <listcomp>
    returns = [episode(env, agent, params, writer, i) for i in range(training_episodes)]
  File "main-optuna.py", line 40, in episode
    agent.update(next_state)
  File "/home/j/jensenj/PycharmProjects/Federer-Jr./src/ppo.py", line 140, in update
    for states, actions, old_log_probs, returns, advantages in self.memory.sample_batch(self.minibatch_size, next_value):
  File "/home/j/jensenj/PycharmProjects/Federer-Jr./src/ppo.py", line 44, in sample_batch
    ids = np.split(ids, batch_size // minibatch_size)
  File "<__array_function__ internals>", line 6, in split
  File "/home/j/jensenj/.local/lib/python3.6/site-packages/numpy/lib/shape_base.py", line 873, in split
    'array split does not result in an equal division')
ValueError: array split does not result in an equal division
Setting up 2 worker threads for Enlighten.
  Thread -> id: 7f34729a6700 -> priority: 1 
  Thread -> id: 7f34721a5700 -> priority: 1 
2020-06-24 04:14:06 INFO [environment.py:418] Environment shut down with return code 0.
