slurmstepd-starzlach: error: Unable to create TMPDIR [/tmp/user/30108]: Permission denied
slurmstepd-starzlach: error: Setting TMPDIR to /tmp
Found path: /home/j/jensenj/PycharmProjects/Federer-Jr./src/../crawler_single/linux/dynamic_server/crawler_dynamic.x86_64
Mono path[0] = '/home/j/jensenj/PycharmProjects/Federer-Jr./src/../crawler_single/linux/dynamic_server/crawler_dynamic_Data/Managed'
Mono config path = '/home/j/jensenj/PycharmProjects/Federer-Jr./src/../crawler_single/linux/dynamic_server/crawler_dynamic_Data/MonoBleedingEdge/etc'
Preloaded 'lib_burst_generated.so'
Preloaded 'libgrpc_csharp_ext.x64.so'
Initialize engine version: 2019.3.15f1 (59ff3e03856d)
[Subsystems] Discovering subsystems at path /home/j/jensenj/PycharmProjects/Federer-Jr./src/../crawler_single/linux/dynamic_server/crawler_dynamic_Data/UnitySubsystems
Forcing GfxDevice: Null
GfxDevice: creating device client; threaded=0
NullGfxDevice:
    Version:  NULL 1.0 [1.0]
    Renderer: Null Device
    Vendor:   Unity Technologies
Begin MonoManager ReloadAssembly
- Completed reload, in  0.099 seconds
WARNING: Shader Unsupported: 'Autodesk Interactive' - All passes removed
WARNING: Shader Did you use #pragma only_renderers and omit this platform?
UnloadTime: 0.434061 ms
Fallback handler could not load library /home/j/jensenj/PycharmProjects/Federer-Jr./src/../crawler_single/linux/dynamic_server/crawler_dynamic_Data/Mono/libcoreclr.so
Fallback handler could not load library /home/j/jensenj/PycharmProjects/Federer-Jr./src/../crawler_single/linux/dynamic_server/crawler_dynamic_Data/Mono/libcoreclr.so
Fallback handler could not load library /home/j/jensenj/PycharmProjects/Federer-Jr./src/../crawler_single/linux/dynamic_server/crawler_dynamic_Data/Mono/libcoreclr.so
Fallback handler could not load library /home/j/jensenj/PycharmProjects/Federer-Jr./src/../crawler_single/linux/dynamic_server/crawler_dynamic_Data/Mono/libSystem.dylib
Fallback handler could not load library /home/j/jensenj/PycharmProjects/Federer-Jr./src/../crawler_single/linux/dynamic_server/crawler_dynamic_Data/Mono/libSystem.dylib.so
Fallback handler could not load library /home/j/jensenj/PycharmProjects/Federer-Jr./src/../crawler_single/linux/dynamic_server/crawler_dynamic_Data/Mono/libSystem.dylib
Fallback handler could not load library /home/j/jensenj/PycharmProjects/Federer-Jr./src/../crawler_single/linux/dynamic_server/crawler_dynamic_Data/Mono/libcoreclr.so
Fallback handler could not load library /home/j/jensenj/PycharmProjects/Federer-Jr./src/../crawler_single/linux/dynamic_server/crawler_dynamic_Data/Mono/libcoreclr.so
Fallback handler could not load library /home/j/jensenj/PycharmProjects/Federer-Jr./src/../crawler_single/linux/dynamic_server/crawler_dynamic_Data/Mono/libcoreclr.so
Fallback handler could not load library /home/j/jensenj/PycharmProjects/Federer-Jr./src/../crawler_single/linux/dynamic_server/crawler_dynamic_Data/Mono/libSystem.dylib
Fallback handler could not load library /home/j/jensenj/PycharmProjects/Federer-Jr./src/../crawler_single/linux/dynamic_server/crawler_dynamic_Data/Mono/libSystem.dylib.so
Fallback handler could not load library /home/j/jensenj/PycharmProjects/Federer-Jr./src/../crawler_single/linux/dynamic_server/crawler_dynamic_Data/Mono/libSystem.dylib
/home/j/jensenj/.local/lib/python3.6/site-packages/tensorboard/compat/tensorflow_stub/dtypes.py:541: FutureWarning: Passing (type, 1) or '1type' as a synonym of type is deprecated; in a future version of numpy, it will be understood as (type, (1,)) / '(1,)type'.
  _np_qint8 = np.dtype([("qint8", np.int8, 1)])
/home/j/jensenj/.local/lib/python3.6/site-packages/tensorboard/compat/tensorflow_stub/dtypes.py:542: FutureWarning: Passing (type, 1) or '1type' as a synonym of type is deprecated; in a future version of numpy, it will be understood as (type, (1,)) / '(1,)type'.
  _np_quint8 = np.dtype([("quint8", np.uint8, 1)])
/home/j/jensenj/.local/lib/python3.6/site-packages/tensorboard/compat/tensorflow_stub/dtypes.py:543: FutureWarning: Passing (type, 1) or '1type' as a synonym of type is deprecated; in a future version of numpy, it will be understood as (type, (1,)) / '(1,)type'.
  _np_qint16 = np.dtype([("qint16", np.int16, 1)])
/home/j/jensenj/.local/lib/python3.6/site-packages/tensorboard/compat/tensorflow_stub/dtypes.py:544: FutureWarning: Passing (type, 1) or '1type' as a synonym of type is deprecated; in a future version of numpy, it will be understood as (type, (1,)) / '(1,)type'.
  _np_quint16 = np.dtype([("quint16", np.uint16, 1)])
/home/j/jensenj/.local/lib/python3.6/site-packages/tensorboard/compat/tensorflow_stub/dtypes.py:545: FutureWarning: Passing (type, 1) or '1type' as a synonym of type is deprecated; in a future version of numpy, it will be understood as (type, (1,)) / '(1,)type'.
  _np_qint32 = np.dtype([("qint32", np.int32, 1)])
/home/j/jensenj/.local/lib/python3.6/site-packages/tensorboard/compat/tensorflow_stub/dtypes.py:550: FutureWarning: Passing (type, 1) or '1type' as a synonym of type is deprecated; in a future version of numpy, it will be understood as (type, (1,)) / '(1,)type'.
  np_resource = np.dtype([("resource", np.ubyte, 1)])
2020-06-24 03:42:32 INFO [environment.py:108] Connected to Unity environment with package version 1.0.2 and communication version 1.0.0
2020-06-24 03:42:32 INFO [environment.py:265] Connected new brain:
CrawlerDynamic?team=0
2020-06-24 03:42:32 WARNING [__init__.py:92] The environment contains multiple observations. You must define allow_multiple_obs=True to receive them all. Otherwise, only the first visual observation (or vector observation ifthere are no visual observations) will be provided in the observation.
/home/j/jensenj/.local/lib/python3.6/site-packages/gym/logger.py:30: UserWarning: WARN: Box bound precision lowered by casting to float32
  warnings.warn(colorize('%s: %s'%('WARN', msg % args), 'yellow'))
{'nr_output_features': 20, 'nr_input_features': 126, 'env': <gym_unity.envs.UnityToGymWrapper object at 0x7fe4870e9eb8>, 'alpha': 0.003, 'tau': 0.95, 'clip': 0.2, 'minibatch_size': 32, 'hidden_units': 512, 'update_time_steps': 7168, 'ppo_epochs': 12, 'gamma': 0.9643623337187429, 'beta': 0.05620584756229149}
0 : -0.05967814940959215
1 : -3.2203728035092354
2 : -1.2599821100011468
3 : -9.081213477998972
4 : -0.08152306638658047
5 : 3.026564517756924
6 : -7.589559647254646
7 : -0.20226700883358717
8 : -2.63365859631449
9 : -5.934290950186551
10 : -1.3230841755867004
11 : 3.8386662690900266
12 : -7.209067503921688
13 : -1.8332171419169754
14 : 6.848290033172816
15 : -0.5329841438215226
16 : -2.6915011457167566
17 : -1.0969084748066962
18 : -1.4818927980959415
19 : -5.748576542362571
20 : 0.6011842006118968
21 : -6.139061347581446
22 : -6.0010368978837505
23 : -1.016493537928909
24 : -1.799730067141354
25 : -4.062583518214524
26 : -1.218443808145821
27 : -2.4786108559928834
28 : -2.8576537766493857
29 : -1.6721799508668482
30 : -3.617428757250309
31 : -1.3853954262449406
32 : -1.9146555362676736
33 : -1.5171689335256815
34 : 3.516117783728987
35 : -1.4078265577554703
36 : -1.359985563904047
37 : 5.228052754886448
38 : -0.7221921463496983
39 : -2.961600515060127
40 : -2.0320113077759743
41 : -0.2869211947545409
42 : 1.031526330858469
43 : -1.707681117579341
44 : 1.4972633509896696
45 : -1.3370580575428903
46 : 1.9601670915726572
47 : -1.1156559102237225
48 : -2.1346863713115454
49 : -0.1068189861252904
50 : -3.9867777563631535
51 : -1.2728847227990627
52 : -1.3827725718729198
53 : 5.0617238252889365
54 : -10.225725464522839
55 : -0.6856819922104478
56 : -3.2016216452466324
57 : -0.8695786325260997
58 : -1.589517178479582
59 : -1.1793020558543503
60 : 0.45325604313984513
61 : -1.212375017348677
62 : -0.36798165645450354
63 : -1.0213227104395628
64 : -0.980905613861978
65 : 0.20758141251280904
66 : -1.5430970909073949
67 : -2.0008949218317866
68 : -1.6276619546115398
69 : -17.912644107593223
70 : 0.33257967606186867
71 : -5.611626516096294
72 : 0.2183501599356532
73 : 3.2642330257222056
74 : -1.2996642254292965
75 : 1.9863622221164405
76 : 4.501668487442657
77 : -0.06424573063850403
78 : -6.624064467847347
79 : -0.11081265937536955
80 : -0.10885141650214791
81 : 3.523365954402834
82 : -0.8423453085124493
83 : -1.1699620708823204
84 : -1.1423061527311802
85 : -11.49434791598469
86 : -1.5277072242461145
87 : -0.5580906849354506
88 : -11.989428832312115
89 : -1.205269368365407
90 : 0.48420480580534786
91 : -0.059235443361103535
92 : -1.9633427113294601
93 : -1.9012864287942648
94 : -2.8509647427126765
95 : -1.4822698582429439
96 : -2.717906467616558
97 : 1.007479733787477
98 : 0.9814033741131425
99 : -1.870552035048604
100 : -0.9359775958582759
101 : -4.50847578374669
102 : -1.3024623254314065
103 : -0.6332601457834244
104 : -1.060698717366904
105 : -1.7565346769988537
106 : 0.1996181453578174
107 : 1.6209799414500594
108 : -2.245430779643357
109 : -1.2227200660854578
110 : -1.185334243811667
111 : 2.694549923762679
112 : -1.1943148719146848
113 : 0.9136751384939998
114 : -2.8668064568191767
115 : -1.3719712067395449
116 : -1.4035730650648475
117 : -0.06282311724498868
118 : 0.21830390638206154
119 : -5.095160938799381
120 : -2.5022128340788186
121 : -7.562861569458619
122 : 1.8319108812138438
123 : -4.087186516262591
124 : -2.035856527276337
125 : -1.8745768032968044
126 : -10.136154120787978
127 : 8.02250841644127
128 : -0.13295360980555415
129 : -0.403688277117908
130 : 6.3207401894032955
131 : -2.8580676428973675
132 : -1.6523639736697078
133 : -1.6134313410148025
134 : 2.4175167959183455
135 : 11.132710446603596
136 : -0.942453277297318
137 : -1.2869441090151668
138 : -3.559921681880951
139 : -0.6871673911809921
140 : -1.6503552738577127
141 : 1.6426343200728297
142 : -2.237251911778003
143 : 1.673122862353921
144 : 0.18270503636449575
145 : -1.7187138525769114
146 : -0.8115256782621145
147 : -2.358280817512423
148 : -6.815645673312247
149 : -1.654897560365498
150 : -24.497687429189682
151 : -6.8884338373318315
152 : -0.9856360778212547
153 : -1.0441783918067813
154 : -0.3954623453319073
155 : -1.1047510150820017
156 : -8.186985690612346
157 : 0.9926215158775449
158 : -0.6305382568389177
159 : -6.543658965267241
160 : 4.196388100273907
161 : -1.2461542757228017
162 : -0.8911370392888784
163 : -2.055445734411478
164 : -2.2325471066869795
165 : 2.3251808313652873
166 : -0.5931993802078068
167 : -4.655019194819033
168 : -0.8946515349671245
169 : -2.3548260228708386
170 : -2.870739101432264
171 : 2.1968384869396687
172 : -2.1225037649273872
173 : -1.317916854051873
174 : 9.385808470658958
175 : 0.9607799937948585
176 : -5.356708164326847
177 : -2.418431101832539
178 : 5.466988110914826
179 : -1.145134009886533
180 : 3.691804375499487
181 : -2.2280143992975354
182 : 11.820769812911749
183 : -5.389102211222053
184 : -0.7852929579094052
185 : -0.23703576438128948
186 : -1.2951805801130831
187 : -1.4074139604344964
188 : -1.0785313546657562
189 : -1.5179144772700965
190 : -0.9383045099675655
191 : -2.8926356895826757
192 : -2.004760704934597
193 : 1.246920610545203
194 : -4.363265404943377
195 : -0.9643206242471933
196 : -1.440433984156698
197 : -0.9515121039003134
198 : 1.8021727493032813
199 : -8.788803773466498
200 : 8.825676153413951
201 : -2.4362074062228203
202 : -0.4289076798595488
203 : -0.20343743776902556
204 : -3.753313284367323
205 : -1.3033122001215816
206 : -0.5397317085880786
207 : -0.7473711539059877
208 : -2.380262393504381
209 : -2.93193737603724
210 : -2.411425675265491
211 : 9.099863628158346
212 : -1.1360936127603054
213 : -7.324958835262805
214 : 1.7170105520635843
215 : -1.2041333286324516
216 : -3.7467730529606342
217 : -2.915612570941448
218 : -6.766998760402203
219 : -2.165637457743287
220 : -1.0858293371275067
221 : -0.7859685169532895
222 : -1.6782649010419846
223 : -1.524724016431719
224 : -1.5515050254762173
225 : -3.406681999564171
226 : 6.432913403958082
227 : 5.512491125497036
228 : -1.2228805175982416
229 : -1.005398160777986
230 : -15.907332867966034
231 : 1.00300651229918
232 : 3.952293519861996
233 : -1.5202434082748368
234 : -1.251502739265561
235 : -1.0477376922499388
236 : -0.6978777479380369
237 : -3.062687411904335
238 : -2.156069348566234
239 : -6.904324684466701
240 : 2.9066508810501546
241 : -1.1008218694478273
242 : -1.8188376063480973
243 : 0.42560104839503765
244 : 1.0441871688235551
245 : -1.8712956854142249
246 : -1.070102646946907
247 : -1.6796295163221657
248 : -1.5390983163379133
249 : -1.0837361179292202
250 : 0.33349061012268066
251 : -4.4658662639558315
252 : -0.8231897568330169
253 : -2.206434426829219
254 : 2.2788618789054453
255 : -1.5600059879943728
256 : -1.8079128004610538
257 : -2.619804121553898
258 : 12.305437047965825
259 : 2.3321318374946713
260 : -0.15080871991813183
261 : 0.6786454347893596
262 : -1.2315672375261784
263 : -3.206819783896208
264 : -0.16222504898905754
265 : -2.5392999867908657
266 : -12.08783565228805
267 : 0.5856831427663565
268 : -2.765893009956926
269 : 7.650527265388519
270 : -2.234482898376882
271 : -0.37694377545267344
272 : -0.8726286417804658
273 : -1.328349164687097
274 : -1.6712156236171722
275 : -1.7006008671596646
276 : 1.1241944506764412
277 : -15.448088162578642
278 : 21.594594769645482
279 : -1.2170258266851306
280 : -1.4933457244187593
281 : -1.7410619356669486
282 : -2.2810137793421745
283 : -1.61733653023839
284 : 0.2225109483115375
285 : -1.4462964721024036
286 : 1.93344507785514
287 : 4.240772543475032
288 : -1.5691590132191777
289 : 9.490819990634918
290 : -0.9273676122538745
291 : -2.9825931224040687
292 : -8.646376453340054
293 : -2.6690503796562552
294 : -3.4306186120957136
295 : 22.744071756955236
296 : -2.132710489910096
297 : -1.044855265878141
298 : 6.751333235763013
299 : -1.1811497136950493
300 : 0.2794467774219811
301 : -0.9979855255223811
302 : -8.418731489451602
303 : -0.2721731187775731
304 : -1.1721184053458273
305 : 1.2479341137222946
306 : -15.583571021445096
307 : -1.7056401371955872
308 : -0.08995613269507885
309 : -5.899392977356911
310 : -1.614548921585083
311 : 2.9043081239797175
312 : 2.6608960619196296
313 : 3.2775192195549607
314 : 2.762304488569498
315 : -8.480325436219573
316 : -2.8328254502266645
317 : -6.980181412771344
318 : -3.9429574366658926
319 : -1.7555735316127539
320 : -4.067959013627842
321 : -0.4463597652502358
322 : -2.3147421926259995
323 : -1.6288237303961068
324 : 2.8161272974684834
325 : -1.84195039793849
326 : -1.4184613090474159
327 : -1.3710797308012843
328 : -1.7741442862898111
329 : 2.5661720549687743
330 : -2.9998605251312256
331 : 3.9023642097599804
332 : -7.163619288709015
333 : -6.108069029636681
334 : 2.8481861031614244
335 : -0.6364512564614415
336 : -1.334649740718305
337 : -0.9935725211398676
338 : -1.4257819508202374
339 : -1.3463074997998774
340 : -0.28813194250687957
341 : -3.854269202798605
342 : -2.290255689062178
343 : -0.9537723795510828
344 : 1.9385536289773881
345 : -0.6086357049643993
346 : -2.817206254694611
347 : -2.7655617768177763
348 : -0.9183237033430487
349 : 1.897563811391592
350 : -3.621804066002369
351 : -1.055182334035635
352 : -3.1554430946707726
353 : -2.2194655793718994
354 : 0.021266033872961998
355 : -1.2454979177564383
356 : -0.7971448116004467
357 : 1.8294325591996312
358 : -1.1120297387242317
359 : -3.4542059544473886
360 : -0.5414266353473067
361 : -1.4642647113651037
362 : -0.780516148544848
363 : -2.018434709869325
364 : -1.27309500426054
365 : -6.542358699720353
366 : 1.2390576377511024
367 : -2.0120911672711372
368 : -1.422130260616541
369 : -1.118619210086763
370 : 4.990022069774568
371 : 11.892574544763193
372 : 2.5820102337747812
373 : 13.651219421997666
374 : -1.3065864741802216
375 : -0.5818058336153626
376 : -1.426359192468226
377 : 1.3811301440000534
378 : -1.4502962222322822
379 : -1.2039198805578053
380 : -1.8884071595966816
381 : -3.339824730530381
382 : -1.5469341995194554
383 : -1.0453904806636274
384 : -1.4109954927116632
385 : -0.22437375108711421
386 : -10.479226642288268
387 : -0.35099648404866457
388 : -1.2106287693604827
389 : -1.3365192981436849
390 : 1.6116636176593602
391 : 1.307606247253716
392 : -0.9989465437829494
393 : -0.5411550179123878
394 : -0.98435821197927
395 : 1.4144755988381803
396 : 0.011943308170884848
397 : -0.44700112752616405
398 : -9.406258566305041
399 : -2.2481496618129313
400 : -0.7714861957356334
401 : 0.47715989081189036
402 : -2.000763504765928
403 : -1.4092364073731005
404 : -0.6525858603417873
405 : -0.9994096457958221
406 : -1.3987732962705195
407 : 4.224650324322283
408 : 3.664424720685929
409 : -2.357138391584158
410 : -1.8178287437185645
411 : -1.047437918605283
412 : -0.5126241976395249
413 : -0.7209222931414843
414 : 0.40659071784466505
415 : -1.3569178765174001
416 : -1.8456856734119356
417 : -0.6620253948494792
418 : -7.428422700613737
419 : -2.354918268858455
420 : -1.4925062225665897
421 : -0.9612336289137602
422 : 1.8236073413863778
423 : -7.772784000262618
424 : -3.5220527295023203
425 : -1.5557545349001884
426 : -0.8919577365741134
427 : -0.5881256256252527
428 : 0.5674512200057507
429 : 3.8234289628453553
430 : -1.9000401482917368
431 : -0.2951834248378873
432 : -13.621708124876022
433 : -1.591326974797994
434 : -1.4488411406055093
435 : -1.0657777190208435
436 : 0.6956118911039084
437 : -2.3123439252376556
438 : 4.15934392856434
439 : -0.8641614834778011
440 : -1.1717323556076735
441 : 2.4528882186859846
442 : -0.7456594104878604
443 : -2.1792440339922905
444 : 0.5519615709781647
445 : 3.8935311903478578
446 : 2.164961122907698
447 : -2.0034273331984878
448 : -1.23019396699965
449 : -1.1644440088421106
450 : 3.1420514173805714
451 : -1.6007769205607474
452 : -1.258756379596889
453 : -9.417360907886177
454 : -5.590817663818598
455 : 10.13221080135554
456 : -1.745693267788738
457 : 1.218726243590936
458 : -1.81749585038051
459 : -4.471643601544201
460 : -1.3278607670217752
461 : -14.189977155532688
462 : -1.8514638785272837
463 : -1.169869463890791
464 : -1.0683107157237828
465 : -12.87484496133402
466 : 2.8629296645522118
467 : -1.101815759204328
468 : -4.357189877424389
469 : -18.993925027549267
470 : 2.1370067950338125
471 : -3.0241531622596085
472 : -1.6010610377416015
473 : -0.7091157054528594
474 : -15.497898912988603
475 : -7.31600954150781
476 : -2.822987142018974
477 : -0.5400093048810959
478 : -2.314919477328658
479 : -0.7550910245627165
480 : -1.3385988865047693
481 : -0.6772728501819074
482 : -15.466960235498846
483 : -1.5779042579233646
484 : -1.4346001585945487
485 : -1.126734639517963
486 : -2.6094312062487006
487 : -11.80212026834488
488 : -1.5742888618260622
489 : -1.2760076350532472
490 : -1.469149187207222
491 : -7.719952292740345
492 : -1.5251911245286465
493 : 1.2453121081925929
494 : -1.3615522142499685
495 : -2.1757212774828076
496 : -3.85577788669616
497 : -1.641266671475023
498 : -1.902480661869049
499 : -1.128779272781685
500 : -1.3973823534324765
501 : -1.7860583467409015
502 : -1.1423203269951046
503 : 2.3029154469259083
504 : -1.9762817211449146
505 : -1.159243073198013
506 : -6.708510520402342
507 : -1.747502014040947
508 : -2.849603619426489
509 : -2.6315077506005764
510 : 9.949343754677102
511 : -1.3170543578453362
512 : -0.6208247477188706
513 : 0.43687844928354025
514 : -2.9452603422105312
515 : -3.383887754753232
516 : 0.17388409934937954
517 : 0.6587587706744671
518 : -1.8102966165170074
519 : -2.8258355754660442
520 : 0.703580082161352
521 : -2.7163751060143113
522 : -1.510680946521461
523 : 1.718192686792463
524 : -1.17892527859658
525 : -8.145514472853392
526 : 17.858300276100636
527 : -0.10555165074765682
528 : -1.0275952834635973
529 : -0.9120120783336461
530 : -1.457192671019584
531 : -0.6849844255484641
532 : -1.3750776760280132
533 : -1.079848594032228
534 : -1.175284754484892
535 : -0.815483839251101
536 : -1.8643155861645937
537 : -8.831722426693887
538 : 0.7812511657830328
539 : -1.1039463290944695
540 : 3.5637827570317313
541 : -0.8754463433288038
542 : 7.646900789346546
543 : 3.0358094917610288
544 : 0.7408881378360093
545 : -6.6822838094085455
546 : 5.174528494942933
547 : -2.360521794296801
548 : -2.517411459237337
549 : 1.728616788983345
550 : -2.57555575016886
551 : 0.08362333569675684
552 : -2.8522842843085527
553 : 4.143531492911279
554 : -0.6117233159020543
555 : -1.584474170114845
556 : -6.92327843233943
557 : 17.27557221823372
558 : -1.7057561920955777
559 : 12.213857045397162
560 : -1.617011047899723
561 : 5.529427394736558
562 : -0.8240623734891415
563 : 5.350657530128956
564 : -1.5583879156038165
565 : -2.4857710544019938
566 : -1.1392951332964003
567 : -1.200389281846583
568 : -1.845273264683783
569 : 1.5270010282984003
570 : -3.2117431052029133
571 : 1.2896278901025653
572 : 1.3006917308084667
573 : -1.1409352314658463
574 : -1.3960688225924969
575 : -0.814916210481897
576 : -1.6944460943341255
577 : -3.458054381859256
578 : -2.637944589368999
579 : -0.07839177316054702
580 : -1.3569908468052745
581 : 5.438454278628342
582 : 3.1583441346883774
583 : -2.360883453860879
584 : -3.3677480439655483
585 : -1.555851156823337
586 : -0.5995430322363973
587 : -1.3647843059152365
588 : -3.6278080083429813
589 : 2.540737522765994
590 : -5.019392859539948
591 : -1.0799154983833432
592 : -1.2774221189320087
593 : -0.5129440948367119
594 : -3.1185718970373273
595 : -0.8175517111085355
596 : -3.0153722278773785
597 : 1.6296964267967269
598 : -1.019167222082615
599 : -9.012011931743473
600 : -4.601982213323936
601 : -0.6380797466263175
602 : -7.068025786196813
603 : -9.022774865850806
604 : -5.813421382568777
605 : -5.087966654449701
606 : 0.2874049674719572
607 : -7.133342024870217
608 : 1.3368147537112236
609 : 7.510834461078048
610 : -1.888542851433158
611 : -4.126664602314122
612 : -1.0849906909279525
613 : -1.7702853712253273
614 : -1.0773435034789145
615 : -1.2873950563371181
616 : -6.007907808292657
617 : -1.5480013762135059
618 : 1.8178291292861104
619 : 1.5185637678951025
620 : 3.8715014960616827
621 : -2.638788523618132
622 : 2.0947140362113714
623 : -0.16010195668786764
624 : -1.168346763588488
625 : -1.5033131809905171
626 : -2.1002821722067893
627 : -1.2619404001161456
628 : 3.4375801999121904
629 : -1.018695795442909
630 : -1.155092805158347
631 : 3.800881084986031
632 : -1.3908276231959462
633 : -1.2072117794305086
634 : -2.898683757521212
635 : -6.427534109214321
636 : -0.9555128859356046
637 : -1.8619140982627869
638 : -1.4413992525078356
639 : 1.0230242973193526
640 : 1.2789180194959044
641 : 0.14742897218093276
642 : -1.4982627760618925
643 : -4.568174530752003
644 : -1.7810242781415582
645 : -1.6748057017102838
646 : -1.0394003000110388
647 : -2.9120849962346256
648 : -1.018239785451442
649 : -1.381285548210144
650 : 3.0269812885671854
651 : -1.987111147493124
652 : -2.8484536558389664
653 : -8.993259770562872
654 : 0.33318474842235446
655 : 1.4216651683673263
656 : -2.6905686259269714
657 : 2.391971167176962
658 : -1.9881060747429729
659 : -2.284039255231619
660 : -20.352910505607724
661 : -4.458210182376206
662 : -0.0004457780160009861
663 : -2.717688870616257
664 : -6.989074774552137
665 : -13.176568545401096
666 : -4.976143748732284
667 : -0.3030290063470602
668 : -5.05525362258777
669 : -1.7803484736941755
670 : -2.7778201098553836
671 : 2.0623314674012363
672 : -1.291241959668696
673 : -1.0236464734189212
674 : -2.7818603962659836
675 : 0.15450955752748996
676 : 3.5604957044124603
677 : -1.2050485732033849
678 : -14.222472198307514
679 : -2.8560662721283734
680 : -0.16120249684900045
681 : -0.8345668059773743
682 : -1.1547278952784836
683 : -0.7703574523329735
684 : 1.0805497891269624
685 : -1.026869165012613
686 : -4.58297417499125
687 : -3.5105565786361694
688 : -4.177210368216038
689 : -39.843121766112745
690 : -0.44468710105866194
691 : -1.5012456802651286
692 : -1.575689658522606
693 : -2.487156281247735
694 : -0.1324767991900444
695 : 2.1477159978821874
696 : -5.131512427236885
697 : -1.9272289699874818
698 : -1.3925496363081038
699 : -1.5223935134708881
700 : -2.8228862676769495
701 : -0.4652567192679271
702 : -0.723319424316287
703 : 6.27268184395507
704 : -6.125815913081169
705 : -3.0377525808289647
706 : -6.164536538533866
707 : -2.08243957022205
708 : -1.8693579998798668
709 : -8.120859071612358
710 : -2.533980160485953
711 : -4.155070286942646
712 : -0.2634172928519547
713 : 14.247671216726303
714 : -0.058372737839818
715 : -0.771688339766115
716 : -2.480871939100325
717 : -1.3173832423053682
718 : 1.8644838319160044
719 : -0.43289407435804605
720 : -3.620194733608514
721 : -4.79734069108963
722 : -1.8691249825060368
723 : -1.8815405890345573
724 : -2.0471417896915227
725 : -2.2968839360401034
726 : -6.6238850937224925
727 : 3.79162176232785
728 : 2.605977740138769
729 : -6.642364121973515
730 : -0.22299512289464474
731 : -13.148064309731126
732 : 0.25748336408287287
733 : 0.9704541955143213
734 : 16.387962497770786
735 : -1.043400937691331
736 : -14.469693270511925
737 : 9.459814920090139
738 : -3.77009465591982
739 : -1.297457944136113
740 : 1.167941676452756
741 : 3.167935999110341
742 : 6.744426975958049
743 : -1.9558159383013844
744 : -1.524103200994432
745 : 7.145083637908101
746 : -2.6087580458261073
747 : -7.492726660333574
748 : 2.0022964137606323
749 : -2.376748751848936
750 : 0.983718401286751
751 : -1.1314902128651738
752 : -1.5886635929346085
753 : -3.8811666388064623
754 : -1.5074308523908257
755 : -7.12049909576308
756 : 6.30057561583817
757 : 1.8073738478124142
758 : -1.3904106821864843
759 : -1.4373664297163486
760 : 1.4696718673221767
761 : -8.005326986312866
762 : 1.8585285926237702
763 : -2.754296275321394
764 : -0.18066392932087183
765 : -1.1797564532607794
766 : -3.059393980540335
767 : -8.505833335686475
768 : -1.5285295024514198
769 : 5.496417962014675
770 : 0.13177924021147192
771 : -1.2625965899787843
772 : -1.264780850149691
773 : 0.9721846003085375
774 : -3.224285027012229
775 : -1.8913759179413319
776 : -0.9751130621880293
777 : -1.7435143310576677
778 : -1.129384625237435
779 : 3.4333502370864153
780 : -2.0190928112715483
781 : -7.116377079859376
782 : -0.8943758280947804
783 : -2.5559233077801764
784 : -1.4904150813817978
785 : -1.351194255053997
786 : -1.7829292179085314
787 : 0.7727061631157994
788 : -1.2222172268666327
789 : -3.392048612702638
790 : -2.62009930703789
791 : -0.884764258749783
792 : 1.1256584040820599
793 : 5.943918710108846
794 : 3.479639071971178
795 : -1.0870066882343963
796 : 3.265705293044448
797 : -1.1047959523275495
798 : -4.184167778119445
799 : -7.825731186196208
800 : -1.7540136985480785
801 : -3.0916216243058443
802 : -4.012171390466392
803 : -1.338074203580618
804 : -0.7439129641279578
805 : -1.4672863213345408
806 : -2.477598042576574
807 : -6.103686637245119
808 : -2.3012914238497615
809 : -1.129110425710678
810 : -1.3722524554468691
811 : 5.131986957974732
812 : 2.362274352926761
813 : -0.998221542686224
814 : -0.8089378569275141
815 : -1.8402253878302872
816 : -1.2268724432215095
817 : 4.239207160659134
818 : -5.244218882638961
819 : 2.893022053176537
820 : 2.324604880530387
821 : 3.06812983751297
822 : -1.7273509847000241
823 : -3.943924298044294
824 : -1.355806662235409
825 : -1.284160502254963
826 : -1.960042541846633
827 : 2.128377099521458
828 : -0.1493789991363883
829 : -1.1449705520644784
830 : 0.6012246450409293
831 : 3.7036374043673277
832 : 1.919083459302783
833 : 6.309793178923428
834 : -1.1479986365884542
835 : 1.8859216070268303
836 : -4.534576367586851
837 : -1.0046773310750723
838 : -0.8786681029014289
839 : -2.9859260143712163
840 : -2.619424197822809
841 : -2.416220939718187
842 : -18.9819794180803
843 : -1.6638045595027506
844 : -0.2082156199030578
845 : -0.22218516236171126
846 : -1.0863001442048699
847 : 0.24963530525565147
848 : -0.9671574800740927
849 : 1.2892886428162456
850 : -1.4221090730279684
851 : 1.6509267166256905
852 : -1.7344148522242904
853 : -0.8413424221798778
854 : -0.2780708959326148
855 : -1.271598858293146
856 : -12.895323639269918
857 : -2.688117951154709
858 : -1.3294808343052864
859 : -1.0105512351728976
860 : -1.0417687566950917
861 : -3.7589708380401134
862 : -1.9219713155180216
863 : -1.1218254696577787
864 : 0.7170182201080024
865 : -2.156580147333443
866 : -5.861857628915459
867 : -1.3477855380624533
868 : 0.9591667968779802
869 : -1.313487907871604
870 : -1.647025198675692
871 : 11.018465583212674
872 : -0.9217226416803896
873 : -2.5194504261016846
874 : -1.6408849451690912
875 : -0.36186489276587963
876 : -2.8089331528171897
877 : 0.8760400284081697
878 : 6.127244206145406
879 : -0.030875430908054113
880 : 2.341419467702508
881 : 1.9212020374834538
882 : 0.7693275231868029
883 : -5.238836369011551
884 : -2.9852614030241966
885 : -1.4818148277699947
886 : -1.97535259462893
887 : 2.9498575581237674
888 : -1.4124082708731294
889 : -1.0342480321414769
890 : 2.040958778001368
891 : 5.995414498262107
892 : 4.626569506712258
893 : 21.655775134451687
894 : -1.9600246050395072
895 : -1.0052823657169938
896 : -3.4387619632761925
897 : 0.5376156978309155
898 : -1.3341805776581168
899 : -7.301407672464848
900 : -1.283866859972477
901 : -2.238815718796104
902 : -2.6678837053477764
903 : 4.210322459693998
904 : 7.585811072960496
905 : -11.985418815398589
906 : -1.7315002251416445
907 : -5.073074853979051
908 : -1.5984499044716358
909 : -0.9556716717779636
910 : 0.7657717363908887
911 : -1.172978837043047
912 : -3.523049384355545
913 : -1.1027377806603909
914 : -1.2506025731563568
915 : -9.919934783829376
916 : -1.0466520553454757
917 : -0.9132702756905928
918 : -1.3253267500549555
919 : -3.4667281950823963
920 : -0.4634653627872467
921 : 5.190313184633851
922 : 13.099447493441403
923 : -15.78388192364946
924 : -1.7941304240375757
925 : -1.2743125762790442
926 : -3.6300727535272017
927 : 2.2859913669526577
928 : -4.19629071932286
929 : 3.725076688453555
930 : 0.715015122666955
931 : -0.085242816247046
932 : -0.5144360717386007
933 : -0.5219423272646964
934 : -4.902724284678698
935 : -2.560752749443054
936 : -10.422434674110264
937 : 6.682883026544005
938 : -4.525063248816878
939 : 3.257626418489963
940 : -6.086235087364912
941 : 0.19455157779157162
942 : -4.180866589769721
943 : -2.7408796502277255
944 : -1.7620213562622666
945 : -1.7582214884459972
946 : -0.9542715433053672
947 : 0.8920792234130204
948 : 4.600639536511153
949 : -1.7630620170384645
950 : -0.9933117218315601
951 : -0.8724550898186862
952 : 4.1204024942126125
953 : -4.6451181741431355
954 : -0.35082831513136625
955 : -1.0224993121810257
956 : 3.0229961881414056
957 : -0.4158467687666416
958 : -1.0818115063011646
959 : 0.9020915548317134
960 : -1.8871440994553268
961 : -1.6378834685310721
962 : 6.692059703171253
963 : -2.7149284379556775
964 : 2.301963963545859
965 : -3.7769657857716084
966 : 6.4690055013634264
967 : -4.625044054817408
968 : -1.543199822306633
969 : -1.5274912752211094
970 : -1.144740085117519
971 : -0.7457064166665077
972 : 6.629373204428703
973 : -1.2177368302363902
974 : -1.3393685361370444
975 : -0.5759392576292157
976 : -1.3883449940476567
977 : -2.88731354707852
978 : -1.1358373407274485
979 : 0.44807986728847027
980 : -1.2380493870005012
981 : -1.5686081387102604
982 : -0.0521943187341094
983 : 1.1877838438376784
984 : -2.2695569340139627
985 : -3.030438529327512
986 : 8.425862615113147
987 : -2.968223577365279
988 : -4.7545974417589605
989 : -0.3306462662294507
990 : -0.3370999451726675
991 : -8.285744929453358
992 : 9.814838693477213
993 : -4.235725804232061
994 : -5.798901648260653
995 : -1.505632430780679
996 : -1.4952511554583907
997 : -2.9362206365913153
998 : -4.758470592554659
999 : -3.3936940766870975
Setting up 2 worker threads for Enlighten.
  Thread -> id: 7fe2a1c23700 -> priority: 1 
  Thread -> id: 7fe2a1422700 -> priority: 1 
2020-06-24 04:20:42 INFO [environment.py:418] Environment shut down with return code 0.
[I 2020-06-24 04:20:42,377] Finished trial#156 with value: -3.3936940766870975 with parameters: {'update_time_steps': 7168, 'ppo_epochs': 12, 'gamma': 0.9643623337187429, 'beta': 0.05620584756229149}. Best is trial#148 with value: -6.7115356754511595.
Found path: /home/j/jensenj/PycharmProjects/Federer-Jr./src/../crawler_single/linux/dynamic_server/crawler_dynamic.x86_64
Mono path[0] = '/home/j/jensenj/PycharmProjects/Federer-Jr./src/../crawler_single/linux/dynamic_server/crawler_dynamic_Data/Managed'
Mono config path = '/home/j/jensenj/PycharmProjects/Federer-Jr./src/../crawler_single/linux/dynamic_server/crawler_dynamic_Data/MonoBleedingEdge/etc'
Preloaded 'lib_burst_generated.so'
Preloaded 'libgrpc_csharp_ext.x64.so'
Initialize engine version: 2019.3.15f1 (59ff3e03856d)
[Subsystems] Discovering subsystems at path /home/j/jensenj/PycharmProjects/Federer-Jr./src/../crawler_single/linux/dynamic_server/crawler_dynamic_Data/UnitySubsystems
Forcing GfxDevice: Null
GfxDevice: creating device client; threaded=0
NullGfxDevice:
    Version:  NULL 1.0 [1.0]
    Renderer: Null Device
    Vendor:   Unity Technologies
Begin MonoManager ReloadAssembly
- Completed reload, in  0.095 seconds
WARNING: Shader Unsupported: 'Autodesk Interactive' - All passes removed
WARNING: Shader Did you use #pragma only_renderers and omit this platform?
UnloadTime: 0.394669 ms
Fallback handler could not load library /home/j/jensenj/PycharmProjects/Federer-Jr./src/../crawler_single/linux/dynamic_server/crawler_dynamic_Data/Mono/libcoreclr.so
Fallback handler could not load library /home/j/jensenj/PycharmProjects/Federer-Jr./src/../crawler_single/linux/dynamic_server/crawler_dynamic_Data/Mono/libcoreclr.so
Fallback handler could not load library /home/j/jensenj/PycharmProjects/Federer-Jr./src/../crawler_single/linux/dynamic_server/crawler_dynamic_Data/Mono/libcoreclr.so
Fallback handler could not load library /home/j/jensenj/PycharmProjects/Federer-Jr./src/../crawler_single/linux/dynamic_server/crawler_dynamic_Data/Mono/libSystem.dylib
Fallback handler could not load library /home/j/jensenj/PycharmProjects/Federer-Jr./src/../crawler_single/linux/dynamic_server/crawler_dynamic_Data/Mono/libSystem.dylib.so
Fallback handler could not load library /home/j/jensenj/PycharmProjects/Federer-Jr./src/../crawler_single/linux/dynamic_server/crawler_dynamic_Data/Mono/libSystem.dylib
Fallback handler could not load library /home/j/jensenj/PycharmProjects/Federer-Jr./src/../crawler_single/linux/dynamic_server/crawler_dynamic_Data/Mono/libcoreclr.so
Fallback handler could not load library /home/j/jensenj/PycharmProjects/Federer-Jr./src/../crawler_single/linux/dynamic_server/crawler_dynamic_Data/Mono/libcoreclr.so
Fallback handler could not load library /home/j/jensenj/PycharmProjects/Federer-Jr./src/../crawler_single/linux/dynamic_server/crawler_dynamic_Data/Mono/libcoreclr.so
Fallback handler could not load library /home/j/jensenj/PycharmProjects/Federer-Jr./src/../crawler_single/linux/dynamic_server/crawler_dynamic_Data/Mono/libSystem.dylib
Fallback handler could not load library /home/j/jensenj/PycharmProjects/Federer-Jr./src/../crawler_single/linux/dynamic_server/crawler_dynamic_Data/Mono/libSystem.dylib.so
Fallback handler could not load library /home/j/jensenj/PycharmProjects/Federer-Jr./src/../crawler_single/linux/dynamic_server/crawler_dynamic_Data/Mono/libSystem.dylib
2020-06-24 04:20:43 INFO [environment.py:108] Connected to Unity environment with package version 1.0.2 and communication version 1.0.0
2020-06-24 04:20:43 INFO [environment.py:265] Connected new brain:
CrawlerDynamic?team=0
2020-06-24 04:20:43 WARNING [__init__.py:92] The environment contains multiple observations. You must define allow_multiple_obs=True to receive them all. Otherwise, only the first visual observation (or vector observation ifthere are no visual observations) will be provided in the observation.
{'nr_output_features': 20, 'nr_input_features': 126, 'env': <gym_unity.envs.UnityToGymWrapper object at 0x7fe48706c908>, 'alpha': 0.003, 'tau': 0.95, 'clip': 0.2, 'minibatch_size': 32, 'hidden_units': 512, 'update_time_steps': 6144, 'ppo_epochs': 8, 'gamma': 0.9516861926228805, 'beta': 0.04933825715643264}
0 : -3.2597627700306475
1 : -0.7395039449911565
2 : -1.1016748063266277
3 : -1.7073826268315315
4 : -0.7319007590413094
5 : 0.9525300008244812
6 : -0.9310859167017043
7 : -0.3924845550209284
8 : -1.5166967194527388
9 : 5.026465821429156
10 : -10.244752031983808
11 : -1.1081935577094555
12 : -1.596837678924203
13 : -5.232568088918924
14 : -2.294894756283611
15 : -2.5817595217376947
16 : 0.411891415133141
17 : -8.02509680390358
18 : -1.3979593622498214
19 : -28.532546042464674
20 : -1.5061450581997633
21 : -8.529022900387645
22 : -1.8459131941199303
23 : 7.593770927283913
24 : -1.5659844279289246
25 : -3.9438230954110622
26 : -0.9619655543938279
27 : -0.888026149943471
28 : -1.1756565431132913
29 : -2.217360015027225
30 : -1.1664794692769647
31 : -2.8030431419610977
32 : 3.746861219871789
33 : -1.502336991019547
34 : -5.924286223016679
35 : -2.169498071074486
36 : -1.3442352479323745
37 : 19.02587116509676
38 : -1.8821135209873319
39 : -1.1158475379925221
40 : -1.0832604886963964
41 : -0.5493649016134441
42 : 0.5034466455690563
43 : 10.780857192585245
44 : 10.891402534209192
45 : -5.861777875572443
46 : 12.767545958049595
47 : -3.8842205363325775
48 : 4.173935488506686
49 : -0.1797285721404478
50 : -1.4141579833813012
51 : -1.5397330410778522
52 : -1.2681028250954114
53 : 0.7406459068879485
54 : -1.8457419406622648
55 : 2.6257621310651302
56 : -4.758683260530233
57 : 0.15943658584728837
58 : -3.7630856800824404
59 : -9.934295471786754
60 : -1.30640172585845
61 : -5.3047331881243736
62 : -4.405353955924511
63 : 2.776734589599073
64 : 0.4909940008074045
65 : -1.2689604489132762
66 : -1.0177698694169521
67 : 5.38131726696156
68 : -2.1037469059228897
69 : 0.14515689481049776
70 : -1.9897042433731258
71 : -0.8881105151958764
72 : 3.1350998617708683
73 : -0.9588273139670491
74 : -1.6401906535029411
75 : -0.32368696201592684
76 : 1.3736603264696896
77 : -1.5540975164622068
78 : -2.9306839206255972
79 : -0.4314141031354666
80 : -3.3636423060670495
81 : -13.706022895872593
82 : -0.6672368356958032
83 : -5.953543271869421
84 : -1.0880176713690162
85 : -1.566603237297386
86 : -1.3572492422536016
87 : -6.258499834686518
88 : -6.006740329787135
89 : 0.006986682419665158
90 : -2.4924438181333244
91 : -5.37697987165302
92 : -5.53928157966584
93 : -3.7348179584369063
94 : -1.4046688172966242
95 : -1.4419067245908082
96 : -3.462969982996583
97 : -1.8998606465756893
98 : -0.15019947243854403
99 : -2.0413982630707324
100 : -1.2070262916386127
101 : -1.534587336704135
102 : -0.9263116950169206
103 : -1.7122067930176854
104 : 3.7728128312155604
105 : -2.0250613349489868
106 : -2.575596402864903
107 : -0.9507157895714045
108 : -1.347469354979694
109 : -8.892773381783627
110 : 2.3686283039860427
111 : -1.2147102628368884
112 : -1.0878835022449493
113 : 1.0104051064699888
114 : 4.688166124746203
115 : -0.7582103572785854
[W 2020-06-24 04:24:55,719] Setting status of trial#192 as TrialState.FAIL because of the following error: ValueError('array split does not result in an equal division',)
Traceback (most recent call last):
  File "/home/j/jensenj/.local/lib/python3.6/site-packages/numpy/lib/shape_base.py", line 867, in split
    len(indices_or_sections)
TypeError: object of type 'int' has no len()

During handling of the above exception, another exception occurred:

Traceback (most recent call last):
  File "/home/j/jensenj/.local/lib/python3.6/site-packages/optuna/study.py", line 734, in _run_trial
    result = func(trial)
  File "main-optuna.py", line 88, in objective
    returns = [episode(env, agent, params, writer, i) for i in range(training_episodes)]
  File "main-optuna.py", line 88, in <listcomp>
    returns = [episode(env, agent, params, writer, i) for i in range(training_episodes)]
  File "main-optuna.py", line 40, in episode
    agent.update(next_state)
  File "/home/j/jensenj/PycharmProjects/Federer-Jr./src/ppo.py", line 140, in update
    for states, actions, old_log_probs, returns, advantages in self.memory.sample_batch(self.minibatch_size, next_value):
  File "/home/j/jensenj/PycharmProjects/Federer-Jr./src/ppo.py", line 44, in sample_batch
    ids = np.split(ids, batch_size // minibatch_size)
  File "<__array_function__ internals>", line 6, in split
  File "/home/j/jensenj/.local/lib/python3.6/site-packages/numpy/lib/shape_base.py", line 873, in split
    'array split does not result in an equal division')
ValueError: array split does not result in an equal division
Traceback (most recent call last):
  File "/home/j/jensenj/.local/lib/python3.6/site-packages/numpy/lib/shape_base.py", line 867, in split
    len(indices_or_sections)
TypeError: object of type 'int' has no len()

During handling of the above exception, another exception occurred:

Traceback (most recent call last):
  File "main-optuna.py", line 103, in <module>
    study.optimize(objective, n_trials=1000)
  File "/home/j/jensenj/.local/lib/python3.6/site-packages/optuna/study.py", line 339, in optimize
    func, n_trials, timeout, catch, callbacks, gc_after_trial, None
  File "/home/j/jensenj/.local/lib/python3.6/site-packages/optuna/study.py", line 682, in _optimize_sequential
    self._run_trial_and_callbacks(func, catch, callbacks, gc_after_trial)
  File "/home/j/jensenj/.local/lib/python3.6/site-packages/optuna/study.py", line 713, in _run_trial_and_callbacks
    trial = self._run_trial(func, catch, gc_after_trial)
  File "/home/j/jensenj/.local/lib/python3.6/site-packages/optuna/study.py", line 734, in _run_trial
    result = func(trial)
  File "main-optuna.py", line 88, in objective
    returns = [episode(env, agent, params, writer, i) for i in range(training_episodes)]
  File "main-optuna.py", line 88, in <listcomp>
    returns = [episode(env, agent, params, writer, i) for i in range(training_episodes)]
  File "main-optuna.py", line 40, in episode
    agent.update(next_state)
  File "/home/j/jensenj/PycharmProjects/Federer-Jr./src/ppo.py", line 140, in update
    for states, actions, old_log_probs, returns, advantages in self.memory.sample_batch(self.minibatch_size, next_value):
  File "/home/j/jensenj/PycharmProjects/Federer-Jr./src/ppo.py", line 44, in sample_batch
    ids = np.split(ids, batch_size // minibatch_size)
  File "<__array_function__ internals>", line 6, in split
  File "/home/j/jensenj/.local/lib/python3.6/site-packages/numpy/lib/shape_base.py", line 873, in split
    'array split does not result in an equal division')
ValueError: array split does not result in an equal division
Setting up 2 worker threads for Enlighten.
  Thread -> id: 7f7d3f7fe700 -> priority: 1 
  Thread -> id: 7f7d3effd700 -> priority: 1 
2020-06-24 04:24:55 INFO [environment.py:418] Environment shut down with return code 0.
