slurmstepd-frommbach: error: Unable to create TMPDIR [/tmp/user/30108]: Permission denied
slurmstepd-frommbach: error: Setting TMPDIR to /tmp
Found path: /home/j/jensenj/PycharmProjects/Federer-Jr./src/../crawler_single/linux/dynamic_server/crawler_dynamic.x86_64
Mono path[0] = '/home/j/jensenj/PycharmProjects/Federer-Jr./src/../crawler_single/linux/dynamic_server/crawler_dynamic_Data/Managed'
Mono config path = '/home/j/jensenj/PycharmProjects/Federer-Jr./src/../crawler_single/linux/dynamic_server/crawler_dynamic_Data/MonoBleedingEdge/etc'
Preloaded 'lib_burst_generated.so'
Preloaded 'libgrpc_csharp_ext.x64.so'
Initialize engine version: 2019.3.15f1 (59ff3e03856d)
[Subsystems] Discovering subsystems at path /home/j/jensenj/PycharmProjects/Federer-Jr./src/../crawler_single/linux/dynamic_server/crawler_dynamic_Data/UnitySubsystems
Forcing GfxDevice: Null
GfxDevice: creating device client; threaded=0
NullGfxDevice:
    Version:  NULL 1.0 [1.0]
    Renderer: Null Device
    Vendor:   Unity Technologies
Begin MonoManager ReloadAssembly
- Completed reload, in  0.098 seconds
WARNING: Shader Unsupported: 'Autodesk Interactive' - All passes removed
WARNING: Shader Did you use #pragma only_renderers and omit this platform?
UnloadTime: 0.439309 ms
Fallback handler could not load library /home/j/jensenj/PycharmProjects/Federer-Jr./src/../crawler_single/linux/dynamic_server/crawler_dynamic_Data/Mono/libcoreclr.so
Fallback handler could not load library /home/j/jensenj/PycharmProjects/Federer-Jr./src/../crawler_single/linux/dynamic_server/crawler_dynamic_Data/Mono/libcoreclr.so
Fallback handler could not load library /home/j/jensenj/PycharmProjects/Federer-Jr./src/../crawler_single/linux/dynamic_server/crawler_dynamic_Data/Mono/libcoreclr.so
Fallback handler could not load library /home/j/jensenj/PycharmProjects/Federer-Jr./src/../crawler_single/linux/dynamic_server/crawler_dynamic_Data/Mono/libSystem.dylib
Fallback handler could not load library /home/j/jensenj/PycharmProjects/Federer-Jr./src/../crawler_single/linux/dynamic_server/crawler_dynamic_Data/Mono/libSystem.dylib.so
Fallback handler could not load library /home/j/jensenj/PycharmProjects/Federer-Jr./src/../crawler_single/linux/dynamic_server/crawler_dynamic_Data/Mono/libSystem.dylib
Fallback handler could not load library /home/j/jensenj/PycharmProjects/Federer-Jr./src/../crawler_single/linux/dynamic_server/crawler_dynamic_Data/Mono/libcoreclr.so
Fallback handler could not load library /home/j/jensenj/PycharmProjects/Federer-Jr./src/../crawler_single/linux/dynamic_server/crawler_dynamic_Data/Mono/libcoreclr.so
Fallback handler could not load library /home/j/jensenj/PycharmProjects/Federer-Jr./src/../crawler_single/linux/dynamic_server/crawler_dynamic_Data/Mono/libcoreclr.so
Fallback handler could not load library /home/j/jensenj/PycharmProjects/Federer-Jr./src/../crawler_single/linux/dynamic_server/crawler_dynamic_Data/Mono/libSystem.dylib
Fallback handler could not load library /home/j/jensenj/PycharmProjects/Federer-Jr./src/../crawler_single/linux/dynamic_server/crawler_dynamic_Data/Mono/libSystem.dylib.so
Fallback handler could not load library /home/j/jensenj/PycharmProjects/Federer-Jr./src/../crawler_single/linux/dynamic_server/crawler_dynamic_Data/Mono/libSystem.dylib
/home/j/jensenj/.local/lib/python3.6/site-packages/tensorboard/compat/tensorflow_stub/dtypes.py:541: FutureWarning: Passing (type, 1) or '1type' as a synonym of type is deprecated; in a future version of numpy, it will be understood as (type, (1,)) / '(1,)type'.
  _np_qint8 = np.dtype([("qint8", np.int8, 1)])
/home/j/jensenj/.local/lib/python3.6/site-packages/tensorboard/compat/tensorflow_stub/dtypes.py:542: FutureWarning: Passing (type, 1) or '1type' as a synonym of type is deprecated; in a future version of numpy, it will be understood as (type, (1,)) / '(1,)type'.
  _np_quint8 = np.dtype([("quint8", np.uint8, 1)])
/home/j/jensenj/.local/lib/python3.6/site-packages/tensorboard/compat/tensorflow_stub/dtypes.py:543: FutureWarning: Passing (type, 1) or '1type' as a synonym of type is deprecated; in a future version of numpy, it will be understood as (type, (1,)) / '(1,)type'.
  _np_qint16 = np.dtype([("qint16", np.int16, 1)])
/home/j/jensenj/.local/lib/python3.6/site-packages/tensorboard/compat/tensorflow_stub/dtypes.py:544: FutureWarning: Passing (type, 1) or '1type' as a synonym of type is deprecated; in a future version of numpy, it will be understood as (type, (1,)) / '(1,)type'.
  _np_quint16 = np.dtype([("quint16", np.uint16, 1)])
/home/j/jensenj/.local/lib/python3.6/site-packages/tensorboard/compat/tensorflow_stub/dtypes.py:545: FutureWarning: Passing (type, 1) or '1type' as a synonym of type is deprecated; in a future version of numpy, it will be understood as (type, (1,)) / '(1,)type'.
  _np_qint32 = np.dtype([("qint32", np.int32, 1)])
/home/j/jensenj/.local/lib/python3.6/site-packages/tensorboard/compat/tensorflow_stub/dtypes.py:550: FutureWarning: Passing (type, 1) or '1type' as a synonym of type is deprecated; in a future version of numpy, it will be understood as (type, (1,)) / '(1,)type'.
  np_resource = np.dtype([("resource", np.ubyte, 1)])
2020-06-24 03:42:32 INFO [environment.py:108] Connected to Unity environment with package version 1.0.2 and communication version 1.0.0
2020-06-24 03:42:32 INFO [environment.py:265] Connected new brain:
CrawlerDynamic?team=0
2020-06-24 03:42:32 WARNING [__init__.py:92] The environment contains multiple observations. You must define allow_multiple_obs=True to receive them all. Otherwise, only the first visual observation (or vector observation ifthere are no visual observations) will be provided in the observation.
/home/j/jensenj/.local/lib/python3.6/site-packages/gym/logger.py:30: UserWarning: WARN: Box bound precision lowered by casting to float32
  warnings.warn(colorize('%s: %s'%('WARN', msg % args), 'yellow'))
{'nr_output_features': 20, 'nr_input_features': 126, 'env': <gym_unity.envs.UnityToGymWrapper object at 0x7f33c60dbeb8>, 'alpha': 0.003, 'tau': 0.95, 'clip': 0.2, 'minibatch_size': 32, 'hidden_units': 512, 'update_time_steps': 7168, 'ppo_epochs': 12, 'gamma': 0.9643768592903277, 'beta': 0.056869634065050474}
0 : -1.5418508392758667
1 : 0.3272341275587678
2 : -11.571336626075208
3 : -2.3304455121979117
4 : 0.8736762851476669
5 : 0.25717636197805405
6 : -1.519007621333003
7 : -7.267161764204502
8 : -1.328022986650467
9 : -3.1614607982337475
10 : 1.2307079704478383
11 : -1.9478718023747206
12 : -1.501201232895255
13 : -1.169064837275073
14 : -3.12743025040254
15 : -3.1946620931848884
16 : -2.73417679220438
17 : -1.5359675828367472
18 : -1.1537116370163858
19 : -1.131407218053937
20 : 1.3760968437418342
21 : -6.290985627623741
22 : -0.9673511879518628
23 : -1.2597143948078156
24 : -1.9275728464126587
25 : -0.7055154955014586
26 : -1.0872457874938846
27 : -3.463555251248181
28 : -16.771593380253762
29 : -1.187964272685349
30 : -0.29320348892360926
31 : -3.2934589518699795
32 : -0.4222615947946906
33 : 3.2127201757393777
34 : -7.447691798210144
35 : -2.4420052490895614
36 : -0.2607257477939129
37 : 5.4391795778647065
38 : -1.1336585814133286
39 : 15.830262875184417
40 : -1.1580544703174382
41 : -1.019729983061552
42 : -0.48529845708981156
43 : -2.216999319382012
44 : -1.150896172504872
45 : -0.8866417405661196
46 : -1.3317621622700244
47 : -1.231427683494985
48 : -1.9170968942344189
49 : -1.4664050524588674
50 : -0.9854790270328522
51 : -1.2111388929188251
52 : -1.3291616863571107
53 : -1.897470373660326
54 : 0.979347325861454
55 : 0.5678574852645397
56 : -1.6389899300411344
57 : -1.2994217895902693
58 : -1.1625458537600935
59 : -3.4483752637170255
60 : 2.6609859289601445
61 : -1.7205858851084486
62 : -1.3934419117867947
63 : 2.8928371891379356
64 : -1.2851582504808903
65 : 4.233982907608151
66 : -1.9858664479106665
67 : -1.1642100038006902
68 : -0.9589462587609887
69 : 0.9014672320336103
70 : -2.773773075081408
71 : -1.7772225849330425
72 : -0.8717188546434045
73 : -1.3979924800805748
74 : -1.2362238559871912
75 : 7.064455506391823
76 : 0.8824984468519688
77 : -1.6381703605875373
78 : -2.3013777676969767
79 : -0.8195126792415977
80 : -1.1347329621203244
81 : -3.0039423648267984
82 : -0.08742730598896742
83 : 3.343906153459102
84 : 1.7349682268686593
85 : -1.143416702747345
86 : -1.3309135008603334
87 : -5.71851060539484
88 : -1.808180082589388
89 : -1.4453469011932611
90 : 2.9845790923573077
91 : -1.0255508469417691
92 : -0.7076056860387325
93 : -2.0229512779042125
94 : 0.41500041587278247
95 : -0.3208002485334873
96 : -0.774922700598836
97 : -2.9504023045301437
98 : -1.7614578362554312
99 : -1.0005289912223816
100 : -1.3454313366673887
101 : -2.5326050324365497
102 : -1.8172606085427105
103 : -1.7605444164946675
104 : -1.648887887597084
105 : -1.818916194140911
106 : -1.0460925111547112
107 : -1.4937780518084764
108 : -0.9545555785298347
109 : -1.036902938503772
110 : -6.615825467510149
111 : -1.449896143283695
112 : -1.5088702850043774
113 : -1.602758016437292
114 : -11.375640225596726
115 : 2.083562107756734
116 : -1.6581099489703774
117 : -3.070438727736473
118 : -1.829081378877163
119 : 11.834339099470526
120 : -2.0569421853870153
121 : -2.0538439229130745
122 : -1.3588643884286284
123 : -0.9392907302826643
124 : 0.1090998942963779
125 : -1.0551394363865256
126 : -0.04060947662219405
127 : -1.783666200004518
128 : -1.2734413519501686
129 : -1.8377724643796682
130 : -3.5300081372261047
131 : -0.7691950025036931
132 : -1.5764387715607882
133 : -5.8031094670295715
134 : -0.6342406179755926
135 : 2.797405367717147
136 : -0.9948165914975107
137 : -0.9399917232804
138 : -0.9771647164598107
139 : -1.0815311605110765
140 : -1.2527993364201393
141 : -1.1739224130287766
142 : 0.5141438781283796
143 : -0.3983766511082649
144 : -0.7890344252809882
145 : -1.429414289072156
146 : -0.8186080045998096
147 : -0.9448009408079088
148 : -1.381529226899147
149 : -0.5842091543599963
150 : 0.08413822448346764
151 : -12.201737809926271
152 : -0.7738708332180977
153 : -7.838476673699915
154 : -0.6111034769564867
155 : -1.0475129503756762
156 : -1.5166563778184354
157 : -0.25549298245459795
158 : -7.550620686262846
159 : 2.6535636433400214
160 : -1.081620506476611
161 : 0.5363723682239652
162 : -1.5656388839706779
163 : -2.807240462861955
164 : 2.1121239908970892
165 : -2.6839692182838917
166 : -1.5274559371173382
167 : -7.902619808446616
168 : -1.3751498870551586
169 : -3.042717158445157
170 : -1.896350558847189
171 : -1.1368799046613276
172 : -1.0862953555770218
173 : -1.1328423677477986
174 : -2.153440982103348
175 : -1.2690762616693974
176 : 6.974046571180224
177 : -0.83704415243119
178 : -1.368945516180247
179 : 4.215062188915908
180 : 1.7279334305785596
181 : -1.0799983954057097
182 : -0.8228615503758192
183 : -1.5798733327537775
184 : 0.6971213407814503
185 : -0.5661613224074244
186 : -0.4389012949541211
187 : -1.6865306107793003
188 : 11.612851188983768
189 : -1.0704482709988952
190 : -7.861481205560267
191 : -1.3644205406308174
192 : -3.098835320211947
193 : -3.633317478466779
194 : -5.999166000634432
195 : -1.0307716433890164
196 : -1.7811981183476746
197 : -7.019461772637442
198 : -1.532595980912447
199 : -0.9994503362104297
200 : -0.016091059893369675
201 : -1.7092000376433134
202 : -1.0065907817333937
203 : -1.3097020983695984
204 : -1.072689681313932
205 : -0.3578928243368864
206 : -1.2119995718821883
207 : -1.6453280476853251
208 : -1.2952960152179003
209 : -1.0147472117096186
210 : -0.44015613850206137
211 : -1.0796608151867986
212 : -2.247110640630126
213 : -1.3869382180273533
214 : 7.354749178979546
215 : -0.6955452896654606
216 : -2.1255036797374487
217 : -1.8487062714993954
218 : 0.2209133766591549
219 : 3.1767625883221626
220 : -1.5108226910233498
221 : -2.5687314006499946
222 : -9.403160398826003
223 : 3.029183552134782
224 : 0.16082833206746727
225 : 0.9373426991514862
226 : -1.895528874360025
227 : -1.3821237459778786
228 : 8.82244600285776
229 : -1.3247215449810028
230 : -1.1666282792575657
231 : -4.287251578643918
232 : -3.573456714861095
233 : -1.5359250586479902
234 : -1.1475899321958423
235 : -0.6187096228823066
236 : 2.6127040601568297
237 : -1.0814473778009415
238 : -0.06829854380339384
239 : -4.52558503113687
240 : -1.6227414370514452
241 : -1.5557152051478624
242 : -0.761097779031843
243 : -1.80870277620852
244 : -2.13340091239661
245 : -0.5688574623782188
246 : -8.818230400793254
247 : 4.511176571715623
248 : -9.815715630538762
249 : -2.5436315163969994
250 : 0.8382636522874236
251 : -0.9522784817963839
252 : -1.2511027881409973
253 : -1.0590415459591895
254 : -6.215142140164971
255 : -6.640184748917818
256 : -1.0299422489479184
257 : -0.37666188599541783
258 : -0.9185592322610319
259 : -1.0644615832716227
260 : -1.2278401535004377
261 : -1.3543453644961119
262 : 2.0736653306521475
263 : 4.071735163684934
264 : -3.316078989766538
265 : 5.861954962834716
266 : -1.389097117818892
267 : -1.5650850567035377
268 : -1.5869933255016804
269 : -1.1112568881362677
270 : -1.7461565425619483
271 : -1.9436532966792583
272 : -1.23261624481529
273 : -2.6149507761001587
274 : -5.5354576874524355
275 : -0.5409073140472174
276 : -0.8785577961243689
277 : -1.5457436982542276
278 : -1.402361321495846
279 : -0.9708328074775636
280 : -1.5312896501272917
281 : 0.08836691034957767
282 : -1.0753155779093504
283 : -4.3389048390090466
284 : -2.5196050140075386
285 : -1.53460125438869
286 : -1.415508826263249
287 : -1.2455745488405228
288 : -4.947728097438812
289 : 4.791692404774949
290 : 0.32189785595983267
291 : -1.5153147708624601
292 : 6.19595536775887
293 : 4.570905711501837
294 : -2.242680869065225
295 : -1.1180900242179632
296 : -2.6399221108295023
297 : -7.695649943314493
298 : -1.5495151951909065
299 : -0.31545830564573407
300 : 1.401734046638012
301 : -5.647180333733559
302 : -1.9842825750820339
303 : -0.9584674541838467
304 : 2.100659741088748
305 : 0.417562966234982
306 : 0.64408303424716
307 : -1.2757654315792024
308 : -0.8863157937303185
309 : 0.4475738676264882
310 : -1.8577514374628663
311 : -1.3136253403499722
312 : 1.8447861238382757
313 : -8.30807440704666
314 : -1.8103093728423119
315 : -1.0335835628211498
316 : -3.1610305439680815
317 : -1.6867227023467422
318 : -1.5871114060282707
319 : -3.9668346606194973
320 : -1.3158935201354325
321 : -1.1775521179661155
322 : 2.7257313351146877
323 : 3.005652153864503
324 : -1.058491375297308
325 : 0.45955838821828365
326 : -1.2918111411854625
327 : -0.680842412635684
328 : -2.4275877731852233
329 : -1.3078892398625612
330 : -9.807847984135151
331 : -3.027406392619014
332 : -3.624375034123659
333 : -1.1155649274587631
334 : -0.3421353753656149
335 : -2.569808802101761
336 : -0.997755145188421
337 : 3.3314737000036985
338 : -1.4198142550885677
339 : -0.9098289171233773
340 : -1.706297620665282
341 : -1.6572875063866377
342 : -0.8573123542591929
343 : -1.4213403491303325
344 : -0.9034227207303047
345 : -1.5280069131404161
346 : -1.8959421887993813
347 : -2.698110511060804
348 : -3.084995487704873
349 : 7.105643603950739
350 : -1.3737767380662262
351 : -1.3294050227850676
352 : 3.1861049188300967
353 : -1.7344470769166946
354 : -1.0912695564329624
355 : 0.44388216151855886
356 : -1.8714207806624472
357 : -2.226347607560456
358 : -3.978497768752277
359 : -0.34904351457953453
360 : -6.129262091591954
361 : -1.191558669321239
362 : 3.6320888306945562
363 : 0.07257015607319772
364 : -1.0984780956059694
365 : -0.9844445018097758
366 : -1.508539643138647
367 : -5.398501306772232
368 : 0.7872775979340076
369 : -1.3424636628478765
370 : -1.3383692353963852
371 : -1.4638593345880508
372 : -1.3249951931647956
373 : -1.0288251545280218
374 : -1.3487612595781684
375 : 2.882350684143603
376 : -3.309303943067789
377 : -3.9138894993811846
378 : -0.9908589823171496
379 : -4.208850463852286
380 : -2.3255446506664157
381 : -2.739305241499096
382 : -0.09074173122644424
383 : -5.2480300683528185
384 : 0.6096418122760952
385 : -3.7515428415499628
386 : -1.2309888247400522
387 : -6.12558313831687
388 : -1.3076415229588747
389 : -0.8238099180161953
390 : -0.8948382269591093
391 : -1.290377404075116
392 : 6.000663285143673
393 : -1.8178091123700142
394 : 4.630135991610587
395 : -2.252557210624218
396 : -8.007791936397552
397 : -1.7668858878314495
398 : -0.869720068294555
399 : -1.7492121828254312
400 : -0.40480127884075046
401 : 0.4728976748883724
402 : 3.72583840880543
403 : -4.3199954042211175
404 : -1.2326727821491659
405 : -1.256335198879242
406 : 5.634885834529996
407 : -5.1663340497761965
408 : 0.496692344895564
409 : 2.6260530748404562
410 : -2.5628577074967325
411 : -1.0240663383156061
412 : -0.9599163895472884
413 : -0.5855173133313656
414 : -8.518811324844137
415 : -0.21370525704696774
416 : 0.5684450743719935
417 : -1.5755430404096842
418 : -5.219805197790265
419 : -2.584751147776842
420 : 0.7071206318214536
421 : -3.9919782648794353
422 : 0.5008951784111559
423 : 1.1407740972936153
424 : -1.9902072018012404
425 : -3.7258313484489918
426 : -4.5693001905456185
427 : -1.4993739873170853
428 : -3.942817240487784
429 : -1.7748331855982542
430 : -1.2961232259403914
431 : -8.590697037056088
432 : 3.294739870354533
433 : 9.62267806660384
434 : -1.659563790075481
435 : 2.3567656413652003
436 : -1.7377817146480083
437 : 3.1140096448361874
438 : -1.35550591442734
439 : -7.36868707370013
440 : 8.41139290202409
441 : 2.4048714097589254
442 : -1.4653750341385603
443 : -0.865061760880053
444 : -0.42556497175246477
445 : 6.733432983979583
446 : -1.4927663384005427
447 : -1.5534662688151002
448 : -0.5465517230331898
449 : -1.2857089210301638
450 : -1.1325169298797846
451 : -0.9232643395662308
452 : -10.066568488720804
453 : 1.6060451194643974
454 : -1.8228611573576927
455 : 0.9685202497057617
456 : -2.0798014029860497
457 : -6.284568779170513
458 : 4.350148521363735
459 : -1.7411089735105634
460 : -0.4416322186589241
461 : -3.318348252447322
462 : -1.0505796186625957
463 : -0.4597745016217232
464 : -1.7385179325938225
465 : -0.7192110433243215
466 : -1.0148317806888372
467 : 0.40634603472426534
468 : -0.8671732256188989
469 : -1.3160794861614704
470 : -1.8380663734860718
471 : -1.0904898224398494
472 : -2.065932773053646
473 : -1.7212261781096458
474 : -1.6223162552341819
475 : -3.148935854434967
476 : 1.1969373053871095
477 : 4.533625612035394
478 : 5.641790754627436
479 : -1.0305308159440756
480 : -1.2775272689759731
481 : -6.1490761917084455
482 : 4.962985273450613
483 : -0.12633714033290744
484 : -0.916818680241704
485 : -2.0857786685228348
486 : -1.7095572240650654
487 : -1.0321516108233482
488 : -1.928595264442265
489 : -2.4078164249658585
490 : 2.693731929641217
491 : -1.3116652818862349
492 : 1.0111748706549406
493 : 0.2047582408413291
494 : 3.2457056744024158
495 : 2.5113570699468255
496 : -0.9476072322577238
497 : -3.9279366792179644
498 : -1.086029008962214
499 : -0.8807229285594076
500 : -1.9949237308464944
501 : -0.7827310424763709
502 : -1.4432799564674497
503 : -3.3448319253511727
504 : 0.7677425369620323
505 : 1.9078878252767026
506 : -0.9325366448611021
507 : -14.404045461211354
508 : -0.438226543366909
509 : 0.8110992666333914
510 : 3.0039388854056597
511 : -2.981203372590244
512 : -1.1054388647899032
513 : -4.99886114988476
514 : -1.4952905206009746
515 : -0.9667747742496431
516 : -4.4303957698866725
517 : -4.438098322600126
518 : -1.2118059257045388
519 : -0.9685083553195
520 : 0.7488444116897881
521 : -1.287412064615637
522 : -1.5659202113747597
523 : -1.0493921339511871
524 : -3.048882604110986
525 : -0.7885151330847293
526 : -0.21926485002040863
527 : -3.08899855427444
528 : -0.7490446958690882
529 : -1.3738665897399187
530 : 1.1727828606963158
531 : -1.114112583687529
532 : -5.463066696655005
533 : 0.36629692232236266
534 : -6.980251730419695
535 : -1.6842665784060955
536 : -0.6622086144052446
537 : -1.6731521654874086
538 : 3.233390737324953
539 : -1.6504488065838814
540 : 11.048342977184802
541 : -1.1555683778133243
542 : -1.2867932934314013
543 : -1.562741208821535
544 : -1.7284226827323437
545 : -2.23444002866745
546 : 4.7406083680689335
547 : -5.333349357359111
548 : -0.9212793661281466
549 : -1.063911312725395
550 : -0.5379933333024383
551 : -3.1366622373461723
552 : -1.1776136853732169
553 : -0.697434629779309
554 : -5.664792329072952
555 : 0.39497699309140444
556 : -1.4310083342716098
557 : -1.4705834132619202
558 : -7.3895982494577765
559 : -1.6902189003303647
560 : 5.343255458399653
561 : -1.774026257917285
562 : -0.7116532884538174
563 : -0.884383930824697
564 : -1.3523794636130333
565 : -1.193977156886831
566 : -1.3227200508117676
567 : -0.9065463112201542
568 : -2.2438732236623764
569 : -1.5748069752007723
570 : -2.7868391536176205
571 : -1.4336654860526323
572 : -7.641574760898948
573 : -0.8530707098543644
574 : -1.5358143532648683
575 : 0.8889106540009379
576 : -3.7927712686359882
577 : -1.6766827767714858
578 : -1.2146054292097688
579 : -2.980237593408674
580 : 8.386707041412592
581 : -0.8813905927818269
582 : -1.8462210483849049
583 : -2.055837352061644
584 : 0.195647313259542
585 : -1.0155943259596825
586 : -1.7157350219786167
587 : -8.186934102792293
588 : 4.463283171178773
589 : -1.5043005305342376
590 : -1.8421598486602306
591 : 0.995648730546236
592 : -0.6340551474131644
593 : -1.323737384751439
594 : -0.9589323094114661
595 : -1.157937757205218
596 : -2.097682923078537
597 : -0.4914094237610698
598 : 1.4763746187090874
599 : -1.1640133294276893
600 : -5.654353518038988
601 : 3.5727225015871227
602 : -3.405956741422415
603 : 0.7882978245615959
604 : 1.3331076777540147
605 : -1.4644312616437674
606 : -0.9705231809057295
607 : -7.307230867445469
608 : -0.2606959748081863
609 : -1.3801064398139715
610 : -0.7697291482472792
611 : -1.3667589356191456
612 : -9.433081411523744
613 : -2.103358928114176
614 : -1.2957990048453212
615 : -4.094494447112083
616 : -7.539416852872819
617 : -2.757512379437685
618 : -1.0001238211989403
619 : -1.816790372133255
620 : -10.493131995666772
621 : 11.991547662299126
622 : -1.143971093930304
623 : -1.2085390728898346
624 : 1.6145861316472292
625 : -2.052602458745241
626 : 2.506060116458684
627 : -2.016430675983429
628 : -9.192980914143845
629 : -1.044569170102477
630 : -8.043759733438492
631 : -2.994069468230009
632 : 0.27262882702052593
633 : -8.735965210944414
634 : -1.3580470588058233
635 : -0.17520695738494396
636 : -1.1840459425002337
637 : -1.7196088563650846
638 : -1.3658814104273915
639 : -2.8766090190038085
640 : -1.4435871476307511
641 : -1.536891866941005
642 : -1.560707944445312
643 : -1.2995092645287514
644 : -1.334113989956677
645 : -0.7780126607976854
646 : -2.4981016274541616
647 : 0.3488385253585875
648 : -2.0709910225123167
649 : -1.0015400666743517
650 : -1.0972800441086292
651 : -3.166000820696354
652 : -1.8389657158404589
653 : 6.706346126273274
654 : -1.5583172179758549
655 : -0.8854266675189137
656 : -0.8622952909208834
657 : -1.5981474677100778
658 : -1.8057028036564589
659 : -2.93095828499645
660 : -1.4370207246392965
661 : -4.127555438550189
662 : -2.135417019482702
663 : -2.932910319417715
664 : -1.037847419269383
665 : -1.4023379920981824
666 : -0.888210641220212
667 : 4.0241481475532055
668 : -1.2840038193389773
669 : 11.710826961323619
670 : -1.51722333393991
671 : -1.5168599424650893
672 : -3.327712683007121
673 : -1.2442694692872465
674 : -1.3182625819463283
675 : -4.21319692581892
676 : -1.1080973083153367
677 : -1.3063340419903398
678 : 0.11524431267753243
679 : -0.845435094088316
680 : -0.21553236059844494
681 : -0.4781780429184437
682 : -0.8608003426343203
683 : -0.4089577663689852
684 : 1.4343704609200358
685 : -0.503307685488835
686 : -1.543967037461698
687 : 12.847932319506072
688 : -1.220416646450758
689 : -0.753542841412127
690 : -1.9733412992209196
691 : -2.1054477440193295
692 : -1.1280542300082743
693 : -2.3449013051576912
694 : -2.64230399671942
695 : 0.9521440705284476
696 : -1.2902422342449427
697 : 12.964156247675419
698 : -0.2803313247859478
699 : -1.3979006223380566
700 : -8.048155720345676
701 : -1.4342349264770746
702 : -0.8650115076452494
703 : -0.14224848384037614
704 : 5.551883877022192
705 : -19.808894249610603
706 : -0.9411152226384729
707 : 9.742972047999501
708 : -0.5744229299016297
709 : -3.849707167595625
710 : -10.443350106477737
711 : 0.5676174703985453
712 : -2.7969495384022593
713 : -4.469000651501119
714 : -0.7636977257207036
715 : 4.205158729571849
716 : -10.915790873579681
717 : -1.5011138832196593
718 : -0.7500990005210042
719 : -2.1902707896661013
720 : -1.8210441023111343
721 : -1.7960863690823317
722 : -0.49749717116355896
723 : 1.0552570368163288
724 : 1.247368462383747
725 : -0.0367727130651474
726 : -1.7498822920024395
727 : 5.6380535941571
728 : -1.0913230902515352
729 : -1.5830511823296547
730 : 0.42652908712625504
731 : -1.675462830811739
732 : -0.8644453603774309
733 : -2.6783099793829024
734 : -1.4114549718797207
735 : -1.2233319636434317
736 : -0.8639732790179551
737 : 4.662343178875744
738 : -1.4886291520670056
739 : 2.5707613895647228
740 : -0.7746080411598086
741 : -1.406445614702534
742 : -1.1578539703041315
743 : -9.388749124715105
744 : -10.083177334629
745 : -17.80032011331059
746 : 3.8497970579192042
747 : 4.812922064680606
748 : -0.07243508659303188
749 : -1.9539698800072074
750 : -0.561531241517514
751 : -1.4162816950120032
752 : 1.9141051596961915
753 : -1.5678386501967907
754 : 2.1138128810562193
755 : -0.6242086067795753
756 : 1.2797616110183299
757 : 5.700219058897346
758 : -0.22471677139401436
759 : -1.7800849699415267
760 : -1.5010421704500914
761 : -6.876289531588554
762 : -3.668349608895369
763 : 1.371886148583144
764 : 8.174030006397516
765 : 1.1395546272397041
766 : 4.934961955063045
767 : -2.806503110099584
768 : -2.4201340624131262
769 : -8.221040278673172
770 : -1.2834076881408691
771 : 0.33646815037354827
772 : -2.611773069947958
773 : 1.1335746590048075
774 : -2.1588008804246783
775 : -1.2705221399664879
776 : 6.717969514429569
777 : -1.0848704874515533
778 : -1.5122371762990952
779 : -1.1241985680535436
780 : -0.9527103351429105
781 : -2.6298676393926144
782 : -0.5863367551937699
783 : -0.8670637318864465
784 : -2.3752306029200554
785 : -0.18888617074117064
786 : -1.7932222047820687
787 : -1.856089464854449
788 : -0.4404772911220789
789 : -4.650140389800072
790 : -1.162934798747301
791 : -1.079789677169174
792 : 3.7091037584468722
793 : -0.9883882743306458
794 : -1.7962664738297462
795 : 2.6712636835873127
796 : -0.03114418126642704
797 : -0.6819257857277989
798 : 1.518514743540436
799 : -2.681452371645719
800 : -2.818692891683895
801 : 0.6002837456762791
802 : -2.9164194967597723
803 : 2.3670618822798133
804 : -2.792878234293312
805 : 1.0114193777553737
806 : 2.1740990031976253
807 : -1.6055497247725725
808 : -0.717853038571775
809 : 8.785802544327453
810 : -1.3190998043864965
811 : -0.3618686213158071
812 : -0.6028447207063437
813 : -2.397972136735916
814 : 0.2395579069852829
815 : -0.812701222486794
816 : -1.4578549042344093
817 : 0.7580053377896547
818 : -2.2355505265295506
819 : 2.8095005499199033
820 : -1.978231281042099
821 : 2.0173588804900646
822 : -0.9324380178004503
823 : 4.089507427997887
824 : -1.5918494192883372
825 : -1.2342688720673323
826 : 1.0244680680334568
827 : -0.370741861872375
828 : -1.2851483933627605
829 : -0.7671694261953235
830 : -1.777472222223878
831 : 3.487809100653976
832 : 5.67709796782583
833 : -2.2567762630060315
834 : -1.6929736426100135
835 : -1.1368957180529833
836 : -1.9207383375614882
837 : -2.821051055099815
838 : 0.22032376565039158
839 : -3.3890990980435163
840 : -1.2003890741616488
841 : -1.779865875840187
842 : 0.7805696334689856
843 : -1.7163278888911009
844 : 7.137259678915143
845 : -1.421132696326822
846 : -1.8307036496698856
847 : -2.8876319769769907
848 : -0.9596156131010503
849 : -1.4194322070106864
850 : -4.35925202909857
851 : -1.0223908396437764
852 : -1.4519624505192041
853 : 3.7667404760140926
854 : -2.691283056512475
855 : -1.9138621259480715
856 : 0.1787604617420584
857 : -5.262103322893381
858 : -11.090034747961909
859 : 0.6796658569946885
860 : -2.346784260123968
861 : -0.6400520168244839
862 : -0.39453939720988274
863 : -1.3508129119873047
864 : -1.4872727212496102
865 : -1.439314273186028
866 : -1.2468000892549753
867 : -2.7010144628293347
868 : -1.1419131718575954
869 : 16.480630700476468
870 : -4.115202688612044
871 : 3.0626271343789995
872 : -2.0713605638593435
873 : -0.5889211967587471
874 : -1.419288801960647
875 : -1.3914918545633554
876 : -1.261910100467503
877 : -1.1394313927739859
878 : -1.5570445880293846
879 : -1.2586525920778513
880 : -0.42898559756577015
881 : -1.6548502491787076
882 : -1.887311365455389
883 : -1.4948784459847957
884 : -1.8220253475010395
885 : -1.223276144824922
886 : -0.8425349639728665
887 : -1.3833011537790298
888 : 0.8762522879987955
889 : -3.8792434046044946
890 : 1.7775972755625844
891 : -1.5694699920713902
892 : -8.440545834600925
893 : -3.547142891213298
894 : -1.9508060235530138
895 : -8.257171421777457
896 : 0.7189378030598164
897 : -1.532974417321384
898 : 2.7614480573683977
899 : -1.9292088812217116
900 : 10.673666011774912
901 : 0.40552997402846813
902 : -12.410891564562917
903 : -1.4559313608333468
904 : -1.530480588786304
905 : -1.2587069105356932
906 : -0.9803033685311675
907 : -1.510313922073692
908 : -0.15191068453714252
909 : -1.6025959067046642
910 : -1.1754695568233728
911 : -2.849870738107711
912 : -1.009339197538793
913 : -1.6315910597331822
914 : 4.156420691870153
915 : 0.36800688900984824
916 : 1.0527745285071433
917 : -2.0793320052325726
918 : -1.4556455425918102
919 : 1.485222950577736
920 : -1.9613170754164457
921 : 1.571449730778113
922 : 3.055562333902344
923 : -0.9071076228283346
924 : -2.7255312516354024
925 : 3.960325250867754
926 : -9.2492511626333
927 : 0.8940081465989351
928 : -0.022395366802811623
929 : -1.6341274492442608
930 : -1.086734738200903
931 : -0.5027865720912814
932 : -2.3871997259557247
933 : -1.0036953389644623
934 : -3.6522734346799552
935 : -0.710255685262382
936 : 11.101852267747745
937 : -2.924505103379488
938 : -1.2540278490632772
939 : -0.8867413145489991
940 : -1.1568506238982081
941 : -3.991354645229876
942 : -1.0265024756081402
943 : -1.1436486020684242
944 : -3.3398157954216003
945 : -1.4289897307753563
946 : 2.095022216439247
947 : -0.7860944736748934
948 : -4.390104246325791
949 : -2.09533036313951
950 : -1.0009509976953268
951 : -1.2557235260028392
952 : -2.388515926897526
953 : -1.2731059342622757
954 : -0.43734811060130596
955 : -4.054584060329944
956 : -1.0844579301774502
957 : -2.6701977369375527
958 : -12.05579648911953
959 : -1.2362879514694214
960 : 1.5317006056429818
961 : -1.213223995640874
962 : 6.741282826289535
963 : -4.414332237560302
964 : 17.782926122192293
965 : -0.9285951750352979
966 : -1.6152069680392742
967 : -2.0626527867279947
968 : 4.001363134942949
969 : -1.8724501579999924
970 : -1.6748035103082657
971 : 3.3441658187657595
972 : -0.45608075987547636
973 : -1.162670040735975
974 : 4.839331267867237
975 : -1.5066056733485311
976 : 1.912537470459938
977 : 0.4924548277631402
978 : -2.534234281629324
979 : -0.1962064504623413
980 : -0.024795955047011375
981 : -2.013552639633417
982 : -0.7847599470987916
983 : -1.5854306779801846
984 : 1.5127893190365285
985 : -1.358085485175252
986 : 0.19519241247326136
987 : -1.933272510766983
988 : -1.1265894473763183
989 : -1.1695920154452324
990 : -0.7144581356551498
991 : -1.1339294910430908
992 : -1.6476505547761917
993 : -1.9670875477604568
994 : 0.2569954586215317
995 : 3.776001430116594
996 : 2.878267001826316
997 : -1.7145315669476986
998 : -1.0600350396707654
999 : -2.042602854780853
Setting up 2 worker threads for Enlighten.
  Thread -> id: 7f0c35023700 -> priority: 1 
  Thread -> id: 7f0c34822700 -> priority: 1 
2020-06-24 04:13:38 INFO [environment.py:418] Environment shut down with return code 0.
[I 2020-06-24 04:13:38,648] Finished trial#162 with value: -2.042602854780853 with parameters: {'update_time_steps': 7168, 'ppo_epochs': 12, 'gamma': 0.9643768592903277, 'beta': 0.056869634065050474}. Best is trial#148 with value: -6.7115356754511595.
Found path: /home/j/jensenj/PycharmProjects/Federer-Jr./src/../crawler_single/linux/dynamic_server/crawler_dynamic.x86_64
Mono path[0] = '/home/j/jensenj/PycharmProjects/Federer-Jr./src/../crawler_single/linux/dynamic_server/crawler_dynamic_Data/Managed'
Mono config path = '/home/j/jensenj/PycharmProjects/Federer-Jr./src/../crawler_single/linux/dynamic_server/crawler_dynamic_Data/MonoBleedingEdge/etc'
Preloaded 'lib_burst_generated.so'
Preloaded 'libgrpc_csharp_ext.x64.so'
Initialize engine version: 2019.3.15f1 (59ff3e03856d)
[Subsystems] Discovering subsystems at path /home/j/jensenj/PycharmProjects/Federer-Jr./src/../crawler_single/linux/dynamic_server/crawler_dynamic_Data/UnitySubsystems
Forcing GfxDevice: Null
GfxDevice: creating device client; threaded=0
NullGfxDevice:
    Version:  NULL 1.0 [1.0]
    Renderer: Null Device
    Vendor:   Unity Technologies
Begin MonoManager ReloadAssembly
- Completed reload, in  0.096 seconds
WARNING: Shader Unsupported: 'Autodesk Interactive' - All passes removed
WARNING: Shader Did you use #pragma only_renderers and omit this platform?
UnloadTime: 0.426774 ms
Fallback handler could not load library /home/j/jensenj/PycharmProjects/Federer-Jr./src/../crawler_single/linux/dynamic_server/crawler_dynamic_Data/Mono/libcoreclr.so
Fallback handler could not load library /home/j/jensenj/PycharmProjects/Federer-Jr./src/../crawler_single/linux/dynamic_server/crawler_dynamic_Data/Mono/libcoreclr.so
Fallback handler could not load library /home/j/jensenj/PycharmProjects/Federer-Jr./src/../crawler_single/linux/dynamic_server/crawler_dynamic_Data/Mono/libcoreclr.so
Fallback handler could not load library /home/j/jensenj/PycharmProjects/Federer-Jr./src/../crawler_single/linux/dynamic_server/crawler_dynamic_Data/Mono/libSystem.dylib
Fallback handler could not load library /home/j/jensenj/PycharmProjects/Federer-Jr./src/../crawler_single/linux/dynamic_server/crawler_dynamic_Data/Mono/libSystem.dylib.so
Fallback handler could not load library /home/j/jensenj/PycharmProjects/Federer-Jr./src/../crawler_single/linux/dynamic_server/crawler_dynamic_Data/Mono/libSystem.dylib
Fallback handler could not load library /home/j/jensenj/PycharmProjects/Federer-Jr./src/../crawler_single/linux/dynamic_server/crawler_dynamic_Data/Mono/libcoreclr.so
Fallback handler could not load library /home/j/jensenj/PycharmProjects/Federer-Jr./src/../crawler_single/linux/dynamic_server/crawler_dynamic_Data/Mono/libcoreclr.so
Fallback handler could not load library /home/j/jensenj/PycharmProjects/Federer-Jr./src/../crawler_single/linux/dynamic_server/crawler_dynamic_Data/Mono/libcoreclr.so
Fallback handler could not load library /home/j/jensenj/PycharmProjects/Federer-Jr./src/../crawler_single/linux/dynamic_server/crawler_dynamic_Data/Mono/libSystem.dylib
Fallback handler could not load library /home/j/jensenj/PycharmProjects/Federer-Jr./src/../crawler_single/linux/dynamic_server/crawler_dynamic_Data/Mono/libSystem.dylib.so
Fallback handler could not load library /home/j/jensenj/PycharmProjects/Federer-Jr./src/../crawler_single/linux/dynamic_server/crawler_dynamic_Data/Mono/libSystem.dylib
2020-06-24 04:13:39 INFO [environment.py:108] Connected to Unity environment with package version 1.0.2 and communication version 1.0.0
2020-06-24 04:13:39 INFO [environment.py:265] Connected new brain:
CrawlerDynamic?team=0
2020-06-24 04:13:39 WARNING [__init__.py:92] The environment contains multiple observations. You must define allow_multiple_obs=True to receive them all. Otherwise, only the first visual observation (or vector observation ifthere are no visual observations) will be provided in the observation.
{'nr_output_features': 20, 'nr_input_features': 126, 'env': <gym_unity.envs.UnityToGymWrapper object at 0x7f33c5ffa6a0>, 'alpha': 0.003, 'tau': 0.95, 'clip': 0.2, 'minibatch_size': 32, 'hidden_units': 512, 'update_time_steps': 9216, 'ppo_epochs': 16, 'gamma': 0.9763544558812931, 'beta': 0.03982684378910205}
0 : -1.6631231950595975
1 : 4.80699901166372
2 : -1.2369339880533516
3 : -2.416883015073836
4 : -1.4637059271335602
5 : -1.4288167161867023
6 : -1.3946342417038977
7 : -1.2587138628587127
8 : -1.2371017523109913
9 : -2.125064438674599
10 : -1.5445605581626296
11 : -2.2376749073155224
12 : -2.9186501801013947
13 : -1.193449871148914
14 : -11.193799226079136
15 : -1.881161130964756
16 : -1.0465765341650695
17 : -5.4042168110609055
18 : -1.5732708126306534
19 : -1.2528163781389594
20 : -3.836401837877929
21 : -2.4681801018305123
22 : 1.455025540664792
23 : -0.6569207711145282
24 : -0.9788030432537198
25 : -1.3459285981953144
26 : -2.306083627976477
27 : -0.9828226719982922
28 : -1.4401008151471615
29 : -0.9778631515800953
30 : -2.0217182035557926
31 : -1.7030679360032082
32 : -2.4621956306509674
33 : -1.208024888066575
34 : -0.8528111120685935
35 : -3.0220480284187943
[W 2020-06-24 04:14:23,041] Setting status of trial#188 as TrialState.FAIL because of the following error: ValueError('array split does not result in an equal division',)
Traceback (most recent call last):
  File "/home/j/jensenj/.local/lib/python3.6/site-packages/numpy/lib/shape_base.py", line 867, in split
    len(indices_or_sections)
TypeError: object of type 'int' has no len()

During handling of the above exception, another exception occurred:

Traceback (most recent call last):
  File "/home/j/jensenj/.local/lib/python3.6/site-packages/optuna/study.py", line 734, in _run_trial
    result = func(trial)
  File "main-optuna.py", line 88, in objective
    returns = [episode(env, agent, params, writer, i) for i in range(training_episodes)]
  File "main-optuna.py", line 88, in <listcomp>
    returns = [episode(env, agent, params, writer, i) for i in range(training_episodes)]
  File "main-optuna.py", line 40, in episode
    agent.update(next_state)
  File "/home/j/jensenj/PycharmProjects/Federer-Jr./src/ppo.py", line 140, in update
    for states, actions, old_log_probs, returns, advantages in self.memory.sample_batch(self.minibatch_size, next_value):
  File "/home/j/jensenj/PycharmProjects/Federer-Jr./src/ppo.py", line 44, in sample_batch
    ids = np.split(ids, batch_size // minibatch_size)
  File "<__array_function__ internals>", line 6, in split
  File "/home/j/jensenj/.local/lib/python3.6/site-packages/numpy/lib/shape_base.py", line 873, in split
    'array split does not result in an equal division')
ValueError: array split does not result in an equal division
Traceback (most recent call last):
  File "/home/j/jensenj/.local/lib/python3.6/site-packages/numpy/lib/shape_base.py", line 867, in split
    len(indices_or_sections)
TypeError: object of type 'int' has no len()

During handling of the above exception, another exception occurred:

Traceback (most recent call last):
  File "main-optuna.py", line 103, in <module>
    study.optimize(objective, n_trials=1000)
  File "/home/j/jensenj/.local/lib/python3.6/site-packages/optuna/study.py", line 339, in optimize
    func, n_trials, timeout, catch, callbacks, gc_after_trial, None
  File "/home/j/jensenj/.local/lib/python3.6/site-packages/optuna/study.py", line 682, in _optimize_sequential
    self._run_trial_and_callbacks(func, catch, callbacks, gc_after_trial)
  File "/home/j/jensenj/.local/lib/python3.6/site-packages/optuna/study.py", line 713, in _run_trial_and_callbacks
    trial = self._run_trial(func, catch, gc_after_trial)
  File "/home/j/jensenj/.local/lib/python3.6/site-packages/optuna/study.py", line 734, in _run_trial
    result = func(trial)
  File "main-optuna.py", line 88, in objective
    returns = [episode(env, agent, params, writer, i) for i in range(training_episodes)]
  File "main-optuna.py", line 88, in <listcomp>
    returns = [episode(env, agent, params, writer, i) for i in range(training_episodes)]
  File "main-optuna.py", line 40, in episode
    agent.update(next_state)
  File "/home/j/jensenj/PycharmProjects/Federer-Jr./src/ppo.py", line 140, in update
    for states, actions, old_log_probs, returns, advantages in self.memory.sample_batch(self.minibatch_size, next_value):
  File "/home/j/jensenj/PycharmProjects/Federer-Jr./src/ppo.py", line 44, in sample_batch
    ids = np.split(ids, batch_size // minibatch_size)
  File "<__array_function__ internals>", line 6, in split
  File "/home/j/jensenj/.local/lib/python3.6/site-packages/numpy/lib/shape_base.py", line 873, in split
    'array split does not result in an equal division')
ValueError: array split does not result in an equal division
Setting up 2 worker threads for Enlighten.
  Thread -> id: 7f6da6bae700 -> priority: 1 
  Thread -> id: 7f6da63ad700 -> priority: 1 
2020-06-24 04:14:23 INFO [environment.py:418] Environment shut down with return code 0.
