slurmstepd-felchbach: error: Unable to create TMPDIR [/tmp/user/30108]: Permission denied
slurmstepd-felchbach: error: Setting TMPDIR to /tmp
Found path: /home/j/jensenj/PycharmProjects/Federer-Jr./src/../crawler_single/linux/dynamic_server/crawler_dynamic.x86_64
Mono path[0] = '/home/j/jensenj/PycharmProjects/Federer-Jr./src/../crawler_single/linux/dynamic_server/crawler_dynamic_Data/Managed'
Mono config path = '/home/j/jensenj/PycharmProjects/Federer-Jr./src/../crawler_single/linux/dynamic_server/crawler_dynamic_Data/MonoBleedingEdge/etc'
Preloaded 'lib_burst_generated.so'
Preloaded 'libgrpc_csharp_ext.x64.so'
Initialize engine version: 2019.3.15f1 (59ff3e03856d)
[Subsystems] Discovering subsystems at path /home/j/jensenj/PycharmProjects/Federer-Jr./src/../crawler_single/linux/dynamic_server/crawler_dynamic_Data/UnitySubsystems
Forcing GfxDevice: Null
GfxDevice: creating device client; threaded=0
NullGfxDevice:
    Version:  NULL 1.0 [1.0]
    Renderer: Null Device
    Vendor:   Unity Technologies
Begin MonoManager ReloadAssembly
- Completed reload, in  0.097 seconds
WARNING: Shader Unsupported: 'Autodesk Interactive' - All passes removed
WARNING: Shader Did you use #pragma only_renderers and omit this platform?
UnloadTime: 0.432318 ms
Fallback handler could not load library /home/j/jensenj/PycharmProjects/Federer-Jr./src/../crawler_single/linux/dynamic_server/crawler_dynamic_Data/Mono/libcoreclr.so
Fallback handler could not load library /home/j/jensenj/PycharmProjects/Federer-Jr./src/../crawler_single/linux/dynamic_server/crawler_dynamic_Data/Mono/libcoreclr.so
Fallback handler could not load library /home/j/jensenj/PycharmProjects/Federer-Jr./src/../crawler_single/linux/dynamic_server/crawler_dynamic_Data/Mono/libcoreclr.so
Fallback handler could not load library /home/j/jensenj/PycharmProjects/Federer-Jr./src/../crawler_single/linux/dynamic_server/crawler_dynamic_Data/Mono/libSystem.dylib
Fallback handler could not load library /home/j/jensenj/PycharmProjects/Federer-Jr./src/../crawler_single/linux/dynamic_server/crawler_dynamic_Data/Mono/libSystem.dylib.so
Fallback handler could not load library /home/j/jensenj/PycharmProjects/Federer-Jr./src/../crawler_single/linux/dynamic_server/crawler_dynamic_Data/Mono/libSystem.dylib
Fallback handler could not load library /home/j/jensenj/PycharmProjects/Federer-Jr./src/../crawler_single/linux/dynamic_server/crawler_dynamic_Data/Mono/libcoreclr.so
Fallback handler could not load library /home/j/jensenj/PycharmProjects/Federer-Jr./src/../crawler_single/linux/dynamic_server/crawler_dynamic_Data/Mono/libcoreclr.so
Fallback handler could not load library /home/j/jensenj/PycharmProjects/Federer-Jr./src/../crawler_single/linux/dynamic_server/crawler_dynamic_Data/Mono/libcoreclr.so
Fallback handler could not load library /home/j/jensenj/PycharmProjects/Federer-Jr./src/../crawler_single/linux/dynamic_server/crawler_dynamic_Data/Mono/libSystem.dylib
Fallback handler could not load library /home/j/jensenj/PycharmProjects/Federer-Jr./src/../crawler_single/linux/dynamic_server/crawler_dynamic_Data/Mono/libSystem.dylib.so
Fallback handler could not load library /home/j/jensenj/PycharmProjects/Federer-Jr./src/../crawler_single/linux/dynamic_server/crawler_dynamic_Data/Mono/libSystem.dylib
/home/j/jensenj/.local/lib/python3.6/site-packages/tensorboard/compat/tensorflow_stub/dtypes.py:541: FutureWarning: Passing (type, 1) or '1type' as a synonym of type is deprecated; in a future version of numpy, it will be understood as (type, (1,)) / '(1,)type'.
  _np_qint8 = np.dtype([("qint8", np.int8, 1)])
/home/j/jensenj/.local/lib/python3.6/site-packages/tensorboard/compat/tensorflow_stub/dtypes.py:542: FutureWarning: Passing (type, 1) or '1type' as a synonym of type is deprecated; in a future version of numpy, it will be understood as (type, (1,)) / '(1,)type'.
  _np_quint8 = np.dtype([("quint8", np.uint8, 1)])
/home/j/jensenj/.local/lib/python3.6/site-packages/tensorboard/compat/tensorflow_stub/dtypes.py:543: FutureWarning: Passing (type, 1) or '1type' as a synonym of type is deprecated; in a future version of numpy, it will be understood as (type, (1,)) / '(1,)type'.
  _np_qint16 = np.dtype([("qint16", np.int16, 1)])
/home/j/jensenj/.local/lib/python3.6/site-packages/tensorboard/compat/tensorflow_stub/dtypes.py:544: FutureWarning: Passing (type, 1) or '1type' as a synonym of type is deprecated; in a future version of numpy, it will be understood as (type, (1,)) / '(1,)type'.
  _np_quint16 = np.dtype([("quint16", np.uint16, 1)])
/home/j/jensenj/.local/lib/python3.6/site-packages/tensorboard/compat/tensorflow_stub/dtypes.py:545: FutureWarning: Passing (type, 1) or '1type' as a synonym of type is deprecated; in a future version of numpy, it will be understood as (type, (1,)) / '(1,)type'.
  _np_qint32 = np.dtype([("qint32", np.int32, 1)])
/home/j/jensenj/.local/lib/python3.6/site-packages/tensorboard/compat/tensorflow_stub/dtypes.py:550: FutureWarning: Passing (type, 1) or '1type' as a synonym of type is deprecated; in a future version of numpy, it will be understood as (type, (1,)) / '(1,)type'.
  np_resource = np.dtype([("resource", np.ubyte, 1)])
2020-06-24 03:42:32 INFO [environment.py:108] Connected to Unity environment with package version 1.0.2 and communication version 1.0.0
2020-06-24 03:42:32 INFO [environment.py:265] Connected new brain:
CrawlerDynamic?team=0
2020-06-24 03:42:32 WARNING [__init__.py:92] The environment contains multiple observations. You must define allow_multiple_obs=True to receive them all. Otherwise, only the first visual observation (or vector observation ifthere are no visual observations) will be provided in the observation.
/home/j/jensenj/.local/lib/python3.6/site-packages/gym/logger.py:30: UserWarning: WARN: Box bound precision lowered by casting to float32
  warnings.warn(colorize('%s: %s'%('WARN', msg % args), 'yellow'))
{'nr_output_features': 20, 'nr_input_features': 126, 'env': <gym_unity.envs.UnityToGymWrapper object at 0x7f3fc7feb1d0>, 'alpha': 0.003, 'tau': 0.95, 'clip': 0.2, 'minibatch_size': 32, 'hidden_units': 512, 'update_time_steps': 7168, 'ppo_epochs': 11, 'gamma': 0.9635280631450588, 'beta': 0.056181421697485516}
0 : -1.3080902346409857
1 : -0.929402815643698
2 : -0.39734733011573553
3 : 0.7209587227553129
4 : -0.19358387542888522
5 : -1.0194727443158627
6 : -0.8663412854075432
7 : -1.737611398100853
8 : -1.558846591040492
9 : 0.5088901789858937
10 : -1.3244654219597578
11 : -0.26686369720846415
12 : -1.6112040262669325
13 : -1.152964910492301
14 : -1.3549904022365808
15 : -0.765927460975945
16 : -0.9519482599571347
17 : 0.8094822578132153
18 : -1.8205582983791828
19 : -0.6624727152520791
20 : -1.1264311708509922
21 : -1.3672541826963425
22 : 0.8751097600907087
23 : -1.300847769714892
24 : -2.650688107125461
25 : -3.1563252760097384
26 : -0.9020491037517786
27 : -1.7987667210400105
28 : -1.466292990371585
29 : -0.4705316312611103
30 : -1.6081395093351603
31 : -1.2716030958108604
32 : -0.021156306378543377
33 : -1.3917263802140951
34 : -1.1837126393802464
35 : -2.516276244074106
36 : -2.6375697627663612
37 : -1.239950478542596
38 : -2.089918832294643
39 : -1.386114940047264
40 : -1.220524116884917
41 : -1.223499164916575
42 : -1.8045468479394913
43 : -0.9108485402539372
44 : -2.402246041689068
45 : 0.5782584892585874
46 : -1.0699357488192618
47 : -1.6958898454904556
48 : -1.451038217637688
49 : -1.636349163018167
50 : 2.0157789858058095
51 : -1.0167342629283667
52 : -2.5005381568334997
53 : 1.3084095744416118
54 : -2.382753090467304
55 : -1.29527038091328
56 : -1.3832087237387896
57 : -1.517091175308451
58 : -1.3869186420924962
59 : -1.021235960535705
60 : -0.9973658677190542
61 : 0.8894072426483035
62 : -1.8527942560613155
63 : 2.5050535053014755
64 : -0.07113619893789291
65 : -0.18403054680675268
66 : -1.773312035948038
67 : 4.614236652851105
68 : -2.0274452976882458
69 : -0.9201991586014628
70 : 1.4290189556777477
71 : -1.7700975267216563
72 : -1.6718039670959115
73 : -0.30874473974108696
74 : 0.17459500022232533
75 : -0.8188284244388342
76 : -1.8838687036186457
77 : -1.283223402686417
78 : 4.134281804785132
79 : -1.6356711387634277
80 : -1.5886840671300888
81 : -1.7113057225942612
82 : -0.5241703949868679
83 : -0.6991101074963808
84 : -0.7610644288361073
85 : 0.3237851969897747
86 : -0.9781094249337912
87 : -0.7655828995630145
88 : -0.23718598205596209
89 : -1.028314602561295
90 : -2.3861236220691353
91 : -5.173036329448223
92 : -0.2411669623106718
93 : -1.6482135374099016
94 : -1.348807379603386
95 : -0.9509380646049976
96 : 1.5137814665213227
97 : -1.324242539703846
98 : -1.4400769248604774
99 : -1.1715383538976312
100 : -1.5585922989994287
101 : -2.841318290680647
102 : -1.8462059535086155
103 : -1.059094000607729
104 : -0.7859395509585738
105 : -1.8266444504261017
106 : -1.4060432007536292
107 : -1.5655127502977848
108 : -1.2300058696419
109 : -0.24552017264068127
110 : -0.9349813987500966
111 : -1.2937258509919047
112 : -1.722218228969723
113 : -1.4500252231955528
114 : -1.4751096200197935
115 : -1.1125481768976897
116 : -1.4926491528749466
117 : -1.6474442086182535
118 : -1.9589742720127106
119 : -2.23525292892009
120 : -1.4193901410326362
121 : -0.6867913007736206
122 : -1.1050835228525102
123 : -1.750328647904098
124 : -1.374079197179526
125 : -3.1145830443128943
126 : -1.9186569042503834
127 : -1.471308346837759
128 : -1.1749971839599311
129 : 0.1535632023587823
130 : -2.1360435374081135
131 : -0.9551930921152234
132 : -1.6653681099414825
133 : -0.8959912797436118
134 : -1.4992032051086426
135 : -1.4598323116078973
136 : -0.955139939673245
137 : -1.4630605168640614
138 : 1.4633367843925953
139 : -1.5822622245177627
140 : -1.72046734765172
141 : -1.4571276935748756
142 : -1.3981182286515832
143 : -0.8486936688423157
144 : -0.27321256953291595
145 : -0.6115617081522942
146 : -1.8763886410742998
147 : -0.7500949446111917
148 : -1.436735530383885
149 : -1.7977544283494353
150 : -2.5601576073095202
151 : 0.3086526617407799
152 : -1.4650303069502115
153 : -1.5449846256524324
154 : -1.1727514257654548
155 : -2.461445355322212
156 : -1.1649754469981417
157 : -0.4364763889461756
158 : -1.0175135345198214
159 : -0.8756103925406933
160 : -0.9859122869092971
161 : -1.264606217853725
162 : 1.429743368178606
163 : -1.786615519784391
164 : -1.3435684638097882
165 : -0.7437260202132165
166 : -0.7823081072419882
167 : -1.508199267089367
168 : -0.88169548753649
169 : -1.442120935767889
170 : -1.61526002548635
171 : -0.006717067211866379
172 : -1.2196771991439164
173 : -0.9723278284072876
174 : -1.0535330884158611
175 : -0.7355193374678493
176 : -1.5729889469221234
177 : -0.5635790871456265
178 : -1.726740077137947
179 : -1.1320848340401426
180 : -1.2020047334954143
181 : -2.3478945177048445
182 : -1.5010714940726757
183 : -1.5289612635970116
184 : -1.098830346018076
185 : 1.3459917227737606
186 : 1.8507239054888487
187 : -1.7977064410224557
188 : -1.7303081154823303
189 : -0.5824758987873793
190 : -3.511025086045265
191 : -1.4887263774871826
192 : -1.3509977939538658
193 : -0.3437855080701411
194 : -0.7772508235648274
195 : -1.2316806633025408
196 : -1.1306252789217979
197 : -2.900779075920582
198 : -1.689930783584714
199 : -0.66330252494663
200 : -1.4912867099046707
201 : -0.7959468569606543
202 : -0.3097163513302803
203 : -0.504526536911726
204 : -1.0409530531615019
205 : -1.6687097325921059
206 : -0.932799612171948
207 : -1.4708496443927288
208 : 1.438764313235879
209 : 1.2435055249370635
210 : 0.888028678484261
211 : -3.621215687133372
212 : -0.25662139477208257
213 : -1.4988195663318038
214 : 1.8936830507591367
215 : -1.471327074803412
216 : -1.7507629580795765
217 : -1.166198498569429
218 : -0.86736717261374
219 : -1.5810126718133688
220 : 0.013209812343120575
221 : -2.996550743468106
222 : -0.992662092205137
223 : -2.5299512974452227
224 : -1.7208946868777275
225 : 8.998361223377287
226 : -1.1205069702118635
227 : -2.183817977551371
228 : -1.0344410054385662
229 : -1.3297849586233497
230 : -2.135551191866398
231 : -0.6324850907549262
232 : -1.0833677118644118
233 : -0.7090188169386238
234 : -1.642827793955803
235 : -0.8984139275271446
236 : -2.2978661633096635
237 : -1.034628373105079
238 : -0.6894554538885131
239 : -1.3163970885798335
240 : -1.666719388216734
241 : -1.1548626376315951
242 : -0.7174538290128112
243 : -1.670372461900115
244 : -0.8232744219712913
245 : -2.697158098220825
246 : -5.210920547135174
247 : 1.8820536993443966
248 : -1.4770809398032725
249 : -1.274450697004795
250 : -1.6763824111549184
251 : 3.9352740016765893
252 : -5.3798285983502865
253 : -1.4582159370183945
254 : -1.0025539193302393
255 : -0.6291412943974137
256 : -2.4751176703721285
257 : -1.5864499241579324
258 : -1.5933233201503754
259 : -1.737808252684772
260 : -1.635235471650958
261 : -1.070269761607051
262 : -0.4789769428316504
263 : -0.9088297234848142
264 : -1.119634886737913
265 : -1.2057070722803473
266 : 0.9397390782833099
267 : -1.2102468758821487
268 : -5.327331215143204
269 : -2.56777810305357
270 : -1.553350182250142
271 : -1.7840644977986813
272 : -1.7309353649616241
273 : -1.1696366630494595
274 : -1.0788254220969975
275 : -0.9441277496516705
276 : -1.4742819610983133
277 : 0.8334899414330721
278 : -0.39326730091124773
279 : -0.6434513665735722
280 : -1.5927594285458326
281 : -2.010363315232098
282 : -1.2257595506962389
283 : -1.1669017700478435
284 : -1.2260073085781187
285 : -1.0213835551403463
286 : -1.9639011304825544
287 : -0.39861814910545945
288 : -1.1461512106470764
289 : -1.5985133787617087
290 : -1.5461814757436514
291 : -1.3823217870667577
292 : -1.7466185074299574
293 : -1.219513639807701
294 : -1.4424926731735468
295 : -1.9137910604476929
296 : -1.9043091451749206
297 : -1.0857023287098855
298 : -1.5117784989997745
299 : -0.8247393975034356
300 : -0.9874349553138018
301 : -1.220516750589013
302 : -3.774373206309974
303 : -1.035287510138005
304 : 1.3103642296046019
305 : -1.2212308496236801
306 : -0.6684864256531
307 : -2.157173393294215
308 : -0.6784057943150401
309 : -1.5834891395643353
310 : -4.365032596513629
311 : -1.1867298574652523
312 : -1.552726692520082
313 : -1.04968002717942
314 : 0.571537637617439
315 : -0.6353247882798314
316 : -1.7963044047355652
317 : -2.379865400493145
318 : -3.04588308557868
319 : -3.3534635305404663
320 : -2.4729776978492737
321 : -0.1508060647174716
322 : -0.884551515802741
323 : -1.4546289704740047
324 : -1.7570863435976207
325 : -2.7538205995224416
326 : -0.4273585295304656
327 : -1.3731545889750123
328 : -0.8606682869140059
329 : 1.0961162480525672
330 : -1.2326163626275957
331 : 1.3155937469564378
332 : -1.4101336845196784
333 : -1.4782332889735699
334 : 1.4114571679383516
335 : -1.4588649980723858
336 : -0.9871402508579195
337 : -1.6839832067489624
338 : -1.3573817238211632
339 : -1.505088691599667
340 : -1.0823009181767702
341 : -1.6811202242970467
342 : -0.7145736794918776
343 : 3.6337431566789746
344 : -1.085862046573311
345 : -1.2435861909762025
346 : -1.059915424324572
347 : -1.462486358359456
348 : -0.8706838572397828
349 : -0.9429035140201449
350 : -0.690848907455802
351 : -4.526554778683931
352 : -6.047455623745918
353 : -1.7906846655532718
354 : -2.100576028227806
355 : -2.739247217774391
356 : -1.666017210111022
357 : -2.65420301258564
358 : -1.0534768041688949
359 : -1.7730778669938445
360 : -2.630183167755604
361 : -1.241891392506659
362 : 1.9202188551425934
363 : -1.0422620456665754
364 : -2.4797508772462606
365 : -14.534875348210335
366 : -1.3369260802865028
367 : -1.1375852897763252
368 : -0.9658053244929761
369 : -1.7252375595271587
370 : -1.8539760187268257
371 : -1.532662246376276
372 : -1.516215419396758
373 : -0.7624022429808974
374 : -1.7784734349697828
375 : -0.8086394034326077
376 : -0.6666449212934822
377 : -2.175269540399313
378 : -1.1843343265354633
379 : -1.0765943387523293
380 : 0.35602542385458946
381 : -1.0319130308926105
382 : -0.6722799600102007
383 : -1.6473778318613768
384 : 2.0832477025687695
385 : -1.1643894519656897
386 : -0.7282181391492486
387 : -1.3620287775993347
388 : -1.4295413307845592
389 : -1.4634485766291618
390 : 0.6856458564288914
391 : -2.3785484563559294
392 : -2.7969848280772567
393 : -0.9414951875805855
394 : -0.4874359602108598
395 : -2.550349146127701
396 : -1.8590114172548056
397 : -0.7228077189065516
398 : -1.3246273924596608
399 : -1.4277402553707361
400 : -0.37348070554435253
401 : -0.6026068460196257
402 : -10.770631182938814
403 : 0.1365947062149644
404 : -1.4431684464216232
405 : -0.8879972770810127
406 : -1.039550406858325
407 : -1.584808231331408
408 : -1.5517138168215752
409 : -1.3012574426829815
410 : -0.9734457535669208
411 : 0.8894366733729839
412 : -1.2615597012918442
413 : -0.910654041916132
414 : -2.93987362831831
415 : -1.650502516888082
416 : -6.258182004094124
417 : -0.9771863529458642
418 : -0.6268562469631433
419 : -1.4239026192226447
420 : -0.9707141444087029
421 : -0.7286384559702128
422 : -0.5373727194964886
423 : 1.320649040164426
424 : -1.8188469605520368
425 : 5.287494271993637
426 : -1.9846333535388112
427 : -1.3363754749298096
428 : -1.666765896603465
429 : -5.87421306502074
430 : 1.3233073465526104
431 : -1.5621614707633853
432 : -0.6487496662884951
433 : -0.8388269925490022
434 : -5.80175363086164
435 : -1.5828820269089192
436 : -0.9420943665318191
437 : -1.4077670788392425
438 : -1.6229062601923943
439 : 0.7124805739149451
440 : -1.7060305322520435
441 : -1.0858074803836644
442 : -1.5825105756521225
443 : -0.32937641348689795
444 : -1.446896594017744
445 : -1.4473060369491577
446 : -2.019113781861961
447 : -0.3468882851302624
448 : 0.3272057343274355
449 : -1.3790142363868654
450 : -1.3190098530612886
451 : -1.0542898820713162
452 : -8.342085681855679
453 : -1.2379559203982353
454 : -0.6455159755423665
455 : -4.166253447998315
456 : -7.223415808752179
457 : 2.194196417927742
458 : -1.116802028613165
459 : -1.5297075659036636
460 : -1.6078169494867325
461 : -1.8692264566197991
462 : -1.9077433440834284
463 : -1.3440198465250432
464 : -1.081393584376201
465 : -1.2051410330459476
466 : -0.9280758546665311
467 : -0.748445400968194
468 : -1.6729740668088198
469 : -2.057487726211548
470 : -1.0120946653187275
471 : -1.4269386110827327
472 : -1.517729014158249
473 : 0.43693325761705637
474 : -1.584303408395499
475 : -1.1284963306970894
476 : -3.7586237443611026
477 : -4.928038235288113
478 : -1.637852480635047
479 : -1.123034903779626
480 : -1.322736805304885
481 : -0.9058147096075118
482 : -0.3519024336710572
483 : -0.9643408628180623
484 : -1.4566989410668612
485 : -3.1750426503131166
486 : -1.3431706205010414
487 : -1.528318703174591
488 : -1.1735964072868228
489 : -1.5898819975554943
490 : 2.688012563623488
491 : -1.5214581489562988
492 : -2.113514553522691
493 : -3.0326001681387424
494 : -1.9962811842560768
495 : -0.984977550804615
496 : -0.3094485830515623
497 : -0.3249661084264517
498 : 1.3539575347676873
499 : -0.5484327506273985
500 : -1.062269878340885
501 : -1.1043769596144557
502 : -0.9601404145359993
503 : 0.9304740568622947
504 : -1.5829756669700146
505 : -1.5887564085423946
506 : -0.9500436177477241
507 : -4.2848826185800135
508 : -3.435106656514108
509 : -1.2542789978906512
510 : 0.7038227124139667
511 : -1.6019599856808782
512 : 8.82196127064526
513 : 0.88453468400985
514 : -1.7235366720706224
515 : 1.055089249042794
516 : -0.4735993738286197
517 : -0.8821125738322735
518 : -4.683218544349074
519 : -1.1909982077777386
520 : -4.17273537022993
521 : -0.9278429343830794
522 : -0.8340448727831244
523 : -0.22460567206144333
524 : -2.0029138773679733
525 : -1.321703102439642
526 : -1.7791724791750312
527 : 0.1734266090206802
528 : -1.1625812822021544
529 : -1.2472625933587551
530 : -1.4560536677017808
531 : -1.5971865840256214
532 : -1.4096745736896992
533 : 4.84076957963407
534 : 5.155526458285749
535 : -1.6748814601451159
536 : -0.88576381187886
537 : -1.6771748354658484
538 : -0.7954319124110043
539 : 3.080006137955934
540 : -1.9857471473515034
541 : 1.580455368384719
542 : -5.463242581114173
543 : -4.144419397693127
544 : -1.2222879156470299
545 : -1.3799334466457367
546 : -0.7400001822970808
547 : -1.3908898048102856
548 : -2.8053285754285753
549 : -2.6861682534217834
550 : -1.7293756790459156
551 : -1.5491177216172218
552 : -0.9032702138647437
553 : -1.4461103528738022
554 : -1.3761025192216039
555 : -0.7727043014019728
556 : -1.5297172516584396
557 : -0.6183717130916193
558 : -1.2488093082793057
559 : -0.7602770598605275
560 : -1.1139206609223038
561 : 0.23334785364568233
562 : 0.47543841134756804
563 : -1.5651172427460551
564 : -1.284926244057715
565 : -0.43044640589505434
566 : -2.3307179510593414
567 : -0.8338963277637959
568 : -1.1341377538628876
569 : 3.8812464978545904
570 : -0.5981119759380817
571 : -0.9528507352806628
572 : -1.5639535579830408
573 : -1.1321253422647715
574 : -1.3630148218944669
575 : -1.5849897796288133
576 : 1.564734052401036
577 : 5.088484463747591
578 : -1.6590569242835045
579 : -0.9660473559051752
580 : -1.500988032668829
581 : -0.677143216598779
582 : -1.5408832347020507
583 : -1.3510749600827694
584 : -1.5362208979204297
585 : -4.984750842675567
586 : -1.1410871325060725
587 : -1.7533085914328694
588 : -0.8386848045047373
589 : -1.6119357040151954
590 : -0.8553665671497583
591 : -1.8084228243678808
592 : -3.979520426597446
593 : -1.2910545784980059
594 : -0.7241195244714618
595 : -1.1000728954095393
596 : -1.3412694316357374
597 : -3.475661943666637
598 : -2.1112455278635025
599 : -0.8460046560503542
600 : -2.846594709903002
601 : -1.954788712784648
602 : -1.3552344837225974
603 : -1.122531557455659
604 : -1.3575658085756004
605 : -1.4180972166359425
606 : -1.87463110499084
607 : -1.7166117574088275
608 : 2.178122701123357
609 : 2.5749669522047043
610 : 5.522424606140703
611 : -0.6721433415077627
612 : -1.020333442837
613 : -3.405404972843826
614 : -0.8947424390353262
615 : -1.339623908046633
616 : -1.613236354663968
617 : -1.2628953605890274
618 : -1.5021857526153326
619 : -1.3936556465923786
620 : -1.332394179655239
621 : -4.832609041593969
622 : -1.3344634575769305
623 : -2.6279795169830322
624 : -1.5817302665673196
625 : -1.165319908875972
626 : -1.184611496515572
627 : -2.315608447417617
628 : -2.0581538109108806
629 : -1.7204819931648672
630 : -1.163488675840199
631 : -0.38862597569823265
632 : -4.170689415186644
633 : -2.4416620284318924
634 : -2.185534555464983
635 : 0.3297915053553879
636 : -2.506008345633745
637 : -1.723740303888917
638 : -1.2042284016497433
639 : -1.1825733282603323
640 : -1.0587617745622993
641 : -0.9203299004584551
642 : -1.4139114115387201
643 : 0.03801759425550699
644 : -1.1145360521040857
645 : -0.41520535945892334
646 : -0.14754530880600214
647 : -1.2829963276162744
648 : -3.7590665947645903
649 : -1.563820742070675
650 : -1.28219882119447
651 : -0.6653183195739985
652 : 0.01701747183687985
653 : -1.3582435750868171
654 : -0.32151603791862726
655 : -1.5199258904904127
656 : -0.7785880761221051
657 : -4.54626470641233
658 : 3.06785006262362
659 : -1.5069097010418773
660 : -0.5997301898896694
661 : -1.4704183186404407
662 : -0.7563750753179193
663 : 1.1708895033225417
664 : -1.6116739548742771
665 : -1.102644900791347
666 : -3.0728969648480415
667 : -1.579391986131668
668 : -0.9558415934443474
669 : -3.371533665806055
670 : -0.7974787461571395
671 : -1.0720886420458555
672 : -3.834588753990829
673 : 0.07934887707233429
674 : -1.4625539984554052
675 : -0.9102384746074677
676 : -0.9300029929727316
677 : -1.6865778667852283
678 : -1.8367180451750755
679 : -1.625333171337843
680 : -3.444945953786373
681 : -1.4878530609421432
682 : -1.735598228406161
683 : -0.7916945833712816
684 : -5.424955114722252
685 : 6.954715698957443
686 : -1.8280092515051365
687 : -1.2325996533036232
688 : -1.410726411268115
689 : -1.5856725089251995
690 : -1.5418448597192764
691 : -0.8404333028011024
692 : -0.2523143186699599
693 : -2.0102479122579098
694 : -0.8293027267791331
695 : -1.1580993607640266
696 : -1.599210849031806
697 : -4.6396550219506025
698 : -1.283654948696494
699 : -1.5514721870422363
700 : -1.9807894639670849
701 : -1.6133669260889292
702 : -3.8984199189580977
703 : -2.204767247661948
704 : -0.9901044713333249
705 : -0.06640017218887806
706 : 4.200776739045978
707 : -1.622805061750114
708 : -1.8528851345181465
709 : -4.351091858930886
710 : -2.0491058668121696
711 : -1.4041571076959372
712 : -1.7849406944587827
713 : -1.2018459807150066
714 : -1.3553742468357086
715 : -1.428864418528974
716 : -1.1157022472470999
717 : -6.920000929385424
718 : -1.091017703525722
719 : -1.4442293727770448
720 : -2.4952453896403313
721 : -1.4543243423104286
722 : 0.04502161405980587
723 : -2.1722757816314697
724 : -0.8579783728346229
725 : -1.6911350525915623
726 : -1.770227530039847
727 : -5.613432130776346
728 : -1.6788875386118889
729 : -1.3123496961779892
730 : -2.8195909336209297
731 : 0.20424714125692844
732 : -1.5113027170300484
733 : 2.897409859113395
734 : 4.17481295671314
735 : 8.185296562500298
736 : 0.3657364845275879
737 : -1.3342924281023443
738 : -1.4016383783891797
739 : -1.718520331021864
740 : -1.66714146733284
741 : 1.5718454644083977
742 : -2.936282942071557
743 : -1.3042623344808817
744 : -1.9570017755031586
745 : -0.8859862554818392
746 : -1.401448211632669
747 : -0.3636478530243039
748 : -1.1586971348151565
749 : -6.666454933118075
750 : -1.4665195066481829
751 : -0.36896302085369825
752 : -2.4512594491243362
753 : -0.9932268178090453
754 : -1.3020741883665323
755 : -1.8301523309201002
756 : -1.5783622711896896
757 : -1.4893861152231693
758 : -1.4853906035423279
759 : -1.285702875815332
760 : -4.61000073235482
761 : -1.7569930590689182
762 : -2.7397023788653314
763 : -1.0706964521668851
764 : -0.7220859513618052
765 : -1.7718859259039164
766 : -0.8630437105894089
767 : -1.4380341172218323
768 : -1.3837081026285887
769 : 0.13997390971053392
770 : -2.429194036871195
771 : -1.2012992231175303
772 : -0.9305011881515384
773 : -3.2599863559007645
774 : -2.8600258184596896
775 : -0.127517533255741
776 : -1.8442185074090958
777 : -0.640815275721252
778 : -1.2530547755304724
779 : -1.215440773870796
780 : 0.13401445979252458
781 : -2.556119928136468
782 : -2.260377550497651
783 : -1.388573809992522
784 : -8.616880152374506
785 : -1.5707897888496518
786 : 3.6044745328836143
787 : -1.1151036815717816
788 : -2.1728490479290485
789 : -0.8563906522467732
790 : -1.552845312282443
791 : -0.6512590423226357
792 : -5.700867187581025
793 : 4.899695677682757
794 : -1.6295500579290092
795 : -1.0152560365386307
796 : -1.6699223145842552
797 : 3.0626800609752536
798 : 4.351824285462499
799 : 0.890808217227459
800 : -0.8853127984330058
801 : -1.156130446412135
802 : -0.7672661826945841
803 : -3.088112246245146
804 : -1.2560040354728699
805 : -0.7192853977903724
806 : -0.9332680897787213
807 : -1.3765509803779423
808 : 1.0029574395157397
809 : -1.2605831464752555
810 : -1.8969781016930938
811 : -0.4372851476073265
812 : 2.315811019157991
813 : 0.45218128990381956
814 : -1.5462138717994094
815 : -3.373503489419818
816 : -3.228392410557717
817 : -1.182699709199369
818 : -9.16245972365141
819 : -0.7618439504876733
820 : -1.5443676337599754
821 : -1.4749318743124604
822 : -1.3600816205143929
823 : -2.3045338168740273
824 : -1.2951857782900333
825 : 0.1992700882256031
826 : -1.6638190634548664
827 : -1.279785754159093
828 : -2.7030034102499485
829 : -2.769266463117674
830 : -4.150762386620045
831 : -1.2057830700650811
832 : 1.1193006858229637
833 : 1.090680635534227
834 : -0.5626231618225574
835 : 4.507909836247563
836 : -0.1601723488420248
837 : -2.007809752249159
838 : -1.7525588842108846
839 : 0.5405444130301476
840 : -1.593778464011848
841 : -0.657461910508573
842 : -1.0171942953020334
843 : -2.1557956896722317
844 : -1.7667031968012452
845 : -0.2918470809236169
846 : -1.7665735059417784
847 : -1.3106225957162678
848 : -1.6369657344184816
849 : -1.6387309394776821
850 : -0.639839818701148
851 : -0.819532809429802
852 : -0.549937223084271
853 : -0.8753381334245205
854 : -0.7570094959810376
855 : -0.7881605140864849
856 : -2.8203167021274567
857 : -1.0186068434268236
858 : -1.7940293964929879
859 : -0.9839259423315525
860 : -0.792204424738884
861 : -0.8812081130454317
862 : -1.7558094020932913
863 : -1.08555147331208
864 : -0.782829565461725
865 : -0.7087858840823174
866 : -4.337619268801063
867 : -1.1809435356408358
868 : -1.2351654614321887
869 : -1.3453359548002481
870 : -2.378547489643097
871 : -1.5649055214598775
872 : -0.8474971828982234
873 : -1.9711969792842865
874 : -1.3268129155039787
875 : -0.7766633247956634
876 : -2.0004265662282705
877 : 1.3196608130820096
878 : -0.3414772320538759
879 : 3.895620172843337
880 : -1.1448894017376006
881 : -0.9321875106543303
882 : -1.2598362527787685
883 : -1.7190934512764215
884 : -1.1763209411874413
885 : -0.35919720865786076
886 : -0.4893227992579341
887 : 1.267425729893148
888 : -3.2839320059865713
889 : -1.2388837208854966
890 : -1.0158280925825238
891 : -1.0935864066705108
892 : -1.2948052273131907
893 : 1.4564834220800549
894 : -1.5533452667295933
895 : -1.476847073994577
896 : -2.5508200847543776
897 : -1.169794634450227
898 : -0.9364882800728083
899 : -0.13922941870987415
900 : 3.14771150611341
901 : -1.3256337782368064
902 : -1.907907628454268
903 : -1.642666264437139
904 : -0.07886728597804904
905 : -1.1195302531123161
906 : -1.5297142202034593
907 : -4.297928493935615
908 : -2.283067161217332
909 : -0.10503661073744297
910 : -1.2668421175330877
911 : -0.5378986671566963
912 : -1.0908049615100026
913 : -0.30999976489692926
914 : -2.632897164672613
915 : -2.1898676054552197
916 : -0.47939573507755995
917 : -1.3797169122844934
918 : 3.5661327559500933
919 : -1.4712106622755527
920 : -5.667072131531313
921 : -0.5519712301902473
922 : 0.9307688956614584
923 : -11.56268711015582
924 : -2.296236006077379
925 : -1.4547042548656464
926 : -0.29940619599074125
927 : -1.8940554494038224
928 : -1.027374180033803
929 : -3.9127089302055538
930 : -3.161905783228576
931 : -1.8227621540427208
932 : -0.7841763040050864
933 : -1.5972347082570195
934 : -1.5482184514403343
935 : -0.6269262349233031
936 : -3.1797957038506866
937 : -0.6956383683718741
938 : -1.1411609975621104
939 : -2.1058084848336875
940 : -0.9732447427231818
941 : 8.794225335121155
942 : -1.2253535315394402
943 : -1.3373206965625286
944 : -1.132293179165572
945 : -1.8659865777008235
946 : -4.287490079179406
947 : -1.3566960878670216
948 : -0.6517647933214903
949 : -5.643126686103642
950 : -1.9680731948465109
951 : -2.8379336278885603
952 : 1.2862129965797067
953 : -0.8484884665813297
954 : -0.6047900011762977
955 : -1.527693836018443
956 : -1.915801651775837
957 : -1.0295240483246744
958 : -1.1912497784942389
959 : 0.5533802774734795
960 : -1.6156140677630901
961 : 1.6565728224813938
962 : -0.8305375846102834
963 : -3.7052722717635334
964 : -1.4600609317421913
965 : -1.2046997239813209
966 : -2.20410880446434
967 : -3.716179857729003
968 : -1.5354028707370162
969 : -1.5385823268443346
970 : -1.2171233273111284
971 : 5.507192532066256
972 : -1.9069637041538954
973 : 4.479267031420022
974 : 0.048867478501051664
975 : -9.611747954040766
976 : -1.1274265414103866
977 : -1.5077255018986762
978 : -0.6626701769419014
979 : -0.8090270571410656
980 : -1.7001554062590003
981 : -0.8612252129241824
982 : -1.0744207203388214
983 : -1.844385499600321
984 : -8.337588888127357
985 : -1.9354152781888843
986 : -1.5301322657614946
987 : -0.8247711714357138
988 : -3.5277563547715545
989 : -1.2207077592611313
990 : -0.3263132553547621
991 : -1.4938393477350473
992 : -0.8895261641591787
993 : -6.3782426826655865
994 : 2.828443145379424
995 : 1.00620979629457
996 : -1.4929541060701013
997 : -0.3494722042232752
998 : -2.4065067917108536
999 : 0.7845775280147791
Setting up 2 worker threads for Enlighten.
  Thread -> id: 7f72b3fff700 -> priority: 1 
  Thread -> id: 7f72b37fe700 -> priority: 1 
2020-06-24 04:00:53 INFO [environment.py:418] Environment shut down with return code 0.
[I 2020-06-24 04:00:53,911] Finished trial#159 with value: 0.7845775280147791 with parameters: {'update_time_steps': 7168, 'ppo_epochs': 11, 'gamma': 0.9635280631450588, 'beta': 0.056181421697485516}. Best is trial#129 with value: -4.94039882812649.
Found path: /home/j/jensenj/PycharmProjects/Federer-Jr./src/../crawler_single/linux/dynamic_server/crawler_dynamic.x86_64
Mono path[0] = '/home/j/jensenj/PycharmProjects/Federer-Jr./src/../crawler_single/linux/dynamic_server/crawler_dynamic_Data/Managed'
Mono config path = '/home/j/jensenj/PycharmProjects/Federer-Jr./src/../crawler_single/linux/dynamic_server/crawler_dynamic_Data/MonoBleedingEdge/etc'
Preloaded 'lib_burst_generated.so'
Preloaded 'libgrpc_csharp_ext.x64.so'
Initialize engine version: 2019.3.15f1 (59ff3e03856d)
[Subsystems] Discovering subsystems at path /home/j/jensenj/PycharmProjects/Federer-Jr./src/../crawler_single/linux/dynamic_server/crawler_dynamic_Data/UnitySubsystems
Forcing GfxDevice: Null
GfxDevice: creating device client; threaded=0
NullGfxDevice:
    Version:  NULL 1.0 [1.0]
    Renderer: Null Device
    Vendor:   Unity Technologies
Begin MonoManager ReloadAssembly
- Completed reload, in  0.097 seconds
WARNING: Shader Unsupported: 'Autodesk Interactive' - All passes removed
WARNING: Shader Did you use #pragma only_renderers and omit this platform?
UnloadTime: 0.427782 ms
Fallback handler could not load library /home/j/jensenj/PycharmProjects/Federer-Jr./src/../crawler_single/linux/dynamic_server/crawler_dynamic_Data/Mono/libcoreclr.so
Fallback handler could not load library /home/j/jensenj/PycharmProjects/Federer-Jr./src/../crawler_single/linux/dynamic_server/crawler_dynamic_Data/Mono/libcoreclr.so
Fallback handler could not load library /home/j/jensenj/PycharmProjects/Federer-Jr./src/../crawler_single/linux/dynamic_server/crawler_dynamic_Data/Mono/libcoreclr.so
Fallback handler could not load library /home/j/jensenj/PycharmProjects/Federer-Jr./src/../crawler_single/linux/dynamic_server/crawler_dynamic_Data/Mono/libSystem.dylib
Fallback handler could not load library /home/j/jensenj/PycharmProjects/Federer-Jr./src/../crawler_single/linux/dynamic_server/crawler_dynamic_Data/Mono/libSystem.dylib.so
Fallback handler could not load library /home/j/jensenj/PycharmProjects/Federer-Jr./src/../crawler_single/linux/dynamic_server/crawler_dynamic_Data/Mono/libSystem.dylib
Fallback handler could not load library /home/j/jensenj/PycharmProjects/Federer-Jr./src/../crawler_single/linux/dynamic_server/crawler_dynamic_Data/Mono/libcoreclr.so
Fallback handler could not load library /home/j/jensenj/PycharmProjects/Federer-Jr./src/../crawler_single/linux/dynamic_server/crawler_dynamic_Data/Mono/libcoreclr.so
Fallback handler could not load library /home/j/jensenj/PycharmProjects/Federer-Jr./src/../crawler_single/linux/dynamic_server/crawler_dynamic_Data/Mono/libcoreclr.so
Fallback handler could not load library /home/j/jensenj/PycharmProjects/Federer-Jr./src/../crawler_single/linux/dynamic_server/crawler_dynamic_Data/Mono/libSystem.dylib
Fallback handler could not load library /home/j/jensenj/PycharmProjects/Federer-Jr./src/../crawler_single/linux/dynamic_server/crawler_dynamic_Data/Mono/libSystem.dylib.so
Fallback handler could not load library /home/j/jensenj/PycharmProjects/Federer-Jr./src/../crawler_single/linux/dynamic_server/crawler_dynamic_Data/Mono/libSystem.dylib
2020-06-24 04:00:54 INFO [environment.py:108] Connected to Unity environment with package version 1.0.2 and communication version 1.0.0
2020-06-24 04:00:54 INFO [environment.py:265] Connected new brain:
CrawlerDynamic?team=0
2020-06-24 04:00:54 WARNING [__init__.py:92] The environment contains multiple observations. You must define allow_multiple_obs=True to receive them all. Otherwise, only the first visual observation (or vector observation ifthere are no visual observations) will be provided in the observation.
{'nr_output_features': 20, 'nr_input_features': 126, 'env': <gym_unity.envs.UnityToGymWrapper object at 0x7f3fc7d85a20>, 'alpha': 0.003, 'tau': 0.95, 'clip': 0.2, 'minibatch_size': 32, 'hidden_units': 512, 'update_time_steps': 9216, 'ppo_epochs': 16, 'gamma': 0.9266380423973078, 'beta': 0.0928421490385008}
0 : -1.5093948845751584
1 : 0.702457626350224
2 : 0.7629191447049379
3 : -1.1747655821964145
4 : -1.1064256951212883
5 : -0.9671531915664673
6 : -0.652344424277544
7 : -1.5583294900134206
8 : -1.8928110152482986
9 : -3.0766892982646823
10 : -2.7939480065833777
11 : -2.046347141265869
12 : 5.621281346306205
13 : -5.2488710321486
14 : -1.7322112694382668
15 : -8.422141247428954
16 : -1.483347260626033
17 : -2.284580018837005
18 : -2.290774369612336
19 : -1.3429529936984181
20 : -1.3397478703409433
21 : 0.028606491861864924
22 : -0.8888421403244138
23 : -2.392517632804811
24 : -2.5658366288989782
25 : -1.526087089907378
26 : -1.1064832238480449
27 : -7.240616844734177
28 : -1.462070133537054
29 : -2.7303989324718714
30 : -1.1855828345287591
31 : -0.9069114848971367
32 : 0.9338947411160916
33 : -1.2996204756200314
34 : -1.7865115620661527
35 : -1.532337159384042
36 : -1.5247098859399557
37 : -0.26936111506074667
38 : -0.8312202282249928
39 : -0.7970779277384281
40 : -1.02746959682554
41 : -1.8635593727231026
42 : -0.7807151144370437
43 : -0.4318003263324499
44 : -0.8458811417222023
45 : -1.441919945180416
46 : -3.164855582639575
47 : -2.3335847249254584
48 : -1.7977930093184114
49 : -0.5748921167105436
50 : -0.3668666905723512
51 : -0.24342113127931952
52 : 3.282062330748886
53 : -1.4770381608977914
54 : -1.3825817522592843
55 : -3.068194885738194
56 : -1.1788196861743927
57 : -1.145368745084852
58 : -0.8444911679252982
59 : -1.8446382528636605
60 : -0.7105596330948174
61 : -1.5047926288098097
62 : 2.7372370855882764
63 : -1.1735571958124638
64 : -1.6237248228862882
65 : -2.0158242327161133
66 : 3.7594473650678992
67 : -4.929701110348105
68 : -0.9559899820014834
69 : -1.3993557263165712
70 : -0.9075882150791585
71 : -2.336392756551504
72 : -1.219927886268124
73 : -1.0747994852717966
74 : 0.2715307860635221
75 : -1.5748016545549035
76 : 3.67782966978848
77 : -1.3098546171677299
78 : -4.998422889504582
79 : -1.8003759756684303
80 : -1.3822891865856946
81 : -2.0262259785085917
82 : -0.830853009596467
83 : -0.9465711931698024
84 : -1.1378253628499806
85 : -2.42025875300169
86 : -0.5848050285712816
87 : -0.23743396112695336
88 : -1.0495463702827692
89 : -1.1370610482990742
90 : -1.5235527716577053
91 : -1.0615167077630758
92 : -0.9088751636445522
93 : -1.703199711162597
94 : 3.0616833148524165
95 : 0.1560954093001783
96 : 0.10942253144457936
97 : -0.270643396070227
98 : -1.5154786449857056
99 : -4.6640086453408
100 : -2.6314654909074306
101 : -4.304040296468884
102 : -1.398355077020824
103 : -1.5460870899260044
104 : -2.352956875693053
105 : -1.7200587317347527
106 : -2.228365946561098
107 : -1.0028257961384952
108 : -1.4620546158403158
109 : -1.816881500184536
110 : 0.6376006030477583
111 : -1.4703007098287344
112 : -0.736050283536315
113 : -2.26851886510849
114 : -1.2285909452475607
115 : 1.22555161267519
116 : -1.7427715100347996
117 : -1.1354069225490093
118 : -1.967062570154667
119 : -1.7157044019550085
120 : -2.5369803160429
121 : -1.471368208527565
122 : -0.6988574685528874
123 : -2.509281379170716
124 : 0.8840960138477385
125 : -1.0568300280719995
126 : -0.8626975445076823
127 : -1.283788095228374
128 : 0.056297458708286285
129 : -0.9517409633845091
130 : -1.2610893645323813
131 : 1.7256445158272982
132 : -0.9193236771970987
133 : -1.6604813653975725
134 : -0.3401903994381428
135 : -1.4841219242662191
136 : -1.5143917351961136
137 : -1.3151231072843075
138 : -1.4925219342112541
[W 2020-06-24 04:03:33,459] Setting status of trial#173 as TrialState.FAIL because of the following error: ValueError('array split does not result in an equal division',)
Traceback (most recent call last):
  File "/home/j/jensenj/.local/lib/python3.6/site-packages/numpy/lib/shape_base.py", line 867, in split
    len(indices_or_sections)
TypeError: object of type 'int' has no len()

During handling of the above exception, another exception occurred:

Traceback (most recent call last):
  File "/home/j/jensenj/.local/lib/python3.6/site-packages/optuna/study.py", line 734, in _run_trial
    result = func(trial)
  File "main-optuna.py", line 88, in objective
    returns = [episode(env, agent, params, writer, i) for i in range(training_episodes)]
  File "main-optuna.py", line 88, in <listcomp>
    returns = [episode(env, agent, params, writer, i) for i in range(training_episodes)]
  File "main-optuna.py", line 40, in episode
    agent.update(next_state)
  File "/home/j/jensenj/PycharmProjects/Federer-Jr./src/ppo.py", line 140, in update
    for states, actions, old_log_probs, returns, advantages in self.memory.sample_batch(self.minibatch_size, next_value):
  File "/home/j/jensenj/PycharmProjects/Federer-Jr./src/ppo.py", line 44, in sample_batch
    ids = np.split(ids, batch_size // minibatch_size)
  File "<__array_function__ internals>", line 6, in split
  File "/home/j/jensenj/.local/lib/python3.6/site-packages/numpy/lib/shape_base.py", line 873, in split
    'array split does not result in an equal division')
ValueError: array split does not result in an equal division
Traceback (most recent call last):
  File "/home/j/jensenj/.local/lib/python3.6/site-packages/numpy/lib/shape_base.py", line 867, in split
    len(indices_or_sections)
TypeError: object of type 'int' has no len()

During handling of the above exception, another exception occurred:

Traceback (most recent call last):
  File "main-optuna.py", line 103, in <module>
    study.optimize(objective, n_trials=1000)
  File "/home/j/jensenj/.local/lib/python3.6/site-packages/optuna/study.py", line 339, in optimize
    func, n_trials, timeout, catch, callbacks, gc_after_trial, None
  File "/home/j/jensenj/.local/lib/python3.6/site-packages/optuna/study.py", line 682, in _optimize_sequential
    self._run_trial_and_callbacks(func, catch, callbacks, gc_after_trial)
  File "/home/j/jensenj/.local/lib/python3.6/site-packages/optuna/study.py", line 713, in _run_trial_and_callbacks
    trial = self._run_trial(func, catch, gc_after_trial)
  File "/home/j/jensenj/.local/lib/python3.6/site-packages/optuna/study.py", line 734, in _run_trial
    result = func(trial)
  File "main-optuna.py", line 88, in objective
    returns = [episode(env, agent, params, writer, i) for i in range(training_episodes)]
  File "main-optuna.py", line 88, in <listcomp>
    returns = [episode(env, agent, params, writer, i) for i in range(training_episodes)]
  File "main-optuna.py", line 40, in episode
    agent.update(next_state)
  File "/home/j/jensenj/PycharmProjects/Federer-Jr./src/ppo.py", line 140, in update
    for states, actions, old_log_probs, returns, advantages in self.memory.sample_batch(self.minibatch_size, next_value):
  File "/home/j/jensenj/PycharmProjects/Federer-Jr./src/ppo.py", line 44, in sample_batch
    ids = np.split(ids, batch_size // minibatch_size)
  File "<__array_function__ internals>", line 6, in split
  File "/home/j/jensenj/.local/lib/python3.6/site-packages/numpy/lib/shape_base.py", line 873, in split
    'array split does not result in an equal division')
ValueError: array split does not result in an equal division
Setting up 2 worker threads for Enlighten.
  Thread -> id: 7fbff29ad700 -> priority: 1 
  Thread -> id: 7fbff21ac700 -> priority: 1 
2020-06-24 04:03:33 INFO [environment.py:418] Environment shut down with return code 0.
