slurmstepd-geltnach: error: Unable to create TMPDIR [/tmp/user/30108]: Permission denied
slurmstepd-geltnach: error: Setting TMPDIR to /tmp
Found path: /home/j/jensenj/PycharmProjects/Federer-Jr./src/../crawler_single/linux/dynamic_server/crawler_dynamic.x86_64
Mono path[0] = '/home/j/jensenj/PycharmProjects/Federer-Jr./src/../crawler_single/linux/dynamic_server/crawler_dynamic_Data/Managed'
Mono config path = '/home/j/jensenj/PycharmProjects/Federer-Jr./src/../crawler_single/linux/dynamic_server/crawler_dynamic_Data/MonoBleedingEdge/etc'
Preloaded 'lib_burst_generated.so'
Preloaded 'libgrpc_csharp_ext.x64.so'
Initialize engine version: 2019.3.15f1 (59ff3e03856d)
[Subsystems] Discovering subsystems at path /home/j/jensenj/PycharmProjects/Federer-Jr./src/../crawler_single/linux/dynamic_server/crawler_dynamic_Data/UnitySubsystems
Forcing GfxDevice: Null
GfxDevice: creating device client; threaded=0
NullGfxDevice:
    Version:  NULL 1.0 [1.0]
    Renderer: Null Device
    Vendor:   Unity Technologies
Begin MonoManager ReloadAssembly
- Completed reload, in  0.101 seconds
WARNING: Shader Unsupported: 'Autodesk Interactive' - All passes removed
WARNING: Shader Did you use #pragma only_renderers and omit this platform?
UnloadTime: 0.430890 ms
Fallback handler could not load library /home/j/jensenj/PycharmProjects/Federer-Jr./src/../crawler_single/linux/dynamic_server/crawler_dynamic_Data/Mono/libcoreclr.so
Fallback handler could not load library /home/j/jensenj/PycharmProjects/Federer-Jr./src/../crawler_single/linux/dynamic_server/crawler_dynamic_Data/Mono/libcoreclr.so
Fallback handler could not load library /home/j/jensenj/PycharmProjects/Federer-Jr./src/../crawler_single/linux/dynamic_server/crawler_dynamic_Data/Mono/libcoreclr.so
Fallback handler could not load library /home/j/jensenj/PycharmProjects/Federer-Jr./src/../crawler_single/linux/dynamic_server/crawler_dynamic_Data/Mono/libSystem.dylib
Fallback handler could not load library /home/j/jensenj/PycharmProjects/Federer-Jr./src/../crawler_single/linux/dynamic_server/crawler_dynamic_Data/Mono/libSystem.dylib.so
Fallback handler could not load library /home/j/jensenj/PycharmProjects/Federer-Jr./src/../crawler_single/linux/dynamic_server/crawler_dynamic_Data/Mono/libSystem.dylib
Fallback handler could not load library /home/j/jensenj/PycharmProjects/Federer-Jr./src/../crawler_single/linux/dynamic_server/crawler_dynamic_Data/Mono/libcoreclr.so
Fallback handler could not load library /home/j/jensenj/PycharmProjects/Federer-Jr./src/../crawler_single/linux/dynamic_server/crawler_dynamic_Data/Mono/libcoreclr.so
Fallback handler could not load library /home/j/jensenj/PycharmProjects/Federer-Jr./src/../crawler_single/linux/dynamic_server/crawler_dynamic_Data/Mono/libcoreclr.so
Fallback handler could not load library /home/j/jensenj/PycharmProjects/Federer-Jr./src/../crawler_single/linux/dynamic_server/crawler_dynamic_Data/Mono/libSystem.dylib
Fallback handler could not load library /home/j/jensenj/PycharmProjects/Federer-Jr./src/../crawler_single/linux/dynamic_server/crawler_dynamic_Data/Mono/libSystem.dylib.so
Fallback handler could not load library /home/j/jensenj/PycharmProjects/Federer-Jr./src/../crawler_single/linux/dynamic_server/crawler_dynamic_Data/Mono/libSystem.dylib
/home/j/jensenj/.local/lib/python3.6/site-packages/tensorboard/compat/tensorflow_stub/dtypes.py:541: FutureWarning: Passing (type, 1) or '1type' as a synonym of type is deprecated; in a future version of numpy, it will be understood as (type, (1,)) / '(1,)type'.
  _np_qint8 = np.dtype([("qint8", np.int8, 1)])
/home/j/jensenj/.local/lib/python3.6/site-packages/tensorboard/compat/tensorflow_stub/dtypes.py:542: FutureWarning: Passing (type, 1) or '1type' as a synonym of type is deprecated; in a future version of numpy, it will be understood as (type, (1,)) / '(1,)type'.
  _np_quint8 = np.dtype([("quint8", np.uint8, 1)])
/home/j/jensenj/.local/lib/python3.6/site-packages/tensorboard/compat/tensorflow_stub/dtypes.py:543: FutureWarning: Passing (type, 1) or '1type' as a synonym of type is deprecated; in a future version of numpy, it will be understood as (type, (1,)) / '(1,)type'.
  _np_qint16 = np.dtype([("qint16", np.int16, 1)])
/home/j/jensenj/.local/lib/python3.6/site-packages/tensorboard/compat/tensorflow_stub/dtypes.py:544: FutureWarning: Passing (type, 1) or '1type' as a synonym of type is deprecated; in a future version of numpy, it will be understood as (type, (1,)) / '(1,)type'.
  _np_quint16 = np.dtype([("quint16", np.uint16, 1)])
/home/j/jensenj/.local/lib/python3.6/site-packages/tensorboard/compat/tensorflow_stub/dtypes.py:545: FutureWarning: Passing (type, 1) or '1type' as a synonym of type is deprecated; in a future version of numpy, it will be understood as (type, (1,)) / '(1,)type'.
  _np_qint32 = np.dtype([("qint32", np.int32, 1)])
/home/j/jensenj/.local/lib/python3.6/site-packages/tensorboard/compat/tensorflow_stub/dtypes.py:550: FutureWarning: Passing (type, 1) or '1type' as a synonym of type is deprecated; in a future version of numpy, it will be understood as (type, (1,)) / '(1,)type'.
  np_resource = np.dtype([("resource", np.ubyte, 1)])
2020-06-24 03:42:32 INFO [environment.py:108] Connected to Unity environment with package version 1.0.2 and communication version 1.0.0
2020-06-24 03:42:32 INFO [environment.py:265] Connected new brain:
CrawlerDynamic?team=0
2020-06-24 03:42:32 WARNING [__init__.py:92] The environment contains multiple observations. You must define allow_multiple_obs=True to receive them all. Otherwise, only the first visual observation (or vector observation ifthere are no visual observations) will be provided in the observation.
/home/j/jensenj/.local/lib/python3.6/site-packages/gym/logger.py:30: UserWarning: WARN: Box bound precision lowered by casting to float32
  warnings.warn(colorize('%s: %s'%('WARN', msg % args), 'yellow'))
{'nr_output_features': 20, 'nr_input_features': 126, 'env': <gym_unity.envs.UnityToGymWrapper object at 0x7ff977be5eb8>, 'alpha': 0.003, 'tau': 0.95, 'clip': 0.2, 'minibatch_size': 32, 'hidden_units': 512, 'update_time_steps': 7168, 'ppo_epochs': 11, 'gamma': 0.9618523022787661, 'beta': 0.0583740038226588}
0 : 0.621929463930428
1 : 1.6987499669194221
2 : -0.8230139575898647
3 : -1.7637589536607265
4 : -0.7368578440509737
5 : -1.99583756364882
6 : -1.5007509775459766
7 : -1.3971790615469217
8 : -0.09032810851931572
9 : -2.662491327151656
10 : -0.6019584257155657
11 : -10.491170616354793
12 : -1.4785300409421325
13 : -2.045047892257571
14 : 3.4960800474509597
15 : -3.8713850239291787
16 : -6.173266043886542
17 : -1.8928986797109246
18 : -1.4454502034932375
19 : 6.454398545436561
20 : -1.3043956044130027
21 : -1.4477052092552185
22 : -3.047333846334368
23 : -4.672362471930683
24 : -1.3735763947479427
25 : -5.530937648378313
26 : -10.50408938806504
27 : -0.8935181857086718
28 : -1.937148145865649
29 : -1.3474940098822117
30 : 0.22192325443029404
31 : -3.4283010121434927
32 : 0.41753396578133106
33 : 0.7600315739400685
34 : -1.9073821250349283
35 : -8.673877995228395
36 : -0.5622907509095967
37 : -2.0828114920295775
38 : 8.75509830750525
39 : -0.15036304853856564
40 : -0.3130456501385197
41 : -0.9727569650858641
42 : -0.6839283839799464
43 : 1.0077299915719777
44 : -1.373763382434845
45 : -0.9199308529496193
46 : -0.9782165978103876
47 : -5.317636095918715
48 : 2.371892098803073
49 : 6.775320790708065
50 : 11.403625741018914
51 : -1.5537831960245967
52 : -6.578125510364771
53 : 1.2405121271731332
54 : -1.4147827345877886
55 : -1.0334617691114545
56 : -1.0713302856311202
57 : -1.5510729756206274
58 : -2.8505023485049605
59 : -2.7401535068638623
60 : -3.4323547201638576
61 : -1.6713788863271475
62 : -1.1519321566447616
63 : 7.597397795878351
64 : -1.80697937682271
65 : 3.094821482896805
66 : 0.028876735363155603
67 : -2.2938369438052177
68 : 1.5334012974053621
69 : -2.601251648273319
70 : -10.354712746106088
71 : -1.5624400358647108
72 : -0.7164047118276358
73 : -1.438727356493473
74 : 7.2894468838348985
75 : -1.6829222552478313
76 : 1.6444931928999722
77 : -8.975242184125818
78 : -2.7035605991259217
79 : -2.6036379447905347
80 : 5.557857397478074
81 : -1.4846122013404965
82 : -0.8523594625294209
83 : 1.1400408195331693
84 : -10.992255287244916
85 : 1.7557504465803504
86 : 0.5496977129951119
87 : -0.7160921930335462
88 : -1.0962860556319356
89 : -0.9193971785716712
90 : -5.71966462378623
91 : 3.587301258929074
92 : -0.8923405148088932
93 : -2.4037544345483184
94 : -1.5030076168477535
95 : 12.54376240586862
96 : 6.896041410043836
97 : -0.6044044196605682
98 : -4.937474129721522
99 : 0.5833643032237887
100 : -0.733075525611639
101 : -2.678940273821354
102 : -3.005866087973118
103 : -1.4440605631098151
104 : -1.255034126341343
105 : -1.3283550278283656
106 : -0.8902044221758842
107 : -2.3586162151768804
108 : -5.361078420653939
109 : -0.7630629171617329
110 : 0.9872248785104603
111 : 4.138904388761148
112 : -1.6615109434351325
113 : -4.627451431704685
114 : 0.08746310975402594
115 : -1.3192027620971203
116 : -3.3749356055632234
117 : -1.7567767510190606
118 : -1.3418925227597356
119 : -1.09490848146379
120 : 2.287548979744315
121 : -1.134338641539216
122 : -0.7842183886095881
123 : 0.841496110893786
124 : -1.2395826783031225
125 : 1.4724575973814353
126 : -1.5269008027389646
127 : -1.8891243138350546
128 : -1.186171181499958
129 : -2.5348690503742546
130 : -4.3635986633598804
131 : -9.431734660640359
132 : -2.001459633000195
133 : 1.5902022793889046
134 : -2.0975040160119534
135 : -1.296504769474268
136 : -1.4764931984245777
137 : -1.7392981513403356
138 : -1.833183329552412
139 : -18.61941311089322
140 : -1.7521270676515996
141 : -2.278707455843687
142 : 0.03720872895792127
143 : -3.2310443092137575
144 : -1.6996705196797848
145 : -0.6415360434912145
146 : -8.502055620774627
147 : 5.710278522223234
148 : -2.7171660643070936
149 : -7.460119791328907
150 : -2.396327370312065
151 : -1.4548479081131518
152 : -6.030973835848272
153 : -0.8034815797582269
154 : 0.15021978877484798
155 : -1.8974727811291814
156 : -4.13257279060781
157 : -0.999158420599997
158 : -1.7348588013555855
159 : 0.5290443506091833
160 : -0.9245720421895385
161 : 10.670013095019385
162 : -1.2205082569271326
163 : -0.4731225511059165
164 : -1.2620448768138885
165 : -0.9051479790359735
166 : 1.9909256077371538
167 : -1.4937336156144738
168 : 6.267358440440148
169 : -1.7760263732634485
170 : -5.308625106001273
171 : -1.1988212349824607
172 : -1.0800635984633118
173 : -0.4015543186105788
174 : -2.72284622117877
175 : 1.0296651665121317
176 : 0.4668644918128848
177 : -1.1081357630901039
178 : -2.605759465135634
179 : -1.621750134974718
180 : -0.7909326180815697
181 : 1.5932564109098166
182 : -1.4461624417454004
183 : 0.26366634387522936
184 : -3.8924414152279496
185 : -4.490057016722858
186 : -1.6013676933944225
187 : 6.781556264322717
188 : 1.579110194928944
189 : -1.8734675222076476
190 : -5.469964308198541
191 : -1.4484922913834453
192 : -0.8645523423328996
193 : -1.2094776802696288
194 : 1.6929846336133778
195 : -1.3140741232782602
196 : -1.470202712342143
197 : -4.826128582470119
198 : -1.8408679030835629
199 : -1.4227422433905303
200 : -3.0835573384538293
201 : -1.4199490705505013
202 : -0.744783537928015
203 : 0.3998383542057127
204 : -0.9318981431424618
205 : 0.1129213385283947
206 : 1.9942626708652824
207 : -1.5141482688486576
208 : -1.5424452207516879
209 : -1.594333928078413
210 : 0.5147680565714836
211 : -1.7181903375312686
212 : -0.8669230747036636
213 : -2.0183881651610136
214 : -1.521443722769618
215 : -1.6817237380892038
216 : 1.4786904459178913
217 : -3.6840272762347013
218 : -5.048283672425896
219 : 1.7522563943639398
220 : -0.9220924810506403
221 : -0.7605893611907959
222 : -1.9912074481253512
223 : 12.900644201785326
224 : -1.6923412550240755
225 : 14.180987150873989
226 : -1.0563321243971586
227 : -0.9081332636997104
228 : 0.021833068691194057
229 : -1.651657048962079
230 : -1.2746119196526706
231 : -1.0404783366248012
232 : -1.468875844962895
233 : -5.218561825924553
234 : -1.2130100366193801
235 : -0.12386835180222988
236 : -1.3624360393732786
237 : -1.641501019243151
238 : -0.6690402689855546
239 : 0.5533263459801674
240 : -4.973500600084662
241 : -4.228053494356573
242 : -1.2010740097612143
243 : 3.556656136410311
244 : -6.547525316476822
245 : -1.056772323208861
246 : 1.0398823535069823
247 : -0.9565991794224828
248 : 1.089749067556113
249 : -2.040576403029263
250 : -1.2927870149724185
251 : -0.3957116212695837
252 : 1.542786717414856
253 : -2.320415150374174
254 : -2.912720564752817
255 : -0.24572752602398396
256 : -0.2035081684589386
257 : -1.1038500629365444
258 : -0.9121903777122498
259 : -0.6410920452326536
260 : -7.901939420029521
261 : -1.3250852152705193
262 : -0.6186068160459399
263 : 3.946333962492645
264 : -1.5503225401043892
265 : -1.1553446473553777
266 : -1.7709371522068977
267 : -1.4750408940017223
268 : -1.7551623433828354
269 : -1.1522984593175352
270 : -0.8012723848223686
271 : -1.2479495778679848
272 : -1.4398686313070357
273 : 0.001783232670277357
274 : -1.4230105485767126
275 : -0.8332275943830609
276 : -2.8220888124778867
277 : 0.5387467290274799
278 : -0.7860570992343128
279 : -0.4841075399890542
280 : -6.25190722476691
281 : -1.9315727092325687
282 : -5.1248578280210495
283 : 0.4230524795129895
284 : -1.9527713619172573
285 : 2.0577002817299217
286 : 1.7801349675282836
287 : 0.9530801307410002
288 : -0.7579861381091177
289 : -30.583238417748362
290 : -0.875715128146112
291 : -0.10642008017748594
292 : -0.3278718674555421
293 : -1.4892162308096886
294 : -2.0853408686816692
295 : -1.2161975262570195
296 : -1.8814424914307892
297 : -2.8242783348541707
298 : 6.089680772274733
299 : -0.00010585587006062269
300 : -2.5777437465731055
301 : -1.7350007025524974
302 : 0.06291960272938013
303 : -7.015246689319611
304 : -1.2398902401328087
305 : -1.7783183916471899
306 : -1.594723157119006
307 : 4.7546968860551715
308 : -2.1315935496240854
309 : -1.9925093799829483
310 : -1.5095202345401049
311 : -2.299969479907304
312 : -1.4442275390028954
313 : -0.9070806782692671
314 : 5.73469427973032
315 : -1.189484431175515
316 : -1.6500858408398926
317 : -1.0768175544217229
318 : -1.5832652188837528
319 : -7.612439240328968
320 : -1.1154973860830069
321 : 5.879169006831944
322 : -3.6007646727375686
323 : -0.9979696348309517
324 : 0.28997942712157965
325 : -2.95407853461802
326 : -2.2810236492659897
327 : -1.5041371192783117
328 : 1.7710129898041487
329 : -1.121900306083262
330 : -1.7122578658163548
331 : -2.166965906508267
332 : -2.4485748820006847
333 : 4.580499893985689
334 : -1.7354906336404383
335 : -1.8584693940356374
336 : 0.5814246283844113
337 : -0.06855003582313657
338 : -5.141091908793896
339 : 4.422814951743931
340 : -4.291497495956719
341 : -2.406808924395591
342 : -0.4646208807826042
343 : 0.03231625526677817
344 : -1.639603921212256
345 : -3.879785737255588
346 : -1.34432089375332
347 : -8.432741614989936
348 : 7.298962048487738
349 : -6.025360592175275
350 : -0.1949060270562768
351 : -5.7711349236778915
352 : -10.755389790982008
353 : -1.6094196923077106
354 : -2.0782189602032304
355 : -0.08176419325172901
356 : -1.3934896145947278
357 : 3.4656473465729505
358 : -1.7015739735215902
359 : 0.45144960656762123
360 : -0.7225498408079147
361 : -1.6411461341194808
362 : -1.7943129907362163
363 : -7.0985086262226105
364 : 2.7450118996202946
365 : -0.027428187429904938
366 : -3.2165661929175258
367 : -0.33493082830682397
368 : -10.502172686625272
369 : -2.0006488859653473
370 : -1.8630256282631308
371 : -1.2110934620723128
372 : -10.900922799948603
373 : 0.040973551105707884
374 : 2.563528307247907
375 : -2.7570447521284223
376 : -0.8491541231051087
377 : 3.6141783273778856
378 : -1.144892537035048
379 : -0.8322315043769777
380 : 4.495364109519869
381 : -1.1033544465899467
382 : -1.623879412189126
383 : -1.096727164404001
384 : -1.5139723643660545
385 : 1.762766116997227
386 : -1.6083056419156492
387 : -1.720639294013381
388 : -0.7412294838577509
389 : -1.6312894527800381
390 : -0.9207229656167328
391 : 4.657007358968258
392 : -0.01702383067458868
393 : -6.256644390523434
394 : -1.4277291977778077
395 : -4.416418354958296
396 : -1.5045312754809856
397 : -1.3884113626554608
398 : -1.4622193588875234
399 : 1.3151389928534627
400 : -0.37532201735302806
401 : -0.7443246509646997
402 : 0.37241459311917424
403 : -2.141182579100132
404 : -7.163612570613623
405 : -1.1431432301178575
406 : -1.6701691127382219
407 : 1.998196522705257
408 : -3.923036351799965
409 : -1.5609981287270784
410 : 1.5976355196908116
411 : -0.6880264664068818
412 : -1.792918243445456
413 : -0.9792659729719162
414 : 2.144897013437003
415 : -1.9594673551619053
416 : 2.9182932479307055
417 : -1.2047926932573318
418 : -0.7637696005403996
419 : -0.8060143366456032
420 : -2.895145198563114
421 : -1.0638130018487573
422 : 1.7083459366112947
423 : -3.2861409599427134
424 : -0.8187835849821568
425 : -0.1517179529182613
426 : -2.0406925820279866
427 : -4.345936818048358
428 : 9.270526017993689
429 : 0.29585098987445235
430 : -1.1221384294331074
431 : 0.12030945625156164
432 : -4.864476310554892
433 : -0.8683266192674637
434 : -2.066981512121856
435 : 1.2477362514473498
436 : 23.011997007299215
437 : -8.923114139121026
438 : -1.0322956964373589
439 : -0.9533660751767457
440 : -1.3855512253940105
441 : -0.9633901938796043
442 : -2.7378804683685303
443 : -0.9203908666968346
444 : 0.8481756038963795
445 : -0.4963991758413613
446 : -1.7567550849635154
447 : -1.5493692234158516
448 : -1.297473642975092
449 : -4.8933413391932845
450 : -1.8473575059324503
451 : -1.0500866062939167
452 : -0.6652444656938314
453 : 8.712005729787052
454 : -1.6596784694120288
455 : -1.2701848815195262
456 : -3.408270262181759
457 : -1.534125239122659
458 : 4.252946742810309
459 : -6.360110355075449
460 : -1.3859710656106472
461 : 0.00869075395166874
462 : -1.6217376850545406
463 : -9.787255885079503
464 : -2.5485536959022284
465 : -1.0962289571762085
466 : -1.1575152464210987
467 : -3.173297178465873
468 : -1.6751393405720592
469 : -1.9341653920710087
470 : 0.28112502535805106
471 : -1.9184387102723122
472 : -2.650124730542302
473 : -2.3106393218040466
474 : -3.7774950470775366
475 : -1.1814512591809034
476 : -1.2032547313719988
477 : -5.297956534195691
478 : -0.7133741984143853
479 : -1.1030980972573161
480 : -2.113840884529054
481 : -0.9033041875809431
482 : -1.1846509114839137
483 : -0.9760425291024148
484 : -1.2904859445989132
485 : -0.6854055556468666
486 : -1.3795467549934983
487 : -2.7557433508336544
488 : -1.2078623874112964
489 : -2.993080171989277
490 : -0.9391905339434743
491 : -2.162372845225036
492 : -1.96894073439762
493 : -1.4833204434253275
494 : -7.750857060775161
495 : -4.024687958881259
496 : -1.1322316946461797
497 : -0.2182802283205092
498 : -1.1078753876499832
499 : 0.579396300483495
500 : -1.1188618587329984
501 : -0.6802884479984641
502 : -0.8383517675101757
503 : -1.9403103864751756
504 : -4.398262454196811
505 : 3.6803282210603356
506 : -2.684138100594282
507 : -0.03294178284704685
508 : -1.530640539713204
509 : -1.1941076121293008
510 : -1.9642997812479734
511 : -0.9538152134045959
512 : 2.795663938857615
513 : -0.8365822322666645
514 : -0.9675205992534757
515 : -2.916617665439844
516 : -0.22958309156820178
517 : -1.4185898741707206
518 : 0.27885021129623055
519 : -5.5628456845879555
520 : -2.9728432055562735
521 : -1.3916551042348146
522 : -3.060396069660783
523 : -2.9618089459836483
524 : -1.1602181056514382
525 : -0.8741208761930466
526 : -1.524705532938242
527 : -0.22746774507686496
528 : -0.7013539960607886
529 : -2.446697538718581
530 : -1.1561568393372
531 : 0.32777727022767067
532 : -1.0746107399463654
533 : 2.199319747276604
534 : -1.4443942829966545
535 : 2.048493449576199
536 : 0.2475337239447981
537 : -1.7750276974402368
538 : 2.237712294328958
539 : -1.4636831041425467
540 : -0.9264998519793153
541 : -1.002463940065354
542 : -4.014676013495773
543 : -0.8970268564298749
544 : -0.23080409318208694
545 : 1.6302468106150627
546 : -0.8018775340169668
547 : -1.3908952618949115
548 : -0.05759263224899769
549 : -6.616604465991259
550 : -0.7315135556273162
551 : -0.9540859833359718
552 : -1.7297965991310775
553 : -4.780508019030094
554 : -1.7267628535628319
555 : -3.2739042937755585
556 : -1.3557028267532587
557 : -1.5079393675550818
558 : -1.683001003228128
559 : -1.5405693016946316
560 : -1.2818234615551773
561 : -5.093660704791546
562 : -1.7959265504032373
563 : -0.7094566468149424
564 : -6.279598271474242
565 : -7.81131474673748
566 : -1.859648612793535
567 : -3.3076059366576374
568 : -1.9676168095320463
569 : 1.393618606030941
570 : -7.365732174483128
571 : -1.5079813450574875
572 : -1.9775536395609379
573 : -1.5822338378056884
574 : -1.1998280906118453
575 : -1.5149951200000942
576 : -6.232509081717581
577 : -2.236705854535103
578 : -1.322344521060586
579 : -1.7221151441335678
580 : -0.7250239225104451
581 : 6.339896677061915
582 : -0.9784078793600202
583 : -1.1212190240621567
584 : 2.069372644647956
585 : -1.6290146820247173
586 : -5.176169482991099
587 : -1.3848932925611734
588 : -1.45493982732296
589 : -1.4563006437383592
590 : 3.263709011953324
591 : -1.6708955653011799
592 : -1.0194733468815684
593 : -6.624820923432708
594 : -1.2529947431758046
595 : 4.693399328039959
596 : -1.7510378754232079
597 : 2.233348615001887
598 : -2.5847355937585235
599 : -1.0134821282699704
600 : 7.009188182651997
601 : -2.613882351666689
602 : -0.8739012875594199
603 : 2.900310881435871
604 : -7.725647669285536
605 : -1.3156053661368787
606 : -1.2756260635796934
607 : -6.776925760321319
608 : -0.898226847872138
609 : -0.9779723919928074
610 : -5.267907321918756
611 : -1.0466931955888867
612 : -2.799624119885266
613 : 3.6010977625846863
614 : 6.140809985809028
615 : -1.4812753535807133
616 : -3.6773673770949244
617 : -4.209355631843209
618 : -1.974002668634057
619 : -1.7913169637322426
620 : 1.0122318335343152
621 : -1.6993129341863096
622 : 5.854401001241058
623 : -1.4092313274741173
624 : 0.7454342395067215
625 : -0.895028515253216
626 : 2.857900863047689
627 : -0.17334251664578915
628 : 6.85446987580508
629 : -5.823660265421495
630 : -0.23775334376841784
631 : -0.9490284044295549
632 : -7.083855437114835
633 : -1.801534169819206
634 : -6.681389482691884
635 : -1.6416478967294097
636 : 3.696465638000518
637 : 14.160481981467456
638 : 0.41331300558522344
639 : -1.6848026821389794
640 : -0.2667527636513114
641 : -0.5337260895175859
642 : 2.3545296618249267
643 : 3.7961345196235925
644 : 2.9727507669012994
645 : -4.332716471981257
646 : 0.019304593559354544
647 : 5.632142052985728
648 : -2.5740010808221996
649 : -0.33574667014181614
650 : -8.889477010350674
651 : -0.5940001383423805
652 : -5.478636171668768
653 : -0.819504083134234
654 : 0.26086189690977335
655 : -0.8987251548096538
656 : 2.839327393565327
657 : -5.63968534162268
658 : -3.3586252683307976
659 : -4.343706552870572
660 : -1.9650763906538486
661 : -1.301067540422082
662 : -0.49899287847802043
663 : 0.71639658883214
664 : -1.100082450080663
665 : -2.694884798489511
666 : -0.9947855311911553
667 : -0.6587990764528513
668 : -0.6942605823278427
669 : -5.715880310628563
670 : -6.477870373521
671 : -1.589935231488198
672 : -0.827136036939919
673 : -1.383486763574183
674 : -0.7713057561777532
675 : 1.1379003622569144
676 : -6.066093683708459
677 : 3.6500892117619514
678 : 1.7786343111656606
679 : -1.4989980780519545
680 : -1.1151940673589706
681 : -1.2496504578739405
682 : 3.6611112747341394
683 : 1.7923397275153548
684 : 0.7205401549581438
685 : -2.1031825579702854
686 : 1.2396648679859936
687 : -2.3453985454980284
688 : 1.1508593764156103
689 : -0.7577416962012649
690 : -0.891737361671403
691 : 7.645354824402602
692 : 10.020773686468601
693 : -1.4304607333615422
694 : -0.7150560271111317
695 : -5.769900199025869
696 : 0.9974764465587214
697 : -2.9724925006739795
698 : -1.365434751380235
699 : -3.275363896973431
700 : -0.6664407695643604
701 : -8.157918620854616
702 : 0.42699782364070415
703 : -1.3286612031515688
704 : -8.487332569435239
705 : -1.9434098824858665
706 : -1.1879263296723366
707 : -1.4469933430664241
708 : -9.758731980342418
709 : 0.163436533883214
710 : -1.295790052972734
711 : -1.288723059464246
712 : 5.975016392534599
713 : -0.8827622504904866
714 : -6.221999760251492
715 : -0.9635911304503679
716 : -1.385988804511726
717 : -1.867121988441795
718 : -0.031777492724359035
719 : -1.9818461160175502
720 : -1.8802627613767982
721 : -1.4958295412361622
722 : -2.93311854172498
723 : 2.036384206265211
724 : -1.5016133829485625
725 : 0.7549513122066855
726 : -0.7864291812293231
727 : -0.6346804089844227
728 : 2.9666487225331366
729 : -0.921111942268908
730 : -0.28077266924083233
731 : -7.43823513854295
732 : -1.2472428437322378
733 : -3.0835225677583367
734 : 1.2090685539878905
735 : -0.9309373435098678
736 : -2.841298377374187
737 : -0.5338875120505691
738 : 1.378386341035366
739 : -2.518796193646267
740 : 0.46566544752568007
741 : -4.723784474655986
742 : -1.5812007850036025
743 : -2.706753583624959
744 : 0.4265802225563675
745 : -10.658581530675292
746 : -1.5871759913861752
747 : -1.6157804103568196
748 : -2.138527387753129
749 : -5.773774076718837
750 : -1.4262127755209804
751 : -10.104393626563251
752 : -2.0508575066924095
753 : -1.6655860133469105
754 : 2.165926926769316
755 : -5.929937222739682
756 : -4.25882272887975
757 : -2.6601430815644562
758 : -2.2986446702852845
759 : -1.4777326891198754
760 : -8.319834590889513
761 : -5.086699478328228
762 : 1.1821744702756405
763 : -1.1944391075521708
764 : -2.4001470301300287
765 : -1.0098626855760813
766 : -2.2683296743780375
767 : -8.8160100588575
768 : -1.078225003555417
769 : 0.9830046240240335
770 : -1.722505908459425
771 : -1.9041101187467575
772 : -2.989485155325383
773 : -3.744809675961733
774 : -0.9726988365873694
775 : -4.373821618268266
776 : -3.9378050840459764
777 : -0.7874479591846466
778 : -1.6711853770539165
779 : -12.676179895177484
780 : 3.664656418375671
781 : -1.620769513770938
782 : -0.8505744179710746
783 : -6.103482449427247
784 : 4.1889978549443185
785 : -0.9521148698404431
786 : -0.8716403990983963
787 : -1.4735651481896639
788 : -4.376304160337895
789 : -2.5680580246262252
790 : -1.4646068783476949
791 : -7.735093883238733
792 : -1.9780554808676243
793 : 3.9728805595077574
794 : 3.4611018914729357
795 : -0.5270237736403942
796 : 2.911292290315032
797 : -3.1878659669309855
798 : -1.655765328090638
799 : -1.12669489486143
800 : 0.7325259554199874
801 : 6.654398128390312
802 : -2.348885014653206
803 : -7.645194015465677
804 : -1.3036513132974505
805 : 3.9528678003698587
806 : -7.313130761496723
807 : -6.018430631607771
808 : -5.355570679530501
809 : -5.745542340911925
810 : -16.812549897178542
811 : -1.6618582122027874
812 : 8.078256644541398
813 : -1.4146875464357436
814 : -1.8138343188911676
815 : -5.4018658441491425
816 : -2.0649588806554675
817 : -0.8810459394007921
818 : -1.4855169020593166
819 : -1.5931668803095818
820 : -1.5534472651779652
821 : -0.746076175943017
822 : -1.4908028417266905
823 : -1.9034226802177727
824 : 0.04812043718993664
825 : -1.9883089629001915
826 : 10.548811272252351
827 : 5.574470518389717
828 : -0.9222165481187403
829 : 4.66569216735661
830 : -1.6186899989843369
831 : -6.775524221360683
832 : -3.4681049624923617
833 : -1.8170345397666097
834 : -1.5686647216789424
835 : 1.9630426913499832
836 : -2.016656858846545
837 : 5.377467580023222
838 : -2.177472564391792
839 : -0.9973161292728037
840 : -1.6823262125253677
841 : -2.0894334139302373
842 : -2.3645219679456204
843 : -1.7237708140164614
844 : 1.2162873009219766
845 : -1.9237915622070432
846 : 0.5931951738893986
847 : -0.9178268969990313
848 : -0.5696919783949852
849 : -0.2701103622093797
850 : -2.117920156568289
851 : -1.3386052607165766
852 : -1.9321161275729537
853 : -0.5278824754059315
854 : -3.3023479774128646
855 : 1.1138277417048812
856 : -1.4189275419339538
857 : -1.1252146307379007
858 : 0.2531992653384805
859 : -3.96323598921299
860 : -0.2675815587863326
861 : 0.5106921456754208
862 : -1.2848253878764808
863 : 5.804714046418667
864 : -0.5930270459502935
865 : -2.1589310658164322
866 : 3.6055319849401712
867 : 2.6061910316348076
868 : -2.5510432217270136
869 : -11.432889927178621
870 : -0.8913714261725545
871 : -7.1722149145789444
872 : -2.2997249457985163
873 : -16.877152983099222
874 : -1.3535664528608322
875 : -9.532980900257826
876 : -1.5157399997115135
877 : -0.5475363908335567
878 : -1.3565987274050713
879 : -6.423214938491583
880 : -2.704589446540922
881 : -3.464643144980073
882 : -0.5461467858403921
883 : -0.8364598555490375
884 : 5.177691838238388
885 : -0.8833005670458078
886 : 1.1562857246026397
887 : -0.9662857670336962
888 : -0.690651283133775
889 : -13.122421588748693
890 : -0.677502975333482
891 : -1.3539103986695409
892 : -0.7766789151355624
893 : -6.281168976332992
894 : 4.836880054324865
895 : -8.867975676781498
896 : -0.7277459574397653
897 : -13.112315122038126
898 : -0.8015992818400264
899 : 0.4988677748478949
900 : 5.786531500518322
901 : -0.7374969264492393
902 : -3.21213862253353
903 : -1.8235073797404766
904 : -0.35854377038776875
905 : -1.5329523729160428
906 : 1.329619615804404
907 : 1.0662151966243982
908 : -1.4516446134075522
909 : -0.5106426700949669
910 : -1.7703242308925837
911 : -5.553331831470132
912 : -1.6754902051761746
913 : -1.6577598117291927
914 : -2.2228859977331012
915 : -0.12196317315101624
916 : 5.954914904199541
917 : 4.292478951625526
918 : -5.014107996132225
919 : -1.4737802054733038
920 : -12.297160071320832
921 : -0.7441667364910245
922 : -1.7583038359880447
923 : 0.3861526846885681
924 : -3.779855324421078
925 : -0.020507004344835877
926 : -0.7289164876565337
927 : -2.7745088171213865
928 : -1.4431525943800807
929 : -1.3165595047175884
930 : 2.8096782020293176
931 : -1.4732058374211192
932 : 1.229931756388396
933 : -2.426100980490446
934 : -1.2475307770073414
935 : -1.5620224978774786
936 : -0.8646359769627452
937 : -0.8740412024781108
938 : -1.7965876795351505
939 : 0.6940564862452447
940 : 3.7115443274378777
941 : -0.38266353495419025
942 : -2.3458621744066477
943 : 1.6026200102642179
944 : -23.322927152737975
945 : -1.5391767621040344
946 : -1.6407083254307508
947 : 0.09156497847288847
948 : -0.8408384546637535
949 : -6.718935924582183
950 : -1.9594984310679138
951 : 1.6683235466480255
952 : -1.5984363667666912
953 : 1.4112003119662404
954 : 1.6342881165910512
955 : -1.4142049076035619
956 : -0.6559878047555685
957 : -1.3472699653357267
958 : -0.6485108062624931
959 : 2.696451961994171
960 : -1.0097297749016434
961 : -1.0398645352106541
962 : -0.5339523013681173
963 : -1.3207338410429657
964 : -3.497197959572077
965 : -0.678658114746213
966 : -6.822277842089534
967 : 0.8283472247421741
968 : -5.093264924362302
969 : -2.6828268924728036
970 : -1.4436834189109504
971 : -1.1194713697768748
972 : -1.4515717127360404
973 : -1.2519506579264998
974 : -1.5616054646670818
975 : -1.7621862990781665
976 : -1.0670142713934183
977 : -2.849779410753399
978 : -2.7825878309085965
979 : -0.9474268322810531
980 : -2.734652556478977
981 : -4.375236033461988
982 : -2.2895073271356523
983 : -0.8835517168045044
984 : 11.704288443550467
985 : 1.8908382300287485
986 : -5.8262395416386425
987 : -1.0246084490790963
988 : 0.39985466375947
989 : -1.2780467430129647
990 : -0.5640643956139684
991 : 2.2318816082552075
992 : -2.3365923454985023
993 : 3.636707790195942
994 : -1.7098346671555191
995 : -2.0845072278752923
996 : -1.7598060742020607
997 : -2.615766203030944
998 : 1.408738232217729
999 : -0.8220176249742508
Setting up 2 worker threads for Enlighten.
  Thread -> id: 7f7773fff700 -> priority: 1 
  Thread -> id: 7f77737fe700 -> priority: 1 
2020-06-24 04:15:00 INFO [environment.py:418] Environment shut down with return code 0.
[I 2020-06-24 04:15:01,157] Finished trial#158 with value: -0.8220176249742508 with parameters: {'update_time_steps': 7168, 'ppo_epochs': 11, 'gamma': 0.9618523022787661, 'beta': 0.0583740038226588}. Best is trial#148 with value: -6.7115356754511595.
Found path: /home/j/jensenj/PycharmProjects/Federer-Jr./src/../crawler_single/linux/dynamic_server/crawler_dynamic.x86_64
Mono path[0] = '/home/j/jensenj/PycharmProjects/Federer-Jr./src/../crawler_single/linux/dynamic_server/crawler_dynamic_Data/Managed'
Mono config path = '/home/j/jensenj/PycharmProjects/Federer-Jr./src/../crawler_single/linux/dynamic_server/crawler_dynamic_Data/MonoBleedingEdge/etc'
Preloaded 'lib_burst_generated.so'
Preloaded 'libgrpc_csharp_ext.x64.so'
Initialize engine version: 2019.3.15f1 (59ff3e03856d)
[Subsystems] Discovering subsystems at path /home/j/jensenj/PycharmProjects/Federer-Jr./src/../crawler_single/linux/dynamic_server/crawler_dynamic_Data/UnitySubsystems
Forcing GfxDevice: Null
GfxDevice: creating device client; threaded=0
NullGfxDevice:
    Version:  NULL 1.0 [1.0]
    Renderer: Null Device
    Vendor:   Unity Technologies
Begin MonoManager ReloadAssembly
- Completed reload, in  0.100 seconds
WARNING: Shader Unsupported: 'Autodesk Interactive' - All passes removed
WARNING: Shader Did you use #pragma only_renderers and omit this platform?
UnloadTime: 0.444235 ms
Fallback handler could not load library /home/j/jensenj/PycharmProjects/Federer-Jr./src/../crawler_single/linux/dynamic_server/crawler_dynamic_Data/Mono/libcoreclr.so
Fallback handler could not load library /home/j/jensenj/PycharmProjects/Federer-Jr./src/../crawler_single/linux/dynamic_server/crawler_dynamic_Data/Mono/libcoreclr.so
Fallback handler could not load library /home/j/jensenj/PycharmProjects/Federer-Jr./src/../crawler_single/linux/dynamic_server/crawler_dynamic_Data/Mono/libcoreclr.so
Fallback handler could not load library /home/j/jensenj/PycharmProjects/Federer-Jr./src/../crawler_single/linux/dynamic_server/crawler_dynamic_Data/Mono/libSystem.dylib
Fallback handler could not load library /home/j/jensenj/PycharmProjects/Federer-Jr./src/../crawler_single/linux/dynamic_server/crawler_dynamic_Data/Mono/libSystem.dylib.so
Fallback handler could not load library /home/j/jensenj/PycharmProjects/Federer-Jr./src/../crawler_single/linux/dynamic_server/crawler_dynamic_Data/Mono/libSystem.dylib
Fallback handler could not load library /home/j/jensenj/PycharmProjects/Federer-Jr./src/../crawler_single/linux/dynamic_server/crawler_dynamic_Data/Mono/libcoreclr.so
Fallback handler could not load library /home/j/jensenj/PycharmProjects/Federer-Jr./src/../crawler_single/linux/dynamic_server/crawler_dynamic_Data/Mono/libcoreclr.so
Fallback handler could not load library /home/j/jensenj/PycharmProjects/Federer-Jr./src/../crawler_single/linux/dynamic_server/crawler_dynamic_Data/Mono/libcoreclr.so
Fallback handler could not load library /home/j/jensenj/PycharmProjects/Federer-Jr./src/../crawler_single/linux/dynamic_server/crawler_dynamic_Data/Mono/libSystem.dylib
Fallback handler could not load library /home/j/jensenj/PycharmProjects/Federer-Jr./src/../crawler_single/linux/dynamic_server/crawler_dynamic_Data/Mono/libSystem.dylib.so
Fallback handler could not load library /home/j/jensenj/PycharmProjects/Federer-Jr./src/../crawler_single/linux/dynamic_server/crawler_dynamic_Data/Mono/libSystem.dylib
2020-06-24 04:15:01 INFO [environment.py:108] Connected to Unity environment with package version 1.0.2 and communication version 1.0.0
2020-06-24 04:15:02 INFO [environment.py:265] Connected new brain:
CrawlerDynamic?team=0
2020-06-24 04:15:02 WARNING [__init__.py:92] The environment contains multiple observations. You must define allow_multiple_obs=True to receive them all. Otherwise, only the first visual observation (or vector observation ifthere are no visual observations) will be provided in the observation.
{'nr_output_features': 20, 'nr_input_features': 126, 'env': <gym_unity.envs.UnityToGymWrapper object at 0x7ff977c21e10>, 'alpha': 0.003, 'tau': 0.95, 'clip': 0.2, 'minibatch_size': 32, 'hidden_units': 512, 'update_time_steps': 9216, 'ppo_epochs': 15, 'gamma': 0.974300309043406, 'beta': 0.040467177625671244}
0 : -1.2931332858279347
1 : -0.6976151205599308
2 : -0.7549695512279868
3 : -0.8978918315842748
4 : -0.902014615945518
5 : -0.31693898187950253
6 : -0.7465157234109938
7 : 3.357770356349647
8 : -1.7722402941435575
9 : -1.3544871835038066
10 : 0.32338149286806583
11 : -1.2987966830842197
12 : -1.6714983750134706
13 : -1.7117796507664025
14 : -1.811748281121254
15 : -1.0133841186761856
16 : -1.7405520202592015
17 : -1.337790712248534
18 : -5.95902826753445
19 : 0.09215018479153514
20 : -0.9031209861859679
21 : -0.40249297115951777
22 : -1.40341379866004
23 : -0.9957189247943461
24 : -0.6791706494987011
25 : -0.6575085613876581
26 : -1.7602597689256072
27 : -1.0484558455646038
28 : 1.3971736952662468
29 : -1.0658830311149359
30 : -1.5844335472211242
31 : -0.9981908716727048
32 : -1.8754918449558318
33 : -1.2447150610387325
34 : -1.2385307485237718
35 : -1.7625793628394604
36 : -2.379772929532919
37 : -1.0184344756416976
38 : -0.9908579862676561
39 : -0.8927091732621193
40 : 2.046816067304462
41 : -0.7476210526656359
42 : 0.06526236329227686
43 : -1.1783867683261633
44 : -0.8219766542315483
45 : 0.9886654759757221
46 : -4.952537098899484
47 : -1.5945889805443585
48 : -1.494408201891929
49 : -3.8436148408800364
50 : -1.288320541381836
51 : -0.7631246005184948
52 : -1.0977916242554784
53 : -1.3486981419846416
54 : -4.373288708273321
55 : -1.502427401021123
56 : -1.0428915107622743
57 : -1.0895676733925939
58 : 1.2694519506767392
59 : -0.170015265699476
60 : -1.6114170257933438
61 : -1.4524274370633066
62 : -0.24056142941117287
63 : 1.6397733381018043
64 : -0.6016853172332048
65 : -2.607687789015472
66 : -2.2456682100892067
67 : 0.4782747896388173
68 : -0.6941553126089275
69 : -0.04865111596882343
70 : 1.1375234578736126
71 : -2.957633363083005
72 : -2.36142186075449
73 : -1.05827894853428
74 : -1.8290300406515598
75 : -1.9135624720947817
76 : -3.1826435727998614
77 : -0.3275468179490417
78 : -1.3362838011234999
79 : -0.851865972392261
80 : -0.5699146082624793
81 : -1.3581670764833689
82 : -0.8322473438456655
83 : -0.6703701755031943
84 : -1.1820070147514343
85 : -4.85403328249231
86 : -1.2501049442216754
87 : -0.8688176865689456
88 : -2.4910031943582
89 : -0.951169419568032
90 : -1.6866411422379315
91 : -2.010825078934431
92 : -3.3001690972596407
93 : -1.5302590816281736
94 : -0.7031284268014133
95 : -1.3314289678819478
96 : -0.7064548199996352
97 : 3.218893744982779
98 : -0.9828745909035206
99 : -0.8698494028067216
100 : -3.255924329161644
101 : -1.15447161719203
102 : -1.4623625166714191
103 : 2.9492593752220273
104 : -2.219862677156925
105 : -1.3754278514534235
106 : -0.4158495340961963
107 : -2.234093848615885
108 : -1.2154983654618263
109 : -2.798360303044319
110 : -1.1351342359557748
111 : -1.4702868219465017
112 : -1.5244289198890328
113 : -0.4467290071770549
114 : 0.7637622249312699
115 : -1.3648090828210115
116 : -0.5959608107805252
117 : -1.8144327979534864
118 : -0.5224939603358507
119 : -2.893857143819332
120 : -2.027296055108309
121 : -0.010938958264887333
122 : 0.23560361564159393
123 : -1.4555926779285073
124 : -2.332166727166623
125 : -0.5800453252159059
126 : -0.9420856325887144
127 : 0.41651328187435865
128 : -1.3429841781035066
129 : -1.7758239326067269
130 : -1.7120911222882569
131 : -1.307728689396754
132 : -1.8476238339208066
133 : -1.3969822321087122
134 : -0.39154128171503544
135 : -0.2957764584571123
136 : -1.6866002101451159
137 : -1.0266517708078027
138 : 2.892713211476803
139 : -1.4635995778953657
140 : -0.8553619964513928
141 : -1.7048058835789561
142 : -1.3457957175560296
143 : -1.101447433233261
144 : -1.0347919706255198
145 : -1.372062650276348
146 : -0.6226432137191296
147 : -1.7069642888382077
148 : -0.7792273163795471
149 : -2.1332355020567775
150 : -1.0765672330744565
151 : -3.257894868031144
152 : -1.9745533093810081
153 : -1.800704387947917
154 : -0.7438961882144213
155 : -0.7100324667990208
156 : -1.275095481891185
157 : -1.0853792130947113
158 : -1.5226936861872673
159 : -1.3494655354879797
160 : -8.716967210173607
161 : -5.292127347784117
162 : -1.1484848577529192
163 : -1.097334059420973
164 : 1.0584698701277375
165 : -2.121140645816922
166 : -0.7907380405813456
167 : -1.4292353405617177
168 : -3.3963334895670414
169 : -1.9204658481758088
170 : -0.22194568649865687
171 : -5.346715145744383
172 : -1.5904825627803802
173 : -2.9295979319140315
174 : -1.4901348100975156
175 : 1.5601593181490898
176 : -0.9096730323508382
177 : -2.8807060293620452
178 : -2.05295667052269
179 : -1.5737215215340257
180 : -1.5906469258479774
181 : -0.7920333431102335
182 : -2.8872481365688145
183 : -0.8386389883235097
184 : -0.8199570244178176
185 : -1.1041593542322516
186 : -1.5269165597856045
187 : -1.6587568372488022
188 : -1.5260098651051521
189 : -1.6508189151063561
190 : -1.5385975665412843
191 : -2.6545038488693535
192 : -1.2353027425706387
193 : -0.6216812543570995
194 : -1.5878411792218685
195 : -0.980256381444633
196 : -1.1288786507211626
197 : -1.989004188682884
198 : -1.4838316584937274
199 : -1.359348853584379
200 : -1.715310163795948
201 : -3.317424837499857
202 : -3.4847922233166173
203 : -0.9422465316019952
204 : -1.419591922312975
205 : -0.8113807449117303
206 : -1.062724072020501
207 : -1.258237872418249
208 : -0.7700713383965194
209 : -0.9633432542905211
210 : 1.53856166661717
211 : -1.2121568359434605
212 : 3.413303171284497
213 : -1.5482012312859297
214 : -0.8840741086751223
215 : -1.367273336276412
216 : -1.4188502370379865
217 : -1.1897602234967053
218 : -1.4369416860863566
219 : -1.2584795113652945
220 : -0.991411832626909
221 : -1.442733420059085
222 : -1.4649724869523197
223 : 1.3278889073990285
224 : -1.5373024120926857
225 : -0.9417633325792849
226 : -1.2326775398105383
227 : -6.027654693461955
228 : -1.1729698851704597
229 : -3.602959493175149
230 : -0.5883405054919422
231 : -1.2096002474427223
232 : -3.0405465625226498
233 : -1.550919733941555
234 : -0.8933838601224124
235 : -2.046385772526264
236 : -1.3534780703485012
237 : -0.8516331110149622
238 : -1.875771610531956
239 : -1.5435313284397125
240 : -1.0547290076501667
241 : -2.2216926030814648
242 : -0.908949893899262
243 : -0.9711413704790175
244 : -3.5390291530638933
245 : 3.6646399591118097
246 : 3.0973632766399533
247 : -3.648882229346782
248 : -1.4706721906550229
249 : -1.6215458903461695
250 : 1.95273263938725
251 : -0.8706658286973834
252 : -1.7647351799532771
253 : -1.7034439584240317
254 : -1.4496789975091815
255 : -1.3527675354853272
256 : -1.4830558900721371
257 : -3.323679596185684
258 : -1.211576578207314
259 : -0.9695472106104717
260 : -1.4245738866738975
261 : -2.2311092817690223
262 : -0.8597301687113941
263 : -1.3933317996561527
264 : 1.7921026600524783
265 : -14.894071535905823
266 : -0.8272745544090867
267 : -0.743801255710423
268 : -1.6050764229148626
269 : -0.8087987117469311
270 : 0.9398619870189577
271 : 0.33860557060688734
272 : -1.3523349296301603
273 : -3.339929163455963
274 : -0.908968033734709
275 : -1.4439967153593898
276 : 0.028034597169607878
277 : 5.155806853901595
278 : -1.419597338885069
279 : -0.7635266995057464
280 : -0.23321587778627872
281 : -2.0611885427497327
282 : -1.3173247557133436
283 : -1.1673002550378442
284 : -3.351862729527056
285 : -2.635698896832764
286 : -5.672774691134691
287 : -1.0499873999506235
288 : -0.9763923743739724
289 : -6.294143944513053
290 : -1.217030819505453
291 : -1.5375303197652102
292 : -1.7805583314038813
293 : -0.8812135560438037
294 : -1.7583596106851473
295 : -0.8265515705570579
296 : 0.16687132813967764
297 : -2.013898015022278
298 : -0.8074416946619749
299 : -0.9865798987448215
300 : -0.6991302464157343
301 : -0.7249799657147378
302 : 0.8159643933176994
303 : -1.71624537371099
304 : -2.18864132091403
305 : -1.7420179098844528
306 : -1.1278175190091133
307 : -1.2543629333376884
308 : -0.44790799729526043
309 : -1.276982108131051
310 : -3.402272383798845
311 : 0.6078645922243595
312 : -4.999848668463528
313 : -3.811341665685177
314 : -1.208251825766638
315 : -0.6323953217361122
316 : -1.0699956393800676
317 : -2.519068993628025
318 : -1.2522518876940012
319 : 2.4665642539039254
320 : -0.45326715987175703
321 : -1.4484242759644985
322 : 2.276646837592125
323 : -4.397509789094329
324 : 1.3944466775283217
325 : -1.6827169582247734
326 : -1.2603908441960812
327 : -0.5830885884352028
328 : -0.7735388018190861
329 : -1.1206431863829494
330 : -0.8802213813178241
331 : -0.29088332410901785
332 : -2.399595694616437
333 : -0.8121696873567998
334 : 0.45351332845166326
335 : -2.8484054780565202
336 : 4.404227022547275
337 : -1.663430280983448
338 : -1.3297148083802313
339 : -0.8501177364960313
340 : 0.9519213140010834
341 : -1.2943125013262033
342 : -1.1437908802181482
343 : -1.4854486249387264
344 : -1.251513750408776
345 : 0.5992531888186932
346 : -1.9987060148268938
347 : -6.394210882484913
348 : -2.10681558214128
349 : -0.19321087654680014
350 : -1.0353289805352688
351 : -0.9211738548474386
352 : -0.7970523685216904
353 : -3.221266523003578
354 : -1.8340058326721191
355 : -1.3177536744624376
356 : -1.7672554271994159
357 : -1.397620392497629
358 : -1.6620082519948483
359 : -1.3149706772528589
360 : -0.4070276296697557
361 : -5.899220749735832
362 : -1.5215139333158731
363 : -1.0356526784598827
364 : -1.6745931326877326
365 : -1.6368181072175503
366 : 2.029566638171673
367 : -1.4756411872804165
368 : -1.2314714656677097
369 : -5.4705828675068915
370 : -0.9415042884647846
371 : -0.6632762816734612
372 : -1.3708114005858079
373 : -1.2546842014417052
374 : -1.391807145322673
375 : -1.028270305134356
376 : -0.7998645976185799
377 : -2.6097143245860934
378 : -1.4061194155365229
379 : -0.7404176779091358
380 : -0.502900741994381
381 : -0.9206568943336606
382 : -2.7050430960953236
383 : 0.7030542027205229
384 : -10.807214800268412
385 : -0.9993509165942669
386 : 0.5380993187427521
387 : -1.619322918355465
388 : -1.3305571542587131
389 : -5.3595918007195
390 : -1.0765301305800676
391 : -1.1302022272720933
392 : -1.9277072343975306
393 : -2.0468791415914893
394 : -0.9199838554486632
395 : -4.360171873122454
396 : -0.46562988869845867
397 : -1.013494155369699
398 : -0.9114908659830689
399 : -0.9695794384460896
400 : -0.859391454141587
401 : -0.08767952444031835
402 : -1.7023382056504488
403 : -1.876537887379527
404 : -0.18231587670743465
405 : -1.708255423232913
406 : -3.2097002742812037
407 : 4.296722104772925
408 : -1.3698473339900374
409 : -1.152088938979432
410 : -1.7652083076536655
411 : -1.5948200863786042
412 : -1.9044047743082047
413 : 2.7056388813070953
414 : 2.142104396596551
415 : -1.4421984879299998
416 : -1.677714440971613
417 : -0.9251554682850838
418 : -1.0592919625341892
419 : -2.0305688809603453
420 : 0.5218227840960026
421 : -1.3544581774622202
422 : -1.0417132303118706
423 : -11.108574415091425
424 : -3.403379413764924
425 : -1.6807223595678806
426 : -1.4444801579229534
427 : -1.5343295196071267
428 : 0.011094117071479559
429 : -1.7171299923211336
430 : -1.2503207549452782
431 : -2.6146923154592514
432 : -1.1810511043295264
433 : -1.2794153247959912
434 : -0.8955748365260661
435 : -2.0489610387012362
436 : -1.4835098795592785
437 : -0.7663002896006219
438 : -2.579836126882583
439 : -1.6285333069972694
440 : -5.189445212483406
441 : -1.226593753322959
442 : -1.34200669080019
443 : -3.068450723774731
444 : -1.0659939954057336
445 : -2.348551385104656
446 : -2.8882505111396313
447 : -2.0328437304124236
448 : -1.1956166932359338
449 : -1.2864632094278932
450 : -1.4660516753792763
451 : -1.027907008305192
452 : -0.10619024932384491
453 : -2.8412694670259953
454 : -1.19782261736691
455 : -0.9203249285928905
456 : -1.364365169312805
457 : -1.8954425342381
458 : -1.9840824184939265
459 : -0.6000377601012588
460 : -1.0765282530337572
461 : -1.616898663341999
462 : 3.864304216578603
463 : -1.7296674065291882
464 : -5.813089534640312
465 : 0.36365051101893187
466 : -2.022493377327919
467 : -1.383464870043099
468 : -1.4282708885148168
469 : -1.291894843801856
470 : 0.6099764206446707
471 : -0.5802165833301842
472 : -0.7755713323131204
473 : -2.963870547711849
474 : -8.044726149179041
475 : -2.5441938904114068
476 : -1.4968704415950924
477 : -0.985995065420866
478 : -1.199194218032062
479 : -1.0160356583073735
480 : -1.4462316147983074
481 : -0.6442938162945211
482 : -12.37487623700872
483 : -2.32354686409235
484 : -1.0605840887874365
485 : -1.4605723284184933
486 : -1.2912753820419312
487 : -3.93411426525563
[W 2020-06-24 04:24:23,860] Setting status of trial#189 as TrialState.FAIL because of the following error: ValueError('array split does not result in an equal division',)
Traceback (most recent call last):
  File "/home/j/jensenj/.local/lib/python3.6/site-packages/numpy/lib/shape_base.py", line 867, in split
    len(indices_or_sections)
TypeError: object of type 'int' has no len()

During handling of the above exception, another exception occurred:

Traceback (most recent call last):
  File "/home/j/jensenj/.local/lib/python3.6/site-packages/optuna/study.py", line 734, in _run_trial
    result = func(trial)
  File "main-optuna.py", line 88, in objective
    returns = [episode(env, agent, params, writer, i) for i in range(training_episodes)]
  File "main-optuna.py", line 88, in <listcomp>
    returns = [episode(env, agent, params, writer, i) for i in range(training_episodes)]
  File "main-optuna.py", line 40, in episode
    agent.update(next_state)
  File "/home/j/jensenj/PycharmProjects/Federer-Jr./src/ppo.py", line 140, in update
    for states, actions, old_log_probs, returns, advantages in self.memory.sample_batch(self.minibatch_size, next_value):
  File "/home/j/jensenj/PycharmProjects/Federer-Jr./src/ppo.py", line 44, in sample_batch
    ids = np.split(ids, batch_size // minibatch_size)
  File "<__array_function__ internals>", line 6, in split
  File "/home/j/jensenj/.local/lib/python3.6/site-packages/numpy/lib/shape_base.py", line 873, in split
    'array split does not result in an equal division')
ValueError: array split does not result in an equal division
Traceback (most recent call last):
  File "/home/j/jensenj/.local/lib/python3.6/site-packages/numpy/lib/shape_base.py", line 867, in split
    len(indices_or_sections)
TypeError: object of type 'int' has no len()

During handling of the above exception, another exception occurred:

Traceback (most recent call last):
  File "main-optuna.py", line 103, in <module>
    study.optimize(objective, n_trials=1000)
  File "/home/j/jensenj/.local/lib/python3.6/site-packages/optuna/study.py", line 339, in optimize
    func, n_trials, timeout, catch, callbacks, gc_after_trial, None
  File "/home/j/jensenj/.local/lib/python3.6/site-packages/optuna/study.py", line 682, in _optimize_sequential
    self._run_trial_and_callbacks(func, catch, callbacks, gc_after_trial)
  File "/home/j/jensenj/.local/lib/python3.6/site-packages/optuna/study.py", line 713, in _run_trial_and_callbacks
    trial = self._run_trial(func, catch, gc_after_trial)
  File "/home/j/jensenj/.local/lib/python3.6/site-packages/optuna/study.py", line 734, in _run_trial
    result = func(trial)
  File "main-optuna.py", line 88, in objective
    returns = [episode(env, agent, params, writer, i) for i in range(training_episodes)]
  File "main-optuna.py", line 88, in <listcomp>
    returns = [episode(env, agent, params, writer, i) for i in range(training_episodes)]
  File "main-optuna.py", line 40, in episode
    agent.update(next_state)
  File "/home/j/jensenj/PycharmProjects/Federer-Jr./src/ppo.py", line 140, in update
    for states, actions, old_log_probs, returns, advantages in self.memory.sample_batch(self.minibatch_size, next_value):
  File "/home/j/jensenj/PycharmProjects/Federer-Jr./src/ppo.py", line 44, in sample_batch
    ids = np.split(ids, batch_size // minibatch_size)
  File "<__array_function__ internals>", line 6, in split
  File "/home/j/jensenj/.local/lib/python3.6/site-packages/numpy/lib/shape_base.py", line 873, in split
    'array split does not result in an equal division')
ValueError: array split does not result in an equal division
Setting up 2 worker threads for Enlighten.
  Thread -> id: 7f6143fff700 -> priority: 1 
  Thread -> id: 7f61437fe700 -> priority: 1 
2020-06-24 04:24:24 INFO [environment.py:418] Environment shut down with return code 0.
