slurmstepd-hasslach: error: Unable to create TMPDIR [/tmp/user/30108]: Permission denied
slurmstepd-hasslach: error: Setting TMPDIR to /tmp
Found path: /home/j/jensenj/PycharmProjects/Federer-Jr./src/../crawler_single/linux/dynamic_server/crawler_dynamic.x86_64
Mono path[0] = '/home/j/jensenj/PycharmProjects/Federer-Jr./src/../crawler_single/linux/dynamic_server/crawler_dynamic_Data/Managed'
Mono config path = '/home/j/jensenj/PycharmProjects/Federer-Jr./src/../crawler_single/linux/dynamic_server/crawler_dynamic_Data/MonoBleedingEdge/etc'
Preloaded 'lib_burst_generated.so'
Preloaded 'libgrpc_csharp_ext.x64.so'
Initialize engine version: 2019.3.15f1 (59ff3e03856d)
[Subsystems] Discovering subsystems at path /home/j/jensenj/PycharmProjects/Federer-Jr./src/../crawler_single/linux/dynamic_server/crawler_dynamic_Data/UnitySubsystems
Forcing GfxDevice: Null
GfxDevice: creating device client; threaded=0
NullGfxDevice:
    Version:  NULL 1.0 [1.0]
    Renderer: Null Device
    Vendor:   Unity Technologies
Begin MonoManager ReloadAssembly
- Completed reload, in  0.099 seconds
WARNING: Shader Unsupported: 'Autodesk Interactive' - All passes removed
WARNING: Shader Did you use #pragma only_renderers and omit this platform?
UnloadTime: 0.437724 ms
Fallback handler could not load library /home/j/jensenj/PycharmProjects/Federer-Jr./src/../crawler_single/linux/dynamic_server/crawler_dynamic_Data/Mono/libcoreclr.so
Fallback handler could not load library /home/j/jensenj/PycharmProjects/Federer-Jr./src/../crawler_single/linux/dynamic_server/crawler_dynamic_Data/Mono/libcoreclr.so
Fallback handler could not load library /home/j/jensenj/PycharmProjects/Federer-Jr./src/../crawler_single/linux/dynamic_server/crawler_dynamic_Data/Mono/libcoreclr.so
Fallback handler could not load library /home/j/jensenj/PycharmProjects/Federer-Jr./src/../crawler_single/linux/dynamic_server/crawler_dynamic_Data/Mono/libSystem.dylib
Fallback handler could not load library /home/j/jensenj/PycharmProjects/Federer-Jr./src/../crawler_single/linux/dynamic_server/crawler_dynamic_Data/Mono/libSystem.dylib.so
Fallback handler could not load library /home/j/jensenj/PycharmProjects/Federer-Jr./src/../crawler_single/linux/dynamic_server/crawler_dynamic_Data/Mono/libSystem.dylib
Fallback handler could not load library /home/j/jensenj/PycharmProjects/Federer-Jr./src/../crawler_single/linux/dynamic_server/crawler_dynamic_Data/Mono/libcoreclr.so
Fallback handler could not load library /home/j/jensenj/PycharmProjects/Federer-Jr./src/../crawler_single/linux/dynamic_server/crawler_dynamic_Data/Mono/libcoreclr.so
Fallback handler could not load library /home/j/jensenj/PycharmProjects/Federer-Jr./src/../crawler_single/linux/dynamic_server/crawler_dynamic_Data/Mono/libcoreclr.so
Fallback handler could not load library /home/j/jensenj/PycharmProjects/Federer-Jr./src/../crawler_single/linux/dynamic_server/crawler_dynamic_Data/Mono/libSystem.dylib
Fallback handler could not load library /home/j/jensenj/PycharmProjects/Federer-Jr./src/../crawler_single/linux/dynamic_server/crawler_dynamic_Data/Mono/libSystem.dylib.so
Fallback handler could not load library /home/j/jensenj/PycharmProjects/Federer-Jr./src/../crawler_single/linux/dynamic_server/crawler_dynamic_Data/Mono/libSystem.dylib
/home/j/jensenj/.local/lib/python3.6/site-packages/tensorboard/compat/tensorflow_stub/dtypes.py:541: FutureWarning: Passing (type, 1) or '1type' as a synonym of type is deprecated; in a future version of numpy, it will be understood as (type, (1,)) / '(1,)type'.
  _np_qint8 = np.dtype([("qint8", np.int8, 1)])
/home/j/jensenj/.local/lib/python3.6/site-packages/tensorboard/compat/tensorflow_stub/dtypes.py:542: FutureWarning: Passing (type, 1) or '1type' as a synonym of type is deprecated; in a future version of numpy, it will be understood as (type, (1,)) / '(1,)type'.
  _np_quint8 = np.dtype([("quint8", np.uint8, 1)])
/home/j/jensenj/.local/lib/python3.6/site-packages/tensorboard/compat/tensorflow_stub/dtypes.py:543: FutureWarning: Passing (type, 1) or '1type' as a synonym of type is deprecated; in a future version of numpy, it will be understood as (type, (1,)) / '(1,)type'.
  _np_qint16 = np.dtype([("qint16", np.int16, 1)])
/home/j/jensenj/.local/lib/python3.6/site-packages/tensorboard/compat/tensorflow_stub/dtypes.py:544: FutureWarning: Passing (type, 1) or '1type' as a synonym of type is deprecated; in a future version of numpy, it will be understood as (type, (1,)) / '(1,)type'.
  _np_quint16 = np.dtype([("quint16", np.uint16, 1)])
/home/j/jensenj/.local/lib/python3.6/site-packages/tensorboard/compat/tensorflow_stub/dtypes.py:545: FutureWarning: Passing (type, 1) or '1type' as a synonym of type is deprecated; in a future version of numpy, it will be understood as (type, (1,)) / '(1,)type'.
  _np_qint32 = np.dtype([("qint32", np.int32, 1)])
/home/j/jensenj/.local/lib/python3.6/site-packages/tensorboard/compat/tensorflow_stub/dtypes.py:550: FutureWarning: Passing (type, 1) or '1type' as a synonym of type is deprecated; in a future version of numpy, it will be understood as (type, (1,)) / '(1,)type'.
  np_resource = np.dtype([("resource", np.ubyte, 1)])
2020-06-24 03:42:32 INFO [environment.py:108] Connected to Unity environment with package version 1.0.2 and communication version 1.0.0
2020-06-24 03:42:32 INFO [environment.py:265] Connected new brain:
CrawlerDynamic?team=0
2020-06-24 03:42:32 WARNING [__init__.py:92] The environment contains multiple observations. You must define allow_multiple_obs=True to receive them all. Otherwise, only the first visual observation (or vector observation ifthere are no visual observations) will be provided in the observation.
/home/j/jensenj/.local/lib/python3.6/site-packages/gym/logger.py:30: UserWarning: WARN: Box bound precision lowered by casting to float32
  warnings.warn(colorize('%s: %s'%('WARN', msg % args), 'yellow'))
{'nr_output_features': 20, 'nr_input_features': 126, 'env': <gym_unity.envs.UnityToGymWrapper object at 0x7f93cd2fbeb8>, 'alpha': 0.003, 'tau': 0.95, 'clip': 0.2, 'minibatch_size': 32, 'hidden_units': 512, 'update_time_steps': 7168, 'ppo_epochs': 11, 'gamma': 0.9621502099338535, 'beta': 0.057316672780634376}
0 : -1.4765469208359718
1 : -2.3705257046967745
2 : -0.7343583358451724
3 : -0.9394469214603305
4 : -1.1761562176980078
5 : -2.238810623064637
6 : -0.6879625348374248
7 : -0.040123866870999336
8 : -1.5724066942930222
9 : -1.0755799897015095
10 : -3.637539390474558
11 : -1.1817888226360083
12 : -1.575175805017352
13 : -0.7886872887611389
14 : -1.8156138435006142
15 : -1.2663957113400102
16 : -1.8286974970251322
17 : -0.921601302921772
18 : -11.430944305378944
19 : -1.1526763271540403
20 : -2.063712105154991
21 : -2.9100691294297576
22 : -0.45627654856070876
23 : -1.3614649584051222
24 : -2.725726109929383
25 : -2.343518516048789
26 : -4.5247683469206095
27 : -1.986903266981244
28 : -1.5782385440543294
29 : 0.0050002215430140495
30 : -2.918245257344097
31 : -6.607360511086881
32 : -1.9842424695380032
33 : -1.0546457143500447
34 : -8.270884856581688
35 : -7.885737861506641
36 : -1.7467719968408346
37 : -1.459695107769221
38 : -2.155266777612269
39 : 1.5544041050598025
40 : -1.323711168486625
41 : 2.3127782279625535
42 : -2.372321553528309
43 : -4.033028569538146
44 : 1.7305878084152937
45 : 0.4789514970034361
46 : -1.547929960070178
47 : -1.1047158476430923
48 : -4.995935067534447
49 : -2.9739395016804338
50 : -1.0314819710329175
51 : 0.5842830897308886
52 : -7.856980825774372
53 : 3.0278173657134175
54 : -8.475079987198114
55 : -1.3230856694281101
56 : -0.3039073650725186
57 : -1.6272986829280853
58 : -3.6005439728032798
59 : -2.2848473377525806
60 : -3.9798157669138163
61 : -9.537987739779055
62 : -0.4613743368536234
63 : -1.0193537399172783
64 : -3.2966250628232956
65 : -2.3850314877927303
66 : -1.9385076612234116
67 : -0.38003811426460743
68 : 2.2835110295563936
69 : -0.43111809343099594
70 : -1.2918120948597789
71 : -1.4124433156102896
72 : -2.1984812542796135
73 : 2.0064229178242385
74 : -1.6517236307263374
75 : -1.5508521366864443
76 : -1.3224302139133215
77 : -3.1367072174325585
78 : -1.3593420265242457
79 : -0.9473324422724545
80 : -7.438843957148492
81 : -1.0816259335260838
82 : -0.8968004798516631
83 : -0.9069528952240944
84 : -1.4395495150238276
85 : 1.2545871678739786
86 : -1.2212577848695219
87 : 2.3390306513756514
88 : -1.0389773240312934
89 : -0.8444093060679734
90 : 1.1853221743367612
91 : -2.2418137532658875
92 : -2.8346507048700005
93 : 1.8334245160222054
94 : -1.7199460491538048
95 : -2.3961934708058834
96 : -0.7597737535834312
97 : -3.2566704521887004
98 : -1.2094234749674797
99 : -0.9874868653714657
100 : -1.7615134753286839
101 : -0.5593598652631044
102 : -1.1440161019563675
103 : 1.1206986354663968
104 : -1.1436758181080222
105 : -1.4137487802654505
106 : 1.5628781085833907
107 : 2.735446833539754
108 : -0.8390986984595656
109 : -0.8588191773742437
110 : 1.13555862987414
111 : -1.3583746310323477
112 : 1.4596054144203663
113 : -0.975764081813395
114 : -0.9008590371813625
115 : -1.2686597779393196
116 : -3.9604196208529174
117 : -1.2072047891560942
118 : -1.610185106517747
119 : -1.8624054761603475
120 : -0.7371789664030075
121 : 0.7714322680840269
122 : -4.801478523761034
123 : -1.665653582662344
124 : -1.2636266485787928
125 : 1.0603257231414318
126 : -2.470238025765866
127 : -0.7273960746824741
128 : -2.345189849846065
129 : -1.71877471357584
130 : -1.4481869474984705
131 : -6.259985184296966
132 : 4.632812852039933
133 : -0.26647570356726646
134 : -0.4626301755197346
135 : 3.2326899259351194
136 : -1.3447458394803107
137 : 0.22913930844515562
138 : -3.0084563568234444
139 : -8.215592714957893
140 : -7.111614825204015
141 : -1.4384413417428732
142 : -1.1116045825183392
143 : -2.3003824315965176
144 : -0.8225165763869882
145 : -0.7662230357527733
146 : -1.0967585507314652
147 : 0.9096782025881112
148 : 1.2302882396616042
149 : -2.061681643128395
150 : -1.8848153883591294
151 : -3.7459202071186155
152 : -1.2827918771654367
153 : -1.5967153394594789
154 : -1.1488340995274484
155 : -6.700770299416035
156 : -1.27277716062963
157 : -2.9515914637595415
158 : -2.7936926698312163
159 : 6.558288936270401
160 : -1.5716481795534492
161 : -6.675867240875959
162 : -0.277126407250762
163 : -0.6852352358400822
164 : -3.092949979007244
165 : -0.16484718094579875
166 : -1.4240023151505738
167 : -0.9123622588813305
168 : -0.07394951581954956
169 : -2.4204442920163274
170 : -1.0509673156775534
171 : -0.9683272335678339
172 : -1.7112186644226313
173 : -1.2443732460960746
174 : -1.6297977175563574
175 : -1.3145620562136173
176 : -1.020709027070552
177 : -9.192600400652736
178 : 0.4217459009960294
179 : -3.2868401147425175
180 : -1.665122952312231
181 : -0.6010711821727455
182 : -1.4820395279675722
183 : -0.657059459015727
184 : 0.737042747437954
185 : 0.21137368166819215
186 : -3.262682289816439
187 : -0.09597514662891626
188 : -1.0637483578175306
189 : -1.6204089522361755
190 : -1.184076139703393
191 : 3.83764922991395
192 : -1.749708798713982
193 : -2.375190674327314
194 : 0.0901238014921546
195 : 0.03013026248663664
196 : -1.5201054154895246
197 : -3.4761880403384566
198 : -1.0482543716207147
199 : -0.7632012339308858
200 : -1.3674160931259394
201 : 0.5896389642730355
202 : -1.7296762522310019
203 : -0.8895975416526198
204 : -0.8624665066599846
205 : -1.4485636362805963
206 : -4.416477407794446
207 : -1.6287204250693321
208 : -7.928037386387587
209 : -1.294444533996284
210 : -0.8635733211413026
211 : -1.3268046276643872
212 : -1.453989268746227
213 : -1.0136925484985113
214 : 2.3369443877600133
215 : 0.5646932013332844
216 : -2.914357528090477
217 : 4.964977287920192
218 : -1.260985138360411
219 : 4.6469024224206805
220 : -2.233036863617599
221 : -1.107826363760978
222 : -0.841213402338326
223 : -1.1690498758107424
224 : -0.5645884997211397
225 : -0.4842506442219019
226 : -4.1394519445020705
227 : 1.1563473581336439
228 : -0.4279777598567307
229 : 9.999403833877295
230 : -1.3255288950167596
231 : -2.2783810370601714
232 : -0.07424910180270672
233 : -2.174088684376329
234 : 0.4764486886560917
235 : -1.5442123916000128
236 : -0.5269552785903215
237 : 1.4626100407913327
238 : 5.6392599400132895
239 : 2.371332446113229
240 : -0.6493865321390331
241 : -12.349521216005087
242 : -1.6135869212448597
243 : -0.20235920790582895
244 : 1.6805541184730828
245 : -7.697430602274835
246 : -1.80946421995759
247 : -2.7303256625309587
248 : -1.1074722167104483
249 : -1.076322743203491
250 : -1.3430604580789804
251 : -0.4183125797426328
252 : 0.47766153514385223
253 : -3.881157385651022
254 : -1.4086577277630568
255 : -1.1379984727245755
256 : -12.889488143846393
257 : -1.906258661299944
258 : -4.367206271737814
259 : 3.5568301491439342
260 : -1.4180736374109983
261 : -1.1871131621301174
262 : -8.504592244978994
263 : -1.0915274964645505
264 : -0.7132031051442027
265 : -2.0151930078864098
266 : -0.8963873265311122
267 : -1.3025487279519439
268 : -2.5911487666890025
269 : -1.2940736575983465
270 : -8.962181408889592
271 : -1.064526379108429
272 : 0.35887834802269936
273 : -2.051459278911352
274 : -8.719240745995194
275 : 0.002771347761154175
276 : -5.01274183858186
277 : -0.8712397161871195
278 : -4.297051488421857
279 : -1.919801339507103
280 : -1.6189833506941795
281 : 0.9768238058313727
282 : -0.45832912530750036
283 : -5.208132895641029
284 : -2.9304597238078713
285 : -1.379987326450646
286 : -1.8343242928385735
287 : 1.007616212591529
288 : -0.9921782764140517
289 : -0.7584701701998711
290 : -0.6427346393465996
291 : -1.2414965047501028
292 : 1.4942633230239153
293 : 1.2722953003831208
294 : -4.978747246786952
295 : -1.4284901330247521
296 : -0.3072449495084584
297 : 0.9597935592755675
298 : -0.41507404297590256
299 : -0.8168559055775404
300 : 1.3428974305279553
301 : -3.6550176637247205
302 : -1.7854018593207002
303 : -1.6917816530913115
304 : 2.7429153211414814
305 : -6.624481615610421
306 : -2.2828226131387055
307 : -7.491631938144565
308 : 0.3298103376291692
309 : -2.9494626065716147
310 : -2.246852733194828
311 : -2.6734813787043095
312 : 2.4940401720814407
313 : 2.5656114486046135
314 : -1.9646786078810692
315 : 1.2543664947152138
316 : 5.907966415397823
317 : -5.327749714255333
318 : -1.2594571034424007
319 : -1.366329686716199
320 : -1.206883056089282
321 : -2.112608795054257
322 : -3.7902347785420716
323 : -4.077483631204814
324 : 2.498528081923723
325 : -1.7283056769520044
326 : -9.521146409213543
327 : 0.5128466312307864
328 : 2.3559507778845727
329 : -2.168938798364252
330 : -1.5291943768970668
331 : -2.3156809536740184
332 : -1.7077982686460018
333 : 3.3657123860903084
334 : -1.2489784229546785
335 : 0.08603527303785086
336 : -9.36575167439878
337 : -1.865123582072556
338 : -1.9109564370010048
339 : -1.2333546616137028
340 : -8.572581470012665
341 : 1.6062610540539026
342 : -1.263096164446324
343 : -1.0396216241642833
344 : -1.0253971451893449
345 : -0.8807651810348034
346 : -1.505633320659399
347 : -1.401429028948769
348 : -5.540085706161335
349 : -3.6856873938813806
350 : -2.3627505293115973
351 : 4.608307528542355
352 : 4.5306875836104155
353 : 1.3741660295054317
354 : -1.1555452146567404
355 : -3.4023475917056203
356 : -1.7072906754910946
357 : -1.4978992715477943
358 : -6.262281820178032
359 : -1.8473905050195754
360 : -1.2864837907254696
361 : -2.159412088803947
362 : -1.0027176281437278
363 : -1.2621799688786268
364 : -1.494458865839988
365 : -0.7641312507912517
366 : -0.8270707032643259
367 : -3.872008506208658
368 : -1.5581631334498525
369 : -5.149777150712907
370 : -8.463354431092739
371 : -1.4755629682913423
372 : -0.10815697675570846
373 : -1.5182356066070497
374 : -1.4311501486226916
375 : -9.129132624715567
376 : -1.6706261481158435
377 : -1.3636431936174631
378 : -1.441259192302823
379 : 1.6894200937822461
380 : -1.4272715963888913
381 : -0.302480066078715
382 : 0.3902410725131631
383 : -3.499032685998827
384 : 2.0844887907151133
385 : -1.546760552097112
386 : -6.051275848876685
387 : 0.003557807533070445
388 : -1.3133583506569266
389 : -8.644006788730621
390 : -0.38026477163657546
391 : -0.8910956988111138
392 : -1.0648379791527987
393 : 0.5552841839380562
394 : -4.564992014318705
395 : -9.453556012362242
396 : -1.4985531954735052
397 : -1.4835499753244221
398 : -0.7227300545200706
399 : -1.367225049994886
400 : -5.495752217248082
401 : -0.1360905966721475
402 : -1.773567060008645
403 : 10.173228750703856
404 : -6.308510505594313
405 : -1.4729605913162231
406 : 3.1632120911963284
407 : -3.602513912599534
408 : -6.168161399196833
409 : 0.8338812133297324
410 : 3.363717684522271
411 : -1.8697411641478539
412 : -5.1657807640731335
413 : -5.92728853574954
414 : -2.362240506336093
415 : -0.35416174260899425
416 : -1.50133665651083
417 : 2.1430327822454274
418 : -4.185751297976822
419 : -1.036827463656664
420 : -0.5995489620836452
421 : 24.8577668517828
422 : -1.8571580983698368
423 : -0.70934022590518
424 : 0.28111758595332503
425 : -1.0714958421885967
426 : -0.7529773223213851
427 : -4.226429953239858
428 : 1.056102435104549
429 : -1.6416940316557884
430 : -1.409818820655346
431 : -1.8795581236481667
432 : -0.6036888214293867
433 : -8.728310354286805
434 : 4.833438430447131
435 : -4.174068769440055
436 : -1.524690169841051
437 : -1.7956663444638252
438 : 0.6131435642018914
439 : -1.6953457305207849
440 : -2.6361930769635364
441 : -0.8273867343086749
442 : -0.772591092158109
443 : -2.4061850467696786
444 : -0.22180674877017736
445 : 0.29404324665665627
446 : -3.337280221283436
447 : -1.2925012237392366
448 : -3.654992194380611
449 : -3.4235247895121574
450 : 0.9408176532015204
451 : -0.8137507201172411
452 : -1.6997352642938495
453 : -1.0149603090249002
454 : 5.044316323939711
455 : 4.432644295506179
456 : -0.170150235760957
457 : 0.9838853622786701
458 : -0.11957011697813869
459 : -1.8085824670270085
460 : -1.6202486585825682
461 : 0.9804744333960116
462 : -4.382258011028171
463 : -12.419014512328431
464 : -1.1129584959708154
465 : -14.025640676729381
466 : -5.789138600230217
467 : -0.45066955441143364
468 : -4.212549420073628
469 : -2.24142772750929
470 : 0.12821543030440807
471 : -1.2451202319934964
472 : -1.6329669747501612
473 : -0.9943437045440078
474 : -2.1992274271324277
475 : 0.9918993720784783
476 : -4.038071901071817
477 : 3.159673873335123
478 : -1.0034016398712993
479 : -1.4934172620996833
480 : -2.5680144764482975
481 : -1.0752343982458115
482 : -2.038136187242344
483 : 1.1025313585996628
484 : 1.4135390175506473
485 : -1.271243680268526
486 : -4.941438669222407
487 : 5.292608943767846
488 : -3.0249359849840403
489 : -3.532908486202359
490 : -1.811463302001357
491 : -1.2019080463796854
492 : 0.013318987097591162
493 : -1.9929515160620213
494 : -6.272200167179108
495 : -1.1380115561187267
496 : -1.9508832772262394
497 : 0.2748955183196813
498 : -3.0400288542732596
499 : -2.4495202363468707
500 : -0.6155669246800244
501 : -4.4947123704478145
502 : -6.176033485680819
503 : -11.388531601056457
504 : -2.511394682805985
505 : -1.9961181432008743
506 : -1.7109730523079634
507 : -1.8761052615009248
508 : -0.0019505657255649567
509 : -1.5906053627841175
510 : 5.80693820444867
511 : -1.384380728006363
512 : -0.9938136544078588
513 : -2.0404946096241474
514 : 1.6570035447366536
515 : -1.2443222673609853
516 : -0.6883950596675277
517 : -0.48045541206374764
518 : -2.0753299803473055
519 : 0.6298097157850862
520 : -1.670793205499649
521 : -2.9927969090640545
522 : -1.2073044292628765
523 : 4.571742782369256
524 : -1.7991230357438326
525 : 1.298024840070866
526 : -1.3428695555776358
527 : -1.3040839610621333
528 : -3.0146773252636194
529 : -3.402940225787461
530 : -0.45336055057123303
531 : 0.2676265072077513
532 : -4.861527269240469
533 : 2.981865538749844
534 : -1.4264190886169672
535 : -1.5016202684491873
536 : -1.9190798243507743
537 : -3.4392406183760613
538 : -9.47505763405934
539 : 5.5671644657850266
540 : -8.259995145723224
541 : 1.5898379804566503
542 : -1.3215492069721222
543 : 13.100701902993023
544 : 2.152466455474496
545 : -2.3366524124285206
546 : -1.4635662185028195
547 : 0.07230230653658509
548 : -0.7580315587110817
549 : -1.2018912816420197
550 : 4.5253329270053655
551 : -2.5049842395819724
552 : -4.819488285342231
553 : -1.544466882944107
554 : -1.1111405324190855
555 : -1.3394680693745613
556 : 12.012241682037711
557 : -0.9377800645306706
558 : -0.4415661874227226
559 : -1.1851791758090258
560 : -1.6015862612985075
561 : -1.4735377272590995
562 : -7.25138842407614
563 : -1.9546603430062532
564 : 2.0715048043057323
565 : -6.91920998878777
566 : -1.808740803040564
567 : -1.2891315598972142
568 : -1.3446048544719815
569 : -1.7379549965262413
570 : -1.0597796489018947
571 : -1.6316585335880518
572 : -1.5196416634134948
573 : -0.9341160161420703
574 : 0.24182944372296333
575 : -7.543080052360892
576 : -0.2875519273802638
577 : -2.2671504421159625
578 : -1.2619114853441715
579 : -4.34355979738757
580 : 4.967059172689915
581 : -2.1290888227522373
582 : -0.91467091627419
583 : -2.5439608632586896
584 : -4.464536349289119
585 : -4.484217763878405
586 : -0.3668423846247606
587 : -0.9961362867616117
588 : -1.0959962732158601
589 : -15.9823948466219
590 : -0.31367053487338126
591 : -1.8998355707153678
592 : 2.0928351040929556
593 : -12.837480768561363
594 : -1.4410554869100451
595 : -2.1267370679415762
596 : -1.3013316104188561
597 : -1.7240678472444415
598 : 2.7481317934580147
599 : -1.097933366894722
600 : -1.0355115085840225
601 : -5.870122702792287
602 : -1.0672681601718068
603 : 1.1081124106422067
604 : -1.1105333375744522
605 : 2.6294724494218826
606 : -0.8669929560273886
607 : -1.2021588804200292
608 : 1.1914822729304433
609 : 0.6376290982589126
610 : -0.3264946583658457
611 : 1.3480134466663003
612 : -3.978225974366069
613 : -1.0683971317484975
614 : -1.0700234016403556
615 : -2.1332833021879196
616 : 3.1905204546637833
617 : -1.148996438831091
618 : -0.8643498187884688
619 : 2.0335741927847266
620 : -0.9699510410428047
621 : -8.78546471055597
622 : -3.2124569318257272
623 : 3.292611749842763
624 : -0.5190713386982679
625 : -0.21055894996970892
626 : -10.78729335591197
627 : 0.8908226303756237
628 : 10.004340086132288
629 : -0.9195240996778011
630 : 1.494374465662986
631 : -1.659257248044014
632 : -1.2650917968712747
633 : -2.552537454292178
634 : -4.937848941422999
635 : 0.41207459568977356
636 : -1.383842397481203
637 : 3.5552093302831054
638 : -3.1886186692863703
639 : -0.9569440842606127
640 : -0.6520384442992508
641 : -2.410081662237644
642 : 0.7659296412020922
643 : -0.8589899642392993
644 : -8.304971259785816
645 : 5.177301950287074
646 : -0.6184348366223276
647 : -1.5115325879305601
648 : -1.65976919606328
649 : -1.3939724024385214
650 : -1.9935926869511604
651 : -8.058153379708529
652 : -1.563482337165624
653 : -1.5969716724939644
654 : -0.9228038061410189
655 : 0.7524558380246162
656 : 5.438337521161884
657 : -4.381145030260086
658 : -0.1653278637677431
659 : -0.8241181569173932
660 : -0.49259090377017856
661 : -2.158848609076813
662 : 2.2881098091602325
663 : 6.961418733000755
664 : -1.8295128867030144
665 : -0.6142392326146364
666 : -3.415844075148925
667 : -3.386542070657015
668 : -0.9506060043349862
669 : -6.915606431663036
670 : -0.6003392795100808
671 : -2.1826566527597606
672 : -0.7301238188520074
673 : -6.9324666927568614
674 : -5.906561225187033
675 : -1.2785748783499002
676 : -0.9613142563030124
677 : -7.797384228557348
678 : -2.910518323071301
679 : -0.8612717506475747
680 : -2.2989478781819344
681 : -1.0044213812798262
682 : -1.654019814915955
683 : -3.666235700249672
684 : 0.5463633127510548
685 : -1.6047371743479744
686 : -2.7934241057373583
687 : -1.1272650519385934
688 : -0.19505459815263748
689 : -4.267880089581013
690 : 9.118666041642427
691 : -0.8156946823000908
692 : 8.081728428602219
693 : 0.48218199936673045
694 : -2.529467359185219
695 : -3.7677161116153
696 : -1.9096518214792013
697 : -0.7250426532700658
698 : -2.3542731441557407
699 : -1.248279714025557
700 : -1.5523448958992958
701 : -1.1793764512985945
702 : 2.448977319523692
703 : -1.6887061102315784
704 : -1.7263958817347884
705 : -0.9915415151044726
706 : -2.0972118680365384
707 : -1.4488001726567745
708 : -3.20033056801185
709 : -1.0157294049859047
710 : -2.966592679731548
711 : -1.1131064402870834
712 : -3.9964390485547483
713 : -1.179334428627044
714 : -5.510812810622156
715 : -1.5447559719905257
716 : 3.547310424502939
717 : -5.7833462888374925
718 : 3.740860407240689
719 : -1.5133462520316243
720 : -1.3935277089476585
721 : -3.0226694187149405
722 : -1.7888938281685114
723 : 2.2718646214343607
724 : -1.3085105940699577
725 : -1.8595420862548053
726 : -1.6399724259972572
727 : -6.2479496544692665
728 : -1.2164687155745924
729 : 1.883391956333071
730 : -0.9362910185009241
731 : 2.5383266404969618
732 : -0.7626385174226016
733 : 5.414454515557736
734 : 1.3416949030943215
735 : 1.5374094545841217
736 : -1.791724698152393
737 : -1.6035275757312775
738 : -4.892240596935153
739 : -2.1486273407936096
740 : -3.962355059105903
741 : -1.499978695064783
742 : -2.7152143560815603
743 : -2.506350607611239
744 : -1.5075479843653738
745 : -1.1251260247081518
746 : -1.613874034024775
747 : -0.6769765038043261
748 : -1.4221589332446456
749 : 8.851116958074272
750 : -2.246956583461724
751 : -1.120274647604674
752 : -1.7670035623013973
753 : 3.623754455242306
754 : -3.90237433090806
755 : -1.6540401378879324
756 : -0.6466598948463798
757 : -3.3266954007558525
758 : -0.5580440163612366
759 : -6.655655496753752
760 : -1.003866515122354
761 : -6.9542665630578995
762 : -3.036899411585182
763 : -4.053729856386781
764 : -0.08766152709722519
765 : 1.1691930363886058
766 : -0.2587064551189542
767 : -1.7308675034437329
768 : -2.1866499185562134
769 : -1.4981067585758865
770 : -2.1316872676834464
771 : -1.0729460902512074
772 : -1.8850949816405773
773 : 0.7603806219995022
774 : -0.23422701051458716
775 : -7.011383756995201
776 : -0.0679815411567688
777 : -1.8650985723361373
778 : -2.9381313868798316
779 : -0.1598368166014552
780 : 0.38024138333275914
781 : 0.44861533865332603
782 : -0.842494286596775
783 : -0.8368781451135874
784 : -1.313278998248279
785 : -10.029928693547845
786 : -5.313520458992571
787 : 1.5509477518498898
788 : -3.020473748445511
789 : 3.192332338541746
790 : -0.7693185703828931
791 : -0.774293209426105
792 : -7.263510317075998
793 : -2.1668925951234996
794 : -1.707508273422718
795 : -1.5764376679435372
796 : -1.1597066707909107
797 : 7.814999924972653
798 : -1.5592840537428856
799 : -7.103945575421676
800 : -1.6548915449529886
801 : -1.625519998371601
802 : -1.745576391927898
803 : -5.24313325015828
804 : -1.1264002490788698
805 : -1.3101885076612234
806 : 4.321537430398166
807 : 2.7130479654297233
808 : -1.140337754972279
809 : 1.2431512968614697
810 : -0.6856774454936385
811 : -0.7009710324928164
812 : -0.8600094951689243
813 : -6.904552778461948
814 : -0.011243616230785847
815 : -1.2693716909270734
816 : -1.2363703190349042
817 : 6.688551411498338
818 : -2.1875155828893185
819 : -0.5658017424866557
820 : -8.770960632711649
821 : 2.0496447100304067
822 : -1.2855698550119996
823 : -2.838879889342934
824 : -3.809985900297761
825 : -4.015734054148197
826 : -1.6053640060126781
827 : 5.876645550597459
828 : -3.583853330463171
829 : -0.9782346878200769
830 : 0.7598408239427954
831 : -1.611970728263259
832 : -1.0306106233038008
833 : -6.574896978214383
834 : -1.8697583712637424
835 : -0.8084743041545153
836 : -2.6155899092555046
837 : -1.566274218261242
838 : -3.9096564726205543
839 : -0.8696416676975787
840 : 2.0226080575957894
841 : 3.562572203576565
842 : -1.5988438525237143
843 : -1.0940256582107395
844 : -3.236207882873714
845 : -0.6533398097380996
846 : 1.3170988382771611
847 : -1.5418845238164067
848 : 3.7933456688188016
849 : 1.4802291551604867
850 : 2.642003151588142
851 : -1.3198592532426119
852 : -1.3498924039304256
853 : 0.03870172193273902
854 : 1.4396831104531884
855 : 8.449470944004133
856 : -4.282997655682266
857 : -1.6550259348005056
858 : -0.9415039932355285
859 : 0.20721112797036767
860 : -1.9241991098970175
861 : -3.5241598547436297
862 : -1.1829497716389596
863 : -3.1045122486539185
864 : -3.6799581446684897
865 : -1.0123968147672713
866 : -1.474026988260448
867 : -1.971884410828352
868 : -1.5640966724604368
869 : -1.5499809049069881
870 : -2.619887489825487
871 : -1.5462340572848916
872 : -1.0837922315113246
873 : -6.6776164644397795
874 : 3.0610772063955665
875 : -1.446773573756218
876 : -3.5254334786441177
877 : -1.6611175369471312
878 : 1.833600931800902
879 : -4.414848388871178
880 : -2.121720641385764
881 : -1.361750326352194
882 : 0.46210374869406223
883 : -2.674819640815258
884 : -0.8885665610432625
885 : 1.0250376658514142
886 : -3.704898172058165
887 : -1.9165484607219696
888 : -1.1940089905401692
889 : -1.4340290036052465
890 : -3.8972650980576873
891 : 2.6497289780527353
892 : -1.255995212122798
893 : -1.0798278013244271
894 : -4.80577290430665
895 : -7.798779719509184
896 : 4.310988077893853
897 : -1.294953316450119
898 : -1.6697067618370056
899 : -2.297934798989445
900 : -1.8799290833994746
901 : -3.680635252967477
902 : -0.7602915186434984
903 : -0.29051034059375525
904 : 1.179376633837819
905 : -1.0533247655257583
906 : 1.8672577450051904
907 : 1.307197981979698
908 : -9.929564948193729
909 : -3.118644118309021
910 : 4.083219509804621
911 : -0.07318715192377567
912 : -2.6405629497021437
913 : -3.5167373325675726
914 : 0.7267765440046787
915 : -1.3548043128103018
916 : 1.9827635632827878
917 : -1.4776465455070138
918 : -1.074655208736658
919 : -1.1599712753668427
920 : -0.5315990690141916
921 : -5.35450791940093
922 : -5.618161916267127
923 : 1.2707024081610143
924 : 5.662070047692396
925 : -1.2950255740433931
926 : 6.38383230753243
927 : -1.0887752007693052
928 : -1.5543882502242923
929 : -1.5882530584931374
930 : 3.474145499058068
931 : 0.5922620324417949
932 : 0.4822971816174686
933 : -1.2354218820109963
934 : -1.5074736326932907
935 : -0.503052796702832
936 : -2.5739892423152924
937 : -1.123703204561025
938 : 2.2317191744223237
939 : -8.863386516924948
940 : 0.879907438531518
941 : -10.998662013560534
942 : 1.5761672841617838
943 : -0.9190908782184124
944 : -9.034706217003986
945 : -0.6920349262654781
946 : -2.9760101893916726
947 : -1.584443610161543
948 : -0.3984832810238004
949 : 1.7926713023334742
950 : -6.99428273178637
951 : -5.867386595578864
952 : -1.0263804921414703
953 : -1.7756760511547327
954 : -2.9120618253946304
955 : 0.02500335779041052
956 : -6.78260285127908
957 : -7.507041146513075
958 : -0.7144335098564625
959 : -1.1321032636333257
960 : -1.9185205679386854
961 : -0.47058250941336155
962 : 9.38412655889988
963 : 2.721057294285856
964 : -5.104545461013913
965 : -1.5552673153579235
966 : -1.0721258581615984
967 : 0.20435748808085918
968 : -1.2528650211170316
969 : 1.6884497194550931
970 : -11.023253448307514
971 : -3.0618401274550706
972 : 4.446766688488424
973 : -17.760403778403997
974 : -5.164783518761396
975 : 0.13777394127100706
976 : -0.044063197216019034
977 : 1.137666788417846
978 : -4.574581663589925
979 : -1.3146771490573883
980 : -0.32426417246460915
981 : -0.9441109397448599
982 : -9.474650703370571
983 : -0.8581118397414684
984 : -1.0222177868708968
985 : -6.806792602874339
986 : 0.22575453063473105
987 : -1.7429843321442604
988 : -0.470813297200948
989 : 0.7352935876697302
990 : -2.0527826519683003
991 : -3.707324281334877
992 : -1.3732658382505178
993 : 1.82983263512142
994 : -1.6820204518735409
995 : -1.3709544986486435
996 : -5.16099938005209
997 : -6.723542761057615
998 : -1.4256348358467221
999 : 0.5215603779070079
Setting up 2 worker threads for Enlighten.
  Thread -> id: 7f4ca2daf700 -> priority: 1 
  Thread -> id: 7f4ca25ae700 -> priority: 1 
2020-06-24 04:15:01 INFO [environment.py:418] Environment shut down with return code 0.
[I 2020-06-24 04:15:01,745] Finished trial#152 with value: 0.5215603779070079 with parameters: {'update_time_steps': 7168, 'ppo_epochs': 11, 'gamma': 0.9621502099338535, 'beta': 0.057316672780634376}. Best is trial#148 with value: -6.7115356754511595.
Found path: /home/j/jensenj/PycharmProjects/Federer-Jr./src/../crawler_single/linux/dynamic_server/crawler_dynamic.x86_64
Mono path[0] = '/home/j/jensenj/PycharmProjects/Federer-Jr./src/../crawler_single/linux/dynamic_server/crawler_dynamic_Data/Managed'
Mono config path = '/home/j/jensenj/PycharmProjects/Federer-Jr./src/../crawler_single/linux/dynamic_server/crawler_dynamic_Data/MonoBleedingEdge/etc'
Preloaded 'lib_burst_generated.so'
Preloaded 'libgrpc_csharp_ext.x64.so'
Initialize engine version: 2019.3.15f1 (59ff3e03856d)
[Subsystems] Discovering subsystems at path /home/j/jensenj/PycharmProjects/Federer-Jr./src/../crawler_single/linux/dynamic_server/crawler_dynamic_Data/UnitySubsystems
Forcing GfxDevice: Null
GfxDevice: creating device client; threaded=0
NullGfxDevice:
    Version:  NULL 1.0 [1.0]
    Renderer: Null Device
    Vendor:   Unity Technologies
Begin MonoManager ReloadAssembly
- Completed reload, in  0.097 seconds
WARNING: Shader Unsupported: 'Autodesk Interactive' - All passes removed
WARNING: Shader Did you use #pragma only_renderers and omit this platform?
UnloadTime: 0.386991 ms
Fallback handler could not load library /home/j/jensenj/PycharmProjects/Federer-Jr./src/../crawler_single/linux/dynamic_server/crawler_dynamic_Data/Mono/libcoreclr.so
Fallback handler could not load library /home/j/jensenj/PycharmProjects/Federer-Jr./src/../crawler_single/linux/dynamic_server/crawler_dynamic_Data/Mono/libcoreclr.so
Fallback handler could not load library /home/j/jensenj/PycharmProjects/Federer-Jr./src/../crawler_single/linux/dynamic_server/crawler_dynamic_Data/Mono/libcoreclr.so
Fallback handler could not load library /home/j/jensenj/PycharmProjects/Federer-Jr./src/../crawler_single/linux/dynamic_server/crawler_dynamic_Data/Mono/libSystem.dylib
Fallback handler could not load library /home/j/jensenj/PycharmProjects/Federer-Jr./src/../crawler_single/linux/dynamic_server/crawler_dynamic_Data/Mono/libSystem.dylib.so
Fallback handler could not load library /home/j/jensenj/PycharmProjects/Federer-Jr./src/../crawler_single/linux/dynamic_server/crawler_dynamic_Data/Mono/libSystem.dylib
Fallback handler could not load library /home/j/jensenj/PycharmProjects/Federer-Jr./src/../crawler_single/linux/dynamic_server/crawler_dynamic_Data/Mono/libcoreclr.so
Fallback handler could not load library /home/j/jensenj/PycharmProjects/Federer-Jr./src/../crawler_single/linux/dynamic_server/crawler_dynamic_Data/Mono/libcoreclr.so
Fallback handler could not load library /home/j/jensenj/PycharmProjects/Federer-Jr./src/../crawler_single/linux/dynamic_server/crawler_dynamic_Data/Mono/libcoreclr.so
Fallback handler could not load library /home/j/jensenj/PycharmProjects/Federer-Jr./src/../crawler_single/linux/dynamic_server/crawler_dynamic_Data/Mono/libSystem.dylib
Fallback handler could not load library /home/j/jensenj/PycharmProjects/Federer-Jr./src/../crawler_single/linux/dynamic_server/crawler_dynamic_Data/Mono/libSystem.dylib.so
Fallback handler could not load library /home/j/jensenj/PycharmProjects/Federer-Jr./src/../crawler_single/linux/dynamic_server/crawler_dynamic_Data/Mono/libSystem.dylib
2020-06-24 04:15:02 INFO [environment.py:108] Connected to Unity environment with package version 1.0.2 and communication version 1.0.0
2020-06-24 04:15:02 INFO [environment.py:265] Connected new brain:
CrawlerDynamic?team=0
2020-06-24 04:15:02 WARNING [__init__.py:92] The environment contains multiple observations. You must define allow_multiple_obs=True to receive them all. Otherwise, only the first visual observation (or vector observation ifthere are no visual observations) will be provided in the observation.
{'nr_output_features': 20, 'nr_input_features': 126, 'env': <gym_unity.envs.UnityToGymWrapper object at 0x7f93cd1aa860>, 'alpha': 0.003, 'tau': 0.95, 'clip': 0.2, 'minibatch_size': 32, 'hidden_units': 512, 'update_time_steps': 9216, 'ppo_epochs': 25, 'gamma': 0.9757824284151032, 'beta': 0.03987029434741268}
0 : -4.873166042845696
1 : -0.22893791273236275
2 : -1.668444843031466
3 : -1.3575537274591625
4 : -0.8598634675145149
5 : -7.164025153964758
6 : -0.8777044927701354
7 : 9.117268059402704
8 : -3.6002440280281007
9 : 17.173436037264764
10 : 1.457707116380334
11 : -1.128975278697908
12 : -6.302578116767108
13 : -1.272846357896924
14 : -0.08235812315251678
15 : -1.5474733379669487
16 : -2.020935609936714
17 : -1.9474496878683567
18 : -3.337678457144648
19 : -4.202752516139299
20 : -1.493064139969647
21 : -3.3566953660920262
22 : -2.634727031807415
23 : -1.9331198916770518
24 : -1.31186337582767
25 : -10.246437171008438
26 : -1.4535512551665306
27 : 3.940398681908846
28 : -4.190881546121091
29 : -1.595993235707283
30 : -3.950794386677444
31 : -1.5775112472474575
32 : -4.443479858338833
33 : -1.3760247169993818
34 : -0.591805680654943
35 : -1.5945330020040274
36 : -0.8939181659370661
37 : -0.3975564744323492
38 : -1.35759465303272
39 : -9.78817567974329
40 : 0.56484489236027
41 : -7.091509603895247
42 : -1.143119097687304
43 : -0.8606810923665762
44 : -0.7163804722949862
45 : -0.8357956474646926
46 : -2.055689686909318
47 : -1.2608779212459922
48 : -1.0970089817419648
49 : -2.0524094104766846
50 : 8.403741775080562
51 : -1.6514469371177256
52 : -5.641537524759769
53 : -0.45534143690019846
54 : -1.3663556855171919
55 : 4.023998903110623
56 : -7.97586370119825
57 : 9.573139399290085
58 : 1.78761182166636
59 : -0.014068540069274604
60 : -1.7023437088355422
61 : -6.888433215208352
62 : -0.7567906738258898
63 : -6.882162325084209
64 : -1.7224785834550858
65 : -1.2308682817965746
66 : -0.11041917931288481
67 : -14.430052092764527
68 : -1.999943546950817
69 : -2.937894567847252
70 : -1.133000302594155
71 : -0.8522881614044309
72 : 3.403234362602234
73 : -3.010928090661764
74 : -2.2983793653547764
75 : -0.9633599265944213
76 : -0.9898483622819185
77 : -1.1476312330923975
78 : -1.0494723673909903
79 : -6.123537418432534
80 : 3.7518093078397214
81 : -11.34577574848663
82 : -0.24702644906938076
83 : -0.8647198523394763
84 : -1.8203083374537528
85 : -3.4024137519299984
86 : -0.8228820078074932
87 : -6.1806262456811965
88 : 6.532407101272838
89 : -1.625179050839506
90 : -1.2575500546954572
91 : 0.995844014454633
92 : -1.3325739186257124
93 : 0.10606978228315711
94 : -6.417555704829283
95 : -1.5392214320600033
96 : -0.826464569196105
97 : -1.961435567587614
98 : -1.1150060519576073
99 : -3.0732986107468605
100 : -1.2518661352805793
101 : -2.943379729986191
102 : -0.5891772462055087
103 : -2.089690865483135
104 : -0.6066151708364487
105 : 1.8106626253575087
106 : -1.4087745076976717
107 : 1.0692484341561794
108 : 3.9376414883881807
109 : -5.098307944834232
110 : -1.196350054582581
111 : -0.9246553294360638
112 : 5.20028286613524
113 : -0.5808694893494248
114 : -8.617739274632186
115 : 0.740596798248589
116 : 4.388655036920682
117 : -3.569966172799468
118 : -3.13041529385373
119 : -1.5638764342293143
120 : -0.651313912589103
121 : 4.065791727043688
122 : -1.3128303149715066
123 : -0.2412306573241949
124 : -0.4548417730256915
125 : -1.9662205129861832
126 : -1.2290039751678705
127 : 0.3854632005095482
128 : -3.53559550922364
129 : -1.7485065907239914
130 : -4.716445679310709
131 : -3.7490972857922316
132 : -10.048797044437379
133 : -1.8577650636434555
134 : -1.3416786501184106
135 : 5.786386317340657
136 : -0.9831066960468888
137 : -1.0052815396338701
138 : -2.7460414431989193
139 : -3.228240658994764
140 : -0.6130684800446033
141 : -3.950541438534856
142 : -2.3084256080910563
143 : -2.0557933785021305
144 : -1.5021291384473443
145 : -2.096200570464134
146 : 0.34532538056373596
147 : 9.258331294171512
148 : -2.1047680841293186
149 : -0.7758295703679323
150 : -2.1215311381965876
151 : -1.3443500970024616
152 : 6.733098281547427
153 : 5.004648701753467
154 : -9.803940447047353
155 : -1.0875751413404942
156 : -1.3422079604060855
157 : 1.328791320323944
158 : 0.8774502435699105
159 : -1.633222517091781
160 : -1.1162126203998923
161 : -1.146273147314787
162 : -0.930880157276988
163 : -0.8445550659671426
164 : -3.4098820802755654
165 : -1.0306013657245785
166 : -2.107185779605061
167 : -1.446081387810409
168 : -9.642089396715164
169 : -1.2583575593307614
170 : -0.7941065244376659
171 : -1.5943830274045467
172 : -0.6044014925137162
173 : -1.0572262913919985
174 : -2.9169319504871964
175 : -0.6019470898900181
176 : -0.8731636591255665
177 : -0.9241883222130127
178 : -2.084548693150282
179 : 0.6721304664388299
180 : -1.399746848270297
181 : -1.155781387584284
182 : -1.2205986329354346
183 : -1.5520815998315811
184 : -0.841765534132719
185 : 5.721860979567282
186 : 8.677775595337152
187 : -1.2542019970715046
188 : -1.127510036341846
189 : -6.260584042640403
190 : -0.3459212947636843
191 : -6.093771841842681
192 : -0.7709948867559433
193 : -3.678245846182108
194 : -1.5126995174214244
195 : -1.621829248033464
196 : 7.587938778102398
197 : -1.3826764579862356
198 : 0.7885472691850737
199 : -0.664216875564307
200 : -2.5211239620111883
201 : -1.318089924287051
202 : -1.788861402310431
203 : 1.2142551159486175
204 : -2.3853487633168697
205 : -2.0275746062397957
206 : -4.678290030919015
207 : -0.9716736823320389
208 : -5.549047069158405
209 : -1.832001231610775
210 : -1.5098417196422815
211 : -7.769233462866396
212 : -1.7324947491288185
213 : -1.820905590429902
214 : -3.817871117964387
215 : -6.216488956473768
216 : -0.9347758712247014
217 : -1.0108202639967203
218 : -0.49315771739929914
219 : 0.7584567442536354
220 : -1.4603143371641636
221 : -3.256063011009246
222 : 0.05775127001106739
223 : -5.920189816504717
224 : -0.4118822729215026
225 : -2.1778864301741123
226 : -1.1327180012594908
227 : -0.9269804637879133
228 : -1.0698319461662322
229 : -2.215969188604504
230 : -2.1107766116037965
231 : -1.0031399531289935
232 : 0.09298429172486067
233 : -1.8549301885068417
234 : -1.281480984762311
235 : -6.009224180830643
236 : -2.4252994349226356
237 : -2.172914793714881
238 : 0.19191078282892704
239 : -1.1867383606731892
240 : -3.12250455096364
241 : 4.032586682587862
242 : -4.4746633023023605
243 : -3.161538033746183
244 : -2.4662534473463893
245 : -1.198797925375402
246 : -3.4074083802988753
247 : 1.4643662520684302
248 : -4.618646893650293
249 : 2.2570589808747172
250 : 0.7357623456045985
251 : -13.750147662125528
252 : -1.941769684664905
253 : -1.0537489810958505
254 : -1.279832354746759
255 : -1.8988227057270706
256 : -2.2165547907352448
257 : -0.9028241662308574
258 : -1.3085620659403503
259 : -2.048813397763297
260 : -0.6630969746038318
261 : -0.8731946628540754
262 : -0.5653409659862518
263 : 1.5148936612531543
264 : -2.852594753727317
265 : -2.4312673956155777
266 : -1.8238467331975698
267 : -3.581409452483058
268 : 1.171458862547297
269 : -0.1945181880146265
270 : -1.0642616148106754
271 : -1.0907057542353868
272 : -1.6024928176775575
273 : -1.1437858331482857
[W 2020-06-24 04:24:28,985] Setting status of trial#190 as TrialState.FAIL because of the following error: ValueError('array split does not result in an equal division',)
Traceback (most recent call last):
  File "/home/j/jensenj/.local/lib/python3.6/site-packages/numpy/lib/shape_base.py", line 867, in split
    len(indices_or_sections)
TypeError: object of type 'int' has no len()

During handling of the above exception, another exception occurred:

Traceback (most recent call last):
  File "/home/j/jensenj/.local/lib/python3.6/site-packages/optuna/study.py", line 734, in _run_trial
    result = func(trial)
  File "main-optuna.py", line 88, in objective
    returns = [episode(env, agent, params, writer, i) for i in range(training_episodes)]
  File "main-optuna.py", line 88, in <listcomp>
    returns = [episode(env, agent, params, writer, i) for i in range(training_episodes)]
  File "main-optuna.py", line 40, in episode
    agent.update(next_state)
  File "/home/j/jensenj/PycharmProjects/Federer-Jr./src/ppo.py", line 140, in update
    for states, actions, old_log_probs, returns, advantages in self.memory.sample_batch(self.minibatch_size, next_value):
  File "/home/j/jensenj/PycharmProjects/Federer-Jr./src/ppo.py", line 44, in sample_batch
    ids = np.split(ids, batch_size // minibatch_size)
  File "<__array_function__ internals>", line 6, in split
  File "/home/j/jensenj/.local/lib/python3.6/site-packages/numpy/lib/shape_base.py", line 873, in split
    'array split does not result in an equal division')
ValueError: array split does not result in an equal division
Traceback (most recent call last):
  File "/home/j/jensenj/.local/lib/python3.6/site-packages/numpy/lib/shape_base.py", line 867, in split
    len(indices_or_sections)
TypeError: object of type 'int' has no len()

During handling of the above exception, another exception occurred:

Traceback (most recent call last):
  File "main-optuna.py", line 103, in <module>
    study.optimize(objective, n_trials=1000)
  File "/home/j/jensenj/.local/lib/python3.6/site-packages/optuna/study.py", line 339, in optimize
    func, n_trials, timeout, catch, callbacks, gc_after_trial, None
  File "/home/j/jensenj/.local/lib/python3.6/site-packages/optuna/study.py", line 682, in _optimize_sequential
    self._run_trial_and_callbacks(func, catch, callbacks, gc_after_trial)
  File "/home/j/jensenj/.local/lib/python3.6/site-packages/optuna/study.py", line 713, in _run_trial_and_callbacks
    trial = self._run_trial(func, catch, gc_after_trial)
  File "/home/j/jensenj/.local/lib/python3.6/site-packages/optuna/study.py", line 734, in _run_trial
    result = func(trial)
  File "main-optuna.py", line 88, in objective
    returns = [episode(env, agent, params, writer, i) for i in range(training_episodes)]
  File "main-optuna.py", line 88, in <listcomp>
    returns = [episode(env, agent, params, writer, i) for i in range(training_episodes)]
  File "main-optuna.py", line 40, in episode
    agent.update(next_state)
  File "/home/j/jensenj/PycharmProjects/Federer-Jr./src/ppo.py", line 140, in update
    for states, actions, old_log_probs, returns, advantages in self.memory.sample_batch(self.minibatch_size, next_value):
  File "/home/j/jensenj/PycharmProjects/Federer-Jr./src/ppo.py", line 44, in sample_batch
    ids = np.split(ids, batch_size // minibatch_size)
  File "<__array_function__ internals>", line 6, in split
  File "/home/j/jensenj/.local/lib/python3.6/site-packages/numpy/lib/shape_base.py", line 873, in split
    'array split does not result in an equal division')
ValueError: array split does not result in an equal division
Setting up 2 worker threads for Enlighten.
  Thread -> id: 7fed6f7fe700 -> priority: 1 
  Thread -> id: 7fed6effd700 -> priority: 1 
2020-06-24 04:24:29 INFO [environment.py:418] Environment shut down with return code 0.
