slurmstepd-gaissa: error: Unable to create TMPDIR [/tmp/user/30108]: Permission denied
slurmstepd-gaissa: error: Setting TMPDIR to /tmp
Found path: /home/j/jensenj/PycharmProjects/Federer-Jr./src/../crawler_single/linux/dynamic_server/crawler_dynamic.x86_64
Mono path[0] = '/home/j/jensenj/PycharmProjects/Federer-Jr./src/../crawler_single/linux/dynamic_server/crawler_dynamic_Data/Managed'
Mono config path = '/home/j/jensenj/PycharmProjects/Federer-Jr./src/../crawler_single/linux/dynamic_server/crawler_dynamic_Data/MonoBleedingEdge/etc'
Preloaded 'lib_burst_generated.so'
Preloaded 'libgrpc_csharp_ext.x64.so'
Initialize engine version: 2019.3.15f1 (59ff3e03856d)
[Subsystems] Discovering subsystems at path /home/j/jensenj/PycharmProjects/Federer-Jr./src/../crawler_single/linux/dynamic_server/crawler_dynamic_Data/UnitySubsystems
Forcing GfxDevice: Null
GfxDevice: creating device client; threaded=0
NullGfxDevice:
    Version:  NULL 1.0 [1.0]
    Renderer: Null Device
    Vendor:   Unity Technologies
Begin MonoManager ReloadAssembly
- Completed reload, in  0.100 seconds
WARNING: Shader Unsupported: 'Autodesk Interactive' - All passes removed
WARNING: Shader Did you use #pragma only_renderers and omit this platform?
UnloadTime: 0.424064 ms
Fallback handler could not load library /home/j/jensenj/PycharmProjects/Federer-Jr./src/../crawler_single/linux/dynamic_server/crawler_dynamic_Data/Mono/libcoreclr.so
Fallback handler could not load library /home/j/jensenj/PycharmProjects/Federer-Jr./src/../crawler_single/linux/dynamic_server/crawler_dynamic_Data/Mono/libcoreclr.so
Fallback handler could not load library /home/j/jensenj/PycharmProjects/Federer-Jr./src/../crawler_single/linux/dynamic_server/crawler_dynamic_Data/Mono/libcoreclr.so
Fallback handler could not load library /home/j/jensenj/PycharmProjects/Federer-Jr./src/../crawler_single/linux/dynamic_server/crawler_dynamic_Data/Mono/libSystem.dylib
Fallback handler could not load library /home/j/jensenj/PycharmProjects/Federer-Jr./src/../crawler_single/linux/dynamic_server/crawler_dynamic_Data/Mono/libSystem.dylib.so
Fallback handler could not load library /home/j/jensenj/PycharmProjects/Federer-Jr./src/../crawler_single/linux/dynamic_server/crawler_dynamic_Data/Mono/libSystem.dylib
Fallback handler could not load library /home/j/jensenj/PycharmProjects/Federer-Jr./src/../crawler_single/linux/dynamic_server/crawler_dynamic_Data/Mono/libcoreclr.so
Fallback handler could not load library /home/j/jensenj/PycharmProjects/Federer-Jr./src/../crawler_single/linux/dynamic_server/crawler_dynamic_Data/Mono/libcoreclr.so
Fallback handler could not load library /home/j/jensenj/PycharmProjects/Federer-Jr./src/../crawler_single/linux/dynamic_server/crawler_dynamic_Data/Mono/libcoreclr.so
Fallback handler could not load library /home/j/jensenj/PycharmProjects/Federer-Jr./src/../crawler_single/linux/dynamic_server/crawler_dynamic_Data/Mono/libSystem.dylib
Fallback handler could not load library /home/j/jensenj/PycharmProjects/Federer-Jr./src/../crawler_single/linux/dynamic_server/crawler_dynamic_Data/Mono/libSystem.dylib.so
Fallback handler could not load library /home/j/jensenj/PycharmProjects/Federer-Jr./src/../crawler_single/linux/dynamic_server/crawler_dynamic_Data/Mono/libSystem.dylib
/home/j/jensenj/.local/lib/python3.6/site-packages/tensorboard/compat/tensorflow_stub/dtypes.py:541: FutureWarning: Passing (type, 1) or '1type' as a synonym of type is deprecated; in a future version of numpy, it will be understood as (type, (1,)) / '(1,)type'.
  _np_qint8 = np.dtype([("qint8", np.int8, 1)])
/home/j/jensenj/.local/lib/python3.6/site-packages/tensorboard/compat/tensorflow_stub/dtypes.py:542: FutureWarning: Passing (type, 1) or '1type' as a synonym of type is deprecated; in a future version of numpy, it will be understood as (type, (1,)) / '(1,)type'.
  _np_quint8 = np.dtype([("quint8", np.uint8, 1)])
/home/j/jensenj/.local/lib/python3.6/site-packages/tensorboard/compat/tensorflow_stub/dtypes.py:543: FutureWarning: Passing (type, 1) or '1type' as a synonym of type is deprecated; in a future version of numpy, it will be understood as (type, (1,)) / '(1,)type'.
  _np_qint16 = np.dtype([("qint16", np.int16, 1)])
/home/j/jensenj/.local/lib/python3.6/site-packages/tensorboard/compat/tensorflow_stub/dtypes.py:544: FutureWarning: Passing (type, 1) or '1type' as a synonym of type is deprecated; in a future version of numpy, it will be understood as (type, (1,)) / '(1,)type'.
  _np_quint16 = np.dtype([("quint16", np.uint16, 1)])
/home/j/jensenj/.local/lib/python3.6/site-packages/tensorboard/compat/tensorflow_stub/dtypes.py:545: FutureWarning: Passing (type, 1) or '1type' as a synonym of type is deprecated; in a future version of numpy, it will be understood as (type, (1,)) / '(1,)type'.
  _np_qint32 = np.dtype([("qint32", np.int32, 1)])
/home/j/jensenj/.local/lib/python3.6/site-packages/tensorboard/compat/tensorflow_stub/dtypes.py:550: FutureWarning: Passing (type, 1) or '1type' as a synonym of type is deprecated; in a future version of numpy, it will be understood as (type, (1,)) / '(1,)type'.
  np_resource = np.dtype([("resource", np.ubyte, 1)])
2020-06-24 03:42:32 INFO [environment.py:108] Connected to Unity environment with package version 1.0.2 and communication version 1.0.0
2020-06-24 03:42:32 INFO [environment.py:265] Connected new brain:
CrawlerDynamic?team=0
2020-06-24 03:42:32 WARNING [__init__.py:92] The environment contains multiple observations. You must define allow_multiple_obs=True to receive them all. Otherwise, only the first visual observation (or vector observation ifthere are no visual observations) will be provided in the observation.
/home/j/jensenj/.local/lib/python3.6/site-packages/gym/logger.py:30: UserWarning: WARN: Box bound precision lowered by casting to float32
  warnings.warn(colorize('%s: %s'%('WARN', msg % args), 'yellow'))
{'nr_output_features': 20, 'nr_input_features': 126, 'env': <gym_unity.envs.UnityToGymWrapper object at 0x7fbe93f64ef0>, 'alpha': 0.003, 'tau': 0.95, 'clip': 0.2, 'minibatch_size': 32, 'hidden_units': 512, 'update_time_steps': 7168, 'ppo_epochs': 12, 'gamma': 0.963854852830331, 'beta': 0.059227301248063156}
0 : 5.505480544641614
1 : -1.426499652210623
2 : -4.533728436566889
3 : -1.0885568670928478
4 : -1.936110788024962
5 : 0.42423511715605855
6 : -3.602867121808231
7 : 2.2927108500152826
8 : -2.999856194946915
9 : -5.366632776334882
10 : -1.278187891934067
11 : -1.3005909328348935
12 : -4.304766298271716
13 : -1.2687309123575687
14 : -1.1500880585517734
15 : -7.0738328490406275
16 : -24.661185620876495
17 : 1.5825212989002466
18 : -1.578556238207966
19 : 1.7418766068294644
20 : -1.0435772622004151
21 : -3.787481428589672
22 : -1.1833165946882218
23 : -0.43588114855811
24 : -1.4183769337832928
25 : -1.543710496276617
26 : -0.764236303512007
27 : -5.897063380107284
28 : -1.5399905811063945
29 : -1.656622851267457
30 : -2.7691876837052405
31 : 2.8078011805191636
32 : -1.32619360787794
33 : -1.0424473456805572
34 : -1.5626106527633965
35 : -1.4206955395638943
36 : 3.444993264041841
37 : -1.519673539325595
38 : -7.27663492038846
39 : -1.4179665013216436
40 : 8.308787069283426
41 : -2.0613972500432283
42 : -1.1149256844073534
43 : -1.8846803549677134
44 : -3.552415352780372
45 : -0.9843789478763938
46 : -0.7815568912774324
47 : -1.0868968814611435
48 : -1.1689017787575722
49 : -0.0639978563413024
50 : -1.3548021977767348
51 : -0.9010384175926447
52 : -0.9630128764547408
53 : -1.4531865697354078
54 : 9.09476813999936
55 : -0.8068576087243855
56 : -4.066552960313857
57 : -2.1565114753320813
58 : -4.710668905172497
59 : 7.189557055942714
60 : -0.3069535717368126
61 : -1.4642191641032696
62 : -3.4068921227008104
63 : 0.6074640415608883
64 : 1.9351288042962551
65 : -4.019790107384324
66 : -4.250060708378442
67 : -3.817780369427055
68 : -0.9407026758417487
69 : -1.5985692809335887
70 : -3.3896035915240645
71 : -6.965422879904509
72 : 0.7669965261593461
73 : -1.4951552897691727
74 : 3.6722076488658786
75 : -6.0950443828478456
76 : -1.4294418809004128
77 : -2.3313164096325636
78 : -2.2581336841685697
79 : -1.0819173771888018
80 : -1.1527565503492951
81 : -1.8927394729107618
82 : -1.059709494933486
83 : -1.1222591325640678
84 : -0.8557444140315056
85 : 5.196000352501869
86 : -1.3624099809676409
87 : -0.7583240531384945
88 : -4.930241299793124
89 : -1.1824785191565752
90 : -1.5464006741531193
91 : -1.5539635326713324
92 : 5.734371927566826
93 : -1.3507168237119913
94 : 2.098829430527985
95 : 0.18572616297751665
96 : -0.6872327765449882
97 : -1.1381287313997746
98 : -0.9093031398952007
99 : -3.9795059147290885
100 : -2.6865958850830793
101 : -0.6885145008563995
102 : -1.9640137944370508
103 : -3.0880071636056527
104 : -4.377390069887042
105 : 3.996002377709374
106 : -1.6184896305203438
107 : -0.4936323016881943
108 : -0.8504867444280535
109 : -0.9212984973564744
110 : -0.5727028036490083
111 : -0.723548321519047
112 : -2.1660097893327475
113 : -1.0192834362387657
114 : 1.511524410918355
115 : 2.4217175212688744
116 : -1.3343210192397237
117 : -2.152789259329438
118 : -2.058435346931219
119 : -2.1981473537161946
120 : -0.991530679166317
121 : -4.118192206136882
122 : -4.562207028269768
123 : -5.8541965442709625
124 : -3.2606982234865427
125 : -6.3954842165112495
126 : 9.449697067029774
127 : -6.859737988561392
128 : -4.030630807392299
129 : -1.8486993303522468
130 : -2.192493218695745
131 : -3.792436181101948
132 : 1.1465180963277817
133 : -1.5474564358592033
134 : 0.5679336749017239
135 : 0.6664434149861336
136 : -1.2917461055330932
137 : -15.106394960545003
138 : 5.79823079588823
139 : -4.642176790628582
140 : -2.019097472541034
141 : -3.719251999631524
142 : -3.7347804978489876
143 : -14.762702900916338
144 : -0.7797654662281275
145 : -1.4939328767359257
146 : -5.901877879165113
147 : -0.9765729634091258
148 : -1.7598042254976463
149 : -7.905278952326626
150 : -1.9347652308642864
151 : -0.788351820781827
152 : 2.3829701244831085
153 : 1.2269372524460778
154 : -2.2487293081358075
155 : -1.1717971805483103
156 : 3.8952194494195282
157 : -1.7148006241768599
158 : -1.5894877966493368
159 : -0.6788679901510477
160 : -0.7611555312760174
161 : -0.8863845467567444
162 : -0.3281591587001458
163 : -1.4970714198425412
164 : 12.722151352092624
165 : -0.019137641414999962
166 : -0.9094392363913357
167 : -1.303176211193204
168 : -2.22552552446723
169 : -1.6402855142951012
170 : -1.0952413131017238
171 : 1.795275755925104
172 : -5.5162290832959116
173 : -4.280612350907177
174 : 5.811397034674883
175 : -1.8345180079340935
176 : -1.4816687693819404
177 : -0.6138353634305531
178 : -1.065239254385233
179 : -1.237307025701739
180 : -1.2309006163850427
181 : -2.494317166507244
182 : -1.489250434562564
183 : -2.5768508251057938
184 : -1.3253956958651543
185 : -1.3367870287038386
186 : -0.7363820942118764
187 : -0.9031808632425964
188 : -1.7369407676160336
189 : 0.3284527249634266
190 : -0.8087887084111571
191 : -4.333736252039671
192 : -2.257166476920247
193 : 0.4283232297748327
194 : -2.3006970984861255
195 : -2.3226599358022213
196 : 1.7733020326122642
197 : -4.133185189217329
198 : 3.733396344818175
199 : -1.2539959351997823
200 : -1.1148431738838553
201 : -1.7382953180931509
202 : -0.9182864297181368
203 : -0.7901096933055669
204 : 1.2986901495605707
205 : -4.8706885990686715
206 : -0.9754210337996483
207 : -1.7254957645200193
208 : -7.4675357532687485
209 : -1.168457768857479
210 : 1.1138799963518977
211 : -1.2873756762128323
212 : -1.0792418760247529
213 : 1.3967225183732808
214 : -1.4838897176086903
215 : -0.7571141379885375
216 : -1.8156516081653535
217 : -1.1168634872883558
218 : -1.3644714755937457
219 : -3.2400782965123653
220 : -1.8421108569018543
221 : -3.4863887520041317
222 : -0.12094195070676506
223 : -1.1249346984550357
224 : 0.5646103378385305
225 : 0.37423643842339516
226 : -1.2432287950068712
227 : 1.205970105715096
228 : -1.4646490077720955
229 : -1.5838543009012938
230 : -3.6390492636710405
231 : -1.4290240285918117
232 : -1.2416418567299843
233 : -3.999773209914565
234 : -2.4119517570361495
235 : 6.95419093593955
236 : -3.2891979943960905
237 : -7.374481846578419
238 : -0.6063248459249735
239 : 0.1265802513808012
240 : 3.3551112049026415
241 : -4.582384378882125
242 : -0.21166186686605215
243 : -1.462303573731333
244 : -2.7493385653942823
245 : -2.8444029670208693
246 : -2.6170601081103086
247 : -1.000747081823647
248 : 1.005743661429733
249 : -1.7732960316352546
250 : -1.259328260552138
251 : -1.2302443231455982
252 : -0.9795217160135508
253 : -3.393120042863302
254 : -2.8169537000358105
255 : -2.5640342449769378
256 : 6.068337630480528
257 : -1.315196284558624
258 : -1.535992257297039
259 : -2.9731040224432945
260 : -1.0796588046941906
261 : 4.762170679867268
262 : -1.7826403407379985
263 : 12.875269544078037
264 : -0.7057613534852862
265 : 1.7968813963234425
266 : 0.37432423513382673
267 : -1.9175421074032784
268 : -18.797392369713634
269 : 2.660408591851592
270 : -6.075838084332645
271 : 1.1585607500746846
272 : -4.958150653867051
273 : -1.1073744855821133
274 : -0.7726241555064917
275 : -6.0617960235103965
276 : 6.70129032805562
277 : -1.478614166378975
278 : -1.3064372465014458
279 : -0.59408497530967
280 : 3.86565522570163
281 : -1.2488755751401186
282 : 1.5721040247008204
283 : -0.9697740226984024
284 : 0.5490479655563831
285 : -2.0495721586048603
286 : -1.352240796200931
287 : -1.3117705434560776
288 : -1.8207771149463952
289 : -0.9092122558504343
290 : -1.0990195330232382
291 : -0.7716615186072886
292 : -0.9518517274409533
293 : -3.044293962419033
294 : -0.7524726977571845
295 : -5.109523246064782
296 : -2.0578843913972378
297 : -1.6013840548694134
298 : -1.881607674062252
299 : -0.4398105612490326
300 : -1.6256313156336546
301 : -6.597015276551247
302 : -0.13550467463210225
303 : -0.977848781272769
304 : -1.6398850344121456
305 : -0.5829268274828792
306 : 6.790978671517223
307 : 2.333219182677567
308 : -0.8649451173841953
309 : -0.21606503427028656
310 : -1.6209702109917998
311 : 3.026348519138992
312 : -5.2481095851399004
313 : 2.1415686055552214
314 : 1.0709622837603092
315 : 0.9812254197895527
316 : -1.3007199838757515
317 : 3.220020320266485
318 : -1.6088897101581097
319 : -13.335206742631271
320 : 2.0078546926379204
321 : -1.470136133953929
322 : -1.733116690069437
323 : -1.9204870909452438
324 : -0.1942343544214964
325 : -1.601948756724596
326 : 5.930238137021661
327 : -2.9445361020043492
328 : -0.8638531202450395
329 : -6.4792938434984535
330 : -1.5321945510804653
331 : -0.7993661728687584
332 : -0.6979602323845029
333 : -0.9287601178511977
334 : -5.465849188156426
335 : -2.445102520287037
336 : -0.2928950944915414
337 : 0.1299953842535615
338 : -2.065122788771987
339 : 0.03484146296977997
340 : -10.767214390449226
341 : -0.9962908327579498
342 : 4.380826144479215
343 : -1.0730267041362822
344 : -3.6423156606033444
345 : 3.8203211392392404
346 : 1.3359174155630171
347 : -1.8429298219271004
348 : -0.9233861174434423
349 : -3.8254347406327724
350 : -1.8809992149472237
351 : -0.9666068106889725
352 : -1.4777564108371735
353 : -3.64479308295995
354 : -1.407308366149664
355 : -0.9872301947325468
356 : -4.37755270767957
357 : -0.010735695250332355
358 : -4.88343344302848
359 : -1.6014186427928507
360 : -1.1449077944271266
361 : -0.005719742272049189
362 : 3.0228370232507586
363 : -7.262194011360407
364 : -0.01976454071700573
365 : -1.0486984811723232
366 : -1.7584211006760597
367 : -2.083119884133339
368 : -1.247482739854604
369 : -0.7439075959846377
370 : -7.408276308793575
371 : -2.1830125879496336
372 : -1.1420163104776293
373 : -4.691817194223404
374 : -1.6569258710369468
375 : -0.538936847820878
376 : -2.3260832810774446
377 : -1.0222806697711349
378 : -1.6522127939388156
379 : -5.552919225767255
380 : -1.4042674554511905
381 : 8.9367506057024
382 : -2.3912764322012663
383 : -0.45929695665836334
384 : -2.568540032953024
385 : -0.0495842806994915
386 : 1.9934085365384817
387 : -1.035522994119674
388 : 0.5196138452738523
389 : -1.2721551293507218
390 : 11.884580518817529
391 : -0.08389766002073884
392 : -0.9331730827689171
393 : 1.6770492512732744
394 : -4.061190566979349
395 : -0.002708074636757374
396 : -1.7584432531148195
397 : 1.182929165661335
398 : -1.189638284035027
399 : -1.3280366398394108
400 : -0.23195649310946465
401 : -1.2472017966210842
402 : 2.1861178893595934
403 : -0.6767753958702087
404 : -6.968266015406698
405 : -0.8804274769499898
406 : -0.7981772352941334
407 : -1.4953773904126137
408 : -9.686261451803148
409 : -5.016097262501717
410 : 1.5729988180100918
411 : 1.8414276689291
412 : -4.51333934860304
413 : 0.22505867667496204
414 : 1.6697566099464893
415 : -1.1568916651885957
416 : -5.067090374534018
417 : -1.94420425593853
418 : -1.0149069863837212
419 : -2.25010175537318
420 : -2.805892800912261
421 : 3.963813681155443
422 : 3.9417785285040736
423 : -2.027927003800869
424 : -0.9421149748377502
425 : -6.715814542025328
426 : -1.0312685333192348
427 : -2.5157046315725893
428 : 1.0813574371859431
429 : -1.482833385001868
430 : -1.3784753875806928
431 : -0.493212029337883
432 : 0.278142630122602
433 : -1.7782220849767327
434 : -1.1240377239882946
435 : -0.3231782503426075
436 : -1.9573982208967209
437 : 5.273448178078979
438 : -1.9618196999654174
439 : -4.605679856613278
440 : 3.8311958368867636
441 : -1.4621671251952648
442 : -1.6214277930557728
443 : -9.533823454752564
444 : -0.09267029166221619
445 : -2.831424146424979
446 : -7.212196086999029
447 : -5.3336907882476225
448 : -0.8022129330784082
449 : -5.00546754244715
450 : -17.012721529463306
451 : -1.2295530857518315
452 : 4.687580389901996
453 : -4.750809669494629
454 : -2.6391772478818893
455 : 2.954075212124735
456 : -1.5322835370898247
457 : -0.14257972594350576
458 : 1.132914224639535
459 : -0.2472465904429555
460 : -3.8412693948484957
461 : -0.7556965192779899
462 : -13.025709544774145
463 : -0.24640424735844135
464 : 16.12357341684401
465 : -1.4131173342466354
466 : -4.373035429045558
467 : -3.170532375574112
468 : -2.4566628984175622
469 : -2.870504201389849
470 : 4.550960686057806
471 : -2.8348564207553864
472 : -5.2679910864681005
473 : 2.625930918380618
474 : -2.800633104518056
475 : -13.148538912879303
476 : 1.8106704781530425
477 : 0.5735145751386881
478 : -1.5094048746395856
479 : -2.5275872200727463
480 : -1.8540552593767643
481 : -2.628252218477428
482 : -3.8209928553551435
483 : 1.8654591864906251
484 : -4.573747660964727
485 : -15.255695963744074
486 : 1.3340431386604905
487 : -4.394381509162486
488 : -1.1565518826246262
489 : -5.158572465181351
490 : -1.287485184147954
491 : -4.073651312850416
492 : -6.572056599427015
493 : -1.0321051413193345
494 : -3.1009592334739864
495 : -1.3021962251514196
496 : -1.966219180263579
497 : -1.5088577196002007
498 : -2.3602950647473335
499 : 2.444822932127863
500 : -1.3425469731446356
501 : -2.4091987228021026
502 : -2.766703665489331
503 : 15.246533144265413
504 : 2.2170113499742
505 : -1.3438127082772553
506 : -0.49662004597485065
507 : -1.3979712082073092
508 : -2.1745543007273227
509 : -0.10720437718555331
510 : -1.3167212503030896
511 : -2.2643670346587896
512 : -5.440485735191032
513 : -5.785225835163146
514 : -1.2849174635484815
515 : -2.5520505364984274
516 : -1.858125957660377
517 : -3.870049813762307
518 : 1.3904930357821286
519 : -8.345121419522911
520 : -8.992291832808405
521 : 0.3742433413863182
522 : -0.8718826663680375
523 : 3.208328163251281
524 : -10.032307974994183
525 : 7.6936131049878895
526 : -0.5963090755976737
527 : -0.9264432471245527
528 : -2.4888388597173616
529 : -0.9277651719748974
530 : -1.6072337478399277
531 : -1.5240814965218306
532 : -6.341670444235206
533 : -2.9413053751923144
534 : 2.354607987217605
535 : 0.9834763873368502
536 : 2.2547643091529608
537 : -2.4731478597968817
538 : -3.018244261853397
539 : -6.1526231318712234
540 : -4.432655537035316
541 : 1.398044312838465
542 : 0.8420545114204288
543 : -1.1682221402879804
544 : -1.4646293530240655
545 : -2.314194313250482
546 : -1.6093348860740662
547 : -1.3808075692504644
548 : 1.1736964723095298
549 : -16.189090323634446
550 : 0.0417898278683424
551 : -1.592616654932499
552 : -4.288083511870354
553 : 2.032733774743974
554 : -1.8966353461146355
555 : -3.3766077756881714
556 : -1.3218790348619223
557 : -1.5970502495765686
558 : -0.8646563787478954
559 : -3.0196041483432055
560 : -1.713836744427681
561 : -1.2485704403370619
562 : -1.9560488425195217
563 : -1.6992985755205154
564 : 0.27132605109363794
565 : 1.9189783548936248
566 : -1.3876869436353445
567 : -1.1791492346674204
568 : -7.327728770673275
569 : -2.1628584559075534
570 : 1.424871596507728
571 : -7.537822884507477
572 : -1.2632936660666019
573 : -2.552128246985376
574 : -4.71802624175325
575 : -1.2274943976663053
576 : -0.8330279900692403
577 : -8.970308138988912
578 : -9.298546399455518
579 : -2.513905232772231
580 : -2.6189307251479477
581 : 1.3970152251422405
582 : -0.3772408664226532
583 : -0.8008078425191343
584 : -7.274141609785147
585 : 0.03271277993917465
586 : -1.0399826653301716
587 : -0.5453195222653449
588 : -1.2271687840111554
589 : -0.259787674061954
590 : -9.91054039541632
591 : -3.6408921759575605
592 : -1.0862013436853886
593 : -1.5152796255424619
594 : 0.6244028303772211
595 : -2.2138435188680887
596 : 0.7006849693134427
597 : -1.6334262527525425
598 : -5.662342442665249
599 : -1.3443696266040206
600 : -4.398686003405601
601 : 4.058194052428007
602 : -0.6042609307914972
603 : 0.8008484072051942
604 : -1.309629732160829
605 : -4.0816793700214475
606 : 0.3447352387011051
607 : -1.4212755598127842
608 : -6.556715411134064
609 : -12.139272106811404
610 : -17.054971642326564
611 : -1.9406218882650137
612 : 5.820233264006674
613 : 5.208795166458003
614 : -1.0380868595093489
615 : -1.805783030577004
616 : -10.294848355464637
617 : -1.467843219754286
618 : -0.8697394189657643
619 : -1.4116272353567183
620 : 4.517304605571553
621 : -2.689355698414147
622 : 0.03417139872908592
623 : 2.8849678467959166
624 : -1.4506239667534828
625 : -6.9760558400303125
626 : -1.4187098871916533
627 : -10.069174556527287
628 : -1.3794602816924453
629 : -1.0522589206229895
630 : -7.583596515934914
631 : 6.79640124225989
632 : -0.8586797313764691
633 : -1.500445365672931
634 : -2.511242114007473
635 : -9.948544743005186
636 : -0.11722338083200157
637 : -1.6623937413096428
638 : 3.675149545073509
639 : -1.8037801403552294
640 : 3.5077782850712538
641 : 1.1647038413211703
642 : -0.06481822580099106
643 : -1.9738279283046722
644 : -1.6044678706675768
645 : -2.3739274139516056
646 : -1.8664565971121192
647 : -0.8701892029494047
648 : -1.5424475530162454
649 : -1.0195862837135792
650 : -27.331013860180974
651 : -1.8189225569367409
652 : 4.648317335173488
653 : -1.844743125140667
654 : 9.354806342162192
655 : -1.2895695315673947
656 : -2.093172111082822
657 : 10.104943884536624
658 : -1.2371243797242641
659 : -2.8629956520162523
660 : -4.271985760889947
661 : 2.032402900978923
662 : -1.3656780552119017
663 : 2.0026452126912773
664 : -6.018275961279869
665 : -1.5356701845303178
666 : 0.294162739533931
667 : -0.27234528958797455
668 : -1.732387780211866
669 : -0.5459704897366464
670 : 3.1603870280086994
671 : -5.42073653684929
672 : -3.7017171608749777
673 : 3.730999243725819
674 : -0.7622090131044388
675 : -0.2681905487552285
676 : -0.45965346321463585
677 : 1.1362577863037586
678 : -0.7327140474226326
679 : 0.36532669980078936
680 : -1.5700007323175669
681 : -1.313577976077795
682 : -3.257817209465429
683 : -2.38290498778224
684 : -1.095688500907272
685 : -1.73446947010234
686 : -0.6638259403407574
687 : -0.6072225039824843
688 : -8.987091194838285
689 : -1.6840687706135213
690 : -1.5723611004650593
691 : 0.8786704014055431
692 : -3.4059481965377927
693 : -1.5599493877962232
694 : 3.037768714595586
695 : -3.058861187659204
696 : -1.5246160081587732
697 : -1.5374017069116235
698 : -2.5542275812476873
699 : -3.744739616755396
700 : 4.099734221235849
701 : 0.4257342820055783
702 : -6.066242317669094
703 : -2.2926836386322975
704 : 0.3358972491696477
705 : -2.180112339556217
706 : -2.3174049900844693
707 : 0.09268439188599586
708 : -3.43073351518251
709 : -2.2047280573751777
710 : -0.7840706519782543
711 : 3.298485438339412
712 : -4.578448730055243
713 : -1.2394174812361598
714 : -1.387149406131357
715 : -3.920374646782875
716 : -1.0828053811565042
717 : 2.5207932582125068
718 : 1.3142833528108895
719 : -1.0326438834890723
720 : -1.3987529375590384
721 : -1.329693641513586
722 : -1.3566443757154047
723 : -5.444604801014066
724 : -0.9307348215952516
725 : 5.930208520963788
726 : -0.8990775039419532
727 : -4.038766453973949
728 : -5.308103244751692
729 : 3.2798662721179426
730 : 3.3588372049853206
731 : -7.6339372037909925
732 : 0.46213261038064957
733 : -12.643571373075247
734 : -13.647019114810973
735 : -2.144080936908722
736 : -0.4238044321537018
737 : 22.069180463207886
738 : -0.4172345297411084
739 : -1.0344261722639203
740 : -1.1951807970181108
741 : 1.4734477791935205
742 : -2.158729875460267
743 : -1.0392534341663122
744 : -4.7987714521586895
745 : -5.852921325713396
746 : -1.526255114004016
747 : 7.2353199403733015
748 : -0.09642804972827435
749 : -6.061009161174297
750 : -3.7540003727190197
751 : 3.1808367007179186
752 : -1.0179873061715625
753 : -3.629218531306833
754 : -1.7354232207871974
755 : -1.7496480150148273
756 : 0.8645982840098441
757 : 1.478241070639342
758 : -0.6328386873938143
759 : 7.344490189105272
760 : -1.0504395626485348
761 : -1.2916144449263811
762 : -2.281276721507311
763 : -4.498961761593819
764 : 0.7388861309736967
765 : -1.2945258803665638
766 : -1.465992134064436
767 : -2.2522226814180613
768 : -0.90423992741853
769 : 0.7391181201674044
770 : -12.580917779356241
771 : 0.8249916513450444
772 : -3.5466718724928796
773 : -4.293201722204685
774 : -5.796772882342339
775 : -1.9212691965512931
776 : -0.9728520112112164
777 : -1.4773404165171087
778 : 8.75830799061805
779 : 1.6617857837118208
780 : 3.0287571772933006
781 : -4.661493411753327
782 : 3.388403296470642
783 : -1.1231521964073181
784 : -5.769382149912417
785 : -1.5880223382264376
786 : -1.2323055476881564
787 : -1.041357475798577
788 : -0.7901918878778815
789 : 0.2063187612220645
790 : -4.4292496289126575
791 : -1.781095280777663
792 : 1.4499037954956293
793 : -0.8966872580349445
794 : -7.892844357993454
795 : 1.3916345378383994
796 : -1.957021277397871
797 : -2.8272313633933663
798 : -0.722644966095686
799 : -4.770182717591524
800 : -1.4556339760310948
801 : 2.0238205268979073
802 : -1.4134580162353814
803 : -11.956781236454844
804 : -1.4104556310921907
805 : -4.509536076337099
806 : 0.5373818408697844
807 : -1.465664580464363
808 : -0.434906336478889
809 : -0.9008293687365949
810 : -3.067314013838768
811 : 2.266291733831167
812 : -2.6016819262877107
813 : -0.9433743730187416
814 : 2.0970726404339075
815 : -0.4958825968205929
816 : -0.1785090728662908
817 : -5.229032177478075
818 : -0.9494809936732054
819 : -0.43678602296859026
820 : -0.6165268351323903
821 : -0.7790322881191969
822 : -7.847351580858231
823 : -0.9697721186093986
824 : -19.073516758158803
825 : 1.5605782154016197
826 : 1.3158160094171762
827 : -4.235716276802123
828 : -0.38886469323188066
829 : -4.564191613346338
830 : 1.0439253151416779
831 : -1.7567989900708199
Internal: JobTempAlloc has allocations that are more than 4 frames old - this is not allowed and likely a leak 
(Filename:  Line: 554)

832 : -0.9338513594120741
833 : -1.3169916088227183
834 : -0.9340635221451521
835 : 1.98739809775725
836 : 4.45045737340115
837 : 3.7798027861863375
838 : -0.33610555110499263
839 : -1.8188244849443436
840 : -0.5762535179965198
841 : -1.8461679071187973
842 : -0.8464035065844655
843 : 0.3159722271375358
844 : 1.300563764758408
845 : -2.484242788515985
846 : 0.821157087571919
847 : -3.5245746520813555
848 : -1.0096490008290857
849 : -5.950322123244405
850 : 0.834684620378539
851 : -3.897219305858016
852 : -1.748346596956253
853 : 13.034515100065619
854 : -5.030390217900276
855 : -4.607317432761192
856 : -2.078383515123278
857 : -0.9747367575764656
858 : -1.0984678459353745
859 : -2.9760739961639047
860 : -3.1900920304469764
861 : -2.8169640507549047
862 : -6.083435527980328
863 : -2.185820670798421
864 : 3.6487757936120033
865 : -0.6919598095119
866 : -0.31989241018891335
867 : -3.004330641590059
868 : 2.8452447801828384
869 : -1.6488224458880723
870 : 2.287073529791087
871 : -1.5437056538648903
872 : -1.6547243054956198
873 : -0.704334223177284
874 : 0.5910953319980763
875 : -0.5609217565506697
876 : -1.1308829514309764
877 : -0.7287982208654284
878 : -0.9722203612327576
879 : -9.417003257200122
880 : -0.5692648300901055
881 : -1.3001191443763673
882 : -0.4617851600050926
883 : -1.1082507697865367
884 : 5.692367373965681
885 : -0.12246323749423027
886 : -1.203661376843229
887 : -1.5142967556603253
888 : -18.33868309762329
889 : -1.7630380783230066
890 : -6.139813877642155
891 : 5.738344745710492
892 : -2.7416140472050756
893 : -1.5614105351269245
894 : -5.82182617962826
895 : -8.208365612663329
896 : -1.8063788125291467
897 : -1.0366950710304081
898 : -1.5429009832441807
899 : -7.8274542023427784
900 : -0.9333424270153046
901 : -4.223187388852239
902 : 2.813980296254158
903 : -3.3475025640800595
904 : 0.09096358739770949
905 : -1.160511133261025
906 : 2.7202952466905117
907 : -1.7034906223416328
908 : -2.1203827378340065
909 : -5.832433313131332
910 : 4.178106046281755
911 : -4.6434095818549395
912 : -5.187576805241406
913 : -4.578693584538996
914 : -4.66927620396018
915 : -5.1308605298399925
916 : -1.7253949139267206
917 : -4.599397359648719
918 : -1.5752279506996274
919 : 0.014941844157874584
920 : -4.270844362676144
921 : -2.6132307276129723
922 : -4.479746285243891
923 : -6.7765032281167805
924 : -2.3240980729460716
925 : -1.1495641618967056
926 : 2.155421500094235
927 : -2.378224477171898
928 : -0.9193935641087592
929 : 0.03962294524535537
930 : -9.74897863343358
931 : -3.5417348643532023
932 : -2.4514557532966137
933 : -2.0144117642194033
934 : -1.1540039647370577
935 : -1.4584179734811187
936 : -14.511583890765905
937 : -3.205776304937899
938 : -6.987505378201604
939 : 3.6617027213796973
940 : -0.9271512571722269
941 : 4.865632027387619
942 : -0.9809403256513178
943 : -1.3533313926309347
944 : 3.37816523341462
945 : -0.1806042050011456
946 : -0.6888738144189119
947 : -1.0997101883403957
948 : 4.416975994594395
949 : 12.278292143717408
950 : -10.731301622465253
951 : -0.3095633318880573
952 : -1.2958717634901404
953 : 6.555476430803537
954 : -0.9344432223588228
955 : 5.314156292937696
956 : -2.218025643378496
957 : -1.6540663605555892
958 : -1.1355707561597228
959 : -0.30284666921943426
960 : -9.960212621837854
961 : -1.356919787824154
962 : -5.529177850694396
963 : -0.9215575577691197
964 : -6.027817082591355
965 : -4.267591547686607
966 : -2.913415916264057
967 : -1.1696256482973695
968 : 1.9443424991331995
969 : -1.1011572314891964
970 : -1.3160871472209692
971 : -1.950887247454375
972 : -1.4265982508659363
973 : -6.89440301945433
974 : -3.6150524839758873
975 : -0.7839900888502598
976 : -2.5430332557298243
977 : -4.113989930134267
978 : -8.257315665250644
979 : -1.7857984956353903
980 : -0.7515927744098008
981 : -0.29927565553225577
982 : -1.7136726456228644
983 : -1.9390967963263392
984 : 0.11739774653688073
985 : -0.8093210523948073
986 : -6.8253452172502875
987 : -2.9271267727017403
988 : -2.47928764577955
989 : 22.383773350156844
990 : 3.034971359418705
991 : -0.3552819197066128
992 : -3.0858994987793267
993 : -4.60791652649641
994 : -1.26435323106125
995 : -0.8288988573476672
996 : -6.056451453478076
997 : -1.827638391405344
998 : -7.447986161336303
999 : -2.0430380180478096
Setting up 2 worker threads for Enlighten.
  Thread -> id: 7fddb2ffd700 -> priority: 1 
  Thread -> id: 7fddb27fc700 -> priority: 1 
2020-06-24 04:21:06 INFO [environment.py:418] Environment shut down with return code 0.
[I 2020-06-24 04:21:06,775] Finished trial#161 with value: -2.0430380180478096 with parameters: {'update_time_steps': 7168, 'ppo_epochs': 12, 'gamma': 0.963854852830331, 'beta': 0.059227301248063156}. Best is trial#148 with value: -6.7115356754511595.
Found path: /home/j/jensenj/PycharmProjects/Federer-Jr./src/../crawler_single/linux/dynamic_server/crawler_dynamic.x86_64
Mono path[0] = '/home/j/jensenj/PycharmProjects/Federer-Jr./src/../crawler_single/linux/dynamic_server/crawler_dynamic_Data/Managed'
Mono config path = '/home/j/jensenj/PycharmProjects/Federer-Jr./src/../crawler_single/linux/dynamic_server/crawler_dynamic_Data/MonoBleedingEdge/etc'
Preloaded 'lib_burst_generated.so'
Preloaded 'libgrpc_csharp_ext.x64.so'
Initialize engine version: 2019.3.15f1 (59ff3e03856d)
[Subsystems] Discovering subsystems at path /home/j/jensenj/PycharmProjects/Federer-Jr./src/../crawler_single/linux/dynamic_server/crawler_dynamic_Data/UnitySubsystems
Forcing GfxDevice: Null
GfxDevice: creating device client; threaded=0
NullGfxDevice:
    Version:  NULL 1.0 [1.0]
    Renderer: Null Device
    Vendor:   Unity Technologies
Begin MonoManager ReloadAssembly
- Completed reload, in  0.098 seconds
WARNING: Shader Unsupported: 'Autodesk Interactive' - All passes removed
WARNING: Shader Did you use #pragma only_renderers and omit this platform?
UnloadTime: 0.428863 ms
Fallback handler could not load library /home/j/jensenj/PycharmProjects/Federer-Jr./src/../crawler_single/linux/dynamic_server/crawler_dynamic_Data/Mono/libcoreclr.so
Fallback handler could not load library /home/j/jensenj/PycharmProjects/Federer-Jr./src/../crawler_single/linux/dynamic_server/crawler_dynamic_Data/Mono/libcoreclr.so
Fallback handler could not load library /home/j/jensenj/PycharmProjects/Federer-Jr./src/../crawler_single/linux/dynamic_server/crawler_dynamic_Data/Mono/libcoreclr.so
Fallback handler could not load library /home/j/jensenj/PycharmProjects/Federer-Jr./src/../crawler_single/linux/dynamic_server/crawler_dynamic_Data/Mono/libSystem.dylib
Fallback handler could not load library /home/j/jensenj/PycharmProjects/Federer-Jr./src/../crawler_single/linux/dynamic_server/crawler_dynamic_Data/Mono/libSystem.dylib.so
Fallback handler could not load library /home/j/jensenj/PycharmProjects/Federer-Jr./src/../crawler_single/linux/dynamic_server/crawler_dynamic_Data/Mono/libSystem.dylib
Fallback handler could not load library /home/j/jensenj/PycharmProjects/Federer-Jr./src/../crawler_single/linux/dynamic_server/crawler_dynamic_Data/Mono/libcoreclr.so
Fallback handler could not load library /home/j/jensenj/PycharmProjects/Federer-Jr./src/../crawler_single/linux/dynamic_server/crawler_dynamic_Data/Mono/libcoreclr.so
Fallback handler could not load library /home/j/jensenj/PycharmProjects/Federer-Jr./src/../crawler_single/linux/dynamic_server/crawler_dynamic_Data/Mono/libcoreclr.so
Fallback handler could not load library /home/j/jensenj/PycharmProjects/Federer-Jr./src/../crawler_single/linux/dynamic_server/crawler_dynamic_Data/Mono/libSystem.dylib
Fallback handler could not load library /home/j/jensenj/PycharmProjects/Federer-Jr./src/../crawler_single/linux/dynamic_server/crawler_dynamic_Data/Mono/libSystem.dylib.so
Fallback handler could not load library /home/j/jensenj/PycharmProjects/Federer-Jr./src/../crawler_single/linux/dynamic_server/crawler_dynamic_Data/Mono/libSystem.dylib
2020-06-24 04:21:07 INFO [environment.py:108] Connected to Unity environment with package version 1.0.2 and communication version 1.0.0
2020-06-24 04:21:07 INFO [environment.py:265] Connected new brain:
CrawlerDynamic?team=0
2020-06-24 04:21:07 WARNING [__init__.py:92] The environment contains multiple observations. You must define allow_multiple_obs=True to receive them all. Otherwise, only the first visual observation (or vector observation ifthere are no visual observations) will be provided in the observation.
{'nr_output_features': 20, 'nr_input_features': 126, 'env': <gym_unity.envs.UnityToGymWrapper object at 0x7fbe93ddbef0>, 'alpha': 0.003, 'tau': 0.95, 'clip': 0.2, 'minibatch_size': 32, 'hidden_units': 512, 'update_time_steps': 6144, 'ppo_epochs': 8, 'gamma': 0.9739434157378493, 'beta': 0.050118648443526564}
0 : -1.1950633935630322
1 : -1.1031212899833918
2 : -0.8455533944070339
3 : -2.3567184354178607
4 : -6.876488720532507
5 : -0.22619574051350355
6 : -4.969311840832233
7 : -1.398725651204586
8 : -1.2569501204416156
9 : -1.3767599388957024
10 : -1.874169192276895
11 : 2.8680477887392044
12 : -1.283996941987425
13 : -1.072737492271699
14 : -1.5141268051229417
15 : -2.0153038632124662
16 : 0.22473496245220304
17 : -1.386258989572525
18 : -1.3955709002912045
19 : -1.1560964966192842
20 : 1.6237614303827286
21 : -0.8962113112211227
22 : -0.6708548776805401
23 : -2.6987042166292667
24 : -1.330434462055564
25 : -1.4248120128177106
26 : -0.5303229559212923
27 : 0.0881798043847084
28 : -1.2055446514859796
29 : -1.277652517426759
30 : -2.2886184472590685
31 : -0.5322800688445568
32 : -0.5451055634766817
33 : -1.1935185324400663
34 : -1.4812512528151274
35 : -2.1352508338168263
36 : 2.1141974884085357
37 : -1.4991636956110597
38 : -1.5517325438559055
39 : -1.4800087003968656
40 : -3.773058739490807
41 : -1.3287774387281388
42 : -1.1930976007133722
43 : -1.8694492001086473
44 : -11.307230665814131
45 : -1.6130559034645557
46 : -0.8462037043645978
47 : 0.8492085924372077
48 : -2.1353475004434586
49 : -1.020965339615941
50 : -1.191839923383668
51 : -0.22375502064824104
52 : 13.70672784652561
53 : 4.6489871093072
54 : -1.0158198401331902
55 : -1.1736313439905643
56 : -1.2379461484961212
57 : -1.37121487618424
58 : -1.3028692505322397
59 : -3.4789054356515408
60 : -1.1483465731143951
61 : -0.9711792698362842
62 : -1.2397211734205484
63 : -1.2932571861892939
64 : -0.8452831297181547
65 : -0.3993879589252174
66 : -2.3707738746888936
67 : -2.1013305261731148
68 : -0.2519348431378603
69 : -1.2056559696793556
70 : -0.722214026376605
71 : -0.9973509544506669
72 : -1.4652024786919355
73 : 1.5394742949865758
74 : 1.1097921328619123
75 : -1.5465579582378268
76 : -1.8095791451632977
77 : -1.1846068371087313
78 : 1.812614815775305
79 : -1.4478482212871313
80 : -2.9600423455704004
81 : 6.089054233394563
82 : -0.8580388482660055
83 : -0.8055778061971068
84 : -2.004116015508771
85 : -1.0176410088315606
86 : 1.5624801783123985
87 : -1.5310322782024741
88 : -0.912698756204918
89 : -0.8202457115985453
90 : -3.319525131955743
91 : -1.5547371059656143
92 : -1.6749025769531727
93 : -2.2520823441445827
94 : -1.3780181109905243
95 : -1.5255419602617621
96 : -1.2878963057883084
97 : -1.1892946800217032
98 : -2.3879035338759422
99 : -3.2590802339836955
100 : 1.972615860402584
101 : -1.9005870576947927
102 : -0.359272968955338
103 : -1.5142393186688423
104 : 3.9783867252990603
105 : -1.6587994620203972
106 : -1.4643487494904548
107 : -0.7487666076049209
108 : -5.660807464737445
109 : -1.8442572858184576
110 : -1.385609233751893
111 : 10.807739588432014
112 : -1.2521535428240895
113 : -0.11296786135062575
114 : -0.9483448043465614
115 : -0.8686630256706849
116 : -1.1760173607617617
117 : -0.022146649658679962
118 : -2.3175967331044376
119 : -1.8091863803565502
120 : -1.355397678911686
121 : -0.7034649341367185
122 : -0.4777528438717127
123 : -0.6800539819523692
124 : -2.1620948631316423
125 : -1.624717604368925
126 : -0.9993821252137423
127 : -1.2809820966795087
128 : -1.543618069961667
129 : 0.2913876208476722
130 : -0.8594397716224194
131 : -4.9018314853310585
132 : -1.5014579026028514
133 : 0.09657698473893106
134 : 0.5355415074154735
135 : 0.03244805196300149
136 : -0.8055121935904026
137 : -4.453543433919549
138 : -0.8093006801791489
139 : -1.7390497960150242
140 : -1.1971499307546765
141 : -1.5515778912231326
142 : -1.1474652029573917
143 : -0.8842324707657099
144 : -1.213808755390346
145 : -2.0262556364759803
146 : 3.0625928894151
147 : -1.5497528589330614
148 : -7.662756107398309
149 : -1.5575064718723297
150 : 0.2915340941399336
151 : -1.4385660775005817
152 : -2.2258729566819966
153 : -3.1222863411530852
154 : -0.8529119454324245
155 : -0.4850135426968336
[W 2020-06-24 04:24:57,496] Setting status of trial#193 as TrialState.FAIL because of the following error: ValueError('array split does not result in an equal division',)
Traceback (most recent call last):
  File "/home/j/jensenj/.local/lib/python3.6/site-packages/numpy/lib/shape_base.py", line 867, in split
    len(indices_or_sections)
TypeError: object of type 'int' has no len()

During handling of the above exception, another exception occurred:

Traceback (most recent call last):
  File "/home/j/jensenj/.local/lib/python3.6/site-packages/optuna/study.py", line 734, in _run_trial
    result = func(trial)
  File "main-optuna.py", line 88, in objective
    returns = [episode(env, agent, params, writer, i) for i in range(training_episodes)]
  File "main-optuna.py", line 88, in <listcomp>
    returns = [episode(env, agent, params, writer, i) for i in range(training_episodes)]
  File "main-optuna.py", line 40, in episode
    agent.update(next_state)
  File "/home/j/jensenj/PycharmProjects/Federer-Jr./src/ppo.py", line 140, in update
    for states, actions, old_log_probs, returns, advantages in self.memory.sample_batch(self.minibatch_size, next_value):
  File "/home/j/jensenj/PycharmProjects/Federer-Jr./src/ppo.py", line 44, in sample_batch
    ids = np.split(ids, batch_size // minibatch_size)
  File "<__array_function__ internals>", line 6, in split
  File "/home/j/jensenj/.local/lib/python3.6/site-packages/numpy/lib/shape_base.py", line 873, in split
    'array split does not result in an equal division')
ValueError: array split does not result in an equal division
Traceback (most recent call last):
  File "/home/j/jensenj/.local/lib/python3.6/site-packages/numpy/lib/shape_base.py", line 867, in split
    len(indices_or_sections)
TypeError: object of type 'int' has no len()

During handling of the above exception, another exception occurred:

Traceback (most recent call last):
  File "main-optuna.py", line 103, in <module>
    study.optimize(objective, n_trials=1000)
  File "/home/j/jensenj/.local/lib/python3.6/site-packages/optuna/study.py", line 339, in optimize
    func, n_trials, timeout, catch, callbacks, gc_after_trial, None
  File "/home/j/jensenj/.local/lib/python3.6/site-packages/optuna/study.py", line 682, in _optimize_sequential
    self._run_trial_and_callbacks(func, catch, callbacks, gc_after_trial)
  File "/home/j/jensenj/.local/lib/python3.6/site-packages/optuna/study.py", line 713, in _run_trial_and_callbacks
    trial = self._run_trial(func, catch, gc_after_trial)
  File "/home/j/jensenj/.local/lib/python3.6/site-packages/optuna/study.py", line 734, in _run_trial
    result = func(trial)
  File "main-optuna.py", line 88, in objective
    returns = [episode(env, agent, params, writer, i) for i in range(training_episodes)]
  File "main-optuna.py", line 88, in <listcomp>
    returns = [episode(env, agent, params, writer, i) for i in range(training_episodes)]
  File "main-optuna.py", line 40, in episode
    agent.update(next_state)
  File "/home/j/jensenj/PycharmProjects/Federer-Jr./src/ppo.py", line 140, in update
    for states, actions, old_log_probs, returns, advantages in self.memory.sample_batch(self.minibatch_size, next_value):
  File "/home/j/jensenj/PycharmProjects/Federer-Jr./src/ppo.py", line 44, in sample_batch
    ids = np.split(ids, batch_size // minibatch_size)
  File "<__array_function__ internals>", line 6, in split
  File "/home/j/jensenj/.local/lib/python3.6/site-packages/numpy/lib/shape_base.py", line 873, in split
    'array split does not result in an equal division')
ValueError: array split does not result in an equal division
Setting up 2 worker threads for Enlighten.
  Thread -> id: 7f71d5397700 -> priority: 1 
  Thread -> id: 7f71d4b96700 -> priority: 1 
2020-06-24 04:24:57 INFO [environment.py:418] Environment shut down with return code 0.
