slurmstepd-schlierach: error: Unable to create TMPDIR [/tmp/user/30108]: Permission denied
slurmstepd-schlierach: error: Setting TMPDIR to /tmp
Found path: /home/j/jensenj/PycharmProjects/Federer-Jr./src/../crawler_single/linux/dynamic_server/crawler_dynamic.x86_64
Mono path[0] = '/home/j/jensenj/PycharmProjects/Federer-Jr./src/../crawler_single/linux/dynamic_server/crawler_dynamic_Data/Managed'
Mono config path = '/home/j/jensenj/PycharmProjects/Federer-Jr./src/../crawler_single/linux/dynamic_server/crawler_dynamic_Data/MonoBleedingEdge/etc'
Preloaded 'lib_burst_generated.so'
Preloaded 'libgrpc_csharp_ext.x64.so'
Initialize engine version: 2019.3.15f1 (59ff3e03856d)
[Subsystems] Discovering subsystems at path /home/j/jensenj/PycharmProjects/Federer-Jr./src/../crawler_single/linux/dynamic_server/crawler_dynamic_Data/UnitySubsystems
Forcing GfxDevice: Null
GfxDevice: creating device client; threaded=0
NullGfxDevice:
    Version:  NULL 1.0 [1.0]
    Renderer: Null Device
    Vendor:   Unity Technologies
Begin MonoManager ReloadAssembly
- Completed reload, in  0.214 seconds
WARNING: Shader Unsupported: 'Autodesk Interactive' - All passes removed
WARNING: Shader Did you use #pragma only_renderers and omit this platform?
UnloadTime: 0.431766 ms
Fallback handler could not load library /home/j/jensenj/PycharmProjects/Federer-Jr./src/../crawler_single/linux/dynamic_server/crawler_dynamic_Data/Mono/libcoreclr.so
Fallback handler could not load library /home/j/jensenj/PycharmProjects/Federer-Jr./src/../crawler_single/linux/dynamic_server/crawler_dynamic_Data/Mono/libcoreclr.so
Fallback handler could not load library /home/j/jensenj/PycharmProjects/Federer-Jr./src/../crawler_single/linux/dynamic_server/crawler_dynamic_Data/Mono/libcoreclr.so
Fallback handler could not load library /home/j/jensenj/PycharmProjects/Federer-Jr./src/../crawler_single/linux/dynamic_server/crawler_dynamic_Data/Mono/libSystem.dylib
Fallback handler could not load library /home/j/jensenj/PycharmProjects/Federer-Jr./src/../crawler_single/linux/dynamic_server/crawler_dynamic_Data/Mono/libSystem.dylib.so
Fallback handler could not load library /home/j/jensenj/PycharmProjects/Federer-Jr./src/../crawler_single/linux/dynamic_server/crawler_dynamic_Data/Mono/libSystem.dylib
Fallback handler could not load library /home/j/jensenj/PycharmProjects/Federer-Jr./src/../crawler_single/linux/dynamic_server/crawler_dynamic_Data/Mono/libcoreclr.so
Fallback handler could not load library /home/j/jensenj/PycharmProjects/Federer-Jr./src/../crawler_single/linux/dynamic_server/crawler_dynamic_Data/Mono/libcoreclr.so
Fallback handler could not load library /home/j/jensenj/PycharmProjects/Federer-Jr./src/../crawler_single/linux/dynamic_server/crawler_dynamic_Data/Mono/libcoreclr.so
Fallback handler could not load library /home/j/jensenj/PycharmProjects/Federer-Jr./src/../crawler_single/linux/dynamic_server/crawler_dynamic_Data/Mono/libSystem.dylib
Fallback handler could not load library /home/j/jensenj/PycharmProjects/Federer-Jr./src/../crawler_single/linux/dynamic_server/crawler_dynamic_Data/Mono/libSystem.dylib.so
Fallback handler could not load library /home/j/jensenj/PycharmProjects/Federer-Jr./src/../crawler_single/linux/dynamic_server/crawler_dynamic_Data/Mono/libSystem.dylib
/home/j/jensenj/.local/lib/python3.6/site-packages/tensorboard/compat/tensorflow_stub/dtypes.py:541: FutureWarning: Passing (type, 1) or '1type' as a synonym of type is deprecated; in a future version of numpy, it will be understood as (type, (1,)) / '(1,)type'.
  _np_qint8 = np.dtype([("qint8", np.int8, 1)])
/home/j/jensenj/.local/lib/python3.6/site-packages/tensorboard/compat/tensorflow_stub/dtypes.py:542: FutureWarning: Passing (type, 1) or '1type' as a synonym of type is deprecated; in a future version of numpy, it will be understood as (type, (1,)) / '(1,)type'.
  _np_quint8 = np.dtype([("quint8", np.uint8, 1)])
/home/j/jensenj/.local/lib/python3.6/site-packages/tensorboard/compat/tensorflow_stub/dtypes.py:543: FutureWarning: Passing (type, 1) or '1type' as a synonym of type is deprecated; in a future version of numpy, it will be understood as (type, (1,)) / '(1,)type'.
  _np_qint16 = np.dtype([("qint16", np.int16, 1)])
/home/j/jensenj/.local/lib/python3.6/site-packages/tensorboard/compat/tensorflow_stub/dtypes.py:544: FutureWarning: Passing (type, 1) or '1type' as a synonym of type is deprecated; in a future version of numpy, it will be understood as (type, (1,)) / '(1,)type'.
  _np_quint16 = np.dtype([("quint16", np.uint16, 1)])
/home/j/jensenj/.local/lib/python3.6/site-packages/tensorboard/compat/tensorflow_stub/dtypes.py:545: FutureWarning: Passing (type, 1) or '1type' as a synonym of type is deprecated; in a future version of numpy, it will be understood as (type, (1,)) / '(1,)type'.
  _np_qint32 = np.dtype([("qint32", np.int32, 1)])
/home/j/jensenj/.local/lib/python3.6/site-packages/tensorboard/compat/tensorflow_stub/dtypes.py:550: FutureWarning: Passing (type, 1) or '1type' as a synonym of type is deprecated; in a future version of numpy, it will be understood as (type, (1,)) / '(1,)type'.
  np_resource = np.dtype([("resource", np.ubyte, 1)])
2020-06-24 03:42:36 INFO [environment.py:108] Connected to Unity environment with package version 1.0.2 and communication version 1.0.0
2020-06-24 03:42:36 INFO [environment.py:265] Connected new brain:
CrawlerDynamic?team=0
2020-06-24 03:42:36 WARNING [__init__.py:92] The environment contains multiple observations. You must define allow_multiple_obs=True to receive them all. Otherwise, only the first visual observation (or vector observation ifthere are no visual observations) will be provided in the observation.
/home/j/jensenj/.local/lib/python3.6/site-packages/gym/logger.py:30: UserWarning: WARN: Box bound precision lowered by casting to float32
  warnings.warn(colorize('%s: %s'%('WARN', msg % args), 'yellow'))
{'nr_output_features': 20, 'nr_input_features': 126, 'env': <gym_unity.envs.UnityToGymWrapper object at 0x7f471c8bef60>, 'alpha': 0.003, 'tau': 0.95, 'clip': 0.2, 'minibatch_size': 32, 'hidden_units': 512, 'update_time_steps': 7168, 'ppo_epochs': 12, 'gamma': 0.9626918178295697, 'beta': 0.05963685699715719}
0 : -1.500248096883297
1 : -0.5190155905438587
2 : -0.37351143825799227
3 : -1.220511997351423
4 : 5.121749910758808
5 : -1.1141728395596147
6 : -0.9076446937397122
7 : -0.4785395064391196
8 : -0.9078722791746259
9 : -0.969388781581074
10 : -1.5943632274866104
11 : -2.1950636208057404
12 : -0.280453085899353
13 : 1.4405967481434345
14 : -5.108025077264756
15 : -2.098534082993865
16 : -0.5395564157515764
17 : -1.969355583190918
18 : -1.1049802331253886
19 : -7.138045493513346
20 : -1.1694629557896405
21 : -1.3609348647296429
22 : -0.22627087961882353
23 : -1.0570587306283414
24 : -0.23010654421523213
25 : -6.588702560402453
26 : -1.2774055302143097
27 : -1.9297935287468135
28 : -0.23527278238907456
29 : -2.3092635641805828
30 : -1.5860105827450752
31 : -3.5354703217744827
32 : 2.8356790710240602
33 : 1.0667900182306767
34 : 5.895156129263341
35 : -1.437076423317194
36 : -0.9413565639406443
37 : 1.0819626259617507
38 : -1.5379877700470388
39 : -1.5536959823220968
40 : 1.522420471534133
41 : 2.6661758609116077
42 : -0.6672556255944073
43 : -0.8442063676193357
44 : -3.4245459081139416
45 : -0.08785767899826169
46 : -0.8629906075075269
47 : -0.7580094709992409
48 : -0.5870144963264465
49 : 3.7660081814974546
50 : -0.7263816939666867
51 : -1.353344401344657
52 : -2.161663359031081
53 : 4.971302969381213
54 : -0.9794896193780005
55 : -0.7209183136001229
56 : -1.6088566649705172
57 : 3.2147259041666985
58 : -2.939915345981717
59 : 0.9848251470830292
60 : -1.0857798899523914
61 : -1.1809988571330905
62 : -1.0882579232566059
63 : -1.6694366000592709
64 : 1.8714561853557825
65 : -0.31794934906065464
66 : 0.04668265813961625
67 : -1.2292166538536549
68 : -2.6182140111923218
69 : -0.06696665287017822
70 : 1.3250758275389671
71 : -0.3109901612624526
72 : -0.7461618268862367
73 : -10.404074685648084
74 : -2.7306422851979733
75 : -1.5346399823902175
76 : -0.8409199668094516
77 : -1.2204955890774727
78 : -1.3331244261935353
79 : -1.2130837310105562
80 : 3.030807153787464
81 : -1.307195832952857
82 : -1.5023043490946293
83 : -1.7706975787878036
84 : -0.7835665177553892
85 : -0.900254487991333
86 : -0.7369335247203708
87 : -1.7295540422201157
88 : -1.048977943137288
89 : -0.8990408736281097
90 : -1.0725669604726136
91 : -3.8259509527124465
92 : -1.9740797560662031
93 : -1.3872018200345337
94 : 3.8029538840055466
95 : -1.7812893074005842
96 : 1.2694677216932178
97 : -1.129899070598185
98 : -1.6989809889346361
99 : -1.8086468310793862
100 : -1.3976482464931905
101 : 4.460986177902669
102 : -1.0000763069838285
103 : -1.985412492416799
104 : 2.45344334281981
105 : -1.497655521146953
106 : -1.1327215945348144
107 : 0.5095945410430431
108 : -1.889862209558487
109 : -0.33319826051592827
110 : -5.202127606142312
111 : -1.3523546573705971
112 : -10.689883230254054
113 : -1.4208617596887052
114 : -0.7235751934349537
115 : -1.420442040078342
116 : -0.2996595734730363
117 : -2.0112127100583166
118 : -0.5556654706597328
119 : -1.4766302099451423
120 : -1.0132664476986974
121 : -1.5834473185241222
122 : -2.730400389060378
123 : -1.493655499536544
124 : -2.2948849201202393
125 : -3.1994244027882814
126 : 1.7017864272929728
127 : -1.4934206022880971
128 : -1.4226388516835868
129 : -2.0073436736129224
130 : -0.362638880382292
131 : -0.9919563415460289
132 : 4.758818163536489
133 : -2.4057486166711897
134 : -2.2148234518244863
135 : -1.0223329039290547
136 : 0.009427066892385483
137 : -0.9307341054081917
138 : -0.7818409926258028
139 : -1.4243762455880642
140 : -0.4879783857613802
141 : -2.3041414874605834
142 : -0.07677184138447046
143 : -1.231220355257392
144 : -2.056850414723158
145 : -3.0766189130954444
146 : -1.9743781900033355
147 : -3.498501069843769
148 : -1.0293781077489257
149 : -2.864247923018411
150 : 0.4293336789123714
151 : -1.579053696244955
152 : -2.462203877978027
153 : -3.0690878108143806
154 : -0.3274354264140129
155 : -1.6276831440627575
156 : -1.2825057971058413
157 : 6.793096353765577
158 : -2.1991736330091953
159 : -2.3920611646026373
160 : -3.027600788976997
161 : 0.8515614219941199
162 : -0.5741332313045859
163 : -0.927938902634196
164 : -1.7225312935188413
165 : -4.175096849910915
166 : -1.5951309772208333
167 : -0.8237506309524179
168 : -2.236667886376381
169 : -3.125192799605429
170 : -1.1645197361940518
171 : -1.113720590248704
172 : -1.0182953183539212
173 : -1.4927783468738198
174 : -9.650602512992918
175 : -1.5964686246588826
176 : -1.0374305015429854
177 : -0.8119496162980795
178 : -1.719569854438305
179 : -1.4081084039062262
180 : -2.837845637463033
181 : -1.3417978752404451
182 : -1.1725791599601507
183 : -1.611990130506456
184 : -1.143252046778798
185 : -1.1562397084198892
186 : 4.282900663092732
187 : -1.489271861501038
188 : -1.9027726990170777
189 : -2.179796900600195
190 : -1.4122509136795998
191 : -0.8946435917168856
192 : -1.4948434587568045
193 : -3.4519318528473377
194 : -1.5658841505646706
195 : -1.57736003305763
196 : -1.305331364274025
197 : -1.4199505615979433
198 : -5.481808245182037
199 : -1.9468129333108664
200 : -0.9556513985153288
201 : -1.5108423540368676
202 : -0.37450344953686
203 : -1.0077680200338364
204 : 2.75873214378953
205 : -1.6017862427979708
206 : -0.980251656845212
207 : -1.2996132825501263
208 : -0.9355566781014204
209 : -1.1452819174155593
210 : -1.0475269514136016
211 : -1.023175420705229
212 : -1.1351864784955978
213 : -1.2179980780929327
214 : -1.9068397730588913
215 : -2.1651210538111627
216 : -1.9859466063790023
217 : -2.017884422559291
218 : -1.2962286343681626
219 : -0.09336262801662087
220 : -1.0943193696439266
221 : -0.7645088005810976
222 : -1.4019233034923673
223 : -3.2502153567038476
224 : -1.9546501925215125
225 : 0.6838245783001184
226 : -1.555800748988986
227 : -1.3434855272062123
228 : -1.8759703151881695
229 : 0.1732589431339875
230 : -1.5896207839250565
231 : 0.6182288620620966
232 : -1.0638769250363111
233 : -1.3112187143415213
234 : -1.0803879238665104
235 : -1.0949303212109953
236 : -1.1633035326376557
237 : -3.254912607371807
238 : -1.7396979327313602
239 : -0.5571149981115013
240 : -0.3439005920663476
241 : -3.754834279883653
242 : -1.0839444338344038
243 : -1.3658891301602125
244 : -1.6272447407245636
245 : -1.1088522411882877
246 : -2.4155961044016294
247 : 0.8532965453341603
248 : -1.2364675551652908
249 : -1.1912402575835586
250 : -11.448166504502296
251 : -1.7338392548263073
252 : -1.4232930527068675
253 : -4.015349086374044
254 : -5.978529440239072
255 : -1.2741386909037828
256 : -1.0579277453944087
257 : -1.4506419878453016
258 : -0.9604925196617842
259 : -1.1890885382890701
260 : -0.7980316583998501
261 : -0.9445810411125422
262 : -1.2770415665581822
263 : -0.7082515610381961
264 : -0.7939408021047711
265 : -1.3694473467767239
266 : -1.0958204474300146
267 : -1.0051710167899728
268 : -2.157029464142397
269 : 0.5281865184661001
270 : -2.396312225726433
271 : -2.090509954839945
272 : -1.1396411722525954
273 : -2.586581578012556
274 : -1.452106560813263
275 : -0.8486358122900128
276 : -1.7454454638063908
277 : -0.9519926933571696
278 : 3.723384892567992
279 : -0.8775994870811701
280 : -0.7839752584695816
281 : 2.0429440210573375
282 : 2.2534200858790427
283 : -0.8510158169083297
284 : -3.2021662294864655
285 : -2.1360149309039116
286 : 1.9861481748521328
287 : 1.9298763410188258
288 : -1.6613179743289948
289 : -0.8734498287085444
290 : -1.6842425032518804
291 : -2.20489195920527
292 : -2.285542631521821
293 : -0.04030149523168802
294 : -1.7796877170912921
295 : 2.3114053662866354
296 : -1.787267068400979
297 : -4.718779864721
298 : -1.6413200367242098
299 : -0.9323528185486794
300 : 0.740588990971446
301 : -1.5523244999349117
302 : -2.251070262864232
303 : -1.1701130038127303
304 : -1.0148723032325506
305 : 3.848426369484514
306 : -0.8087785956449807
307 : -1.1881673596799374
308 : -9.898813128471375
309 : -0.6712928638444282
310 : -1.1317036915570498
311 : -1.6626131343655288
312 : -1.8540738197043538
313 : -1.6444728625938296
314 : -1.7501991484314203
315 : -0.4784041366074234
316 : -0.9676756737753749
317 : -1.165197564754635
318 : -1.3050151312490925
319 : -4.563149286434054
320 : 3.569549801759422
321 : -1.6863015666604042
322 : -1.463162761181593
323 : -1.8052052110433578
324 : -1.551716074347496
325 : -2.61361138895154
326 : -0.8906763917766511
327 : -1.6619743858464062
328 : -0.6173112001270056
329 : -1.9263001708313823
330 : -1.0196756010409445
331 : -1.0951934047043324
332 : -2.9614813360385597
333 : -1.2012474481016397
334 : 1.7179354233667254
335 : -1.8149901013821363
336 : -1.1522447732277215
337 : 12.639084001770243
338 : -1.0908108046278358
339 : -4.3511060466989875
340 : -3.3479063604027033
341 : -1.4756119512021542
342 : -0.7458063969388604
343 : -0.22334845818113536
344 : -1.3046125266700983
345 : -1.6994678005576134
346 : -3.5836789906024933
347 : -1.1407725969329476
348 : -16.827120474539697
349 : -6.053328556008637
350 : -0.9667533822357655
351 : -0.5897975682746619
352 : -0.668882206780836
353 : -1.8957952167838812
354 : -1.6306594195775688
355 : -1.7073604259639978
356 : 4.053895343095064
357 : -1.0464911619201303
358 : 2.9178888192400336
359 : -1.6265848209150136
360 : -1.5145585341379046
361 : -1.050755157135427
362 : -0.5639783628284931
363 : -1.2021860470995307
364 : -1.4031357821077108
365 : -1.9664839268662035
366 : 7.2196123180910945
367 : 1.5129198270151392
368 : 0.5596156064420938
369 : -0.3333922033198178
370 : -1.9435406867414713
371 : -10.073033729218878
372 : -1.3427532743662596
373 : -1.5215344540774822
374 : -2.3098740354180336
375 : -0.8694872800260782
376 : -1.0533450026996434
377 : -0.6333110118284822
378 : 0.8971070349216461
379 : -1.3187000937759876
380 : 0.5127627262845635
381 : -0.6988826747983694
382 : -1.7244436256587505
383 : -0.38691513054072857
384 : -6.42031728848815
385 : -0.8609118545427918
386 : -2.361759938299656
387 : -1.2447376023046672
388 : -1.5084791518747807
389 : -2.3751023411750793
390 : -1.886545492336154
391 : -1.3625030675902963
392 : -0.9121678918600082
393 : -7.2775769229047
394 : 6.081621778663248
395 : -1.2369886143133044
396 : -13.721925111487508
397 : -6.2579687386751175
398 : -3.0573858125135303
399 : -1.8963123969733715
400 : -0.8850971544161439
401 : 0.6379103763028979
402 : 1.7059328071773052
403 : -0.3431509924121201
404 : -1.6849812967702746
405 : -0.2683223355561495
406 : -1.5392421027645469
407 : -1.198153083678335
408 : -1.5289293639361858
409 : -0.6767060314305127
410 : -3.9837040826678276
411 : -1.6227614060044289
412 : -1.685530440416187
413 : -1.0516969026066363
414 : -1.4422511137090623
415 : -1.9150148928165436
416 : -1.7114151678979397
417 : -1.9288030387833714
418 : -0.5159978056326509
419 : -0.9645322593860328
420 : 1.024437717103865
421 : -1.042671320028603
422 : -4.035603526746854
423 : -0.927058095112443
424 : -1.7480857325717807
425 : -1.5454086819663644
426 : -3.1958300000987947
427 : 5.826343713328242
428 : -1.124682397581637
429 : -9.297987123951316
430 : -0.3269544658251107
431 : 2.5688869366422296
432 : -0.735579076455906
433 : -1.7559347040951252
434 : 0.7440289119258523
435 : 0.9937566053122282
436 : -0.9736224645748734
437 : -1.3145331107079983
438 : 0.1552414959296584
439 : 2.340361839160323
440 : -6.308358358684927
441 : -1.1532574403099716
442 : -2.4796251603402197
443 : -9.264693479984999
444 : -1.0676823537796736
445 : -8.180627522058785
446 : -2.121989093720913
447 : -1.6714029358699918
448 : -1.4317475268617272
449 : -20.591359129175544
450 : -1.5843007368966937
451 : -3.082052094861865
452 : 12.47503612935543
453 : -4.402519864030182
454 : -10.075684230774641
455 : -1.519018217921257
456 : -2.352321325801313
457 : -1.1388366767205298
458 : 1.8281333670020103
459 : -0.17945593409240246
460 : 0.20866901241242886
461 : 1.4037080900743604
462 : -1.5916379243135452
463 : -1.0201504188589752
464 : -1.2187037742696702
465 : -1.1077469675801694
466 : 2.3753434298560023
467 : -0.5865579079836607
468 : -1.3804327212274075
469 : -19.19900282472372
470 : -1.6902149356901646
471 : -1.4151991121470928
472 : 3.767010446637869
473 : 0.43292823201045394
474 : 0.028222322463989258
475 : -1.535281855147332
476 : 2.49080466106534
477 : -2.6273450385779142
478 : -0.7538524325937033
479 : -1.491079904139042
480 : -1.0871257074177265
481 : -1.5250513534992933
482 : -1.0300623993389308
483 : -0.9476268023718148
484 : 2.0266259438358247
485 : 1.3936443468555808
486 : -0.9067131706979126
487 : -1.0322549785487354
488 : -1.72694400139153
489 : -10.904039653018117
490 : -1.6507797380909324
491 : -1.407775993924588
492 : -7.60353721678257
493 : -2.4777995347976685
494 : 4.003886327147484
495 : -1.6937453113496304
496 : -3.889542182907462
497 : 5.28579633962363
498 : -5.084825791884214
499 : -1.2453610603697598
500 : 2.8852298757992685
501 : -1.5784560954198241
502 : -1.229316043201834
503 : -1.491747995838523
504 : -16.915741403587162
505 : -3.4545422876253724
506 : -2.6359765976667404
507 : 8.957101454492658
508 : -2.167783887591213
509 : 5.813198773190379
510 : 6.236944047734141
511 : -0.5633670263923705
512 : 6.144408638589084
513 : 1.5675436174497008
514 : 0.007671031169593334
515 : 0.016365857794880867
516 : -2.5994660556316376
517 : 1.6594178532250226
518 : 2.913899284787476
519 : -2.235207431949675
520 : -5.2488141637295485
521 : -1.4682614412158728
522 : -1.9583818260580301
523 : -0.290393590927124
524 : -0.7675166735425591
525 : -1.2764652222394943
526 : 4.1988447131589055
527 : 0.6406726539134979
528 : -1.3625701069831848
529 : -0.9146189577877522
530 : 0.11861970648169518
531 : -1.1875933303963393
532 : 0.9064499326050282
533 : 22.78161858394742
534 : -1.4201295794919133
535 : -1.357646904885769
536 : -2.2589967660605907
537 : 1.3365076519548893
538 : -0.7665584026835859
539 : -3.496305044973269
540 : -2.5047627757303417
541 : -4.985567036550492
542 : -7.946326231583953
543 : -1.4819501950405538
544 : 5.308013272238895
545 : -3.6223812226671726
546 : -3.373759818263352
547 : -7.094378820154816
548 : 5.158223924227059
549 : 1.369181077927351
550 : -1.0015696082264185
551 : 1.1162300910800695
552 : -4.774518569931388
553 : -1.2123163999058306
554 : 0.12731064669787884
555 : -2.0042623467743397
556 : -1.0761757800355554
557 : -1.7953574135899544
558 : -4.031075998209417
559 : -1.6270010613952763
560 : -1.3080199151299894
561 : -1.6443146606907248
562 : -2.02012749761343
563 : -1.636356420814991
564 : -7.016539200209081
565 : -0.6450225259177387
566 : -0.6022509406320751
567 : -7.064468834549189
568 : -1.2842811453156173
569 : -0.9425705268513411
570 : -1.2496851617470384
571 : -1.1238200293155387
572 : -1.435212105512619
573 : -0.8314868025481701
574 : 1.8004423598758876
575 : -2.482716849539429
576 : 0.9733444461598992
577 : 1.416468613781035
578 : 0.6399862132966518
579 : -0.6215536538511515
580 : -1.7145997434854507
581 : -14.230418649502099
582 : -1.2429773174226284
583 : -0.7848856458440423
584 : -1.7264619935303926
585 : -1.4587513115257025
586 : -1.7091400637291372
587 : -1.1684400411322713
588 : -1.6851124875247478
589 : -1.150132833281532
590 : -2.2402604962699115
591 : 0.49166633654385805
592 : -1.5498771406710148
593 : 3.9645701814442873
594 : -0.20855807489715517
595 : 1.0055488711223006
596 : -1.7226953962817788
597 : -3.2149052433669567
598 : -2.2848945148289204
599 : -0.9263708682265133
600 : -0.9164274446666241
601 : -1.151165321469307
602 : -1.1478058784268796
603 : -1.3023682278580964
604 : -1.9431239571422338
605 : -1.3673955760896206
606 : -1.8957406035624444
607 : -7.363781072199345
608 : -2.9061703104525805
609 : -8.653512654593214
610 : -5.985448904335499
611 : -1.1254633255302906
612 : 2.3400499671697617
613 : 0.9459431879222393
614 : -3.2911453060805798
615 : -1.996276527759619
616 : -0.9457217927556485
617 : -1.6375563368201256
618 : -0.7036276459693909
619 : -0.32815677393227816
620 : -0.21634536003693938
621 : -1.5968539267778397
622 : -0.6496837921440601
623 : -1.524977401830256
624 : -2.2945391088724136
625 : -1.2119922330603004
626 : -1.1680864822119474
627 : 5.7906015468761325
628 : -1.8063897478859872
629 : -0.9146326025947928
630 : -2.503920132294297
631 : -2.246469095349312
632 : -0.2205525804311037
633 : -5.481454356806353
634 : -1.5118340663611889
635 : -1.027486986713484
636 : -2.9675625041127205
637 : -0.9425010783597827
638 : -3.5657729851081967
639 : 0.017365356907248497
640 : 1.9248481234535575
641 : -1.3421580456197262
642 : -1.1931895902380347
643 : -4.778162595815957
644 : -2.1150065045803785
645 : -0.6387908384203911
646 : -1.6478598602116108
647 : -0.08373860036954284
648 : -2.5005539134144783
649 : -2.3581678587943316
650 : -1.323479929473251
651 : -2.168382516130805
652 : -1.9516986832022667
653 : 1.606699975207448
654 : -2.5782875921577215
655 : -1.3718853639438748
656 : 0.18025341723114252
657 : 13.16755958693102
658 : -1.6945268074050546
659 : -1.196951588615775
660 : -4.161843938753009
661 : 3.575896894559264
662 : -1.458779891487211
663 : -1.3355466267094016
664 : -1.6747375610284507
665 : -0.767950321547687
666 : -0.8756899097934365
667 : -1.579906852915883
668 : -14.869547000154853
669 : -1.1476481538265944
670 : -3.654072676319629
671 : 1.149500718107447
672 : -0.8709371136501431
673 : -1.1507719061337411
674 : 3.7036581952124834
675 : -9.807541162706912
676 : -0.7802533684298396
677 : -2.863053247332573
678 : -0.5881704548373818
679 : -1.839506410062313
680 : 0.5949140079319477
681 : -1.140881427563727
682 : -1.9710354441776872
683 : 0.21880953526124358
684 : 4.319484943524003
685 : -0.940816538175568
686 : -1.5307229943573475
687 : -1.0913533554412425
688 : -1.149966448545456
689 : -3.7136519458144903
690 : -0.35684189293533564
691 : -1.4978598803281784
692 : -0.252405887003988
693 : -2.926278392318636
694 : -1.228013358078897
695 : 3.27115835249424
696 : 2.8970629051327705
697 : -3.410100432112813
698 : -0.9847347233444452
699 : -0.39057371532544494
700 : 2.201390919275582
701 : 1.031759625300765
702 : -1.6899605672806501
703 : -1.5240922723896801
704 : 3.3750907871872187
705 : 5.9674732009880245
706 : -1.0074430648237467
707 : -4.485373730771244
708 : -0.6667856648564339
709 : -0.9412126406095922
710 : -1.255752939498052
711 : -1.3134024403989315
712 : -1.7172483745962381
713 : 2.8249702425673604
714 : -1.9637298807501793
715 : -7.902869486948475
716 : -0.36743957409635186
717 : 0.7965994952246547
718 : -1.7847050707787275
719 : -1.2987466091290116
720 : -1.4855475760996342
721 : -2.481620490550995
722 : -1.3228913929779083
723 : -2.4948213193565607
724 : -0.20759160886518657
725 : -1.4685820024460554
726 : -0.7274412401020527
727 : -1.253803662955761
728 : -1.1291432129219174
729 : -1.2379111328627914
730 : -1.5288836993277073
731 : -1.6684173413086683
732 : -1.2410072637721896
733 : -1.0977518828585744
734 : -2.5789936748333275
735 : -2.1869409936480224
736 : -0.35718577541410923
737 : 1.8937722938135266
738 : -2.8854625169187784
739 : -1.453460294753313
740 : -0.8924004230648279
741 : -1.4790146965533495
742 : -1.198745152913034
743 : -1.373010610230267
744 : -1.7416771598509513
745 : -1.0409119166433811
746 : -1.37503872346133
747 : 3.121773134917021
748 : -7.3694937319960445
749 : -5.723490415140986
750 : 2.4037433387711644
751 : -1.0176929170265794
752 : 5.550909776240587
753 : -0.573982024914585
754 : 1.1657376550137997
755 : -6.34304413641803
756 : -2.6754619628190994
757 : -0.6055154232308269
758 : 1.3654055800288916
759 : -1.4104601852595806
760 : -1.438570779748261
761 : 13.414497645571828
762 : -1.8654460115358233
763 : -0.9527906393632293
764 : -5.679915023036301
765 : 2.397475447040051
766 : -0.8674789816141129
767 : -0.9378486671485007
768 : -5.053764529526234
769 : -1.2905422057956457
770 : 3.630643735639751
771 : -4.911061464576051
772 : -3.1070187957957387
773 : -4.979042616672814
774 : 0.07649111468344927
775 : -0.8857214404270053
776 : -1.0314230020157993
777 : -1.9662791676819324
778 : -1.3513507721945643
779 : -1.1269977055490017
780 : -0.9085381999611855
781 : -1.2293101893737912
782 : -0.8691907851025462
783 : 0.8458424122072756
784 : 0.8733523832634091
785 : -2.069157271645963
786 : -5.195865492336452
787 : 3.64104123134166
788 : -0.36707563884556293
789 : -9.81438768748194
790 : -4.957219887524843
791 : 0.44436705159023404
792 : -7.251390996389091
793 : -0.7025004802271724
794 : -1.834233244881034
795 : 4.051481298170984
796 : -0.5341179599054158
797 : 0.015478540677577257
798 : -1.5172234256751835
799 : -3.0236643105745316
800 : 0.08004163950681686
801 : -1.6885159243829548
802 : -1.4299530163407326
803 : -1.4093351461924613
804 : -1.3087038733065128
805 : -1.1420279797166586
806 : -1.7672867975197732
807 : 6.052785698324442
808 : -4.199655683594756
809 : -2.3829824198037386
810 : 0.6889576567336917
811 : -1.192846345482394
812 : -0.45532653015106916
813 : -1.7064169272780418
814 : -0.860805494710803
815 : -0.9766621738672256
816 : -3.486029101535678
817 : -3.243289278820157
818 : -0.8834675420075655
819 : -0.7407561386935413
820 : 1.9909180514514446
821 : -3.967423442751169
822 : -1.3974176314659417
823 : -2.124094072729349
824 : -1.2427605129778385
825 : 10.734230478061363
826 : -0.6540428176522255
827 : -0.7652164287865162
828 : -1.1255752425640821
829 : -12.326995460316539
830 : -7.246116295456886
831 : -1.122462633997202
832 : 5.499411724507809
833 : -1.2853817513678223
834 : -1.037499071098864
835 : -4.355930352583528
836 : -1.6079922253265977
837 : -5.487154523842037
838 : -0.7961211916990578
839 : -0.35523533215746284
840 : -4.048935931175947
841 : -0.8812959529459476
842 : 3.2491265004500747
843 : 5.906674961093813
844 : -0.8844166249036789
845 : -1.1460485965944827
846 : -0.9913123063743114
847 : -8.410177307203412
848 : 5.351692912168801
849 : -1.0240298807621002
850 : 1.8612904818728566
851 : -2.0231862142682076
852 : -1.7693231492303312
853 : -6.434885743074119
854 : -0.9511146368458867
855 : -2.4364589247852564
856 : -1.677495812997222
857 : 0.40179974073544145
858 : 5.999163924716413
859 : 0.059605414513498545
860 : -1.703890161588788
861 : 1.1654225212987512
862 : -3.1141339116729796
863 : -3.5866143624298275
864 : -1.7547227004542947
865 : -0.5445885974913836
866 : -1.484278293326497
867 : -2.284358279313892
868 : 6.062609524000436
869 : -0.8990343082696199
870 : -0.9487379817292094
871 : -1.264931476674974
872 : -0.9496393408626318
873 : -1.5628462173044682
874 : 1.5476947668939829
875 : -8.491543862968683
876 : -0.47869769018143415
877 : -4.380919909570366
878 : -1.5603557480499148
879 : -1.6976137468591332
880 : -1.7024077428504825
881 : -0.5466045173816383
882 : -1.217800211161375
883 : -0.04775798413902521
884 : -1.0346012935042381
885 : 1.5827561188489199
886 : -0.9044321766123176
887 : -1.1826605070382357
888 : 0.9787978632375598
889 : -2.0468422323465347
890 : 2.6211265854071826
891 : 2.426843579625711
892 : -7.7232850305736065
893 : -1.3213306883117184
894 : 0.36139087192714214
895 : -2.620528253726661
896 : -0.8091863635927439
897 : -1.8913946570828557
898 : -2.40833494393155
899 : -1.494186779949814
900 : 4.17329263035208
901 : 0.5526318838819861
902 : -4.871811197139323
903 : -3.7429604940116405
904 : 0.32662172010168433
905 : -1.9908003499731421
906 : -2.5774295330047607
907 : -9.633956723380834
908 : -1.3219110479112715
909 : -0.9201944284141064
910 : -0.44021162297576666
911 : -3.800164323300123
912 : 1.7474858202040195
913 : -1.4611166594550014
914 : -0.8489521462470293
915 : -1.7310985922813416
916 : -0.5975577142089605
917 : -1.1402580513386056
918 : 0.38316677417606115
919 : -1.4792337454855442
920 : -0.9312558257952332
921 : 0.9964330671355128
922 : -2.7079191505908966
923 : -1.3811745506245643
924 : -0.16612221207469702
925 : 0.46495339926332235
926 : 0.048520770855247974
927 : -3.3088276218622923
928 : -1.1994365935679525
929 : -0.86931805126369
930 : -1.4682650989852846
931 : -2.9794547986239195
932 : -4.715591624146327
933 : 1.6282829525880516
934 : -0.9929460836574435
935 : -0.9787460905499756
936 : -0.9694115025922656
937 : -7.448815977200866
938 : 0.7160046081990004
939 : -1.0209358809515834
940 : -1.3446316020563245
941 : -0.9123852420598269
942 : -1.3259540279395878
943 : -6.7224548906087875
944 : -0.5033275811001658
945 : -0.8906437703408301
946 : -3.9859447171911597
947 : -3.0892520672641695
948 : 21.62165265902877
949 : -2.1770071908831596
950 : -1.9211725685745478
951 : -1.6962932795286179
952 : -4.672915429808199
953 : -0.8535654745064676
954 : -0.8386959792114794
955 : -1.212846353650093
956 : -2.338228712324053
957 : -1.7444602232426405
958 : -1.758926410228014
959 : -1.569118948187679
960 : -0.9676157936919481
961 : -1.067468348890543
962 : -1.4303086251020432
963 : -2.4762793104164302
964 : -1.3522334801964462
965 : -1.5024106465280056
966 : -2.773012498859316
967 : -8.13875393383205
968 : -1.633328384719789
969 : 4.022205673158169
970 : 15.997325483709574
971 : -1.2564028045162559
972 : -0.7171345762908459
973 : -4.946878023445606
974 : -1.156122443266213
975 : 1.3267005821689963
976 : 4.010319425724447
977 : -3.2877840190194547
978 : -9.118865343742073
979 : -0.4654618971981108
980 : -1.4250461077317595
981 : 0.801917418371886
982 : -1.9763387432321906
983 : -1.495904033537954
984 : -0.06721352227032185
985 : -1.0897084213793278
986 : -1.3575024660676718
987 : 7.1599112981930375
988 : -1.2231604438275099
989 : -0.815196767449379
990 : 0.5056919846683741
991 : -1.0741174472495914
992 : -0.8819253388792276
993 : 4.458004855550826
994 : -1.8468248061835766
995 : -1.3876435882411897
996 : 0.18766589555889368
997 : -1.3270832812413573
998 : -11.14834217261523
999 : -4.208156283013523
Setting up 2 worker threads for Enlighten.
  Thread -> id: 7f45937fe700 -> priority: 1 
  Thread -> id: 7f4592ffd700 -> priority: 1 
2020-06-24 04:10:21 INFO [environment.py:418] Environment shut down with return code 0.
[I 2020-06-24 04:10:21,752] Finished trial#170 with value: -4.208156283013523 with parameters: {'update_time_steps': 7168, 'ppo_epochs': 12, 'gamma': 0.9626918178295697, 'beta': 0.05963685699715719}. Best is trial#148 with value: -6.7115356754511595.
Found path: /home/j/jensenj/PycharmProjects/Federer-Jr./src/../crawler_single/linux/dynamic_server/crawler_dynamic.x86_64
Mono path[0] = '/home/j/jensenj/PycharmProjects/Federer-Jr./src/../crawler_single/linux/dynamic_server/crawler_dynamic_Data/Managed'
Mono config path = '/home/j/jensenj/PycharmProjects/Federer-Jr./src/../crawler_single/linux/dynamic_server/crawler_dynamic_Data/MonoBleedingEdge/etc'
Preloaded 'lib_burst_generated.so'
Preloaded 'libgrpc_csharp_ext.x64.so'
Initialize engine version: 2019.3.15f1 (59ff3e03856d)
[Subsystems] Discovering subsystems at path /home/j/jensenj/PycharmProjects/Federer-Jr./src/../crawler_single/linux/dynamic_server/crawler_dynamic_Data/UnitySubsystems
Forcing GfxDevice: Null
GfxDevice: creating device client; threaded=0
NullGfxDevice:
    Version:  NULL 1.0 [1.0]
    Renderer: Null Device
    Vendor:   Unity Technologies
Begin MonoManager ReloadAssembly
- Completed reload, in  0.164 seconds
WARNING: Shader Unsupported: 'Autodesk Interactive' - All passes removed
WARNING: Shader Did you use #pragma only_renderers and omit this platform?
UnloadTime: 0.418186 ms
Fallback handler could not load library /home/j/jensenj/PycharmProjects/Federer-Jr./src/../crawler_single/linux/dynamic_server/crawler_dynamic_Data/Mono/libcoreclr.so
Fallback handler could not load library /home/j/jensenj/PycharmProjects/Federer-Jr./src/../crawler_single/linux/dynamic_server/crawler_dynamic_Data/Mono/libcoreclr.so
Fallback handler could not load library /home/j/jensenj/PycharmProjects/Federer-Jr./src/../crawler_single/linux/dynamic_server/crawler_dynamic_Data/Mono/libcoreclr.so
Fallback handler could not load library /home/j/jensenj/PycharmProjects/Federer-Jr./src/../crawler_single/linux/dynamic_server/crawler_dynamic_Data/Mono/libSystem.dylib
Fallback handler could not load library /home/j/jensenj/PycharmProjects/Federer-Jr./src/../crawler_single/linux/dynamic_server/crawler_dynamic_Data/Mono/libSystem.dylib.so
Fallback handler could not load library /home/j/jensenj/PycharmProjects/Federer-Jr./src/../crawler_single/linux/dynamic_server/crawler_dynamic_Data/Mono/libSystem.dylib
Fallback handler could not load library /home/j/jensenj/PycharmProjects/Federer-Jr./src/../crawler_single/linux/dynamic_server/crawler_dynamic_Data/Mono/libcoreclr.so
Fallback handler could not load library /home/j/jensenj/PycharmProjects/Federer-Jr./src/../crawler_single/linux/dynamic_server/crawler_dynamic_Data/Mono/libcoreclr.so
Fallback handler could not load library /home/j/jensenj/PycharmProjects/Federer-Jr./src/../crawler_single/linux/dynamic_server/crawler_dynamic_Data/Mono/libcoreclr.so
Fallback handler could not load library /home/j/jensenj/PycharmProjects/Federer-Jr./src/../crawler_single/linux/dynamic_server/crawler_dynamic_Data/Mono/libSystem.dylib
Fallback handler could not load library /home/j/jensenj/PycharmProjects/Federer-Jr./src/../crawler_single/linux/dynamic_server/crawler_dynamic_Data/Mono/libSystem.dylib.so
Fallback handler could not load library /home/j/jensenj/PycharmProjects/Federer-Jr./src/../crawler_single/linux/dynamic_server/crawler_dynamic_Data/Mono/libSystem.dylib
2020-06-24 04:10:23 INFO [environment.py:108] Connected to Unity environment with package version 1.0.2 and communication version 1.0.0
2020-06-24 04:10:23 INFO [environment.py:265] Connected new brain:
CrawlerDynamic?team=0
2020-06-24 04:10:23 WARNING [__init__.py:92] The environment contains multiple observations. You must define allow_multiple_obs=True to receive them all. Otherwise, only the first visual observation (or vector observation ifthere are no visual observations) will be provided in the observation.
{'nr_output_features': 20, 'nr_input_features': 126, 'env': <gym_unity.envs.UnityToGymWrapper object at 0x7f471c73cf98>, 'alpha': 0.003, 'tau': 0.95, 'clip': 0.2, 'minibatch_size': 32, 'hidden_units': 512, 'update_time_steps': 9216, 'ppo_epochs': 9, 'gamma': 0.9747309524413963, 'beta': 0.09231547483710004}
0 : 0.06547089666128159
1 : -1.896722131408751
2 : -0.9293322116136551
3 : -0.9598164651542902
4 : -0.9867955362424254
5 : -0.6890358570963144
6 : -4.105965001508594
7 : -2.1888916045427322
8 : -0.9855774631723762
9 : -2.036164534278214
10 : 0.0643004085868597
11 : -2.320302039384842
12 : -2.7140102423727512
13 : -1.4780970737338066
14 : -1.9766959873959422
15 : -2.80808581225574
16 : -0.8373573152348399
17 : -2.6627193773165345
18 : -1.2425119215622544
19 : -0.7415800523012877
20 : -1.365583647042513
21 : -1.3735909052193165
22 : -1.588687683455646
23 : -3.8606611089780927
24 : -3.583622131496668
25 : -1.585003636078909
26 : -0.2879861514084041
27 : -2.1405313783325255
28 : -2.2900461221579462
29 : 1.6172925820574164
30 : -1.1870722845196724
31 : -1.2746513932943344
32 : -2.426532719284296
33 : -1.4159753725398332
34 : 5.2441345567349344
35 : -0.08649647003039718
36 : -2.822584935289342
37 : -4.82481156475842
38 : -4.875819043722004
39 : -4.401354720350355
40 : -0.9760592533275485
41 : -0.558586722239852
42 : -0.6898788879625499
43 : -1.1852237153798342
44 : -2.0749254086986184
45 : -1.531787484884262
46 : 2.601297240704298
47 : -0.9767334116622806
48 : -7.910306726582348
49 : -1.9527172879315913
50 : -1.4177931314334273
51 : -1.009681349620223
52 : -1.6489412584342062
53 : -0.9427972170524299
54 : -1.5844564475119114
55 : -0.8771188883110881
56 : -1.2611473058350384
57 : -0.7522041532211006
58 : -1.7319028927013278
59 : -0.7564708343707025
60 : -8.028238625716767
61 : -1.540946040302515
62 : -1.5124230803921819
63 : -1.2811913597397506
64 : 5.676743977237493
65 : -1.2050838796421885
66 : -1.6731654778122902
67 : -2.0867766374722123
68 : -1.0233403109014034
69 : -0.5088128978386521
70 : 0.6507075508125126
71 : -2.612851321697235
72 : -1.6315840128809214
73 : -1.5177177349105477
74 : -1.5604417528957129
75 : 4.408771555870771
76 : -1.899732219055295
77 : 3.62079637311399
78 : -1.2455281745642424
79 : -1.1765232873149216
80 : -1.0789580028504133
81 : -1.6517226547002792
82 : 4.854296147823334
83 : -0.9821492191404104
84 : -0.9582577361725271
85 : -0.9200017806142569
86 : -1.5733836255967617
87 : -1.2643590071238577
88 : -0.8002194277942181
89 : 5.547391775995493
90 : -5.958252444863319
91 : -1.6500472035259008
92 : -0.5843337643891573
93 : 6.221934260800481
94 : -1.5765729136765003
95 : -1.2883402528241277
96 : -1.1560426531359553
97 : -0.8901984384283423
98 : -1.232068476267159
99 : -2.210446685552597
100 : -0.5558918360620737
101 : -0.2260859995149076
102 : -1.6661582104861736
103 : -11.195762522984296
104 : -1.1274951410014182
105 : -1.3090099915862083
106 : -2.644726288737729
107 : -1.4625467436853796
108 : -0.23393595963716507
109 : -1.9692939016968012
110 : -0.8656025282107294
111 : 1.3876392506062984
112 : -3.9295574775896966
113 : -2.4866974875330925
114 : -3.0657274198019877
115 : -0.9412595015019178
116 : -1.9100301954895258
117 : -1.5321259563788772
118 : 0.4722266085445881
119 : -0.9939016010612249
120 : 2.0276392679661512
121 : -1.0972978938370943
122 : -1.6767133213579655
123 : -0.7570611601695418
124 : -5.356732375919819
125 : 0.4176959302276373
126 : -2.262118585407734
127 : 3.8238906571641564
128 : -1.9273305116221309
129 : -3.4594805142842233
130 : -1.5955478809773922
131 : -1.2734687197953463
132 : -1.3818212649784982
133 : -2.2162426891736686
134 : -1.3077888395637274
135 : -1.0106286243535578
136 : 11.412185448221862
137 : -2.77108393330127
138 : -2.233616452664137
139 : 2.964666360989213
140 : -1.689166458323598
141 : 3.685229898430407
142 : -1.6336255092173815
143 : -1.270456020720303
144 : -6.448505694977939
145 : -6.379976270720363
146 : -0.9225078513845801
147 : -3.642804792150855
148 : -1.1010988373309374
149 : -1.6653308048844337
150 : 1.7261065084021538
151 : -1.2349270256236196
152 : -1.463653831742704
153 : -2.270868919789791
154 : -1.1182907707989216
155 : -6.411582987755537
156 : -0.5655040764249861
157 : -1.1236219475977123
158 : 0.054026971105486155
159 : -1.9040413796901703
160 : -2.9805305786430836
161 : -1.3555904650129378
162 : -1.3589902920648456
163 : -1.6897974144667387
164 : -7.427564205601811
165 : -1.1247848263010383
166 : -6.104672967456281
167 : 0.7210375685244799
168 : -2.1841426007449627
169 : 0.10750361788086593
170 : -1.603110859170556
171 : -0.41408168245106936
172 : -2.309390351176262
173 : -0.8284809263423085
174 : -2.0901538180187345
175 : -2.9237543623894453
176 : -0.9353832043707371
177 : -1.1208118558861315
178 : 0.8373528975062072
179 : -1.4151577800512314
180 : -0.15865574218332767
181 : -1.527662606909871
182 : -9.46071951079648
183 : -1.234090207144618
184 : -1.7217138046398759
185 : -1.8428285829722881
186 : -1.5416254792362452
187 : 0.6145931407809258
188 : 1.382482678629458
189 : -1.7219535559415817
190 : -1.421687325462699
191 : -9.695217778906226
192 : -1.1726678130216897
193 : -0.8527465425431728
194 : -1.6653813421726227
195 : 11.9611935201101
196 : -2.0140437930822372
197 : -1.6720663756132126
198 : -1.7787276627495885
199 : 0.11477431282401085
200 : -1.6213926579803228
201 : -4.346410251222551
202 : -1.6595850996673107
203 : -0.8781226081773639
204 : -2.3728973269462585
205 : -1.4103435687720776
206 : -12.413714810740203
207 : -1.0930696320720017
208 : -0.7369874510914087
209 : -1.5518934223800898
210 : -0.678382022306323
211 : -0.1688117478042841
212 : -1.1495111947879195
213 : -1.7526747845113277
214 : -0.9700934970751405
215 : -1.4715581499040127
216 : -0.8321345079457387
217 : 0.6235468294471502
218 : -2.134571639355272
219 : -1.1043823082000017
220 : -8.161559134721756
221 : -3.4486570130102336
222 : -3.785072496160865
223 : -1.2836736105382442
224 : -1.3792299558408558
225 : -0.9188150707632303
226 : -0.9358794260770082
227 : -1.4731949642300606
228 : -1.5166199640370905
229 : -1.2375887632369995
230 : -0.6477679722011089
231 : -1.2883619079366326
232 : -2.101887583732605
233 : -0.9323435998521745
234 : -1.0054841758683324
235 : 0.8918566182255745
236 : -1.6368299387395382
[W 2020-06-24 04:16:30,418] Setting status of trial#183 as TrialState.FAIL because of the following error: ValueError('array split does not result in an equal division',)
Traceback (most recent call last):
  File "/home/j/jensenj/.local/lib/python3.6/site-packages/numpy/lib/shape_base.py", line 867, in split
    len(indices_or_sections)
TypeError: object of type 'int' has no len()

During handling of the above exception, another exception occurred:

Traceback (most recent call last):
  File "/home/j/jensenj/.local/lib/python3.6/site-packages/optuna/study.py", line 734, in _run_trial
    result = func(trial)
  File "main-optuna.py", line 88, in objective
    returns = [episode(env, agent, params, writer, i) for i in range(training_episodes)]
  File "main-optuna.py", line 88, in <listcomp>
    returns = [episode(env, agent, params, writer, i) for i in range(training_episodes)]
  File "main-optuna.py", line 40, in episode
    agent.update(next_state)
  File "/home/j/jensenj/PycharmProjects/Federer-Jr./src/ppo.py", line 140, in update
    for states, actions, old_log_probs, returns, advantages in self.memory.sample_batch(self.minibatch_size, next_value):
  File "/home/j/jensenj/PycharmProjects/Federer-Jr./src/ppo.py", line 44, in sample_batch
    ids = np.split(ids, batch_size // minibatch_size)
  File "<__array_function__ internals>", line 6, in split
  File "/home/j/jensenj/.local/lib/python3.6/site-packages/numpy/lib/shape_base.py", line 873, in split
    'array split does not result in an equal division')
ValueError: array split does not result in an equal division
Traceback (most recent call last):
  File "/home/j/jensenj/.local/lib/python3.6/site-packages/numpy/lib/shape_base.py", line 867, in split
    len(indices_or_sections)
TypeError: object of type 'int' has no len()

During handling of the above exception, another exception occurred:

Traceback (most recent call last):
  File "main-optuna.py", line 103, in <module>
    study.optimize(objective, n_trials=1000)
  File "/home/j/jensenj/.local/lib/python3.6/site-packages/optuna/study.py", line 339, in optimize
    func, n_trials, timeout, catch, callbacks, gc_after_trial, None
  File "/home/j/jensenj/.local/lib/python3.6/site-packages/optuna/study.py", line 682, in _optimize_sequential
    self._run_trial_and_callbacks(func, catch, callbacks, gc_after_trial)
  File "/home/j/jensenj/.local/lib/python3.6/site-packages/optuna/study.py", line 713, in _run_trial_and_callbacks
    trial = self._run_trial(func, catch, gc_after_trial)
  File "/home/j/jensenj/.local/lib/python3.6/site-packages/optuna/study.py", line 734, in _run_trial
    result = func(trial)
  File "main-optuna.py", line 88, in objective
    returns = [episode(env, agent, params, writer, i) for i in range(training_episodes)]
  File "main-optuna.py", line 88, in <listcomp>
    returns = [episode(env, agent, params, writer, i) for i in range(training_episodes)]
  File "main-optuna.py", line 40, in episode
    agent.update(next_state)
  File "/home/j/jensenj/PycharmProjects/Federer-Jr./src/ppo.py", line 140, in update
    for states, actions, old_log_probs, returns, advantages in self.memory.sample_batch(self.minibatch_size, next_value):
  File "/home/j/jensenj/PycharmProjects/Federer-Jr./src/ppo.py", line 44, in sample_batch
    ids = np.split(ids, batch_size // minibatch_size)
  File "<__array_function__ internals>", line 6, in split
  File "/home/j/jensenj/.local/lib/python3.6/site-packages/numpy/lib/shape_base.py", line 873, in split
    'array split does not result in an equal division')
ValueError: array split does not result in an equal division
Setting up 2 worker threads for Enlighten.
  Thread -> id: 7f0ab6ffd700 -> priority: 1 
  Thread -> id: 7f0ab67fc700 -> priority: 1 
2020-06-24 04:16:30 INFO [environment.py:418] Environment shut down with return code 0.
