slurmstepd-donau: error: Unable to create TMPDIR [/tmp/user/30108]: Permission denied
slurmstepd-donau: error: Setting TMPDIR to /tmp
Found path: /home/j/jensenj/PycharmProjects/Federer-Jr./src/../crawler_single/linux/dynamic_server/crawler_dynamic.x86_64
Mono path[0] = '/home/j/jensenj/PycharmProjects/Federer-Jr./src/../crawler_single/linux/dynamic_server/crawler_dynamic_Data/Managed'
Mono config path = '/home/j/jensenj/PycharmProjects/Federer-Jr./src/../crawler_single/linux/dynamic_server/crawler_dynamic_Data/MonoBleedingEdge/etc'
Preloaded 'lib_burst_generated.so'
Preloaded 'libgrpc_csharp_ext.x64.so'
Initialize engine version: 2019.3.15f1 (59ff3e03856d)
[Subsystems] Discovering subsystems at path /home/j/jensenj/PycharmProjects/Federer-Jr./src/../crawler_single/linux/dynamic_server/crawler_dynamic_Data/UnitySubsystems
Forcing GfxDevice: Null
GfxDevice: creating device client; threaded=0
NullGfxDevice:
    Version:  NULL 1.0 [1.0]
    Renderer: Null Device
    Vendor:   Unity Technologies
Begin MonoManager ReloadAssembly
- Completed reload, in  0.239 seconds
WARNING: Shader Unsupported: 'Autodesk Interactive' - All passes removed
WARNING: Shader Did you use #pragma only_renderers and omit this platform?
UnloadTime: 1.537829 ms
Fallback handler could not load library /home/j/jensenj/PycharmProjects/Federer-Jr./src/../crawler_single/linux/dynamic_server/crawler_dynamic_Data/Mono/libcoreclr.so
Fallback handler could not load library /home/j/jensenj/PycharmProjects/Federer-Jr./src/../crawler_single/linux/dynamic_server/crawler_dynamic_Data/Mono/libcoreclr.so
Fallback handler could not load library /home/j/jensenj/PycharmProjects/Federer-Jr./src/../crawler_single/linux/dynamic_server/crawler_dynamic_Data/Mono/libcoreclr.so
Fallback handler could not load library /home/j/jensenj/PycharmProjects/Federer-Jr./src/../crawler_single/linux/dynamic_server/crawler_dynamic_Data/Mono/libSystem.dylib
Fallback handler could not load library /home/j/jensenj/PycharmProjects/Federer-Jr./src/../crawler_single/linux/dynamic_server/crawler_dynamic_Data/Mono/libSystem.dylib.so
Fallback handler could not load library /home/j/jensenj/PycharmProjects/Federer-Jr./src/../crawler_single/linux/dynamic_server/crawler_dynamic_Data/Mono/libSystem.dylib
Fallback handler could not load library /home/j/jensenj/PycharmProjects/Federer-Jr./src/../crawler_single/linux/dynamic_server/crawler_dynamic_Data/Mono/libcoreclr.so
Fallback handler could not load library /home/j/jensenj/PycharmProjects/Federer-Jr./src/../crawler_single/linux/dynamic_server/crawler_dynamic_Data/Mono/libcoreclr.so
Fallback handler could not load library /home/j/jensenj/PycharmProjects/Federer-Jr./src/../crawler_single/linux/dynamic_server/crawler_dynamic_Data/Mono/libcoreclr.so
Fallback handler could not load library /home/j/jensenj/PycharmProjects/Federer-Jr./src/../crawler_single/linux/dynamic_server/crawler_dynamic_Data/Mono/libSystem.dylib
Fallback handler could not load library /home/j/jensenj/PycharmProjects/Federer-Jr./src/../crawler_single/linux/dynamic_server/crawler_dynamic_Data/Mono/libSystem.dylib.so
Fallback handler could not load library /home/j/jensenj/PycharmProjects/Federer-Jr./src/../crawler_single/linux/dynamic_server/crawler_dynamic_Data/Mono/libSystem.dylib
/home/j/jensenj/.local/lib/python3.6/site-packages/tensorboard/compat/tensorflow_stub/dtypes.py:541: FutureWarning: Passing (type, 1) or '1type' as a synonym of type is deprecated; in a future version of numpy, it will be understood as (type, (1,)) / '(1,)type'.
  _np_qint8 = np.dtype([("qint8", np.int8, 1)])
/home/j/jensenj/.local/lib/python3.6/site-packages/tensorboard/compat/tensorflow_stub/dtypes.py:542: FutureWarning: Passing (type, 1) or '1type' as a synonym of type is deprecated; in a future version of numpy, it will be understood as (type, (1,)) / '(1,)type'.
  _np_quint8 = np.dtype([("quint8", np.uint8, 1)])
/home/j/jensenj/.local/lib/python3.6/site-packages/tensorboard/compat/tensorflow_stub/dtypes.py:543: FutureWarning: Passing (type, 1) or '1type' as a synonym of type is deprecated; in a future version of numpy, it will be understood as (type, (1,)) / '(1,)type'.
  _np_qint16 = np.dtype([("qint16", np.int16, 1)])
/home/j/jensenj/.local/lib/python3.6/site-packages/tensorboard/compat/tensorflow_stub/dtypes.py:544: FutureWarning: Passing (type, 1) or '1type' as a synonym of type is deprecated; in a future version of numpy, it will be understood as (type, (1,)) / '(1,)type'.
  _np_quint16 = np.dtype([("quint16", np.uint16, 1)])
/home/j/jensenj/.local/lib/python3.6/site-packages/tensorboard/compat/tensorflow_stub/dtypes.py:545: FutureWarning: Passing (type, 1) or '1type' as a synonym of type is deprecated; in a future version of numpy, it will be understood as (type, (1,)) / '(1,)type'.
  _np_qint32 = np.dtype([("qint32", np.int32, 1)])
/home/j/jensenj/.local/lib/python3.6/site-packages/tensorboard/compat/tensorflow_stub/dtypes.py:550: FutureWarning: Passing (type, 1) or '1type' as a synonym of type is deprecated; in a future version of numpy, it will be understood as (type, (1,)) / '(1,)type'.
  np_resource = np.dtype([("resource", np.ubyte, 1)])
2020-06-24 03:42:36 INFO [environment.py:108] Connected to Unity environment with package version 1.0.2 and communication version 1.0.0
2020-06-24 03:42:36 INFO [environment.py:265] Connected new brain:
CrawlerDynamic?team=0
2020-06-24 03:42:36 WARNING [__init__.py:92] The environment contains multiple observations. You must define allow_multiple_obs=True to receive them all. Otherwise, only the first visual observation (or vector observation ifthere are no visual observations) will be provided in the observation.
/home/j/jensenj/.local/lib/python3.6/site-packages/gym/logger.py:30: UserWarning: WARN: Box bound precision lowered by casting to float32
  warnings.warn(colorize('%s: %s'%('WARN', msg % args), 'yellow'))
{'nr_output_features': 20, 'nr_input_features': 126, 'env': <gym_unity.envs.UnityToGymWrapper object at 0x7f5181445f98>, 'alpha': 0.003, 'tau': 0.95, 'clip': 0.2, 'minibatch_size': 32, 'hidden_units': 512, 'update_time_steps': 7168, 'ppo_epochs': 12, 'gamma': 0.9631060112143361, 'beta': 0.05625193521353503}
0 : -3.3085791026242077
1 : -1.4657845720648766
2 : -2.752602961845696
3 : -0.9064046163111925
4 : -0.8222142709419131
5 : -1.5380234057083726
6 : -0.9082086281850934
7 : -0.7738869953900576
8 : -1.4164051916450262
9 : -1.7552860639989376
10 : -4.750794176477939
11 : -4.297137539833784
12 : -3.0020283982157707
13 : -0.9793845377862453
14 : -1.2637514807283878
15 : -1.010302979964763
16 : -1.1284624496474862
17 : -1.6721602473407984
18 : -3.5160275485832244
19 : -1.4475881922990084
20 : -0.7388950150925666
21 : -1.6816317848861217
22 : -7.082294323481619
23 : -0.7059889938682318
24 : -1.3358787037432194
25 : -3.0265971925109625
26 : 3.0614754324778914
27 : -0.7874319404363632
28 : -1.0449451189488173
29 : -0.10499689634889364
30 : -1.9289937764406204
31 : 0.9321138057857752
32 : -1.5134688881225884
33 : -0.11130697559565306
34 : -2.065826129168272
35 : -3.591228841105476
36 : 11.618551188148558
37 : -1.1138751837424934
38 : -1.6404355512931943
39 : -1.6268110871315002
40 : -1.7630720231682062
41 : 3.113515139557421
42 : -2.151316713541746
43 : -7.044334776699543
44 : -3.405137126799673
45 : -1.8572489218786359
46 : -1.0375867644324899
47 : -1.8633068446069956
48 : -0.18452751776203513
49 : -1.3469676803797483
50 : -0.9466325677931309
51 : -5.946883386466652
52 : -2.1644336991012096
53 : -1.1648202089127153
54 : -0.6441384144127369
55 : -0.9679360631853342
56 : -0.9447643985040486
57 : -1.764106959104538
58 : 0.3151765700895339
59 : 0.615820100530982
60 : -0.13701000530272722
61 : -0.8454970172606409
62 : -1.2214050376787782
63 : -0.24595000874251127
64 : -1.6559557560831308
65 : -7.058846669271588
66 : 0.46134848706424236
67 : -1.94875285634771
68 : 2.0105957835912704
69 : -1.5616215001791716
70 : -1.903154008090496
71 : -1.3620007399003953
72 : -4.763409402221441
73 : -1.906258475035429
74 : -0.5813387194648385
75 : -2.909422977361828
76 : -10.059452826390043
77 : -1.1160223707556725
78 : 6.958383541088551
79 : -1.8008583821356297
80 : -0.7750540133565664
81 : -0.6873760033631697
82 : 5.152000118046999
83 : -1.6217218711972237
84 : -2.5241108490154147
85 : -4.806486577261239
86 : -0.9910063296556473
87 : -0.795376661233604
88 : -1.9158435389399529
89 : -0.2396152252331376
90 : -0.09723779326304793
91 : -3.2156228409148753
92 : -0.49075768282637
93 : -3.5766732052434236
94 : -5.324523663613945
95 : -1.80387853551656
96 : -2.9180988925509155
97 : -1.607364933937788
98 : -0.6489572282880545
99 : -1.0862770667299628
100 : -0.6211465118685737
101 : -2.6042014583945274
102 : -0.6088236859068274
103 : -2.46680249273777
104 : -2.370829900726676
105 : -1.6338829584419727
106 : -1.5963909500278533
107 : -0.9563513826578856
108 : -1.784359741024673
109 : 0.0743285808712244
110 : -1.4611298143863678
111 : -1.0686784014105797
112 : -1.3224366400390863
113 : -1.8781265625730157
114 : -1.003668098594062
115 : -1.5566905462183058
116 : 2.4730297261849046
117 : -5.739468407351524
118 : -4.163814542815089
119 : -1.9252303540706635
120 : -1.3688523550517857
121 : -1.4504350237548351
122 : -1.5189453987404704
123 : 6.16245250729844
124 : -3.172119064256549
125 : 2.690216263756156
126 : 0.10703910235315561
127 : -2.8833249770104885
128 : -1.6991042010486126
129 : -1.5477542197331786
130 : -1.7821890488266945
131 : -4.0128439934924245
132 : -3.8540567783638835
133 : -3.436314467340708
134 : -1.6184638971462846
135 : -1.8912865594029427
136 : -0.9414257719181478
137 : -0.34092915430665016
138 : -1.6784582994878292
139 : -0.891463334672153
140 : -0.6219280436635017
141 : -2.8708070889115334
142 : -1.4204621678218246
143 : -0.8608362702652812
144 : -1.1751184412278235
145 : -1.2491944532375783
146 : -6.062349391169846
147 : -2.156650697812438
148 : -0.09936520457267761
149 : -0.7994411769323051
150 : -1.4106969460844994
151 : -0.7477628793567419
152 : -3.8653544262051582
153 : -0.11330739362165332
154 : -0.789610574953258
155 : -1.3119778498075902
156 : -1.163268276490271
157 : 1.322430470958352
158 : -2.2414545752108097
159 : -1.5216112746857107
160 : 1.426546904433053
161 : -1.0648899495135993
162 : -1.590861932374537
163 : -0.9339838856831193
164 : -0.8260988513939083
165 : -2.4338943883776665
166 : -3.651831343770027
167 : -2.5981428478844464
168 : 1.1340368324890733
169 : -0.014712132513523102
170 : -1.717216937802732
171 : -1.662034034729004
172 : -0.5666345763020217
173 : 4.235387660562992
174 : -1.4138549137860537
175 : -0.9178117292467505
176 : -5.746032919676509
177 : -1.1135529181919992
178 : 4.019241842906922
179 : -0.8398624621331692
180 : -2.018805424682796
181 : -1.409294911660254
182 : -3.8760737366974354
183 : -5.5777499452233315
184 : -1.0367608396336436
185 : -0.9252089816145599
186 : 10.840883752563968
187 : -2.0469207167625427
188 : -1.308987656608224
189 : -1.3097858778201044
190 : -2.7042963965795934
191 : -3.3523618052713573
192 : -1.085750689264387
193 : -5.3762285662814975
194 : -3.168227942660451
195 : -1.8051357585936785
196 : -1.505159410648048
197 : -1.601027968339622
198 : -10.126925459131598
199 : -3.2342021176591516
200 : -1.8439467027783394
201 : -1.3010429982095957
202 : -0.9450304694473743
203 : -2.4459964502602816
204 : -4.757099151611328
205 : -1.0839419160038233
206 : -2.8323436696082354
207 : 0.8873187946155667
208 : -1.7277318332344294
209 : -0.8791525575798005
210 : -1.061113472096622
211 : -1.4458964793011546
212 : -0.536821149289608
213 : -0.3378987079486251
214 : -0.2396060973405838
215 : -0.6993845114484429
216 : -1.4130534185096622
217 : -5.735383465886116
218 : 1.1698683463037014
219 : -1.2713148449547589
220 : -1.0339637212455273
221 : -1.6598858619108796
222 : -1.0437508029863238
223 : -2.0966629032045603
224 : -1.4162893928587437
225 : -1.1145730158314109
226 : -4.641074549406767
227 : -1.3062697295099497
228 : -1.13422212889418
229 : -1.1209661699831486
230 : -1.1230509169399738
231 : -1.199023634660989
232 : 0.9378840010613203
233 : -1.6222579614259303
234 : -3.4811403185594827
235 : -1.1575012877583504
236 : 1.2461308371275663
237 : -1.701978633645922
238 : 4.020671471720561
239 : -0.8575711762532592
240 : -11.03744635824114
241 : -4.093900090781972
242 : -2.5257486065384
243 : -2.234948655590415
244 : -1.974175306269899
245 : -10.594627781771123
246 : -1.9603977063670754
247 : -1.4950072318315506
248 : -3.3848069831728935
249 : -1.371597825549543
250 : -0.6298151798546314
251 : -1.964606311172247
252 : -1.7721461281180382
253 : -2.403504839166999
254 : -5.939779948443174
255 : -2.5977433882653713
256 : -2.224344126880169
257 : -1.4769044877029955
258 : -1.308259017765522
259 : -1.3888405840843916
260 : 0.4663835624232888
261 : -3.056511466857046
262 : -1.6762251667678356
263 : -0.5644294107332826
264 : -1.165451762266457
265 : -0.7799471728503704
266 : -1.0634020138531923
267 : -2.180692847818136
268 : -0.5318996673449874
269 : -0.4627588593866676
270 : 2.4086735574528575
271 : -4.01035799831152
272 : -1.737433236092329
273 : -0.8478765226900578
274 : -0.10427130712196231
275 : -2.390450215898454
276 : -4.198265867307782
277 : -3.9182437174022198
278 : -1.783154658973217
279 : -20.46842793794349
280 : -1.0716867768205702
281 : -7.187658269889653
282 : -1.0327754891477525
283 : 3.828410732327029
284 : -1.9059517621062696
285 : -0.6010661004111171
286 : -1.2794078347506002
287 : -11.459890148602426
288 : -0.9539603134617209
289 : -2.6010406618006527
290 : -1.5104412310756743
291 : -0.8584565045312047
292 : -1.090223183389753
293 : -1.2983742225915194
294 : 0.8035694870632142
295 : -1.720469375140965
296 : -1.4785125143826008
297 : -2.082334691192955
298 : -1.5979342833161354
299 : -0.7009193645790219
300 : -0.6730345310643315
301 : -3.215398533269763
302 : -5.324302586726844
303 : -7.316411244682968
304 : -2.0651172124780715
305 : -1.6542586386203766
306 : -3.851688291877508
307 : -2.175361360423267
308 : -0.8952848808839917
309 : -1.409957776311785
310 : 1.6245629666373134
311 : -2.5265182442963123
312 : -2.1498599648475647
313 : -1.4875117777846754
314 : 1.9910568073391914
315 : -1.5489740502089262
316 : -0.9360743979923427
317 : -4.526851946488023
318 : -0.5021398225799203
319 : -1.4016032088547945
320 : -4.965217812918127
321 : 1.1403951086103916
322 : -0.8473839135840535
323 : -1.57184449583292
324 : 0.01967673934996128
325 : -1.6346386261284351
326 : -3.121561742387712
327 : 2.04050051048398
328 : -1.2082073017954826
329 : 0.012670961674302816
330 : -9.048021239228547
331 : -1.6563253924250603
332 : -2.3810621867887676
333 : 1.2405753550119698
334 : 0.6017506844364107
335 : -0.4722130666486919
336 : -1.4914613228756934
337 : -1.2034304398112
338 : 4.562682145042345
339 : -0.7164351167157292
340 : 4.125015538651496
341 : -7.551325284410268
342 : -2.350065156817436
343 : -7.774257123935968
344 : -1.6183786550536752
345 : -2.680541289737448
346 : -1.2398023982532322
347 : -2.6383389476686716
348 : 5.878918847069144
349 : -0.7256503351964056
350 : 0.3893267032690346
351 : -1.073994413483888
352 : -2.439213730627671
353 : 2.9234059010632336
354 : -13.605135031975806
355 : -1.805815227329731
356 : -3.7432296629995108
357 : -5.516670382581651
358 : -1.4589929496869445
359 : 0.14508964959532022
360 : -1.153906574472785
361 : -1.4143041810020804
362 : -1.5805185083299875
363 : -1.0305716712027788
364 : -1.7094070932362229
365 : -1.7415329776704311
366 : -0.7830596761777997
367 : 2.202735654078424
368 : 3.3380866274237633
369 : -4.439031428657472
370 : -0.22312193410471082
371 : -4.764580599963665
372 : -1.012204178608954
373 : -0.973252609372139
374 : -0.8907926462125033
375 : -1.5899372640997171
376 : -1.4083954766392708
377 : -1.4984584194608033
378 : 5.769024769309908
379 : -0.7613228275440633
380 : 1.4873938541859388
381 : -1.0772000579163432
382 : -1.5552237555384636
383 : -1.9633631817996502
384 : -6.355461763218045
385 : -1.2745420224964619
386 : -0.8204019833356142
387 : -12.031640789471567
388 : -2.132390419021249
389 : 2.1559286857955158
390 : -1.5829057288356125
391 : -1.6694675702601671
392 : -1.279837690293789
393 : -4.457047720672563
394 : -0.9696369743905962
395 : -4.364236242137849
396 : -1.7917244578711689
397 : -1.5103092505596578
398 : -1.3477359637618065
399 : -1.0076788570731878
400 : -1.92583367228508
401 : -0.6947426479309797
402 : -1.2035603541880846
403 : -1.0366625571623445
404 : -1.8927686773240566
405 : -1.0305368090048432
406 : 3.5451472233980894
407 : -4.894458746071905
408 : -1.0569758955389261
409 : -2.8746188734658062
410 : 3.657352506183088
411 : 17.723575834184885
412 : -4.792829760815948
413 : -6.96574963349849
414 : -4.418541895458475
415 : 0.7964214058592916
416 : -1.6229753457009792
417 : -6.101576178800315
418 : -1.4645232446491718
419 : 1.929221636382863
420 : -1.1727117951959372
421 : -1.220981932245195
422 : -1.7023875014856458
423 : -1.2506825104355812
424 : -1.52472522854805
425 : -1.3268627254292369
426 : 3.0834918254986405
427 : -1.2314597805961967
428 : 1.4692757688462734
429 : -1.1369146737270057
430 : -2.887080323882401
431 : -3.4583808165043592
432 : -1.6746028799097985
433 : -1.3777774535119534
434 : -0.16604564897716045
435 : -11.242885746061802
436 : -4.942830407060683
437 : -1.3334510307759047
438 : -1.6530062342062593
439 : -1.7002219944261014
440 : -3.6231065653264523
441 : -1.5094216037541628
442 : -0.8586166612803936
443 : -1.4797648638486862
444 : -4.144152560736984
445 : -2.9295119834132493
446 : -2.5080853402614594
447 : -0.8151311264373362
448 : -1.8119387738406658
449 : -0.7609895074274391
450 : -1.7079563904553652
451 : -1.4905524719506502
452 : 4.054718978703022
453 : -0.8640704937279224
454 : -1.7955977879464626
455 : -1.1863034386187792
456 : -1.0308531168848276
457 : -10.612203574273735
458 : -1.331938086077571
459 : 2.0765162212774158
460 : -1.2721053753048182
461 : -1.49517719168216
462 : -0.8026534034870565
463 : -14.163431238848716
464 : 4.715410103555769
465 : 7.485077619552612
466 : -2.524271103553474
467 : -8.42123918235302
468 : -1.759081585565582
469 : -2.962516065686941
470 : -3.3877865173853934
471 : -1.273733294568956
472 : -2.044173509813845
473 : -5.306516277603805
474 : -0.6858981046825647
475 : -1.3851646580733359
476 : 2.0602033981122077
477 : -0.6095191547647119
478 : -1.7128949305042624
479 : -1.6172021888196468
480 : -3.0968631859868765
481 : -1.9347934927791357
482 : -1.4316714257001877
483 : -1.0129675245843828
484 : -0.9881425858475268
485 : -1.4951729318127036
486 : -0.20443147793412209
487 : -1.3446282530203462
488 : -0.7161950822919607
489 : -1.4077327391132712
490 : -1.0695514492690563
491 : -1.367951708380133
492 : -0.015473585110157728
493 : -6.738096727058291
494 : -1.41578022018075
495 : -0.8737159408628941
496 : -7.6838909005746245
497 : -1.1407921137288213
498 : -1.0235630723182112
499 : 0.4142878344282508
500 : -0.9926068019121885
501 : -0.8129380159080029
502 : -2.6687046978622675
503 : -1.1766414353623986
504 : -0.7872078949585557
505 : 3.0375769836828113
506 : -0.4524881448596716
507 : 24.9866239069961
508 : -2.567725100554526
509 : -0.8339298712089658
510 : -0.7651354121044278
511 : -1.712882786989212
512 : -1.0115296430885792
513 : -1.589835018850863
514 : -3.2261764761060476
515 : -1.1495385356247425
516 : -1.480493763461709
517 : 4.810321856290102
518 : -5.862448112107813
519 : -1.7994538564234972
520 : -2.0755762988701463
521 : -1.177176920697093
522 : -0.902772537432611
523 : 10.670796817168593
524 : -7.823546019382775
525 : -3.7118407264351845
526 : 4.835327847395092
527 : -0.2125346167013049
528 : -7.966173124033958
529 : -0.08017826080322266
530 : -1.0544235166162252
531 : -0.6620036931708455
532 : -1.0377174159511924
533 : 3.585536750499159
534 : -4.524824148858897
535 : -1.9050579443573952
536 : -1.2898476189002395
537 : 0.8586866715922952
538 : 0.7613583500497043
539 : 0.4400212806649506
540 : 0.046486541628837585
541 : -8.469080619513988
542 : 2.6018267329782248
543 : -1.9315569568425417
544 : -0.08395414659753442
545 : -0.7895947368815541
546 : -2.152769297827035
547 : 2.5642874450422823
548 : -0.8517261911183596
549 : 2.2395476577803493
550 : -6.987042400985956
551 : 0.41117914393544197
552 : -0.7990683112293482
553 : -0.48512902949005365
554 : -1.5393356010317802
555 : -1.7176187073346227
556 : -0.7125118153635412
557 : 0.04391558934003115
558 : -2.2494852081872523
559 : -2.6653232760727406
560 : -2.1826219335198402
561 : -0.3204378252848983
562 : 1.5478803585283458
563 : 4.092486018314958
564 : -1.9475699642207474
565 : -1.4823620170354843
566 : -0.24760330794379115
567 : -3.2282167142257094
568 : 4.996592478826642
569 : -0.9540539423469454
570 : -0.871028552763164
571 : -4.0438496991992
572 : -1.9330508932471275
573 : 0.1699505727738142
574 : 6.958899236284196
575 : -1.397484396584332
576 : -16.147627132944763
577 : -1.1125639411620796
578 : -1.381355619058013
579 : -3.2818897534161806
580 : -2.1169388058769982
581 : -1.1878496063873172
582 : 2.0482117077335715
583 : -0.9526152983307838
584 : -1.0771079333499074
585 : 0.6796660274267197
586 : 1.2526188504416496
587 : -3.2937414925545454
588 : -1.3897280362434685
589 : -0.9603566103614867
590 : 0.9073109114542603
591 : -2.133494100533426
592 : -1.435774973127991
593 : 0.7755365520715714
594 : -2.318040091311559
595 : -8.187536679208279
596 : -1.0540634200442582
597 : -0.6108896918594837
598 : -1.2421053489670157
599 : -0.7409880608320236
600 : -4.8967835798393935
601 : -2.9326181886717677
602 : -8.534697027876973
603 : 0.2655067630112171
604 : -3.7168163573369384
605 : -1.2959292993764393
606 : -6.287500804755837
607 : -4.436820147559047
608 : 2.691633879672736
609 : -2.887612696737051
610 : -1.7070592576637864
611 : -1.9095420762896538
612 : -1.1509242076426744
613 : -1.378594433888793
614 : -3.9340440407395363
615 : -1.4051071554422379
616 : -3.332417237572372
617 : -3.2380829006433487
618 : 0.9332128171809018
619 : -0.07639852771535516
620 : -0.9109042380005121
621 : -6.097500740084797
622 : -2.7296813763678074
623 : 1.0740768685936928
624 : -7.44428451359272
625 : 0.18506696540862322
626 : -0.9832538403570652
627 : -1.2977316949982196
628 : -1.8247316032648087
629 : -1.66207561083138
630 : -1.237229585647583
631 : -1.2243399024009705
632 : -8.154817912727594
633 : -1.2328897677361965
634 : -5.7618665881454945
635 : -7.066824220120907
636 : 1.445950341410935
637 : -1.6768611956504174
638 : -2.027113478630781
639 : -0.7236542687751353
640 : -1.0824618125334382
641 : -1.2614023508504033
642 : -0.9060142189264297
643 : -0.9793232223019004
644 : -1.505810670554638
645 : -5.831414983607829
646 : -0.6854609088040888
647 : -6.65094512491487
648 : -6.091815833002329
649 : 4.0866864789277315
650 : 1.1191449179314077
651 : 0.5723760547116399
652 : -1.3536066310480237
653 : -4.6841438873670995
654 : -1.8846430554986
655 : -3.974626955576241
656 : -1.3780540898442268
657 : -2.5479107024148107
658 : -0.8534988844767213
659 : -0.8082066308706999
660 : -1.3419098714366555
661 : -2.1534090396016836
662 : 0.37078428314998746
663 : -1.1880154355894774
664 : 5.815448152134195
665 : -1.7477940176613629
666 : 2.6360782640986145
667 : -6.92024892102927
668 : -3.6469687027856708
669 : -4.959352176636457
670 : -1.1427808115258813
671 : 3.6743824197910726
672 : -1.2574492800049484
673 : -1.6961862742900848
674 : 0.4661984369158745
675 : -1.1588452141731977
676 : -0.805995823815465
677 : -0.18740225676447153
678 : -2.2402541674673557
679 : -1.5732120908796787
680 : -2.121747707016766
681 : -2.2429357301443815
682 : 0.24742169305682182
683 : -0.07602085964754224
684 : -0.9445985741913319
685 : 1.389342391397804
686 : -0.7837815657258034
687 : -0.02774499822407961
688 : -1.2229406072292477
689 : -0.8427039189264178
690 : 2.12218863889575
691 : -0.9184071132913232
692 : 3.3127232268452644
693 : 0.778770743869245
694 : -0.2527156211435795
695 : -1.7861058823764324
696 : -1.724270235747099
697 : -0.8199907932430506
698 : 1.2222399767488241
699 : -1.4603069629520178
700 : -0.9828331675380468
701 : -1.0281305583193898
702 : -0.22433415497653186
703 : -1.3518876936286688
704 : -1.6097677745856345
705 : -0.35207079723477364
706 : -2.291209288407117
707 : -0.6253856692928821
708 : -2.097581632435322
709 : -1.7974157566204667
710 : -2.400513008236885
711 : 2.9252299489453435
712 : -7.251290170475841
713 : -1.9219914339482784
714 : -1.7666530022397637
715 : 2.4951055655255914
716 : 3.653394519351423
717 : -3.4839441683143377
718 : -1.5012413877993822
719 : -38.03945254255086
720 : -0.7539658797904849
721 : -0.9797096694819629
722 : -2.092762576416135
723 : -2.09781588986516
724 : -0.7556847017258406
725 : -4.008197870105505
726 : -0.7900500325486064
727 : -3.39286797773093
728 : -1.895376676460728
729 : 0.4470834592357278
730 : -12.515166383702308
731 : -1.0875035990029573
732 : -0.6265811044722795
733 : -1.7205967549234629
734 : 1.0503486469388008
735 : -0.13628159649670124
736 : -1.6487001227214932
737 : -2.451685266569257
738 : 0.1462076375610195
739 : -12.815107145812362
740 : -0.8284732275642455
741 : -0.5908398097380996
742 : -1.6821441147476435
743 : -0.3341648941859603
744 : -1.382684194482863
745 : -2.0579203935340047
746 : 1.3675957596860826
747 : -1.8270019572228193
748 : 1.1507298100041226
749 : -1.7589873224496841
750 : -0.7944409577175975
751 : -3.7006780984811485
752 : -0.6151267867535353
753 : -2.021794287953526
754 : -1.847905270755291
755 : -1.7267296006903052
756 : 0.9529718607664108
757 : -0.9036857783794403
758 : -1.8918346408754587
759 : -1.0133976871147752
760 : 8.767375119263306
761 : -1.3533159208018333
762 : -2.3889581337571144
763 : -1.1608607359230518
764 : -3.578166699036956
765 : -0.7946466635912657
766 : -6.100408494472504
767 : -5.819782831706107
768 : -4.193507279269397
769 : 9.994766240473837
770 : -0.6264918460510671
771 : -1.1909165792167187
772 : -0.10591559251770377
773 : 0.6978895245119929
774 : -1.4957078881561756
775 : 6.778528391616419
776 : 1.5441301544196904
777 : -0.9205854488536716
778 : -0.5010875510051847
779 : 0.27053160313516855
780 : -1.063898197375238
781 : 0.7240849379450083
782 : -6.889015081804246
783 : -0.1514149212744087
784 : -7.001677959226072
785 : 4.640898173674941
786 : -1.4150838367640972
787 : -0.8528548870235682
788 : 0.05306531488895416
789 : -3.6070377454161644
790 : -3.7781745865941048
791 : -1.7702183276414871
792 : -2.9555247062817216
793 : -0.9856216441839933
794 : 2.6291099414229393
795 : -0.787475046236068
796 : -0.42671842128038406
797 : -1.0912981848232448
798 : -2.6993700535967946
799 : -3.7694133459590375
800 : -1.4300130126066506
801 : 2.208244153764099
802 : -1.7936675548553467
803 : 3.1922798468731344
804 : -2.197471097111702
805 : 5.109571159817278
806 : -0.9544165334664285
807 : -2.748433500295505
808 : -1.499638568609953
809 : -1.3762086853384972
810 : -8.830364965833724
811 : -1.6283665671944618
812 : -1.0184695241041481
813 : -7.174518735148013
814 : -1.4349211170338094
815 : -0.8718269178643823
816 : -0.8892239285632968
817 : 6.824305071495473
818 : -0.8855358511209488
819 : -1.72027357108891
820 : -1.059149484615773
821 : -2.4380518426187336
822 : -1.820919593796134
823 : -3.091095187701285
824 : -0.9732273425906897
825 : 1.6928622480481863
826 : -1.2774514756165445
827 : -0.64547887025401
828 : -5.814183541573584
829 : -2.967873778194189
830 : -1.183727411320433
831 : -1.8453298592939973
832 : 3.5870177690521814
833 : -1.1617712904699147
834 : 2.1817195494659245
835 : -0.8923012670129538
836 : -0.6301768943667412
837 : -1.304716146318242
838 : -5.544779574032873
839 : -0.5832497498486191
840 : -1.1580682913772762
841 : -0.6907933186739683
842 : 0.14734083972871304
843 : 3.760446193628013
844 : -1.7244364540092647
845 : -1.5927612911909819
846 : -1.4497696664184332
847 : 3.7890228640753776
848 : 5.315862340852618
849 : -1.0389406173489988
850 : 4.807381873950362
851 : -1.223635988892056
852 : -1.6266910210251808
853 : 1.2783043066156097
854 : -3.2242342347162776
855 : -4.88243318721652
856 : 0.04789120703935623
857 : -1.7206767606548965
858 : -5.685840796213597
859 : -1.7121659531258047
860 : -2.1523875929415226
861 : -1.6174305025488138
862 : -1.1555443555116653
863 : -10.919542408082634
864 : -0.7336437534540892
865 : -0.7404155414551497
866 : -1.5274367947131395
867 : -4.430722604505718
868 : -2.2214211151003838
869 : -1.2782237296923995
870 : -0.9857531655579805
871 : -3.3666573483496904
872 : -1.0394093561917543
873 : -1.3611417077481747
874 : 1.7099776857648976
875 : -1.514391133096069
876 : -7.571258224546909
877 : 0.6833976116031408
878 : -3.3112552310340106
879 : -1.3176999362185597
880 : -1.5025320537388325
881 : -4.4452981925569475
882 : 2.814492015168071
883 : 0.6968239285051823
884 : -2.493126315996051
885 : -1.1823606062680483
886 : -3.649468551389873
887 : -1.8452726174145937
888 : -3.319383916212246
889 : 8.581423480063677
890 : 1.3243260392919183
891 : 2.3567141024395823
892 : -4.203633518423885
893 : 0.33794346591457725
894 : -0.6213349499739707
895 : 7.820201295427978
896 : -1.563353769481182
897 : 0.11452749045565724
898 : -1.5766154052689672
899 : -1.7013679258525372
900 : -0.7477811109274626
901 : -1.794034205377102
902 : -1.6652658719103783
903 : 1.6230160226114094
904 : -1.0291419816203415
905 : -2.0115575352683663
906 : 0.879196198657155
907 : -1.907734353095293
908 : -3.3879075357690454
909 : 1.5571347181685269
910 : -2.1457012817263603
911 : 3.116074009798467
912 : 0.4360190252773464
913 : 1.3325514453463256
914 : -1.1570025449618697
915 : 3.0817605312913656
916 : -1.540341860614717
917 : -1.0363975455984473
918 : -10.415900306776166
919 : -0.7061991989612579
920 : -2.8996064411476254
921 : -0.8575068283826113
922 : -1.4762444526422769
923 : -3.083571649156511
924 : -0.9863025210797787
925 : -1.3414684850722551
926 : -0.8776237238198519
927 : -3.254128996282816
928 : -0.8980740639381111
929 : -2.9778825351968408
930 : -1.4014551129657775
931 : -1.2377646509557962
932 : -1.8279707822948694
933 : -9.19891692372039
934 : -6.4316092759836465
935 : 1.057660510763526
936 : -2.4409596887417138
937 : -1.1843060813844204
938 : 12.3067538253963
939 : -1.8853935706429183
940 : -2.013323131017387
941 : -1.2992707565426826
942 : -0.7810528927948326
943 : 1.8662370168603957
944 : -0.7875771392136812
945 : -0.985137321986258
946 : -0.6728547350503504
947 : -5.069406950846314
948 : -1.6294437013566494
949 : 7.731106760445982
950 : -2.467645670287311
951 : -28.634974652901292
952 : 1.0909953964874148
953 : -1.3601149134337902
954 : -5.180135779082775
955 : 2.1893998896703124
956 : -4.798204682767391
957 : -1.113310287706554
958 : -3.398535513319075
959 : 0.43860646476969123
960 : -0.48983353190124035
961 : -0.9160590907558799
962 : -3.1641637422144413
963 : -0.5222294153645635
964 : -1.3660653019323945
965 : -1.5254003591835499
966 : -2.7857055785134435
967 : -1.2102341577410698
968 : -1.4601345635019243
969 : 0.029351960867643356
970 : 0.4621064984239638
971 : -1.6250194078311324
972 : -2.913369435351342
973 : -0.4341807682067156
974 : -0.4532107701525092
975 : -10.023272953927517
976 : 1.6783309560269117
977 : 0.15864944085478783
978 : -0.2654751595109701
979 : -1.7060514139011502
980 : -0.24660083558410406
981 : 3.6743100052699447
982 : 4.581287886481732
983 : 4.814367411658168
984 : -1.5890171825885773
985 : 0.30063670314848423
986 : -9.597532097715884
987 : -1.716277565807104
988 : 1.9419411960989237
989 : -2.0783154852688313
990 : -0.5581253943964839
991 : 0.22420884598977864
992 : -10.969863655976951
993 : -2.1369512574747205
994 : -9.090590241365135
995 : -0.3316836943849921
996 : -1.875223908573389
997 : -2.266219597309828
998 : -1.5608673656824976
999 : -0.9846653547137976
Setting up 2 worker threads for Enlighten.
  Thread -> id: 7f88b2399700 -> priority: 1 
  Thread -> id: 7f88b1b98700 -> priority: 1 
2020-06-24 04:11:25 INFO [environment.py:418] Environment shut down with return code 0.
[I 2020-06-24 04:11:25,856] Finished trial#169 with value: -0.9846653547137976 with parameters: {'update_time_steps': 7168, 'ppo_epochs': 12, 'gamma': 0.9631060112143361, 'beta': 0.05625193521353503}. Best is trial#148 with value: -6.7115356754511595.
Found path: /home/j/jensenj/PycharmProjects/Federer-Jr./src/../crawler_single/linux/dynamic_server/crawler_dynamic.x86_64
Mono path[0] = '/home/j/jensenj/PycharmProjects/Federer-Jr./src/../crawler_single/linux/dynamic_server/crawler_dynamic_Data/Managed'
Mono config path = '/home/j/jensenj/PycharmProjects/Federer-Jr./src/../crawler_single/linux/dynamic_server/crawler_dynamic_Data/MonoBleedingEdge/etc'
Preloaded 'lib_burst_generated.so'
Preloaded 'libgrpc_csharp_ext.x64.so'
Initialize engine version: 2019.3.15f1 (59ff3e03856d)
[Subsystems] Discovering subsystems at path /home/j/jensenj/PycharmProjects/Federer-Jr./src/../crawler_single/linux/dynamic_server/crawler_dynamic_Data/UnitySubsystems
Forcing GfxDevice: Null
GfxDevice: creating device client; threaded=0
NullGfxDevice:
    Version:  NULL 1.0 [1.0]
    Renderer: Null Device
    Vendor:   Unity Technologies
Begin MonoManager ReloadAssembly
- Completed reload, in  0.098 seconds
WARNING: Shader Unsupported: 'Autodesk Interactive' - All passes removed
WARNING: Shader Did you use #pragma only_renderers and omit this platform?
UnloadTime: 0.431767 ms
Fallback handler could not load library /home/j/jensenj/PycharmProjects/Federer-Jr./src/../crawler_single/linux/dynamic_server/crawler_dynamic_Data/Mono/libcoreclr.so
Fallback handler could not load library /home/j/jensenj/PycharmProjects/Federer-Jr./src/../crawler_single/linux/dynamic_server/crawler_dynamic_Data/Mono/libcoreclr.so
Fallback handler could not load library /home/j/jensenj/PycharmProjects/Federer-Jr./src/../crawler_single/linux/dynamic_server/crawler_dynamic_Data/Mono/libcoreclr.so
Fallback handler could not load library /home/j/jensenj/PycharmProjects/Federer-Jr./src/../crawler_single/linux/dynamic_server/crawler_dynamic_Data/Mono/libSystem.dylib
Fallback handler could not load library /home/j/jensenj/PycharmProjects/Federer-Jr./src/../crawler_single/linux/dynamic_server/crawler_dynamic_Data/Mono/libSystem.dylib.so
Fallback handler could not load library /home/j/jensenj/PycharmProjects/Federer-Jr./src/../crawler_single/linux/dynamic_server/crawler_dynamic_Data/Mono/libSystem.dylib
Fallback handler could not load library /home/j/jensenj/PycharmProjects/Federer-Jr./src/../crawler_single/linux/dynamic_server/crawler_dynamic_Data/Mono/libcoreclr.so
Fallback handler could not load library /home/j/jensenj/PycharmProjects/Federer-Jr./src/../crawler_single/linux/dynamic_server/crawler_dynamic_Data/Mono/libcoreclr.so
Fallback handler could not load library /home/j/jensenj/PycharmProjects/Federer-Jr./src/../crawler_single/linux/dynamic_server/crawler_dynamic_Data/Mono/libcoreclr.so
Fallback handler could not load library /home/j/jensenj/PycharmProjects/Federer-Jr./src/../crawler_single/linux/dynamic_server/crawler_dynamic_Data/Mono/libSystem.dylib
Fallback handler could not load library /home/j/jensenj/PycharmProjects/Federer-Jr./src/../crawler_single/linux/dynamic_server/crawler_dynamic_Data/Mono/libSystem.dylib.so
Fallback handler could not load library /home/j/jensenj/PycharmProjects/Federer-Jr./src/../crawler_single/linux/dynamic_server/crawler_dynamic_Data/Mono/libSystem.dylib
2020-06-24 04:11:26 INFO [environment.py:108] Connected to Unity environment with package version 1.0.2 and communication version 1.0.0
2020-06-24 04:11:26 INFO [environment.py:265] Connected new brain:
CrawlerDynamic?team=0
2020-06-24 04:11:26 WARNING [__init__.py:92] The environment contains multiple observations. You must define allow_multiple_obs=True to receive them all. Otherwise, only the first visual observation (or vector observation ifthere are no visual observations) will be provided in the observation.
{'nr_output_features': 20, 'nr_input_features': 126, 'env': <gym_unity.envs.UnityToGymWrapper object at 0x7f5181395d30>, 'alpha': 0.003, 'tau': 0.95, 'clip': 0.2, 'minibatch_size': 32, 'hidden_units': 512, 'update_time_steps': 9216, 'ppo_epochs': 9, 'gamma': 0.9754198736960125, 'beta': 0.03988211722438123}
0 : -1.4415500974282622
1 : 4.202501906198449
2 : -1.1398859899491072
3 : -1.0611458383500576
4 : -1.004095888696611
5 : -0.8498168233782053
6 : -0.641260739415884
7 : -0.7882623933255672
8 : -1.0134895220398903
9 : -1.8211779166013002
10 : -1.5253846431151032
11 : -1.147700821980834
12 : -1.405873921699822
13 : -1.4066294450312853
14 : -1.2201702077873051
15 : -1.3035234832204878
16 : -1.031552684493363
17 : -1.323964643292129
18 : -1.5009659677743912
19 : -1.534481592476368
20 : -1.7078243028372526
21 : -1.230947046307847
22 : -0.930998639203608
23 : -0.9412214956246316
24 : -1.5960233584046364
25 : -0.5091226799413562
26 : -0.9058656664565206
27 : -3.1679039150476456
28 : 4.8363015204668045
29 : -1.1398096438497305
30 : -1.39109399728477
31 : -1.60092500038445
32 : -1.0145862861536443
33 : 0.22988369408994913
34 : -1.2172239578794688
35 : 1.5459794318303466
36 : -1.2944900561124086
37 : -1.430082335602492
38 : -1.6757411304861307
39 : -1.027721680700779
40 : -0.9990259436890483
41 : -0.8193306140601635
42 : -1.1108967699110508
43 : -1.0506156031042337
44 : -0.9337912267073989
45 : -0.8186452439986169
46 : 3.745763912796974
47 : -0.8933368632569909
48 : -1.501065807417035
49 : -1.07237170310691
50 : -1.8544020410627127
51 : -0.9746069610118866
52 : -1.4495120253413916
53 : -0.8867472652345896
54 : -1.8082546128425747
55 : -0.4701982196420431
56 : -3.836322414688766
57 : -1.5981342014856637
58 : -0.9969264389947057
59 : -1.3529982101172209
60 : -1.0086527913808823
61 : -1.2389945164322853
62 : -1.2255339529365301
63 : -0.8169395728036761
64 : -2.407987281214446
65 : -1.9362981207668781
66 : -1.43269944190979
67 : -0.9832627763971686
68 : -0.8114342978224158
69 : -1.6016247272491455
70 : -0.7488400815054774
71 : -1.9971677791327238
72 : -1.6119993813335896
73 : -1.6890644882805645
74 : -0.1808863775804639
75 : -1.3496475983411074
76 : -0.8880195822566748
77 : -3.22285266360268
78 : -0.15182637330144644
79 : -1.1272595426999032
80 : -5.243348615244031
81 : -0.49283088371157646
82 : -2.86852512229234
83 : -0.2908861499745399
84 : -0.9979285532608628
85 : -1.1466077491641045
86 : -0.4541351664811373
87 : -1.483542237430811
88 : -2.019284211099148
89 : -1.3831279133446515
90 : -2.74429864063859
91 : -0.22367928316816688
92 : -1.5348028652369976
93 : -0.9853756185621023
94 : -0.8788199704140425
95 : -0.726814501453191
96 : -1.252506935968995
97 : -2.122423343360424
98 : -5.641506548970938
99 : -1.0458118603564799
100 : -7.447553417645395
101 : -0.9600616004317999
102 : -1.1606271024793386
103 : -1.3178314259275794
104 : 1.3791767600923777
105 : -1.634057362563908
106 : -1.5405308678746223
107 : -1.3063527140766382
108 : -1.1565818106755614
109 : -4.138911065179855
110 : -1.3493621991947293
111 : -0.6729826405644417
112 : -1.3885225411504507
113 : -1.5991748161613941
114 : -2.7048114500939846
115 : -1.743108306080103
116 : -1.4142130021937191
117 : -0.36561409942805767
118 : -1.6522794850170612
119 : -1.9026256278157234
120 : -1.5497024729847908
121 : -0.845345864072442
122 : -1.3477914854884148
123 : -1.4425732586532831
124 : -2.0801292844116688
125 : -1.7688422920182347
126 : -2.5267715519294143
127 : -1.625298185274005
128 : -2.2701068110764027
129 : -1.644821211695671
130 : -1.197915748693049
131 : -0.9722248520702124
132 : -1.340559241361916
133 : -1.3615455878898501
134 : -0.5516360336914659
135 : -1.8953601852990687
136 : -1.3062738422304392
137 : -1.4764673318713903
138 : -0.42835556250065565
139 : 0.16058407817035913
140 : -0.7907157465815544
141 : -0.9708941727876663
142 : -1.2588744289241731
143 : -0.6915997928008437
144 : -1.5753230233676732
145 : -0.6751043549738824
146 : -1.201538851018995
147 : -1.9132546931505203
148 : -1.2151415534317493
149 : 0.200417120475322
150 : -1.8883106783032417
151 : -1.0953604886308312
152 : -1.2697682911530137
153 : -1.6767153395339847
154 : -1.841465431265533
155 : 9.27452618535608
156 : -1.0416271556168795
157 : -1.602172302082181
158 : -0.7161921677179635
159 : -1.4609850295819342
160 : -1.6767589207738638
161 : -2.191906411695527
162 : -1.7680070083588362
163 : -3.9764569411054254
164 : -2.3572755977511406
165 : -1.1346149556338787
166 : -0.4275198238901794
167 : -0.6917181047610939
168 : -2.037286354228854
169 : -1.6867150533944368
170 : -1.2082104752771556
171 : -0.971582927275449
172 : -0.6205394752323627
173 : -1.846912703011185
174 : -2.105391874909401
175 : -10.02036863192916
176 : -0.6988408826291561
177 : -0.06608741730451584
178 : -2.0667566005140543
179 : -1.9774012807756662
180 : -1.1191722145304084
181 : -0.9596033915877342
182 : -0.6257738601416349
183 : -2.4128843657672405
184 : -1.7152822390198708
[W 2020-06-24 04:14:20,882] Setting status of trial#185 as TrialState.FAIL because of the following error: ValueError('array split does not result in an equal division',)
Traceback (most recent call last):
  File "/home/j/jensenj/.local/lib/python3.6/site-packages/numpy/lib/shape_base.py", line 867, in split
    len(indices_or_sections)
TypeError: object of type 'int' has no len()

During handling of the above exception, another exception occurred:

Traceback (most recent call last):
  File "/home/j/jensenj/.local/lib/python3.6/site-packages/optuna/study.py", line 734, in _run_trial
    result = func(trial)
  File "main-optuna.py", line 88, in objective
    returns = [episode(env, agent, params, writer, i) for i in range(training_episodes)]
  File "main-optuna.py", line 88, in <listcomp>
    returns = [episode(env, agent, params, writer, i) for i in range(training_episodes)]
  File "main-optuna.py", line 40, in episode
    agent.update(next_state)
  File "/home/j/jensenj/PycharmProjects/Federer-Jr./src/ppo.py", line 140, in update
    for states, actions, old_log_probs, returns, advantages in self.memory.sample_batch(self.minibatch_size, next_value):
  File "/home/j/jensenj/PycharmProjects/Federer-Jr./src/ppo.py", line 44, in sample_batch
    ids = np.split(ids, batch_size // minibatch_size)
  File "<__array_function__ internals>", line 6, in split
  File "/home/j/jensenj/.local/lib/python3.6/site-packages/numpy/lib/shape_base.py", line 873, in split
    'array split does not result in an equal division')
ValueError: array split does not result in an equal division
Traceback (most recent call last):
  File "/home/j/jensenj/.local/lib/python3.6/site-packages/numpy/lib/shape_base.py", line 867, in split
    len(indices_or_sections)
TypeError: object of type 'int' has no len()

During handling of the above exception, another exception occurred:

Traceback (most recent call last):
  File "main-optuna.py", line 103, in <module>
    study.optimize(objective, n_trials=1000)
  File "/home/j/jensenj/.local/lib/python3.6/site-packages/optuna/study.py", line 339, in optimize
    func, n_trials, timeout, catch, callbacks, gc_after_trial, None
  File "/home/j/jensenj/.local/lib/python3.6/site-packages/optuna/study.py", line 682, in _optimize_sequential
    self._run_trial_and_callbacks(func, catch, callbacks, gc_after_trial)
  File "/home/j/jensenj/.local/lib/python3.6/site-packages/optuna/study.py", line 713, in _run_trial_and_callbacks
    trial = self._run_trial(func, catch, gc_after_trial)
  File "/home/j/jensenj/.local/lib/python3.6/site-packages/optuna/study.py", line 734, in _run_trial
    result = func(trial)
  File "main-optuna.py", line 88, in objective
    returns = [episode(env, agent, params, writer, i) for i in range(training_episodes)]
  File "main-optuna.py", line 88, in <listcomp>
    returns = [episode(env, agent, params, writer, i) for i in range(training_episodes)]
  File "main-optuna.py", line 40, in episode
    agent.update(next_state)
  File "/home/j/jensenj/PycharmProjects/Federer-Jr./src/ppo.py", line 140, in update
    for states, actions, old_log_probs, returns, advantages in self.memory.sample_batch(self.minibatch_size, next_value):
  File "/home/j/jensenj/PycharmProjects/Federer-Jr./src/ppo.py", line 44, in sample_batch
    ids = np.split(ids, batch_size // minibatch_size)
  File "<__array_function__ internals>", line 6, in split
  File "/home/j/jensenj/.local/lib/python3.6/site-packages/numpy/lib/shape_base.py", line 873, in split
    'array split does not result in an equal division')
ValueError: array split does not result in an equal division
Setting up 2 worker threads for Enlighten.
  Thread -> id: 7f6642ae0700 -> priority: 1 
  Thread -> id: 7f66422df700 -> priority: 1 
2020-06-24 04:14:21 INFO [environment.py:418] Environment shut down with return code 0.
