slurmstepd-nau: error: Unable to create TMPDIR [/tmp/user/30108]: Permission denied
slurmstepd-nau: error: Setting TMPDIR to /tmp
Found path: /home/j/jensenj/PycharmProjects/Federer-Jr./src/../crawler_single/linux/dynamic_server/crawler_dynamic.x86_64
Mono path[0] = '/home/j/jensenj/PycharmProjects/Federer-Jr./src/../crawler_single/linux/dynamic_server/crawler_dynamic_Data/Managed'
Mono config path = '/home/j/jensenj/PycharmProjects/Federer-Jr./src/../crawler_single/linux/dynamic_server/crawler_dynamic_Data/MonoBleedingEdge/etc'
Preloaded 'lib_burst_generated.so'
Preloaded 'libgrpc_csharp_ext.x64.so'
Initialize engine version: 2019.3.15f1 (59ff3e03856d)
[Subsystems] Discovering subsystems at path /home/j/jensenj/PycharmProjects/Federer-Jr./src/../crawler_single/linux/dynamic_server/crawler_dynamic_Data/UnitySubsystems
Forcing GfxDevice: Null
GfxDevice: creating device client; threaded=0
NullGfxDevice:
    Version:  NULL 1.0 [1.0]
    Renderer: Null Device
    Vendor:   Unity Technologies
Begin MonoManager ReloadAssembly
- Completed reload, in  0.098 seconds
WARNING: Shader Unsupported: 'Autodesk Interactive' - All passes removed
WARNING: Shader Did you use #pragma only_renderers and omit this platform?
UnloadTime: 0.427863 ms
Fallback handler could not load library /home/j/jensenj/PycharmProjects/Federer-Jr./src/../crawler_single/linux/dynamic_server/crawler_dynamic_Data/Mono/libcoreclr.so
Fallback handler could not load library /home/j/jensenj/PycharmProjects/Federer-Jr./src/../crawler_single/linux/dynamic_server/crawler_dynamic_Data/Mono/libcoreclr.so
Fallback handler could not load library /home/j/jensenj/PycharmProjects/Federer-Jr./src/../crawler_single/linux/dynamic_server/crawler_dynamic_Data/Mono/libcoreclr.so
Fallback handler could not load library /home/j/jensenj/PycharmProjects/Federer-Jr./src/../crawler_single/linux/dynamic_server/crawler_dynamic_Data/Mono/libSystem.dylib
Fallback handler could not load library /home/j/jensenj/PycharmProjects/Federer-Jr./src/../crawler_single/linux/dynamic_server/crawler_dynamic_Data/Mono/libSystem.dylib.so
Fallback handler could not load library /home/j/jensenj/PycharmProjects/Federer-Jr./src/../crawler_single/linux/dynamic_server/crawler_dynamic_Data/Mono/libSystem.dylib
Fallback handler could not load library /home/j/jensenj/PycharmProjects/Federer-Jr./src/../crawler_single/linux/dynamic_server/crawler_dynamic_Data/Mono/libcoreclr.so
Fallback handler could not load library /home/j/jensenj/PycharmProjects/Federer-Jr./src/../crawler_single/linux/dynamic_server/crawler_dynamic_Data/Mono/libcoreclr.so
Fallback handler could not load library /home/j/jensenj/PycharmProjects/Federer-Jr./src/../crawler_single/linux/dynamic_server/crawler_dynamic_Data/Mono/libcoreclr.so
Fallback handler could not load library /home/j/jensenj/PycharmProjects/Federer-Jr./src/../crawler_single/linux/dynamic_server/crawler_dynamic_Data/Mono/libSystem.dylib
Fallback handler could not load library /home/j/jensenj/PycharmProjects/Federer-Jr./src/../crawler_single/linux/dynamic_server/crawler_dynamic_Data/Mono/libSystem.dylib.so
Fallback handler could not load library /home/j/jensenj/PycharmProjects/Federer-Jr./src/../crawler_single/linux/dynamic_server/crawler_dynamic_Data/Mono/libSystem.dylib
/home/j/jensenj/.local/lib/python3.6/site-packages/tensorboard/compat/tensorflow_stub/dtypes.py:541: FutureWarning: Passing (type, 1) or '1type' as a synonym of type is deprecated; in a future version of numpy, it will be understood as (type, (1,)) / '(1,)type'.
  _np_qint8 = np.dtype([("qint8", np.int8, 1)])
/home/j/jensenj/.local/lib/python3.6/site-packages/tensorboard/compat/tensorflow_stub/dtypes.py:542: FutureWarning: Passing (type, 1) or '1type' as a synonym of type is deprecated; in a future version of numpy, it will be understood as (type, (1,)) / '(1,)type'.
  _np_quint8 = np.dtype([("quint8", np.uint8, 1)])
/home/j/jensenj/.local/lib/python3.6/site-packages/tensorboard/compat/tensorflow_stub/dtypes.py:543: FutureWarning: Passing (type, 1) or '1type' as a synonym of type is deprecated; in a future version of numpy, it will be understood as (type, (1,)) / '(1,)type'.
  _np_qint16 = np.dtype([("qint16", np.int16, 1)])
/home/j/jensenj/.local/lib/python3.6/site-packages/tensorboard/compat/tensorflow_stub/dtypes.py:544: FutureWarning: Passing (type, 1) or '1type' as a synonym of type is deprecated; in a future version of numpy, it will be understood as (type, (1,)) / '(1,)type'.
  _np_quint16 = np.dtype([("quint16", np.uint16, 1)])
/home/j/jensenj/.local/lib/python3.6/site-packages/tensorboard/compat/tensorflow_stub/dtypes.py:545: FutureWarning: Passing (type, 1) or '1type' as a synonym of type is deprecated; in a future version of numpy, it will be understood as (type, (1,)) / '(1,)type'.
  _np_qint32 = np.dtype([("qint32", np.int32, 1)])
/home/j/jensenj/.local/lib/python3.6/site-packages/tensorboard/compat/tensorflow_stub/dtypes.py:550: FutureWarning: Passing (type, 1) or '1type' as a synonym of type is deprecated; in a future version of numpy, it will be understood as (type, (1,)) / '(1,)type'.
  np_resource = np.dtype([("resource", np.ubyte, 1)])
2020-06-24 03:42:01 INFO [environment.py:108] Connected to Unity environment with package version 1.0.2 and communication version 1.0.0
2020-06-24 03:42:01 INFO [environment.py:265] Connected new brain:
CrawlerDynamic?team=0
2020-06-24 03:42:01 WARNING [__init__.py:92] The environment contains multiple observations. You must define allow_multiple_obs=True to receive them all. Otherwise, only the first visual observation (or vector observation ifthere are no visual observations) will be provided in the observation.
/home/j/jensenj/.local/lib/python3.6/site-packages/gym/logger.py:30: UserWarning: WARN: Box bound precision lowered by casting to float32
  warnings.warn(colorize('%s: %s'%('WARN', msg % args), 'yellow'))
{'nr_output_features': 20, 'nr_input_features': 126, 'env': <gym_unity.envs.UnityToGymWrapper object at 0x7f253c23bf98>, 'alpha': 0.003, 'tau': 0.95, 'clip': 0.2, 'minibatch_size': 32, 'hidden_units': 512, 'update_time_steps': 7168, 'ppo_epochs': 10, 'gamma': 0.9643806954968841, 'beta': 0.058138992349948015}
0 : -2.1483941986225545
1 : -1.5229733064770699
2 : 0.12990228086709976
3 : -0.5601449590176344
4 : -2.5690483525395393
5 : -0.7358836587518454
6 : -1.5198248829692602
7 : -1.4312739688903093
8 : 0.5141957835294306
9 : -1.7060050573199987
10 : -0.4447132716886699
11 : -1.160398816689849
12 : -4.201178490649909
13 : -3.868430357426405
14 : -1.7304204885149375
15 : -1.8590088933706284
16 : 1.876271023415029
17 : -1.4625222256872803
18 : -0.9302358655259013
19 : -0.9393381979316473
20 : -1.4113574782386422
21 : -1.3851342732086778
22 : -0.9786901883780956
23 : -1.2488695352803916
24 : -2.889273785520345
25 : -1.8551372773945332
26 : 1.2396527277305722
27 : -1.7418619329109788
28 : -1.2793043875135481
29 : -1.0272175124846399
30 : -0.6557073071599007
31 : -1.7062240159139037
32 : -1.347779722418636
33 : -1.3090191893279552
34 : -1.1309816506691277
35 : -2.704467821866274
36 : -2.992702055722475
37 : -2.4641086142510176
38 : -1.091131410561502
39 : -0.7556141596287489
40 : -1.1976994490250945
41 : -1.35247116163373
42 : -1.687833335250616
43 : -3.0109890052117407
44 : -1.1252915794029832
45 : -0.8595460313372314
46 : -0.7151482817716897
47 : -1.7390195429325104
48 : -1.1338737336918712
49 : -4.68512330763042
50 : -1.257752032019198
51 : -1.6658413959667087
52 : -0.34647866524755955
53 : -0.86437215982005
54 : -4.924020383507013
55 : -5.039658908732235
56 : -1.8015023320913315
57 : -1.7204486755654216
58 : -1.4192456807941198
59 : -1.5408453941345215
60 : -4.557951454073191
61 : -1.3795212805271149
62 : -1.5689878622069955
63 : -0.9901351192966104
64 : -0.7942025177180767
65 : -0.11370636150240898
66 : -1.6097575593739748
67 : -1.6131255775690079
68 : -1.2909690695814788
69 : -0.821559518110007
70 : -1.8997543575242162
71 : -0.794338689185679
72 : -1.3928010696545243
73 : -1.520163532346487
74 : -3.8438672656193376
75 : -1.1930777644738555
76 : -1.3746900083497167
77 : -1.318092294037342
78 : -0.9038177612237632
79 : -1.1192245036363602
80 : -2.455198736162856
81 : 0.5955243022181094
82 : -0.70186014380306
83 : -1.1044668797403574
84 : -1.5555083844810724
85 : -0.3926423382945359
86 : -1.2395078870467842
87 : -0.07456383015960455
88 : -1.8753984104841948
89 : -1.690064873546362
90 : -3.706850692629814
91 : -1.8206410333514214
92 : -0.8967230399139225
93 : -0.3840893479064107
94 : -1.8604862233623862
95 : -0.8042717231437564
96 : -1.1634525991976261
97 : -0.5611619055271149
98 : -1.7467936798930168
99 : -1.3860167507082224
100 : -2.019013646990061
101 : -0.4281887812539935
102 : -1.5621609492227435
103 : -1.7608133293688297
104 : -0.6023400407284498
105 : -3.1011519357562065
106 : -1.321236226358451
107 : -5.134991659782827
108 : -1.2084610796300694
109 : 0.5664085270836949
110 : 18.285892715211958
111 : 2.727976866066456
112 : -1.2038341592997313
113 : -0.800566072575748
114 : -1.6587444441393018
115 : -1.6656479020603001
116 : 0.13564510270953178
117 : -1.6060085464268923
118 : -1.5229775123298168
119 : -2.2655031476169825
120 : -5.4854457303881645
121 : -8.113692205399275
122 : 0.42589591816067696
123 : 3.035231710411608
124 : -0.5121348104439676
125 : -3.483053113333881
126 : -1.6180901043117046
127 : -1.382582513615489
128 : -3.25389139726758
129 : -1.5591677650809288
130 : -3.248577132821083
131 : -1.9094508178532124
132 : -2.932713557500392
133 : 0.8574370946735144
134 : 3.8059014547616243
135 : -7.029005616903305
136 : 2.3990438445471227
137 : -2.8387696743011475
138 : -0.980837382376194
139 : -1.4767209505662322
140 : 0.4446101440116763
141 : -0.9267354342155159
142 : 2.322963312268257
143 : -1.4107669983059168
144 : 0.09698045393452048
145 : -0.15437083272263408
146 : -0.21225980250164866
147 : -0.863934971857816
148 : -3.202927665784955
149 : -2.3842104172799736
150 : -0.8828296167775989
151 : -0.7337572611868382
152 : -0.8740004431456327
153 : -1.8221378233283758
154 : -7.359659023582935
155 : -3.7280377512797713
156 : -2.0122158732265234
157 : -2.8669027257710695
158 : -1.1233721198514104
159 : -1.3914871327579021
160 : -0.6219866387546062
161 : -7.777967628091574
162 : -3.0517799332737923
163 : 0.7103488920256495
164 : -1.4347085114568472
165 : -1.702960543334484
166 : -2.0313872792758048
167 : -1.391941111534834
168 : -1.3351369798183441
169 : -1.1390955653041601
170 : -1.06574566103518
171 : -0.4422772843390703
172 : -3.3926038711797446
173 : -2.034765916876495
174 : -0.6001130645163357
175 : -1.146990992128849
176 : -0.8101979438215494
177 : -0.46806701738387346
178 : 0.6484566861763597
179 : -0.023688239511102438
180 : -1.3783220048062503
181 : -1.121248273178935
182 : -1.4049678398296237
183 : -1.558519565500319
184 : -1.780036261305213
185 : -1.4219529749825597
186 : -1.245208501815796
187 : -1.23422222584486
188 : -0.5760687533766031
189 : -1.2115759700536728
190 : -1.3970248317345977
191 : -1.8265545940957963
192 : -1.3253318537026644
193 : 0.8497263737954199
194 : -1.1784370839595795
195 : 4.701966219116002
196 : -1.5364922992885113
197 : -1.1772216176614165
198 : -2.669622669927776
199 : -0.9956850381568074
200 : 1.4217445747926831
201 : -1.664101380854845
202 : -1.437846777960658
203 : -3.7221948634833097
204 : -1.5006980067119002
205 : -1.1397378467954695
206 : -1.1277432357892394
207 : -0.7956515187397599
208 : -2.3873513606376946
209 : -2.1110620237886906
210 : -1.1770386421121657
211 : -1.1774294460192323
212 : -1.482009606435895
213 : -2.875942187383771
214 : -1.407987435348332
215 : -1.3558168038725853
216 : -9.347660474013537
217 : 5.598659590817988
218 : -1.1160845127888024
219 : -1.126326949801296
220 : -1.8231130950152874
221 : -1.2558046311605722
222 : -2.781833320390433
223 : -0.9028107924386859
224 : -1.1756187798455358
225 : 2.628124247305095
226 : 0.4703460382297635
227 : -1.2331388629972935
228 : -1.3598117446526885
229 : -0.9050116697326303
230 : -1.5465399185195565
231 : -1.41175776720047
232 : 0.4501068922691047
233 : 2.1618787695188075
234 : -1.762939055915922
235 : -4.164522814098746
236 : -1.4481455700588413
237 : -1.0827761106193066
238 : -1.1478080402011983
239 : -1.1691063232719898
240 : -0.8445538561791182
241 : -1.584884180687368
242 : -15.685126923955977
243 : -1.4015166310127825
244 : 2.112586935516447
245 : -1.2857971226330847
246 : -1.3957356875762343
247 : -4.9750960394740105
248 : -2.6707634665071964
249 : -1.3069627918303013
250 : 0.44005380291491747
251 : -2.1329394802451134
252 : -0.981673520989716
253 : -1.3365692403167486
254 : -2.073074418818578
255 : -1.5894663836807013
256 : -0.8474523816257715
257 : -1.1976392287760973
258 : -0.7475001364946365
259 : -2.7420603334903717
260 : -0.5032942020334303
261 : -2.08839775621891
262 : -0.89597612246871
263 : 0.8040627781301737
264 : -1.8090054765343666
265 : -0.8483504531905055
266 : -1.2319377977401018
267 : -0.21903709787875414
268 : -0.9786405004560947
269 : -1.0153771191835403
270 : -2.5230442322790623
271 : -9.567001834511757
272 : 0.5317547102458775
273 : -1.5052147693932056
274 : 1.2498051561415195
275 : -1.2743169367313385
276 : -0.53345160279423
277 : -2.3187128922436386
278 : -2.063444472849369
279 : -1.1771870972588658
280 : -0.7931004287675023
281 : -1.1708595310337842
282 : -1.2433252583723515
283 : -1.1715795118361712
284 : -1.6809063078835607
285 : -3.514006069395691
286 : 0.20404096134006977
287 : -1.4800760503858328
288 : -0.336716016754508
289 : -1.4430947727523744
290 : -6.622135533951223
291 : 0.7153764627873898
292 : -1.6694268407300115
293 : -0.8007768876850605
294 : -0.14667547261342406
295 : -7.682229595258832
296 : 0.3826247351244092
297 : -1.2564402911812067
298 : -1.1549723602365702
299 : -0.6266603458207101
300 : -2.267797438427806
301 : -1.1416503861546516
302 : -2.0436196797527373
303 : -1.4323824271559715
304 : -0.2532061077654362
305 : -2.658429590985179
306 : -1.873235640116036
307 : -0.7185206129215658
308 : -1.3651229720562696
309 : -1.4435318130999804
310 : 1.0127924587577581
311 : -0.12309371959418058
312 : -1.7168113999068737
313 : -1.486387463286519
314 : -0.9785875517409295
315 : -1.765725283883512
316 : -1.0443213377147913
317 : -3.8960282830521464
318 : -0.9024344133213162
319 : -1.3426826796494424
320 : -1.4897313304245472
321 : -1.4963410459458828
322 : 1.8301402274519205
323 : -1.6652831956744194
324 : -0.23020202852785587
325 : -0.21946675889194012
326 : 1.6970694526098669
327 : -7.43486875295639
328 : -1.4136486165225506
329 : -1.4268786776810884
330 : 0.06983451964333653
331 : -0.7230088831856847
332 : -1.7756106480956078
333 : -2.002544581890106
334 : -1.6778489165008068
335 : -1.41928437538445
336 : 4.409765298478305
337 : -1.1069164876826108
338 : -1.8409182615578175
339 : -11.065045528113842
340 : -7.810917098075151
341 : -1.2559562865644693
342 : -1.9723760224878788
343 : -1.7117978371679783
344 : -2.1305078314617276
345 : -1.2650730134919286
346 : -1.0387205658480525
347 : -1.2043697852641344
348 : -1.1459247963503003
349 : -0.04128989204764366
350 : -1.0336089339107275
351 : 0.09552567452192307
352 : -1.0668082861229777
353 : -1.4263885961845517
354 : -1.1068440089002252
355 : 3.354349478147924
356 : -11.014769181609154
357 : -0.8929504067637026
358 : -1.595814485102892
359 : -2.3212917409837246
360 : -0.7777356803417206
361 : -1.4009116478264332
362 : -2.301614962518215
363 : -1.0602938735391945
364 : -1.3294554986059666
365 : -0.9890261748805642
366 : -3.9904677607119083
367 : -1.134726712713018
368 : -0.15533447079360485
369 : -1.5867926143109798
370 : -0.6783632817678154
371 : -0.4358440302312374
372 : -1.5944805815815926
373 : -1.9883138537406921
374 : -2.107424736022949
375 : -6.56380008906126
376 : -1.0980120478197932
377 : -2.6083080992102623
378 : 0.8322033751755953
379 : -0.7529191607609391
380 : -2.343208249658346
381 : -0.6964459680020809
382 : -1.3041158956475556
383 : -2.139948503114283
384 : -2.6699719801545143
385 : -1.4780752044171095
386 : -0.8271326133981347
387 : -1.0399781824089587
388 : -1.2003855453804135
389 : -1.4259756477549672
390 : -3.330741386860609
391 : -1.1879523983225226
392 : -1.562326231971383
393 : -1.4847677610814571
394 : -0.8453886518254876
395 : -1.5028778873383999
396 : -1.516732991207391
397 : -1.0480508413165808
398 : -0.8051855629310012
399 : -1.858147718012333
400 : -1.2662838082760572
401 : -1.8539254246279597
402 : 0.7055546157062054
403 : 3.536296909675002
404 : -1.1456290436908603
405 : 0.4362502032890916
406 : -1.1650602659210563
407 : -1.3282582350075245
408 : -2.027590041048825
409 : -1.3259098236449063
410 : -0.9964682930149138
411 : -0.7949385098181665
412 : -0.12685698689892888
413 : -0.7737979497760534
414 : -0.4250243026763201
415 : 1.4760757614858449
416 : -4.505288234911859
417 : 0.7237815577536821
418 : -1.4157218397594988
419 : -1.0132273137569427
420 : -4.013891072012484
421 : -1.324161177733913
422 : -20.38710015430115
423 : 2.4143902570940554
424 : -1.5446866005659103
425 : -0.30810619704425335
426 : 2.6834576693363488
427 : -1.5603163447231054
428 : 1.138809078373015
429 : -1.6673224493861198
430 : -0.8992767999880016
431 : -0.874095506966114
432 : -2.392983442172408
433 : -1.8282357640564442
434 : -7.152207022998482
435 : -1.7221334958449006
436 : -6.696685027331114
437 : -1.2051276480779052
438 : -1.3182790325954556
439 : -0.8210082100704312
440 : -0.36749616265296936
441 : -1.2339732851833105
442 : -0.7729986160993576
443 : -3.0877240179106593
444 : -0.5922743650153279
445 : 0.429141016677022
446 : -1.718470275402069
447 : -1.7725416012108326
448 : 0.22299883887171745
449 : -2.487685412168503
450 : 21.490229921415448
451 : -1.216491475701332
452 : -2.5955190286040306
453 : -1.0001353081315756
454 : -1.3747613593004644
455 : 0.9335417523980141
456 : -0.9802430644631386
457 : -2.064391814172268
458 : -0.009500992484390736
459 : -1.5992560195736587
460 : -2.1763261556625366
461 : -8.522091161459684
462 : -10.966890148818493
463 : -1.744676947593689
464 : 0.4378205803222954
465 : -3.3143126382492483
466 : -2.853609996382147
467 : -0.7370104379951954
468 : -9.105658984277397
469 : -1.3573069518897682
470 : 2.148260219953954
471 : -1.7445943159982562
472 : -1.8079799003899097
473 : -1.833166235126555
474 : -1.5894853230565786
475 : -0.8293218505568802
476 : -1.1350478883832693
477 : -0.9670998631045222
478 : -1.621028022840619
479 : 2.30401648581028
480 : -1.1329837227240205
481 : 1.3320726808160543
482 : 2.8353487756103277
483 : -1.5497366599738598
484 : -0.9710673065856099
485 : -1.6046381681226194
486 : -2.9316777512431145
487 : -1.8757333867251873
488 : 5.739366556284949
489 : -1.72330782096833
490 : 0.23450261866673827
491 : -1.4030241393484175
492 : 3.5428507192991674
493 : -1.6449107946828008
494 : -2.8080629985779524
495 : -4.99176587164402
496 : -2.5281688645482063
497 : -1.14846494467929
498 : -0.9187187496572733
499 : -11.28033914975822
500 : -0.9477349915541708
501 : -0.3233486581593752
502 : -2.733675892697647
503 : -2.077203083783388
504 : -1.2543787439353764
505 : 0.42799677327275276
506 : 2.3153351608198136
507 : -2.20514855440706
508 : 5.246906075859442
509 : -1.5518122157081962
510 : -3.2275492195039988
511 : 0.11889523081481457
512 : -4.94124017143622
513 : -1.3619483213406056
514 : -1.48292600736022
515 : -0.679299343843013
516 : 1.6458974219858646
517 : -1.2367513179779053
518 : -2.7559201810508966
519 : -2.372689667157829
520 : -2.1809352533891797
521 : -2.155348911881447
522 : 0.4871555236168206
523 : -2.817897319793701
524 : -1.6037827860563993
525 : -0.6109224501997232
526 : -2.5440452098846436
527 : -0.7214420042000711
528 : -0.7431562347337604
529 : -1.3724119048565626
530 : -1.3147296663373709
531 : -1.9125412069261074
532 : 0.6761761140078306
533 : 0.2899150219745934
534 : -0.6438697520643473
535 : -4.090587764978409
536 : -1.6841338290832937
537 : -1.479442867450416
538 : -0.7378405905328691
539 : -0.46420564129948616
540 : -0.799101086333394
541 : -1.232835365459323
542 : -1.8792589642107487
543 : -0.8661485444754362
544 : -0.6625854829326272
545 : -5.683244939893484
546 : -2.2247711567906663
547 : -1.4013656359165907
548 : -1.7790295779705048
549 : -1.2307267440482974
550 : -4.7997939912602305
551 : -1.8544755354523659
552 : -0.9902161885984242
553 : -0.9735577395185828
554 : -0.4596140584908426
555 : -1.4380823401734233
556 : -1.316472914069891
557 : -4.41762266936712
558 : -3.1965061649680138
559 : -0.805901993997395
560 : -0.7857806608080864
561 : -3.8881725654937327
562 : -1.6199304461479187
563 : -3.0835961094126105
564 : 0.7920884462073445
565 : -2.5684631704352796
566 : -1.744021512567997
567 : 2.977239478379488
568 : -1.3294308604672551
569 : -3.360988086555153
570 : -2.731927442830056
571 : -1.6331533836200833
572 : -2.1411898899823427
573 : 0.55817059148103
574 : 0.6445454712957144
575 : -1.4159274529665709
576 : -1.2646972630172968
577 : -4.907381844706833
578 : -2.4677685759961605
579 : 1.3884224407374859
580 : 2.6144897332414985
581 : -6.784233612008393
582 : -2.018941456452012
583 : 0.5332337152212858
584 : -1.2600439274683595
585 : -5.417147219181061
586 : -1.710327004082501
587 : -1.3584471233189106
588 : -1.1660000677220523
589 : -1.761339534074068
590 : -0.4074161946773529
591 : -1.7267663329839706
592 : -0.8739218027330935
593 : -1.421783123165369
594 : -3.400145925115794
595 : -3.488936820998788
596 : -2.802713440731168
597 : -1.6541564092040062
598 : -1.2438243157230318
599 : 0.3759018490090966
600 : -1.0714953877031803
601 : -0.9194702738896012
602 : -1.3505424102768302
603 : -9.585502524860203
604 : -1.4886952601373196
605 : -1.5055980160832405
606 : 0.2105058878660202
607 : -0.9353714138269424
608 : -1.5669096168130636
609 : -0.8646950051188469
610 : 0.3476987974718213
611 : -2.802544929087162
612 : -6.601036426611245
613 : -1.5992824882268906
614 : -6.836981876287609
615 : -1.3809149898588657
616 : -1.2297016772499774
617 : -1.9392727930098772
618 : -0.7913147276267409
619 : -1.7203713897615671
620 : -0.09545836225152016
621 : 4.617582136997953
622 : -1.2297477717511356
623 : -5.66678730212152
624 : -2.196018708869815
625 : -1.0401856359094381
626 : -1.0565767735242844
627 : -0.7826519189402461
628 : -2.1690866611897945
629 : 2.358637237921357
630 : -5.422067157924175
631 : -1.4005278181284666
632 : -0.9042437532916665
633 : -1.2822537142783403
634 : -1.0289041167125106
635 : -1.4798772712238133
636 : -1.0874356045387685
637 : -0.9965640204027295
638 : -1.6326418295502663
639 : -1.1556339636445045
640 : -4.31399261392653
641 : -11.083228906616569
642 : -1.4139694375917315
643 : -0.8909170990809798
644 : 4.351305853575468
645 : -2.0471703433431685
646 : 1.517182414419949
647 : -1.3371579609811306
648 : -1.2216362680774182
649 : -0.6293038753792644
650 : -1.247174137388356
651 : -1.3699915278702974
652 : -4.64715457521379
653 : -5.497282736003399
654 : -1.6757127065211535
655 : -1.7782960291951895
656 : -0.9920294312760234
657 : -0.9712396319955587
658 : 8.919815531000495
659 : -1.2749534081667662
660 : -1.8660078616812825
661 : -3.820351258153096
662 : 0.40461735893040895
663 : -1.335557509213686
664 : -1.4742333656176925
665 : -0.49677526857703924
666 : -1.4490512106567621
667 : -1.449468452949077
668 : -5.129734228830785
669 : -0.9299385468475521
670 : 0.006684569641947746
671 : 12.401676767505705
672 : -4.250803361646831
673 : -2.962555104866624
674 : -1.2900560055859387
675 : -4.593847531825304
676 : -1.5742323147132993
677 : -2.602481260895729
678 : -2.7942302552983165
679 : 0.24261701572686434
680 : -0.7187077030539513
681 : -0.45879747346043587
682 : -1.5447311187162995
683 : -0.6434071082621813
684 : 10.214163036085665
685 : -2.8921080846339464
686 : -1.9332774430513382
687 : -1.8943487033247948
688 : 1.6054130159318447
689 : -1.6754709659144282
690 : -2.7787317084148526
691 : -2.9290347485803068
692 : -1.4647784722037613
693 : -1.5431300234049559
694 : -1.4524588990025222
695 : -0.18158352933824062
696 : -1.8610502164810896
697 : 1.915703282225877
698 : -0.695655282586813
699 : -1.9011714532971382
700 : -2.034441813826561
701 : -2.555010560899973
702 : 0.18505978828761727
703 : -2.457592655904591
704 : -1.8666095221415162
705 : -1.3367560496553779
706 : -3.027429573237896
707 : 2.0172361563891172
708 : -1.4796369560062885
709 : -0.9204401974566281
710 : -1.8847320824861526
711 : -0.6111218882724643
712 : -4.064269959926605
713 : -1.321135003119707
714 : 0.5954169885371812
715 : -5.858041442930698
716 : -1.6026128754019737
717 : 0.9070905619300902
718 : 2.9487267937511206
719 : -4.911891382187605
720 : -0.7054336806759238
721 : -1.9731994294561446
722 : -0.05444751726463437
723 : -0.7536263782531023
724 : -1.1837068586610258
725 : -2.880840428173542
726 : -0.9932507704943419
727 : -1.4175907922908664
728 : -1.4893457489088178
729 : -2.6081216037273407
730 : 1.592977738007903
731 : -1.2093914686702192
732 : -1.4296064283698797
733 : -0.8932723682373762
734 : -1.3650289201177657
735 : 9.889396794140339
736 : -1.4860088541172445
737 : 0.03841892024502158
738 : -0.9495427638757974
739 : -0.819879099028185
740 : -3.088692907243967
741 : -3.442563146352768
742 : -1.1584891136735678
743 : -1.062609690707177
744 : 0.7366031408309937
745 : -1.334342885762453
746 : -1.37502323044464
747 : -1.0725579564459622
748 : -1.0210807835683227
749 : -0.7200146075338125
750 : -0.2921919533982873
751 : 1.6468714668881148
752 : -7.6062325071543455
753 : -0.5593322524800897
754 : -1.3608334362506866
755 : -1.8946977946907282
756 : -1.993294607847929
757 : -0.316389671061188
758 : -3.38953048735857
759 : -2.0853167343884706
760 : -14.585097380913794
761 : -0.7897095493972301
762 : -1.3340730406343937
763 : -1.3751347810029984
764 : -0.7783622806891799
765 : -1.0180557146668434
766 : -0.8716065585613251
767 : -0.9542211899533868
768 : -0.785415003192611
769 : -1.6746209897100925
770 : -0.9896398584824055
771 : -2.0830910950899124
772 : -3.1809862591326237
773 : 3.9104998665861785
774 : -1.109188687056303
775 : 0.2383989505469799
776 : -3.7984509728848934
777 : -1.5238240351900458
778 : 1.1226529851555824
779 : -1.580498669296503
780 : -0.6434101350605488
781 : -0.29743950720876455
782 : -2.0034706003498286
783 : 6.868459736928344
784 : -0.38948234473355114
785 : -5.265336319804192
786 : -1.4659029804170132
787 : -1.0423428788781166
788 : -13.171615652740002
789 : -2.2205259930342436
790 : -1.5127946462016553
791 : -2.348702758550644
792 : 2.798383517190814
793 : 4.6549988416954875
794 : -1.4950214577838778
795 : -5.020926957949996
796 : -3.0467315018177032
797 : -2.9270081743597984
798 : -1.8465635073371232
799 : -1.5533911548554897
800 : -1.0689058601856232
801 : 1.3084307070821524
802 : -8.90582468919456
803 : -1.372005134820938
804 : -0.5172232082113624
805 : -1.4351256019435823
806 : -2.0831043729558587
807 : -0.2979568187147379
808 : -2.032666392624378
809 : -1.5890483064576983
810 : -1.1206247210502625
811 : 0.5793090565130115
812 : 1.6224170848727226
813 : -13.394926159642637
814 : -4.728704381734133
815 : 0.7700200211256742
816 : -2.2645811145193875
817 : -1.0539872171357274
818 : 2.2303714072331786
819 : -1.9667774830013514
820 : -1.0920930420979857
821 : 5.419623490422964
822 : -1.6213723123073578
823 : 0.4025306962430477
824 : -1.4615905452519655
825 : -1.2400608523748815
826 : -1.3124050199985504
827 : -1.271073091775179
828 : -1.636079187039286
829 : -1.0738066462799907
830 : -0.8205434028059244
831 : -4.714981525205076
832 : -0.6904197782278061
833 : -1.3487061765044928
834 : -1.675102918408811
835 : -2.3421287443488836
836 : -1.790114238858223
837 : -1.6248598680831492
838 : -1.7541390471160412
839 : 1.7665668297559023
840 : -1.3225111365318298
841 : -1.5242687091231346
842 : 0.11388930352404714
843 : -1.0668820030987263
844 : -2.3059869655407965
845 : -1.4022243320941925
846 : 1.261160968337208
847 : -1.4970877701416612
848 : -1.711196240503341
849 : -1.508176639676094
850 : -0.904359522741288
851 : 0.9150079991668463
852 : -0.994857819750905
853 : -2.743161360733211
854 : -1.8168344870209694
855 : -1.3969970736652613
856 : -0.02153581567108631
857 : 0.5147002087906003
858 : -3.7817818764597178
859 : -1.094958151690662
860 : -3.1480778171680868
861 : -2.3376446617767215
862 : -1.609501414000988
863 : -0.7500939937308431
864 : -1.6773780025541782
865 : -1.3626928487792611
866 : -0.6910787783563137
867 : -2.8258314598351717
868 : -0.7386087393388152
869 : 0.4241709550842643
870 : -1.4560509724542499
871 : -2.840680045541376
872 : -3.068545937538147
873 : -0.25798356905579567
874 : -1.8845201954245567
875 : 3.7020267359912395
876 : -1.5912268348038197
877 : -1.3617175968829542
878 : -0.9952066564001143
879 : 2.4780323300510645
880 : -1.4441087506711483
881 : -0.7855576914735138
882 : -2.0402504429221153
883 : 0.27031399961560965
884 : -0.48625574354082346
885 : -1.3356746714562178
886 : 1.803387662395835
887 : -1.3863241849467158
888 : -2.0660966392606497
889 : -1.2672749271150678
890 : 0.2654152698814869
891 : -0.016883739735931158
892 : -1.5731200948357582
893 : -1.4987528533674777
894 : 0.09558914648368955
895 : -1.0441448437049985
896 : -1.0704690590500832
897 : -1.3262430424802005
898 : -1.1311026941984892
899 : -1.5370648633688688
900 : -3.3171146754175425
901 : -1.363047182559967
902 : -0.09693556278944016
903 : 16.091501876711845
904 : -1.3850374463945627
905 : -1.1534036505036056
906 : 7.655420025810599
907 : -5.91757115162909
908 : -2.020269475877285
909 : -1.2545366315171123
910 : -1.0257796249352396
911 : -1.593192281667143
912 : -2.3525202069431543
913 : -1.1372783510014415
914 : -0.46290246210992336
915 : -1.1001991274533793
916 : -1.0262386128306389
917 : -2.1110523398965597
918 : -0.027401959523558617
919 : -1.2159218210726976
920 : -1.0146727990359068
921 : -2.6565606212243438
922 : -1.4393623732030392
923 : -3.0414063530042768
924 : 4.637772481888533
925 : -1.1496976744383574
926 : -4.450647436082363
927 : -2.106033426243812
928 : 6.9250937746837735
929 : -0.22383932955563068
930 : -2.0789278149604797
931 : -0.13646950712427497
932 : -5.3528490932658315
933 : -1.5299762906506658
934 : -0.5085461847484112
935 : -2.422844409942627
936 : 7.380356322973967
937 : 0.14263940136879683
938 : -0.8806770569644868
939 : -0.6718962006270885
940 : -1.0414793221279979
941 : -1.7501367372460663
942 : -3.3345139687880874
943 : -8.442391259595752
944 : -0.8581740679219365
945 : -0.8047982235439122
946 : 2.4288024827837944
947 : -0.6745090713957325
948 : -1.2310150731354952
949 : -1.0475354604423046
950 : 1.5941830165684223
951 : -0.9944856278598309
952 : 0.849520044401288
953 : -1.0201802267692983
954 : 3.5143244029022753
955 : -1.4461994357407093
956 : -1.4574164040386677
957 : -1.8051511985249817
958 : 4.831664031371474
959 : -0.008832507766783237
960 : 5.012448724359274
961 : -1.5246677678078413
962 : -1.7456394787877798
963 : -0.1914312916342169
964 : -0.060651916079223156
965 : 6.429325767792761
966 : -2.003989261575043
967 : -1.3233252689242363
968 : -1.1018006028607488
969 : -1.3693426419049501
970 : -0.9405246446840465
971 : 0.09026084281504154
972 : -3.8878308939747512
973 : 1.3266947623342276
974 : -1.760498307645321
975 : -0.29843465704470873
976 : 7.1937304376624525
977 : -1.8891863822937012
978 : -0.6540518212132156
979 : 2.4367108163423836
980 : 0.9089906057342887
981 : -0.183618544600904
982 : -1.521129323169589
983 : -4.633275361265987
984 : -1.6116385087370872
985 : -2.0099847577512264
986 : -4.255123117938638
987 : -1.6921397661790252
988 : -1.7042461335659027
989 : -2.708621984347701
990 : -0.25719095300883055
991 : -1.6909712441265583
992 : 2.5587569712661207
993 : -0.45946705620735884
994 : -1.0614998389501125
995 : -1.941203324124217
996 : -1.5385733358561993
997 : 0.5922605921514332
998 : -1.0950721632689238
999 : -6.7115356754511595
Setting up 2 worker threads for Enlighten.
  Thread -> id: 7f7dc37fe700 -> priority: 1 
  Thread -> id: 7f7dc2ffd700 -> priority: 1 
2020-06-24 04:03:42 INFO [environment.py:418] Environment shut down with return code 0.
[I 2020-06-24 04:03:42,749] Finished trial#148 with value: -6.7115356754511595 with parameters: {'update_time_steps': 7168, 'ppo_epochs': 10, 'gamma': 0.9643806954968841, 'beta': 0.058138992349948015}. Best is trial#148 with value: -6.7115356754511595.
Found path: /home/j/jensenj/PycharmProjects/Federer-Jr./src/../crawler_single/linux/dynamic_server/crawler_dynamic.x86_64
Mono path[0] = '/home/j/jensenj/PycharmProjects/Federer-Jr./src/../crawler_single/linux/dynamic_server/crawler_dynamic_Data/Managed'
Mono config path = '/home/j/jensenj/PycharmProjects/Federer-Jr./src/../crawler_single/linux/dynamic_server/crawler_dynamic_Data/MonoBleedingEdge/etc'
Preloaded 'lib_burst_generated.so'
Preloaded 'libgrpc_csharp_ext.x64.so'
Initialize engine version: 2019.3.15f1 (59ff3e03856d)
[Subsystems] Discovering subsystems at path /home/j/jensenj/PycharmProjects/Federer-Jr./src/../crawler_single/linux/dynamic_server/crawler_dynamic_Data/UnitySubsystems
Forcing GfxDevice: Null
GfxDevice: creating device client; threaded=0
NullGfxDevice:
    Version:  NULL 1.0 [1.0]
    Renderer: Null Device
    Vendor:   Unity Technologies
Begin MonoManager ReloadAssembly
- Completed reload, in  0.097 seconds
WARNING: Shader Unsupported: 'Autodesk Interactive' - All passes removed
WARNING: Shader Did you use #pragma only_renderers and omit this platform?
UnloadTime: 0.433214 ms
Fallback handler could not load library /home/j/jensenj/PycharmProjects/Federer-Jr./src/../crawler_single/linux/dynamic_server/crawler_dynamic_Data/Mono/libcoreclr.so
Fallback handler could not load library /home/j/jensenj/PycharmProjects/Federer-Jr./src/../crawler_single/linux/dynamic_server/crawler_dynamic_Data/Mono/libcoreclr.so
Fallback handler could not load library /home/j/jensenj/PycharmProjects/Federer-Jr./src/../crawler_single/linux/dynamic_server/crawler_dynamic_Data/Mono/libcoreclr.so
Fallback handler could not load library /home/j/jensenj/PycharmProjects/Federer-Jr./src/../crawler_single/linux/dynamic_server/crawler_dynamic_Data/Mono/libSystem.dylib
Fallback handler could not load library /home/j/jensenj/PycharmProjects/Federer-Jr./src/../crawler_single/linux/dynamic_server/crawler_dynamic_Data/Mono/libSystem.dylib.so
Fallback handler could not load library /home/j/jensenj/PycharmProjects/Federer-Jr./src/../crawler_single/linux/dynamic_server/crawler_dynamic_Data/Mono/libSystem.dylib
Fallback handler could not load library /home/j/jensenj/PycharmProjects/Federer-Jr./src/../crawler_single/linux/dynamic_server/crawler_dynamic_Data/Mono/libcoreclr.so
Fallback handler could not load library /home/j/jensenj/PycharmProjects/Federer-Jr./src/../crawler_single/linux/dynamic_server/crawler_dynamic_Data/Mono/libcoreclr.so
Fallback handler could not load library /home/j/jensenj/PycharmProjects/Federer-Jr./src/../crawler_single/linux/dynamic_server/crawler_dynamic_Data/Mono/libcoreclr.so
Fallback handler could not load library /home/j/jensenj/PycharmProjects/Federer-Jr./src/../crawler_single/linux/dynamic_server/crawler_dynamic_Data/Mono/libSystem.dylib
Fallback handler could not load library /home/j/jensenj/PycharmProjects/Federer-Jr./src/../crawler_single/linux/dynamic_server/crawler_dynamic_Data/Mono/libSystem.dylib.so
Fallback handler could not load library /home/j/jensenj/PycharmProjects/Federer-Jr./src/../crawler_single/linux/dynamic_server/crawler_dynamic_Data/Mono/libSystem.dylib
2020-06-24 04:03:43 INFO [environment.py:108] Connected to Unity environment with package version 1.0.2 and communication version 1.0.0
2020-06-24 04:03:43 INFO [environment.py:265] Connected new brain:
CrawlerDynamic?team=0
2020-06-24 04:03:43 WARNING [__init__.py:92] The environment contains multiple observations. You must define allow_multiple_obs=True to receive them all. Otherwise, only the first visual observation (or vector observation ifthere are no visual observations) will be provided in the observation.
{'nr_output_features': 20, 'nr_input_features': 126, 'env': <gym_unity.envs.UnityToGymWrapper object at 0x7f253c145be0>, 'alpha': 0.003, 'tau': 0.95, 'clip': 0.2, 'minibatch_size': 32, 'hidden_units': 512, 'update_time_steps': 9216, 'ppo_epochs': 24, 'gamma': 0.9737199928732315, 'beta': 0.05558109571486702}
0 : -1.5647790031507611
1 : -4.816034947754815
2 : 0.34634127654135227
3 : -1.58396927267313
4 : -1.2265360818710178
5 : -1.7194034829735756
6 : -1.2809704053215683
7 : -1.9495910415425897
8 : -3.104042743332684
9 : -1.6750750876963139
10 : -2.9069871297106147
11 : -1.7883711978793144
12 : -1.7549435943365097
13 : -2.04606927302666
14 : -2.2478726357221603
15 : -3.9902701035607606
16 : -1.9347888305783272
17 : -2.1279550588224083
18 : -6.062136169523001
19 : -1.0964729944244027
20 : -3.8249830342829227
21 : -1.6082759369164705
22 : 1.7739433250389993
23 : -1.2002716101706028
24 : -1.4545976910740137
25 : -1.390886508859694
26 : -0.16001258790493011
27 : -1.4912286214530468
28 : -0.9072346920147538
29 : -8.602444333955646
30 : -1.7334929425269365
31 : -1.5806453241966665
32 : -0.9827292873524129
33 : -0.7833817778155208
34 : -1.0940750637091696
35 : -1.2363357031717896
36 : -1.3623856455087662
37 : -1.8935696594417095
38 : -1.1447359547019005
39 : -1.5020200181752443
40 : -2.1079854764975607
41 : 2.3125905729830265
42 : -1.7191630946472287
43 : -1.2310811557690613
44 : -0.9470987664535642
45 : -3.9428368255030364
46 : -1.3332906225696206
47 : -0.7935720616951585
48 : -2.7164646983146667
49 : 0.11664209282025695
50 : -1.812414163723588
51 : -0.7661883123219013
52 : -0.35848119854927063
53 : -1.7020232379436493
54 : -0.9938265345990658
55 : -0.9946958478540182
56 : -1.150227826088667
57 : -4.104510605335236
58 : -0.7410628227517009
59 : -1.328704183921218
60 : 5.963022944051772
61 : -3.239998048171401
62 : -1.9306018576025963
63 : -9.498291562777013
64 : -1.5873703509569168
65 : -1.419758453965187
66 : 0.4169619921594858
67 : -1.9442961663007736
68 : -1.7222833167761564
69 : -0.927314436994493
70 : -0.9080927008762956
71 : -1.6271683499217033
72 : -0.796110131777823
73 : -1.4686003047972918
74 : -1.4270866056904197
75 : -0.5818098293384537
76 : -0.9287937460467219
77 : -1.2425526033621281
78 : -0.532573158852756
79 : -1.3895400762557983
80 : -0.7155244871973991
81 : -1.547871271148324
82 : -1.6553072929382324
83 : 3.509777221363038
84 : -1.3224927592091262
85 : -1.0791714540682733
86 : -0.7838048315607011
87 : -0.8312609139829874
88 : -1.3569144406355917
89 : -2.0323324417695403
90 : -1.1236085621640086
91 : -0.5480043860152364
92 : -1.163374725729227
93 : -1.8016457092016935
94 : -1.1860561957582831
95 : -2.4750985000282526
96 : -1.7871470102109015
97 : -1.3714695638045669
98 : -2.6134984232485294
99 : -4.0678993868641555
100 : -3.589180016890168
101 : -1.192955229897052
102 : -1.3567976662889123
103 : -0.11193672241643071
104 : -4.383894298458472
105 : -1.091318687889725
106 : 0.6744590383023024
107 : -1.7451940309256315
108 : -1.079494218894979
109 : -1.6298839189112186
110 : -1.0393476346507668
111 : -1.5943093062378466
112 : -0.03957259189337492
113 : -1.005370771046728
114 : -0.9234623294323683
115 : -1.1544864014722407
116 : 2.1772698257118464
117 : -6.811510940315202
118 : 4.123254568316042
119 : -0.3603781727142632
120 : -1.3845703937113285
121 : -0.8334315307438374
122 : -1.3524122750386596
123 : 0.9099016371183097
124 : -1.718173647299409
125 : -1.3123811995610595
126 : -1.6945202387869358
127 : -1.4469325384125113
128 : -1.0566170122474432
129 : -0.6002511093392968
130 : -1.4544817861169577
131 : -1.2828587740659714
132 : -1.704089842736721
133 : -3.0036453027278185
134 : -0.9587580980733037
135 : 4.794761792756617
136 : -0.045374801848083735
137 : -3.1127729937434196
138 : -1.3473022223915905
139 : -0.6349114365875721
140 : -3.716556582134217
141 : -0.6301342486403883
142 : -1.548627836164087
143 : -1.8260904550552368
144 : -0.7978122178465128
145 : -0.3847453640191816
146 : -1.4443301260471344
147 : -1.917616281658411
148 : -1.5392718836665154
149 : -0.7632317263633013
150 : -0.9993344992399216
151 : -4.175006031990051
152 : -0.932690910063684
153 : -0.4214717745780945
154 : -0.9447796726599336
155 : -1.9751359522342682
156 : -4.14844714384526
157 : -2.209848329424858
158 : -1.855960188433528
159 : -2.373429372906685
160 : -6.388882178813219
161 : -0.8609140738844872
162 : 5.522777416277677
163 : -1.4838527394458652
164 : -1.2594647225923836
165 : -1.2139729110058397
166 : -1.7356675271876156
167 : -1.8089558631181717
168 : -1.3840134143829346
169 : -0.4144691629335284
170 : -1.0720990113914013
171 : -1.1259276756318286
172 : -1.9127799794077873
173 : -1.3822861965745687
174 : -2.4105940307490528
175 : -1.0834950972348452
176 : -3.1940263882279396
177 : -2.8420758731663227
178 : -1.1678619347512722
179 : -0.3877660679863766
180 : -1.0014976123347878
181 : -4.287369463592768
182 : -1.0220905852038413
183 : -1.2754281954839826
184 : 0.16559556499123573
185 : -0.45761408703401685
186 : -1.4792704619467258
187 : -0.9911072971299291
188 : 1.671942506916821
189 : -1.403537685982883
190 : -1.4190021185204387
191 : -2.5478595718741417
192 : -0.30477989092469215
193 : 4.579240018501878
194 : -1.0611033160239458
195 : -1.5483895596116781
196 : -5.593492195941508
197 : -1.6185128720244393
198 : 3.8633432539645582
199 : -1.2429852734785527
200 : -0.8963494589552283
201 : 2.275409602560103
202 : -2.042740397155285
203 : -1.5445078983902931
204 : -0.8417200893163681
205 : -0.674846027046442
206 : -0.5046541576739401
207 : -1.2243909956887364
208 : -0.8838660537730902
209 : -2.049943171441555
210 : -1.503406099975109
211 : -2.694420915096998
212 : -1.842566255480051
213 : -0.9456624705344439
214 : -1.5159103237092495
215 : -1.2407999166753143
216 : -1.7308863569051027
217 : -1.3082996858283877
218 : -0.8050592904910445
219 : -0.020002824254333973
220 : -2.937547958921641
221 : -1.9894047379493713
222 : -1.4923688657581806
223 : -1.6921141743659973
224 : -1.4718874311074615
225 : -1.559974454343319
226 : 6.6373597285710275
227 : -1.0183973219245672
228 : -3.1177121438086033
229 : -1.9505811556009576
230 : -1.0148856909945607
231 : -4.034610060974956
232 : -2.694309391081333
233 : -1.4467113204300404
234 : -2.5173659855499864
235 : 3.0820192946121097
236 : -1.2154640946537256
237 : -1.0724016246385872
238 : -1.7161070932634175
239 : -3.9045517940539867
240 : -1.1692356104031205
241 : -1.1976484591141343
242 : -2.4218180496245623
243 : -1.863370891660452
244 : -2.1946925669908524
245 : -0.8132752412930131
246 : -0.15934282075613737
247 : 0.026908898260444403
248 : -0.8865412110462785
249 : -4.298956228420138
250 : 3.907946765422821
251 : -1.0880070589482784
252 : -1.6118153557181358
253 : -1.4031437784433365
254 : -1.0300747528672218
255 : -1.519887045957148
256 : -1.254927518311888
257 : -1.3824168592691422
258 : -0.8326719980686903
259 : -1.318293770775199
260 : -0.8753889612853527
261 : -0.7660971232689917
262 : -1.9048585770651698
263 : -1.647059473209083
264 : -1.2830743370577693
265 : -1.461137168109417
266 : -3.180785806849599
267 : 0.005491465330123901
268 : -0.8850956028327346
269 : -2.524467992130667
270 : -3.6635229671373963
271 : -1.867585502564907
272 : -0.760211618617177
273 : -1.5525110689923167
274 : -2.016117344610393
275 : -0.5227198312059045
276 : -1.4031257685273886
277 : -0.3387417867779732
278 : -1.5148905673995614
279 : -0.40504073817282915
280 : -1.0213697203435004
281 : -0.8919054064899683
282 : -1.1982774501666427
283 : -0.7209069281816483
284 : 1.8695014845579863
285 : -1.243666579714045
286 : -1.4653285432141274
287 : -1.4428139245137572
288 : -0.9663155637681484
289 : -1.5088817812502384
290 : 1.5803283927962184
291 : 2.0379664953798056
292 : -1.0687511572614312
293 : -2.7696128878742456
294 : -2.2563375644385815
295 : -1.0673844926059246
296 : -0.29292131960392
297 : -1.737654648721218
298 : -1.520541038364172
299 : -1.6567473909817636
300 : -0.9657827648334205
301 : -0.6520043953787535
302 : -1.424768814817071
303 : -1.383211374282837
304 : -5.811484675621614
305 : -3.425475850701332
306 : -1.6729879342019558
307 : -1.7202418558299541
308 : -1.8051091469824314
309 : -2.4791726651601493
310 : -2.1591687314212322
311 : 1.4734352580271661
312 : -0.9287427682429552
313 : -0.9391427235677838
314 : -1.7533905152231455
315 : -1.2873761737719178
316 : -0.8203334216959774
317 : -0.7985781719908118
318 : -1.224355621729046
319 : -1.1785388831049204
320 : -2.3608965119346976
321 : -1.740663193166256
322 : 2.673919767141342
323 : -0.9676626026630402
324 : -3.841739215888083
325 : -3.3682645838707685
326 : -1.70132115483284
327 : -1.2778068506158888
328 : -1.2004075814038515
329 : -1.0788549864664674
330 : -1.4541032314300537
331 : -1.3161674237344414
332 : -0.8962859502062201
333 : -1.751329943537712
334 : -1.552132273092866
335 : -2.041286205407232
336 : -1.031920981942676
337 : -2.3186530359089375
338 : -1.5185051560401917
339 : -1.725133951753378
340 : -1.008384408429265
341 : -1.0975835341960192
342 : -1.091751977801323
343 : -1.5691506434231997
344 : 1.4682447407394648
345 : 4.282401938922703
346 : -2.766387304291129
347 : -2.4236333072185516
348 : 1.5592322405427694
349 : -3.4102870202623308
350 : -1.8681425526738167
351 : -0.29620168451219797
352 : -1.297376322094351
353 : 0.34177306154742837
354 : 1.8802597280591726
355 : -2.785601707175374
356 : -6.3038265611976385
357 : -1.8250363767147064
358 : -1.0913358887191862
359 : -1.413491005077958
360 : -0.7682986916042864
361 : -1.877087950706482
362 : -1.2491364847519435
363 : -11.263845406472683
364 : -1.628554541617632
365 : -0.5863483557477593
366 : -0.7419060771353543
367 : -1.4095791361760348
368 : -1.9854989871382713
369 : -2.4277684949338436
370 : -2.0373524874448776
371 : -0.8612662279047072
372 : 0.06679743528366089
373 : -0.9289403073489666
374 : -1.003946952521801
375 : 6.122633194550872
376 : -1.0807342249900103
377 : -0.5148128713481128
378 : -4.049029128160328
379 : -1.257714457809925
380 : 1.6569598275236785
381 : -1.1129155717790127
382 : 2.593453695997596
383 : -0.0887280534952879
384 : -2.567978165578097
385 : -1.5831219498068094
386 : -1.6859444566071033
387 : -3.152059644460678
388 : -0.7184985224157572
389 : -1.6998230561148375
390 : -0.9260382172651589
391 : 2.8884379118680954
392 : -1.1570807038806379
393 : -2.0936034340411425
394 : -1.2979823229834437
395 : 0.7148969769477844
396 : -1.162370193284005
397 : -1.065061988774687
398 : -1.2496523400768638
399 : -0.30762530863285065
400 : -0.12276954646222293
401 : -1.3086831748951226
402 : -1.3179772645235062
403 : -1.070687833474949
404 : -1.158244339749217
405 : -0.6752235684543848
406 : -0.5952011574991047
407 : -2.0682182451710105
408 : -1.287471144925803
409 : -1.364373467862606
410 : -0.6620627958327532
411 : -3.3172292448580265
412 : -1.8514481969177723
413 : -1.1304726488888264
414 : -0.1896374151110649
415 : -1.2694394048303366
416 : -1.8728617280721664
417 : -0.9823219031095505
418 : -1.5802957015112042
419 : -0.847712873481214
420 : 0.19327736925333738
421 : -2.7520557632669806
422 : -0.9410677063278854
423 : 1.149691665545106
424 : -2.6419978477060795
425 : -0.9161511389538646
426 : -0.6703047237824649
427 : -1.3672009031288326
428 : -0.8517469265498221
429 : -1.8374589197337627
430 : -1.4692657310515642
431 : -1.532758018001914
432 : -2.2397874668240547
433 : -2.441112520173192
434 : -1.253610854037106
435 : -1.5789152830839157
436 : -1.653128508478403
437 : -0.9487328864634037
438 : -1.157419911120087
439 : 1.1937585957348347
440 : -1.0516867311671376
441 : -4.21260523609817
442 : -0.655835097655654
443 : -1.4424516335129738
444 : -2.1952348798513412
445 : -1.1795677449554205
446 : -0.7025918583385646
447 : -1.7669333256781101
448 : -1.4720520973205566
449 : -1.2847642861306667
450 : -1.0192211847752333
451 : -1.5525050926953554
452 : 0.32061365339905024
453 : -0.9253857424482703
454 : -0.8089975998736918
455 : -1.593628997914493
456 : -6.810481840744615
457 : -1.529973978176713
458 : -3.93216220010072
459 : -1.476139839622192
460 : -0.28373449854552746
461 : -1.1076712664216757
462 : -2.741405375301838
463 : -4.7581123248673975
464 : -5.546889605000615
465 : -1.386963076889515
466 : -1.225777446758002
467 : -2.0889244377613068
468 : -0.6701947269029915
469 : -1.3650314807891846
470 : -4.092892065644264
471 : -0.9488904527388513
472 : -13.916119669564068
473 : -1.7971506966277957
474 : -0.3910365174524486
475 : 1.1250731023028493
476 : -1.579762239009142
477 : -1.0270767738111317
478 : -1.4333279468119144
479 : -0.9206913094967604
480 : -2.133958090096712
481 : -1.424706518650055
482 : -0.9643369121477008
483 : 0.6510788295418024
484 : -1.9419382028281689
485 : -0.5436701262369752
486 : -1.6939283479005098
487 : -0.19228266924619675
488 : -1.3879724256694317
[W 2020-06-24 04:13:08,593] Setting status of trial#174 as TrialState.FAIL because of the following error: ValueError('array split does not result in an equal division',)
Traceback (most recent call last):
  File "/home/j/jensenj/.local/lib/python3.6/site-packages/numpy/lib/shape_base.py", line 867, in split
    len(indices_or_sections)
TypeError: object of type 'int' has no len()

During handling of the above exception, another exception occurred:

Traceback (most recent call last):
  File "/home/j/jensenj/.local/lib/python3.6/site-packages/optuna/study.py", line 734, in _run_trial
    result = func(trial)
  File "main-optuna.py", line 88, in objective
    returns = [episode(env, agent, params, writer, i) for i in range(training_episodes)]
  File "main-optuna.py", line 88, in <listcomp>
    returns = [episode(env, agent, params, writer, i) for i in range(training_episodes)]
  File "main-optuna.py", line 40, in episode
    agent.update(next_state)
  File "/home/j/jensenj/PycharmProjects/Federer-Jr./src/ppo.py", line 140, in update
    for states, actions, old_log_probs, returns, advantages in self.memory.sample_batch(self.minibatch_size, next_value):
  File "/home/j/jensenj/PycharmProjects/Federer-Jr./src/ppo.py", line 44, in sample_batch
    ids = np.split(ids, batch_size // minibatch_size)
  File "<__array_function__ internals>", line 6, in split
  File "/home/j/jensenj/.local/lib/python3.6/site-packages/numpy/lib/shape_base.py", line 873, in split
    'array split does not result in an equal division')
ValueError: array split does not result in an equal division
Traceback (most recent call last):
  File "/home/j/jensenj/.local/lib/python3.6/site-packages/numpy/lib/shape_base.py", line 867, in split
    len(indices_or_sections)
TypeError: object of type 'int' has no len()

During handling of the above exception, another exception occurred:

Traceback (most recent call last):
  File "main-optuna.py", line 103, in <module>
    study.optimize(objective, n_trials=1000)
  File "/home/j/jensenj/.local/lib/python3.6/site-packages/optuna/study.py", line 339, in optimize
    func, n_trials, timeout, catch, callbacks, gc_after_trial, None
  File "/home/j/jensenj/.local/lib/python3.6/site-packages/optuna/study.py", line 682, in _optimize_sequential
    self._run_trial_and_callbacks(func, catch, callbacks, gc_after_trial)
  File "/home/j/jensenj/.local/lib/python3.6/site-packages/optuna/study.py", line 713, in _run_trial_and_callbacks
    trial = self._run_trial(func, catch, gc_after_trial)
  File "/home/j/jensenj/.local/lib/python3.6/site-packages/optuna/study.py", line 734, in _run_trial
    result = func(trial)
  File "main-optuna.py", line 88, in objective
    returns = [episode(env, agent, params, writer, i) for i in range(training_episodes)]
  File "main-optuna.py", line 88, in <listcomp>
    returns = [episode(env, agent, params, writer, i) for i in range(training_episodes)]
  File "main-optuna.py", line 40, in episode
    agent.update(next_state)
  File "/home/j/jensenj/PycharmProjects/Federer-Jr./src/ppo.py", line 140, in update
    for states, actions, old_log_probs, returns, advantages in self.memory.sample_batch(self.minibatch_size, next_value):
  File "/home/j/jensenj/PycharmProjects/Federer-Jr./src/ppo.py", line 44, in sample_batch
    ids = np.split(ids, batch_size // minibatch_size)
  File "<__array_function__ internals>", line 6, in split
  File "/home/j/jensenj/.local/lib/python3.6/site-packages/numpy/lib/shape_base.py", line 873, in split
    'array split does not result in an equal division')
ValueError: array split does not result in an equal division
Setting up 2 worker threads for Enlighten.
  Thread -> id: 7fbfb5023700 -> priority: 1 
  Thread -> id: 7fbfb4822700 -> priority: 1 
2020-06-24 04:13:08 INFO [environment.py:418] Environment shut down with return code 0.
