slurmstepd-dorfen: error: Unable to create TMPDIR [/tmp/user/30108]: Permission denied
slurmstepd-dorfen: error: Setting TMPDIR to /tmp
Found path: /home/j/jensenj/PycharmProjects/Federer-Jr./src/../crawler_single/linux/dynamic_server/crawler_dynamic.x86_64
Mono path[0] = '/home/j/jensenj/PycharmProjects/Federer-Jr./src/../crawler_single/linux/dynamic_server/crawler_dynamic_Data/Managed'
Mono config path = '/home/j/jensenj/PycharmProjects/Federer-Jr./src/../crawler_single/linux/dynamic_server/crawler_dynamic_Data/MonoBleedingEdge/etc'
Preloaded 'lib_burst_generated.so'
Preloaded 'libgrpc_csharp_ext.x64.so'
Initialize engine version: 2019.3.15f1 (59ff3e03856d)
[Subsystems] Discovering subsystems at path /home/j/jensenj/PycharmProjects/Federer-Jr./src/../crawler_single/linux/dynamic_server/crawler_dynamic_Data/UnitySubsystems
Forcing GfxDevice: Null
GfxDevice: creating device client; threaded=0
NullGfxDevice:
    Version:  NULL 1.0 [1.0]
    Renderer: Null Device
    Vendor:   Unity Technologies
Begin MonoManager ReloadAssembly
- Completed reload, in  0.110 seconds
WARNING: Shader Unsupported: 'Autodesk Interactive' - All passes removed
WARNING: Shader Did you use #pragma only_renderers and omit this platform?
UnloadTime: 0.439802 ms
Fallback handler could not load library /home/j/jensenj/PycharmProjects/Federer-Jr./src/../crawler_single/linux/dynamic_server/crawler_dynamic_Data/Mono/libcoreclr.so
Fallback handler could not load library /home/j/jensenj/PycharmProjects/Federer-Jr./src/../crawler_single/linux/dynamic_server/crawler_dynamic_Data/Mono/libcoreclr.so
Fallback handler could not load library /home/j/jensenj/PycharmProjects/Federer-Jr./src/../crawler_single/linux/dynamic_server/crawler_dynamic_Data/Mono/libcoreclr.so
Fallback handler could not load library /home/j/jensenj/PycharmProjects/Federer-Jr./src/../crawler_single/linux/dynamic_server/crawler_dynamic_Data/Mono/libSystem.dylib
Fallback handler could not load library /home/j/jensenj/PycharmProjects/Federer-Jr./src/../crawler_single/linux/dynamic_server/crawler_dynamic_Data/Mono/libSystem.dylib.so
Fallback handler could not load library /home/j/jensenj/PycharmProjects/Federer-Jr./src/../crawler_single/linux/dynamic_server/crawler_dynamic_Data/Mono/libSystem.dylib
Fallback handler could not load library /home/j/jensenj/PycharmProjects/Federer-Jr./src/../crawler_single/linux/dynamic_server/crawler_dynamic_Data/Mono/libcoreclr.so
Fallback handler could not load library /home/j/jensenj/PycharmProjects/Federer-Jr./src/../crawler_single/linux/dynamic_server/crawler_dynamic_Data/Mono/libcoreclr.so
Fallback handler could not load library /home/j/jensenj/PycharmProjects/Federer-Jr./src/../crawler_single/linux/dynamic_server/crawler_dynamic_Data/Mono/libcoreclr.so
Fallback handler could not load library /home/j/jensenj/PycharmProjects/Federer-Jr./src/../crawler_single/linux/dynamic_server/crawler_dynamic_Data/Mono/libSystem.dylib
Fallback handler could not load library /home/j/jensenj/PycharmProjects/Federer-Jr./src/../crawler_single/linux/dynamic_server/crawler_dynamic_Data/Mono/libSystem.dylib.so
Fallback handler could not load library /home/j/jensenj/PycharmProjects/Federer-Jr./src/../crawler_single/linux/dynamic_server/crawler_dynamic_Data/Mono/libSystem.dylib
/home/j/jensenj/.local/lib/python3.6/site-packages/tensorboard/compat/tensorflow_stub/dtypes.py:541: FutureWarning: Passing (type, 1) or '1type' as a synonym of type is deprecated; in a future version of numpy, it will be understood as (type, (1,)) / '(1,)type'.
  _np_qint8 = np.dtype([("qint8", np.int8, 1)])
/home/j/jensenj/.local/lib/python3.6/site-packages/tensorboard/compat/tensorflow_stub/dtypes.py:542: FutureWarning: Passing (type, 1) or '1type' as a synonym of type is deprecated; in a future version of numpy, it will be understood as (type, (1,)) / '(1,)type'.
  _np_quint8 = np.dtype([("quint8", np.uint8, 1)])
/home/j/jensenj/.local/lib/python3.6/site-packages/tensorboard/compat/tensorflow_stub/dtypes.py:543: FutureWarning: Passing (type, 1) or '1type' as a synonym of type is deprecated; in a future version of numpy, it will be understood as (type, (1,)) / '(1,)type'.
  _np_qint16 = np.dtype([("qint16", np.int16, 1)])
/home/j/jensenj/.local/lib/python3.6/site-packages/tensorboard/compat/tensorflow_stub/dtypes.py:544: FutureWarning: Passing (type, 1) or '1type' as a synonym of type is deprecated; in a future version of numpy, it will be understood as (type, (1,)) / '(1,)type'.
  _np_quint16 = np.dtype([("quint16", np.uint16, 1)])
/home/j/jensenj/.local/lib/python3.6/site-packages/tensorboard/compat/tensorflow_stub/dtypes.py:545: FutureWarning: Passing (type, 1) or '1type' as a synonym of type is deprecated; in a future version of numpy, it will be understood as (type, (1,)) / '(1,)type'.
  _np_qint32 = np.dtype([("qint32", np.int32, 1)])
/home/j/jensenj/.local/lib/python3.6/site-packages/tensorboard/compat/tensorflow_stub/dtypes.py:550: FutureWarning: Passing (type, 1) or '1type' as a synonym of type is deprecated; in a future version of numpy, it will be understood as (type, (1,)) / '(1,)type'.
  np_resource = np.dtype([("resource", np.ubyte, 1)])
2020-06-24 03:42:33 INFO [environment.py:108] Connected to Unity environment with package version 1.0.2 and communication version 1.0.0
2020-06-24 03:42:33 INFO [environment.py:265] Connected new brain:
CrawlerDynamic?team=0
2020-06-24 03:42:33 WARNING [__init__.py:92] The environment contains multiple observations. You must define allow_multiple_obs=True to receive them all. Otherwise, only the first visual observation (or vector observation ifthere are no visual observations) will be provided in the observation.
/home/j/jensenj/.local/lib/python3.6/site-packages/gym/logger.py:30: UserWarning: WARN: Box bound precision lowered by casting to float32
  warnings.warn(colorize('%s: %s'%('WARN', msg % args), 'yellow'))
{'nr_output_features': 20, 'nr_input_features': 126, 'env': <gym_unity.envs.UnityToGymWrapper object at 0x7f7feb204ef0>, 'alpha': 0.003, 'tau': 0.95, 'clip': 0.2, 'minibatch_size': 32, 'hidden_units': 512, 'update_time_steps': 7168, 'ppo_epochs': 11, 'gamma': 0.9631166418097385, 'beta': 0.06021362937002738}
0 : -1.139945350587368
1 : -1.280321717262268
2 : -0.652138490229845
3 : -2.501922231167555
4 : -1.4509585085324943
5 : -0.10020793974399567
6 : -1.5441708397120237
7 : -0.41250230371952057
8 : 3.8235417203977704
9 : 1.6717443624511361
10 : -1.9902188871055841
11 : -1.9623935197014362
12 : -14.298430472612381
13 : 0.8328918977640569
14 : -0.9928851695731282
15 : -1.397194616496563
16 : -1.4408139264560305
17 : -1.5940834879875183
18 : -5.810946328565478
19 : -1.537623394280672
20 : -0.7837338522076607
21 : -1.2345083504915237
22 : 0.6014934200793505
23 : -0.2989993719384074
24 : -1.32379409391433
25 : -0.7556167617440224
26 : -2.3492717314511538
27 : -3.489312602672726
28 : -1.4951250567100942
29 : -0.41184071684256196
30 : 0.5180807220749557
31 : -1.5730103515088558
32 : -1.5555804371833801
33 : -2.1673555988818407
34 : -4.14415618032217
35 : 0.1035566832870245
36 : 8.172531822696328
37 : -1.9755896739661694
38 : -1.0093743442557752
39 : -1.0187127275858074
40 : -0.7319704834371805
41 : -1.210802583489567
42 : 1.3312699049711227
43 : -1.4789370293729007
44 : 0.6232804376631975
45 : -1.574332899414003
46 : -1.4132391503080726
47 : -1.086797350551933
48 : -1.6305050943046808
49 : -4.652471541427076
50 : -1.4720978154800832
51 : 0.6144462749361992
52 : -1.4103142032399774
53 : 6.96741889603436
54 : -1.1505998806096613
55 : -1.6460903324186802
56 : -1.3694004258140922
57 : -1.8670135494321585
58 : -1.5891561098396778
59 : -2.2432866226881742
60 : -0.8384561613202095
61 : -1.5298942364752293
62 : -1.2806351613253355
63 : -1.7092487812042236
64 : -1.9149797265417874
65 : -1.6219231756404042
66 : -1.1563918814063072
67 : -1.9169735088944435
68 : -1.3497117985971272
69 : -0.9566203411668539
70 : -0.9638091512024403
71 : -1.075785762630403
72 : -1.4134996365755796
73 : -3.157995752990246
74 : -1.469529242720455
75 : -2.0560321789234877
76 : -0.8791352191765327
77 : -0.7866428452543914
78 : -1.7309110313653946
79 : -1.4581394772976637
80 : -5.694394588470459
81 : -1.0831482453504577
82 : -1.6528935423120856
83 : 7.735959937795997
84 : 0.4489606795832515
85 : -0.3889210717752576
86 : -0.5351065483409911
87 : -0.7451000083237886
88 : -1.1592880212701857
89 : 1.7794470926746726
90 : -1.173255161382258
91 : 9.995710773393512
92 : -1.2132449243217707
93 : 0.22016172669827938
94 : -1.5642662800382823
95 : -0.7984274653717875
96 : 0.6282048784196377
97 : -7.152954985387623
98 : -1.6883757303003222
99 : -5.336762303486466
100 : -1.753384692594409
101 : -1.620576231740415
102 : -10.510798141127452
103 : -0.8662813864648342
104 : -1.0823203013278544
105 : -1.9020890332758427
106 : -0.8090866850689054
107 : -1.9328246265649796
108 : -0.981278944760561
109 : -1.355051850900054
110 : -1.3715194296091795
111 : -1.8722834940999746
112 : -1.2880975352600217
113 : -2.309327706694603
114 : 1.7904496053233743
115 : -1.3897972498089075
116 : -2.1501202462241054
117 : -1.7581926003331318
118 : -3.346605691127479
119 : -2.55694768903777
120 : 1.242539443075657
121 : -0.9565381561405957
122 : -5.649863873142749
123 : -5.709988422691822
124 : -1.6664924044162035
125 : -5.373676334507763
126 : -2.9641247652471066
127 : -6.646746329963207
128 : -3.330622412264347
129 : -3.576422421261668
130 : -2.011246647685766
131 : 4.654957232996821
132 : -1.6470382921397686
133 : -2.218964207917452
134 : -1.7027536630630493
135 : -1.467694953083992
136 : -1.6388806225731969
137 : -0.9393565715290606
138 : -3.344866605475545
139 : -2.1966156139969826
140 : 8.046090078074485
141 : -3.159818844869733
142 : -0.02623560535721481
143 : -1.2684996668249369
144 : -1.6722235046327114
145 : 3.439497174695134
146 : -0.4022345207631588
147 : 12.26586486864835
148 : -0.8376464978791773
149 : -1.7223219983279705
150 : -10.227150401566178
151 : -1.5937799327075481
152 : 0.8003052650019526
153 : -5.7172876126132905
154 : -0.5404313346371055
155 : -0.8076968500390649
156 : -0.5978871770203114
157 : -1.6058547170832753
158 : 0.37151323538273573
159 : -0.8993044188246131
160 : -1.3828177051618695
161 : -2.9062768635340035
162 : -1.2465769122354686
163 : 1.5194534552283585
164 : -1.468868595547974
165 : -0.11613776721060276
166 : -2.035982848610729
167 : -2.7797838477417827
168 : 0.06843633158132434
169 : -1.351814167574048
170 : 4.918551313923672
171 : -4.15698527218774
172 : -1.91650053486228
173 : -1.174729015212506
174 : 1.3735627233982086
175 : -1.7634132620878518
176 : -1.995573602616787
177 : -0.7261724439449608
178 : -1.332952335011214
179 : -1.074116300791502
180 : -0.6177947642281651
181 : -1.0221610218286514
182 : 10.243484642356634
183 : 6.335871187737212
184 : 0.48238577879965305
185 : -0.9340994898229837
186 : -2.009719611145556
187 : -5.600932060042396
188 : -1.777806619182229
189 : -0.2071798574179411
190 : -4.078923334367573
191 : -1.4786168136633933
192 : -1.7135693579912186
193 : -5.17548231408
194 : -3.1320888134650886
195 : -1.7965899296104908
196 : -1.6562068071216345
197 : -1.4943916369229555
198 : -0.669540673494339
199 : 1.5090746474452317
200 : -1.6302544036880136
201 : -2.136474508792162
202 : -1.8928915672004223
203 : -11.367839614860713
204 : -0.09119452675804496
205 : 0.01128496415913105
206 : -1.0478028524667025
207 : -0.4144200086593628
208 : -1.779744217870757
209 : -1.5957825724035501
210 : -2.6055383374914527
211 : 2.9208092130720615
212 : -1.1420919764786959
213 : -0.8877861006185412
214 : -1.6027560885995626
215 : -7.808886308223009
216 : -1.1912959975888953
217 : -0.8342394307255745
218 : -1.5002520573325455
219 : -2.0593330261763185
220 : -3.692324260249734
221 : -1.09936111420393
222 : -1.9229867979884148
223 : 0.37121746875345707
224 : 2.154718547128141
225 : -2.0038529522717
226 : -1.2040262436494231
227 : -15.614601990673691
228 : -1.9137244187295437
229 : 0.43042341340333223
230 : -1.6725233606994152
231 : -0.05204127822071314
232 : -0.17373070726171136
233 : -2.0039030704647303
234 : -0.6287957751192153
235 : -0.9101462140679359
236 : -0.8715734910219908
237 : -1.4749698676168919
238 : -1.1479586139321327
239 : -0.9000451816245914
240 : -2.703064288944006
241 : -1.1305733383633196
242 : 2.897000982426107
243 : -1.0438643982633948
244 : -1.0847339862957597
245 : -2.4779751747846603
246 : -1.2127180842217058
247 : -1.2360102320089936
248 : -0.9373595151118934
249 : 2.558580438606441
250 : -9.09936000360176
251 : -2.537848725914955
252 : -0.8024663627147675
253 : 2.9239532221108675
254 : -1.9017138700000942
255 : -1.7066221609711647
256 : -1.1975895557552576
257 : -5.738889545202255
258 : -1.9913820959627628
259 : -5.966060107573867
260 : -1.3210078980773687
261 : 11.585249871597625
262 : -0.14233018876984715
263 : -1.3586521334946156
264 : -0.9312818944454193
265 : -0.5899171233177185
266 : 2.4771407330408692
267 : -3.7051261416636407
268 : -2.168904439546168
269 : -5.966506320051849
270 : -6.28718170337379
271 : -1.080507596489042
272 : -1.3659774735569954
273 : -3.1424575643613935
274 : -0.9567511840723455
275 : -1.8595626750029624
276 : 4.367517646402121
277 : -3.027288564480841
278 : 0.7146864836104214
279 : -1.467138148844242
280 : -1.0120089089032263
281 : -0.9967378526926041
282 : -9.939990905113518
283 : -0.6244125496596098
284 : -0.10620112530887127
285 : 1.5311197061091661
286 : -1.007523303385824
287 : -1.2250674962997437
288 : -1.6086416533216834
289 : -1.6848033466376364
290 : -5.4065073824021965
291 : -0.34813828580081463
292 : -1.7701647714711726
293 : -0.36149256862699986
294 : -1.8054893128573895
295 : -0.9474968612194061
296 : -2.905210254713893
297 : -1.466595396399498
298 : -2.002342201769352
299 : -0.7368556596338749
300 : -1.591742279008031
301 : 4.908993479795754
302 : -2.771444699726999
303 : -1.0612804908305407
304 : -1.8558887410908937
305 : -1.0848314352333546
306 : -0.7796242539770901
307 : -5.334041172172874
308 : 7.508837670087814
309 : 1.488498686812818
310 : -3.3778716772794724
311 : -3.3113313638605177
312 : -1.289775158278644
313 : 4.142401025630534
314 : -4.731015588156879
315 : -1.1039959732443094
316 : -1.210287969559431
317 : 2.052430569427088
318 : -5.408184239640832
319 : -2.3208674378693104
320 : 1.8819750407710671
321 : -1.5384775925194845
322 : -13.577251587063074
323 : -1.8906732834875584
324 : -1.0339747993275523
325 : 0.36773024778813124
326 : -1.025408137589693
327 : 0.25823395466431975
328 : -3.863506292924285
329 : -1.6387119963765144
330 : 3.615369405131787
331 : -1.384785664267838
332 : -4.433592061046511
333 : -1.7686041807755828
334 : -1.6472864621318877
335 : -1.5082552549429238
336 : 1.7304549487307668
337 : -1.0994666162878275
338 : -2.9832718847319484
339 : -1.2685076035559177
340 : -0.47935784328728914
341 : -1.823863482568413
342 : -0.4066454917192459
343 : -1.0429710652679205
344 : -1.9186657194513828
345 : -3.780757668428123
346 : -1.3297486051451415
347 : -1.4846041700802743
348 : 2.346913197543472
349 : 2.604430171661079
350 : -0.06112844357267022
351 : -0.8108452903106809
352 : -0.6987153114750981
353 : -0.4007851108908653
354 : -1.4053543135523796
355 : -2.774000097764656
356 : 2.68602102342993
357 : -2.080382462590933
358 : 7.2242861948907375
359 : -1.733014464378357
360 : -0.5986512489616871
361 : -2.2806032383814454
362 : -2.04325576685369
363 : -1.0135443480685353
364 : 7.629335995996371
365 : -1.7920082854107022
366 : -6.6701102359220386
367 : 1.6947891153395176
368 : -0.21978855831548572
369 : -1.0365347061306238
370 : 2.72672370262444
371 : 2.594454842619598
372 : -2.6707476801238954
373 : -6.101025070995092
374 : -1.3764451604802161
375 : -0.8928942680358887
376 : -0.9543718341737986
377 : -0.6716077290475368
378 : -1.105235330760479
379 : 2.914424571208656
380 : -0.4463970004580915
381 : -1.2607602262869477
382 : 0.286703672260046
383 : -1.4858407926512882
384 : -7.111459421925247
385 : -5.9156247936189175
386 : -1.4378886856138706
387 : -1.213032676372677
388 : -2.606247305870056
389 : -0.653090450912714
390 : -6.600819148123264
391 : -1.2964268866926432
392 : 3.436666333116591
393 : -3.8241488048806787
394 : 2.574557236628607
395 : -3.806056845933199
396 : 1.4580475818365812
397 : 3.518338529393077
398 : -2.968075375072658
399 : 2.4546586263459176
400 : -1.8057871614582837
401 : -0.19941756688058376
402 : 3.804774161428213
403 : -0.22535514924675226
404 : -2.151662732474506
405 : 0.7705507380887866
406 : -2.105660557746887
407 : -6.892417658353224
408 : -0.3469847764354199
409 : -1.7487874976359308
410 : -8.26562439952977
411 : -2.0984244821593165
412 : -0.31928335363045335
413 : 0.36670738691464067
414 : -1.7474382976070046
415 : -2.2454830845817924
416 : -0.9004066162742674
417 : 5.333187897340395
418 : 2.200406078947708
419 : -1.9437621086835861
420 : -2.643676242325455
421 : -1.1176288737915456
422 : -3.5253532668575644
423 : -1.053201010916382
424 : -2.8098497558385134
425 : -2.8503337260335684
426 : -1.5686178468167782
427 : -0.5701813721098006
428 : 0.6516032521612942
429 : -1.6497166939079762
430 : -3.2766209160909057
431 : -1.3986540138721466
432 : 5.185713542625308
433 : -3.9873576313257217
434 : -1.5064544430933893
435 : -1.5501187201589346
436 : -0.48393042758107185
437 : 2.2511433041654527
438 : -0.6564300814643502
439 : 2.3680349364876747
440 : -1.5479767536744475
441 : -1.191255647689104
442 : -1.5956502137705684
443 : 1.2704451277386397
444 : 20.725022370927036
445 : 2.188203936442733
446 : -1.7825022069737315
447 : -3.0323683018796146
448 : -5.649227753281593
449 : -1.505825961008668
450 : -1.056433903053403
451 : -1.693094901740551
452 : 4.591195818036795
453 : -2.585743828676641
454 : -1.2275018952786922
455 : -5.223855292890221
456 : -2.419114410877228
457 : -1.2148968637920916
458 : -2.999070554971695
459 : -1.6130733266472816
460 : -1.5836274707689881
461 : -8.424734830856323
462 : -2.0198949156329036
463 : -4.182621613144875
464 : -1.5503902193158865
465 : -17.53785450279247
466 : 2.8009174880571663
467 : -0.7367381756193936
468 : -0.9709579665213823
469 : 2.3187695497181267
470 : -0.9782586190849543
471 : -2.367490665987134
472 : 7.194202458485961
473 : -4.299286323832348
474 : -1.396718935109675
475 : -0.5206537423655391
476 : -1.2275655958801508
477 : -0.8929081065580249
478 : -1.1516392612829804
479 : -2.3156539890915155
480 : -1.986994456499815
481 : -1.3726655896753073
482 : -1.3878158330917358
483 : -1.111009995918721
484 : -0.1771129984408617
485 : -1.2452710289508104
486 : -0.8839225992560387
487 : 5.981456273701042
488 : -1.4919014740735292
489 : 2.4766398081555963
490 : -4.774649975821376
491 : 3.5258105332031846
492 : -0.050027815625071526
493 : -0.5110314693301916
494 : 4.584292986895889
495 : -0.5695057639386505
496 : -7.034467186778784
497 : -2.171195827424526
498 : 8.76242486294359
499 : 2.4356364011764526
500 : -9.660563218872994
501 : 2.003319252282381
502 : -1.0510209444910288
503 : -0.7660454763099551
504 : -0.9692919631488621
505 : -3.1892478074878454
506 : -1.616753401234746
507 : -0.9180729910731316
508 : -2.0077216075733304
509 : -8.183476057369262
510 : 0.36572697991505265
511 : -3.2277540599461645
512 : -2.2763474881649017
513 : 3.421409659087658
514 : -1.8721682876348495
515 : -1.5001493031159043
516 : 10.756349430419505
517 : -2.8318400122225285
518 : -1.725893771275878
519 : -3.9240217828191817
520 : -2.600845839828253
521 : -21.937387947924435
522 : -5.058255787938833
523 : -1.319511845242232
524 : 5.520096010528505
525 : -5.329742784611881
526 : -4.385104363318533
527 : 4.852960147894919
528 : -1.1876133296173066
529 : 7.635710581671447
530 : -1.3777727843262255
531 : -2.465042376308702
532 : 8.192858305526897
533 : 0.731967150233686
534 : -0.9649026482366025
535 : -0.8666995018720627
536 : -1.888507191091776
537 : -0.6800078433007002
538 : -1.2832547663711011
539 : 2.293713189661503
540 : -1.00917157670483
541 : -1.3911065477877855
542 : -4.303843567497097
543 : -2.487729463726282
544 : 4.937336389906704
545 : -1.026910767890513
546 : -0.8418678054586053
547 : -1.1203878708183765
548 : -0.669979568105191
549 : -9.785788927227259
550 : -0.417029031785205
551 : 11.710285337874666
552 : -0.7881916873157024
553 : -2.820815776940435
554 : -0.49727895949035883
555 : -0.04542522702831775
556 : -3.6893342435359955
557 : -1.0262440205551684
558 : -0.7367074005305767
559 : 0.1828848086297512
560 : -2.5817261897027493
561 : 0.5575756877660751
562 : 1.5417071478441358
563 : -2.0373568199574947
564 : -2.1062977872788906
565 : -1.797440841794014
566 : -0.7107127737253904
567 : -6.050287254154682
568 : -0.9929864993318915
569 : -3.9645020738244057
570 : -3.3876136615872383
571 : -8.407958494964987
572 : -0.9664329653605819
573 : -0.9760831333696842
574 : -1.0996244875714183
575 : 1.0347103429958224
576 : -1.3000989905558527
577 : -1.3575036078691483
578 : -8.78510056110099
579 : -2.0794088849797845
580 : 0.5005515916272998
581 : -14.371122244745493
582 : -1.2311931271106005
583 : -1.4616691274568439
584 : -0.5094723049551249
585 : -1.7458515297621489
586 : 0.21958213672041893
587 : 0.46113245468586683
588 : -0.5601062178611755
589 : -0.2849931549280882
590 : -1.4920926727354527
591 : -0.11412152543198317
592 : -5.132866833359003
593 : -1.6183995511382818
594 : -1.0991672785021365
595 : 0.10842135827988386
596 : -1.0369051480665803
597 : -1.5760283172130585
598 : -0.5463973125442863
599 : 1.4305336261168122
600 : -3.807014707941562
601 : -1.4958126321434975
602 : 1.443219454959035
603 : -8.698066558688879
604 : -2.582358157262206
605 : -2.8769263830035925
606 : -0.9337234999984503
607 : 6.161044073291123
608 : -0.7197787947952747
609 : -0.7600861047394574
610 : -1.2464018519967794
611 : -0.8399578966200352
612 : 0.14719953760504723
613 : -1.861657503992319
614 : -1.6021149903535843
615 : 5.13982671732083
616 : 3.410422533750534
617 : -2.112110427580774
618 : 0.14917250210419297
619 : -1.6164577659219503
620 : -0.9895934551022947
621 : -1.5921651469543576
622 : -4.405763304792345
623 : 8.192866006866097
624 : -1.2173124724067748
625 : -0.0011700810864567757
626 : -1.5340032344684005
627 : -0.7633187137544155
628 : 2.649048265069723
629 : -1.4038165993988514
630 : -3.402712575858459
631 : -3.7432293593883514
632 : 2.347213786561042
633 : -5.036215223837644
634 : -8.30119929369539
635 : -2.2423764588311315
636 : -0.48969956184737384
637 : -0.7915477976202965
638 : -1.108486910816282
639 : -0.6496333591639996
640 : 1.9061294347047806
641 : -2.1134928482351825
642 : -1.547180782072246
643 : -1.540925111155957
644 : -5.043239066377282
645 : -0.8241911521181464
646 : -0.09143004193902016
647 : -1.028453566133976
648 : -10.170400543836877
649 : -0.4283271306194365
650 : 0.5951800807379186
651 : -1.6122234761714935
652 : 4.072020172141492
653 : 0.21116773877292871
654 : -1.5944965770468116
655 : -1.4035895355045795
656 : -1.5042946618050337
657 : -0.3079649265855551
658 : -5.452946373494342
659 : -1.4921286711469293
660 : -1.8819014932960272
661 : -0.7149798925966024
662 : -10.077807175461203
663 : 0.09193279314786196
664 : -1.6062052706256509
665 : -5.379447975195944
666 : -2.431059204041958
667 : -0.1295900447294116
668 : -1.1461629895493388
669 : -9.33975426480174
670 : 1.3540124432183802
671 : 7.922385817510076
672 : -2.3305716440081596
673 : -0.7484920984134078
674 : 0.8828418841585517
675 : 0.2327596046961844
676 : -5.481130692176521
677 : -1.0981466602534056
678 : -1.506498958915472
679 : -3.9447521942202
680 : -2.156655851751566
681 : -5.435999415349215
682 : -0.3849318656139076
683 : -1.0402922588400543
684 : 0.9399342876859009
685 : -1.3851177908945829
686 : -1.7159579670988023
687 : 5.053954692557454
688 : -5.653549671173096
689 : -1.4802541201934218
690 : 0.7838703244924545
691 : 3.6610678769648075
692 : 0.1913138390518725
693 : -1.3064585821703076
694 : -2.1523038977757096
695 : -6.45978038571775
696 : -1.0000930782407522
697 : 0.28022643964504823
698 : 27.937689238227904
699 : -1.3895912785083055
700 : 0.030270562507212162
701 : -1.0953917559236288
702 : -3.106036310084164
703 : -0.9907800868386403
704 : -1.30026001855731
705 : -0.7594218421727419
706 : -1.3489863770082593
707 : -1.512172776274383
708 : -1.6470043770968914
709 : -1.3080487661063671
710 : 0.035249273758381605
711 : -7.02315379679203
712 : -1.6671553272753954
713 : -0.9629548736847937
714 : 7.957393085118383
715 : -5.6515615144744515
716 : -3.6835684217512608
717 : -5.764702968299389
718 : -2.0125346947461367
719 : 0.4905132493004203
720 : -2.99789160117507
721 : 10.976981208659708
722 : -1.6254145726561546
723 : 6.420369578525424
724 : -1.5406532371416688
725 : -1.2805096618831158
726 : -6.9012536206282675
727 : 1.9342670673504472
728 : -0.7474050794262439
729 : 1.3589489976875484
730 : -1.594246479216963
731 : -1.4090397695545107
732 : -0.4435585178434849
733 : -0.6949928803369403
734 : -7.176202110480517
735 : -0.8752465266734362
736 : -1.0838649347424507
737 : 2.754308596253395
738 : -1.0115815289318562
739 : -1.122755153104663
740 : -1.887486663646996
741 : -1.838278952986002
742 : 1.347035089507699
743 : -2.03921227902174
744 : -1.3204046934843063
745 : 2.331147475168109
746 : -1.661370764952153
747 : -1.3318242547102273
748 : -0.9547915989533067
749 : -5.641767139080912
750 : -2.183510223403573
751 : 3.352019725367427
752 : -0.885210769250989
753 : -7.339061591774225
754 : -1.582096477970481
755 : 3.4183360878378153
756 : -1.8120589293539524
757 : 0.21081126295030117
758 : -1.03992332611233
759 : 3.410934871993959
760 : -0.06410844810307026
761 : 2.444470541551709
762 : -2.956129875034094
763 : -2.810194286517799
764 : -1.0426738215610385
765 : -1.0615953949745744
766 : -2.122225802857429
767 : -0.5766837205737829
768 : -1.527391922660172
769 : -1.215992588084191
770 : 0.1319984970614314
771 : -1.6832981035113335
772 : -0.06874249642714858
773 : -3.494894708506763
774 : -1.5687676761299372
775 : -0.742550443392247
776 : -1.5433423779904842
777 : -0.2886955295689404
778 : -1.5075893923640251
779 : -1.1747455522418022
780 : -1.5570498742163181
781 : -1.2494660499505699
782 : -0.7227028235793114
783 : 7.069519496522844
784 : -3.318338925950229
785 : -7.714399270713329
786 : -1.761311212554574
787 : 0.6687402203679085
788 : 10.519699865486473
789 : -1.27770830783993
790 : -5.686957884114236
791 : 4.351976063102484
792 : -0.07746925391256809
793 : -1.3240511640906334
794 : -1.1698055639863014
795 : -1.2557427622377872
796 : 1.0560076478868723
797 : 0.8026076033711433
798 : -1.7699615210294724
799 : -4.065351576544344
800 : 2.6467977426946163
801 : 1.4894963130354881
802 : -1.5838288888335228
803 : -1.2492220968706533
804 : -2.881246511125937
805 : -1.5122578889131546
806 : -2.5494512915611267
807 : -1.582722737453878
808 : 14.917892663739622
809 : -2.024004776030779
810 : 1.1499688755720854
811 : -1.573034729808569
812 : 0.5850799567997456
813 : -0.018852542154490948
814 : -0.9646162306889892
815 : 3.6892599277198315
816 : -15.546287302859128
817 : 5.601755337789655
818 : -5.260893797269091
819 : -1.613894023001194
820 : 11.735133495181799
821 : -2.2251463308930397
822 : -6.1249291396234185
823 : -0.9162299721501768
824 : -0.563664915971458
825 : -1.7462693210691214
826 : -1.2856910321861506
827 : 8.064568672794849
828 : -1.4664540090598166
829 : -4.477819571271539
830 : -1.6374103408306837
831 : 3.374530072323978
832 : -1.5842576553113759
833 : -0.721624773228541
834 : -1.9579158721026033
835 : -0.7063402300700545
836 : 1.9670156184583902
837 : -2.941742262803018
838 : 0.47358027286827564
839 : 7.985118740238249
840 : -1.530942197307013
841 : -0.5139892343431711
842 : -2.768179098609835
843 : -3.43642090074718
844 : -1.9076423291116953
845 : -1.7971796467900276
846 : 2.470873245038092
847 : -1.3282487373799086
848 : 5.3241803157143295
849 : -2.2161956671625376
850 : 0.3819030299782753
851 : -2.107050861697644
852 : 0.5959638021886349
853 : -1.127609440125525
854 : -0.9075578348711133
855 : -1.9240068905055523
856 : -2.8533753380179405
857 : 0.15180829167366028
858 : 6.8557298919186
859 : -0.960001464933157
860 : -1.539148785173893
861 : -3.0820503970608115
862 : 5.852864775806665
863 : 2.122035248670727
864 : -6.774683495983481
865 : -1.8552134765777737
866 : -7.154107477050275
867 : -1.2123230528086424
868 : -0.4285012446343899
869 : -1.7908507138490677
870 : 2.8039610204286873
871 : -2.1233472749590874
872 : -0.09239865932613611
873 : -2.2046070294454694
874 : -1.1656341254711151
875 : -1.1772713866084814
876 : -2.1110570216551423
877 : -1.9135597893036902
878 : 4.453629460185766
879 : 1.5783848259598017
880 : -1.17019810853526
881 : 1.3337499145418406
882 : -1.6842361688613892
883 : -1.4408105006441474
884 : -0.6144799711182714
885 : -8.458262257277966
886 : -0.8419287465512753
887 : -1.0062478594481945
888 : -2.299866469344124
889 : 1.0771730709820986
890 : -1.151487515307963
891 : -7.367944377474487
892 : -1.8903388194739819
893 : -0.8584221703931689
894 : -1.9013139717280865
895 : 14.371684029698372
896 : -1.1597509710118175
897 : -1.31745495647192
898 : -2.7442944636568427
899 : -0.3980309460312128
900 : 0.8772270241752267
901 : 3.015556250233203
902 : -4.116811076179147
903 : -2.083273960277438
904 : 2.8690664498135448
905 : -4.61097327619791
906 : 2.341350169852376
907 : -8.951153185218573
908 : -1.2288896564859897
909 : -1.6272921804338694
910 : -1.4505686359480023
911 : -5.081607434898615
912 : -1.988436333835125
913 : -0.21879766043275595
914 : -2.9098804043605924
915 : 2.8380994219332933
916 : -4.962287697941065
917 : -1.5586170200258493
918 : -2.729917613789439
919 : -0.45396507950499654
920 : -0.43833461962640285
921 : -1.7704844996333122
922 : -1.2202037135139108
923 : 1.4997529368847609
924 : -1.9204808212816715
925 : -3.7341743502765894
926 : 7.846026553306729
927 : -0.9048039400950074
928 : -0.9101299257017672
929 : -0.9374354733154178
930 : 2.491874285042286
931 : 0.7078206050209701
932 : -1.476219200878404
933 : -5.96145925950259
934 : -0.6846616445109248
935 : -1.7524659903720021
936 : -2.061133250594139
937 : -0.8357299484778196
938 : -1.3260925747454166
939 : 3.7020525974221528
940 : -0.3740576938726008
941 : 0.40529697481542826
942 : -0.9157253038138151
943 : 10.000287220813334
944 : -0.9236024250276387
945 : -1.0275666383095086
946 : -6.165251084603369
947 : -1.2811852097511292
948 : -0.8908282341435552
949 : -13.349059492815286
950 : -0.8433358846232295
951 : 4.930986745283008
952 : -2.5891891354694963
953 : -1.7129318285733461
954 : 0.8714755931869149
955 : -4.074211927130818
956 : -2.6630251351743937
957 : -1.6145900413393974
958 : 0.021628309274092317
959 : -4.204084284603596
960 : -1.5274872484151274
961 : -1.1756802297895774
962 : -0.019529318902641535
963 : 0.6327542774379253
964 : 0.9581130985170603
965 : -1.645325890276581
966 : 2.6396442796103656
967 : -1.1787301879376173
968 : -0.7613518945872784
969 : -6.475388757418841
970 : 0.23099942924454808
971 : -1.3374766471679322
972 : -10.007123182527721
973 : -0.8968673869967461
974 : -0.9326765835285187
975 : -0.9688061811029911
976 : -5.7761512969154865
977 : -2.734551128000021
978 : 4.666175378486514
979 : 2.439699960872531
980 : -1.525418124627322
981 : -8.081654734909534
982 : -1.8516663750633597
983 : -1.172450219746679
984 : -1.03824304882437
985 : -9.941732918843627
986 : -0.9400194073095918
987 : -1.4582389532588422
988 : 1.7962691467255354
989 : 1.1019930830225348
990 : -0.8473431328311563
991 : -1.0428898259997368
992 : -0.0657026688568294
993 : -1.5611325036734343
994 : -7.793779029976577
995 : 0.5220534447580576
996 : -2.3541443906724453
997 : -1.1028935587964952
998 : -5.8803136518690735
999 : 6.280542218126357
Setting up 2 worker threads for Enlighten.
  Thread -> id: 7faff1397700 -> priority: 1 
  Thread -> id: 7faff0b96700 -> priority: 1 
2020-06-24 04:12:29 INFO [environment.py:418] Environment shut down with return code 0.
[I 2020-06-24 04:12:30,074] Finished trial#166 with value: 6.280542218126357 with parameters: {'update_time_steps': 7168, 'ppo_epochs': 11, 'gamma': 0.9631166418097385, 'beta': 0.06021362937002738}. Best is trial#148 with value: -6.7115356754511595.
Found path: /home/j/jensenj/PycharmProjects/Federer-Jr./src/../crawler_single/linux/dynamic_server/crawler_dynamic.x86_64
Mono path[0] = '/home/j/jensenj/PycharmProjects/Federer-Jr./src/../crawler_single/linux/dynamic_server/crawler_dynamic_Data/Managed'
Mono config path = '/home/j/jensenj/PycharmProjects/Federer-Jr./src/../crawler_single/linux/dynamic_server/crawler_dynamic_Data/MonoBleedingEdge/etc'
Preloaded 'lib_burst_generated.so'
Preloaded 'libgrpc_csharp_ext.x64.so'
Initialize engine version: 2019.3.15f1 (59ff3e03856d)
[Subsystems] Discovering subsystems at path /home/j/jensenj/PycharmProjects/Federer-Jr./src/../crawler_single/linux/dynamic_server/crawler_dynamic_Data/UnitySubsystems
Forcing GfxDevice: Null
GfxDevice: creating device client; threaded=0
NullGfxDevice:
    Version:  NULL 1.0 [1.0]
    Renderer: Null Device
    Vendor:   Unity Technologies
Begin MonoManager ReloadAssembly
- Completed reload, in  0.094 seconds
WARNING: Shader Unsupported: 'Autodesk Interactive' - All passes removed
WARNING: Shader Did you use #pragma only_renderers and omit this platform?
UnloadTime: 0.429253 ms
Fallback handler could not load library /home/j/jensenj/PycharmProjects/Federer-Jr./src/../crawler_single/linux/dynamic_server/crawler_dynamic_Data/Mono/libcoreclr.so
Fallback handler could not load library /home/j/jensenj/PycharmProjects/Federer-Jr./src/../crawler_single/linux/dynamic_server/crawler_dynamic_Data/Mono/libcoreclr.so
Fallback handler could not load library /home/j/jensenj/PycharmProjects/Federer-Jr./src/../crawler_single/linux/dynamic_server/crawler_dynamic_Data/Mono/libcoreclr.so
Fallback handler could not load library /home/j/jensenj/PycharmProjects/Federer-Jr./src/../crawler_single/linux/dynamic_server/crawler_dynamic_Data/Mono/libSystem.dylib
Fallback handler could not load library /home/j/jensenj/PycharmProjects/Federer-Jr./src/../crawler_single/linux/dynamic_server/crawler_dynamic_Data/Mono/libSystem.dylib.so
Fallback handler could not load library /home/j/jensenj/PycharmProjects/Federer-Jr./src/../crawler_single/linux/dynamic_server/crawler_dynamic_Data/Mono/libSystem.dylib
Fallback handler could not load library /home/j/jensenj/PycharmProjects/Federer-Jr./src/../crawler_single/linux/dynamic_server/crawler_dynamic_Data/Mono/libcoreclr.so
Fallback handler could not load library /home/j/jensenj/PycharmProjects/Federer-Jr./src/../crawler_single/linux/dynamic_server/crawler_dynamic_Data/Mono/libcoreclr.so
Fallback handler could not load library /home/j/jensenj/PycharmProjects/Federer-Jr./src/../crawler_single/linux/dynamic_server/crawler_dynamic_Data/Mono/libcoreclr.so
Fallback handler could not load library /home/j/jensenj/PycharmProjects/Federer-Jr./src/../crawler_single/linux/dynamic_server/crawler_dynamic_Data/Mono/libSystem.dylib
Fallback handler could not load library /home/j/jensenj/PycharmProjects/Federer-Jr./src/../crawler_single/linux/dynamic_server/crawler_dynamic_Data/Mono/libSystem.dylib.so
Fallback handler could not load library /home/j/jensenj/PycharmProjects/Federer-Jr./src/../crawler_single/linux/dynamic_server/crawler_dynamic_Data/Mono/libSystem.dylib
2020-06-24 04:12:31 INFO [environment.py:108] Connected to Unity environment with package version 1.0.2 and communication version 1.0.0
2020-06-24 04:12:31 INFO [environment.py:265] Connected new brain:
CrawlerDynamic?team=0
2020-06-24 04:12:31 WARNING [__init__.py:92] The environment contains multiple observations. You must define allow_multiple_obs=True to receive them all. Otherwise, only the first visual observation (or vector observation ifthere are no visual observations) will be provided in the observation.
{'nr_output_features': 20, 'nr_input_features': 126, 'env': <gym_unity.envs.UnityToGymWrapper object at 0x7f7feb0e6ef0>, 'alpha': 0.003, 'tau': 0.95, 'clip': 0.2, 'minibatch_size': 32, 'hidden_units': 512, 'update_time_steps': 9216, 'ppo_epochs': 8, 'gamma': 0.9749721997884613, 'beta': 0.09952211459162037}
0 : -1.474590201396495
1 : -1.155195097264368
2 : -1.89185955747962
3 : -0.8417456587776542
4 : -0.7082947655580938
5 : -1.0422615227289498
6 : -1.885346245020628
7 : 0.8840923849493265
8 : -0.828408035915345
9 : -1.312689632177353
10 : 0.14814805053174496
11 : -8.776697347639129
12 : -3.162882215809077
13 : -1.3121598213911057
14 : -1.7683857921510935
15 : -1.784290622919798
16 : -0.7918937210924923
17 : -1.5117823211476207
18 : -3.0577641939744353
19 : 3.2935094349086285
20 : -2.207150898873806
21 : -1.5349727552384138
22 : -0.8961733921896666
23 : -1.0283474884927273
24 : -2.211179826874286
25 : 2.1875803116708994
26 : -1.7139568477869034
27 : -6.382522411877289
28 : -1.5423214361071587
29 : -3.518739697523415
30 : -6.569239624775946
31 : -2.527932663913816
32 : -1.0035197967663407
33 : 4.778960410505533
34 : -5.440259853377938
35 : -2.3365670427447185
36 : -1.4706695098429918
37 : -1.8633901942521334
38 : -1.919327342766337
39 : -7.325668688863516
40 : -1.1098987199366093
41 : -0.3623807826079428
42 : -4.73816704202909
43 : 0.2143733873963356
44 : -0.8464913330972195
45 : -3.5278526809997857
46 : -0.9226773348636925
47 : -5.455227491445839
48 : -1.5406167288310826
49 : -1.2478594161802903
50 : -5.546082734595984
51 : -1.1270003374665976
52 : -3.180034742690623
53 : -2.229751968756318
54 : -6.009278818964958
55 : -1.5306384204886854
56 : 2.560195514699444
57 : -0.6180374333634973
58 : -1.1144791841506958
59 : -1.3084769840352237
60 : -1.1337048718705773
61 : -1.3475921317003667
62 : -1.7523339036852121
63 : -1.541081143077463
64 : -1.7815169859677553
65 : -2.41543593024835
66 : -1.2414635960012674
67 : -0.5517354500479996
68 : -0.4070211621001363
69 : -0.41642146557569504
70 : 0.09696071455255151
[W 2020-06-24 04:14:14,793] Setting status of trial#186 as TrialState.FAIL because of the following error: ValueError('array split does not result in an equal division',)
Traceback (most recent call last):
  File "/home/j/jensenj/.local/lib/python3.6/site-packages/numpy/lib/shape_base.py", line 867, in split
    len(indices_or_sections)
TypeError: object of type 'int' has no len()

During handling of the above exception, another exception occurred:

Traceback (most recent call last):
  File "/home/j/jensenj/.local/lib/python3.6/site-packages/optuna/study.py", line 734, in _run_trial
    result = func(trial)
  File "main-optuna.py", line 88, in objective
    returns = [episode(env, agent, params, writer, i) for i in range(training_episodes)]
  File "main-optuna.py", line 88, in <listcomp>
    returns = [episode(env, agent, params, writer, i) for i in range(training_episodes)]
  File "main-optuna.py", line 40, in episode
    agent.update(next_state)
  File "/home/j/jensenj/PycharmProjects/Federer-Jr./src/ppo.py", line 140, in update
    for states, actions, old_log_probs, returns, advantages in self.memory.sample_batch(self.minibatch_size, next_value):
  File "/home/j/jensenj/PycharmProjects/Federer-Jr./src/ppo.py", line 44, in sample_batch
    ids = np.split(ids, batch_size // minibatch_size)
  File "<__array_function__ internals>", line 6, in split
  File "/home/j/jensenj/.local/lib/python3.6/site-packages/numpy/lib/shape_base.py", line 873, in split
    'array split does not result in an equal division')
ValueError: array split does not result in an equal division
Traceback (most recent call last):
  File "/home/j/jensenj/.local/lib/python3.6/site-packages/numpy/lib/shape_base.py", line 867, in split
    len(indices_or_sections)
TypeError: object of type 'int' has no len()

During handling of the above exception, another exception occurred:

Traceback (most recent call last):
  File "main-optuna.py", line 103, in <module>
    study.optimize(objective, n_trials=1000)
  File "/home/j/jensenj/.local/lib/python3.6/site-packages/optuna/study.py", line 339, in optimize
    func, n_trials, timeout, catch, callbacks, gc_after_trial, None
  File "/home/j/jensenj/.local/lib/python3.6/site-packages/optuna/study.py", line 682, in _optimize_sequential
    self._run_trial_and_callbacks(func, catch, callbacks, gc_after_trial)
  File "/home/j/jensenj/.local/lib/python3.6/site-packages/optuna/study.py", line 713, in _run_trial_and_callbacks
    trial = self._run_trial(func, catch, gc_after_trial)
  File "/home/j/jensenj/.local/lib/python3.6/site-packages/optuna/study.py", line 734, in _run_trial
    result = func(trial)
  File "main-optuna.py", line 88, in objective
    returns = [episode(env, agent, params, writer, i) for i in range(training_episodes)]
  File "main-optuna.py", line 88, in <listcomp>
    returns = [episode(env, agent, params, writer, i) for i in range(training_episodes)]
  File "main-optuna.py", line 40, in episode
    agent.update(next_state)
  File "/home/j/jensenj/PycharmProjects/Federer-Jr./src/ppo.py", line 140, in update
    for states, actions, old_log_probs, returns, advantages in self.memory.sample_batch(self.minibatch_size, next_value):
  File "/home/j/jensenj/PycharmProjects/Federer-Jr./src/ppo.py", line 44, in sample_batch
    ids = np.split(ids, batch_size // minibatch_size)
  File "<__array_function__ internals>", line 6, in split
  File "/home/j/jensenj/.local/lib/python3.6/site-packages/numpy/lib/shape_base.py", line 873, in split
    'array split does not result in an equal division')
ValueError: array split does not result in an equal division
Setting up 2 worker threads for Enlighten.
  Thread -> id: 7f28b6ffd700 -> priority: 1 
  Thread -> id: 7f28b67fc700 -> priority: 1 
2020-06-24 04:14:15 INFO [environment.py:418] Environment shut down with return code 0.
