slurmstepd-duernbach: error: Unable to create TMPDIR [/tmp/user/30108]: Permission denied
slurmstepd-duernbach: error: Setting TMPDIR to /tmp
Found path: /home/j/jensenj/PycharmProjects/Federer-Jr./src/../crawler_single/linux/dynamic_server/crawler_dynamic.x86_64
Mono path[0] = '/home/j/jensenj/PycharmProjects/Federer-Jr./src/../crawler_single/linux/dynamic_server/crawler_dynamic_Data/Managed'
Mono config path = '/home/j/jensenj/PycharmProjects/Federer-Jr./src/../crawler_single/linux/dynamic_server/crawler_dynamic_Data/MonoBleedingEdge/etc'
Preloaded 'lib_burst_generated.so'
Preloaded 'libgrpc_csharp_ext.x64.so'
Initialize engine version: 2019.3.15f1 (59ff3e03856d)
[Subsystems] Discovering subsystems at path /home/j/jensenj/PycharmProjects/Federer-Jr./src/../crawler_single/linux/dynamic_server/crawler_dynamic_Data/UnitySubsystems
Forcing GfxDevice: Null
GfxDevice: creating device client; threaded=0
NullGfxDevice:
    Version:  NULL 1.0 [1.0]
    Renderer: Null Device
    Vendor:   Unity Technologies
Begin MonoManager ReloadAssembly
- Completed reload, in  0.096 seconds
WARNING: Shader Unsupported: 'Autodesk Interactive' - All passes removed
WARNING: Shader Did you use #pragma only_renderers and omit this platform?
UnloadTime: 0.434086 ms
Fallback handler could not load library /home/j/jensenj/PycharmProjects/Federer-Jr./src/../crawler_single/linux/dynamic_server/crawler_dynamic_Data/Mono/libcoreclr.so
Fallback handler could not load library /home/j/jensenj/PycharmProjects/Federer-Jr./src/../crawler_single/linux/dynamic_server/crawler_dynamic_Data/Mono/libcoreclr.so
Fallback handler could not load library /home/j/jensenj/PycharmProjects/Federer-Jr./src/../crawler_single/linux/dynamic_server/crawler_dynamic_Data/Mono/libcoreclr.so
Fallback handler could not load library /home/j/jensenj/PycharmProjects/Federer-Jr./src/../crawler_single/linux/dynamic_server/crawler_dynamic_Data/Mono/libSystem.dylib
Fallback handler could not load library /home/j/jensenj/PycharmProjects/Federer-Jr./src/../crawler_single/linux/dynamic_server/crawler_dynamic_Data/Mono/libSystem.dylib.so
Fallback handler could not load library /home/j/jensenj/PycharmProjects/Federer-Jr./src/../crawler_single/linux/dynamic_server/crawler_dynamic_Data/Mono/libSystem.dylib
Fallback handler could not load library /home/j/jensenj/PycharmProjects/Federer-Jr./src/../crawler_single/linux/dynamic_server/crawler_dynamic_Data/Mono/libcoreclr.so
Fallback handler could not load library /home/j/jensenj/PycharmProjects/Federer-Jr./src/../crawler_single/linux/dynamic_server/crawler_dynamic_Data/Mono/libcoreclr.so
Fallback handler could not load library /home/j/jensenj/PycharmProjects/Federer-Jr./src/../crawler_single/linux/dynamic_server/crawler_dynamic_Data/Mono/libcoreclr.so
Fallback handler could not load library /home/j/jensenj/PycharmProjects/Federer-Jr./src/../crawler_single/linux/dynamic_server/crawler_dynamic_Data/Mono/libSystem.dylib
Fallback handler could not load library /home/j/jensenj/PycharmProjects/Federer-Jr./src/../crawler_single/linux/dynamic_server/crawler_dynamic_Data/Mono/libSystem.dylib.so
Fallback handler could not load library /home/j/jensenj/PycharmProjects/Federer-Jr./src/../crawler_single/linux/dynamic_server/crawler_dynamic_Data/Mono/libSystem.dylib
/home/j/jensenj/.local/lib/python3.6/site-packages/tensorboard/compat/tensorflow_stub/dtypes.py:541: FutureWarning: Passing (type, 1) or '1type' as a synonym of type is deprecated; in a future version of numpy, it will be understood as (type, (1,)) / '(1,)type'.
  _np_qint8 = np.dtype([("qint8", np.int8, 1)])
/home/j/jensenj/.local/lib/python3.6/site-packages/tensorboard/compat/tensorflow_stub/dtypes.py:542: FutureWarning: Passing (type, 1) or '1type' as a synonym of type is deprecated; in a future version of numpy, it will be understood as (type, (1,)) / '(1,)type'.
  _np_quint8 = np.dtype([("quint8", np.uint8, 1)])
/home/j/jensenj/.local/lib/python3.6/site-packages/tensorboard/compat/tensorflow_stub/dtypes.py:543: FutureWarning: Passing (type, 1) or '1type' as a synonym of type is deprecated; in a future version of numpy, it will be understood as (type, (1,)) / '(1,)type'.
  _np_qint16 = np.dtype([("qint16", np.int16, 1)])
/home/j/jensenj/.local/lib/python3.6/site-packages/tensorboard/compat/tensorflow_stub/dtypes.py:544: FutureWarning: Passing (type, 1) or '1type' as a synonym of type is deprecated; in a future version of numpy, it will be understood as (type, (1,)) / '(1,)type'.
  _np_quint16 = np.dtype([("quint16", np.uint16, 1)])
/home/j/jensenj/.local/lib/python3.6/site-packages/tensorboard/compat/tensorflow_stub/dtypes.py:545: FutureWarning: Passing (type, 1) or '1type' as a synonym of type is deprecated; in a future version of numpy, it will be understood as (type, (1,)) / '(1,)type'.
  _np_qint32 = np.dtype([("qint32", np.int32, 1)])
/home/j/jensenj/.local/lib/python3.6/site-packages/tensorboard/compat/tensorflow_stub/dtypes.py:550: FutureWarning: Passing (type, 1) or '1type' as a synonym of type is deprecated; in a future version of numpy, it will be understood as (type, (1,)) / '(1,)type'.
  np_resource = np.dtype([("resource", np.ubyte, 1)])
2020-06-24 03:42:32 INFO [environment.py:108] Connected to Unity environment with package version 1.0.2 and communication version 1.0.0
2020-06-24 03:42:32 INFO [environment.py:265] Connected new brain:
CrawlerDynamic?team=0
2020-06-24 03:42:32 WARNING [__init__.py:92] The environment contains multiple observations. You must define allow_multiple_obs=True to receive them all. Otherwise, only the first visual observation (or vector observation ifthere are no visual observations) will be provided in the observation.
/home/j/jensenj/.local/lib/python3.6/site-packages/gym/logger.py:30: UserWarning: WARN: Box bound precision lowered by casting to float32
  warnings.warn(colorize('%s: %s'%('WARN', msg % args), 'yellow'))
{'nr_output_features': 20, 'nr_input_features': 126, 'env': <gym_unity.envs.UnityToGymWrapper object at 0x7f8bbd7c5eb8>, 'alpha': 0.003, 'tau': 0.95, 'clip': 0.2, 'minibatch_size': 32, 'hidden_units': 512, 'update_time_steps': 7168, 'ppo_epochs': 12, 'gamma': 0.9634008121873315, 'beta': 0.055666624402272866}
0 : -1.3918454102240503
1 : -1.100900680758059
2 : -0.7749390723183751
3 : -0.2742844186723232
4 : -0.987637884914875
5 : -1.4138602754101157
6 : -1.3323955088853836
7 : -1.2344702929258347
8 : 0.05375451035797596
9 : -1.4882439002394676
10 : 4.639619488734752
11 : -2.1215043561533093
12 : -3.2124770001973957
13 : -1.2447092812508345
14 : -1.078877676744014
15 : -2.0195601917803288
16 : -0.5660871483851224
17 : -5.6891933511942625
18 : -1.694216194562614
19 : -1.5986858326941729
20 : -1.2802013885229826
21 : -2.5205772081390023
22 : 0.0899562326958403
23 : 2.83375489898026
24 : 4.028064473066479
25 : -1.73494275752455
26 : -1.2423351034522057
27 : -4.15868282224983
28 : -0.6666938457638025
29 : -4.318577421829104
30 : -1.538965588901192
31 : -1.4132843744009733
32 : -2.095960598438978
33 : -0.007766942959278822
34 : -0.7835848331451416
35 : -1.1899293307214975
36 : 3.121472831815481
37 : -1.3464116426184773
38 : -1.5440035108476877
39 : 1.7085699383169413
40 : -1.2717777816578746
41 : -1.384720959700644
42 : 0.6139378761872649
43 : 0.8372126636095345
44 : -0.9744741334579885
45 : -4.126300464384258
46 : -1.4073176430538297
47 : -0.8653441602364182
48 : -1.0836439761333168
49 : -2.463612921535969
50 : 2.9365934655070305
51 : -1.0122601678594947
52 : -1.0925230449065566
53 : -0.3817102168686688
54 : -0.18331120465882123
55 : -0.7842257553711534
56 : -1.9911255347542465
57 : -1.5425846446305513
58 : -2.064644001191482
59 : -2.2297745136311278
60 : -3.9564525857567787
61 : -1.7195948837324977
62 : -1.8436474446207285
63 : -0.6668544821441174
64 : -1.0092478021979332
65 : 4.161429742351174
66 : -2.112092509865761
67 : 3.465695888735354
68 : 2.4985646409913898
69 : -1.307815532432869
70 : -1.5905891954898834
71 : -0.7129657636396587
72 : -1.6551523264497519
73 : -4.09815791528672
74 : -1.2815293419989757
75 : -2.9488092390820384
76 : -1.426938109099865
77 : -1.7759350617416203
78 : -4.039579941891134
79 : -0.9893036307767034
80 : -3.826177190989256
81 : 0.7277475167065859
82 : -0.8911111522465944
83 : 0.6854218058288097
84 : -0.9459135425277054
85 : -2.9103352073580027
86 : -1.1732103827525862
87 : 0.947806254029274
88 : -2.7709586452692747
89 : 0.05764114065095782
90 : -1.6788586061447859
91 : -1.2994287619367242
92 : -0.29260641522705555
93 : -1.5394475038629025
94 : -2.973298326600343
95 : -2.0007730443030596
96 : 3.6616635909304023
97 : 3.0002635419368744
98 : -5.909957201220095
99 : -1.0189723265357316
100 : -0.2961690165102482
101 : -1.003592268563807
102 : -1.3826621789485216
103 : -2.323534030467272
104 : -0.6991953523829579
105 : -8.088195718824863
106 : -4.106372144073248
107 : 3.704238750040531
108 : -1.1901207794435322
109 : -2.3113295994699
110 : 1.0433035623282194
111 : -1.3575777187943459
112 : -0.6214580312371254
113 : -1.0452049891464412
114 : 4.201324792578816
115 : 1.454319222131744
116 : -1.4216389588546008
117 : -2.0697096083313227
118 : -2.000205570831895
119 : 0.21531818807125092
120 : -1.5493296198546886
121 : -7.590507633984089
122 : -1.2304862653836608
123 : -1.2157896379940212
124 : -1.6990054599009454
125 : -1.4639720926061273
126 : -6.254982024431229
127 : -1.544660591520369
128 : -0.9237835891544819
129 : -1.687199879437685
130 : -1.155864879488945
131 : -8.10766883380711
132 : -1.1835230835713446
133 : -0.18034346494823694
134 : -4.255829552188516
135 : -1.0783423841930926
136 : -4.1358784711919725
137 : 4.178771554492414
138 : -1.167222245130688
139 : -1.102852987125516
140 : -7.507033398374915
141 : -4.408831854350865
142 : -1.0902565391734242
143 : -1.0429729092866182
144 : -0.3884249310940504
145 : -1.5931370379403234
146 : -1.6121020000427961
147 : -0.4984661643393338
148 : -1.208822519518435
149 : -1.2733010610681958
150 : -1.6727657616138458
151 : -1.5095190918073058
152 : 1.2471212358213961
153 : -2.7191515741869807
154 : -1.2220203671604395
155 : -1.0042574126273394
156 : -0.22341231955215335
157 : 1.4146862924098969
158 : 0.043436174280941486
159 : -4.0557234101579525
160 : -1.8357468526810408
161 : -1.0930122178979218
162 : -1.6512043909169734
163 : 3.522600205615163
164 : -2.777912199497223
165 : -1.3398956386372447
166 : -1.752776127308607
167 : -1.1667233891785145
168 : -2.753066639881581
169 : -4.530789017677307
170 : -2.3112290017306805
171 : -1.1455857455730438
172 : -3.0082577406428754
173 : -1.1296580266207457
174 : 5.053226324496791
175 : -3.4882854006718844
176 : -5.288694946095347
177 : -1.8896188451908529
178 : -0.9228578107431531
179 : -0.8887720620259643
180 : -10.259626250481233
181 : -1.3467366509139538
182 : -1.12499141972512
183 : -1.0530304536223412
184 : -0.4802837511524558
185 : 4.789354329928756
186 : -2.5554889664053917
187 : -3.261770121753216
188 : -0.29223562590777874
189 : -1.4581337007693946
190 : -1.5443188659846783
191 : -1.0466280225664377
192 : -1.3999551525339484
193 : -2.308019082993269
194 : -0.7630014871247113
195 : -0.8984160562977195
196 : 0.8220340511761606
197 : -1.0935047310777009
198 : -1.6546482983976603
199 : -1.9502032087184489
200 : -2.0817645378410816
201 : -1.201017064973712
202 : -6.934003668488003
203 : -1.1801215847954154
204 : -1.4042606446892023
205 : -1.2109125796705484
206 : -1.666688160970807
207 : -0.035622074734419584
208 : -1.1694727591238916
209 : -0.8167105098254979
210 : -0.865694637876004
211 : -6.792493456974626
212 : -12.97420082706958
213 : -0.1341496235691011
214 : -5.51461661583744
215 : -1.0506816252600402
216 : 1.4250482262577862
217 : -1.498613037634641
218 : -2.0052404925227165
219 : -0.549887434579432
220 : -0.7138636028394103
221 : -0.5370885552838445
222 : 4.914931874722242
223 : -1.965964188799262
224 : 1.3303262064000592
225 : -1.401476988219656
226 : 0.4307596868602559
227 : -1.2442906918004155
228 : -2.904446480795741
229 : 0.12338701798580587
230 : -2.9283807557076216
231 : -0.1471893242560327
232 : -1.3039128920063376
233 : 0.7081019785255194
234 : -0.3828014750033617
235 : 1.285706203430891
236 : -0.6362669644877315
237 : 0.5493707433342934
238 : -1.005904911318794
239 : -1.8354746848344803
240 : -8.91735440120101
241 : -2.2462004153057933
242 : -0.08872970240190625
243 : -6.344089583028108
244 : -2.3269945387728512
245 : -1.7116677165031433
246 : 2.8047072254121304
247 : -0.9373366683721542
248 : -8.91121685365215
249 : -4.682031631004065
250 : 0.4030340281315148
251 : -1.0660986099392176
252 : -1.4026819355785847
253 : -0.3451596964150667
254 : -1.5972421616315842
255 : -0.45868051517754793
256 : 1.283665121998638
257 : -1.9897791147232056
258 : -1.418582568410784
259 : -4.310712996870279
260 : 1.0550835225731134
261 : -4.337809516582638
262 : 2.035722291795537
263 : -1.7774777356535196
264 : 0.8676568693481386
265 : -2.2012410485185683
266 : -1.4168576402589679
267 : -0.5313813164830208
268 : 0.5660764160566032
269 : -4.14667472220026
270 : 1.829463044879958
271 : -0.9997331162448972
272 : -5.42766525503248
273 : -2.189727172255516
274 : -1.7611073963344097
275 : -2.4968952778726816
276 : -0.567697717808187
277 : -0.7249499964527786
278 : -1.464045497821644
279 : 0.5766989290714264
280 : -0.8251766227185726
281 : -0.019711077213287354
282 : -1.8590311594307423
283 : -1.073498772457242
284 : 7.760258451104164
285 : -1.8467380211222917
286 : 4.82833818718791
287 : -6.195465302094817
288 : -2.1267452761530876
289 : -0.8245460586622357
290 : -1.0228350246325135
291 : 0.5332107879221439
292 : -1.4969982421025634
293 : 1.5051617054268718
294 : -2.3798213535919785
295 : 6.25006253272295
296 : 3.127032706514001
297 : -0.051070887595415115
298 : -2.229773887200281
299 : -1.0776976523920894
300 : -1.957566642202437
301 : -0.8930037887766957
302 : -0.9435780243948102
303 : -0.8548690155148506
304 : -0.7643891805782914
305 : -1.1288946149870753
306 : -1.7938897851854563
307 : -1.3803503243252635
308 : -1.220278259832412
309 : -2.977050255984068
310 : -1.0762793999165297
311 : -1.2996733151376247
312 : -1.1443694459740072
313 : -1.7032576706260443
314 : -5.036613218486309
315 : -1.858987394720316
316 : -3.3223846228793263
317 : -1.8097004815936089
318 : -3.9124836614355445
319 : -1.0942539791576564
320 : -1.843730678781867
321 : 1.3890243116766214
322 : -1.1820276323705912
323 : -6.43871118593961
324 : -1.5929898917675018
325 : -1.3669970007613301
326 : 1.5840889951214194
327 : -1.8712880932725966
328 : -1.9025453813374043
329 : -1.0633986927568913
330 : 0.5658436706289649
331 : -1.1616016160696745
332 : -0.8832922987639904
333 : -4.0994710167869925
334 : -1.032485176809132
335 : -0.7125658625736833
336 : -1.908802687190473
337 : -3.2914447113871574
338 : -1.2095088544301689
339 : -1.0324511444196105
340 : -0.9800863694399595
341 : -0.7078883349895477
342 : -0.9894829858094454
343 : -1.9732883125543594
344 : -4.0142913507297635
345 : -1.7145917229354382
346 : -1.357863842509687
347 : -1.5028871847316623
348 : -5.1754892617464066
349 : -5.094974756240845
350 : -1.3889629170298576
351 : -0.7927617402747273
352 : -2.063251788727939
353 : -1.0077664661221206
354 : -4.4151746039278805
355 : 1.419727610424161
356 : -2.2445578314363956
357 : -2.1794921439141035
358 : -3.586655867053196
359 : -1.0851331539452076
360 : -0.9149930141866207
361 : -1.205430168658495
362 : -1.0233885012567043
363 : -8.863966911565512
364 : -0.8854682268574834
365 : -0.8160604564473033
366 : -1.470305673778057
367 : -1.3393265958875418
368 : -1.8777269730344415
369 : 3.8396357209421694
370 : -1.342297876253724
371 : -2.171476128511131
372 : -6.64396149944514
373 : -2.268010389059782
374 : -1.260405633598566
375 : -1.2572101722471416
376 : -0.8008314399048686
377 : -1.7401751717552543
378 : -3.6116886734962463
379 : 1.5464536231011152
380 : -2.4844107255339622
381 : -0.7463842369616032
382 : -0.8386011878028512
383 : -1.7035892154090106
384 : 2.240122724324465
385 : -1.6846150942146778
386 : -0.613000170327723
387 : -0.8415800584480166
388 : -0.7531422171741724
389 : -4.25018903799355
390 : -0.8757628314197063
391 : 0.7680387371219695
392 : -1.4029384450986981
393 : -2.1199345998466015
394 : 0.0758824571967125
395 : -0.711860139388591
396 : -1.2415743190795183
397 : -12.186971711926162
398 : -6.489035670645535
399 : 3.940484424121678
400 : -0.3680728171020746
401 : -0.8432553997263312
402 : -0.8866040129214525
403 : -1.0702469246461987
404 : 1.4219861589372158
405 : -1.3523002155125141
406 : 0.3734930665232241
407 : -3.0058891306398436
408 : 3.1231182031333447
409 : -5.618207536637783
410 : -0.6402342589572072
411 : -1.501721952110529
412 : 1.4080221322365105
413 : -2.0351974200457335
414 : -0.863954153843224
415 : -1.7969695311039686
416 : -1.590327251702547
417 : -1.5633381996303797
418 : -1.8360036332160234
419 : 13.833371329586953
420 : 0.15515225054696202
421 : 4.966283664107323
422 : -3.2468476314097643
423 : 0.6666316092014313
424 : -1.63784958422184
425 : -1.2546922415494919
426 : 1.9562582112848759
427 : -2.0406447649002075
428 : -1.1727680386975408
429 : -4.409275563433766
430 : 1.5190198989585042
431 : -2.6369433365762234
432 : -5.166003552265465
433 : -1.712365934625268
434 : -1.185087529476732
435 : -5.836189359426498
436 : -1.1955187446437776
437 : -1.5478118248283863
438 : -1.2950233682058752
439 : -5.177346005104482
440 : -0.4146626895526424
441 : -4.3716404917649925
442 : -0.4478489230386913
443 : -1.7167628593742847
444 : -0.5716553740203381
445 : -1.4024206893518567
446 : -1.4349712254479527
447 : -1.0823919484391809
448 : -0.4690678040497005
449 : 2.419848445802927
450 : -0.6658621989190578
451 : -2.8410355472005904
452 : 0.16117975860834122
453 : 10.31024054903537
454 : -1.3446570113301277
455 : -1.7970014670863748
456 : 1.176864456385374
457 : -1.4158322848379612
458 : 8.66185425966978
459 : -1.7211890406906605
460 : -1.4065968501381576
461 : -0.7577746836468577
462 : -1.4976855386048555
463 : -1.9834020361304283
464 : 2.2180300541222095
465 : -0.37898631952703
466 : -2.6968656689859927
467 : -4.204645650461316
468 : -6.973830402828753
469 : -0.9385911514982581
470 : -0.9215721897780895
471 : -0.9905512086115777
472 : -1.5111038656905293
473 : -0.7956214100122452
474 : -0.6882452839054167
475 : -0.37257828190922737
476 : -1.0300426753237844
477 : -1.8299342966638505
478 : -1.0989514803513885
479 : -1.2958080368116498
480 : -2.66547729447484
481 : -2.891948288306594
482 : -2.3856280967593193
483 : -2.849040739238262
484 : -1.2102621579542756
485 : -0.9333968167193234
486 : -1.1035457107500406
487 : -1.5422167629003525
488 : -0.9849387835711241
489 : -1.108343523927033
490 : -1.696876572445035
491 : 0.10805481625720859
492 : -1.0491763735190034
493 : -2.6911484226584435
494 : -1.2910996132995933
495 : -0.5241032275371253
496 : -1.252905682194978
497 : -0.7534066699445248
498 : -1.1091567904222757
499 : 0.1936113410629332
500 : -1.4499008804559708
501 : -0.34878624603152275
502 : 2.392606391105801
503 : 1.319266620092094
504 : -1.8065927475690842
505 : 1.7310586860403419
506 : -2.7335245681460947
507 : 13.41595864109695
508 : 0.8295776648446918
509 : -2.5796720925718546
510 : -1.357713041768875
511 : -2.4127088794484735
512 : 7.323322561103851
513 : -1.9508581655099988
514 : -0.9859938491135836
515 : 9.51107061188668
516 : -4.275539445690811
517 : -3.6894390458473936
518 : 0.7312682699412107
519 : -0.9114699112251401
520 : -2.9784033009782434
521 : -0.556780775077641
522 : -1.9940718356519938
523 : -0.5530718732625246
524 : -1.5332639375701547
525 : -6.60304804565385
526 : -1.1814660327509046
527 : -1.3380933487787843
528 : -2.1532994639128447
529 : -2.2006166242063046
530 : -0.16884024441242218
531 : -0.2951795645058155
532 : -1.2100374037399888
533 : -1.271035979501903
534 : 1.883785953745246
535 : -1.5433961693197489
536 : -2.956283879466355
537 : -1.1955658132210374
538 : -4.371077314019203
539 : -0.4551698761060834
540 : -5.728841631673276
541 : 1.9620803371071815
542 : -1.1269302126020193
543 : -8.235407051630318
544 : -0.11719277314841747
545 : -1.2053328976035118
546 : 0.6318571488372982
547 : -0.9287783089093864
548 : 2.1762691140174866
549 : 4.758171860128641
550 : -1.0734492409974337
551 : -0.8214208511635661
552 : -1.4894425105303526
553 : -3.5860658725723624
554 : -0.5902249575592577
555 : -2.0390735800610855
556 : -1.1931450120173395
557 : -0.8622365784831345
558 : -1.4492792547680438
559 : -0.6789747700095177
560 : -1.4136976059526205
561 : -2.9086335324682295
562 : -5.674885260872543
563 : -1.5482902266085148
564 : -1.6620924333110452
565 : -1.943602629005909
566 : -5.627326590940356
567 : -3.4118832452222705
568 : -0.1805877941660583
569 : -1.1107463408261538
570 : -1.6410907059907913
571 : -1.7888522762805223
572 : -1.2213338734582067
573 : -1.0600985842756927
574 : -0.7210586001165211
575 : -3.391319672577083
576 : -1.8585255946964025
577 : -0.9678478538990021
578 : -0.5961593985557556
579 : -1.1192416525445879
580 : -1.3095296854153275
581 : 0.3657796261832118
582 : -4.143985220231116
583 : -1.9350798102095723
584 : -1.9789726696908474
585 : -1.061306823976338
586 : -0.0874786782078445
587 : 1.0441052257083356
588 : -0.9425553232431412
589 : -4.085996862500906
590 : -2.369053151458502
591 : -0.2060160068795085
592 : -10.562300940975547
593 : -1.7900052554905415
594 : -4.114606816321611
595 : -1.521172121167183
596 : 0.1628750036470592
597 : -4.421560386195779
598 : -2.2105606831610203
599 : -1.1990358317270875
600 : -0.6911867801100016
601 : -0.9903452601283789
602 : -0.7486523841507733
603 : -2.4166669282130897
604 : -0.3558225501328707
605 : 1.329301313497126
606 : -1.6275293417274952
607 : -1.6815622569993138
608 : -1.6823166385293007
609 : -1.3716688379645348
610 : -1.109199942322448
611 : 2.452196088153869
612 : 3.8245903588831425
613 : -1.8883803430944681
614 : 5.206165928393602
615 : 3.0711014419794083
616 : -1.1542700524441898
617 : 2.149786424357444
618 : -1.6979718334041536
619 : -1.0996709852479398
620 : -1.5373720917850733
621 : -4.71251289115753
622 : -1.1326451068744063
623 : 7.285504508763552
624 : -1.5413535283878446
625 : -1.5648859031498432
626 : -1.508375035598874
627 : -1.6990110045298934
628 : -1.5642618269193918
629 : -5.664328079670668
630 : -1.7932952269911766
631 : -0.9904691893607378
632 : -0.8888939237222075
633 : 2.3163957856595516
634 : -1.5793654099106789
635 : -2.1418885327875614
636 : -1.3814375419169664
637 : -3.6846748124808073
638 : -1.0974730617599562
639 : -2.706324627622962
640 : -0.9644587738439441
641 : -4.868673468008637
642 : -1.8085719905793667
643 : -1.4494717507623136
644 : -1.3393861576914787
645 : -1.7966164656099863
646 : 2.674380251672119
647 : -2.658780310302973
648 : -0.7242153771221638
649 : -1.4374982416629791
650 : -1.8141645956784487
651 : -1.4482212401926517
652 : -3.4881678260862827
653 : -1.4074984714388847
654 : 4.270300109870732
655 : -1.5621099323034286
656 : -4.115992549806833
657 : -1.4252013191580772
658 : -0.9071901738643646
659 : -1.3883972205221653
660 : -0.9587238803505898
661 : -0.992706480436027
662 : -1.26744897197932
663 : -0.5491058211773634
664 : -1.3857019902206957
665 : -1.621040716767311
666 : -1.169909531250596
667 : -0.012572118081152439
668 : -1.5984775088727474
669 : -1.1093879397958517
670 : -1.8109189197421074
671 : -1.2813176312483847
672 : -1.6898488886654377
673 : -2.232664846611442
674 : -0.38920041266828775
675 : -2.8712224708870053
676 : -1.466157402843237
677 : -0.9199228812940419
678 : -0.6981146205216646
679 : 4.3543480494990945
680 : -2.4535600785166025
681 : -2.0977934822440147
682 : 3.73404458258301
683 : -2.1656762259081006
684 : -1.794304959475994
685 : -2.442403090186417
686 : -1.0853893500752747
687 : -3.6157232337864116
688 : -1.0790365557186306
689 : 1.7863394706510007
690 : -0.9748472212813795
691 : -1.6355885635130107
692 : -0.3791383719071746
693 : -0.8627168135717511
694 : -2.231283314526081
695 : -1.6964819803833961
696 : -1.4185600141063333
697 : -1.7182941632345319
698 : -1.2983391880989075
699 : -1.2188292760401964
700 : -1.5106163304299116
701 : -1.5791323417797685
702 : -3.9036013302393258
703 : -1.4406968131661415
704 : -2.0582855599932373
705 : -1.6719267144799232
706 : -5.405132474377751
707 : -1.4183624424040318
708 : -1.864778478629887
709 : -1.8808539137244225
710 : 0.5425792331807315
711 : 7.263210786972195
712 : -0.3088071346282959
713 : -1.5056771785020828
714 : -0.9495203369297087
715 : -0.886088908649981
716 : 5.92257784307003
717 : -1.0661531714722514
718 : -0.7863473165780306
719 : 1.896660652011633
720 : 3.62462655082345
721 : -0.9746027542278171
722 : -1.1650317111052573
723 : 1.8988742604851723
724 : -0.0403619441203773
725 : -2.02494951011613
726 : -0.11377205327153206
727 : -1.3633114332333207
728 : -1.8871710360981524
729 : -1.2073599258437753
730 : -1.7116935849189758
731 : 2.746253910474479
732 : -1.7813872825354338
733 : -1.1419133038725704
734 : -2.5345347030088305
735 : -1.329454124905169
736 : -3.880348911508918
737 : -1.2482806402258575
738 : -1.6833949711872265
739 : -2.3821238530799747
740 : -1.1057016947306693
741 : 0.45560586312785745
742 : 4.599918454885483
743 : -2.617167519405484
744 : -1.5657402351498604
745 : -2.3343596756458282
746 : -1.455680787563324
747 : -0.045723358634859324
748 : -1.372163879685104
749 : -0.9851979603990912
750 : -1.517842410132289
751 : -0.8571093897335231
752 : -1.3079540133476257
753 : -1.4298829101026058
754 : -1.5025984002277255
755 : -1.5633520744740963
756 : -2.1541785325389355
757 : -1.5243586376309395
758 : -1.7617720877751708
759 : -0.21726533770561218
760 : -1.9622694170102477
761 : -1.1349899511551484
762 : -1.465270034968853
763 : -1.1044022510759532
764 : -1.8186510177329183
765 : -1.7651656344532967
766 : 2.7082899510860443
767 : -2.8121747449040413
768 : -0.9230818771757185
769 : -1.9511746801435947
770 : -0.7532018944621086
771 : -2.738770072348416
772 : -1.5480227125808597
773 : -0.7794050071388483
774 : -2.3862080476246774
775 : -4.211418922059238
776 : -1.0043951100669801
777 : -0.6894097225740552
778 : -1.9620884251780808
779 : -3.9080284466035664
780 : -3.6866589915007353
781 : -0.8589842263609171
782 : -1.7307695969939232
783 : -1.3901777705177665
784 : -1.996896649710834
785 : -7.083960240706801
/home/j/jensenj/.local/lib/python3.6/site-packages/numpy/core/_methods.py:160: RuntimeWarning: invalid value encountered in reduce
  ret = umr_sum(arr, axis, dtype, out, keepdims)
[W 2020-06-24 04:02:04,959] Setting status of trial#155 as TrialState.FAIL because of the following error: RuntimeError('The observations provided had NaN values.',)
Traceback (most recent call last):
  File "/home/j/jensenj/.local/lib/python3.6/site-packages/optuna/study.py", line 734, in _run_trial
    result = func(trial)
  File "main-optuna.py", line 88, in objective
    returns = [episode(env, agent, params, writer, i) for i in range(training_episodes)]
  File "main-optuna.py", line 88, in <listcomp>
    returns = [episode(env, agent, params, writer, i) for i in range(training_episodes)]
  File "main-optuna.py", line 28, in episode
    next_state, reward, done, _ = env.step(action.numpy()[0])
  File "/home/j/jensenj/.local/lib/python3.6/site-packages/gym_unity/envs/__init__.py", line 177, in step
    self._env.step()
  File "/home/j/jensenj/.local/lib/python3.6/site-packages/mlagents_envs/timers.py", line 305, in wrapped
    return func(*args, **kwargs)
  File "/home/j/jensenj/.local/lib/python3.6/site-packages/mlagents_envs/environment.py", line 319, in step
    self._update_state(rl_output)
  File "/home/j/jensenj/.local/lib/python3.6/site-packages/mlagents_envs/environment.py", line 275, in _update_state
    agent_info_list, self._env_specs[brain_name]
  File "/home/j/jensenj/.local/lib/python3.6/site-packages/mlagents_envs/timers.py", line 305, in wrapped
    return func(*args, **kwargs)
  File "/home/j/jensenj/.local/lib/python3.6/site-packages/mlagents_envs/rpc_utils.py", line 188, in steps_from_proto
    obs_index, obs_shape, decision_agent_info_list
  File "/home/j/jensenj/.local/lib/python3.6/site-packages/mlagents_envs/timers.py", line 305, in wrapped
    return func(*args, **kwargs)
  File "/home/j/jensenj/.local/lib/python3.6/site-packages/mlagents_envs/rpc_utils.py", line 152, in _process_vector_observation
    _raise_on_nan_and_inf(np_obs, "observations")
  File "/home/j/jensenj/.local/lib/python3.6/site-packages/mlagents_envs/rpc_utils.py", line 130, in _raise_on_nan_and_inf
    raise RuntimeError(f"The {source} provided had NaN values.")
RuntimeError: The observations provided had NaN values.
Traceback (most recent call last):
  File "main-optuna.py", line 103, in <module>
    study.optimize(objective, n_trials=1000)
  File "/home/j/jensenj/.local/lib/python3.6/site-packages/optuna/study.py", line 339, in optimize
    func, n_trials, timeout, catch, callbacks, gc_after_trial, None
  File "/home/j/jensenj/.local/lib/python3.6/site-packages/optuna/study.py", line 682, in _optimize_sequential
    self._run_trial_and_callbacks(func, catch, callbacks, gc_after_trial)
  File "/home/j/jensenj/.local/lib/python3.6/site-packages/optuna/study.py", line 713, in _run_trial_and_callbacks
    trial = self._run_trial(func, catch, gc_after_trial)
  File "/home/j/jensenj/.local/lib/python3.6/site-packages/optuna/study.py", line 734, in _run_trial
    result = func(trial)
  File "main-optuna.py", line 88, in objective
    returns = [episode(env, agent, params, writer, i) for i in range(training_episodes)]
  File "main-optuna.py", line 88, in <listcomp>
    returns = [episode(env, agent, params, writer, i) for i in range(training_episodes)]
  File "main-optuna.py", line 28, in episode
    next_state, reward, done, _ = env.step(action.numpy()[0])
  File "/home/j/jensenj/.local/lib/python3.6/site-packages/gym_unity/envs/__init__.py", line 177, in step
    self._env.step()
  File "/home/j/jensenj/.local/lib/python3.6/site-packages/mlagents_envs/timers.py", line 305, in wrapped
    return func(*args, **kwargs)
  File "/home/j/jensenj/.local/lib/python3.6/site-packages/mlagents_envs/environment.py", line 319, in step
    self._update_state(rl_output)
  File "/home/j/jensenj/.local/lib/python3.6/site-packages/mlagents_envs/environment.py", line 275, in _update_state
    agent_info_list, self._env_specs[brain_name]
  File "/home/j/jensenj/.local/lib/python3.6/site-packages/mlagents_envs/timers.py", line 305, in wrapped
    return func(*args, **kwargs)
  File "/home/j/jensenj/.local/lib/python3.6/site-packages/mlagents_envs/rpc_utils.py", line 188, in steps_from_proto
    obs_index, obs_shape, decision_agent_info_list
  File "/home/j/jensenj/.local/lib/python3.6/site-packages/mlagents_envs/timers.py", line 305, in wrapped
    return func(*args, **kwargs)
  File "/home/j/jensenj/.local/lib/python3.6/site-packages/mlagents_envs/rpc_utils.py", line 152, in _process_vector_observation
    _raise_on_nan_and_inf(np_obs, "observations")
  File "/home/j/jensenj/.local/lib/python3.6/site-packages/mlagents_envs/rpc_utils.py", line 130, in _raise_on_nan_and_inf
    raise RuntimeError(f"The {source} provided had NaN values.")
RuntimeError: The observations provided had NaN values.
Setting up 2 worker threads for Enlighten.
  Thread -> id: 7fe870f95700 -> priority: 1 
  Thread -> id: 7fe7f7fff700 -> priority: 1 
2020-06-24 04:02:05 INFO [environment.py:418] Environment shut down with return code 0.
