slurmstepd-guenz: error: Unable to create TMPDIR [/tmp/user/30108]: Permission denied
slurmstepd-guenz: error: Setting TMPDIR to /tmp
Found path: /home/j/jensenj/PycharmProjects/Federer-Jr./src/../crawler_single/linux/dynamic_server/crawler_dynamic.x86_64
Mono path[0] = '/home/j/jensenj/PycharmProjects/Federer-Jr./src/../crawler_single/linux/dynamic_server/crawler_dynamic_Data/Managed'
Mono config path = '/home/j/jensenj/PycharmProjects/Federer-Jr./src/../crawler_single/linux/dynamic_server/crawler_dynamic_Data/MonoBleedingEdge/etc'
Preloaded 'lib_burst_generated.so'
Preloaded 'libgrpc_csharp_ext.x64.so'
Initialize engine version: 2019.3.15f1 (59ff3e03856d)
[Subsystems] Discovering subsystems at path /home/j/jensenj/PycharmProjects/Federer-Jr./src/../crawler_single/linux/dynamic_server/crawler_dynamic_Data/UnitySubsystems
Forcing GfxDevice: Null
GfxDevice: creating device client; threaded=0
NullGfxDevice:
    Version:  NULL 1.0 [1.0]
    Renderer: Null Device
    Vendor:   Unity Technologies
Begin MonoManager ReloadAssembly
- Completed reload, in  0.100 seconds
WARNING: Shader Unsupported: 'Autodesk Interactive' - All passes removed
WARNING: Shader Did you use #pragma only_renderers and omit this platform?
UnloadTime: 0.444248 ms
Fallback handler could not load library /home/j/jensenj/PycharmProjects/Federer-Jr./src/../crawler_single/linux/dynamic_server/crawler_dynamic_Data/Mono/libcoreclr.so
Fallback handler could not load library /home/j/jensenj/PycharmProjects/Federer-Jr./src/../crawler_single/linux/dynamic_server/crawler_dynamic_Data/Mono/libcoreclr.so
Fallback handler could not load library /home/j/jensenj/PycharmProjects/Federer-Jr./src/../crawler_single/linux/dynamic_server/crawler_dynamic_Data/Mono/libcoreclr.so
Fallback handler could not load library /home/j/jensenj/PycharmProjects/Federer-Jr./src/../crawler_single/linux/dynamic_server/crawler_dynamic_Data/Mono/libSystem.dylib
Fallback handler could not load library /home/j/jensenj/PycharmProjects/Federer-Jr./src/../crawler_single/linux/dynamic_server/crawler_dynamic_Data/Mono/libSystem.dylib.so
Fallback handler could not load library /home/j/jensenj/PycharmProjects/Federer-Jr./src/../crawler_single/linux/dynamic_server/crawler_dynamic_Data/Mono/libSystem.dylib
Fallback handler could not load library /home/j/jensenj/PycharmProjects/Federer-Jr./src/../crawler_single/linux/dynamic_server/crawler_dynamic_Data/Mono/libcoreclr.so
Fallback handler could not load library /home/j/jensenj/PycharmProjects/Federer-Jr./src/../crawler_single/linux/dynamic_server/crawler_dynamic_Data/Mono/libcoreclr.so
Fallback handler could not load library /home/j/jensenj/PycharmProjects/Federer-Jr./src/../crawler_single/linux/dynamic_server/crawler_dynamic_Data/Mono/libcoreclr.so
Fallback handler could not load library /home/j/jensenj/PycharmProjects/Federer-Jr./src/../crawler_single/linux/dynamic_server/crawler_dynamic_Data/Mono/libSystem.dylib
Fallback handler could not load library /home/j/jensenj/PycharmProjects/Federer-Jr./src/../crawler_single/linux/dynamic_server/crawler_dynamic_Data/Mono/libSystem.dylib.so
Fallback handler could not load library /home/j/jensenj/PycharmProjects/Federer-Jr./src/../crawler_single/linux/dynamic_server/crawler_dynamic_Data/Mono/libSystem.dylib
/home/j/jensenj/.local/lib/python3.6/site-packages/tensorboard/compat/tensorflow_stub/dtypes.py:541: FutureWarning: Passing (type, 1) or '1type' as a synonym of type is deprecated; in a future version of numpy, it will be understood as (type, (1,)) / '(1,)type'.
  _np_qint8 = np.dtype([("qint8", np.int8, 1)])
/home/j/jensenj/.local/lib/python3.6/site-packages/tensorboard/compat/tensorflow_stub/dtypes.py:542: FutureWarning: Passing (type, 1) or '1type' as a synonym of type is deprecated; in a future version of numpy, it will be understood as (type, (1,)) / '(1,)type'.
  _np_quint8 = np.dtype([("quint8", np.uint8, 1)])
/home/j/jensenj/.local/lib/python3.6/site-packages/tensorboard/compat/tensorflow_stub/dtypes.py:543: FutureWarning: Passing (type, 1) or '1type' as a synonym of type is deprecated; in a future version of numpy, it will be understood as (type, (1,)) / '(1,)type'.
  _np_qint16 = np.dtype([("qint16", np.int16, 1)])
/home/j/jensenj/.local/lib/python3.6/site-packages/tensorboard/compat/tensorflow_stub/dtypes.py:544: FutureWarning: Passing (type, 1) or '1type' as a synonym of type is deprecated; in a future version of numpy, it will be understood as (type, (1,)) / '(1,)type'.
  _np_quint16 = np.dtype([("quint16", np.uint16, 1)])
/home/j/jensenj/.local/lib/python3.6/site-packages/tensorboard/compat/tensorflow_stub/dtypes.py:545: FutureWarning: Passing (type, 1) or '1type' as a synonym of type is deprecated; in a future version of numpy, it will be understood as (type, (1,)) / '(1,)type'.
  _np_qint32 = np.dtype([("qint32", np.int32, 1)])
/home/j/jensenj/.local/lib/python3.6/site-packages/tensorboard/compat/tensorflow_stub/dtypes.py:550: FutureWarning: Passing (type, 1) or '1type' as a synonym of type is deprecated; in a future version of numpy, it will be understood as (type, (1,)) / '(1,)type'.
  np_resource = np.dtype([("resource", np.ubyte, 1)])
2020-06-24 03:42:01 INFO [environment.py:108] Connected to Unity environment with package version 1.0.2 and communication version 1.0.0
2020-06-24 03:42:01 INFO [environment.py:265] Connected new brain:
CrawlerDynamic?team=0
2020-06-24 03:42:01 WARNING [__init__.py:92] The environment contains multiple observations. You must define allow_multiple_obs=True to receive them all. Otherwise, only the first visual observation (or vector observation ifthere are no visual observations) will be provided in the observation.
/home/j/jensenj/.local/lib/python3.6/site-packages/gym/logger.py:30: UserWarning: WARN: Box bound precision lowered by casting to float32
  warnings.warn(colorize('%s: %s'%('WARN', msg % args), 'yellow'))
{'nr_output_features': 20, 'nr_input_features': 126, 'env': <gym_unity.envs.UnityToGymWrapper object at 0x7f9266a50f60>, 'alpha': 0.003, 'tau': 0.95, 'clip': 0.2, 'minibatch_size': 32, 'hidden_units': 512, 'update_time_steps': 7168, 'ppo_epochs': 12, 'gamma': 0.9641516126722616, 'beta': 0.08122561023455746}
0 : -6.552162451669574
1 : -1.322788204997778
2 : -0.9058697894215584
3 : -1.0640757801011205
4 : -0.5523579502478242
5 : -0.9724089074879885
6 : -0.8385751871392131
7 : 1.165713606402278
8 : -1.4603483639657497
9 : -1.1896291291341186
10 : -1.5272904057055712
11 : -1.0523169781081378
12 : -6.595055046491325
13 : 0.6252522761933506
14 : 1.382183976471424
15 : -0.04854390351101756
16 : -1.4707007324323058
17 : -1.482425931841135
18 : -1.681757042184472
19 : -0.8717994671314955
20 : -2.434459988027811
21 : -0.2340176934376359
22 : -1.0993848771322519
23 : -1.0311102317646146
24 : -4.772483936045319
25 : 0.5661171823740005
26 : -1.5110525824129581
27 : 0.4108405355364084
28 : -2.113264251500368
29 : -1.3607956618070602
30 : -1.649135261774063
31 : 3.8176227887161076
32 : -0.691385371144861
33 : -1.3128040581941605
34 : -2.0824263826943934
35 : -1.1620243843644857
36 : -1.6159917274489999
37 : -0.7660360659938306
38 : -0.27041684091091156
39 : -0.7522490303963423
40 : -0.8921286147087812
41 : -1.330142056569457
42 : 6.461496765725315
43 : -0.9566698330454528
44 : -0.8640336054377258
45 : -2.0317550590261817
46 : -1.7513338981661946
47 : -0.7054432299919426
48 : -0.8124465919099748
49 : -2.0766481193713844
50 : -1.0493272058665752
51 : -0.6806358564645052
52 : 1.5281798280775547
53 : -1.0288986042141914
54 : 1.1683405302464962
55 : -1.2812322222162038
56 : -0.9179483149200678
57 : -0.9060228732414544
58 : 0.26417055167257786
59 : -1.6454936941154301
60 : -1.583979059010744
61 : -1.4593562567606568
62 : -1.5074418033473194
63 : -1.2905686777085066
64 : -2.237772800028324
65 : -3.0471497206017375
66 : -1.6424406357109547
67 : 0.9821680001914501
68 : -0.862177761271596
69 : -2.9006846537813544
70 : -1.8547667674720287
71 : -1.8855245038866997
72 : -1.5279255053028464
73 : -3.1721276394091547
74 : -10.762808326282538
75 : -0.5013353796675801
76 : -1.1962187862955034
77 : -3.6019256561994553
78 : -0.327436646563001
79 : -1.8332983832806349
80 : -0.7818065313622355
81 : -1.1242211293429136
82 : -1.4074962297454476
83 : -1.0059475796297193
84 : -0.8965537771582603
85 : -0.9945877734571695
86 : 1.8589099659584463
87 : -1.8853108510375023
88 : -1.5482135638594627
89 : -1.4560808772221208
90 : 1.4317951127886772
91 : -0.9693357148207724
92 : -1.4272834649309516
93 : -0.2679279688745737
94 : -2.694853039458394
95 : -1.2805039468221366
96 : -1.475486397743225
97 : -8.170427919365466
98 : -0.4161934647709131
99 : -1.4524576645344496
100 : -0.5677054920233786
101 : -6.97416911739856
102 : -2.195515902712941
103 : -0.8539171013981104
104 : -3.104510996490717
105 : -2.7201452469453216
106 : 0.33148044999688864
107 : -1.843137156451121
108 : -0.4840703373774886
109 : -0.03619339317083359
110 : -0.35935773933306336
111 : 0.5563359642401338
112 : -1.5057591260410845
113 : -1.7582985162734985
114 : -1.7771314419806004
115 : -2.119070578366518
116 : -3.9969330788590014
117 : -2.1102310568094254
118 : -1.1799906943924725
119 : -6.708086158614606
120 : -4.290379783138633
121 : -1.637335067614913
122 : -1.0534621798433363
123 : -2.3289760630577803
124 : -4.872461207676679
125 : -1.821998804807663
126 : -1.374309841543436
127 : -2.5307249324396253
128 : -1.7879646811634302
129 : -0.40452030673623085
130 : -2.019248068332672
131 : -4.26956370822154
132 : -5.312838179059327
133 : -0.5574198318645358
134 : -1.1282570301555097
135 : -1.5252630822360516
136 : -1.7127889953553677
137 : -0.6012954981997609
138 : -2.9392720758914948
139 : -1.363067313330248
140 : -1.2429329683072865
141 : 6.485327578149736
142 : -1.0188465304672718
143 : -1.530581433326006
144 : -1.9358052015304565
145 : -1.0651282356120646
146 : -3.1267543798312545
147 : -1.3489935952238739
148 : -1.6377890314906836
149 : -1.07476909738034
150 : -1.640456173568964
151 : -0.8784200940281153
152 : -0.8048304738476872
153 : -0.7397386329248548
154 : -2.1410524821840227
155 : -1.0533521473407745
156 : -0.9654125133529305
157 : -3.919420679099858
158 : -1.0369884297251701
159 : -0.9129792801104486
160 : 9.089151868596673
161 : -1.3977822600863874
162 : -2.158903058618307
163 : -1.6454831212759018
164 : -0.8150823824107647
165 : -1.342990123666823
166 : 2.1154303033836186
167 : -1.2183955064974725
168 : -1.2540769092738628
169 : -8.298256850801408
170 : -4.468686416745186
171 : -1.6156394663266838
172 : -1.3593302825465798
173 : -1.7905994169414043
174 : -2.275033712387085
175 : -1.637297567911446
176 : -8.74087280407548
177 : -1.4246567348018289
178 : -1.1349961180239916
179 : -1.2566692086402327
180 : 1.3047455735504627
181 : -1.5813442058861256
182 : -1.0436526387929916
183 : -0.841952066635713
184 : -1.893192773219198
185 : -4.398123804014176
186 : -1.468471746891737
187 : -1.1646059723570943
188 : -1.4581151520833373
189 : -1.8702317345887423
190 : -1.2869734708219767
191 : -1.6327064204961061
192 : -4.927668062504381
193 : -1.9885169453918934
194 : -1.0022563892416656
195 : -2.863983021117747
196 : -1.12707054708153
197 : -0.8930204736534506
198 : -1.1244024764746428
199 : 2.827333278954029
200 : -0.20602442603558302
201 : -1.1755247870460153
202 : -1.2829130664467812
203 : -1.4470428301719949
204 : -1.02807233389467
205 : -0.9661668869666755
206 : -0.23180033452808857
207 : -1.2178670153953135
208 : -0.8682820578105748
209 : -3.1056154407560825
210 : 1.4621016820892692
211 : -1.5997865349054337
212 : -5.4081702549010515
213 : -2.18376967869699
214 : 1.4862080067396164
215 : -0.9712146986275911
216 : -1.790227608755231
217 : -1.4342632483458146
218 : 1.2686343071982265
219 : -2.412404286675155
220 : -1.6129516251385212
221 : -0.9940330712124705
222 : -8.032264206558466
223 : 0.2618355401791632
224 : -1.3339968640357256
225 : 0.7600215547718108
226 : -0.46280399803072214
227 : 0.2303994931280613
228 : -1.734034437686205
229 : -3.669341958127916
230 : -1.3126434553414583
231 : -0.8615113729611039
232 : -1.415536167100072
233 : -0.6677153413183987
234 : -1.068832582095638
235 : -7.961404236033559
236 : -1.6104328893125057
237 : -2.085756785236299
238 : -1.107532269321382
239 : -0.9162928499281406
240 : -0.8998526404611766
241 : -0.7926927292719483
242 : -1.3315776749514043
243 : -1.2524034958332777
244 : -1.392543714493513
245 : -1.3006587335839868
246 : -1.4324161326512694
247 : -1.7718678186647594
248 : 2.7197132606524974
249 : -1.8490763753652573
250 : -3.1832646091934294
251 : 1.115981348324567
252 : -8.939863488078117
253 : 2.419368736445904
254 : 1.2317852564156055
255 : -1.2602256308309734
256 : -0.7088324918877333
257 : 0.8751956769265234
258 : -1.5560075780376792
259 : -0.8973290156573057
260 : -1.7289598919451237
261 : -0.5335889663547277
262 : -3.438758890843019
263 : -1.8588303700089455
264 : -1.05731909442693
265 : -7.5816879495978355
266 : -1.8370165564119816
267 : -0.03882055031135678
268 : -1.3044891217723489
269 : -1.4505415624007583
270 : -1.1686139833182096
271 : 0.10574288782663643
272 : -1.327148717828095
273 : 0.10056377167347819
274 : -0.981522822752595
275 : -1.5618878155946732
276 : -2.533696772996336
277 : -0.1581794135272503
278 : -0.8404655386693776
279 : 0.4022109117358923
280 : -1.2863899189978838
281 : -1.4302885504439473
282 : -1.0434725601226091
283 : -0.5337460843729787
284 : -1.1410165296983905
285 : -1.676067404448986
286 : -0.725035447627306
287 : -1.6084394287317991
288 : -3.859860073775053
289 : -1.0791267701424658
290 : -1.4966176606249064
291 : -2.4197622193023562
292 : -1.0831417026929557
293 : -1.682826722972095
294 : -1.4654596373438835
295 : -1.4038226096890867
296 : -1.536202009767294
297 : -0.9531734250485897
298 : -0.8338448349386454
299 : -2.0357958413660526
300 : -1.4789107218384743
301 : -0.9548033503815532
302 : -1.5033464804291725
303 : -2.949644910171628
304 : -2.1992164254188538
305 : 0.41852969815954566
306 : -2.295304805506021
307 : -0.6437023021280766
308 : -1.4111943459138274
309 : -4.014824201352894
310 : -1.5954521261155605
311 : -4.910450022667646
312 : -1.875825148075819
313 : -5.64195871911943
314 : -2.083407985512167
315 : 2.650664735585451
316 : -1.0360565911978483
317 : -1.8966781068593264
318 : -0.9818092351779342
319 : -2.3653915133327246
320 : -1.62421241030097
321 : -1.3855330310761929
322 : -2.458400937728584
323 : -1.0409928476437926
324 : -1.456792464479804
325 : -1.0832885620184243
326 : -1.2889320012181997
327 : -1.149945456534624
328 : -9.96555977826938
329 : -1.002054390963167
330 : -0.8877313658595085
331 : 1.7587804498616606
332 : -4.86725454730913
333 : -0.4368988540954888
334 : -11.49008603580296
335 : -2.2197892600670457
336 : -1.8014096086844802
337 : -2.186352740973234
338 : -0.9347040941938758
339 : -0.7983564659953117
340 : -1.9704500176012516
341 : -1.6021798346191645
342 : -2.1475433073937893
343 : -2.380802672356367
344 : -1.170571971219033
345 : -2.2593102687969804
346 : -2.0798038989305496
347 : -1.5770617360249162
348 : -1.6533563435077667
349 : -3.5686230906285346
350 : -1.4884177593048662
351 : -1.5997109832242131
352 : -0.5897210501134396
353 : -1.0291393296793103
354 : -1.1350899552926421
355 : -2.184404849074781
356 : 0.061522915959358215
357 : 0.5402139527723193
358 : -1.4878244070569053
359 : 1.724968501366675
360 : -1.7874342072755098
361 : 0.7558233323507011
362 : -0.7985877101309597
363 : -1.3051963145844638
364 : -7.66143848747015
365 : -1.458485569106415
366 : -1.222693633288145
367 : -1.3157119154930115
368 : -0.2934031281620264
369 : 1.8732268349267542
370 : -0.9556773195508868
371 : -0.6946915625594556
372 : -1.6898238472640514
373 : -0.9490111679770052
374 : -0.12624867167323828
375 : -5.462813343852758
376 : -1.1495652217417955
377 : -1.810059055685997
378 : -3.1598857392091304
379 : -2.621795229613781
380 : -0.7671017930842936
381 : -1.2171622244641185
382 : -2.748964697122574
383 : -1.4055698909796774
384 : -1.3246598499827087
385 : -1.4706789422780275
386 : -1.3204650031402707
387 : -1.4475998114794493
388 : -1.154566043871455
389 : -1.336111854761839
390 : -0.8677290515042841
391 : -1.613025151193142
392 : 0.6916561149992049
393 : -2.371730422601104
394 : -0.3529330543242395
395 : 0.017289502546191216
396 : -1.2483429098501801
397 : -0.5048832185566425
398 : -1.3771911615040153
399 : 2.8865487817674875
400 : -0.5896518351510167
401 : -1.336365639232099
402 : -1.247225129744038
403 : -1.5609597377479076
404 : -1.2432475248351693
405 : -2.934125768020749
406 : -0.4078986756503582
407 : -1.017174131819047
408 : -0.8674199883826077
409 : -1.562726819771342
410 : -1.2328499625436962
411 : -1.0835220427252352
412 : -0.8929451629519463
413 : -1.6546070547774434
414 : 4.987231630831957
415 : -0.7772160265594721
416 : -1.3743990287184715
417 : -2.0457580238580704
418 : -1.702645756304264
419 : -1.3665478066541255
420 : -1.661281231790781
421 : -0.865067548584193
422 : -2.0500704031437635
423 : -2.2673578588292003
424 : -2.932412558235228
425 : -6.881512806285173
426 : 0.62846340239048
427 : -1.397293098270893
428 : -0.2127869836986065
429 : -1.1109721707180142
430 : -2.086864343844354
431 : -1.0886825416237116
432 : -1.195923551917076
433 : 1.4298909734934568
434 : -12.447990456596017
435 : -1.5567058119922876
436 : -0.8821216020733118
437 : -1.9002734813839197
438 : -2.8190136305056512
439 : 1.3101583700627089
440 : -1.3927379362285137
441 : -7.082588627235964
442 : -2.865175172686577
443 : 1.6718050823546946
444 : -1.450434218160808
445 : -0.9075014404952526
446 : -0.5601601423695683
447 : -0.3419786710292101
448 : -5.830777593888342
449 : -1.5823084125295281
450 : 2.095214697998017
451 : -3.316429730504751
452 : -2.5543586909770966
453 : -1.458506676601246
454 : -1.771352857351303
455 : -2.389503608457744
456 : -0.6658009416423738
457 : 4.142791187390685
458 : -1.6900289952754974
459 : -1.231981753371656
460 : -1.3392304247245193
461 : -1.5333554353564978
462 : -2.878457921091467
463 : -1.5754419032018632
464 : 2.479568241396919
465 : 0.8599698795005679
466 : -1.4699143040925264
467 : -1.3038250925019383
468 : -2.178539384622127
469 : -3.6619146447628736
470 : -1.4527979735285044
471 : -1.847674468997866
472 : -1.7918329895474017
473 : -1.598108772188425
474 : -1.030876545177307
475 : 3.022071823477745
476 : -0.49978225491940975
477 : -0.9642723575234413
478 : -1.8254618048667908
479 : -1.1906918603926897
480 : -0.9592382148839533
481 : -3.740881187841296
482 : -0.674028254346922
483 : 3.7993137249723077
484 : -3.045269852038473
485 : -7.806644539348781
486 : -0.9307973170652986
487 : 5.233985199593008
488 : 5.410643723793328
489 : -1.4757761377841234
490 : -1.9048112528398633
491 : -16.847388302907348
492 : 13.19478019233793
493 : -1.809582930058241
494 : 2.2961660055443645
495 : -1.357163405045867
496 : -1.0802849377505481
497 : -7.8116699028760195
498 : -3.5207509687170386
499 : -5.558449741452932
500 : 1.4649559035897255
501 : 6.340342910960317
502 : -0.582315621431917
503 : -6.624179851030931
504 : -5.338909960351884
505 : -1.2156387427821755
506 : -0.6793722994625568
507 : -3.0429947432130575
508 : -0.12692059576511383
509 : 1.332368555944413
510 : -0.9827900612726808
511 : -1.8702670608181506
512 : -1.3889724612236023
513 : -2.6966767767444253
514 : -0.49829254928044975
515 : -1.1032614726573229
516 : -0.942567863734439
517 : -1.0224225800484419
518 : 0.15273459441959858
519 : -1.22419049218297
520 : -20.115920818876475
521 : -1.5218182932585478
522 : -0.8160520447418094
523 : -3.8414883608929813
524 : -0.7000451097264886
525 : -0.8101104055531323
526 : -1.089194473810494
527 : -0.6537184026092291
528 : -1.3467499306425452
529 : -1.5969409046228975
530 : -1.2236199933104217
531 : 0.7366331918165088
532 : -1.3247032642830163
533 : -1.4013547655194998
534 : -1.4560681618750095
535 : 0.3177329492755234
536 : 6.8073625639081
537 : -2.729746524244547
538 : -2.8131430177018046
539 : -1.867319479584694
540 : 0.0519171804189682
541 : -0.7395886457525194
542 : 6.902403000742197
543 : -1.0376938786357641
544 : -0.834988403134048
545 : -0.9453345714136958
546 : -1.3453528747195378
547 : -1.7407619506120682
548 : -8.813882302958518
549 : -0.7246963763609529
550 : -1.1842510271817446
551 : 9.513252722099423
552 : -2.199168663471937
553 : -6.798454473726451
554 : 0.5806408682838082
555 : -1.8035041447728872
556 : -0.9386256113648415
557 : -2.26278755068779
558 : -1.303917072713375
559 : -1.2629007939249277
560 : -1.4241489069536328
561 : -0.915647117421031
562 : -1.3915392458438873
563 : -0.9230487402528524
564 : -1.4885167013853788
565 : -1.6257350835949183
566 : -3.3315443890169263
567 : -1.061102595180273
568 : -1.2168589271605015
569 : 3.1520784478634596
570 : -10.90749245788902
571 : -1.190322364680469
572 : -2.2897802623920143
573 : 3.401872105896473
574 : -0.011246906593441963
575 : -1.520997516810894
576 : 1.2975213564932346
577 : -0.8416667701676488
578 : -1.6453394738491625
579 : -2.5044777342118323
580 : 3.6281432509422302
581 : -1.0484929070807993
582 : -7.353929750621319
583 : -0.7153254440054297
584 : 1.4390560928732157
585 : -6.493020271882415
586 : -1.5542190298438072
587 : 7.64708587131463
588 : -13.218957436271012
589 : -1.337469208985567
590 : -1.436473029665649
591 : -1.4822598504833877
592 : 2.6627517668530345
593 : -0.741571830585599
594 : -1.5892839641310275
595 : -1.9073086213320494
596 : -1.1438490962609649
597 : -1.4106379048898816
598 : -1.326819522306323
599 : -0.983330330811441
600 : -1.6728269457817078
601 : -0.7400376084260643
602 : -1.567962471395731
603 : -9.45202423282899
604 : -1.5583000974729657
605 : -1.330479310825467
606 : -1.5564417438581586
607 : 4.364679868798703
608 : -1.306172127602622
609 : 1.1866702400147915
610 : -1.9708246802911162
611 : -0.5980165461078286
612 : -1.6519496254622936
613 : -12.000773031264544
614 : -1.648673765361309
615 : -1.2871291660703719
616 : -1.4511746456846595
617 : -1.609654324594885
618 : -1.432071159593761
619 : -0.4977790233679116
620 : -5.400449363514781
621 : -1.646245239302516
622 : -1.6339079439640045
623 : -1.989608003757894
624 : -3.665673010982573
625 : -3.013133354485035
626 : -0.3546377792954445
627 : -2.26380705088377
628 : -1.8782930839806795
629 : -1.666366659104824
630 : -0.5502712242305279
631 : -1.9505296871066093
632 : -1.3167257718741894
633 : 2.780072208493948
634 : -2.0305471681058407
635 : -1.3190836906433105
636 : -0.1460986949969083
637 : -1.770196221768856
638 : -1.2141593690030277
639 : -0.5261052884161472
640 : 7.2765738922171295
641 : -0.6840973644284531
642 : -2.066069897264242
643 : -0.7735215160064399
644 : 0.21023650420829654
645 : -1.6755660334601998
646 : -1.8200612240470946
647 : -2.226263115182519
648 : -1.5424964670091867
649 : -8.77699745958671
650 : -0.2398555246181786
651 : 0.6130404262803495
652 : -1.4472860141540878
653 : -1.5281986631453037
654 : 3.293673986569047
655 : -1.1667317353421822
656 : -1.6601015981286764
657 : -3.191538999788463
658 : -1.0914068892598152
659 : -1.4773102924227715
660 : -1.5180919212289155
661 : -1.2747217938303947
662 : -1.9428188102319837
663 : -1.4029840985313058
664 : -2.4028022158890963
665 : -3.234449215233326
666 : 2.722080538980663
667 : 1.4501081043854356
668 : -0.998150272294879
669 : -0.18045784812420607
670 : -0.9211310697719455
671 : -0.7678519487380981
672 : -1.2920554217416793
673 : -0.5500579327344894
674 : -1.3985563972964883
675 : 0.12443371303379536
676 : -1.1503336816094816
677 : -0.5650211162865162
678 : 1.502980069257319
679 : -1.2456208316143602
680 : -1.3487162510864437
681 : -1.3229056391865015
682 : -1.6671558804810047
683 : -2.2240161683876067
684 : -3.592802767176181
685 : -0.9305830551311374
686 : 4.566557067446411
687 : -1.466595796868205
688 : -0.6052722875028849
689 : -1.353603569790721
690 : -1.673137791454792
691 : -1.5964740365743637
692 : -1.6125260423868895
693 : -0.9029730339534581
694 : 3.5407302752137184
695 : 2.542707607150078
696 : 4.691650047083385
697 : -0.6241295132786036
698 : -0.44658418744802475
699 : -1.3814881052821875
700 : -2.808025365928188
701 : -1.0142049407586455
702 : -0.48939647153019905
703 : 2.64968872256577
704 : -2.821973443031311
705 : -2.7271486008539796
706 : -1.3826922932639718
707 : -2.051782561466098
708 : -1.1051539464388043
709 : 1.3787790294736624
710 : -0.09274424239993095
711 : -0.8981171084014932
712 : -1.0246983917895705
713 : -6.043809216469526
714 : -4.53909473028034
715 : -1.4339831173419952
716 : -1.3522313237190247
717 : -3.4265759773552418
718 : -2.399407065473497
719 : -1.2840538546442986
720 : -2.2044906159862876
721 : -2.028876569122076
722 : -2.3460555486381054
723 : 3.0388572849333286
724 : -0.8266519661992788
725 : -2.1311877723783255
726 : -3.1685245875269175
727 : -2.1719770496711135
728 : -0.8748962245881557
729 : 6.340230382047594
730 : 0.24316570744849741
731 : -1.779255568049848
732 : 4.544616704341024
733 : -1.0827783774584532
734 : -1.6909826081246138
735 : -1.2719187489710748
736 : -1.684860322624445
737 : -2.7977790124714375
738 : -4.359476538840681
739 : -1.306155126541853
740 : -3.3717772336676717
741 : -4.968706335872412
742 : -1.498727286234498
743 : -5.081205539405346
744 : -3.5726791229099035
745 : -10.331841729115695
746 : 7.522973558865488
747 : 0.16205097641795874
748 : -1.1842529214918613
749 : -1.0474449907487724
750 : -1.181069154292345
751 : -1.463096265681088
752 : -1.320699444040656
753 : -0.470470427069813
754 : -1.112705072388053
755 : -1.4580069803632796
756 : -1.823896499350667
757 : 1.306532266549766
758 : 4.161415142007172
759 : -1.674453854560852
760 : -1.5043324455618858
761 : 1.909560645930469
762 : -1.7341551604913548
763 : -1.1247299974784255
764 : -1.4105183166102506
765 : -1.675565455108881
766 : -1.0161090879701078
767 : 7.21750860568136
768 : 1.2008623760193586
769 : -3.8368083494715393
770 : -4.987612401600927
771 : -0.5118573661893606
772 : -1.1006645243614912
773 : 3.060508282855153
774 : -1.449046514928341
775 : -1.747231563553214
776 : 0.12936725094914436
777 : 0.7889375239610672
778 : -1.4411238578613847
779 : -0.22460374422371387
780 : -1.7297355169430375
781 : 2.517274119425565
782 : -5.247187927365303
783 : -4.3647294491529465
784 : -1.7454432472586632
785 : -1.175785817205906
786 : -0.9832722097635269
787 : -0.14797673700377345
788 : -1.1197332278825343
789 : 1.4933534990996122
790 : -2.2968163918703794
791 : -0.35940099880099297
792 : -15.79679276724346
793 : -0.8399792416021228
794 : 8.453173011541367
795 : -0.09403072483837605
796 : -0.9811902996152639
797 : -0.8311273381114006
798 : -2.0645535811781883
799 : -8.896781905554235
800 : -2.0694561675190926
801 : 6.952538376674056
802 : 0.5878052217885852
803 : -4.903463268652558
804 : 2.031308813020587
805 : -0.8533532903529704
806 : -3.615446873009205
807 : -6.2494401461444795
808 : -1.3164729229174554
809 : 0.3524627306032926
810 : -3.1501641999930143
811 : -1.7045003436505795
812 : -0.9923418876715004
813 : -1.5650639459490776
814 : -1.015671955421567
815 : -1.7772423829883337
816 : 0.2742640934884548
817 : 0.19686570949852467
818 : -1.7217172179371119
819 : -2.5522339653689414
820 : -5.449326798319817
821 : -3.6818599617108703
822 : -2.700410418212414
823 : -0.13519572652876377
824 : -1.8665659232065082
825 : -1.478113099001348
826 : -2.7899398050503805
827 : -1.0859170081093907
828 : -1.0457084360532463
829 : -12.571059665642679
830 : -1.778066011145711
831 : -1.5916986046358943
832 : -3.138999448157847
833 : -1.6550379069522023
834 : -0.7733281273394823
835 : -0.9949379302561283
836 : 2.831107893958688
837 : -0.9989314549602568
838 : -0.8710802383720875
839 : -0.42987291095778346
840 : -2.0363492737233173
841 : -1.0688861482776701
842 : -1.1345586813986301
843 : -8.764813437592238
844 : -1.5077861808240414
845 : 3.758605238981545
846 : -1.00806706212461
847 : -1.4677542820572853
848 : -1.5225472152233124
849 : -1.5015078224241734
850 : -0.7743066055700183
851 : -1.1069504283368587
852 : -2.198221374768764
853 : -1.4847736433148384
854 : -0.7770920619368553
855 : -1.444894370622933
856 : -0.5297553148120642
857 : -2.8246372547000647
858 : -1.478601391427219
859 : 0.30360856652259827
860 : -2.6966464603319764
861 : -0.12802567798644304
862 : -1.7765301819890738
863 : -0.8670190554112196
864 : -0.5593501514522359
865 : -3.831401371397078
866 : -1.0638212193734944
867 : -1.004706067033112
868 : -3.041065732948482
869 : 1.243595201522112
870 : -1.0866541918367147
871 : -2.944288573693484
872 : -0.49974353797733784
873 : -0.895843933802098
874 : -2.4657929420936853
875 : -0.7218314382480457
876 : -1.267229925841093
877 : -10.939990166341886
878 : -1.265573882497847
879 : -4.368639581138268
880 : -1.967663571704179
881 : -0.19667086005210876
882 : -1.345226272009313
883 : -1.7500716890208423
884 : -6.522003377787769
885 : -1.616792828310281
886 : -0.8734950702637434
887 : 1.7975168880075216
888 : -1.5620065797120333
889 : -1.3713977080769837
890 : 2.5005097649991512
891 : -1.5680627562105656
892 : -3.5328093264251947
893 : -1.8722270308062434
894 : -1.4331965520977974
895 : -1.1691590314731002
896 : -0.6737711792811751
897 : -0.8612022115848958
898 : -3.0181789472699165
899 : -1.4633011892437935
900 : -2.0367894396185875
901 : -1.0145385414361954
902 : -7.696813424350694
903 : 0.4284650422632694
904 : -1.147988491691649
905 : -3.0080081173218787
906 : -0.7113925382727757
907 : -1.193180175498128
908 : 1.6921608382835984
909 : -2.1801354335621
910 : -0.8821496313030366
911 : -1.97544502094388
912 : -1.5822520297951996
913 : -2.4114799057133496
914 : -4.175305599812418
915 : 1.2066883319057524
916 : -3.561269659548998
917 : 4.6807218585163355
918 : 0.3300228752195835
919 : -1.3395991753786802
920 : -0.5239195320755243
921 : -3.481733060441911
922 : 2.099550797138363
923 : 0.020245784893631935
924 : -0.8395136082544923
925 : -1.8648525229655206
926 : -0.9272181196138263
927 : -2.1682330216281116
928 : -1.9922288116067648
929 : -0.6335960093419999
930 : -4.129582541529089
931 : 1.9326182059012353
932 : -0.7311809863895178
933 : -4.982378341257572
934 : 3.908769116271287
935 : -1.1317405151203275
936 : -0.7775841597467661
937 : -0.9892203696072102
938 : 7.701399582438171
939 : -0.9754621819593012
940 : -1.6843762290664017
941 : -0.8717331569641829
942 : 4.644071109592915
943 : 0.27855402417480946
944 : -3.1600437266752124
945 : -7.636494444683194
946 : -0.9783712024800479
947 : 2.2222432023845613
948 : -2.866597489453852
949 : -8.404029190074652
950 : -1.5145929800346494
951 : 1.8529750276356936
952 : -2.8466600626707077
953 : -1.8663107911124825
954 : -2.9160311014857143
955 : -2.6012258008122444
956 : -1.312136800494045
957 : -0.4110253434628248
958 : -2.8122031427919865
959 : -0.6883647940121591
960 : 6.233175702393055
961 : 1.3411566610448062
962 : -1.563007090240717
963 : -0.7496024556457996
964 : -3.8371678441762924
965 : -1.1865987982600927
966 : 1.179409220814705
967 : -1.0805353987962008
968 : -0.9451767886057496
969 : -4.818334616255015
970 : -1.5405094539746642
971 : -5.92371535114944
972 : -1.40760488063097
973 : 0.7466625170782208
974 : -1.6846319390460849
975 : -2.347083581611514
976 : -3.191187545657158
977 : -1.055585696361959
978 : -10.920254196971655
979 : 3.3926049573346972
980 : -1.7292702738195658
981 : -7.67896740604192
982 : -2.1694640647619963
983 : 6.273161818739027
984 : -1.7486578589305282
985 : -1.5417135898023844
986 : -2.073237679898739
987 : -1.651390181388706
988 : 6.177681796718389
989 : -4.759369703009725
990 : -5.024338752496988
991 : -4.142748914659023
992 : -0.2291546929627657
993 : 0.2685529449954629
994 : -7.0722989067435265
995 : -4.307951024733484
996 : -2.043748271651566
997 : -4.283667398616672
998 : -1.2825347711332142
999 : -1.4653832018375397
Setting up 2 worker threads for Enlighten.
  Thread -> id: 7f1436399700 -> priority: 1 
  Thread -> id: 7f1435b98700 -> priority: 1 
2020-06-24 04:05:28 INFO [environment.py:418] Environment shut down with return code 0.
[I 2020-06-24 04:05:28,991] Finished trial#150 with value: -1.4653832018375397 with parameters: {'update_time_steps': 7168, 'ppo_epochs': 12, 'gamma': 0.9641516126722616, 'beta': 0.08122561023455746}. Best is trial#148 with value: -6.7115356754511595.
Found path: /home/j/jensenj/PycharmProjects/Federer-Jr./src/../crawler_single/linux/dynamic_server/crawler_dynamic.x86_64
Mono path[0] = '/home/j/jensenj/PycharmProjects/Federer-Jr./src/../crawler_single/linux/dynamic_server/crawler_dynamic_Data/Managed'
Mono config path = '/home/j/jensenj/PycharmProjects/Federer-Jr./src/../crawler_single/linux/dynamic_server/crawler_dynamic_Data/MonoBleedingEdge/etc'
Preloaded 'lib_burst_generated.so'
Preloaded 'libgrpc_csharp_ext.x64.so'
Initialize engine version: 2019.3.15f1 (59ff3e03856d)
[Subsystems] Discovering subsystems at path /home/j/jensenj/PycharmProjects/Federer-Jr./src/../crawler_single/linux/dynamic_server/crawler_dynamic_Data/UnitySubsystems
Forcing GfxDevice: Null
GfxDevice: creating device client; threaded=0
NullGfxDevice:
    Version:  NULL 1.0 [1.0]
    Renderer: Null Device
    Vendor:   Unity Technologies
Begin MonoManager ReloadAssembly
- Completed reload, in  0.099 seconds
WARNING: Shader Unsupported: 'Autodesk Interactive' - All passes removed
WARNING: Shader Did you use #pragma only_renderers and omit this platform?
UnloadTime: 0.452030 ms
Fallback handler could not load library /home/j/jensenj/PycharmProjects/Federer-Jr./src/../crawler_single/linux/dynamic_server/crawler_dynamic_Data/Mono/libcoreclr.so
Fallback handler could not load library /home/j/jensenj/PycharmProjects/Federer-Jr./src/../crawler_single/linux/dynamic_server/crawler_dynamic_Data/Mono/libcoreclr.so
Fallback handler could not load library /home/j/jensenj/PycharmProjects/Federer-Jr./src/../crawler_single/linux/dynamic_server/crawler_dynamic_Data/Mono/libcoreclr.so
Fallback handler could not load library /home/j/jensenj/PycharmProjects/Federer-Jr./src/../crawler_single/linux/dynamic_server/crawler_dynamic_Data/Mono/libSystem.dylib
Fallback handler could not load library /home/j/jensenj/PycharmProjects/Federer-Jr./src/../crawler_single/linux/dynamic_server/crawler_dynamic_Data/Mono/libSystem.dylib.so
Fallback handler could not load library /home/j/jensenj/PycharmProjects/Federer-Jr./src/../crawler_single/linux/dynamic_server/crawler_dynamic_Data/Mono/libSystem.dylib
Fallback handler could not load library /home/j/jensenj/PycharmProjects/Federer-Jr./src/../crawler_single/linux/dynamic_server/crawler_dynamic_Data/Mono/libcoreclr.so
Fallback handler could not load library /home/j/jensenj/PycharmProjects/Federer-Jr./src/../crawler_single/linux/dynamic_server/crawler_dynamic_Data/Mono/libcoreclr.so
Fallback handler could not load library /home/j/jensenj/PycharmProjects/Federer-Jr./src/../crawler_single/linux/dynamic_server/crawler_dynamic_Data/Mono/libcoreclr.so
Fallback handler could not load library /home/j/jensenj/PycharmProjects/Federer-Jr./src/../crawler_single/linux/dynamic_server/crawler_dynamic_Data/Mono/libSystem.dylib
Fallback handler could not load library /home/j/jensenj/PycharmProjects/Federer-Jr./src/../crawler_single/linux/dynamic_server/crawler_dynamic_Data/Mono/libSystem.dylib.so
Fallback handler could not load library /home/j/jensenj/PycharmProjects/Federer-Jr./src/../crawler_single/linux/dynamic_server/crawler_dynamic_Data/Mono/libSystem.dylib
2020-06-24 04:05:29 INFO [environment.py:108] Connected to Unity environment with package version 1.0.2 and communication version 1.0.0
2020-06-24 04:05:29 INFO [environment.py:265] Connected new brain:
CrawlerDynamic?team=0
2020-06-24 04:05:29 WARNING [__init__.py:92] The environment contains multiple observations. You must define allow_multiple_obs=True to receive them all. Otherwise, only the first visual observation (or vector observation ifthere are no visual observations) will be provided in the observation.
{'nr_output_features': 20, 'nr_input_features': 126, 'env': <gym_unity.envs.UnityToGymWrapper object at 0x7f9266a02d30>, 'alpha': 0.003, 'tau': 0.95, 'clip': 0.2, 'minibatch_size': 32, 'hidden_units': 512, 'update_time_steps': 9216, 'ppo_epochs': 16, 'gamma': 0.9770785333379957, 'beta': 0.039757791766097825}
0 : -5.096801325678825
1 : 1.6296214200556278
2 : -0.9048102991655469
3 : -0.3983892914839089
4 : -3.377921814098954
5 : -0.49482911825180054
6 : 0.2667830726131797
7 : 9.171768474392593
8 : -8.679784496780485
9 : 1.7371464441530406
10 : -4.638285412453115
11 : -1.653003352228552
12 : 8.504085760563612
13 : -1.247849490493536
14 : -0.919677222147584
15 : -5.087785474956036
16 : -1.8035913491621614
17 : -2.1099690180271864
18 : -1.6869658241048455
19 : -0.8582807038910687
20 : -1.6953422147780657
21 : -7.710515694692731
22 : -1.4413067791610956
23 : -0.4220830106642097
24 : -1.1704608732834458
25 : -4.802591793239117
26 : -1.0384356179274619
27 : -0.9239389318972826
28 : -0.10863097570836544
29 : -1.0740052473265678
30 : -1.4486146476119757
31 : -9.473002322018147
32 : -1.525847116485238
33 : -12.918717436958104
34 : 0.6501568984240294
35 : 2.4295151703990996
36 : -1.3322072410956025
37 : -1.3625074243173003
38 : 0.12797722592949867
39 : -1.7219609855674207
40 : -12.269527740310878
41 : -2.0750282369554043
42 : -1.9446339635178447
43 : -1.3138878177851439
44 : -1.0958267580717802
45 : -1.5350661231204867
46 : -8.316921962425113
47 : -4.13875258853659
48 : -0.7492688316851854
49 : -1.0720202811062336
50 : -0.9319196380674839
51 : -1.3286360939964652
52 : -0.8810004396364093
53 : -2.1407141853123903
54 : -0.6346337026916444
55 : -2.730791003908962
56 : -1.5064789801836014
57 : -1.0202004704624414
58 : -2.6218907204456627
59 : -1.000793226994574
60 : -1.0368933156132698
61 : -9.858377358643338
62 : -1.4119054482434876
63 : -2.214316501747817
64 : -1.3908125795423985
65 : -1.0402265114244074
66 : -1.6969269718974829
67 : -0.9978972664102912
68 : -1.1563887379597872
69 : -2.8214234956540167
70 : -1.6670399075374007
71 : -1.9704431302379817
72 : 1.7138402685523033
73 : -1.2197249955497682
74 : -0.8538979599252343
75 : -1.88418073579669
76 : -0.7014442626386881
77 : 2.499283620622009
78 : -1.4353689774870872
79 : -1.8308039009571075
80 : 13.821358380373567
81 : -1.24986566696316
82 : -1.481948060914874
83 : -1.8250589910894632
84 : -1.617538841906935
85 : 8.12270300090313
86 : -3.0457847602665424
87 : -8.362951261922717
88 : -0.8429626822471619
89 : -0.8978625033050776
90 : -0.20171784469857812
91 : -0.12690506409853697
92 : -0.8209976879879832
93 : -0.847526372410357
94 : 2.47807482117787
95 : 1.7211841912940145
96 : -1.2366350032389164
97 : -2.30651673162356
98 : -9.566051308531314
99 : -0.6183550907298923
100 : -1.1052132290787995
101 : -0.7388379760086536
102 : 2.6384106082841754
103 : -3.516301973257214
104 : -0.8152778893709183
105 : -1.1318685989826918
106 : -3.172752268612385
107 : -2.7441695290617645
108 : 0.4329948052763939
109 : 0.47882957849651575
110 : -1.3533046003431082
111 : -0.6717069838196039
112 : 1.3096076804213226
113 : 4.4735071894247085
114 : -0.34829807188361883
115 : -1.0746506173163652
116 : -2.3911868080031127
117 : 2.523456623777747
118 : -3.2250056797638535
119 : -1.1905776150524616
120 : -1.0741382576525211
121 : -1.2162948555778712
122 : -1.5345518589019775
123 : -1.3927228385582566
124 : 0.12678557354956865
125 : 1.0575700011104345
126 : -2.108497171429917
127 : 2.218397189863026
128 : -0.3005408337339759
129 : -4.3007539212703705
130 : -2.389511050656438
131 : -1.9491764018312097
132 : -0.8473114357329905
133 : -2.052375242114067
134 : 0.17039191955700517
135 : -0.6173238418996334
136 : -1.2157428262289613
137 : -0.9550266209989786
138 : -1.1137596014887094
139 : -1.5858180045615882
140 : -9.835186269599944
141 : -1.7256539016962051
142 : -1.8350682333111763
143 : -1.4614684141706675
144 : -0.8998826425522566
145 : 0.06421194598078728
146 : 0.242890365421772
147 : -1.191912095528096
148 : -1.4112329771742225
149 : -1.907324182218872
150 : -1.0912533849477768
151 : -5.914621100760996
152 : -2.467218288220465
153 : -1.0329144606366754
154 : 1.8386466205120087
155 : -1.6909412005916238
156 : 2.0168375335633755
157 : -2.2717374227941036
158 : -0.957991112023592
159 : -0.9972786095459014
160 : -2.2865933085558936
161 : 0.8765501929447055
162 : 9.688499111915007
163 : -1.0858817351981997
164 : 5.369352815672755
165 : -4.556229959242046
166 : -2.0600135936401784
167 : -1.3358150701969862
168 : 0.9966913728276268
169 : 1.4117836840450764
170 : -10.59428946301341
171 : -1.4498369642533362
172 : -5.2272134779486805
173 : -1.3079311223700643
174 : -1.0543226322624832
175 : -2.446572592947632
176 : -1.2338203702820465
177 : 2.3044513342902064
178 : -3.56758064776659
179 : -0.5854572942480445
180 : 0.4671398727223277
181 : 1.2265559863299131
182 : -0.8585001404862851
183 : -0.6179935606196523
184 : 1.5916134156286716
185 : -5.646400261670351
186 : -0.8869275138713419
187 : -1.5446210247464478
188 : -0.0020206240005791187
189 : -0.7742523867636919
190 : -0.8972592651844025
191 : -3.094960675109178
192 : -1.5167166204191744
193 : -0.2299175914376974
194 : -1.2404232996050268
195 : -0.9213868561200798
196 : -5.063364466535859
197 : -1.306072909384966
198 : -1.3852256685495377
199 : 6.00054818764329
200 : -5.784942512400448
201 : -1.6213197484612465
202 : 2.3303125612437725
203 : -1.200438829138875
204 : -1.214958282187581
205 : -2.331770157208666
206 : -2.34898286126554
207 : -0.9249687551055104
208 : -2.213357134256512
209 : 2.8530622012913227
210 : -1.3644970376044512
211 : -1.000507514923811
212 : -1.1995483479695395
213 : 0.8242915445007384
214 : -0.20588995143771172
215 : -1.1891588401049376
216 : 2.0198595402762294
217 : -1.5361274406313896
218 : -0.6582963299006224
219 : 0.20515491627156734
220 : -1.3557804096490145
221 : 4.077732459641993
222 : -0.9592786096036434
223 : -0.779822513461113
224 : -1.1200788142159581
225 : -2.2347398959100246
226 : -2.9696851011831313
227 : 1.5163152809254825
228 : -1.1586069189943373
229 : 0.9027028791606426
230 : -0.9401261508464813
231 : -1.5593845322728157
232 : -2.011521571315825
233 : -0.8508273703046143
234 : -1.336399783845991
235 : -1.345071678981185
236 : -1.1693162815645337
237 : -1.5461380779743195
238 : -2.287546508014202
239 : -6.453063033521175
240 : -0.896729773376137
241 : -5.276316073257476
242 : -1.5946969555225223
243 : -15.748708446510136
244 : -1.5947645120322704
245 : 0.01588380616158247
246 : -2.8237425077240914
247 : -1.1658757170662284
248 : -1.3182369410060346
249 : 2.5230623353272676
250 : -1.2657121857628226
251 : -1.4793765991926193
252 : -0.7859668185701594
253 : -0.027022702619433403
254 : 0.5723715890198946
255 : 1.0259915757924318
256 : -2.692991515621543
257 : 1.0593354161828756
258 : -1.7605458348989487
259 : 0.3466043695807457
260 : -1.7500671111047268
261 : 9.405910986475646
262 : -2.012250693514943
263 : -1.501409579999745
264 : -1.267020138911903
265 : -1.0296007310971618
266 : -1.6399517487734556
267 : -1.0408568028360605
268 : -1.1782918376848102
269 : -3.3083020141348243
270 : -0.14189986744895577
271 : -2.6753791198134422
272 : -1.5886033084243536
273 : 0.23492862656712532
274 : -2.772590833250433
275 : -2.428384007886052
276 : 0.23730859346687794
277 : -6.82380498200655
278 : -1.0816570669412613
279 : -0.6305442536249757
280 : -1.86522226058878
281 : 2.8087226822972298
282 : -0.7846624562516809
283 : -1.0286400858312845
284 : -0.5164463641121984
285 : -1.4343388117849827
286 : -0.6701346151530743
287 : -5.416402070783079
288 : -1.1152425212785602
289 : -1.1494469540193677
290 : -1.460925511782989
291 : -1.5813794517889619
[W 2020-06-24 04:13:21,877] Setting status of trial#176 as TrialState.FAIL because of the following error: ValueError('array split does not result in an equal division',)
Traceback (most recent call last):
  File "/home/j/jensenj/.local/lib/python3.6/site-packages/numpy/lib/shape_base.py", line 867, in split
    len(indices_or_sections)
TypeError: object of type 'int' has no len()

During handling of the above exception, another exception occurred:

Traceback (most recent call last):
  File "/home/j/jensenj/.local/lib/python3.6/site-packages/optuna/study.py", line 734, in _run_trial
    result = func(trial)
  File "main-optuna.py", line 88, in objective
    returns = [episode(env, agent, params, writer, i) for i in range(training_episodes)]
  File "main-optuna.py", line 88, in <listcomp>
    returns = [episode(env, agent, params, writer, i) for i in range(training_episodes)]
  File "main-optuna.py", line 40, in episode
    agent.update(next_state)
  File "/home/j/jensenj/PycharmProjects/Federer-Jr./src/ppo.py", line 140, in update
    for states, actions, old_log_probs, returns, advantages in self.memory.sample_batch(self.minibatch_size, next_value):
  File "/home/j/jensenj/PycharmProjects/Federer-Jr./src/ppo.py", line 44, in sample_batch
    ids = np.split(ids, batch_size // minibatch_size)
  File "<__array_function__ internals>", line 6, in split
  File "/home/j/jensenj/.local/lib/python3.6/site-packages/numpy/lib/shape_base.py", line 873, in split
    'array split does not result in an equal division')
ValueError: array split does not result in an equal division
Traceback (most recent call last):
  File "/home/j/jensenj/.local/lib/python3.6/site-packages/numpy/lib/shape_base.py", line 867, in split
    len(indices_or_sections)
TypeError: object of type 'int' has no len()

During handling of the above exception, another exception occurred:

Traceback (most recent call last):
  File "main-optuna.py", line 103, in <module>
    study.optimize(objective, n_trials=1000)
  File "/home/j/jensenj/.local/lib/python3.6/site-packages/optuna/study.py", line 339, in optimize
    func, n_trials, timeout, catch, callbacks, gc_after_trial, None
  File "/home/j/jensenj/.local/lib/python3.6/site-packages/optuna/study.py", line 682, in _optimize_sequential
    self._run_trial_and_callbacks(func, catch, callbacks, gc_after_trial)
  File "/home/j/jensenj/.local/lib/python3.6/site-packages/optuna/study.py", line 713, in _run_trial_and_callbacks
    trial = self._run_trial(func, catch, gc_after_trial)
  File "/home/j/jensenj/.local/lib/python3.6/site-packages/optuna/study.py", line 734, in _run_trial
    result = func(trial)
  File "main-optuna.py", line 88, in objective
    returns = [episode(env, agent, params, writer, i) for i in range(training_episodes)]
  File "main-optuna.py", line 88, in <listcomp>
    returns = [episode(env, agent, params, writer, i) for i in range(training_episodes)]
  File "main-optuna.py", line 40, in episode
    agent.update(next_state)
  File "/home/j/jensenj/PycharmProjects/Federer-Jr./src/ppo.py", line 140, in update
    for states, actions, old_log_probs, returns, advantages in self.memory.sample_batch(self.minibatch_size, next_value):
  File "/home/j/jensenj/PycharmProjects/Federer-Jr./src/ppo.py", line 44, in sample_batch
    ids = np.split(ids, batch_size // minibatch_size)
  File "<__array_function__ internals>", line 6, in split
  File "/home/j/jensenj/.local/lib/python3.6/site-packages/numpy/lib/shape_base.py", line 873, in split
    'array split does not result in an equal division')
ValueError: array split does not result in an equal division
Setting up 2 worker threads for Enlighten.
  Thread -> id: 7fd2329ad700 -> priority: 1 
  Thread -> id: 7fd2321ac700 -> priority: 1 
2020-06-24 04:13:22 INFO [environment.py:418] Environment shut down with return code 0.
