slurmstepd-pyrit: error: Unable to create TMPDIR [/tmp/user/30108]: Permission denied
slurmstepd-pyrit: error: Setting TMPDIR to /tmp
Found path: /home/j/jensenj/PycharmProjects/Federer-Jr./src/../crawler_single/linux/dynamic_server/crawler_dynamic.x86_64
Mono path[0] = '/home/j/jensenj/PycharmProjects/Federer-Jr./src/../crawler_single/linux/dynamic_server/crawler_dynamic_Data/Managed'
Mono config path = '/home/j/jensenj/PycharmProjects/Federer-Jr./src/../crawler_single/linux/dynamic_server/crawler_dynamic_Data/MonoBleedingEdge/etc'
Preloaded 'lib_burst_generated.so'
Preloaded 'libgrpc_csharp_ext.x64.so'
Initialize engine version: 2019.3.15f1 (59ff3e03856d)
[Subsystems] Discovering subsystems at path /home/j/jensenj/PycharmProjects/Federer-Jr./src/../crawler_single/linux/dynamic_server/crawler_dynamic_Data/UnitySubsystems
Forcing GfxDevice: Null
GfxDevice: creating device client; threaded=0
NullGfxDevice:
    Version:  NULL 1.0 [1.0]
    Renderer: Null Device
    Vendor:   Unity Technologies
Begin MonoManager ReloadAssembly
- Completed reload, in  0.116 seconds
WARNING: Shader Unsupported: 'Autodesk Interactive' - All passes removed
WARNING: Shader Did you use #pragma only_renderers and omit this platform?
UnloadTime: 0.332106 ms
Fallback handler could not load library /home/j/jensenj/PycharmProjects/Federer-Jr./src/../crawler_single/linux/dynamic_server/crawler_dynamic_Data/Mono/libcoreclr.so
Fallback handler could not load library /home/j/jensenj/PycharmProjects/Federer-Jr./src/../crawler_single/linux/dynamic_server/crawler_dynamic_Data/Mono/libcoreclr.so
Fallback handler could not load library /home/j/jensenj/PycharmProjects/Federer-Jr./src/../crawler_single/linux/dynamic_server/crawler_dynamic_Data/Mono/libcoreclr.so
Fallback handler could not load library /home/j/jensenj/PycharmProjects/Federer-Jr./src/../crawler_single/linux/dynamic_server/crawler_dynamic_Data/Mono/libSystem.dylib
Fallback handler could not load library /home/j/jensenj/PycharmProjects/Federer-Jr./src/../crawler_single/linux/dynamic_server/crawler_dynamic_Data/Mono/libSystem.dylib.so
Fallback handler could not load library /home/j/jensenj/PycharmProjects/Federer-Jr./src/../crawler_single/linux/dynamic_server/crawler_dynamic_Data/Mono/libSystem.dylib
Fallback handler could not load library /home/j/jensenj/PycharmProjects/Federer-Jr./src/../crawler_single/linux/dynamic_server/crawler_dynamic_Data/Mono/libcoreclr.so
Fallback handler could not load library /home/j/jensenj/PycharmProjects/Federer-Jr./src/../crawler_single/linux/dynamic_server/crawler_dynamic_Data/Mono/libcoreclr.so
Fallback handler could not load library /home/j/jensenj/PycharmProjects/Federer-Jr./src/../crawler_single/linux/dynamic_server/crawler_dynamic_Data/Mono/libcoreclr.so
Fallback handler could not load library /home/j/jensenj/PycharmProjects/Federer-Jr./src/../crawler_single/linux/dynamic_server/crawler_dynamic_Data/Mono/libSystem.dylib
Fallback handler could not load library /home/j/jensenj/PycharmProjects/Federer-Jr./src/../crawler_single/linux/dynamic_server/crawler_dynamic_Data/Mono/libSystem.dylib.so
Fallback handler could not load library /home/j/jensenj/PycharmProjects/Federer-Jr./src/../crawler_single/linux/dynamic_server/crawler_dynamic_Data/Mono/libSystem.dylib
/home/j/jensenj/.local/lib/python3.6/site-packages/tensorboard/compat/tensorflow_stub/dtypes.py:541: FutureWarning: Passing (type, 1) or '1type' as a synonym of type is deprecated; in a future version of numpy, it will be understood as (type, (1,)) / '(1,)type'.
  _np_qint8 = np.dtype([("qint8", np.int8, 1)])
/home/j/jensenj/.local/lib/python3.6/site-packages/tensorboard/compat/tensorflow_stub/dtypes.py:542: FutureWarning: Passing (type, 1) or '1type' as a synonym of type is deprecated; in a future version of numpy, it will be understood as (type, (1,)) / '(1,)type'.
  _np_quint8 = np.dtype([("quint8", np.uint8, 1)])
/home/j/jensenj/.local/lib/python3.6/site-packages/tensorboard/compat/tensorflow_stub/dtypes.py:543: FutureWarning: Passing (type, 1) or '1type' as a synonym of type is deprecated; in a future version of numpy, it will be understood as (type, (1,)) / '(1,)type'.
  _np_qint16 = np.dtype([("qint16", np.int16, 1)])
/home/j/jensenj/.local/lib/python3.6/site-packages/tensorboard/compat/tensorflow_stub/dtypes.py:544: FutureWarning: Passing (type, 1) or '1type' as a synonym of type is deprecated; in a future version of numpy, it will be understood as (type, (1,)) / '(1,)type'.
  _np_quint16 = np.dtype([("quint16", np.uint16, 1)])
/home/j/jensenj/.local/lib/python3.6/site-packages/tensorboard/compat/tensorflow_stub/dtypes.py:545: FutureWarning: Passing (type, 1) or '1type' as a synonym of type is deprecated; in a future version of numpy, it will be understood as (type, (1,)) / '(1,)type'.
  _np_qint32 = np.dtype([("qint32", np.int32, 1)])
/home/j/jensenj/.local/lib/python3.6/site-packages/tensorboard/compat/tensorflow_stub/dtypes.py:550: FutureWarning: Passing (type, 1) or '1type' as a synonym of type is deprecated; in a future version of numpy, it will be understood as (type, (1,)) / '(1,)type'.
  np_resource = np.dtype([("resource", np.ubyte, 1)])
2020-06-24 03:42:33 INFO [environment.py:108] Connected to Unity environment with package version 1.0.2 and communication version 1.0.0
2020-06-24 03:42:33 INFO [environment.py:265] Connected new brain:
CrawlerDynamic?team=0
2020-06-24 03:42:33 WARNING [__init__.py:92] The environment contains multiple observations. You must define allow_multiple_obs=True to receive them all. Otherwise, only the first visual observation (or vector observation ifthere are no visual observations) will be provided in the observation.
/home/j/jensenj/.local/lib/python3.6/site-packages/gym/logger.py:30: UserWarning: WARN: Box bound precision lowered by casting to float32
  warnings.warn(colorize('%s: %s'%('WARN', msg % args), 'yellow'))
{'nr_output_features': 20, 'nr_input_features': 126, 'env': <gym_unity.envs.UnityToGymWrapper object at 0x7f149dd97eb8>, 'alpha': 0.003, 'tau': 0.95, 'clip': 0.2, 'minibatch_size': 32, 'hidden_units': 512, 'update_time_steps': 7168, 'ppo_epochs': 12, 'gamma': 0.9701732241137704, 'beta': 0.05818811487427114}
0 : -1.5039642974734306
1 : 2.159434243571013
2 : -1.2895729020237923
3 : -2.7687351405620575
4 : -1.4843503232114017
5 : -1.7262623701244593
6 : -0.8532669311389327
7 : -1.3291994854807854
8 : -0.8168069045059383
9 : -1.2836171435192227
10 : -1.3120752703398466
11 : 0.021426773630082607
12 : -4.908720116131008
13 : -1.1302841329888906
14 : 4.487862388603389
15 : -7.0823725908994675
16 : -1.4501050263643265
17 : -1.0671379175037146
18 : -1.039809234207496
19 : -1.5980858588591218
20 : -1.396976850926876
21 : -1.3689303477294743
22 : -1.6624988056719303
23 : -1.3282092669978738
24 : -0.7439111573621631
25 : -2.8332347525283694
26 : -1.4022706132382154
27 : -0.6539628431200981
28 : -0.7800116138532758
29 : -1.1063518770970404
30 : -1.3316001174971461
31 : -1.2395749427378178
32 : -1.4841444659978151
33 : -2.055917206220329
34 : -1.3259266763925552
35 : -1.733865525573492
36 : -1.5295554921030998
37 : -0.6530203483998775
38 : -1.021563472226262
39 : -0.7715501408092678
40 : -2.691891082562506
41 : -3.2632902804762125
42 : -1.3431309363804758
43 : -6.679131975863129
44 : -1.0067446799948812
45 : -0.464732076972723
46 : -5.995709925889969
47 : -0.08761465270072222
48 : -1.4276463109999895
49 : -0.8255280423909426
50 : 1.0413800589740276
51 : -0.8232992107514292
52 : -0.9637526147998869
53 : -4.072290542535484
54 : -1.3280160729773343
55 : -2.141785283572972
56 : -1.4745042324066162
57 : -1.3568074805662036
58 : -1.3729504263028502
59 : -3.9062472344376147
60 : -1.0098750982433558
61 : 2.0696275224909186
62 : -2.1669896617531776
63 : -2.0439570397138596
64 : -1.6146486215293407
65 : -3.9908878095448017
66 : -0.8554174704477191
67 : -1.2122966730967164
68 : 1.0199159826152027
69 : -0.7432904611341655
70 : -2.9404104873538017
71 : -1.2544358680024743
72 : -0.9551000036299229
73 : -1.4248743169009686
74 : -1.3009478719905019
75 : -1.179325919598341
76 : -0.9585700081661344
77 : -0.5089115615701303
78 : -1.3893608511425555
79 : -0.9240101017057896
80 : -1.262674960307777
81 : -2.434954539872706
82 : -1.3632863499224186
83 : -1.2106313758995384
84 : -0.9643476493656635
85 : -0.8131344206631184
86 : -1.2181447898037732
87 : -1.5499573145061731
88 : -7.638943158090115
89 : -1.4964615684002638
90 : -0.9408858101814985
91 : -0.40887075662612915
92 : -0.12737599667161703
93 : -1.07764798309654
94 : -0.9459763769991696
95 : -1.0973427342250943
96 : -1.530480807647109
97 : -1.0181191973388195
98 : 0.302181847859174
99 : -0.588990970980376
100 : -4.040875222533941
101 : -2.159267693758011
102 : -0.9151868782937527
103 : 1.5323261264711618
104 : -1.1001362595707178
105 : -0.8292253282852471
106 : -0.7832948975265026
107 : -0.9441668428480625
108 : -0.30725032836198807
109 : -0.6922197556123137
110 : -1.1121653374284506
111 : -2.069280155003071
112 : -1.409209992736578
113 : -2.3823322663083673
114 : -2.356100714765489
115 : -1.7718850914388895
116 : -0.9624939351342618
117 : -1.470368631184101
118 : -2.503042586147785
119 : -0.6253685913980007
120 : -0.6586142629384995
121 : -2.3993364754132926
122 : -1.7878155406797305
123 : -1.296883497852832
124 : -1.9837839440442622
125 : -1.6178018227219582
126 : -2.102647978812456
127 : -1.5609170282259583
128 : -1.5275581292808056
129 : -1.2489468343555927
130 : -2.0131385289132595
131 : -6.133694189134985
132 : -0.862005771137774
133 : -1.0040536667220294
134 : -1.0549320010468364
135 : -1.1494475048966706
136 : -1.5452063400298357
137 : -1.3726254487410188
138 : -1.5169458258897066
139 : -0.9904993204399943
140 : -0.8343159044161439
141 : -1.5415812395513058
142 : -2.6572044556960464
143 : -1.3430481255054474
144 : -1.3718943521380424
145 : -1.2955192597582936
146 : -0.12466324493288994
147 : -2.682605834212154
148 : 0.353260594420135
149 : -0.925610851496458
150 : -1.1261032279580832
151 : -3.140949638793245
152 : -1.2709053456783295
153 : -1.289909333921969
154 : -1.3903648047707975
155 : 0.0770103451795876
156 : -1.4106846880167723
157 : -2.7640640530735254
158 : -1.4100281242281199
159 : -1.3509108950383961
160 : -1.4300557002425194
161 : -0.9803843265399337
162 : -0.8472214653156698
163 : 0.6640690509229898
164 : -1.2481650169938803
165 : -0.8166252723895013
166 : -1.5322099095210433
167 : -1.2745041337329894
168 : -1.5431617442518473
169 : -0.9051205217838287
170 : 6.4467277261428535
171 : -0.41114590782672167
172 : -1.4339431300759315
173 : -1.1301199092995375
174 : 2.3644780069589615
175 : 0.23511498514562845
176 : -3.0105523271486163
177 : -0.9173001106828451
178 : -0.993539874907583
179 : -2.6387636959552765
180 : -0.4084946718066931
181 : -1.3460497399792075
182 : -1.5111151738092303
183 : -3.6325642713345587
184 : 3.7289911722764373
185 : -1.4861700553447008
186 : -2.2668732097372413
187 : -1.1566899996250868
188 : -0.8548520440235734
189 : -1.3267838975880295
190 : 3.6432248540222645
191 : 5.910934438928962
192 : -2.415020653512329
193 : -1.3070153673179448
194 : -3.7180287772789598
195 : -1.5901682302355766
196 : -1.2618147628381848
197 : -0.702287042979151
198 : -2.3029854241758585
199 : -0.6053292145952582
200 : -3.481145487166941
201 : -4.472900972701609
202 : -1.377034392207861
203 : -6.7251593242399395
204 : -1.0891209742985666
205 : -1.5268618133850396
206 : -1.215381683781743
207 : -1.0077184909023345
208 : -1.00145892216824
209 : 0.1379477116279304
210 : 7.334020782262087
211 : -1.2915624473243952
212 : -3.3951893504709005
213 : 0.24192653223872185
214 : -1.3873629597947001
215 : -0.3073918214067817
216 : -1.2714055320248008
217 : -0.8720839619636536
218 : -0.9380261972546577
219 : -1.3407944031059742
220 : 1.813910024939105
221 : -5.497017640853301
222 : -1.804884660989046
223 : -7.571167427115142
224 : -1.539851020090282
225 : -1.0889507497195154
226 : -1.524470616132021
227 : -0.17184127308428288
228 : -1.343016006052494
229 : -1.1558390697464347
230 : 0.6717777068261057
231 : -0.4003166707698256
232 : -1.1748568480834365
233 : 0.7650887276977301
234 : -0.9873474407941103
235 : -0.9528476723935455
236 : -1.2085880589438602
237 : -1.2888430012390018
238 : -2.5872899345122278
239 : 1.201166158542037
240 : -1.6245834827423096
241 : -0.8756441506557167
242 : -1.0183314005844295
243 : -5.935923561453819
244 : -1.428661122918129
245 : -1.817217769101262
246 : -0.9883978366851807
247 : -1.5262027392163873
248 : -1.7129674581810832
249 : -0.7852875909302384
250 : -1.2728962213732302
251 : -0.672043789178133
252 : -1.197827072814107
253 : -0.8364245579577982
254 : -1.2602193327620625
255 : -4.846010320819914
256 : -2.8879668451845646
257 : -1.6945260004140437
258 : -1.4021402012440376
259 : -1.6844403631985188
260 : -1.9237409373745322
261 : -1.3182750917039812
262 : -1.3712098663672805
263 : -1.2778106248006225
264 : -0.8839336079545319
265 : -4.919001075439155
266 : -0.985721156001091
267 : -1.1097556026652455
268 : -1.8140338398516178
269 : -1.1803873656317592
270 : -3.072140946984291
271 : -1.3120874022133648
272 : -2.2508797608315945
273 : -1.5961681306362152
274 : -1.2159209186211228
275 : -1.3345131240785122
276 : -1.155059892917052
277 : -1.2050955393351614
278 : -1.4004142032936215
279 : -1.049303631298244
280 : -0.9473078586161137
281 : -1.3378206444904208
282 : 5.008945468813181
283 : -0.9803315596655011
284 : -4.755289681255817
285 : -2.3090523667633533
286 : -1.0997730027884245
287 : -1.3535459567792714
288 : -4.85417612362653
289 : -2.9032405773177743
290 : -1.5119101635646075
291 : -1.9900225158780813
292 : -2.1326248832046986
293 : -0.7482079700566828
294 : -1.1274376357905567
295 : -1.7629654556512833
296 : -1.6042517321184278
297 : -2.5216643614694476
298 : -1.6239199126139283
299 : -0.42788618337363005
300 : -0.903058256721124
301 : -1.338126314803958
302 : -1.403402905445546
303 : -0.797746766358614
304 : -1.1026318883523345
305 : -4.798485532402992
306 : -1.5503124222159386
307 : -2.385523745790124
308 : -1.9330422207713127
309 : -1.3652286119759083
310 : -1.3331802422180772
311 : -0.7273192014545202
312 : 0.14550758572295308
313 : -0.16616714652627707
314 : -1.419427483342588
315 : -1.3401211332529783
316 : -2.4692507721483707
317 : 0.47545638401061296
318 : 3.071439347229898
319 : -2.166846577078104
320 : -1.5159810539335012
321 : -1.7406333684921265
322 : -0.786599196260795
323 : -1.8234975934028625
324 : -0.9088315088301897
325 : -1.363928790902719
326 : -0.44534149393439293
327 : -1.2187644499354064
328 : 2.5172840394079685
329 : -1.6929191760718822
330 : -1.2114911652170122
331 : -1.5222555324435234
332 : -0.3830035259015858
333 : -1.0963759585283697
334 : -1.1921472772955894
335 : -1.0281882146373391
336 : -1.0526884123682976
337 : -1.1174549870193005
338 : -0.7666030246764421
339 : -1.1445091227069497
340 : -1.884557974524796
341 : -0.7359014907851815
342 : -1.1497553419321775
343 : -1.1312207197770476
344 : -1.8473282046616077
345 : -1.5233868947252631
346 : -1.4111695056781173
347 : 3.1970790312625468
348 : -2.9098127307370305
349 : -1.6668216027319431
350 : -1.1500455113127828
351 : -2.0527653098106384
352 : -0.963800162775442
353 : -2.314777782186866
354 : -0.9415969219990075
355 : -10.982232252135873
356 : -0.8279610071331263
357 : -1.1996889361180365
358 : -1.4570451322942972
359 : -2.6013887049630284
360 : -2.0105407394003123
361 : -1.7645707670599222
362 : -1.2363374242559075
363 : 6.042816870845854
364 : -1.536412002518773
365 : -1.5781391821801662
366 : -1.6622061866801232
367 : -0.7038716841489077
368 : -0.8810454728081822
369 : -1.6290575005114079
370 : -3.3286640867590904
371 : -4.018840692937374
372 : -1.4842018485069275
373 : -0.49190047150477767
374 : -3.042419657576829
375 : -0.9914210895076394
376 : -0.8359904810786247
377 : 1.331279944628477
378 : -1.8202293626964092
379 : -1.5010180277749896
380 : -1.813015066087246
381 : -0.7718889103271067
382 : -5.354171228595078
383 : -3.04101222101599
384 : -1.334746539592743
385 : 4.337072133086622
386 : -1.0718539948575199
387 : -2.1801004372537136
388 : 1.2163912449032068
389 : -6.2255543088540435
390 : -1.6574528589844704
391 : -1.0607251254841685
392 : -1.949255831539631
393 : -1.199163795914501
394 : -2.598634921014309
395 : -1.1190378786996007
396 : -1.1847007961478084
397 : -1.418893951922655
398 : -1.479375820606947
399 : -0.7570991711691022
400 : -1.191938143223524
401 : -0.14380433037877083
402 : -1.100265683606267
403 : -1.5464342306368053
404 : -1.8012413866817951
405 : -1.6006119726225734
406 : -0.7481500497087836
407 : -0.8168353838846087
408 : -1.4600825179368258
409 : -1.2787651140242815
410 : 1.6231256239116192
411 : -1.4371445407159626
412 : 1.865010941401124
413 : -9.980208006221801
414 : -0.9582033064216375
415 : 0.9281401969492435
416 : -0.9093825835734606
417 : -1.4879249092191458
418 : -1.8973227813839912
419 : -1.2413235194981098
420 : -0.8294701557606459
421 : -1.0964512866921723
422 : -1.0863630212843418
423 : -1.786462893243879
424 : -1.9133429792709649
425 : 0.23918026965111494
426 : -1.9147805124521255
427 : -1.9434682987630367
428 : 0.4556840895675123
429 : -2.021714815462474
430 : -1.4708087740000337
431 : -1.8222402222454548
432 : -1.5303849782794714
433 : -4.953535791486502
434 : -1.410320283845067
435 : -4.291638628114015
436 : -1.1963974623940885
437 : -1.5636523105204105
438 : -1.8531186692416668
439 : -1.8030698085203767
440 : -1.3672064882703125
441 : 4.542119678109884
442 : -1.2553824267815799
443 : -1.4356625024229288
444 : -12.21873003942892
445 : -1.5482388911768794
446 : -1.0073778929654509
447 : -2.058191394433379
448 : -1.9941254649311304
449 : -2.6997592349071056
450 : 6.21318626916036
451 : -1.0589929595589638
452 : -1.9584100246429443
453 : -2.0129429763182998
454 : -1.955704980995506
455 : -5.458924803882837
456 : -1.6501444913446903
457 : -1.8848996572196484
458 : -3.118588315322995
459 : 0.5040408647619188
460 : -1.027317431755364
461 : -1.6223802007734776
462 : -1.8998266765847802
463 : 13.733441412448883
464 : -0.6542238630354404
465 : -2.387575867585838
466 : -2.9519005049951375
467 : -2.5837097503244877
468 : -1.2518677189946175
469 : -2.7587843872606754
470 : -1.4956985502503812
471 : 10.86336811631918
472 : -2.0494553800672293
473 : -2.5011395532637835
474 : -1.260930506978184
475 : -2.283852390013635
476 : 8.605247418396175
477 : -0.8637428088113666
478 : -4.14214973570779
479 : -1.3501407797448337
480 : -0.05495022051036358
481 : 3.8041519774706103
482 : -0.8639742387458682
483 : -1.4316223429050297
484 : -0.03442530706524849
485 : -0.2524086683988571
486 : -1.4557551378384233
487 : 0.19409656897187233
488 : -3.0489759128540754
489 : -5.099321996793151
490 : -1.22240206040442
491 : -0.4617285877466202
492 : -1.1535581075586379
493 : -1.2499644788913429
494 : -4.975779528263956
495 : 3.1826380607672036
496 : -1.4443673491477966
497 : 0.9649720694869757
498 : 7.93891942827031
499 : -4.765343700535595
500 : -1.0389582244679332
501 : 2.875472760759294
502 : -1.745635835453868
503 : 2.093913920223713
504 : 4.571432089898735
505 : -1.5417999047785997
506 : 8.83134678658098
507 : 4.79144599661231
508 : -3.070000638253987
509 : -1.8928725682199001
510 : -0.36280368734151125
511 : -2.0265384688973427
512 : -1.5749384006485343
513 : -0.3136588614434004
514 : -1.3716398924589157
515 : 0.861033430788666
516 : 8.011993645690382
517 : 1.5476664835587144
518 : -9.751008766004816
519 : -1.620924398303032
520 : -8.293720259796828
521 : -1.3699469957500696
522 : 4.496602209284902
523 : -6.712421527132392
524 : -1.2435456512030214
525 : 11.68397007882595
526 : -1.862134272698313
527 : -1.593801551964134
528 : -7.306804778985679
529 : -1.7435996234416962
530 : -1.2365934178233147
531 : -0.8434542249888182
532 : -9.645711925579235
533 : -0.9951446484774351
534 : -0.019723041215911508
535 : -7.462575124576688
536 : -1.340048348531127
537 : -0.7770845806226134
538 : 1.1798506003106013
539 : 1.1310685779899359
540 : -1.032164289150387
541 : 0.15970977675169706
542 : 1.2054277211427689
543 : -5.612135145813227
544 : -1.2633799817413092
545 : -1.4900263426825404
546 : -1.8889369745738804
547 : -1.3082732511684299
548 : -4.214764028787613
549 : 12.96367050986737
550 : -1.7661093538627028
551 : -0.8171881856396794
552 : -1.8145221844315529
553 : -2.9429469904862344
554 : -1.4518104009330273
555 : 9.576577672734857
556 : -1.2281794361770153
557 : -0.9782497412525117
558 : -1.5555164078250527
559 : -1.8934476897120476
560 : -1.5268669510260224
561 : 3.266404984984547
562 : -1.5905545335263014
563 : -0.4225987233221531
564 : -0.7429605443030596
565 : -1.4642255380749702
566 : -3.1015722155570984
567 : -2.910955591709353
568 : -0.697085389867425
569 : -0.830860753543675
570 : -0.7303635273128748
571 : -2.2489005140960217
572 : -2.172271271236241
573 : 8.98384679039009
574 : -0.632495584897697
575 : -1.1956410398706794
576 : -1.1714531611651182
577 : -0.9254883788526058
578 : -1.6401987373828888
579 : -1.676398165524006
580 : -11.544147280976176
581 : 0.6180719818221405
582 : -0.4640547730959952
583 : -5.253392729908228
584 : -1.314264866989106
585 : -0.4533949214965105
586 : -1.6479231733828783
587 : -1.9605325106531382
588 : -1.6103708855807781
589 : -1.9974928256124258
590 : -1.66444780677557
591 : 2.078489264473319
592 : 9.931278507225215
593 : -0.9196348423138261
594 : -0.2614061711356044
595 : -1.4460450382903218
596 : -2.2376570776104927
597 : -1.539190954528749
598 : 3.4738656932022423
599 : -1.404261845164001
600 : -1.4472423298284411
601 : 6.384577316232026
602 : -4.550516962539405
603 : -2.0612155720591545
604 : -0.9905964101199061
605 : -3.1752859503030777
606 : -0.9877893822267652
607 : -0.6609116671606898
608 : 1.3424568269401789
609 : -3.721605414757505
610 : -1.8059727661311626
611 : -1.8358056112192571
612 : -1.241188735468313
613 : -1.4824071051552892
614 : -1.3786116736009717
615 : -1.5121481283567846
616 : -1.467617830261588
617 : -4.963247682899237
618 : -1.5054685436189175
619 : -1.0910910442471504
620 : 0.3896888942690566
621 : -1.4428790993988514
622 : -1.4264869950711727
623 : -1.5332542126998305
624 : -0.8236868279054761
625 : -2.940074937418103
626 : 0.23039669916033745
627 : -4.629204176366329
628 : -2.3427024472039193
629 : -2.0784926107153296
630 : -2.3123400821350515
631 : 7.875253291334957
632 : -0.9954725936986506
633 : -1.4725949466228485
634 : 2.7787104034796357
635 : 0.6728084804490209
636 : -0.4785040421411395
637 : -1.6813207976520061
638 : -1.613134694751352
639 : -2.0665173679590225
640 : 0.6867140680551529
641 : -1.8808433208614588
642 : -0.270238284021616
643 : -1.2276140926405787
644 : -1.220100452657789
645 : -11.264394109137356
646 : -4.043439646833576
647 : -1.1761241145431995
648 : 3.1536372182890773
649 : -3.1695092683075927
650 : -1.9434350654482841
651 : -1.3841226669028401
652 : -1.2088691350072622
653 : -1.385712593793869
654 : -1.90205929428339
655 : -0.6765179093927145
656 : -7.202110387152061
657 : -1.734088827855885
658 : 1.5813577068038285
659 : -0.7136022228514776
660 : 0.17211645562201738
661 : 2.922653659246862
662 : 3.130641769617796
663 : 3.9884042842313647
664 : -1.3804220797028393
665 : 1.6776387356221676
666 : -1.5935188266448677
667 : -0.6747566526755691
668 : -2.3880080617964268
669 : -1.637180290184915
670 : -1.1887574791908264
671 : -0.8395978361368179
672 : -0.6956556532531977
673 : -1.8704663552343845
674 : -1.6302115474827588
675 : -1.3683399558067322
676 : -0.3740777187049389
677 : 0.07638299651443958
678 : -1.5843356475234032
679 : -0.9126528892666101
680 : -1.6961944829672575
681 : -1.8282621651887894
682 : -1.1436316636390984
683 : -5.95058624073863
684 : 1.0111078834161162
685 : -2.1177912317216396
686 : 0.207198821939528
687 : -13.146350468043238
688 : -4.537658657878637
689 : 2.9492704682052135
690 : -4.918983615934849
691 : -2.233977882191539
692 : -1.4542181519791484
693 : -2.520058549940586
694 : -1.198580312076956
695 : 0.18154678272549063
696 : -2.365497477352619
697 : -0.860447607934475
698 : -2.1320244655944407
699 : -0.9784908734727651
700 : -1.4035601541399956
701 : 1.3051574006676674
702 : -1.5288825500756502
703 : -0.7078702030703425
704 : -1.0302421879023314
705 : -1.4754789401777089
706 : -1.154348213225603
707 : -1.413686175365001
708 : 7.148137079551816
709 : 7.881201129406691
710 : -1.4947836054489017
711 : -9.077628349885345
712 : -1.5530863525345922
713 : -1.327720120549202
714 : -1.5686175907030702
715 : 1.1458612463902682
716 : -0.475368469953537
717 : 0.3642467022873461
718 : -1.3560424710158259
719 : -1.7156976209953427
720 : -0.8873849818482995
721 : 9.542317139916122
722 : -1.2810585163533688
723 : 7.794499566778541
724 : -0.25890307128429413
725 : -0.9294883599504828
726 : 10.257848881185055
727 : -2.1398074328899384
728 : -1.327400173060596
729 : -0.823037039488554
730 : 1.0182026280090213
731 : -1.4476584009826183
732 : 0.5184767358005047
733 : 4.653074676869437
734 : 6.926740539260209
735 : -1.37617655005306
736 : 1.5987416417337954
737 : -2.4366551898419857
738 : -1.0025559607893229
739 : -1.259225376881659
740 : -1.5809108205139637
741 : -0.7801464195363224
742 : -3.0976456354837865
743 : 6.280122616328299
744 : 8.022797358222306
745 : -4.948547613807023
746 : 3.3793800864368677
747 : -1.4643222754821181
748 : -3.7052670400589705
749 : 1.7269088616594672
750 : -0.9437591684982181
751 : -1.243777827359736
752 : -1.0116247911937535
753 : -0.9033960634842515
754 : -1.0695691658183932
755 : -0.04086581873707473
756 : -0.8962964583188295
757 : -4.123848550021648
758 : 4.628420024178922
759 : -0.13086390774697065
760 : -1.383577081374824
761 : 0.05382963549345732
762 : 2.2221094174310565
763 : -1.5204087723977864
764 : -1.5470838658511639
765 : -0.47792134806513786
766 : -2.242960572242737
767 : -4.621746391523629
768 : 3.3731457903049886
769 : -0.9874656922183931
770 : -0.7978784739971161
771 : -1.719823682680726
772 : -1.6586202159523964
773 : -0.2246006983332336
774 : 2.112095359712839
775 : -1.3760200031101704
776 : -1.077546728309244
777 : 2.1509299110621214
778 : -1.5145537951029837
779 : -0.10973095986992121
780 : -0.7403884185478091
781 : -4.681525819469243
782 : -1.5076466780155897
783 : -5.382486073765904
784 : -1.2153106397017837
785 : -1.1761601520702243
786 : -3.1796189644373953
787 : -0.9046273154672235
788 : 7.112822415307164
789 : 0.07011007354594767
790 : -2.360589310526848
791 : 0.2047528401017189
792 : 5.590605946723372
793 : -7.112871231045574
794 : -2.5442759301513433
795 : -1.9706083331257105
796 : -1.0475897691212595
797 : -0.14930997043848038
798 : 0.5012448276393116
799 : -1.04961396753788
800 : 3.59910303237848
801 : -13.888997718924657
802 : -1.6208663866855204
803 : -1.1906963884830475
804 : -4.074693023227155
805 : -2.44777752738446
806 : -1.5554606392979622
807 : -1.824094551615417
808 : -1.471652328968048
809 : -5.2812808863818645
810 : -1.067507531028241
811 : -2.4687600270844996
812 : 2.439624741440639
813 : -4.972876890096813
814 : 0.14022424025461078
815 : -1.0120587646961212
816 : -0.9908805675804615
817 : 4.001253462862223
818 : -0.8875810555182397
819 : -0.7564526489004493
820 : -1.3738317233510315
821 : -7.271078900434077
822 : 1.0303305042907596
823 : 7.4276926796883345
824 : -0.9157899161800742
825 : -0.979611199349165
826 : -1.7356806471943855
827 : -1.3734065359458327
828 : -1.7877238178625703
829 : -1.6141189825721085
830 : 3.6323940474539995
831 : 13.650155954062939
832 : -2.2472216757014394
833 : -1.1890114303678274
834 : -3.8818513830192387
835 : -1.0362741900607944
836 : -1.142603111686185
837 : 7.319285943172872
838 : -3.861439977772534
839 : 0.13036778010427952
840 : -2.806019650626695
841 : 9.969562793150544
842 : -1.5965184289962053
843 : -0.7519831084646285
844 : -2.15229555638507
845 : -1.7738794460892677
846 : -0.7894788319244981
847 : -2.043853085488081
848 : -1.3872352493926883
849 : -0.8720257002860308
850 : -0.9062461066059768
851 : -0.9250540416687727
852 : 0.6730462526902556
853 : -1.816380176693201
854 : -1.3091606837697327
855 : -1.1311401389539242
856 : 10.71606349479407
857 : -1.4511059075593948
858 : 5.312286679632962
859 : -1.6737874876707792
860 : -0.3543226635083556
861 : -2.0345179848372936
862 : -1.5529131144285202
863 : -1.03964619274484
864 : -0.985529625788331
865 : -2.172312393784523
866 : 0.6332985647022724
867 : -1.144394754926907
868 : 2.578044488094747
869 : -1.4454382946714759
870 : 5.875082071870565
871 : -3.6566604068502784
872 : -1.236481121275574
873 : -1.2664114125072956
874 : -2.4466925840824842
875 : -1.7067553959786892
876 : 9.154465571045876
877 : -2.7146680313162506
878 : -1.063077699393034
879 : 2.0389780197292566
880 : -4.33979996945709
881 : -1.6882834061980247
882 : 5.5316369496285915
883 : -0.5414245659485459
884 : 3.0437203994952142
885 : 4.997837648727
886 : -0.551634319126606
887 : -10.360732555389404
888 : -5.855919756926596
889 : -1.7473445711657405
890 : -3.4119681117590517
891 : 4.038935961201787
892 : -0.9330986714921892
893 : -0.7772075440734625
894 : -0.6150635723024607
895 : 0.32233839575201273
896 : -0.9694451224058867
897 : -5.2863439647480845
898 : -15.938711419701576
899 : 4.487028155941516
900 : -5.780349657405168
901 : -3.5701368246227503
902 : -1.5927737392485142
903 : -0.4014373398385942
904 : -2.061601797118783
905 : -0.37206286285072565
906 : 0.39590276777744293
907 : -1.2714298940263689
908 : -3.4142428981140256
909 : -0.2772220019251108
910 : -0.7149627138860524
911 : -0.4335432720836252
912 : -1.1952232904732227
913 : -0.06694648414850235
914 : -11.139648444543127
915 : -1.6558285658247769
916 : 1.00530771818012
917 : -0.8074147934094071
918 : -1.039814768359065
919 : 0.9663994573056698
920 : 7.51318937074393
921 : 2.724279631860554
922 : -13.16824107291177
923 : -2.3740638718008995
924 : -0.9744144007563591
925 : 1.773012986406684
926 : -0.2550420118495822
927 : 2.2999735448975116
928 : -1.5647345026955009
929 : -1.0020849984139204
930 : -1.423234410583973
931 : -1.9235178893432021
932 : -0.340531014604494
933 : -1.1414494556374848
934 : -3.3657192857936025
935 : 7.237188145518303
936 : -2.1743278466165066
937 : -2.4777472359128296
938 : -1.6328661488369107
939 : -4.483191900886595
940 : -0.9938540495932102
941 : 1.1935785515233874
942 : -0.9121136115863919
943 : 2.3624001289717853
944 : -1.729358671233058
945 : -0.8659977167844772
946 : -1.8310662768781185
947 : -0.886685156263411
948 : -1.1441037666518241
949 : -1.2801043968647718
950 : -1.155607690103352
951 : -0.3909788578748703
952 : 2.971531644463539
953 : 0.7307045517954975
954 : -0.9586674973834306
955 : -1.6457543978467584
956 : -14.830813497304916
957 : 0.32354558631777763
958 : 22.60606351029128
959 : -2.9002354682888836
960 : -5.239746916107833
961 : -1.1098743402399123
962 : 3.369029282592237
963 : -4.395879130810499
964 : 1.0213436344638467
965 : -1.7810112461447716
966 : -2.563210155814886
967 : 2.5292305052280426
968 : -2.3590125339105725
969 : -1.5323712304234505
970 : -2.354478876804933
971 : -5.227880317252129
972 : 0.12688405171502382
973 : -0.7756772357970476
974 : 18.061603491194546
975 : -1.7081166841089725
976 : -1.33370810886845
977 : 2.5577643453143537
978 : -2.5371777452528477
979 : -0.7856855560094118
980 : -1.1475673411041498
981 : 1.9260200029239058
982 : -0.5562312919646502
983 : 11.819034479558468
984 : 2.7284154733642936
985 : -1.263302655890584
986 : 0.14245468378067017
987 : 0.8666282966732979
988 : -1.2483954846393317
989 : -1.120292890816927
990 : -0.9335669940337539
991 : 1.9365481343120337
992 : -1.6552174985408783
993 : -0.9220254700630903
994 : -0.7956297511700541
995 : -0.8535951934754848
996 : -1.265854548662901
997 : -1.515620542690158
998 : -1.5034841485321522
999 : -1.4262887611985207
Setting up 6 worker threads for Enlighten.
  Thread -> id: 7f7a02996700 -> priority: 1 
  Thread -> id: 7f7a02195700 -> priority: 1 
  Thread -> id: 7f7a01994700 -> priority: 1 
  Thread -> id: 7f7a01193700 -> priority: 1 
  Thread -> id: 7f7a00992700 -> priority: 1 
  Thread -> id: 7f798ffff700 -> priority: 1 
2020-06-24 04:06:42 INFO [environment.py:418] Environment shut down with return code 0.
[I 2020-06-24 04:06:43,114] Finished trial#167 with value: -1.4262887611985207 with parameters: {'update_time_steps': 7168, 'ppo_epochs': 12, 'gamma': 0.9701732241137704, 'beta': 0.05818811487427114}. Best is trial#148 with value: -6.7115356754511595.
Found path: /home/j/jensenj/PycharmProjects/Federer-Jr./src/../crawler_single/linux/dynamic_server/crawler_dynamic.x86_64
Mono path[0] = '/home/j/jensenj/PycharmProjects/Federer-Jr./src/../crawler_single/linux/dynamic_server/crawler_dynamic_Data/Managed'
Mono config path = '/home/j/jensenj/PycharmProjects/Federer-Jr./src/../crawler_single/linux/dynamic_server/crawler_dynamic_Data/MonoBleedingEdge/etc'
Preloaded 'lib_burst_generated.so'
Preloaded 'libgrpc_csharp_ext.x64.so'
Initialize engine version: 2019.3.15f1 (59ff3e03856d)
[Subsystems] Discovering subsystems at path /home/j/jensenj/PycharmProjects/Federer-Jr./src/../crawler_single/linux/dynamic_server/crawler_dynamic_Data/UnitySubsystems
Forcing GfxDevice: Null
GfxDevice: creating device client; threaded=0
NullGfxDevice:
    Version:  NULL 1.0 [1.0]
    Renderer: Null Device
    Vendor:   Unity Technologies
Begin MonoManager ReloadAssembly
- Completed reload, in  0.122 seconds
WARNING: Shader Unsupported: 'Autodesk Interactive' - All passes removed
WARNING: Shader Did you use #pragma only_renderers and omit this platform?
UnloadTime: 0.335090 ms
Fallback handler could not load library /home/j/jensenj/PycharmProjects/Federer-Jr./src/../crawler_single/linux/dynamic_server/crawler_dynamic_Data/Mono/libcoreclr.so
Fallback handler could not load library /home/j/jensenj/PycharmProjects/Federer-Jr./src/../crawler_single/linux/dynamic_server/crawler_dynamic_Data/Mono/libcoreclr.so
Fallback handler could not load library /home/j/jensenj/PycharmProjects/Federer-Jr./src/../crawler_single/linux/dynamic_server/crawler_dynamic_Data/Mono/libcoreclr.so
Fallback handler could not load library /home/j/jensenj/PycharmProjects/Federer-Jr./src/../crawler_single/linux/dynamic_server/crawler_dynamic_Data/Mono/libSystem.dylib
Fallback handler could not load library /home/j/jensenj/PycharmProjects/Federer-Jr./src/../crawler_single/linux/dynamic_server/crawler_dynamic_Data/Mono/libSystem.dylib.so
Fallback handler could not load library /home/j/jensenj/PycharmProjects/Federer-Jr./src/../crawler_single/linux/dynamic_server/crawler_dynamic_Data/Mono/libSystem.dylib
Fallback handler could not load library /home/j/jensenj/PycharmProjects/Federer-Jr./src/../crawler_single/linux/dynamic_server/crawler_dynamic_Data/Mono/libcoreclr.so
Fallback handler could not load library /home/j/jensenj/PycharmProjects/Federer-Jr./src/../crawler_single/linux/dynamic_server/crawler_dynamic_Data/Mono/libcoreclr.so
Fallback handler could not load library /home/j/jensenj/PycharmProjects/Federer-Jr./src/../crawler_single/linux/dynamic_server/crawler_dynamic_Data/Mono/libcoreclr.so
Fallback handler could not load library /home/j/jensenj/PycharmProjects/Federer-Jr./src/../crawler_single/linux/dynamic_server/crawler_dynamic_Data/Mono/libSystem.dylib
Fallback handler could not load library /home/j/jensenj/PycharmProjects/Federer-Jr./src/../crawler_single/linux/dynamic_server/crawler_dynamic_Data/Mono/libSystem.dylib.so
Fallback handler could not load library /home/j/jensenj/PycharmProjects/Federer-Jr./src/../crawler_single/linux/dynamic_server/crawler_dynamic_Data/Mono/libSystem.dylib
2020-06-24 04:06:43 INFO [environment.py:108] Connected to Unity environment with package version 1.0.2 and communication version 1.0.0
2020-06-24 04:06:44 INFO [environment.py:265] Connected new brain:
CrawlerDynamic?team=0
2020-06-24 04:06:44 WARNING [__init__.py:92] The environment contains multiple observations. You must define allow_multiple_obs=True to receive them all. Otherwise, only the first visual observation (or vector observation ifthere are no visual observations) will be provided in the observation.
{'nr_output_features': 20, 'nr_input_features': 126, 'env': <gym_unity.envs.UnityToGymWrapper object at 0x7f149dda0438>, 'alpha': 0.003, 'tau': 0.95, 'clip': 0.2, 'minibatch_size': 32, 'hidden_units': 512, 'update_time_steps': 9216, 'ppo_epochs': 16, 'gamma': 0.9755804762812527, 'beta': 0.040083167014056446}
0 : -9.412393167614937
1 : -0.8817835821537301
2 : -0.7051172330975533
3 : -0.5069560492411256
4 : -4.615517958300188
5 : 3.0808284133672714
6 : -21.093074776232243
7 : 3.7181546804495156
8 : -0.008325109258294106
9 : -2.2829437786713243
10 : -1.2573578436858952
11 : -1.454199134837836
12 : -1.1194682400673628
13 : 0.5870927985524759
14 : 0.41883524879813194
15 : -1.1068752080900595
16 : -11.668492461554706
17 : -1.546214597299695
18 : -2.8314435919746757
19 : 1.001316782552749
20 : -4.166050519794226
21 : -0.6764961640583351
22 : 3.8384445782285184
23 : -2.09782745083794
24 : -2.0507532600313425
25 : -1.672226507915184
26 : 0.6084342524409294
27 : -1.3249027822166681
28 : 0.03802616894245148
29 : -0.12244952050969005
30 : -0.6341455383226275
31 : 1.2683821422979236
32 : 0.0365730719640851
33 : -1.5997254636604339
34 : 8.561783926561475
35 : -0.9368738434277475
36 : -2.4871793938800693
37 : -1.998942798934877
38 : 1.7988476105965674
39 : -1.3356178924441338
40 : -0.9153238064609468
41 : -0.888273673132062
42 : 3.9401686093769968
43 : -1.9839612431824207
44 : -5.945754706859589
45 : -0.9826231454499066
46 : -1.6369937770068645
47 : -1.0368788726627827
48 : -1.3575370945036411
49 : -4.888268717564642
50 : -4.171232271939516
51 : -3.0569290542043746
52 : -1.140187805518508
53 : 4.267443381715566
54 : 3.0007420293986797
55 : -1.2816628739237785
56 : -6.8767515807412565
57 : 1.2013013763353229
58 : -0.9456611475907266
59 : -1.147491779178381
60 : -1.114229223690927
61 : -1.1610260661691427
62 : -1.5610415562987328
63 : -1.2948608067817986
64 : -1.692075359635055
65 : -1.5402480605989695
66 : -0.9484709505923092
67 : -1.0995068133343011
68 : -2.1281487196683884
69 : -1.1288843979127705
70 : -1.0959705617278814
71 : -0.7792589534074068
72 : -8.77549712639302
73 : -2.5154565181583166
74 : -0.44462837371975183
75 : -2.3021078994497657
76 : -1.8952910359948874
77 : -2.305619614198804
78 : -1.412573839072138
79 : -3.7908443911001086
80 : 1.6708992342464626
81 : -1.122380473650992
82 : -0.9677314860746264
83 : -3.5010607540607452
84 : -1.4554961235262454
85 : -0.38211341947317123
86 : -1.4122840613126755
87 : -1.0567444493062794
88 : -1.2041686673182994
89 : -3.1300360173918307
90 : -1.958415755070746
91 : 2.243817534763366
92 : -1.316482862457633
93 : -7.505571503192186
94 : -0.8375839120708406
95 : -1.537484884262085
96 : -0.7444849857129157
97 : -1.5800130609422922
98 : -1.204873729031533
99 : -0.7269268534146249
100 : -19.772042538039386
101 : -1.1832318124361336
102 : -8.869831616990268
103 : 5.515783051028848
104 : 1.3722783150151372
105 : -4.276209811214358
106 : -5.217698979191482
107 : -1.6172876134514809
108 : -0.6094259680248797
109 : 0.24585313023999333
110 : -10.73873896151781
111 : 0.17704476439394057
112 : -1.9387054386315867
113 : 0.6714235004037619
114 : 1.0619879001751542
115 : -2.1890296395868063
116 : 2.0238275416195393
117 : -3.077446201816201
118 : -2.9037812557071447
119 : -1.561575934290886
120 : -1.4614466316998005
121 : 1.0029288297519088
122 : -7.095582522451878
123 : -1.8265619091689587
124 : -1.5189152215607464
125 : -4.467233452014625
126 : -1.258552510291338
127 : -2.225607545580715
128 : -1.1743389810435474
129 : 0.5497853199485689
130 : -4.534968073479831
131 : -1.6181001290678978
132 : -2.493369482457638
133 : -1.6030391789972782
134 : -1.795546904206276
135 : -2.043572761118412
136 : 0.753474521683529
137 : -1.948951881378889
138 : 3.9268356091342866
139 : 0.6179977878928185
140 : -1.1493783798068762
141 : -1.0026737693697214
142 : -1.5091688567772508
143 : -0.6692718015983701
144 : -5.726064351852983
145 : -1.6804784536361694
146 : -1.2996867038309574
147 : -1.5257024392485619
148 : -1.4526400938630104
149 : 1.5066376808099449
150 : 9.584341400768608
151 : 0.6174937859177589
152 : -1.6096074916422367
153 : -3.302695302059874
154 : -1.7221195017918944
155 : 0.20608563581481576
156 : -2.0884970854967833
157 : -4.659752897918224
158 : -0.7875155294314027
159 : -3.8693164018914104
160 : -0.07998095685616136
161 : -1.5212382636964321
162 : -2.0338397577870637
163 : -1.1253694631159306
164 : -6.477716754190624
165 : -2.498844651505351
166 : -3.060861485544592
167 : -1.5859028324484825
168 : 0.7313453764654696
169 : 0.2227148860692978
170 : -1.042918738676235
171 : -1.3057878259569407
172 : -2.0557270292192698
173 : -0.25007819244638085
174 : -0.6358813669066876
175 : -0.1084002386778593
176 : -7.606306436937302
177 : 4.014469416812062
178 : -1.461397673934698
179 : -1.0371290873736143
180 : -1.6374147506430745
181 : 2.2732604071497917
182 : -4.62785865040496
183 : 0.6098178073298186
184 : -1.5427505765110254
185 : -0.563355814665556
186 : -1.3011703345109709
187 : -5.065072301775217
188 : 0.8106413707137108
189 : -6.530635831877589
190 : -1.3656020928174257
191 : -3.9735358767211437
192 : -1.6880350979045033
193 : -0.8219432751648128
194 : -1.1921158258337528
195 : -1.3852805607020855
196 : 1.3077742755413055
197 : -1.3816536492668092
198 : 1.0952766272239387
199 : -1.4537753919139504
200 : -0.9557111687026918
201 : -1.3282173881307244
202 : -0.9845701735466719
203 : -1.9548276867717505
204 : -1.203211136162281
205 : -1.3112842431291938
206 : -5.242211975157261
207 : -2.2883644737303257
208 : -4.101259259972721
209 : 0.9387308158911765
210 : -0.2733194101601839
211 : -0.1851040825713426
212 : -0.3091395157389343
213 : -1.2845740322954953
214 : 2.4692615480162203
215 : -3.6873557730577886
216 : 2.5446389839053154
217 : -1.337364063714631
218 : -0.9137401282787323
219 : -1.1423404701054096
220 : 0.4068604714702815
221 : -6.122751479735598
222 : -1.4986342736519873
223 : -3.0818654596805573
224 : -1.7609332357533276
225 : -1.1810096427798271
226 : -0.9562749774195254
227 : -2.340698655694723
228 : 1.2180983778089285
229 : 4.868219930445775
230 : -1.5589344277977943
231 : -1.212856255006045
232 : -2.5756791718304157
233 : -4.338398111984134
234 : 0.2803051620721817
235 : -2.508573449216783
236 : -2.0082410499453545
237 : 7.637539419345558
238 : -5.162169048096985
239 : 1.1072313417680562
240 : -3.9178988402709365
241 : -1.0485000414773822
[W 2020-06-24 04:13:44,875] Setting status of trial#179 as TrialState.FAIL because of the following error: ValueError('array split does not result in an equal division',)
Traceback (most recent call last):
  File "/home/j/jensenj/.local/lib/python3.6/site-packages/numpy/lib/shape_base.py", line 867, in split
    len(indices_or_sections)
TypeError: object of type 'int' has no len()

During handling of the above exception, another exception occurred:

Traceback (most recent call last):
  File "/home/j/jensenj/.local/lib/python3.6/site-packages/optuna/study.py", line 734, in _run_trial
    result = func(trial)
  File "main-optuna.py", line 88, in objective
    returns = [episode(env, agent, params, writer, i) for i in range(training_episodes)]
  File "main-optuna.py", line 88, in <listcomp>
    returns = [episode(env, agent, params, writer, i) for i in range(training_episodes)]
  File "main-optuna.py", line 40, in episode
    agent.update(next_state)
  File "/home/j/jensenj/PycharmProjects/Federer-Jr./src/ppo.py", line 140, in update
    for states, actions, old_log_probs, returns, advantages in self.memory.sample_batch(self.minibatch_size, next_value):
  File "/home/j/jensenj/PycharmProjects/Federer-Jr./src/ppo.py", line 44, in sample_batch
    ids = np.split(ids, batch_size // minibatch_size)
  File "<__array_function__ internals>", line 6, in split
  File "/home/j/jensenj/.local/lib/python3.6/site-packages/numpy/lib/shape_base.py", line 873, in split
    'array split does not result in an equal division')
ValueError: array split does not result in an equal division
Traceback (most recent call last):
  File "/home/j/jensenj/.local/lib/python3.6/site-packages/numpy/lib/shape_base.py", line 867, in split
    len(indices_or_sections)
TypeError: object of type 'int' has no len()

During handling of the above exception, another exception occurred:

Traceback (most recent call last):
  File "main-optuna.py", line 103, in <module>
    study.optimize(objective, n_trials=1000)
  File "/home/j/jensenj/.local/lib/python3.6/site-packages/optuna/study.py", line 339, in optimize
    func, n_trials, timeout, catch, callbacks, gc_after_trial, None
  File "/home/j/jensenj/.local/lib/python3.6/site-packages/optuna/study.py", line 682, in _optimize_sequential
    self._run_trial_and_callbacks(func, catch, callbacks, gc_after_trial)
  File "/home/j/jensenj/.local/lib/python3.6/site-packages/optuna/study.py", line 713, in _run_trial_and_callbacks
    trial = self._run_trial(func, catch, gc_after_trial)
  File "/home/j/jensenj/.local/lib/python3.6/site-packages/optuna/study.py", line 734, in _run_trial
    result = func(trial)
  File "main-optuna.py", line 88, in objective
    returns = [episode(env, agent, params, writer, i) for i in range(training_episodes)]
  File "main-optuna.py", line 88, in <listcomp>
    returns = [episode(env, agent, params, writer, i) for i in range(training_episodes)]
  File "main-optuna.py", line 40, in episode
    agent.update(next_state)
  File "/home/j/jensenj/PycharmProjects/Federer-Jr./src/ppo.py", line 140, in update
    for states, actions, old_log_probs, returns, advantages in self.memory.sample_batch(self.minibatch_size, next_value):
  File "/home/j/jensenj/PycharmProjects/Federer-Jr./src/ppo.py", line 44, in sample_batch
    ids = np.split(ids, batch_size // minibatch_size)
  File "<__array_function__ internals>", line 6, in split
  File "/home/j/jensenj/.local/lib/python3.6/site-packages/numpy/lib/shape_base.py", line 873, in split
    'array split does not result in an equal division')
ValueError: array split does not result in an equal division
Setting up 6 worker threads for Enlighten.
  Thread -> id: 7f2fe3fff700 -> priority: 1 
  Thread -> id: 7f2fe37fe700 -> priority: 1 
  Thread -> id: 7f2fe2ffd700 -> priority: 1 
  Thread -> id: 7f2fe27fc700 -> priority: 1 
  Thread -> id: 7f2fe1ffb700 -> priority: 1 
  Thread -> id: 7f2fe17fa700 -> priority: 1 
2020-06-24 04:13:45 INFO [environment.py:418] Environment shut down with return code 0.
