slurmstepd-ilm: error: Unable to create TMPDIR [/tmp/user/30108]: Permission denied
slurmstepd-ilm: error: Setting TMPDIR to /tmp
Found path: /home/j/jensenj/PycharmProjects/Federer-Jr./src/../crawler_single/linux/dynamic_server/crawler_dynamic.x86_64
Mono path[0] = '/home/j/jensenj/PycharmProjects/Federer-Jr./src/../crawler_single/linux/dynamic_server/crawler_dynamic_Data/Managed'
Mono config path = '/home/j/jensenj/PycharmProjects/Federer-Jr./src/../crawler_single/linux/dynamic_server/crawler_dynamic_Data/MonoBleedingEdge/etc'
Preloaded 'lib_burst_generated.so'
Preloaded 'libgrpc_csharp_ext.x64.so'
Initialize engine version: 2019.3.15f1 (59ff3e03856d)
[Subsystems] Discovering subsystems at path /home/j/jensenj/PycharmProjects/Federer-Jr./src/../crawler_single/linux/dynamic_server/crawler_dynamic_Data/UnitySubsystems
Forcing GfxDevice: Null
GfxDevice: creating device client; threaded=0
NullGfxDevice:
    Version:  NULL 1.0 [1.0]
    Renderer: Null Device
    Vendor:   Unity Technologies
Begin MonoManager ReloadAssembly
- Completed reload, in  0.098 seconds
WARNING: Shader Unsupported: 'Autodesk Interactive' - All passes removed
WARNING: Shader Did you use #pragma only_renderers and omit this platform?
UnloadTime: 0.435193 ms
Fallback handler could not load library /home/j/jensenj/PycharmProjects/Federer-Jr./src/../crawler_single/linux/dynamic_server/crawler_dynamic_Data/Mono/libcoreclr.so
Fallback handler could not load library /home/j/jensenj/PycharmProjects/Federer-Jr./src/../crawler_single/linux/dynamic_server/crawler_dynamic_Data/Mono/libcoreclr.so
Fallback handler could not load library /home/j/jensenj/PycharmProjects/Federer-Jr./src/../crawler_single/linux/dynamic_server/crawler_dynamic_Data/Mono/libcoreclr.so
Fallback handler could not load library /home/j/jensenj/PycharmProjects/Federer-Jr./src/../crawler_single/linux/dynamic_server/crawler_dynamic_Data/Mono/libSystem.dylib
Fallback handler could not load library /home/j/jensenj/PycharmProjects/Federer-Jr./src/../crawler_single/linux/dynamic_server/crawler_dynamic_Data/Mono/libSystem.dylib.so
Fallback handler could not load library /home/j/jensenj/PycharmProjects/Federer-Jr./src/../crawler_single/linux/dynamic_server/crawler_dynamic_Data/Mono/libSystem.dylib
Fallback handler could not load library /home/j/jensenj/PycharmProjects/Federer-Jr./src/../crawler_single/linux/dynamic_server/crawler_dynamic_Data/Mono/libcoreclr.so
Fallback handler could not load library /home/j/jensenj/PycharmProjects/Federer-Jr./src/../crawler_single/linux/dynamic_server/crawler_dynamic_Data/Mono/libcoreclr.so
Fallback handler could not load library /home/j/jensenj/PycharmProjects/Federer-Jr./src/../crawler_single/linux/dynamic_server/crawler_dynamic_Data/Mono/libcoreclr.so
Fallback handler could not load library /home/j/jensenj/PycharmProjects/Federer-Jr./src/../crawler_single/linux/dynamic_server/crawler_dynamic_Data/Mono/libSystem.dylib
Fallback handler could not load library /home/j/jensenj/PycharmProjects/Federer-Jr./src/../crawler_single/linux/dynamic_server/crawler_dynamic_Data/Mono/libSystem.dylib.so
Fallback handler could not load library /home/j/jensenj/PycharmProjects/Federer-Jr./src/../crawler_single/linux/dynamic_server/crawler_dynamic_Data/Mono/libSystem.dylib
/home/j/jensenj/.local/lib/python3.6/site-packages/tensorboard/compat/tensorflow_stub/dtypes.py:541: FutureWarning: Passing (type, 1) or '1type' as a synonym of type is deprecated; in a future version of numpy, it will be understood as (type, (1,)) / '(1,)type'.
  _np_qint8 = np.dtype([("qint8", np.int8, 1)])
/home/j/jensenj/.local/lib/python3.6/site-packages/tensorboard/compat/tensorflow_stub/dtypes.py:542: FutureWarning: Passing (type, 1) or '1type' as a synonym of type is deprecated; in a future version of numpy, it will be understood as (type, (1,)) / '(1,)type'.
  _np_quint8 = np.dtype([("quint8", np.uint8, 1)])
/home/j/jensenj/.local/lib/python3.6/site-packages/tensorboard/compat/tensorflow_stub/dtypes.py:543: FutureWarning: Passing (type, 1) or '1type' as a synonym of type is deprecated; in a future version of numpy, it will be understood as (type, (1,)) / '(1,)type'.
  _np_qint16 = np.dtype([("qint16", np.int16, 1)])
/home/j/jensenj/.local/lib/python3.6/site-packages/tensorboard/compat/tensorflow_stub/dtypes.py:544: FutureWarning: Passing (type, 1) or '1type' as a synonym of type is deprecated; in a future version of numpy, it will be understood as (type, (1,)) / '(1,)type'.
  _np_quint16 = np.dtype([("quint16", np.uint16, 1)])
/home/j/jensenj/.local/lib/python3.6/site-packages/tensorboard/compat/tensorflow_stub/dtypes.py:545: FutureWarning: Passing (type, 1) or '1type' as a synonym of type is deprecated; in a future version of numpy, it will be understood as (type, (1,)) / '(1,)type'.
  _np_qint32 = np.dtype([("qint32", np.int32, 1)])
/home/j/jensenj/.local/lib/python3.6/site-packages/tensorboard/compat/tensorflow_stub/dtypes.py:550: FutureWarning: Passing (type, 1) or '1type' as a synonym of type is deprecated; in a future version of numpy, it will be understood as (type, (1,)) / '(1,)type'.
  np_resource = np.dtype([("resource", np.ubyte, 1)])
2020-06-24 03:42:32 INFO [environment.py:108] Connected to Unity environment with package version 1.0.2 and communication version 1.0.0
2020-06-24 03:42:32 INFO [environment.py:265] Connected new brain:
CrawlerDynamic?team=0
2020-06-24 03:42:32 WARNING [__init__.py:92] The environment contains multiple observations. You must define allow_multiple_obs=True to receive them all. Otherwise, only the first visual observation (or vector observation ifthere are no visual observations) will be provided in the observation.
/home/j/jensenj/.local/lib/python3.6/site-packages/gym/logger.py:30: UserWarning: WARN: Box bound precision lowered by casting to float32
  warnings.warn(colorize('%s: %s'%('WARN', msg % args), 'yellow'))
{'nr_output_features': 20, 'nr_input_features': 126, 'env': <gym_unity.envs.UnityToGymWrapper object at 0x7f085ea01ef0>, 'alpha': 0.003, 'tau': 0.95, 'clip': 0.2, 'minibatch_size': 32, 'hidden_units': 512, 'update_time_steps': 7168, 'ppo_epochs': 10, 'gamma': 0.9638385487520936, 'beta': 0.09818186071518416}
0 : -6.8312647981802
1 : -1.2412357218563557
2 : -0.6505880849435925
3 : -1.1957589387893677
4 : -0.5770069062709808
5 : 1.692229149863124
6 : -0.984309658408165
7 : -0.5744109265506268
8 : -0.8876596412155777
9 : -0.6843734371941537
10 : 0.41995614278130233
11 : -1.2813082905486226
12 : 2.2535229474306107
13 : -1.8145220642909408
14 : -7.040496624540538
15 : -0.9973680665716529
16 : -0.955209577921778
17 : -2.5676318085752428
18 : -1.0860770461149514
19 : -0.28455692692659795
20 : -1.1518286587670445
21 : -1.4209772809408605
22 : -2.736227572429925
23 : 9.738460224820301
24 : -2.2596442215144634
25 : -1.8601526450365782
26 : -1.4892835794016719
27 : -0.6499206870794296
28 : -2.938151373527944
29 : 4.19532372104004
30 : -2.6203349316492677
31 : -1.7170545347034931
32 : -1.4323108457028866
33 : -2.725090370629914
34 : -0.42000556644052267
35 : 2.5050992113538086
36 : 0.8760806517675519
37 : -0.7868794910609722
38 : -4.048674481920898
39 : 2.0450854301452637
40 : -0.7286198111250997
41 : -1.2048892313614488
42 : -0.7834403491578996
43 : -4.895442039705813
44 : -1.4668059553951025
45 : -1.9122345445211977
46 : -0.9270246233791113
47 : -3.7714207959361374
48 : -1.1951526005286723
49 : -5.369074057089165
50 : -1.7779477802105248
51 : 0.5229946253821254
52 : 0.513547190465033
53 : -1.1557095828466117
54 : -4.55056984629482
55 : -1.275457659503445
56 : -5.565059857442975
57 : 0.6622872361913323
58 : -1.5511763170361519
59 : -3.1938048421870917
60 : -0.0868667233735323
61 : -7.634007633663714
62 : -1.82948390673846
63 : -1.3679364221170545
64 : -0.0020372439175844193
65 : -3.4912488164845854
66 : -2.1979889050126076
67 : 11.847835941240191
68 : 3.5994407220277935
69 : -0.7589018670842052
70 : -0.3847361747175455
71 : -1.812081071548164
72 : 2.4122068639844656
73 : 3.554751418530941
74 : -0.9651128831319511
75 : -1.4977072504116222
76 : 8.325121201574802
77 : 7.844318545190617
78 : -2.1771262807305902
79 : -0.49840337643399835
80 : -1.1888816552236676
81 : -1.0769216679036617
82 : -12.788521893322468
83 : -2.2512921998277307
84 : 4.109799186233431
85 : -1.1060317484661937
86 : -2.7288322490639985
87 : 3.3232198245823383
88 : -0.8245863565243781
89 : -0.8584859846159816
90 : -1.1146769090555608
91 : -1.6754635996185243
92 : -2.327886658720672
93 : -1.9975799648091197
94 : 0.5707818842492998
95 : -1.1400475851260126
96 : -1.630030581727624
97 : 0.03546382486820221
98 : -1.0577555503696203
99 : -1.1385369896888733
100 : -1.4103315267711878
101 : -1.2523895790800452
102 : -0.7565225549042225
103 : -10.251197376521304
104 : -2.5425661355257034
105 : -0.9672884526662529
106 : -1.5766697658691555
107 : -1.3306491188704967
108 : -2.168269491288811
109 : -2.1557063506916165
110 : 0.9792847326025367
111 : -1.558681835886091
112 : -0.2193106384947896
113 : -0.48467691894620657
114 : -1.3977323253639042
115 : -0.9245026083663106
116 : -1.561995979398489
117 : -1.6424168637022376
118 : -2.8636788376607
119 : 0.9703637221828103
120 : -0.9698476837947965
121 : -4.025526272132993
122 : -6.105140156112611
123 : -1.6781454263255
124 : -0.6255226209759712
125 : -2.361894693225622
126 : -6.445642986800522
127 : -2.00615646969527
128 : -2.126632926054299
129 : 19.165837677195668
130 : -12.084200768265873
131 : -4.8107737908139825
132 : 1.4460286665707827
133 : -0.835246809758246
134 : -7.328572114463896
135 : -0.6954618319869041
136 : -2.2658684961497784
137 : -1.2243568627163768
138 : -11.446021263021976
139 : -1.3087984956800938
140 : -5.58929855003953
141 : -3.0202423483133316
142 : -1.488294149748981
143 : 2.738078625872731
144 : -2.5503647662699223
145 : -0.2849479769356549
146 : -2.519447189755738
147 : -18.283685990376398
148 : -1.9252570904791355
149 : 1.5317021794617176
150 : -5.913555464707315
151 : -3.235818464308977
152 : 0.20454805810004473
153 : -0.8461686782538891
154 : 0.7739250482991338
155 : -2.0601140689104795
156 : -1.3202666668221354
157 : -2.019965442828834
158 : -7.131910240277648
159 : -1.382997740758583
160 : -3.168304197024554
161 : 2.6297026383690536
162 : -1.142742580268532
163 : -6.7865589880384505
164 : -8.390432544518262
165 : -1.4635818782262504
166 : 6.701740704476833
167 : -1.501744356006384
168 : -5.999904315918684
169 : -1.4768666990566999
170 : -1.2532812096178532
171 : -1.7049353290349245
172 : -1.4706690767779946
173 : -1.2723090518265963
174 : -3.1513386480510235
175 : -0.885669682174921
176 : 0.05311943404376507
177 : -2.4633660949766636
178 : -6.24897700175643
179 : -7.006647667847574
180 : -3.891370219644159
181 : -1.3612010590732098
182 : -0.21988054900430143
183 : -0.8837490156292915
184 : -1.7117622734513134
185 : -1.4276683535426855
186 : -1.1475462021771818
187 : -1.8801487172022462
188 : 0.6627834476530552
189 : -1.5292507847771049
190 : -1.1428303131833673
191 : -1.518051597289741
192 : 0.5927414814941585
193 : -1.3660851027816534
194 : -1.7324296534061432
195 : -3.041267197113484
196 : -1.175838518422097
197 : -3.2304103574715555
198 : -2.5915275048464537
199 : 0.9986959183588624
200 : -13.56125894933939
201 : -1.1317006647586823
202 : -0.66553442645818
203 : -0.9193151229992509
204 : -1.525218821130693
205 : -0.7121537737548351
206 : -1.1422380926087499
207 : -0.4702133131213486
208 : -0.7819649814628065
209 : -1.1957377991639078
210 : -0.48400894552469254
211 : 1.6651227995753288
212 : -0.9966001054272056
213 : -0.990649027749896
214 : 4.044033357815351
215 : -1.6012362164910883
216 : 2.370626198127866
217 : -1.4935938846319914
218 : 1.707678709179163
219 : 0.8966598454862833
220 : -1.3854752506595105
221 : -5.029840804636478
222 : -1.1371031641028821
223 : -1.0919078476727009
224 : -1.249773493502289
225 : -1.08813141239807
226 : -0.7310079701710492
227 : -1.5184567905962467
228 : -5.320494839455932
229 : -1.475174717605114
230 : -1.6228350419551134
231 : -3.027450643479824
232 : -1.6202173186466098
233 : 3.8701425595209002
234 : -0.8831621301360428
235 : -2.052262423094362
236 : -5.626687218435109
237 : -1.133186774328351
238 : -2.9269325989298522
239 : -2.2868673875927925
240 : -2.5941959330812097
241 : -1.1802759112324566
242 : -1.1011649863794446
243 : 1.1775348267983645
244 : -1.6536160064861178
245 : 1.2835820750333369
246 : -2.0535535160452127
247 : -2.966290704905987
248 : -1.712651289999485
249 : -0.8852349696680903
250 : -1.5098693892359734
251 : 0.16046085208654404
252 : -1.891658715903759
253 : -2.9351467825472355
254 : -1.497091293334961
255 : -1.7077346704900265
256 : -4.894812628626823
257 : -5.339537765830755
258 : -1.1409558169543743
259 : -9.332980179227889
260 : -1.646012589102611
261 : -0.8230663198046386
262 : 1.3386337193660438
263 : -0.5387546261772513
264 : -0.45999014750123024
265 : -3.854921108111739
266 : 4.932180491741747
267 : -1.8748376034200191
268 : -0.8032216210849583
269 : -1.9065597020089626
270 : -0.9309831140562892
271 : 0.3735304399742745
272 : -1.7938714735209942
273 : 1.3553363799583167
274 : -1.112588015384972
275 : -0.8282870091497898
276 : 6.521415007300675
277 : -2.38951076567173
278 : -2.2849260019138455
279 : 0.22655124636366963
280 : -0.990375701803714
281 : 0.9116470739245415
282 : -0.49841058999300003
283 : -1.4648685501888394
284 : -1.6994923939928412
285 : 20.28520217910409
286 : -4.521454453468323
287 : -2.015629652887583
288 : -0.4818729795515537
289 : -10.927740098908544
290 : -1.4974034111946821
291 : -1.1098175476072356
292 : -5.4175492422655225
293 : -3.0155849074944854
294 : -1.0926753017120063
295 : -9.351181245408952
296 : -1.9016181211918592
297 : -0.8740787422284484
298 : -0.9860773358959705
299 : -2.196302093565464
300 : -2.9344991887919605
301 : -0.9734290349297225
302 : -1.0111734047532082
303 : -1.2194082122296095
304 : -1.6927214711904526
305 : -6.459906720556319
306 : -8.712029244285077
307 : 2.6321390131488442
308 : -2.1792947365902364
309 : -2.502702133730054
310 : -2.304321963340044
311 : -1.1509132462088019
312 : -1.1134210545569658
313 : -2.159293301869184
314 : -12.562829504255205
315 : -3.703634511679411
316 : -3.617283155210316
317 : -15.446134055033326
318 : -1.7318640183657408
319 : 0.17162240110337734
320 : 5.553041538223624
321 : -1.326706113293767
322 : -0.13873550482094288
323 : 0.5646610744297504
324 : -2.51988582033664
325 : -1.3771785190328956
326 : -16.95528856711462
327 : -0.7951498823240399
328 : -1.943980213953182
329 : 1.390238732099533
330 : -3.330579328816384
331 : -0.8174078417941928
332 : 6.225243967957795
333 : -3.8949695294722915
334 : -1.1295730043202639
335 : -1.344865028746426
336 : -2.506666136905551
337 : -1.688503603450954
338 : -12.958113261731341
339 : 0.2691765185445547
340 : -0.8091114815324545
341 : -0.5558663848787546
342 : 2.0799997691065073
343 : -0.21545620681717992
344 : -7.2274343725293875
345 : -7.746981437318027
346 : 0.5358971753157675
347 : -0.9873773307772353
348 : -1.3276574763003737
349 : -1.3083953992463648
350 : -3.0413199216127396
351 : -1.027902850881219
352 : -1.170827766880393
353 : -2.6990162511356175
354 : 0.3400207799859345
355 : -1.101798570714891
356 : 4.594267984852195
357 : -2.554313828703016
358 : 0.537044133991003
359 : 1.5879506976343691
360 : -5.088401813991368
361 : -0.5978545900434256
362 : -3.3192381262779236
363 : -6.772008493542671
364 : 1.1918497756123543
365 : -0.8328698333352804
366 : -5.606379675678909
367 : 4.550669781863689
368 : -1.1988290073350072
369 : -0.8924553794786334
370 : -1.9650376178324223
371 : -1.9395994986407459
372 : -2.296572382096201
373 : -2.248867445625365
374 : -0.23072502901777625
375 : 6.269955503754318
376 : -0.9067631005309522
377 : 1.022758406586945
378 : -2.0210931801702827
379 : -0.8048751717433333
380 : -3.5636136680841446
381 : -6.479087695479393
382 : -1.0880031608976424
383 : -2.188539518043399
384 : 11.662072734208778
385 : -1.2691548950970173
386 : -1.4385392181575298
387 : 2.573983073234558
388 : -0.1430565477348864
389 : -1.8760896287858486
390 : -2.6761740567162633
391 : -1.4491965416818857
392 : -1.2183260805904865
393 : 1.0970997931435704
394 : -2.9958636667579412
395 : -3.5181425251066685
396 : -1.375973001588136
397 : -1.6077214926481247
398 : -2.166000903584063
399 : -1.405216379556805
400 : 0.1051739938557148
401 : -7.592828568071127
402 : -0.9884930376429111
403 : -2.911850141827017
404 : -2.6623779851943254
405 : -1.165177522227168
406 : -1.1108833670150489
407 : 1.7642114516347647
408 : -1.1130272978916764
409 : -1.9996007774025202
410 : -0.997716311365366
411 : 0.07363035390153527
412 : 2.54161458555609
413 : -2.059068019967526
414 : -1.6345299924723804
415 : -1.6297698765993118
416 : -9.041095368098468
417 : -1.3754925157409161
418 : 1.28154768794775
419 : 0.8282238459214568
420 : -1.264951981138438
421 : -0.9568596417084336
422 : -0.5316225080750883
423 : -1.2095918916165829
424 : -1.9028441403061152
425 : -1.6327899293974042
426 : -7.828412303701043
427 : -2.2434432711452246
428 : -0.8701583673246205
429 : 1.1379326321184635
430 : 2.174350444227457
431 : -1.2037232876755297
432 : -1.4576068110764027
433 : -0.7459484338760376
434 : -0.1857737033860758
435 : -0.7860180116258562
436 : -0.8125811032950878
437 : -1.5084728598594666
438 : 6.724367213435471
439 : 3.832968804985285
440 : -3.477223460096866
441 : -0.5713642276823521
442 : 0.24854341289028525
443 : 11.17811033129692
444 : -1.4593778997659683
445 : -1.2932693250477314
446 : -1.2244990216568112
447 : -0.5082979733124375
448 : -0.8318788930773735
449 : -1.8521635518409312
450 : -0.6335825403220952
451 : -1.178871645242907
452 : -0.9926645127125084
453 : -0.8388523776084185
454 : -3.143583678640425
455 : -1.3363807564601302
456 : -3.036481353454292
457 : 0.7196415355429053
458 : 1.2721773381344974
459 : -1.4959849868901074
460 : -6.093394803116098
461 : -0.6467114686965942
462 : -1.1486120680347085
463 : -2.4738342405762523
464 : -1.4648255510255694
465 : -2.3055516593158245
466 : -1.7178692743182182
467 : -0.7968286024406552
468 : 2.9244366958737373
469 : -1.6543378699570894
470 : 1.0381542146205902
471 : 0.9532638811506331
472 : -1.925026579760015
473 : -1.0977083900943398
474 : -2.0372389061376452
475 : -3.263280913233757
476 : -4.850300280610099
477 : -1.049992079846561
478 : -6.248924292623997
479 : -1.416160563006997
480 : -1.1817399025894701
481 : -1.9158526174724102
482 : -1.1998998974449933
483 : -1.5476944232359529
484 : -1.1447439044713974
485 : -1.3281443296000361
486 : -2.115760624408722
487 : -9.881573325023055
488 : -0.9548408919945359
489 : -1.5348878651857376
490 : -0.6112304273992777
491 : -1.058473370037973
492 : -0.9518982386216521
493 : -1.7849061097949743
494 : 0.858283743262291
495 : -1.7337263002991676
496 : -0.5310704605653882
497 : -1.565360480104573
498 : -1.0722032263875008
499 : -0.6810215609148145
500 : -1.3222000794485211
501 : -1.9749244190752506
502 : -1.3697214778512716
503 : 0.49703151546418667
504 : -2.7434178958646953
505 : -1.333853729069233
506 : -25.015091598033905
507 : 0.992992514744401
508 : -1.5680099617457017
509 : 4.527785029262304
510 : -3.4872670737095177
511 : -1.084658494219184
512 : -0.868210322689265
513 : -1.3416894390247762
514 : -4.838739364407957
515 : -1.0355937825515866
516 : -0.9281774098053575
517 : 0.5031065819784999
518 : -4.168142186012119
519 : -1.8880704576149583
520 : -1.1300370339304209
521 : 0.013714903965592384
522 : -2.798966881353408
523 : -1.0611777526792139
524 : 13.04677870310843
525 : 4.502729439176619
526 : -1.0793917402625084
527 : -0.7251814864575863
528 : -0.8517829831689596
529 : -1.6284023416228592
530 : -1.3281067747157067
531 : 0.30605595745146275
532 : 7.962830451782793
533 : 3.963600524235517
534 : -0.040154260117560625
535 : -7.753825341816992
536 : 1.2659202376380563
537 : -0.019706301391124725
538 : -0.8415313977748156
539 : -8.020351946121082
540 : -4.502357326447964
541 : -5.48892130330205
542 : -8.693184404168278
543 : 4.366223895922303
544 : -1.442719943355769
545 : -2.1807775711640716
546 : 9.647668421268463
547 : 9.336833074688911
548 : -1.1831221499014646
549 : -5.434037834173068
550 : -1.3680351036600769
551 : -16.73796581570059
552 : -0.7732410291209817
553 : -1.1694764005951583
554 : -4.2068816144019365
555 : -5.667933698743582
556 : -1.1338061327114701
557 : -0.6021591294556856
558 : -0.045632385183125734
559 : -0.18541165627539158
560 : 0.7622267520055175
561 : -4.521994371898472
562 : -3.2308686091564596
563 : 0.6249950653873384
564 : -1.9554359219036996
565 : -3.403571962378919
566 : -10.344712099060416
567 : -2.1344515532255173
568 : -1.3317809104919434
569 : -8.168770316056907
570 : -1.6049489565193653
571 : -0.6151869213208556
572 : -3.857852064073086
573 : 5.252722887322307
574 : -6.294225257472135
575 : -1.696681127883494
576 : -7.32510079536587
577 : 2.7793177128769457
578 : 0.5662257943768054
579 : -2.780044022714719
580 : -0.9976206282153726
581 : 0.39318677806295455
582 : -7.240215310826898
583 : 0.4417458167299628
584 : -1.5821920512244105
585 : -1.4186831107363105
586 : -1.7344772266224027
587 : -1.5498322043567896
588 : -1.480252644047141
589 : 0.5209347177296877
590 : -0.921118619851768
591 : -1.4371526082977653
592 : -5.088823181577027
593 : -6.760249118320644
594 : -1.2328525818884373
595 : -4.44624153804034
596 : -4.892342817503959
597 : -7.945277954917401
598 : -1.5266799703240395
599 : -1.677400005981326
600 : -1.8074099654331803
601 : -1.0928977243602276
602 : -1.2824387410655618
603 : -2.2372258654795587
604 : 0.7467492586001754
605 : -2.0763978213071823
606 : 1.2416001013480127
607 : -1.3774059899151325
608 : -1.5836660051718354
609 : -1.2049460001289845
610 : -0.7868639603257179
611 : -2.089637925848365
612 : -2.5410783742554486
613 : 4.009426282718778
614 : 0.873511535814032
615 : -5.454688862431794
616 : -0.6637060288339853
617 : -1.8124134484678507
618 : -1.264734072610736
619 : -1.3772460101172328
620 : -1.3766723293811083
621 : -1.7111212313175201
622 : -1.6079299971461296
623 : -0.9574561957269907
624 : 6.788023758679628
625 : -1.2499574702233076
626 : -0.6040533385239542
627 : 1.904930283781141
628 : -2.7728102528490126
629 : -3.0110959261655807
630 : -3.4224240854382515
631 : 0.42859331984072924
632 : -5.161687258630991
633 : -3.5817577219568193
634 : -1.317117903381586
635 : -1.9976699817925692
636 : -3.4082301389425993
637 : -1.456636667251587
638 : -2.3380492674186826
639 : -1.5690480237826705
640 : -0.990193780977279
641 : -1.9571575857698917
642 : 8.836588176432997
643 : -0.5062178717926145
644 : -5.363412427948788
645 : -0.4414584585465491
646 : -0.9650352904573083
647 : -1.2442678958177567
648 : -2.136538994964212
649 : -3.2136529963463545
650 : -2.1260195896029472
651 : 8.852223431225866
652 : -1.0594252981245518
653 : 1.2012047064490616
654 : 5.882374145556241
655 : -1.5351553158834577
656 : -3.2241678796708584
657 : -1.081244375091046
658 : -0.9010470751672983
659 : 4.739674102514982
660 : -1.4580227565020323
661 : -2.3485352187417448
662 : 4.631907778326422
663 : -5.334138309583068
664 : -3.7195898024365306
665 : -0.9896748838946223
666 : 12.536833932623267
667 : -2.4749150881543756
668 : -0.8338042059913278
669 : 3.4505034727044404
670 : -8.166811544215307
671 : -2.4458088846877217
672 : -6.700939883012325
673 : -2.3571381950750947
674 : 2.8289040215313435
675 : 9.372110879048705
676 : 0.02169913426041603
677 : -1.1760667911730707
678 : -0.8866724334657192
679 : -3.7617913838475943
680 : -1.0185947557911277
681 : -1.3341425508260727
682 : -0.017886093351989985
683 : -3.1358805913478136
684 : -3.9727536905556917
685 : -0.9678277997300029
686 : 0.6830873872386292
687 : 17.127473565284163
688 : -1.8132757619023323
689 : -10.053794611245394
690 : -1.4726316686719656
691 : -0.5469677168875933
692 : -2.293491160031408
693 : 4.315924669615924
694 : -8.64000265672803
695 : 2.1041533863171935
696 : -2.7290799394249916
697 : -6.317590753547847
698 : -4.683363204821944
699 : 4.360181384137832
700 : 5.031413768418133
701 : -2.1150151155889034
702 : -0.5780662000179291
703 : -0.5540964896790683
704 : -4.687431067228317
705 : -3.3495022915303707
706 : -0.8127230629324913
707 : 0.617650821688585
708 : -1.2354619945399463
709 : 0.24270228762179613
710 : -4.257541724015027
711 : 3.9628825546242297
712 : -1.4115871679969132
713 : -4.930148037150502
714 : -11.630898829549551
715 : -1.3469700627028942
716 : 0.3538522641174495
717 : -3.1701680161058903
718 : -4.941929344087839
719 : -0.8989207921549678
720 : -0.9454679235350341
721 : 0.9890219215303659
722 : -1.8445565458387136
723 : -4.320440695621073
724 : -0.21926571754738688
725 : -3.654361133929342
726 : 4.927807678468525
727 : -1.7137486692517996
728 : -2.91924618370831
729 : -2.403472075238824
730 : -0.6872017267160118
731 : -1.349656343460083
732 : -12.40864244196564
733 : -7.260944681242108
734 : -0.8170369956642389
735 : 1.0583158791996539
736 : 4.230271067935973
737 : -1.1207452770322561
738 : -1.3418331295251846
739 : -1.6903117541223764
740 : 1.5393939812202007
741 : -1.404980790335685
742 : -1.5330691114068031
743 : -1.3902926528826356
744 : -6.522020562551916
745 : 2.2186252353712916
746 : 3.5732110366225243
747 : -3.3745091445744038
748 : -1.8785017859190702
749 : -3.588147607864812
750 : -3.3988661012845114
751 : 5.290057893842459
752 : 0.3728331485763192
753 : 3.78804044239223
754 : -1.1324222185648978
755 : 0.04192485986277461
756 : -7.571596320718527
757 : -1.305672388523817
758 : -0.9970771949738264
759 : -0.8815156407654285
760 : -3.7077518720179796
761 : -9.116765136830509
762 : -4.643250861205161
763 : -6.794530671089888
764 : -1.3094193662982434
765 : -1.98962586466223
766 : -0.2806908804923296
767 : -2.682264782022685
768 : -4.625627648551017
769 : 8.782167430967093
770 : -0.588076009938959
771 : -2.3026596643030643
772 : 4.2631744290702045
773 : -5.48142255935818
774 : -1.0690676625818014
775 : -1.5501010175794363
776 : -1.3018761165440083
777 : -1.1548420181497931
778 : -13.708023964427412
779 : -1.4890135386958718
780 : -0.4097253764048219
781 : -0.10592569690197706
782 : -3.8136718505993485
783 : 1.5206009289249778
784 : -3.8511969465762377
785 : -0.5246046232059598
786 : 3.243240168550983
787 : -12.56657648133114
788 : -1.3330931714735925
789 : -0.848738114349544
790 : 16.42390346713364
791 : -1.2583043714985251
792 : 1.3423827113583684
793 : 5.346258670091629
794 : 4.429803490638733
795 : 5.724942546105012
796 : -1.7744222655892372
797 : -1.9895752556622028
798 : -7.909607807639986
799 : 4.8171661123633385
800 : -1.7370140957646072
801 : -1.5988910859450698
802 : -1.739562500268221
803 : -5.597093962132931
804 : -1.1225000470876694
805 : -1.346744573675096
806 : -1.3592570158652961
807 : 0.19836896983906627
808 : -1.62536184117198
809 : -3.6001133350655437
810 : 0.8740406986325979
811 : -4.779463913291693
812 : -0.9952178299427032
813 : -2.4430413469672203
814 : -1.0142388753592968
815 : -0.6485629770904779
816 : -2.150665004272014
817 : -1.5536694806069136
818 : -1.6404552897438407
819 : -12.545748292701319
820 : 2.3870589958969504
821 : 0.9630368389189243
822 : -7.789317799732089
823 : -1.2553023202344775
824 : -6.438692655414343
825 : -3.569701320491731
826 : -2.794371500145644
827 : -0.30750019708648324
828 : -5.9680850971490145
829 : -12.597292333841324
830 : -1.8641780479811132
831 : 1.7826227084733546
832 : 7.975696264998987
833 : -1.1532631667796522
834 : 1.1441857405006886
835 : -0.8813189277425408
836 : -0.6873036036267877
837 : -2.712209126446396
838 : 2.0876798084937036
839 : 1.9609038070775568
840 : -1.2904301658272743
841 : -2.8385640056803823
842 : -2.328657379373908
843 : 0.3580676111159846
844 : -1.6530194752849638
845 : 6.202380783855915
846 : -1.2063861722126603
847 : -0.43458207324147224
848 : -1.7356282714754343
849 : 2.103277095593512
850 : -2.536608044989407
851 : -0.8995742602273822
852 : -0.5156455645337701
853 : -1.5209379475563765
854 : -1.4817245155572891
855 : -1.4102157354354858
856 : -1.2726500434800982
857 : -1.7004529517143965
858 : -1.1428920342586935
859 : -25.47140927775763
860 : 1.886541557032615
861 : -2.143032733350992
862 : -2.9762492403388023
863 : -1.841841165209189
864 : 0.3433593222871423
865 : -0.34045766992494464
866 : -1.2834342796122655
867 : -1.082743572536856
868 : 3.903391595929861
869 : -5.3915882939472795
870 : 3.251032166182995
871 : 8.691873204428703
872 : -1.211463793180883
873 : -4.3100741459056735
874 : -2.1153447423130274
875 : -1.187996722292155
876 : 6.263788431882858
877 : -1.0417376440018415
878 : -6.1687859715893865
879 : -1.9804776241071522
880 : -1.3344415281899273
881 : -1.0422481237910688
882 : -2.948285974562168
883 : 1.3889960541855544
884 : -2.1503503900021315
885 : -0.7941828924231231
886 : -4.781922985101119
887 : -8.797361347824335
888 : -10.794802797026932
889 : -0.8650221843272448
890 : -1.655689848586917
891 : -1.3687156676314771
892 : -1.2816706718876958
893 : -11.456508945673704
894 : -0.7282092203386128
895 : -23.603385793976486
896 : -1.6112696900963783
897 : -2.3461953988298774
898 : -2.995192149654031
899 : -0.2143953680060804
900 : -0.8585230074822903
901 : -0.5120269642211497
902 : -3.0494824089109898
903 : 0.7193070868961513
904 : -3.566490661352873
905 : 10.148211789317429
906 : -0.35468034353107214
907 : -1.7270131222903728
908 : -1.983168378006667
909 : -0.21761654084548354
910 : -4.3801688882522285
911 : -4.622636722167954
912 : -2.0798881938681006
913 : 7.254194690845907
914 : -7.408365263137966
915 : 7.259528527036309
916 : -0.8622242547571659
917 : -0.2828147480322514
918 : -1.2643984123133123
919 : -1.5217759031802416
920 : -4.973559462465346
921 : 0.30350461369380355
922 : -1.579161498695612
923 : -2.8537353817373514
924 : -2.812639360781759
925 : -1.589200041256845
926 : -1.115993893938139
927 : 0.4521318441256881
928 : -1.4565765913575888
929 : -0.9977086228318512
930 : -19.63569736178033
931 : -5.667925922200084
932 : -0.6697727339342237
933 : -3.463963937945664
934 : 1.7292839111760259
935 : -1.531768910586834
936 : -1.1033833217807114
937 : 3.2966962582431734
938 : -7.058038979768753
939 : -1.414367901161313
940 : -0.9494234649464488
941 : 4.716989673674107
942 : -2.6373976226896048
943 : -4.388415710069239
944 : -1.0619785585440695
945 : 0.34597446769475937
946 : 2.5264922468923032
947 : -1.6970690842717886
948 : -5.912535986397415
949 : -1.2459614295512438
950 : -1.1550038736313581
951 : -0.9849465768784285
952 : -0.5186346154659986
953 : -1.8079394586384296
954 : 0.7521577123552561
955 : -0.6186234108172357
956 : -0.7704255278222263
957 : 3.641470218077302
958 : 1.9377501881681383
959 : -4.518954994156957
960 : -1.6186418272554874
961 : -1.345311900600791
962 : -0.3971232078038156
963 : -1.118181232828647
964 : -0.1881813774816692
965 : -1.2756671332754195
966 : 0.020417955238372087
967 : 0.03697154298424721
968 : -1.1070552011951804
969 : -6.2791643417440355
970 : -4.282794883474708
971 : -8.885605321731418
972 : -1.3044575033709407
973 : -1.399864211678505
974 : -10.782527033239603
975 : -1.257268954999745
976 : -0.7693865721812472
977 : -5.823601076379418
978 : -6.712654892355204
979 : -1.0875198990106583
980 : 7.820147949270904
981 : -0.3248027181252837
982 : -4.552900310605764
983 : -0.17937625758349895
984 : -0.05456922482699156
985 : 4.3247978903818876
986 : -1.0431908331811428
987 : 14.668284721090458
988 : 1.8611039277166128
989 : -1.7647290453314781
990 : -1.1460968899773434
991 : 2.474663848988712
992 : 8.532527265837416
993 : -3.0952282790094614
994 : 0.771722748875618
995 : 0.21412498003337532
996 : -1.3465839950367808
997 : -1.0123352566733956
998 : -7.62966171791777
999 : -1.6931726280599833
Setting up 2 worker threads for Enlighten.
  Thread -> id: 7f7da6399700 -> priority: 1 
  Thread -> id: 7f7da5b98700 -> priority: 1 
2020-06-24 04:15:59 INFO [environment.py:418] Environment shut down with return code 0.
[I 2020-06-24 04:15:59,824] Finished trial#164 with value: -1.6931726280599833 with parameters: {'update_time_steps': 7168, 'ppo_epochs': 10, 'gamma': 0.9638385487520936, 'beta': 0.09818186071518416}. Best is trial#148 with value: -6.7115356754511595.
Found path: /home/j/jensenj/PycharmProjects/Federer-Jr./src/../crawler_single/linux/dynamic_server/crawler_dynamic.x86_64
Mono path[0] = '/home/j/jensenj/PycharmProjects/Federer-Jr./src/../crawler_single/linux/dynamic_server/crawler_dynamic_Data/Managed'
Mono config path = '/home/j/jensenj/PycharmProjects/Federer-Jr./src/../crawler_single/linux/dynamic_server/crawler_dynamic_Data/MonoBleedingEdge/etc'
Preloaded 'lib_burst_generated.so'
Preloaded 'libgrpc_csharp_ext.x64.so'
Initialize engine version: 2019.3.15f1 (59ff3e03856d)
[Subsystems] Discovering subsystems at path /home/j/jensenj/PycharmProjects/Federer-Jr./src/../crawler_single/linux/dynamic_server/crawler_dynamic_Data/UnitySubsystems
Forcing GfxDevice: Null
GfxDevice: creating device client; threaded=0
NullGfxDevice:
    Version:  NULL 1.0 [1.0]
    Renderer: Null Device
    Vendor:   Unity Technologies
Begin MonoManager ReloadAssembly
- Completed reload, in  0.097 seconds
WARNING: Shader Unsupported: 'Autodesk Interactive' - All passes removed
WARNING: Shader Did you use #pragma only_renderers and omit this platform?
UnloadTime: 0.399895 ms
Fallback handler could not load library /home/j/jensenj/PycharmProjects/Federer-Jr./src/../crawler_single/linux/dynamic_server/crawler_dynamic_Data/Mono/libcoreclr.so
Fallback handler could not load library /home/j/jensenj/PycharmProjects/Federer-Jr./src/../crawler_single/linux/dynamic_server/crawler_dynamic_Data/Mono/libcoreclr.so
Fallback handler could not load library /home/j/jensenj/PycharmProjects/Federer-Jr./src/../crawler_single/linux/dynamic_server/crawler_dynamic_Data/Mono/libcoreclr.so
Fallback handler could not load library /home/j/jensenj/PycharmProjects/Federer-Jr./src/../crawler_single/linux/dynamic_server/crawler_dynamic_Data/Mono/libSystem.dylib
Fallback handler could not load library /home/j/jensenj/PycharmProjects/Federer-Jr./src/../crawler_single/linux/dynamic_server/crawler_dynamic_Data/Mono/libSystem.dylib.so
Fallback handler could not load library /home/j/jensenj/PycharmProjects/Federer-Jr./src/../crawler_single/linux/dynamic_server/crawler_dynamic_Data/Mono/libSystem.dylib
Fallback handler could not load library /home/j/jensenj/PycharmProjects/Federer-Jr./src/../crawler_single/linux/dynamic_server/crawler_dynamic_Data/Mono/libcoreclr.so
Fallback handler could not load library /home/j/jensenj/PycharmProjects/Federer-Jr./src/../crawler_single/linux/dynamic_server/crawler_dynamic_Data/Mono/libcoreclr.so
Fallback handler could not load library /home/j/jensenj/PycharmProjects/Federer-Jr./src/../crawler_single/linux/dynamic_server/crawler_dynamic_Data/Mono/libcoreclr.so
Fallback handler could not load library /home/j/jensenj/PycharmProjects/Federer-Jr./src/../crawler_single/linux/dynamic_server/crawler_dynamic_Data/Mono/libSystem.dylib
Fallback handler could not load library /home/j/jensenj/PycharmProjects/Federer-Jr./src/../crawler_single/linux/dynamic_server/crawler_dynamic_Data/Mono/libSystem.dylib.so
Fallback handler could not load library /home/j/jensenj/PycharmProjects/Federer-Jr./src/../crawler_single/linux/dynamic_server/crawler_dynamic_Data/Mono/libSystem.dylib
2020-06-24 04:16:00 INFO [environment.py:108] Connected to Unity environment with package version 1.0.2 and communication version 1.0.0
2020-06-24 04:16:00 INFO [environment.py:265] Connected new brain:
CrawlerDynamic?team=0
2020-06-24 04:16:00 WARNING [__init__.py:92] The environment contains multiple observations. You must define allow_multiple_obs=True to receive them all. Otherwise, only the first visual observation (or vector observation ifthere are no visual observations) will be provided in the observation.
{'nr_output_features': 20, 'nr_input_features': 126, 'env': <gym_unity.envs.UnityToGymWrapper object at 0x7f085e9749b0>, 'alpha': 0.003, 'tau': 0.95, 'clip': 0.2, 'minibatch_size': 32, 'hidden_units': 512, 'update_time_steps': 9216, 'ppo_epochs': 25, 'gamma': 0.974751482382366, 'beta': 0.039909673321272224}
0 : -0.06107614329084754
1 : -9.549441108480096
2 : -1.9880388593301177
3 : 0.32270270865410566
4 : -2.293976526707411
5 : 9.626658894121647
6 : -2.7641653204336762
7 : -5.512058653868735
8 : 12.428512929938734
9 : 6.498572250828147
10 : -1.1017846558243036
11 : -1.2120469487272203
12 : -1.6886248979717493
13 : 0.9325793348252773
14 : -2.2178942642640322
15 : -1.9014417454600334
16 : -2.926730746868998
17 : -8.10446961922571
18 : -1.7876003519631922
19 : -0.704963852185756
20 : -1.606006734073162
21 : -1.2807306367903948
22 : -2.1764922607690096
23 : -4.868354307021946
24 : 1.870969073381275
25 : -1.2070456091314554
26 : 0.18366978596895933
27 : -1.7304315641522408
28 : -0.9975760313682258
29 : -1.2822592444717884
30 : -2.291615939233452
31 : -1.258889119606465
32 : -1.497812760528177
33 : -1.6350534884259105
34 : -2.7322778087109327
35 : -12.708544552326202
36 : 0.9858359023928642
37 : 0.08074316941201687
38 : -7.2535840747877955
39 : -1.1392769142985344
40 : -2.988979445770383
41 : 1.208326836116612
42 : -1.6376550765708089
43 : -0.9117741454392672
44 : -0.7423723926767707
45 : -0.9256225824356079
46 : -1.6006697602570057
47 : 4.206105367746204
48 : -0.45793589809909463
49 : -0.22843031771481037
50 : 2.6796858916059136
51 : 3.0842501744627953
52 : -0.8763669664040208
53 : 0.6126747371163219
54 : -1.1133718267083168
55 : -2.5987522024661303
56 : -0.09893837105482817
57 : -0.3771587051451206
58 : -0.30564421229064465
59 : -0.7654754696413875
60 : -1.365086113102734
61 : -5.534507151693106
62 : -1.4496395867317915
63 : -0.8370090220123529
64 : 1.2603482224512845
65 : -4.096396140521392
66 : -1.2682313555851579
67 : -1.8940952471457422
68 : -1.1303431689739227
69 : -1.725967675447464
70 : 0.7419470306485891
71 : -1.8923940248787403
72 : -1.0392437160480767
73 : 0.7389723202213645
74 : 0.4164346127072349
75 : -4.705130839720368
76 : -0.9913112800568342
77 : -2.39255857327953
78 : 4.840790982358158
79 : 0.8593106968328357
80 : -1.663354838034138
81 : -4.521361973136663
82 : -0.7528505446389318
83 : -0.8186800889670849
84 : -0.8578498819842935
85 : -1.1402343586087227
86 : -0.8115265751257539
87 : -7.8102606469765306
88 : 0.07047760905697942
89 : -1.6030552547890693
90 : -1.2171567380428314
91 : -1.7175499270670116
92 : -4.493813460692763
93 : -1.8182462975382805
94 : -0.4472838528454304
95 : -0.9190933834761381
96 : -1.7278360137715936
97 : -3.014368496835232
98 : -2.776107457932085
99 : -0.962357041426003
100 : -3.551189959049225
101 : -0.7607397446408868
102 : -2.369809774449095
103 : -2.2693623173981905
104 : -0.40830130223184824
105 : -10.315060270484537
106 : -1.3289304934442043
107 : 1.7080360408872366
108 : -1.5219637965783477
109 : 0.07569332793354988
110 : 0.993457933422178
111 : -0.5272000357508659
112 : -0.8308375962078571
113 : -1.5240855412557721
114 : -1.1214644243009388
115 : -1.6458432937506586
116 : -0.9089942034333944
117 : -1.367351520806551
118 : -1.5507300682365894
119 : 4.645666129887104
120 : -5.3513797339983284
121 : -1.459749724715948
122 : -1.5304333940148354
123 : -0.9317340087145567
124 : -0.9897424699738622
125 : -2.794520180206746
126 : -1.031521437689662
127 : -1.340700357221067
128 : -1.6060381811112165
129 : -0.09032918827142566
130 : -1.8426667358726263
131 : -0.6920663360506296
132 : -1.1876509421272203
133 : -3.7498189080506563
134 : -0.6692775022238493
135 : -1.3512083794921637
136 : -1.723941259086132
137 : -0.7803506995551288
138 : 1.8106371341273189
139 : -1.638000763952732
140 : -1.1794926767470315
141 : -1.2628426956944168
142 : -0.36724540404975414
143 : 7.684334333520383
144 : -0.9080566093325615
145 : -1.8680929951369762
146 : -1.0655458802357316
147 : -0.8225465985015035
148 : -1.3074187021702528
149 : 1.1926696207374334
150 : -0.5231049628928304
151 : -1.301152897067368
152 : 1.3450313592329621
153 : 1.460080259013921
154 : -2.3908532112836838
155 : -1.4899536296725273
156 : -1.6306800157763064
157 : -2.051224880851805
158 : -1.3917619325220585
159 : -0.4988512033596635
160 : 0.6575480694882572
161 : -3.388985305093229
162 : -1.5763910431414843
163 : -11.104911451693624
164 : -5.804868647828698
165 : -3.741277746623382
166 : -1.2932287282310426
167 : -1.0987258416134864
168 : -2.904061257839203
169 : -1.7740816539153457
170 : -0.7773732598870993
171 : -2.266855366528034
172 : -1.213741202838719
173 : -1.2994487714022398
174 : -0.6700008986517787
175 : -2.8502753600478172
176 : -1.2257369151338935
177 : -0.8870147233828902
178 : -0.5130775365978479
179 : 2.581706227734685
180 : 1.6189225651323795
181 : -0.37488612718880177
182 : -0.9987140223383904
183 : -3.808523296378553
184 : -4.55885424092412
185 : -2.255978923290968
186 : -1.7722324817441404
187 : 4.333156432025135
188 : -1.774649403989315
189 : 0.6853738306090236
190 : -1.2854912368347868
191 : -1.75628861784935
192 : -1.5782168174628168
193 : 5.298050525365397
194 : -2.9551856573671103
195 : -1.3254430564120412
196 : -0.30873862374573946
197 : -0.39590907096862793
198 : -1.7034270204603672
199 : -0.9928047021385282
200 : 9.977947416249663
201 : 0.1559241405921057
202 : -1.3459831206128001
203 : -0.5292021576315165
204 : 1.6837479919195175
205 : -1.2600248912349343
206 : -9.006111696362495
207 : -2.253756708931178
208 : -1.388991018757224
209 : -1.63179676909931
210 : 3.1472917944192886
211 : -2.186083624139428
212 : -5.211138935759664
213 : -2.0788746355101466
214 : -1.1832267120480537
215 : -4.62084169825539
216 : 1.4489465279038996
217 : 4.713144332621596
218 : -1.7000329014845192
219 : 5.4945339926634915
220 : -1.8493776228278875
221 : -1.3510801969096065
222 : 11.849094271659851
223 : -5.396975840441883
224 : -3.5467868484556675
225 : -0.9326213845051825
226 : -4.753725906368345
227 : -1.520975522696972
228 : 8.697554103564471
229 : -3.5873398184776306
230 : -4.995430277660489
231 : -1.2386461459100246
232 : -3.4947857223451138
233 : -1.8908918593078852
234 : 1.7235681153833866
235 : -1.5774355866014957
236 : -0.8679547905921936
237 : 13.596608109073713
238 : -5.782568697351962
239 : -0.43850188981741667
240 : -3.264269581064582
241 : -24.903418910689652
242 : 1.0482893851585686
243 : -1.5390766588971019
244 : 9.589068655855954
245 : -4.776574309915304
246 : -0.9208579147234559
247 : 9.908703789114952
248 : -3.75684679672122
249 : -4.462355939438567
250 : 0.05797475855797529
251 : -1.295645377598703
252 : -1.3206726098433137
253 : -1.3613839205354452
254 : 1.3687456054612994
255 : 0.8592378217726946
256 : -0.672835826408118
257 : -0.24188370304182172
258 : -3.6262300424277782
[W 2020-06-24 04:24:38,574] Setting status of trial#191 as TrialState.FAIL because of the following error: ValueError('array split does not result in an equal division',)
Traceback (most recent call last):
  File "/home/j/jensenj/.local/lib/python3.6/site-packages/numpy/lib/shape_base.py", line 867, in split
    len(indices_or_sections)
TypeError: object of type 'int' has no len()

During handling of the above exception, another exception occurred:

Traceback (most recent call last):
  File "/home/j/jensenj/.local/lib/python3.6/site-packages/optuna/study.py", line 734, in _run_trial
    result = func(trial)
  File "main-optuna.py", line 88, in objective
    returns = [episode(env, agent, params, writer, i) for i in range(training_episodes)]
  File "main-optuna.py", line 88, in <listcomp>
    returns = [episode(env, agent, params, writer, i) for i in range(training_episodes)]
  File "main-optuna.py", line 40, in episode
    agent.update(next_state)
  File "/home/j/jensenj/PycharmProjects/Federer-Jr./src/ppo.py", line 140, in update
    for states, actions, old_log_probs, returns, advantages in self.memory.sample_batch(self.minibatch_size, next_value):
  File "/home/j/jensenj/PycharmProjects/Federer-Jr./src/ppo.py", line 44, in sample_batch
    ids = np.split(ids, batch_size // minibatch_size)
  File "<__array_function__ internals>", line 6, in split
  File "/home/j/jensenj/.local/lib/python3.6/site-packages/numpy/lib/shape_base.py", line 873, in split
    'array split does not result in an equal division')
ValueError: array split does not result in an equal division
Traceback (most recent call last):
  File "/home/j/jensenj/.local/lib/python3.6/site-packages/numpy/lib/shape_base.py", line 867, in split
    len(indices_or_sections)
TypeError: object of type 'int' has no len()

During handling of the above exception, another exception occurred:

Traceback (most recent call last):
  File "main-optuna.py", line 103, in <module>
    study.optimize(objective, n_trials=1000)
  File "/home/j/jensenj/.local/lib/python3.6/site-packages/optuna/study.py", line 339, in optimize
    func, n_trials, timeout, catch, callbacks, gc_after_trial, None
  File "/home/j/jensenj/.local/lib/python3.6/site-packages/optuna/study.py", line 682, in _optimize_sequential
    self._run_trial_and_callbacks(func, catch, callbacks, gc_after_trial)
  File "/home/j/jensenj/.local/lib/python3.6/site-packages/optuna/study.py", line 713, in _run_trial_and_callbacks
    trial = self._run_trial(func, catch, gc_after_trial)
  File "/home/j/jensenj/.local/lib/python3.6/site-packages/optuna/study.py", line 734, in _run_trial
    result = func(trial)
  File "main-optuna.py", line 88, in objective
    returns = [episode(env, agent, params, writer, i) for i in range(training_episodes)]
  File "main-optuna.py", line 88, in <listcomp>
    returns = [episode(env, agent, params, writer, i) for i in range(training_episodes)]
  File "main-optuna.py", line 40, in episode
    agent.update(next_state)
  File "/home/j/jensenj/PycharmProjects/Federer-Jr./src/ppo.py", line 140, in update
    for states, actions, old_log_probs, returns, advantages in self.memory.sample_batch(self.minibatch_size, next_value):
  File "/home/j/jensenj/PycharmProjects/Federer-Jr./src/ppo.py", line 44, in sample_batch
    ids = np.split(ids, batch_size // minibatch_size)
  File "<__array_function__ internals>", line 6, in split
  File "/home/j/jensenj/.local/lib/python3.6/site-packages/numpy/lib/shape_base.py", line 873, in split
    'array split does not result in an equal division')
ValueError: array split does not result in an equal division
Setting up 2 worker threads for Enlighten.
  Thread -> id: 7f7e15397700 -> priority: 1 
  Thread -> id: 7f7e14b96700 -> priority: 1 
2020-06-24 04:24:38 INFO [environment.py:418] Environment shut down with return code 0.
