slurmstepd-haselgraben: error: Unable to create TMPDIR [/tmp/user/30108]: Permission denied
slurmstepd-haselgraben: error: Setting TMPDIR to /tmp
Found path: /home/j/jensenj/PycharmProjects/Federer-Jr./src/../crawler_single/linux/dynamic_server/crawler_dynamic.x86_64
Mono path[0] = '/home/j/jensenj/PycharmProjects/Federer-Jr./src/../crawler_single/linux/dynamic_server/crawler_dynamic_Data/Managed'
Mono config path = '/home/j/jensenj/PycharmProjects/Federer-Jr./src/../crawler_single/linux/dynamic_server/crawler_dynamic_Data/MonoBleedingEdge/etc'
Preloaded 'lib_burst_generated.so'
Preloaded 'libgrpc_csharp_ext.x64.so'
Initialize engine version: 2019.3.15f1 (59ff3e03856d)
[Subsystems] Discovering subsystems at path /home/j/jensenj/PycharmProjects/Federer-Jr./src/../crawler_single/linux/dynamic_server/crawler_dynamic_Data/UnitySubsystems
Forcing GfxDevice: Null
GfxDevice: creating device client; threaded=0
NullGfxDevice:
    Version:  NULL 1.0 [1.0]
    Renderer: Null Device
    Vendor:   Unity Technologies
Begin MonoManager ReloadAssembly
- Completed reload, in  0.098 seconds
WARNING: Shader Unsupported: 'Autodesk Interactive' - All passes removed
WARNING: Shader Did you use #pragma only_renderers and omit this platform?
UnloadTime: 0.434078 ms
Fallback handler could not load library /home/j/jensenj/PycharmProjects/Federer-Jr./src/../crawler_single/linux/dynamic_server/crawler_dynamic_Data/Mono/libcoreclr.so
Fallback handler could not load library /home/j/jensenj/PycharmProjects/Federer-Jr./src/../crawler_single/linux/dynamic_server/crawler_dynamic_Data/Mono/libcoreclr.so
Fallback handler could not load library /home/j/jensenj/PycharmProjects/Federer-Jr./src/../crawler_single/linux/dynamic_server/crawler_dynamic_Data/Mono/libcoreclr.so
Fallback handler could not load library /home/j/jensenj/PycharmProjects/Federer-Jr./src/../crawler_single/linux/dynamic_server/crawler_dynamic_Data/Mono/libSystem.dylib
Fallback handler could not load library /home/j/jensenj/PycharmProjects/Federer-Jr./src/../crawler_single/linux/dynamic_server/crawler_dynamic_Data/Mono/libSystem.dylib.so
Fallback handler could not load library /home/j/jensenj/PycharmProjects/Federer-Jr./src/../crawler_single/linux/dynamic_server/crawler_dynamic_Data/Mono/libSystem.dylib
Fallback handler could not load library /home/j/jensenj/PycharmProjects/Federer-Jr./src/../crawler_single/linux/dynamic_server/crawler_dynamic_Data/Mono/libcoreclr.so
Fallback handler could not load library /home/j/jensenj/PycharmProjects/Federer-Jr./src/../crawler_single/linux/dynamic_server/crawler_dynamic_Data/Mono/libcoreclr.so
Fallback handler could not load library /home/j/jensenj/PycharmProjects/Federer-Jr./src/../crawler_single/linux/dynamic_server/crawler_dynamic_Data/Mono/libcoreclr.so
Fallback handler could not load library /home/j/jensenj/PycharmProjects/Federer-Jr./src/../crawler_single/linux/dynamic_server/crawler_dynamic_Data/Mono/libSystem.dylib
Fallback handler could not load library /home/j/jensenj/PycharmProjects/Federer-Jr./src/../crawler_single/linux/dynamic_server/crawler_dynamic_Data/Mono/libSystem.dylib.so
Fallback handler could not load library /home/j/jensenj/PycharmProjects/Federer-Jr./src/../crawler_single/linux/dynamic_server/crawler_dynamic_Data/Mono/libSystem.dylib
/home/j/jensenj/.local/lib/python3.6/site-packages/tensorboard/compat/tensorflow_stub/dtypes.py:541: FutureWarning: Passing (type, 1) or '1type' as a synonym of type is deprecated; in a future version of numpy, it will be understood as (type, (1,)) / '(1,)type'.
  _np_qint8 = np.dtype([("qint8", np.int8, 1)])
/home/j/jensenj/.local/lib/python3.6/site-packages/tensorboard/compat/tensorflow_stub/dtypes.py:542: FutureWarning: Passing (type, 1) or '1type' as a synonym of type is deprecated; in a future version of numpy, it will be understood as (type, (1,)) / '(1,)type'.
  _np_quint8 = np.dtype([("quint8", np.uint8, 1)])
/home/j/jensenj/.local/lib/python3.6/site-packages/tensorboard/compat/tensorflow_stub/dtypes.py:543: FutureWarning: Passing (type, 1) or '1type' as a synonym of type is deprecated; in a future version of numpy, it will be understood as (type, (1,)) / '(1,)type'.
  _np_qint16 = np.dtype([("qint16", np.int16, 1)])
/home/j/jensenj/.local/lib/python3.6/site-packages/tensorboard/compat/tensorflow_stub/dtypes.py:544: FutureWarning: Passing (type, 1) or '1type' as a synonym of type is deprecated; in a future version of numpy, it will be understood as (type, (1,)) / '(1,)type'.
  _np_quint16 = np.dtype([("quint16", np.uint16, 1)])
/home/j/jensenj/.local/lib/python3.6/site-packages/tensorboard/compat/tensorflow_stub/dtypes.py:545: FutureWarning: Passing (type, 1) or '1type' as a synonym of type is deprecated; in a future version of numpy, it will be understood as (type, (1,)) / '(1,)type'.
  _np_qint32 = np.dtype([("qint32", np.int32, 1)])
/home/j/jensenj/.local/lib/python3.6/site-packages/tensorboard/compat/tensorflow_stub/dtypes.py:550: FutureWarning: Passing (type, 1) or '1type' as a synonym of type is deprecated; in a future version of numpy, it will be understood as (type, (1,)) / '(1,)type'.
  np_resource = np.dtype([("resource", np.ubyte, 1)])
2020-06-24 03:42:32 INFO [environment.py:108] Connected to Unity environment with package version 1.0.2 and communication version 1.0.0
2020-06-24 03:42:32 INFO [environment.py:265] Connected new brain:
CrawlerDynamic?team=0
2020-06-24 03:42:32 WARNING [__init__.py:92] The environment contains multiple observations. You must define allow_multiple_obs=True to receive them all. Otherwise, only the first visual observation (or vector observation ifthere are no visual observations) will be provided in the observation.
/home/j/jensenj/.local/lib/python3.6/site-packages/gym/logger.py:30: UserWarning: WARN: Box bound precision lowered by casting to float32
  warnings.warn(colorize('%s: %s'%('WARN', msg % args), 'yellow'))
{'nr_output_features': 20, 'nr_input_features': 126, 'env': <gym_unity.envs.UnityToGymWrapper object at 0x7f421c2981d0>, 'alpha': 0.003, 'tau': 0.95, 'clip': 0.2, 'minibatch_size': 32, 'hidden_units': 512, 'update_time_steps': 7168, 'ppo_epochs': 12, 'gamma': 0.9638037392375584, 'beta': 0.07537084863843571}
0 : 6.55864702584222
1 : -1.0633190399967134
2 : -4.928158236201853
3 : -1.472566262818873
4 : -1.4226593989878893
5 : -1.0200120359659195
6 : -0.847716657910496
7 : -1.6027386207133532
8 : -1.0523957250406966
9 : -1.1705110960174352
10 : -0.07214477239176631
11 : -2.2058765748515725
12 : -0.15386306669097394
13 : -1.9577150864060968
14 : -2.6558872514870018
15 : -3.1858233571983874
16 : -1.0016540037468076
17 : -1.0759448908502236
18 : -1.2167498038616031
19 : 3.7096442244946957
20 : -2.026284422725439
21 : -1.2921171747148037
22 : -1.3576080969069153
23 : -1.875118370167911
24 : -1.2372535401955247
25 : -4.381768635241315
26 : -0.9656564393080771
27 : -1.347187056671828
28 : -4.026463708840311
29 : -1.5816852976568043
30 : -1.6798426285386086
31 : -2.206107221543789
32 : -2.206718845292926
33 : -0.6735000815242529
34 : -3.1687396056950092
35 : -1.6589255221188068
36 : 1.3011625837534666
37 : 8.336032677441835
38 : -1.4473650678992271
39 : -0.11028469819575548
40 : -1.217568401247263
41 : -1.180639055557549
42 : -1.4481187611818314
43 : -3.2796537689864635
44 : 0.7311357550788671
45 : 2.902657116064802
46 : -0.3477434813976288
47 : -0.9440271176863462
48 : -2.149092435836792
49 : -3.0348826702684164
50 : -3.716362745501101
51 : -1.2534747421741486
52 : -0.4603073224425316
53 : -0.7790978499688208
54 : -2.0265286089852452
55 : -1.6075377212837338
56 : -6.309418732649647
57 : -1.0915435228962451
58 : -1.5228519844822586
59 : 2.4758681268431246
60 : -1.9710012692958117
61 : -2.075478627346456
62 : -0.8458419544622302
63 : -1.7269833371974528
64 : -1.1802926994860172
65 : 0.8487282786518335
66 : -1.0183081636205316
67 : -2.417749988846481
68 : -3.9876321048941463
69 : -1.0213084109127522
70 : 0.5268116947263479
71 : -2.3709401953965425
72 : -2.1490661054849625
73 : -0.9808981139212847
74 : -2.5021972651593387
75 : -6.0221511935815215
76 : -1.6771944772917777
77 : -0.8730616336688399
78 : -1.2145108743570745
79 : -1.7580390395596623
80 : -1.555562979541719
81 : -1.8597995527088642
82 : -1.2651788545772433
83 : -0.3729758835397661
84 : -1.1223613689653575
85 : -1.182686795014888
86 : 1.7806401520501822
87 : -1.0324530079960823
88 : -1.6682020239531994
89 : -1.8003731044009328
90 : -1.4351389445364475
91 : -2.0828301918227226
92 : -0.9252394754439592
93 : -1.4409968433901668
94 : 0.33989303931593895
95 : -0.8922527823597193
96 : -1.222612552344799
97 : -2.951235808432102
98 : -1.2517452808097005
99 : -2.077072709798813
100 : 0.3090488351881504
101 : -4.3907731072977185
102 : -1.547542872838676
103 : -1.5443959068506956
104 : -1.308890183456242
105 : -1.7530221864581108
106 : -0.4821977303363383
107 : -1.4029604196548462
108 : -6.97047552280128
109 : -1.3875953238457441
110 : 5.152895414270461
111 : -1.4939219616353512
112 : -1.304904069751501
113 : -2.097814744338393
114 : -0.6870870243292302
115 : -2.347909386269748
116 : -1.2309265481308103
117 : -0.4822743944823742
118 : -1.0443089008331299
119 : -1.616645005531609
120 : -2.220604754984379
121 : -1.4317024489864707
122 : -0.528867956250906
123 : -0.9926956351846457
124 : -1.6341146901249886
125 : -2.5003816429525614
126 : -1.5579731375910342
127 : -0.6888487916439772
128 : -1.9059623256325722
129 : -0.3076036609709263
130 : -2.173446260392666
131 : -0.4891233015805483
132 : -0.7734022699296474
133 : 0.157062204554677
134 : -1.5672668842598796
135 : -1.8043477337341756
136 : -1.5413294909521937
137 : -2.432697368785739
138 : -1.8001510351896286
139 : -1.382063865661621
140 : -0.8782701764721423
141 : -1.1130689876154065
142 : -0.6440040525048971
143 : -0.9468488618731499
144 : -1.602664795704186
145 : -1.7937035309150815
146 : -1.5220611691474915
147 : -0.4169631777331233
148 : -1.7814992517232895
149 : -0.8924655909650028
150 : -2.8287131786346436
151 : -1.9608103334903717
152 : -2.0004008039832115
153 : -0.8585210563614964
154 : -1.7621112260967493
155 : -0.11700168205425143
156 : -1.5450703757815063
157 : 2.292246278375387
158 : -0.8555189939215779
159 : 0.6485754791647196
160 : -1.7072743938770145
161 : -6.193980681942776
162 : -1.7718336302787066
163 : -1.2554448200389743
164 : -0.9794654520228505
165 : -1.0199647729750723
166 : -1.7157985223457217
167 : -2.2877191863954067
168 : -1.8195494934916496
169 : -0.44095010869205
170 : 1.28224584646523
171 : -2.4132124446332455
172 : -1.1418520887382329
173 : -1.0280245910398662
174 : 2.703790663741529
175 : -2.0511160120368004
176 : -1.721066813915968
177 : -2.4567551240324974
178 : -1.1492379675619304
179 : -0.8227610308676958
180 : -1.0554197542369366
181 : -1.3395990654826164
182 : -1.3769234828650951
183 : 10.222150071524084
184 : -1.1480197296477854
185 : -1.7152570560574532
186 : -0.39233140274882317
187 : -0.7477267780341208
188 : -1.7317862659692764
189 : -1.7381732538342476
190 : -1.3025945201516151
191 : -1.3295390391722322
192 : -2.286959510296583
193 : -1.2105076140724123
194 : -1.7256045490503311
195 : -0.04996922425925732
196 : 1.3555079149082303
197 : -1.5926941987127066
198 : -1.45589941740036
199 : -0.1540407845750451
200 : 0.2624092847108841
201 : -4.499646805226803
202 : -1.6926170159131289
203 : -0.8897415539249778
204 : -1.1694295164197683
205 : -0.8009795872494578
206 : 0.12268965970724821
207 : 1.473626988939941
208 : -0.6971919350326061
209 : -0.9236917141824961
210 : -1.4421775173395872
211 : -1.0821033124811947
212 : -0.9719018638134003
213 : -3.9125763289630413
214 : -4.934109755093232
215 : -0.3511604517698288
216 : -5.346505219116807
217 : -1.4106991421431303
218 : 1.3878832240588963
219 : 2.894747073762119
220 : -1.213988920673728
221 : -0.1398222390562296
222 : 7.741122885607183
223 : -1.0773181626573205
224 : -2.195624473504722
225 : -1.3245320403948426
226 : -1.413180835545063
227 : -1.3913551084697247
228 : -1.8073128210380673
229 : 0.26513287238776684
230 : -0.7315187864005566
231 : 2.816396257840097
232 : 0.0622575213201344
233 : -1.5262486115098
234 : -0.9995154980570078
235 : -0.6541663568932563
236 : -0.796318968757987
237 : -1.0659833899699152
238 : -1.0621411548927426
239 : -1.2452280195429921
240 : -1.400881220586598
241 : -0.8622560994699597
242 : -1.1716451654210687
243 : -2.102556861937046
244 : -1.5599071756005287
245 : -1.7309215739369392
246 : 1.2564456365071237
247 : -0.8830812983214855
248 : -0.8281298205256462
249 : -1.2979657230898738
250 : 5.607826888561249
251 : -1.4197566509246826
252 : -1.1993630495853722
253 : -1.104652762413025
254 : -5.11253374395892
255 : -0.23694772506132722
256 : -3.061306208372116
257 : -1.1752832354977727
258 : -1.6871058102697134
259 : -1.972833413630724
260 : -3.318746203556657
261 : -1.3834386919625103
262 : -0.5981794903054833
263 : -0.5331676620990038
264 : -0.991873862221837
265 : -1.4839978078380227
266 : -0.858974770642817
267 : -1.3430823190137744
268 : -1.2006878382526338
269 : -0.8921182118356228
270 : -1.47782116336748
271 : -1.477715435437858
272 : -0.8798389928415418
273 : -6.035735834622756
274 : 1.9274110114201903
275 : 5.792731441557407
276 : -1.661431185901165
277 : -1.8149737566709518
278 : -0.5569510809145868
279 : -1.298374522011727
280 : -1.269540440523997
281 : 1.941571993753314
282 : -1.2942568241851404
283 : -0.8966540386900306
284 : -1.0051310118287802
285 : -1.125554426573217
286 : -1.1566102369688451
287 : -0.9160106228664517
288 : 0.6525683531071991
289 : -2.4666708111763
290 : -0.8511665645055473
291 : -1.5641779489815235
292 : -3.1248015738092363
293 : -19.054645630531013
294 : -2.272276248782873
295 : 1.0639817211776972
296 : -0.3416976956650615
297 : -1.7900919765233994
298 : -1.3623929060995579
299 : -1.4155296413227916
300 : -0.7699507996439934
301 : -1.471189497038722
302 : -0.9798902035690844
303 : -1.6052897959889378
304 : -1.285246405750513
305 : -1.0834478966426104
306 : 0.3814736388158053
307 : -1.6233342587947845
308 : -1.4240609668195248
309 : -0.35558678954839706
310 : -2.1823822762817144
311 : 2.8095823023468256
312 : -1.5491018295288086
313 : -1.979881166946143
314 : -5.522641154471785
315 : -1.2317883488722146
316 : -0.7541186530143023
317 : -1.1381869164761156
318 : -1.629331313073635
319 : 0.11711557162925601
320 : -1.2852141866460443
321 : 0.6826471770182252
322 : -1.5466784946620464
323 : -0.962485259398818
324 : -1.0985343013890088
325 : -0.8235698565840721
326 : -2.3860265156254172
327 : 7.880785807501525
328 : -2.5622552931308746
329 : -1.0052304998971522
330 : -0.10770297143608332
331 : -1.66641042008996
332 : -1.4976122435182333
333 : 0.9589027650654316
334 : -1.7266620323061943
335 : -0.10496350657194853
336 : -1.4507012981921434
337 : -4.364973532501608
338 : -1.6124396324157715
339 : -4.770844669779763
340 : -1.028304386883974
341 : -1.2117455285042524
342 : -1.6093857400119305
343 : -0.25587575044482946
344 : 0.1374359531328082
345 : -1.7875715736299753
346 : 1.2981688072904944
347 : -0.8595501366071403
348 : -0.9772172290831804
349 : -1.6405867990106344
350 : -1.636555090546608
351 : -0.13659874815493822
352 : -1.567386801354587
353 : -8.796397747471929
354 : 0.5531842019408941
355 : -1.0066729648970068
356 : -0.0900349784642458
357 : -4.347082723863423
358 : -1.2330536870285869
359 : 2.4096621349453926
360 : -1.1300191972404718
361 : -1.078485518693924
362 : -1.0170584060251713
363 : -0.2816559341736138
364 : -1.130490624345839
365 : -3.2502982448786497
366 : -0.953106245957315
367 : -1.7112217769026756
368 : -1.5331092497799546
369 : -3.7057884498499334
370 : -1.2525652777403593
371 : -0.6526440316811204
372 : -3.704987693578005
373 : -0.8196177929639816
374 : 0.013629876542836428
375 : -0.5960041703656316
376 : -2.624542288016528
377 : -1.6374282445758581
378 : 2.500875987112522
379 : -1.1287666913121939
380 : -1.4281580825336277
381 : -1.6494530253112316
382 : -1.3184136440977454
383 : -0.9301345841959119
384 : 0.04237738996744156
385 : -1.7816002164036036
386 : -1.4300473099574447
387 : -1.2676764619536698
388 : -0.613058268558234
389 : -1.0153632368892431
390 : -1.1526234475895762
391 : -1.6837599892169237
392 : -0.836732180789113
393 : -0.6123454831540585
394 : -0.6032681940123439
395 : -2.47624983265996
396 : -1.0994155802763999
397 : -1.6009082663804293
398 : -1.0121570364572108
399 : -0.9062373852357268
400 : -1.5197401717305183
401 : -0.8066418981179595
402 : -0.2957527097314596
403 : -1.0543835938442498
404 : -4.578725712373853
405 : -2.263512178324163
406 : -0.6377276787534356
407 : 0.979094659909606
408 : -0.7006742041558027
409 : -1.665486835874617
410 : -1.4911217782646418
411 : -3.0830113627016544
412 : -1.1169769987463951
413 : -1.084365613758564
414 : 8.919532645493746
415 : -0.0020590173080563545
416 : -1.6135565377771854
417 : -1.2239132691174746
418 : -2.4056122368201613
419 : -1.5416256953030825
420 : -3.940633384976536
421 : 10.808971322607249
422 : -1.2446327051147819
423 : -1.025103887077421
424 : -1.3861693777143955
425 : -1.2668662425130606
426 : -1.2962452447973192
427 : -0.8154957212973386
428 : 1.8720883252099156
429 : -1.8775180196389556
430 : -1.3537582010030746
431 : -1.4651272154878825
432 : -4.752823632210493
433 : -0.1213785894215107
434 : -1.2097717123106122
435 : -1.183736838400364
436 : -0.6142709795385599
437 : 1.2994433571584523
438 : -1.566281816456467
439 : -0.8987078163772821
440 : -2.198100009933114
441 : -0.9527318309992552
442 : -0.5191021161153913
443 : 0.1652063261717558
444 : -7.470009937882423
445 : 2.9258687868714333
446 : 2.239265453070402
Internal: JobTempAlloc has allocations that are more than 4 frames old - this is not allowed and likely a leak 
(Filename:  Line: 554)

447 : -1.275563427247107
448 : -0.9524654938140884
449 : 2.996304651722312
450 : 4.630734491162002
451 : -1.2069171406328678
452 : -1.5963089587166905
453 : -5.484272182919085
454 : -1.532383594661951
455 : -3.179305116645992
456 : -1.7307757353410125
457 : 0.8271176093257964
458 : 8.591979819349945
459 : -1.797139463480562
460 : -0.6132143763825297
461 : 0.379223802825436
462 : -1.6332227140665054
463 : -1.3252000315114856
464 : -2.8235489879734814
465 : -1.3665573368780315
466 : -1.0821116042789072
467 : 0.8133283802308142
468 : -0.24173728376626968
469 : 7.955477913841605
470 : 2.7204711623489857
471 : -1.2138008610345423
472 : -0.7313452623784542
473 : -1.762724682688713
474 : 0.14322641608305275
475 : -2.3462480143643916
476 : -0.700156313367188
477 : -3.105459615588188
478 : -2.750262089073658
479 : -1.7720556906424463
480 : -0.6454303795471787
481 : -9.064012285321951
482 : -0.5824463907629251
483 : 5.883096110075712
484 : -3.5154412747360766
485 : -0.9788629938848317
486 : 1.9015125562436879
487 : -0.8897011005319655
488 : -1.061451937071979
489 : -2.0111268889158964
490 : -0.9078749916516244
491 : -1.2461537597700953
492 : 1.886537057813257
493 : -1.6543328762054443
494 : -1.640151184052229
495 : -3.4456980559043586
496 : -0.5936145056039095
497 : -0.6900703450664878
498 : -2.4321943633258343
499 : -1.3809985369443893
500 : -6.526438110973686
501 : -4.846658038906753
502 : -1.4663824513554573
503 : -3.0315618347376585
504 : -3.8970216219313443
505 : -1.62214230094105
506 : -7.581322070211172
507 : -1.075294639915228
508 : -1.6028331741690636
509 : -1.2418062086217105
510 : -0.9934860966168344
511 : -1.1483399774879217
512 : -1.1931503899395466
513 : -0.9672723775729537
514 : -5.386652318760753
515 : -4.893443184904754
516 : 0.7188575537875295
517 : -1.2591231879778206
518 : -4.250128822401166
519 : -1.1501983171328902
520 : -1.9836007244884968
521 : -0.7993451468646526
522 : -1.2732908222824335
523 : -4.000197789631784
524 : -0.9349151682108641
525 : -2.061165743507445
526 : -1.1460184818133712
527 : -5.275311965495348
528 : -1.7693478185683489
529 : -1.0181559682823718
530 : -7.992463494185358
531 : 0.7955742911435664
532 : 0.9273932110518217
533 : -5.52638853341341
534 : -1.4339968468993902
535 : -14.078611495060613
536 : -2.8771209958940744
537 : -1.4543772982433438
538 : -0.42652040533721447
539 : 1.4992995420470834
540 : 2.592035602312535
541 : 3.6943366322666407
542 : 1.414295676164329
543 : -0.9716804521158338
544 : -3.049990733154118
545 : -4.519068354740739
546 : -1.2902766754850745
547 : -1.3266087919473648
548 : -1.3324507055804133
549 : -0.020923448260873556
550 : -0.9244454689323902
551 : -1.7848093770444393
552 : -2.017260538879782
553 : 4.8372133411467075
554 : -7.068417222588323
555 : -1.3460789993405342
556 : 1.4249873831868172
557 : -1.3882709480822086
558 : -0.01923183724284172
559 : -0.5340825984021649
560 : -1.287630899809301
561 : -1.478584025753662
562 : 2.979897841345519
563 : 0.22136743506416678
564 : 0.16276938980445266
565 : -1.389110422693193
566 : -0.8534091366454959
567 : -2.731224116985686
568 : -2.8329203738830984
569 : 1.9649414410814643
570 : -1.2814971823245287
571 : -0.07186235021799803
572 : -3.1137129766866565
573 : -0.10960579942911863
574 : -1.4297536965459585
575 : -1.154108236078173
576 : -1.7525823987089097
577 : 0.20307854935526848
578 : -1.2559765963815153
579 : -5.164101925678551
580 : -0.3077139868400991
581 : -1.4920619670301676
582 : 2.603009043261409
583 : -1.3368594031780958
584 : 1.5249154372140765
585 : -0.43440821673721075
586 : 1.0197440404444933
587 : -0.955425638705492
588 : -2.675687517039478
589 : -1.2063209633342922
590 : -1.2380339689552784
591 : 2.1605742182582617
592 : -1.9060569033026695
593 : -1.2293973239138722
594 : -15.49974229047075
595 : -1.8007032754831016
596 : 12.725396310910583
597 : -8.7425786415115
598 : -6.410279907286167
599 : -1.8996255826205015
600 : -2.2455090642906725
601 : -2.4921878203749657
602 : -1.3090842170640826
603 : -8.321689803153276
604 : -1.7150820144452155
605 : -1.753599257208407
606 : -1.149029023014009
607 : -2.250085337087512
608 : -2.1347085908055305
609 : 0.19753774534910917
610 : -1.3589741152245551
611 : -1.516993708908558
612 : -1.113183118402958
613 : -1.025466427206993
614 : -0.7356660328805447
615 : -1.1229060487821698
616 : -1.4338305853307247
617 : -2.100701943039894
618 : -1.2257176488637924
619 : -1.5740980310365558
620 : -1.9682726236060262
621 : -5.76675499137491
622 : 1.6156167583540082
623 : -2.298665329813957
624 : -1.6204673238098621
625 : 5.213804896455258
626 : -0.7981646219268441
627 : -0.050900958478450775
628 : 0.576310021802783
629 : -2.9545253105461597
630 : 0.7370392419397831
631 : 0.9548705480992794
632 : -6.512358982115984
633 : -4.904594699968584
634 : -1.386927381157875
635 : -0.682556124869734
636 : -1.6198864090256393
637 : -3.9185975827276707
638 : -4.9431089805439115
639 : -0.5228251344524324
640 : -1.5550338495522738
641 : 5.114454405382276
642 : -3.1455354187637568
643 : 0.8521611787145957
644 : 3.2014192044734955
645 : -1.4745616614818573
646 : -6.770604099612683
647 : 2.3502241228707135
648 : 2.05452614184469
649 : -6.514917869120836
650 : 0.3196930084377527
651 : -2.4818066679872572
652 : -1.5579446372576058
653 : -1.8745717145502567
654 : -0.15612995252013206
655 : -1.271918147802353
656 : 1.0848629656247795
657 : 1.2985763379838318
658 : -0.6886354368180037
659 : -1.3483296083286405
660 : -1.5893179383128881
661 : -1.5249583162367344
662 : -1.0779699953272939
663 : -0.9518019501119852
664 : -1.4410583209246397
665 : -7.5205046478658915
666 : -1.0635195528157055
667 : 3.951843496179208
668 : -2.0640065856277943
669 : -2.0074770748615265
670 : -2.7162697184830904
671 : 3.311208156635985
672 : 8.308695149607956
673 : -0.7322880337014794
674 : -0.34208176005631685
675 : -0.6964267864823341
676 : -1.4924044711515307
677 : -1.9889028551988304
678 : -4.055709965527058
679 : -1.7775370851159096
680 : -1.567803943529725
681 : -3.832033285871148
682 : -1.0568178384564817
683 : -0.7283892517443746
684 : 4.272216714918613
685 : -0.8433819571509957
686 : -5.229252632707357
687 : -3.96359566738829
688 : -1.3940454563125968
689 : -4.447297096252441
690 : -1.583950319327414
691 : -6.980311529710889
692 : -0.4670783169567585
693 : 5.7990411557257175
694 : -5.794514749199152
695 : -1.9675609907135367
696 : -1.115661901421845
697 : -3.0411295760422945
698 : 2.173929065000266
699 : -1.5948053831234574
700 : -1.2300771437585354
701 : -1.468475965783
702 : -3.0030872402712703
703 : -1.8722074087709188
704 : 0.8593700216151774
705 : -1.473724770359695
706 : -3.6731337374076247
707 : -1.162247221916914
708 : -0.0011828318238258362
709 : 0.19042437942698598
710 : -0.8645417727530003
711 : -1.4642025255598128
712 : -0.696882339194417
713 : -1.0320106716826558
714 : -4.5730268862098455
715 : -0.799931435380131
716 : -1.7758571319282055
717 : -1.352903682505712
718 : 2.5819207094609737
719 : -1.2413989286869764
720 : -0.9438487328588963
721 : -1.1329787503927946
722 : 0.0268840454518795
723 : -2.949116649106145
724 : 1.1281672862824053
725 : 2.671127300709486
726 : -1.5844284631311893
727 : -1.2228001039475203
728 : -0.5363883315585554
729 : -4.002072114031762
730 : -0.908671882469207
731 : -1.688596112653613
732 : -6.081692937761545
733 : -1.402750913053751
734 : -0.5673126935726032
735 : -2.768365099094808
736 : -1.2497745517175645
737 : -8.290333934128284
738 : -1.4044963996857405
739 : -8.139563783071935
740 : 0.44588026590645313
741 : -2.545704493764788
742 : -1.953414466814138
743 : -1.430356197990477
744 : -0.7916658744215965
745 : -1.3117950651794672
746 : -0.6952681420370936
747 : -1.1461798148229718
748 : -0.9636219688691199
749 : -1.4544219728559256
750 : -1.0627121604047716
751 : -3.545190575066954
752 : -2.152507724473253
753 : 4.944436465390027
754 : 0.04223252646625042
755 : -3.0196640016511083
756 : -6.299643603153527
757 : 2.1128845904022455
758 : -12.972615075297654
759 : -1.1803934921044856
760 : 0.24765908485278487
761 : -2.556578679010272
762 : -1.6281320378184319
763 : -0.8423397466540337
764 : -0.9430153373396024
765 : -0.012746249325573444
766 : -1.2656968142837286
767 : -1.010985161177814
768 : -1.6423113271594048
769 : -1.1778449630364776
770 : -3.5912977550178766
771 : -1.8742170701734722
772 : -3.0032203188166022
773 : -1.0180224480573088
774 : 1.2618566611781716
775 : 8.958110278472304
776 : 0.8068289943039417
777 : -1.1095875413157046
778 : 1.0915070418268442
779 : -0.565420494414866
780 : -0.8909565475769341
781 : -0.6685824794694781
782 : -1.4027365539222956
783 : -1.8470416460186243
784 : -1.2052908474579453
785 : -0.6169296037405729
786 : 9.713248760439456
787 : 1.739880349719897
788 : -4.704984811134636
789 : -1.952639788389206
790 : -1.3800693582743406
791 : -3.1918377224355936
792 : -1.4793535051867366
793 : 0.7075198427774012
794 : -1.9383323788642883
795 : -0.3914606422185898
796 : -1.4300218187272549
797 : -6.195177908986807
798 : 0.05404517985880375
799 : -0.8441797546111047
800 : 0.2415031287819147
801 : -2.9857001886703074
802 : -0.9228298123925924
803 : -1.735436917282641
804 : -1.719823196530342
805 : -1.6793884453363717
806 : -4.0452541103586555
807 : -1.570021491497755
808 : -0.7754452489316463
809 : -1.0096332058310509
810 : -12.556585600599647
811 : -1.0531481020152569
812 : -8.267097051255405
813 : -1.0659681069664657
814 : -1.2368533872067928
815 : -1.21843217080459
816 : 1.0563453827053308
817 : -2.226509223226458
818 : -1.2288430444896221
819 : -1.9340209774672985
820 : -1.077535011805594
821 : -2.084952339529991
822 : -1.2034154571592808
823 : -1.0659183766692877
824 : -0.5559353642165661
825 : -0.6957481689751148
826 : -1.4085334329865873
827 : -3.244686738587916
828 : -1.3002243675291538
829 : -8.776635558111593
830 : -1.3998751188628376
831 : -1.6097440421581268
832 : 1.8941988153383136
833 : -1.4711201079189777
834 : -1.2408780325204134
835 : -4.158335980901029
836 : 0.3186242189258337
837 : -6.430025819689035
838 : -1.3618085943162441
839 : 8.366272620856762
840 : -1.3624733109027147
841 : -1.2375823787879199
842 : -1.4697646386921406
843 : -0.8345904313027859
844 : 10.066673337831162
845 : -1.4565984732471406
846 : 0.17972092889249325
847 : -1.5020685528870672
848 : -0.8795898109674454
849 : -4.023033862002194
850 : -1.8094633519649506
851 : -1.27513944869861
852 : 0.2698614429682493
853 : -0.7057343637570739
854 : -1.897636029869318
855 : -2.281417458318174
856 : -1.3107373244129121
857 : -0.17673528962768614
858 : -1.6792670274153352
859 : -0.833993717096746
860 : -1.4853778458200395
861 : -1.0329625201411545
862 : -1.6580737014301121
863 : -0.7596627771854401
864 : -1.4641013238579035
865 : -5.341035187244415
866 : -0.7132086395286024
867 : -3.6002742731943727
868 : -1.2243409771472216
869 : 0.5975870531983674
870 : -1.7168668759986758
871 : -0.5812125350348651
872 : -2.0587535835802555
873 : -0.9252873472869396
874 : -2.6562734039034694
875 : -1.8455235958099365
876 : -3.4250991307199
877 : 0.023163313046097755
878 : 1.0507410429418087
879 : -0.8573142681270838
880 : -1.2218487272039056
881 : -1.06743180193007
882 : -3.045259442180395
883 : 3.539900637231767
884 : 1.473578010685742
885 : 0.7179400173481554
886 : 0.5056623383425176
887 : -1.5795646896585822
888 : -3.6412457483820617
889 : -0.9013010356575251
890 : -0.4790489599108696
891 : -1.6040775943547487
892 : 1.7760302382521331
893 : 2.53961537219584
894 : -2.804446754977107
895 : -0.42073205579072237
896 : -0.9901930149644613
897 : -1.1399460416287184
898 : -1.1432507697027177
899 : -6.751864509191364
900 : -1.6574829169549048
901 : 8.55705243255943
902 : -1.77678557112813
903 : -1.7136012213304639
904 : 0.2668460551649332
905 : -1.5571697615087032
906 : -2.15981810959056
907 : 5.289775621145964
908 : -1.1152020329609513
909 : -1.1676413863897324
910 : -1.5255083795636892
911 : -0.9536009123548865
912 : -1.9746352452784777
913 : 1.1714369445107877
914 : -2.234973192214966
915 : -10.219559274148196
916 : 0.17203327361494303
917 : -0.7708192579448223
918 : -1.5385085940361023
919 : -1.0788750983774662
920 : -0.31293814978562295
921 : 0.33685093093663454
922 : 2.8872623592615128
923 : 0.9657714723143727
924 : -1.3997796680778265
925 : -0.8639411190524697
926 : -1.2969661448150873
927 : -5.924956480041146
928 : 3.0537279155105352
929 : -2.632723244605586
930 : -2.886547942645848
931 : -3.187263509258628
932 : -2.3185574980452657
933 : -2.5685386154800653
934 : 1.7124863592907786
935 : 1.5481633562594652
936 : 0.019971164874732494
937 : -0.8626834945753217
938 : -1.7185023725032806
939 : -2.066933188820258
940 : 5.228395080426708
941 : -1.6615334767848253
942 : -0.8370578661561012
943 : -1.0921527198515832
944 : 1.3143186382949352
945 : -1.072996810078621
946 : -1.2140992265194654
947 : 13.344635803252459
948 : -0.8237066864967346
949 : -0.8408963419497013
950 : -1.9889532076194882
951 : -1.3675752934068441
952 : -2.804296175017953
953 : -0.5648770383559167
954 : -1.734472680836916
955 : -0.2993638291954994
956 : -0.8287475258111954
957 : -0.3738880818709731
958 : 1.2508266714867204
959 : -1.5520804019761272
960 : -0.06853523617610335
961 : -5.606708846986294
962 : -1.1346920118667185
963 : -0.8779830462299287
964 : -1.0091533230151981
965 : -1.0130758001469076
966 : -1.5056499280035496
967 : 4.726858307607472
968 : -1.8394468766637146
969 : -0.9520460050553083
970 : -1.8898008139804006
971 : 1.4460614109411836
972 : -1.0561163909733295
973 : -0.7057409388944507
974 : -1.4535348834469914
975 : -1.2913279719650745
976 : 8.807134925154969
977 : -0.9883761443197727
978 : -1.714957408607006
979 : -0.5589114269241691
980 : -0.9487250046804547
981 : -1.1539306454360485
982 : -1.7758033655118197
983 : -1.3304009540006518
984 : -1.4453052747994661
985 : -1.1687952312640846
986 : 4.436395926401019
987 : -5.502890378236771
988 : -2.8218222013674676
989 : -1.2367943581193686
990 : 0.38946027762722224
991 : -2.3856051862239838
992 : -1.678377346135676
993 : -2.406989974435419
994 : -1.6820433852262795
995 : -0.7024131370708346
996 : -8.15199718810618
997 : -0.054447432048618793
998 : -0.19091969961300492
999 : -1.579165942966938
Setting up 2 worker threads for Enlighten.
  Thread -> id: 7f7062e1e700 -> priority: 1 
  Thread -> id: 7f706261d700 -> priority: 1 
2020-06-24 04:06:21 INFO [environment.py:418] Environment shut down with return code 0.
[I 2020-06-24 04:06:21,264] Finished trial#165 with value: -1.579165942966938 with parameters: {'update_time_steps': 7168, 'ppo_epochs': 12, 'gamma': 0.9638037392375584, 'beta': 0.07537084863843571}. Best is trial#148 with value: -6.7115356754511595.
Found path: /home/j/jensenj/PycharmProjects/Federer-Jr./src/../crawler_single/linux/dynamic_server/crawler_dynamic.x86_64
Mono path[0] = '/home/j/jensenj/PycharmProjects/Federer-Jr./src/../crawler_single/linux/dynamic_server/crawler_dynamic_Data/Managed'
Mono config path = '/home/j/jensenj/PycharmProjects/Federer-Jr./src/../crawler_single/linux/dynamic_server/crawler_dynamic_Data/MonoBleedingEdge/etc'
Preloaded 'lib_burst_generated.so'
Preloaded 'libgrpc_csharp_ext.x64.so'
Initialize engine version: 2019.3.15f1 (59ff3e03856d)
[Subsystems] Discovering subsystems at path /home/j/jensenj/PycharmProjects/Federer-Jr./src/../crawler_single/linux/dynamic_server/crawler_dynamic_Data/UnitySubsystems
Forcing GfxDevice: Null
GfxDevice: creating device client; threaded=0
NullGfxDevice:
    Version:  NULL 1.0 [1.0]
    Renderer: Null Device
    Vendor:   Unity Technologies
Begin MonoManager ReloadAssembly
- Completed reload, in  0.096 seconds
WARNING: Shader Unsupported: 'Autodesk Interactive' - All passes removed
WARNING: Shader Did you use #pragma only_renderers and omit this platform?
UnloadTime: 0.426729 ms
Fallback handler could not load library /home/j/jensenj/PycharmProjects/Federer-Jr./src/../crawler_single/linux/dynamic_server/crawler_dynamic_Data/Mono/libcoreclr.so
Fallback handler could not load library /home/j/jensenj/PycharmProjects/Federer-Jr./src/../crawler_single/linux/dynamic_server/crawler_dynamic_Data/Mono/libcoreclr.so
Fallback handler could not load library /home/j/jensenj/PycharmProjects/Federer-Jr./src/../crawler_single/linux/dynamic_server/crawler_dynamic_Data/Mono/libcoreclr.so
Fallback handler could not load library /home/j/jensenj/PycharmProjects/Federer-Jr./src/../crawler_single/linux/dynamic_server/crawler_dynamic_Data/Mono/libSystem.dylib
Fallback handler could not load library /home/j/jensenj/PycharmProjects/Federer-Jr./src/../crawler_single/linux/dynamic_server/crawler_dynamic_Data/Mono/libSystem.dylib.so
Fallback handler could not load library /home/j/jensenj/PycharmProjects/Federer-Jr./src/../crawler_single/linux/dynamic_server/crawler_dynamic_Data/Mono/libSystem.dylib
Fallback handler could not load library /home/j/jensenj/PycharmProjects/Federer-Jr./src/../crawler_single/linux/dynamic_server/crawler_dynamic_Data/Mono/libcoreclr.so
Fallback handler could not load library /home/j/jensenj/PycharmProjects/Federer-Jr./src/../crawler_single/linux/dynamic_server/crawler_dynamic_Data/Mono/libcoreclr.so
Fallback handler could not load library /home/j/jensenj/PycharmProjects/Federer-Jr./src/../crawler_single/linux/dynamic_server/crawler_dynamic_Data/Mono/libcoreclr.so
Fallback handler could not load library /home/j/jensenj/PycharmProjects/Federer-Jr./src/../crawler_single/linux/dynamic_server/crawler_dynamic_Data/Mono/libSystem.dylib
Fallback handler could not load library /home/j/jensenj/PycharmProjects/Federer-Jr./src/../crawler_single/linux/dynamic_server/crawler_dynamic_Data/Mono/libSystem.dylib.so
Fallback handler could not load library /home/j/jensenj/PycharmProjects/Federer-Jr./src/../crawler_single/linux/dynamic_server/crawler_dynamic_Data/Mono/libSystem.dylib
2020-06-24 04:06:21 INFO [environment.py:108] Connected to Unity environment with package version 1.0.2 and communication version 1.0.0
2020-06-24 04:06:22 INFO [environment.py:265] Connected new brain:
CrawlerDynamic?team=0
2020-06-24 04:06:22 WARNING [__init__.py:92] The environment contains multiple observations. You must define allow_multiple_obs=True to receive them all. Otherwise, only the first visual observation (or vector observation ifthere are no visual observations) will be provided in the observation.
{'nr_output_features': 20, 'nr_input_features': 126, 'env': <gym_unity.envs.UnityToGymWrapper object at 0x7f421c199518>, 'alpha': 0.003, 'tau': 0.95, 'clip': 0.2, 'minibatch_size': 32, 'hidden_units': 512, 'update_time_steps': 9216, 'ppo_epochs': 16, 'gamma': 0.9731227798501603, 'beta': 0.05324939961946046}
0 : -1.5265303291380405
1 : -1.2223365092650056
2 : -0.5692604016512632
3 : -9.153054138179868
4 : -1.0749721322208643
5 : -0.7865653894841671
6 : -1.2839712304994464
7 : -1.6792592983692884
8 : -4.871339151635766
9 : -1.292091840878129
10 : -1.4192195683717728
11 : -1.499991153134033
12 : -1.834511810913682
13 : -0.8147029411047697
14 : -1.4678042065352201
15 : -1.3583922376856208
16 : 0.312545133754611
17 : -1.4991032425314188
18 : -2.8398652942851186
19 : -0.9297636244446039
20 : -0.4845709456130862
21 : -2.3153260331600904
22 : -1.41215156391263
23 : 0.006533375009894371
24 : -0.8746886877343059
25 : -1.3880218677222729
26 : 0.37576247565448284
27 : -2.9740936309099197
28 : -1.4165191892534494
29 : -0.8332224690821022
30 : -1.6112337745726109
31 : -0.7513108217390254
32 : 1.7581621333374642
33 : 0.9695512037724257
34 : -1.525459470693022
35 : -1.2540370137430727
36 : -1.5077106039971113
37 : -1.710343323647976
38 : -0.5430123759433627
39 : 0.8666394716128707
40 : -1.2114137690514326
41 : -0.8278866838663816
42 : -1.8759742360562086
43 : 0.2517285021021962
44 : -1.6102451644837856
45 : -0.6548303426243365
46 : -0.9893323122523725
47 : -0.951874797232449
48 : -1.3191143912263215
49 : -0.08136139810085297
50 : 3.155227538663894
51 : -1.2901109168305993
52 : -1.063986205495894
53 : -6.637273673899472
54 : -2.499935987405479
55 : -1.3218855746090412
56 : 4.344210506184027
57 : -1.196419875137508
58 : -1.1139692212454975
59 : -1.0053015146404505
60 : -1.7202103892341256
61 : -1.4486903324723244
62 : -6.822743078926578
63 : -1.506369230337441
64 : 2.803420277312398
65 : -1.8637764416635036
66 : -1.5164000876247883
67 : -0.7087222393602133
68 : -1.296314555220306
69 : 2.339089749380946
70 : -1.7271939031779766
71 : -1.7191952569410205
72 : -1.366726266220212
73 : -0.9573621021118015
74 : 2.9945752904750407
75 : 0.7440142170526087
76 : 0.5901026884093881
77 : -1.4638025909662247
78 : -1.0325654954649508
79 : -3.380443292669952
80 : -1.8715212563984096
81 : -1.439095831476152
82 : -0.8804942183196545
83 : -3.5297067461069673
84 : -1.0909740077331662
85 : -3.6705748015083373
86 : 0.5006182640790939
87 : -0.7453003409318626
88 : -1.7464383020997047
89 : -7.066576579585671
90 : -1.3967713452875614
91 : -1.3617501379922032
92 : -1.0932590309530497
93 : -7.942516260780394
94 : -1.7911358680576086
95 : -1.4344067061319947
96 : -2.1672830177703872
97 : -2.851260919123888
98 : -1.7747564250603318
99 : -0.9518236648291349
100 : -2.289161222986877
101 : -1.0403582165017724
102 : -2.869357567746192
103 : -2.5473129265010357
104 : -0.8635903522372246
105 : -1.249513195361942
106 : -1.298362402827479
107 : -1.2002454325556755
108 : -1.163736741989851
109 : 2.315867990255356
110 : -1.0431798668578267
111 : 0.3804492671042681
112 : -1.9267326779663563
113 : -2.1338758505880833
114 : -1.7514597044792026
115 : -1.3734496599063277
116 : -5.453422378748655
117 : -2.1036742962896824
118 : -1.500504513271153
119 : -7.328577718697488
120 : -1.622479827143252
121 : -0.8863650923594832
122 : -1.040274920873344
123 : -5.279776740819216
124 : 2.598534496501088
125 : -0.5949514401145279
126 : -7.84324568323791
127 : -1.7879991587251425
128 : -0.7202255195006728
129 : 2.1797059550881386
130 : 3.805911031551659
131 : -1.8197525618597865
132 : -10.072271739132702
133 : -1.570732661522925
134 : -0.9645428420044482
135 : -1.4619706310331821
136 : -5.202596270479262
137 : -1.058763824403286
138 : -9.163007114082575
139 : -0.019969260785728693
140 : 0.5141107682138681
141 : -0.8273901529610157
142 : 6.171519233845174
143 : -4.348240204155445
144 : -1.46899638697505
145 : 0.1049664719030261
146 : -2.368338603526354
147 : -1.3063936112448573
148 : -2.5579295307397842
149 : -1.241806895006448
150 : -0.677463804371655
151 : -0.9294459773227572
152 : 0.586097321473062
153 : -2.020843965932727
154 : 1.8031997820362449
155 : -2.3561995467171073
156 : -2.1488490849733353
157 : -1.3995489357039332
158 : 0.2894727676175535
159 : -1.5948125636205077
160 : -0.860977241769433
161 : 4.54439552873373
162 : -2.7226197557756677
163 : -1.3311007381416857
164 : -0.8491641618311405
165 : 0.22413482144474983
166 : -1.2232014993205667
167 : 1.3423381447792053
168 : -1.1000614166259766
169 : -4.542876344174147
170 : -1.8556666471995413
171 : -6.941175524145365
172 : -1.2630034040194005
173 : -0.835750475525856
174 : -1.6827092925086617
175 : -0.8245699563995004
176 : -1.136404869146645
177 : -3.0805628579109907
178 : -1.1488435184583068
179 : 1.0957970907911658
180 : 0.38032486103475094
181 : -5.0699360254220665
182 : -1.3678798647597432
183 : -1.7589773535728455
184 : -0.7377938367426395
185 : 4.380406725220382
186 : -2.5680975671857595
187 : -1.881654402706772
188 : -3.6440855325199664
189 : -1.4423255026340485
190 : 5.080541959498078
191 : -0.917434589471668
192 : 6.462081249803305
193 : -2.0093019446358085
194 : -1.8127231411635876
195 : -0.911308097653091
196 : -2.0239576026797295
197 : -3.7190943360328674
198 : -1.4961876161396503
199 : -1.877388309687376
200 : -1.7213831916451454
201 : -0.737023756839335
202 : -0.09495110996067524
203 : -0.8264106139540672
204 : -1.0470602931454778
205 : -1.3647775277495384
206 : -1.2125803623348475
207 : -0.20902775041759014
208 : 1.4633905314840376
209 : -1.0722764362581074
210 : -2.432410918176174
211 : -1.306745504727587
212 : 0.6625733703840524
213 : -0.26792027801275253
214 : -0.9108029110357165
215 : -2.03012865036726
216 : -0.7538181971758604
217 : -0.8500754637643695
218 : -0.7949471767060459
219 : -0.45461312867701054
220 : -3.9700708512682468
221 : -0.943934811744839
222 : -1.1227011762093753
223 : -1.4185981831979007
224 : -1.536488376557827
225 : -1.3557104696519673
226 : -1.7764094099402428
227 : -1.2643376996275038
228 : -1.2289343420416117
229 : -1.8406848800368607
230 : 2.2033912716433406
231 : -2.601072854362428
232 : 2.46339993737638
233 : -0.474188020452857
234 : -0.2809198349714279
235 : -1.3136494671925902
236 : -1.9613912925124168
237 : -0.6477174125611782
238 : -3.176612190902233
239 : -1.1033521494828165
240 : -2.1958050094544888
241 : 8.828208286780864
242 : -1.5903241327032447
243 : -1.0110539067536592
244 : -0.27819872833788395
245 : -2.2970618142280728
246 : -0.6997711975127459
247 : -0.18302825558930635
248 : -4.740046665072441
249 : -2.0127366855740547
250 : -2.6253218948841095
251 : 1.1800977531820536
252 : -1.3708574939519167
253 : -0.7874556272290647
254 : -1.0476743043400347
255 : -0.8571018101647496
256 : -1.9839473124593496
257 : -1.1351021621376276
258 : -1.4800765812397003
259 : -0.47928530629724264
260 : -2.6890682093799114
261 : -0.8916411232203245
262 : 2.695428549312055
263 : -1.258182603865862
264 : -1.6866195490583777
265 : -1.3218269112985581
266 : -1.3055802886374295
267 : -0.835249288007617
268 : -1.336140246130526
269 : -3.01932023325935
270 : -1.1631040256470442
271 : -1.1727204229682684
272 : -0.6745055564679205
273 : -0.7988693853840232
274 : -1.3814765308052301
275 : 0.5608643628656864
276 : 6.4205627255141735
277 : -1.772683896124363
278 : 0.2989307940006256
279 : -2.2041008844971657
280 : -1.6499641004484147
281 : -0.2898628395050764
282 : -1.7517998982220888
283 : -3.0922148139216006
284 : -0.6184241608716547
285 : -1.210868096910417
286 : -1.3438683487474918
287 : 0.2547830203548074
288 : -3.332133350893855
289 : -1.5615964904427528
290 : -1.8353076968342066
291 : 1.3179970942437649
292 : -1.331563093001023
293 : -0.8352406928315759
294 : -1.3325924165546894
295 : -4.30248192884028
296 : -0.6154913553036749
297 : -1.2361559607088566
298 : -1.0506318714469671
299 : -1.3523624800145626
300 : 2.243468872271478
301 : -1.6250432152301073
302 : -1.693715963512659
303 : -2.0908746663480997
304 : -1.2369564971886575
305 : -1.3896714746952057
306 : -1.3241227278485894
307 : -1.098643486853689
308 : -1.153839336708188
309 : 3.7682880335487425
310 : -1.9984393403865397
311 : -0.9984868615865707
312 : -1.3381220875307918
313 : -6.4524947386235
314 : -1.5001142560504377
315 : -1.17080157995224
316 : -1.30992909707129
317 : -0.044182130601257086
318 : -0.9985170587897301
319 : -1.0735492007806897
320 : 3.051689816173166
321 : -0.8222534775268286
322 : -1.5997203271836042
323 : -2.233603974804282
324 : -7.02082840539515
325 : -2.610078625380993
326 : -0.7333261868916452
327 : 1.0323304198682308
328 : -1.466504028532654
329 : -1.2762034088373184
330 : -1.2312675416469574
331 : -0.9459713166579604
332 : -1.6831861552782357
333 : -0.6419255086220801
334 : -0.8921460881829262
335 : -3.3313511025626212
336 : -1.1244196062907577
337 : 2.221621382050216
338 : -1.1018700962886214
339 : -4.434246591757983
340 : -1.4435171838849783
341 : -6.482260534539819
342 : -3.837083902209997
343 : -4.7703927308321
344 : -0.011324018705636263
345 : -0.4395669302903116
346 : -1.7284533828496933
347 : -0.9217197364196181
348 : -1.5461220052093267
349 : 3.232037485577166
350 : -1.5516540198586881
351 : -0.9428258752450347
[W 2020-06-24 04:13:51,567] Setting status of trial#177 as TrialState.FAIL because of the following error: ValueError('array split does not result in an equal division',)
Traceback (most recent call last):
  File "/home/j/jensenj/.local/lib/python3.6/site-packages/numpy/lib/shape_base.py", line 867, in split
    len(indices_or_sections)
TypeError: object of type 'int' has no len()

During handling of the above exception, another exception occurred:

Traceback (most recent call last):
  File "/home/j/jensenj/.local/lib/python3.6/site-packages/optuna/study.py", line 734, in _run_trial
    result = func(trial)
  File "main-optuna.py", line 88, in objective
    returns = [episode(env, agent, params, writer, i) for i in range(training_episodes)]
  File "main-optuna.py", line 88, in <listcomp>
    returns = [episode(env, agent, params, writer, i) for i in range(training_episodes)]
  File "main-optuna.py", line 40, in episode
    agent.update(next_state)
  File "/home/j/jensenj/PycharmProjects/Federer-Jr./src/ppo.py", line 140, in update
    for states, actions, old_log_probs, returns, advantages in self.memory.sample_batch(self.minibatch_size, next_value):
  File "/home/j/jensenj/PycharmProjects/Federer-Jr./src/ppo.py", line 44, in sample_batch
    ids = np.split(ids, batch_size // minibatch_size)
  File "<__array_function__ internals>", line 6, in split
  File "/home/j/jensenj/.local/lib/python3.6/site-packages/numpy/lib/shape_base.py", line 873, in split
    'array split does not result in an equal division')
ValueError: array split does not result in an equal division
Traceback (most recent call last):
  File "/home/j/jensenj/.local/lib/python3.6/site-packages/numpy/lib/shape_base.py", line 867, in split
    len(indices_or_sections)
TypeError: object of type 'int' has no len()

During handling of the above exception, another exception occurred:

Traceback (most recent call last):
  File "main-optuna.py", line 103, in <module>
    study.optimize(objective, n_trials=1000)
  File "/home/j/jensenj/.local/lib/python3.6/site-packages/optuna/study.py", line 339, in optimize
    func, n_trials, timeout, catch, callbacks, gc_after_trial, None
  File "/home/j/jensenj/.local/lib/python3.6/site-packages/optuna/study.py", line 682, in _optimize_sequential
    self._run_trial_and_callbacks(func, catch, callbacks, gc_after_trial)
  File "/home/j/jensenj/.local/lib/python3.6/site-packages/optuna/study.py", line 713, in _run_trial_and_callbacks
    trial = self._run_trial(func, catch, gc_after_trial)
  File "/home/j/jensenj/.local/lib/python3.6/site-packages/optuna/study.py", line 734, in _run_trial
    result = func(trial)
  File "main-optuna.py", line 88, in objective
    returns = [episode(env, agent, params, writer, i) for i in range(training_episodes)]
  File "main-optuna.py", line 88, in <listcomp>
    returns = [episode(env, agent, params, writer, i) for i in range(training_episodes)]
  File "main-optuna.py", line 40, in episode
    agent.update(next_state)
  File "/home/j/jensenj/PycharmProjects/Federer-Jr./src/ppo.py", line 140, in update
    for states, actions, old_log_probs, returns, advantages in self.memory.sample_batch(self.minibatch_size, next_value):
  File "/home/j/jensenj/PycharmProjects/Federer-Jr./src/ppo.py", line 44, in sample_batch
    ids = np.split(ids, batch_size // minibatch_size)
  File "<__array_function__ internals>", line 6, in split
  File "/home/j/jensenj/.local/lib/python3.6/site-packages/numpy/lib/shape_base.py", line 873, in split
    'array split does not result in an equal division')
ValueError: array split does not result in an equal division
Setting up 2 worker threads for Enlighten.
  Thread -> id: 7f9cf1595700 -> priority: 1 
  Thread -> id: 7f9cf0d94700 -> priority: 1 
2020-06-24 04:13:51 INFO [environment.py:418] Environment shut down with return code 0.
