slurmstepd-oybach: error: Unable to create TMPDIR [/tmp/user/30108]: Permission denied
slurmstepd-oybach: error: Setting TMPDIR to /tmp
Found path: /home/j/jensenj/PycharmProjects/Federer-Jr./src/../crawler_single/linux/dynamic_server/crawler_dynamic.x86_64
Mono path[0] = '/home/j/jensenj/PycharmProjects/Federer-Jr./src/../crawler_single/linux/dynamic_server/crawler_dynamic_Data/Managed'
Mono config path = '/home/j/jensenj/PycharmProjects/Federer-Jr./src/../crawler_single/linux/dynamic_server/crawler_dynamic_Data/MonoBleedingEdge/etc'
Preloaded 'lib_burst_generated.so'
Preloaded 'libgrpc_csharp_ext.x64.so'
Initialize engine version: 2019.3.15f1 (59ff3e03856d)
[Subsystems] Discovering subsystems at path /home/j/jensenj/PycharmProjects/Federer-Jr./src/../crawler_single/linux/dynamic_server/crawler_dynamic_Data/UnitySubsystems
Forcing GfxDevice: Null
GfxDevice: creating device client; threaded=0
NullGfxDevice:
    Version:  NULL 1.0 [1.0]
    Renderer: Null Device
    Vendor:   Unity Technologies
Begin MonoManager ReloadAssembly
- Completed reload, in  0.098 seconds
WARNING: Shader Unsupported: 'Autodesk Interactive' - All passes removed
WARNING: Shader Did you use #pragma only_renderers and omit this platform?
UnloadTime: 0.429981 ms
Fallback handler could not load library /home/j/jensenj/PycharmProjects/Federer-Jr./src/../crawler_single/linux/dynamic_server/crawler_dynamic_Data/Mono/libcoreclr.so
Fallback handler could not load library /home/j/jensenj/PycharmProjects/Federer-Jr./src/../crawler_single/linux/dynamic_server/crawler_dynamic_Data/Mono/libcoreclr.so
Fallback handler could not load library /home/j/jensenj/PycharmProjects/Federer-Jr./src/../crawler_single/linux/dynamic_server/crawler_dynamic_Data/Mono/libcoreclr.so
Fallback handler could not load library /home/j/jensenj/PycharmProjects/Federer-Jr./src/../crawler_single/linux/dynamic_server/crawler_dynamic_Data/Mono/libSystem.dylib
Fallback handler could not load library /home/j/jensenj/PycharmProjects/Federer-Jr./src/../crawler_single/linux/dynamic_server/crawler_dynamic_Data/Mono/libSystem.dylib.so
Fallback handler could not load library /home/j/jensenj/PycharmProjects/Federer-Jr./src/../crawler_single/linux/dynamic_server/crawler_dynamic_Data/Mono/libSystem.dylib
Fallback handler could not load library /home/j/jensenj/PycharmProjects/Federer-Jr./src/../crawler_single/linux/dynamic_server/crawler_dynamic_Data/Mono/libcoreclr.so
Fallback handler could not load library /home/j/jensenj/PycharmProjects/Federer-Jr./src/../crawler_single/linux/dynamic_server/crawler_dynamic_Data/Mono/libcoreclr.so
Fallback handler could not load library /home/j/jensenj/PycharmProjects/Federer-Jr./src/../crawler_single/linux/dynamic_server/crawler_dynamic_Data/Mono/libcoreclr.so
Fallback handler could not load library /home/j/jensenj/PycharmProjects/Federer-Jr./src/../crawler_single/linux/dynamic_server/crawler_dynamic_Data/Mono/libSystem.dylib
Fallback handler could not load library /home/j/jensenj/PycharmProjects/Federer-Jr./src/../crawler_single/linux/dynamic_server/crawler_dynamic_Data/Mono/libSystem.dylib.so
Fallback handler could not load library /home/j/jensenj/PycharmProjects/Federer-Jr./src/../crawler_single/linux/dynamic_server/crawler_dynamic_Data/Mono/libSystem.dylib
/home/j/jensenj/.local/lib/python3.6/site-packages/tensorboard/compat/tensorflow_stub/dtypes.py:541: FutureWarning: Passing (type, 1) or '1type' as a synonym of type is deprecated; in a future version of numpy, it will be understood as (type, (1,)) / '(1,)type'.
  _np_qint8 = np.dtype([("qint8", np.int8, 1)])
/home/j/jensenj/.local/lib/python3.6/site-packages/tensorboard/compat/tensorflow_stub/dtypes.py:542: FutureWarning: Passing (type, 1) or '1type' as a synonym of type is deprecated; in a future version of numpy, it will be understood as (type, (1,)) / '(1,)type'.
  _np_quint8 = np.dtype([("quint8", np.uint8, 1)])
/home/j/jensenj/.local/lib/python3.6/site-packages/tensorboard/compat/tensorflow_stub/dtypes.py:543: FutureWarning: Passing (type, 1) or '1type' as a synonym of type is deprecated; in a future version of numpy, it will be understood as (type, (1,)) / '(1,)type'.
  _np_qint16 = np.dtype([("qint16", np.int16, 1)])
/home/j/jensenj/.local/lib/python3.6/site-packages/tensorboard/compat/tensorflow_stub/dtypes.py:544: FutureWarning: Passing (type, 1) or '1type' as a synonym of type is deprecated; in a future version of numpy, it will be understood as (type, (1,)) / '(1,)type'.
  _np_quint16 = np.dtype([("quint16", np.uint16, 1)])
/home/j/jensenj/.local/lib/python3.6/site-packages/tensorboard/compat/tensorflow_stub/dtypes.py:545: FutureWarning: Passing (type, 1) or '1type' as a synonym of type is deprecated; in a future version of numpy, it will be understood as (type, (1,)) / '(1,)type'.
  _np_qint32 = np.dtype([("qint32", np.int32, 1)])
/home/j/jensenj/.local/lib/python3.6/site-packages/tensorboard/compat/tensorflow_stub/dtypes.py:550: FutureWarning: Passing (type, 1) or '1type' as a synonym of type is deprecated; in a future version of numpy, it will be understood as (type, (1,)) / '(1,)type'.
  np_resource = np.dtype([("resource", np.ubyte, 1)])
2020-06-24 03:42:01 INFO [environment.py:108] Connected to Unity environment with package version 1.0.2 and communication version 1.0.0
2020-06-24 03:42:01 INFO [environment.py:265] Connected new brain:
CrawlerDynamic?team=0
2020-06-24 03:42:01 WARNING [__init__.py:92] The environment contains multiple observations. You must define allow_multiple_obs=True to receive them all. Otherwise, only the first visual observation (or vector observation ifthere are no visual observations) will be provided in the observation.
/home/j/jensenj/.local/lib/python3.6/site-packages/gym/logger.py:30: UserWarning: WARN: Box bound precision lowered by casting to float32
  warnings.warn(colorize('%s: %s'%('WARN', msg % args), 'yellow'))
{'nr_output_features': 20, 'nr_input_features': 126, 'env': <gym_unity.envs.UnityToGymWrapper object at 0x7f878a4edf60>, 'alpha': 0.003, 'tau': 0.95, 'clip': 0.2, 'minibatch_size': 32, 'hidden_units': 512, 'update_time_steps': 7168, 'ppo_epochs': 11, 'gamma': 0.9644959330751713, 'beta': 0.05555856615282034}
0 : 1.239477697527036
1 : -1.0123267327435315
2 : 2.27183791808784
3 : -0.9683515606448054
4 : -0.8861604128032923
5 : -1.83327083196491
6 : -1.383481695316732
7 : -1.3589790994301438
8 : 0.42316163796931505
9 : -0.4691432404797524
10 : -2.495875771623105
11 : -1.4787746141664684
12 : -1.2261023744940758
13 : -1.051485520787537
14 : 0.9805473173037171
15 : -1.0257618920877576
16 : 0.9008713904768229
17 : 3.103724105283618
18 : -0.6190537270158529
19 : -2.0741732958704233
20 : -1.9794807466678321
21 : -0.6049227872863412
22 : -4.541417067870498
23 : -2.1334231421351433
24 : -1.069816111586988
25 : -0.7474317522719502
26 : -1.3864695765078068
27 : -0.9450402241200209
28 : -5.263505665119737
29 : 4.4273356311023235
30 : -1.3536003604531288
31 : -1.0595387800130993
32 : 4.792664437554777
33 : -1.9162077642977238
34 : -1.4011558657512069
35 : -1.0864288392476737
36 : -2.124648340046406
37 : 1.4790195524692535
38 : -0.24056467600166798
39 : -2.951985869091004
40 : -2.9162858650670387
41 : -1.251282287761569
42 : -1.4624674879014492
43 : 7.379021254368126
44 : 2.9033241062425077
45 : -1.053411178290844
46 : -1.061937301652506
47 : -2.2926104478538036
48 : -1.7910212344722822
49 : -1.110648542875424
50 : -0.610535379499197
51 : -1.0035918937064707
52 : 1.8591915029101074
53 : -1.7046594228595495
54 : -0.6501622376963496
55 : -1.503326516598463
56 : -2.2249588071135804
57 : -6.8743126024492085
58 : -1.4348341966979206
59 : -4.280248262686655
60 : -1.552920639514923
61 : -6.474987620487809
62 : -0.9420915772207081
63 : -0.2036961205303669
64 : -2.77541508898139
65 : -11.444817339070141
66 : -1.5737502593547106
67 : -3.767439069226384
68 : -1.3392466846853495
69 : -11.407321963459253
70 : 2.657378302887082
71 : -1.065031495410949
72 : 1.240947661921382
73 : -1.6837034299969673
74 : -1.1098783323541284
75 : -3.0508662573993206
76 : -1.0286613972857594
77 : 0.15302940923720598
78 : -8.216988543514162
79 : -3.727174927480519
80 : -1.6333353011868894
81 : -11.010722996201366
82 : -0.6571530634537339
83 : -0.7879001265391707
84 : -1.2120141051709652
85 : -1.6363542675971985
86 : -13.952513177413493
87 : -3.415071685332805
88 : -1.918008916079998
89 : -1.7470885897055268
90 : -1.3628768436610699
91 : -1.0011608372442424
92 : -6.362450126558542
93 : 2.762690127128735
94 : 9.054172989912331
95 : -1.2436196701601148
96 : -0.9350752364844084
97 : -1.6721980683505535
98 : -0.7507951240986586
99 : -1.9122873656451702
100 : -0.5671563800424337
101 : -3.512322503142059
102 : 5.003199041355401
103 : -5.875551486387849
104 : 0.6341596636921167
105 : 8.218899114523083
106 : -2.6594178825616837
107 : -1.3236824818886817
108 : -0.47585501708090305
109 : -1.2962131574749947
110 : -1.4223126128781587
111 : -1.0513415839523077
112 : -4.764844291377813
113 : -1.5171475047245622
114 : -1.0703947944566607
115 : -2.438434988260269
116 : -1.0052598677575588
117 : -1.2227215971797705
118 : -0.8033589427359402
119 : -1.3668584029655904
120 : -1.4178133313544095
121 : -2.5467600557021797
122 : -0.2952552828937769
123 : -1.1743028042837977
124 : -1.4148639573249966
125 : -1.7754381969571114
126 : -0.9926558686420321
127 : -1.451843911781907
128 : 0.8481304943561554
129 : -1.6397761311382055
130 : -2.827153794467449
131 : -1.7828595933970064
132 : 1.637628624215722
133 : -1.6188420495018363
134 : -3.6208847984671593
135 : -2.5337341190315783
136 : -0.9619119167327881
137 : -1.7983216238208115
138 : -9.555728061124682
139 : -1.3867142940871418
140 : -1.258329689502716
141 : -0.8737288676202297
142 : -1.0058151463745162
143 : -1.6283508390188217
144 : -1.5141202823724598
145 : -4.863837745971978
146 : -1.9919730238616467
147 : -6.758618156425655
148 : 0.33609059639275074
149 : -3.3140315050259233
150 : -5.913208229874726
151 : -1.932012964040041
152 : -1.5782441031187773
153 : -1.5277317389845848
154 : -1.4880740949884057
155 : 0.6685713306069374
156 : -1.8192766541615129
157 : -0.6509706573560834
158 : -2.234313274733722
159 : -1.1967431295197457
160 : -2.133661122061312
161 : 1.840699820779264
162 : 1.111304771155119
163 : -1.227838580030948
164 : -2.2055125148035586
165 : -0.9924603765830398
166 : 1.3598222779110074
167 : -1.4465860547497869
168 : -1.0939602699363604
169 : -2.45114504173398
170 : -1.0439852643758059
171 : -3.1541584345977753
172 : -4.662484093569219
173 : -2.4378038025461137
174 : -0.9416550006717443
175 : 1.0404290370643139
176 : 0.0742609107401222
177 : -0.2037304900586605
178 : -1.633905756752938
179 : -1.757034793496132
180 : -2.364292680635117
181 : -0.8161870762705803
182 : -2.3107571471482515
183 : -1.6177211967296898
184 : -0.9401555210351944
185 : -1.155400938470848
186 : -1.3146814443171024
187 : -1.004141163546592
188 : -1.6698443237692118
189 : 1.8967553398106247
190 : -0.96526806242764
191 : -0.9562240159139037
192 : 2.118288309313357
193 : -4.367834146367386
194 : -2.215502532199025
195 : -0.2947787642478943
196 : -3.0840908400714397
197 : -0.9859518120065331
198 : -1.9510533977299929
199 : -1.9473433047533035
200 : -1.687957082875073
201 : -1.4403756451793015
202 : -2.0121845863759518
203 : -1.7287211613729596
204 : -3.9519360843114555
205 : -0.9544559326022863
206 : -1.2546555055305362
207 : -0.9879851043224335
208 : 1.9955777139402926
209 : -1.274194267578423
210 : -1.0610006731003523
211 : -7.247329812496901
212 : 2.826221290277317
213 : -0.7826331835240126
214 : -1.5355685725808144
215 : -2.0628036335110664
216 : -5.555956145748496
217 : -2.993166903965175
218 : -2.3603208800777793
219 : -1.3577192211523652
220 : -0.874671159312129
221 : 0.9712190930731595
222 : 1.522298498544842
223 : -1.4875338710844517
224 : -2.21743868291378
225 : 3.924765012226999
226 : -0.8570624864660203
227 : -2.2183874077163637
228 : -1.2758566085249186
229 : -3.192870673723519
230 : 21.456983041018248
231 : -0.2279910387005657
232 : -26.493061526678503
233 : -1.6704059168696404
234 : -0.6873251185752451
235 : -1.001214122865349
236 : -0.8729868829250336
237 : -1.7112741116434336
238 : 10.06118462048471
239 : -1.152134376578033
240 : -2.6517073307186365
241 : -1.490449077449739
242 : -0.5130606098100543
243 : -1.454067511484027
244 : 0.45918601565063
245 : 2.404236387461424
246 : -0.764100574888289
247 : -3.0823982059955597
248 : -1.5292714722454548
249 : -0.8255766262300313
250 : 0.23601545649580657
251 : -1.1357414545491338
252 : -0.9454226195812225
253 : -0.9437204143032432
254 : -1.8449735422618687
255 : -0.6945991916581988
256 : -0.44021627865731716
257 : -0.6825754642486572
258 : -9.294050988741219
259 : -1.4205169780179858
260 : -1.423313899897039
261 : -0.4770352663472295
262 : -0.7222100673243403
263 : -2.497046370059252
264 : 0.180926819331944
265 : -1.5170747209340334
266 : -6.2399732721969485
267 : -1.3740958832204342
268 : -0.581787867937237
269 : -1.735182985663414
270 : -1.4903968239668757
271 : 2.0437393276952207
272 : -1.6524481773376465
273 : -0.6950395219027996
274 : 2.10195735655725
275 : 1.5973317744210362
276 : -1.4652202790603042
277 : -2.73777525825426
278 : -1.181202832609415
279 : -0.9522934779524803
280 : -5.6802999302744865
281 : -1.0235351528972387
282 : -1.165064100176096
283 : -1.3119993917644024
284 : -1.8589008995331824
285 : -1.7754909992218018
286 : -0.5617818157188594
287 : 0.8530251239426434
288 : -1.2232563102152199
289 : -1.0230339327827096
290 : 2.1246345075778663
291 : -7.657893839292228
292 : -1.6726747620850801
293 : -0.8862881567329168
294 : 2.7844426594674587
295 : -1.7919533289968967
296 : -1.2384633193723857
297 : 2.3197066616266966
298 : -5.734094228595495
299 : -3.5317450929433107
300 : -13.954828269779682
301 : -0.4259261810220778
302 : -10.123713782988489
303 : -1.3723385659977794
304 : 1.4213053844869137
305 : -1.2810428268276155
306 : -2.8906565443612635
307 : -0.5705300276167691
308 : -1.5996221899986267
309 : 5.890289946459234
310 : -0.6833910997956991
311 : -3.257311685010791
312 : -5.258584190160036
313 : 0.7410153895616531
314 : -1.4497608514502645
315 : -0.7219126881100237
316 : 1.2843256639316678
317 : -5.399167996831238
318 : -0.709083104506135
319 : 0.5261396139394492
320 : -0.5238147582858801
321 : -4.958925006911159
322 : -3.1304665077477694
323 : -2.7688012425787747
324 : -1.7456374615430832
325 : -1.288812130689621
326 : -0.929145410656929
327 : -1.0698058935813606
328 : -1.517387103755027
329 : -0.6986837666481733
330 : -7.44940308528021
331 : -1.502989897504449
332 : -2.2077056858688593
333 : -12.936696733115241
334 : -1.2998220920562744
335 : -1.0900225634104572
336 : -18.912208734080195
337 : -2.5609228936955333
338 : -11.647800305392593
339 : -1.189017497934401
340 : -0.7877710931934416
341 : -9.252576790750027
342 : -1.9378879768773913
343 : -1.6857126280665398
344 : -5.308897797949612
345 : 1.7383138462901115
346 : -0.9414962492883205
347 : -1.0695947147905827
348 : -4.259433435741812
349 : -1.5794382570311427
350 : -0.03060195897705853
351 : -1.5166569985449314
352 : -8.148295232094824
353 : -1.3607605821453035
354 : -1.879728581290692
355 : 0.29569023847579956
356 : -2.5447771614417434
357 : 1.0632633976638317
358 : -1.7979886457324028
359 : -4.804732679389417
360 : -1.7114116586744785
361 : -0.9827842805534601
362 : -7.119592737406492
363 : -1.2317337116692215
364 : 0.9818859952501953
365 : -0.9291153894737363
366 : -0.8109833672642708
367 : -1.8348582480102777
368 : -1.6606618892401457
369 : -2.9022182433400303
370 : -3.260212888941169
371 : -1.5386691316962242
372 : -0.5222779703326523
373 : -1.5002169089857489
374 : -9.83454961469397
375 : -0.9800471621565521
376 : -0.7920797518454492
377 : -1.4582363655790687
378 : -1.3260020408779383
379 : -3.1534241437911987
380 : -3.543353686109185
381 : 0.45467086927965283
382 : -6.417244162410498
383 : -1.3736052997410297
384 : -2.2660499829798937
385 : 0.6435316950082779
386 : -0.8458034438081086
387 : -1.3140652747824788
388 : -5.777894487604499
389 : -2.101315125823021
390 : -7.577004298567772
391 : -3.052436776459217
392 : -4.557302343193442
393 : -2.2254705876111984
394 : -2.6960456697270274
395 : -1.0051805842667818
396 : -1.6923342663794756
397 : 0.31434390041977167
398 : -1.4631901802495122
399 : -3.962689039297402
400 : 6.7888555666431785
401 : -4.0476277746493
402 : -4.395689777098596
403 : -1.2059973441064358
404 : 5.378757366910577
405 : -1.268654203042388
406 : -1.6668913550674915
407 : -2.193277847021818
408 : -0.8534342451021075
409 : -0.774249654263258
410 : -0.8681991752237082
411 : -22.963700180058368
412 : -1.523584807291627
413 : -10.455035157501698
414 : 4.946618515998125
415 : -1.7306215073913336
416 : -1.5188016705214977
417 : -1.7375224847346544
418 : -0.23524681758135557
419 : -1.6328020878136158
420 : -1.2912062481045723
421 : -4.365802135318518
422 : -1.5348188085481524
423 : -0.8587435339577496
424 : 1.6414972809143364
425 : -11.905391220003366
426 : 0.4277503043413162
427 : -2.9331245766952634
428 : 1.7220856389030814
429 : -1.5724875281448476
430 : -1.2474026009440422
431 : -1.3661052258685231
432 : -4.83438815549016
433 : -2.4039926226250827
434 : 3.848142744973302
435 : -1.3147352316882461
436 : -1.1364913862198591
437 : -3.8941275482065976
438 : -1.2712239688262343
439 : -0.5842967946082354
440 : -1.8830777443945408
441 : 0.2761376965790987
442 : -1.19986503967084
443 : -1.4125754367560148
444 : -1.2605681121349335
445 : 2.398360710591078
446 : -4.29597248043865
447 : -1.97209583921358
448 : -2.5560004375874996
449 : -4.233282159548253
450 : -1.6278756987303495
451 : -6.307478129165247
452 : 1.6542645283043385
453 : -1.2531097084283829
454 : -1.4956313371658325
455 : -6.197926004417241
456 : -18.439812421798706
457 : -0.9167881635949016
458 : -0.924183014081791
459 : -3.071498792152852
460 : -0.8763796184211969
461 : 0.704863203689456
462 : 3.146181607618928
463 : -0.551294325850904
464 : -1.5175256943330169
465 : -1.477164180483669
466 : -1.4633254501968622
467 : -4.44878286216408
468 : -0.9126540818251669
469 : -1.6836949530988932
470 : -1.264798051211983
471 : -4.042252941988409
472 : -6.167850176803768
473 : -1.493099176324904
474 : -1.3848826852627099
475 : -0.7838807618245482
476 : -1.3732207585126162
477 : -0.09131964819971472
478 : -1.6663259484339505
479 : -1.5510767046362162
480 : -0.7051663482561707
481 : -1.2801349330693483
482 : -1.5873748306185007
483 : 0.4474276923574507
484 : -1.2069926001131535
485 : -1.4488554429262877
486 : -1.0595073280856013
487 : -0.738137842155993
488 : -1.495658747619018
489 : -4.733229139819741
490 : 1.7582238437607884
491 : -2.0152849024161696
492 : -5.170076748356223
493 : -1.5246343780308962
494 : -15.722801327705383
495 : -1.8628900796175003
496 : -2.587103852070868
497 : -1.4647769811563194
498 : 11.386832953430712
499 : -1.3871653077658266
500 : -2.302793737500906
501 : -11.876878244802356
502 : -0.9601417891681194
503 : -1.509484425187111
504 : -1.9122756347060204
505 : -1.7745797783136368
506 : -1.6832661032676697
507 : -2.685595736838877
508 : -2.6590518285520375
509 : -1.4664791841059923
510 : -5.103968089446425
511 : 0.994316004216671
512 : -6.064041872508824
513 : -6.319359838962555
514 : -1.6359396316111088
515 : -0.014932260382920504
516 : -1.0732231605798006
517 : -0.7832773542031646
518 : -1.1710092164576054
519 : -3.173394648358226
520 : -4.591408093459904
521 : -8.094093919498846
522 : -2.4747543558478355
523 : -0.9684036020189524
524 : -0.9917396819218993
525 : -0.9994949596002698
526 : -3.939940959215164
527 : -0.9389309487305582
528 : -0.576453166315332
529 : -2.3538197949528694
530 : -3.7116377102211118
531 : -0.7155366707593203
532 : 2.7548810741864145
533 : 8.295852952636778
534 : -4.435735299717635
535 : 10.304325208533555
536 : -1.0370917608961463
537 : -1.3185132490471005
538 : 2.336227236315608
539 : -0.12407704326324165
540 : -0.8492100914008915
541 : -1.4025808908045292
542 : -1.2577337939292192
543 : -0.949220011010766
544 : -4.003366123419255
545 : -2.428342282772064
546 : 0.7810584043618292
547 : -1.6713478034362197
548 : -1.1151471491903067
549 : -1.018418232910335
550 : 1.8411168702878058
551 : 2.8937788722105324
552 : -2.2684679068624973
553 : -0.39164507342502475
554 : -1.0463884570635855
555 : -1.2404916351661086
556 : -1.9021878652274609
557 : 3.252716798335314
558 : -1.0954350579995662
559 : -1.0998555272817612
560 : -1.8407247178256512
561 : -1.3951344126835465
562 : -2.1439230125397444
563 : -1.7722665760666132
564 : -0.26206825487315655
565 : -1.5799764394760132
566 : -0.6909475326538086
567 : -1.1273345747031271
568 : -1.057615795172751
569 : -1.0531959882937372
570 : -4.437896341085434
571 : -1.2299294844269753
572 : -1.1815678840503097
573 : 1.483386061154306
574 : -2.3624620735645294
575 : -1.3981689929496497
576 : -5.452539477497339
577 : -0.9151384946890175
578 : -3.5977715458720922
579 : -1.3843228719197214
580 : -1.3996017072349787
581 : 4.83755954913795
582 : 0.27450831048190594
583 : -0.8848433196544647
584 : -4.2873327527195215
585 : -0.9221098481211811
586 : -0.3292491314932704
587 : -8.417150050401688
588 : 5.295094950124621
589 : -2.526538681704551
590 : -2.8472254863008857
591 : -2.003751687705517
592 : -1.2850725892931223
593 : -1.0889807855710387
594 : -1.1558240056037903
595 : -1.6758155254647136
596 : -9.128786443732679
597 : -1.3426887737587094
598 : -1.3994897492229939
599 : -1.9288565265014768
600 : 2.90511048771441
601 : -0.9856265913695097
602 : -1.322478761896491
603 : -2.7197499093599617
604 : -1.9885653397068381
605 : -2.68187044095248
606 : -3.5706902500241995
607 : -1.2922066375613213
608 : -0.3055293448269367
609 : 8.411518389359117
610 : -2.291560031939298
611 : -1.037994652055204
612 : -1.4029737440869212
613 : -2.443616302218288
614 : -2.8809383818879724
615 : -2.1646241545677185
616 : -0.8095946786925197
617 : -1.314392764121294
618 : 0.877696193754673
619 : -1.6809520355891436
620 : -1.6388079598546028
621 : -0.026233084499835968
622 : -3.6585489572025836
623 : -1.2487228023819625
624 : -1.3320296257734299
625 : -1.526643617078662
626 : 0.06621000682935119
627 : -1.4290800020098686
628 : -14.436909711919725
629 : 1.2273408556357026
630 : -1.1536776847206056
631 : -1.0258117588236928
632 : -1.9899120582267642
633 : -0.8404772283975035
634 : -0.8464490175247192
635 : 0.09519334230571985
636 : -1.7063605058938265
637 : -0.4797246968373656
638 : -6.038384227082133
639 : -3.6274596638977528
640 : 1.1359078716486692
641 : -1.474220959469676
642 : -1.0951271869707853
643 : -4.794306017458439
644 : -0.9085461869835854
645 : -0.05217239446938038
646 : -5.435036696959287
647 : -0.9087134613655508
648 : -3.507347351871431
649 : 0.5921269245445728
650 : -5.516406715847552
651 : -1.5062991678714752
652 : -1.8280518874526024
653 : -1.5682115172967315
654 : -1.5896004913374782
655 : 3.656398145481944
656 : -0.9402679263148457
657 : -1.5280110742896795
658 : 7.929120467044413
659 : -1.401669497601688
660 : 0.4441958125680685
661 : -1.3463381552137434
662 : -3.376641881186515
663 : -1.0379060115665197
664 : 1.0326236933469772
665 : -11.377456855028868
666 : -2.770294188288972
667 : 1.1600595554336905
668 : -1.9577047117054462
669 : -6.32819231133908
670 : -2.7690697461366653
671 : -0.9004934732802212
672 : -2.446426543407142
673 : 0.3442833945155144
674 : -0.8287957478314638
675 : -3.716958458535373
676 : -1.472167553845793
677 : -0.9837700817734003
678 : -0.609833343885839
679 : -0.785348569508642
680 : -1.246697542257607
681 : -1.4555648725945503
682 : -3.2100372249260545
683 : -1.7579101668670774
684 : -1.1030490323901176
685 : -1.5909054161747918
686 : -5.425061692018062
687 : -4.084861763985828
688 : -1.6341484244912863
689 : -6.886301206890494
690 : -6.453661453910172
691 : -1.626926064491272
692 : -0.9202293744310737
693 : -1.6529915491119027
694 : -1.5168599942699075
695 : -1.9159965449944139
696 : -2.2809564913623035
697 : -1.55028006574139
698 : -0.8240270968526602
699 : -0.9045912567526102
700 : 0.6166383298113942
701 : -1.0005538780242205
702 : 10.607297273352742
703 : -0.3657149546779692
704 : -1.229616440832615
705 : 4.446540175005794
706 : 7.034426373429596
707 : -0.5853316560387611
708 : 0.205030994489789
709 : 0.02673216350376606
710 : -2.9905174535233527
711 : -2.029796216636896
712 : 0.43813278689049184
713 : -0.672971211373806
714 : -2.6036574074532837
715 : 2.5071147195994854
716 : 3.6816982297459617
717 : 0.37099863216280937
718 : 2.4611035138368607
719 : -4.037270341999829
720 : -1.3903130416292697
721 : -1.0256301353219897
722 : -1.1812035645125434
723 : 0.05345796747133136
724 : -0.9320416871923953
725 : -4.880538767203689
726 : 0.20950521901249886
727 : -1.5673433914780617
728 : -4.482839308679104
729 : 0.5079197194427252
730 : -1.698802100494504
731 : -1.8203597869724035
732 : -5.1904527202714235
733 : -1.8111123703420162
734 : -1.8727702153846622
735 : 3.743242336437106
736 : -1.5387220233678818
737 : -11.237325569614768
738 : -9.077034901827574
739 : -0.9119299259036779
740 : -1.860993737820536
741 : -0.6622009482234716
742 : -3.4109805608168244
743 : -1.6934931017458439
744 : -1.397658976726234
745 : -24.465474151074886
746 : -1.7336515504866838
747 : -1.9634550400078297
748 : 7.197485011885874
749 : 1.7462403792887926
750 : -1.3979976791888475
751 : 1.4527971958741546
752 : -1.1260765474289656
753 : -1.7534448597580194
754 : 1.1515277968719602
755 : -0.8893785225227475
756 : -0.4341614991426468
757 : -1.6844424605369568
758 : -1.4441414382308722
759 : -1.1659718067385256
760 : -1.1049250457435846
761 : -1.0278490176424384
762 : -1.1191984959878027
763 : -1.3404636509367265
764 : -2.611539790406823
765 : -4.414667676202953
766 : -0.992501282133162
767 : -1.0900432206690311
768 : -1.0691107213497162
769 : -5.336645122617483
770 : -1.0201069286558777
771 : -1.0544457104988396
772 : 4.3411200270056725
773 : -0.7283334331586957
774 : -11.571852456778288
775 : 7.2151361824944615
776 : -1.0290914364159107
777 : 1.7642362350597978
778 : -0.8161728545092046
779 : -0.1529144523665309
780 : -1.5624493174254894
781 : -0.7753281900659204
782 : -1.5944403251633048
783 : -4.438515018671751
784 : -0.9451952893286943
785 : -9.203358730766922
786 : -2.011692512780428
787 : 5.717925383942202
788 : -3.0923353382386267
789 : -0.8196594910696149
790 : -0.6772810504771769
791 : 0.3849289738573134
792 : 9.974526959471405
793 : 3.5965388752520084
794 : -1.2096582502126694
795 : 2.3025080021470785
796 : -1.2576584024354815
797 : -1.2730275723151863
798 : -3.079217120539397
799 : -0.973745419178158
800 : -1.294457203708589
801 : -1.8452891260385513
802 : -2.1535351073835045
803 : -1.9468812374398112
804 : 4.446084596216679
805 : -0.8066269140690565
806 : -14.134094472974539
807 : -5.449725064449012
808 : -3.9155486170202494
809 : 2.771767375059426
810 : -1.4359991159290075
811 : -1.7791080391034484
812 : 0.14742506947368383
813 : -4.73805995285511
814 : -1.346044820966199
815 : 0.2842170288786292
816 : -0.19802086194977164
817 : 9.020332209765911
818 : -0.8054398614913225
819 : 0.1363047966733575
820 : 1.6941763598006219
821 : -1.8603165373206139
822 : -3.223396590910852
823 : -1.7479567867703736
824 : -1.0228251540102065
825 : 4.351076996419579
826 : -1.6024260073900223
827 : -7.4180009260308
828 : -5.256892898119986
829 : -0.16885575279593468
830 : -1.7378913443535566
831 : -1.394328505732119
832 : -1.1284749833866954
833 : -0.8708416284061968
834 : -1.5147645883262157
835 : -2.1576369116082788
836 : 1.6801099805161357
837 : -1.7217827066779137
838 : -1.1705962750129402
839 : -3.5062635764479637
840 : 0.31196446530520916
841 : -1.0923576736822724
842 : 3.0330476807430387
843 : -1.7656737938523293
844 : 3.451516434084624
845 : -1.6150201617274433
846 : -1.4409303455613554
847 : -1.2506812550127506
848 : -1.6259881295263767
849 : 26.806536694755778
850 : 6.279085703194141
851 : -5.12287687882781
852 : -1.0459339544177055
853 : 0.22427314659580588
854 : -1.2989013334736228
855 : 14.663813835941255
856 : -1.6370127387344837
857 : -2.2432297649793327
858 : 2.8179494785144925
859 : -1.4032791405916214
860 : -4.343100070022047
861 : -1.5855657830834389
862 : -2.1824728928040713
863 : -1.0919751974288374
864 : -0.6440262207761407
865 : -2.3456440274603665
866 : 3.1322054360061884
867 : -1.6672582430765033
868 : -1.356827175244689
869 : -2.0922262519598007
870 : 2.595329135656357
871 : -1.4916166979819536
872 : -2.426522091962397
873 : -1.69213508348912
874 : -3.6047418429516256
875 : -1.1089072688482702
876 : -0.8650621995329857
877 : -0.9270691499114037
878 : -1.2759104501456022
879 : -1.4924760162830353
880 : -4.947467603255063
881 : -2.2181155998259783
882 : 1.6373868137598038
883 : -1.8026698417961597
884 : 0.8704089769162238
885 : -0.633250224404037
886 : -0.9210013449192047
887 : -1.7341113556176424
888 : 1.595195096801035
889 : -1.6156002366915345
890 : 2.314313919749111
891 : -1.1064463946968317
892 : -1.679515273310244
893 : -3.3523941366001964
894 : 26.220466140657663
895 : -2.893408512696624
896 : -1.0003200243227184
897 : -5.995775647461414
898 : -2.3773687444627285
899 : -4.068374142050743
900 : -2.478601816110313
901 : -1.1081750020384789
902 : 4.285648796707392
903 : -2.4250048585236073
904 : -2.0908396914601326
905 : -2.677570663858205
906 : -1.2943270597606897
907 : -0.5005591767840087
908 : -1.780489874072373
909 : -7.12804267636966
910 : -1.2216587336733937
911 : -0.11521620023995638
912 : -0.762505223043263
913 : -1.4628720805048943
914 : 1.252576390746981
915 : -13.685510237701237
916 : -1.5121841938234866
917 : 0.5577244493179023
918 : -3.690834902692586
919 : -0.975553956348449
920 : -1.6213979003950953
921 : -1.7999031622894108
922 : -1.8962896727025509
923 : 2.359596872702241
924 : -1.3363727405667305
925 : -6.1940443171188235
926 : -4.191225416958332
927 : -2.1021220423281193
928 : -19.426223867107183
929 : -2.608511514030397
930 : -1.4591767189558595
931 : 3.3626834889873862
932 : -1.5667868317104876
933 : -2.471721936017275
934 : -1.6903374372050166
935 : -1.151355131994933
936 : 5.350664240308106
937 : -0.9584563644602895
938 : 7.720020799897611
939 : 0.07903207466006279
940 : -0.9669712511822581
941 : -1.1530136936344206
942 : 5.6394731546752155
943 : -0.3902823179960251
944 : -0.1838760757818818
945 : -2.18616059422493
946 : 1.2525455951690674
947 : 0.719253689632751
948 : 0.8840327337384224
949 : -1.1201820289716125
950 : -1.1385245472192764
951 : -1.0016940841451287
952 : -0.869641400873661
953 : -4.461551094893366
954 : 10.829025883926079
955 : -1.7797600030899048
956 : -0.32401553774252534
957 : 3.8297282312996686
958 : -1.1796969277784228
959 : 3.383831549435854
960 : -1.8191644973121583
961 : -1.542526155244559
962 : 0.6704100929200649
963 : 3.061744512990117
964 : -0.8991516828536987
965 : 0.49711628444492817
966 : -1.7947042072191834
967 : -1.318475615233183
968 : -0.8814276936464012
969 : -1.5163721982389688
970 : 4.245266851037741
971 : 3.8357989471405745
972 : -3.6739586079493165
973 : 2.4189175539650023
974 : -0.9935945263132453
975 : 3.676398196257651
976 : -2.665585437323898
977 : -2.53761525452137
978 : -1.451213451102376
979 : -10.4047517683357
980 : -14.012647124007344
981 : -0.7062879921868443
982 : -4.4327544597908854
983 : 1.3031374774873257
984 : -0.969113789498806
985 : -1.2906283354386687
986 : -0.6934826823417097
987 : -1.84284146130085
988 : -6.256826411932707
989 : -1.436878683976829
990 : 0.3243438070639968
991 : -0.9554953323677182
992 : 1.1623538611456752
993 : -0.7789576482027769
994 : -4.379925986053422
995 : 2.983967252075672
996 : -0.7913786778226495
997 : -4.632669010665268
998 : -1.1968794092535973
999 : -1.151894684880972
Setting up 2 worker threads for Enlighten.
  Thread -> id: 7f9893f61700 -> priority: 1 
  Thread -> id: 7f9893760700 -> priority: 1 
2020-06-24 04:11:24 INFO [environment.py:418] Environment shut down with return code 0.
[I 2020-06-24 04:11:24,370] Finished trial#149 with value: -1.151894684880972 with parameters: {'update_time_steps': 7168, 'ppo_epochs': 11, 'gamma': 0.9644959330751713, 'beta': 0.05555856615282034}. Best is trial#148 with value: -6.7115356754511595.
Found path: /home/j/jensenj/PycharmProjects/Federer-Jr./src/../crawler_single/linux/dynamic_server/crawler_dynamic.x86_64
Mono path[0] = '/home/j/jensenj/PycharmProjects/Federer-Jr./src/../crawler_single/linux/dynamic_server/crawler_dynamic_Data/Managed'
Mono config path = '/home/j/jensenj/PycharmProjects/Federer-Jr./src/../crawler_single/linux/dynamic_server/crawler_dynamic_Data/MonoBleedingEdge/etc'
Preloaded 'lib_burst_generated.so'
Preloaded 'libgrpc_csharp_ext.x64.so'
Initialize engine version: 2019.3.15f1 (59ff3e03856d)
[Subsystems] Discovering subsystems at path /home/j/jensenj/PycharmProjects/Federer-Jr./src/../crawler_single/linux/dynamic_server/crawler_dynamic_Data/UnitySubsystems
Forcing GfxDevice: Null
GfxDevice: creating device client; threaded=0
NullGfxDevice:
    Version:  NULL 1.0 [1.0]
    Renderer: Null Device
    Vendor:   Unity Technologies
Begin MonoManager ReloadAssembly
- Completed reload, in  0.097 seconds
WARNING: Shader Unsupported: 'Autodesk Interactive' - All passes removed
WARNING: Shader Did you use #pragma only_renderers and omit this platform?
UnloadTime: 0.451360 ms
Fallback handler could not load library /home/j/jensenj/PycharmProjects/Federer-Jr./src/../crawler_single/linux/dynamic_server/crawler_dynamic_Data/Mono/libcoreclr.so
Fallback handler could not load library /home/j/jensenj/PycharmProjects/Federer-Jr./src/../crawler_single/linux/dynamic_server/crawler_dynamic_Data/Mono/libcoreclr.so
Fallback handler could not load library /home/j/jensenj/PycharmProjects/Federer-Jr./src/../crawler_single/linux/dynamic_server/crawler_dynamic_Data/Mono/libcoreclr.so
Fallback handler could not load library /home/j/jensenj/PycharmProjects/Federer-Jr./src/../crawler_single/linux/dynamic_server/crawler_dynamic_Data/Mono/libSystem.dylib
Fallback handler could not load library /home/j/jensenj/PycharmProjects/Federer-Jr./src/../crawler_single/linux/dynamic_server/crawler_dynamic_Data/Mono/libSystem.dylib.so
Fallback handler could not load library /home/j/jensenj/PycharmProjects/Federer-Jr./src/../crawler_single/linux/dynamic_server/crawler_dynamic_Data/Mono/libSystem.dylib
Fallback handler could not load library /home/j/jensenj/PycharmProjects/Federer-Jr./src/../crawler_single/linux/dynamic_server/crawler_dynamic_Data/Mono/libcoreclr.so
Fallback handler could not load library /home/j/jensenj/PycharmProjects/Federer-Jr./src/../crawler_single/linux/dynamic_server/crawler_dynamic_Data/Mono/libcoreclr.so
Fallback handler could not load library /home/j/jensenj/PycharmProjects/Federer-Jr./src/../crawler_single/linux/dynamic_server/crawler_dynamic_Data/Mono/libcoreclr.so
Fallback handler could not load library /home/j/jensenj/PycharmProjects/Federer-Jr./src/../crawler_single/linux/dynamic_server/crawler_dynamic_Data/Mono/libSystem.dylib
Fallback handler could not load library /home/j/jensenj/PycharmProjects/Federer-Jr./src/../crawler_single/linux/dynamic_server/crawler_dynamic_Data/Mono/libSystem.dylib.so
Fallback handler could not load library /home/j/jensenj/PycharmProjects/Federer-Jr./src/../crawler_single/linux/dynamic_server/crawler_dynamic_Data/Mono/libSystem.dylib
2020-06-24 04:11:25 INFO [environment.py:108] Connected to Unity environment with package version 1.0.2 and communication version 1.0.0
2020-06-24 04:11:25 INFO [environment.py:265] Connected new brain:
CrawlerDynamic?team=0
2020-06-24 04:11:25 WARNING [__init__.py:92] The environment contains multiple observations. You must define allow_multiple_obs=True to receive them all. Otherwise, only the first visual observation (or vector observation ifthere are no visual observations) will be provided in the observation.
{'nr_output_features': 20, 'nr_input_features': 126, 'env': <gym_unity.envs.UnityToGymWrapper object at 0x7f878a3f8cf8>, 'alpha': 0.003, 'tau': 0.95, 'clip': 0.2, 'minibatch_size': 32, 'hidden_units': 512, 'update_time_steps': 9216, 'ppo_epochs': 8, 'gamma': 0.9449253048100204, 'beta': 0.09198565233432739}
0 : -2.815698891878128
1 : -4.31884104013443
2 : -1.0373682701028883
3 : -1.0251199770718813
4 : -0.776846457272768
5 : -1.1356346504762769
6 : -1.4952854090370238
7 : -0.35262012435123324
8 : -1.2232805495150387
9 : -1.570342417806387
10 : -1.6056707808747888
11 : -1.4444787041284144
12 : -1.4700853265821934
13 : -0.9451085021719337
14 : -1.5465469770133495
15 : -0.6025319881737232
16 : -0.46135524846613407
17 : 1.3314618207514286
18 : -1.5133065422996879
19 : 2.8775282483547926
20 : -6.869400453753769
21 : -1.7548384703695774
22 : -0.8812669226899743
23 : -12.495871629798785
24 : 0.4757399521768093
25 : 3.3001446910202503
26 : -0.6823061108589172
27 : -2.497977017890662
28 : -1.4230700726620853
29 : -1.6458821974229068
30 : -1.4836479965597391
31 : -5.770391659811139
32 : -0.6059769513085485
33 : -1.0944441016763449
34 : 0.2743478836491704
35 : -1.4826715022791177
36 : 2.4342683041468263
37 : -1.8845785222947598
38 : -1.3656310788355768
39 : -0.7741018133237958
40 : -1.0586120709776878
41 : 1.4538104524835944
42 : -1.4888399243354797
43 : -0.3670708639547229
44 : -0.2064396385103464
45 : -0.845870622433722
46 : -0.48573066387325525
47 : -2.451300874352455
48 : -0.1576557457447052
49 : -1.3999558063223958
50 : -1.4045123211108148
51 : -4.398397204466164
52 : 0.6671387588139623
53 : -0.8757883361540735
54 : -1.8416248317807913
55 : 2.5459698454942554
56 : -2.058874361217022
57 : -1.5471982154995203
58 : -1.2824828289449215
59 : -0.9221897714305669
60 : -1.1278301400598139
61 : -10.439185606315732
62 : -1.8518626540899277
63 : -0.7541506066918373
64 : 4.600797395221889
65 : -2.1621367186307907
66 : -2.797779392451048
67 : 0.12015090230852365
68 : -0.5745576759800315
69 : -1.0193675961345434
70 : -0.5762827321887016
71 : -1.5101113431155682
72 : -1.5389562170021236
73 : -0.5190834505483508
74 : -1.7003206238150597
75 : 1.9527833051979542
76 : -1.7115884386003017
77 : 0.845835349522531
78 : 1.2506515600252897
79 : -1.8865515869110823
80 : -1.9513389989733696
81 : -1.5602865256369114
82 : -3.6729732919484377
83 : 0.04771318472921848
84 : -0.8298955694772303
85 : -0.7674914002418518
86 : 20.606573519296944
87 : -1.0432775393128395
88 : -0.7553719975985587
[W 2020-06-24 04:13:41,164] Setting status of trial#184 as TrialState.FAIL because of the following error: ValueError('array split does not result in an equal division',)
Traceback (most recent call last):
  File "/home/j/jensenj/.local/lib/python3.6/site-packages/numpy/lib/shape_base.py", line 867, in split
    len(indices_or_sections)
TypeError: object of type 'int' has no len()

During handling of the above exception, another exception occurred:

Traceback (most recent call last):
  File "/home/j/jensenj/.local/lib/python3.6/site-packages/optuna/study.py", line 734, in _run_trial
    result = func(trial)
  File "main-optuna.py", line 88, in objective
    returns = [episode(env, agent, params, writer, i) for i in range(training_episodes)]
  File "main-optuna.py", line 88, in <listcomp>
    returns = [episode(env, agent, params, writer, i) for i in range(training_episodes)]
  File "main-optuna.py", line 40, in episode
    agent.update(next_state)
  File "/home/j/jensenj/PycharmProjects/Federer-Jr./src/ppo.py", line 140, in update
    for states, actions, old_log_probs, returns, advantages in self.memory.sample_batch(self.minibatch_size, next_value):
  File "/home/j/jensenj/PycharmProjects/Federer-Jr./src/ppo.py", line 44, in sample_batch
    ids = np.split(ids, batch_size // minibatch_size)
  File "<__array_function__ internals>", line 6, in split
  File "/home/j/jensenj/.local/lib/python3.6/site-packages/numpy/lib/shape_base.py", line 873, in split
    'array split does not result in an equal division')
ValueError: array split does not result in an equal division
Traceback (most recent call last):
  File "/home/j/jensenj/.local/lib/python3.6/site-packages/numpy/lib/shape_base.py", line 867, in split
    len(indices_or_sections)
TypeError: object of type 'int' has no len()

During handling of the above exception, another exception occurred:

Traceback (most recent call last):
  File "main-optuna.py", line 103, in <module>
    study.optimize(objective, n_trials=1000)
  File "/home/j/jensenj/.local/lib/python3.6/site-packages/optuna/study.py", line 339, in optimize
    func, n_trials, timeout, catch, callbacks, gc_after_trial, None
  File "/home/j/jensenj/.local/lib/python3.6/site-packages/optuna/study.py", line 682, in _optimize_sequential
    self._run_trial_and_callbacks(func, catch, callbacks, gc_after_trial)
  File "/home/j/jensenj/.local/lib/python3.6/site-packages/optuna/study.py", line 713, in _run_trial_and_callbacks
    trial = self._run_trial(func, catch, gc_after_trial)
  File "/home/j/jensenj/.local/lib/python3.6/site-packages/optuna/study.py", line 734, in _run_trial
    result = func(trial)
  File "main-optuna.py", line 88, in objective
    returns = [episode(env, agent, params, writer, i) for i in range(training_episodes)]
  File "main-optuna.py", line 88, in <listcomp>
    returns = [episode(env, agent, params, writer, i) for i in range(training_episodes)]
  File "main-optuna.py", line 40, in episode
    agent.update(next_state)
  File "/home/j/jensenj/PycharmProjects/Federer-Jr./src/ppo.py", line 140, in update
    for states, actions, old_log_probs, returns, advantages in self.memory.sample_batch(self.minibatch_size, next_value):
  File "/home/j/jensenj/PycharmProjects/Federer-Jr./src/ppo.py", line 44, in sample_batch
    ids = np.split(ids, batch_size // minibatch_size)
  File "<__array_function__ internals>", line 6, in split
  File "/home/j/jensenj/.local/lib/python3.6/site-packages/numpy/lib/shape_base.py", line 873, in split
    'array split does not result in an equal division')
ValueError: array split does not result in an equal division
Setting up 2 worker threads for Enlighten.
  Thread -> id: 7f339ffff700 -> priority: 1 
  Thread -> id: 7f339f7fe700 -> priority: 1 
2020-06-24 04:13:41 INFO [environment.py:418] Environment shut down with return code 0.
