slurmstepd-egau: error: Unable to create TMPDIR [/tmp/user/30108]: Permission denied
slurmstepd-egau: error: Setting TMPDIR to /tmp
Found path: /home/j/jensenj/PycharmProjects/Federer-Jr./src/../crawler_single/linux/dynamic_server/crawler_dynamic.x86_64
Mono path[0] = '/home/j/jensenj/PycharmProjects/Federer-Jr./src/../crawler_single/linux/dynamic_server/crawler_dynamic_Data/Managed'
Mono config path = '/home/j/jensenj/PycharmProjects/Federer-Jr./src/../crawler_single/linux/dynamic_server/crawler_dynamic_Data/MonoBleedingEdge/etc'
Preloaded 'lib_burst_generated.so'
Preloaded 'libgrpc_csharp_ext.x64.so'
Initialize engine version: 2019.3.15f1 (59ff3e03856d)
[Subsystems] Discovering subsystems at path /home/j/jensenj/PycharmProjects/Federer-Jr./src/../crawler_single/linux/dynamic_server/crawler_dynamic_Data/UnitySubsystems
Forcing GfxDevice: Null
GfxDevice: creating device client; threaded=0
NullGfxDevice:
    Version:  NULL 1.0 [1.0]
    Renderer: Null Device
    Vendor:   Unity Technologies
Begin MonoManager ReloadAssembly
- Completed reload, in  0.366 seconds
WARNING: Shader Unsupported: 'Autodesk Interactive' - All passes removed
WARNING: Shader Did you use #pragma only_renderers and omit this platform?
UnloadTime: 0.442354 ms
Fallback handler could not load library /home/j/jensenj/PycharmProjects/Federer-Jr./src/../crawler_single/linux/dynamic_server/crawler_dynamic_Data/Mono/libcoreclr.so
Fallback handler could not load library /home/j/jensenj/PycharmProjects/Federer-Jr./src/../crawler_single/linux/dynamic_server/crawler_dynamic_Data/Mono/libcoreclr.so
Fallback handler could not load library /home/j/jensenj/PycharmProjects/Federer-Jr./src/../crawler_single/linux/dynamic_server/crawler_dynamic_Data/Mono/libcoreclr.so
Fallback handler could not load library /home/j/jensenj/PycharmProjects/Federer-Jr./src/../crawler_single/linux/dynamic_server/crawler_dynamic_Data/Mono/libSystem.dylib
Fallback handler could not load library /home/j/jensenj/PycharmProjects/Federer-Jr./src/../crawler_single/linux/dynamic_server/crawler_dynamic_Data/Mono/libSystem.dylib.so
Fallback handler could not load library /home/j/jensenj/PycharmProjects/Federer-Jr./src/../crawler_single/linux/dynamic_server/crawler_dynamic_Data/Mono/libSystem.dylib
Fallback handler could not load library /home/j/jensenj/PycharmProjects/Federer-Jr./src/../crawler_single/linux/dynamic_server/crawler_dynamic_Data/Mono/libcoreclr.so
Fallback handler could not load library /home/j/jensenj/PycharmProjects/Federer-Jr./src/../crawler_single/linux/dynamic_server/crawler_dynamic_Data/Mono/libcoreclr.so
Fallback handler could not load library /home/j/jensenj/PycharmProjects/Federer-Jr./src/../crawler_single/linux/dynamic_server/crawler_dynamic_Data/Mono/libcoreclr.so
Fallback handler could not load library /home/j/jensenj/PycharmProjects/Federer-Jr./src/../crawler_single/linux/dynamic_server/crawler_dynamic_Data/Mono/libSystem.dylib
Fallback handler could not load library /home/j/jensenj/PycharmProjects/Federer-Jr./src/../crawler_single/linux/dynamic_server/crawler_dynamic_Data/Mono/libSystem.dylib.so
Fallback handler could not load library /home/j/jensenj/PycharmProjects/Federer-Jr./src/../crawler_single/linux/dynamic_server/crawler_dynamic_Data/Mono/libSystem.dylib
/home/j/jensenj/.local/lib/python3.6/site-packages/tensorboard/compat/tensorflow_stub/dtypes.py:541: FutureWarning: Passing (type, 1) or '1type' as a synonym of type is deprecated; in a future version of numpy, it will be understood as (type, (1,)) / '(1,)type'.
  _np_qint8 = np.dtype([("qint8", np.int8, 1)])
/home/j/jensenj/.local/lib/python3.6/site-packages/tensorboard/compat/tensorflow_stub/dtypes.py:542: FutureWarning: Passing (type, 1) or '1type' as a synonym of type is deprecated; in a future version of numpy, it will be understood as (type, (1,)) / '(1,)type'.
  _np_quint8 = np.dtype([("quint8", np.uint8, 1)])
/home/j/jensenj/.local/lib/python3.6/site-packages/tensorboard/compat/tensorflow_stub/dtypes.py:543: FutureWarning: Passing (type, 1) or '1type' as a synonym of type is deprecated; in a future version of numpy, it will be understood as (type, (1,)) / '(1,)type'.
  _np_qint16 = np.dtype([("qint16", np.int16, 1)])
/home/j/jensenj/.local/lib/python3.6/site-packages/tensorboard/compat/tensorflow_stub/dtypes.py:544: FutureWarning: Passing (type, 1) or '1type' as a synonym of type is deprecated; in a future version of numpy, it will be understood as (type, (1,)) / '(1,)type'.
  _np_quint16 = np.dtype([("quint16", np.uint16, 1)])
/home/j/jensenj/.local/lib/python3.6/site-packages/tensorboard/compat/tensorflow_stub/dtypes.py:545: FutureWarning: Passing (type, 1) or '1type' as a synonym of type is deprecated; in a future version of numpy, it will be understood as (type, (1,)) / '(1,)type'.
  _np_qint32 = np.dtype([("qint32", np.int32, 1)])
/home/j/jensenj/.local/lib/python3.6/site-packages/tensorboard/compat/tensorflow_stub/dtypes.py:550: FutureWarning: Passing (type, 1) or '1type' as a synonym of type is deprecated; in a future version of numpy, it will be understood as (type, (1,)) / '(1,)type'.
  np_resource = np.dtype([("resource", np.ubyte, 1)])
2020-06-24 03:42:58 INFO [environment.py:108] Connected to Unity environment with package version 1.0.2 and communication version 1.0.0
2020-06-24 03:42:58 INFO [environment.py:265] Connected new brain:
CrawlerDynamic?team=0
2020-06-24 03:42:58 WARNING [__init__.py:92] The environment contains multiple observations. You must define allow_multiple_obs=True to receive them all. Otherwise, only the first visual observation (or vector observation ifthere are no visual observations) will be provided in the observation.
/home/j/jensenj/.local/lib/python3.6/site-packages/gym/logger.py:30: UserWarning: WARN: Box bound precision lowered by casting to float32
  warnings.warn(colorize('%s: %s'%('WARN', msg % args), 'yellow'))
{'nr_output_features': 20, 'nr_input_features': 126, 'env': <gym_unity.envs.UnityToGymWrapper object at 0x7f22507d4f98>, 'alpha': 0.003, 'tau': 0.95, 'clip': 0.2, 'minibatch_size': 32, 'hidden_units': 512, 'update_time_steps': 7168, 'ppo_epochs': 12, 'gamma': 0.9641960938259293, 'beta': 0.0770850453155808}
0 : -1.2938654976896942
1 : -1.2059265077114105
2 : -1.7411904279142618
3 : 3.7444783970713615
4 : -1.649219710379839
5 : -1.4993279352784157
6 : -2.546206507831812
7 : -1.5337209720164537
8 : -1.0793119282461703
9 : -1.7230655401945114
10 : -1.9664223995059729
11 : -0.4959399080835283
12 : -1.3888591174036264
13 : -0.7516212197951972
14 : -1.6097847372293472
15 : -0.4850313887000084
16 : -1.5836398303508759
17 : -1.6067687906324863
18 : -1.4988271296024323
19 : -2.164107022807002
20 : -1.6150448005646467
21 : -1.1084379209205508
22 : -0.9268194790929556
23 : -1.3682063524611294
24 : -1.6069156657904387
25 : -1.1719620102085173
26 : 0.19867524318397045
27 : -2.0105175636708736
28 : -0.9038355532102287
29 : -1.8765897299163043
30 : -3.751123631373048
31 : -2.359733539633453
32 : -1.3221976615168387
33 : -0.8045809864997864
34 : -1.7562683280557394
35 : -0.8743434837087989
36 : -1.3303623157553375
37 : -0.6643647635355592
38 : -1.9868692047894
39 : -0.9263200340792537
40 : 0.5151116978377104
41 : -1.2875780705362558
42 : -0.2958984086290002
43 : -1.1723420983180404
44 : -2.0293858235236257
45 : 1.3730759383179247
46 : -1.1561685521155596
47 : -1.223220324376598
48 : -4.299432408530265
49 : -1.215768288820982
50 : -4.928563279099762
51 : -0.9321775063872337
52 : -4.524288228712976
53 : -1.1210729009471834
54 : -1.3314256444573402
55 : -1.2634906778112054
56 : -1.6458508940413594
57 : -0.18016543565317988
58 : -3.5061112828552723
59 : -1.5792264183983207
60 : 3.4632996862055734
61 : -1.3895109500735998
62 : -1.3474538144655526
63 : 3.0311456881463528
64 : -1.2177917920053005
65 : -0.24174028169363737
66 : -1.705012152902782
67 : -3.577161142602563
68 : -1.7345281578600407
69 : -0.24850289337337017
70 : -1.0966450502164662
71 : -1.4062199238687754
72 : 0.9121293958742172
73 : 0.24159201979637146
74 : 2.0777897583320737
75 : -1.38206257391721
76 : -1.4437249924521893
77 : -0.8221931643784046
78 : 3.131647754460573
79 : -1.278608338907361
80 : -0.5448981253430247
81 : -1.2303826827555895
82 : -0.8662225254811347
83 : -4.696713893907145
84 : -8.591643784195185
85 : -1.5220077398698777
86 : -0.9632522282190621
87 : -0.7357840221375227
88 : -0.4663110105320811
89 : -1.1297571063041687
90 : 1.3224721662700176
91 : -0.4295065999031067
92 : -1.5357898604124784
93 : -1.7897591567598283
94 : -1.2795960628427565
95 : -1.285016618669033
96 : 0.22384950891137123
97 : -1.133099869824946
98 : 2.354196846485138
99 : -0.9587628608569503
100 : -2.9840346351265907
101 : -1.318386709317565
102 : -0.8797042979858816
103 : 2.416984837502241
104 : -0.8362486660480499
105 : -2.560880950768478
106 : -2.2072424474172294
107 : -1.097531262319535
108 : -1.9955671578645706
109 : -1.1081250291317701
110 : 0.4175078975968063
111 : 0.45100021502003074
112 : -1.6601098347455263
113 : -1.3035913151688874
114 : -1.7350257178768516
115 : -0.8190481653437018
116 : -1.4834930710494518
117 : -2.8341272100806236
118 : -1.4027282809838653
119 : 8.054477546364069
120 : 0.5648640692234039
121 : -1.0841519143432379
122 : -1.4203629903495312
123 : -0.9680509474128485
124 : -1.6495160087943077
125 : 4.810867166146636
126 : -1.3035597023554146
127 : -1.8202638663351536
128 : -0.27174682123586535
129 : -1.6519663874059916
130 : 2.4899537754245102
131 : -2.505671408958733
132 : -1.629900312051177
133 : -0.5066697029396892
134 : 10.859080067835748
135 : -1.7984872879460454
136 : -0.9462006241083145
137 : -1.6064562313258648
138 : -7.230304362252355
139 : -1.4048159359954298
140 : -0.8838021322153509
141 : -1.4436345919966698
142 : -0.6632930804044008
143 : -1.6189699391834438
144 : -1.309345444664359
145 : -1.0089990636333823
146 : -1.765162518946454
147 : -0.9759905692189932
148 : -1.2655673882982228
149 : -2.5256533855572343
150 : -1.5008314163424075
151 : -0.943125769495964
152 : -1.1265641609206796
153 : -1.4585411623120308
154 : -1.6150877587497234
155 : -2.048578684218228
156 : -1.486685921321623
157 : -1.6051390189677477
158 : -1.2447439678944647
159 : -1.3899852577596903
160 : -1.7591150309890509
161 : -1.3144414369016886
162 : 0.17467888235114515
163 : -0.7459929431788623
164 : -0.7280473941937089
165 : -0.9938655458390713
166 : -1.2833208325318992
167 : -0.8578227455727756
168 : -4.976816283538938
169 : -1.4115124074742198
170 : -1.0717844464816153
171 : -0.9930114261806011
172 : -4.2514789865817875
173 : -1.0250158510170877
174 : -1.2289507631212473
175 : -0.7412893269211054
176 : -1.4180143056437373
177 : -1.6144458703929558
178 : -4.974755525588989
179 : -3.9464425398036838
180 : -1.025434385985136
181 : 0.24745022505521774
182 : -0.8451101609971374
183 : 0.1427584756165743
184 : -4.911547034978867
185 : -0.902210172265768
186 : -5.276149162091315
187 : 2.226497171446681
188 : -1.248366355895996
189 : -1.408610723912716
190 : -2.6216619117185473
191 : 1.8108733417466283
192 : 2.767435109242797
193 : 0.23733124369755387
194 : -1.9729995289817452
195 : 1.1423519612289965
196 : -1.4914088575169444
197 : 0.45432340912520885
198 : -0.9271332724019885
199 : -1.159677421208471
200 : 1.0503133060410619
201 : -3.5298212682828307
202 : -3.9208781854249537
203 : -1.8201418817043304
204 : -3.249960538931191
205 : -1.3252077512443066
206 : -0.6723397858440876
207 : 5.202229991671629
208 : -1.114402563078329
209 : -1.3216749103739858
210 : -1.335926842642948
211 : -0.5687379627488554
212 : -1.0157504077069461
213 : -2.309246401535347
214 : -3.797992948908359
215 : -2.085277928505093
216 : -0.6295179091393948
217 : -6.55304707493633
218 : -1.0837749666534364
219 : -1.546968084294349
220 : -1.2974281515926123
221 : -0.5805469052866101
222 : -1.0865757204592228
223 : -0.5507667157799006
224 : -2.0443812012672424
225 : -1.44096003100276
226 : -1.9087895047850907
227 : -2.3281309376470745
228 : -1.5208541136234999
229 : -1.0086396678816527
230 : -1.8971781409345567
231 : -1.6275642663240433
232 : -0.9560331613756716
233 : -1.537702165544033
234 : -1.7085771802812815
235 : -1.3772678039968014
236 : -1.1259383782744408
237 : -1.9830417409539223
238 : -0.6626786272972822
239 : -0.9143735952675343
240 : -1.4168549843598157
241 : -2.2405338315293193
242 : -0.6086589903570712
243 : -1.1585876243188977
244 : -2.4734843717887998
245 : -0.8188589825294912
246 : -1.213105570524931
247 : 0.18006739160045981
248 : 2.2153896777890623
249 : -1.0236632167361677
250 : 9.749410529620945
251 : -1.8871502904221416
252 : -1.5899568661116064
253 : -1.706874080002308
254 : -0.5355375781655312
255 : -4.757426508702338
256 : -4.548310090787709
257 : -0.8221017247997224
258 : -0.05518606770783663
259 : 8.326830541715026
260 : -1.3000460057519376
261 : -3.4170823451131582
262 : -1.5908193150535226
263 : -1.0860400836681947
264 : -5.199994493741542
265 : -1.723354496061802
266 : -0.6867194101214409
267 : -1.212531827040948
268 : -1.4074346702545881
269 : -1.4005950051359832
270 : -0.8938771449029446
271 : -3.020268864929676
272 : -3.971198294777423
273 : 1.9841411486268044
274 : -3.1539221755228937
275 : 6.007908237166703
276 : 3.0472675380297005
277 : 0.39326031203381717
278 : -2.3402653727680445
279 : -2.4765118286013603
280 : -0.6609418876469135
281 : -1.3480061390437186
282 : -2.2434865310788155
283 : -3.1832127342931926
284 : 1.5931608323007822
285 : -0.8041650620289147
286 : -1.1771022826433182
287 : 0.18879027024377137
288 : -0.713690472766757
289 : -0.799444891512394
290 : -4.176125258207321
291 : -1.2478978466242552
292 : -2.083336763083935
293 : -1.4186350852251053
294 : -3.902322566136718
295 : -1.4041827009059489
296 : -1.3511417489498854
297 : -3.4051619801903144
298 : -1.836551807820797
299 : -1.063982743769884
300 : 2.279290937818587
301 : -1.6121152136474848
302 : -0.9660419011488557
303 : -0.8626719247549772
304 : -1.7845375277101994
305 : -0.8035191111266613
306 : -1.1475406344980001
307 : -1.7559682074934244
308 : -0.9601284377276897
309 : -0.9922713581472635
310 : -1.0508417505770922
311 : -2.320525562390685
312 : -0.5420137427281588
313 : -1.6992223672568798
314 : -3.928710217354819
315 : 3.17038528714329
316 : -2.636991505511105
317 : -1.268004002980888
318 : -1.5082479706034064
319 : -4.324219292029738
320 : 1.2227128015365452
321 : -2.859005583450198
322 : -0.9241784121841192
323 : 2.2018791399896145
324 : 1.4571442939341068
325 : -1.760587863624096
326 : 0.38335072714835405
327 : -2.645594133064151
328 : -0.44060180336236954
329 : -2.09708159416914
330 : -6.177955894730985
331 : -1.9425040138885379
332 : -0.4339009248651564
333 : -2.4540094574913383
334 : -0.7810383886098862
335 : -1.516183697618544
336 : -0.868321293964982
337 : 3.2198180239647627
338 : -1.3225064338184893
339 : 0.49397304467856884
340 : -1.320266004651785
341 : -0.961252011358738
342 : -0.8346291654743254
343 : 0.18691620789468288
344 : -1.8637130130082369
345 : 2.657210986944847
346 : -0.6333060786128044
347 : -1.083831918425858
348 : -7.4976003328338265
349 : 0.26251668902114034
350 : -2.7274582842364907
351 : -1.4929942544549704
352 : -0.4888554709032178
353 : -1.6026598141761497
354 : -0.2598339468240738
355 : -3.4591247742064297
356 : -0.9754156013950706
357 : -0.9187837084755301
358 : -2.880144488066435
359 : -1.4857942601665854
360 : -0.68427988095209
361 : -1.4905697517096996
362 : -1.809260943904519
363 : 6.970781764946878
364 : -4.972187890671194
365 : -11.3152503115125
366 : -3.5359212257899344
367 : -1.3563182959333062
368 : -1.807671647053212
369 : -2.112498752772808
370 : -0.1307747766841203
371 : 0.13963140361011028
372 : -1.0502456286922097
373 : -0.1875878586433828
374 : -1.0137776066549122
375 : -0.9947611303068697
376 : -0.9394606687128544
377 : -1.753583049401641
378 : 3.028775457292795
379 : -2.1001605577766895
380 : -2.873176926281303
381 : -2.08673996059224
382 : -3.4603127697482705
383 : -1.2195368837565184
384 : -2.7859183084219694
385 : 3.139532160013914
386 : -1.235287900082767
387 : -1.340087654069066
388 : 1.0433510802686214
389 : -1.25681640394032
390 : -1.6347940494306386
391 : -1.6077193743549287
392 : -1.884033389389515
393 : -1.5081903748214245
394 : -1.8542871605604887
395 : -1.3469523126259446
396 : 6.672227496281266
397 : -0.1938992808572948
398 : 0.9002505596727133
399 : -1.6056584022007883
400 : 1.0712214061059058
401 : -1.2932989858090878
402 : -1.8302380485692993
403 : 1.0600822872947901
404 : -1.6755734384059906
405 : -1.6065381456864998
406 : -1.6357068456709385
407 : -0.7909599086269736
408 : -0.3051493838429451
409 : -1.680400788784027
410 : -1.0714492006227374
411 : -1.0788887850940228
412 : 10.61056503211148
413 : 1.7297078114934266
414 : -1.606410313397646
415 : 2.638686705380678
416 : -1.1921221478842199
417 : -8.988124065566808
418 : -1.6963741853833199
419 : -4.588474860414863
420 : -1.7380425073206425
421 : -0.12618482252582908
422 : -1.747744495049119
423 : -2.0755921909585595
424 : -1.4720386750996113
425 : -1.0241632927209139
426 : -1.4763130033388734
427 : -1.6715926006436348
428 : -3.2893022359348834
429 : 0.1614682541694492
430 : -1.2797489939257503
431 : -1.5468156794086099
432 : -1.9050164595246315
433 : -1.6730837970972061
434 : -2.8889144288841635
435 : 5.6284579345956445
436 : -1.108186406083405
437 : 0.17214126302860677
438 : -1.370135105215013
439 : -1.7361117079854012
440 : -1.4756532534956932
441 : -1.6198649741709232
442 : -1.564390123821795
443 : -1.5236501190811396
444 : 2.68581107002683
445 : 1.381756030023098
446 : -1.531139299273491
447 : -0.8733307477086782
448 : -1.2746266978792846
449 : 0.28492356510832906
450 : -1.9996064892038703
451 : -0.3039648993872106
452 : 0.38596714893355966
453 : -1.54634172283113
454 : -1.4805319816805422
455 : -2.6035268045961857
456 : -0.7630090177990496
457 : -1.4446569383144379
458 : -0.7219076866749674
459 : -2.155221682973206
460 : -1.0269108447246253
461 : -1.689802901353687
462 : 1.4805029733106494
463 : -1.5675468258559704
464 : -1.2744111325591803
465 : -1.260172517504543
466 : -0.3272190522402525
467 : -1.7841962538659573
468 : 0.9043534458614886
469 : -4.806975425221026
470 : -11.201411101967096
471 : -1.6714881150983274
472 : -6.109851099550724
473 : 2.880231074988842
474 : -15.428698361385614
475 : -1.4374259244650602
476 : -3.1050142915919423
477 : -1.0863567842170596
478 : -1.6103267190046608
479 : 0.8384548909962177
480 : -2.933910369873047
481 : -1.4400020679458976
482 : -8.158805510029197
483 : -1.0581900253891945
484 : -1.7939503015950322
485 : -5.019250724464655
486 : -1.8010577270761132
487 : -1.3122368082404137
488 : -1.2599387718364596
489 : -2.067210389301181
490 : 5.548853050684556
491 : -1.8154405821114779
492 : -0.6133343568071723
493 : -2.4537145579233766
494 : -4.791534924414009
495 : -2.103282695636153
496 : -0.05912570841610432
497 : -4.5661626840010285
498 : -2.3970210443949327
499 : -6.348841242492199
500 : -2.0891278833150864
501 : -1.6508157830685377
502 : -3.1458160025067627
503 : 3.551408037892543
504 : 4.736966393422335
505 : -12.506794257089496
506 : -1.0936369174160063
507 : -2.432163598947227
508 : -5.727836727630347
509 : -1.7587082497775555
510 : 12.981596901081502
511 : -1.5799043979495764
512 : -1.618834137916565
513 : -5.6468975227326155
514 : -0.9901952976360917
515 : 2.8500001938082278
516 : -1.5516809383407235
517 : 4.53303789626807
518 : -0.7763600093312562
519 : 6.495473869377747
520 : 2.589389117434621
521 : -0.4686806427780539
522 : -0.9637895580381155
523 : -1.7119910381734371
524 : 3.504335004836321
525 : -0.565228562336415
526 : -0.9309834646992385
527 : -2.7803870285861194
528 : -1.4308410696685314
529 : -3.3798097539693117
530 : -3.9256033124402165
531 : -1.0917100564111024
532 : -0.8766742292791605
533 : -1.0323585462756455
534 : 1.1883046953007579
535 : -1.4308710806071758
536 : -1.380025568883866
537 : 1.770394419785589
538 : 0.18069072952494025
539 : -2.306199887301773
540 : -1.5138345267623663
541 : -0.21997850155457854
542 : -1.127399838063866
543 : -2.5390354404225945
544 : -2.1945133144035935
545 : -1.0056788991205394
546 : -3.6928792130202055
547 : -1.4302215855568647
548 : -0.817644027993083
549 : -1.2595825815806165
550 : -3.8194915391504765
551 : -0.7059421325102448
552 : -1.545608944259584
553 : -1.859808508772403
554 : -1.1096369326114655
555 : -0.5525171160697937
556 : -2.0697586149908602
557 : -7.363705005962402
558 : -2.279471531510353
559 : -1.6931355688720942
560 : -1.5051182368770242
561 : 3.8509023999795318
562 : -1.9563880115747452
563 : -2.150432773400098
564 : -1.3672051904723048
565 : -1.4413105957210064
566 : 4.440955866128206
567 : 2.1854872587136924
568 : -0.6915904339402914
569 : -1.7288506850600243
570 : -3.2880476526916027
571 : -1.3485465748235583
572 : -3.349697525292868
573 : -1.1113853184506297
574 : -1.5589061435312033
575 : -0.8633767873980105
576 : 2.2263996466062963
577 : -1.3676579524762928
578 : -0.034429971128702164
579 : -2.852336839772761
580 : -1.8726963894441724
581 : -1.0327866063453257
582 : -1.395398403517902
583 : -1.0432021673768759
584 : -1.7864437946118414
585 : -12.332974701654166
586 : -1.4172863606363535
587 : -0.5993792512454093
588 : -2.0989013575017452
589 : -2.5858710487373173
590 : 3.3286647549830377
591 : -1.2890162449330091
592 : -1.3746177954599261
593 : -1.022123632952571
594 : -6.967453446239233
595 : -0.7339358846656978
596 : -1.8996026813983917
597 : 0.6520210751332343
598 : 7.114268626086414
599 : -0.1287094196304679
600 : -1.062390323728323
601 : 8.930432566441596
602 : -0.7728033065795898
603 : -0.9416391998529434
604 : -1.9341638730838895
605 : -1.6199899413622916
606 : 3.8908547814935446
607 : -1.144875781610608
608 : -0.9777409131638706
609 : -3.6835716422647238
610 : -1.750426565296948
611 : 6.565449923276901
612 : 1.2152565829455853
613 : -2.8096364736557007
614 : -0.7814301429316401
615 : -0.9305111970752478
616 : 0.2077731117606163
617 : -1.8358686473220587
618 : -0.14357020519673824
619 : -2.792068962007761
620 : -1.7524590194225311
621 : -0.6348928585648537
622 : -10.591252480633557
623 : -0.4475681930780411
624 : -2.9392427718266845
625 : -0.31126853358000517
626 : -2.941800145432353
627 : -6.200865142047405
628 : -9.529768627136946
629 : -0.8645321507938206
630 : -1.6633887987118214
631 : -1.5970906149595976
632 : -0.2676567053422332
633 : -0.8882286543957889
634 : -1.8172154948115349
635 : 2.071824349462986
636 : -1.8160004559904337
637 : -1.011482510715723
638 : -3.8342878809198737
639 : 4.168780575506389
640 : -0.4298389577306807
641 : -0.5198939554393291
642 : -0.6366651663556695
643 : 4.576337491162121
644 : -1.1397269628942013
645 : -1.4546566531062126
646 : -2.605446274392307
647 : -0.7235098723322153
648 : -6.947730102576315
649 : -1.9842447247356176
650 : -0.7300013769418001
651 : -0.06370668858289719
652 : -2.9471201598644257
653 : 0.15154293819796294
654 : -1.0480456654913723
655 : -2.1358967013657093
656 : -0.6149300066754222
657 : 1.5402246373705566
658 : 0.28493015840649605
659 : -1.7941682618111372
660 : -1.0696005985373631
661 : -2.608112119138241
662 : -3.8130533238872886
663 : -1.5352962873876095
664 : -8.603907122742385
665 : -1.559635589364916
666 : -1.176806977018714
667 : -2.229599808808416
668 : -3.2250493257306516
669 : 2.475855438038707
670 : -5.436211510561407
671 : 0.04810572601854801
672 : -1.3195815030485392
673 : -1.3598039243370295
674 : -1.3811829020269215
675 : 3.5541997079271823
676 : -1.0192199312150478
677 : -0.9113351078704
678 : -1.5476325582712889
679 : 2.4580848896875978
680 : -2.4800416976213455
681 : -3.5117389541119337
682 : -5.342576161026955
683 : -1.0416940310969949
684 : 4.934020661283284
685 : -1.2993402029387653
686 : -1.217551935929805
687 : -0.1916778968879953
688 : -2.696163861313835
689 : 0.3102554203942418
690 : -19.55531504098326
691 : -1.2210135511122644
692 : -2.388193167746067
693 : -16.821264075115323
694 : -1.459525665268302
695 : -1.5618052019272
696 : 0.21391143556684256
697 : -1.2720356928184628
698 : -5.844869279302657
699 : -7.0328813516534865
700 : -7.52429097564891
701 : -0.5566857596859336
702 : -4.567307462915778
703 : -6.698449298739433
704 : -1.792919673025608
705 : -0.9118376835249364
706 : -1.7265358651056886
707 : 7.765543014276773
708 : -2.754667949862778
709 : -6.897337146103382
710 : -3.470518290065229
711 : -1.145988351199776
712 : -0.9474786734208465
713 : -0.4591460395604372
714 : -1.7357229385524988
715 : -5.859592605382204
716 : -1.1552610145881772
717 : -1.0361723629757762
718 : -1.902836780063808
719 : -9.098524981178343
720 : -1.1855819430202246
721 : -4.540623875334859
722 : -6.966764404438436
723 : -1.4643279276788235
724 : -1.460680054500699
725 : -1.7837532311677933
726 : -2.6002872581593692
727 : -1.150494758039713
728 : 2.772868830244988
729 : 9.117718918249011
730 : -4.074554525315762
731 : -4.211819967254996
732 : -1.4354244039859623
733 : -1.0805177006404847
734 : 0.585657574236393
735 : -4.3829783499240875
736 : -0.7378240667749196
737 : 9.99008182156831
738 : -7.126156606245786
739 : 0.0721042538061738
740 : 0.6391719314269722
741 : -1.1683143842965364
742 : -6.833225718699396
743 : -3.181517418473959
744 : 0.766284644138068
745 : 1.0485867597162724
746 : 0.7551619485020638
747 : 2.717516826582141
748 : -1.1167290126904845
749 : 2.5983575163409114
750 : -1.0826581874862313
751 : -1.0950209768489003
752 : -1.095086319372058
753 : -1.0511182229965925
754 : 0.9051062325015664
755 : -0.2686456385999918
756 : 2.0144125148653984
757 : -0.8300005127675831
758 : -7.566468186676502
759 : -1.3478625882416964
760 : -1.9594940105453134
761 : 0.1887595560401678
762 : 12.79805198032409
763 : -0.9138502981513739
764 : -2.0197310647927225
765 : -1.6256551090627909
766 : -4.347891632467508
767 : 1.8250575419515371
768 : -0.34532703645527363
769 : 1.354659914970398
770 : -2.3844413908664137
771 : -1.7830712273716927
772 : -0.9526014709845185
773 : 0.47699863743036985
774 : -1.3235542811453342
775 : -3.3678812980651855
776 : -0.8935802262276411
777 : -4.0641086883842945
778 : -1.0347932721488178
779 : -0.19259097753092647
780 : -1.2751536229625344
781 : -1.8554598414339125
782 : 3.6776092061772943
783 : -4.111604809761047
784 : -1.4498136099427938
785 : 1.1611013159854338
786 : -1.8591971583664417
787 : 1.247951550874859
788 : -0.8437891723588109
789 : -1.0291043827310205
790 : -1.2579653160646558
791 : 3.3746534511446953
792 : 0.5006967425579205
793 : -1.7917053028941154
794 : -1.7166642504744232
795 : -0.8517472981475294
796 : -0.4292787788435817
797 : -6.177975659258664
798 : -7.854172593448311
799 : 2.547649403102696
800 : 10.390338690718636
801 : 5.304134961217642
802 : -0.7668089251965284
803 : -0.8284007895272225
804 : -5.991950744763017
805 : -0.9064863827079535
806 : 0.39190683607012033
807 : 3.2837107584346086
808 : -1.6938223720062524
809 : -7.1226300820708275
810 : -1.1381137929856777
811 : 0.7010170640423894
812 : -1.1174357198178768
813 : 5.0912781823426485
814 : 1.2022696305066347
815 : -2.0310346046462655
816 : -3.618390177958645
817 : -1.8469929248094559
818 : -0.842626016587019
819 : -2.1870640898123384
820 : -0.2899032679852098
821 : 1.5753105748444796
822 : -1.6007484681904316
823 : -1.8209924209513701
824 : -0.6682151760905981
825 : -1.5362941659986973
826 : -4.187393330037594
827 : 0.8361224671825767
828 : -0.8976972037926316
829 : -3.778894716873765
830 : 1.1437162449583411
831 : -2.7933191899210215
832 : 7.719793451484293
833 : -2.2898588347015902
834 : -1.9028972759842873
835 : -1.9706605696119368
836 : -1.5755946850404143
837 : -1.4046124834567308
838 : -3.345520217437297
839 : -3.268736578989774
840 : 0.11516507156193256
841 : -3.531133320182562
842 : -0.83888447470963
843 : -8.56108725629747
844 : -0.33015038073062897
845 : -8.72427349165082
846 : -0.8543621911667287
847 : -1.2332942311186343
848 : -2.9066528067924082
849 : -2.7574325599707663
850 : -1.8123080683872104
851 : -1.463286634767428
852 : -11.604370863875374
853 : -1.9270247556269169
854 : 16.899795699864626
855 : 0.4449350484646857
856 : -1.9379911627620459
857 : -0.9724464034661651
858 : -1.4537487246561795
859 : -0.4840023838914931
860 : -0.030695462599396706
861 : -0.8729615090414882
862 : -0.8038819301873446
863 : 5.0621114848181605
864 : -0.9764774879440665
865 : -1.8528181985020638
866 : -1.6436109207570553
867 : -1.7074988838285208
868 : -2.283520855009556
869 : 0.44513766351155937
870 : -1.6484282775782049
871 : -0.7998933987691998
872 : -1.58025077637285
873 : 0.5989463086007163
874 : -3.4106344832107425
875 : -3.836111991899088
876 : -1.2083303174003959
877 : -0.41573360189795494
878 : -1.3457416794262826
879 : -1.4680489618331194
880 : -6.940040424931794
881 : -14.043442183174193
882 : -0.022998832631856203
883 : 0.19221631158143282
884 : -2.128883857280016
885 : -2.1959861300420016
886 : -2.5014592967927456
887 : 14.888605929911137
888 : -1.6265622898936272
889 : -1.5142750032246113
890 : -1.4423800925724208
891 : -6.097028625197709
892 : 0.5855137417092919
893 : -1.5203922716900706
894 : -6.998431749641895
895 : -1.2959950780496001
896 : -0.7119022184051573
897 : -3.5903232869459316
898 : 4.295734513550997
899 : -2.2091031540185213
900 : 3.5303925932385027
901 : -3.4234163742512465
902 : 5.58297473192215
903 : 1.6451149750500917
904 : 0.11485525080934167
905 : -1.8472059201449156
906 : 4.947858235100284
907 : -1.5541694671846926
/home/j/jensenj/.local/lib/python3.6/site-packages/numpy/core/_methods.py:160: RuntimeWarning: invalid value encountered in reduce
  ret = umr_sum(arr, axis, dtype, out, keepdims)
[W 2020-06-24 04:41:52,741] Setting status of trial#171 as TrialState.FAIL because of the following error: RuntimeError('The observations provided had NaN values.',)
Traceback (most recent call last):
  File "/home/j/jensenj/.local/lib/python3.6/site-packages/optuna/study.py", line 734, in _run_trial
    result = func(trial)
  File "main-optuna.py", line 88, in objective
    returns = [episode(env, agent, params, writer, i) for i in range(training_episodes)]
  File "main-optuna.py", line 88, in <listcomp>
    returns = [episode(env, agent, params, writer, i) for i in range(training_episodes)]
  File "main-optuna.py", line 28, in episode
    next_state, reward, done, _ = env.step(action.numpy()[0])
  File "/home/j/jensenj/.local/lib/python3.6/site-packages/gym_unity/envs/__init__.py", line 177, in step
    self._env.step()
  File "/home/j/jensenj/.local/lib/python3.6/site-packages/mlagents_envs/timers.py", line 305, in wrapped
    return func(*args, **kwargs)
  File "/home/j/jensenj/.local/lib/python3.6/site-packages/mlagents_envs/environment.py", line 319, in step
    self._update_state(rl_output)
  File "/home/j/jensenj/.local/lib/python3.6/site-packages/mlagents_envs/environment.py", line 275, in _update_state
    agent_info_list, self._env_specs[brain_name]
  File "/home/j/jensenj/.local/lib/python3.6/site-packages/mlagents_envs/timers.py", line 305, in wrapped
    return func(*args, **kwargs)
  File "/home/j/jensenj/.local/lib/python3.6/site-packages/mlagents_envs/rpc_utils.py", line 188, in steps_from_proto
    obs_index, obs_shape, decision_agent_info_list
  File "/home/j/jensenj/.local/lib/python3.6/site-packages/mlagents_envs/timers.py", line 305, in wrapped
    return func(*args, **kwargs)
  File "/home/j/jensenj/.local/lib/python3.6/site-packages/mlagents_envs/rpc_utils.py", line 152, in _process_vector_observation
    _raise_on_nan_and_inf(np_obs, "observations")
  File "/home/j/jensenj/.local/lib/python3.6/site-packages/mlagents_envs/rpc_utils.py", line 130, in _raise_on_nan_and_inf
    raise RuntimeError(f"The {source} provided had NaN values.")
RuntimeError: The observations provided had NaN values.
Traceback (most recent call last):
  File "main-optuna.py", line 103, in <module>
    study.optimize(objective, n_trials=1000)
  File "/home/j/jensenj/.local/lib/python3.6/site-packages/optuna/study.py", line 339, in optimize
    func, n_trials, timeout, catch, callbacks, gc_after_trial, None
  File "/home/j/jensenj/.local/lib/python3.6/site-packages/optuna/study.py", line 682, in _optimize_sequential
    self._run_trial_and_callbacks(func, catch, callbacks, gc_after_trial)
  File "/home/j/jensenj/.local/lib/python3.6/site-packages/optuna/study.py", line 713, in _run_trial_and_callbacks
    trial = self._run_trial(func, catch, gc_after_trial)
  File "/home/j/jensenj/.local/lib/python3.6/site-packages/optuna/study.py", line 734, in _run_trial
    result = func(trial)
  File "main-optuna.py", line 88, in objective
    returns = [episode(env, agent, params, writer, i) for i in range(training_episodes)]
  File "main-optuna.py", line 88, in <listcomp>
    returns = [episode(env, agent, params, writer, i) for i in range(training_episodes)]
  File "main-optuna.py", line 28, in episode
    next_state, reward, done, _ = env.step(action.numpy()[0])
  File "/home/j/jensenj/.local/lib/python3.6/site-packages/gym_unity/envs/__init__.py", line 177, in step
    self._env.step()
  File "/home/j/jensenj/.local/lib/python3.6/site-packages/mlagents_envs/timers.py", line 305, in wrapped
    return func(*args, **kwargs)
  File "/home/j/jensenj/.local/lib/python3.6/site-packages/mlagents_envs/environment.py", line 319, in step
    self._update_state(rl_output)
  File "/home/j/jensenj/.local/lib/python3.6/site-packages/mlagents_envs/environment.py", line 275, in _update_state
    agent_info_list, self._env_specs[brain_name]
  File "/home/j/jensenj/.local/lib/python3.6/site-packages/mlagents_envs/timers.py", line 305, in wrapped
    return func(*args, **kwargs)
  File "/home/j/jensenj/.local/lib/python3.6/site-packages/mlagents_envs/rpc_utils.py", line 188, in steps_from_proto
    obs_index, obs_shape, decision_agent_info_list
  File "/home/j/jensenj/.local/lib/python3.6/site-packages/mlagents_envs/timers.py", line 305, in wrapped
    return func(*args, **kwargs)
  File "/home/j/jensenj/.local/lib/python3.6/site-packages/mlagents_envs/rpc_utils.py", line 152, in _process_vector_observation
    _raise_on_nan_and_inf(np_obs, "observations")
  File "/home/j/jensenj/.local/lib/python3.6/site-packages/mlagents_envs/rpc_utils.py", line 130, in _raise_on_nan_and_inf
    raise RuntimeError(f"The {source} provided had NaN values.")
RuntimeError: The observations provided had NaN values.
Setting up 2 worker threads for Enlighten.
  Thread -> id: 7f2d452c9700 -> priority: 1 
  Thread -> id: 7f2d44ac8700 -> priority: 1 
2020-06-24 04:41:53 INFO [environment.py:418] Environment shut down with return code 0.
