Base path: 'C:/Program Files/Unity/Hub/Editor/2019.3.15f1/Editor/Data', plugins path 'C:/Program Files/Unity/Hub/Editor/2019.3.15f1/Editor/Data/PlaybackEngines'
Cmd: initializeCompiler
Cmd: compileComputeKernel
  api=4 insize=12109 outsize=1027 ok=1
Cmd: compileComputeKernel
  api=4 insize=11985 outsize=1465 ok=1
Cmd: compileComputeKernel
  api=4 insize=11985 outsize=1905 ok=1
Cmd: compileComputeKernel
  api=4 insize=11985 outsize=1502 ok=1
Cmd: compileComputeKernel
  api=4 insize=11985 outsize=1495 ok=1
Cmd: compileComputeKernel
  api=4 insize=11985 outsize=1616 ok=1
Cmd: compileComputeKernel
  api=4 insize=18301 outsize=2213 ok=1
Cmd: compileComputeKernel
  api=4 insize=18301 outsize=3156 ok=1
Cmd: compileComputeKernel
  api=4 insize=66874 outsize=2795 ok=1
Cmd: compileComputeKernel
  api=4 insize=66874 outsize=2631 ok=1
Cmd: compileComputeKernel
  api=4 insize=66874 outsize=2634 ok=1
Cmd: compileComputeKernel
  api=4 insize=66874 outsize=2077 ok=1
Cmd: compileComputeKernel
  api=4 insize=66874 outsize=1431 ok=1
Cmd: compileComputeKernel
  api=4 insize=66874 outsize=3271 ok=1
Cmd: compileComputeKernel
  api=4 insize=66874 outsize=1285 ok=1
Cmd: compileComputeKernel
  api=4 insize=66874 outsize=1682 ok=1
Cmd: compileComputeKernel
  api=4 insize=66874 outsize=1465 ok=1
Cmd: compileComputeKernel
  api=4 insize=66874 outsize=1547 ok=1
Cmd: compileComputeKernel
  api=4 insize=66874 outsize=1387 ok=1
Cmd: compileComputeKernel
  api=4 insize=66874 outsize=1819 ok=1
Cmd: compileComputeKernel
  api=4 insize=66874 outsize=1974 ok=1
Cmd: compileComputeKernel
  api=4 insize=66874 outsize=1848 ok=1
Cmd: compileComputeKernel
  api=4 insize=66874 outsize=1998 ok=1
Cmd: compileComputeKernel
  api=4 insize=66874 outsize=1394 ok=1
Cmd: compileComputeKernel
  api=4 insize=66874 outsize=3004 ok=1
Cmd: compileComputeKernel
  api=4 insize=66874 outsize=1750 ok=1
Cmd: compileComputeKernel
  api=4 insize=72903 outsize=5741 ok=1
Cmd: compileComputeKernel
  api=4 insize=34089 outsize=677 ok=1
Cmd: compileComputeKernel
  api=4 insize=34089 outsize=769 ok=1
Cmd: compileComputeKernel
  api=4 insize=34089 outsize=711 ok=1
Cmd: compileComputeKernel
  api=4 insize=34089 outsize=1094 ok=1
Cmd: compileComputeKernel
  api=4 insize=34089 outsize=855 ok=1
Cmd: compileComputeKernel
  api=4 insize=34089 outsize=677 ok=1
Cmd: compileComputeKernel
  api=4 insize=34089 outsize=759 ok=1
Cmd: compileComputeKernel
  api=4 insize=34089 outsize=777 ok=1
Cmd: compileComputeKernel
  api=4 insize=34089 outsize=1321 ok=1
Cmd: compileComputeKernel
  api=4 insize=34089 outsize=1524 ok=1
Cmd: compileComputeKernel
  api=4 insize=34089 outsize=1369 ok=1
Cmd: compileComputeKernel
  api=4 insize=34089 outsize=1442 ok=1
Cmd: compileComputeKernel
  api=4 insize=34089 outsize=1288 ok=1
Cmd: compileComputeKernel
  api=4 insize=34089 outsize=1221 ok=1
Cmd: compileComputeKernel
  api=4 insize=34089 outsize=1387 ok=1
Cmd: compileComputeKernel
  api=4 insize=79248 outsize=6364 ok=1
Cmd: compileComputeKernel
  api=4 insize=79248 outsize=22065 ok=1
Cmd: compileComputeKernel
  api=4 insize=79248 outsize=35778 ok=1
Cmd: compileComputeKernel
  api=4 insize=4442 outsize=1590 ok=1
Cmd: compileSnippet
  api=4 type=0 insize=1602 outsize=2002 kw=UNITY_PASS_FORWARDBASE DIRECTIONAL SHADOWS_SCREEN LIGHTPROBE_SH pd=UNITY_ENABLE_REFLECTION_BUFFERS UNITY_USE_DITHER_MASK_FOR_ALPHABLENDED_SHADOWS UNITY_PBS_USE_BRDF1 UNITY_SPECCUBE_BOX_PROJECTION UNITY_SPECCUBE_BLENDING UNITY_ENABLE_DETAIL_NORMALMAP SHADER_API_DESKTOP UNITY_COLORSPACE_GAMMA UNITY_LIGHT_PROBE_PROXY_VOLUME UNITY_LIGHTMAP_FULL_HDR ok=1
Cmd: compileSnippet
  api=4 type=1 insize=1602 outsize=7278 kw=UNITY_PASS_FORWARDBASE DIRECTIONAL SHADOWS_SCREEN LIGHTPROBE_SH _ALPHATEST_ON pd=UNITY_ENABLE_REFLECTION_BUFFERS UNITY_USE_DITHER_MASK_FOR_ALPHABLENDED_SHADOWS UNITY_PBS_USE_BRDF1 UNITY_SPECCUBE_BOX_PROJECTION UNITY_SPECCUBE_BLENDING UNITY_ENABLE_DETAIL_NORMALMAP SHADER_API_DESKTOP UNITY_COLORSPACE_GAMMA UNITY_LIGHT_PROBE_PROXY_VOLUME UNITY_LIGHTMAP_FULL_HDR ok=1
